[2025-07-19T18:20:01.508+0000] {taskinstance.py:1159} INFO - Dependencies all met for dep_context=non-requeueable deps ti=<TaskInstance: restaurant_pipeline.send_to_kafka scheduled__2025-07-19T18:18:00+00:00 [queued]>
[2025-07-19T18:20:01.512+0000] {taskinstance.py:1159} INFO - Dependencies all met for dep_context=requeueable deps ti=<TaskInstance: restaurant_pipeline.send_to_kafka scheduled__2025-07-19T18:18:00+00:00 [queued]>
[2025-07-19T18:20:01.512+0000] {taskinstance.py:1361} INFO - Starting attempt 1 of 1
[2025-07-19T18:20:01.517+0000] {taskinstance.py:1382} INFO - Executing <Task(BashOperator): send_to_kafka> on 2025-07-19 18:18:00+00:00
[2025-07-19T18:20:01.519+0000] {standard_task_runner.py:57} INFO - Started process 689 to run task
[2025-07-19T18:20:01.521+0000] {standard_task_runner.py:84} INFO - Running: ['***', 'tasks', 'run', 'restaurant_pipeline', 'send_to_kafka', 'scheduled__2025-07-19T18:18:00+00:00', '--job-id', '968', '--raw', '--subdir', 'DAGS_FOLDER/restaurant_pipeline.py', '--cfg-path', '/tmp/tmp52hos6p_']
[2025-07-19T18:20:01.522+0000] {standard_task_runner.py:85} INFO - Job 968: Subtask send_to_kafka
[2025-07-19T18:20:01.543+0000] {task_command.py:416} INFO - Running <TaskInstance: restaurant_pipeline.send_to_kafka scheduled__2025-07-19T18:18:00+00:00 [running]> on host e3f5d8fc4eef
[2025-07-19T18:20:01.581+0000] {taskinstance.py:1662} INFO - Exporting env vars: AIRFLOW_CTX_DAG_OWNER='moran' AIRFLOW_CTX_DAG_ID='restaurant_pipeline' AIRFLOW_CTX_TASK_ID='send_to_kafka' AIRFLOW_CTX_EXECUTION_DATE='2025-07-19T18:18:00+00:00' AIRFLOW_CTX_TRY_NUMBER='1' AIRFLOW_CTX_DAG_RUN_ID='scheduled__2025-07-19T18:18:00+00:00'
[2025-07-19T18:20:01.581+0000] {subprocess.py:63} INFO - Tmp dir root location: /tmp
[2025-07-19T18:20:01.581+0000] {subprocess.py:75} INFO - Running command: ['/bin/bash', '-c', 'python /opt/streaming/producer.py']
[2025-07-19T18:20:01.585+0000] {subprocess.py:86} INFO - Output:
[2025-07-19T18:20:03.795+0000] {subprocess.py:93} INFO - [✓] Sent to reservations: {'reservation_id': 8108, 'branch_id': 101, 'customer_name': 'Lindsey Abbott', 'phone_number': '717.419.7515x2342', 'reservation_date': '2025-07-19', 'reservation_time': '19:51', 'guests_count': 3, 'is_confirmed': True}
[2025-07-19T18:20:03.799+0000] {subprocess.py:93} INFO - [✓] Sent to reservations: {'reservation_id': 6194, 'branch_id': 102, 'customer_name': 'Michael Hunt', 'phone_number': '585-428-3177', 'reservation_date': '2025-07-19', 'reservation_time': '18:39', 'guests_count': 6, 'is_confirmed': True}
[2025-07-19T18:20:03.802+0000] {subprocess.py:93} INFO - [✓] Sent to reservations: {'reservation_id': 5735, 'branch_id': 101, 'customer_name': 'David Flores', 'phone_number': '(755)759-9581', 'reservation_date': '2025-07-19', 'reservation_time': '19:33', 'guests_count': 8, 'is_confirmed': False}
[2025-07-19T18:20:03.803+0000] {subprocess.py:93} INFO - [✓] Sent to checkins: {'checkin_id': 7244, 'customer_name': 'Cynthia Park', 'phone_number': '(906)716-5172x454', 'branch_id': 102, 'table_id': 204, 'is_prebooked': False, 'checkin_date': '2025-07-19', 'checkin_time': '17:12', 'guests_count': 6, 'shift_manager': 'Derrick Mccarty'}
[2025-07-19T18:20:03.805+0000] {subprocess.py:93} INFO - [✓] Sent to checkins: {'checkin_id': 8840, 'customer_name': 'Brandon Riggs', 'phone_number': '(430)983-2778x238', 'branch_id': 101, 'table_id': 203, 'is_prebooked': False, 'checkin_date': '2025-07-19', 'checkin_time': '17:08', 'guests_count': 5, 'shift_manager': 'Leroy Hernandez'}
[2025-07-19T18:20:03.807+0000] {subprocess.py:93} INFO - [✓] Sent to checkins: {'checkin_id': 7293, 'customer_name': 'Logan Montoya', 'phone_number': '(553)255-3793x1414', 'branch_id': 101, 'table_id': 203, 'is_prebooked': True, 'checkin_date': '2025-07-19', 'checkin_time': '17:12', 'guests_count': 5, 'shift_manager': 'John Combs'}
[2025-07-19T18:20:03.809+0000] {subprocess.py:93} INFO - [✓] Sent to feedback: {'feedback_id': 6070, 'branch_id': 101, 'customer_name': 'Sharon Smith', 'phone_number': '+1-886-974-6545x08685', 'feedback_text': 'Daughter design get should.', 'rating': 1, 'dining_date': '2025-07-19', 'dining_time': '16:33', 'submission_time': '2025-07-19T18:20:00'}
[2025-07-19T18:20:03.809+0000] {subprocess.py:93} INFO - [✓] Sent to feedback: {'feedback_id': 7084, 'branch_id': 101, 'customer_name': 'Dylan Carroll', 'phone_number': '+1-534-999-1935x189', 'feedback_text': 'Other phone affect situation represent write hope few.', 'rating': 2, 'dining_date': '2025-07-19', 'dining_time': '17:50', 'submission_time': '2025-07-19T18:20:00'}
[2025-07-19T18:20:03.810+0000] {subprocess.py:93} INFO - [✓] Sent to feedback: {'feedback_id': 3367, 'branch_id': 102, 'customer_name': 'Michael Adams', 'phone_number': '879-652-9921x859', 'feedback_text': 'Window book home camera smile.', 'rating': 4, 'dining_date': '2025-07-19', 'dining_time': '17:27', 'submission_time': '2025-07-19T18:20:00'}
[2025-07-19T18:20:03.810+0000] {subprocess.py:93} INFO - ✅ All messages sent.
[2025-07-19T18:20:03.846+0000] {subprocess.py:97} INFO - Command exited with return code 0
[2025-07-19T18:20:03.864+0000] {taskinstance.py:1400} INFO - Marking task as SUCCESS. dag_id=restaurant_pipeline, task_id=send_to_kafka, execution_date=20250719T181800, start_date=20250719T182001, end_date=20250719T182003
[2025-07-19T18:20:03.890+0000] {local_task_job_runner.py:228} INFO - Task exited with return code 0
[2025-07-19T18:20:03.917+0000] {taskinstance.py:2778} INFO - 1 downstream tasks scheduled from follow-on schedule check
