[2025-07-18T18:32:01.572+0000] {taskinstance.py:1159} INFO - Dependencies all met for dep_context=non-requeueable deps ti=<TaskInstance: restaurant_pipeline.send_to_kafka scheduled__2025-07-18T18:30:00+00:00 [queued]>
[2025-07-18T18:32:01.576+0000] {taskinstance.py:1159} INFO - Dependencies all met for dep_context=requeueable deps ti=<TaskInstance: restaurant_pipeline.send_to_kafka scheduled__2025-07-18T18:30:00+00:00 [queued]>
[2025-07-18T18:32:01.576+0000] {taskinstance.py:1361} INFO - Starting attempt 1 of 1
[2025-07-18T18:32:01.582+0000] {taskinstance.py:1382} INFO - Executing <Task(BashOperator): send_to_kafka> on 2025-07-18 18:30:00+00:00
[2025-07-18T18:32:01.584+0000] {standard_task_runner.py:57} INFO - Started process 3431 to run task
[2025-07-18T18:32:01.586+0000] {standard_task_runner.py:84} INFO - Running: ['***', 'tasks', 'run', 'restaurant_pipeline', 'send_to_kafka', 'scheduled__2025-07-18T18:30:00+00:00', '--job-id', '381', '--raw', '--subdir', 'DAGS_FOLDER/restaurant_pipeline.py', '--cfg-path', '/tmp/tmpay6w_4hj']
[2025-07-18T18:32:01.587+0000] {standard_task_runner.py:85} INFO - Job 381: Subtask send_to_kafka
[2025-07-18T18:32:01.611+0000] {task_command.py:416} INFO - Running <TaskInstance: restaurant_pipeline.send_to_kafka scheduled__2025-07-18T18:30:00+00:00 [running]> on host 9bcfb43e0ab7
[2025-07-18T18:32:01.646+0000] {taskinstance.py:1662} INFO - Exporting env vars: AIRFLOW_CTX_DAG_OWNER='moran' AIRFLOW_CTX_DAG_ID='restaurant_pipeline' AIRFLOW_CTX_TASK_ID='send_to_kafka' AIRFLOW_CTX_EXECUTION_DATE='2025-07-18T18:30:00+00:00' AIRFLOW_CTX_TRY_NUMBER='1' AIRFLOW_CTX_DAG_RUN_ID='scheduled__2025-07-18T18:30:00+00:00'
[2025-07-18T18:32:01.646+0000] {subprocess.py:63} INFO - Tmp dir root location: /tmp
[2025-07-18T18:32:01.647+0000] {subprocess.py:75} INFO - Running command: ['/bin/bash', '-c', 'python /opt/streaming/producer.py']
[2025-07-18T18:32:01.651+0000] {subprocess.py:86} INFO - Output:
[2025-07-18T18:32:03.927+0000] {subprocess.py:93} INFO - [✓] Sent to reservations: {'reservation_id': 5527, 'branch_id': 101, 'customer_name': 'Matthew Hughes', 'phone_number': '001-955-470-0741x4914', 'reservation_date': '2025-07-18', 'reservation_time': '19:50', 'guests_count': 5, 'is_confirmed': True}
[2025-07-18T18:32:03.931+0000] {subprocess.py:93} INFO - [✓] Sent to reservations: {'reservation_id': 1187, 'branch_id': 101, 'customer_name': 'Felicia Barker DVM', 'phone_number': '363.431.7419x8038', 'reservation_date': '2025-07-18', 'reservation_time': '20:08', 'guests_count': 2, 'is_confirmed': False}
[2025-07-18T18:32:03.931+0000] {subprocess.py:93} INFO - [✓] Sent to reservations: {'reservation_id': 5765, 'branch_id': 102, 'customer_name': 'Robin Avery', 'phone_number': '531-725-8949x016', 'reservation_date': '2025-07-18', 'reservation_time': '19:44', 'guests_count': 2, 'is_confirmed': True}
[2025-07-18T18:32:03.931+0000] {subprocess.py:93} INFO - [✓] Sent to checkins: {'checkin_id': 3369, 'customer_name': 'John Valencia', 'phone_number': '+1-390-612-9993x660', 'branch_id': 101, 'table_id': 208, 'is_prebooked': False, 'checkin_date': '2025-07-18', 'checkin_time': '17:01', 'guests_count': 2, 'shift_manager': 'David Dominguez'}
[2025-07-18T18:32:03.931+0000] {subprocess.py:93} INFO - [✓] Sent to checkins: {'checkin_id': 8963, 'customer_name': 'Roger Walls', 'phone_number': '+1-626-902-3808x8855', 'branch_id': 101, 'table_id': 206, 'is_prebooked': False, 'checkin_date': '2025-07-18', 'checkin_time': '16:54', 'guests_count': 4, 'shift_manager': 'David Pope'}
[2025-07-18T18:32:03.931+0000] {subprocess.py:93} INFO - [✓] Sent to checkins: {'checkin_id': 4096, 'customer_name': 'Abigail Leblanc', 'phone_number': '+1-559-756-9306x13275', 'branch_id': 102, 'table_id': 203, 'is_prebooked': True, 'checkin_date': '2025-07-18', 'checkin_time': '17:41', 'guests_count': 1, 'shift_manager': 'Austin Floyd'}
[2025-07-18T18:32:03.931+0000] {subprocess.py:93} INFO - [✓] Sent to feedback: {'feedback_id': 4102, 'branch_id': 101, 'customer_name': 'Karen Miller', 'phone_number': '+1-515-962-7382x739', 'feedback_text': 'Result necessary expect gas such together money.', 'rating': 2, 'dining_date': '2025-07-18', 'dining_time': '17:41', 'submission_time': '2025-07-18T18:32:00'}
[2025-07-18T18:32:03.932+0000] {subprocess.py:93} INFO - [✓] Sent to feedback: {'feedback_id': 7008, 'branch_id': 102, 'customer_name': 'Kerry Mata', 'phone_number': '865-926-0413x463', 'feedback_text': 'Serve effect involve century appear.', 'rating': 1, 'dining_date': '2025-07-18', 'dining_time': '18:01', 'submission_time': '2025-07-18T18:32:00'}
[2025-07-18T18:32:03.932+0000] {subprocess.py:93} INFO - [✓] Sent to feedback: {'feedback_id': 4319, 'branch_id': 101, 'customer_name': 'Brenda Stephens', 'phone_number': '881.838.7352x04658', 'feedback_text': 'Sense expect gun get ball.', 'rating': 1, 'dining_date': '2025-07-18', 'dining_time': '17:20', 'submission_time': '2025-07-18T18:32:00'}
[2025-07-18T18:32:03.932+0000] {subprocess.py:93} INFO - ✅ All messages sent.
[2025-07-18T18:32:03.966+0000] {subprocess.py:97} INFO - Command exited with return code 0
[2025-07-18T18:32:03.989+0000] {taskinstance.py:1400} INFO - Marking task as SUCCESS. dag_id=restaurant_pipeline, task_id=send_to_kafka, execution_date=20250718T183000, start_date=20250718T183201, end_date=20250718T183203
[2025-07-18T18:32:04.053+0000] {local_task_job_runner.py:228} INFO - Task exited with return code 0
[2025-07-18T18:32:04.084+0000] {taskinstance.py:2778} INFO - 1 downstream tasks scheduled from follow-on schedule check
