[2025-07-18T15:26:05.277+0000] {taskinstance.py:1159} INFO - Dependencies all met for dep_context=non-requeueable deps ti=<TaskInstance: restaurant_pipeline.stream_to_bronze scheduled__2025-07-18T15:24:00+00:00 [queued]>
[2025-07-18T15:26:05.284+0000] {taskinstance.py:1159} INFO - Dependencies all met for dep_context=requeueable deps ti=<TaskInstance: restaurant_pipeline.stream_to_bronze scheduled__2025-07-18T15:24:00+00:00 [queued]>
[2025-07-18T15:26:05.284+0000] {taskinstance.py:1361} INFO - Starting attempt 1 of 1
[2025-07-18T15:26:05.292+0000] {taskinstance.py:1382} INFO - Executing <Task(BashOperator): stream_to_bronze> on 2025-07-18 15:24:00+00:00
[2025-07-18T15:26:05.295+0000] {standard_task_runner.py:57} INFO - Started process 334 to run task
[2025-07-18T15:26:05.297+0000] {standard_task_runner.py:84} INFO - Running: ['***', 'tasks', 'run', 'restaurant_pipeline', 'stream_to_bronze', 'scheduled__2025-07-18T15:24:00+00:00', '--job-id', '102', '--raw', '--subdir', 'DAGS_FOLDER/restaurant_pipeline.py', '--cfg-path', '/tmp/tmpyxzedxhs']
[2025-07-18T15:26:05.298+0000] {standard_task_runner.py:85} INFO - Job 102: Subtask stream_to_bronze
[2025-07-18T15:26:05.330+0000] {task_command.py:416} INFO - Running <TaskInstance: restaurant_pipeline.stream_to_bronze scheduled__2025-07-18T15:24:00+00:00 [running]> on host 9bcfb43e0ab7
[2025-07-18T15:26:05.366+0000] {taskinstance.py:1662} INFO - Exporting env vars: AIRFLOW_CTX_DAG_OWNER='moran' AIRFLOW_CTX_DAG_ID='restaurant_pipeline' AIRFLOW_CTX_TASK_ID='stream_to_bronze' AIRFLOW_CTX_EXECUTION_DATE='2025-07-18T15:24:00+00:00' AIRFLOW_CTX_TRY_NUMBER='1' AIRFLOW_CTX_DAG_RUN_ID='scheduled__2025-07-18T15:24:00+00:00'
[2025-07-18T15:26:05.367+0000] {subprocess.py:63} INFO - Tmp dir root location: /tmp
[2025-07-18T15:26:05.367+0000] {subprocess.py:75} INFO - Running command: ['/bin/bash', '-c', 'docker exec spark-iceberg spark-submit /home/iceberg/spark/stream_to_bronze.py']
[2025-07-18T15:26:05.372+0000] {subprocess.py:86} INFO - Output:
[2025-07-18T15:26:07.582+0000] {subprocess.py:93} INFO - 25/07/18 15:26:07 INFO SparkContext: Running Spark version 3.5.6
[2025-07-18T15:26:07.586+0000] {subprocess.py:93} INFO - 25/07/18 15:26:07 INFO SparkContext: OS info Linux, 6.10.14-linuxkit, aarch64
[2025-07-18T15:26:07.588+0000] {subprocess.py:93} INFO - 25/07/18 15:26:07 INFO SparkContext: Java version 17.0.15
[2025-07-18T15:26:07.607+0000] {subprocess.py:93} INFO - 25/07/18 15:26:07 INFO ResourceUtils: ==============================================================
[2025-07-18T15:26:07.608+0000] {subprocess.py:93} INFO - 25/07/18 15:26:07 INFO ResourceUtils: No custom resources configured for spark.driver.
[2025-07-18T15:26:07.608+0000] {subprocess.py:93} INFO - 25/07/18 15:26:07 INFO ResourceUtils: ==============================================================
[2025-07-18T15:26:07.608+0000] {subprocess.py:93} INFO - 25/07/18 15:26:07 INFO SparkContext: Submitted application: StreamToBronze
[2025-07-18T15:26:07.623+0000] {subprocess.py:93} INFO - 25/07/18 15:26:07 INFO ResourceProfile: Default ResourceProfile created, executor resources: Map(cores -> name: cores, amount: 1, script: , vendor: , memory -> name: memory, amount: 1024, script: , vendor: , offHeap -> name: offHeap, amount: 0, script: , vendor: ), task resources: Map(cpus -> name: cpus, amount: 1.0)
[2025-07-18T15:26:07.627+0000] {subprocess.py:93} INFO - 25/07/18 15:26:07 INFO ResourceProfile: Limiting resource is cpu
[2025-07-18T15:26:07.628+0000] {subprocess.py:93} INFO - 25/07/18 15:26:07 INFO ResourceProfileManager: Added ResourceProfile id: 0
[2025-07-18T15:26:07.662+0000] {subprocess.py:93} INFO - 25/07/18 15:26:07 INFO SecurityManager: Changing view acls to: root,spark
[2025-07-18T15:26:07.662+0000] {subprocess.py:93} INFO - 25/07/18 15:26:07 INFO SecurityManager: Changing modify acls to: root,spark
[2025-07-18T15:26:07.663+0000] {subprocess.py:93} INFO - 25/07/18 15:26:07 INFO SecurityManager: Changing view acls groups to:
[2025-07-18T15:26:07.663+0000] {subprocess.py:93} INFO - 25/07/18 15:26:07 INFO SecurityManager: Changing modify acls groups to:
[2025-07-18T15:26:07.664+0000] {subprocess.py:93} INFO - 25/07/18 15:26:07 INFO SecurityManager: SecurityManager: authentication disabled; ui acls disabled; users with view permissions: root, spark; groups with view permissions: EMPTY; users with modify permissions: root, spark; groups with modify permissions: EMPTY
[2025-07-18T15:26:07.715+0000] {subprocess.py:93} INFO - 25/07/18 15:26:07 WARN NativeCodeLoader: Unable to load native-hadoop library for your platform... using builtin-java classes where applicable
[2025-07-18T15:26:07.872+0000] {subprocess.py:93} INFO - 25/07/18 15:26:07 INFO Utils: Successfully started service 'sparkDriver' on port 37791.
[2025-07-18T15:26:07.885+0000] {subprocess.py:93} INFO - 25/07/18 15:26:07 INFO SparkEnv: Registering MapOutputTracker
[2025-07-18T15:26:07.905+0000] {subprocess.py:93} INFO - 25/07/18 15:26:07 INFO SparkEnv: Registering BlockManagerMaster
[2025-07-18T15:26:07.912+0000] {subprocess.py:93} INFO - 25/07/18 15:26:07 INFO BlockManagerMasterEndpoint: Using org.apache.spark.storage.DefaultTopologyMapper for getting topology information
[2025-07-18T15:26:07.913+0000] {subprocess.py:93} INFO - 25/07/18 15:26:07 INFO BlockManagerMasterEndpoint: BlockManagerMasterEndpoint up
[2025-07-18T15:26:07.914+0000] {subprocess.py:93} INFO - 25/07/18 15:26:07 INFO SparkEnv: Registering BlockManagerMasterHeartbeat
[2025-07-18T15:26:07.924+0000] {subprocess.py:93} INFO - 25/07/18 15:26:07 INFO DiskBlockManager: Created local directory at /tmp/blockmgr-749f577a-7a0b-41d0-99db-8625f0464a40
[2025-07-18T15:26:07.930+0000] {subprocess.py:93} INFO - 25/07/18 15:26:07 INFO MemoryStore: MemoryStore started with capacity 434.4 MiB
[2025-07-18T15:26:07.938+0000] {subprocess.py:93} INFO - 25/07/18 15:26:07 INFO SparkEnv: Registering OutputCommitCoordinator
[2025-07-18T15:26:07.992+0000] {subprocess.py:93} INFO - 25/07/18 15:26:07 INFO JettyUtils: Start Jetty 0.0.0.0:4040 for SparkUI
[2025-07-18T15:26:08.018+0000] {subprocess.py:93} INFO - 25/07/18 15:26:08 WARN Utils: Service 'SparkUI' could not bind on port 4040. Attempting port 4041.
[2025-07-18T15:26:08.022+0000] {subprocess.py:93} INFO - 25/07/18 15:26:08 INFO Utils: Successfully started service 'SparkUI' on port 4041.
[2025-07-18T15:26:08.068+0000] {subprocess.py:93} INFO - 25/07/18 15:26:08 INFO Executor: Starting executor ID driver on host 77cb57a6bd53
[2025-07-18T15:26:08.069+0000] {subprocess.py:93} INFO - 25/07/18 15:26:08 INFO Executor: OS info Linux, 6.10.14-linuxkit, aarch64
[2025-07-18T15:26:08.069+0000] {subprocess.py:93} INFO - 25/07/18 15:26:08 INFO Executor: Java version 17.0.15
[2025-07-18T15:26:08.072+0000] {subprocess.py:93} INFO - 25/07/18 15:26:08 INFO Executor: Starting executor with user classpath (userClassPathFirst = false): ''
[2025-07-18T15:26:08.072+0000] {subprocess.py:93} INFO - 25/07/18 15:26:08 INFO Executor: Created or updated repl class loader org.apache.spark.util.MutableURLClassLoader@5450de83 for default.
[2025-07-18T15:26:08.082+0000] {subprocess.py:93} INFO - 25/07/18 15:26:08 INFO Utils: Successfully started service 'org.apache.spark.network.netty.NettyBlockTransferService' on port 32993.
[2025-07-18T15:26:08.082+0000] {subprocess.py:93} INFO - 25/07/18 15:26:08 INFO NettyBlockTransferService: Server created on 77cb57a6bd53:32993
[2025-07-18T15:26:08.082+0000] {subprocess.py:93} INFO - 25/07/18 15:26:08 INFO BlockManager: Using org.apache.spark.storage.RandomBlockReplicationPolicy for block replication policy
[2025-07-18T15:26:08.090+0000] {subprocess.py:93} INFO - 25/07/18 15:26:08 INFO BlockManagerMaster: Registering BlockManager BlockManagerId(driver, 77cb57a6bd53, 32993, None)
[2025-07-18T15:26:08.095+0000] {subprocess.py:93} INFO - 25/07/18 15:26:08 INFO BlockManagerMasterEndpoint: Registering block manager 77cb57a6bd53:32993 with 434.4 MiB RAM, BlockManagerId(driver, 77cb57a6bd53, 32993, None)
[2025-07-18T15:26:08.096+0000] {subprocess.py:93} INFO - 25/07/18 15:26:08 INFO BlockManagerMaster: Registered BlockManager BlockManagerId(driver, 77cb57a6bd53, 32993, None)
[2025-07-18T15:26:08.096+0000] {subprocess.py:93} INFO - 25/07/18 15:26:08 INFO BlockManager: Initialized BlockManager: BlockManagerId(driver, 77cb57a6bd53, 32993, None)
[2025-07-18T15:26:08.319+0000] {subprocess.py:93} INFO - 25/07/18 15:26:08 INFO SharedState: Setting hive.metastore.warehouse.dir ('null') to the value of spark.sql.warehouse.dir.
[2025-07-18T15:26:08.323+0000] {subprocess.py:93} INFO - 25/07/18 15:26:08 INFO SharedState: Warehouse path is 'file:/app/spark-warehouse'.
[2025-07-18T15:26:09.265+0000] {subprocess.py:93} INFO - 25/07/18 15:26:09 WARN MetricsConfig: Cannot locate configuration: tried hadoop-metrics2-s3a-file-system.properties,hadoop-metrics2.properties
[2025-07-18T15:26:09.271+0000] {subprocess.py:93} INFO - 25/07/18 15:26:09 INFO MetricsSystemImpl: Scheduled Metric snapshot period at 10 second(s).
[2025-07-18T15:26:09.271+0000] {subprocess.py:93} INFO - 25/07/18 15:26:09 INFO MetricsSystemImpl: s3a-file-system metrics system started
[2025-07-18T15:26:09.837+0000] {subprocess.py:93} INFO - 25/07/18 15:26:09 INFO BaseMetastoreCatalog: Table loaded by catalog: my_catalog.bronze.Reservations_raw
[2025-07-18T15:26:09.849+0000] {subprocess.py:93} INFO - 25/07/18 15:26:09 INFO StateStoreCoordinatorRef: Registered StateStoreCoordinator endpoint
[2025-07-18T15:26:09.874+0000] {subprocess.py:93} INFO - 25/07/18 15:26:09 INFO ResolveWriteToStream: Checkpoint root /tmp/checkpoints/reservations resolved to file:/tmp/checkpoints/reservations.
[2025-07-18T15:26:09.874+0000] {subprocess.py:93} INFO - 25/07/18 15:26:09 WARN ResolveWriteToStream: spark.sql.adaptive.enabled is not supported in streaming DataFrames/Datasets and will be disabled.
[2025-07-18T15:26:09.940+0000] {subprocess.py:93} INFO - 25/07/18 15:26:09 INFO MicroBatchExecution: Starting [id = 0314df7c-5598-4928-8d91-374ee67989d1, runId = 5efd7dd3-597c-4b84-be44-02e23713068f]. Use file:/tmp/checkpoints/reservations to store the query checkpoint.
[2025-07-18T15:26:09.948+0000] {subprocess.py:93} INFO - 25/07/18 15:26:09 INFO MicroBatchExecution: Reading table [org.apache.spark.sql.kafka010.KafkaSourceProvider$KafkaTable@c3167a2] from DataSourceV2 named 'kafka' [org.apache.spark.sql.kafka010.KafkaSourceProvider@37b66afd]
[2025-07-18T15:26:09.980+0000] {subprocess.py:93} INFO - 25/07/18 15:26:09 INFO OffsetSeqLog: BatchIds found from listing: 0, 1, 2, 3, 4, 5, 6
[2025-07-18T15:26:09.989+0000] {subprocess.py:93} INFO - 25/07/18 15:26:09 INFO OffsetSeqLog: Getting latest batch 6
[2025-07-18T15:26:10.006+0000] {subprocess.py:93} INFO - 25/07/18 15:26:10 INFO OffsetSeqLog: BatchIds found from listing: 0, 1, 2, 3, 4, 5, 6
[2025-07-18T15:26:10.007+0000] {subprocess.py:93} INFO - 25/07/18 15:26:10 INFO OffsetSeqLog: Getting latest batch 6
[2025-07-18T15:26:10.012+0000] {subprocess.py:93} INFO - 25/07/18 15:26:10 INFO CommitLog: BatchIds found from listing: 0, 1, 2, 3, 4, 5, 6
[2025-07-18T15:26:10.013+0000] {subprocess.py:93} INFO - 25/07/18 15:26:10 INFO CommitLog: Getting latest batch 6
[2025-07-18T15:26:10.014+0000] {subprocess.py:93} INFO - 25/07/18 15:26:10 INFO MicroBatchExecution: Resuming at batch 7 with committed offsets {KafkaV2[Subscribe[reservations]]: {"reservations":{"0":45}}} and available offsets {KafkaV2[Subscribe[reservations]]: {"reservations":{"0":45}}}
[2025-07-18T15:26:10.015+0000] {subprocess.py:93} INFO - 25/07/18 15:26:10 INFO MicroBatchExecution: Stream started from {KafkaV2[Subscribe[reservations]]: {"reservations":{"0":45}}}
[2025-07-18T15:26:10.024+0000] {subprocess.py:93} INFO - 25/07/18 15:26:10 INFO BaseMetastoreCatalog: Table loaded by catalog: my_catalog.bronze.Checkins_raw
[2025-07-18T15:26:10.027+0000] {subprocess.py:93} INFO - 25/07/18 15:26:10 INFO ResolveWriteToStream: Checkpoint root /tmp/checkpoints/checkins resolved to file:/tmp/checkpoints/checkins.
[2025-07-18T15:26:10.027+0000] {subprocess.py:93} INFO - 25/07/18 15:26:10 WARN ResolveWriteToStream: spark.sql.adaptive.enabled is not supported in streaming DataFrames/Datasets and will be disabled.
[2025-07-18T15:26:10.034+0000] {subprocess.py:93} INFO - 25/07/18 15:26:10 INFO MicroBatchExecution: Starting [id = a9a9b3af-d3c2-4704-81e0-4163831ae683, runId = 6ff00aa7-a6cd-4c32-8abc-fafeb5bdb1c3]. Use file:/tmp/checkpoints/checkins to store the query checkpoint.
[2025-07-18T15:26:10.035+0000] {subprocess.py:93} INFO - 25/07/18 15:26:10 INFO MicroBatchExecution: Reading table [org.apache.spark.sql.kafka010.KafkaSourceProvider$KafkaTable@5274cc4b] from DataSourceV2 named 'kafka' [org.apache.spark.sql.kafka010.KafkaSourceProvider@5cb339ad]
[2025-07-18T15:26:10.036+0000] {subprocess.py:93} INFO - 25/07/18 15:26:10 INFO OffsetSeqLog: BatchIds found from listing: 0, 1, 2, 3, 4, 5, 6, 7
[2025-07-18T15:26:10.038+0000] {subprocess.py:93} INFO - 25/07/18 15:26:10 INFO OffsetSeqLog: Getting latest batch 7
[2025-07-18T15:26:10.038+0000] {subprocess.py:93} INFO - 25/07/18 15:26:10 INFO OffsetSeqLog: BatchIds found from listing: 0, 1, 2, 3, 4, 5, 6, 7
[2025-07-18T15:26:10.038+0000] {subprocess.py:93} INFO - 25/07/18 15:26:10 INFO OffsetSeqLog: Getting latest batch 7
[2025-07-18T15:26:10.041+0000] {subprocess.py:93} INFO - 25/07/18 15:26:10 INFO CommitLog: BatchIds found from listing: 0, 1, 2, 3, 4, 5, 6, 7
[2025-07-18T15:26:10.042+0000] {subprocess.py:93} INFO - 25/07/18 15:26:10 INFO CommitLog: Getting latest batch 7
[2025-07-18T15:26:10.042+0000] {subprocess.py:93} INFO - 25/07/18 15:26:10 INFO MicroBatchExecution: Resuming at batch 8 with committed offsets {KafkaV2[Subscribe[checkins]]: {"checkins":{"0":45}}} and available offsets {KafkaV2[Subscribe[checkins]]: {"checkins":{"0":45}}}
[2025-07-18T15:26:10.042+0000] {subprocess.py:93} INFO - 25/07/18 15:26:10 INFO MicroBatchExecution: Stream started from {KafkaV2[Subscribe[checkins]]: {"checkins":{"0":45}}}
[2025-07-18T15:26:10.045+0000] {subprocess.py:93} INFO - 25/07/18 15:26:10 INFO AdminClientConfig: AdminClientConfig values:
[2025-07-18T15:26:10.047+0000] {subprocess.py:93} INFO - 	auto.include.jmx.reporter = true
[2025-07-18T15:26:10.048+0000] {subprocess.py:93} INFO - 	bootstrap.servers = [kafka:9092]
[2025-07-18T15:26:10.052+0000] {subprocess.py:93} INFO - 	client.dns.lookup = use_all_dns_ips
[2025-07-18T15:26:10.052+0000] {subprocess.py:93} INFO - 	client.id =
[2025-07-18T15:26:10.052+0000] {subprocess.py:93} INFO - 	connections.max.idle.ms = 300000
[2025-07-18T15:26:10.053+0000] {subprocess.py:93} INFO - 	default.api.timeout.ms = 60000
[2025-07-18T15:26:10.053+0000] {subprocess.py:93} INFO - 	metadata.max.age.ms = 300000
[2025-07-18T15:26:10.053+0000] {subprocess.py:93} INFO - 	metric.reporters = []
[2025-07-18T15:26:10.053+0000] {subprocess.py:93} INFO - 	metrics.num.samples = 2
[2025-07-18T15:26:10.053+0000] {subprocess.py:93} INFO - 	metrics.recording.level = INFO
[2025-07-18T15:26:10.053+0000] {subprocess.py:93} INFO - 	metrics.sample.window.ms = 30000
[2025-07-18T15:26:10.054+0000] {subprocess.py:93} INFO - 	receive.buffer.bytes = 65536
[2025-07-18T15:26:10.054+0000] {subprocess.py:93} INFO - 	reconnect.backoff.max.ms = 1000
[2025-07-18T15:26:10.054+0000] {subprocess.py:93} INFO - 	reconnect.backoff.ms = 50
[2025-07-18T15:26:10.054+0000] {subprocess.py:93} INFO - 	request.timeout.ms = 30000
[2025-07-18T15:26:10.054+0000] {subprocess.py:93} INFO - 	retries = 2147483647
[2025-07-18T15:26:10.054+0000] {subprocess.py:93} INFO - 	retry.backoff.ms = 100
[2025-07-18T15:26:10.055+0000] {subprocess.py:93} INFO - 	sasl.client.callback.handler.class = null
[2025-07-18T15:26:10.055+0000] {subprocess.py:93} INFO - 	sasl.jaas.config = null
[2025-07-18T15:26:10.055+0000] {subprocess.py:93} INFO - 	sasl.kerberos.kinit.cmd = /usr/bin/kinit
[2025-07-18T15:26:10.055+0000] {subprocess.py:93} INFO - 	sasl.kerberos.min.time.before.relogin = 60000
[2025-07-18T15:26:10.056+0000] {subprocess.py:93} INFO - 	sasl.kerberos.service.name = null
[2025-07-18T15:26:10.056+0000] {subprocess.py:93} INFO - 	sasl.kerberos.ticket.renew.jitter = 0.05
[2025-07-18T15:26:10.056+0000] {subprocess.py:93} INFO - 	sasl.kerberos.ticket.renew.window.factor = 0.8
[2025-07-18T15:26:10.056+0000] {subprocess.py:93} INFO - 	sasl.login.callback.handler.class = null
[2025-07-18T15:26:10.056+0000] {subprocess.py:93} INFO - 	sasl.login.class = null
[2025-07-18T15:26:10.057+0000] {subprocess.py:93} INFO - 	sasl.login.connect.timeout.ms = null
[2025-07-18T15:26:10.057+0000] {subprocess.py:93} INFO - 	sasl.login.read.timeout.ms = null
[2025-07-18T15:26:10.057+0000] {subprocess.py:93} INFO - 	sasl.login.refresh.buffer.seconds = 300
[2025-07-18T15:26:10.057+0000] {subprocess.py:93} INFO - 	sasl.login.refresh.min.period.seconds = 60
[2025-07-18T15:26:10.057+0000] {subprocess.py:93} INFO - 	sasl.login.refresh.window.factor = 0.8
[2025-07-18T15:26:10.057+0000] {subprocess.py:93} INFO - 	sasl.login.refresh.window.jitter = 0.05
[2025-07-18T15:26:10.058+0000] {subprocess.py:93} INFO - 	sasl.login.retry.backoff.max.ms = 10000
[2025-07-18T15:26:10.058+0000] {subprocess.py:93} INFO - 	sasl.login.retry.backoff.ms = 100
[2025-07-18T15:26:10.058+0000] {subprocess.py:93} INFO - 	sasl.mechanism = GSSAPI
[2025-07-18T15:26:10.058+0000] {subprocess.py:93} INFO - 	sasl.oauthbearer.clock.skew.seconds = 30
[2025-07-18T15:26:10.058+0000] {subprocess.py:93} INFO - 	sasl.oauthbearer.expected.audience = null
[2025-07-18T15:26:10.058+0000] {subprocess.py:93} INFO - 	sasl.oauthbearer.expected.issuer = null
[2025-07-18T15:26:10.058+0000] {subprocess.py:93} INFO - 	sasl.oauthbearer.jwks.endpoint.refresh.ms = 3600000
[2025-07-18T15:26:10.058+0000] {subprocess.py:93} INFO - 	sasl.oauthbearer.jwks.endpoint.retry.backoff.max.ms = 10000
[2025-07-18T15:26:10.058+0000] {subprocess.py:93} INFO - 	sasl.oauthbearer.jwks.endpoint.retry.backoff.ms = 100
[2025-07-18T15:26:10.059+0000] {subprocess.py:93} INFO - 	sasl.oauthbearer.jwks.endpoint.url = null
[2025-07-18T15:26:10.059+0000] {subprocess.py:93} INFO - 	sasl.oauthbearer.scope.claim.name = scope
[2025-07-18T15:26:10.059+0000] {subprocess.py:93} INFO - 	sasl.oauthbearer.sub.claim.name = sub
[2025-07-18T15:26:10.059+0000] {subprocess.py:93} INFO - 	sasl.oauthbearer.token.endpoint.url = null
[2025-07-18T15:26:10.059+0000] {subprocess.py:93} INFO - 	security.protocol = PLAINTEXT
[2025-07-18T15:26:10.059+0000] {subprocess.py:93} INFO - 	security.providers = null
[2025-07-18T15:26:10.059+0000] {subprocess.py:93} INFO - 	send.buffer.bytes = 131072
[2025-07-18T15:26:10.059+0000] {subprocess.py:93} INFO - 	socket.connection.setup.timeout.max.ms = 30000
[2025-07-18T15:26:10.059+0000] {subprocess.py:93} INFO - 	socket.connection.setup.timeout.ms = 10000
[2025-07-18T15:26:10.059+0000] {subprocess.py:93} INFO - 	ssl.cipher.suites = null
[2025-07-18T15:26:10.060+0000] {subprocess.py:93} INFO - 	ssl.enabled.protocols = [TLSv1.2, TLSv1.3]
[2025-07-18T15:26:10.060+0000] {subprocess.py:93} INFO - 	ssl.endpoint.identification.algorithm = https
[2025-07-18T15:26:10.060+0000] {subprocess.py:93} INFO - 	ssl.engine.factory.class = null
[2025-07-18T15:26:10.060+0000] {subprocess.py:93} INFO - 	ssl.key.password = null
[2025-07-18T15:26:10.060+0000] {subprocess.py:93} INFO - 	ssl.keymanager.algorithm = SunX509
[2025-07-18T15:26:10.060+0000] {subprocess.py:93} INFO - 	ssl.keystore.certificate.chain = null
[2025-07-18T15:26:10.060+0000] {subprocess.py:93} INFO - 	ssl.keystore.key = null
[2025-07-18T15:26:10.060+0000] {subprocess.py:93} INFO - 	ssl.keystore.location = null
[2025-07-18T15:26:10.061+0000] {subprocess.py:93} INFO - 	ssl.keystore.password = null
[2025-07-18T15:26:10.061+0000] {subprocess.py:93} INFO - 	ssl.keystore.type = JKS
[2025-07-18T15:26:10.061+0000] {subprocess.py:93} INFO - 	ssl.protocol = TLSv1.3
[2025-07-18T15:26:10.061+0000] {subprocess.py:93} INFO - 	ssl.provider = null
[2025-07-18T15:26:10.061+0000] {subprocess.py:93} INFO - 	ssl.secure.random.implementation = null
[2025-07-18T15:26:10.061+0000] {subprocess.py:93} INFO - 	ssl.trustmanager.algorithm = PKIX
[2025-07-18T15:26:10.061+0000] {subprocess.py:93} INFO - 	ssl.truststore.certificates = null
[2025-07-18T15:26:10.061+0000] {subprocess.py:93} INFO - 	ssl.truststore.location = null
[2025-07-18T15:26:10.062+0000] {subprocess.py:93} INFO - 	ssl.truststore.password = null
[2025-07-18T15:26:10.062+0000] {subprocess.py:93} INFO - 	ssl.truststore.type = JKS
[2025-07-18T15:26:10.062+0000] {subprocess.py:93} INFO - 
[2025-07-18T15:26:10.062+0000] {subprocess.py:93} INFO - 25/07/18 15:26:10 INFO AdminClientConfig: AdminClientConfig values:
[2025-07-18T15:26:10.063+0000] {subprocess.py:93} INFO - 	auto.include.jmx.reporter = true
[2025-07-18T15:26:10.063+0000] {subprocess.py:93} INFO - 	bootstrap.servers = [kafka:9092]
[2025-07-18T15:26:10.064+0000] {subprocess.py:93} INFO - 	client.dns.lookup = use_all_dns_ips
[2025-07-18T15:26:10.064+0000] {subprocess.py:93} INFO - 	client.id =
[2025-07-18T15:26:10.064+0000] {subprocess.py:93} INFO - 	connections.max.idle.ms = 300000
[2025-07-18T15:26:10.065+0000] {subprocess.py:93} INFO - 	default.api.timeout.ms = 60000
[2025-07-18T15:26:10.065+0000] {subprocess.py:93} INFO - 	metadata.max.age.ms = 300000
[2025-07-18T15:26:10.065+0000] {subprocess.py:93} INFO - 	metric.reporters = []
[2025-07-18T15:26:10.065+0000] {subprocess.py:93} INFO - 	metrics.num.samples = 2
[2025-07-18T15:26:10.066+0000] {subprocess.py:93} INFO - 	metrics.recording.level = INFO
[2025-07-18T15:26:10.066+0000] {subprocess.py:93} INFO - 	metrics.sample.window.ms = 30000
[2025-07-18T15:26:10.066+0000] {subprocess.py:93} INFO - 	receive.buffer.bytes = 65536
[2025-07-18T15:26:10.066+0000] {subprocess.py:93} INFO - 	reconnect.backoff.max.ms = 1000
[2025-07-18T15:26:10.066+0000] {subprocess.py:93} INFO - 	reconnect.backoff.ms = 50
[2025-07-18T15:26:10.066+0000] {subprocess.py:93} INFO - 	request.timeout.ms = 30000
[2025-07-18T15:26:10.066+0000] {subprocess.py:93} INFO - 	retries = 2147483647
[2025-07-18T15:26:10.067+0000] {subprocess.py:93} INFO - 	retry.backoff.ms = 100
[2025-07-18T15:26:10.067+0000] {subprocess.py:93} INFO - 	sasl.client.callback.handler.class = null
[2025-07-18T15:26:10.067+0000] {subprocess.py:93} INFO - 	sasl.jaas.config = null
[2025-07-18T15:26:10.067+0000] {subprocess.py:93} INFO - 	sasl.kerberos.kinit.cmd = /usr/bin/kinit
[2025-07-18T15:26:10.067+0000] {subprocess.py:93} INFO - 	sasl.kerberos.min.time.before.relogin = 60000
[2025-07-18T15:26:10.067+0000] {subprocess.py:93} INFO - 	sasl.kerberos.service.name = null
[2025-07-18T15:26:10.067+0000] {subprocess.py:93} INFO - 	sasl.kerberos.ticket.renew.jitter = 0.05
[2025-07-18T15:26:10.067+0000] {subprocess.py:93} INFO - 	sasl.kerberos.ticket.renew.window.factor = 0.8
[2025-07-18T15:26:10.067+0000] {subprocess.py:93} INFO - 	sasl.login.callback.handler.class = null
[2025-07-18T15:26:10.068+0000] {subprocess.py:93} INFO - 	sasl.login.class = null
[2025-07-18T15:26:10.068+0000] {subprocess.py:93} INFO - 	sasl.login.connect.timeout.ms = null
[2025-07-18T15:26:10.068+0000] {subprocess.py:93} INFO - 	sasl.login.read.timeout.ms = null
[2025-07-18T15:26:10.068+0000] {subprocess.py:93} INFO - 	sasl.login.refresh.buffer.seconds = 300
[2025-07-18T15:26:10.068+0000] {subprocess.py:93} INFO - 	sasl.login.refresh.min.period.seconds = 60
[2025-07-18T15:26:10.068+0000] {subprocess.py:93} INFO - 	sasl.login.refresh.window.factor = 0.8
[2025-07-18T15:26:10.068+0000] {subprocess.py:93} INFO - 	sasl.login.refresh.window.jitter = 0.05
[2025-07-18T15:26:10.068+0000] {subprocess.py:93} INFO - 	sasl.login.retry.backoff.max.ms = 10000
[2025-07-18T15:26:10.069+0000] {subprocess.py:93} INFO - 	sasl.login.retry.backoff.ms = 100
[2025-07-18T15:26:10.069+0000] {subprocess.py:93} INFO - 	sasl.mechanism = GSSAPI
[2025-07-18T15:26:10.069+0000] {subprocess.py:93} INFO - 	sasl.oauthbearer.clock.skew.seconds = 30
[2025-07-18T15:26:10.069+0000] {subprocess.py:93} INFO - 	sasl.oauthbearer.expected.audience = null
[2025-07-18T15:26:10.069+0000] {subprocess.py:93} INFO - 	sasl.oauthbearer.expected.issuer = null
[2025-07-18T15:26:10.069+0000] {subprocess.py:93} INFO - 	sasl.oauthbearer.jwks.endpoint.refresh.ms = 3600000
[2025-07-18T15:26:10.069+0000] {subprocess.py:93} INFO - 	sasl.oauthbearer.jwks.endpoint.retry.backoff.max.ms = 10000
[2025-07-18T15:26:10.069+0000] {subprocess.py:93} INFO - 	sasl.oauthbearer.jwks.endpoint.retry.backoff.ms = 100
[2025-07-18T15:26:10.069+0000] {subprocess.py:93} INFO - 	sasl.oauthbearer.jwks.endpoint.url = null
[2025-07-18T15:26:10.070+0000] {subprocess.py:93} INFO - 	sasl.oauthbearer.scope.claim.name = scope
[2025-07-18T15:26:10.070+0000] {subprocess.py:93} INFO - 	sasl.oauthbearer.sub.claim.name = sub
[2025-07-18T15:26:10.070+0000] {subprocess.py:93} INFO - 	sasl.oauthbearer.token.endpoint.url = null
[2025-07-18T15:26:10.070+0000] {subprocess.py:93} INFO - 	security.protocol = PLAINTEXT
[2025-07-18T15:26:10.070+0000] {subprocess.py:93} INFO - 	security.providers = null
[2025-07-18T15:26:10.070+0000] {subprocess.py:93} INFO - 	send.buffer.bytes = 131072
[2025-07-18T15:26:10.070+0000] {subprocess.py:93} INFO - 	socket.connection.setup.timeout.max.ms = 30000
[2025-07-18T15:26:10.070+0000] {subprocess.py:93} INFO - 	socket.connection.setup.timeout.ms = 10000
[2025-07-18T15:26:10.071+0000] {subprocess.py:93} INFO - 	ssl.cipher.suites = null
[2025-07-18T15:26:10.071+0000] {subprocess.py:93} INFO - 	ssl.enabled.protocols = [TLSv1.2, TLSv1.3]
[2025-07-18T15:26:10.071+0000] {subprocess.py:93} INFO - 	ssl.endpoint.identification.algorithm = https
[2025-07-18T15:26:10.072+0000] {subprocess.py:93} INFO - 	ssl.engine.factory.class = null
[2025-07-18T15:26:10.072+0000] {subprocess.py:93} INFO - 	ssl.key.password = null
[2025-07-18T15:26:10.072+0000] {subprocess.py:93} INFO - 	ssl.keymanager.algorithm = SunX509
[2025-07-18T15:26:10.072+0000] {subprocess.py:93} INFO - 	ssl.keystore.certificate.chain = null
[2025-07-18T15:26:10.073+0000] {subprocess.py:93} INFO - 	ssl.keystore.key = null
[2025-07-18T15:26:10.073+0000] {subprocess.py:93} INFO - 	ssl.keystore.location = null
[2025-07-18T15:26:10.073+0000] {subprocess.py:93} INFO - 	ssl.keystore.password = null
[2025-07-18T15:26:10.074+0000] {subprocess.py:93} INFO - 	ssl.keystore.type = JKS
[2025-07-18T15:26:10.074+0000] {subprocess.py:93} INFO - 	ssl.protocol = TLSv1.3
[2025-07-18T15:26:10.074+0000] {subprocess.py:93} INFO - 	ssl.provider = null
[2025-07-18T15:26:10.074+0000] {subprocess.py:93} INFO - 	ssl.secure.random.implementation = null
[2025-07-18T15:26:10.075+0000] {subprocess.py:93} INFO - 	ssl.trustmanager.algorithm = PKIX
[2025-07-18T15:26:10.075+0000] {subprocess.py:93} INFO - 	ssl.truststore.certificates = null
[2025-07-18T15:26:10.076+0000] {subprocess.py:93} INFO - 	ssl.truststore.location = null
[2025-07-18T15:26:10.076+0000] {subprocess.py:93} INFO - 	ssl.truststore.password = null
[2025-07-18T15:26:10.077+0000] {subprocess.py:93} INFO - 	ssl.truststore.type = JKS
[2025-07-18T15:26:10.077+0000] {subprocess.py:93} INFO - 
[2025-07-18T15:26:10.105+0000] {subprocess.py:93} INFO - 25/07/18 15:26:10 INFO AdminClientConfig: These configurations '[key.deserializer, value.deserializer, enable.auto.commit, max.poll.records, auto.offset.reset]' were supplied but are not used yet.
[2025-07-18T15:26:10.105+0000] {subprocess.py:93} INFO - 25/07/18 15:26:10 INFO AdminClientConfig: These configurations '[key.deserializer, value.deserializer, enable.auto.commit, max.poll.records, auto.offset.reset]' were supplied but are not used yet.
[2025-07-18T15:26:10.106+0000] {subprocess.py:93} INFO - 25/07/18 15:26:10 INFO AppInfoParser: Kafka version: 3.5.1
[2025-07-18T15:26:10.106+0000] {subprocess.py:93} INFO - 25/07/18 15:26:10 INFO AppInfoParser: Kafka commitId: 2c6fb6c54472e90a
[2025-07-18T15:26:10.107+0000] {subprocess.py:93} INFO - 25/07/18 15:26:10 INFO AppInfoParser: Kafka startTimeMs: 1752852370103
[2025-07-18T15:26:10.107+0000] {subprocess.py:93} INFO - 25/07/18 15:26:10 INFO AppInfoParser: Kafka version: 3.5.1
[2025-07-18T15:26:10.108+0000] {subprocess.py:93} INFO - 25/07/18 15:26:10 INFO AppInfoParser: Kafka commitId: 2c6fb6c54472e90a
[2025-07-18T15:26:10.108+0000] {subprocess.py:93} INFO - 25/07/18 15:26:10 INFO AppInfoParser: Kafka startTimeMs: 1752852370103
[2025-07-18T15:26:10.108+0000] {subprocess.py:93} INFO - 25/07/18 15:26:10 INFO BaseMetastoreCatalog: Table loaded by catalog: my_catalog.bronze.Feedback_raw
[2025-07-18T15:26:10.111+0000] {subprocess.py:93} INFO - 25/07/18 15:26:10 INFO ResolveWriteToStream: Checkpoint root /tmp/checkpoints/feedback resolved to file:/tmp/checkpoints/feedback.
[2025-07-18T15:26:10.111+0000] {subprocess.py:93} INFO - 25/07/18 15:26:10 WARN ResolveWriteToStream: spark.sql.adaptive.enabled is not supported in streaming DataFrames/Datasets and will be disabled.
[2025-07-18T15:26:10.118+0000] {subprocess.py:93} INFO - 25/07/18 15:26:10 INFO MicroBatchExecution: Starting [id = d3aff090-24bc-4a1c-938f-fc839231598c, runId = fe87be2b-40f6-4ab2-8a72-c45f530c12fa]. Use file:/tmp/checkpoints/feedback to store the query checkpoint.
[2025-07-18T15:26:10.119+0000] {subprocess.py:93} INFO - 25/07/18 15:26:10 INFO MicroBatchExecution: Reading table [org.apache.spark.sql.kafka010.KafkaSourceProvider$KafkaTable@5d85ad87] from DataSourceV2 named 'kafka' [org.apache.spark.sql.kafka010.KafkaSourceProvider@5342599f]
[2025-07-18T15:26:10.122+0000] {subprocess.py:93} INFO - 25/07/18 15:26:10 INFO OffsetSeqLog: BatchIds found from listing: 0, 1, 2, 3, 4, 5, 6
[2025-07-18T15:26:10.123+0000] {subprocess.py:93} INFO - 25/07/18 15:26:10 INFO OffsetSeqLog: Getting latest batch 6
[2025-07-18T15:26:10.125+0000] {subprocess.py:93} INFO - 25/07/18 15:26:10 INFO OffsetSeqLog: BatchIds found from listing: 0, 1, 2, 3, 4, 5, 6
[2025-07-18T15:26:10.125+0000] {subprocess.py:93} INFO - 25/07/18 15:26:10 INFO OffsetSeqLog: Getting latest batch 6
[2025-07-18T15:26:10.127+0000] {subprocess.py:93} INFO - 25/07/18 15:26:10 INFO CommitLog: BatchIds found from listing: 0, 1, 2, 3, 4, 5, 6
[2025-07-18T15:26:10.127+0000] {subprocess.py:93} INFO - 25/07/18 15:26:10 INFO CommitLog: Getting latest batch 6
[2025-07-18T15:26:10.127+0000] {subprocess.py:93} INFO - 25/07/18 15:26:10 INFO MicroBatchExecution: Resuming at batch 7 with committed offsets {KafkaV2[Subscribe[feedback]]: {"feedback":{"0":45}}} and available offsets {KafkaV2[Subscribe[feedback]]: {"feedback":{"0":45}}}
[2025-07-18T15:26:10.127+0000] {subprocess.py:93} INFO - 25/07/18 15:26:10 INFO MicroBatchExecution: Stream started from {KafkaV2[Subscribe[feedback]]: {"feedback":{"0":45}}}
[2025-07-18T15:26:10.128+0000] {subprocess.py:93} INFO - 25/07/18 15:26:10 INFO AdminClientConfig: AdminClientConfig values:
[2025-07-18T15:26:10.129+0000] {subprocess.py:93} INFO - 	auto.include.jmx.reporter = true
[2025-07-18T15:26:10.129+0000] {subprocess.py:93} INFO - 	bootstrap.servers = [kafka:9092]
[2025-07-18T15:26:10.129+0000] {subprocess.py:93} INFO - 	client.dns.lookup = use_all_dns_ips
[2025-07-18T15:26:10.129+0000] {subprocess.py:93} INFO - 	client.id =
[2025-07-18T15:26:10.129+0000] {subprocess.py:93} INFO - 	connections.max.idle.ms = 300000
[2025-07-18T15:26:10.129+0000] {subprocess.py:93} INFO - 	default.api.timeout.ms = 60000
[2025-07-18T15:26:10.129+0000] {subprocess.py:93} INFO - 	metadata.max.age.ms = 300000
[2025-07-18T15:26:10.129+0000] {subprocess.py:93} INFO - 	metric.reporters = []
[2025-07-18T15:26:10.130+0000] {subprocess.py:93} INFO - 	metrics.num.samples = 2
[2025-07-18T15:26:10.130+0000] {subprocess.py:93} INFO - 	metrics.recording.level = INFO
[2025-07-18T15:26:10.131+0000] {subprocess.py:93} INFO - 	metrics.sample.window.ms = 30000
[2025-07-18T15:26:10.132+0000] {subprocess.py:93} INFO - 	receive.buffer.bytes = 65536
[2025-07-18T15:26:10.132+0000] {subprocess.py:93} INFO - 	reconnect.backoff.max.ms = 1000
[2025-07-18T15:26:10.132+0000] {subprocess.py:93} INFO - 	reconnect.backoff.ms = 50
[2025-07-18T15:26:10.132+0000] {subprocess.py:93} INFO - 	request.timeout.ms = 30000
[2025-07-18T15:26:10.132+0000] {subprocess.py:93} INFO - 	retries = 2147483647
[2025-07-18T15:26:10.133+0000] {subprocess.py:93} INFO - 	retry.backoff.ms = 100
[2025-07-18T15:26:10.133+0000] {subprocess.py:93} INFO - 	sasl.client.callback.handler.class = null
[2025-07-18T15:26:10.133+0000] {subprocess.py:93} INFO - 	sasl.jaas.config = null
[2025-07-18T15:26:10.133+0000] {subprocess.py:93} INFO - 	sasl.kerberos.kinit.cmd = /usr/bin/kinit
[2025-07-18T15:26:10.133+0000] {subprocess.py:93} INFO - 	sasl.kerberos.min.time.before.relogin = 60000
[2025-07-18T15:26:10.133+0000] {subprocess.py:93} INFO - 	sasl.kerberos.service.name = null
[2025-07-18T15:26:10.134+0000] {subprocess.py:93} INFO - 	sasl.kerberos.ticket.renew.jitter = 0.05
[2025-07-18T15:26:10.134+0000] {subprocess.py:93} INFO - 	sasl.kerberos.ticket.renew.window.factor = 0.8
[2025-07-18T15:26:10.134+0000] {subprocess.py:93} INFO - 	sasl.login.callback.handler.class = null
[2025-07-18T15:26:10.134+0000] {subprocess.py:93} INFO - 	sasl.login.class = null
[2025-07-18T15:26:10.135+0000] {subprocess.py:93} INFO - 	sasl.login.connect.timeout.ms = null
[2025-07-18T15:26:10.135+0000] {subprocess.py:93} INFO - 	sasl.login.read.timeout.ms = null
[2025-07-18T15:26:10.135+0000] {subprocess.py:93} INFO - 	sasl.login.refresh.buffer.seconds = 300
[2025-07-18T15:26:10.136+0000] {subprocess.py:93} INFO - 	sasl.login.refresh.min.period.seconds = 60
[2025-07-18T15:26:10.136+0000] {subprocess.py:93} INFO - 	sasl.login.refresh.window.factor = 0.8
[2025-07-18T15:26:10.136+0000] {subprocess.py:93} INFO - 	sasl.login.refresh.window.jitter = 0.05
[2025-07-18T15:26:10.137+0000] {subprocess.py:93} INFO - 	sasl.login.retry.backoff.max.ms = 10000
[2025-07-18T15:26:10.137+0000] {subprocess.py:93} INFO - 	sasl.login.retry.backoff.ms = 100
[2025-07-18T15:26:10.137+0000] {subprocess.py:93} INFO - 	sasl.mechanism = GSSAPI
[2025-07-18T15:26:10.137+0000] {subprocess.py:93} INFO - 	sasl.oauthbearer.clock.skew.seconds = 30
[2025-07-18T15:26:10.137+0000] {subprocess.py:93} INFO - 	sasl.oauthbearer.expected.audience = null
[2025-07-18T15:26:10.137+0000] {subprocess.py:93} INFO - 	sasl.oauthbearer.expected.issuer = null
[2025-07-18T15:26:10.137+0000] {subprocess.py:93} INFO - 	sasl.oauthbearer.jwks.endpoint.refresh.ms = 3600000
[2025-07-18T15:26:10.137+0000] {subprocess.py:93} INFO - 	sasl.oauthbearer.jwks.endpoint.retry.backoff.max.ms = 10000
[2025-07-18T15:26:10.138+0000] {subprocess.py:93} INFO - 	sasl.oauthbearer.jwks.endpoint.retry.backoff.ms = 100
[2025-07-18T15:26:10.138+0000] {subprocess.py:93} INFO - 	sasl.oauthbearer.jwks.endpoint.url = null
[2025-07-18T15:26:10.138+0000] {subprocess.py:93} INFO - 	sasl.oauthbearer.scope.claim.name = scope
[2025-07-18T15:26:10.138+0000] {subprocess.py:93} INFO - 	sasl.oauthbearer.sub.claim.name = sub
[2025-07-18T15:26:10.138+0000] {subprocess.py:93} INFO - 	sasl.oauthbearer.token.endpoint.url = null
[2025-07-18T15:26:10.138+0000] {subprocess.py:93} INFO - 	security.protocol = PLAINTEXT
[2025-07-18T15:26:10.138+0000] {subprocess.py:93} INFO - 	security.providers = null
[2025-07-18T15:26:10.138+0000] {subprocess.py:93} INFO - 	send.buffer.bytes = 131072
[2025-07-18T15:26:10.138+0000] {subprocess.py:93} INFO - 	socket.connection.setup.timeout.max.ms = 30000
[2025-07-18T15:26:10.139+0000] {subprocess.py:93} INFO - 	socket.connection.setup.timeout.ms = 10000
[2025-07-18T15:26:10.139+0000] {subprocess.py:93} INFO - 	ssl.cipher.suites = null
[2025-07-18T15:26:10.139+0000] {subprocess.py:93} INFO - 	ssl.enabled.protocols = [TLSv1.2, TLSv1.3]
[2025-07-18T15:26:10.139+0000] {subprocess.py:93} INFO - 	ssl.endpoint.identification.algorithm = https
[2025-07-18T15:26:10.139+0000] {subprocess.py:93} INFO - 	ssl.engine.factory.class = null
[2025-07-18T15:26:10.139+0000] {subprocess.py:93} INFO - 	ssl.key.password = null
[2025-07-18T15:26:10.139+0000] {subprocess.py:93} INFO - 	ssl.keymanager.algorithm = SunX509
[2025-07-18T15:26:10.139+0000] {subprocess.py:93} INFO - 	ssl.keystore.certificate.chain = null
[2025-07-18T15:26:10.139+0000] {subprocess.py:93} INFO - 	ssl.keystore.key = null
[2025-07-18T15:26:10.139+0000] {subprocess.py:93} INFO - 	ssl.keystore.location = null
[2025-07-18T15:26:10.140+0000] {subprocess.py:93} INFO - 	ssl.keystore.password = null
[2025-07-18T15:26:10.140+0000] {subprocess.py:93} INFO - 	ssl.keystore.type = JKS
[2025-07-18T15:26:10.140+0000] {subprocess.py:93} INFO - 	ssl.protocol = TLSv1.3
[2025-07-18T15:26:10.140+0000] {subprocess.py:93} INFO - 	ssl.provider = null
[2025-07-18T15:26:10.140+0000] {subprocess.py:93} INFO - 	ssl.secure.random.implementation = null
[2025-07-18T15:26:10.140+0000] {subprocess.py:93} INFO - 	ssl.trustmanager.algorithm = PKIX
[2025-07-18T15:26:10.140+0000] {subprocess.py:93} INFO - 	ssl.truststore.certificates = null
[2025-07-18T15:26:10.141+0000] {subprocess.py:93} INFO - 	ssl.truststore.location = null
[2025-07-18T15:26:10.141+0000] {subprocess.py:93} INFO - 	ssl.truststore.password = null
[2025-07-18T15:26:10.141+0000] {subprocess.py:93} INFO - 	ssl.truststore.type = JKS
[2025-07-18T15:26:10.141+0000] {subprocess.py:93} INFO - 
[2025-07-18T15:26:10.141+0000] {subprocess.py:93} INFO - 25/07/18 15:26:10 INFO AdminClientConfig: These configurations '[key.deserializer, value.deserializer, enable.auto.commit, max.poll.records, auto.offset.reset]' were supplied but are not used yet.
[2025-07-18T15:26:10.141+0000] {subprocess.py:93} INFO - 25/07/18 15:26:10 INFO AppInfoParser: Kafka version: 3.5.1
[2025-07-18T15:26:10.141+0000] {subprocess.py:93} INFO - 25/07/18 15:26:10 INFO AppInfoParser: Kafka commitId: 2c6fb6c54472e90a
[2025-07-18T15:26:10.141+0000] {subprocess.py:93} INFO - 25/07/18 15:26:10 INFO AppInfoParser: Kafka startTimeMs: 1752852370129
[2025-07-18T15:26:20.332+0000] {subprocess.py:93} INFO - 25/07/18 15:26:20 INFO MicroBatchExecution: Streaming query has been idle and waiting for new data more than 10000 ms.
[2025-07-18T15:26:20.333+0000] {subprocess.py:93} INFO - 25/07/18 15:26:20 INFO MicroBatchExecution: Streaming query has been idle and waiting for new data more than 10000 ms.
[2025-07-18T15:26:20.333+0000] {subprocess.py:93} INFO - 25/07/18 15:26:20 INFO MicroBatchExecution: Streaming query has been idle and waiting for new data more than 10000 ms.
[2025-07-18T15:26:30.329+0000] {subprocess.py:93} INFO - 25/07/18 15:26:30 INFO MicroBatchExecution: Streaming query has been idle and waiting for new data more than 10000 ms.
[2025-07-18T15:26:30.330+0000] {subprocess.py:93} INFO - 25/07/18 15:26:30 INFO MicroBatchExecution: Streaming query has been idle and waiting for new data more than 10000 ms.
[2025-07-18T15:26:30.340+0000] {subprocess.py:93} INFO - 25/07/18 15:26:30 INFO MicroBatchExecution: Streaming query has been idle and waiting for new data more than 10000 ms.
[2025-07-18T15:26:40.337+0000] {subprocess.py:93} INFO - 25/07/18 15:26:40 INFO MicroBatchExecution: Streaming query has been idle and waiting for new data more than 10000 ms.
[2025-07-18T15:26:40.338+0000] {subprocess.py:93} INFO - 25/07/18 15:26:40 INFO MicroBatchExecution: Streaming query has been idle and waiting for new data more than 10000 ms.
[2025-07-18T15:26:40.347+0000] {subprocess.py:93} INFO - 25/07/18 15:26:40 INFO MicroBatchExecution: Streaming query has been idle and waiting for new data more than 10000 ms.
[2025-07-18T15:26:50.350+0000] {subprocess.py:93} INFO - 25/07/18 15:26:50 INFO MicroBatchExecution: Streaming query has been idle and waiting for new data more than 10000 ms.
[2025-07-18T15:26:50.352+0000] {subprocess.py:93} INFO - 25/07/18 15:26:50 INFO MicroBatchExecution: Streaming query has been idle and waiting for new data more than 10000 ms.
[2025-07-18T15:26:50.352+0000] {subprocess.py:93} INFO - 25/07/18 15:26:50 INFO MicroBatchExecution: Streaming query has been idle and waiting for new data more than 10000 ms.
[2025-07-18T15:27:00.364+0000] {subprocess.py:93} INFO - 25/07/18 15:27:00 INFO MicroBatchExecution: Streaming query has been idle and waiting for new data more than 10000 ms.
[2025-07-18T15:27:00.366+0000] {subprocess.py:93} INFO - 25/07/18 15:27:00 INFO MicroBatchExecution: Streaming query has been idle and waiting for new data more than 10000 ms.
[2025-07-18T15:27:00.366+0000] {subprocess.py:93} INFO - 25/07/18 15:27:00 INFO MicroBatchExecution: Streaming query has been idle and waiting for new data more than 10000 ms.
[2025-07-18T15:27:10.367+0000] {subprocess.py:93} INFO - 25/07/18 15:27:10 INFO MicroBatchExecution: Streaming query has been idle and waiting for new data more than 10000 ms.
[2025-07-18T15:27:10.369+0000] {subprocess.py:93} INFO - 25/07/18 15:27:10 INFO MicroBatchExecution: Streaming query has been idle and waiting for new data more than 10000 ms.
[2025-07-18T15:27:10.370+0000] {subprocess.py:93} INFO - 25/07/18 15:27:10 INFO MicroBatchExecution: Streaming query has been idle and waiting for new data more than 10000 ms.
[2025-07-18T15:27:20.378+0000] {subprocess.py:93} INFO - 25/07/18 15:27:20 INFO MicroBatchExecution: Streaming query has been idle and waiting for new data more than 10000 ms.
[2025-07-18T15:27:20.379+0000] {subprocess.py:93} INFO - 25/07/18 15:27:20 INFO MicroBatchExecution: Streaming query has been idle and waiting for new data more than 10000 ms.
[2025-07-18T15:27:20.379+0000] {subprocess.py:93} INFO - 25/07/18 15:27:20 INFO MicroBatchExecution: Streaming query has been idle and waiting for new data more than 10000 ms.
[2025-07-18T15:27:30.377+0000] {subprocess.py:93} INFO - 25/07/18 15:27:30 INFO MicroBatchExecution: Streaming query has been idle and waiting for new data more than 10000 ms.
[2025-07-18T15:27:30.379+0000] {subprocess.py:93} INFO - 25/07/18 15:27:30 INFO MicroBatchExecution: Streaming query has been idle and waiting for new data more than 10000 ms.
[2025-07-18T15:27:30.379+0000] {subprocess.py:93} INFO - 25/07/18 15:27:30 INFO MicroBatchExecution: Streaming query has been idle and waiting for new data more than 10000 ms.
[2025-07-18T15:27:40.388+0000] {subprocess.py:93} INFO - 25/07/18 15:27:40 INFO MicroBatchExecution: Streaming query has been idle and waiting for new data more than 10000 ms.
[2025-07-18T15:27:40.391+0000] {subprocess.py:93} INFO - 25/07/18 15:27:40 INFO MicroBatchExecution: Streaming query has been idle and waiting for new data more than 10000 ms.
[2025-07-18T15:27:40.392+0000] {subprocess.py:93} INFO - 25/07/18 15:27:40 INFO MicroBatchExecution: Streaming query has been idle and waiting for new data more than 10000 ms.
[2025-07-18T15:27:50.399+0000] {subprocess.py:93} INFO - 25/07/18 15:27:50 INFO MicroBatchExecution: Streaming query has been idle and waiting for new data more than 10000 ms.
[2025-07-18T15:27:50.401+0000] {subprocess.py:93} INFO - 25/07/18 15:27:50 INFO MicroBatchExecution: Streaming query has been idle and waiting for new data more than 10000 ms.
[2025-07-18T15:27:50.401+0000] {subprocess.py:93} INFO - 25/07/18 15:27:50 INFO MicroBatchExecution: Streaming query has been idle and waiting for new data more than 10000 ms.
[2025-07-18T15:28:00.406+0000] {subprocess.py:93} INFO - 25/07/18 15:28:00 INFO MicroBatchExecution: Streaming query has been idle and waiting for new data more than 10000 ms.
[2025-07-18T15:28:00.407+0000] {subprocess.py:93} INFO - 25/07/18 15:28:00 INFO MicroBatchExecution: Streaming query has been idle and waiting for new data more than 10000 ms.
[2025-07-18T15:28:00.407+0000] {subprocess.py:93} INFO - 25/07/18 15:28:00 INFO MicroBatchExecution: Streaming query has been idle and waiting for new data more than 10000 ms.
[2025-07-18T15:28:02.071+0000] {subprocess.py:93} INFO - 25/07/18 15:28:02 INFO CheckpointFileManager: Writing atomically to file:/tmp/checkpoints/reservations/offsets/7 using temp file file:/tmp/checkpoints/reservations/offsets/.7.e5840749-07d9-4493-b4db-6c09335a33e6.tmp
[2025-07-18T15:28:02.093+0000] {subprocess.py:93} INFO - 25/07/18 15:28:02 WARN CheckpointFileManager: Failed to rename temp file file:/tmp/checkpoints/reservations/offsets/.7.e5840749-07d9-4493-b4db-6c09335a33e6.tmp to file:/tmp/checkpoints/reservations/offsets/7 because file exists
[2025-07-18T15:28:02.094+0000] {subprocess.py:93} INFO - org.apache.hadoop.fs.FileAlreadyExistsException: Rename destination file:/tmp/checkpoints/reservations/offsets/7 already exists.
[2025-07-18T15:28:02.095+0000] {subprocess.py:93} INFO - 	at org.apache.hadoop.fs.AbstractFileSystem.renameInternal(AbstractFileSystem.java:770)
[2025-07-18T15:28:02.095+0000] {subprocess.py:93} INFO - 	at org.apache.hadoop.fs.AbstractFileSystem.rename(AbstractFileSystem.java:720)
[2025-07-18T15:28:02.096+0000] {subprocess.py:93} INFO - 	at org.apache.hadoop.fs.ChecksumFs.renameInternal(ChecksumFs.java:489)
[2025-07-18T15:28:02.099+0000] {subprocess.py:93} INFO - 	at org.apache.hadoop.fs.AbstractFileSystem.rename(AbstractFileSystem.java:720)
[2025-07-18T15:28:02.100+0000] {subprocess.py:93} INFO - 	at org.apache.hadoop.fs.FileContext.rename(FileContext.java:1036)
[2025-07-18T15:28:02.101+0000] {subprocess.py:93} INFO - 	at org.apache.spark.sql.execution.streaming.FileContextBasedCheckpointFileManager.renameTempFile(CheckpointFileManager.scala:372)
[2025-07-18T15:28:02.101+0000] {subprocess.py:93} INFO - 	at org.apache.spark.sql.execution.streaming.CheckpointFileManager$RenameBasedFSDataOutputStream.close(CheckpointFileManager.scala:154)
[2025-07-18T15:28:02.102+0000] {subprocess.py:93} INFO - 	at org.apache.spark.sql.execution.streaming.HDFSMetadataLog.write(HDFSMetadataLog.scala:204)
[2025-07-18T15:28:02.102+0000] {subprocess.py:93} INFO - 	at org.apache.spark.sql.execution.streaming.HDFSMetadataLog.addNewBatchByStream(HDFSMetadataLog.scala:237)
[2025-07-18T15:28:02.103+0000] {subprocess.py:93} INFO - 	at org.apache.spark.sql.execution.streaming.HDFSMetadataLog.add(HDFSMetadataLog.scala:130)
[2025-07-18T15:28:02.103+0000] {subprocess.py:93} INFO - 	at org.apache.spark.sql.execution.streaming.MicroBatchExecution.markMicroBatchStart(MicroBatchExecution.scala:764)
[2025-07-18T15:28:02.103+0000] {subprocess.py:93} INFO - 	at org.apache.spark.sql.execution.streaming.MicroBatchExecution.$anonfun$constructNextBatch$13(MicroBatchExecution.scala:536)
[2025-07-18T15:28:02.104+0000] {subprocess.py:93} INFO - 	at scala.runtime.java8.JFunction0$mcV$sp.apply(JFunction0$mcV$sp.java:23)
[2025-07-18T15:28:02.104+0000] {subprocess.py:93} INFO - 	at org.apache.spark.sql.execution.streaming.ProgressReporter.reportTimeTaken(ProgressReporter.scala:427)
[2025-07-18T15:28:02.105+0000] {subprocess.py:93} INFO - 	at org.apache.spark.sql.execution.streaming.ProgressReporter.reportTimeTaken$(ProgressReporter.scala:425)
[2025-07-18T15:28:02.107+0000] {subprocess.py:93} INFO - 	at org.apache.spark.sql.execution.streaming.StreamExecution.reportTimeTaken(StreamExecution.scala:67)
[2025-07-18T15:28:02.108+0000] {subprocess.py:93} INFO - 	at org.apache.spark.sql.execution.streaming.MicroBatchExecution.$anonfun$constructNextBatch$1(MicroBatchExecution.scala:535)
[2025-07-18T15:28:02.108+0000] {subprocess.py:93} INFO - 	at scala.runtime.java8.JFunction0$mcZ$sp.apply(JFunction0$mcZ$sp.java:23)
[2025-07-18T15:28:02.110+0000] {subprocess.py:93} INFO - 	at org.apache.spark.sql.execution.streaming.MicroBatchExecution.withProgressLocked(MicroBatchExecution.scala:810)
[2025-07-18T15:28:02.112+0000] {subprocess.py:93} INFO - 	at org.apache.spark.sql.execution.streaming.MicroBatchExecution.constructNextBatch(MicroBatchExecution.scala:475)
[2025-07-18T15:28:02.112+0000] {subprocess.py:93} INFO - 	at org.apache.spark.sql.execution.streaming.MicroBatchExecution.$anonfun$runActivatedStream$2(MicroBatchExecution.scala:268)
[2025-07-18T15:28:02.113+0000] {subprocess.py:93} INFO - 	at scala.runtime.java8.JFunction0$mcV$sp.apply(JFunction0$mcV$sp.java:23)
[2025-07-18T15:28:02.113+0000] {subprocess.py:93} INFO - 	at org.apache.spark.sql.execution.streaming.ProgressReporter.reportTimeTaken(ProgressReporter.scala:427)
[2025-07-18T15:28:02.113+0000] {subprocess.py:93} INFO - 	at org.apache.spark.sql.execution.streaming.ProgressReporter.reportTimeTaken$(ProgressReporter.scala:425)
[2025-07-18T15:28:02.114+0000] {subprocess.py:93} INFO - 	at org.apache.spark.sql.execution.streaming.StreamExecution.reportTimeTaken(StreamExecution.scala:67)
[2025-07-18T15:28:02.114+0000] {subprocess.py:93} INFO - 	at org.apache.spark.sql.execution.streaming.MicroBatchExecution.$anonfun$runActivatedStream$1(MicroBatchExecution.scala:249)
[2025-07-18T15:28:02.114+0000] {subprocess.py:93} INFO - 	at org.apache.spark.sql.execution.streaming.ProcessingTimeExecutor.execute(TriggerExecutor.scala:67)
[2025-07-18T15:28:02.114+0000] {subprocess.py:93} INFO - 	at org.apache.spark.sql.execution.streaming.MicroBatchExecution.runActivatedStream(MicroBatchExecution.scala:239)
[2025-07-18T15:28:02.115+0000] {subprocess.py:93} INFO - 	at org.apache.spark.sql.execution.streaming.StreamExecution.$anonfun$runStream$1(StreamExecution.scala:311)
[2025-07-18T15:28:02.115+0000] {subprocess.py:93} INFO - 	at scala.runtime.java8.JFunction0$mcV$sp.apply(JFunction0$mcV$sp.java:23)
[2025-07-18T15:28:02.115+0000] {subprocess.py:93} INFO - 	at org.apache.spark.sql.SparkSession.withActive(SparkSession.scala:900)
[2025-07-18T15:28:02.115+0000] {subprocess.py:93} INFO - 	at org.apache.spark.sql.execution.streaming.StreamExecution.org$apache$spark$sql$execution$streaming$StreamExecution$$runStream(StreamExecution.scala:289)
[2025-07-18T15:28:02.115+0000] {subprocess.py:93} INFO - 	at org.apache.spark.sql.execution.streaming.StreamExecution$$anon$1.$anonfun$run$1(StreamExecution.scala:211)
[2025-07-18T15:28:02.115+0000] {subprocess.py:93} INFO - 	at scala.runtime.java8.JFunction0$mcV$sp.apply(JFunction0$mcV$sp.java:23)
[2025-07-18T15:28:02.115+0000] {subprocess.py:93} INFO - 	at org.apache.spark.JobArtifactSet$.withActiveJobArtifactState(JobArtifactSet.scala:94)
[2025-07-18T15:28:02.116+0000] {subprocess.py:93} INFO - 	at org.apache.spark.sql.execution.streaming.StreamExecution$$anon$1.run(StreamExecution.scala:211)
[2025-07-18T15:28:02.334+0000] {subprocess.py:93} INFO - 25/07/18 15:28:02 ERROR MicroBatchExecution: Query [id = 0314df7c-5598-4928-8d91-374ee67989d1, runId = 5efd7dd3-597c-4b84-be44-02e23713068f] terminated with error
[2025-07-18T15:28:02.334+0000] {subprocess.py:93} INFO - org.apache.spark.SparkConcurrentModificationException: Multiple streaming queries are concurrently using file:/tmp/checkpoints/reservations/offsets.
[2025-07-18T15:28:02.335+0000] {subprocess.py:93} INFO - 	at org.apache.spark.sql.errors.QueryExecutionErrors$.multiStreamingQueriesUsingPathConcurrentlyError(QueryExecutionErrors.scala:1858)
[2025-07-18T15:28:02.335+0000] {subprocess.py:93} INFO - 	at org.apache.spark.sql.execution.streaming.HDFSMetadataLog.write(HDFSMetadataLog.scala:210)
[2025-07-18T15:28:02.335+0000] {subprocess.py:93} INFO - 	at org.apache.spark.sql.execution.streaming.HDFSMetadataLog.addNewBatchByStream(HDFSMetadataLog.scala:237)
[2025-07-18T15:28:02.336+0000] {subprocess.py:93} INFO - 	at org.apache.spark.sql.execution.streaming.HDFSMetadataLog.add(HDFSMetadataLog.scala:130)
[2025-07-18T15:28:02.336+0000] {subprocess.py:93} INFO - 	at org.apache.spark.sql.execution.streaming.MicroBatchExecution.markMicroBatchStart(MicroBatchExecution.scala:764)
[2025-07-18T15:28:02.336+0000] {subprocess.py:93} INFO - 	at org.apache.spark.sql.execution.streaming.MicroBatchExecution.$anonfun$constructNextBatch$13(MicroBatchExecution.scala:536)
[2025-07-18T15:28:02.337+0000] {subprocess.py:93} INFO - 	at scala.runtime.java8.JFunction0$mcV$sp.apply(JFunction0$mcV$sp.java:23)
[2025-07-18T15:28:02.337+0000] {subprocess.py:93} INFO - 	at org.apache.spark.sql.execution.streaming.ProgressReporter.reportTimeTaken(ProgressReporter.scala:427)
[2025-07-18T15:28:02.338+0000] {subprocess.py:93} INFO - 	at org.apache.spark.sql.execution.streaming.ProgressReporter.reportTimeTaken$(ProgressReporter.scala:425)
[2025-07-18T15:28:02.338+0000] {subprocess.py:93} INFO - 	at org.apache.spark.sql.execution.streaming.StreamExecution.reportTimeTaken(StreamExecution.scala:67)
[2025-07-18T15:28:02.338+0000] {subprocess.py:93} INFO - 	at org.apache.spark.sql.execution.streaming.MicroBatchExecution.$anonfun$constructNextBatch$1(MicroBatchExecution.scala:535)
[2025-07-18T15:28:02.338+0000] {subprocess.py:93} INFO - 	at scala.runtime.java8.JFunction0$mcZ$sp.apply(JFunction0$mcZ$sp.java:23)
[2025-07-18T15:28:02.339+0000] {subprocess.py:93} INFO - 	at org.apache.spark.sql.execution.streaming.MicroBatchExecution.withProgressLocked(MicroBatchExecution.scala:810)
[2025-07-18T15:28:02.339+0000] {subprocess.py:93} INFO - 	at org.apache.spark.sql.execution.streaming.MicroBatchExecution.constructNextBatch(MicroBatchExecution.scala:475)
[2025-07-18T15:28:02.339+0000] {subprocess.py:93} INFO - 	at org.apache.spark.sql.execution.streaming.MicroBatchExecution.$anonfun$runActivatedStream$2(MicroBatchExecution.scala:268)
[2025-07-18T15:28:02.339+0000] {subprocess.py:93} INFO - 	at scala.runtime.java8.JFunction0$mcV$sp.apply(JFunction0$mcV$sp.java:23)
[2025-07-18T15:28:02.339+0000] {subprocess.py:93} INFO - 	at org.apache.spark.sql.execution.streaming.ProgressReporter.reportTimeTaken(ProgressReporter.scala:427)
[2025-07-18T15:28:02.339+0000] {subprocess.py:93} INFO - 	at org.apache.spark.sql.execution.streaming.ProgressReporter.reportTimeTaken$(ProgressReporter.scala:425)
[2025-07-18T15:28:02.339+0000] {subprocess.py:93} INFO - 	at org.apache.spark.sql.execution.streaming.StreamExecution.reportTimeTaken(StreamExecution.scala:67)
[2025-07-18T15:28:02.339+0000] {subprocess.py:93} INFO - 	at org.apache.spark.sql.execution.streaming.MicroBatchExecution.$anonfun$runActivatedStream$1(MicroBatchExecution.scala:249)
[2025-07-18T15:28:02.339+0000] {subprocess.py:93} INFO - 	at org.apache.spark.sql.execution.streaming.ProcessingTimeExecutor.execute(TriggerExecutor.scala:67)
[2025-07-18T15:28:02.339+0000] {subprocess.py:93} INFO - 	at org.apache.spark.sql.execution.streaming.MicroBatchExecution.runActivatedStream(MicroBatchExecution.scala:239)
[2025-07-18T15:28:02.339+0000] {subprocess.py:93} INFO - 	at org.apache.spark.sql.execution.streaming.StreamExecution.$anonfun$runStream$1(StreamExecution.scala:311)
[2025-07-18T15:28:02.339+0000] {subprocess.py:93} INFO - 	at scala.runtime.java8.JFunction0$mcV$sp.apply(JFunction0$mcV$sp.java:23)
[2025-07-18T15:28:02.340+0000] {subprocess.py:93} INFO - 	at org.apache.spark.sql.SparkSession.withActive(SparkSession.scala:900)
[2025-07-18T15:28:02.340+0000] {subprocess.py:93} INFO - 	at org.apache.spark.sql.execution.streaming.StreamExecution.org$apache$spark$sql$execution$streaming$StreamExecution$$runStream(StreamExecution.scala:289)
[2025-07-18T15:28:02.340+0000] {subprocess.py:93} INFO - 	at org.apache.spark.sql.execution.streaming.StreamExecution$$anon$1.$anonfun$run$1(StreamExecution.scala:211)
[2025-07-18T15:28:02.340+0000] {subprocess.py:93} INFO - 	at scala.runtime.java8.JFunction0$mcV$sp.apply(JFunction0$mcV$sp.java:23)
[2025-07-18T15:28:02.340+0000] {subprocess.py:93} INFO - 	at org.apache.spark.JobArtifactSet$.withActiveJobArtifactState(JobArtifactSet.scala:94)
[2025-07-18T15:28:02.340+0000] {subprocess.py:93} INFO - 	at org.apache.spark.sql.execution.streaming.StreamExecution$$anon$1.run(StreamExecution.scala:211)
[2025-07-18T15:28:02.340+0000] {subprocess.py:93} INFO - Caused by: org.apache.hadoop.fs.FileAlreadyExistsException: Rename destination file:/tmp/checkpoints/reservations/offsets/7 already exists.
[2025-07-18T15:28:02.341+0000] {subprocess.py:93} INFO - 	at org.apache.hadoop.fs.AbstractFileSystem.renameInternal(AbstractFileSystem.java:770)
[2025-07-18T15:28:02.341+0000] {subprocess.py:93} INFO - 	at org.apache.hadoop.fs.AbstractFileSystem.rename(AbstractFileSystem.java:720)
[2025-07-18T15:28:02.341+0000] {subprocess.py:93} INFO - 	at org.apache.hadoop.fs.ChecksumFs.renameInternal(ChecksumFs.java:489)
[2025-07-18T15:28:02.341+0000] {subprocess.py:93} INFO - 	at org.apache.hadoop.fs.AbstractFileSystem.rename(AbstractFileSystem.java:720)
[2025-07-18T15:28:02.341+0000] {subprocess.py:93} INFO - 	at org.apache.hadoop.fs.FileContext.rename(FileContext.java:1036)
[2025-07-18T15:28:02.341+0000] {subprocess.py:93} INFO - 	at org.apache.spark.sql.execution.streaming.FileContextBasedCheckpointFileManager.renameTempFile(CheckpointFileManager.scala:372)
[2025-07-18T15:28:02.341+0000] {subprocess.py:93} INFO - 	at org.apache.spark.sql.execution.streaming.CheckpointFileManager$RenameBasedFSDataOutputStream.close(CheckpointFileManager.scala:154)
[2025-07-18T15:28:02.342+0000] {subprocess.py:93} INFO - 	at org.apache.spark.sql.execution.streaming.HDFSMetadataLog.write(HDFSMetadataLog.scala:204)
[2025-07-18T15:28:02.342+0000] {subprocess.py:93} INFO - 	... 28 more
[2025-07-18T15:28:02.342+0000] {subprocess.py:93} INFO - 25/07/18 15:28:02 INFO AppInfoParser: App info kafka.admin.client for adminclient-2 unregistered
[2025-07-18T15:28:02.342+0000] {subprocess.py:93} INFO - 25/07/18 15:28:02 INFO Metrics: Metrics scheduler closed
[2025-07-18T15:28:02.342+0000] {subprocess.py:93} INFO - 25/07/18 15:28:02 INFO Metrics: Closing reporter org.apache.kafka.common.metrics.JmxReporter
[2025-07-18T15:28:02.342+0000] {subprocess.py:93} INFO - 25/07/18 15:28:02 INFO Metrics: Metrics reporters closed
[2025-07-18T15:28:02.342+0000] {subprocess.py:93} INFO - 25/07/18 15:28:02 INFO MicroBatchExecution: Async log purge executor pool for query [id = 0314df7c-5598-4928-8d91-374ee67989d1, runId = 5efd7dd3-597c-4b84-be44-02e23713068f] has been shutdown
[2025-07-18T15:28:02.374+0000] {subprocess.py:93} INFO - Traceback (most recent call last):
[2025-07-18T15:28:02.374+0000] {subprocess.py:93} INFO -   File "/home/iceberg/spark/stream_to_bronze.py", line 94, in <module>
[2025-07-18T15:28:02.375+0000] {subprocess.py:93} INFO -     spark.streams.awaitAnyTermination()
[2025-07-18T15:28:02.375+0000] {subprocess.py:93} INFO -   File "/opt/bitnami/spark/python/lib/pyspark.zip/pyspark/sql/streaming/query.py", line 596, in awaitAnyTermination
[2025-07-18T15:28:02.376+0000] {subprocess.py:93} INFO -   File "/opt/bitnami/spark/python/lib/py4j-0.10.9.7-src.zip/py4j/java_gateway.py", line 1322, in __call__
[2025-07-18T15:28:02.376+0000] {subprocess.py:93} INFO -   File "/opt/bitnami/spark/python/lib/pyspark.zip/pyspark/errors/exceptions/captured.py", line 185, in deco
[2025-07-18T15:28:02.380+0000] {subprocess.py:93} INFO - pyspark.errors.exceptions.captured.StreamingQueryException: [STREAM_FAILED] Query [id = 0314df7c-5598-4928-8d91-374ee67989d1, runId = 5efd7dd3-597c-4b84-be44-02e23713068f] terminated with exception: Multiple streaming queries are concurrently using file:/tmp/checkpoints/reservations/offsets.
[2025-07-18T15:28:02.417+0000] {subprocess.py:93} INFO - 25/07/18 15:28:02 INFO SparkContext: Invoking stop() from shutdown hook
[2025-07-18T15:28:02.417+0000] {subprocess.py:93} INFO - 25/07/18 15:28:02 INFO SparkContext: SparkContext is stopping with exitCode 0.
[2025-07-18T15:28:02.425+0000] {subprocess.py:93} INFO - 25/07/18 15:28:02 INFO SparkUI: Stopped Spark web UI at http://77cb57a6bd53:4041
[2025-07-18T15:28:02.437+0000] {subprocess.py:93} INFO - 25/07/18 15:28:02 INFO MapOutputTrackerMasterEndpoint: MapOutputTrackerMasterEndpoint stopped!
[2025-07-18T15:28:02.468+0000] {subprocess.py:93} INFO - 25/07/18 15:28:02 INFO MemoryStore: MemoryStore cleared
[2025-07-18T15:28:02.469+0000] {subprocess.py:93} INFO - 25/07/18 15:28:02 INFO BlockManager: BlockManager stopped
[2025-07-18T15:28:02.476+0000] {subprocess.py:93} INFO - 25/07/18 15:28:02 INFO BlockManagerMaster: BlockManagerMaster stopped
[2025-07-18T15:28:02.477+0000] {subprocess.py:93} INFO - 25/07/18 15:28:02 INFO OutputCommitCoordinator$OutputCommitCoordinatorEndpoint: OutputCommitCoordinator stopped!
[2025-07-18T15:28:02.487+0000] {subprocess.py:93} INFO - 25/07/18 15:28:02 INFO SparkContext: Successfully stopped SparkContext
[2025-07-18T15:28:02.488+0000] {subprocess.py:93} INFO - 25/07/18 15:28:02 INFO ShutdownHookManager: Shutdown hook called
[2025-07-18T15:28:02.491+0000] {subprocess.py:93} INFO - 25/07/18 15:28:02 INFO ShutdownHookManager: Deleting directory /tmp/spark-991856bc-6aa7-4e8c-ae7c-a67f408df3d4/pyspark-10fd04fe-91f9-4d34-87db-6e704eb9f3a6
[2025-07-18T15:28:02.492+0000] {subprocess.py:93} INFO - 25/07/18 15:28:02 INFO ShutdownHookManager: Deleting directory /tmp/spark-991856bc-6aa7-4e8c-ae7c-a67f408df3d4
[2025-07-18T15:28:02.496+0000] {subprocess.py:93} INFO - 25/07/18 15:28:02 INFO ShutdownHookManager: Deleting directory /tmp/spark-c6387bca-b538-459e-bbd9-e252078f949b
[2025-07-18T15:28:02.504+0000] {subprocess.py:93} INFO - 25/07/18 15:28:02 INFO MetricsSystemImpl: Stopping s3a-file-system metrics system...
[2025-07-18T15:28:02.505+0000] {subprocess.py:93} INFO - 25/07/18 15:28:02 INFO MetricsSystemImpl: s3a-file-system metrics system stopped.
[2025-07-18T15:28:02.505+0000] {subprocess.py:93} INFO - 25/07/18 15:28:02 INFO MetricsSystemImpl: s3a-file-system metrics system shutdown complete.
[2025-07-18T15:28:02.898+0000] {subprocess.py:97} INFO - Command exited with return code 1
[2025-07-18T15:28:02.925+0000] {taskinstance.py:1937} ERROR - Task failed with exception
Traceback (most recent call last):
  File "/home/airflow/.local/lib/python3.8/site-packages/airflow/operators/bash.py", line 210, in execute
    raise AirflowException(
airflow.exceptions.AirflowException: Bash command failed. The command returned a non-zero exit code 1.
[2025-07-18T15:28:02.931+0000] {taskinstance.py:1400} INFO - Marking task as FAILED. dag_id=restaurant_pipeline, task_id=stream_to_bronze, execution_date=20250718T152400, start_date=20250718T152605, end_date=20250718T152802
[2025-07-18T15:28:02.956+0000] {standard_task_runner.py:104} ERROR - Failed to execute job 102 for task stream_to_bronze (Bash command failed. The command returned a non-zero exit code 1.; 334)
[2025-07-18T15:28:02.991+0000] {local_task_job_runner.py:228} INFO - Task exited with return code 1
[2025-07-18T15:28:03.046+0000] {taskinstance.py:2778} INFO - 0 downstream tasks scheduled from follow-on schedule check
