[2025-07-18T20:46:01.558+0000] {taskinstance.py:1159} INFO - Dependencies all met for dep_context=non-requeueable deps ti=<TaskInstance: restaurant_pipeline.send_to_kafka scheduled__2025-07-18T20:44:00+00:00 [queued]>
[2025-07-18T20:46:01.562+0000] {taskinstance.py:1159} INFO - Dependencies all met for dep_context=requeueable deps ti=<TaskInstance: restaurant_pipeline.send_to_kafka scheduled__2025-07-18T20:44:00+00:00 [queued]>
[2025-07-18T20:46:01.562+0000] {taskinstance.py:1361} INFO - Starting attempt 1 of 1
[2025-07-18T20:46:01.568+0000] {taskinstance.py:1382} INFO - Executing <Task(BashOperator): send_to_kafka> on 2025-07-18 20:44:00+00:00
[2025-07-18T20:46:01.570+0000] {standard_task_runner.py:57} INFO - Started process 6468 to run task
[2025-07-18T20:46:01.572+0000] {standard_task_runner.py:84} INFO - Running: ['***', 'tasks', 'run', 'restaurant_pipeline', 'send_to_kafka', 'scheduled__2025-07-18T20:44:00+00:00', '--job-id', '650', '--raw', '--subdir', 'DAGS_FOLDER/restaurant_pipeline.py', '--cfg-path', '/tmp/tmpwfipvjib']
[2025-07-18T20:46:01.573+0000] {standard_task_runner.py:85} INFO - Job 650: Subtask send_to_kafka
[2025-07-18T20:46:01.596+0000] {task_command.py:416} INFO - Running <TaskInstance: restaurant_pipeline.send_to_kafka scheduled__2025-07-18T20:44:00+00:00 [running]> on host 9bcfb43e0ab7
[2025-07-18T20:46:01.634+0000] {taskinstance.py:1662} INFO - Exporting env vars: AIRFLOW_CTX_DAG_OWNER='moran' AIRFLOW_CTX_DAG_ID='restaurant_pipeline' AIRFLOW_CTX_TASK_ID='send_to_kafka' AIRFLOW_CTX_EXECUTION_DATE='2025-07-18T20:44:00+00:00' AIRFLOW_CTX_TRY_NUMBER='1' AIRFLOW_CTX_DAG_RUN_ID='scheduled__2025-07-18T20:44:00+00:00'
[2025-07-18T20:46:01.635+0000] {subprocess.py:63} INFO - Tmp dir root location: /tmp
[2025-07-18T20:46:01.635+0000] {subprocess.py:75} INFO - Running command: ['/bin/bash', '-c', 'python /opt/streaming/producer.py']
[2025-07-18T20:46:01.639+0000] {subprocess.py:86} INFO - Output:
[2025-07-18T20:46:03.870+0000] {subprocess.py:93} INFO - [✓] Sent to reservations: {'reservation_id': 7563, 'branch_id': 101, 'customer_name': 'Ian Horton', 'phone_number': '504-765-4410x36116', 'reservation_date': '2025-07-18', 'reservation_time': '21:49', 'guests_count': 5, 'is_confirmed': False}
[2025-07-18T20:46:03.874+0000] {subprocess.py:93} INFO - [✓] Sent to reservations: {'reservation_id': 6626, 'branch_id': 102, 'customer_name': 'Craig Jones', 'phone_number': '+1-219-411-8490', 'reservation_date': '2025-07-18', 'reservation_time': '21:51', 'guests_count': 2, 'is_confirmed': True}
[2025-07-18T20:46:03.874+0000] {subprocess.py:93} INFO - [✓] Sent to reservations: {'reservation_id': 4656, 'branch_id': 101, 'customer_name': 'Mrs. Carol Flores DDS', 'phone_number': '6927651519', 'reservation_date': '2025-07-18', 'reservation_time': '22:26', 'guests_count': 3, 'is_confirmed': False}
[2025-07-18T20:46:03.874+0000] {subprocess.py:93} INFO - [✓] Sent to checkins: {'checkin_id': 1044, 'customer_name': 'Joshua Hanna', 'phone_number': '472.897.5254x068', 'branch_id': 101, 'table_id': 206, 'is_prebooked': True, 'checkin_date': '2025-07-18', 'checkin_time': '19:33', 'guests_count': 6, 'shift_manager': 'Lori Aguilar'}
[2025-07-18T20:46:03.874+0000] {subprocess.py:93} INFO - [✓] Sent to checkins: {'checkin_id': 4214, 'customer_name': 'Shannon Collins', 'phone_number': '916.423.0561x08952', 'branch_id': 102, 'table_id': 204, 'is_prebooked': False, 'checkin_date': '2025-07-18', 'checkin_time': '18:59', 'guests_count': 4, 'shift_manager': 'Kevin Torres'}
[2025-07-18T20:46:03.874+0000] {subprocess.py:93} INFO - [✓] Sent to checkins: {'checkin_id': 3723, 'customer_name': 'Raymond Howell', 'phone_number': '3959306472', 'branch_id': 102, 'table_id': 207, 'is_prebooked': True, 'checkin_date': '2025-07-18', 'checkin_time': '20:26', 'guests_count': 4, 'shift_manager': 'Ashley Howell'}
[2025-07-18T20:46:03.875+0000] {subprocess.py:93} INFO - [✓] Sent to feedback: {'feedback_id': 2074, 'branch_id': 101, 'customer_name': 'Amanda Collins', 'phone_number': '(357)901-9168x7497', 'feedback_text': 'Call cold certainly response forward especially.', 'rating': 5, 'dining_date': '2025-07-18', 'dining_time': '19:14', 'submission_time': '2025-07-18T20:46:00'}
[2025-07-18T20:46:03.875+0000] {subprocess.py:93} INFO - [✓] Sent to feedback: {'feedback_id': 3858, 'branch_id': 101, 'customer_name': 'Anthony Romero', 'phone_number': '+1-222-388-0815', 'feedback_text': 'Begin leave ahead write term call.', 'rating': 1, 'dining_date': '2025-07-18', 'dining_time': '19:58', 'submission_time': '2025-07-18T20:46:00'}
[2025-07-18T20:46:03.875+0000] {subprocess.py:93} INFO - [✓] Sent to feedback: {'feedback_id': 4909, 'branch_id': 101, 'customer_name': 'Brandon Kirby', 'phone_number': '(774)695-2916', 'feedback_text': 'Most entire factor word.', 'rating': 4, 'dining_date': '2025-07-18', 'dining_time': '20:11', 'submission_time': '2025-07-18T20:46:00'}
[2025-07-18T20:46:03.875+0000] {subprocess.py:93} INFO - ✅ All messages sent.
[2025-07-18T20:46:03.905+0000] {subprocess.py:97} INFO - Command exited with return code 0
[2025-07-18T20:46:03.921+0000] {taskinstance.py:1400} INFO - Marking task as SUCCESS. dag_id=restaurant_pipeline, task_id=send_to_kafka, execution_date=20250718T204400, start_date=20250718T204601, end_date=20250718T204603
[2025-07-18T20:46:03.960+0000] {local_task_job_runner.py:228} INFO - Task exited with return code 0
[2025-07-18T20:46:03.987+0000] {taskinstance.py:2778} INFO - 1 downstream tasks scheduled from follow-on schedule check
