[2025-07-18T20:56:01.464+0000] {taskinstance.py:1159} INFO - Dependencies all met for dep_context=non-requeueable deps ti=<TaskInstance: restaurant_pipeline.send_to_kafka scheduled__2025-07-18T20:54:00+00:00 [queued]>
[2025-07-18T20:56:01.468+0000] {taskinstance.py:1159} INFO - Dependencies all met for dep_context=requeueable deps ti=<TaskInstance: restaurant_pipeline.send_to_kafka scheduled__2025-07-18T20:54:00+00:00 [queued]>
[2025-07-18T20:56:01.468+0000] {taskinstance.py:1361} INFO - Starting attempt 1 of 1
[2025-07-18T20:56:01.474+0000] {taskinstance.py:1382} INFO - Executing <Task(BashOperator): send_to_kafka> on 2025-07-18 20:54:00+00:00
[2025-07-18T20:56:01.476+0000] {standard_task_runner.py:57} INFO - Started process 6653 to run task
[2025-07-18T20:56:01.478+0000] {standard_task_runner.py:84} INFO - Running: ['***', 'tasks', 'run', 'restaurant_pipeline', 'send_to_kafka', 'scheduled__2025-07-18T20:54:00+00:00', '--job-id', '665', '--raw', '--subdir', 'DAGS_FOLDER/restaurant_pipeline.py', '--cfg-path', '/tmp/tmpp943r0nx']
[2025-07-18T20:56:01.480+0000] {standard_task_runner.py:85} INFO - Job 665: Subtask send_to_kafka
[2025-07-18T20:56:01.505+0000] {task_command.py:416} INFO - Running <TaskInstance: restaurant_pipeline.send_to_kafka scheduled__2025-07-18T20:54:00+00:00 [running]> on host 9bcfb43e0ab7
[2025-07-18T20:56:01.546+0000] {taskinstance.py:1662} INFO - Exporting env vars: AIRFLOW_CTX_DAG_OWNER='moran' AIRFLOW_CTX_DAG_ID='restaurant_pipeline' AIRFLOW_CTX_TASK_ID='send_to_kafka' AIRFLOW_CTX_EXECUTION_DATE='2025-07-18T20:54:00+00:00' AIRFLOW_CTX_TRY_NUMBER='1' AIRFLOW_CTX_DAG_RUN_ID='scheduled__2025-07-18T20:54:00+00:00'
[2025-07-18T20:56:01.547+0000] {subprocess.py:63} INFO - Tmp dir root location: /tmp
[2025-07-18T20:56:01.547+0000] {subprocess.py:75} INFO - Running command: ['/bin/bash', '-c', 'python /opt/streaming/producer.py']
[2025-07-18T20:56:01.551+0000] {subprocess.py:86} INFO - Output:
[2025-07-18T20:56:03.782+0000] {subprocess.py:93} INFO - [✓] Sent to reservations: {'reservation_id': 8108, 'branch_id': 102, 'customer_name': 'Matthew Wells', 'phone_number': '(693)231-2711', 'reservation_date': '2025-07-18', 'reservation_time': '22:00', 'guests_count': 1, 'is_confirmed': True}
[2025-07-18T20:56:03.786+0000] {subprocess.py:93} INFO - [✓] Sent to reservations: {'reservation_id': 2808, 'branch_id': 102, 'customer_name': 'Robert Callahan', 'phone_number': '822.258.4641', 'reservation_date': '2025-07-18', 'reservation_time': '21:34', 'guests_count': 3, 'is_confirmed': True}
[2025-07-18T20:56:03.786+0000] {subprocess.py:93} INFO - [✓] Sent to reservations: {'reservation_id': 9407, 'branch_id': 102, 'customer_name': 'Phillip Johns', 'phone_number': '694.599.5827', 'reservation_date': '2025-07-18', 'reservation_time': '21:25', 'guests_count': 8, 'is_confirmed': False}
[2025-07-18T20:56:03.786+0000] {subprocess.py:93} INFO - [✓] Sent to checkins: {'checkin_id': 1354, 'customer_name': 'Morgan Vargas', 'phone_number': '727.402.2539x29108', 'branch_id': 102, 'table_id': 202, 'is_prebooked': False, 'checkin_date': '2025-07-18', 'checkin_time': '19:49', 'guests_count': 2, 'shift_manager': 'James Carlson'}
[2025-07-18T20:56:03.787+0000] {subprocess.py:93} INFO - [✓] Sent to checkins: {'checkin_id': 9176, 'customer_name': 'Joseph Watkins', 'phone_number': '817.377.3746x15834', 'branch_id': 102, 'table_id': 201, 'is_prebooked': False, 'checkin_date': '2025-07-18', 'checkin_time': '19:17', 'guests_count': 2, 'shift_manager': 'Shelly Smith'}
[2025-07-18T20:56:03.787+0000] {subprocess.py:93} INFO - [✓] Sent to checkins: {'checkin_id': 1708, 'customer_name': 'Veronica Mccarthy', 'phone_number': '238.551.3710x35184', 'branch_id': 102, 'table_id': 204, 'is_prebooked': True, 'checkin_date': '2025-07-18', 'checkin_time': '19:11', 'guests_count': 1, 'shift_manager': 'Patricia Sellers'}
[2025-07-18T20:56:03.787+0000] {subprocess.py:93} INFO - [✓] Sent to feedback: {'feedback_id': 4792, 'branch_id': 102, 'customer_name': 'Michael Wright', 'phone_number': '(261)245-4676x018', 'feedback_text': 'South million movement sure.', 'rating': 5, 'dining_date': '2025-07-18', 'dining_time': '19:16', 'submission_time': '2025-07-18T20:56:00'}
[2025-07-18T20:56:03.787+0000] {subprocess.py:93} INFO - [✓] Sent to feedback: {'feedback_id': 7576, 'branch_id': 101, 'customer_name': 'Michelle Garcia', 'phone_number': '679-226-9149x327', 'feedback_text': 'Again blood his rise system wall.', 'rating': 1, 'dining_date': '2025-07-18', 'dining_time': '20:16', 'submission_time': '2025-07-18T20:56:00'}
[2025-07-18T20:56:03.787+0000] {subprocess.py:93} INFO - [✓] Sent to feedback: {'feedback_id': 9366, 'branch_id': 102, 'customer_name': 'Bryan Williams', 'phone_number': '(946)257-6193', 'feedback_text': 'Must budget station must rich technology worker.', 'rating': 1, 'dining_date': '2025-07-18', 'dining_time': '20:56', 'submission_time': '2025-07-18T20:56:00'}
[2025-07-18T20:56:03.787+0000] {subprocess.py:93} INFO - ✅ All messages sent.
[2025-07-18T20:56:03.808+0000] {subprocess.py:97} INFO - Command exited with return code 0
[2025-07-18T20:56:03.821+0000] {taskinstance.py:1400} INFO - Marking task as SUCCESS. dag_id=restaurant_pipeline, task_id=send_to_kafka, execution_date=20250718T205400, start_date=20250718T205601, end_date=20250718T205603
[2025-07-18T20:56:03.855+0000] {local_task_job_runner.py:228} INFO - Task exited with return code 0
[2025-07-18T20:56:03.881+0000] {taskinstance.py:2778} INFO - 1 downstream tasks scheduled from follow-on schedule check
