[2025-07-19T18:07:36.356+0000] {taskinstance.py:1159} INFO - Dependencies all met for dep_context=non-requeueable deps ti=<TaskInstance: restaurant_pipeline.send_to_kafka manual__2025-07-19T18:07:34.776634+00:00 [queued]>
[2025-07-19T18:07:36.359+0000] {taskinstance.py:1159} INFO - Dependencies all met for dep_context=requeueable deps ti=<TaskInstance: restaurant_pipeline.send_to_kafka manual__2025-07-19T18:07:34.776634+00:00 [queued]>
[2025-07-19T18:07:36.360+0000] {taskinstance.py:1361} INFO - Starting attempt 1 of 1
[2025-07-19T18:07:36.365+0000] {taskinstance.py:1382} INFO - Executing <Task(BashOperator): send_to_kafka> on 2025-07-19 18:07:34.776634+00:00
[2025-07-19T18:07:36.367+0000] {standard_task_runner.py:57} INFO - Started process 372 to run task
[2025-07-19T18:07:36.368+0000] {standard_task_runner.py:84} INFO - Running: ['***', 'tasks', 'run', 'restaurant_pipeline', 'send_to_kafka', 'manual__2025-07-19T18:07:34.776634+00:00', '--job-id', '935', '--raw', '--subdir', 'DAGS_FOLDER/restaurant_pipeline.py', '--cfg-path', '/tmp/tmp5lyfttjf']
[2025-07-19T18:07:36.370+0000] {standard_task_runner.py:85} INFO - Job 935: Subtask send_to_kafka
[2025-07-19T18:07:36.389+0000] {task_command.py:416} INFO - Running <TaskInstance: restaurant_pipeline.send_to_kafka manual__2025-07-19T18:07:34.776634+00:00 [running]> on host e3f5d8fc4eef
[2025-07-19T18:07:36.423+0000] {taskinstance.py:1662} INFO - Exporting env vars: AIRFLOW_CTX_DAG_OWNER='moran' AIRFLOW_CTX_DAG_ID='restaurant_pipeline' AIRFLOW_CTX_TASK_ID='send_to_kafka' AIRFLOW_CTX_EXECUTION_DATE='2025-07-19T18:07:34.776634+00:00' AIRFLOW_CTX_TRY_NUMBER='1' AIRFLOW_CTX_DAG_RUN_ID='manual__2025-07-19T18:07:34.776634+00:00'
[2025-07-19T18:07:36.423+0000] {subprocess.py:63} INFO - Tmp dir root location: /tmp
[2025-07-19T18:07:36.424+0000] {subprocess.py:75} INFO - Running command: ['/bin/bash', '-c', 'python /opt/streaming/producer.py']
[2025-07-19T18:07:36.427+0000] {subprocess.py:86} INFO - Output:
[2025-07-19T18:07:38.651+0000] {subprocess.py:93} INFO - [✓] Sent to reservations: {'reservation_id': 9575, 'branch_id': 102, 'customer_name': 'Mark Taylor', 'phone_number': '001-422-260-0337', 'reservation_date': '2025-07-19', 'reservation_time': '19:53', 'guests_count': 4, 'is_confirmed': False}
[2025-07-19T18:07:38.656+0000] {subprocess.py:93} INFO - [✓] Sent to reservations: {'reservation_id': 2657, 'branch_id': 101, 'customer_name': 'Randy Smith', 'phone_number': '825-333-0525x84718', 'reservation_date': '2025-07-19', 'reservation_time': '19:00', 'guests_count': 7, 'is_confirmed': True}
[2025-07-19T18:07:38.657+0000] {subprocess.py:93} INFO - [✓] Sent to reservations: {'reservation_id': 1332, 'branch_id': 102, 'customer_name': 'Joshua Cline', 'phone_number': '001-305-525-4590x540', 'reservation_date': '2025-07-19', 'reservation_time': '19:45', 'guests_count': 1, 'is_confirmed': True}
[2025-07-19T18:07:38.658+0000] {subprocess.py:93} INFO - [✓] Sent to checkins: {'checkin_id': 8539, 'customer_name': 'Michelle Molina', 'phone_number': '001-479-983-0428', 'branch_id': 102, 'table_id': 201, 'is_prebooked': True, 'checkin_date': '2025-07-19', 'checkin_time': '17:28', 'guests_count': 1, 'shift_manager': 'Laura Gordon'}
[2025-07-19T18:07:38.659+0000] {subprocess.py:93} INFO - [✓] Sent to checkins: {'checkin_id': 5636, 'customer_name': 'Eric Peterson', 'phone_number': '466.726.4790x558', 'branch_id': 102, 'table_id': 207, 'is_prebooked': False, 'checkin_date': '2025-07-19', 'checkin_time': '16:08', 'guests_count': 3, 'shift_manager': 'Robyn Skinner'}
[2025-07-19T18:07:38.660+0000] {subprocess.py:93} INFO - [✓] Sent to checkins: {'checkin_id': 7730, 'customer_name': 'Carla Sanders', 'phone_number': '(911)738-4353', 'branch_id': 102, 'table_id': 208, 'is_prebooked': False, 'checkin_date': '2025-07-19', 'checkin_time': '17:19', 'guests_count': 6, 'shift_manager': 'Rebecca Hanson'}
[2025-07-19T18:07:38.661+0000] {subprocess.py:93} INFO - [✓] Sent to feedback: {'feedback_id': 5388, 'branch_id': 101, 'customer_name': 'Michael Vargas', 'phone_number': '001-608-479-1533x243', 'feedback_text': 'Too blood inside stand such street consider.', 'rating': 4, 'dining_date': '2025-07-19', 'dining_time': '16:24', 'submission_time': '2025-07-19T18:07:35'}
[2025-07-19T18:07:38.662+0000] {subprocess.py:93} INFO - [✓] Sent to feedback: {'feedback_id': 6720, 'branch_id': 102, 'customer_name': 'Kathleen Haynes', 'phone_number': '+1-485-410-5421x3948', 'feedback_text': 'Accept month attention wife cell place talk.', 'rating': 1, 'dining_date': '2025-07-19', 'dining_time': '18:06', 'submission_time': '2025-07-19T18:07:35'}
[2025-07-19T18:07:38.662+0000] {subprocess.py:93} INFO - [✓] Sent to feedback: {'feedback_id': 2290, 'branch_id': 102, 'customer_name': 'Erin Hinton', 'phone_number': '986.351.4864', 'feedback_text': 'Beat area ask gas city.', 'rating': 3, 'dining_date': '2025-07-19', 'dining_time': '17:56', 'submission_time': '2025-07-19T18:07:35'}
[2025-07-19T18:07:38.662+0000] {subprocess.py:93} INFO - ✅ All messages sent.
[2025-07-19T18:07:38.700+0000] {subprocess.py:97} INFO - Command exited with return code 0
[2025-07-19T18:07:38.718+0000] {taskinstance.py:1400} INFO - Marking task as SUCCESS. dag_id=restaurant_pipeline, task_id=send_to_kafka, execution_date=20250719T180734, start_date=20250719T180736, end_date=20250719T180738
[2025-07-19T18:07:38.746+0000] {local_task_job_runner.py:228} INFO - Task exited with return code 0
[2025-07-19T18:07:38.772+0000] {taskinstance.py:2778} INFO - 1 downstream tasks scheduled from follow-on schedule check
