[2025-07-19T20:14:23.463+0000] {taskinstance.py:1159} INFO - Dependencies all met for dep_context=non-requeueable deps ti=<TaskInstance: restaurant_pipeline.send_to_kafka scheduled__2025-07-19T20:12:00+00:00 [queued]>
[2025-07-19T20:14:23.467+0000] {taskinstance.py:1159} INFO - Dependencies all met for dep_context=requeueable deps ti=<TaskInstance: restaurant_pipeline.send_to_kafka scheduled__2025-07-19T20:12:00+00:00 [queued]>
[2025-07-19T20:14:23.467+0000] {taskinstance.py:1361} INFO - Starting attempt 1 of 1
[2025-07-19T20:14:23.472+0000] {taskinstance.py:1382} INFO - Executing <Task(BashOperator): send_to_kafka> on 2025-07-19 20:12:00+00:00
[2025-07-19T20:14:23.474+0000] {standard_task_runner.py:57} INFO - Started process 3193 to run task
[2025-07-19T20:14:23.477+0000] {standard_task_runner.py:84} INFO - Running: ['***', 'tasks', 'run', 'restaurant_pipeline', 'send_to_kafka', 'scheduled__2025-07-19T20:12:00+00:00', '--job-id', '1170', '--raw', '--subdir', 'DAGS_FOLDER/restaurant_pipeline.py', '--cfg-path', '/tmp/tmp0oy3d3qb']
[2025-07-19T20:14:23.479+0000] {standard_task_runner.py:85} INFO - Job 1170: Subtask send_to_kafka
[2025-07-19T20:14:23.502+0000] {task_command.py:416} INFO - Running <TaskInstance: restaurant_pipeline.send_to_kafka scheduled__2025-07-19T20:12:00+00:00 [running]> on host e3f5d8fc4eef
[2025-07-19T20:14:23.539+0000] {taskinstance.py:1662} INFO - Exporting env vars: AIRFLOW_CTX_DAG_OWNER='moran' AIRFLOW_CTX_DAG_ID='restaurant_pipeline' AIRFLOW_CTX_TASK_ID='send_to_kafka' AIRFLOW_CTX_EXECUTION_DATE='2025-07-19T20:12:00+00:00' AIRFLOW_CTX_TRY_NUMBER='1' AIRFLOW_CTX_DAG_RUN_ID='scheduled__2025-07-19T20:12:00+00:00'
[2025-07-19T20:14:23.540+0000] {subprocess.py:63} INFO - Tmp dir root location: /tmp
[2025-07-19T20:14:23.540+0000] {subprocess.py:75} INFO - Running command: ['/bin/bash', '-c', 'python /opt/streaming/producer.py']
[2025-07-19T20:14:23.544+0000] {subprocess.py:86} INFO - Output:
[2025-07-19T20:14:25.819+0000] {subprocess.py:93} INFO - [✓] Sent to reservations: {'reservation_id': 3077, 'branch_id': 101, 'customer_name': 'Diana Tucker', 'phone_number': '341-710-0795x933', 'reservation_date': '2025-07-19', 'reservation_time': '20:34', 'guests_count': 2, 'is_confirmed': False}
[2025-07-19T20:14:25.821+0000] {subprocess.py:93} INFO - [✓] Sent to reservations: {'reservation_id': 5740, 'branch_id': 102, 'customer_name': 'Mallory Johnson', 'phone_number': '(909)495-6385', 'reservation_date': '2025-07-19', 'reservation_time': '20:50', 'guests_count': 1, 'is_confirmed': False}
[2025-07-19T20:14:25.821+0000] {subprocess.py:93} INFO - [✓] Sent to reservations: {'reservation_id': 8171, 'branch_id': 101, 'customer_name': 'Mr. Matthew Mejia', 'phone_number': '(934)331-4712', 'reservation_date': '2025-07-19', 'reservation_time': '21:14', 'guests_count': 4, 'is_confirmed': True}
[2025-07-19T20:14:25.822+0000] {subprocess.py:93} INFO - [✓] Sent to checkins: {'checkin_id': 4500, 'customer_name': 'Ann Wagner', 'phone_number': '234.527.2546', 'branch_id': 101, 'table_id': 205, 'is_prebooked': True, 'checkin_date': '2025-07-19', 'checkin_time': '19:13', 'guests_count': 6, 'shift_manager': 'Anna Gonzalez'}
[2025-07-19T20:14:25.822+0000] {subprocess.py:93} INFO - [✓] Sent to checkins: {'checkin_id': 1228, 'customer_name': 'Kelly Barrett', 'phone_number': '(366)769-9277', 'branch_id': 102, 'table_id': 205, 'is_prebooked': True, 'checkin_date': '2025-07-19', 'checkin_time': '20:04', 'guests_count': 5, 'shift_manager': 'Lauren Wells'}
[2025-07-19T20:14:25.822+0000] {subprocess.py:93} INFO - [✓] Sent to checkins: {'checkin_id': 7729, 'customer_name': 'Thomas Cuevas', 'phone_number': '001-223-621-4123x0377', 'branch_id': 101, 'table_id': 200, 'is_prebooked': True, 'checkin_date': '2025-07-19', 'checkin_time': '19:24', 'guests_count': 4, 'shift_manager': 'Amanda Hull'}
[2025-07-19T20:14:25.823+0000] {subprocess.py:93} INFO - [✓] Sent to feedback: {'feedback_id': 6040, 'branch_id': 101, 'customer_name': 'Daniel Hendrix Jr.', 'phone_number': '001-539-261-4012', 'feedback_text': 'Conference great yeah actually likely large.', 'rating': 5, 'dining_date': '2025-07-19', 'dining_time': '20:04', 'submission_time': '2025-07-19T20:14:22'}
[2025-07-19T20:14:25.823+0000] {subprocess.py:93} INFO - [✓] Sent to feedback: {'feedback_id': 1280, 'branch_id': 101, 'customer_name': 'Frank Berger', 'phone_number': '+1-350-227-4233x878', 'feedback_text': 'Hand yet rock fear Democrat scientist example page.', 'rating': 1, 'dining_date': '2025-07-19', 'dining_time': '18:37', 'submission_time': '2025-07-19T20:14:22'}
[2025-07-19T20:14:25.823+0000] {subprocess.py:93} INFO - [✓] Sent to feedback: {'feedback_id': 2726, 'branch_id': 101, 'customer_name': 'Ashley Howell', 'phone_number': '(433)534-0140', 'feedback_text': 'According baby fear open sell development campaign.', 'rating': 1, 'dining_date': '2025-07-19', 'dining_time': '18:24', 'submission_time': '2025-07-19T20:14:22'}
[2025-07-19T20:14:25.824+0000] {subprocess.py:93} INFO - ✅ All messages sent.
[2025-07-19T20:14:25.871+0000] {subprocess.py:97} INFO - Command exited with return code 0
[2025-07-19T20:14:25.891+0000] {taskinstance.py:1400} INFO - Marking task as SUCCESS. dag_id=restaurant_pipeline, task_id=send_to_kafka, execution_date=20250719T201200, start_date=20250719T201423, end_date=20250719T201425
[2025-07-19T20:14:25.939+0000] {local_task_job_runner.py:228} INFO - Task exited with return code 0
[2025-07-19T20:14:25.966+0000] {taskinstance.py:2778} INFO - 1 downstream tasks scheduled from follow-on schedule check
