[2025-07-19T22:18:01.993+0000] {taskinstance.py:1159} INFO - Dependencies all met for dep_context=non-requeueable deps ti=<TaskInstance: restaurant_pipeline.send_to_kafka scheduled__2025-07-19T22:16:00+00:00 [queued]>
[2025-07-19T22:18:01.997+0000] {taskinstance.py:1159} INFO - Dependencies all met for dep_context=requeueable deps ti=<TaskInstance: restaurant_pipeline.send_to_kafka scheduled__2025-07-19T22:16:00+00:00 [queued]>
[2025-07-19T22:18:01.998+0000] {taskinstance.py:1361} INFO - Starting attempt 1 of 1
[2025-07-19T22:18:02.003+0000] {taskinstance.py:1382} INFO - Executing <Task(BashOperator): send_to_kafka> on 2025-07-19 22:16:00+00:00
[2025-07-19T22:18:02.006+0000] {standard_task_runner.py:57} INFO - Started process 5206 to run task
[2025-07-19T22:18:02.009+0000] {standard_task_runner.py:84} INFO - Running: ['***', 'tasks', 'run', 'restaurant_pipeline', 'send_to_kafka', 'scheduled__2025-07-19T22:16:00+00:00', '--job-id', '1293', '--raw', '--subdir', 'DAGS_FOLDER/restaurant_pipeline.py', '--cfg-path', '/tmp/tmpycblda51']
[2025-07-19T22:18:02.012+0000] {standard_task_runner.py:85} INFO - Job 1293: Subtask send_to_kafka
[2025-07-19T22:18:02.035+0000] {task_command.py:416} INFO - Running <TaskInstance: restaurant_pipeline.send_to_kafka scheduled__2025-07-19T22:16:00+00:00 [running]> on host e3f5d8fc4eef
[2025-07-19T22:18:02.074+0000] {taskinstance.py:1662} INFO - Exporting env vars: AIRFLOW_CTX_DAG_OWNER='moran' AIRFLOW_CTX_DAG_ID='restaurant_pipeline' AIRFLOW_CTX_TASK_ID='send_to_kafka' AIRFLOW_CTX_EXECUTION_DATE='2025-07-19T22:16:00+00:00' AIRFLOW_CTX_TRY_NUMBER='1' AIRFLOW_CTX_DAG_RUN_ID='scheduled__2025-07-19T22:16:00+00:00'
[2025-07-19T22:18:02.074+0000] {subprocess.py:63} INFO - Tmp dir root location: /tmp
[2025-07-19T22:18:02.075+0000] {subprocess.py:75} INFO - Running command: ['/bin/bash', '-c', 'python /opt/streaming/producer.py']
[2025-07-19T22:18:02.081+0000] {subprocess.py:86} INFO - Output:
[2025-07-19T22:18:04.381+0000] {subprocess.py:93} INFO - [✓] Sent to reservations: {'reservation_id': 1648, 'branch_id': 101, 'customer_name': 'Susan Morris', 'phone_number': '(412)692-7080', 'reservation_date': '2025-07-19', 'reservation_time': '22:30', 'guests_count': 5, 'is_confirmed': True}
[2025-07-19T22:18:04.383+0000] {subprocess.py:93} INFO - [✓] Sent to reservations: {'reservation_id': 2319, 'branch_id': 101, 'customer_name': 'Lisa Robertson', 'phone_number': '001-371-866-3277x23083', 'reservation_date': '2025-07-19', 'reservation_time': '23:10', 'guests_count': 7, 'is_confirmed': True}
[2025-07-19T22:18:04.384+0000] {subprocess.py:93} INFO - [✓] Sent to reservations: {'reservation_id': 9919, 'branch_id': 101, 'customer_name': 'Alexander Lopez', 'phone_number': '880.801.9618x2543', 'reservation_date': '2025-07-19', 'reservation_time': '00:05', 'guests_count': 6, 'is_confirmed': False}
[2025-07-19T22:18:04.385+0000] {subprocess.py:93} INFO - [✓] Sent to checkins: {'checkin_id': 3516, 'customer_name': 'Adrian Davis', 'phone_number': '(299)515-2693x111', 'branch_id': 101, 'table_id': 200, 'is_prebooked': True, 'checkin_date': '2025-07-19', 'checkin_time': '20:18', 'guests_count': 6, 'shift_manager': 'Zachary Fleming'}
[2025-07-19T22:18:04.386+0000] {subprocess.py:93} INFO - [✓] Sent to checkins: {'checkin_id': 8840, 'customer_name': 'Aaron Gilbert', 'phone_number': '001-249-981-5693', 'branch_id': 101, 'table_id': 204, 'is_prebooked': True, 'checkin_date': '2025-07-19', 'checkin_time': '20:59', 'guests_count': 5, 'shift_manager': 'Joshua Wilson'}
[2025-07-19T22:18:04.387+0000] {subprocess.py:93} INFO - [✓] Sent to checkins: {'checkin_id': 4912, 'customer_name': 'Luis Gutierrez', 'phone_number': '4274250751', 'branch_id': 101, 'table_id': 208, 'is_prebooked': True, 'checkin_date': '2025-07-19', 'checkin_time': '20:32', 'guests_count': 4, 'shift_manager': 'Vincent Thompson'}
[2025-07-19T22:18:04.388+0000] {subprocess.py:93} INFO - [✓] Sent to feedback: {'feedback_id': 4026, 'branch_id': 102, 'customer_name': 'Maria Allen', 'phone_number': '298-989-5277', 'feedback_text': 'Door history worry space defense about recently.', 'rating': 3, 'dining_date': '2025-07-19', 'dining_time': '21:23', 'submission_time': '2025-07-19T22:18:01'}
[2025-07-19T22:18:04.389+0000] {subprocess.py:93} INFO - [✓] Sent to feedback: {'feedback_id': 1928, 'branch_id': 102, 'customer_name': 'Margaret Moore', 'phone_number': '001-692-275-6566x1397', 'feedback_text': 'Read director painting whose.', 'rating': 1, 'dining_date': '2025-07-19', 'dining_time': '20:44', 'submission_time': '2025-07-19T22:18:01'}
[2025-07-19T22:18:04.389+0000] {subprocess.py:93} INFO - [✓] Sent to feedback: {'feedback_id': 9342, 'branch_id': 101, 'customer_name': 'Dawn Romero', 'phone_number': '690.225.6107x8512', 'feedback_text': 'Manage trade time.', 'rating': 3, 'dining_date': '2025-07-19', 'dining_time': '21:05', 'submission_time': '2025-07-19T22:18:01'}
[2025-07-19T22:18:04.390+0000] {subprocess.py:93} INFO - ✅ All messages sent.
[2025-07-19T22:18:04.437+0000] {subprocess.py:97} INFO - Command exited with return code 0
[2025-07-19T22:18:04.461+0000] {taskinstance.py:1400} INFO - Marking task as SUCCESS. dag_id=restaurant_pipeline, task_id=send_to_kafka, execution_date=20250719T221600, start_date=20250719T221801, end_date=20250719T221804
[2025-07-19T22:18:04.483+0000] {local_task_job_runner.py:228} INFO - Task exited with return code 0
[2025-07-19T22:18:04.509+0000] {taskinstance.py:2778} INFO - 1 downstream tasks scheduled from follow-on schedule check
