[2025-07-18T19:50:01.763+0000] {taskinstance.py:1159} INFO - Dependencies all met for dep_context=non-requeueable deps ti=<TaskInstance: restaurant_pipeline.send_to_kafka scheduled__2025-07-18T19:48:00+00:00 [queued]>
[2025-07-18T19:50:01.770+0000] {taskinstance.py:1159} INFO - Dependencies all met for dep_context=requeueable deps ti=<TaskInstance: restaurant_pipeline.send_to_kafka scheduled__2025-07-18T19:48:00+00:00 [queued]>
[2025-07-18T19:50:01.771+0000] {taskinstance.py:1361} INFO - Starting attempt 1 of 1
[2025-07-18T19:50:01.779+0000] {taskinstance.py:1382} INFO - Executing <Task(BashOperator): send_to_kafka> on 2025-07-18 19:48:00+00:00
[2025-07-18T19:50:01.781+0000] {standard_task_runner.py:57} INFO - Started process 5480 to run task
[2025-07-18T19:50:01.783+0000] {standard_task_runner.py:84} INFO - Running: ['***', 'tasks', 'run', 'restaurant_pipeline', 'send_to_kafka', 'scheduled__2025-07-18T19:48:00+00:00', '--job-id', '566', '--raw', '--subdir', 'DAGS_FOLDER/restaurant_pipeline.py', '--cfg-path', '/tmp/tmpyltnx27d']
[2025-07-18T19:50:01.785+0000] {standard_task_runner.py:85} INFO - Job 566: Subtask send_to_kafka
[2025-07-18T19:50:01.807+0000] {task_command.py:416} INFO - Running <TaskInstance: restaurant_pipeline.send_to_kafka scheduled__2025-07-18T19:48:00+00:00 [running]> on host 9bcfb43e0ab7
[2025-07-18T19:50:01.845+0000] {taskinstance.py:1662} INFO - Exporting env vars: AIRFLOW_CTX_DAG_OWNER='moran' AIRFLOW_CTX_DAG_ID='restaurant_pipeline' AIRFLOW_CTX_TASK_ID='send_to_kafka' AIRFLOW_CTX_EXECUTION_DATE='2025-07-18T19:48:00+00:00' AIRFLOW_CTX_TRY_NUMBER='1' AIRFLOW_CTX_DAG_RUN_ID='scheduled__2025-07-18T19:48:00+00:00'
[2025-07-18T19:50:01.845+0000] {subprocess.py:63} INFO - Tmp dir root location: /tmp
[2025-07-18T19:50:01.846+0000] {subprocess.py:75} INFO - Running command: ['/bin/bash', '-c', 'python /opt/streaming/producer.py']
[2025-07-18T19:50:01.849+0000] {subprocess.py:86} INFO - Output:
[2025-07-18T19:50:04.083+0000] {subprocess.py:93} INFO - [✓] Sent to reservations: {'reservation_id': 6427, 'branch_id': 102, 'customer_name': 'Stephanie Neal', 'phone_number': '249-422-6810x698', 'reservation_date': '2025-07-18', 'reservation_time': '20:01', 'guests_count': 6, 'is_confirmed': False}
[2025-07-18T19:50:04.084+0000] {subprocess.py:93} INFO - [✓] Sent to reservations: {'reservation_id': 5103, 'branch_id': 102, 'customer_name': 'Michael Rodriguez', 'phone_number': '359-885-6735x0662', 'reservation_date': '2025-07-18', 'reservation_time': '20:45', 'guests_count': 7, 'is_confirmed': True}
[2025-07-18T19:50:04.085+0000] {subprocess.py:93} INFO - [✓] Sent to reservations: {'reservation_id': 6828, 'branch_id': 102, 'customer_name': 'Joshua Robinson', 'phone_number': '488.742.7697', 'reservation_date': '2025-07-18', 'reservation_time': '21:27', 'guests_count': 8, 'is_confirmed': True}
[2025-07-18T19:50:04.085+0000] {subprocess.py:93} INFO - [✓] Sent to checkins: {'checkin_id': 2336, 'customer_name': 'Erika Tucker', 'phone_number': '895.640.7879x936', 'branch_id': 102, 'table_id': 200, 'is_prebooked': False, 'checkin_date': '2025-07-18', 'checkin_time': '18:53', 'guests_count': 6, 'shift_manager': 'Shannon Freeman'}
[2025-07-18T19:50:04.085+0000] {subprocess.py:93} INFO - [✓] Sent to checkins: {'checkin_id': 8891, 'customer_name': 'Allen Thomas', 'phone_number': '4047864688', 'branch_id': 102, 'table_id': 210, 'is_prebooked': False, 'checkin_date': '2025-07-18', 'checkin_time': '19:07', 'guests_count': 4, 'shift_manager': 'Nicholas Coleman'}
[2025-07-18T19:50:04.086+0000] {subprocess.py:93} INFO - [✓] Sent to checkins: {'checkin_id': 8202, 'customer_name': 'Cameron Wilson', 'phone_number': '491-314-3832x1144', 'branch_id': 102, 'table_id': 205, 'is_prebooked': True, 'checkin_date': '2025-07-18', 'checkin_time': '18:30', 'guests_count': 4, 'shift_manager': 'Kimberly Parker'}
[2025-07-18T19:50:04.086+0000] {subprocess.py:93} INFO - [✓] Sent to feedback: {'feedback_id': 4337, 'branch_id': 101, 'customer_name': 'Elizabeth Gonzalez', 'phone_number': '001-348-471-6286x2287', 'feedback_text': 'Ok term far else cost Congress.', 'rating': 3, 'dining_date': '2025-07-18', 'dining_time': '18:28', 'submission_time': '2025-07-18T19:50:00'}
[2025-07-18T19:50:04.087+0000] {subprocess.py:93} INFO - [✓] Sent to feedback: {'feedback_id': 9204, 'branch_id': 101, 'customer_name': 'Kara Allen', 'phone_number': '001-774-388-5538', 'feedback_text': 'Near indicate list white.', 'rating': 3, 'dining_date': '2025-07-18', 'dining_time': '19:37', 'submission_time': '2025-07-18T19:50:00'}
[2025-07-18T19:50:04.087+0000] {subprocess.py:93} INFO - [✓] Sent to feedback: {'feedback_id': 9837, 'branch_id': 102, 'customer_name': 'Crystal Lynch', 'phone_number': '8363776374', 'feedback_text': 'Life green experience official example.', 'rating': 5, 'dining_date': '2025-07-18', 'dining_time': '18:40', 'submission_time': '2025-07-18T19:50:00'}
[2025-07-18T19:50:04.087+0000] {subprocess.py:93} INFO - ✅ All messages sent.
[2025-07-18T19:50:04.136+0000] {subprocess.py:97} INFO - Command exited with return code 0
[2025-07-18T19:50:04.155+0000] {taskinstance.py:1400} INFO - Marking task as SUCCESS. dag_id=restaurant_pipeline, task_id=send_to_kafka, execution_date=20250718T194800, start_date=20250718T195001, end_date=20250718T195004
[2025-07-18T19:50:04.205+0000] {local_task_job_runner.py:228} INFO - Task exited with return code 0
[2025-07-18T19:50:04.233+0000] {taskinstance.py:2778} INFO - 1 downstream tasks scheduled from follow-on schedule check
