[2025-07-18T20:42:01.547+0000] {taskinstance.py:1159} INFO - Dependencies all met for dep_context=non-requeueable deps ti=<TaskInstance: restaurant_pipeline.send_to_kafka scheduled__2025-07-18T20:40:00+00:00 [queued]>
[2025-07-18T20:42:01.564+0000] {taskinstance.py:1159} INFO - Dependencies all met for dep_context=requeueable deps ti=<TaskInstance: restaurant_pipeline.send_to_kafka scheduled__2025-07-18T20:40:00+00:00 [queued]>
[2025-07-18T20:42:01.566+0000] {taskinstance.py:1361} INFO - Starting attempt 1 of 1
[2025-07-18T20:42:01.584+0000] {taskinstance.py:1382} INFO - Executing <Task(BashOperator): send_to_kafka> on 2025-07-18 20:40:00+00:00
[2025-07-18T20:42:01.587+0000] {standard_task_runner.py:57} INFO - Started process 6395 to run task
[2025-07-18T20:42:01.596+0000] {standard_task_runner.py:84} INFO - Running: ['***', 'tasks', 'run', 'restaurant_pipeline', 'send_to_kafka', 'scheduled__2025-07-18T20:40:00+00:00', '--job-id', '644', '--raw', '--subdir', 'DAGS_FOLDER/restaurant_pipeline.py', '--cfg-path', '/tmp/tmpezbzhdn0']
[2025-07-18T20:42:01.599+0000] {standard_task_runner.py:85} INFO - Job 644: Subtask send_to_kafka
[2025-07-18T20:42:01.678+0000] {task_command.py:416} INFO - Running <TaskInstance: restaurant_pipeline.send_to_kafka scheduled__2025-07-18T20:40:00+00:00 [running]> on host 9bcfb43e0ab7
[2025-07-18T20:42:01.848+0000] {taskinstance.py:1662} INFO - Exporting env vars: AIRFLOW_CTX_DAG_OWNER='moran' AIRFLOW_CTX_DAG_ID='restaurant_pipeline' AIRFLOW_CTX_TASK_ID='send_to_kafka' AIRFLOW_CTX_EXECUTION_DATE='2025-07-18T20:40:00+00:00' AIRFLOW_CTX_TRY_NUMBER='1' AIRFLOW_CTX_DAG_RUN_ID='scheduled__2025-07-18T20:40:00+00:00'
[2025-07-18T20:42:01.851+0000] {subprocess.py:63} INFO - Tmp dir root location: /tmp
[2025-07-18T20:42:01.853+0000] {subprocess.py:75} INFO - Running command: ['/bin/bash', '-c', 'python /opt/streaming/producer.py']
[2025-07-18T20:42:01.868+0000] {subprocess.py:86} INFO - Output:
[2025-07-18T20:42:04.354+0000] {subprocess.py:93} INFO - [✓] Sent to reservations: {'reservation_id': 1714, 'branch_id': 102, 'customer_name': 'Mr. William Richard', 'phone_number': '+1-763-209-2781x18115', 'reservation_date': '2025-07-18', 'reservation_time': '22:38', 'guests_count': 8, 'is_confirmed': False}
[2025-07-18T20:42:04.360+0000] {subprocess.py:93} INFO - [✓] Sent to reservations: {'reservation_id': 8310, 'branch_id': 102, 'customer_name': 'Kimberly Ochoa', 'phone_number': '001-836-297-5336x24516', 'reservation_date': '2025-07-18', 'reservation_time': '22:35', 'guests_count': 5, 'is_confirmed': True}
[2025-07-18T20:42:04.360+0000] {subprocess.py:93} INFO - [✓] Sent to reservations: {'reservation_id': 1643, 'branch_id': 102, 'customer_name': 'Sharon Williams', 'phone_number': '(206)652-1387x5349', 'reservation_date': '2025-07-18', 'reservation_time': '21:14', 'guests_count': 4, 'is_confirmed': False}
[2025-07-18T20:42:04.362+0000] {subprocess.py:93} INFO - [✓] Sent to checkins: {'checkin_id': 4853, 'customer_name': 'Dalton Harris', 'phone_number': '588.973.2934', 'branch_id': 102, 'table_id': 205, 'is_prebooked': False, 'checkin_date': '2025-07-18', 'checkin_time': '19:07', 'guests_count': 5, 'shift_manager': 'Suzanne Pearson'}
[2025-07-18T20:42:04.364+0000] {subprocess.py:93} INFO - [✓] Sent to checkins: {'checkin_id': 4635, 'customer_name': 'Laura Carpenter', 'phone_number': '451.615.9199x86385', 'branch_id': 101, 'table_id': 200, 'is_prebooked': True, 'checkin_date': '2025-07-18', 'checkin_time': '18:52', 'guests_count': 3, 'shift_manager': 'Kimberly Harris'}
[2025-07-18T20:42:04.365+0000] {subprocess.py:93} INFO - [✓] Sent to checkins: {'checkin_id': 1383, 'customer_name': 'Annette Lewis', 'phone_number': '+1-625-610-1678x2152', 'branch_id': 101, 'table_id': 200, 'is_prebooked': False, 'checkin_date': '2025-07-18', 'checkin_time': '20:06', 'guests_count': 6, 'shift_manager': 'Tara Rogers'}
[2025-07-18T20:42:04.365+0000] {subprocess.py:93} INFO - [✓] Sent to feedback: {'feedback_id': 4502, 'branch_id': 101, 'customer_name': 'Rachael Wise', 'phone_number': '864.702.7663x3404', 'feedback_text': 'Pick Congress choice stop adult quite production.', 'rating': 3, 'dining_date': '2025-07-18', 'dining_time': '18:48', 'submission_time': '2025-07-18T20:42:00'}
[2025-07-18T20:42:04.365+0000] {subprocess.py:93} INFO - [✓] Sent to feedback: {'feedback_id': 7289, 'branch_id': 102, 'customer_name': 'Brandon Washington', 'phone_number': '+1-686-453-0248x9205', 'feedback_text': 'Seek discuss performance issue hotel.', 'rating': 5, 'dining_date': '2025-07-18', 'dining_time': '19:01', 'submission_time': '2025-07-18T20:42:00'}
[2025-07-18T20:42:04.366+0000] {subprocess.py:93} INFO - [✓] Sent to feedback: {'feedback_id': 6919, 'branch_id': 102, 'customer_name': 'Jonathan Buckley', 'phone_number': '001-269-304-0798x86360', 'feedback_text': 'Turn be peace structure though entire direction.', 'rating': 4, 'dining_date': '2025-07-18', 'dining_time': '18:57', 'submission_time': '2025-07-18T20:42:00'}
[2025-07-18T20:42:04.368+0000] {subprocess.py:93} INFO - ✅ All messages sent.
[2025-07-18T20:42:04.423+0000] {subprocess.py:97} INFO - Command exited with return code 0
[2025-07-18T20:42:04.447+0000] {taskinstance.py:1400} INFO - Marking task as SUCCESS. dag_id=restaurant_pipeline, task_id=send_to_kafka, execution_date=20250718T204000, start_date=20250718T204201, end_date=20250718T204204
[2025-07-18T20:42:04.471+0000] {local_task_job_runner.py:228} INFO - Task exited with return code 0
[2025-07-18T20:42:04.500+0000] {taskinstance.py:2778} INFO - 1 downstream tasks scheduled from follow-on schedule check
