[2025-07-18T20:36:01.503+0000] {taskinstance.py:1159} INFO - Dependencies all met for dep_context=non-requeueable deps ti=<TaskInstance: restaurant_pipeline.send_to_kafka scheduled__2025-07-18T20:34:00+00:00 [queued]>
[2025-07-18T20:36:01.507+0000] {taskinstance.py:1159} INFO - Dependencies all met for dep_context=requeueable deps ti=<TaskInstance: restaurant_pipeline.send_to_kafka scheduled__2025-07-18T20:34:00+00:00 [queued]>
[2025-07-18T20:36:01.507+0000] {taskinstance.py:1361} INFO - Starting attempt 1 of 1
[2025-07-18T20:36:01.514+0000] {taskinstance.py:1382} INFO - Executing <Task(BashOperator): send_to_kafka> on 2025-07-18 20:34:00+00:00
[2025-07-18T20:36:01.516+0000] {standard_task_runner.py:57} INFO - Started process 6290 to run task
[2025-07-18T20:36:01.518+0000] {standard_task_runner.py:84} INFO - Running: ['***', 'tasks', 'run', 'restaurant_pipeline', 'send_to_kafka', 'scheduled__2025-07-18T20:34:00+00:00', '--job-id', '635', '--raw', '--subdir', 'DAGS_FOLDER/restaurant_pipeline.py', '--cfg-path', '/tmp/tmpypuocach']
[2025-07-18T20:36:01.519+0000] {standard_task_runner.py:85} INFO - Job 635: Subtask send_to_kafka
[2025-07-18T20:36:01.541+0000] {task_command.py:416} INFO - Running <TaskInstance: restaurant_pipeline.send_to_kafka scheduled__2025-07-18T20:34:00+00:00 [running]> on host 9bcfb43e0ab7
[2025-07-18T20:36:01.579+0000] {taskinstance.py:1662} INFO - Exporting env vars: AIRFLOW_CTX_DAG_OWNER='moran' AIRFLOW_CTX_DAG_ID='restaurant_pipeline' AIRFLOW_CTX_TASK_ID='send_to_kafka' AIRFLOW_CTX_EXECUTION_DATE='2025-07-18T20:34:00+00:00' AIRFLOW_CTX_TRY_NUMBER='1' AIRFLOW_CTX_DAG_RUN_ID='scheduled__2025-07-18T20:34:00+00:00'
[2025-07-18T20:36:01.580+0000] {subprocess.py:63} INFO - Tmp dir root location: /tmp
[2025-07-18T20:36:01.580+0000] {subprocess.py:75} INFO - Running command: ['/bin/bash', '-c', 'python /opt/streaming/producer.py']
[2025-07-18T20:36:01.584+0000] {subprocess.py:86} INFO - Output:
[2025-07-18T20:36:03.835+0000] {subprocess.py:93} INFO - [✓] Sent to reservations: {'reservation_id': 2352, 'branch_id': 101, 'customer_name': 'Lauren Cook', 'phone_number': '001-328-857-5726x5127', 'reservation_date': '2025-07-18', 'reservation_time': '22:15', 'guests_count': 8, 'is_confirmed': True}
[2025-07-18T20:36:03.843+0000] {subprocess.py:93} INFO - [✓] Sent to reservations: {'reservation_id': 4359, 'branch_id': 102, 'customer_name': 'April Ward', 'phone_number': '(469)959-3752x87973', 'reservation_date': '2025-07-18', 'reservation_time': '21:37', 'guests_count': 6, 'is_confirmed': False}
[2025-07-18T20:36:03.844+0000] {subprocess.py:93} INFO - [✓] Sent to reservations: {'reservation_id': 9863, 'branch_id': 102, 'customer_name': 'Timothy Gomez', 'phone_number': '337.813.8127', 'reservation_date': '2025-07-18', 'reservation_time': '20:47', 'guests_count': 2, 'is_confirmed': False}
[2025-07-18T20:36:03.844+0000] {subprocess.py:93} INFO - [✓] Sent to checkins: {'checkin_id': 2722, 'customer_name': 'Destiny Gonzalez', 'phone_number': '408.636.5257', 'branch_id': 101, 'table_id': 203, 'is_prebooked': False, 'checkin_date': '2025-07-18', 'checkin_time': '19:53', 'guests_count': 4, 'shift_manager': 'Mindy Brewer'}
[2025-07-18T20:36:03.845+0000] {subprocess.py:93} INFO - [✓] Sent to checkins: {'checkin_id': 8545, 'customer_name': 'Erin Cohen', 'phone_number': '680-444-6258', 'branch_id': 101, 'table_id': 204, 'is_prebooked': False, 'checkin_date': '2025-07-18', 'checkin_time': '20:30', 'guests_count': 6, 'shift_manager': 'Paula Johnson'}
[2025-07-18T20:36:03.845+0000] {subprocess.py:93} INFO - [✓] Sent to checkins: {'checkin_id': 5096, 'customer_name': 'Michelle Arnold DDS', 'phone_number': '605-806-5301', 'branch_id': 102, 'table_id': 203, 'is_prebooked': True, 'checkin_date': '2025-07-18', 'checkin_time': '19:35', 'guests_count': 2, 'shift_manager': 'Whitney Lucas'}
[2025-07-18T20:36:03.845+0000] {subprocess.py:93} INFO - [✓] Sent to feedback: {'feedback_id': 5986, 'branch_id': 101, 'customer_name': 'Toni Wood', 'phone_number': '001-666-513-7326x20635', 'feedback_text': 'True cut class ground clearly also feel.', 'rating': 4, 'dining_date': '2025-07-18', 'dining_time': '20:32', 'submission_time': '2025-07-18T20:36:01'}
[2025-07-18T20:36:03.845+0000] {subprocess.py:93} INFO - [✓] Sent to feedback: {'feedback_id': 3140, 'branch_id': 102, 'customer_name': 'Sara Ellis', 'phone_number': '(515)721-7143x901', 'feedback_text': 'Have commercial they option memory case.', 'rating': 1, 'dining_date': '2025-07-18', 'dining_time': '20:29', 'submission_time': '2025-07-18T20:36:01'}
[2025-07-18T20:36:03.846+0000] {subprocess.py:93} INFO - [✓] Sent to feedback: {'feedback_id': 9457, 'branch_id': 101, 'customer_name': 'Marissa Hood', 'phone_number': '(416)251-3950x81217', 'feedback_text': 'Claim couple operation sense pick art war.', 'rating': 1, 'dining_date': '2025-07-18', 'dining_time': '19:20', 'submission_time': '2025-07-18T20:36:01'}
[2025-07-18T20:36:03.846+0000] {subprocess.py:93} INFO - ✅ All messages sent.
[2025-07-18T20:36:03.888+0000] {subprocess.py:97} INFO - Command exited with return code 0
[2025-07-18T20:36:03.907+0000] {taskinstance.py:1400} INFO - Marking task as SUCCESS. dag_id=restaurant_pipeline, task_id=send_to_kafka, execution_date=20250718T203400, start_date=20250718T203601, end_date=20250718T203603
[2025-07-18T20:36:03.943+0000] {local_task_job_runner.py:228} INFO - Task exited with return code 0
[2025-07-18T20:36:03.975+0000] {taskinstance.py:2778} INFO - 0 downstream tasks scheduled from follow-on schedule check
