[2025-07-19T17:58:02.053+0000] {taskinstance.py:1159} INFO - Dependencies all met for dep_context=non-requeueable deps ti=<TaskInstance: restaurant_pipeline.send_to_kafka scheduled__2025-07-19T17:56:00+00:00 [queued]>
[2025-07-19T17:58:02.057+0000] {taskinstance.py:1159} INFO - Dependencies all met for dep_context=requeueable deps ti=<TaskInstance: restaurant_pipeline.send_to_kafka scheduled__2025-07-19T17:56:00+00:00 [queued]>
[2025-07-19T17:58:02.057+0000] {taskinstance.py:1361} INFO - Starting attempt 1 of 1
[2025-07-19T17:58:02.062+0000] {taskinstance.py:1382} INFO - Executing <Task(BashOperator): send_to_kafka> on 2025-07-19 17:56:00+00:00
[2025-07-19T17:58:02.064+0000] {standard_task_runner.py:57} INFO - Started process 347 to run task
[2025-07-19T17:58:02.065+0000] {standard_task_runner.py:84} INFO - Running: ['***', 'tasks', 'run', 'restaurant_pipeline', 'send_to_kafka', 'scheduled__2025-07-19T17:56:00+00:00', '--job-id', '910', '--raw', '--subdir', 'DAGS_FOLDER/restaurant_pipeline.py', '--cfg-path', '/tmp/tmpdw14d9zh']
[2025-07-19T17:58:02.067+0000] {standard_task_runner.py:85} INFO - Job 910: Subtask send_to_kafka
[2025-07-19T17:58:02.087+0000] {task_command.py:416} INFO - Running <TaskInstance: restaurant_pipeline.send_to_kafka scheduled__2025-07-19T17:56:00+00:00 [running]> on host 03593c79cc17
[2025-07-19T17:58:02.121+0000] {taskinstance.py:1662} INFO - Exporting env vars: AIRFLOW_CTX_DAG_EMAIL='your@email.com' AIRFLOW_CTX_DAG_OWNER='moran' AIRFLOW_CTX_DAG_ID='restaurant_pipeline' AIRFLOW_CTX_TASK_ID='send_to_kafka' AIRFLOW_CTX_EXECUTION_DATE='2025-07-19T17:56:00+00:00' AIRFLOW_CTX_TRY_NUMBER='1' AIRFLOW_CTX_DAG_RUN_ID='scheduled__2025-07-19T17:56:00+00:00'
[2025-07-19T17:58:02.122+0000] {subprocess.py:63} INFO - Tmp dir root location: /tmp
[2025-07-19T17:58:02.122+0000] {subprocess.py:75} INFO - Running command: ['/bin/bash', '-c', 'python /opt/streaming/producer.py']
[2025-07-19T17:58:02.125+0000] {subprocess.py:86} INFO - Output:
[2025-07-19T17:58:04.366+0000] {subprocess.py:93} INFO - [✓] Sent to reservations: {'reservation_id': 5013, 'branch_id': 102, 'customer_name': 'Eric Morales', 'phone_number': '476.419.9842x13815', 'reservation_date': '2025-07-19', 'reservation_time': '19:23', 'guests_count': 5, 'is_confirmed': True}
[2025-07-19T17:58:04.367+0000] {subprocess.py:93} INFO - [✓] Sent to reservations: {'reservation_id': 9476, 'branch_id': 101, 'customer_name': 'Samantha Le', 'phone_number': '001-244-834-1881x5212', 'reservation_date': '2025-07-19', 'reservation_time': '18:59', 'guests_count': 6, 'is_confirmed': True}
[2025-07-19T17:58:04.368+0000] {subprocess.py:93} INFO - [✓] Sent to reservations: {'reservation_id': 3312, 'branch_id': 101, 'customer_name': 'Beth Thomas', 'phone_number': '542.374.3818x202', 'reservation_date': '2025-07-19', 'reservation_time': '19:12', 'guests_count': 8, 'is_confirmed': False}
[2025-07-19T17:58:04.368+0000] {subprocess.py:93} INFO - [✓] Sent to checkins: {'checkin_id': 1564, 'customer_name': 'Michael White', 'phone_number': '(283)857-4595x7928', 'branch_id': 101, 'table_id': 201, 'is_prebooked': True, 'checkin_date': '2025-07-19', 'checkin_time': '17:50', 'guests_count': 4, 'shift_manager': 'Timothy Holder'}
[2025-07-19T17:58:04.369+0000] {subprocess.py:93} INFO - [✓] Sent to checkins: {'checkin_id': 1652, 'customer_name': 'Emily Mathis', 'phone_number': '+1-614-893-9290x32889', 'branch_id': 101, 'table_id': 204, 'is_prebooked': True, 'checkin_date': '2025-07-19', 'checkin_time': '16:35', 'guests_count': 6, 'shift_manager': 'Daniel Hendrix PhD'}
[2025-07-19T17:58:04.369+0000] {subprocess.py:93} INFO - [✓] Sent to checkins: {'checkin_id': 1537, 'customer_name': 'Robin Moss', 'phone_number': '001-804-784-6747x3309', 'branch_id': 102, 'table_id': 200, 'is_prebooked': True, 'checkin_date': '2025-07-19', 'checkin_time': '16:31', 'guests_count': 1, 'shift_manager': 'George Terry'}
[2025-07-19T17:58:04.369+0000] {subprocess.py:93} INFO - [✓] Sent to feedback: {'feedback_id': 2312, 'branch_id': 102, 'customer_name': 'Don Cain', 'phone_number': '3698384160', 'feedback_text': 'Detail since available but wish debate data structure.', 'rating': 1, 'dining_date': '2025-07-19', 'dining_time': '17:11', 'submission_time': '2025-07-19T17:58:01'}
[2025-07-19T17:58:04.370+0000] {subprocess.py:93} INFO - [✓] Sent to feedback: {'feedback_id': 4818, 'branch_id': 101, 'customer_name': 'Robert Arroyo', 'phone_number': '860.222.6314', 'feedback_text': 'Perhaps speech leader decision truth score.', 'rating': 2, 'dining_date': '2025-07-19', 'dining_time': '17:09', 'submission_time': '2025-07-19T17:58:01'}
[2025-07-19T17:58:04.370+0000] {subprocess.py:93} INFO - [✓] Sent to feedback: {'feedback_id': 3803, 'branch_id': 102, 'customer_name': 'Amanda Bradley', 'phone_number': '+1-288-652-4057x2443', 'feedback_text': 'Idea professional meet force something give.', 'rating': 5, 'dining_date': '2025-07-19', 'dining_time': '16:02', 'submission_time': '2025-07-19T17:58:01'}
[2025-07-19T17:58:04.370+0000] {subprocess.py:93} INFO - ✅ All messages sent.
[2025-07-19T17:58:04.418+0000] {subprocess.py:97} INFO - Command exited with return code 0
[2025-07-19T17:58:04.434+0000] {taskinstance.py:1400} INFO - Marking task as SUCCESS. dag_id=restaurant_pipeline, task_id=send_to_kafka, execution_date=20250719T175600, start_date=20250719T175802, end_date=20250719T175804
[2025-07-19T17:58:04.452+0000] {local_task_job_runner.py:228} INFO - Task exited with return code 0
[2025-07-19T17:58:04.478+0000] {taskinstance.py:2778} INFO - 1 downstream tasks scheduled from follow-on schedule check
