[2025-07-18T17:16:01.647+0000] {taskinstance.py:1159} INFO - Dependencies all met for dep_context=non-requeueable deps ti=<TaskInstance: restaurant_pipeline.send_to_kafka scheduled__2025-07-18T17:14:00+00:00 [queued]>
[2025-07-18T17:16:01.652+0000] {taskinstance.py:1159} INFO - Dependencies all met for dep_context=requeueable deps ti=<TaskInstance: restaurant_pipeline.send_to_kafka scheduled__2025-07-18T17:14:00+00:00 [queued]>
[2025-07-18T17:16:01.652+0000] {taskinstance.py:1361} INFO - Starting attempt 1 of 1
[2025-07-18T17:16:01.659+0000] {taskinstance.py:1382} INFO - Executing <Task(BashOperator): send_to_kafka> on 2025-07-18 17:14:00+00:00
[2025-07-18T17:16:01.661+0000] {standard_task_runner.py:57} INFO - Started process 2377 to run task
[2025-07-18T17:16:01.663+0000] {standard_task_runner.py:84} INFO - Running: ['***', 'tasks', 'run', 'restaurant_pipeline', 'send_to_kafka', 'scheduled__2025-07-18T17:14:00+00:00', '--job-id', '281', '--raw', '--subdir', 'DAGS_FOLDER/restaurant_pipeline.py', '--cfg-path', '/tmp/tmp2uvazj6h']
[2025-07-18T17:16:01.665+0000] {standard_task_runner.py:85} INFO - Job 281: Subtask send_to_kafka
[2025-07-18T17:16:01.689+0000] {task_command.py:416} INFO - Running <TaskInstance: restaurant_pipeline.send_to_kafka scheduled__2025-07-18T17:14:00+00:00 [running]> on host 9bcfb43e0ab7
[2025-07-18T17:16:01.724+0000] {taskinstance.py:1662} INFO - Exporting env vars: AIRFLOW_CTX_DAG_OWNER='moran' AIRFLOW_CTX_DAG_ID='restaurant_pipeline' AIRFLOW_CTX_TASK_ID='send_to_kafka' AIRFLOW_CTX_EXECUTION_DATE='2025-07-18T17:14:00+00:00' AIRFLOW_CTX_TRY_NUMBER='1' AIRFLOW_CTX_DAG_RUN_ID='scheduled__2025-07-18T17:14:00+00:00'
[2025-07-18T17:16:01.724+0000] {subprocess.py:63} INFO - Tmp dir root location: /tmp
[2025-07-18T17:16:01.725+0000] {subprocess.py:75} INFO - Running command: ['/bin/bash', '-c', 'python /opt/streaming/producer.py']
[2025-07-18T17:16:01.729+0000] {subprocess.py:86} INFO - Output:
[2025-07-18T17:16:04.095+0000] {subprocess.py:93} INFO - [✓] Sent to reservations: {'reservation_id': 6477, 'branch_id': 102, 'customer_name': 'Jason Moon', 'phone_number': '242.509.2999', 'reservation_date': '2025-07-18', 'reservation_time': '17:56', 'guests_count': 7, 'is_confirmed': True}
[2025-07-18T17:16:04.101+0000] {subprocess.py:93} INFO - [✓] Sent to reservations: {'reservation_id': 7690, 'branch_id': 102, 'customer_name': 'Matthew Holmes', 'phone_number': '(911)710-8387x0658', 'reservation_date': '2025-07-18', 'reservation_time': '17:32', 'guests_count': 7, 'is_confirmed': True}
[2025-07-18T17:16:04.106+0000] {subprocess.py:93} INFO - [✓] Sent to reservations: {'reservation_id': 3684, 'branch_id': 101, 'customer_name': 'Michelle Kirk', 'phone_number': '(595)261-3220', 'reservation_date': '2025-07-18', 'reservation_time': '18:57', 'guests_count': 5, 'is_confirmed': False}
[2025-07-18T17:16:04.106+0000] {subprocess.py:93} INFO - [✓] Sent to checkins: {'checkin_id': 8245, 'customer_name': 'Justin Farmer', 'phone_number': '7486629029', 'branch_id': 102, 'table_id': 202, 'is_prebooked': True, 'checkin_date': '2025-07-18', 'checkin_time': '16:19', 'guests_count': 5, 'shift_manager': 'Samantha Ellis'}
[2025-07-18T17:16:04.107+0000] {subprocess.py:93} INFO - [✓] Sent to checkins: {'checkin_id': 7569, 'customer_name': 'Megan Soto', 'phone_number': '786-274-8043x97629', 'branch_id': 101, 'table_id': 209, 'is_prebooked': False, 'checkin_date': '2025-07-18', 'checkin_time': '16:36', 'guests_count': 3, 'shift_manager': 'John Jones'}
[2025-07-18T17:16:04.107+0000] {subprocess.py:93} INFO - [✓] Sent to checkins: {'checkin_id': 3804, 'customer_name': 'Kim Taylor', 'phone_number': '(939)214-0035', 'branch_id': 102, 'table_id': 206, 'is_prebooked': True, 'checkin_date': '2025-07-18', 'checkin_time': '17:16', 'guests_count': 3, 'shift_manager': 'Kirsten Bradley'}
[2025-07-18T17:16:04.107+0000] {subprocess.py:93} INFO - [✓] Sent to feedback: {'feedback_id': 5951, 'branch_id': 101, 'customer_name': 'Christina Moore', 'phone_number': '(276)382-7372x5304', 'feedback_text': 'Notice pass rich culture difficult radio.', 'rating': 4, 'dining_date': '2025-07-18', 'dining_time': '16:42', 'submission_time': '2025-07-18T17:16:00'}
[2025-07-18T17:16:04.108+0000] {subprocess.py:93} INFO - [✓] Sent to feedback: {'feedback_id': 1833, 'branch_id': 101, 'customer_name': 'Adam Barnes', 'phone_number': '419.997.2128x338', 'feedback_text': 'Control than grow building within need.', 'rating': 2, 'dining_date': '2025-07-18', 'dining_time': '16:07', 'submission_time': '2025-07-18T17:16:00'}
[2025-07-18T17:16:04.108+0000] {subprocess.py:93} INFO - [✓] Sent to feedback: {'feedback_id': 8555, 'branch_id': 101, 'customer_name': 'Luis Jackson', 'phone_number': '001-779-755-6763', 'feedback_text': 'Bit someone cup least and gun five.', 'rating': 1, 'dining_date': '2025-07-18', 'dining_time': '16:23', 'submission_time': '2025-07-18T17:16:00'}
[2025-07-18T17:16:04.108+0000] {subprocess.py:93} INFO - ✅ All messages sent.
[2025-07-18T17:16:04.148+0000] {subprocess.py:97} INFO - Command exited with return code 0
[2025-07-18T17:16:04.170+0000] {taskinstance.py:1400} INFO - Marking task as SUCCESS. dag_id=restaurant_pipeline, task_id=send_to_kafka, execution_date=20250718T171400, start_date=20250718T171601, end_date=20250718T171604
[2025-07-18T17:16:04.209+0000] {local_task_job_runner.py:228} INFO - Task exited with return code 0
[2025-07-18T17:16:04.242+0000] {taskinstance.py:2778} INFO - 1 downstream tasks scheduled from follow-on schedule check
