[2025-07-18T15:24:02.187+0000] {taskinstance.py:1159} INFO - Dependencies all met for dep_context=non-requeueable deps ti=<TaskInstance: restaurant_pipeline.send_to_kafka scheduled__2025-07-18T15:22:00+00:00 [queued]>
[2025-07-18T15:24:02.191+0000] {taskinstance.py:1159} INFO - Dependencies all met for dep_context=requeueable deps ti=<TaskInstance: restaurant_pipeline.send_to_kafka scheduled__2025-07-18T15:22:00+00:00 [queued]>
[2025-07-18T15:24:02.191+0000] {taskinstance.py:1361} INFO - Starting attempt 1 of 1
[2025-07-18T15:24:02.197+0000] {taskinstance.py:1382} INFO - Executing <Task(BashOperator): send_to_kafka> on 2025-07-18 15:22:00+00:00
[2025-07-18T15:24:02.200+0000] {standard_task_runner.py:57} INFO - Started process 292 to run task
[2025-07-18T15:24:02.202+0000] {standard_task_runner.py:84} INFO - Running: ['***', 'tasks', 'run', 'restaurant_pipeline', 'send_to_kafka', 'scheduled__2025-07-18T15:22:00+00:00', '--job-id', '98', '--raw', '--subdir', 'DAGS_FOLDER/restaurant_pipeline.py', '--cfg-path', '/tmp/tmpcv1jjspe']
[2025-07-18T15:24:02.203+0000] {standard_task_runner.py:85} INFO - Job 98: Subtask send_to_kafka
[2025-07-18T15:24:02.227+0000] {task_command.py:416} INFO - Running <TaskInstance: restaurant_pipeline.send_to_kafka scheduled__2025-07-18T15:22:00+00:00 [running]> on host 9bcfb43e0ab7
[2025-07-18T15:24:02.263+0000] {taskinstance.py:1662} INFO - Exporting env vars: AIRFLOW_CTX_DAG_OWNER='moran' AIRFLOW_CTX_DAG_ID='restaurant_pipeline' AIRFLOW_CTX_TASK_ID='send_to_kafka' AIRFLOW_CTX_EXECUTION_DATE='2025-07-18T15:22:00+00:00' AIRFLOW_CTX_TRY_NUMBER='1' AIRFLOW_CTX_DAG_RUN_ID='scheduled__2025-07-18T15:22:00+00:00'
[2025-07-18T15:24:02.264+0000] {subprocess.py:63} INFO - Tmp dir root location: /tmp
[2025-07-18T15:24:02.264+0000] {subprocess.py:75} INFO - Running command: ['/bin/bash', '-c', 'python /opt/streaming/producer.py']
[2025-07-18T15:24:02.269+0000] {subprocess.py:86} INFO - Output:
[2025-07-18T15:24:04.528+0000] {subprocess.py:93} INFO - [✓] Sent to reservations: {'reservation_id': 1417, 'branch_id': 102, 'customer_name': 'Nicole Miller', 'phone_number': '(697)942-9457x8279', 'reservation_date': '2025-07-18', 'reservation_time': '16:42', 'guests_count': 7, 'is_confirmed': True}
[2025-07-18T15:24:04.532+0000] {subprocess.py:93} INFO - [✓] Sent to reservations: {'reservation_id': 9095, 'branch_id': 102, 'customer_name': 'Juan Lane', 'phone_number': '+1-244-343-0505x15735', 'reservation_date': '2025-07-18', 'reservation_time': '17:13', 'guests_count': 5, 'is_confirmed': True}
[2025-07-18T15:24:04.533+0000] {subprocess.py:93} INFO - [✓] Sent to reservations: {'reservation_id': 4452, 'branch_id': 101, 'customer_name': 'David Morris', 'phone_number': '765-644-8184x6007', 'reservation_date': '2025-07-18', 'reservation_time': '15:45', 'guests_count': 5, 'is_confirmed': True}
[2025-07-18T15:24:04.534+0000] {subprocess.py:93} INFO - [✓] Sent to checkins: {'checkin_id': 4048, 'customer_name': 'Latasha Stephenson', 'phone_number': '001-433-972-4976x9302', 'branch_id': 102, 'table_id': 200, 'is_prebooked': False, 'checkin_date': '2025-07-18', 'checkin_time': '14:06', 'guests_count': 2, 'shift_manager': 'Edward Stevenson'}
[2025-07-18T15:24:04.535+0000] {subprocess.py:93} INFO - [✓] Sent to checkins: {'checkin_id': 5210, 'customer_name': 'Anthony Harvey', 'phone_number': '321.509.6143x38645', 'branch_id': 101, 'table_id': 205, 'is_prebooked': True, 'checkin_date': '2025-07-18', 'checkin_time': '13:36', 'guests_count': 2, 'shift_manager': 'Stephen Lee'}
[2025-07-18T15:24:04.536+0000] {subprocess.py:93} INFO - [✓] Sent to checkins: {'checkin_id': 4688, 'customer_name': 'Douglas Walker', 'phone_number': '001-811-640-8039x5367', 'branch_id': 102, 'table_id': 209, 'is_prebooked': True, 'checkin_date': '2025-07-18', 'checkin_time': '14:17', 'guests_count': 2, 'shift_manager': 'Alexandra Sheppard'}
[2025-07-18T15:24:04.537+0000] {subprocess.py:93} INFO - [✓] Sent to feedback: {'feedback_id': 5401, 'branch_id': 101, 'customer_name': 'Michael Taylor', 'phone_number': '(323)254-5725x403', 'feedback_text': 'Style blue surface leave there test inside.', 'rating': 3, 'dining_date': '2025-07-18', 'dining_time': '14:25', 'submission_time': '2025-07-18T15:24:01'}
[2025-07-18T15:24:04.538+0000] {subprocess.py:93} INFO - [✓] Sent to feedback: {'feedback_id': 1197, 'branch_id': 101, 'customer_name': 'Sean Smith', 'phone_number': '+1-333-456-1077x147', 'feedback_text': 'Pressure act follow.', 'rating': 5, 'dining_date': '2025-07-18', 'dining_time': '15:10', 'submission_time': '2025-07-18T15:24:01'}
[2025-07-18T15:24:04.538+0000] {subprocess.py:93} INFO - [✓] Sent to feedback: {'feedback_id': 4097, 'branch_id': 101, 'customer_name': 'Michelle Young', 'phone_number': '583-793-1932', 'feedback_text': 'Positive lay meet question despite red.', 'rating': 4, 'dining_date': '2025-07-18', 'dining_time': '14:48', 'submission_time': '2025-07-18T15:24:01'}
[2025-07-18T15:24:04.539+0000] {subprocess.py:93} INFO - ✅ All messages sent.
[2025-07-18T15:24:04.561+0000] {subprocess.py:97} INFO - Command exited with return code 0
[2025-07-18T15:24:04.581+0000] {taskinstance.py:1400} INFO - Marking task as SUCCESS. dag_id=restaurant_pipeline, task_id=send_to_kafka, execution_date=20250718T152200, start_date=20250718T152402, end_date=20250718T152404
[2025-07-18T15:24:04.617+0000] {local_task_job_runner.py:228} INFO - Task exited with return code 0
[2025-07-18T15:24:04.646+0000] {taskinstance.py:2778} INFO - 1 downstream tasks scheduled from follow-on schedule check
