[2025-07-18T15:18:01.078+0000] {taskinstance.py:1159} INFO - Dependencies all met for dep_context=non-requeueable deps ti=<TaskInstance: restaurant_pipeline.send_to_kafka scheduled__2025-07-18T15:16:00+00:00 [queued]>
[2025-07-18T15:18:01.084+0000] {taskinstance.py:1159} INFO - Dependencies all met for dep_context=requeueable deps ti=<TaskInstance: restaurant_pipeline.send_to_kafka scheduled__2025-07-18T15:16:00+00:00 [queued]>
[2025-07-18T15:18:01.084+0000] {taskinstance.py:1361} INFO - Starting attempt 1 of 1
[2025-07-18T15:18:01.092+0000] {taskinstance.py:1382} INFO - Executing <Task(BashOperator): send_to_kafka> on 2025-07-18 15:16:00+00:00
[2025-07-18T15:18:01.094+0000] {standard_task_runner.py:57} INFO - Started process 361 to run task
[2025-07-18T15:18:01.097+0000] {standard_task_runner.py:84} INFO - Running: ['***', 'tasks', 'run', 'restaurant_pipeline', 'send_to_kafka', 'scheduled__2025-07-18T15:16:00+00:00', '--job-id', '82', '--raw', '--subdir', 'DAGS_FOLDER/restaurant_pipeline.py', '--cfg-path', '/tmp/tmp_z5xisv7']
[2025-07-18T15:18:01.099+0000] {standard_task_runner.py:85} INFO - Job 82: Subtask send_to_kafka
[2025-07-18T15:18:01.134+0000] {task_command.py:416} INFO - Running <TaskInstance: restaurant_pipeline.send_to_kafka scheduled__2025-07-18T15:16:00+00:00 [running]> on host 87071fdea595
[2025-07-18T15:18:01.183+0000] {taskinstance.py:1662} INFO - Exporting env vars: AIRFLOW_CTX_DAG_OWNER='moran' AIRFLOW_CTX_DAG_ID='restaurant_pipeline' AIRFLOW_CTX_TASK_ID='send_to_kafka' AIRFLOW_CTX_EXECUTION_DATE='2025-07-18T15:16:00+00:00' AIRFLOW_CTX_TRY_NUMBER='1' AIRFLOW_CTX_DAG_RUN_ID='scheduled__2025-07-18T15:16:00+00:00'
[2025-07-18T15:18:01.185+0000] {subprocess.py:63} INFO - Tmp dir root location: /tmp
[2025-07-18T15:18:01.189+0000] {subprocess.py:75} INFO - Running command: ['/bin/bash', '-c', 'python /opt/streaming/producer.py']
[2025-07-18T15:18:01.206+0000] {subprocess.py:86} INFO - Output:
[2025-07-18T15:18:03.476+0000] {subprocess.py:93} INFO - [✓] Sent to reservations: {'reservation_id': 6072, 'branch_id': 101, 'customer_name': 'Jennifer Hall', 'phone_number': '(610)863-1068', 'reservation_date': '2025-07-18', 'reservation_time': '15:39', 'guests_count': 7, 'is_confirmed': False}
[2025-07-18T15:18:03.482+0000] {subprocess.py:93} INFO - [✓] Sent to reservations: {'reservation_id': 9755, 'branch_id': 101, 'customer_name': 'Antonio Lee', 'phone_number': '+1-769-779-1914', 'reservation_date': '2025-07-18', 'reservation_time': '15:31', 'guests_count': 5, 'is_confirmed': True}
[2025-07-18T15:18:03.483+0000] {subprocess.py:93} INFO - [✓] Sent to reservations: {'reservation_id': 6059, 'branch_id': 102, 'customer_name': 'Nichole Torres', 'phone_number': '+1-612-625-2177x8404', 'reservation_date': '2025-07-18', 'reservation_time': '16:25', 'guests_count': 2, 'is_confirmed': False}
[2025-07-18T15:18:03.485+0000] {subprocess.py:93} INFO - [✓] Sent to checkins: {'checkin_id': 6706, 'customer_name': 'Isabel Beck', 'phone_number': '763-497-7704', 'branch_id': 101, 'table_id': 200, 'is_prebooked': True, 'checkin_date': '2025-07-18', 'checkin_time': '15:04', 'guests_count': 4, 'shift_manager': 'Kelly Flores'}
[2025-07-18T15:18:03.486+0000] {subprocess.py:93} INFO - [✓] Sent to checkins: {'checkin_id': 3295, 'customer_name': 'David Lee', 'phone_number': '229.876.0444x7942', 'branch_id': 101, 'table_id': 206, 'is_prebooked': False, 'checkin_date': '2025-07-18', 'checkin_time': '13:33', 'guests_count': 3, 'shift_manager': 'Teresa Riggs'}
[2025-07-18T15:18:03.486+0000] {subprocess.py:93} INFO - [✓] Sent to checkins: {'checkin_id': 2127, 'customer_name': 'Garrett Smith', 'phone_number': '710-741-1461x0676', 'branch_id': 102, 'table_id': 201, 'is_prebooked': True, 'checkin_date': '2025-07-18', 'checkin_time': '13:18', 'guests_count': 2, 'shift_manager': 'Erin Warner'}
[2025-07-18T15:18:03.489+0000] {subprocess.py:93} INFO - [✓] Sent to feedback: {'feedback_id': 5329, 'branch_id': 102, 'customer_name': 'Robert Graham', 'phone_number': '+1-343-508-2541x521', 'feedback_text': 'Man attack military than fly benefit data.', 'rating': 1, 'dining_date': '2025-07-18', 'dining_time': '15:18', 'submission_time': '2025-07-18T15:18:00'}
[2025-07-18T15:18:03.493+0000] {subprocess.py:93} INFO - [✓] Sent to feedback: {'feedback_id': 8750, 'branch_id': 101, 'customer_name': 'Sarah Alvarez', 'phone_number': '+1-702-407-4776', 'feedback_text': 'Night support human media never glass peace.', 'rating': 1, 'dining_date': '2025-07-18', 'dining_time': '14:34', 'submission_time': '2025-07-18T15:18:00'}
[2025-07-18T15:18:03.493+0000] {subprocess.py:93} INFO - [✓] Sent to feedback: {'feedback_id': 8195, 'branch_id': 101, 'customer_name': 'Jennifer Vargas', 'phone_number': '772.704.1100', 'feedback_text': 'Analysis up space parent.', 'rating': 5, 'dining_date': '2025-07-18', 'dining_time': '14:27', 'submission_time': '2025-07-18T15:18:00'}
[2025-07-18T15:18:03.494+0000] {subprocess.py:93} INFO - ✅ All messages sent.
[2025-07-18T15:18:03.527+0000] {subprocess.py:97} INFO - Command exited with return code 0
[2025-07-18T15:18:03.544+0000] {taskinstance.py:1400} INFO - Marking task as SUCCESS. dag_id=restaurant_pipeline, task_id=send_to_kafka, execution_date=20250718T151600, start_date=20250718T151801, end_date=20250718T151803
[2025-07-18T15:18:03.558+0000] {local_task_job_runner.py:228} INFO - Task exited with return code 0
[2025-07-18T15:18:03.583+0000] {taskinstance.py:2778} INFO - 1 downstream tasks scheduled from follow-on schedule check
