[2025-07-18T20:52:01.545+0000] {taskinstance.py:1159} INFO - Dependencies all met for dep_context=non-requeueable deps ti=<TaskInstance: restaurant_pipeline.send_to_kafka scheduled__2025-07-18T20:50:00+00:00 [queued]>
[2025-07-18T20:52:01.549+0000] {taskinstance.py:1159} INFO - Dependencies all met for dep_context=requeueable deps ti=<TaskInstance: restaurant_pipeline.send_to_kafka scheduled__2025-07-18T20:50:00+00:00 [queued]>
[2025-07-18T20:52:01.549+0000] {taskinstance.py:1361} INFO - Starting attempt 1 of 1
[2025-07-18T20:52:01.554+0000] {taskinstance.py:1382} INFO - Executing <Task(BashOperator): send_to_kafka> on 2025-07-18 20:50:00+00:00
[2025-07-18T20:52:01.556+0000] {standard_task_runner.py:57} INFO - Started process 6579 to run task
[2025-07-18T20:52:01.559+0000] {standard_task_runner.py:84} INFO - Running: ['***', 'tasks', 'run', 'restaurant_pipeline', 'send_to_kafka', 'scheduled__2025-07-18T20:50:00+00:00', '--job-id', '659', '--raw', '--subdir', 'DAGS_FOLDER/restaurant_pipeline.py', '--cfg-path', '/tmp/tmpslnyam6x']
[2025-07-18T20:52:01.560+0000] {standard_task_runner.py:85} INFO - Job 659: Subtask send_to_kafka
[2025-07-18T20:52:01.584+0000] {task_command.py:416} INFO - Running <TaskInstance: restaurant_pipeline.send_to_kafka scheduled__2025-07-18T20:50:00+00:00 [running]> on host 9bcfb43e0ab7
[2025-07-18T20:52:01.624+0000] {taskinstance.py:1662} INFO - Exporting env vars: AIRFLOW_CTX_DAG_OWNER='moran' AIRFLOW_CTX_DAG_ID='restaurant_pipeline' AIRFLOW_CTX_TASK_ID='send_to_kafka' AIRFLOW_CTX_EXECUTION_DATE='2025-07-18T20:50:00+00:00' AIRFLOW_CTX_TRY_NUMBER='1' AIRFLOW_CTX_DAG_RUN_ID='scheduled__2025-07-18T20:50:00+00:00'
[2025-07-18T20:52:01.624+0000] {subprocess.py:63} INFO - Tmp dir root location: /tmp
[2025-07-18T20:52:01.625+0000] {subprocess.py:75} INFO - Running command: ['/bin/bash', '-c', 'python /opt/streaming/producer.py']
[2025-07-18T20:52:01.628+0000] {subprocess.py:86} INFO - Output:
[2025-07-18T20:52:03.846+0000] {subprocess.py:93} INFO - [✓] Sent to reservations: {'reservation_id': 5084, 'branch_id': 101, 'customer_name': 'Willie Wright', 'phone_number': '+1-267-949-9445x4949', 'reservation_date': '2025-07-18', 'reservation_time': '21:30', 'guests_count': 7, 'is_confirmed': True}
[2025-07-18T20:52:03.846+0000] {subprocess.py:93} INFO - [✓] Sent to reservations: {'reservation_id': 7050, 'branch_id': 101, 'customer_name': 'Julia Mercado', 'phone_number': '7517021957', 'reservation_date': '2025-07-18', 'reservation_time': '21:54', 'guests_count': 4, 'is_confirmed': True}
[2025-07-18T20:52:03.846+0000] {subprocess.py:93} INFO - [✓] Sent to reservations: {'reservation_id': 1633, 'branch_id': 101, 'customer_name': 'Dawn Evans', 'phone_number': '001-563-226-5399x02371', 'reservation_date': '2025-07-18', 'reservation_time': '22:25', 'guests_count': 1, 'is_confirmed': False}
[2025-07-18T20:52:03.846+0000] {subprocess.py:93} INFO - [✓] Sent to checkins: {'checkin_id': 2521, 'customer_name': 'Bobby Day', 'phone_number': '547-482-0495x69124', 'branch_id': 102, 'table_id': 200, 'is_prebooked': False, 'checkin_date': '2025-07-18', 'checkin_time': '19:05', 'guests_count': 1, 'shift_manager': 'Nancy Adams'}
[2025-07-18T20:52:03.846+0000] {subprocess.py:93} INFO - [✓] Sent to checkins: {'checkin_id': 7244, 'customer_name': 'Brandon Grant', 'phone_number': '8106217774', 'branch_id': 102, 'table_id': 207, 'is_prebooked': True, 'checkin_date': '2025-07-18', 'checkin_time': '19:50', 'guests_count': 4, 'shift_manager': 'Angela Kelley'}
[2025-07-18T20:52:03.846+0000] {subprocess.py:93} INFO - [✓] Sent to checkins: {'checkin_id': 9342, 'customer_name': 'Kelly Oliver', 'phone_number': '510.358.2093x47748', 'branch_id': 102, 'table_id': 202, 'is_prebooked': False, 'checkin_date': '2025-07-18', 'checkin_time': '19:26', 'guests_count': 3, 'shift_manager': 'Troy Hicks'}
[2025-07-18T20:52:03.847+0000] {subprocess.py:93} INFO - [✓] Sent to feedback: {'feedback_id': 8034, 'branch_id': 102, 'customer_name': 'Anthony Stewart', 'phone_number': '599.361.5179x0069', 'feedback_text': 'Account affect enjoy resource image change high.', 'rating': 2, 'dining_date': '2025-07-18', 'dining_time': '19:10', 'submission_time': '2025-07-18T20:52:00'}
[2025-07-18T20:52:03.847+0000] {subprocess.py:93} INFO - [✓] Sent to feedback: {'feedback_id': 2732, 'branch_id': 102, 'customer_name': 'John Hess', 'phone_number': '+1-487-597-3189x880', 'feedback_text': 'Probably drug hotel team why sit offer.', 'rating': 3, 'dining_date': '2025-07-18', 'dining_time': '20:03', 'submission_time': '2025-07-18T20:52:00'}
[2025-07-18T20:52:03.847+0000] {subprocess.py:93} INFO - [✓] Sent to feedback: {'feedback_id': 3507, 'branch_id': 102, 'customer_name': 'Raymond Guzman', 'phone_number': '482.850.4387', 'feedback_text': 'Method smile amount.', 'rating': 2, 'dining_date': '2025-07-18', 'dining_time': '20:36', 'submission_time': '2025-07-18T20:52:00'}
[2025-07-18T20:52:03.847+0000] {subprocess.py:93} INFO - ✅ All messages sent.
[2025-07-18T20:52:03.878+0000] {subprocess.py:97} INFO - Command exited with return code 0
[2025-07-18T20:52:03.895+0000] {taskinstance.py:1400} INFO - Marking task as SUCCESS. dag_id=restaurant_pipeline, task_id=send_to_kafka, execution_date=20250718T205000, start_date=20250718T205201, end_date=20250718T205203
[2025-07-18T20:52:03.937+0000] {local_task_job_runner.py:228} INFO - Task exited with return code 0
[2025-07-18T20:52:03.966+0000] {taskinstance.py:2778} INFO - 1 downstream tasks scheduled from follow-on schedule check
