[2025-07-19T20:20:28.226+0000] {taskinstance.py:1159} INFO - Dependencies all met for dep_context=non-requeueable deps ti=<TaskInstance: restaurant_pipeline.send_to_kafka scheduled__2025-07-19T20:18:00+00:00 [queued]>
[2025-07-19T20:20:28.238+0000] {taskinstance.py:1159} INFO - Dependencies all met for dep_context=requeueable deps ti=<TaskInstance: restaurant_pipeline.send_to_kafka scheduled__2025-07-19T20:18:00+00:00 [queued]>
[2025-07-19T20:20:28.239+0000] {taskinstance.py:1361} INFO - Starting attempt 1 of 1
[2025-07-19T20:20:28.255+0000] {taskinstance.py:1382} INFO - Executing <Task(BashOperator): send_to_kafka> on 2025-07-19 20:18:00+00:00
[2025-07-19T20:20:28.262+0000] {standard_task_runner.py:57} INFO - Started process 3307 to run task
[2025-07-19T20:20:28.267+0000] {standard_task_runner.py:84} INFO - Running: ['***', 'tasks', 'run', 'restaurant_pipeline', 'send_to_kafka', 'scheduled__2025-07-19T20:18:00+00:00', '--job-id', '1178', '--raw', '--subdir', 'DAGS_FOLDER/restaurant_pipeline.py', '--cfg-path', '/tmp/tmpm82m8p7q']
[2025-07-19T20:20:28.270+0000] {standard_task_runner.py:85} INFO - Job 1178: Subtask send_to_kafka
[2025-07-19T20:20:28.306+0000] {task_command.py:416} INFO - Running <TaskInstance: restaurant_pipeline.send_to_kafka scheduled__2025-07-19T20:18:00+00:00 [running]> on host e3f5d8fc4eef
[2025-07-19T20:20:28.360+0000] {taskinstance.py:1662} INFO - Exporting env vars: AIRFLOW_CTX_DAG_OWNER='moran' AIRFLOW_CTX_DAG_ID='restaurant_pipeline' AIRFLOW_CTX_TASK_ID='send_to_kafka' AIRFLOW_CTX_EXECUTION_DATE='2025-07-19T20:18:00+00:00' AIRFLOW_CTX_TRY_NUMBER='1' AIRFLOW_CTX_DAG_RUN_ID='scheduled__2025-07-19T20:18:00+00:00'
[2025-07-19T20:20:28.361+0000] {subprocess.py:63} INFO - Tmp dir root location: /tmp
[2025-07-19T20:20:28.362+0000] {subprocess.py:75} INFO - Running command: ['/bin/bash', '-c', 'python /opt/streaming/producer.py']
[2025-07-19T20:20:28.368+0000] {subprocess.py:86} INFO - Output:
[2025-07-19T20:20:30.723+0000] {subprocess.py:93} INFO - [✓] Sent to reservations: {'reservation_id': 6016, 'branch_id': 101, 'customer_name': 'Katrina Owens', 'phone_number': '580.751.6944x86107', 'reservation_date': '2025-07-19', 'reservation_time': '21:33', 'guests_count': 8, 'is_confirmed': True}
[2025-07-19T20:20:30.729+0000] {subprocess.py:93} INFO - [✓] Sent to reservations: {'reservation_id': 5533, 'branch_id': 102, 'customer_name': 'David Hamilton', 'phone_number': '001-370-527-1792x95037', 'reservation_date': '2025-07-19', 'reservation_time': '21:17', 'guests_count': 5, 'is_confirmed': False}
[2025-07-19T20:20:30.729+0000] {subprocess.py:93} INFO - [✓] Sent to reservations: {'reservation_id': 1962, 'branch_id': 102, 'customer_name': 'Andrew Porter', 'phone_number': '001-364-854-9800x318', 'reservation_date': '2025-07-19', 'reservation_time': '20:43', 'guests_count': 8, 'is_confirmed': False}
[2025-07-19T20:20:30.733+0000] {subprocess.py:93} INFO - [✓] Sent to checkins: {'checkin_id': 3707, 'customer_name': 'Charles Gonzalez', 'phone_number': '7798024332', 'branch_id': 102, 'table_id': 207, 'is_prebooked': False, 'checkin_date': '2025-07-19', 'checkin_time': '19:14', 'guests_count': 5, 'shift_manager': 'Eric Ramos'}
[2025-07-19T20:20:30.733+0000] {subprocess.py:93} INFO - [✓] Sent to checkins: {'checkin_id': 5712, 'customer_name': 'Tyler Brooks', 'phone_number': '307-656-1824x5217', 'branch_id': 102, 'table_id': 200, 'is_prebooked': True, 'checkin_date': '2025-07-19', 'checkin_time': '19:43', 'guests_count': 4, 'shift_manager': 'Terri Townsend'}
[2025-07-19T20:20:30.734+0000] {subprocess.py:93} INFO - [✓] Sent to checkins: {'checkin_id': 3271, 'customer_name': 'Vanessa Diaz', 'phone_number': '+1-852-517-4410x73424', 'branch_id': 101, 'table_id': 210, 'is_prebooked': True, 'checkin_date': '2025-07-19', 'checkin_time': '19:31', 'guests_count': 3, 'shift_manager': 'Nicholas Mcconnell'}
[2025-07-19T20:20:30.734+0000] {subprocess.py:93} INFO - [✓] Sent to feedback: {'feedback_id': 8304, 'branch_id': 101, 'customer_name': 'Tony Scott', 'phone_number': '(918)664-0743', 'feedback_text': 'Situation plant poor gas as so.', 'rating': 4, 'dining_date': '2025-07-19', 'dining_time': '20:03', 'submission_time': '2025-07-19T20:20:27'}
[2025-07-19T20:20:30.734+0000] {subprocess.py:93} INFO - [✓] Sent to feedback: {'feedback_id': 6444, 'branch_id': 102, 'customer_name': 'Paul Montgomery', 'phone_number': '4953931499', 'feedback_text': 'Kind majority nearly grow.', 'rating': 2, 'dining_date': '2025-07-19', 'dining_time': '19:31', 'submission_time': '2025-07-19T20:20:27'}
[2025-07-19T20:20:30.734+0000] {subprocess.py:93} INFO - [✓] Sent to feedback: {'feedback_id': 8867, 'branch_id': 101, 'customer_name': 'Ashley Reynolds', 'phone_number': '4819197517', 'feedback_text': 'Record discussion speech land tend bed big music.', 'rating': 5, 'dining_date': '2025-07-19', 'dining_time': '19:26', 'submission_time': '2025-07-19T20:20:27'}
[2025-07-19T20:20:30.734+0000] {subprocess.py:93} INFO - ✅ All messages sent.
[2025-07-19T20:20:30.788+0000] {subprocess.py:97} INFO - Command exited with return code 0
[2025-07-19T20:20:30.809+0000] {taskinstance.py:1400} INFO - Marking task as SUCCESS. dag_id=restaurant_pipeline, task_id=send_to_kafka, execution_date=20250719T201800, start_date=20250719T202028, end_date=20250719T202030
[2025-07-19T20:20:30.860+0000] {local_task_job_runner.py:228} INFO - Task exited with return code 0
[2025-07-19T20:20:30.888+0000] {taskinstance.py:2778} INFO - 1 downstream tasks scheduled from follow-on schedule check
