[2025-07-18T17:30:09.446+0000] {taskinstance.py:1159} INFO - Dependencies all met for dep_context=non-requeueable deps ti=<TaskInstance: restaurant_pipeline.send_to_kafka scheduled__2025-07-18T17:28:00+00:00 [queued]>
[2025-07-18T17:30:09.450+0000] {taskinstance.py:1159} INFO - Dependencies all met for dep_context=requeueable deps ti=<TaskInstance: restaurant_pipeline.send_to_kafka scheduled__2025-07-18T17:28:00+00:00 [queued]>
[2025-07-18T17:30:09.450+0000] {taskinstance.py:1361} INFO - Starting attempt 1 of 1
[2025-07-18T17:30:09.455+0000] {taskinstance.py:1382} INFO - Executing <Task(BashOperator): send_to_kafka> on 2025-07-18 17:28:00+00:00
[2025-07-18T17:30:09.457+0000] {standard_task_runner.py:57} INFO - Started process 2424 to run task
[2025-07-18T17:30:09.459+0000] {standard_task_runner.py:84} INFO - Running: ['***', 'tasks', 'run', 'restaurant_pipeline', 'send_to_kafka', 'scheduled__2025-07-18T17:28:00+00:00', '--job-id', '285', '--raw', '--subdir', 'DAGS_FOLDER/restaurant_pipeline.py', '--cfg-path', '/tmp/tmp821x2fhw']
[2025-07-18T17:30:09.461+0000] {standard_task_runner.py:85} INFO - Job 285: Subtask send_to_kafka
[2025-07-18T17:30:09.484+0000] {task_command.py:416} INFO - Running <TaskInstance: restaurant_pipeline.send_to_kafka scheduled__2025-07-18T17:28:00+00:00 [running]> on host 9bcfb43e0ab7
[2025-07-18T17:30:09.519+0000] {taskinstance.py:1662} INFO - Exporting env vars: AIRFLOW_CTX_DAG_OWNER='moran' AIRFLOW_CTX_DAG_ID='restaurant_pipeline' AIRFLOW_CTX_TASK_ID='send_to_kafka' AIRFLOW_CTX_EXECUTION_DATE='2025-07-18T17:28:00+00:00' AIRFLOW_CTX_TRY_NUMBER='1' AIRFLOW_CTX_DAG_RUN_ID='scheduled__2025-07-18T17:28:00+00:00'
[2025-07-18T17:30:09.520+0000] {subprocess.py:63} INFO - Tmp dir root location: /tmp
[2025-07-18T17:30:09.521+0000] {subprocess.py:75} INFO - Running command: ['/bin/bash', '-c', 'python /opt/streaming/producer.py']
[2025-07-18T17:30:09.524+0000] {subprocess.py:86} INFO - Output:
[2025-07-18T17:30:11.767+0000] {subprocess.py:93} INFO - [✓] Sent to reservations: {'reservation_id': 2992, 'branch_id': 102, 'customer_name': 'Sharon Garcia', 'phone_number': '+1-750-669-2786', 'reservation_date': '2025-07-18', 'reservation_time': '18:39', 'guests_count': 2, 'is_confirmed': True}
[2025-07-18T17:30:11.770+0000] {subprocess.py:93} INFO - [✓] Sent to reservations: {'reservation_id': 5374, 'branch_id': 102, 'customer_name': 'Denise Stevens', 'phone_number': '695-257-3764x00416', 'reservation_date': '2025-07-18', 'reservation_time': '18:31', 'guests_count': 6, 'is_confirmed': False}
[2025-07-18T17:30:11.771+0000] {subprocess.py:93} INFO - [✓] Sent to reservations: {'reservation_id': 4607, 'branch_id': 101, 'customer_name': 'Jose Weaver', 'phone_number': '536.526.0847', 'reservation_date': '2025-07-18', 'reservation_time': '17:59', 'guests_count': 4, 'is_confirmed': True}
[2025-07-18T17:30:11.771+0000] {subprocess.py:93} INFO - [✓] Sent to checkins: {'checkin_id': 1859, 'customer_name': 'Michael Hunt', 'phone_number': '+1-981-717-4370x0138', 'branch_id': 102, 'table_id': 200, 'is_prebooked': True, 'checkin_date': '2025-07-18', 'checkin_time': '15:44', 'guests_count': 6, 'shift_manager': 'Randall Smith'}
[2025-07-18T17:30:11.771+0000] {subprocess.py:93} INFO - [✓] Sent to checkins: {'checkin_id': 6171, 'customer_name': 'Ashley Lara', 'phone_number': '891-608-7015', 'branch_id': 102, 'table_id': 210, 'is_prebooked': False, 'checkin_date': '2025-07-18', 'checkin_time': '17:12', 'guests_count': 4, 'shift_manager': 'Mackenzie Parks'}
[2025-07-18T17:30:11.771+0000] {subprocess.py:93} INFO - [✓] Sent to checkins: {'checkin_id': 2300, 'customer_name': 'Karen Marshall', 'phone_number': '+1-915-557-0056x517', 'branch_id': 102, 'table_id': 203, 'is_prebooked': False, 'checkin_date': '2025-07-18', 'checkin_time': '15:51', 'guests_count': 3, 'shift_manager': 'Joshua Robinson'}
[2025-07-18T17:30:11.771+0000] {subprocess.py:93} INFO - [✓] Sent to feedback: {'feedback_id': 6934, 'branch_id': 101, 'customer_name': 'Daniel Clarke', 'phone_number': '(938)839-4546x21502', 'feedback_text': 'Lay notice small ball prevent plan.', 'rating': 3, 'dining_date': '2025-07-18', 'dining_time': '16:05', 'submission_time': '2025-07-18T17:30:08'}
[2025-07-18T17:30:11.771+0000] {subprocess.py:93} INFO - [✓] Sent to feedback: {'feedback_id': 5531, 'branch_id': 101, 'customer_name': 'Daniel Knight', 'phone_number': '(414)355-8787x174', 'feedback_text': 'End participant upon.', 'rating': 3, 'dining_date': '2025-07-18', 'dining_time': '17:02', 'submission_time': '2025-07-18T17:30:08'}
[2025-07-18T17:30:11.772+0000] {subprocess.py:93} INFO - [✓] Sent to feedback: {'feedback_id': 7831, 'branch_id': 102, 'customer_name': 'Kimberly Estrada', 'phone_number': '+1-985-672-9466x87872', 'feedback_text': 'Foreign law administration smile girl.', 'rating': 2, 'dining_date': '2025-07-18', 'dining_time': '15:31', 'submission_time': '2025-07-18T17:30:08'}
[2025-07-18T17:30:11.772+0000] {subprocess.py:93} INFO - ✅ All messages sent.
[2025-07-18T17:30:11.804+0000] {subprocess.py:97} INFO - Command exited with return code 0
[2025-07-18T17:30:11.827+0000] {taskinstance.py:1400} INFO - Marking task as SUCCESS. dag_id=restaurant_pipeline, task_id=send_to_kafka, execution_date=20250718T172800, start_date=20250718T173009, end_date=20250718T173011
[2025-07-18T17:30:11.840+0000] {local_task_job_runner.py:228} INFO - Task exited with return code 0
[2025-07-18T17:30:11.870+0000] {taskinstance.py:2778} INFO - 1 downstream tasks scheduled from follow-on schedule check
