[2025-07-18T16:04:01.644+0000] {taskinstance.py:1159} INFO - Dependencies all met for dep_context=non-requeueable deps ti=<TaskInstance: restaurant_pipeline.send_to_kafka scheduled__2025-07-18T16:02:00+00:00 [queued]>
[2025-07-18T16:04:01.648+0000] {taskinstance.py:1159} INFO - Dependencies all met for dep_context=requeueable deps ti=<TaskInstance: restaurant_pipeline.send_to_kafka scheduled__2025-07-18T16:02:00+00:00 [queued]>
[2025-07-18T16:04:01.649+0000] {taskinstance.py:1361} INFO - Starting attempt 1 of 1
[2025-07-18T16:04:01.654+0000] {taskinstance.py:1382} INFO - Executing <Task(BashOperator): send_to_kafka> on 2025-07-18 16:02:00+00:00
[2025-07-18T16:04:01.656+0000] {standard_task_runner.py:57} INFO - Started process 1034 to run task
[2025-07-18T16:04:01.658+0000] {standard_task_runner.py:84} INFO - Running: ['***', 'tasks', 'run', 'restaurant_pipeline', 'send_to_kafka', 'scheduled__2025-07-18T16:02:00+00:00', '--job-id', '161', '--raw', '--subdir', 'DAGS_FOLDER/restaurant_pipeline.py', '--cfg-path', '/tmp/tmpmer_xdel']
[2025-07-18T16:04:01.660+0000] {standard_task_runner.py:85} INFO - Job 161: Subtask send_to_kafka
[2025-07-18T16:04:01.683+0000] {task_command.py:416} INFO - Running <TaskInstance: restaurant_pipeline.send_to_kafka scheduled__2025-07-18T16:02:00+00:00 [running]> on host 9bcfb43e0ab7
[2025-07-18T16:04:01.718+0000] {taskinstance.py:1662} INFO - Exporting env vars: AIRFLOW_CTX_DAG_OWNER='moran' AIRFLOW_CTX_DAG_ID='restaurant_pipeline' AIRFLOW_CTX_TASK_ID='send_to_kafka' AIRFLOW_CTX_EXECUTION_DATE='2025-07-18T16:02:00+00:00' AIRFLOW_CTX_TRY_NUMBER='1' AIRFLOW_CTX_DAG_RUN_ID='scheduled__2025-07-18T16:02:00+00:00'
[2025-07-18T16:04:01.719+0000] {subprocess.py:63} INFO - Tmp dir root location: /tmp
[2025-07-18T16:04:01.720+0000] {subprocess.py:75} INFO - Running command: ['/bin/bash', '-c', 'python /opt/streaming/producer.py']
[2025-07-18T16:04:01.725+0000] {subprocess.py:86} INFO - Output:
[2025-07-18T16:04:03.969+0000] {subprocess.py:93} INFO - [✓] Sent to reservations: {'reservation_id': 7146, 'branch_id': 102, 'customer_name': 'Kenneth Hanna', 'phone_number': '+1-399-368-4125x2726', 'reservation_date': '2025-07-18', 'reservation_time': '17:05', 'guests_count': 5, 'is_confirmed': False}
[2025-07-18T16:04:03.970+0000] {subprocess.py:93} INFO - [✓] Sent to reservations: {'reservation_id': 1981, 'branch_id': 101, 'customer_name': 'Pamela King', 'phone_number': '001-312-971-9672x017', 'reservation_date': '2025-07-18', 'reservation_time': '16:18', 'guests_count': 1, 'is_confirmed': False}
[2025-07-18T16:04:03.971+0000] {subprocess.py:93} INFO - [✓] Sent to reservations: {'reservation_id': 6825, 'branch_id': 102, 'customer_name': 'Gloria Richard', 'phone_number': '+1-556-983-5515x96915', 'reservation_date': '2025-07-18', 'reservation_time': '16:37', 'guests_count': 1, 'is_confirmed': True}
[2025-07-18T16:04:03.972+0000] {subprocess.py:93} INFO - [✓] Sent to checkins: {'checkin_id': 8366, 'customer_name': 'Jacob Brock', 'phone_number': '(835)788-5086x00748', 'branch_id': 101, 'table_id': 204, 'is_prebooked': False, 'checkin_date': '2025-07-18', 'checkin_time': '14:06', 'guests_count': 6, 'shift_manager': 'Sabrina Ali'}
[2025-07-18T16:04:03.973+0000] {subprocess.py:93} INFO - [✓] Sent to checkins: {'checkin_id': 3145, 'customer_name': 'Brian Fleming', 'phone_number': '245.862.3907', 'branch_id': 102, 'table_id': 208, 'is_prebooked': True, 'checkin_date': '2025-07-18', 'checkin_time': '15:08', 'guests_count': 6, 'shift_manager': 'Brenda Schultz'}
[2025-07-18T16:04:03.973+0000] {subprocess.py:93} INFO - [✓] Sent to checkins: {'checkin_id': 9864, 'customer_name': 'David Pham', 'phone_number': '261.316.0540x8891', 'branch_id': 102, 'table_id': 203, 'is_prebooked': False, 'checkin_date': '2025-07-18', 'checkin_time': '15:34', 'guests_count': 2, 'shift_manager': 'Jeffrey Vasquez'}
[2025-07-18T16:04:03.973+0000] {subprocess.py:93} INFO - [✓] Sent to feedback: {'feedback_id': 1302, 'branch_id': 101, 'customer_name': 'Jill Flores', 'phone_number': '001-684-735-0933x771', 'feedback_text': 'Positive wear stop time say.', 'rating': 1, 'dining_date': '2025-07-18', 'dining_time': '15:46', 'submission_time': '2025-07-18T16:04:00'}
[2025-07-18T16:04:03.977+0000] {subprocess.py:93} INFO - [✓] Sent to feedback: {'feedback_id': 3629, 'branch_id': 102, 'customer_name': 'Alexis Alexander', 'phone_number': '+1-403-408-7596', 'feedback_text': 'Card these hot major increase politics recently.', 'rating': 1, 'dining_date': '2025-07-18', 'dining_time': '14:05', 'submission_time': '2025-07-18T16:04:00'}
[2025-07-18T16:04:03.977+0000] {subprocess.py:93} INFO - [✓] Sent to feedback: {'feedback_id': 5095, 'branch_id': 101, 'customer_name': 'Lisa Smith', 'phone_number': '001-681-257-8476', 'feedback_text': 'On husband store table suggest us.', 'rating': 5, 'dining_date': '2025-07-18', 'dining_time': '15:47', 'submission_time': '2025-07-18T16:04:00'}
[2025-07-18T16:04:03.977+0000] {subprocess.py:93} INFO - ✅ All messages sent.
[2025-07-18T16:04:04.034+0000] {subprocess.py:97} INFO - Command exited with return code 0
[2025-07-18T16:04:04.087+0000] {taskinstance.py:1400} INFO - Marking task as SUCCESS. dag_id=restaurant_pipeline, task_id=send_to_kafka, execution_date=20250718T160200, start_date=20250718T160401, end_date=20250718T160404
[2025-07-18T16:04:04.140+0000] {local_task_job_runner.py:228} INFO - Task exited with return code 0
[2025-07-18T16:04:04.235+0000] {taskinstance.py:2778} INFO - 1 downstream tasks scheduled from follow-on schedule check
