[2025-07-18T19:06:37.117+0000] {taskinstance.py:1159} INFO - Dependencies all met for dep_context=non-requeueable deps ti=<TaskInstance: restaurant_pipeline.send_to_kafka scheduled__2025-07-18T19:04:00+00:00 [queued]>
[2025-07-18T19:06:37.121+0000] {taskinstance.py:1159} INFO - Dependencies all met for dep_context=requeueable deps ti=<TaskInstance: restaurant_pipeline.send_to_kafka scheduled__2025-07-18T19:04:00+00:00 [queued]>
[2025-07-18T19:06:37.121+0000] {taskinstance.py:1361} INFO - Starting attempt 1 of 1
[2025-07-18T19:06:37.127+0000] {taskinstance.py:1382} INFO - Executing <Task(BashOperator): send_to_kafka> on 2025-07-18 19:04:00+00:00
[2025-07-18T19:06:37.129+0000] {standard_task_runner.py:57} INFO - Started process 4343 to run task
[2025-07-18T19:06:37.131+0000] {standard_task_runner.py:84} INFO - Running: ['***', 'tasks', 'run', 'restaurant_pipeline', 'send_to_kafka', 'scheduled__2025-07-18T19:04:00+00:00', '--job-id', '465', '--raw', '--subdir', 'DAGS_FOLDER/restaurant_pipeline.py', '--cfg-path', '/tmp/tmpltncckr9']
[2025-07-18T19:06:37.133+0000] {standard_task_runner.py:85} INFO - Job 465: Subtask send_to_kafka
[2025-07-18T19:06:37.157+0000] {task_command.py:416} INFO - Running <TaskInstance: restaurant_pipeline.send_to_kafka scheduled__2025-07-18T19:04:00+00:00 [running]> on host 9bcfb43e0ab7
[2025-07-18T19:06:37.193+0000] {taskinstance.py:1662} INFO - Exporting env vars: AIRFLOW_CTX_DAG_OWNER='moran' AIRFLOW_CTX_DAG_ID='restaurant_pipeline' AIRFLOW_CTX_TASK_ID='send_to_kafka' AIRFLOW_CTX_EXECUTION_DATE='2025-07-18T19:04:00+00:00' AIRFLOW_CTX_TRY_NUMBER='1' AIRFLOW_CTX_DAG_RUN_ID='scheduled__2025-07-18T19:04:00+00:00'
[2025-07-18T19:06:37.194+0000] {subprocess.py:63} INFO - Tmp dir root location: /tmp
[2025-07-18T19:06:37.194+0000] {subprocess.py:75} INFO - Running command: ['/bin/bash', '-c', 'python /opt/streaming/producer.py']
[2025-07-18T19:06:37.199+0000] {subprocess.py:86} INFO - Output:
[2025-07-18T19:06:39.505+0000] {subprocess.py:93} INFO - [✓] Sent to reservations: {'reservation_id': 9285, 'branch_id': 101, 'customer_name': 'Sierra King', 'phone_number': '633-307-0978x546', 'reservation_date': '2025-07-18', 'reservation_time': '19:56', 'guests_count': 6, 'is_confirmed': False}
[2025-07-18T19:06:39.507+0000] {subprocess.py:93} INFO - [✓] Sent to reservations: {'reservation_id': 7895, 'branch_id': 102, 'customer_name': 'Mr. Christopher Crawford', 'phone_number': '439-277-6942x518', 'reservation_date': '2025-07-18', 'reservation_time': '20:40', 'guests_count': 6, 'is_confirmed': False}
[2025-07-18T19:06:39.507+0000] {subprocess.py:93} INFO - [✓] Sent to reservations: {'reservation_id': 2124, 'branch_id': 102, 'customer_name': 'Cheryl Smith', 'phone_number': '(756)482-0283x459', 'reservation_date': '2025-07-18', 'reservation_time': '20:29', 'guests_count': 2, 'is_confirmed': True}
[2025-07-18T19:06:39.507+0000] {subprocess.py:93} INFO - [✓] Sent to checkins: {'checkin_id': 2229, 'customer_name': 'Brianna Holmes', 'phone_number': '+1-857-473-4498x4076', 'branch_id': 102, 'table_id': 209, 'is_prebooked': False, 'checkin_date': '2025-07-18', 'checkin_time': '17:24', 'guests_count': 2, 'shift_manager': 'Kenneth White'}
[2025-07-18T19:06:39.509+0000] {subprocess.py:93} INFO - [✓] Sent to checkins: {'checkin_id': 8397, 'customer_name': 'Ashley Snyder', 'phone_number': '+1-421-952-1069x937', 'branch_id': 101, 'table_id': 202, 'is_prebooked': False, 'checkin_date': '2025-07-18', 'checkin_time': '18:50', 'guests_count': 2, 'shift_manager': 'Jesus Barrett'}
[2025-07-18T19:06:39.510+0000] {subprocess.py:93} INFO - [✓] Sent to checkins: {'checkin_id': 5440, 'customer_name': 'Evan Leach', 'phone_number': '259.760.1492', 'branch_id': 102, 'table_id': 210, 'is_prebooked': False, 'checkin_date': '2025-07-18', 'checkin_time': '18:49', 'guests_count': 2, 'shift_manager': 'Stephanie Brown'}
[2025-07-18T19:06:39.510+0000] {subprocess.py:93} INFO - [✓] Sent to feedback: {'feedback_id': 2865, 'branch_id': 102, 'customer_name': 'David Gonzales', 'phone_number': '596.970.5459x820', 'feedback_text': 'Receive difficult still them miss dark security.', 'rating': 2, 'dining_date': '2025-07-18', 'dining_time': '17:38', 'submission_time': '2025-07-18T19:06:36'}
[2025-07-18T19:06:39.510+0000] {subprocess.py:93} INFO - [✓] Sent to feedback: {'feedback_id': 6033, 'branch_id': 102, 'customer_name': 'Amy Smith', 'phone_number': '(288)970-3449x2654', 'feedback_text': 'Place song instead later administration lead.', 'rating': 3, 'dining_date': '2025-07-18', 'dining_time': '17:53', 'submission_time': '2025-07-18T19:06:36'}
[2025-07-18T19:06:39.510+0000] {subprocess.py:93} INFO - [✓] Sent to feedback: {'feedback_id': 1359, 'branch_id': 101, 'customer_name': 'Caleb Ryan', 'phone_number': '983-531-2238', 'feedback_text': 'Believe shoulder drug serve American.', 'rating': 1, 'dining_date': '2025-07-18', 'dining_time': '18:19', 'submission_time': '2025-07-18T19:06:36'}
[2025-07-18T19:06:39.510+0000] {subprocess.py:93} INFO - ✅ All messages sent.
[2025-07-18T19:06:39.561+0000] {subprocess.py:97} INFO - Command exited with return code 0
[2025-07-18T19:06:39.596+0000] {taskinstance.py:1400} INFO - Marking task as SUCCESS. dag_id=restaurant_pipeline, task_id=send_to_kafka, execution_date=20250718T190400, start_date=20250718T190637, end_date=20250718T190639
[2025-07-18T19:06:39.634+0000] {local_task_job_runner.py:228} INFO - Task exited with return code 0
[2025-07-18T19:06:39.674+0000] {taskinstance.py:2778} INFO - 1 downstream tasks scheduled from follow-on schedule check
