[2025-07-18T15:19:56.754+0000] {taskinstance.py:1159} INFO - Dependencies all met for dep_context=non-requeueable deps ti=<TaskInstance: restaurant_pipeline.stream_to_bronze manual__2025-07-18T15:19:52.121510+00:00 [queued]>
[2025-07-18T15:19:56.758+0000] {taskinstance.py:1159} INFO - Dependencies all met for dep_context=requeueable deps ti=<TaskInstance: restaurant_pipeline.stream_to_bronze manual__2025-07-18T15:19:52.121510+00:00 [queued]>
[2025-07-18T15:19:56.758+0000] {taskinstance.py:1361} INFO - Starting attempt 1 of 1
[2025-07-18T15:19:56.764+0000] {taskinstance.py:1382} INFO - Executing <Task(BashOperator): stream_to_bronze> on 2025-07-18 15:19:52.121510+00:00
[2025-07-18T15:19:56.766+0000] {standard_task_runner.py:57} INFO - Started process 191 to run task
[2025-07-18T15:19:56.768+0000] {standard_task_runner.py:84} INFO - Running: ['***', 'tasks', 'run', 'restaurant_pipeline', 'stream_to_bronze', 'manual__2025-07-18T15:19:52.121510+00:00', '--job-id', '87', '--raw', '--subdir', 'DAGS_FOLDER/restaurant_pipeline.py', '--cfg-path', '/tmp/tmp0ozca0hf']
[2025-07-18T15:19:56.770+0000] {standard_task_runner.py:85} INFO - Job 87: Subtask stream_to_bronze
[2025-07-18T15:19:56.792+0000] {task_command.py:416} INFO - Running <TaskInstance: restaurant_pipeline.stream_to_bronze manual__2025-07-18T15:19:52.121510+00:00 [running]> on host 9bcfb43e0ab7
[2025-07-18T15:19:56.826+0000] {taskinstance.py:1662} INFO - Exporting env vars: AIRFLOW_CTX_DAG_OWNER='moran' AIRFLOW_CTX_DAG_ID='restaurant_pipeline' AIRFLOW_CTX_TASK_ID='stream_to_bronze' AIRFLOW_CTX_EXECUTION_DATE='2025-07-18T15:19:52.121510+00:00' AIRFLOW_CTX_TRY_NUMBER='1' AIRFLOW_CTX_DAG_RUN_ID='manual__2025-07-18T15:19:52.121510+00:00'
[2025-07-18T15:19:56.827+0000] {subprocess.py:63} INFO - Tmp dir root location: /tmp
[2025-07-18T15:19:56.827+0000] {subprocess.py:75} INFO - Running command: ['/bin/bash', '-c', 'docker exec spark-iceberg spark-submit /home/iceberg/spark/stream_to_bronze.py']
[2025-07-18T15:19:56.832+0000] {subprocess.py:86} INFO - Output:
[2025-07-18T15:19:59.092+0000] {subprocess.py:93} INFO - 25/07/18 15:19:59 INFO SparkContext: Running Spark version 3.5.6
[2025-07-18T15:19:59.094+0000] {subprocess.py:93} INFO - 25/07/18 15:19:59 INFO SparkContext: OS info Linux, 6.10.14-linuxkit, aarch64
[2025-07-18T15:19:59.094+0000] {subprocess.py:93} INFO - 25/07/18 15:19:59 INFO SparkContext: Java version 17.0.15
[2025-07-18T15:19:59.108+0000] {subprocess.py:93} INFO - 25/07/18 15:19:59 INFO ResourceUtils: ==============================================================
[2025-07-18T15:19:59.108+0000] {subprocess.py:93} INFO - 25/07/18 15:19:59 INFO ResourceUtils: No custom resources configured for spark.driver.
[2025-07-18T15:19:59.109+0000] {subprocess.py:93} INFO - 25/07/18 15:19:59 INFO ResourceUtils: ==============================================================
[2025-07-18T15:19:59.109+0000] {subprocess.py:93} INFO - 25/07/18 15:19:59 INFO SparkContext: Submitted application: StreamToBronze
[2025-07-18T15:19:59.119+0000] {subprocess.py:93} INFO - 25/07/18 15:19:59 INFO ResourceProfile: Default ResourceProfile created, executor resources: Map(cores -> name: cores, amount: 1, script: , vendor: , memory -> name: memory, amount: 1024, script: , vendor: , offHeap -> name: offHeap, amount: 0, script: , vendor: ), task resources: Map(cpus -> name: cpus, amount: 1.0)
[2025-07-18T15:19:59.123+0000] {subprocess.py:93} INFO - 25/07/18 15:19:59 INFO ResourceProfile: Limiting resource is cpu
[2025-07-18T15:19:59.123+0000] {subprocess.py:93} INFO - 25/07/18 15:19:59 INFO ResourceProfileManager: Added ResourceProfile id: 0
[2025-07-18T15:19:59.155+0000] {subprocess.py:93} INFO - 25/07/18 15:19:59 INFO SecurityManager: Changing view acls to: root,spark
[2025-07-18T15:19:59.155+0000] {subprocess.py:93} INFO - 25/07/18 15:19:59 INFO SecurityManager: Changing modify acls to: root,spark
[2025-07-18T15:19:59.155+0000] {subprocess.py:93} INFO - 25/07/18 15:19:59 INFO SecurityManager: Changing view acls groups to:
[2025-07-18T15:19:59.155+0000] {subprocess.py:93} INFO - 25/07/18 15:19:59 INFO SecurityManager: Changing modify acls groups to:
[2025-07-18T15:19:59.155+0000] {subprocess.py:93} INFO - 25/07/18 15:19:59 INFO SecurityManager: SecurityManager: authentication disabled; ui acls disabled; users with view permissions: root, spark; groups with view permissions: EMPTY; users with modify permissions: root, spark; groups with modify permissions: EMPTY
[2025-07-18T15:19:59.192+0000] {subprocess.py:93} INFO - 25/07/18 15:19:59 WARN NativeCodeLoader: Unable to load native-hadoop library for your platform... using builtin-java classes where applicable
[2025-07-18T15:19:59.335+0000] {subprocess.py:93} INFO - 25/07/18 15:19:59 INFO Utils: Successfully started service 'sparkDriver' on port 45625.
[2025-07-18T15:19:59.358+0000] {subprocess.py:93} INFO - 25/07/18 15:19:59 INFO SparkEnv: Registering MapOutputTracker
[2025-07-18T15:19:59.377+0000] {subprocess.py:93} INFO - 25/07/18 15:19:59 INFO SparkEnv: Registering BlockManagerMaster
[2025-07-18T15:19:59.389+0000] {subprocess.py:93} INFO - 25/07/18 15:19:59 INFO BlockManagerMasterEndpoint: Using org.apache.spark.storage.DefaultTopologyMapper for getting topology information
[2025-07-18T15:19:59.390+0000] {subprocess.py:93} INFO - 25/07/18 15:19:59 INFO BlockManagerMasterEndpoint: BlockManagerMasterEndpoint up
[2025-07-18T15:19:59.392+0000] {subprocess.py:93} INFO - 25/07/18 15:19:59 INFO SparkEnv: Registering BlockManagerMasterHeartbeat
[2025-07-18T15:19:59.409+0000] {subprocess.py:93} INFO - 25/07/18 15:19:59 INFO DiskBlockManager: Created local directory at /tmp/blockmgr-b72e4a85-2e1c-4556-898b-c1cadd12e4e1
[2025-07-18T15:19:59.417+0000] {subprocess.py:93} INFO - 25/07/18 15:19:59 INFO MemoryStore: MemoryStore started with capacity 434.4 MiB
[2025-07-18T15:19:59.425+0000] {subprocess.py:93} INFO - 25/07/18 15:19:59 INFO SparkEnv: Registering OutputCommitCoordinator
[2025-07-18T15:19:59.496+0000] {subprocess.py:93} INFO - 25/07/18 15:19:59 INFO JettyUtils: Start Jetty 0.0.0.0:4040 for SparkUI
[2025-07-18T15:19:59.538+0000] {subprocess.py:93} INFO - 25/07/18 15:19:59 INFO Utils: Successfully started service 'SparkUI' on port 4040.
[2025-07-18T15:19:59.593+0000] {subprocess.py:93} INFO - 25/07/18 15:19:59 INFO Executor: Starting executor ID driver on host 77cb57a6bd53
[2025-07-18T15:19:59.593+0000] {subprocess.py:93} INFO - 25/07/18 15:19:59 INFO Executor: OS info Linux, 6.10.14-linuxkit, aarch64
[2025-07-18T15:19:59.593+0000] {subprocess.py:93} INFO - 25/07/18 15:19:59 INFO Executor: Java version 17.0.15
[2025-07-18T15:19:59.596+0000] {subprocess.py:93} INFO - 25/07/18 15:19:59 INFO Executor: Starting executor with user classpath (userClassPathFirst = false): ''
[2025-07-18T15:19:59.596+0000] {subprocess.py:93} INFO - 25/07/18 15:19:59 INFO Executor: Created or updated repl class loader org.apache.spark.util.MutableURLClassLoader@4b36aeb4 for default.
[2025-07-18T15:19:59.612+0000] {subprocess.py:93} INFO - 25/07/18 15:19:59 INFO Utils: Successfully started service 'org.apache.spark.network.netty.NettyBlockTransferService' on port 46069.
[2025-07-18T15:19:59.612+0000] {subprocess.py:93} INFO - 25/07/18 15:19:59 INFO NettyBlockTransferService: Server created on 77cb57a6bd53:46069
[2025-07-18T15:19:59.614+0000] {subprocess.py:93} INFO - 25/07/18 15:19:59 INFO BlockManager: Using org.apache.spark.storage.RandomBlockReplicationPolicy for block replication policy
[2025-07-18T15:19:59.617+0000] {subprocess.py:93} INFO - 25/07/18 15:19:59 INFO BlockManagerMaster: Registering BlockManager BlockManagerId(driver, 77cb57a6bd53, 46069, None)
[2025-07-18T15:19:59.619+0000] {subprocess.py:93} INFO - 25/07/18 15:19:59 INFO BlockManagerMasterEndpoint: Registering block manager 77cb57a6bd53:46069 with 434.4 MiB RAM, BlockManagerId(driver, 77cb57a6bd53, 46069, None)
[2025-07-18T15:19:59.620+0000] {subprocess.py:93} INFO - 25/07/18 15:19:59 INFO BlockManagerMaster: Registered BlockManager BlockManagerId(driver, 77cb57a6bd53, 46069, None)
[2025-07-18T15:19:59.621+0000] {subprocess.py:93} INFO - 25/07/18 15:19:59 INFO BlockManager: Initialized BlockManager: BlockManagerId(driver, 77cb57a6bd53, 46069, None)
[2025-07-18T15:19:59.883+0000] {subprocess.py:93} INFO - 25/07/18 15:19:59 INFO SharedState: Setting hive.metastore.warehouse.dir ('null') to the value of spark.sql.warehouse.dir.
[2025-07-18T15:19:59.887+0000] {subprocess.py:93} INFO - 25/07/18 15:19:59 INFO SharedState: Warehouse path is 'file:/app/spark-warehouse'.
[2025-07-18T15:20:01.546+0000] {subprocess.py:93} INFO - 25/07/18 15:20:01 WARN MetricsConfig: Cannot locate configuration: tried hadoop-metrics2-s3a-file-system.properties,hadoop-metrics2.properties
[2025-07-18T15:20:01.560+0000] {subprocess.py:93} INFO - 25/07/18 15:20:01 INFO MetricsSystemImpl: Scheduled Metric snapshot period at 10 second(s).
[2025-07-18T15:20:01.560+0000] {subprocess.py:93} INFO - 25/07/18 15:20:01 INFO MetricsSystemImpl: s3a-file-system metrics system started
[2025-07-18T15:20:02.757+0000] {subprocess.py:93} INFO - Traceback (most recent call last):
[2025-07-18T15:20:02.758+0000] {subprocess.py:93} INFO -   File "/home/iceberg/spark/stream_to_bronze.py", line 73, in <module>
[2025-07-18T15:20:02.758+0000] {subprocess.py:93} INFO -     read_kafka(
[2025-07-18T15:20:02.759+0000] {subprocess.py:93} INFO -   File "/home/iceberg/spark/stream_to_bronze.py", line 71, in read_kafka
[2025-07-18T15:20:02.759+0000] {subprocess.py:93} INFO -     .start()
[2025-07-18T15:20:02.759+0000] {subprocess.py:93} INFO -      ^^^^^^^
[2025-07-18T15:20:02.759+0000] {subprocess.py:93} INFO -   File "/opt/bitnami/spark/python/lib/pyspark.zip/pyspark/sql/streaming/readwriter.py", line 1527, in start
[2025-07-18T15:20:02.760+0000] {subprocess.py:93} INFO -   File "/opt/bitnami/spark/python/lib/py4j-0.10.9.7-src.zip/py4j/java_gateway.py", line 1322, in __call__
[2025-07-18T15:20:02.760+0000] {subprocess.py:93} INFO -   File "/opt/bitnami/spark/python/lib/pyspark.zip/pyspark/errors/exceptions/captured.py", line 179, in deco
[2025-07-18T15:20:02.760+0000] {subprocess.py:93} INFO -   File "/opt/bitnami/spark/python/lib/py4j-0.10.9.7-src.zip/py4j/protocol.py", line 326, in get_return_value
[2025-07-18T15:20:02.760+0000] {subprocess.py:93} INFO - py4j.protocol.Py4JJavaError: An error occurred while calling o63.start.
[2025-07-18T15:20:02.760+0000] {subprocess.py:93} INFO - : org.apache.iceberg.exceptions.NoSuchTableException: Cannot find table for bronze.Reservations_raw.
[2025-07-18T15:20:02.760+0000] {subprocess.py:93} INFO - 	at org.apache.iceberg.spark.source.IcebergSource.getTable(IcebergSource.java:112)
[2025-07-18T15:20:02.760+0000] {subprocess.py:93} INFO - 	at org.apache.iceberg.spark.source.IcebergSource.inferPartitioning(IcebergSource.java:90)
[2025-07-18T15:20:02.760+0000] {subprocess.py:93} INFO - 	at org.apache.spark.sql.execution.datasources.v2.DataSourceV2Utils$.getTableFromProvider(DataSourceV2Utils.scala:82)
[2025-07-18T15:20:02.760+0000] {subprocess.py:93} INFO - 	at org.apache.spark.sql.streaming.DataStreamWriter.startInternal(DataStreamWriter.scala:399)
[2025-07-18T15:20:02.761+0000] {subprocess.py:93} INFO - 	at org.apache.spark.sql.streaming.DataStreamWriter.start(DataStreamWriter.scala:251)
[2025-07-18T15:20:02.761+0000] {subprocess.py:93} INFO - 	at java.base/jdk.internal.reflect.NativeMethodAccessorImpl.invoke0(Native Method)
[2025-07-18T15:20:02.761+0000] {subprocess.py:93} INFO - 	at java.base/jdk.internal.reflect.NativeMethodAccessorImpl.invoke(Unknown Source)
[2025-07-18T15:20:02.761+0000] {subprocess.py:93} INFO - 	at java.base/jdk.internal.reflect.DelegatingMethodAccessorImpl.invoke(Unknown Source)
[2025-07-18T15:20:02.761+0000] {subprocess.py:93} INFO - 	at java.base/java.lang.reflect.Method.invoke(Unknown Source)
[2025-07-18T15:20:02.761+0000] {subprocess.py:93} INFO - 	at py4j.reflection.MethodInvoker.invoke(MethodInvoker.java:244)
[2025-07-18T15:20:02.761+0000] {subprocess.py:93} INFO - 	at py4j.reflection.ReflectionEngine.invoke(ReflectionEngine.java:374)
[2025-07-18T15:20:02.761+0000] {subprocess.py:93} INFO - 	at py4j.Gateway.invoke(Gateway.java:282)
[2025-07-18T15:20:02.761+0000] {subprocess.py:93} INFO - 	at py4j.commands.AbstractCommand.invokeMethod(AbstractCommand.java:132)
[2025-07-18T15:20:02.761+0000] {subprocess.py:93} INFO - 	at py4j.commands.CallCommand.execute(CallCommand.java:79)
[2025-07-18T15:20:02.761+0000] {subprocess.py:93} INFO - 	at py4j.ClientServerConnection.waitForCommands(ClientServerConnection.java:182)
[2025-07-18T15:20:02.761+0000] {subprocess.py:93} INFO - 	at py4j.ClientServerConnection.run(ClientServerConnection.java:106)
[2025-07-18T15:20:02.761+0000] {subprocess.py:93} INFO - 	at java.base/java.lang.Thread.run(Unknown Source)
[2025-07-18T15:20:02.761+0000] {subprocess.py:93} INFO - Caused by: org.apache.spark.sql.catalyst.analysis.NoSuchTableException: [TABLE_OR_VIEW_NOT_FOUND] The table or view bronze.Reservations_raw cannot be found. Verify the spelling and correctness of the schema and catalog.
[2025-07-18T15:20:02.761+0000] {subprocess.py:93} INFO - If you did not qualify the name with a schema, verify the current_schema() output, or qualify the name with the correct schema and catalog.
[2025-07-18T15:20:02.762+0000] {subprocess.py:93} INFO - To tolerate the error on drop use DROP VIEW IF EXISTS or DROP TABLE IF EXISTS.
[2025-07-18T15:20:02.762+0000] {subprocess.py:93} INFO - 	at org.apache.iceberg.spark.SparkCatalog.loadTable(SparkCatalog.java:161)
[2025-07-18T15:20:02.762+0000] {subprocess.py:93} INFO - 	at org.apache.iceberg.spark.source.IcebergSource.getTable(IcebergSource.java:107)
[2025-07-18T15:20:02.762+0000] {subprocess.py:93} INFO - 	... 16 more
[2025-07-18T15:20:02.762+0000] {subprocess.py:93} INFO - 
[2025-07-18T15:20:02.778+0000] {subprocess.py:93} INFO - 25/07/18 15:20:02 INFO SparkContext: Invoking stop() from shutdown hook
[2025-07-18T15:20:02.778+0000] {subprocess.py:93} INFO - 25/07/18 15:20:02 INFO SparkContext: SparkContext is stopping with exitCode 0.
[2025-07-18T15:20:02.783+0000] {subprocess.py:93} INFO - 25/07/18 15:20:02 INFO SparkUI: Stopped Spark web UI at http://77cb57a6bd53:4040
[2025-07-18T15:20:02.789+0000] {subprocess.py:93} INFO - 25/07/18 15:20:02 INFO MapOutputTrackerMasterEndpoint: MapOutputTrackerMasterEndpoint stopped!
[2025-07-18T15:20:02.797+0000] {subprocess.py:93} INFO - 25/07/18 15:20:02 INFO MemoryStore: MemoryStore cleared
[2025-07-18T15:20:02.797+0000] {subprocess.py:93} INFO - 25/07/18 15:20:02 INFO BlockManager: BlockManager stopped
[2025-07-18T15:20:02.800+0000] {subprocess.py:93} INFO - 25/07/18 15:20:02 INFO BlockManagerMaster: BlockManagerMaster stopped
[2025-07-18T15:20:02.801+0000] {subprocess.py:93} INFO - 25/07/18 15:20:02 INFO OutputCommitCoordinator$OutputCommitCoordinatorEndpoint: OutputCommitCoordinator stopped!
[2025-07-18T15:20:02.806+0000] {subprocess.py:93} INFO - 25/07/18 15:20:02 INFO SparkContext: Successfully stopped SparkContext
[2025-07-18T15:20:02.806+0000] {subprocess.py:93} INFO - 25/07/18 15:20:02 INFO ShutdownHookManager: Shutdown hook called
[2025-07-18T15:20:02.808+0000] {subprocess.py:93} INFO - 25/07/18 15:20:02 INFO ShutdownHookManager: Deleting directory /tmp/spark-0c7632c6-0864-4b36-a18a-98bcdfa31a48
[2025-07-18T15:20:02.808+0000] {subprocess.py:93} INFO - 25/07/18 15:20:02 INFO ShutdownHookManager: Deleting directory /tmp/spark-0c7632c6-0864-4b36-a18a-98bcdfa31a48/pyspark-92d866e2-0270-4026-8113-b76ec36aaa8b
[2025-07-18T15:20:02.811+0000] {subprocess.py:93} INFO - 25/07/18 15:20:02 INFO ShutdownHookManager: Deleting directory /tmp/spark-3a5bab80-276a-4192-a263-b3bb488224a9
[2025-07-18T15:20:02.815+0000] {subprocess.py:93} INFO - 25/07/18 15:20:02 INFO MetricsSystemImpl: Stopping s3a-file-system metrics system...
[2025-07-18T15:20:02.815+0000] {subprocess.py:93} INFO - 25/07/18 15:20:02 INFO MetricsSystemImpl: s3a-file-system metrics system stopped.
[2025-07-18T15:20:02.815+0000] {subprocess.py:93} INFO - 25/07/18 15:20:02 INFO MetricsSystemImpl: s3a-file-system metrics system shutdown complete.
[2025-07-18T15:20:02.838+0000] {subprocess.py:97} INFO - Command exited with return code 1
[2025-07-18T15:20:02.846+0000] {taskinstance.py:1937} ERROR - Task failed with exception
Traceback (most recent call last):
  File "/home/airflow/.local/lib/python3.8/site-packages/airflow/operators/bash.py", line 210, in execute
    raise AirflowException(
airflow.exceptions.AirflowException: Bash command failed. The command returned a non-zero exit code 1.
[2025-07-18T15:20:02.848+0000] {taskinstance.py:1400} INFO - Marking task as FAILED. dag_id=restaurant_pipeline, task_id=stream_to_bronze, execution_date=20250718T151952, start_date=20250718T151956, end_date=20250718T152002
[2025-07-18T15:20:02.854+0000] {standard_task_runner.py:104} ERROR - Failed to execute job 87 for task stream_to_bronze (Bash command failed. The command returned a non-zero exit code 1.; 191)
[2025-07-18T15:20:02.886+0000] {local_task_job_runner.py:228} INFO - Task exited with return code 1
[2025-07-18T15:20:02.912+0000] {taskinstance.py:2778} INFO - 0 downstream tasks scheduled from follow-on schedule check
