[2025-07-19T20:47:49.284+0000] {taskinstance.py:1159} INFO - Dependencies all met for dep_context=non-requeueable deps ti=<TaskInstance: restaurant_pipeline.send_to_kafka scheduled__2025-07-19T20:44:00+00:00 [queued]>
[2025-07-19T20:47:49.289+0000] {taskinstance.py:1159} INFO - Dependencies all met for dep_context=requeueable deps ti=<TaskInstance: restaurant_pipeline.send_to_kafka scheduled__2025-07-19T20:44:00+00:00 [queued]>
[2025-07-19T20:47:49.289+0000] {taskinstance.py:1361} INFO - Starting attempt 1 of 1
[2025-07-19T20:47:49.296+0000] {taskinstance.py:1382} INFO - Executing <Task(BashOperator): send_to_kafka> on 2025-07-19 20:44:00+00:00
[2025-07-19T20:47:49.299+0000] {standard_task_runner.py:57} INFO - Started process 3785 to run task
[2025-07-19T20:47:49.302+0000] {standard_task_runner.py:84} INFO - Running: ['***', 'tasks', 'run', 'restaurant_pipeline', 'send_to_kafka', 'scheduled__2025-07-19T20:44:00+00:00', '--job-id', '1210', '--raw', '--subdir', 'DAGS_FOLDER/restaurant_pipeline.py', '--cfg-path', '/tmp/tmpj3kw8i5q']
[2025-07-19T20:47:49.303+0000] {standard_task_runner.py:85} INFO - Job 1210: Subtask send_to_kafka
[2025-07-19T20:47:49.330+0000] {task_command.py:416} INFO - Running <TaskInstance: restaurant_pipeline.send_to_kafka scheduled__2025-07-19T20:44:00+00:00 [running]> on host e3f5d8fc4eef
[2025-07-19T20:47:49.376+0000] {taskinstance.py:1662} INFO - Exporting env vars: AIRFLOW_CTX_DAG_OWNER='moran' AIRFLOW_CTX_DAG_ID='restaurant_pipeline' AIRFLOW_CTX_TASK_ID='send_to_kafka' AIRFLOW_CTX_EXECUTION_DATE='2025-07-19T20:44:00+00:00' AIRFLOW_CTX_TRY_NUMBER='1' AIRFLOW_CTX_DAG_RUN_ID='scheduled__2025-07-19T20:44:00+00:00'
[2025-07-19T20:47:49.377+0000] {subprocess.py:63} INFO - Tmp dir root location: /tmp
[2025-07-19T20:47:49.377+0000] {subprocess.py:75} INFO - Running command: ['/bin/bash', '-c', 'python /opt/streaming/producer.py']
[2025-07-19T20:47:49.383+0000] {subprocess.py:86} INFO - Output:
[2025-07-19T20:47:51.685+0000] {subprocess.py:93} INFO - [✓] Sent to reservations: {'reservation_id': 8030, 'branch_id': 102, 'customer_name': 'Kristen King', 'phone_number': '503.962.7211x535', 'reservation_date': '2025-07-19', 'reservation_time': '22:15', 'guests_count': 6, 'is_confirmed': True}
[2025-07-19T20:47:51.687+0000] {subprocess.py:93} INFO - [✓] Sent to reservations: {'reservation_id': 3476, 'branch_id': 101, 'customer_name': 'Lori Walker', 'phone_number': '(508)563-6240x434', 'reservation_date': '2025-07-19', 'reservation_time': '22:21', 'guests_count': 8, 'is_confirmed': False}
[2025-07-19T20:47:51.688+0000] {subprocess.py:93} INFO - [✓] Sent to reservations: {'reservation_id': 2514, 'branch_id': 102, 'customer_name': 'Melissa Harris', 'phone_number': '(672)384-3014x9750', 'reservation_date': '2025-07-19', 'reservation_time': '22:00', 'guests_count': 4, 'is_confirmed': False}
[2025-07-19T20:47:51.689+0000] {subprocess.py:93} INFO - [✓] Sent to checkins: {'checkin_id': 3727, 'customer_name': 'Pamela Hunter', 'phone_number': '001-629-835-1365x19924', 'branch_id': 101, 'table_id': 203, 'is_prebooked': False, 'checkin_date': '2025-07-19', 'checkin_time': '19:09', 'guests_count': 5, 'shift_manager': 'Victor Hubbard'}
[2025-07-19T20:47:51.690+0000] {subprocess.py:93} INFO - [✓] Sent to checkins: {'checkin_id': 8847, 'customer_name': 'Duane Kelly', 'phone_number': '861-658-9209', 'branch_id': 102, 'table_id': 203, 'is_prebooked': True, 'checkin_date': '2025-07-19', 'checkin_time': '19:49', 'guests_count': 5, 'shift_manager': 'Scott Hamilton'}
[2025-07-19T20:47:51.690+0000] {subprocess.py:93} INFO - [✓] Sent to checkins: {'checkin_id': 3973, 'customer_name': 'Ms. Christine Lopez', 'phone_number': '(775)920-7233', 'branch_id': 102, 'table_id': 207, 'is_prebooked': True, 'checkin_date': '2025-07-19', 'checkin_time': '19:39', 'guests_count': 1, 'shift_manager': 'Christine Hughes'}
[2025-07-19T20:47:51.690+0000] {subprocess.py:93} INFO - [✓] Sent to feedback: {'feedback_id': 6693, 'branch_id': 101, 'customer_name': 'Joseph Todd', 'phone_number': '905.537.0279x3224', 'feedback_text': 'Relate book there current.', 'rating': 4, 'dining_date': '2025-07-19', 'dining_time': '19:29', 'submission_time': '2025-07-19T20:47:48'}
[2025-07-19T20:47:51.691+0000] {subprocess.py:93} INFO - [✓] Sent to feedback: {'feedback_id': 7227, 'branch_id': 102, 'customer_name': 'Brittany Davis', 'phone_number': '376-917-5054x8586', 'feedback_text': 'Make her drug.', 'rating': 1, 'dining_date': '2025-07-19', 'dining_time': '20:34', 'submission_time': '2025-07-19T20:47:48'}
[2025-07-19T20:47:51.691+0000] {subprocess.py:93} INFO - [✓] Sent to feedback: {'feedback_id': 7395, 'branch_id': 102, 'customer_name': 'Melissa Warner', 'phone_number': '798.487.5988x14242', 'feedback_text': 'There production less.', 'rating': 3, 'dining_date': '2025-07-19', 'dining_time': '19:50', 'submission_time': '2025-07-19T20:47:48'}
[2025-07-19T20:47:51.692+0000] {subprocess.py:93} INFO - ✅ All messages sent.
[2025-07-19T20:47:51.741+0000] {subprocess.py:97} INFO - Command exited with return code 0
[2025-07-19T20:47:51.759+0000] {taskinstance.py:1400} INFO - Marking task as SUCCESS. dag_id=restaurant_pipeline, task_id=send_to_kafka, execution_date=20250719T204400, start_date=20250719T204749, end_date=20250719T204751
[2025-07-19T20:47:51.795+0000] {local_task_job_runner.py:228} INFO - Task exited with return code 0
[2025-07-19T20:47:51.821+0000] {taskinstance.py:2778} INFO - 1 downstream tasks scheduled from follow-on schedule check
