[2025-07-19T18:10:25.450+0000] {taskinstance.py:1159} INFO - Dependencies all met for dep_context=non-requeueable deps ti=<TaskInstance: restaurant_pipeline.send_to_kafka scheduled__2025-07-19T18:08:00+00:00 [queued]>
[2025-07-19T18:10:25.454+0000] {taskinstance.py:1159} INFO - Dependencies all met for dep_context=requeueable deps ti=<TaskInstance: restaurant_pipeline.send_to_kafka scheduled__2025-07-19T18:08:00+00:00 [queued]>
[2025-07-19T18:10:25.454+0000] {taskinstance.py:1361} INFO - Starting attempt 1 of 1
[2025-07-19T18:10:25.459+0000] {taskinstance.py:1382} INFO - Executing <Task(BashOperator): send_to_kafka> on 2025-07-19 18:08:00+00:00
[2025-07-19T18:10:25.461+0000] {standard_task_runner.py:57} INFO - Started process 450 to run task
[2025-07-19T18:10:25.463+0000] {standard_task_runner.py:84} INFO - Running: ['***', 'tasks', 'run', 'restaurant_pipeline', 'send_to_kafka', 'scheduled__2025-07-19T18:08:00+00:00', '--job-id', '944', '--raw', '--subdir', 'DAGS_FOLDER/restaurant_pipeline.py', '--cfg-path', '/tmp/tmpf5w_8dzf']
[2025-07-19T18:10:25.464+0000] {standard_task_runner.py:85} INFO - Job 944: Subtask send_to_kafka
[2025-07-19T18:10:25.484+0000] {task_command.py:416} INFO - Running <TaskInstance: restaurant_pipeline.send_to_kafka scheduled__2025-07-19T18:08:00+00:00 [running]> on host e3f5d8fc4eef
[2025-07-19T18:10:25.519+0000] {taskinstance.py:1662} INFO - Exporting env vars: AIRFLOW_CTX_DAG_OWNER='moran' AIRFLOW_CTX_DAG_ID='restaurant_pipeline' AIRFLOW_CTX_TASK_ID='send_to_kafka' AIRFLOW_CTX_EXECUTION_DATE='2025-07-19T18:08:00+00:00' AIRFLOW_CTX_TRY_NUMBER='1' AIRFLOW_CTX_DAG_RUN_ID='scheduled__2025-07-19T18:08:00+00:00'
[2025-07-19T18:10:25.520+0000] {subprocess.py:63} INFO - Tmp dir root location: /tmp
[2025-07-19T18:10:25.520+0000] {subprocess.py:75} INFO - Running command: ['/bin/bash', '-c', 'python /opt/streaming/producer.py']
[2025-07-19T18:10:25.523+0000] {subprocess.py:86} INFO - Output:
[2025-07-19T18:10:27.745+0000] {subprocess.py:93} INFO - [✓] Sent to reservations: {'reservation_id': 4825, 'branch_id': 101, 'customer_name': 'Matthew Carter', 'phone_number': '388.941.5183x93537', 'reservation_date': '2025-07-19', 'reservation_time': '19:01', 'guests_count': 2, 'is_confirmed': True}
[2025-07-19T18:10:27.748+0000] {subprocess.py:93} INFO - [✓] Sent to reservations: {'reservation_id': 3249, 'branch_id': 101, 'customer_name': 'Ashley Rodriguez', 'phone_number': '205.469.5077x5161', 'reservation_date': '2025-07-19', 'reservation_time': '19:31', 'guests_count': 3, 'is_confirmed': True}
[2025-07-19T18:10:27.751+0000] {subprocess.py:93} INFO - [✓] Sent to reservations: {'reservation_id': 3171, 'branch_id': 102, 'customer_name': 'Dana Jones', 'phone_number': '+1-313-676-9478x416', 'reservation_date': '2025-07-19', 'reservation_time': '18:55', 'guests_count': 5, 'is_confirmed': False}
[2025-07-19T18:10:27.752+0000] {subprocess.py:93} INFO - [✓] Sent to checkins: {'checkin_id': 3809, 'customer_name': 'Amy Shaffer', 'phone_number': '(238)402-0946x4680', 'branch_id': 101, 'table_id': 208, 'is_prebooked': True, 'checkin_date': '2025-07-19', 'checkin_time': '16:51', 'guests_count': 2, 'shift_manager': 'Kathy Massey'}
[2025-07-19T18:10:27.754+0000] {subprocess.py:93} INFO - [✓] Sent to checkins: {'checkin_id': 3615, 'customer_name': 'Robert Peterson', 'phone_number': '+1-366-245-0641x94226', 'branch_id': 102, 'table_id': 210, 'is_prebooked': False, 'checkin_date': '2025-07-19', 'checkin_time': '16:48', 'guests_count': 6, 'shift_manager': 'Eric Thomas'}
[2025-07-19T18:10:27.755+0000] {subprocess.py:93} INFO - [✓] Sent to checkins: {'checkin_id': 4501, 'customer_name': 'David Martin', 'phone_number': '(676)368-8465x173', 'branch_id': 102, 'table_id': 205, 'is_prebooked': True, 'checkin_date': '2025-07-19', 'checkin_time': '17:12', 'guests_count': 6, 'shift_manager': 'Ashley Johnson'}
[2025-07-19T18:10:27.756+0000] {subprocess.py:93} INFO - [✓] Sent to feedback: {'feedback_id': 8390, 'branch_id': 101, 'customer_name': 'Paul Cox', 'phone_number': '+1-630-482-6138', 'feedback_text': 'Under pull ever need chair hear together almost.', 'rating': 3, 'dining_date': '2025-07-19', 'dining_time': '16:49', 'submission_time': '2025-07-19T18:10:24'}
[2025-07-19T18:10:27.758+0000] {subprocess.py:93} INFO - [✓] Sent to feedback: {'feedback_id': 6257, 'branch_id': 102, 'customer_name': 'Joshua Flynn', 'phone_number': '969-480-0304x73894', 'feedback_text': 'Hair sport agency few budget.', 'rating': 1, 'dining_date': '2025-07-19', 'dining_time': '16:14', 'submission_time': '2025-07-19T18:10:24'}
[2025-07-19T18:10:27.761+0000] {subprocess.py:93} INFO - [✓] Sent to feedback: {'feedback_id': 5023, 'branch_id': 101, 'customer_name': 'Joshua Guerra', 'phone_number': '781.549.6019x198', 'feedback_text': 'Laugh nearly trip want understand.', 'rating': 5, 'dining_date': '2025-07-19', 'dining_time': '17:00', 'submission_time': '2025-07-19T18:10:24'}
[2025-07-19T18:10:27.763+0000] {subprocess.py:93} INFO - ✅ All messages sent.
[2025-07-19T18:10:27.795+0000] {subprocess.py:97} INFO - Command exited with return code 0
[2025-07-19T18:10:27.812+0000] {taskinstance.py:1400} INFO - Marking task as SUCCESS. dag_id=restaurant_pipeline, task_id=send_to_kafka, execution_date=20250719T180800, start_date=20250719T181025, end_date=20250719T181027
[2025-07-19T18:10:27.833+0000] {local_task_job_runner.py:228} INFO - Task exited with return code 0
[2025-07-19T18:10:27.863+0000] {taskinstance.py:2778} INFO - 1 downstream tasks scheduled from follow-on schedule check
