[2025-07-18T20:32:01.335+0000] {taskinstance.py:1159} INFO - Dependencies all met for dep_context=non-requeueable deps ti=<TaskInstance: restaurant_pipeline.send_to_kafka scheduled__2025-07-18T20:30:00+00:00 [queued]>
[2025-07-18T20:32:01.339+0000] {taskinstance.py:1159} INFO - Dependencies all met for dep_context=requeueable deps ti=<TaskInstance: restaurant_pipeline.send_to_kafka scheduled__2025-07-18T20:30:00+00:00 [queued]>
[2025-07-18T20:32:01.339+0000] {taskinstance.py:1361} INFO - Starting attempt 1 of 1
[2025-07-18T20:32:01.344+0000] {taskinstance.py:1382} INFO - Executing <Task(BashOperator): send_to_kafka> on 2025-07-18 20:30:00+00:00
[2025-07-18T20:32:01.346+0000] {standard_task_runner.py:57} INFO - Started process 6216 to run task
[2025-07-18T20:32:01.348+0000] {standard_task_runner.py:84} INFO - Running: ['***', 'tasks', 'run', 'restaurant_pipeline', 'send_to_kafka', 'scheduled__2025-07-18T20:30:00+00:00', '--job-id', '629', '--raw', '--subdir', 'DAGS_FOLDER/restaurant_pipeline.py', '--cfg-path', '/tmp/tmpkrzk5u35']
[2025-07-18T20:32:01.350+0000] {standard_task_runner.py:85} INFO - Job 629: Subtask send_to_kafka
[2025-07-18T20:32:01.375+0000] {task_command.py:416} INFO - Running <TaskInstance: restaurant_pipeline.send_to_kafka scheduled__2025-07-18T20:30:00+00:00 [running]> on host 9bcfb43e0ab7
[2025-07-18T20:32:01.415+0000] {taskinstance.py:1662} INFO - Exporting env vars: AIRFLOW_CTX_DAG_OWNER='moran' AIRFLOW_CTX_DAG_ID='restaurant_pipeline' AIRFLOW_CTX_TASK_ID='send_to_kafka' AIRFLOW_CTX_EXECUTION_DATE='2025-07-18T20:30:00+00:00' AIRFLOW_CTX_TRY_NUMBER='1' AIRFLOW_CTX_DAG_RUN_ID='scheduled__2025-07-18T20:30:00+00:00'
[2025-07-18T20:32:01.416+0000] {subprocess.py:63} INFO - Tmp dir root location: /tmp
[2025-07-18T20:32:01.416+0000] {subprocess.py:75} INFO - Running command: ['/bin/bash', '-c', 'python /opt/streaming/producer.py']
[2025-07-18T20:32:01.420+0000] {subprocess.py:86} INFO - Output:
[2025-07-18T20:32:03.659+0000] {subprocess.py:93} INFO - [✓] Sent to reservations: {'reservation_id': 2161, 'branch_id': 102, 'customer_name': 'Kevin Cruz', 'phone_number': '896-823-8979x79418', 'reservation_date': '2025-07-18', 'reservation_time': '20:47', 'guests_count': 8, 'is_confirmed': True}
[2025-07-18T20:32:03.659+0000] {subprocess.py:93} INFO - [✓] Sent to reservations: {'reservation_id': 7090, 'branch_id': 102, 'customer_name': 'Timothy Smith', 'phone_number': '001-652-496-4323', 'reservation_date': '2025-07-18', 'reservation_time': '22:11', 'guests_count': 3, 'is_confirmed': True}
[2025-07-18T20:32:03.660+0000] {subprocess.py:93} INFO - [✓] Sent to reservations: {'reservation_id': 5745, 'branch_id': 101, 'customer_name': 'Richard Smith', 'phone_number': '995-677-1439', 'reservation_date': '2025-07-18', 'reservation_time': '22:30', 'guests_count': 6, 'is_confirmed': True}
[2025-07-18T20:32:03.660+0000] {subprocess.py:93} INFO - [✓] Sent to checkins: {'checkin_id': 2630, 'customer_name': 'Matthew Mitchell', 'phone_number': '7673840288', 'branch_id': 102, 'table_id': 201, 'is_prebooked': False, 'checkin_date': '2025-07-18', 'checkin_time': '19:58', 'guests_count': 6, 'shift_manager': 'Paul Williamson'}
[2025-07-18T20:32:03.660+0000] {subprocess.py:93} INFO - [✓] Sent to checkins: {'checkin_id': 5216, 'customer_name': 'Janet Johnston', 'phone_number': '(650)805-9311', 'branch_id': 102, 'table_id': 203, 'is_prebooked': True, 'checkin_date': '2025-07-18', 'checkin_time': '20:27', 'guests_count': 1, 'shift_manager': 'Danielle Roman'}
[2025-07-18T20:32:03.660+0000] {subprocess.py:93} INFO - [✓] Sent to checkins: {'checkin_id': 7505, 'customer_name': 'Erik Miller', 'phone_number': '997-876-7325x389', 'branch_id': 101, 'table_id': 204, 'is_prebooked': True, 'checkin_date': '2025-07-18', 'checkin_time': '19:24', 'guests_count': 3, 'shift_manager': 'Troy Valenzuela'}
[2025-07-18T20:32:03.660+0000] {subprocess.py:93} INFO - [✓] Sent to feedback: {'feedback_id': 1071, 'branch_id': 101, 'customer_name': 'Catherine Huynh', 'phone_number': '6162219758', 'feedback_text': 'Some begin break actually hour effort.', 'rating': 5, 'dining_date': '2025-07-18', 'dining_time': '18:58', 'submission_time': '2025-07-18T20:32:00'}
[2025-07-18T20:32:03.660+0000] {subprocess.py:93} INFO - [✓] Sent to feedback: {'feedback_id': 8289, 'branch_id': 101, 'customer_name': 'Stacey Miller', 'phone_number': '+1-359-916-3326x23275', 'feedback_text': 'Matter goal still.', 'rating': 4, 'dining_date': '2025-07-18', 'dining_time': '18:58', 'submission_time': '2025-07-18T20:32:00'}
[2025-07-18T20:32:03.660+0000] {subprocess.py:93} INFO - [✓] Sent to feedback: {'feedback_id': 2142, 'branch_id': 102, 'customer_name': 'Dawn Decker', 'phone_number': '(975)647-7819x630', 'feedback_text': 'His off environmental energy group fire term.', 'rating': 4, 'dining_date': '2025-07-18', 'dining_time': '20:11', 'submission_time': '2025-07-18T20:32:00'}
[2025-07-18T20:32:03.660+0000] {subprocess.py:93} INFO - ✅ All messages sent.
[2025-07-18T20:32:03.691+0000] {subprocess.py:97} INFO - Command exited with return code 0
[2025-07-18T20:32:03.709+0000] {taskinstance.py:1400} INFO - Marking task as SUCCESS. dag_id=restaurant_pipeline, task_id=send_to_kafka, execution_date=20250718T203000, start_date=20250718T203201, end_date=20250718T203203
[2025-07-18T20:32:03.741+0000] {local_task_job_runner.py:228} INFO - Task exited with return code 0
[2025-07-18T20:32:03.770+0000] {taskinstance.py:2778} INFO - 1 downstream tasks scheduled from follow-on schedule check
