[2025-07-19T19:34:20.220+0000] {taskinstance.py:1159} INFO - Dependencies all met for dep_context=non-requeueable deps ti=<TaskInstance: restaurant_pipeline.send_to_kafka scheduled__2025-07-19T19:32:00+00:00 [queued]>
[2025-07-19T19:34:20.224+0000] {taskinstance.py:1159} INFO - Dependencies all met for dep_context=requeueable deps ti=<TaskInstance: restaurant_pipeline.send_to_kafka scheduled__2025-07-19T19:32:00+00:00 [queued]>
[2025-07-19T19:34:20.224+0000] {taskinstance.py:1361} INFO - Starting attempt 1 of 1
[2025-07-19T19:34:20.230+0000] {taskinstance.py:1382} INFO - Executing <Task(BashOperator): send_to_kafka> on 2025-07-19 19:32:00+00:00
[2025-07-19T19:34:20.232+0000] {standard_task_runner.py:57} INFO - Started process 2434 to run task
[2025-07-19T19:34:20.234+0000] {standard_task_runner.py:84} INFO - Running: ['***', 'tasks', 'run', 'restaurant_pipeline', 'send_to_kafka', 'scheduled__2025-07-19T19:32:00+00:00', '--job-id', '1114', '--raw', '--subdir', 'DAGS_FOLDER/restaurant_pipeline.py', '--cfg-path', '/tmp/tmp3hm10prj']
[2025-07-19T19:34:20.235+0000] {standard_task_runner.py:85} INFO - Job 1114: Subtask send_to_kafka
[2025-07-19T19:34:20.258+0000] {task_command.py:416} INFO - Running <TaskInstance: restaurant_pipeline.send_to_kafka scheduled__2025-07-19T19:32:00+00:00 [running]> on host e3f5d8fc4eef
[2025-07-19T19:34:20.298+0000] {taskinstance.py:1662} INFO - Exporting env vars: AIRFLOW_CTX_DAG_OWNER='moran' AIRFLOW_CTX_DAG_ID='restaurant_pipeline' AIRFLOW_CTX_TASK_ID='send_to_kafka' AIRFLOW_CTX_EXECUTION_DATE='2025-07-19T19:32:00+00:00' AIRFLOW_CTX_TRY_NUMBER='1' AIRFLOW_CTX_DAG_RUN_ID='scheduled__2025-07-19T19:32:00+00:00'
[2025-07-19T19:34:20.298+0000] {subprocess.py:63} INFO - Tmp dir root location: /tmp
[2025-07-19T19:34:20.299+0000] {subprocess.py:75} INFO - Running command: ['/bin/bash', '-c', 'python /opt/streaming/producer.py']
[2025-07-19T19:34:20.304+0000] {subprocess.py:86} INFO - Output:
[2025-07-19T19:34:22.637+0000] {subprocess.py:93} INFO - [✓] Sent to reservations: {'reservation_id': 3695, 'branch_id': 102, 'customer_name': 'Holly Sexton', 'phone_number': '(234)393-9840x88573', 'reservation_date': '2025-07-19', 'reservation_time': '20:34', 'guests_count': 3, 'is_confirmed': False}
[2025-07-19T19:34:22.638+0000] {subprocess.py:93} INFO - [✓] Sent to reservations: {'reservation_id': 5667, 'branch_id': 102, 'customer_name': 'Kimberly Koch', 'phone_number': '001-782-214-8222x4123', 'reservation_date': '2025-07-19', 'reservation_time': '20:17', 'guests_count': 7, 'is_confirmed': False}
[2025-07-19T19:34:22.639+0000] {subprocess.py:93} INFO - [✓] Sent to reservations: {'reservation_id': 6888, 'branch_id': 102, 'customer_name': 'Nicole Berg', 'phone_number': '(788)255-0023', 'reservation_date': '2025-07-19', 'reservation_time': '20:01', 'guests_count': 6, 'is_confirmed': True}
[2025-07-19T19:34:22.639+0000] {subprocess.py:93} INFO - [✓] Sent to checkins: {'checkin_id': 7861, 'customer_name': 'Angie Long', 'phone_number': '7946496389', 'branch_id': 102, 'table_id': 210, 'is_prebooked': False, 'checkin_date': '2025-07-19', 'checkin_time': '19:02', 'guests_count': 3, 'shift_manager': 'Margaret Stuart'}
[2025-07-19T19:34:22.639+0000] {subprocess.py:93} INFO - [✓] Sent to checkins: {'checkin_id': 5290, 'customer_name': 'Anthony Carroll', 'phone_number': '(227)295-9010', 'branch_id': 102, 'table_id': 208, 'is_prebooked': True, 'checkin_date': '2025-07-19', 'checkin_time': '18:52', 'guests_count': 3, 'shift_manager': 'Samuel Brown'}
[2025-07-19T19:34:22.640+0000] {subprocess.py:93} INFO - [✓] Sent to checkins: {'checkin_id': 9401, 'customer_name': 'Melvin Swanson', 'phone_number': '570.744.0776x524', 'branch_id': 102, 'table_id': 210, 'is_prebooked': False, 'checkin_date': '2025-07-19', 'checkin_time': '19:27', 'guests_count': 3, 'shift_manager': 'Timothy Watts'}
[2025-07-19T19:34:22.640+0000] {subprocess.py:93} INFO - [✓] Sent to feedback: {'feedback_id': 9180, 'branch_id': 102, 'customer_name': 'Jennifer Porter', 'phone_number': '001-513-568-8429x38834', 'feedback_text': 'Where various late glass member pay wait.', 'rating': 1, 'dining_date': '2025-07-19', 'dining_time': '18:27', 'submission_time': '2025-07-19T19:34:19'}
[2025-07-19T19:34:22.641+0000] {subprocess.py:93} INFO - [✓] Sent to feedback: {'feedback_id': 1592, 'branch_id': 102, 'customer_name': 'Heidi Norman', 'phone_number': '593-396-8407', 'feedback_text': 'Smile professional between happen environmental.', 'rating': 5, 'dining_date': '2025-07-19', 'dining_time': '18:31', 'submission_time': '2025-07-19T19:34:19'}
[2025-07-19T19:34:22.641+0000] {subprocess.py:93} INFO - [✓] Sent to feedback: {'feedback_id': 1716, 'branch_id': 102, 'customer_name': 'Rebecca Fischer', 'phone_number': '780-456-5638', 'feedback_text': 'Character common center choose painting figure just.', 'rating': 4, 'dining_date': '2025-07-19', 'dining_time': '19:31', 'submission_time': '2025-07-19T19:34:19'}
[2025-07-19T19:34:22.641+0000] {subprocess.py:93} INFO - ✅ All messages sent.
[2025-07-19T19:34:22.690+0000] {subprocess.py:97} INFO - Command exited with return code 0
[2025-07-19T19:34:22.709+0000] {taskinstance.py:1400} INFO - Marking task as SUCCESS. dag_id=restaurant_pipeline, task_id=send_to_kafka, execution_date=20250719T193200, start_date=20250719T193420, end_date=20250719T193422
[2025-07-19T19:34:22.732+0000] {local_task_job_runner.py:228} INFO - Task exited with return code 0
[2025-07-19T19:34:22.757+0000] {taskinstance.py:2778} INFO - 1 downstream tasks scheduled from follow-on schedule check
