[2025-07-19T20:11:28.988+0000] {taskinstance.py:1159} INFO - Dependencies all met for dep_context=non-requeueable deps ti=<TaskInstance: restaurant_pipeline.send_to_kafka scheduled__2025-07-19T20:08:00+00:00 [queued]>
[2025-07-19T20:11:28.992+0000] {taskinstance.py:1159} INFO - Dependencies all met for dep_context=requeueable deps ti=<TaskInstance: restaurant_pipeline.send_to_kafka scheduled__2025-07-19T20:08:00+00:00 [queued]>
[2025-07-19T20:11:28.992+0000] {taskinstance.py:1361} INFO - Starting attempt 1 of 1
[2025-07-19T20:11:28.998+0000] {taskinstance.py:1382} INFO - Executing <Task(BashOperator): send_to_kafka> on 2025-07-19 20:08:00+00:00
[2025-07-19T20:11:29.000+0000] {standard_task_runner.py:57} INFO - Started process 3136 to run task
[2025-07-19T20:11:29.002+0000] {standard_task_runner.py:84} INFO - Running: ['***', 'tasks', 'run', 'restaurant_pipeline', 'send_to_kafka', 'scheduled__2025-07-19T20:08:00+00:00', '--job-id', '1166', '--raw', '--subdir', 'DAGS_FOLDER/restaurant_pipeline.py', '--cfg-path', '/tmp/tmpmfr4livj']
[2025-07-19T20:11:29.004+0000] {standard_task_runner.py:85} INFO - Job 1166: Subtask send_to_kafka
[2025-07-19T20:11:29.030+0000] {task_command.py:416} INFO - Running <TaskInstance: restaurant_pipeline.send_to_kafka scheduled__2025-07-19T20:08:00+00:00 [running]> on host e3f5d8fc4eef
[2025-07-19T20:11:29.070+0000] {taskinstance.py:1662} INFO - Exporting env vars: AIRFLOW_CTX_DAG_OWNER='moran' AIRFLOW_CTX_DAG_ID='restaurant_pipeline' AIRFLOW_CTX_TASK_ID='send_to_kafka' AIRFLOW_CTX_EXECUTION_DATE='2025-07-19T20:08:00+00:00' AIRFLOW_CTX_TRY_NUMBER='1' AIRFLOW_CTX_DAG_RUN_ID='scheduled__2025-07-19T20:08:00+00:00'
[2025-07-19T20:11:29.071+0000] {subprocess.py:63} INFO - Tmp dir root location: /tmp
[2025-07-19T20:11:29.071+0000] {subprocess.py:75} INFO - Running command: ['/bin/bash', '-c', 'python /opt/streaming/producer.py']
[2025-07-19T20:11:29.075+0000] {subprocess.py:86} INFO - Output:
[2025-07-19T20:11:31.345+0000] {subprocess.py:93} INFO - [✓] Sent to reservations: {'reservation_id': 5472, 'branch_id': 102, 'customer_name': 'Matthew Jackson', 'phone_number': '001-759-911-4530x73345', 'reservation_date': '2025-07-19', 'reservation_time': '22:11', 'guests_count': 1, 'is_confirmed': False}
[2025-07-19T20:11:31.346+0000] {subprocess.py:93} INFO - [✓] Sent to reservations: {'reservation_id': 2694, 'branch_id': 102, 'customer_name': 'Marie Anderson', 'phone_number': '963-635-1860x822', 'reservation_date': '2025-07-19', 'reservation_time': '21:50', 'guests_count': 7, 'is_confirmed': False}
[2025-07-19T20:11:31.346+0000] {subprocess.py:93} INFO - [✓] Sent to reservations: {'reservation_id': 7934, 'branch_id': 102, 'customer_name': 'Jeffrey Obrien', 'phone_number': '(578)930-6432', 'reservation_date': '2025-07-19', 'reservation_time': '21:02', 'guests_count': 7, 'is_confirmed': False}
[2025-07-19T20:11:31.347+0000] {subprocess.py:93} INFO - [✓] Sent to checkins: {'checkin_id': 9204, 'customer_name': 'Michael Weber', 'phone_number': '602-853-1499x4366', 'branch_id': 101, 'table_id': 210, 'is_prebooked': False, 'checkin_date': '2025-07-19', 'checkin_time': '19:37', 'guests_count': 3, 'shift_manager': 'Carol Jacobson'}
[2025-07-19T20:11:31.347+0000] {subprocess.py:93} INFO - [✓] Sent to checkins: {'checkin_id': 7060, 'customer_name': 'Angela Carter', 'phone_number': '(225)510-9964x0105', 'branch_id': 101, 'table_id': 207, 'is_prebooked': True, 'checkin_date': '2025-07-19', 'checkin_time': '19:54', 'guests_count': 5, 'shift_manager': 'Jonathon Reynolds'}
[2025-07-19T20:11:31.347+0000] {subprocess.py:93} INFO - [✓] Sent to checkins: {'checkin_id': 6454, 'customer_name': 'John Cummings', 'phone_number': '7928921885', 'branch_id': 102, 'table_id': 200, 'is_prebooked': False, 'checkin_date': '2025-07-19', 'checkin_time': '18:54', 'guests_count': 1, 'shift_manager': 'Michael Phillips'}
[2025-07-19T20:11:31.347+0000] {subprocess.py:93} INFO - [✓] Sent to feedback: {'feedback_id': 7104, 'branch_id': 101, 'customer_name': 'Rhonda Davis', 'phone_number': '(353)342-2090x1043', 'feedback_text': 'Put coach high.', 'rating': 1, 'dining_date': '2025-07-19', 'dining_time': '18:14', 'submission_time': '2025-07-19T20:11:28'}
[2025-07-19T20:11:31.350+0000] {subprocess.py:93} INFO - [✓] Sent to feedback: {'feedback_id': 8935, 'branch_id': 102, 'customer_name': 'Heather Mitchell', 'phone_number': '921-221-1021x162', 'feedback_text': 'Activity how amount section.', 'rating': 3, 'dining_date': '2025-07-19', 'dining_time': '19:24', 'submission_time': '2025-07-19T20:11:28'}
[2025-07-19T20:11:31.350+0000] {subprocess.py:93} INFO - [✓] Sent to feedback: {'feedback_id': 6724, 'branch_id': 101, 'customer_name': 'Kimberly Long', 'phone_number': '408-968-1147x5141', 'feedback_text': 'People which on billion family.', 'rating': 4, 'dining_date': '2025-07-19', 'dining_time': '18:27', 'submission_time': '2025-07-19T20:11:28'}
[2025-07-19T20:11:31.350+0000] {subprocess.py:93} INFO - ✅ All messages sent.
[2025-07-19T20:11:31.397+0000] {subprocess.py:97} INFO - Command exited with return code 0
[2025-07-19T20:11:31.414+0000] {taskinstance.py:1400} INFO - Marking task as SUCCESS. dag_id=restaurant_pipeline, task_id=send_to_kafka, execution_date=20250719T200800, start_date=20250719T201128, end_date=20250719T201131
[2025-07-19T20:11:31.450+0000] {local_task_job_runner.py:228} INFO - Task exited with return code 0
[2025-07-19T20:11:31.477+0000] {taskinstance.py:2778} INFO - 1 downstream tasks scheduled from follow-on schedule check
