[2025-07-18T19:22:25.506+0000] {taskinstance.py:1159} INFO - Dependencies all met for dep_context=non-requeueable deps ti=<TaskInstance: restaurant_pipeline.send_to_kafka scheduled__2025-07-18T19:20:00+00:00 [queued]>
[2025-07-18T19:22:25.512+0000] {taskinstance.py:1159} INFO - Dependencies all met for dep_context=requeueable deps ti=<TaskInstance: restaurant_pipeline.send_to_kafka scheduled__2025-07-18T19:20:00+00:00 [queued]>
[2025-07-18T19:22:25.513+0000] {taskinstance.py:1361} INFO - Starting attempt 1 of 1
[2025-07-18T19:22:25.521+0000] {taskinstance.py:1382} INFO - Executing <Task(BashOperator): send_to_kafka> on 2025-07-18 19:20:00+00:00
[2025-07-18T19:22:25.523+0000] {standard_task_runner.py:57} INFO - Started process 4783 to run task
[2025-07-18T19:22:25.525+0000] {standard_task_runner.py:84} INFO - Running: ['***', 'tasks', 'run', 'restaurant_pipeline', 'send_to_kafka', 'scheduled__2025-07-18T19:20:00+00:00', '--job-id', '505', '--raw', '--subdir', 'DAGS_FOLDER/restaurant_pipeline.py', '--cfg-path', '/tmp/tmp5nnnp5uz']
[2025-07-18T19:22:25.527+0000] {standard_task_runner.py:85} INFO - Job 505: Subtask send_to_kafka
[2025-07-18T19:22:25.551+0000] {task_command.py:416} INFO - Running <TaskInstance: restaurant_pipeline.send_to_kafka scheduled__2025-07-18T19:20:00+00:00 [running]> on host 9bcfb43e0ab7
[2025-07-18T19:22:25.594+0000] {taskinstance.py:1662} INFO - Exporting env vars: AIRFLOW_CTX_DAG_OWNER='moran' AIRFLOW_CTX_DAG_ID='restaurant_pipeline' AIRFLOW_CTX_TASK_ID='send_to_kafka' AIRFLOW_CTX_EXECUTION_DATE='2025-07-18T19:20:00+00:00' AIRFLOW_CTX_TRY_NUMBER='1' AIRFLOW_CTX_DAG_RUN_ID='scheduled__2025-07-18T19:20:00+00:00'
[2025-07-18T19:22:25.595+0000] {subprocess.py:63} INFO - Tmp dir root location: /tmp
[2025-07-18T19:22:25.595+0000] {subprocess.py:75} INFO - Running command: ['/bin/bash', '-c', 'python /opt/streaming/producer.py']
[2025-07-18T19:22:25.599+0000] {subprocess.py:86} INFO - Output:
[2025-07-18T19:22:27.846+0000] {subprocess.py:93} INFO - [✓] Sent to reservations: {'reservation_id': 3482, 'branch_id': 102, 'customer_name': 'Doris Benton', 'phone_number': '771.212.7097', 'reservation_date': '2025-07-18', 'reservation_time': '20:43', 'guests_count': 3, 'is_confirmed': False}
[2025-07-18T19:22:27.851+0000] {subprocess.py:93} INFO - [✓] Sent to reservations: {'reservation_id': 2613, 'branch_id': 102, 'customer_name': 'David Martin DVM', 'phone_number': '3566775970', 'reservation_date': '2025-07-18', 'reservation_time': '19:33', 'guests_count': 8, 'is_confirmed': True}
[2025-07-18T19:22:27.852+0000] {subprocess.py:93} INFO - [✓] Sent to reservations: {'reservation_id': 2609, 'branch_id': 101, 'customer_name': 'Andrea Ruiz', 'phone_number': '6334056625', 'reservation_date': '2025-07-18', 'reservation_time': '19:47', 'guests_count': 6, 'is_confirmed': False}
[2025-07-18T19:22:27.855+0000] {subprocess.py:93} INFO - [✓] Sent to checkins: {'checkin_id': 3904, 'customer_name': 'Tracy Yates', 'phone_number': '001-987-860-1034', 'branch_id': 101, 'table_id': 210, 'is_prebooked': False, 'checkin_date': '2025-07-18', 'checkin_time': '19:09', 'guests_count': 6, 'shift_manager': 'Derek Huber'}
[2025-07-18T19:22:27.858+0000] {subprocess.py:93} INFO - [✓] Sent to checkins: {'checkin_id': 6472, 'customer_name': 'Melissa Duffy', 'phone_number': '296-978-3389', 'branch_id': 102, 'table_id': 210, 'is_prebooked': False, 'checkin_date': '2025-07-18', 'checkin_time': '17:53', 'guests_count': 6, 'shift_manager': 'Michael Peterson'}
[2025-07-18T19:22:27.863+0000] {subprocess.py:93} INFO - [✓] Sent to checkins: {'checkin_id': 3514, 'customer_name': 'Nicole Hebert', 'phone_number': '001-342-726-7843x3908', 'branch_id': 101, 'table_id': 210, 'is_prebooked': True, 'checkin_date': '2025-07-18', 'checkin_time': '17:57', 'guests_count': 4, 'shift_manager': 'Joann Medina'}
[2025-07-18T19:22:27.863+0000] {subprocess.py:93} INFO - [✓] Sent to feedback: {'feedback_id': 4855, 'branch_id': 102, 'customer_name': 'Tanya Palmer', 'phone_number': '+1-366-595-3289x1196', 'feedback_text': 'Cover agent offer foot force front.', 'rating': 5, 'dining_date': '2025-07-18', 'dining_time': '17:50', 'submission_time': '2025-07-18T19:22:24'}
[2025-07-18T19:22:27.864+0000] {subprocess.py:93} INFO - [✓] Sent to feedback: {'feedback_id': 9214, 'branch_id': 102, 'customer_name': 'Dr. Logan Hamilton', 'phone_number': '001-317-451-6587x705', 'feedback_text': 'Rich easy party middle.', 'rating': 1, 'dining_date': '2025-07-18', 'dining_time': '18:44', 'submission_time': '2025-07-18T19:22:24'}
[2025-07-18T19:22:27.864+0000] {subprocess.py:93} INFO - [✓] Sent to feedback: {'feedback_id': 5660, 'branch_id': 101, 'customer_name': 'Regina Jackson', 'phone_number': '424-929-5711', 'feedback_text': 'Up culture business poor can never.', 'rating': 1, 'dining_date': '2025-07-18', 'dining_time': '18:20', 'submission_time': '2025-07-18T19:22:24'}
[2025-07-18T19:22:27.864+0000] {subprocess.py:93} INFO - ✅ All messages sent.
[2025-07-18T19:22:27.902+0000] {subprocess.py:97} INFO - Command exited with return code 0
[2025-07-18T19:22:27.923+0000] {taskinstance.py:1400} INFO - Marking task as SUCCESS. dag_id=restaurant_pipeline, task_id=send_to_kafka, execution_date=20250718T192000, start_date=20250718T192225, end_date=20250718T192227
[2025-07-18T19:22:27.950+0000] {local_task_job_runner.py:228} INFO - Task exited with return code 0
[2025-07-18T19:22:27.977+0000] {taskinstance.py:2778} INFO - 1 downstream tasks scheduled from follow-on schedule check
