[2025-07-18T20:40:01.928+0000] {taskinstance.py:1159} INFO - Dependencies all met for dep_context=non-requeueable deps ti=<TaskInstance: restaurant_pipeline.send_to_kafka scheduled__2025-07-18T20:38:00+00:00 [queued]>
[2025-07-18T20:40:01.932+0000] {taskinstance.py:1159} INFO - Dependencies all met for dep_context=requeueable deps ti=<TaskInstance: restaurant_pipeline.send_to_kafka scheduled__2025-07-18T20:38:00+00:00 [queued]>
[2025-07-18T20:40:01.932+0000] {taskinstance.py:1361} INFO - Starting attempt 1 of 1
[2025-07-18T20:40:01.938+0000] {taskinstance.py:1382} INFO - Executing <Task(BashOperator): send_to_kafka> on 2025-07-18 20:38:00+00:00
[2025-07-18T20:40:01.940+0000] {standard_task_runner.py:57} INFO - Started process 6358 to run task
[2025-07-18T20:40:01.942+0000] {standard_task_runner.py:84} INFO - Running: ['***', 'tasks', 'run', 'restaurant_pipeline', 'send_to_kafka', 'scheduled__2025-07-18T20:38:00+00:00', '--job-id', '641', '--raw', '--subdir', 'DAGS_FOLDER/restaurant_pipeline.py', '--cfg-path', '/tmp/tmpdzt5rkwv']
[2025-07-18T20:40:01.943+0000] {standard_task_runner.py:85} INFO - Job 641: Subtask send_to_kafka
[2025-07-18T20:40:01.966+0000] {task_command.py:416} INFO - Running <TaskInstance: restaurant_pipeline.send_to_kafka scheduled__2025-07-18T20:38:00+00:00 [running]> on host 9bcfb43e0ab7
[2025-07-18T20:40:02.002+0000] {taskinstance.py:1662} INFO - Exporting env vars: AIRFLOW_CTX_DAG_OWNER='moran' AIRFLOW_CTX_DAG_ID='restaurant_pipeline' AIRFLOW_CTX_TASK_ID='send_to_kafka' AIRFLOW_CTX_EXECUTION_DATE='2025-07-18T20:38:00+00:00' AIRFLOW_CTX_TRY_NUMBER='1' AIRFLOW_CTX_DAG_RUN_ID='scheduled__2025-07-18T20:38:00+00:00'
[2025-07-18T20:40:02.003+0000] {subprocess.py:63} INFO - Tmp dir root location: /tmp
[2025-07-18T20:40:02.003+0000] {subprocess.py:75} INFO - Running command: ['/bin/bash', '-c', 'python /opt/streaming/producer.py']
[2025-07-18T20:40:02.007+0000] {subprocess.py:86} INFO - Output:
[2025-07-18T20:40:04.243+0000] {subprocess.py:93} INFO - [✓] Sent to reservations: {'reservation_id': 1205, 'branch_id': 101, 'customer_name': 'Carrie Scott', 'phone_number': '001-788-381-9307x032', 'reservation_date': '2025-07-18', 'reservation_time': '22:20', 'guests_count': 4, 'is_confirmed': True}
[2025-07-18T20:40:04.244+0000] {subprocess.py:93} INFO - [✓] Sent to reservations: {'reservation_id': 3252, 'branch_id': 102, 'customer_name': 'Martin Baker', 'phone_number': '+1-827-835-3119x62300', 'reservation_date': '2025-07-18', 'reservation_time': '21:28', 'guests_count': 7, 'is_confirmed': True}
[2025-07-18T20:40:04.244+0000] {subprocess.py:93} INFO - [✓] Sent to reservations: {'reservation_id': 1053, 'branch_id': 102, 'customer_name': 'Dean Ferguson', 'phone_number': '627-622-9589x623', 'reservation_date': '2025-07-18', 'reservation_time': '21:19', 'guests_count': 8, 'is_confirmed': False}
[2025-07-18T20:40:04.245+0000] {subprocess.py:93} INFO - [✓] Sent to checkins: {'checkin_id': 9787, 'customer_name': 'Belinda Bullock', 'phone_number': '001-951-550-0940x23050', 'branch_id': 101, 'table_id': 203, 'is_prebooked': False, 'checkin_date': '2025-07-18', 'checkin_time': '18:57', 'guests_count': 1, 'shift_manager': 'Michelle Watson'}
[2025-07-18T20:40:04.245+0000] {subprocess.py:93} INFO - [✓] Sent to checkins: {'checkin_id': 7036, 'customer_name': 'Shannon Petersen', 'phone_number': '448-515-1512x7710', 'branch_id': 102, 'table_id': 209, 'is_prebooked': True, 'checkin_date': '2025-07-18', 'checkin_time': '19:41', 'guests_count': 4, 'shift_manager': 'Christopher Pugh'}
[2025-07-18T20:40:04.245+0000] {subprocess.py:93} INFO - [✓] Sent to checkins: {'checkin_id': 8153, 'customer_name': 'James Gates', 'phone_number': '001-724-859-2663x4264', 'branch_id': 101, 'table_id': 205, 'is_prebooked': False, 'checkin_date': '2025-07-18', 'checkin_time': '18:55', 'guests_count': 2, 'shift_manager': 'Jermaine Harrell'}
[2025-07-18T20:40:04.246+0000] {subprocess.py:93} INFO - [✓] Sent to feedback: {'feedback_id': 7458, 'branch_id': 101, 'customer_name': 'James Jones', 'phone_number': '484.697.1170x0692', 'feedback_text': 'Onto million agree memory garden gas choose find.', 'rating': 4, 'dining_date': '2025-07-18', 'dining_time': '20:00', 'submission_time': '2025-07-18T20:40:00'}
[2025-07-18T20:40:04.246+0000] {subprocess.py:93} INFO - [✓] Sent to feedback: {'feedback_id': 3738, 'branch_id': 102, 'customer_name': 'Natasha Boyer', 'phone_number': '415-348-5683', 'feedback_text': 'Wrong want provide able however.', 'rating': 5, 'dining_date': '2025-07-18', 'dining_time': '19:51', 'submission_time': '2025-07-18T20:40:00'}
[2025-07-18T20:40:04.246+0000] {subprocess.py:93} INFO - [✓] Sent to feedback: {'feedback_id': 2207, 'branch_id': 101, 'customer_name': 'Denise Gomez', 'phone_number': '420-642-7002x97270', 'feedback_text': 'Participant cultural hot number.', 'rating': 4, 'dining_date': '2025-07-18', 'dining_time': '20:35', 'submission_time': '2025-07-18T20:40:00'}
[2025-07-18T20:40:04.247+0000] {subprocess.py:93} INFO - ✅ All messages sent.
[2025-07-18T20:40:04.297+0000] {subprocess.py:97} INFO - Command exited with return code 0
[2025-07-18T20:40:04.315+0000] {taskinstance.py:1400} INFO - Marking task as SUCCESS. dag_id=restaurant_pipeline, task_id=send_to_kafka, execution_date=20250718T203800, start_date=20250718T204001, end_date=20250718T204004
[2025-07-18T20:40:04.364+0000] {local_task_job_runner.py:228} INFO - Task exited with return code 0
[2025-07-18T20:40:04.396+0000] {taskinstance.py:2778} INFO - 1 downstream tasks scheduled from follow-on schedule check
