[2025-07-19T20:27:10.448+0000] {taskinstance.py:1159} INFO - Dependencies all met for dep_context=non-requeueable deps ti=<TaskInstance: restaurant_pipeline.send_to_kafka scheduled__2025-07-19T20:24:00+00:00 [queued]>
[2025-07-19T20:27:10.452+0000] {taskinstance.py:1159} INFO - Dependencies all met for dep_context=requeueable deps ti=<TaskInstance: restaurant_pipeline.send_to_kafka scheduled__2025-07-19T20:24:00+00:00 [queued]>
[2025-07-19T20:27:10.453+0000] {taskinstance.py:1361} INFO - Starting attempt 1 of 1
[2025-07-19T20:27:10.458+0000] {taskinstance.py:1382} INFO - Executing <Task(BashOperator): send_to_kafka> on 2025-07-19 20:24:00+00:00
[2025-07-19T20:27:10.461+0000] {standard_task_runner.py:57} INFO - Started process 3425 to run task
[2025-07-19T20:27:10.463+0000] {standard_task_runner.py:84} INFO - Running: ['***', 'tasks', 'run', 'restaurant_pipeline', 'send_to_kafka', 'scheduled__2025-07-19T20:24:00+00:00', '--job-id', '1186', '--raw', '--subdir', 'DAGS_FOLDER/restaurant_pipeline.py', '--cfg-path', '/tmp/tmppv0vlglc']
[2025-07-19T20:27:10.466+0000] {standard_task_runner.py:85} INFO - Job 1186: Subtask send_to_kafka
[2025-07-19T20:27:10.489+0000] {task_command.py:416} INFO - Running <TaskInstance: restaurant_pipeline.send_to_kafka scheduled__2025-07-19T20:24:00+00:00 [running]> on host e3f5d8fc4eef
[2025-07-19T20:27:10.529+0000] {taskinstance.py:1662} INFO - Exporting env vars: AIRFLOW_CTX_DAG_OWNER='moran' AIRFLOW_CTX_DAG_ID='restaurant_pipeline' AIRFLOW_CTX_TASK_ID='send_to_kafka' AIRFLOW_CTX_EXECUTION_DATE='2025-07-19T20:24:00+00:00' AIRFLOW_CTX_TRY_NUMBER='1' AIRFLOW_CTX_DAG_RUN_ID='scheduled__2025-07-19T20:24:00+00:00'
[2025-07-19T20:27:10.530+0000] {subprocess.py:63} INFO - Tmp dir root location: /tmp
[2025-07-19T20:27:10.530+0000] {subprocess.py:75} INFO - Running command: ['/bin/bash', '-c', 'python /opt/streaming/producer.py']
[2025-07-19T20:27:10.536+0000] {subprocess.py:86} INFO - Output:
[2025-07-19T20:27:12.897+0000] {subprocess.py:93} INFO - [✓] Sent to reservations: {'reservation_id': 4541, 'branch_id': 102, 'customer_name': 'Jesse Moran', 'phone_number': '001-510-366-7751x4385', 'reservation_date': '2025-07-19', 'reservation_time': '21:21', 'guests_count': 3, 'is_confirmed': False}
[2025-07-19T20:27:12.899+0000] {subprocess.py:93} INFO - [✓] Sent to reservations: {'reservation_id': 8881, 'branch_id': 102, 'customer_name': 'Kenneth Romero', 'phone_number': '+1-259-579-9735', 'reservation_date': '2025-07-19', 'reservation_time': '21:47', 'guests_count': 5, 'is_confirmed': True}
[2025-07-19T20:27:12.899+0000] {subprocess.py:93} INFO - [✓] Sent to reservations: {'reservation_id': 7398, 'branch_id': 102, 'customer_name': 'Kristin Hall', 'phone_number': '819.568.0402', 'reservation_date': '2025-07-19', 'reservation_time': '22:18', 'guests_count': 3, 'is_confirmed': True}
[2025-07-19T20:27:12.900+0000] {subprocess.py:93} INFO - [✓] Sent to checkins: {'checkin_id': 1395, 'customer_name': 'Lisa Nelson', 'phone_number': '941.765.3388x906', 'branch_id': 102, 'table_id': 200, 'is_prebooked': True, 'checkin_date': '2025-07-19', 'checkin_time': '19:17', 'guests_count': 2, 'shift_manager': 'Nathan Burgess'}
[2025-07-19T20:27:12.901+0000] {subprocess.py:93} INFO - [✓] Sent to checkins: {'checkin_id': 4704, 'customer_name': 'Lawrence Bradley', 'phone_number': '7309104687', 'branch_id': 101, 'table_id': 210, 'is_prebooked': False, 'checkin_date': '2025-07-19', 'checkin_time': '19:07', 'guests_count': 6, 'shift_manager': 'Jasmine Lynch'}
[2025-07-19T20:27:12.901+0000] {subprocess.py:93} INFO - [✓] Sent to checkins: {'checkin_id': 5394, 'customer_name': 'Joshua Lewis', 'phone_number': '(948)899-2117', 'branch_id': 101, 'table_id': 203, 'is_prebooked': True, 'checkin_date': '2025-07-19', 'checkin_time': '20:11', 'guests_count': 1, 'shift_manager': 'Roger Martin'}
[2025-07-19T20:27:12.902+0000] {subprocess.py:93} INFO - [✓] Sent to feedback: {'feedback_id': 6737, 'branch_id': 102, 'customer_name': 'Alice Cantu', 'phone_number': '728-403-4848x79959', 'feedback_text': 'Stop series pick expert support employee movie change.', 'rating': 2, 'dining_date': '2025-07-19', 'dining_time': '19:19', 'submission_time': '2025-07-19T20:27:09'}
[2025-07-19T20:27:12.902+0000] {subprocess.py:93} INFO - [✓] Sent to feedback: {'feedback_id': 2208, 'branch_id': 102, 'customer_name': 'Lindsey Anderson', 'phone_number': '(349)731-9827', 'feedback_text': 'Imagine act majority son.', 'rating': 2, 'dining_date': '2025-07-19', 'dining_time': '19:43', 'submission_time': '2025-07-19T20:27:09'}
[2025-07-19T20:27:12.903+0000] {subprocess.py:93} INFO - [✓] Sent to feedback: {'feedback_id': 8265, 'branch_id': 102, 'customer_name': 'Chad Morgan', 'phone_number': '+1-715-984-9790x6804', 'feedback_text': 'Outside hit late figure mother appear.', 'rating': 5, 'dining_date': '2025-07-19', 'dining_time': '20:16', 'submission_time': '2025-07-19T20:27:09'}
[2025-07-19T20:27:12.903+0000] {subprocess.py:93} INFO - ✅ All messages sent.
[2025-07-19T20:27:12.961+0000] {subprocess.py:97} INFO - Command exited with return code 0
[2025-07-19T20:27:12.977+0000] {taskinstance.py:1400} INFO - Marking task as SUCCESS. dag_id=restaurant_pipeline, task_id=send_to_kafka, execution_date=20250719T202400, start_date=20250719T202710, end_date=20250719T202712
[2025-07-19T20:27:13.003+0000] {local_task_job_runner.py:228} INFO - Task exited with return code 0
[2025-07-19T20:27:13.029+0000] {taskinstance.py:2778} INFO - 1 downstream tasks scheduled from follow-on schedule check
