[2025-07-18T16:36:02.074+0000] {taskinstance.py:1159} INFO - Dependencies all met for dep_context=non-requeueable deps ti=<TaskInstance: restaurant_pipeline.send_to_kafka scheduled__2025-07-18T16:34:00+00:00 [queued]>
[2025-07-18T16:36:02.078+0000] {taskinstance.py:1159} INFO - Dependencies all met for dep_context=requeueable deps ti=<TaskInstance: restaurant_pipeline.send_to_kafka scheduled__2025-07-18T16:34:00+00:00 [queued]>
[2025-07-18T16:36:02.078+0000] {taskinstance.py:1361} INFO - Starting attempt 1 of 1
[2025-07-18T16:36:02.084+0000] {taskinstance.py:1382} INFO - Executing <Task(BashOperator): send_to_kafka> on 2025-07-18 16:34:00+00:00
[2025-07-18T16:36:02.087+0000] {standard_task_runner.py:57} INFO - Started process 1612 to run task
[2025-07-18T16:36:02.089+0000] {standard_task_runner.py:84} INFO - Running: ['***', 'tasks', 'run', 'restaurant_pipeline', 'send_to_kafka', 'scheduled__2025-07-18T16:34:00+00:00', '--job-id', '211', '--raw', '--subdir', 'DAGS_FOLDER/restaurant_pipeline.py', '--cfg-path', '/tmp/tmppqfcbg48']
[2025-07-18T16:36:02.090+0000] {standard_task_runner.py:85} INFO - Job 211: Subtask send_to_kafka
[2025-07-18T16:36:02.115+0000] {task_command.py:416} INFO - Running <TaskInstance: restaurant_pipeline.send_to_kafka scheduled__2025-07-18T16:34:00+00:00 [running]> on host 9bcfb43e0ab7
[2025-07-18T16:36:02.152+0000] {taskinstance.py:1662} INFO - Exporting env vars: AIRFLOW_CTX_DAG_OWNER='moran' AIRFLOW_CTX_DAG_ID='restaurant_pipeline' AIRFLOW_CTX_TASK_ID='send_to_kafka' AIRFLOW_CTX_EXECUTION_DATE='2025-07-18T16:34:00+00:00' AIRFLOW_CTX_TRY_NUMBER='1' AIRFLOW_CTX_DAG_RUN_ID='scheduled__2025-07-18T16:34:00+00:00'
[2025-07-18T16:36:02.152+0000] {subprocess.py:63} INFO - Tmp dir root location: /tmp
[2025-07-18T16:36:02.153+0000] {subprocess.py:75} INFO - Running command: ['/bin/bash', '-c', 'python /opt/streaming/producer.py']
[2025-07-18T16:36:02.157+0000] {subprocess.py:86} INFO - Output:
[2025-07-18T16:36:04.409+0000] {subprocess.py:93} INFO - [✓] Sent to reservations: {'reservation_id': 7282, 'branch_id': 101, 'customer_name': 'Kristin Hernandez', 'phone_number': '(339)628-5685', 'reservation_date': '2025-07-18', 'reservation_time': '17:38', 'guests_count': 4, 'is_confirmed': True}
[2025-07-18T16:36:04.421+0000] {subprocess.py:93} INFO - [✓] Sent to reservations: {'reservation_id': 7751, 'branch_id': 102, 'customer_name': 'Judith Rogers', 'phone_number': '(746)566-6219x21346', 'reservation_date': '2025-07-18', 'reservation_time': '17:03', 'guests_count': 7, 'is_confirmed': True}
[2025-07-18T16:36:04.422+0000] {subprocess.py:93} INFO - [✓] Sent to reservations: {'reservation_id': 5493, 'branch_id': 101, 'customer_name': 'Deborah Baker', 'phone_number': '(334)999-9730', 'reservation_date': '2025-07-18', 'reservation_time': '17:20', 'guests_count': 6, 'is_confirmed': False}
[2025-07-18T16:36:04.424+0000] {subprocess.py:93} INFO - [✓] Sent to checkins: {'checkin_id': 6922, 'customer_name': 'John Cox', 'phone_number': '252.782.7537x9404', 'branch_id': 101, 'table_id': 207, 'is_prebooked': False, 'checkin_date': '2025-07-18', 'checkin_time': '16:02', 'guests_count': 2, 'shift_manager': 'Jeffrey Anderson'}
[2025-07-18T16:36:04.425+0000] {subprocess.py:93} INFO - [✓] Sent to checkins: {'checkin_id': 6664, 'customer_name': 'James Osborne', 'phone_number': '+1-397-660-7303x613', 'branch_id': 102, 'table_id': 206, 'is_prebooked': False, 'checkin_date': '2025-07-18', 'checkin_time': '14:59', 'guests_count': 4, 'shift_manager': 'Stephanie George'}
[2025-07-18T16:36:04.426+0000] {subprocess.py:93} INFO - [✓] Sent to checkins: {'checkin_id': 4477, 'customer_name': 'Jason Barker', 'phone_number': '351.925.9525x89716', 'branch_id': 102, 'table_id': 203, 'is_prebooked': True, 'checkin_date': '2025-07-18', 'checkin_time': '15:45', 'guests_count': 5, 'shift_manager': 'Gabriel Smith'}
[2025-07-18T16:36:04.426+0000] {subprocess.py:93} INFO - [✓] Sent to feedback: {'feedback_id': 2060, 'branch_id': 101, 'customer_name': 'William Cervantes', 'phone_number': '328.588.7737x7126', 'feedback_text': 'High wife standard page.', 'rating': 2, 'dining_date': '2025-07-18', 'dining_time': '14:54', 'submission_time': '2025-07-18T16:36:01'}
[2025-07-18T16:36:04.426+0000] {subprocess.py:93} INFO - [✓] Sent to feedback: {'feedback_id': 9736, 'branch_id': 101, 'customer_name': 'Erica Taylor', 'phone_number': '(843)416-4149x830', 'feedback_text': 'Bad country keep the management pick pressure.', 'rating': 2, 'dining_date': '2025-07-18', 'dining_time': '15:52', 'submission_time': '2025-07-18T16:36:01'}
[2025-07-18T16:36:04.427+0000] {subprocess.py:93} INFO - [✓] Sent to feedback: {'feedback_id': 7930, 'branch_id': 101, 'customer_name': 'Daniel Boyer', 'phone_number': '(979)259-8038', 'feedback_text': 'Agent per through heavy relationship third make deal.', 'rating': 5, 'dining_date': '2025-07-18', 'dining_time': '15:12', 'submission_time': '2025-07-18T16:36:01'}
[2025-07-18T16:36:04.429+0000] {subprocess.py:93} INFO - ✅ All messages sent.
[2025-07-18T16:36:04.518+0000] {subprocess.py:97} INFO - Command exited with return code 0
[2025-07-18T16:36:04.554+0000] {taskinstance.py:1400} INFO - Marking task as SUCCESS. dag_id=restaurant_pipeline, task_id=send_to_kafka, execution_date=20250718T163400, start_date=20250718T163602, end_date=20250718T163604
[2025-07-18T16:36:04.583+0000] {local_task_job_runner.py:228} INFO - Task exited with return code 0
[2025-07-18T16:36:04.644+0000] {taskinstance.py:2778} INFO - 1 downstream tasks scheduled from follow-on schedule check
