[2025-07-18T15:17:57.152+0000] {taskinstance.py:1159} INFO - Dependencies all met for dep_context=non-requeueable deps ti=<TaskInstance: restaurant_pipeline.stream_to_bronze manual__2025-07-18T15:17:52.830381+00:00 [queued]>
[2025-07-18T15:17:57.158+0000] {taskinstance.py:1159} INFO - Dependencies all met for dep_context=requeueable deps ti=<TaskInstance: restaurant_pipeline.stream_to_bronze manual__2025-07-18T15:17:52.830381+00:00 [queued]>
[2025-07-18T15:17:57.158+0000] {taskinstance.py:1361} INFO - Starting attempt 1 of 1
[2025-07-18T15:17:57.166+0000] {taskinstance.py:1382} INFO - Executing <Task(BashOperator): stream_to_bronze> on 2025-07-18 15:17:52.830381+00:00
[2025-07-18T15:17:57.169+0000] {standard_task_runner.py:57} INFO - Started process 349 to run task
[2025-07-18T15:17:57.172+0000] {standard_task_runner.py:84} INFO - Running: ['***', 'tasks', 'run', 'restaurant_pipeline', 'stream_to_bronze', 'manual__2025-07-18T15:17:52.830381+00:00', '--job-id', '80', '--raw', '--subdir', 'DAGS_FOLDER/restaurant_pipeline.py', '--cfg-path', '/tmp/tmpzk45wp0t']
[2025-07-18T15:17:57.174+0000] {standard_task_runner.py:85} INFO - Job 80: Subtask stream_to_bronze
[2025-07-18T15:17:57.202+0000] {task_command.py:416} INFO - Running <TaskInstance: restaurant_pipeline.stream_to_bronze manual__2025-07-18T15:17:52.830381+00:00 [running]> on host 87071fdea595
[2025-07-18T15:17:57.247+0000] {taskinstance.py:1662} INFO - Exporting env vars: AIRFLOW_CTX_DAG_OWNER='moran' AIRFLOW_CTX_DAG_ID='restaurant_pipeline' AIRFLOW_CTX_TASK_ID='stream_to_bronze' AIRFLOW_CTX_EXECUTION_DATE='2025-07-18T15:17:52.830381+00:00' AIRFLOW_CTX_TRY_NUMBER='1' AIRFLOW_CTX_DAG_RUN_ID='manual__2025-07-18T15:17:52.830381+00:00'
[2025-07-18T15:17:57.248+0000] {subprocess.py:63} INFO - Tmp dir root location: /tmp
[2025-07-18T15:17:57.248+0000] {subprocess.py:75} INFO - Running command: ['/bin/bash', '-c', 'docker exec spark-iceberg spark-submit /home/iceberg/spark/stream_to_bronze.py']
[2025-07-18T15:17:57.255+0000] {subprocess.py:86} INFO - Output:
[2025-07-18T15:17:57.276+0000] {subprocess.py:93} INFO - Cannot connect to the Docker daemon at unix:///var/run/docker.sock. Is the docker daemon running?
[2025-07-18T15:17:57.277+0000] {subprocess.py:97} INFO - Command exited with return code 1
[2025-07-18T15:17:57.287+0000] {taskinstance.py:1937} ERROR - Task failed with exception
Traceback (most recent call last):
  File "/home/airflow/.local/lib/python3.8/site-packages/airflow/operators/bash.py", line 210, in execute
    raise AirflowException(
airflow.exceptions.AirflowException: Bash command failed. The command returned a non-zero exit code 1.
[2025-07-18T15:17:57.291+0000] {taskinstance.py:1400} INFO - Marking task as FAILED. dag_id=restaurant_pipeline, task_id=stream_to_bronze, execution_date=20250718T151752, start_date=20250718T151757, end_date=20250718T151757
[2025-07-18T15:17:57.300+0000] {standard_task_runner.py:104} ERROR - Failed to execute job 80 for task stream_to_bronze (Bash command failed. The command returned a non-zero exit code 1.; 349)
[2025-07-18T15:17:57.312+0000] {local_task_job_runner.py:228} INFO - Task exited with return code 1
[2025-07-18T15:17:57.343+0000] {taskinstance.py:2778} INFO - 0 downstream tasks scheduled from follow-on schedule check
