[2025-07-18T19:48:01.474+0000] {taskinstance.py:1159} INFO - Dependencies all met for dep_context=non-requeueable deps ti=<TaskInstance: restaurant_pipeline.send_to_kafka scheduled__2025-07-18T19:46:00+00:00 [queued]>
[2025-07-18T19:48:01.478+0000] {taskinstance.py:1159} INFO - Dependencies all met for dep_context=requeueable deps ti=<TaskInstance: restaurant_pipeline.send_to_kafka scheduled__2025-07-18T19:46:00+00:00 [queued]>
[2025-07-18T19:48:01.478+0000] {taskinstance.py:1361} INFO - Starting attempt 1 of 1
[2025-07-18T19:48:01.483+0000] {taskinstance.py:1382} INFO - Executing <Task(BashOperator): send_to_kafka> on 2025-07-18 19:46:00+00:00
[2025-07-18T19:48:01.485+0000] {standard_task_runner.py:57} INFO - Started process 5443 to run task
[2025-07-18T19:48:01.487+0000] {standard_task_runner.py:84} INFO - Running: ['***', 'tasks', 'run', 'restaurant_pipeline', 'send_to_kafka', 'scheduled__2025-07-18T19:46:00+00:00', '--job-id', '563', '--raw', '--subdir', 'DAGS_FOLDER/restaurant_pipeline.py', '--cfg-path', '/tmp/tmp_c5_3l8u']
[2025-07-18T19:48:01.489+0000] {standard_task_runner.py:85} INFO - Job 563: Subtask send_to_kafka
[2025-07-18T19:48:01.511+0000] {task_command.py:416} INFO - Running <TaskInstance: restaurant_pipeline.send_to_kafka scheduled__2025-07-18T19:46:00+00:00 [running]> on host 9bcfb43e0ab7
[2025-07-18T19:48:01.549+0000] {taskinstance.py:1662} INFO - Exporting env vars: AIRFLOW_CTX_DAG_OWNER='moran' AIRFLOW_CTX_DAG_ID='restaurant_pipeline' AIRFLOW_CTX_TASK_ID='send_to_kafka' AIRFLOW_CTX_EXECUTION_DATE='2025-07-18T19:46:00+00:00' AIRFLOW_CTX_TRY_NUMBER='1' AIRFLOW_CTX_DAG_RUN_ID='scheduled__2025-07-18T19:46:00+00:00'
[2025-07-18T19:48:01.549+0000] {subprocess.py:63} INFO - Tmp dir root location: /tmp
[2025-07-18T19:48:01.550+0000] {subprocess.py:75} INFO - Running command: ['/bin/bash', '-c', 'python /opt/streaming/producer.py']
[2025-07-18T19:48:01.554+0000] {subprocess.py:86} INFO - Output:
[2025-07-18T19:48:03.827+0000] {subprocess.py:93} INFO - [✓] Sent to reservations: {'reservation_id': 7186, 'branch_id': 102, 'customer_name': 'Lucas Butler', 'phone_number': '(943)454-1506x3022', 'reservation_date': '2025-07-18', 'reservation_time': '20:32', 'guests_count': 8, 'is_confirmed': True}
[2025-07-18T19:48:03.827+0000] {subprocess.py:93} INFO - [✓] Sent to reservations: {'reservation_id': 1397, 'branch_id': 101, 'customer_name': 'Steven Black', 'phone_number': '001-883-926-2988x677', 'reservation_date': '2025-07-18', 'reservation_time': '21:37', 'guests_count': 8, 'is_confirmed': False}
[2025-07-18T19:48:03.828+0000] {subprocess.py:93} INFO - [✓] Sent to reservations: {'reservation_id': 9920, 'branch_id': 101, 'customer_name': 'Jason Gillespie', 'phone_number': '617.307.1567x81469', 'reservation_date': '2025-07-18', 'reservation_time': '20:43', 'guests_count': 5, 'is_confirmed': False}
[2025-07-18T19:48:03.828+0000] {subprocess.py:93} INFO - [✓] Sent to checkins: {'checkin_id': 1330, 'customer_name': 'John Johnson', 'phone_number': '(399)917-9117', 'branch_id': 102, 'table_id': 207, 'is_prebooked': True, 'checkin_date': '2025-07-18', 'checkin_time': '18:20', 'guests_count': 1, 'shift_manager': 'Mandy Heath'}
[2025-07-18T19:48:03.829+0000] {subprocess.py:93} INFO - [✓] Sent to checkins: {'checkin_id': 8258, 'customer_name': 'Christopher Mora', 'phone_number': '879-968-7202x5012', 'branch_id': 101, 'table_id': 208, 'is_prebooked': False, 'checkin_date': '2025-07-18', 'checkin_time': '18:22', 'guests_count': 1, 'shift_manager': 'Jose Wang'}
[2025-07-18T19:48:03.829+0000] {subprocess.py:93} INFO - [✓] Sent to checkins: {'checkin_id': 5465, 'customer_name': 'Betty Ramirez', 'phone_number': '216-603-9948', 'branch_id': 101, 'table_id': 203, 'is_prebooked': True, 'checkin_date': '2025-07-18', 'checkin_time': '18:35', 'guests_count': 5, 'shift_manager': 'Elijah Burnett'}
[2025-07-18T19:48:03.829+0000] {subprocess.py:93} INFO - [✓] Sent to feedback: {'feedback_id': 4288, 'branch_id': 102, 'customer_name': 'Frank Atkins', 'phone_number': '814.289.1348x2838', 'feedback_text': 'Happy southern small school door.', 'rating': 5, 'dining_date': '2025-07-18', 'dining_time': '19:16', 'submission_time': '2025-07-18T19:48:00'}
[2025-07-18T19:48:03.830+0000] {subprocess.py:93} INFO - [✓] Sent to feedback: {'feedback_id': 8528, 'branch_id': 102, 'customer_name': 'Brian Le', 'phone_number': '001-606-538-3176x44206', 'feedback_text': 'Hour identify beyond consumer end.', 'rating': 2, 'dining_date': '2025-07-18', 'dining_time': '18:28', 'submission_time': '2025-07-18T19:48:00'}
[2025-07-18T19:48:03.830+0000] {subprocess.py:93} INFO - [✓] Sent to feedback: {'feedback_id': 5260, 'branch_id': 101, 'customer_name': 'Robert Duncan', 'phone_number': '634.794.8476', 'feedback_text': 'Score represent establish executive from spend.', 'rating': 5, 'dining_date': '2025-07-18', 'dining_time': '18:40', 'submission_time': '2025-07-18T19:48:00'}
[2025-07-18T19:48:03.830+0000] {subprocess.py:93} INFO - ✅ All messages sent.
[2025-07-18T19:48:03.872+0000] {subprocess.py:97} INFO - Command exited with return code 0
[2025-07-18T19:48:03.890+0000] {taskinstance.py:1400} INFO - Marking task as SUCCESS. dag_id=restaurant_pipeline, task_id=send_to_kafka, execution_date=20250718T194600, start_date=20250718T194801, end_date=20250718T194803
[2025-07-18T19:48:03.906+0000] {local_task_job_runner.py:228} INFO - Task exited with return code 0
[2025-07-18T19:48:03.936+0000] {taskinstance.py:2778} INFO - 1 downstream tasks scheduled from follow-on schedule check
