[2025-07-18T16:06:05.626+0000] {taskinstance.py:1159} INFO - Dependencies all met for dep_context=non-requeueable deps ti=<TaskInstance: restaurant_pipeline.stream_to_bronze scheduled__2025-07-18T16:04:00+00:00 [queued]>
[2025-07-18T16:06:05.631+0000] {taskinstance.py:1159} INFO - Dependencies all met for dep_context=requeueable deps ti=<TaskInstance: restaurant_pipeline.stream_to_bronze scheduled__2025-07-18T16:04:00+00:00 [queued]>
[2025-07-18T16:06:05.631+0000] {taskinstance.py:1361} INFO - Starting attempt 1 of 1
[2025-07-18T16:06:05.638+0000] {taskinstance.py:1382} INFO - Executing <Task(BashOperator): stream_to_bronze> on 2025-07-18 16:04:00+00:00
[2025-07-18T16:06:05.640+0000] {standard_task_runner.py:57} INFO - Started process 1076 to run task
[2025-07-18T16:06:05.643+0000] {standard_task_runner.py:84} INFO - Running: ['***', 'tasks', 'run', 'restaurant_pipeline', 'stream_to_bronze', 'scheduled__2025-07-18T16:04:00+00:00', '--job-id', '165', '--raw', '--subdir', 'DAGS_FOLDER/restaurant_pipeline.py', '--cfg-path', '/tmp/tmp7tx5pbfp']
[2025-07-18T16:06:05.644+0000] {standard_task_runner.py:85} INFO - Job 165: Subtask stream_to_bronze
[2025-07-18T16:06:05.671+0000] {task_command.py:416} INFO - Running <TaskInstance: restaurant_pipeline.stream_to_bronze scheduled__2025-07-18T16:04:00+00:00 [running]> on host 9bcfb43e0ab7
[2025-07-18T16:06:05.712+0000] {taskinstance.py:1662} INFO - Exporting env vars: AIRFLOW_CTX_DAG_OWNER='moran' AIRFLOW_CTX_DAG_ID='restaurant_pipeline' AIRFLOW_CTX_TASK_ID='stream_to_bronze' AIRFLOW_CTX_EXECUTION_DATE='2025-07-18T16:04:00+00:00' AIRFLOW_CTX_TRY_NUMBER='1' AIRFLOW_CTX_DAG_RUN_ID='scheduled__2025-07-18T16:04:00+00:00'
[2025-07-18T16:06:05.713+0000] {subprocess.py:63} INFO - Tmp dir root location: /tmp
[2025-07-18T16:06:05.713+0000] {subprocess.py:75} INFO - Running command: ['/bin/bash', '-c', 'docker exec spark-iceberg spark-submit /home/iceberg/spark/stream_to_bronze.py']
[2025-07-18T16:06:05.719+0000] {subprocess.py:86} INFO - Output:
[2025-07-18T16:06:07.167+0000] {subprocess.py:93} INFO - 25/07/18 16:06:07 INFO SparkContext: Running Spark version 3.5.6
[2025-07-18T16:06:07.169+0000] {subprocess.py:93} INFO - 25/07/18 16:06:07 INFO SparkContext: OS info Linux, 6.10.14-linuxkit, aarch64
[2025-07-18T16:06:07.169+0000] {subprocess.py:93} INFO - 25/07/18 16:06:07 INFO SparkContext: Java version 17.0.15
[2025-07-18T16:06:07.191+0000] {subprocess.py:93} INFO - 25/07/18 16:06:07 INFO ResourceUtils: ==============================================================
[2025-07-18T16:06:07.192+0000] {subprocess.py:93} INFO - 25/07/18 16:06:07 INFO ResourceUtils: No custom resources configured for spark.driver.
[2025-07-18T16:06:07.192+0000] {subprocess.py:93} INFO - 25/07/18 16:06:07 INFO ResourceUtils: ==============================================================
[2025-07-18T16:06:07.192+0000] {subprocess.py:93} INFO - 25/07/18 16:06:07 INFO SparkContext: Submitted application: StreamToBronze
[2025-07-18T16:06:07.214+0000] {subprocess.py:93} INFO - 25/07/18 16:06:07 INFO ResourceProfile: Default ResourceProfile created, executor resources: Map(cores -> name: cores, amount: 1, script: , vendor: , memory -> name: memory, amount: 1024, script: , vendor: , offHeap -> name: offHeap, amount: 0, script: , vendor: ), task resources: Map(cpus -> name: cpus, amount: 1.0)
[2025-07-18T16:06:07.220+0000] {subprocess.py:93} INFO - 25/07/18 16:06:07 INFO ResourceProfile: Limiting resource is cpu
[2025-07-18T16:06:07.220+0000] {subprocess.py:93} INFO - 25/07/18 16:06:07 INFO ResourceProfileManager: Added ResourceProfile id: 0
[2025-07-18T16:06:07.253+0000] {subprocess.py:93} INFO - 25/07/18 16:06:07 INFO SecurityManager: Changing view acls to: root,spark
[2025-07-18T16:06:07.254+0000] {subprocess.py:93} INFO - 25/07/18 16:06:07 INFO SecurityManager: Changing modify acls to: root,spark
[2025-07-18T16:06:07.254+0000] {subprocess.py:93} INFO - 25/07/18 16:06:07 INFO SecurityManager: Changing view acls groups to:
[2025-07-18T16:06:07.259+0000] {subprocess.py:93} INFO - 25/07/18 16:06:07 INFO SecurityManager: Changing modify acls groups to:
[2025-07-18T16:06:07.260+0000] {subprocess.py:93} INFO - 25/07/18 16:06:07 INFO SecurityManager: SecurityManager: authentication disabled; ui acls disabled; users with view permissions: root, spark; groups with view permissions: EMPTY; users with modify permissions: root, spark; groups with modify permissions: EMPTY
[2025-07-18T16:06:07.296+0000] {subprocess.py:93} INFO - 25/07/18 16:06:07 WARN NativeCodeLoader: Unable to load native-hadoop library for your platform... using builtin-java classes where applicable
[2025-07-18T16:06:07.522+0000] {subprocess.py:93} INFO - 25/07/18 16:06:07 INFO Utils: Successfully started service 'sparkDriver' on port 36203.
[2025-07-18T16:06:07.535+0000] {subprocess.py:93} INFO - 25/07/18 16:06:07 INFO SparkEnv: Registering MapOutputTracker
[2025-07-18T16:06:07.551+0000] {subprocess.py:93} INFO - 25/07/18 16:06:07 INFO SparkEnv: Registering BlockManagerMaster
[2025-07-18T16:06:07.559+0000] {subprocess.py:93} INFO - 25/07/18 16:06:07 INFO BlockManagerMasterEndpoint: Using org.apache.spark.storage.DefaultTopologyMapper for getting topology information
[2025-07-18T16:06:07.560+0000] {subprocess.py:93} INFO - 25/07/18 16:06:07 INFO BlockManagerMasterEndpoint: BlockManagerMasterEndpoint up
[2025-07-18T16:06:07.562+0000] {subprocess.py:93} INFO - 25/07/18 16:06:07 INFO SparkEnv: Registering BlockManagerMasterHeartbeat
[2025-07-18T16:06:07.577+0000] {subprocess.py:93} INFO - 25/07/18 16:06:07 INFO DiskBlockManager: Created local directory at /tmp/blockmgr-cd1a6da7-8e34-42d6-92e3-c0456875b709
[2025-07-18T16:06:07.586+0000] {subprocess.py:93} INFO - 25/07/18 16:06:07 INFO MemoryStore: MemoryStore started with capacity 434.4 MiB
[2025-07-18T16:06:07.598+0000] {subprocess.py:93} INFO - 25/07/18 16:06:07 INFO SparkEnv: Registering OutputCommitCoordinator
[2025-07-18T16:06:07.659+0000] {subprocess.py:93} INFO - 25/07/18 16:06:07 INFO JettyUtils: Start Jetty 0.0.0.0:4040 for SparkUI
[2025-07-18T16:06:07.691+0000] {subprocess.py:93} INFO - 25/07/18 16:06:07 WARN Utils: Service 'SparkUI' could not bind on port 4040. Attempting port 4041.
[2025-07-18T16:06:07.695+0000] {subprocess.py:93} INFO - 25/07/18 16:06:07 INFO Utils: Successfully started service 'SparkUI' on port 4041.
[2025-07-18T16:06:07.742+0000] {subprocess.py:93} INFO - 25/07/18 16:06:07 INFO Executor: Starting executor ID driver on host 77cb57a6bd53
[2025-07-18T16:06:07.742+0000] {subprocess.py:93} INFO - 25/07/18 16:06:07 INFO Executor: OS info Linux, 6.10.14-linuxkit, aarch64
[2025-07-18T16:06:07.743+0000] {subprocess.py:93} INFO - 25/07/18 16:06:07 INFO Executor: Java version 17.0.15
[2025-07-18T16:06:07.746+0000] {subprocess.py:93} INFO - 25/07/18 16:06:07 INFO Executor: Starting executor with user classpath (userClassPathFirst = false): ''
[2025-07-18T16:06:07.746+0000] {subprocess.py:93} INFO - 25/07/18 16:06:07 INFO Executor: Created or updated repl class loader org.apache.spark.util.MutableURLClassLoader@7fca5dc5 for default.
[2025-07-18T16:06:07.757+0000] {subprocess.py:93} INFO - 25/07/18 16:06:07 INFO Utils: Successfully started service 'org.apache.spark.network.netty.NettyBlockTransferService' on port 39437.
[2025-07-18T16:06:07.758+0000] {subprocess.py:93} INFO - 25/07/18 16:06:07 INFO NettyBlockTransferService: Server created on 77cb57a6bd53:39437
[2025-07-18T16:06:07.758+0000] {subprocess.py:93} INFO - 25/07/18 16:06:07 INFO BlockManager: Using org.apache.spark.storage.RandomBlockReplicationPolicy for block replication policy
[2025-07-18T16:06:07.766+0000] {subprocess.py:93} INFO - 25/07/18 16:06:07 INFO BlockManagerMaster: Registering BlockManager BlockManagerId(driver, 77cb57a6bd53, 39437, None)
[2025-07-18T16:06:07.767+0000] {subprocess.py:93} INFO - 25/07/18 16:06:07 INFO BlockManagerMasterEndpoint: Registering block manager 77cb57a6bd53:39437 with 434.4 MiB RAM, BlockManagerId(driver, 77cb57a6bd53, 39437, None)
[2025-07-18T16:06:07.771+0000] {subprocess.py:93} INFO - 25/07/18 16:06:07 INFO BlockManagerMaster: Registered BlockManager BlockManagerId(driver, 77cb57a6bd53, 39437, None)
[2025-07-18T16:06:07.771+0000] {subprocess.py:93} INFO - 25/07/18 16:06:07 INFO BlockManager: Initialized BlockManager: BlockManagerId(driver, 77cb57a6bd53, 39437, None)
[2025-07-18T16:06:07.998+0000] {subprocess.py:93} INFO - 25/07/18 16:06:07 INFO SharedState: Setting hive.metastore.warehouse.dir ('null') to the value of spark.sql.warehouse.dir.
[2025-07-18T16:06:08.001+0000] {subprocess.py:93} INFO - 25/07/18 16:06:07 INFO SharedState: Warehouse path is 'file:/app/spark-warehouse'.
[2025-07-18T16:06:08.978+0000] {subprocess.py:93} INFO - 25/07/18 16:06:08 WARN MetricsConfig: Cannot locate configuration: tried hadoop-metrics2-s3a-file-system.properties,hadoop-metrics2.properties
[2025-07-18T16:06:08.985+0000] {subprocess.py:93} INFO - 25/07/18 16:06:08 INFO MetricsSystemImpl: Scheduled Metric snapshot period at 10 second(s).
[2025-07-18T16:06:08.986+0000] {subprocess.py:93} INFO - 25/07/18 16:06:08 INFO MetricsSystemImpl: s3a-file-system metrics system started
[2025-07-18T16:06:09.583+0000] {subprocess.py:93} INFO - 25/07/18 16:06:09 INFO BaseMetastoreCatalog: Table loaded by catalog: my_catalog.bronze.Reservations_raw
[2025-07-18T16:06:09.596+0000] {subprocess.py:93} INFO - 25/07/18 16:06:09 INFO StateStoreCoordinatorRef: Registered StateStoreCoordinator endpoint
[2025-07-18T16:06:09.620+0000] {subprocess.py:93} INFO - 25/07/18 16:06:09 INFO ResolveWriteToStream: Checkpoint root /tmp/checkpoints/reservations/default_run resolved to file:/tmp/checkpoints/reservations/default_run.
[2025-07-18T16:06:09.620+0000] {subprocess.py:93} INFO - 25/07/18 16:06:09 WARN ResolveWriteToStream: spark.sql.adaptive.enabled is not supported in streaming DataFrames/Datasets and will be disabled.
[2025-07-18T16:06:09.690+0000] {subprocess.py:93} INFO - 25/07/18 16:06:09 INFO MicroBatchExecution: Starting [id = e996b82a-5589-44f5-8cfc-d468442c9d9b, runId = 28edde46-0d4b-42e6-bc81-b0269de061cd]. Use file:/tmp/checkpoints/reservations/default_run to store the query checkpoint.
[2025-07-18T16:06:09.696+0000] {subprocess.py:93} INFO - 25/07/18 16:06:09 INFO MicroBatchExecution: Reading table [org.apache.spark.sql.kafka010.KafkaSourceProvider$KafkaTable@2691b7f8] from DataSourceV2 named 'kafka' [org.apache.spark.sql.kafka010.KafkaSourceProvider@2220edee]
[2025-07-18T16:06:09.723+0000] {subprocess.py:93} INFO - 25/07/18 16:06:09 INFO OffsetSeqLog: BatchIds found from listing: 0, 1, 2, 3, 4, 5, 6, 7, 8
[2025-07-18T16:06:09.735+0000] {subprocess.py:93} INFO - 25/07/18 16:06:09 INFO OffsetSeqLog: Getting latest batch 8
[2025-07-18T16:06:09.759+0000] {subprocess.py:93} INFO - 25/07/18 16:06:09 INFO OffsetSeqLog: BatchIds found from listing: 0, 1, 2, 3, 4, 5, 6, 7, 8
[2025-07-18T16:06:09.760+0000] {subprocess.py:93} INFO - 25/07/18 16:06:09 INFO OffsetSeqLog: Getting latest batch 8
[2025-07-18T16:06:09.765+0000] {subprocess.py:93} INFO - 25/07/18 16:06:09 INFO CommitLog: BatchIds found from listing: 0, 1, 2, 3, 4, 5, 6, 7, 8
[2025-07-18T16:06:09.766+0000] {subprocess.py:93} INFO - 25/07/18 16:06:09 INFO CommitLog: Getting latest batch 8
[2025-07-18T16:06:09.769+0000] {subprocess.py:93} INFO - 25/07/18 16:06:09 INFO MicroBatchExecution: Resuming at batch 9 with committed offsets {KafkaV2[Subscribe[reservations]]: {"reservations":{"0":108}}} and available offsets {KafkaV2[Subscribe[reservations]]: {"reservations":{"0":108}}}
[2025-07-18T16:06:09.770+0000] {subprocess.py:93} INFO - 25/07/18 16:06:09 INFO MicroBatchExecution: Stream started from {KafkaV2[Subscribe[reservations]]: {"reservations":{"0":108}}}
[2025-07-18T16:06:09.784+0000] {subprocess.py:93} INFO - 25/07/18 16:06:09 INFO BaseMetastoreCatalog: Table loaded by catalog: my_catalog.bronze.Checkins_raw
[2025-07-18T16:06:09.786+0000] {subprocess.py:93} INFO - 25/07/18 16:06:09 INFO ResolveWriteToStream: Checkpoint root /tmp/checkpoints/checkins/default_run resolved to file:/tmp/checkpoints/checkins/default_run.
[2025-07-18T16:06:09.787+0000] {subprocess.py:93} INFO - 25/07/18 16:06:09 WARN ResolveWriteToStream: spark.sql.adaptive.enabled is not supported in streaming DataFrames/Datasets and will be disabled.
[2025-07-18T16:06:09.792+0000] {subprocess.py:93} INFO - 25/07/18 16:06:09 INFO MicroBatchExecution: Starting [id = da45822c-7a70-47a7-99cb-ba87a561e088, runId = 5bca0599-7d82-488c-b7fa-e2cf675732ed]. Use file:/tmp/checkpoints/checkins/default_run to store the query checkpoint.
[2025-07-18T16:06:09.794+0000] {subprocess.py:93} INFO - 25/07/18 16:06:09 INFO MicroBatchExecution: Reading table [org.apache.spark.sql.kafka010.KafkaSourceProvider$KafkaTable@40f0aa1f] from DataSourceV2 named 'kafka' [org.apache.spark.sql.kafka010.KafkaSourceProvider@4e375da9]
[2025-07-18T16:06:09.799+0000] {subprocess.py:93} INFO - 25/07/18 16:06:09 INFO OffsetSeqLog: BatchIds found from listing: 0, 1, 2, 3, 4, 5, 6, 7, 8
[2025-07-18T16:06:09.800+0000] {subprocess.py:93} INFO - 25/07/18 16:06:09 INFO OffsetSeqLog: Getting latest batch 8
[2025-07-18T16:06:09.800+0000] {subprocess.py:93} INFO - 25/07/18 16:06:09 INFO OffsetSeqLog: BatchIds found from listing: 0, 1, 2, 3, 4, 5, 6, 7, 8
[2025-07-18T16:06:09.801+0000] {subprocess.py:93} INFO - 25/07/18 16:06:09 INFO OffsetSeqLog: Getting latest batch 8
[2025-07-18T16:06:09.802+0000] {subprocess.py:93} INFO - 25/07/18 16:06:09 INFO AdminClientConfig: AdminClientConfig values:
[2025-07-18T16:06:09.802+0000] {subprocess.py:93} INFO - 	auto.include.jmx.reporter = true
[2025-07-18T16:06:09.803+0000] {subprocess.py:93} INFO - 	bootstrap.servers = [kafka:9092]
[2025-07-18T16:06:09.803+0000] {subprocess.py:93} INFO - 	client.dns.lookup = use_all_dns_ips
[2025-07-18T16:06:09.804+0000] {subprocess.py:93} INFO - 	client.id =
[2025-07-18T16:06:09.804+0000] {subprocess.py:93} INFO - 	connections.max.idle.ms = 300000
[2025-07-18T16:06:09.804+0000] {subprocess.py:93} INFO - 	default.api.timeout.ms = 60000
[2025-07-18T16:06:09.806+0000] {subprocess.py:93} INFO - 	metadata.max.age.ms = 300000
[2025-07-18T16:06:09.807+0000] {subprocess.py:93} INFO - 	metric.reporters = []
[2025-07-18T16:06:09.808+0000] {subprocess.py:93} INFO - 	metrics.num.samples = 2
[2025-07-18T16:06:09.808+0000] {subprocess.py:93} INFO - 	metrics.recording.level = INFO
[2025-07-18T16:06:09.808+0000] {subprocess.py:93} INFO - 	metrics.sample.window.ms = 30000
[2025-07-18T16:06:09.808+0000] {subprocess.py:93} INFO - 	receive.buffer.bytes = 65536
[2025-07-18T16:06:09.808+0000] {subprocess.py:93} INFO - 	reconnect.backoff.max.ms = 1000
[2025-07-18T16:06:09.809+0000] {subprocess.py:93} INFO - 	reconnect.backoff.ms = 50
[2025-07-18T16:06:09.809+0000] {subprocess.py:93} INFO - 	request.timeout.ms = 30000
[2025-07-18T16:06:09.809+0000] {subprocess.py:93} INFO - 	retries = 2147483647
[2025-07-18T16:06:09.809+0000] {subprocess.py:93} INFO - 	retry.backoff.ms = 100
[2025-07-18T16:06:09.810+0000] {subprocess.py:93} INFO - 	sasl.client.callback.handler.class = null
[2025-07-18T16:06:09.810+0000] {subprocess.py:93} INFO - 	sasl.jaas.config = null
[2025-07-18T16:06:09.810+0000] {subprocess.py:93} INFO - 	sasl.kerberos.kinit.cmd = /usr/bin/kinit
[2025-07-18T16:06:09.810+0000] {subprocess.py:93} INFO - 	sasl.kerberos.min.time.before.relogin = 60000
[2025-07-18T16:06:09.810+0000] {subprocess.py:93} INFO - 	sasl.kerberos.service.name = null
[2025-07-18T16:06:09.810+0000] {subprocess.py:93} INFO - 	sasl.kerberos.ticket.renew.jitter = 0.05
[2025-07-18T16:06:09.811+0000] {subprocess.py:93} INFO - 	sasl.kerberos.ticket.renew.window.factor = 0.8
[2025-07-18T16:06:09.811+0000] {subprocess.py:93} INFO - 	sasl.login.callback.handler.class = null
[2025-07-18T16:06:09.811+0000] {subprocess.py:93} INFO - 	sasl.login.class = null
[2025-07-18T16:06:09.811+0000] {subprocess.py:93} INFO - 	sasl.login.connect.timeout.ms = null
[2025-07-18T16:06:09.811+0000] {subprocess.py:93} INFO - 	sasl.login.read.timeout.ms = null
[2025-07-18T16:06:09.811+0000] {subprocess.py:93} INFO - 	sasl.login.refresh.buffer.seconds = 300
[2025-07-18T16:06:09.811+0000] {subprocess.py:93} INFO - 	sasl.login.refresh.min.period.seconds = 60
[2025-07-18T16:06:09.811+0000] {subprocess.py:93} INFO - 	sasl.login.refresh.window.factor = 0.8
[2025-07-18T16:06:09.811+0000] {subprocess.py:93} INFO - 	sasl.login.refresh.window.jitter = 0.05
[2025-07-18T16:06:09.812+0000] {subprocess.py:93} INFO - 	sasl.login.retry.backoff.max.ms = 10000
[2025-07-18T16:06:09.812+0000] {subprocess.py:93} INFO - 	sasl.login.retry.backoff.ms = 100
[2025-07-18T16:06:09.812+0000] {subprocess.py:93} INFO - 	sasl.mechanism = GSSAPI
[2025-07-18T16:06:09.812+0000] {subprocess.py:93} INFO - 	sasl.oauthbearer.clock.skew.seconds = 30
[2025-07-18T16:06:09.812+0000] {subprocess.py:93} INFO - 	sasl.oauthbearer.expected.audience = null
[2025-07-18T16:06:09.812+0000] {subprocess.py:93} INFO - 	sasl.oauthbearer.expected.issuer = null
[2025-07-18T16:06:09.812+0000] {subprocess.py:93} INFO - 	sasl.oauthbearer.jwks.endpoint.refresh.ms = 3600000
[2025-07-18T16:06:09.812+0000] {subprocess.py:93} INFO - 	sasl.oauthbearer.jwks.endpoint.retry.backoff.max.ms = 10000
[2025-07-18T16:06:09.812+0000] {subprocess.py:93} INFO - 	sasl.oauthbearer.jwks.endpoint.retry.backoff.ms = 100
[2025-07-18T16:06:09.812+0000] {subprocess.py:93} INFO - 	sasl.oauthbearer.jwks.endpoint.url = null
[2025-07-18T16:06:09.813+0000] {subprocess.py:93} INFO - 	sasl.oauthbearer.scope.claim.name = scope
[2025-07-18T16:06:09.813+0000] {subprocess.py:93} INFO - 	sasl.oauthbearer.sub.claim.name = sub
[2025-07-18T16:06:09.813+0000] {subprocess.py:93} INFO - 	sasl.oauthbearer.token.endpoint.url = null
[2025-07-18T16:06:09.813+0000] {subprocess.py:93} INFO - 	security.protocol = PLAINTEXT
[2025-07-18T16:06:09.813+0000] {subprocess.py:93} INFO - 	security.providers = null
[2025-07-18T16:06:09.813+0000] {subprocess.py:93} INFO - 	send.buffer.bytes = 131072
[2025-07-18T16:06:09.813+0000] {subprocess.py:93} INFO - 	socket.connection.setup.timeout.max.ms = 30000
[2025-07-18T16:06:09.813+0000] {subprocess.py:93} INFO - 	socket.connection.setup.timeout.ms = 10000
[2025-07-18T16:06:09.814+0000] {subprocess.py:93} INFO - 	ssl.cipher.suites = null
[2025-07-18T16:06:09.814+0000] {subprocess.py:93} INFO - 	ssl.enabled.protocols = [TLSv1.2, TLSv1.3]
[2025-07-18T16:06:09.815+0000] {subprocess.py:93} INFO - 	ssl.endpoint.identification.algorithm = https
[2025-07-18T16:06:09.815+0000] {subprocess.py:93} INFO - 	ssl.engine.factory.class = null
[2025-07-18T16:06:09.815+0000] {subprocess.py:93} INFO - 	ssl.key.password = null
[2025-07-18T16:06:09.815+0000] {subprocess.py:93} INFO - 	ssl.keymanager.algorithm = SunX509
[2025-07-18T16:06:09.815+0000] {subprocess.py:93} INFO - 	ssl.keystore.certificate.chain = null
[2025-07-18T16:06:09.815+0000] {subprocess.py:93} INFO - 	ssl.keystore.key = null
[2025-07-18T16:06:09.816+0000] {subprocess.py:93} INFO - 	ssl.keystore.location = null
[2025-07-18T16:06:09.816+0000] {subprocess.py:93} INFO - 	ssl.keystore.password = null
[2025-07-18T16:06:09.816+0000] {subprocess.py:93} INFO - 	ssl.keystore.type = JKS
[2025-07-18T16:06:09.816+0000] {subprocess.py:93} INFO - 	ssl.protocol = TLSv1.3
[2025-07-18T16:06:09.816+0000] {subprocess.py:93} INFO - 	ssl.provider = null
[2025-07-18T16:06:09.816+0000] {subprocess.py:93} INFO - 	ssl.secure.random.implementation = null
[2025-07-18T16:06:09.817+0000] {subprocess.py:93} INFO - 	ssl.trustmanager.algorithm = PKIX
[2025-07-18T16:06:09.817+0000] {subprocess.py:93} INFO - 	ssl.truststore.certificates = null
[2025-07-18T16:06:09.817+0000] {subprocess.py:93} INFO - 	ssl.truststore.location = null
[2025-07-18T16:06:09.817+0000] {subprocess.py:93} INFO - 	ssl.truststore.password = null
[2025-07-18T16:06:09.817+0000] {subprocess.py:93} INFO - 	ssl.truststore.type = JKS
[2025-07-18T16:06:09.817+0000] {subprocess.py:93} INFO - 
[2025-07-18T16:06:09.818+0000] {subprocess.py:93} INFO - 25/07/18 16:06:09 INFO CommitLog: BatchIds found from listing: 0, 1, 2, 3, 4, 5, 6, 7, 8
[2025-07-18T16:06:09.818+0000] {subprocess.py:93} INFO - 25/07/18 16:06:09 INFO CommitLog: Getting latest batch 8
[2025-07-18T16:06:09.818+0000] {subprocess.py:93} INFO - 25/07/18 16:06:09 INFO MicroBatchExecution: Resuming at batch 9 with committed offsets {KafkaV2[Subscribe[checkins]]: {"checkins":{"0":108}}} and available offsets {KafkaV2[Subscribe[checkins]]: {"checkins":{"0":108}}}
[2025-07-18T16:06:09.818+0000] {subprocess.py:93} INFO - 25/07/18 16:06:09 INFO MicroBatchExecution: Stream started from {KafkaV2[Subscribe[checkins]]: {"checkins":{"0":108}}}
[2025-07-18T16:06:09.818+0000] {subprocess.py:93} INFO - 25/07/18 16:06:09 INFO AdminClientConfig: AdminClientConfig values:
[2025-07-18T16:06:09.818+0000] {subprocess.py:93} INFO - 	auto.include.jmx.reporter = true
[2025-07-18T16:06:09.819+0000] {subprocess.py:93} INFO - 	bootstrap.servers = [kafka:9092]
[2025-07-18T16:06:09.819+0000] {subprocess.py:93} INFO - 	client.dns.lookup = use_all_dns_ips
[2025-07-18T16:06:09.819+0000] {subprocess.py:93} INFO - 	client.id =
[2025-07-18T16:06:09.819+0000] {subprocess.py:93} INFO - 	connections.max.idle.ms = 300000
[2025-07-18T16:06:09.819+0000] {subprocess.py:93} INFO - 	default.api.timeout.ms = 60000
[2025-07-18T16:06:09.819+0000] {subprocess.py:93} INFO - 	metadata.max.age.ms = 300000
[2025-07-18T16:06:09.819+0000] {subprocess.py:93} INFO - 	metric.reporters = []
[2025-07-18T16:06:09.819+0000] {subprocess.py:93} INFO - 	metrics.num.samples = 2
[2025-07-18T16:06:09.819+0000] {subprocess.py:93} INFO - 	metrics.recording.level = INFO
[2025-07-18T16:06:09.820+0000] {subprocess.py:93} INFO - 	metrics.sample.window.ms = 30000
[2025-07-18T16:06:09.820+0000] {subprocess.py:93} INFO - 	receive.buffer.bytes = 65536
[2025-07-18T16:06:09.820+0000] {subprocess.py:93} INFO - 	reconnect.backoff.max.ms = 1000
[2025-07-18T16:06:09.820+0000] {subprocess.py:93} INFO - 	reconnect.backoff.ms = 50
[2025-07-18T16:06:09.820+0000] {subprocess.py:93} INFO - 	request.timeout.ms = 30000
[2025-07-18T16:06:09.820+0000] {subprocess.py:93} INFO - 	retries = 2147483647
[2025-07-18T16:06:09.820+0000] {subprocess.py:93} INFO - 	retry.backoff.ms = 100
[2025-07-18T16:06:09.820+0000] {subprocess.py:93} INFO - 	sasl.client.callback.handler.class = null
[2025-07-18T16:06:09.820+0000] {subprocess.py:93} INFO - 	sasl.jaas.config = null
[2025-07-18T16:06:09.821+0000] {subprocess.py:93} INFO - 	sasl.kerberos.kinit.cmd = /usr/bin/kinit
[2025-07-18T16:06:09.821+0000] {subprocess.py:93} INFO - 	sasl.kerberos.min.time.before.relogin = 60000
[2025-07-18T16:06:09.821+0000] {subprocess.py:93} INFO - 	sasl.kerberos.service.name = null
[2025-07-18T16:06:09.821+0000] {subprocess.py:93} INFO - 	sasl.kerberos.ticket.renew.jitter = 0.05
[2025-07-18T16:06:09.821+0000] {subprocess.py:93} INFO - 	sasl.kerberos.ticket.renew.window.factor = 0.8
[2025-07-18T16:06:09.821+0000] {subprocess.py:93} INFO - 	sasl.login.callback.handler.class = null
[2025-07-18T16:06:09.822+0000] {subprocess.py:93} INFO - 	sasl.login.class = null
[2025-07-18T16:06:09.822+0000] {subprocess.py:93} INFO - 	sasl.login.connect.timeout.ms = null
[2025-07-18T16:06:09.822+0000] {subprocess.py:93} INFO - 	sasl.login.read.timeout.ms = null
[2025-07-18T16:06:09.822+0000] {subprocess.py:93} INFO - 	sasl.login.refresh.buffer.seconds = 300
[2025-07-18T16:06:09.822+0000] {subprocess.py:93} INFO - 	sasl.login.refresh.min.period.seconds = 60
[2025-07-18T16:06:09.822+0000] {subprocess.py:93} INFO - 	sasl.login.refresh.window.factor = 0.8
[2025-07-18T16:06:09.822+0000] {subprocess.py:93} INFO - 	sasl.login.refresh.window.jitter = 0.05
[2025-07-18T16:06:09.823+0000] {subprocess.py:93} INFO - 	sasl.login.retry.backoff.max.ms = 10000
[2025-07-18T16:06:09.823+0000] {subprocess.py:93} INFO - 	sasl.login.retry.backoff.ms = 100
[2025-07-18T16:06:09.823+0000] {subprocess.py:93} INFO - 	sasl.mechanism = GSSAPI
[2025-07-18T16:06:09.824+0000] {subprocess.py:93} INFO - 	sasl.oauthbearer.clock.skew.seconds = 30
[2025-07-18T16:06:09.824+0000] {subprocess.py:93} INFO - 	sasl.oauthbearer.expected.audience = null
[2025-07-18T16:06:09.824+0000] {subprocess.py:93} INFO - 	sasl.oauthbearer.expected.issuer = null
[2025-07-18T16:06:09.824+0000] {subprocess.py:93} INFO - 	sasl.oauthbearer.jwks.endpoint.refresh.ms = 3600000
[2025-07-18T16:06:09.825+0000] {subprocess.py:93} INFO - 	sasl.oauthbearer.jwks.endpoint.retry.backoff.max.ms = 10000
[2025-07-18T16:06:09.825+0000] {subprocess.py:93} INFO - 	sasl.oauthbearer.jwks.endpoint.retry.backoff.ms = 100
[2025-07-18T16:06:09.826+0000] {subprocess.py:93} INFO - 	sasl.oauthbearer.jwks.endpoint.url = null
[2025-07-18T16:06:09.826+0000] {subprocess.py:93} INFO - 	sasl.oauthbearer.scope.claim.name = scope
[2025-07-18T16:06:09.826+0000] {subprocess.py:93} INFO - 	sasl.oauthbearer.sub.claim.name = sub
[2025-07-18T16:06:09.827+0000] {subprocess.py:93} INFO - 	sasl.oauthbearer.token.endpoint.url = null
[2025-07-18T16:06:09.827+0000] {subprocess.py:93} INFO - 	security.protocol = PLAINTEXT
[2025-07-18T16:06:09.827+0000] {subprocess.py:93} INFO - 	security.providers = null
[2025-07-18T16:06:09.828+0000] {subprocess.py:93} INFO - 	send.buffer.bytes = 131072
[2025-07-18T16:06:09.828+0000] {subprocess.py:93} INFO - 	socket.connection.setup.timeout.max.ms = 30000
[2025-07-18T16:06:09.828+0000] {subprocess.py:93} INFO - 	socket.connection.setup.timeout.ms = 10000
[2025-07-18T16:06:09.828+0000] {subprocess.py:93} INFO - 	ssl.cipher.suites = null
[2025-07-18T16:06:09.829+0000] {subprocess.py:93} INFO - 	ssl.enabled.protocols = [TLSv1.2, TLSv1.3]
[2025-07-18T16:06:09.829+0000] {subprocess.py:93} INFO - 	ssl.endpoint.identification.algorithm = https
[2025-07-18T16:06:09.830+0000] {subprocess.py:93} INFO - 	ssl.engine.factory.class = null
[2025-07-18T16:06:09.830+0000] {subprocess.py:93} INFO - 	ssl.key.password = null
[2025-07-18T16:06:09.830+0000] {subprocess.py:93} INFO - 	ssl.keymanager.algorithm = SunX509
[2025-07-18T16:06:09.830+0000] {subprocess.py:93} INFO - 	ssl.keystore.certificate.chain = null
[2025-07-18T16:06:09.830+0000] {subprocess.py:93} INFO - 	ssl.keystore.key = null
[2025-07-18T16:06:09.830+0000] {subprocess.py:93} INFO - 	ssl.keystore.location = null
[2025-07-18T16:06:09.830+0000] {subprocess.py:93} INFO - 	ssl.keystore.password = null
[2025-07-18T16:06:09.831+0000] {subprocess.py:93} INFO - 	ssl.keystore.type = JKS
[2025-07-18T16:06:09.831+0000] {subprocess.py:93} INFO - 	ssl.protocol = TLSv1.3
[2025-07-18T16:06:09.831+0000] {subprocess.py:93} INFO - 	ssl.provider = null
[2025-07-18T16:06:09.832+0000] {subprocess.py:93} INFO - 	ssl.secure.random.implementation = null
[2025-07-18T16:06:09.832+0000] {subprocess.py:93} INFO - 	ssl.trustmanager.algorithm = PKIX
[2025-07-18T16:06:09.832+0000] {subprocess.py:93} INFO - 	ssl.truststore.certificates = null
[2025-07-18T16:06:09.832+0000] {subprocess.py:93} INFO - 	ssl.truststore.location = null
[2025-07-18T16:06:09.832+0000] {subprocess.py:93} INFO - 	ssl.truststore.password = null
[2025-07-18T16:06:09.833+0000] {subprocess.py:93} INFO - 	ssl.truststore.type = JKS
[2025-07-18T16:06:09.833+0000] {subprocess.py:93} INFO - 
[2025-07-18T16:06:09.869+0000] {subprocess.py:93} INFO - 25/07/18 16:06:09 INFO AdminClientConfig: These configurations '[key.deserializer, value.deserializer, enable.auto.commit, max.poll.records, auto.offset.reset]' were supplied but are not used yet.
[2025-07-18T16:06:09.870+0000] {subprocess.py:93} INFO - 25/07/18 16:06:09 INFO AdminClientConfig: These configurations '[key.deserializer, value.deserializer, enable.auto.commit, max.poll.records, auto.offset.reset]' were supplied but are not used yet.
[2025-07-18T16:06:09.870+0000] {subprocess.py:93} INFO - 25/07/18 16:06:09 INFO AppInfoParser: Kafka version: 3.5.1
[2025-07-18T16:06:09.870+0000] {subprocess.py:93} INFO - 25/07/18 16:06:09 INFO AppInfoParser: Kafka commitId: 2c6fb6c54472e90a
[2025-07-18T16:06:09.870+0000] {subprocess.py:93} INFO - 25/07/18 16:06:09 INFO AppInfoParser: Kafka startTimeMs: 1752854769862
[2025-07-18T16:06:09.871+0000] {subprocess.py:93} INFO - 25/07/18 16:06:09 INFO AppInfoParser: Kafka version: 3.5.1
[2025-07-18T16:06:09.871+0000] {subprocess.py:93} INFO - 25/07/18 16:06:09 INFO AppInfoParser: Kafka commitId: 2c6fb6c54472e90a
[2025-07-18T16:06:09.872+0000] {subprocess.py:93} INFO - 25/07/18 16:06:09 INFO AppInfoParser: Kafka startTimeMs: 1752854769862
[2025-07-18T16:06:09.886+0000] {subprocess.py:93} INFO - 25/07/18 16:06:09 INFO BaseMetastoreCatalog: Table loaded by catalog: my_catalog.bronze.Feedback_raw
[2025-07-18T16:06:09.891+0000] {subprocess.py:93} INFO - 25/07/18 16:06:09 INFO ResolveWriteToStream: Checkpoint root /tmp/checkpoints/feedback/default_run resolved to file:/tmp/checkpoints/feedback/default_run.
[2025-07-18T16:06:09.894+0000] {subprocess.py:93} INFO - 25/07/18 16:06:09 WARN ResolveWriteToStream: spark.sql.adaptive.enabled is not supported in streaming DataFrames/Datasets and will be disabled.
[2025-07-18T16:06:09.902+0000] {subprocess.py:93} INFO - 25/07/18 16:06:09 INFO MicroBatchExecution: Starting [id = 291a655a-dbee-469f-b7b0-3e848fcadbea, runId = fa79e350-d89c-4122-bfa9-d0b581d2d6a6]. Use file:/tmp/checkpoints/feedback/default_run to store the query checkpoint.
[2025-07-18T16:06:09.903+0000] {subprocess.py:93} INFO - 25/07/18 16:06:09 INFO MicroBatchExecution: Reading table [org.apache.spark.sql.kafka010.KafkaSourceProvider$KafkaTable@37232738] from DataSourceV2 named 'kafka' [org.apache.spark.sql.kafka010.KafkaSourceProvider@39e4ce74]
[2025-07-18T16:06:09.909+0000] {subprocess.py:93} INFO - 25/07/18 16:06:09 INFO OffsetSeqLog: BatchIds found from listing: 0, 1, 2, 3, 4, 5, 6, 7, 8
[2025-07-18T16:06:09.909+0000] {subprocess.py:93} INFO - 25/07/18 16:06:09 INFO OffsetSeqLog: Getting latest batch 8
[2025-07-18T16:06:09.909+0000] {subprocess.py:93} INFO - 25/07/18 16:06:09 INFO OffsetSeqLog: BatchIds found from listing: 0, 1, 2, 3, 4, 5, 6, 7, 8
[2025-07-18T16:06:09.910+0000] {subprocess.py:93} INFO - 25/07/18 16:06:09 INFO OffsetSeqLog: Getting latest batch 8
[2025-07-18T16:06:09.914+0000] {subprocess.py:93} INFO - 25/07/18 16:06:09 INFO CommitLog: BatchIds found from listing: 0, 1, 2, 3, 4, 5, 6, 7, 8
[2025-07-18T16:06:09.915+0000] {subprocess.py:93} INFO - 25/07/18 16:06:09 INFO CommitLog: Getting latest batch 8
[2025-07-18T16:06:09.915+0000] {subprocess.py:93} INFO - 25/07/18 16:06:09 INFO MicroBatchExecution: Resuming at batch 9 with committed offsets {KafkaV2[Subscribe[feedback]]: {"feedback":{"0":108}}} and available offsets {KafkaV2[Subscribe[feedback]]: {"feedback":{"0":108}}}
[2025-07-18T16:06:09.915+0000] {subprocess.py:93} INFO - 25/07/18 16:06:09 INFO MicroBatchExecution: Stream started from {KafkaV2[Subscribe[feedback]]: {"feedback":{"0":108}}}
[2025-07-18T16:06:09.916+0000] {subprocess.py:93} INFO - 25/07/18 16:06:09 INFO AdminClientConfig: AdminClientConfig values:
[2025-07-18T16:06:09.917+0000] {subprocess.py:93} INFO - 	auto.include.jmx.reporter = true
[2025-07-18T16:06:09.917+0000] {subprocess.py:93} INFO - 	bootstrap.servers = [kafka:9092]
[2025-07-18T16:06:09.917+0000] {subprocess.py:93} INFO - 	client.dns.lookup = use_all_dns_ips
[2025-07-18T16:06:09.917+0000] {subprocess.py:93} INFO - 	client.id =
[2025-07-18T16:06:09.917+0000] {subprocess.py:93} INFO - 	connections.max.idle.ms = 300000
[2025-07-18T16:06:09.917+0000] {subprocess.py:93} INFO - 	default.api.timeout.ms = 60000
[2025-07-18T16:06:09.917+0000] {subprocess.py:93} INFO - 	metadata.max.age.ms = 300000
[2025-07-18T16:06:09.917+0000] {subprocess.py:93} INFO - 	metric.reporters = []
[2025-07-18T16:06:09.917+0000] {subprocess.py:93} INFO - 	metrics.num.samples = 2
[2025-07-18T16:06:09.918+0000] {subprocess.py:93} INFO - 	metrics.recording.level = INFO
[2025-07-18T16:06:09.918+0000] {subprocess.py:93} INFO - 	metrics.sample.window.ms = 30000
[2025-07-18T16:06:09.918+0000] {subprocess.py:93} INFO - 	receive.buffer.bytes = 65536
[2025-07-18T16:06:09.918+0000] {subprocess.py:93} INFO - 	reconnect.backoff.max.ms = 1000
[2025-07-18T16:06:09.918+0000] {subprocess.py:93} INFO - 	reconnect.backoff.ms = 50
[2025-07-18T16:06:09.918+0000] {subprocess.py:93} INFO - 	request.timeout.ms = 30000
[2025-07-18T16:06:09.918+0000] {subprocess.py:93} INFO - 	retries = 2147483647
[2025-07-18T16:06:09.918+0000] {subprocess.py:93} INFO - 	retry.backoff.ms = 100
[2025-07-18T16:06:09.918+0000] {subprocess.py:93} INFO - 	sasl.client.callback.handler.class = null
[2025-07-18T16:06:09.918+0000] {subprocess.py:93} INFO - 	sasl.jaas.config = null
[2025-07-18T16:06:09.919+0000] {subprocess.py:93} INFO - 	sasl.kerberos.kinit.cmd = /usr/bin/kinit
[2025-07-18T16:06:09.919+0000] {subprocess.py:93} INFO - 	sasl.kerberos.min.time.before.relogin = 60000
[2025-07-18T16:06:09.919+0000] {subprocess.py:93} INFO - 	sasl.kerberos.service.name = null
[2025-07-18T16:06:09.919+0000] {subprocess.py:93} INFO - 	sasl.kerberos.ticket.renew.jitter = 0.05
[2025-07-18T16:06:09.919+0000] {subprocess.py:93} INFO - 	sasl.kerberos.ticket.renew.window.factor = 0.8
[2025-07-18T16:06:09.919+0000] {subprocess.py:93} INFO - 	sasl.login.callback.handler.class = null
[2025-07-18T16:06:09.919+0000] {subprocess.py:93} INFO - 	sasl.login.class = null
[2025-07-18T16:06:09.919+0000] {subprocess.py:93} INFO - 	sasl.login.connect.timeout.ms = null
[2025-07-18T16:06:09.919+0000] {subprocess.py:93} INFO - 	sasl.login.read.timeout.ms = null
[2025-07-18T16:06:09.919+0000] {subprocess.py:93} INFO - 	sasl.login.refresh.buffer.seconds = 300
[2025-07-18T16:06:09.919+0000] {subprocess.py:93} INFO - 	sasl.login.refresh.min.period.seconds = 60
[2025-07-18T16:06:09.920+0000] {subprocess.py:93} INFO - 	sasl.login.refresh.window.factor = 0.8
[2025-07-18T16:06:09.920+0000] {subprocess.py:93} INFO - 	sasl.login.refresh.window.jitter = 0.05
[2025-07-18T16:06:09.920+0000] {subprocess.py:93} INFO - 	sasl.login.retry.backoff.max.ms = 10000
[2025-07-18T16:06:09.920+0000] {subprocess.py:93} INFO - 	sasl.login.retry.backoff.ms = 100
[2025-07-18T16:06:09.920+0000] {subprocess.py:93} INFO - 	sasl.mechanism = GSSAPI
[2025-07-18T16:06:09.920+0000] {subprocess.py:93} INFO - 	sasl.oauthbearer.clock.skew.seconds = 30
[2025-07-18T16:06:09.921+0000] {subprocess.py:93} INFO - 	sasl.oauthbearer.expected.audience = null
[2025-07-18T16:06:09.921+0000] {subprocess.py:93} INFO - 	sasl.oauthbearer.expected.issuer = null
[2025-07-18T16:06:09.921+0000] {subprocess.py:93} INFO - 	sasl.oauthbearer.jwks.endpoint.refresh.ms = 3600000
[2025-07-18T16:06:09.922+0000] {subprocess.py:93} INFO - 	sasl.oauthbearer.jwks.endpoint.retry.backoff.max.ms = 10000
[2025-07-18T16:06:09.922+0000] {subprocess.py:93} INFO - 	sasl.oauthbearer.jwks.endpoint.retry.backoff.ms = 100
[2025-07-18T16:06:09.922+0000] {subprocess.py:93} INFO - 	sasl.oauthbearer.jwks.endpoint.url = null
[2025-07-18T16:06:09.923+0000] {subprocess.py:93} INFO - 	sasl.oauthbearer.scope.claim.name = scope
[2025-07-18T16:06:09.923+0000] {subprocess.py:93} INFO - 	sasl.oauthbearer.sub.claim.name = sub
[2025-07-18T16:06:09.923+0000] {subprocess.py:93} INFO - 	sasl.oauthbearer.token.endpoint.url = null
[2025-07-18T16:06:09.923+0000] {subprocess.py:93} INFO - 	security.protocol = PLAINTEXT
[2025-07-18T16:06:09.924+0000] {subprocess.py:93} INFO - 	security.providers = null
[2025-07-18T16:06:09.924+0000] {subprocess.py:93} INFO - 	send.buffer.bytes = 131072
[2025-07-18T16:06:09.925+0000] {subprocess.py:93} INFO - 	socket.connection.setup.timeout.max.ms = 30000
[2025-07-18T16:06:09.925+0000] {subprocess.py:93} INFO - 	socket.connection.setup.timeout.ms = 10000
[2025-07-18T16:06:09.926+0000] {subprocess.py:93} INFO - 	ssl.cipher.suites = null
[2025-07-18T16:06:09.927+0000] {subprocess.py:93} INFO - 	ssl.enabled.protocols = [TLSv1.2, TLSv1.3]
[2025-07-18T16:06:09.927+0000] {subprocess.py:93} INFO - 	ssl.endpoint.identification.algorithm = https
[2025-07-18T16:06:09.928+0000] {subprocess.py:93} INFO - 	ssl.engine.factory.class = null
[2025-07-18T16:06:09.928+0000] {subprocess.py:93} INFO - 	ssl.key.password = null
[2025-07-18T16:06:09.929+0000] {subprocess.py:93} INFO - 	ssl.keymanager.algorithm = SunX509
[2025-07-18T16:06:09.929+0000] {subprocess.py:93} INFO - 	ssl.keystore.certificate.chain = null
[2025-07-18T16:06:09.929+0000] {subprocess.py:93} INFO - 	ssl.keystore.key = null
[2025-07-18T16:06:09.930+0000] {subprocess.py:93} INFO - 	ssl.keystore.location = null
[2025-07-18T16:06:09.930+0000] {subprocess.py:93} INFO - 	ssl.keystore.password = null
[2025-07-18T16:06:09.930+0000] {subprocess.py:93} INFO - 	ssl.keystore.type = JKS
[2025-07-18T16:06:09.930+0000] {subprocess.py:93} INFO - 	ssl.protocol = TLSv1.3
[2025-07-18T16:06:09.930+0000] {subprocess.py:93} INFO - 	ssl.provider = null
[2025-07-18T16:06:09.930+0000] {subprocess.py:93} INFO - 	ssl.secure.random.implementation = null
[2025-07-18T16:06:09.931+0000] {subprocess.py:93} INFO - 	ssl.trustmanager.algorithm = PKIX
[2025-07-18T16:06:09.931+0000] {subprocess.py:93} INFO - 	ssl.truststore.certificates = null
[2025-07-18T16:06:09.931+0000] {subprocess.py:93} INFO - 	ssl.truststore.location = null
[2025-07-18T16:06:09.931+0000] {subprocess.py:93} INFO - 	ssl.truststore.password = null
[2025-07-18T16:06:09.931+0000] {subprocess.py:93} INFO - 	ssl.truststore.type = JKS
[2025-07-18T16:06:09.932+0000] {subprocess.py:93} INFO - 
[2025-07-18T16:06:09.933+0000] {subprocess.py:93} INFO - 25/07/18 16:06:09 INFO AdminClientConfig: These configurations '[key.deserializer, value.deserializer, enable.auto.commit, max.poll.records, auto.offset.reset]' were supplied but are not used yet.
[2025-07-18T16:06:09.933+0000] {subprocess.py:93} INFO - 25/07/18 16:06:09 INFO AppInfoParser: Kafka version: 3.5.1
[2025-07-18T16:06:09.933+0000] {subprocess.py:93} INFO - 25/07/18 16:06:09 INFO AppInfoParser: Kafka commitId: 2c6fb6c54472e90a
[2025-07-18T16:06:09.934+0000] {subprocess.py:93} INFO - 25/07/18 16:06:09 INFO AppInfoParser: Kafka startTimeMs: 1752854769921
[2025-07-18T16:06:20.105+0000] {subprocess.py:93} INFO - 25/07/18 16:06:20 INFO MicroBatchExecution: Streaming query has been idle and waiting for new data more than 10000 ms.
[2025-07-18T16:06:20.106+0000] {subprocess.py:93} INFO - 25/07/18 16:06:20 INFO MicroBatchExecution: Streaming query has been idle and waiting for new data more than 10000 ms.
[2025-07-18T16:06:20.107+0000] {subprocess.py:93} INFO - 25/07/18 16:06:20 INFO MicroBatchExecution: Streaming query has been idle and waiting for new data more than 10000 ms.
[2025-07-18T16:06:30.113+0000] {subprocess.py:93} INFO - 25/07/18 16:06:30 INFO MicroBatchExecution: Streaming query has been idle and waiting for new data more than 10000 ms.
[2025-07-18T16:06:30.113+0000] {subprocess.py:93} INFO - 25/07/18 16:06:30 INFO MicroBatchExecution: Streaming query has been idle and waiting for new data more than 10000 ms.
[2025-07-18T16:06:30.113+0000] {subprocess.py:93} INFO - 25/07/18 16:06:30 INFO MicroBatchExecution: Streaming query has been idle and waiting for new data more than 10000 ms.
[2025-07-18T16:06:40.114+0000] {subprocess.py:93} INFO - 25/07/18 16:06:40 INFO MicroBatchExecution: Streaming query has been idle and waiting for new data more than 10000 ms.
[2025-07-18T16:06:40.116+0000] {subprocess.py:93} INFO - 25/07/18 16:06:40 INFO MicroBatchExecution: Streaming query has been idle and waiting for new data more than 10000 ms.
[2025-07-18T16:06:40.116+0000] {subprocess.py:93} INFO - 25/07/18 16:06:40 INFO MicroBatchExecution: Streaming query has been idle and waiting for new data more than 10000 ms.
[2025-07-18T16:06:50.122+0000] {subprocess.py:93} INFO - 25/07/18 16:06:50 INFO MicroBatchExecution: Streaming query has been idle and waiting for new data more than 10000 ms.
[2025-07-18T16:06:50.123+0000] {subprocess.py:93} INFO - 25/07/18 16:06:50 INFO MicroBatchExecution: Streaming query has been idle and waiting for new data more than 10000 ms.
[2025-07-18T16:06:50.123+0000] {subprocess.py:93} INFO - 25/07/18 16:06:50 INFO MicroBatchExecution: Streaming query has been idle and waiting for new data more than 10000 ms.
[2025-07-18T16:07:00.133+0000] {subprocess.py:93} INFO - 25/07/18 16:07:00 INFO MicroBatchExecution: Streaming query has been idle and waiting for new data more than 10000 ms.
[2025-07-18T16:07:00.135+0000] {subprocess.py:93} INFO - 25/07/18 16:07:00 INFO MicroBatchExecution: Streaming query has been idle and waiting for new data more than 10000 ms.
[2025-07-18T16:07:00.137+0000] {subprocess.py:93} INFO - 25/07/18 16:07:00 INFO MicroBatchExecution: Streaming query has been idle and waiting for new data more than 10000 ms.
[2025-07-18T16:07:10.134+0000] {subprocess.py:93} INFO - 25/07/18 16:07:10 INFO MicroBatchExecution: Streaming query has been idle and waiting for new data more than 10000 ms.
[2025-07-18T16:07:10.135+0000] {subprocess.py:93} INFO - 25/07/18 16:07:10 INFO MicroBatchExecution: Streaming query has been idle and waiting for new data more than 10000 ms.
[2025-07-18T16:07:10.136+0000] {subprocess.py:93} INFO - 25/07/18 16:07:10 INFO MicroBatchExecution: Streaming query has been idle and waiting for new data more than 10000 ms.
[2025-07-18T16:07:20.141+0000] {subprocess.py:93} INFO - 25/07/18 16:07:20 INFO MicroBatchExecution: Streaming query has been idle and waiting for new data more than 10000 ms.
[2025-07-18T16:07:20.142+0000] {subprocess.py:93} INFO - 25/07/18 16:07:20 INFO MicroBatchExecution: Streaming query has been idle and waiting for new data more than 10000 ms.
[2025-07-18T16:07:20.142+0000] {subprocess.py:93} INFO - 25/07/18 16:07:20 INFO MicroBatchExecution: Streaming query has been idle and waiting for new data more than 10000 ms.
[2025-07-18T16:07:30.154+0000] {subprocess.py:93} INFO - 25/07/18 16:07:30 INFO MicroBatchExecution: Streaming query has been idle and waiting for new data more than 10000 ms.
[2025-07-18T16:07:30.155+0000] {subprocess.py:93} INFO - 25/07/18 16:07:30 INFO MicroBatchExecution: Streaming query has been idle and waiting for new data more than 10000 ms.
[2025-07-18T16:07:30.156+0000] {subprocess.py:93} INFO - 25/07/18 16:07:30 INFO MicroBatchExecution: Streaming query has been idle and waiting for new data more than 10000 ms.
[2025-07-18T16:07:40.159+0000] {subprocess.py:93} INFO - 25/07/18 16:07:40 INFO MicroBatchExecution: Streaming query has been idle and waiting for new data more than 10000 ms.
[2025-07-18T16:07:40.161+0000] {subprocess.py:93} INFO - 25/07/18 16:07:40 INFO MicroBatchExecution: Streaming query has been idle and waiting for new data more than 10000 ms.
[2025-07-18T16:07:40.161+0000] {subprocess.py:93} INFO - 25/07/18 16:07:40 INFO MicroBatchExecution: Streaming query has been idle and waiting for new data more than 10000 ms.
[2025-07-18T16:07:50.167+0000] {subprocess.py:93} INFO - 25/07/18 16:07:50 INFO MicroBatchExecution: Streaming query has been idle and waiting for new data more than 10000 ms.
[2025-07-18T16:07:50.169+0000] {subprocess.py:93} INFO - 25/07/18 16:07:50 INFO MicroBatchExecution: Streaming query has been idle and waiting for new data more than 10000 ms.
[2025-07-18T16:07:50.169+0000] {subprocess.py:93} INFO - 25/07/18 16:07:50 INFO MicroBatchExecution: Streaming query has been idle and waiting for new data more than 10000 ms.
[2025-07-18T16:08:00.180+0000] {subprocess.py:93} INFO - 25/07/18 16:08:00 INFO MicroBatchExecution: Streaming query has been idle and waiting for new data more than 10000 ms.
[2025-07-18T16:08:00.181+0000] {subprocess.py:93} INFO - 25/07/18 16:08:00 INFO MicroBatchExecution: Streaming query has been idle and waiting for new data more than 10000 ms.
[2025-07-18T16:08:00.181+0000] {subprocess.py:93} INFO - 25/07/18 16:08:00 INFO MicroBatchExecution: Streaming query has been idle and waiting for new data more than 10000 ms.
[2025-07-18T16:08:02.589+0000] {subprocess.py:93} INFO - 25/07/18 16:08:02 INFO CheckpointFileManager: Writing atomically to file:/tmp/checkpoints/reservations/default_run/offsets/9 using temp file file:/tmp/checkpoints/reservations/default_run/offsets/.9.d7454b9b-d87b-4b0d-976d-d5b293f911ce.tmp
[2025-07-18T16:08:02.615+0000] {subprocess.py:93} INFO - 25/07/18 16:08:02 WARN CheckpointFileManager: Failed to rename temp file file:/tmp/checkpoints/reservations/default_run/offsets/.9.d7454b9b-d87b-4b0d-976d-d5b293f911ce.tmp to file:/tmp/checkpoints/reservations/default_run/offsets/9 because file exists
[2025-07-18T16:08:02.617+0000] {subprocess.py:93} INFO - org.apache.hadoop.fs.FileAlreadyExistsException: Rename destination file:/tmp/checkpoints/reservations/default_run/offsets/9 already exists.
[2025-07-18T16:08:02.617+0000] {subprocess.py:93} INFO - 	at org.apache.hadoop.fs.AbstractFileSystem.renameInternal(AbstractFileSystem.java:770)
[2025-07-18T16:08:02.618+0000] {subprocess.py:93} INFO - 	at org.apache.hadoop.fs.AbstractFileSystem.rename(AbstractFileSystem.java:720)
[2025-07-18T16:08:02.618+0000] {subprocess.py:93} INFO - 	at org.apache.hadoop.fs.ChecksumFs.renameInternal(ChecksumFs.java:489)
[2025-07-18T16:08:02.619+0000] {subprocess.py:93} INFO - 	at org.apache.hadoop.fs.AbstractFileSystem.rename(AbstractFileSystem.java:720)
[2025-07-18T16:08:02.620+0000] {subprocess.py:93} INFO - 	at org.apache.hadoop.fs.FileContext.rename(FileContext.java:1036)
[2025-07-18T16:08:02.621+0000] {subprocess.py:93} INFO - 	at org.apache.spark.sql.execution.streaming.FileContextBasedCheckpointFileManager.renameTempFile(CheckpointFileManager.scala:372)
[2025-07-18T16:08:02.622+0000] {subprocess.py:93} INFO - 	at org.apache.spark.sql.execution.streaming.CheckpointFileManager$RenameBasedFSDataOutputStream.close(CheckpointFileManager.scala:154)
[2025-07-18T16:08:02.623+0000] {subprocess.py:93} INFO - 	at org.apache.spark.sql.execution.streaming.HDFSMetadataLog.write(HDFSMetadataLog.scala:204)
[2025-07-18T16:08:02.624+0000] {subprocess.py:93} INFO - 	at org.apache.spark.sql.execution.streaming.HDFSMetadataLog.addNewBatchByStream(HDFSMetadataLog.scala:237)
[2025-07-18T16:08:02.624+0000] {subprocess.py:93} INFO - 	at org.apache.spark.sql.execution.streaming.HDFSMetadataLog.add(HDFSMetadataLog.scala:130)
[2025-07-18T16:08:02.625+0000] {subprocess.py:93} INFO - 	at org.apache.spark.sql.execution.streaming.MicroBatchExecution.markMicroBatchStart(MicroBatchExecution.scala:764)
[2025-07-18T16:08:02.627+0000] {subprocess.py:93} INFO - 	at org.apache.spark.sql.execution.streaming.MicroBatchExecution.$anonfun$constructNextBatch$13(MicroBatchExecution.scala:536)
[2025-07-18T16:08:02.628+0000] {subprocess.py:93} INFO - 	at scala.runtime.java8.JFunction0$mcV$sp.apply(JFunction0$mcV$sp.java:23)
[2025-07-18T16:08:02.628+0000] {subprocess.py:93} INFO - 	at org.apache.spark.sql.execution.streaming.ProgressReporter.reportTimeTaken(ProgressReporter.scala:427)
[2025-07-18T16:08:02.629+0000] {subprocess.py:93} INFO - 	at org.apache.spark.sql.execution.streaming.ProgressReporter.reportTimeTaken$(ProgressReporter.scala:425)
[2025-07-18T16:08:02.629+0000] {subprocess.py:93} INFO - 	at org.apache.spark.sql.execution.streaming.StreamExecution.reportTimeTaken(StreamExecution.scala:67)
[2025-07-18T16:08:02.629+0000] {subprocess.py:93} INFO - 	at org.apache.spark.sql.execution.streaming.MicroBatchExecution.$anonfun$constructNextBatch$1(MicroBatchExecution.scala:535)
[2025-07-18T16:08:02.629+0000] {subprocess.py:93} INFO - 	at scala.runtime.java8.JFunction0$mcZ$sp.apply(JFunction0$mcZ$sp.java:23)
[2025-07-18T16:08:02.630+0000] {subprocess.py:93} INFO - 	at org.apache.spark.sql.execution.streaming.MicroBatchExecution.withProgressLocked(MicroBatchExecution.scala:810)
[2025-07-18T16:08:02.630+0000] {subprocess.py:93} INFO - 	at org.apache.spark.sql.execution.streaming.MicroBatchExecution.constructNextBatch(MicroBatchExecution.scala:475)
[2025-07-18T16:08:02.630+0000] {subprocess.py:93} INFO - 	at org.apache.spark.sql.execution.streaming.MicroBatchExecution.$anonfun$runActivatedStream$2(MicroBatchExecution.scala:268)
[2025-07-18T16:08:02.631+0000] {subprocess.py:93} INFO - 	at scala.runtime.java8.JFunction0$mcV$sp.apply(JFunction0$mcV$sp.java:23)
[2025-07-18T16:08:02.631+0000] {subprocess.py:93} INFO - 	at org.apache.spark.sql.execution.streaming.ProgressReporter.reportTimeTaken(ProgressReporter.scala:427)
[2025-07-18T16:08:02.631+0000] {subprocess.py:93} INFO - 	at org.apache.spark.sql.execution.streaming.ProgressReporter.reportTimeTaken$(ProgressReporter.scala:425)
[2025-07-18T16:08:02.632+0000] {subprocess.py:93} INFO - 	at org.apache.spark.sql.execution.streaming.StreamExecution.reportTimeTaken(StreamExecution.scala:67)
[2025-07-18T16:08:02.632+0000] {subprocess.py:93} INFO - 	at org.apache.spark.sql.execution.streaming.MicroBatchExecution.$anonfun$runActivatedStream$1(MicroBatchExecution.scala:249)
[2025-07-18T16:08:02.632+0000] {subprocess.py:93} INFO - 	at org.apache.spark.sql.execution.streaming.ProcessingTimeExecutor.execute(TriggerExecutor.scala:67)
[2025-07-18T16:08:02.633+0000] {subprocess.py:93} INFO - 	at org.apache.spark.sql.execution.streaming.MicroBatchExecution.runActivatedStream(MicroBatchExecution.scala:239)
[2025-07-18T16:08:02.634+0000] {subprocess.py:93} INFO - 	at org.apache.spark.sql.execution.streaming.StreamExecution.$anonfun$runStream$1(StreamExecution.scala:311)
[2025-07-18T16:08:02.636+0000] {subprocess.py:93} INFO - 	at scala.runtime.java8.JFunction0$mcV$sp.apply(JFunction0$mcV$sp.java:23)
[2025-07-18T16:08:02.637+0000] {subprocess.py:93} INFO - 	at org.apache.spark.sql.SparkSession.withActive(SparkSession.scala:900)
[2025-07-18T16:08:02.641+0000] {subprocess.py:93} INFO - 	at org.apache.spark.sql.execution.streaming.StreamExecution.org$apache$spark$sql$execution$streaming$StreamExecution$$runStream(StreamExecution.scala:289)
[2025-07-18T16:08:02.644+0000] {subprocess.py:93} INFO - 	at org.apache.spark.sql.execution.streaming.StreamExecution$$anon$1.$anonfun$run$1(StreamExecution.scala:211)
[2025-07-18T16:08:02.648+0000] {subprocess.py:93} INFO - 	at scala.runtime.java8.JFunction0$mcV$sp.apply(JFunction0$mcV$sp.java:23)
[2025-07-18T16:08:02.650+0000] {subprocess.py:93} INFO - 	at org.apache.spark.JobArtifactSet$.withActiveJobArtifactState(JobArtifactSet.scala:94)
[2025-07-18T16:08:02.651+0000] {subprocess.py:93} INFO - 	at org.apache.spark.sql.execution.streaming.StreamExecution$$anon$1.run(StreamExecution.scala:211)
[2025-07-18T16:08:03.182+0000] {subprocess.py:93} INFO - 25/07/18 16:08:03 INFO CheckpointFileManager: Writing atomically to file:/tmp/checkpoints/checkins/default_run/offsets/9 using temp file file:/tmp/checkpoints/checkins/default_run/offsets/.9.489023f9-71e9-46bd-bf95-f22ddf654f35.tmp
[2025-07-18T16:08:03.218+0000] {subprocess.py:93} INFO - 25/07/18 16:08:03 WARN CheckpointFileManager: Failed to rename temp file file:/tmp/checkpoints/checkins/default_run/offsets/.9.489023f9-71e9-46bd-bf95-f22ddf654f35.tmp to file:/tmp/checkpoints/checkins/default_run/offsets/9 because file exists
[2025-07-18T16:08:03.219+0000] {subprocess.py:93} INFO - org.apache.hadoop.fs.FileAlreadyExistsException: Rename destination file:/tmp/checkpoints/checkins/default_run/offsets/9 already exists.
[2025-07-18T16:08:03.222+0000] {subprocess.py:93} INFO - 	at org.apache.hadoop.fs.AbstractFileSystem.renameInternal(AbstractFileSystem.java:770)
[2025-07-18T16:08:03.222+0000] {subprocess.py:93} INFO - 	at org.apache.hadoop.fs.AbstractFileSystem.rename(AbstractFileSystem.java:720)
[2025-07-18T16:08:03.223+0000] {subprocess.py:93} INFO - 	at org.apache.hadoop.fs.ChecksumFs.renameInternal(ChecksumFs.java:489)
[2025-07-18T16:08:03.223+0000] {subprocess.py:93} INFO - 	at org.apache.hadoop.fs.AbstractFileSystem.rename(AbstractFileSystem.java:720)
[2025-07-18T16:08:03.224+0000] {subprocess.py:93} INFO - 	at org.apache.hadoop.fs.FileContext.rename(FileContext.java:1036)
[2025-07-18T16:08:03.226+0000] {subprocess.py:93} INFO - 	at org.apache.spark.sql.execution.streaming.FileContextBasedCheckpointFileManager.renameTempFile(CheckpointFileManager.scala:372)
[2025-07-18T16:08:03.229+0000] {subprocess.py:93} INFO - 	at org.apache.spark.sql.execution.streaming.CheckpointFileManager$RenameBasedFSDataOutputStream.close(CheckpointFileManager.scala:154)
[2025-07-18T16:08:03.232+0000] {subprocess.py:93} INFO - 	at org.apache.spark.sql.execution.streaming.HDFSMetadataLog.write(HDFSMetadataLog.scala:204)
[2025-07-18T16:08:03.234+0000] {subprocess.py:93} INFO - 	at org.apache.spark.sql.execution.streaming.HDFSMetadataLog.addNewBatchByStream(HDFSMetadataLog.scala:237)
[2025-07-18T16:08:03.237+0000] {subprocess.py:93} INFO - 	at org.apache.spark.sql.execution.streaming.HDFSMetadataLog.add(HDFSMetadataLog.scala:130)
[2025-07-18T16:08:03.239+0000] {subprocess.py:93} INFO - 	at org.apache.spark.sql.execution.streaming.MicroBatchExecution.markMicroBatchStart(MicroBatchExecution.scala:764)
[2025-07-18T16:08:03.241+0000] {subprocess.py:93} INFO - 	at org.apache.spark.sql.execution.streaming.MicroBatchExecution.$anonfun$constructNextBatch$13(MicroBatchExecution.scala:536)
[2025-07-18T16:08:03.243+0000] {subprocess.py:93} INFO - 	at scala.runtime.java8.JFunction0$mcV$sp.apply(JFunction0$mcV$sp.java:23)
[2025-07-18T16:08:03.244+0000] {subprocess.py:93} INFO - 	at org.apache.spark.sql.execution.streaming.ProgressReporter.reportTimeTaken(ProgressReporter.scala:427)
[2025-07-18T16:08:03.247+0000] {subprocess.py:93} INFO - 	at org.apache.spark.sql.execution.streaming.ProgressReporter.reportTimeTaken$(ProgressReporter.scala:425)
[2025-07-18T16:08:03.248+0000] {subprocess.py:93} INFO - 	at org.apache.spark.sql.execution.streaming.StreamExecution.reportTimeTaken(StreamExecution.scala:67)
[2025-07-18T16:08:03.249+0000] {subprocess.py:93} INFO - 	at org.apache.spark.sql.execution.streaming.MicroBatchExecution.$anonfun$constructNextBatch$1(MicroBatchExecution.scala:535)
[2025-07-18T16:08:03.250+0000] {subprocess.py:93} INFO - 	at scala.runtime.java8.JFunction0$mcZ$sp.apply(JFunction0$mcZ$sp.java:23)
[2025-07-18T16:08:03.250+0000] {subprocess.py:93} INFO - 	at org.apache.spark.sql.execution.streaming.MicroBatchExecution.withProgressLocked(MicroBatchExecution.scala:810)
[2025-07-18T16:08:03.251+0000] {subprocess.py:93} INFO - 	at org.apache.spark.sql.execution.streaming.MicroBatchExecution.constructNextBatch(MicroBatchExecution.scala:475)
[2025-07-18T16:08:03.251+0000] {subprocess.py:93} INFO - 	at org.apache.spark.sql.execution.streaming.MicroBatchExecution.$anonfun$runActivatedStream$2(MicroBatchExecution.scala:268)
[2025-07-18T16:08:03.252+0000] {subprocess.py:93} INFO - 	at scala.runtime.java8.JFunction0$mcV$sp.apply(JFunction0$mcV$sp.java:23)
[2025-07-18T16:08:03.252+0000] {subprocess.py:93} INFO - 	at org.apache.spark.sql.execution.streaming.ProgressReporter.reportTimeTaken(ProgressReporter.scala:427)
[2025-07-18T16:08:03.254+0000] {subprocess.py:93} INFO - 	at org.apache.spark.sql.execution.streaming.ProgressReporter.reportTimeTaken$(ProgressReporter.scala:425)
[2025-07-18T16:08:03.255+0000] {subprocess.py:93} INFO - 	at org.apache.spark.sql.execution.streaming.StreamExecution.reportTimeTaken(StreamExecution.scala:67)
[2025-07-18T16:08:03.255+0000] {subprocess.py:93} INFO - 	at org.apache.spark.sql.execution.streaming.MicroBatchExecution.$anonfun$runActivatedStream$1(MicroBatchExecution.scala:249)
[2025-07-18T16:08:03.255+0000] {subprocess.py:93} INFO - 	at org.apache.spark.sql.execution.streaming.ProcessingTimeExecutor.execute(TriggerExecutor.scala:67)
[2025-07-18T16:08:03.256+0000] {subprocess.py:93} INFO - 	at org.apache.spark.sql.execution.streaming.MicroBatchExecution.runActivatedStream(MicroBatchExecution.scala:239)
[2025-07-18T16:08:03.256+0000] {subprocess.py:93} INFO - 	at org.apache.spark.sql.execution.streaming.StreamExecution.$anonfun$runStream$1(StreamExecution.scala:311)
[2025-07-18T16:08:03.256+0000] {subprocess.py:93} INFO - 	at scala.runtime.java8.JFunction0$mcV$sp.apply(JFunction0$mcV$sp.java:23)
[2025-07-18T16:08:03.257+0000] {subprocess.py:93} INFO - 	at org.apache.spark.sql.SparkSession.withActive(SparkSession.scala:900)
[2025-07-18T16:08:03.257+0000] {subprocess.py:93} INFO - 	at org.apache.spark.sql.execution.streaming.StreamExecution.org$apache$spark$sql$execution$streaming$StreamExecution$$runStream(StreamExecution.scala:289)
[2025-07-18T16:08:03.257+0000] {subprocess.py:93} INFO - 	at org.apache.spark.sql.execution.streaming.StreamExecution$$anon$1.$anonfun$run$1(StreamExecution.scala:211)
[2025-07-18T16:08:03.258+0000] {subprocess.py:93} INFO - 	at scala.runtime.java8.JFunction0$mcV$sp.apply(JFunction0$mcV$sp.java:23)
[2025-07-18T16:08:03.258+0000] {subprocess.py:93} INFO - 	at org.apache.spark.JobArtifactSet$.withActiveJobArtifactState(JobArtifactSet.scala:94)
[2025-07-18T16:08:03.258+0000] {subprocess.py:93} INFO - 	at org.apache.spark.sql.execution.streaming.StreamExecution$$anon$1.run(StreamExecution.scala:211)
[2025-07-18T16:08:03.259+0000] {subprocess.py:93} INFO - 25/07/18 16:08:03 ERROR MicroBatchExecution: Query [id = da45822c-7a70-47a7-99cb-ba87a561e088, runId = 5bca0599-7d82-488c-b7fa-e2cf675732ed] terminated with error
[2025-07-18T16:08:03.260+0000] {subprocess.py:93} INFO - org.apache.spark.SparkConcurrentModificationException: Multiple streaming queries are concurrently using file:/tmp/checkpoints/checkins/default_run/offsets.
[2025-07-18T16:08:03.263+0000] {subprocess.py:93} INFO - 	at org.apache.spark.sql.errors.QueryExecutionErrors$.multiStreamingQueriesUsingPathConcurrentlyError(QueryExecutionErrors.scala:1858)
[2025-07-18T16:08:03.267+0000] {subprocess.py:93} INFO - 	at org.apache.spark.sql.execution.streaming.HDFSMetadataLog.write(HDFSMetadataLog.scala:210)
[2025-07-18T16:08:03.268+0000] {subprocess.py:93} INFO - 	at org.apache.spark.sql.execution.streaming.HDFSMetadataLog.addNewBatchByStream(HDFSMetadataLog.scala:237)
[2025-07-18T16:08:03.268+0000] {subprocess.py:93} INFO - 	at org.apache.spark.sql.execution.streaming.HDFSMetadataLog.add(HDFSMetadataLog.scala:130)
[2025-07-18T16:08:03.269+0000] {subprocess.py:93} INFO - 	at org.apache.spark.sql.execution.streaming.MicroBatchExecution.markMicroBatchStart(MicroBatchExecution.scala:764)
[2025-07-18T16:08:03.269+0000] {subprocess.py:93} INFO - 	at org.apache.spark.sql.execution.streaming.MicroBatchExecution.$anonfun$constructNextBatch$13(MicroBatchExecution.scala:536)
[2025-07-18T16:08:03.271+0000] {subprocess.py:93} INFO - 	at scala.runtime.java8.JFunction0$mcV$sp.apply(JFunction0$mcV$sp.java:23)
[2025-07-18T16:08:03.271+0000] {subprocess.py:93} INFO - 	at org.apache.spark.sql.execution.streaming.ProgressReporter.reportTimeTaken(ProgressReporter.scala:427)
[2025-07-18T16:08:03.272+0000] {subprocess.py:93} INFO - 	at org.apache.spark.sql.execution.streaming.ProgressReporter.reportTimeTaken$(ProgressReporter.scala:425)
[2025-07-18T16:08:03.272+0000] {subprocess.py:93} INFO - 	at org.apache.spark.sql.execution.streaming.StreamExecution.reportTimeTaken(StreamExecution.scala:67)
[2025-07-18T16:08:03.272+0000] {subprocess.py:93} INFO - 	at org.apache.spark.sql.execution.streaming.MicroBatchExecution.$anonfun$constructNextBatch$1(MicroBatchExecution.scala:535)
[2025-07-18T16:08:03.273+0000] {subprocess.py:93} INFO - 	at scala.runtime.java8.JFunction0$mcZ$sp.apply(JFunction0$mcZ$sp.java:23)
[2025-07-18T16:08:03.273+0000] {subprocess.py:93} INFO - 	at org.apache.spark.sql.execution.streaming.MicroBatchExecution.withProgressLocked(MicroBatchExecution.scala:810)
[2025-07-18T16:08:03.273+0000] {subprocess.py:93} INFO - 	at org.apache.spark.sql.execution.streaming.MicroBatchExecution.constructNextBatch(MicroBatchExecution.scala:475)
[2025-07-18T16:08:03.274+0000] {subprocess.py:93} INFO - 	at org.apache.spark.sql.execution.streaming.MicroBatchExecution.$anonfun$runActivatedStream$2(MicroBatchExecution.scala:268)
[2025-07-18T16:08:03.274+0000] {subprocess.py:93} INFO - 	at scala.runtime.java8.JFunction0$mcV$sp.apply(JFunction0$mcV$sp.java:23)
[2025-07-18T16:08:03.275+0000] {subprocess.py:93} INFO - 	at org.apache.spark.sql.execution.streaming.ProgressReporter.reportTimeTaken(ProgressReporter.scala:427)
[2025-07-18T16:08:03.275+0000] {subprocess.py:93} INFO - 	at org.apache.spark.sql.execution.streaming.ProgressReporter.reportTimeTaken$(ProgressReporter.scala:425)
[2025-07-18T16:08:03.275+0000] {subprocess.py:93} INFO - 	at org.apache.spark.sql.execution.streaming.StreamExecution.reportTimeTaken(StreamExecution.scala:67)
[2025-07-18T16:08:03.276+0000] {subprocess.py:93} INFO - 	at org.apache.spark.sql.execution.streaming.MicroBatchExecution.$anonfun$runActivatedStream$1(MicroBatchExecution.scala:249)
[2025-07-18T16:08:03.276+0000] {subprocess.py:93} INFO - 	at org.apache.spark.sql.execution.streaming.ProcessingTimeExecutor.execute(TriggerExecutor.scala:67)
[2025-07-18T16:08:03.276+0000] {subprocess.py:93} INFO - 	at org.apache.spark.sql.execution.streaming.MicroBatchExecution.runActivatedStream(MicroBatchExecution.scala:239)
[2025-07-18T16:08:03.277+0000] {subprocess.py:93} INFO - 	at org.apache.spark.sql.execution.streaming.StreamExecution.$anonfun$runStream$1(StreamExecution.scala:311)
[2025-07-18T16:08:03.277+0000] {subprocess.py:93} INFO - 	at scala.runtime.java8.JFunction0$mcV$sp.apply(JFunction0$mcV$sp.java:23)
[2025-07-18T16:08:03.277+0000] {subprocess.py:93} INFO - 	at org.apache.spark.sql.SparkSession.withActive(SparkSession.scala:900)
[2025-07-18T16:08:03.278+0000] {subprocess.py:93} INFO - 	at org.apache.spark.sql.execution.streaming.StreamExecution.org$apache$spark$sql$execution$streaming$StreamExecution$$runStream(StreamExecution.scala:289)
[2025-07-18T16:08:03.280+0000] {subprocess.py:93} INFO - 	at org.apache.spark.sql.execution.streaming.StreamExecution$$anon$1.$anonfun$run$1(StreamExecution.scala:211)
[2025-07-18T16:08:03.281+0000] {subprocess.py:93} INFO - 	at scala.runtime.java8.JFunction0$mcV$sp.apply(JFunction0$mcV$sp.java:23)
[2025-07-18T16:08:03.283+0000] {subprocess.py:93} INFO - 	at org.apache.spark.JobArtifactSet$.withActiveJobArtifactState(JobArtifactSet.scala:94)
[2025-07-18T16:08:03.284+0000] {subprocess.py:93} INFO - 	at org.apache.spark.sql.execution.streaming.StreamExecution$$anon$1.run(StreamExecution.scala:211)
[2025-07-18T16:08:03.290+0000] {subprocess.py:93} INFO - Caused by: org.apache.hadoop.fs.FileAlreadyExistsException: Rename destination file:/tmp/checkpoints/checkins/default_run/offsets/9 already exists.
[2025-07-18T16:08:03.290+0000] {subprocess.py:93} INFO - 	at org.apache.hadoop.fs.AbstractFileSystem.renameInternal(AbstractFileSystem.java:770)
[2025-07-18T16:08:03.291+0000] {subprocess.py:93} INFO - 	at org.apache.hadoop.fs.AbstractFileSystem.rename(AbstractFileSystem.java:720)
[2025-07-18T16:08:03.291+0000] {subprocess.py:93} INFO - 	at org.apache.hadoop.fs.ChecksumFs.renameInternal(ChecksumFs.java:489)
[2025-07-18T16:08:03.292+0000] {subprocess.py:93} INFO - 	at org.apache.hadoop.fs.AbstractFileSystem.rename(AbstractFileSystem.java:720)
[2025-07-18T16:08:03.292+0000] {subprocess.py:93} INFO - 	at org.apache.hadoop.fs.FileContext.rename(FileContext.java:1036)
[2025-07-18T16:08:03.292+0000] {subprocess.py:93} INFO - 	at org.apache.spark.sql.execution.streaming.FileContextBasedCheckpointFileManager.renameTempFile(CheckpointFileManager.scala:372)
[2025-07-18T16:08:03.293+0000] {subprocess.py:93} INFO - 	at org.apache.spark.sql.execution.streaming.CheckpointFileManager$RenameBasedFSDataOutputStream.close(CheckpointFileManager.scala:154)
[2025-07-18T16:08:03.294+0000] {subprocess.py:93} INFO - 	at org.apache.spark.sql.execution.streaming.HDFSMetadataLog.write(HDFSMetadataLog.scala:204)
[2025-07-18T16:08:03.294+0000] {subprocess.py:93} INFO - 	... 28 more
[2025-07-18T16:08:03.294+0000] {subprocess.py:93} INFO - 25/07/18 16:08:03 ERROR MicroBatchExecution: Query [id = e996b82a-5589-44f5-8cfc-d468442c9d9b, runId = 28edde46-0d4b-42e6-bc81-b0269de061cd] terminated with error
[2025-07-18T16:08:03.295+0000] {subprocess.py:93} INFO - org.apache.spark.SparkConcurrentModificationException: Multiple streaming queries are concurrently using file:/tmp/checkpoints/reservations/default_run/offsets.
[2025-07-18T16:08:03.296+0000] {subprocess.py:93} INFO - 	at org.apache.spark.sql.errors.QueryExecutionErrors$.multiStreamingQueriesUsingPathConcurrentlyError(QueryExecutionErrors.scala:1858)
[2025-07-18T16:08:03.297+0000] {subprocess.py:93} INFO - 	at org.apache.spark.sql.execution.streaming.HDFSMetadataLog.write(HDFSMetadataLog.scala:210)
[2025-07-18T16:08:03.297+0000] {subprocess.py:93} INFO - 	at org.apache.spark.sql.execution.streaming.HDFSMetadataLog.addNewBatchByStream(HDFSMetadataLog.scala:237)
[2025-07-18T16:08:03.297+0000] {subprocess.py:93} INFO - 	at org.apache.spark.sql.execution.streaming.HDFSMetadataLog.add(HDFSMetadataLog.scala:130)
[2025-07-18T16:08:03.298+0000] {subprocess.py:93} INFO - 	at org.apache.spark.sql.execution.streaming.MicroBatchExecution.markMicroBatchStart(MicroBatchExecution.scala:764)
[2025-07-18T16:08:03.298+0000] {subprocess.py:93} INFO - 	at org.apache.spark.sql.execution.streaming.MicroBatchExecution.$anonfun$constructNextBatch$13(MicroBatchExecution.scala:536)
[2025-07-18T16:08:03.298+0000] {subprocess.py:93} INFO - 	at scala.runtime.java8.JFunction0$mcV$sp.apply(JFunction0$mcV$sp.java:23)
[2025-07-18T16:08:03.299+0000] {subprocess.py:93} INFO - 	at org.apache.spark.sql.execution.streaming.ProgressReporter.reportTimeTaken(ProgressReporter.scala:427)
[2025-07-18T16:08:03.299+0000] {subprocess.py:93} INFO - 	at org.apache.spark.sql.execution.streaming.ProgressReporter.reportTimeTaken$(ProgressReporter.scala:425)
[2025-07-18T16:08:03.300+0000] {subprocess.py:93} INFO - 	at org.apache.spark.sql.execution.streaming.StreamExecution.reportTimeTaken(StreamExecution.scala:67)
[2025-07-18T16:08:03.300+0000] {subprocess.py:93} INFO - 	at org.apache.spark.sql.execution.streaming.MicroBatchExecution.$anonfun$constructNextBatch$1(MicroBatchExecution.scala:535)
[2025-07-18T16:08:03.301+0000] {subprocess.py:93} INFO - 	at scala.runtime.java8.JFunction0$mcZ$sp.apply(JFunction0$mcZ$sp.java:23)
[2025-07-18T16:08:03.301+0000] {subprocess.py:93} INFO - 	at org.apache.spark.sql.execution.streaming.MicroBatchExecution.withProgressLocked(MicroBatchExecution.scala:810)
[2025-07-18T16:08:03.302+0000] {subprocess.py:93} INFO - 	at org.apache.spark.sql.execution.streaming.MicroBatchExecution.constructNextBatch(MicroBatchExecution.scala:475)
[2025-07-18T16:08:03.302+0000] {subprocess.py:93} INFO - 	at org.apache.spark.sql.execution.streaming.MicroBatchExecution.$anonfun$runActivatedStream$2(MicroBatchExecution.scala:268)
[2025-07-18T16:08:03.303+0000] {subprocess.py:93} INFO - 	at scala.runtime.java8.JFunction0$mcV$sp.apply(JFunction0$mcV$sp.java:23)
[2025-07-18T16:08:03.303+0000] {subprocess.py:93} INFO - 	at org.apache.spark.sql.execution.streaming.ProgressReporter.reportTimeTaken(ProgressReporter.scala:427)
[2025-07-18T16:08:03.304+0000] {subprocess.py:93} INFO - 	at org.apache.spark.sql.execution.streaming.ProgressReporter.reportTimeTaken$(ProgressReporter.scala:425)
[2025-07-18T16:08:03.304+0000] {subprocess.py:93} INFO - 	at org.apache.spark.sql.execution.streaming.StreamExecution.reportTimeTaken(StreamExecution.scala:67)
[2025-07-18T16:08:03.305+0000] {subprocess.py:93} INFO - 	at org.apache.spark.sql.execution.streaming.MicroBatchExecution.$anonfun$runActivatedStream$1(MicroBatchExecution.scala:249)
[2025-07-18T16:08:03.305+0000] {subprocess.py:93} INFO - 	at org.apache.spark.sql.execution.streaming.ProcessingTimeExecutor.execute(TriggerExecutor.scala:67)
[2025-07-18T16:08:03.305+0000] {subprocess.py:93} INFO - 	at org.apache.spark.sql.execution.streaming.MicroBatchExecution.runActivatedStream(MicroBatchExecution.scala:239)
[2025-07-18T16:08:03.306+0000] {subprocess.py:93} INFO - 	at org.apache.spark.sql.execution.streaming.StreamExecution.$anonfun$runStream$1(StreamExecution.scala:311)
[2025-07-18T16:08:03.308+0000] {subprocess.py:93} INFO - 	at scala.runtime.java8.JFunction0$mcV$sp.apply(JFunction0$mcV$sp.java:23)
[2025-07-18T16:08:03.309+0000] {subprocess.py:93} INFO - 	at org.apache.spark.sql.SparkSession.withActive(SparkSession.scala:900)
[2025-07-18T16:08:03.310+0000] {subprocess.py:93} INFO - 	at org.apache.spark.sql.execution.streaming.StreamExecution.org$apache$spark$sql$execution$streaming$StreamExecution$$runStream(StreamExecution.scala:289)
[2025-07-18T16:08:03.311+0000] {subprocess.py:93} INFO - 	at org.apache.spark.sql.execution.streaming.StreamExecution$$anon$1.$anonfun$run$1(StreamExecution.scala:211)
[2025-07-18T16:08:03.312+0000] {subprocess.py:93} INFO - 	at scala.runtime.java8.JFunction0$mcV$sp.apply(JFunction0$mcV$sp.java:23)
[2025-07-18T16:08:03.312+0000] {subprocess.py:93} INFO - 	at org.apache.spark.JobArtifactSet$.withActiveJobArtifactState(JobArtifactSet.scala:94)
[2025-07-18T16:08:03.313+0000] {subprocess.py:93} INFO - 	at org.apache.spark.sql.execution.streaming.StreamExecution$$anon$1.run(StreamExecution.scala:211)
[2025-07-18T16:08:03.313+0000] {subprocess.py:93} INFO - Caused by: org.apache.hadoop.fs.FileAlreadyExistsException: Rename destination file:/tmp/checkpoints/reservations/default_run/offsets/9 already exists.
[2025-07-18T16:08:03.314+0000] {subprocess.py:93} INFO - 	at org.apache.hadoop.fs.AbstractFileSystem.renameInternal(AbstractFileSystem.java:770)
[2025-07-18T16:08:03.315+0000] {subprocess.py:93} INFO - 	at org.apache.hadoop.fs.AbstractFileSystem.rename(AbstractFileSystem.java:720)
[2025-07-18T16:08:03.316+0000] {subprocess.py:93} INFO - 	at org.apache.hadoop.fs.ChecksumFs.renameInternal(ChecksumFs.java:489)
[2025-07-18T16:08:03.316+0000] {subprocess.py:93} INFO - 	at org.apache.hadoop.fs.AbstractFileSystem.rename(AbstractFileSystem.java:720)
[2025-07-18T16:08:03.317+0000] {subprocess.py:93} INFO - 	at org.apache.hadoop.fs.FileContext.rename(FileContext.java:1036)
[2025-07-18T16:08:03.317+0000] {subprocess.py:93} INFO - 	at org.apache.spark.sql.execution.streaming.FileContextBasedCheckpointFileManager.renameTempFile(CheckpointFileManager.scala:372)
[2025-07-18T16:08:03.318+0000] {subprocess.py:93} INFO - 	at org.apache.spark.sql.execution.streaming.CheckpointFileManager$RenameBasedFSDataOutputStream.close(CheckpointFileManager.scala:154)
[2025-07-18T16:08:03.318+0000] {subprocess.py:93} INFO - 	at org.apache.spark.sql.execution.streaming.HDFSMetadataLog.write(HDFSMetadataLog.scala:204)
[2025-07-18T16:08:03.318+0000] {subprocess.py:93} INFO - 	... 28 more
[2025-07-18T16:08:03.319+0000] {subprocess.py:93} INFO - 25/07/18 16:08:03 INFO AppInfoParser: App info kafka.admin.client for adminclient-2 unregistered
[2025-07-18T16:08:03.320+0000] {subprocess.py:93} INFO - 25/07/18 16:08:03 INFO AppInfoParser: App info kafka.admin.client for adminclient-1 unregistered
[2025-07-18T16:08:03.320+0000] {subprocess.py:93} INFO - 25/07/18 16:08:03 INFO Metrics: Metrics scheduler closed
[2025-07-18T16:08:03.320+0000] {subprocess.py:93} INFO - 25/07/18 16:08:03 INFO Metrics: Closing reporter org.apache.kafka.common.metrics.JmxReporter
[2025-07-18T16:08:03.321+0000] {subprocess.py:93} INFO - 25/07/18 16:08:03 INFO Metrics: Metrics reporters closed
[2025-07-18T16:08:03.321+0000] {subprocess.py:93} INFO - 25/07/18 16:08:03 INFO Metrics: Metrics scheduler closed
[2025-07-18T16:08:03.322+0000] {subprocess.py:93} INFO - 25/07/18 16:08:03 INFO MicroBatchExecution: Async log purge executor pool for query [id = da45822c-7a70-47a7-99cb-ba87a561e088, runId = 5bca0599-7d82-488c-b7fa-e2cf675732ed] has been shutdown
[2025-07-18T16:08:03.322+0000] {subprocess.py:93} INFO - 25/07/18 16:08:03 INFO Metrics: Closing reporter org.apache.kafka.common.metrics.JmxReporter
[2025-07-18T16:08:03.323+0000] {subprocess.py:93} INFO - 25/07/18 16:08:03 INFO Metrics: Metrics reporters closed
[2025-07-18T16:08:03.323+0000] {subprocess.py:93} INFO - 25/07/18 16:08:03 INFO MicroBatchExecution: Async log purge executor pool for query [id = e996b82a-5589-44f5-8cfc-d468442c9d9b, runId = 28edde46-0d4b-42e6-bc81-b0269de061cd] has been shutdown
[2025-07-18T16:08:03.402+0000] {subprocess.py:93} INFO - Traceback (most recent call last):
[2025-07-18T16:08:03.404+0000] {subprocess.py:93} INFO -   File "/home/iceberg/spark/stream_to_bronze.py", line 97, in <module>
[2025-07-18T16:08:03.409+0000] {subprocess.py:93} INFO -     spark.streams.awaitAnyTermination()
[2025-07-18T16:08:03.410+0000] {subprocess.py:93} INFO -   File "/opt/bitnami/spark/python/lib/pyspark.zip/pyspark/sql/streaming/query.py", line 596, in awaitAnyTermination
[2025-07-18T16:08:03.412+0000] {subprocess.py:93} INFO -   File "/opt/bitnami/spark/python/lib/py4j-0.10.9.7-src.zip/py4j/java_gateway.py", line 1322, in __call__
[2025-07-18T16:08:03.415+0000] {subprocess.py:93} INFO -   File "/opt/bitnami/spark/python/lib/pyspark.zip/pyspark/errors/exceptions/captured.py", line 185, in deco
[2025-07-18T16:08:03.426+0000] {subprocess.py:93} INFO - pyspark.errors.exceptions.captured.StreamingQueryException: [STREAM_FAILED] Query [id = e996b82a-5589-44f5-8cfc-d468442c9d9b, runId = 28edde46-0d4b-42e6-bc81-b0269de061cd] terminated with exception: Multiple streaming queries are concurrently using file:/tmp/checkpoints/reservations/default_run/offsets.
[2025-07-18T16:08:03.482+0000] {subprocess.py:93} INFO - 25/07/18 16:08:03 INFO SparkContext: Invoking stop() from shutdown hook
[2025-07-18T16:08:03.486+0000] {subprocess.py:93} INFO - 25/07/18 16:08:03 INFO SparkContext: SparkContext is stopping with exitCode 0.
[2025-07-18T16:08:03.513+0000] {subprocess.py:93} INFO - 25/07/18 16:08:03 INFO SparkUI: Stopped Spark web UI at http://77cb57a6bd53:4041
[2025-07-18T16:08:03.551+0000] {subprocess.py:93} INFO - 25/07/18 16:08:03 INFO MapOutputTrackerMasterEndpoint: MapOutputTrackerMasterEndpoint stopped!
[2025-07-18T16:08:03.601+0000] {subprocess.py:93} INFO - 25/07/18 16:08:03 INFO MemoryStore: MemoryStore cleared
[2025-07-18T16:08:03.604+0000] {subprocess.py:93} INFO - 25/07/18 16:08:03 INFO BlockManager: BlockManager stopped
[2025-07-18T16:08:03.606+0000] {subprocess.py:93} INFO - 25/07/18 16:08:03 INFO BlockManagerMaster: BlockManagerMaster stopped
[2025-07-18T16:08:03.615+0000] {subprocess.py:93} INFO - 25/07/18 16:08:03 INFO OutputCommitCoordinator$OutputCommitCoordinatorEndpoint: OutputCommitCoordinator stopped!
[2025-07-18T16:08:03.630+0000] {subprocess.py:93} INFO - 25/07/18 16:08:03 INFO SparkContext: Successfully stopped SparkContext
[2025-07-18T16:08:03.631+0000] {subprocess.py:93} INFO - 25/07/18 16:08:03 INFO ShutdownHookManager: Shutdown hook called
[2025-07-18T16:08:03.631+0000] {subprocess.py:93} INFO - 25/07/18 16:08:03 INFO ShutdownHookManager: Deleting directory /tmp/spark-87634999-7f5c-47ef-9537-4579f01ea029/pyspark-59a095c8-0534-4c98-832f-b2e0c8694639
[2025-07-18T16:08:03.638+0000] {subprocess.py:93} INFO - 25/07/18 16:08:03 INFO ShutdownHookManager: Deleting directory /tmp/spark-87634999-7f5c-47ef-9537-4579f01ea029
[2025-07-18T16:08:03.641+0000] {subprocess.py:93} INFO - 25/07/18 16:08:03 INFO ShutdownHookManager: Deleting directory /tmp/spark-f7efe5ed-dab9-4c02-a367-5366b98e4534
[2025-07-18T16:08:03.652+0000] {subprocess.py:93} INFO - 25/07/18 16:08:03 INFO MetricsSystemImpl: Stopping s3a-file-system metrics system...
[2025-07-18T16:08:03.653+0000] {subprocess.py:93} INFO - 25/07/18 16:08:03 INFO MetricsSystemImpl: s3a-file-system metrics system stopped.
[2025-07-18T16:08:03.654+0000] {subprocess.py:93} INFO - 25/07/18 16:08:03 INFO MetricsSystemImpl: s3a-file-system metrics system shutdown complete.
[2025-07-18T16:08:04.049+0000] {subprocess.py:97} INFO - Command exited with return code 1
[2025-07-18T16:08:04.065+0000] {taskinstance.py:1937} ERROR - Task failed with exception
Traceback (most recent call last):
  File "/home/airflow/.local/lib/python3.8/site-packages/airflow/operators/bash.py", line 210, in execute
    raise AirflowException(
airflow.exceptions.AirflowException: Bash command failed. The command returned a non-zero exit code 1.
[2025-07-18T16:08:04.069+0000] {taskinstance.py:1400} INFO - Marking task as FAILED. dag_id=restaurant_pipeline, task_id=stream_to_bronze, execution_date=20250718T160400, start_date=20250718T160605, end_date=20250718T160804
[2025-07-18T16:08:04.083+0000] {standard_task_runner.py:104} ERROR - Failed to execute job 165 for task stream_to_bronze (Bash command failed. The command returned a non-zero exit code 1.; 1076)
[2025-07-18T16:08:04.097+0000] {local_task_job_runner.py:228} INFO - Task exited with return code 1
[2025-07-18T16:08:04.151+0000] {taskinstance.py:2778} INFO - 0 downstream tasks scheduled from follow-on schedule check
