[2025-07-19T18:16:01.220+0000] {taskinstance.py:1159} INFO - Dependencies all met for dep_context=non-requeueable deps ti=<TaskInstance: restaurant_pipeline.send_to_kafka scheduled__2025-07-19T18:14:00+00:00 [queued]>
[2025-07-19T18:16:01.223+0000] {taskinstance.py:1159} INFO - Dependencies all met for dep_context=requeueable deps ti=<TaskInstance: restaurant_pipeline.send_to_kafka scheduled__2025-07-19T18:14:00+00:00 [queued]>
[2025-07-19T18:16:01.224+0000] {taskinstance.py:1361} INFO - Starting attempt 1 of 1
[2025-07-19T18:16:01.229+0000] {taskinstance.py:1382} INFO - Executing <Task(BashOperator): send_to_kafka> on 2025-07-19 18:14:00+00:00
[2025-07-19T18:16:01.231+0000] {standard_task_runner.py:57} INFO - Started process 598 to run task
[2025-07-19T18:16:01.232+0000] {standard_task_runner.py:84} INFO - Running: ['***', 'tasks', 'run', 'restaurant_pipeline', 'send_to_kafka', 'scheduled__2025-07-19T18:14:00+00:00', '--job-id', '960', '--raw', '--subdir', 'DAGS_FOLDER/restaurant_pipeline.py', '--cfg-path', '/tmp/tmpcimprdgp']
[2025-07-19T18:16:01.234+0000] {standard_task_runner.py:85} INFO - Job 960: Subtask send_to_kafka
[2025-07-19T18:16:01.255+0000] {task_command.py:416} INFO - Running <TaskInstance: restaurant_pipeline.send_to_kafka scheduled__2025-07-19T18:14:00+00:00 [running]> on host e3f5d8fc4eef
[2025-07-19T18:16:01.290+0000] {taskinstance.py:1662} INFO - Exporting env vars: AIRFLOW_CTX_DAG_OWNER='moran' AIRFLOW_CTX_DAG_ID='restaurant_pipeline' AIRFLOW_CTX_TASK_ID='send_to_kafka' AIRFLOW_CTX_EXECUTION_DATE='2025-07-19T18:14:00+00:00' AIRFLOW_CTX_TRY_NUMBER='1' AIRFLOW_CTX_DAG_RUN_ID='scheduled__2025-07-19T18:14:00+00:00'
[2025-07-19T18:16:01.290+0000] {subprocess.py:63} INFO - Tmp dir root location: /tmp
[2025-07-19T18:16:01.291+0000] {subprocess.py:75} INFO - Running command: ['/bin/bash', '-c', 'python /opt/streaming/producer.py']
[2025-07-19T18:16:01.294+0000] {subprocess.py:86} INFO - Output:
[2025-07-19T18:16:03.507+0000] {subprocess.py:93} INFO - [✓] Sent to reservations: {'reservation_id': 3289, 'branch_id': 102, 'customer_name': 'Chad Johnson', 'phone_number': '001-269-427-2313x6676', 'reservation_date': '2025-07-19', 'reservation_time': '19:16', 'guests_count': 6, 'is_confirmed': True}
[2025-07-19T18:16:03.509+0000] {subprocess.py:93} INFO - [✓] Sent to reservations: {'reservation_id': 6151, 'branch_id': 101, 'customer_name': 'Holly Taylor', 'phone_number': '+1-683-801-3987x977', 'reservation_date': '2025-07-19', 'reservation_time': '19:49', 'guests_count': 1, 'is_confirmed': False}
[2025-07-19T18:16:03.511+0000] {subprocess.py:93} INFO - [✓] Sent to reservations: {'reservation_id': 1823, 'branch_id': 101, 'customer_name': 'Leslie Petty', 'phone_number': '+1-435-880-0313x442', 'reservation_date': '2025-07-19', 'reservation_time': '18:58', 'guests_count': 1, 'is_confirmed': True}
[2025-07-19T18:16:03.513+0000] {subprocess.py:93} INFO - [✓] Sent to checkins: {'checkin_id': 3490, 'customer_name': 'Maria Hernandez', 'phone_number': '001-945-855-0071', 'branch_id': 102, 'table_id': 210, 'is_prebooked': False, 'checkin_date': '2025-07-19', 'checkin_time': '16:50', 'guests_count': 3, 'shift_manager': 'Gordon Brown'}
[2025-07-19T18:16:03.514+0000] {subprocess.py:93} INFO - [✓] Sent to checkins: {'checkin_id': 3328, 'customer_name': 'Noah Lee', 'phone_number': '(711)732-4654x0335', 'branch_id': 102, 'table_id': 207, 'is_prebooked': False, 'checkin_date': '2025-07-19', 'checkin_time': '16:32', 'guests_count': 3, 'shift_manager': 'Christopher Ross'}
[2025-07-19T18:16:03.515+0000] {subprocess.py:93} INFO - [✓] Sent to checkins: {'checkin_id': 9584, 'customer_name': 'Christopher Williams', 'phone_number': '898-219-5523', 'branch_id': 101, 'table_id': 207, 'is_prebooked': False, 'checkin_date': '2025-07-19', 'checkin_time': '16:32', 'guests_count': 5, 'shift_manager': 'Amanda Garrison'}
[2025-07-19T18:16:03.515+0000] {subprocess.py:93} INFO - [✓] Sent to feedback: {'feedback_id': 7076, 'branch_id': 102, 'customer_name': 'Thomas Robinson', 'phone_number': '209-599-9590x52754', 'feedback_text': 'Most instead force page quickly choose.', 'rating': 5, 'dining_date': '2025-07-19', 'dining_time': '16:47', 'submission_time': '2025-07-19T18:16:00'}
[2025-07-19T18:16:03.516+0000] {subprocess.py:93} INFO - [✓] Sent to feedback: {'feedback_id': 3249, 'branch_id': 102, 'customer_name': 'Michael Henderson', 'phone_number': '001-485-929-1833x40840', 'feedback_text': 'Agreement ok involve goal occur.', 'rating': 1, 'dining_date': '2025-07-19', 'dining_time': '18:13', 'submission_time': '2025-07-19T18:16:00'}
[2025-07-19T18:16:03.516+0000] {subprocess.py:93} INFO - [✓] Sent to feedback: {'feedback_id': 1746, 'branch_id': 102, 'customer_name': 'Sydney Ortega', 'phone_number': '319.893.3306x3635', 'feedback_text': 'Today some forward arm.', 'rating': 5, 'dining_date': '2025-07-19', 'dining_time': '17:57', 'submission_time': '2025-07-19T18:16:00'}
[2025-07-19T18:16:03.516+0000] {subprocess.py:93} INFO - ✅ All messages sent.
[2025-07-19T18:16:03.559+0000] {subprocess.py:97} INFO - Command exited with return code 0
[2025-07-19T18:16:03.577+0000] {taskinstance.py:1400} INFO - Marking task as SUCCESS. dag_id=restaurant_pipeline, task_id=send_to_kafka, execution_date=20250719T181400, start_date=20250719T181601, end_date=20250719T181603
[2025-07-19T18:16:03.607+0000] {local_task_job_runner.py:228} INFO - Task exited with return code 0
[2025-07-19T18:16:03.633+0000] {taskinstance.py:2778} INFO - 1 downstream tasks scheduled from follow-on schedule check
