[2025-07-19T18:05:49.506+0000] {taskinstance.py:1159} INFO - Dependencies all met for dep_context=non-requeueable deps ti=<TaskInstance: restaurant_pipeline.send_to_kafka manual__2025-07-19T18:05:48.197266+00:00 [queued]>
[2025-07-19T18:05:49.510+0000] {taskinstance.py:1159} INFO - Dependencies all met for dep_context=requeueable deps ti=<TaskInstance: restaurant_pipeline.send_to_kafka manual__2025-07-19T18:05:48.197266+00:00 [queued]>
[2025-07-19T18:05:49.511+0000] {taskinstance.py:1361} INFO - Starting attempt 1 of 1
[2025-07-19T18:05:49.516+0000] {taskinstance.py:1382} INFO - Executing <Task(BashOperator): send_to_kafka> on 2025-07-19 18:05:48.197266+00:00
[2025-07-19T18:05:49.518+0000] {standard_task_runner.py:57} INFO - Started process 319 to run task
[2025-07-19T18:05:49.520+0000] {standard_task_runner.py:84} INFO - Running: ['***', 'tasks', 'run', 'restaurant_pipeline', 'send_to_kafka', 'manual__2025-07-19T18:05:48.197266+00:00', '--job-id', '929', '--raw', '--subdir', 'DAGS_FOLDER/restaurant_pipeline.py', '--cfg-path', '/tmp/tmp3m68fs1z']
[2025-07-19T18:05:49.521+0000] {standard_task_runner.py:85} INFO - Job 929: Subtask send_to_kafka
[2025-07-19T18:05:49.544+0000] {task_command.py:416} INFO - Running <TaskInstance: restaurant_pipeline.send_to_kafka manual__2025-07-19T18:05:48.197266+00:00 [running]> on host e3f5d8fc4eef
[2025-07-19T18:05:49.578+0000] {taskinstance.py:1662} INFO - Exporting env vars: AIRFLOW_CTX_DAG_EMAIL='your@email.com' AIRFLOW_CTX_DAG_OWNER='moran' AIRFLOW_CTX_DAG_ID='restaurant_pipeline' AIRFLOW_CTX_TASK_ID='send_to_kafka' AIRFLOW_CTX_EXECUTION_DATE='2025-07-19T18:05:48.197266+00:00' AIRFLOW_CTX_TRY_NUMBER='1' AIRFLOW_CTX_DAG_RUN_ID='manual__2025-07-19T18:05:48.197266+00:00'
[2025-07-19T18:05:49.579+0000] {subprocess.py:63} INFO - Tmp dir root location: /tmp
[2025-07-19T18:05:49.579+0000] {subprocess.py:75} INFO - Running command: ['/bin/bash', '-c', 'python /opt/streaming/producer.py']
[2025-07-19T18:05:49.583+0000] {subprocess.py:86} INFO - Output:
[2025-07-19T18:05:51.807+0000] {subprocess.py:93} INFO - [✓] Sent to reservations: {'reservation_id': 5275, 'branch_id': 101, 'customer_name': 'Stephanie Ortiz', 'phone_number': '001-328-240-5598x39912', 'reservation_date': '2025-07-19', 'reservation_time': '18:47', 'guests_count': 1, 'is_confirmed': False}
[2025-07-19T18:05:51.811+0000] {subprocess.py:93} INFO - [✓] Sent to reservations: {'reservation_id': 7461, 'branch_id': 101, 'customer_name': 'Johnny Smith', 'phone_number': '617-931-1680', 'reservation_date': '2025-07-19', 'reservation_time': '19:58', 'guests_count': 3, 'is_confirmed': True}
[2025-07-19T18:05:51.812+0000] {subprocess.py:93} INFO - [✓] Sent to reservations: {'reservation_id': 5003, 'branch_id': 102, 'customer_name': 'Lindsey Gonzalez', 'phone_number': '556-718-0977x63653', 'reservation_date': '2025-07-19', 'reservation_time': '18:44', 'guests_count': 6, 'is_confirmed': True}
[2025-07-19T18:05:51.813+0000] {subprocess.py:93} INFO - [✓] Sent to checkins: {'checkin_id': 2505, 'customer_name': 'Gabrielle Jordan', 'phone_number': '(747)373-8549', 'branch_id': 101, 'table_id': 201, 'is_prebooked': False, 'checkin_date': '2025-07-19', 'checkin_time': '16:30', 'guests_count': 2, 'shift_manager': 'Thomas Baker'}
[2025-07-19T18:05:51.815+0000] {subprocess.py:93} INFO - [✓] Sent to checkins: {'checkin_id': 2043, 'customer_name': 'Mr. Timothy Robinson', 'phone_number': '(200)832-1553x1886', 'branch_id': 101, 'table_id': 200, 'is_prebooked': True, 'checkin_date': '2025-07-19', 'checkin_time': '18:01', 'guests_count': 4, 'shift_manager': 'Samuel Brown'}
[2025-07-19T18:05:51.815+0000] {subprocess.py:93} INFO - [✓] Sent to checkins: {'checkin_id': 9290, 'customer_name': 'Richard Shea', 'phone_number': '907-884-6931x22511', 'branch_id': 101, 'table_id': 205, 'is_prebooked': False, 'checkin_date': '2025-07-19', 'checkin_time': '17:14', 'guests_count': 6, 'shift_manager': 'Shawn Sanders'}
[2025-07-19T18:05:51.815+0000] {subprocess.py:93} INFO - [✓] Sent to feedback: {'feedback_id': 3904, 'branch_id': 102, 'customer_name': 'Leslie Hall', 'phone_number': '798.317.4804x00092', 'feedback_text': 'Natural discussion ball move our myself.', 'rating': 3, 'dining_date': '2025-07-19', 'dining_time': '16:53', 'submission_time': '2025-07-19T18:05:49'}
[2025-07-19T18:05:51.815+0000] {subprocess.py:93} INFO - [✓] Sent to feedback: {'feedback_id': 5520, 'branch_id': 102, 'customer_name': 'Sarah Hampton', 'phone_number': '341-225-1959', 'feedback_text': 'Though represent almost.', 'rating': 1, 'dining_date': '2025-07-19', 'dining_time': '17:41', 'submission_time': '2025-07-19T18:05:49'}
[2025-07-19T18:05:51.816+0000] {subprocess.py:93} INFO - [✓] Sent to feedback: {'feedback_id': 2335, 'branch_id': 101, 'customer_name': 'John Leonard', 'phone_number': '263-309-3245x6682', 'feedback_text': 'Sort everything strategy reveal certainly.', 'rating': 2, 'dining_date': '2025-07-19', 'dining_time': '16:53', 'submission_time': '2025-07-19T18:05:49'}
[2025-07-19T18:05:51.816+0000] {subprocess.py:93} INFO - ✅ All messages sent.
[2025-07-19T18:05:51.850+0000] {subprocess.py:97} INFO - Command exited with return code 0
[2025-07-19T18:05:51.864+0000] {taskinstance.py:1400} INFO - Marking task as SUCCESS. dag_id=restaurant_pipeline, task_id=send_to_kafka, execution_date=20250719T180548, start_date=20250719T180549, end_date=20250719T180551
[2025-07-19T18:05:51.893+0000] {local_task_job_runner.py:228} INFO - Task exited with return code 0
[2025-07-19T18:05:51.918+0000] {taskinstance.py:2778} INFO - 1 downstream tasks scheduled from follow-on schedule check
