[2025-07-18T19:56:01.665+0000] {taskinstance.py:1159} INFO - Dependencies all met for dep_context=non-requeueable deps ti=<TaskInstance: restaurant_pipeline.send_to_kafka scheduled__2025-07-18T19:54:00+00:00 [queued]>
[2025-07-18T19:56:01.670+0000] {taskinstance.py:1159} INFO - Dependencies all met for dep_context=requeueable deps ti=<TaskInstance: restaurant_pipeline.send_to_kafka scheduled__2025-07-18T19:54:00+00:00 [queued]>
[2025-07-18T19:56:01.671+0000] {taskinstance.py:1361} INFO - Starting attempt 1 of 1
[2025-07-18T19:56:01.677+0000] {taskinstance.py:1382} INFO - Executing <Task(BashOperator): send_to_kafka> on 2025-07-18 19:54:00+00:00
[2025-07-18T19:56:01.679+0000] {standard_task_runner.py:57} INFO - Started process 5589 to run task
[2025-07-18T19:56:01.681+0000] {standard_task_runner.py:84} INFO - Running: ['***', 'tasks', 'run', 'restaurant_pipeline', 'send_to_kafka', 'scheduled__2025-07-18T19:54:00+00:00', '--job-id', '575', '--raw', '--subdir', 'DAGS_FOLDER/restaurant_pipeline.py', '--cfg-path', '/tmp/tmp9mmt9brd']
[2025-07-18T19:56:01.682+0000] {standard_task_runner.py:85} INFO - Job 575: Subtask send_to_kafka
[2025-07-18T19:56:01.706+0000] {task_command.py:416} INFO - Running <TaskInstance: restaurant_pipeline.send_to_kafka scheduled__2025-07-18T19:54:00+00:00 [running]> on host 9bcfb43e0ab7
[2025-07-18T19:56:01.747+0000] {taskinstance.py:1662} INFO - Exporting env vars: AIRFLOW_CTX_DAG_OWNER='moran' AIRFLOW_CTX_DAG_ID='restaurant_pipeline' AIRFLOW_CTX_TASK_ID='send_to_kafka' AIRFLOW_CTX_EXECUTION_DATE='2025-07-18T19:54:00+00:00' AIRFLOW_CTX_TRY_NUMBER='1' AIRFLOW_CTX_DAG_RUN_ID='scheduled__2025-07-18T19:54:00+00:00'
[2025-07-18T19:56:01.748+0000] {subprocess.py:63} INFO - Tmp dir root location: /tmp
[2025-07-18T19:56:01.748+0000] {subprocess.py:75} INFO - Running command: ['/bin/bash', '-c', 'python /opt/streaming/producer.py']
[2025-07-18T19:56:01.754+0000] {subprocess.py:86} INFO - Output:
[2025-07-18T19:56:04.025+0000] {subprocess.py:93} INFO - [✓] Sent to reservations: {'reservation_id': 5266, 'branch_id': 101, 'customer_name': 'James Rogers', 'phone_number': '535-713-5743', 'reservation_date': '2025-07-18', 'reservation_time': '20:18', 'guests_count': 2, 'is_confirmed': True}
[2025-07-18T19:56:04.026+0000] {subprocess.py:93} INFO - [✓] Sent to reservations: {'reservation_id': 1439, 'branch_id': 102, 'customer_name': 'Larry Cabrera', 'phone_number': '328-443-6138x640', 'reservation_date': '2025-07-18', 'reservation_time': '21:44', 'guests_count': 1, 'is_confirmed': True}
[2025-07-18T19:56:04.026+0000] {subprocess.py:93} INFO - [✓] Sent to reservations: {'reservation_id': 8139, 'branch_id': 102, 'customer_name': 'Daniel Jones', 'phone_number': '001-433-711-6849', 'reservation_date': '2025-07-18', 'reservation_time': '21:56', 'guests_count': 1, 'is_confirmed': False}
[2025-07-18T19:56:04.027+0000] {subprocess.py:93} INFO - [✓] Sent to checkins: {'checkin_id': 5076, 'customer_name': 'Michelle Obrien', 'phone_number': '001-968-313-7767', 'branch_id': 101, 'table_id': 205, 'is_prebooked': True, 'checkin_date': '2025-07-18', 'checkin_time': '19:03', 'guests_count': 4, 'shift_manager': 'Austin Gray'}
[2025-07-18T19:56:04.027+0000] {subprocess.py:93} INFO - [✓] Sent to checkins: {'checkin_id': 4781, 'customer_name': 'Robert Davis', 'phone_number': '244-738-5433x7698', 'branch_id': 102, 'table_id': 203, 'is_prebooked': False, 'checkin_date': '2025-07-18', 'checkin_time': '18:54', 'guests_count': 6, 'shift_manager': 'Holly Saunders'}
[2025-07-18T19:56:04.027+0000] {subprocess.py:93} INFO - [✓] Sent to checkins: {'checkin_id': 4752, 'customer_name': 'Diane Taylor', 'phone_number': '280.297.6421', 'branch_id': 101, 'table_id': 205, 'is_prebooked': True, 'checkin_date': '2025-07-18', 'checkin_time': '19:05', 'guests_count': 6, 'shift_manager': 'Nicholas Smith'}
[2025-07-18T19:56:04.027+0000] {subprocess.py:93} INFO - [✓] Sent to feedback: {'feedback_id': 6389, 'branch_id': 102, 'customer_name': 'Kenneth Shields', 'phone_number': '3029987748', 'feedback_text': 'Story born bill material mention main term yard.', 'rating': 3, 'dining_date': '2025-07-18', 'dining_time': '18:17', 'submission_time': '2025-07-18T19:56:00'}
[2025-07-18T19:56:04.027+0000] {subprocess.py:93} INFO - [✓] Sent to feedback: {'feedback_id': 2386, 'branch_id': 101, 'customer_name': 'Brittany Shaw', 'phone_number': '(802)443-3869x49637', 'feedback_text': 'Game full western especially seven Mr.', 'rating': 5, 'dining_date': '2025-07-18', 'dining_time': '19:38', 'submission_time': '2025-07-18T19:56:00'}
[2025-07-18T19:56:04.027+0000] {subprocess.py:93} INFO - [✓] Sent to feedback: {'feedback_id': 8605, 'branch_id': 101, 'customer_name': 'Hannah Gonzalez', 'phone_number': '(493)371-7176x97199', 'feedback_text': 'Step song central century human soldier world.', 'rating': 2, 'dining_date': '2025-07-18', 'dining_time': '19:22', 'submission_time': '2025-07-18T19:56:00'}
[2025-07-18T19:56:04.027+0000] {subprocess.py:93} INFO - ✅ All messages sent.
[2025-07-18T19:56:04.081+0000] {subprocess.py:97} INFO - Command exited with return code 0
[2025-07-18T19:56:04.117+0000] {taskinstance.py:1400} INFO - Marking task as SUCCESS. dag_id=restaurant_pipeline, task_id=send_to_kafka, execution_date=20250718T195400, start_date=20250718T195601, end_date=20250718T195604
[2025-07-18T19:56:04.136+0000] {local_task_job_runner.py:228} INFO - Task exited with return code 0
[2025-07-18T19:56:04.177+0000] {taskinstance.py:2778} INFO - 1 downstream tasks scheduled from follow-on schedule check
