[2025-07-18T18:10:20.733+0000] {taskinstance.py:1159} INFO - Dependencies all met for dep_context=non-requeueable deps ti=<TaskInstance: restaurant_pipeline.send_to_kafka scheduled__2025-07-18T18:08:00+00:00 [queued]>
[2025-07-18T18:10:20.737+0000] {taskinstance.py:1159} INFO - Dependencies all met for dep_context=requeueable deps ti=<TaskInstance: restaurant_pipeline.send_to_kafka scheduled__2025-07-18T18:08:00+00:00 [queued]>
[2025-07-18T18:10:20.737+0000] {taskinstance.py:1361} INFO - Starting attempt 1 of 1
[2025-07-18T18:10:20.742+0000] {taskinstance.py:1382} INFO - Executing <Task(BashOperator): send_to_kafka> on 2025-07-18 18:08:00+00:00
[2025-07-18T18:10:20.745+0000] {standard_task_runner.py:57} INFO - Started process 2881 to run task
[2025-07-18T18:10:20.746+0000] {standard_task_runner.py:84} INFO - Running: ['***', 'tasks', 'run', 'restaurant_pipeline', 'send_to_kafka', 'scheduled__2025-07-18T18:08:00+00:00', '--job-id', '329', '--raw', '--subdir', 'DAGS_FOLDER/restaurant_pipeline.py', '--cfg-path', '/tmp/tmpl623xwon']
[2025-07-18T18:10:20.748+0000] {standard_task_runner.py:85} INFO - Job 329: Subtask send_to_kafka
[2025-07-18T18:10:20.771+0000] {task_command.py:416} INFO - Running <TaskInstance: restaurant_pipeline.send_to_kafka scheduled__2025-07-18T18:08:00+00:00 [running]> on host 9bcfb43e0ab7
[2025-07-18T18:10:20.806+0000] {taskinstance.py:1662} INFO - Exporting env vars: AIRFLOW_CTX_DAG_OWNER='moran' AIRFLOW_CTX_DAG_ID='restaurant_pipeline' AIRFLOW_CTX_TASK_ID='send_to_kafka' AIRFLOW_CTX_EXECUTION_DATE='2025-07-18T18:08:00+00:00' AIRFLOW_CTX_TRY_NUMBER='1' AIRFLOW_CTX_DAG_RUN_ID='scheduled__2025-07-18T18:08:00+00:00'
[2025-07-18T18:10:20.807+0000] {subprocess.py:63} INFO - Tmp dir root location: /tmp
[2025-07-18T18:10:20.807+0000] {subprocess.py:75} INFO - Running command: ['/bin/bash', '-c', 'python /opt/streaming/producer.py']
[2025-07-18T18:10:20.811+0000] {subprocess.py:86} INFO - Output:
[2025-07-18T18:10:23.056+0000] {subprocess.py:93} INFO - [✓] Sent to reservations: {'reservation_id': 3258, 'branch_id': 102, 'customer_name': 'Holly Hubbard', 'phone_number': '607-254-7377x8421', 'reservation_date': '2025-07-18', 'reservation_time': '19:30', 'guests_count': 4, 'is_confirmed': True}
[2025-07-18T18:10:23.063+0000] {subprocess.py:93} INFO - [✓] Sent to reservations: {'reservation_id': 5531, 'branch_id': 101, 'customer_name': 'Melissa Crawford', 'phone_number': '001-782-512-3162x2876', 'reservation_date': '2025-07-18', 'reservation_time': '18:51', 'guests_count': 8, 'is_confirmed': False}
[2025-07-18T18:10:23.064+0000] {subprocess.py:93} INFO - [✓] Sent to reservations: {'reservation_id': 7851, 'branch_id': 101, 'customer_name': 'Ms. Emily Watson', 'phone_number': '(682)822-0334x89409', 'reservation_date': '2025-07-18', 'reservation_time': '18:32', 'guests_count': 8, 'is_confirmed': False}
[2025-07-18T18:10:23.065+0000] {subprocess.py:93} INFO - [✓] Sent to checkins: {'checkin_id': 2344, 'customer_name': 'Jamie Kelly', 'phone_number': '001-230-698-5706x4680', 'branch_id': 102, 'table_id': 206, 'is_prebooked': True, 'checkin_date': '2025-07-18', 'checkin_time': '17:48', 'guests_count': 2, 'shift_manager': 'Dorothy Davis'}
[2025-07-18T18:10:23.069+0000] {subprocess.py:93} INFO - [✓] Sent to checkins: {'checkin_id': 4275, 'customer_name': 'Robert Lee', 'phone_number': '488-619-2629', 'branch_id': 102, 'table_id': 200, 'is_prebooked': True, 'checkin_date': '2025-07-18', 'checkin_time': '16:26', 'guests_count': 4, 'shift_manager': 'Kimberly Jenkins'}
[2025-07-18T18:10:23.070+0000] {subprocess.py:93} INFO - [✓] Sent to checkins: {'checkin_id': 3644, 'customer_name': 'Phillip Parker', 'phone_number': '599.860.5071', 'branch_id': 102, 'table_id': 201, 'is_prebooked': False, 'checkin_date': '2025-07-18', 'checkin_time': '17:22', 'guests_count': 2, 'shift_manager': 'Bridget Moreno'}
[2025-07-18T18:10:23.071+0000] {subprocess.py:93} INFO - [✓] Sent to feedback: {'feedback_id': 8498, 'branch_id': 101, 'customer_name': 'Lindsey Bailey', 'phone_number': '001-458-709-5463', 'feedback_text': 'Technology fact service cup factor sign various early.', 'rating': 1, 'dining_date': '2025-07-18', 'dining_time': '18:05', 'submission_time': '2025-07-18T18:10:19'}
[2025-07-18T18:10:23.072+0000] {subprocess.py:93} INFO - [✓] Sent to feedback: {'feedback_id': 3324, 'branch_id': 101, 'customer_name': 'Phillip Cunningham', 'phone_number': '(351)556-8753x980', 'feedback_text': 'Hour action here.', 'rating': 1, 'dining_date': '2025-07-18', 'dining_time': '18:09', 'submission_time': '2025-07-18T18:10:19'}
[2025-07-18T18:10:23.073+0000] {subprocess.py:93} INFO - [✓] Sent to feedback: {'feedback_id': 8698, 'branch_id': 102, 'customer_name': 'Susan Perez', 'phone_number': '537-973-0534x95898', 'feedback_text': 'Nice trouble art herself help.', 'rating': 2, 'dining_date': '2025-07-18', 'dining_time': '17:48', 'submission_time': '2025-07-18T18:10:19'}
[2025-07-18T18:10:23.073+0000] {subprocess.py:93} INFO - ✅ All messages sent.
[2025-07-18T18:10:23.108+0000] {subprocess.py:97} INFO - Command exited with return code 0
[2025-07-18T18:10:23.126+0000] {taskinstance.py:1400} INFO - Marking task as SUCCESS. dag_id=restaurant_pipeline, task_id=send_to_kafka, execution_date=20250718T180800, start_date=20250718T181020, end_date=20250718T181023
[2025-07-18T18:10:23.162+0000] {local_task_job_runner.py:228} INFO - Task exited with return code 0
[2025-07-18T18:10:23.188+0000] {taskinstance.py:2778} INFO - 1 downstream tasks scheduled from follow-on schedule check
