[2025-07-19T18:50:43.070+0000] {taskinstance.py:1159} INFO - Dependencies all met for dep_context=non-requeueable deps ti=<TaskInstance: restaurant_pipeline.send_to_kafka scheduled__2025-07-19T18:48:00+00:00 [queued]>
[2025-07-19T18:50:43.076+0000] {taskinstance.py:1159} INFO - Dependencies all met for dep_context=requeueable deps ti=<TaskInstance: restaurant_pipeline.send_to_kafka scheduled__2025-07-19T18:48:00+00:00 [queued]>
[2025-07-19T18:50:43.077+0000] {taskinstance.py:1361} INFO - Starting attempt 1 of 1
[2025-07-19T18:50:43.082+0000] {taskinstance.py:1382} INFO - Executing <Task(BashOperator): send_to_kafka> on 2025-07-19 18:48:00+00:00
[2025-07-19T18:50:43.084+0000] {standard_task_runner.py:57} INFO - Started process 1498 to run task
[2025-07-19T18:50:43.086+0000] {standard_task_runner.py:84} INFO - Running: ['***', 'tasks', 'run', 'restaurant_pipeline', 'send_to_kafka', 'scheduled__2025-07-19T18:48:00+00:00', '--job-id', '1038', '--raw', '--subdir', 'DAGS_FOLDER/restaurant_pipeline.py', '--cfg-path', '/tmp/tmpvw6a8cjx']
[2025-07-19T18:50:43.087+0000] {standard_task_runner.py:85} INFO - Job 1038: Subtask send_to_kafka
[2025-07-19T18:50:43.109+0000] {task_command.py:416} INFO - Running <TaskInstance: restaurant_pipeline.send_to_kafka scheduled__2025-07-19T18:48:00+00:00 [running]> on host e3f5d8fc4eef
[2025-07-19T18:50:43.146+0000] {taskinstance.py:1662} INFO - Exporting env vars: AIRFLOW_CTX_DAG_OWNER='moran' AIRFLOW_CTX_DAG_ID='restaurant_pipeline' AIRFLOW_CTX_TASK_ID='send_to_kafka' AIRFLOW_CTX_EXECUTION_DATE='2025-07-19T18:48:00+00:00' AIRFLOW_CTX_TRY_NUMBER='1' AIRFLOW_CTX_DAG_RUN_ID='scheduled__2025-07-19T18:48:00+00:00'
[2025-07-19T18:50:43.147+0000] {subprocess.py:63} INFO - Tmp dir root location: /tmp
[2025-07-19T18:50:43.147+0000] {subprocess.py:75} INFO - Running command: ['/bin/bash', '-c', 'python /opt/streaming/producer.py']
[2025-07-19T18:50:43.151+0000] {subprocess.py:86} INFO - Output:
[2025-07-19T18:50:45.386+0000] {subprocess.py:93} INFO - [✓] Sent to reservations: {'reservation_id': 7611, 'branch_id': 102, 'customer_name': 'Valerie Gonzalez', 'phone_number': '304.550.9692x137', 'reservation_date': '2025-07-19', 'reservation_time': '20:01', 'guests_count': 2, 'is_confirmed': True}
[2025-07-19T18:50:45.387+0000] {subprocess.py:93} INFO - [✓] Sent to reservations: {'reservation_id': 7599, 'branch_id': 102, 'customer_name': 'Rhonda Davis', 'phone_number': '817.310.2528x19887', 'reservation_date': '2025-07-19', 'reservation_time': '20:31', 'guests_count': 2, 'is_confirmed': True}
[2025-07-19T18:50:45.388+0000] {subprocess.py:93} INFO - [✓] Sent to reservations: {'reservation_id': 5061, 'branch_id': 101, 'customer_name': 'Marcus White', 'phone_number': '+1-236-523-8931x3225', 'reservation_date': '2025-07-19', 'reservation_time': '19:05', 'guests_count': 3, 'is_confirmed': False}
[2025-07-19T18:50:45.388+0000] {subprocess.py:93} INFO - [✓] Sent to checkins: {'checkin_id': 2772, 'customer_name': 'Joseph Johnson', 'phone_number': '(949)710-8247x5039', 'branch_id': 102, 'table_id': 207, 'is_prebooked': False, 'checkin_date': '2025-07-19', 'checkin_time': '18:05', 'guests_count': 2, 'shift_manager': 'Lynn Stokes'}
[2025-07-19T18:50:45.389+0000] {subprocess.py:93} INFO - [✓] Sent to checkins: {'checkin_id': 1649, 'customer_name': 'Lance Stout II', 'phone_number': '891-895-4271', 'branch_id': 101, 'table_id': 205, 'is_prebooked': False, 'checkin_date': '2025-07-19', 'checkin_time': '17:05', 'guests_count': 4, 'shift_manager': 'Tammy Hicks'}
[2025-07-19T18:50:45.389+0000] {subprocess.py:93} INFO - [✓] Sent to checkins: {'checkin_id': 2812, 'customer_name': 'Benjamin Murray', 'phone_number': '001-562-875-7899x0189', 'branch_id': 102, 'table_id': 206, 'is_prebooked': True, 'checkin_date': '2025-07-19', 'checkin_time': '17:57', 'guests_count': 3, 'shift_manager': 'Lisa Carpenter'}
[2025-07-19T18:50:45.389+0000] {subprocess.py:93} INFO - [✓] Sent to feedback: {'feedback_id': 9746, 'branch_id': 101, 'customer_name': 'Anthony Perez', 'phone_number': '001-738-950-5963x529', 'feedback_text': 'Ask population certainly style finish.', 'rating': 1, 'dining_date': '2025-07-19', 'dining_time': '17:45', 'submission_time': '2025-07-19T18:50:42'}
[2025-07-19T18:50:45.390+0000] {subprocess.py:93} INFO - [✓] Sent to feedback: {'feedback_id': 5894, 'branch_id': 101, 'customer_name': 'Tammy Perez', 'phone_number': '(713)228-4892x99467', 'feedback_text': 'High however realize relationship man.', 'rating': 2, 'dining_date': '2025-07-19', 'dining_time': '18:13', 'submission_time': '2025-07-19T18:50:42'}
[2025-07-19T18:50:45.390+0000] {subprocess.py:93} INFO - [✓] Sent to feedback: {'feedback_id': 8751, 'branch_id': 101, 'customer_name': 'Barbara Baxter', 'phone_number': '707-207-6884x6561', 'feedback_text': 'Major high pay sing.', 'rating': 1, 'dining_date': '2025-07-19', 'dining_time': '17:54', 'submission_time': '2025-07-19T18:50:42'}
[2025-07-19T18:50:45.391+0000] {subprocess.py:93} INFO - ✅ All messages sent.
[2025-07-19T18:50:45.438+0000] {subprocess.py:97} INFO - Command exited with return code 0
[2025-07-19T18:50:45.457+0000] {taskinstance.py:1400} INFO - Marking task as SUCCESS. dag_id=restaurant_pipeline, task_id=send_to_kafka, execution_date=20250719T184800, start_date=20250719T185043, end_date=20250719T185045
[2025-07-19T18:50:45.500+0000] {local_task_job_runner.py:228} INFO - Task exited with return code 0
[2025-07-19T18:50:45.527+0000] {taskinstance.py:2778} INFO - 1 downstream tasks scheduled from follow-on schedule check
