[2025-07-19T18:56:06.292+0000] {taskinstance.py:1159} INFO - Dependencies all met for dep_context=non-requeueable deps ti=<TaskInstance: restaurant_pipeline.send_to_kafka scheduled__2025-07-19T18:54:00+00:00 [queued]>
[2025-07-19T18:56:06.296+0000] {taskinstance.py:1159} INFO - Dependencies all met for dep_context=requeueable deps ti=<TaskInstance: restaurant_pipeline.send_to_kafka scheduled__2025-07-19T18:54:00+00:00 [queued]>
[2025-07-19T18:56:06.296+0000] {taskinstance.py:1361} INFO - Starting attempt 1 of 1
[2025-07-19T18:56:06.302+0000] {taskinstance.py:1382} INFO - Executing <Task(BashOperator): send_to_kafka> on 2025-07-19 18:54:00+00:00
[2025-07-19T18:56:06.304+0000] {standard_task_runner.py:57} INFO - Started process 1618 to run task
[2025-07-19T18:56:06.306+0000] {standard_task_runner.py:84} INFO - Running: ['***', 'tasks', 'run', 'restaurant_pipeline', 'send_to_kafka', 'scheduled__2025-07-19T18:54:00+00:00', '--job-id', '1048', '--raw', '--subdir', 'DAGS_FOLDER/restaurant_pipeline.py', '--cfg-path', '/tmp/tmpkwhx9ucl']
[2025-07-19T18:56:06.307+0000] {standard_task_runner.py:85} INFO - Job 1048: Subtask send_to_kafka
[2025-07-19T18:56:06.329+0000] {task_command.py:416} INFO - Running <TaskInstance: restaurant_pipeline.send_to_kafka scheduled__2025-07-19T18:54:00+00:00 [running]> on host e3f5d8fc4eef
[2025-07-19T18:56:06.365+0000] {taskinstance.py:1662} INFO - Exporting env vars: AIRFLOW_CTX_DAG_OWNER='moran' AIRFLOW_CTX_DAG_ID='restaurant_pipeline' AIRFLOW_CTX_TASK_ID='send_to_kafka' AIRFLOW_CTX_EXECUTION_DATE='2025-07-19T18:54:00+00:00' AIRFLOW_CTX_TRY_NUMBER='1' AIRFLOW_CTX_DAG_RUN_ID='scheduled__2025-07-19T18:54:00+00:00'
[2025-07-19T18:56:06.366+0000] {subprocess.py:63} INFO - Tmp dir root location: /tmp
[2025-07-19T18:56:06.366+0000] {subprocess.py:75} INFO - Running command: ['/bin/bash', '-c', 'python /opt/streaming/producer.py']
[2025-07-19T18:56:06.370+0000] {subprocess.py:86} INFO - Output:
[2025-07-19T18:56:08.632+0000] {subprocess.py:93} INFO - [✓] Sent to reservations: {'reservation_id': 2047, 'branch_id': 102, 'customer_name': 'Renee Ramirez', 'phone_number': '+1-501-472-2925x4074', 'reservation_date': '2025-07-19', 'reservation_time': '19:16', 'guests_count': 3, 'is_confirmed': True}
[2025-07-19T18:56:08.633+0000] {subprocess.py:93} INFO - [✓] Sent to reservations: {'reservation_id': 7527, 'branch_id': 101, 'customer_name': 'Miranda Miller', 'phone_number': '(745)710-8558x388', 'reservation_date': '2025-07-19', 'reservation_time': '20:39', 'guests_count': 5, 'is_confirmed': True}
[2025-07-19T18:56:08.634+0000] {subprocess.py:93} INFO - [✓] Sent to reservations: {'reservation_id': 1577, 'branch_id': 102, 'customer_name': 'Brooke Watkins', 'phone_number': '(866)616-2314x11119', 'reservation_date': '2025-07-19', 'reservation_time': '19:45', 'guests_count': 2, 'is_confirmed': False}
[2025-07-19T18:56:08.634+0000] {subprocess.py:93} INFO - [✓] Sent to checkins: {'checkin_id': 6304, 'customer_name': 'Diana Harrison', 'phone_number': '001-954-664-7531x19977', 'branch_id': 101, 'table_id': 210, 'is_prebooked': True, 'checkin_date': '2025-07-19', 'checkin_time': '17:13', 'guests_count': 4, 'shift_manager': 'Christopher Stewart'}
[2025-07-19T18:56:08.635+0000] {subprocess.py:93} INFO - [✓] Sent to checkins: {'checkin_id': 6617, 'customer_name': 'Ralph Chandler', 'phone_number': '001-467-442-7582x401', 'branch_id': 102, 'table_id': 202, 'is_prebooked': False, 'checkin_date': '2025-07-19', 'checkin_time': '18:22', 'guests_count': 3, 'shift_manager': 'Sarah Smith'}
[2025-07-19T18:56:08.635+0000] {subprocess.py:93} INFO - [✓] Sent to checkins: {'checkin_id': 8564, 'customer_name': 'Marc Watkins', 'phone_number': '(808)827-0782x3946', 'branch_id': 102, 'table_id': 204, 'is_prebooked': True, 'checkin_date': '2025-07-19', 'checkin_time': '18:41', 'guests_count': 5, 'shift_manager': 'Rebecca Watts'}
[2025-07-19T18:56:08.635+0000] {subprocess.py:93} INFO - [✓] Sent to feedback: {'feedback_id': 6422, 'branch_id': 101, 'customer_name': 'Christopher Rice', 'phone_number': '784.543.1477x65240', 'feedback_text': 'Card start economic college.', 'rating': 5, 'dining_date': '2025-07-19', 'dining_time': '18:43', 'submission_time': '2025-07-19T18:56:05'}
[2025-07-19T18:56:08.636+0000] {subprocess.py:93} INFO - [✓] Sent to feedback: {'feedback_id': 5860, 'branch_id': 102, 'customer_name': 'John Thomas', 'phone_number': '606.606.3598', 'feedback_text': 'Theory medical physical performance factor.', 'rating': 5, 'dining_date': '2025-07-19', 'dining_time': '17:25', 'submission_time': '2025-07-19T18:56:05'}
[2025-07-19T18:56:08.636+0000] {subprocess.py:93} INFO - [✓] Sent to feedback: {'feedback_id': 5554, 'branch_id': 102, 'customer_name': 'Kara Shepherd', 'phone_number': '(828)916-9844', 'feedback_text': 'Onto economy always ahead there onto.', 'rating': 2, 'dining_date': '2025-07-19', 'dining_time': '18:04', 'submission_time': '2025-07-19T18:56:05'}
[2025-07-19T18:56:08.636+0000] {subprocess.py:93} INFO - ✅ All messages sent.
[2025-07-19T18:56:08.685+0000] {subprocess.py:97} INFO - Command exited with return code 0
[2025-07-19T18:56:08.707+0000] {taskinstance.py:1400} INFO - Marking task as SUCCESS. dag_id=restaurant_pipeline, task_id=send_to_kafka, execution_date=20250719T185400, start_date=20250719T185606, end_date=20250719T185608
[2025-07-19T18:56:08.750+0000] {local_task_job_runner.py:228} INFO - Task exited with return code 0
[2025-07-19T18:56:08.778+0000] {taskinstance.py:2778} INFO - 1 downstream tasks scheduled from follow-on schedule check
