[2025-07-18T18:42:02.224+0000] {taskinstance.py:1159} INFO - Dependencies all met for dep_context=non-requeueable deps ti=<TaskInstance: restaurant_pipeline.send_to_kafka scheduled__2025-07-18T18:40:00+00:00 [queued]>
[2025-07-18T18:42:02.228+0000] {taskinstance.py:1159} INFO - Dependencies all met for dep_context=requeueable deps ti=<TaskInstance: restaurant_pipeline.send_to_kafka scheduled__2025-07-18T18:40:00+00:00 [queued]>
[2025-07-18T18:42:02.228+0000] {taskinstance.py:1361} INFO - Starting attempt 1 of 1
[2025-07-18T18:42:02.234+0000] {taskinstance.py:1382} INFO - Executing <Task(BashOperator): send_to_kafka> on 2025-07-18 18:40:00+00:00
[2025-07-18T18:42:02.236+0000] {standard_task_runner.py:57} INFO - Started process 3686 to run task
[2025-07-18T18:42:02.238+0000] {standard_task_runner.py:84} INFO - Running: ['***', 'tasks', 'run', 'restaurant_pipeline', 'send_to_kafka', 'scheduled__2025-07-18T18:40:00+00:00', '--job-id', '405', '--raw', '--subdir', 'DAGS_FOLDER/restaurant_pipeline.py', '--cfg-path', '/tmp/tmpi_9wa6uc']
[2025-07-18T18:42:02.239+0000] {standard_task_runner.py:85} INFO - Job 405: Subtask send_to_kafka
[2025-07-18T18:42:02.262+0000] {task_command.py:416} INFO - Running <TaskInstance: restaurant_pipeline.send_to_kafka scheduled__2025-07-18T18:40:00+00:00 [running]> on host 9bcfb43e0ab7
[2025-07-18T18:42:02.303+0000] {taskinstance.py:1662} INFO - Exporting env vars: AIRFLOW_CTX_DAG_OWNER='moran' AIRFLOW_CTX_DAG_ID='restaurant_pipeline' AIRFLOW_CTX_TASK_ID='send_to_kafka' AIRFLOW_CTX_EXECUTION_DATE='2025-07-18T18:40:00+00:00' AIRFLOW_CTX_TRY_NUMBER='1' AIRFLOW_CTX_DAG_RUN_ID='scheduled__2025-07-18T18:40:00+00:00'
[2025-07-18T18:42:02.304+0000] {subprocess.py:63} INFO - Tmp dir root location: /tmp
[2025-07-18T18:42:02.304+0000] {subprocess.py:75} INFO - Running command: ['/bin/bash', '-c', 'python /opt/streaming/producer.py']
[2025-07-18T18:42:02.308+0000] {subprocess.py:86} INFO - Output:
[2025-07-18T18:42:04.531+0000] {subprocess.py:93} INFO - [✓] Sent to reservations: {'reservation_id': 7752, 'branch_id': 101, 'customer_name': 'Brenda Thomas', 'phone_number': '(793)543-0383x79446', 'reservation_date': '2025-07-18', 'reservation_time': '19:11', 'guests_count': 7, 'is_confirmed': False}
[2025-07-18T18:42:04.535+0000] {subprocess.py:93} INFO - [✓] Sent to reservations: {'reservation_id': 1276, 'branch_id': 101, 'customer_name': 'Joseph Cooper', 'phone_number': '+1-724-321-8343x371', 'reservation_date': '2025-07-18', 'reservation_time': '20:22', 'guests_count': 3, 'is_confirmed': True}
[2025-07-18T18:42:04.537+0000] {subprocess.py:93} INFO - [✓] Sent to reservations: {'reservation_id': 6792, 'branch_id': 101, 'customer_name': 'Jessica Willis', 'phone_number': '+1-769-391-3124x73921', 'reservation_date': '2025-07-18', 'reservation_time': '20:34', 'guests_count': 5, 'is_confirmed': True}
[2025-07-18T18:42:04.537+0000] {subprocess.py:93} INFO - [✓] Sent to checkins: {'checkin_id': 4906, 'customer_name': 'Maurice Miller', 'phone_number': '(855)773-8472', 'branch_id': 101, 'table_id': 201, 'is_prebooked': True, 'checkin_date': '2025-07-18', 'checkin_time': '18:41', 'guests_count': 1, 'shift_manager': 'Sandra Schneider'}
[2025-07-18T18:42:04.538+0000] {subprocess.py:93} INFO - [✓] Sent to checkins: {'checkin_id': 3559, 'customer_name': 'Douglas Smith', 'phone_number': '(471)906-8361x68276', 'branch_id': 102, 'table_id': 207, 'is_prebooked': False, 'checkin_date': '2025-07-18', 'checkin_time': '16:49', 'guests_count': 4, 'shift_manager': 'Jessica Ashley'}
[2025-07-18T18:42:04.539+0000] {subprocess.py:93} INFO - [✓] Sent to checkins: {'checkin_id': 9281, 'customer_name': 'Erin Dillon', 'phone_number': '+1-621-741-7628x63872', 'branch_id': 102, 'table_id': 202, 'is_prebooked': True, 'checkin_date': '2025-07-18', 'checkin_time': '17:32', 'guests_count': 6, 'shift_manager': 'Jim Walker'}
[2025-07-18T18:42:04.540+0000] {subprocess.py:93} INFO - [✓] Sent to feedback: {'feedback_id': 2491, 'branch_id': 101, 'customer_name': 'Betty Calhoun', 'phone_number': '+1-747-286-6146x0751', 'feedback_text': 'Because too fund away sea herself field.', 'rating': 2, 'dining_date': '2025-07-18', 'dining_time': '17:38', 'submission_time': '2025-07-18T18:42:01'}
[2025-07-18T18:42:04.542+0000] {subprocess.py:93} INFO - [✓] Sent to feedback: {'feedback_id': 5746, 'branch_id': 101, 'customer_name': 'Megan Lee', 'phone_number': '(247)979-3023x8151', 'feedback_text': 'Visit eat test health control.', 'rating': 5, 'dining_date': '2025-07-18', 'dining_time': '17:41', 'submission_time': '2025-07-18T18:42:01'}
[2025-07-18T18:42:04.542+0000] {subprocess.py:93} INFO - [✓] Sent to feedback: {'feedback_id': 4146, 'branch_id': 101, 'customer_name': 'Erik Walsh', 'phone_number': '001-322-940-6784x8288', 'feedback_text': 'Everything let series prepare bar anything alone.', 'rating': 4, 'dining_date': '2025-07-18', 'dining_time': '17:16', 'submission_time': '2025-07-18T18:42:01'}
[2025-07-18T18:42:04.542+0000] {subprocess.py:93} INFO - ✅ All messages sent.
[2025-07-18T18:42:04.557+0000] {subprocess.py:97} INFO - Command exited with return code 0
[2025-07-18T18:42:04.572+0000] {taskinstance.py:1400} INFO - Marking task as SUCCESS. dag_id=restaurant_pipeline, task_id=send_to_kafka, execution_date=20250718T184000, start_date=20250718T184202, end_date=20250718T184204
[2025-07-18T18:42:04.621+0000] {local_task_job_runner.py:228} INFO - Task exited with return code 0
[2025-07-18T18:42:04.646+0000] {taskinstance.py:2778} INFO - 1 downstream tasks scheduled from follow-on schedule check
