[2025-07-18T20:44:01.641+0000] {taskinstance.py:1159} INFO - Dependencies all met for dep_context=non-requeueable deps ti=<TaskInstance: restaurant_pipeline.send_to_kafka scheduled__2025-07-18T20:42:00+00:00 [queued]>
[2025-07-18T20:44:01.646+0000] {taskinstance.py:1159} INFO - Dependencies all met for dep_context=requeueable deps ti=<TaskInstance: restaurant_pipeline.send_to_kafka scheduled__2025-07-18T20:42:00+00:00 [queued]>
[2025-07-18T20:44:01.646+0000] {taskinstance.py:1361} INFO - Starting attempt 1 of 1
[2025-07-18T20:44:01.652+0000] {taskinstance.py:1382} INFO - Executing <Task(BashOperator): send_to_kafka> on 2025-07-18 20:42:00+00:00
[2025-07-18T20:44:01.655+0000] {standard_task_runner.py:57} INFO - Started process 6431 to run task
[2025-07-18T20:44:01.656+0000] {standard_task_runner.py:84} INFO - Running: ['***', 'tasks', 'run', 'restaurant_pipeline', 'send_to_kafka', 'scheduled__2025-07-18T20:42:00+00:00', '--job-id', '647', '--raw', '--subdir', 'DAGS_FOLDER/restaurant_pipeline.py', '--cfg-path', '/tmp/tmpfdabynhz']
[2025-07-18T20:44:01.658+0000] {standard_task_runner.py:85} INFO - Job 647: Subtask send_to_kafka
[2025-07-18T20:44:01.695+0000] {task_command.py:416} INFO - Running <TaskInstance: restaurant_pipeline.send_to_kafka scheduled__2025-07-18T20:42:00+00:00 [running]> on host 9bcfb43e0ab7
[2025-07-18T20:44:01.768+0000] {taskinstance.py:1662} INFO - Exporting env vars: AIRFLOW_CTX_DAG_OWNER='moran' AIRFLOW_CTX_DAG_ID='restaurant_pipeline' AIRFLOW_CTX_TASK_ID='send_to_kafka' AIRFLOW_CTX_EXECUTION_DATE='2025-07-18T20:42:00+00:00' AIRFLOW_CTX_TRY_NUMBER='1' AIRFLOW_CTX_DAG_RUN_ID='scheduled__2025-07-18T20:42:00+00:00'
[2025-07-18T20:44:01.770+0000] {subprocess.py:63} INFO - Tmp dir root location: /tmp
[2025-07-18T20:44:01.771+0000] {subprocess.py:75} INFO - Running command: ['/bin/bash', '-c', 'python /opt/streaming/producer.py']
[2025-07-18T20:44:01.782+0000] {subprocess.py:86} INFO - Output:
[2025-07-18T20:44:04.197+0000] {subprocess.py:93} INFO - [✓] Sent to reservations: {'reservation_id': 5986, 'branch_id': 101, 'customer_name': 'Ashley Goodman', 'phone_number': '658.540.9635', 'reservation_date': '2025-07-18', 'reservation_time': '21:01', 'guests_count': 5, 'is_confirmed': False}
[2025-07-18T20:44:04.202+0000] {subprocess.py:93} INFO - [✓] Sent to reservations: {'reservation_id': 4441, 'branch_id': 101, 'customer_name': 'Brandon Silva', 'phone_number': '001-653-345-2669x723', 'reservation_date': '2025-07-18', 'reservation_time': '22:09', 'guests_count': 4, 'is_confirmed': True}
[2025-07-18T20:44:04.204+0000] {subprocess.py:93} INFO - [✓] Sent to reservations: {'reservation_id': 1538, 'branch_id': 101, 'customer_name': 'Kristin Wagner', 'phone_number': '874-285-1764x3079', 'reservation_date': '2025-07-18', 'reservation_time': '21:17', 'guests_count': 3, 'is_confirmed': False}
[2025-07-18T20:44:04.205+0000] {subprocess.py:93} INFO - [✓] Sent to checkins: {'checkin_id': 2404, 'customer_name': 'Kathleen Garcia', 'phone_number': '+1-557-658-2023x7498', 'branch_id': 102, 'table_id': 203, 'is_prebooked': False, 'checkin_date': '2025-07-18', 'checkin_time': '19:34', 'guests_count': 4, 'shift_manager': 'Sandra Mitchell'}
[2025-07-18T20:44:04.206+0000] {subprocess.py:93} INFO - [✓] Sent to checkins: {'checkin_id': 4213, 'customer_name': 'Jesus Price', 'phone_number': '(565)774-0672x1711', 'branch_id': 101, 'table_id': 203, 'is_prebooked': True, 'checkin_date': '2025-07-18', 'checkin_time': '19:01', 'guests_count': 2, 'shift_manager': 'Corey Bullock'}
[2025-07-18T20:44:04.208+0000] {subprocess.py:93} INFO - [✓] Sent to checkins: {'checkin_id': 7562, 'customer_name': 'Micheal Frazier', 'phone_number': '4228978586', 'branch_id': 101, 'table_id': 207, 'is_prebooked': True, 'checkin_date': '2025-07-18', 'checkin_time': '18:55', 'guests_count': 4, 'shift_manager': 'Richard Chapman'}
[2025-07-18T20:44:04.208+0000] {subprocess.py:93} INFO - [✓] Sent to feedback: {'feedback_id': 3028, 'branch_id': 101, 'customer_name': 'Trevor Osborn', 'phone_number': '732-931-9532x64725', 'feedback_text': 'Space perhaps hear rate threat this part.', 'rating': 2, 'dining_date': '2025-07-18', 'dining_time': '18:48', 'submission_time': '2025-07-18T20:44:00'}
[2025-07-18T20:44:04.208+0000] {subprocess.py:93} INFO - [✓] Sent to feedback: {'feedback_id': 6632, 'branch_id': 101, 'customer_name': 'Dr. Cynthia Taylor MD', 'phone_number': '406-275-6796x9683', 'feedback_text': 'Know real member for way something.', 'rating': 5, 'dining_date': '2025-07-18', 'dining_time': '18:44', 'submission_time': '2025-07-18T20:44:00'}
[2025-07-18T20:44:04.209+0000] {subprocess.py:93} INFO - [✓] Sent to feedback: {'feedback_id': 9077, 'branch_id': 102, 'customer_name': 'Jeffrey Kane', 'phone_number': '+1-726-955-1103x9037', 'feedback_text': 'I sometimes none human.', 'rating': 5, 'dining_date': '2025-07-18', 'dining_time': '20:18', 'submission_time': '2025-07-18T20:44:00'}
[2025-07-18T20:44:04.209+0000] {subprocess.py:93} INFO - ✅ All messages sent.
[2025-07-18T20:44:04.248+0000] {subprocess.py:97} INFO - Command exited with return code 0
[2025-07-18T20:44:04.265+0000] {taskinstance.py:1400} INFO - Marking task as SUCCESS. dag_id=restaurant_pipeline, task_id=send_to_kafka, execution_date=20250718T204200, start_date=20250718T204401, end_date=20250718T204404
[2025-07-18T20:44:04.290+0000] {local_task_job_runner.py:228} INFO - Task exited with return code 0
[2025-07-18T20:44:04.316+0000] {taskinstance.py:2778} INFO - 1 downstream tasks scheduled from follow-on schedule check
