[2025-07-19T16:31:10.109+0000] {taskinstance.py:1159} INFO - Dependencies all met for dep_context=non-requeueable deps ti=<TaskInstance: restaurant_pipeline.send_to_kafka scheduled__2025-07-19T16:28:00+00:00 [queued]>
[2025-07-19T16:31:10.113+0000] {taskinstance.py:1159} INFO - Dependencies all met for dep_context=requeueable deps ti=<TaskInstance: restaurant_pipeline.send_to_kafka scheduled__2025-07-19T16:28:00+00:00 [queued]>
[2025-07-19T16:31:10.113+0000] {taskinstance.py:1361} INFO - Starting attempt 1 of 1
[2025-07-19T16:31:10.118+0000] {taskinstance.py:1382} INFO - Executing <Task(BashOperator): send_to_kafka> on 2025-07-19 16:28:00+00:00
[2025-07-19T16:31:10.120+0000] {standard_task_runner.py:57} INFO - Started process 727 to run task
[2025-07-19T16:31:10.122+0000] {standard_task_runner.py:84} INFO - Running: ['***', 'tasks', 'run', 'restaurant_pipeline', 'send_to_kafka', 'scheduled__2025-07-19T16:28:00+00:00', '--job-id', '835', '--raw', '--subdir', 'DAGS_FOLDER/restaurant_pipeline.py', '--cfg-path', '/tmp/tmp9l593kgf']
[2025-07-19T16:31:10.123+0000] {standard_task_runner.py:85} INFO - Job 835: Subtask send_to_kafka
[2025-07-19T16:31:10.144+0000] {task_command.py:416} INFO - Running <TaskInstance: restaurant_pipeline.send_to_kafka scheduled__2025-07-19T16:28:00+00:00 [running]> on host 28e8e04e957d
[2025-07-19T16:31:10.180+0000] {taskinstance.py:1662} INFO - Exporting env vars: AIRFLOW_CTX_DAG_OWNER='moran' AIRFLOW_CTX_DAG_ID='restaurant_pipeline' AIRFLOW_CTX_TASK_ID='send_to_kafka' AIRFLOW_CTX_EXECUTION_DATE='2025-07-19T16:28:00+00:00' AIRFLOW_CTX_TRY_NUMBER='1' AIRFLOW_CTX_DAG_RUN_ID='scheduled__2025-07-19T16:28:00+00:00'
[2025-07-19T16:31:10.180+0000] {subprocess.py:63} INFO - Tmp dir root location: /tmp
[2025-07-19T16:31:10.181+0000] {subprocess.py:75} INFO - Running command: ['/bin/bash', '-c', 'python /opt/streaming/producer.py']
[2025-07-19T16:31:10.184+0000] {subprocess.py:86} INFO - Output:
[2025-07-19T16:31:12.408+0000] {subprocess.py:93} INFO - [✓] Sent to reservations: {'reservation_id': 4609, 'branch_id': 101, 'customer_name': 'Christine Walters', 'phone_number': '(229)675-1193', 'reservation_date': '2025-07-19', 'reservation_time': '16:49', 'guests_count': 6, 'is_confirmed': True}
[2025-07-19T16:31:12.409+0000] {subprocess.py:93} INFO - [✓] Sent to reservations: {'reservation_id': 8070, 'branch_id': 101, 'customer_name': 'Mitchell Wu', 'phone_number': '436.560.6664x76940', 'reservation_date': '2025-07-19', 'reservation_time': '17:57', 'guests_count': 5, 'is_confirmed': True}
[2025-07-19T16:31:12.410+0000] {subprocess.py:93} INFO - [✓] Sent to reservations: {'reservation_id': 4521, 'branch_id': 102, 'customer_name': 'David Barton', 'phone_number': '675-663-6870x620', 'reservation_date': '2025-07-19', 'reservation_time': '17:24', 'guests_count': 5, 'is_confirmed': True}
[2025-07-19T16:31:12.410+0000] {subprocess.py:93} INFO - [✓] Sent to checkins: {'checkin_id': 2542, 'customer_name': 'Charles Li', 'phone_number': '9019611841', 'branch_id': 102, 'table_id': 204, 'is_prebooked': True, 'checkin_date': '2025-07-19', 'checkin_time': '16:03', 'guests_count': 2, 'shift_manager': 'Joshua Harrison'}
[2025-07-19T16:31:12.410+0000] {subprocess.py:93} INFO - [✓] Sent to checkins: {'checkin_id': 5572, 'customer_name': 'Brian Fitzgerald', 'phone_number': '3927742759', 'branch_id': 101, 'table_id': 204, 'is_prebooked': False, 'checkin_date': '2025-07-19', 'checkin_time': '15:06', 'guests_count': 2, 'shift_manager': 'Veronica Woods'}
[2025-07-19T16:31:12.411+0000] {subprocess.py:93} INFO - [✓] Sent to checkins: {'checkin_id': 1157, 'customer_name': 'Jonathan Scott', 'phone_number': '001-771-425-8209', 'branch_id': 101, 'table_id': 209, 'is_prebooked': False, 'checkin_date': '2025-07-19', 'checkin_time': '15:12', 'guests_count': 1, 'shift_manager': 'Michael King'}
[2025-07-19T16:31:12.411+0000] {subprocess.py:93} INFO - [✓] Sent to feedback: {'feedback_id': 2157, 'branch_id': 101, 'customer_name': 'Lisa Bruce', 'phone_number': '467.842.4335', 'feedback_text': 'Shoulder guess design science forward wait teach vote.', 'rating': 2, 'dining_date': '2025-07-19', 'dining_time': '15:51', 'submission_time': '2025-07-19T16:31:09'}
[2025-07-19T16:31:12.411+0000] {subprocess.py:93} INFO - [✓] Sent to feedback: {'feedback_id': 1814, 'branch_id': 101, 'customer_name': 'Tammy Frazier', 'phone_number': '+1-406-978-8533', 'feedback_text': 'Particularly stop experience stage actually life rate marriage.', 'rating': 3, 'dining_date': '2025-07-19', 'dining_time': '15:39', 'submission_time': '2025-07-19T16:31:09'}
[2025-07-19T16:31:12.412+0000] {subprocess.py:93} INFO - [✓] Sent to feedback: {'feedback_id': 2855, 'branch_id': 101, 'customer_name': 'Mr. Jeffrey Gordon', 'phone_number': '(843)737-7913x294', 'feedback_text': 'Thus Democrat note even knowledge suggest.', 'rating': 1, 'dining_date': '2025-07-19', 'dining_time': '16:01', 'submission_time': '2025-07-19T16:31:09'}
[2025-07-19T16:31:12.412+0000] {subprocess.py:93} INFO - ✅ All messages sent.
[2025-07-19T16:31:12.459+0000] {subprocess.py:97} INFO - Command exited with return code 0
[2025-07-19T16:31:12.477+0000] {taskinstance.py:1400} INFO - Marking task as SUCCESS. dag_id=restaurant_pipeline, task_id=send_to_kafka, execution_date=20250719T162800, start_date=20250719T163110, end_date=20250719T163112
[2025-07-19T16:31:12.509+0000] {local_task_job_runner.py:228} INFO - Task exited with return code 0
[2025-07-19T16:31:12.536+0000] {taskinstance.py:2778} INFO - 1 downstream tasks scheduled from follow-on schedule check
