[2025-07-19T22:17:28.111+0000] {taskinstance.py:1159} INFO - Dependencies all met for dep_context=non-requeueable deps ti=<TaskInstance: restaurant_pipeline.send_to_kafka scheduled__2025-07-19T22:14:00+00:00 [queued]>
[2025-07-19T22:17:28.142+0000] {taskinstance.py:1159} INFO - Dependencies all met for dep_context=requeueable deps ti=<TaskInstance: restaurant_pipeline.send_to_kafka scheduled__2025-07-19T22:14:00+00:00 [queued]>
[2025-07-19T22:17:28.143+0000] {taskinstance.py:1361} INFO - Starting attempt 1 of 1
[2025-07-19T22:17:28.153+0000] {taskinstance.py:1382} INFO - Executing <Task(BashOperator): send_to_kafka> on 2025-07-19 22:14:00+00:00
[2025-07-19T22:17:28.157+0000] {standard_task_runner.py:57} INFO - Started process 5185 to run task
[2025-07-19T22:17:28.160+0000] {standard_task_runner.py:84} INFO - Running: ['***', 'tasks', 'run', 'restaurant_pipeline', 'send_to_kafka', 'scheduled__2025-07-19T22:14:00+00:00', '--job-id', '1290', '--raw', '--subdir', 'DAGS_FOLDER/restaurant_pipeline.py', '--cfg-path', '/tmp/tmp3_oewckf']
[2025-07-19T22:17:28.162+0000] {standard_task_runner.py:85} INFO - Job 1290: Subtask send_to_kafka
[2025-07-19T22:17:28.198+0000] {task_command.py:416} INFO - Running <TaskInstance: restaurant_pipeline.send_to_kafka scheduled__2025-07-19T22:14:00+00:00 [running]> on host e3f5d8fc4eef
[2025-07-19T22:17:28.258+0000] {taskinstance.py:1662} INFO - Exporting env vars: AIRFLOW_CTX_DAG_OWNER='moran' AIRFLOW_CTX_DAG_ID='restaurant_pipeline' AIRFLOW_CTX_TASK_ID='send_to_kafka' AIRFLOW_CTX_EXECUTION_DATE='2025-07-19T22:14:00+00:00' AIRFLOW_CTX_TRY_NUMBER='1' AIRFLOW_CTX_DAG_RUN_ID='scheduled__2025-07-19T22:14:00+00:00'
[2025-07-19T22:17:28.259+0000] {subprocess.py:63} INFO - Tmp dir root location: /tmp
[2025-07-19T22:17:28.260+0000] {subprocess.py:75} INFO - Running command: ['/bin/bash', '-c', 'python /opt/streaming/producer.py']
[2025-07-19T22:17:28.265+0000] {subprocess.py:86} INFO - Output:
[2025-07-19T22:17:30.786+0000] {subprocess.py:93} INFO - [✓] Sent to reservations: {'reservation_id': 5751, 'branch_id': 101, 'customer_name': 'Karen Hardy', 'phone_number': '549-690-9436x5927', 'reservation_date': '2025-07-19', 'reservation_time': '22:42', 'guests_count': 4, 'is_confirmed': True}
[2025-07-19T22:17:30.789+0000] {subprocess.py:93} INFO - [✓] Sent to reservations: {'reservation_id': 2615, 'branch_id': 102, 'customer_name': 'Kevin Norris', 'phone_number': '+1-658-841-7288x037', 'reservation_date': '2025-07-19', 'reservation_time': '23:15', 'guests_count': 5, 'is_confirmed': False}
[2025-07-19T22:17:30.789+0000] {subprocess.py:93} INFO - [✓] Sent to reservations: {'reservation_id': 4069, 'branch_id': 101, 'customer_name': 'Leonard Smith', 'phone_number': '9789245652', 'reservation_date': '2025-07-19', 'reservation_time': '22:29', 'guests_count': 5, 'is_confirmed': True}
[2025-07-19T22:17:30.790+0000] {subprocess.py:93} INFO - [✓] Sent to checkins: {'checkin_id': 4988, 'customer_name': 'Alicia Clarke', 'phone_number': '833.484.8212x81695', 'branch_id': 101, 'table_id': 205, 'is_prebooked': True, 'checkin_date': '2025-07-19', 'checkin_time': '20:38', 'guests_count': 6, 'shift_manager': 'James Spencer'}
[2025-07-19T22:17:30.790+0000] {subprocess.py:93} INFO - [✓] Sent to checkins: {'checkin_id': 5703, 'customer_name': 'Elizabeth Rivera', 'phone_number': '001-705-402-4499x9100', 'branch_id': 102, 'table_id': 203, 'is_prebooked': False, 'checkin_date': '2025-07-19', 'checkin_time': '21:42', 'guests_count': 1, 'shift_manager': 'Joe Hunt'}
[2025-07-19T22:17:30.790+0000] {subprocess.py:93} INFO - [✓] Sent to checkins: {'checkin_id': 3680, 'customer_name': 'Alisha Young', 'phone_number': '751-878-2299x3137', 'branch_id': 101, 'table_id': 206, 'is_prebooked': True, 'checkin_date': '2025-07-19', 'checkin_time': '20:59', 'guests_count': 3, 'shift_manager': 'Travis Petersen'}
[2025-07-19T22:17:30.790+0000] {subprocess.py:93} INFO - [✓] Sent to feedback: {'feedback_id': 7409, 'branch_id': 101, 'customer_name': 'Vanessa Moon', 'phone_number': '001-743-670-3870x805', 'feedback_text': 'Dark so need they soon total book.', 'rating': 4, 'dining_date': '2025-07-19', 'dining_time': '20:46', 'submission_time': '2025-07-19T22:17:27'}
[2025-07-19T22:17:30.791+0000] {subprocess.py:93} INFO - [✓] Sent to feedback: {'feedback_id': 1410, 'branch_id': 101, 'customer_name': 'Jaime Bruce', 'phone_number': '507.246.7987x38913', 'feedback_text': 'Hour event across city system top reveal.', 'rating': 1, 'dining_date': '2025-07-19', 'dining_time': '21:55', 'submission_time': '2025-07-19T22:17:27'}
[2025-07-19T22:17:30.791+0000] {subprocess.py:93} INFO - [✓] Sent to feedback: {'feedback_id': 9964, 'branch_id': 101, 'customer_name': 'Richard Gates', 'phone_number': '769.442.2556', 'feedback_text': 'Response shake wear stop ever character official.', 'rating': 3, 'dining_date': '2025-07-19', 'dining_time': '21:46', 'submission_time': '2025-07-19T22:17:27'}
[2025-07-19T22:17:30.792+0000] {subprocess.py:93} INFO - ✅ All messages sent.
[2025-07-19T22:17:30.883+0000] {subprocess.py:97} INFO - Command exited with return code 0
[2025-07-19T22:17:30.954+0000] {taskinstance.py:1400} INFO - Marking task as SUCCESS. dag_id=restaurant_pipeline, task_id=send_to_kafka, execution_date=20250719T221400, start_date=20250719T221728, end_date=20250719T221730
[2025-07-19T22:17:30.984+0000] {local_task_job_runner.py:228} INFO - Task exited with return code 0
[2025-07-19T22:17:31.051+0000] {taskinstance.py:2778} INFO - 1 downstream tasks scheduled from follow-on schedule check
