[2025-07-19T19:05:51.937+0000] {taskinstance.py:1159} INFO - Dependencies all met for dep_context=non-requeueable deps ti=<TaskInstance: restaurant_pipeline.send_to_kafka scheduled__2025-07-19T19:02:00+00:00 [queued]>
[2025-07-19T19:05:51.941+0000] {taskinstance.py:1159} INFO - Dependencies all met for dep_context=requeueable deps ti=<TaskInstance: restaurant_pipeline.send_to_kafka scheduled__2025-07-19T19:02:00+00:00 [queued]>
[2025-07-19T19:05:51.941+0000] {taskinstance.py:1361} INFO - Starting attempt 1 of 1
[2025-07-19T19:05:51.946+0000] {taskinstance.py:1382} INFO - Executing <Task(BashOperator): send_to_kafka> on 2025-07-19 19:02:00+00:00
[2025-07-19T19:05:51.948+0000] {standard_task_runner.py:57} INFO - Started process 1841 to run task
[2025-07-19T19:05:51.950+0000] {standard_task_runner.py:84} INFO - Running: ['***', 'tasks', 'run', 'restaurant_pipeline', 'send_to_kafka', 'scheduled__2025-07-19T19:02:00+00:00', '--job-id', '1066', '--raw', '--subdir', 'DAGS_FOLDER/restaurant_pipeline.py', '--cfg-path', '/tmp/tmpahruuu_y']
[2025-07-19T19:05:51.951+0000] {standard_task_runner.py:85} INFO - Job 1066: Subtask send_to_kafka
[2025-07-19T19:05:51.972+0000] {task_command.py:416} INFO - Running <TaskInstance: restaurant_pipeline.send_to_kafka scheduled__2025-07-19T19:02:00+00:00 [running]> on host e3f5d8fc4eef
[2025-07-19T19:05:52.015+0000] {taskinstance.py:1662} INFO - Exporting env vars: AIRFLOW_CTX_DAG_OWNER='moran' AIRFLOW_CTX_DAG_ID='restaurant_pipeline' AIRFLOW_CTX_TASK_ID='send_to_kafka' AIRFLOW_CTX_EXECUTION_DATE='2025-07-19T19:02:00+00:00' AIRFLOW_CTX_TRY_NUMBER='1' AIRFLOW_CTX_DAG_RUN_ID='scheduled__2025-07-19T19:02:00+00:00'
[2025-07-19T19:05:52.015+0000] {subprocess.py:63} INFO - Tmp dir root location: /tmp
[2025-07-19T19:05:52.016+0000] {subprocess.py:75} INFO - Running command: ['/bin/bash', '-c', 'python /opt/streaming/producer.py']
[2025-07-19T19:05:52.020+0000] {subprocess.py:86} INFO - Output:
[2025-07-19T19:05:54.254+0000] {subprocess.py:93} INFO - [✓] Sent to reservations: {'reservation_id': 2878, 'branch_id': 101, 'customer_name': 'Michael Davis', 'phone_number': '792-988-2064x75657', 'reservation_date': '2025-07-19', 'reservation_time': '19:28', 'guests_count': 8, 'is_confirmed': False}
[2025-07-19T19:05:54.255+0000] {subprocess.py:93} INFO - [✓] Sent to reservations: {'reservation_id': 6166, 'branch_id': 101, 'customer_name': 'Edwin Martinez', 'phone_number': '(356)869-5656x4068', 'reservation_date': '2025-07-19', 'reservation_time': '19:55', 'guests_count': 7, 'is_confirmed': True}
[2025-07-19T19:05:54.256+0000] {subprocess.py:93} INFO - [✓] Sent to reservations: {'reservation_id': 1487, 'branch_id': 102, 'customer_name': 'Natalie Coleman', 'phone_number': '001-399-620-9807x721', 'reservation_date': '2025-07-19', 'reservation_time': '20:50', 'guests_count': 1, 'is_confirmed': True}
[2025-07-19T19:05:54.256+0000] {subprocess.py:93} INFO - [✓] Sent to checkins: {'checkin_id': 8072, 'customer_name': 'Christopher Gordon', 'phone_number': '5114020219', 'branch_id': 101, 'table_id': 202, 'is_prebooked': False, 'checkin_date': '2025-07-19', 'checkin_time': '17:12', 'guests_count': 3, 'shift_manager': 'Cheryl Scott'}
[2025-07-19T19:05:54.256+0000] {subprocess.py:93} INFO - [✓] Sent to checkins: {'checkin_id': 2459, 'customer_name': 'John Soto', 'phone_number': '4002350014', 'branch_id': 101, 'table_id': 209, 'is_prebooked': True, 'checkin_date': '2025-07-19', 'checkin_time': '18:15', 'guests_count': 6, 'shift_manager': 'Joann Green'}
[2025-07-19T19:05:54.257+0000] {subprocess.py:93} INFO - [✓] Sent to checkins: {'checkin_id': 9846, 'customer_name': 'Susan Fox', 'phone_number': '(786)698-0192', 'branch_id': 101, 'table_id': 204, 'is_prebooked': True, 'checkin_date': '2025-07-19', 'checkin_time': '19:04', 'guests_count': 6, 'shift_manager': 'David Briggs'}
[2025-07-19T19:05:54.257+0000] {subprocess.py:93} INFO - [✓] Sent to feedback: {'feedback_id': 6985, 'branch_id': 102, 'customer_name': 'Leon Kaufman', 'phone_number': '(390)641-7221', 'feedback_text': 'Wind education how order same first position.', 'rating': 2, 'dining_date': '2025-07-19', 'dining_time': '18:45', 'submission_time': '2025-07-19T19:05:50'}
[2025-07-19T19:05:54.258+0000] {subprocess.py:93} INFO - [✓] Sent to feedback: {'feedback_id': 7289, 'branch_id': 101, 'customer_name': 'Brooke Strong', 'phone_number': '769-384-1904x1374', 'feedback_text': 'Total part garden four happy according.', 'rating': 1, 'dining_date': '2025-07-19', 'dining_time': '18:26', 'submission_time': '2025-07-19T19:05:50'}
[2025-07-19T19:05:54.258+0000] {subprocess.py:93} INFO - [✓] Sent to feedback: {'feedback_id': 7689, 'branch_id': 101, 'customer_name': 'Jose Foster', 'phone_number': '(271)584-2214x1244', 'feedback_text': 'Reveal decide trade even.', 'rating': 3, 'dining_date': '2025-07-19', 'dining_time': '17:17', 'submission_time': '2025-07-19T19:05:50'}
[2025-07-19T19:05:54.258+0000] {subprocess.py:93} INFO - ✅ All messages sent.
[2025-07-19T19:05:54.306+0000] {subprocess.py:97} INFO - Command exited with return code 0
[2025-07-19T19:05:54.324+0000] {taskinstance.py:1400} INFO - Marking task as SUCCESS. dag_id=restaurant_pipeline, task_id=send_to_kafka, execution_date=20250719T190200, start_date=20250719T190551, end_date=20250719T190554
[2025-07-19T19:05:54.339+0000] {local_task_job_runner.py:228} INFO - Task exited with return code 0
[2025-07-19T19:05:54.365+0000] {taskinstance.py:2778} INFO - 1 downstream tasks scheduled from follow-on schedule check
