[2025-07-18T18:35:14.272+0000] {taskinstance.py:1159} INFO - Dependencies all met for dep_context=non-requeueable deps ti=<TaskInstance: restaurant_pipeline.send_to_kafka scheduled__2025-07-18T18:32:00+00:00 [queued]>
[2025-07-18T18:35:14.276+0000] {taskinstance.py:1159} INFO - Dependencies all met for dep_context=requeueable deps ti=<TaskInstance: restaurant_pipeline.send_to_kafka scheduled__2025-07-18T18:32:00+00:00 [queued]>
[2025-07-18T18:35:14.276+0000] {taskinstance.py:1361} INFO - Starting attempt 1 of 1
[2025-07-18T18:35:14.282+0000] {taskinstance.py:1382} INFO - Executing <Task(BashOperator): send_to_kafka> on 2025-07-18 18:32:00+00:00
[2025-07-18T18:35:14.284+0000] {standard_task_runner.py:57} INFO - Started process 3519 to run task
[2025-07-18T18:35:14.286+0000] {standard_task_runner.py:84} INFO - Running: ['***', 'tasks', 'run', 'restaurant_pipeline', 'send_to_kafka', 'scheduled__2025-07-18T18:32:00+00:00', '--job-id', '389', '--raw', '--subdir', 'DAGS_FOLDER/restaurant_pipeline.py', '--cfg-path', '/tmp/tmp5iz_74s4']
[2025-07-18T18:35:14.287+0000] {standard_task_runner.py:85} INFO - Job 389: Subtask send_to_kafka
[2025-07-18T18:35:14.319+0000] {task_command.py:416} INFO - Running <TaskInstance: restaurant_pipeline.send_to_kafka scheduled__2025-07-18T18:32:00+00:00 [running]> on host 9bcfb43e0ab7
[2025-07-18T18:35:14.359+0000] {taskinstance.py:1662} INFO - Exporting env vars: AIRFLOW_CTX_DAG_OWNER='moran' AIRFLOW_CTX_DAG_ID='restaurant_pipeline' AIRFLOW_CTX_TASK_ID='send_to_kafka' AIRFLOW_CTX_EXECUTION_DATE='2025-07-18T18:32:00+00:00' AIRFLOW_CTX_TRY_NUMBER='1' AIRFLOW_CTX_DAG_RUN_ID='scheduled__2025-07-18T18:32:00+00:00'
[2025-07-18T18:35:14.360+0000] {subprocess.py:63} INFO - Tmp dir root location: /tmp
[2025-07-18T18:35:14.360+0000] {subprocess.py:75} INFO - Running command: ['/bin/bash', '-c', 'python /opt/streaming/producer.py']
[2025-07-18T18:35:14.364+0000] {subprocess.py:86} INFO - Output:
[2025-07-18T18:35:16.599+0000] {subprocess.py:93} INFO - [✓] Sent to reservations: {'reservation_id': 7512, 'branch_id': 102, 'customer_name': 'Sabrina Navarro', 'phone_number': '709-271-7880', 'reservation_date': '2025-07-18', 'reservation_time': '19:24', 'guests_count': 6, 'is_confirmed': True}
[2025-07-18T18:35:16.603+0000] {subprocess.py:93} INFO - [✓] Sent to reservations: {'reservation_id': 1714, 'branch_id': 102, 'customer_name': 'Brian Green', 'phone_number': '001-346-860-8687x4775', 'reservation_date': '2025-07-18', 'reservation_time': '19:46', 'guests_count': 4, 'is_confirmed': True}
[2025-07-18T18:35:16.603+0000] {subprocess.py:93} INFO - [✓] Sent to reservations: {'reservation_id': 9668, 'branch_id': 101, 'customer_name': 'Rachel Trevino', 'phone_number': '560-327-6593', 'reservation_date': '2025-07-18', 'reservation_time': '19:40', 'guests_count': 8, 'is_confirmed': False}
[2025-07-18T18:35:16.604+0000] {subprocess.py:93} INFO - [✓] Sent to checkins: {'checkin_id': 6106, 'customer_name': 'Kara Herring', 'phone_number': '001-258-595-2091', 'branch_id': 102, 'table_id': 203, 'is_prebooked': True, 'checkin_date': '2025-07-18', 'checkin_time': '17:32', 'guests_count': 3, 'shift_manager': 'Adam Bryant'}
[2025-07-18T18:35:16.604+0000] {subprocess.py:93} INFO - [✓] Sent to checkins: {'checkin_id': 7584, 'customer_name': 'Rodney Acosta', 'phone_number': '(553)391-5144x04123', 'branch_id': 102, 'table_id': 210, 'is_prebooked': True, 'checkin_date': '2025-07-18', 'checkin_time': '16:39', 'guests_count': 3, 'shift_manager': 'Ashley Fernandez'}
[2025-07-18T18:35:16.605+0000] {subprocess.py:93} INFO - [✓] Sent to checkins: {'checkin_id': 3686, 'customer_name': 'Kelli Mckay', 'phone_number': '001-569-676-7275x6765', 'branch_id': 101, 'table_id': 200, 'is_prebooked': False, 'checkin_date': '2025-07-18', 'checkin_time': '16:38', 'guests_count': 3, 'shift_manager': 'Michael Ramos'}
[2025-07-18T18:35:16.605+0000] {subprocess.py:93} INFO - [✓] Sent to feedback: {'feedback_id': 5758, 'branch_id': 101, 'customer_name': 'Bryan Wise', 'phone_number': '001-889-469-8097x05596', 'feedback_text': 'Box hit enter particular short support.', 'rating': 1, 'dining_date': '2025-07-18', 'dining_time': '18:25', 'submission_time': '2025-07-18T18:35:13'}
[2025-07-18T18:35:16.606+0000] {subprocess.py:93} INFO - [✓] Sent to feedback: {'feedback_id': 1175, 'branch_id': 102, 'customer_name': 'Michael King', 'phone_number': '+1-372-685-3022x09613', 'feedback_text': 'People grow water break father seek tree leave.', 'rating': 2, 'dining_date': '2025-07-18', 'dining_time': '16:54', 'submission_time': '2025-07-18T18:35:13'}
[2025-07-18T18:35:16.607+0000] {subprocess.py:93} INFO - [✓] Sent to feedback: {'feedback_id': 7383, 'branch_id': 101, 'customer_name': 'Jason Carter', 'phone_number': '(454)579-1800x073', 'feedback_text': 'Its myself cover wait.', 'rating': 4, 'dining_date': '2025-07-18', 'dining_time': '18:12', 'submission_time': '2025-07-18T18:35:13'}
[2025-07-18T18:35:16.609+0000] {subprocess.py:93} INFO - ✅ All messages sent.
[2025-07-18T18:35:16.653+0000] {subprocess.py:97} INFO - Command exited with return code 0
[2025-07-18T18:35:16.673+0000] {taskinstance.py:1400} INFO - Marking task as SUCCESS. dag_id=restaurant_pipeline, task_id=send_to_kafka, execution_date=20250718T183200, start_date=20250718T183514, end_date=20250718T183516
[2025-07-18T18:35:16.707+0000] {local_task_job_runner.py:228} INFO - Task exited with return code 0
[2025-07-18T18:35:16.734+0000] {taskinstance.py:2778} INFO - 1 downstream tasks scheduled from follow-on schedule check
