[2025-07-19T19:10:05.464+0000] {taskinstance.py:1159} INFO - Dependencies all met for dep_context=non-requeueable deps ti=<TaskInstance: restaurant_pipeline.send_to_kafka scheduled__2025-07-19T19:08:00+00:00 [queued]>
[2025-07-19T19:10:05.467+0000] {taskinstance.py:1159} INFO - Dependencies all met for dep_context=requeueable deps ti=<TaskInstance: restaurant_pipeline.send_to_kafka scheduled__2025-07-19T19:08:00+00:00 [queued]>
[2025-07-19T19:10:05.467+0000] {taskinstance.py:1361} INFO - Starting attempt 1 of 1
[2025-07-19T19:10:05.473+0000] {taskinstance.py:1382} INFO - Executing <Task(BashOperator): send_to_kafka> on 2025-07-19 19:08:00+00:00
[2025-07-19T19:10:05.475+0000] {standard_task_runner.py:57} INFO - Started process 1933 to run task
[2025-07-19T19:10:05.477+0000] {standard_task_runner.py:84} INFO - Running: ['***', 'tasks', 'run', 'restaurant_pipeline', 'send_to_kafka', 'scheduled__2025-07-19T19:08:00+00:00', '--job-id', '1074', '--raw', '--subdir', 'DAGS_FOLDER/restaurant_pipeline.py', '--cfg-path', '/tmp/tmp2_y95g2o']
[2025-07-19T19:10:05.479+0000] {standard_task_runner.py:85} INFO - Job 1074: Subtask send_to_kafka
[2025-07-19T19:10:05.513+0000] {task_command.py:416} INFO - Running <TaskInstance: restaurant_pipeline.send_to_kafka scheduled__2025-07-19T19:08:00+00:00 [running]> on host e3f5d8fc4eef
[2025-07-19T19:10:05.552+0000] {taskinstance.py:1662} INFO - Exporting env vars: AIRFLOW_CTX_DAG_OWNER='moran' AIRFLOW_CTX_DAG_ID='restaurant_pipeline' AIRFLOW_CTX_TASK_ID='send_to_kafka' AIRFLOW_CTX_EXECUTION_DATE='2025-07-19T19:08:00+00:00' AIRFLOW_CTX_TRY_NUMBER='1' AIRFLOW_CTX_DAG_RUN_ID='scheduled__2025-07-19T19:08:00+00:00'
[2025-07-19T19:10:05.553+0000] {subprocess.py:63} INFO - Tmp dir root location: /tmp
[2025-07-19T19:10:05.553+0000] {subprocess.py:75} INFO - Running command: ['/bin/bash', '-c', 'python /opt/streaming/producer.py']
[2025-07-19T19:10:05.558+0000] {subprocess.py:86} INFO - Output:
[2025-07-19T19:10:07.815+0000] {subprocess.py:93} INFO - [✓] Sent to reservations: {'reservation_id': 3417, 'branch_id': 101, 'customer_name': 'Erica Vasquez', 'phone_number': '001-267-398-1176x9467', 'reservation_date': '2025-07-19', 'reservation_time': '19:23', 'guests_count': 2, 'is_confirmed': True}
[2025-07-19T19:10:07.816+0000] {subprocess.py:93} INFO - [✓] Sent to reservations: {'reservation_id': 4850, 'branch_id': 102, 'customer_name': 'Shawn Simon', 'phone_number': '6557113126', 'reservation_date': '2025-07-19', 'reservation_time': '19:30', 'guests_count': 8, 'is_confirmed': True}
[2025-07-19T19:10:07.816+0000] {subprocess.py:93} INFO - [✓] Sent to reservations: {'reservation_id': 3520, 'branch_id': 102, 'customer_name': 'Robert Love', 'phone_number': '311-709-3699', 'reservation_date': '2025-07-19', 'reservation_time': '19:29', 'guests_count': 2, 'is_confirmed': True}
[2025-07-19T19:10:07.817+0000] {subprocess.py:93} INFO - [✓] Sent to checkins: {'checkin_id': 8460, 'customer_name': 'Jade Parrish', 'phone_number': '(443)211-4696', 'branch_id': 102, 'table_id': 203, 'is_prebooked': True, 'checkin_date': '2025-07-19', 'checkin_time': '19:08', 'guests_count': 5, 'shift_manager': 'Brandi Heath'}
[2025-07-19T19:10:07.817+0000] {subprocess.py:93} INFO - [✓] Sent to checkins: {'checkin_id': 6589, 'customer_name': 'Nicholas Bridges', 'phone_number': '(271)739-6082', 'branch_id': 101, 'table_id': 210, 'is_prebooked': True, 'checkin_date': '2025-07-19', 'checkin_time': '18:56', 'guests_count': 2, 'shift_manager': 'Rachel Anderson'}
[2025-07-19T19:10:07.818+0000] {subprocess.py:93} INFO - [✓] Sent to checkins: {'checkin_id': 3712, 'customer_name': 'Thomas Armstrong', 'phone_number': '210.732.7723', 'branch_id': 102, 'table_id': 209, 'is_prebooked': False, 'checkin_date': '2025-07-19', 'checkin_time': '18:46', 'guests_count': 5, 'shift_manager': 'Debbie Morales'}
[2025-07-19T19:10:07.818+0000] {subprocess.py:93} INFO - [✓] Sent to feedback: {'feedback_id': 4889, 'branch_id': 102, 'customer_name': 'Scott Townsend', 'phone_number': '240-475-0404', 'feedback_text': 'Wind reveal report nation company hot travel marriage.', 'rating': 5, 'dining_date': '2025-07-19', 'dining_time': '17:39', 'submission_time': '2025-07-19T19:10:04'}
[2025-07-19T19:10:07.819+0000] {subprocess.py:93} INFO - [✓] Sent to feedback: {'feedback_id': 8926, 'branch_id': 101, 'customer_name': 'John Ortega', 'phone_number': '8514660165', 'feedback_text': 'Race beat entire story most position a.', 'rating': 3, 'dining_date': '2025-07-19', 'dining_time': '18:05', 'submission_time': '2025-07-19T19:10:04'}
[2025-07-19T19:10:07.819+0000] {subprocess.py:93} INFO - [✓] Sent to feedback: {'feedback_id': 4036, 'branch_id': 101, 'customer_name': 'Chad Gonzales', 'phone_number': '+1-211-955-1585x31631', 'feedback_text': 'Record store himself our.', 'rating': 3, 'dining_date': '2025-07-19', 'dining_time': '18:09', 'submission_time': '2025-07-19T19:10:04'}
[2025-07-19T19:10:07.819+0000] {subprocess.py:93} INFO - ✅ All messages sent.
[2025-07-19T19:10:07.852+0000] {subprocess.py:97} INFO - Command exited with return code 0
[2025-07-19T19:10:07.869+0000] {taskinstance.py:1400} INFO - Marking task as SUCCESS. dag_id=restaurant_pipeline, task_id=send_to_kafka, execution_date=20250719T190800, start_date=20250719T191005, end_date=20250719T191007
[2025-07-19T19:10:07.896+0000] {local_task_job_runner.py:228} INFO - Task exited with return code 0
[2025-07-19T19:10:07.925+0000] {taskinstance.py:2778} INFO - 1 downstream tasks scheduled from follow-on schedule check
