[2025-07-18T19:06:27.123+0000] {taskinstance.py:1159} INFO - Dependencies all met for dep_context=non-requeueable deps ti=<TaskInstance: restaurant_pipeline.silver_to_gold scheduled__2025-07-18T19:02:00+00:00 [queued]>
[2025-07-18T19:06:27.141+0000] {taskinstance.py:1159} INFO - Dependencies all met for dep_context=requeueable deps ti=<TaskInstance: restaurant_pipeline.silver_to_gold scheduled__2025-07-18T19:02:00+00:00 [queued]>
[2025-07-18T19:06:27.143+0000] {taskinstance.py:1361} INFO - Starting attempt 1 of 1
[2025-07-18T19:06:27.177+0000] {taskinstance.py:1382} INFO - Executing <Task(BashOperator): silver_to_gold> on 2025-07-18 19:02:00+00:00
[2025-07-18T19:06:27.186+0000] {standard_task_runner.py:57} INFO - Started process 4331 to run task
[2025-07-18T19:06:27.191+0000] {standard_task_runner.py:84} INFO - Running: ['***', 'tasks', 'run', 'restaurant_pipeline', 'silver_to_gold', 'scheduled__2025-07-18T19:02:00+00:00', '--job-id', '463', '--raw', '--subdir', 'DAGS_FOLDER/restaurant_pipeline.py', '--cfg-path', '/tmp/tmpy22b07ok']
[2025-07-18T19:06:27.196+0000] {standard_task_runner.py:85} INFO - Job 463: Subtask silver_to_gold
[2025-07-18T19:06:27.282+0000] {task_command.py:416} INFO - Running <TaskInstance: restaurant_pipeline.silver_to_gold scheduled__2025-07-18T19:02:00+00:00 [running]> on host 9bcfb43e0ab7
[2025-07-18T19:06:27.371+0000] {taskinstance.py:1662} INFO - Exporting env vars: AIRFLOW_CTX_DAG_OWNER='moran' AIRFLOW_CTX_DAG_ID='restaurant_pipeline' AIRFLOW_CTX_TASK_ID='silver_to_gold' AIRFLOW_CTX_EXECUTION_DATE='2025-07-18T19:02:00+00:00' AIRFLOW_CTX_TRY_NUMBER='1' AIRFLOW_CTX_DAG_RUN_ID='scheduled__2025-07-18T19:02:00+00:00'
[2025-07-18T19:06:27.373+0000] {subprocess.py:63} INFO - Tmp dir root location: /tmp
[2025-07-18T19:06:27.374+0000] {subprocess.py:75} INFO - Running command: ['/bin/bash', '-c', 'docker exec spark-iceberg spark-submit /home/iceberg/spark/silver_to_gold.py']
[2025-07-18T19:06:27.383+0000] {subprocess.py:86} INFO - Output:
[2025-07-18T19:06:29.272+0000] {subprocess.py:93} INFO - 25/07/18 19:06:29 INFO SparkContext: Running Spark version 3.5.6
[2025-07-18T19:06:29.273+0000] {subprocess.py:93} INFO - 25/07/18 19:06:29 INFO SparkContext: OS info Linux, 6.10.14-linuxkit, aarch64
[2025-07-18T19:06:29.274+0000] {subprocess.py:93} INFO - 25/07/18 19:06:29 INFO SparkContext: Java version 17.0.15
[2025-07-18T19:06:29.288+0000] {subprocess.py:93} INFO - 25/07/18 19:06:29 INFO ResourceUtils: ==============================================================
[2025-07-18T19:06:29.289+0000] {subprocess.py:93} INFO - 25/07/18 19:06:29 INFO ResourceUtils: No custom resources configured for spark.driver.
[2025-07-18T19:06:29.289+0000] {subprocess.py:93} INFO - 25/07/18 19:06:29 INFO ResourceUtils: ==============================================================
[2025-07-18T19:06:29.289+0000] {subprocess.py:93} INFO - 25/07/18 19:06:29 INFO SparkContext: Submitted application: SilverToGold
[2025-07-18T19:06:29.301+0000] {subprocess.py:93} INFO - 25/07/18 19:06:29 INFO ResourceProfile: Default ResourceProfile created, executor resources: Map(cores -> name: cores, amount: 1, script: , vendor: , memory -> name: memory, amount: 1024, script: , vendor: , offHeap -> name: offHeap, amount: 0, script: , vendor: ), task resources: Map(cpus -> name: cpus, amount: 1.0)
[2025-07-18T19:06:29.306+0000] {subprocess.py:93} INFO - 25/07/18 19:06:29 INFO ResourceProfile: Limiting resource is cpu
[2025-07-18T19:06:29.306+0000] {subprocess.py:93} INFO - 25/07/18 19:06:29 INFO ResourceProfileManager: Added ResourceProfile id: 0
[2025-07-18T19:06:29.334+0000] {subprocess.py:93} INFO - 25/07/18 19:06:29 INFO SecurityManager: Changing view acls to: root,spark
[2025-07-18T19:06:29.335+0000] {subprocess.py:93} INFO - 25/07/18 19:06:29 INFO SecurityManager: Changing modify acls to: root,spark
[2025-07-18T19:06:29.335+0000] {subprocess.py:93} INFO - 25/07/18 19:06:29 INFO SecurityManager: Changing view acls groups to:
[2025-07-18T19:06:29.335+0000] {subprocess.py:93} INFO - 25/07/18 19:06:29 INFO SecurityManager: Changing modify acls groups to:
[2025-07-18T19:06:29.335+0000] {subprocess.py:93} INFO - 25/07/18 19:06:29 INFO SecurityManager: SecurityManager: authentication disabled; ui acls disabled; users with view permissions: root, spark; groups with view permissions: EMPTY; users with modify permissions: root, spark; groups with modify permissions: EMPTY
[2025-07-18T19:06:29.367+0000] {subprocess.py:93} INFO - 25/07/18 19:06:29 WARN NativeCodeLoader: Unable to load native-hadoop library for your platform... using builtin-java classes where applicable
[2025-07-18T19:06:29.536+0000] {subprocess.py:93} INFO - 25/07/18 19:06:29 INFO Utils: Successfully started service 'sparkDriver' on port 46255.
[2025-07-18T19:06:29.558+0000] {subprocess.py:93} INFO - 25/07/18 19:06:29 INFO SparkEnv: Registering MapOutputTracker
[2025-07-18T19:06:29.590+0000] {subprocess.py:93} INFO - 25/07/18 19:06:29 INFO SparkEnv: Registering BlockManagerMaster
[2025-07-18T19:06:29.601+0000] {subprocess.py:93} INFO - 25/07/18 19:06:29 INFO BlockManagerMasterEndpoint: Using org.apache.spark.storage.DefaultTopologyMapper for getting topology information
[2025-07-18T19:06:29.601+0000] {subprocess.py:93} INFO - 25/07/18 19:06:29 INFO BlockManagerMasterEndpoint: BlockManagerMasterEndpoint up
[2025-07-18T19:06:29.603+0000] {subprocess.py:93} INFO - 25/07/18 19:06:29 INFO SparkEnv: Registering BlockManagerMasterHeartbeat
[2025-07-18T19:06:29.615+0000] {subprocess.py:93} INFO - 25/07/18 19:06:29 INFO DiskBlockManager: Created local directory at /tmp/blockmgr-41fd0f4e-157c-4996-818c-6fadb82e7952
[2025-07-18T19:06:29.624+0000] {subprocess.py:93} INFO - 25/07/18 19:06:29 INFO MemoryStore: MemoryStore started with capacity 434.4 MiB
[2025-07-18T19:06:29.632+0000] {subprocess.py:93} INFO - 25/07/18 19:06:29 INFO SparkEnv: Registering OutputCommitCoordinator
[2025-07-18T19:06:29.712+0000] {subprocess.py:93} INFO - 25/07/18 19:06:29 INFO JettyUtils: Start Jetty 0.0.0.0:4040 for SparkUI
[2025-07-18T19:06:29.746+0000] {subprocess.py:93} INFO - 25/07/18 19:06:29 INFO Utils: Successfully started service 'SparkUI' on port 4040.
[2025-07-18T19:06:29.798+0000] {subprocess.py:93} INFO - 25/07/18 19:06:29 INFO Executor: Starting executor ID driver on host 77cb57a6bd53
[2025-07-18T19:06:29.799+0000] {subprocess.py:93} INFO - 25/07/18 19:06:29 INFO Executor: OS info Linux, 6.10.14-linuxkit, aarch64
[2025-07-18T19:06:29.799+0000] {subprocess.py:93} INFO - 25/07/18 19:06:29 INFO Executor: Java version 17.0.15
[2025-07-18T19:06:29.802+0000] {subprocess.py:93} INFO - 25/07/18 19:06:29 INFO Executor: Starting executor with user classpath (userClassPathFirst = false): ''
[2025-07-18T19:06:29.802+0000] {subprocess.py:93} INFO - 25/07/18 19:06:29 INFO Executor: Created or updated repl class loader org.apache.spark.util.MutableURLClassLoader@6f52222a for default.
[2025-07-18T19:06:29.815+0000] {subprocess.py:93} INFO - 25/07/18 19:06:29 INFO Utils: Successfully started service 'org.apache.spark.network.netty.NettyBlockTransferService' on port 43915.
[2025-07-18T19:06:29.815+0000] {subprocess.py:93} INFO - 25/07/18 19:06:29 INFO NettyBlockTransferService: Server created on 77cb57a6bd53:43915
[2025-07-18T19:06:29.816+0000] {subprocess.py:93} INFO - 25/07/18 19:06:29 INFO BlockManager: Using org.apache.spark.storage.RandomBlockReplicationPolicy for block replication policy
[2025-07-18T19:06:29.828+0000] {subprocess.py:93} INFO - 25/07/18 19:06:29 INFO BlockManagerMaster: Registering BlockManager BlockManagerId(driver, 77cb57a6bd53, 43915, None)
[2025-07-18T19:06:29.833+0000] {subprocess.py:93} INFO - 25/07/18 19:06:29 INFO BlockManagerMasterEndpoint: Registering block manager 77cb57a6bd53:43915 with 434.4 MiB RAM, BlockManagerId(driver, 77cb57a6bd53, 43915, None)
[2025-07-18T19:06:29.835+0000] {subprocess.py:93} INFO - 25/07/18 19:06:29 INFO BlockManagerMaster: Registered BlockManager BlockManagerId(driver, 77cb57a6bd53, 43915, None)
[2025-07-18T19:06:29.835+0000] {subprocess.py:93} INFO - 25/07/18 19:06:29 INFO BlockManager: Initialized BlockManager: BlockManagerId(driver, 77cb57a6bd53, 43915, None)
[2025-07-18T19:06:30.098+0000] {subprocess.py:93} INFO - 25/07/18 19:06:30 INFO SharedState: Setting hive.metastore.warehouse.dir ('null') to the value of spark.sql.warehouse.dir.
[2025-07-18T19:06:30.102+0000] {subprocess.py:93} INFO - 25/07/18 19:06:30 INFO SharedState: Warehouse path is 'file:/app/spark-warehouse'.
[2025-07-18T19:06:30.902+0000] {subprocess.py:93} INFO - 25/07/18 19:06:30 WARN MetricsConfig: Cannot locate configuration: tried hadoop-metrics2-s3a-file-system.properties,hadoop-metrics2.properties
[2025-07-18T19:06:30.909+0000] {subprocess.py:93} INFO - 25/07/18 19:06:30 INFO MetricsSystemImpl: Scheduled Metric snapshot period at 10 second(s).
[2025-07-18T19:06:30.909+0000] {subprocess.py:93} INFO - 25/07/18 19:06:30 INFO MetricsSystemImpl: s3a-file-system metrics system started
[2025-07-18T19:06:32.538+0000] {subprocess.py:93} INFO - 25/07/18 19:06:32 INFO BaseMetastoreCatalog: Table loaded by catalog: my_catalog.silver.scd2_branch
[2025-07-18T19:06:32.581+0000] {subprocess.py:93} INFO - 25/07/18 19:06:32 INFO BaseMetastoreCatalog: Table loaded by catalog: my_catalog.silver.table
[2025-07-18T19:06:32.683+0000] {subprocess.py:93} INFO - 25/07/18 19:06:32 INFO BaseMetastoreCatalog: Table loaded by catalog: my_catalog.silver.customers
[2025-07-18T19:06:32.805+0000] {subprocess.py:93} INFO - 25/07/18 19:06:32 INFO BaseMetastoreCatalog: Table loaded by catalog: my_catalog.silver.reservations_cleaned
[2025-07-18T19:06:32.837+0000] {subprocess.py:93} INFO - 25/07/18 19:06:32 INFO BaseMetastoreCatalog: Table loaded by catalog: my_catalog.silver.checkins_cleaned
[2025-07-18T19:06:32.867+0000] {subprocess.py:93} INFO - 25/07/18 19:06:32 INFO BaseMetastoreCatalog: Table loaded by catalog: my_catalog.silver.feedback_cleaned
[2025-07-18T19:06:33.744+0000] {subprocess.py:93} INFO - Traceback (most recent call last):
[2025-07-18T19:06:33.745+0000] {subprocess.py:93} INFO -   File "/home/iceberg/spark/silver_to_gold.py", line 188, in <module>
[2025-07-18T19:06:33.745+0000] {subprocess.py:93} INFO -     fact_reservations_df.write.format("iceberg").mode("append").save("my_catalog.gold.fact_reservations")
[2025-07-18T19:06:33.745+0000] {subprocess.py:93} INFO -   File "/opt/bitnami/spark/python/lib/pyspark.zip/pyspark/sql/readwriter.py", line 1463, in save
[2025-07-18T19:06:33.745+0000] {subprocess.py:93} INFO -   File "/opt/bitnami/spark/python/lib/py4j-0.10.9.7-src.zip/py4j/java_gateway.py", line 1322, in __call__
[2025-07-18T19:06:33.745+0000] {subprocess.py:93} INFO -   File "/opt/bitnami/spark/python/lib/pyspark.zip/pyspark/errors/exceptions/captured.py", line 185, in deco
[2025-07-18T19:06:33.751+0000] {subprocess.py:93} INFO - pyspark.errors.exceptions.captured.AnalysisException: [TABLE_OR_VIEW_NOT_FOUND] The table or view gold.fact_reservations cannot be found. Verify the spelling and correctness of the schema and catalog.
[2025-07-18T19:06:33.753+0000] {subprocess.py:93} INFO - If you did not qualify the name with a schema, verify the current_schema() output, or qualify the name with the correct schema and catalog.
[2025-07-18T19:06:33.753+0000] {subprocess.py:93} INFO - To tolerate the error on drop use DROP VIEW IF EXISTS or DROP TABLE IF EXISTS.
[2025-07-18T19:06:33.786+0000] {subprocess.py:93} INFO - 25/07/18 19:06:33 INFO SparkContext: Invoking stop() from shutdown hook
[2025-07-18T19:06:33.787+0000] {subprocess.py:93} INFO - 25/07/18 19:06:33 INFO SparkContext: SparkContext is stopping with exitCode 0.
[2025-07-18T19:06:33.795+0000] {subprocess.py:93} INFO - 25/07/18 19:06:33 INFO SparkUI: Stopped Spark web UI at http://77cb57a6bd53:4040
[2025-07-18T19:06:33.803+0000] {subprocess.py:93} INFO - 25/07/18 19:06:33 INFO MapOutputTrackerMasterEndpoint: MapOutputTrackerMasterEndpoint stopped!
[2025-07-18T19:06:33.814+0000] {subprocess.py:93} INFO - 25/07/18 19:06:33 INFO MemoryStore: MemoryStore cleared
[2025-07-18T19:06:33.815+0000] {subprocess.py:93} INFO - 25/07/18 19:06:33 INFO BlockManager: BlockManager stopped
[2025-07-18T19:06:33.818+0000] {subprocess.py:93} INFO - 25/07/18 19:06:33 INFO BlockManagerMaster: BlockManagerMaster stopped
[2025-07-18T19:06:33.820+0000] {subprocess.py:93} INFO - 25/07/18 19:06:33 INFO OutputCommitCoordinator$OutputCommitCoordinatorEndpoint: OutputCommitCoordinator stopped!
[2025-07-18T19:06:33.827+0000] {subprocess.py:93} INFO - 25/07/18 19:06:33 INFO SparkContext: Successfully stopped SparkContext
[2025-07-18T19:06:33.827+0000] {subprocess.py:93} INFO - 25/07/18 19:06:33 INFO ShutdownHookManager: Shutdown hook called
[2025-07-18T19:06:33.827+0000] {subprocess.py:93} INFO - 25/07/18 19:06:33 INFO ShutdownHookManager: Deleting directory /tmp/spark-07b866ba-05f5-450b-977f-481131edb1e5
[2025-07-18T19:06:33.831+0000] {subprocess.py:93} INFO - 25/07/18 19:06:33 INFO ShutdownHookManager: Deleting directory /tmp/spark-6f287383-5226-49d8-ac9b-35d0eca214ce
[2025-07-18T19:06:33.833+0000] {subprocess.py:93} INFO - 25/07/18 19:06:33 INFO ShutdownHookManager: Deleting directory /tmp/spark-07b866ba-05f5-450b-977f-481131edb1e5/pyspark-d37f9bbd-a647-49b9-ae5b-40f660ab76ed
[2025-07-18T19:06:33.838+0000] {subprocess.py:93} INFO - 25/07/18 19:06:33 INFO MetricsSystemImpl: Stopping s3a-file-system metrics system...
[2025-07-18T19:06:33.838+0000] {subprocess.py:93} INFO - 25/07/18 19:06:33 INFO MetricsSystemImpl: s3a-file-system metrics system stopped.
[2025-07-18T19:06:33.838+0000] {subprocess.py:93} INFO - 25/07/18 19:06:33 INFO MetricsSystemImpl: s3a-file-system metrics system shutdown complete.
[2025-07-18T19:06:33.876+0000] {subprocess.py:97} INFO - Command exited with return code 1
[2025-07-18T19:06:33.912+0000] {taskinstance.py:1937} ERROR - Task failed with exception
Traceback (most recent call last):
  File "/home/airflow/.local/lib/python3.8/site-packages/airflow/operators/bash.py", line 210, in execute
    raise AirflowException(
airflow.exceptions.AirflowException: Bash command failed. The command returned a non-zero exit code 1.
[2025-07-18T19:06:33.918+0000] {taskinstance.py:1400} INFO - Marking task as FAILED. dag_id=restaurant_pipeline, task_id=silver_to_gold, execution_date=20250718T190200, start_date=20250718T190627, end_date=20250718T190633
[2025-07-18T19:06:33.935+0000] {standard_task_runner.py:104} ERROR - Failed to execute job 463 for task silver_to_gold (Bash command failed. The command returned a non-zero exit code 1.; 4331)
[2025-07-18T19:06:33.961+0000] {local_task_job_runner.py:228} INFO - Task exited with return code 1
[2025-07-18T19:06:33.989+0000] {taskinstance.py:2778} INFO - 0 downstream tasks scheduled from follow-on schedule check
