[2025-07-18T16:02:01.548+0000] {taskinstance.py:1159} INFO - Dependencies all met for dep_context=non-requeueable deps ti=<TaskInstance: restaurant_pipeline.send_to_kafka scheduled__2025-07-18T16:00:00+00:00 [queued]>
[2025-07-18T16:02:01.552+0000] {taskinstance.py:1159} INFO - Dependencies all met for dep_context=requeueable deps ti=<TaskInstance: restaurant_pipeline.send_to_kafka scheduled__2025-07-18T16:00:00+00:00 [queued]>
[2025-07-18T16:02:01.552+0000] {taskinstance.py:1361} INFO - Starting attempt 1 of 1
[2025-07-18T16:02:01.557+0000] {taskinstance.py:1382} INFO - Executing <Task(BashOperator): send_to_kafka> on 2025-07-18 16:00:00+00:00
[2025-07-18T16:02:01.560+0000] {standard_task_runner.py:57} INFO - Started process 997 to run task
[2025-07-18T16:02:01.562+0000] {standard_task_runner.py:84} INFO - Running: ['***', 'tasks', 'run', 'restaurant_pipeline', 'send_to_kafka', 'scheduled__2025-07-18T16:00:00+00:00', '--job-id', '158', '--raw', '--subdir', 'DAGS_FOLDER/restaurant_pipeline.py', '--cfg-path', '/tmp/tmpeax3slva']
[2025-07-18T16:02:01.563+0000] {standard_task_runner.py:85} INFO - Job 158: Subtask send_to_kafka
[2025-07-18T16:02:01.587+0000] {task_command.py:416} INFO - Running <TaskInstance: restaurant_pipeline.send_to_kafka scheduled__2025-07-18T16:00:00+00:00 [running]> on host 9bcfb43e0ab7
[2025-07-18T16:02:01.622+0000] {taskinstance.py:1662} INFO - Exporting env vars: AIRFLOW_CTX_DAG_OWNER='moran' AIRFLOW_CTX_DAG_ID='restaurant_pipeline' AIRFLOW_CTX_TASK_ID='send_to_kafka' AIRFLOW_CTX_EXECUTION_DATE='2025-07-18T16:00:00+00:00' AIRFLOW_CTX_TRY_NUMBER='1' AIRFLOW_CTX_DAG_RUN_ID='scheduled__2025-07-18T16:00:00+00:00'
[2025-07-18T16:02:01.622+0000] {subprocess.py:63} INFO - Tmp dir root location: /tmp
[2025-07-18T16:02:01.623+0000] {subprocess.py:75} INFO - Running command: ['/bin/bash', '-c', 'python /opt/streaming/producer.py']
[2025-07-18T16:02:01.628+0000] {subprocess.py:86} INFO - Output:
[2025-07-18T16:02:03.854+0000] {subprocess.py:93} INFO - [✓] Sent to reservations: {'reservation_id': 3281, 'branch_id': 101, 'customer_name': 'Roberto Lewis', 'phone_number': '(944)570-7736x3859', 'reservation_date': '2025-07-18', 'reservation_time': '16:40', 'guests_count': 6, 'is_confirmed': True}
[2025-07-18T16:02:03.855+0000] {subprocess.py:93} INFO - [✓] Sent to reservations: {'reservation_id': 3228, 'branch_id': 102, 'customer_name': 'Bethany Gonzalez', 'phone_number': '222.803.8753', 'reservation_date': '2025-07-18', 'reservation_time': '17:07', 'guests_count': 8, 'is_confirmed': True}
[2025-07-18T16:02:03.856+0000] {subprocess.py:93} INFO - [✓] Sent to reservations: {'reservation_id': 6866, 'branch_id': 101, 'customer_name': 'Scott Austin', 'phone_number': '(790)890-3333', 'reservation_date': '2025-07-18', 'reservation_time': '17:23', 'guests_count': 8, 'is_confirmed': False}
[2025-07-18T16:02:03.856+0000] {subprocess.py:93} INFO - [✓] Sent to checkins: {'checkin_id': 7105, 'customer_name': 'Theresa Woodard', 'phone_number': '(633)268-3370x974', 'branch_id': 101, 'table_id': 200, 'is_prebooked': False, 'checkin_date': '2025-07-18', 'checkin_time': '15:18', 'guests_count': 4, 'shift_manager': 'Shawn White'}
[2025-07-18T16:02:03.863+0000] {subprocess.py:93} INFO - [✓] Sent to checkins: {'checkin_id': 2549, 'customer_name': 'Crystal Larsen', 'phone_number': '001-760-749-4295x4257', 'branch_id': 101, 'table_id': 200, 'is_prebooked': True, 'checkin_date': '2025-07-18', 'checkin_time': '14:33', 'guests_count': 3, 'shift_manager': 'Raymond Mendez DDS'}
[2025-07-18T16:02:03.866+0000] {subprocess.py:93} INFO - [✓] Sent to checkins: {'checkin_id': 5591, 'customer_name': 'Robert Payne', 'phone_number': '(360)645-5029x075', 'branch_id': 101, 'table_id': 202, 'is_prebooked': True, 'checkin_date': '2025-07-18', 'checkin_time': '14:48', 'guests_count': 2, 'shift_manager': 'Wanda Campbell'}
[2025-07-18T16:02:03.868+0000] {subprocess.py:93} INFO - [✓] Sent to feedback: {'feedback_id': 8325, 'branch_id': 101, 'customer_name': 'Andrew Torres', 'phone_number': '5446049233', 'feedback_text': 'Ability pick any wall pick life sister address.', 'rating': 5, 'dining_date': '2025-07-18', 'dining_time': '15:47', 'submission_time': '2025-07-18T16:02:00'}
[2025-07-18T16:02:03.883+0000] {subprocess.py:93} INFO - [✓] Sent to feedback: {'feedback_id': 2412, 'branch_id': 101, 'customer_name': 'Kimberly Houston', 'phone_number': '001-399-905-9251', 'feedback_text': 'Buy their kitchen consumer between.', 'rating': 2, 'dining_date': '2025-07-18', 'dining_time': '14:08', 'submission_time': '2025-07-18T16:02:00'}
[2025-07-18T16:02:03.886+0000] {subprocess.py:93} INFO - [✓] Sent to feedback: {'feedback_id': 3343, 'branch_id': 102, 'customer_name': 'Donna Smith', 'phone_number': '682-992-7779x469', 'feedback_text': 'Move safe how message too me rest ago.', 'rating': 2, 'dining_date': '2025-07-18', 'dining_time': '15:49', 'submission_time': '2025-07-18T16:02:00'}
[2025-07-18T16:02:03.890+0000] {subprocess.py:93} INFO - ✅ All messages sent.
[2025-07-18T16:02:03.971+0000] {subprocess.py:97} INFO - Command exited with return code 0
[2025-07-18T16:02:04.053+0000] {taskinstance.py:1400} INFO - Marking task as SUCCESS. dag_id=restaurant_pipeline, task_id=send_to_kafka, execution_date=20250718T160000, start_date=20250718T160201, end_date=20250718T160204
[2025-07-18T16:02:04.085+0000] {local_task_job_runner.py:228} INFO - Task exited with return code 0
[2025-07-18T16:02:04.142+0000] {taskinstance.py:2778} INFO - 1 downstream tasks scheduled from follow-on schedule check
