[2025-07-18T16:16:02.197+0000] {taskinstance.py:1159} INFO - Dependencies all met for dep_context=non-requeueable deps ti=<TaskInstance: restaurant_pipeline.send_to_kafka scheduled__2025-07-18T16:14:00+00:00 [queued]>
[2025-07-18T16:16:02.202+0000] {taskinstance.py:1159} INFO - Dependencies all met for dep_context=requeueable deps ti=<TaskInstance: restaurant_pipeline.send_to_kafka scheduled__2025-07-18T16:14:00+00:00 [queued]>
[2025-07-18T16:16:02.202+0000] {taskinstance.py:1361} INFO - Starting attempt 1 of 1
[2025-07-18T16:16:02.209+0000] {taskinstance.py:1382} INFO - Executing <Task(BashOperator): send_to_kafka> on 2025-07-18 16:14:00+00:00
[2025-07-18T16:16:02.212+0000] {standard_task_runner.py:57} INFO - Started process 1276 to run task
[2025-07-18T16:16:02.215+0000] {standard_task_runner.py:84} INFO - Running: ['***', 'tasks', 'run', 'restaurant_pipeline', 'send_to_kafka', 'scheduled__2025-07-18T16:14:00+00:00', '--job-id', '182', '--raw', '--subdir', 'DAGS_FOLDER/restaurant_pipeline.py', '--cfg-path', '/tmp/tmpor01shw4']
[2025-07-18T16:16:02.217+0000] {standard_task_runner.py:85} INFO - Job 182: Subtask send_to_kafka
[2025-07-18T16:16:02.250+0000] {task_command.py:416} INFO - Running <TaskInstance: restaurant_pipeline.send_to_kafka scheduled__2025-07-18T16:14:00+00:00 [running]> on host 9bcfb43e0ab7
[2025-07-18T16:16:02.301+0000] {taskinstance.py:1662} INFO - Exporting env vars: AIRFLOW_CTX_DAG_OWNER='moran' AIRFLOW_CTX_DAG_ID='restaurant_pipeline' AIRFLOW_CTX_TASK_ID='send_to_kafka' AIRFLOW_CTX_EXECUTION_DATE='2025-07-18T16:14:00+00:00' AIRFLOW_CTX_TRY_NUMBER='1' AIRFLOW_CTX_DAG_RUN_ID='scheduled__2025-07-18T16:14:00+00:00'
[2025-07-18T16:16:02.302+0000] {subprocess.py:63} INFO - Tmp dir root location: /tmp
[2025-07-18T16:16:02.302+0000] {subprocess.py:75} INFO - Running command: ['/bin/bash', '-c', 'python /opt/streaming/producer.py']
[2025-07-18T16:16:02.308+0000] {subprocess.py:86} INFO - Output:
[2025-07-18T16:16:04.567+0000] {subprocess.py:93} INFO - [✓] Sent to reservations: {'reservation_id': 7183, 'branch_id': 102, 'customer_name': 'Daisy Nash', 'phone_number': '(906)662-3325', 'reservation_date': '2025-07-18', 'reservation_time': '16:57', 'guests_count': 4, 'is_confirmed': False}
[2025-07-18T16:16:04.568+0000] {subprocess.py:93} INFO - [✓] Sent to reservations: {'reservation_id': 6367, 'branch_id': 101, 'customer_name': 'Brittany Martinez', 'phone_number': '+1-738-648-3567x54696', 'reservation_date': '2025-07-18', 'reservation_time': '17:38', 'guests_count': 1, 'is_confirmed': False}
[2025-07-18T16:16:04.568+0000] {subprocess.py:93} INFO - [✓] Sent to reservations: {'reservation_id': 8572, 'branch_id': 101, 'customer_name': 'Jacob Nguyen', 'phone_number': '(705)410-8035x50103', 'reservation_date': '2025-07-18', 'reservation_time': '17:22', 'guests_count': 8, 'is_confirmed': False}
[2025-07-18T16:16:04.569+0000] {subprocess.py:93} INFO - [✓] Sent to checkins: {'checkin_id': 1316, 'customer_name': 'Ashley Ward', 'phone_number': '(686)785-2879x87879', 'branch_id': 102, 'table_id': 208, 'is_prebooked': True, 'checkin_date': '2025-07-18', 'checkin_time': '16:05', 'guests_count': 2, 'shift_manager': 'Jordan Freeman'}
[2025-07-18T16:16:04.569+0000] {subprocess.py:93} INFO - [✓] Sent to checkins: {'checkin_id': 1741, 'customer_name': 'Crystal Harris', 'phone_number': '393-627-3403x48969', 'branch_id': 101, 'table_id': 204, 'is_prebooked': False, 'checkin_date': '2025-07-18', 'checkin_time': '14:22', 'guests_count': 2, 'shift_manager': 'Mary Collins'}
[2025-07-18T16:16:04.569+0000] {subprocess.py:93} INFO - [✓] Sent to checkins: {'checkin_id': 7490, 'customer_name': 'Katherine Sloan', 'phone_number': '001-688-731-8345x0196', 'branch_id': 102, 'table_id': 206, 'is_prebooked': False, 'checkin_date': '2025-07-18', 'checkin_time': '16:13', 'guests_count': 6, 'shift_manager': 'Brianna Butler'}
[2025-07-18T16:16:04.570+0000] {subprocess.py:93} INFO - [✓] Sent to feedback: {'feedback_id': 5741, 'branch_id': 102, 'customer_name': 'Emily Garcia', 'phone_number': '(954)992-0613x8198', 'feedback_text': 'Water bring even lay seem and computer.', 'rating': 5, 'dining_date': '2025-07-18', 'dining_time': '15:30', 'submission_time': '2025-07-18T16:16:01'}
[2025-07-18T16:16:04.570+0000] {subprocess.py:93} INFO - [✓] Sent to feedback: {'feedback_id': 7289, 'branch_id': 101, 'customer_name': 'James Haynes', 'phone_number': '767.607.8493x62338', 'feedback_text': 'Consider lead record a hard likely effort.', 'rating': 1, 'dining_date': '2025-07-18', 'dining_time': '15:56', 'submission_time': '2025-07-18T16:16:01'}
[2025-07-18T16:16:04.571+0000] {subprocess.py:93} INFO - [✓] Sent to feedback: {'feedback_id': 3622, 'branch_id': 102, 'customer_name': 'James Gonzales', 'phone_number': '580-602-5061', 'feedback_text': 'Mrs couple mind door about.', 'rating': 3, 'dining_date': '2025-07-18', 'dining_time': '14:35', 'submission_time': '2025-07-18T16:16:01'}
[2025-07-18T16:16:04.572+0000] {subprocess.py:93} INFO - ✅ All messages sent.
[2025-07-18T16:16:04.646+0000] {subprocess.py:97} INFO - Command exited with return code 0
[2025-07-18T16:16:04.725+0000] {taskinstance.py:1400} INFO - Marking task as SUCCESS. dag_id=restaurant_pipeline, task_id=send_to_kafka, execution_date=20250718T161400, start_date=20250718T161602, end_date=20250718T161604
[2025-07-18T16:16:04.775+0000] {local_task_job_runner.py:228} INFO - Task exited with return code 0
[2025-07-18T16:16:04.827+0000] {taskinstance.py:2778} INFO - 1 downstream tasks scheduled from follow-on schedule check
