[2025-07-18T16:52:01.783+0000] {taskinstance.py:1159} INFO - Dependencies all met for dep_context=non-requeueable deps ti=<TaskInstance: restaurant_pipeline.send_to_kafka scheduled__2025-07-18T16:50:00+00:00 [queued]>
[2025-07-18T16:52:01.796+0000] {taskinstance.py:1159} INFO - Dependencies all met for dep_context=requeueable deps ti=<TaskInstance: restaurant_pipeline.send_to_kafka scheduled__2025-07-18T16:50:00+00:00 [queued]>
[2025-07-18T16:52:01.796+0000] {taskinstance.py:1361} INFO - Starting attempt 1 of 1
[2025-07-18T16:52:01.812+0000] {taskinstance.py:1382} INFO - Executing <Task(BashOperator): send_to_kafka> on 2025-07-18 16:50:00+00:00
[2025-07-18T16:52:01.816+0000] {standard_task_runner.py:57} INFO - Started process 1988 to run task
[2025-07-18T16:52:01.819+0000] {standard_task_runner.py:84} INFO - Running: ['***', 'tasks', 'run', 'restaurant_pipeline', 'send_to_kafka', 'scheduled__2025-07-18T16:50:00+00:00', '--job-id', '245', '--raw', '--subdir', 'DAGS_FOLDER/restaurant_pipeline.py', '--cfg-path', '/tmp/tmp38cx2ph7']
[2025-07-18T16:52:01.821+0000] {standard_task_runner.py:85} INFO - Job 245: Subtask send_to_kafka
[2025-07-18T16:52:01.874+0000] {task_command.py:416} INFO - Running <TaskInstance: restaurant_pipeline.send_to_kafka scheduled__2025-07-18T16:50:00+00:00 [running]> on host 9bcfb43e0ab7
[2025-07-18T16:52:01.936+0000] {taskinstance.py:1662} INFO - Exporting env vars: AIRFLOW_CTX_DAG_OWNER='moran' AIRFLOW_CTX_DAG_ID='restaurant_pipeline' AIRFLOW_CTX_TASK_ID='send_to_kafka' AIRFLOW_CTX_EXECUTION_DATE='2025-07-18T16:50:00+00:00' AIRFLOW_CTX_TRY_NUMBER='1' AIRFLOW_CTX_DAG_RUN_ID='scheduled__2025-07-18T16:50:00+00:00'
[2025-07-18T16:52:01.938+0000] {subprocess.py:63} INFO - Tmp dir root location: /tmp
[2025-07-18T16:52:01.938+0000] {subprocess.py:75} INFO - Running command: ['/bin/bash', '-c', 'python /opt/streaming/producer.py']
[2025-07-18T16:52:01.944+0000] {subprocess.py:86} INFO - Output:
[2025-07-18T16:52:04.246+0000] {subprocess.py:93} INFO - [✓] Sent to reservations: {'reservation_id': 2319, 'branch_id': 102, 'customer_name': 'Tony Lopez', 'phone_number': '+1-825-503-9231', 'reservation_date': '2025-07-18', 'reservation_time': '18:18', 'guests_count': 3, 'is_confirmed': True}
[2025-07-18T16:52:04.248+0000] {subprocess.py:93} INFO - [✓] Sent to reservations: {'reservation_id': 3498, 'branch_id': 102, 'customer_name': 'Christina Valenzuela', 'phone_number': '218.440.5862x761', 'reservation_date': '2025-07-18', 'reservation_time': '18:41', 'guests_count': 5, 'is_confirmed': False}
[2025-07-18T16:52:04.249+0000] {subprocess.py:93} INFO - [✓] Sent to reservations: {'reservation_id': 1657, 'branch_id': 101, 'customer_name': 'Jennifer Sanchez', 'phone_number': '001-834-545-0522', 'reservation_date': '2025-07-18', 'reservation_time': '17:44', 'guests_count': 7, 'is_confirmed': False}
[2025-07-18T16:52:04.252+0000] {subprocess.py:93} INFO - [✓] Sent to checkins: {'checkin_id': 3973, 'customer_name': 'Kimberly Davis', 'phone_number': '(565)645-0022x74640', 'branch_id': 101, 'table_id': 206, 'is_prebooked': True, 'checkin_date': '2025-07-18', 'checkin_time': '15:12', 'guests_count': 6, 'shift_manager': 'Christopher Griffith'}
[2025-07-18T16:52:04.256+0000] {subprocess.py:93} INFO - [✓] Sent to checkins: {'checkin_id': 3288, 'customer_name': 'Michael Bryant', 'phone_number': '001-267-829-0660x2152', 'branch_id': 102, 'table_id': 200, 'is_prebooked': True, 'checkin_date': '2025-07-18', 'checkin_time': '16:09', 'guests_count': 2, 'shift_manager': 'Roberta Estes'}
[2025-07-18T16:52:04.260+0000] {subprocess.py:93} INFO - [✓] Sent to checkins: {'checkin_id': 4174, 'customer_name': 'Amber Cooke', 'phone_number': '798-545-9887', 'branch_id': 101, 'table_id': 200, 'is_prebooked': True, 'checkin_date': '2025-07-18', 'checkin_time': '15:45', 'guests_count': 5, 'shift_manager': 'Scott Norton'}
[2025-07-18T16:52:04.267+0000] {subprocess.py:93} INFO - [✓] Sent to feedback: {'feedback_id': 6732, 'branch_id': 101, 'customer_name': 'John Burgess', 'phone_number': '700.433.7357x5612', 'feedback_text': 'Right old according.', 'rating': 4, 'dining_date': '2025-07-18', 'dining_time': '15:08', 'submission_time': '2025-07-18T16:52:00'}
[2025-07-18T16:52:04.270+0000] {subprocess.py:93} INFO - [✓] Sent to feedback: {'feedback_id': 2146, 'branch_id': 102, 'customer_name': 'Ryan Martinez', 'phone_number': '(227)211-2170x6719', 'feedback_text': 'Mouth them all if course current view.', 'rating': 1, 'dining_date': '2025-07-18', 'dining_time': '15:44', 'submission_time': '2025-07-18T16:52:00'}
[2025-07-18T16:52:04.272+0000] {subprocess.py:93} INFO - [✓] Sent to feedback: {'feedback_id': 6717, 'branch_id': 101, 'customer_name': 'Andrew Mcdonald', 'phone_number': '482.650.9355', 'feedback_text': 'Game certain take these stand.', 'rating': 3, 'dining_date': '2025-07-18', 'dining_time': '15:14', 'submission_time': '2025-07-18T16:52:00'}
[2025-07-18T16:52:04.272+0000] {subprocess.py:93} INFO - ✅ All messages sent.
[2025-07-18T16:52:04.330+0000] {subprocess.py:97} INFO - Command exited with return code 0
[2025-07-18T16:52:04.367+0000] {taskinstance.py:1400} INFO - Marking task as SUCCESS. dag_id=restaurant_pipeline, task_id=send_to_kafka, execution_date=20250718T165000, start_date=20250718T165201, end_date=20250718T165204
[2025-07-18T16:52:04.389+0000] {local_task_job_runner.py:228} INFO - Task exited with return code 0
[2025-07-18T16:52:04.429+0000] {taskinstance.py:2778} INFO - 1 downstream tasks scheduled from follow-on schedule check
