[2025-07-18T20:58:01.755+0000] {taskinstance.py:1159} INFO - Dependencies all met for dep_context=non-requeueable deps ti=<TaskInstance: restaurant_pipeline.send_to_kafka scheduled__2025-07-18T20:56:00+00:00 [queued]>
[2025-07-18T20:58:01.764+0000] {taskinstance.py:1159} INFO - Dependencies all met for dep_context=requeueable deps ti=<TaskInstance: restaurant_pipeline.send_to_kafka scheduled__2025-07-18T20:56:00+00:00 [queued]>
[2025-07-18T20:58:01.765+0000] {taskinstance.py:1361} INFO - Starting attempt 1 of 1
[2025-07-18T20:58:01.774+0000] {taskinstance.py:1382} INFO - Executing <Task(BashOperator): send_to_kafka> on 2025-07-18 20:56:00+00:00
[2025-07-18T20:58:01.778+0000] {standard_task_runner.py:57} INFO - Started process 6691 to run task
[2025-07-18T20:58:01.781+0000] {standard_task_runner.py:84} INFO - Running: ['***', 'tasks', 'run', 'restaurant_pipeline', 'send_to_kafka', 'scheduled__2025-07-18T20:56:00+00:00', '--job-id', '668', '--raw', '--subdir', 'DAGS_FOLDER/restaurant_pipeline.py', '--cfg-path', '/tmp/tmp29q_y_ys']
[2025-07-18T20:58:01.783+0000] {standard_task_runner.py:85} INFO - Job 668: Subtask send_to_kafka
[2025-07-18T20:58:01.818+0000] {task_command.py:416} INFO - Running <TaskInstance: restaurant_pipeline.send_to_kafka scheduled__2025-07-18T20:56:00+00:00 [running]> on host 9bcfb43e0ab7
[2025-07-18T20:58:01.894+0000] {taskinstance.py:1662} INFO - Exporting env vars: AIRFLOW_CTX_DAG_OWNER='moran' AIRFLOW_CTX_DAG_ID='restaurant_pipeline' AIRFLOW_CTX_TASK_ID='send_to_kafka' AIRFLOW_CTX_EXECUTION_DATE='2025-07-18T20:56:00+00:00' AIRFLOW_CTX_TRY_NUMBER='1' AIRFLOW_CTX_DAG_RUN_ID='scheduled__2025-07-18T20:56:00+00:00'
[2025-07-18T20:58:01.896+0000] {subprocess.py:63} INFO - Tmp dir root location: /tmp
[2025-07-18T20:58:01.896+0000] {subprocess.py:75} INFO - Running command: ['/bin/bash', '-c', 'python /opt/streaming/producer.py']
[2025-07-18T20:58:01.904+0000] {subprocess.py:86} INFO - Output:
[2025-07-18T20:58:04.152+0000] {subprocess.py:93} INFO - [✓] Sent to reservations: {'reservation_id': 5154, 'branch_id': 101, 'customer_name': 'Carrie Cruz', 'phone_number': '(829)378-7922x94398', 'reservation_date': '2025-07-18', 'reservation_time': '22:18', 'guests_count': 7, 'is_confirmed': True}
[2025-07-18T20:58:04.155+0000] {subprocess.py:93} INFO - [✓] Sent to reservations: {'reservation_id': 9715, 'branch_id': 101, 'customer_name': 'Rebecca Brown', 'phone_number': '502-889-0293', 'reservation_date': '2025-07-18', 'reservation_time': '22:07', 'guests_count': 4, 'is_confirmed': False}
[2025-07-18T20:58:04.156+0000] {subprocess.py:93} INFO - [✓] Sent to reservations: {'reservation_id': 7271, 'branch_id': 101, 'customer_name': 'Matthew Erickson', 'phone_number': '(444)478-9443x661', 'reservation_date': '2025-07-18', 'reservation_time': '21:26', 'guests_count': 6, 'is_confirmed': True}
[2025-07-18T20:58:04.158+0000] {subprocess.py:93} INFO - [✓] Sent to checkins: {'checkin_id': 5385, 'customer_name': 'Ian Byrd', 'phone_number': '948-429-5017x6823', 'branch_id': 101, 'table_id': 206, 'is_prebooked': True, 'checkin_date': '2025-07-18', 'checkin_time': '20:23', 'guests_count': 1, 'shift_manager': 'Danielle Harrison'}
[2025-07-18T20:58:04.158+0000] {subprocess.py:93} INFO - [✓] Sent to checkins: {'checkin_id': 2826, 'customer_name': 'Ariel Payne', 'phone_number': '268-702-8444x30991', 'branch_id': 101, 'table_id': 203, 'is_prebooked': False, 'checkin_date': '2025-07-18', 'checkin_time': '20:05', 'guests_count': 3, 'shift_manager': 'Kaylee Camacho'}
[2025-07-18T20:58:04.159+0000] {subprocess.py:93} INFO - [✓] Sent to checkins: {'checkin_id': 2837, 'customer_name': 'Elizabeth Torres', 'phone_number': '(886)433-4642', 'branch_id': 101, 'table_id': 208, 'is_prebooked': False, 'checkin_date': '2025-07-18', 'checkin_time': '19:10', 'guests_count': 3, 'shift_manager': 'Christina Mckenzie'}
[2025-07-18T20:58:04.159+0000] {subprocess.py:93} INFO - [✓] Sent to feedback: {'feedback_id': 2588, 'branch_id': 101, 'customer_name': 'Jane Quinn', 'phone_number': '(578)710-4582', 'feedback_text': 'Mother spend language state.', 'rating': 4, 'dining_date': '2025-07-18', 'dining_time': '19:49', 'submission_time': '2025-07-18T20:58:00'}
[2025-07-18T20:58:04.161+0000] {subprocess.py:93} INFO - [✓] Sent to feedback: {'feedback_id': 3040, 'branch_id': 102, 'customer_name': 'Felicia Smith', 'phone_number': '288.775.4073', 'feedback_text': 'Room side artist church entire thus.', 'rating': 3, 'dining_date': '2025-07-18', 'dining_time': '20:21', 'submission_time': '2025-07-18T20:58:00'}
[2025-07-18T20:58:04.164+0000] {subprocess.py:93} INFO - [✓] Sent to feedback: {'feedback_id': 6478, 'branch_id': 102, 'customer_name': 'Joshua Forbes', 'phone_number': '(643)324-2472x54496', 'feedback_text': 'Sing let final.', 'rating': 4, 'dining_date': '2025-07-18', 'dining_time': '20:40', 'submission_time': '2025-07-18T20:58:00'}
[2025-07-18T20:58:04.165+0000] {subprocess.py:93} INFO - ✅ All messages sent.
[2025-07-18T20:58:04.197+0000] {subprocess.py:97} INFO - Command exited with return code 0
[2025-07-18T20:58:04.212+0000] {taskinstance.py:1400} INFO - Marking task as SUCCESS. dag_id=restaurant_pipeline, task_id=send_to_kafka, execution_date=20250718T205600, start_date=20250718T205801, end_date=20250718T205804
[2025-07-18T20:58:04.261+0000] {local_task_job_runner.py:228} INFO - Task exited with return code 0
[2025-07-18T20:58:04.289+0000] {taskinstance.py:2778} INFO - 1 downstream tasks scheduled from follow-on schedule check
