[2025-07-18T20:30:01.244+0000] {taskinstance.py:1159} INFO - Dependencies all met for dep_context=non-requeueable deps ti=<TaskInstance: restaurant_pipeline.send_to_kafka scheduled__2025-07-18T20:28:00+00:00 [queued]>
[2025-07-18T20:30:01.259+0000] {taskinstance.py:1159} INFO - Dependencies all met for dep_context=requeueable deps ti=<TaskInstance: restaurant_pipeline.send_to_kafka scheduled__2025-07-18T20:28:00+00:00 [queued]>
[2025-07-18T20:30:01.266+0000] {taskinstance.py:1361} INFO - Starting attempt 1 of 1
[2025-07-18T20:30:01.281+0000] {taskinstance.py:1382} INFO - Executing <Task(BashOperator): send_to_kafka> on 2025-07-18 20:28:00+00:00
[2025-07-18T20:30:01.288+0000] {standard_task_runner.py:57} INFO - Started process 6178 to run task
[2025-07-18T20:30:01.292+0000] {standard_task_runner.py:84} INFO - Running: ['***', 'tasks', 'run', 'restaurant_pipeline', 'send_to_kafka', 'scheduled__2025-07-18T20:28:00+00:00', '--job-id', '626', '--raw', '--subdir', 'DAGS_FOLDER/restaurant_pipeline.py', '--cfg-path', '/tmp/tmplqkppf52']
[2025-07-18T20:30:01.297+0000] {standard_task_runner.py:85} INFO - Job 626: Subtask send_to_kafka
[2025-07-18T20:30:01.369+0000] {task_command.py:416} INFO - Running <TaskInstance: restaurant_pipeline.send_to_kafka scheduled__2025-07-18T20:28:00+00:00 [running]> on host 9bcfb43e0ab7
[2025-07-18T20:30:01.425+0000] {taskinstance.py:1662} INFO - Exporting env vars: AIRFLOW_CTX_DAG_OWNER='moran' AIRFLOW_CTX_DAG_ID='restaurant_pipeline' AIRFLOW_CTX_TASK_ID='send_to_kafka' AIRFLOW_CTX_EXECUTION_DATE='2025-07-18T20:28:00+00:00' AIRFLOW_CTX_TRY_NUMBER='1' AIRFLOW_CTX_DAG_RUN_ID='scheduled__2025-07-18T20:28:00+00:00'
[2025-07-18T20:30:01.427+0000] {subprocess.py:63} INFO - Tmp dir root location: /tmp
[2025-07-18T20:30:01.427+0000] {subprocess.py:75} INFO - Running command: ['/bin/bash', '-c', 'python /opt/streaming/producer.py']
[2025-07-18T20:30:01.432+0000] {subprocess.py:86} INFO - Output:
[2025-07-18T20:30:03.703+0000] {subprocess.py:93} INFO - [✓] Sent to reservations: {'reservation_id': 8643, 'branch_id': 102, 'customer_name': 'James Rogers', 'phone_number': '4115106485', 'reservation_date': '2025-07-18', 'reservation_time': '21:40', 'guests_count': 7, 'is_confirmed': True}
[2025-07-18T20:30:03.709+0000] {subprocess.py:93} INFO - [✓] Sent to reservations: {'reservation_id': 6986, 'branch_id': 102, 'customer_name': 'James Davila', 'phone_number': '849-964-1930x5322', 'reservation_date': '2025-07-18', 'reservation_time': '20:46', 'guests_count': 1, 'is_confirmed': False}
[2025-07-18T20:30:03.710+0000] {subprocess.py:93} INFO - [✓] Sent to reservations: {'reservation_id': 3011, 'branch_id': 102, 'customer_name': 'Joshua Savage', 'phone_number': '810-346-1623x9070', 'reservation_date': '2025-07-18', 'reservation_time': '21:14', 'guests_count': 5, 'is_confirmed': False}
[2025-07-18T20:30:03.710+0000] {subprocess.py:93} INFO - [✓] Sent to checkins: {'checkin_id': 7122, 'customer_name': 'Joshua Peterson', 'phone_number': '781-494-3801x07853', 'branch_id': 102, 'table_id': 201, 'is_prebooked': False, 'checkin_date': '2025-07-18', 'checkin_time': '19:00', 'guests_count': 4, 'shift_manager': 'Michelle Walker'}
[2025-07-18T20:30:03.710+0000] {subprocess.py:93} INFO - [✓] Sent to checkins: {'checkin_id': 2759, 'customer_name': 'Daniel Garcia', 'phone_number': '+1-579-551-0042x0792', 'branch_id': 101, 'table_id': 201, 'is_prebooked': False, 'checkin_date': '2025-07-18', 'checkin_time': '19:29', 'guests_count': 2, 'shift_manager': 'Jack Gomez'}
[2025-07-18T20:30:03.710+0000] {subprocess.py:93} INFO - [✓] Sent to checkins: {'checkin_id': 9173, 'customer_name': 'Rebecca Gardner', 'phone_number': '001-892-776-8946x361', 'branch_id': 101, 'table_id': 205, 'is_prebooked': True, 'checkin_date': '2025-07-18', 'checkin_time': '18:38', 'guests_count': 3, 'shift_manager': 'Scott Bell II'}
[2025-07-18T20:30:03.711+0000] {subprocess.py:93} INFO - [✓] Sent to feedback: {'feedback_id': 3132, 'branch_id': 102, 'customer_name': 'Michelle Henderson', 'phone_number': '(440)463-8194', 'feedback_text': 'Tree account see sit.', 'rating': 2, 'dining_date': '2025-07-18', 'dining_time': '18:36', 'submission_time': '2025-07-18T20:30:00'}
[2025-07-18T20:30:03.711+0000] {subprocess.py:93} INFO - [✓] Sent to feedback: {'feedback_id': 6364, 'branch_id': 102, 'customer_name': 'Rose Olsen DDS', 'phone_number': '633.966.0689x03999', 'feedback_text': 'Fight something fish my sea history current.', 'rating': 4, 'dining_date': '2025-07-18', 'dining_time': '19:14', 'submission_time': '2025-07-18T20:30:00'}
[2025-07-18T20:30:03.712+0000] {subprocess.py:93} INFO - [✓] Sent to feedback: {'feedback_id': 8261, 'branch_id': 101, 'customer_name': 'Charles Dougherty', 'phone_number': '314-511-4223', 'feedback_text': 'Yet benefit perhaps bad surface along find identify.', 'rating': 3, 'dining_date': '2025-07-18', 'dining_time': '20:30', 'submission_time': '2025-07-18T20:30:00'}
[2025-07-18T20:30:03.712+0000] {subprocess.py:93} INFO - ✅ All messages sent.
[2025-07-18T20:30:03.752+0000] {subprocess.py:97} INFO - Command exited with return code 0
[2025-07-18T20:30:03.772+0000] {taskinstance.py:1400} INFO - Marking task as SUCCESS. dag_id=restaurant_pipeline, task_id=send_to_kafka, execution_date=20250718T202800, start_date=20250718T203001, end_date=20250718T203003
[2025-07-18T20:30:03.796+0000] {local_task_job_runner.py:228} INFO - Task exited with return code 0
[2025-07-18T20:30:03.824+0000] {taskinstance.py:2778} INFO - 1 downstream tasks scheduled from follow-on schedule check
