[2025-07-18T16:41:12.736+0000] {taskinstance.py:1159} INFO - Dependencies all met for dep_context=non-requeueable deps ti=<TaskInstance: restaurant_pipeline.bronze_to_silver scheduled__2025-07-18T16:38:00+00:00 [queued]>
[2025-07-18T16:41:12.745+0000] {taskinstance.py:1159} INFO - Dependencies all met for dep_context=requeueable deps ti=<TaskInstance: restaurant_pipeline.bronze_to_silver scheduled__2025-07-18T16:38:00+00:00 [queued]>
[2025-07-18T16:41:12.746+0000] {taskinstance.py:1361} INFO - Starting attempt 1 of 1
[2025-07-18T16:41:12.757+0000] {taskinstance.py:1382} INFO - Executing <Task(BashOperator): bronze_to_silver> on 2025-07-18 16:38:00+00:00
[2025-07-18T16:41:12.760+0000] {standard_task_runner.py:57} INFO - Started process 1741 to run task
[2025-07-18T16:41:12.766+0000] {standard_task_runner.py:84} INFO - Running: ['***', 'tasks', 'run', 'restaurant_pipeline', 'bronze_to_silver', 'scheduled__2025-07-18T16:38:00+00:00', '--job-id', '223', '--raw', '--subdir', 'DAGS_FOLDER/restaurant_pipeline.py', '--cfg-path', '/tmp/tmpcbl62400']
[2025-07-18T16:41:12.768+0000] {standard_task_runner.py:85} INFO - Job 223: Subtask bronze_to_silver
[2025-07-18T16:41:12.819+0000] {task_command.py:416} INFO - Running <TaskInstance: restaurant_pipeline.bronze_to_silver scheduled__2025-07-18T16:38:00+00:00 [running]> on host 9bcfb43e0ab7
[2025-07-18T16:41:12.894+0000] {taskinstance.py:1662} INFO - Exporting env vars: AIRFLOW_CTX_DAG_OWNER='moran' AIRFLOW_CTX_DAG_ID='restaurant_pipeline' AIRFLOW_CTX_TASK_ID='bronze_to_silver' AIRFLOW_CTX_EXECUTION_DATE='2025-07-18T16:38:00+00:00' AIRFLOW_CTX_TRY_NUMBER='1' AIRFLOW_CTX_DAG_RUN_ID='scheduled__2025-07-18T16:38:00+00:00'
[2025-07-18T16:41:12.895+0000] {subprocess.py:63} INFO - Tmp dir root location: /tmp
[2025-07-18T16:41:12.896+0000] {subprocess.py:75} INFO - Running command: ['/bin/bash', '-c', 'docker exec spark-iceberg spark-submit /home/iceberg/spark/bronze_to_silver.py']
[2025-07-18T16:41:12.904+0000] {subprocess.py:86} INFO - Output:
[2025-07-18T16:41:14.769+0000] {subprocess.py:93} INFO - 25/07/18 16:41:14 INFO SparkContext: Running Spark version 3.5.6
[2025-07-18T16:41:14.770+0000] {subprocess.py:93} INFO - 25/07/18 16:41:14 INFO SparkContext: OS info Linux, 6.10.14-linuxkit, aarch64
[2025-07-18T16:41:14.770+0000] {subprocess.py:93} INFO - 25/07/18 16:41:14 INFO SparkContext: Java version 17.0.15
[2025-07-18T16:41:14.786+0000] {subprocess.py:93} INFO - 25/07/18 16:41:14 INFO ResourceUtils: ==============================================================
[2025-07-18T16:41:14.787+0000] {subprocess.py:93} INFO - 25/07/18 16:41:14 INFO ResourceUtils: No custom resources configured for spark.driver.
[2025-07-18T16:41:14.787+0000] {subprocess.py:93} INFO - 25/07/18 16:41:14 INFO ResourceUtils: ==============================================================
[2025-07-18T16:41:14.789+0000] {subprocess.py:93} INFO - 25/07/18 16:41:14 INFO SparkContext: Submitted application: BronzeToSilver
[2025-07-18T16:41:14.799+0000] {subprocess.py:93} INFO - 25/07/18 16:41:14 INFO ResourceProfile: Default ResourceProfile created, executor resources: Map(cores -> name: cores, amount: 1, script: , vendor: , memory -> name: memory, amount: 1024, script: , vendor: , offHeap -> name: offHeap, amount: 0, script: , vendor: ), task resources: Map(cpus -> name: cpus, amount: 1.0)
[2025-07-18T16:41:14.804+0000] {subprocess.py:93} INFO - 25/07/18 16:41:14 INFO ResourceProfile: Limiting resource is cpu
[2025-07-18T16:41:14.804+0000] {subprocess.py:93} INFO - 25/07/18 16:41:14 INFO ResourceProfileManager: Added ResourceProfile id: 0
[2025-07-18T16:41:14.832+0000] {subprocess.py:93} INFO - 25/07/18 16:41:14 INFO SecurityManager: Changing view acls to: root,spark
[2025-07-18T16:41:14.833+0000] {subprocess.py:93} INFO - 25/07/18 16:41:14 INFO SecurityManager: Changing modify acls to: root,spark
[2025-07-18T16:41:14.833+0000] {subprocess.py:93} INFO - 25/07/18 16:41:14 INFO SecurityManager: Changing view acls groups to:
[2025-07-18T16:41:14.833+0000] {subprocess.py:93} INFO - 25/07/18 16:41:14 INFO SecurityManager: Changing modify acls groups to:
[2025-07-18T16:41:14.833+0000] {subprocess.py:93} INFO - 25/07/18 16:41:14 INFO SecurityManager: SecurityManager: authentication disabled; ui acls disabled; users with view permissions: root, spark; groups with view permissions: EMPTY; users with modify permissions: root, spark; groups with modify permissions: EMPTY
[2025-07-18T16:41:14.867+0000] {subprocess.py:93} INFO - 25/07/18 16:41:14 WARN NativeCodeLoader: Unable to load native-hadoop library for your platform... using builtin-java classes where applicable
[2025-07-18T16:41:15.000+0000] {subprocess.py:93} INFO - 25/07/18 16:41:14 INFO Utils: Successfully started service 'sparkDriver' on port 37739.
[2025-07-18T16:41:15.018+0000] {subprocess.py:93} INFO - 25/07/18 16:41:15 INFO SparkEnv: Registering MapOutputTracker
[2025-07-18T16:41:15.047+0000] {subprocess.py:93} INFO - 25/07/18 16:41:15 INFO SparkEnv: Registering BlockManagerMaster
[2025-07-18T16:41:15.056+0000] {subprocess.py:93} INFO - 25/07/18 16:41:15 INFO BlockManagerMasterEndpoint: Using org.apache.spark.storage.DefaultTopologyMapper for getting topology information
[2025-07-18T16:41:15.056+0000] {subprocess.py:93} INFO - 25/07/18 16:41:15 INFO BlockManagerMasterEndpoint: BlockManagerMasterEndpoint up
[2025-07-18T16:41:15.059+0000] {subprocess.py:93} INFO - 25/07/18 16:41:15 INFO SparkEnv: Registering BlockManagerMasterHeartbeat
[2025-07-18T16:41:15.072+0000] {subprocess.py:93} INFO - 25/07/18 16:41:15 INFO DiskBlockManager: Created local directory at /tmp/blockmgr-8433adf4-493a-4f9c-97ea-b0ba0028709c
[2025-07-18T16:41:15.078+0000] {subprocess.py:93} INFO - 25/07/18 16:41:15 INFO MemoryStore: MemoryStore started with capacity 434.4 MiB
[2025-07-18T16:41:15.086+0000] {subprocess.py:93} INFO - 25/07/18 16:41:15 INFO SparkEnv: Registering OutputCommitCoordinator
[2025-07-18T16:41:15.149+0000] {subprocess.py:93} INFO - 25/07/18 16:41:15 INFO JettyUtils: Start Jetty 0.0.0.0:4040 for SparkUI
[2025-07-18T16:41:15.180+0000] {subprocess.py:93} INFO - 25/07/18 16:41:15 INFO Utils: Successfully started service 'SparkUI' on port 4040.
[2025-07-18T16:41:15.230+0000] {subprocess.py:93} INFO - 25/07/18 16:41:15 INFO Executor: Starting executor ID driver on host 77cb57a6bd53
[2025-07-18T16:41:15.230+0000] {subprocess.py:93} INFO - 25/07/18 16:41:15 INFO Executor: OS info Linux, 6.10.14-linuxkit, aarch64
[2025-07-18T16:41:15.230+0000] {subprocess.py:93} INFO - 25/07/18 16:41:15 INFO Executor: Java version 17.0.15
[2025-07-18T16:41:15.234+0000] {subprocess.py:93} INFO - 25/07/18 16:41:15 INFO Executor: Starting executor with user classpath (userClassPathFirst = false): ''
[2025-07-18T16:41:15.234+0000] {subprocess.py:93} INFO - 25/07/18 16:41:15 INFO Executor: Created or updated repl class loader org.apache.spark.util.MutableURLClassLoader@7af917f4 for default.
[2025-07-18T16:41:15.243+0000] {subprocess.py:93} INFO - 25/07/18 16:41:15 INFO Utils: Successfully started service 'org.apache.spark.network.netty.NettyBlockTransferService' on port 34921.
[2025-07-18T16:41:15.244+0000] {subprocess.py:93} INFO - 25/07/18 16:41:15 INFO NettyBlockTransferService: Server created on 77cb57a6bd53:34921
[2025-07-18T16:41:15.244+0000] {subprocess.py:93} INFO - 25/07/18 16:41:15 INFO BlockManager: Using org.apache.spark.storage.RandomBlockReplicationPolicy for block replication policy
[2025-07-18T16:41:15.252+0000] {subprocess.py:93} INFO - 25/07/18 16:41:15 INFO BlockManagerMaster: Registering BlockManager BlockManagerId(driver, 77cb57a6bd53, 34921, None)
[2025-07-18T16:41:15.254+0000] {subprocess.py:93} INFO - 25/07/18 16:41:15 INFO BlockManagerMasterEndpoint: Registering block manager 77cb57a6bd53:34921 with 434.4 MiB RAM, BlockManagerId(driver, 77cb57a6bd53, 34921, None)
[2025-07-18T16:41:15.257+0000] {subprocess.py:93} INFO - 25/07/18 16:41:15 INFO BlockManagerMaster: Registered BlockManager BlockManagerId(driver, 77cb57a6bd53, 34921, None)
[2025-07-18T16:41:15.258+0000] {subprocess.py:93} INFO - 25/07/18 16:41:15 INFO BlockManager: Initialized BlockManager: BlockManagerId(driver, 77cb57a6bd53, 34921, None)
[2025-07-18T16:41:15.490+0000] {subprocess.py:93} INFO - 25/07/18 16:41:15 INFO SharedState: Setting hive.metastore.warehouse.dir ('null') to the value of spark.sql.warehouse.dir.
[2025-07-18T16:41:15.495+0000] {subprocess.py:93} INFO - 25/07/18 16:41:15 INFO SharedState: Warehouse path is 'file:/app/spark-warehouse'.
[2025-07-18T16:41:16.111+0000] {subprocess.py:93} INFO - 25/07/18 16:41:16 WARN MetricsConfig: Cannot locate configuration: tried hadoop-metrics2-s3a-file-system.properties,hadoop-metrics2.properties
[2025-07-18T16:41:16.119+0000] {subprocess.py:93} INFO - 25/07/18 16:41:16 INFO MetricsSystemImpl: Scheduled Metric snapshot period at 10 second(s).
[2025-07-18T16:41:16.119+0000] {subprocess.py:93} INFO - 25/07/18 16:41:16 INFO MetricsSystemImpl: s3a-file-system metrics system started
[2025-07-18T16:41:17.150+0000] {subprocess.py:93} INFO - 25/07/18 16:41:17 INFO BaseMetastoreCatalog: Table loaded by catalog: my_catalog.bronze.Reservations_raw
[2025-07-18T16:41:17.363+0000] {subprocess.py:93} INFO - 25/07/18 16:41:17 INFO BaseMetastoreCatalog: Table loaded by catalog: my_catalog.bronze.Checkins_raw
[2025-07-18T16:41:17.424+0000] {subprocess.py:93} INFO - 25/07/18 16:41:17 INFO BaseMetastoreCatalog: Table loaded by catalog: my_catalog.bronze.Feedback_raw
[2025-07-18T16:41:17.641+0000] {subprocess.py:93} INFO - Traceback (most recent call last):
[2025-07-18T16:41:17.641+0000] {subprocess.py:93} INFO -   File "/home/iceberg/spark/bronze_to_silver.py", line 25, in <module>
[2025-07-18T16:41:17.641+0000] {subprocess.py:93} INFO -     customers_df = spark.table("my_catalog.silver.customers")
[2025-07-18T16:41:17.641+0000] {subprocess.py:93} INFO -                    ^^^^^^^^^^^^^^^^^^^^^^^^^^^^^^^^^^^^^^^^^^
[2025-07-18T16:41:17.642+0000] {subprocess.py:93} INFO -   File "/opt/bitnami/spark/python/lib/pyspark.zip/pyspark/sql/session.py", line 1667, in table
[2025-07-18T16:41:17.642+0000] {subprocess.py:93} INFO -   File "/opt/bitnami/spark/python/lib/py4j-0.10.9.7-src.zip/py4j/java_gateway.py", line 1322, in __call__
[2025-07-18T16:41:17.642+0000] {subprocess.py:93} INFO -   File "/opt/bitnami/spark/python/lib/pyspark.zip/pyspark/errors/exceptions/captured.py", line 185, in deco
[2025-07-18T16:41:17.651+0000] {subprocess.py:93} INFO - pyspark.errors.exceptions.captured.AnalysisException: [TABLE_OR_VIEW_NOT_FOUND] The table or view `my_catalog`.`silver`.`customers` cannot be found. Verify the spelling and correctness of the schema and catalog.
[2025-07-18T16:41:17.651+0000] {subprocess.py:93} INFO - If you did not qualify the name with a schema, verify the current_schema() output, or qualify the name with the correct schema and catalog.
[2025-07-18T16:41:17.652+0000] {subprocess.py:93} INFO - To tolerate the error on drop use DROP VIEW IF EXISTS or DROP TABLE IF EXISTS.;
[2025-07-18T16:41:17.652+0000] {subprocess.py:93} INFO - 'UnresolvedRelation [my_catalog, silver, customers], [], false
[2025-07-18T16:41:17.652+0000] {subprocess.py:93} INFO - 
[2025-07-18T16:41:17.673+0000] {subprocess.py:93} INFO - 25/07/18 16:41:17 INFO SparkContext: Invoking stop() from shutdown hook
[2025-07-18T16:41:17.673+0000] {subprocess.py:93} INFO - 25/07/18 16:41:17 INFO SparkContext: SparkContext is stopping with exitCode 0.
[2025-07-18T16:41:17.681+0000] {subprocess.py:93} INFO - 25/07/18 16:41:17 INFO SparkUI: Stopped Spark web UI at http://77cb57a6bd53:4040
[2025-07-18T16:41:17.686+0000] {subprocess.py:93} INFO - 25/07/18 16:41:17 INFO MapOutputTrackerMasterEndpoint: MapOutputTrackerMasterEndpoint stopped!
[2025-07-18T16:41:17.693+0000] {subprocess.py:93} INFO - 25/07/18 16:41:17 INFO MemoryStore: MemoryStore cleared
[2025-07-18T16:41:17.694+0000] {subprocess.py:93} INFO - 25/07/18 16:41:17 INFO BlockManager: BlockManager stopped
[2025-07-18T16:41:17.697+0000] {subprocess.py:93} INFO - 25/07/18 16:41:17 INFO BlockManagerMaster: BlockManagerMaster stopped
[2025-07-18T16:41:17.698+0000] {subprocess.py:93} INFO - 25/07/18 16:41:17 INFO OutputCommitCoordinator$OutputCommitCoordinatorEndpoint: OutputCommitCoordinator stopped!
[2025-07-18T16:41:17.702+0000] {subprocess.py:93} INFO - 25/07/18 16:41:17 INFO SparkContext: Successfully stopped SparkContext
[2025-07-18T16:41:17.703+0000] {subprocess.py:93} INFO - 25/07/18 16:41:17 INFO ShutdownHookManager: Shutdown hook called
[2025-07-18T16:41:17.703+0000] {subprocess.py:93} INFO - 25/07/18 16:41:17 INFO ShutdownHookManager: Deleting directory /tmp/spark-086a6bcf-9997-4c08-ab10-0300e751465c/pyspark-fb995ad9-859d-4b69-a750-179cadecc849
[2025-07-18T16:41:17.704+0000] {subprocess.py:93} INFO - 25/07/18 16:41:17 INFO ShutdownHookManager: Deleting directory /tmp/spark-662f4d1a-101f-4d03-859e-ad2967889161
[2025-07-18T16:41:17.705+0000] {subprocess.py:93} INFO - 25/07/18 16:41:17 INFO ShutdownHookManager: Deleting directory /tmp/spark-086a6bcf-9997-4c08-ab10-0300e751465c
[2025-07-18T16:41:17.707+0000] {subprocess.py:93} INFO - 25/07/18 16:41:17 INFO MetricsSystemImpl: Stopping s3a-file-system metrics system...
[2025-07-18T16:41:17.708+0000] {subprocess.py:93} INFO - 25/07/18 16:41:17 INFO MetricsSystemImpl: s3a-file-system metrics system stopped.
[2025-07-18T16:41:17.708+0000] {subprocess.py:93} INFO - 25/07/18 16:41:17 INFO MetricsSystemImpl: s3a-file-system metrics system shutdown complete.
[2025-07-18T16:41:17.736+0000] {subprocess.py:97} INFO - Command exited with return code 1
[2025-07-18T16:41:17.745+0000] {taskinstance.py:1937} ERROR - Task failed with exception
Traceback (most recent call last):
  File "/home/airflow/.local/lib/python3.8/site-packages/airflow/operators/bash.py", line 210, in execute
    raise AirflowException(
airflow.exceptions.AirflowException: Bash command failed. The command returned a non-zero exit code 1.
[2025-07-18T16:41:17.748+0000] {taskinstance.py:1400} INFO - Marking task as FAILED. dag_id=restaurant_pipeline, task_id=bronze_to_silver, execution_date=20250718T163800, start_date=20250718T164112, end_date=20250718T164117
[2025-07-18T16:41:17.755+0000] {standard_task_runner.py:104} ERROR - Failed to execute job 223 for task bronze_to_silver (Bash command failed. The command returned a non-zero exit code 1.; 1741)
[2025-07-18T16:41:17.795+0000] {local_task_job_runner.py:228} INFO - Task exited with return code 1
[2025-07-18T16:41:17.824+0000] {taskinstance.py:2778} INFO - 0 downstream tasks scheduled from follow-on schedule check
