[2025-07-18T16:47:11.908+0000] {taskinstance.py:1159} INFO - Dependencies all met for dep_context=non-requeueable deps ti=<TaskInstance: restaurant_pipeline.bronze_to_silver scheduled__2025-07-18T16:44:00+00:00 [queued]>
[2025-07-18T16:47:11.913+0000] {taskinstance.py:1159} INFO - Dependencies all met for dep_context=requeueable deps ti=<TaskInstance: restaurant_pipeline.bronze_to_silver scheduled__2025-07-18T16:44:00+00:00 [queued]>
[2025-07-18T16:47:11.913+0000] {taskinstance.py:1361} INFO - Starting attempt 1 of 1
[2025-07-18T16:47:11.920+0000] {taskinstance.py:1382} INFO - Executing <Task(BashOperator): bronze_to_silver> on 2025-07-18 16:44:00+00:00
[2025-07-18T16:47:11.922+0000] {standard_task_runner.py:57} INFO - Started process 1877 to run task
[2025-07-18T16:47:11.926+0000] {standard_task_runner.py:84} INFO - Running: ['***', 'tasks', 'run', 'restaurant_pipeline', 'bronze_to_silver', 'scheduled__2025-07-18T16:44:00+00:00', '--job-id', '235', '--raw', '--subdir', 'DAGS_FOLDER/restaurant_pipeline.py', '--cfg-path', '/tmp/tmplgyu7t4i']
[2025-07-18T16:47:11.930+0000] {standard_task_runner.py:85} INFO - Job 235: Subtask bronze_to_silver
[2025-07-18T16:47:11.977+0000] {task_command.py:416} INFO - Running <TaskInstance: restaurant_pipeline.bronze_to_silver scheduled__2025-07-18T16:44:00+00:00 [running]> on host 9bcfb43e0ab7
[2025-07-18T16:47:12.022+0000] {taskinstance.py:1662} INFO - Exporting env vars: AIRFLOW_CTX_DAG_OWNER='moran' AIRFLOW_CTX_DAG_ID='restaurant_pipeline' AIRFLOW_CTX_TASK_ID='bronze_to_silver' AIRFLOW_CTX_EXECUTION_DATE='2025-07-18T16:44:00+00:00' AIRFLOW_CTX_TRY_NUMBER='1' AIRFLOW_CTX_DAG_RUN_ID='scheduled__2025-07-18T16:44:00+00:00'
[2025-07-18T16:47:12.023+0000] {subprocess.py:63} INFO - Tmp dir root location: /tmp
[2025-07-18T16:47:12.023+0000] {subprocess.py:75} INFO - Running command: ['/bin/bash', '-c', 'docker exec spark-iceberg spark-submit /home/iceberg/spark/bronze_to_silver.py']
[2025-07-18T16:47:12.028+0000] {subprocess.py:86} INFO - Output:
[2025-07-18T16:47:13.956+0000] {subprocess.py:93} INFO - 25/07/18 16:47:13 INFO SparkContext: Running Spark version 3.5.6
[2025-07-18T16:47:13.958+0000] {subprocess.py:93} INFO - 25/07/18 16:47:13 INFO SparkContext: OS info Linux, 6.10.14-linuxkit, aarch64
[2025-07-18T16:47:13.958+0000] {subprocess.py:93} INFO - 25/07/18 16:47:13 INFO SparkContext: Java version 17.0.15
[2025-07-18T16:47:13.976+0000] {subprocess.py:93} INFO - 25/07/18 16:47:13 INFO ResourceUtils: ==============================================================
[2025-07-18T16:47:13.979+0000] {subprocess.py:93} INFO - 25/07/18 16:47:13 INFO ResourceUtils: No custom resources configured for spark.driver.
[2025-07-18T16:47:13.979+0000] {subprocess.py:93} INFO - 25/07/18 16:47:13 INFO ResourceUtils: ==============================================================
[2025-07-18T16:47:13.979+0000] {subprocess.py:93} INFO - 25/07/18 16:47:13 INFO SparkContext: Submitted application: BronzeToSilver
[2025-07-18T16:47:13.991+0000] {subprocess.py:93} INFO - 25/07/18 16:47:13 INFO ResourceProfile: Default ResourceProfile created, executor resources: Map(cores -> name: cores, amount: 1, script: , vendor: , memory -> name: memory, amount: 1024, script: , vendor: , offHeap -> name: offHeap, amount: 0, script: , vendor: ), task resources: Map(cpus -> name: cpus, amount: 1.0)
[2025-07-18T16:47:13.995+0000] {subprocess.py:93} INFO - 25/07/18 16:47:13 INFO ResourceProfile: Limiting resource is cpu
[2025-07-18T16:47:13.998+0000] {subprocess.py:93} INFO - 25/07/18 16:47:13 INFO ResourceProfileManager: Added ResourceProfile id: 0
[2025-07-18T16:47:14.025+0000] {subprocess.py:93} INFO - 25/07/18 16:47:14 INFO SecurityManager: Changing view acls to: root,spark
[2025-07-18T16:47:14.026+0000] {subprocess.py:93} INFO - 25/07/18 16:47:14 INFO SecurityManager: Changing modify acls to: root,spark
[2025-07-18T16:47:14.026+0000] {subprocess.py:93} INFO - 25/07/18 16:47:14 INFO SecurityManager: Changing view acls groups to:
[2025-07-18T16:47:14.026+0000] {subprocess.py:93} INFO - 25/07/18 16:47:14 INFO SecurityManager: Changing modify acls groups to:
[2025-07-18T16:47:14.026+0000] {subprocess.py:93} INFO - 25/07/18 16:47:14 INFO SecurityManager: SecurityManager: authentication disabled; ui acls disabled; users with view permissions: root, spark; groups with view permissions: EMPTY; users with modify permissions: root, spark; groups with modify permissions: EMPTY
[2025-07-18T16:47:14.061+0000] {subprocess.py:93} INFO - 25/07/18 16:47:14 WARN NativeCodeLoader: Unable to load native-hadoop library for your platform... using builtin-java classes where applicable
[2025-07-18T16:47:14.256+0000] {subprocess.py:93} INFO - 25/07/18 16:47:14 INFO Utils: Successfully started service 'sparkDriver' on port 37769.
[2025-07-18T16:47:14.271+0000] {subprocess.py:93} INFO - 25/07/18 16:47:14 INFO SparkEnv: Registering MapOutputTracker
[2025-07-18T16:47:14.298+0000] {subprocess.py:93} INFO - 25/07/18 16:47:14 INFO SparkEnv: Registering BlockManagerMaster
[2025-07-18T16:47:14.303+0000] {subprocess.py:93} INFO - 25/07/18 16:47:14 INFO BlockManagerMasterEndpoint: Using org.apache.spark.storage.DefaultTopologyMapper for getting topology information
[2025-07-18T16:47:14.303+0000] {subprocess.py:93} INFO - 25/07/18 16:47:14 INFO BlockManagerMasterEndpoint: BlockManagerMasterEndpoint up
[2025-07-18T16:47:14.306+0000] {subprocess.py:93} INFO - 25/07/18 16:47:14 INFO SparkEnv: Registering BlockManagerMasterHeartbeat
[2025-07-18T16:47:14.317+0000] {subprocess.py:93} INFO - 25/07/18 16:47:14 INFO DiskBlockManager: Created local directory at /tmp/blockmgr-fab84159-0a1a-4676-89db-a953474604b4
[2025-07-18T16:47:14.326+0000] {subprocess.py:93} INFO - 25/07/18 16:47:14 INFO MemoryStore: MemoryStore started with capacity 434.4 MiB
[2025-07-18T16:47:14.333+0000] {subprocess.py:93} INFO - 25/07/18 16:47:14 INFO SparkEnv: Registering OutputCommitCoordinator
[2025-07-18T16:47:14.394+0000] {subprocess.py:93} INFO - 25/07/18 16:47:14 INFO JettyUtils: Start Jetty 0.0.0.0:4040 for SparkUI
[2025-07-18T16:47:14.432+0000] {subprocess.py:93} INFO - 25/07/18 16:47:14 INFO Utils: Successfully started service 'SparkUI' on port 4040.
[2025-07-18T16:47:14.489+0000] {subprocess.py:93} INFO - 25/07/18 16:47:14 INFO Executor: Starting executor ID driver on host 77cb57a6bd53
[2025-07-18T16:47:14.489+0000] {subprocess.py:93} INFO - 25/07/18 16:47:14 INFO Executor: OS info Linux, 6.10.14-linuxkit, aarch64
[2025-07-18T16:47:14.489+0000] {subprocess.py:93} INFO - 25/07/18 16:47:14 INFO Executor: Java version 17.0.15
[2025-07-18T16:47:14.493+0000] {subprocess.py:93} INFO - 25/07/18 16:47:14 INFO Executor: Starting executor with user classpath (userClassPathFirst = false): ''
[2025-07-18T16:47:14.493+0000] {subprocess.py:93} INFO - 25/07/18 16:47:14 INFO Executor: Created or updated repl class loader org.apache.spark.util.MutableURLClassLoader@17a81e5a for default.
[2025-07-18T16:47:14.504+0000] {subprocess.py:93} INFO - 25/07/18 16:47:14 INFO Utils: Successfully started service 'org.apache.spark.network.netty.NettyBlockTransferService' on port 44045.
[2025-07-18T16:47:14.504+0000] {subprocess.py:93} INFO - 25/07/18 16:47:14 INFO NettyBlockTransferService: Server created on 77cb57a6bd53:44045
[2025-07-18T16:47:14.504+0000] {subprocess.py:93} INFO - 25/07/18 16:47:14 INFO BlockManager: Using org.apache.spark.storage.RandomBlockReplicationPolicy for block replication policy
[2025-07-18T16:47:14.514+0000] {subprocess.py:93} INFO - 25/07/18 16:47:14 INFO BlockManagerMaster: Registering BlockManager BlockManagerId(driver, 77cb57a6bd53, 44045, None)
[2025-07-18T16:47:14.517+0000] {subprocess.py:93} INFO - 25/07/18 16:47:14 INFO BlockManagerMasterEndpoint: Registering block manager 77cb57a6bd53:44045 with 434.4 MiB RAM, BlockManagerId(driver, 77cb57a6bd53, 44045, None)
[2025-07-18T16:47:14.519+0000] {subprocess.py:93} INFO - 25/07/18 16:47:14 INFO BlockManagerMaster: Registered BlockManager BlockManagerId(driver, 77cb57a6bd53, 44045, None)
[2025-07-18T16:47:14.520+0000] {subprocess.py:93} INFO - 25/07/18 16:47:14 INFO BlockManager: Initialized BlockManager: BlockManagerId(driver, 77cb57a6bd53, 44045, None)
[2025-07-18T16:47:14.775+0000] {subprocess.py:93} INFO - 25/07/18 16:47:14 INFO SharedState: Setting hive.metastore.warehouse.dir ('null') to the value of spark.sql.warehouse.dir.
[2025-07-18T16:47:14.777+0000] {subprocess.py:93} INFO - 25/07/18 16:47:14 INFO SharedState: Warehouse path is 'file:/app/spark-warehouse'.
[2025-07-18T16:47:15.377+0000] {subprocess.py:93} INFO - 25/07/18 16:47:15 WARN MetricsConfig: Cannot locate configuration: tried hadoop-metrics2-s3a-file-system.properties,hadoop-metrics2.properties
[2025-07-18T16:47:15.384+0000] {subprocess.py:93} INFO - 25/07/18 16:47:15 INFO MetricsSystemImpl: Scheduled Metric snapshot period at 10 second(s).
[2025-07-18T16:47:15.384+0000] {subprocess.py:93} INFO - 25/07/18 16:47:15 INFO MetricsSystemImpl: s3a-file-system metrics system started
[2025-07-18T16:47:16.077+0000] {subprocess.py:93} INFO - 25/07/18 16:47:16 INFO BaseMetastoreCatalog: Table loaded by catalog: my_catalog.bronze.Reservations_raw
[2025-07-18T16:47:16.600+0000] {subprocess.py:93} INFO - 25/07/18 16:47:16 INFO BaseMetastoreCatalog: Table loaded by catalog: my_catalog.bronze.Checkins_raw
[2025-07-18T16:47:16.719+0000] {subprocess.py:93} INFO - 25/07/18 16:47:16 INFO BaseMetastoreCatalog: Table loaded by catalog: my_catalog.bronze.Feedback_raw
[2025-07-18T16:47:17.050+0000] {subprocess.py:93} INFO - Traceback (most recent call last):
[2025-07-18T16:47:17.050+0000] {subprocess.py:93} INFO -   File "/home/iceberg/spark/bronze_to_silver.py", line 25, in <module>
[2025-07-18T16:47:17.050+0000] {subprocess.py:93} INFO -     customers_df = spark.table("my_catalog.silver.customers")
[2025-07-18T16:47:17.050+0000] {subprocess.py:93} INFO -                    ^^^^^^^^^^^^^^^^^^^^^^^^^^^^^^^^^^^^^^^^^^
[2025-07-18T16:47:17.051+0000] {subprocess.py:93} INFO -   File "/opt/bitnami/spark/python/lib/pyspark.zip/pyspark/sql/session.py", line 1667, in table
[2025-07-18T16:47:17.051+0000] {subprocess.py:93} INFO -   File "/opt/bitnami/spark/python/lib/py4j-0.10.9.7-src.zip/py4j/java_gateway.py", line 1322, in __call__
[2025-07-18T16:47:17.051+0000] {subprocess.py:93} INFO -   File "/opt/bitnami/spark/python/lib/pyspark.zip/pyspark/errors/exceptions/captured.py", line 185, in deco
[2025-07-18T16:47:17.062+0000] {subprocess.py:93} INFO - pyspark.errors.exceptions.captured.AnalysisException: [TABLE_OR_VIEW_NOT_FOUND] The table or view `my_catalog`.`silver`.`customers` cannot be found. Verify the spelling and correctness of the schema and catalog.
[2025-07-18T16:47:17.063+0000] {subprocess.py:93} INFO - If you did not qualify the name with a schema, verify the current_schema() output, or qualify the name with the correct schema and catalog.
[2025-07-18T16:47:17.063+0000] {subprocess.py:93} INFO - To tolerate the error on drop use DROP VIEW IF EXISTS or DROP TABLE IF EXISTS.;
[2025-07-18T16:47:17.063+0000] {subprocess.py:93} INFO - 'UnresolvedRelation [my_catalog, silver, customers], [], false
[2025-07-18T16:47:17.063+0000] {subprocess.py:93} INFO - 
[2025-07-18T16:47:17.086+0000] {subprocess.py:93} INFO - 25/07/18 16:47:17 INFO SparkContext: Invoking stop() from shutdown hook
[2025-07-18T16:47:17.086+0000] {subprocess.py:93} INFO - 25/07/18 16:47:17 INFO SparkContext: SparkContext is stopping with exitCode 0.
[2025-07-18T16:47:17.093+0000] {subprocess.py:93} INFO - 25/07/18 16:47:17 INFO SparkUI: Stopped Spark web UI at http://77cb57a6bd53:4040
[2025-07-18T16:47:17.101+0000] {subprocess.py:93} INFO - 25/07/18 16:47:17 INFO MapOutputTrackerMasterEndpoint: MapOutputTrackerMasterEndpoint stopped!
[2025-07-18T16:47:17.111+0000] {subprocess.py:93} INFO - 25/07/18 16:47:17 INFO MemoryStore: MemoryStore cleared
[2025-07-18T16:47:17.111+0000] {subprocess.py:93} INFO - 25/07/18 16:47:17 INFO BlockManager: BlockManager stopped
[2025-07-18T16:47:17.115+0000] {subprocess.py:93} INFO - 25/07/18 16:47:17 INFO BlockManagerMaster: BlockManagerMaster stopped
[2025-07-18T16:47:17.117+0000] {subprocess.py:93} INFO - 25/07/18 16:47:17 INFO OutputCommitCoordinator$OutputCommitCoordinatorEndpoint: OutputCommitCoordinator stopped!
[2025-07-18T16:47:17.123+0000] {subprocess.py:93} INFO - 25/07/18 16:47:17 INFO SparkContext: Successfully stopped SparkContext
[2025-07-18T16:47:17.123+0000] {subprocess.py:93} INFO - 25/07/18 16:47:17 INFO ShutdownHookManager: Shutdown hook called
[2025-07-18T16:47:17.123+0000] {subprocess.py:93} INFO - 25/07/18 16:47:17 INFO ShutdownHookManager: Deleting directory /tmp/spark-0cd48ba4-8101-4394-9951-20a3a5938c84
[2025-07-18T16:47:17.125+0000] {subprocess.py:93} INFO - 25/07/18 16:47:17 INFO ShutdownHookManager: Deleting directory /tmp/spark-ea807c7e-7db8-47ad-bc68-c66c12b8d93e
[2025-07-18T16:47:17.126+0000] {subprocess.py:93} INFO - 25/07/18 16:47:17 INFO ShutdownHookManager: Deleting directory /tmp/spark-0cd48ba4-8101-4394-9951-20a3a5938c84/pyspark-4005a7bc-ced9-4661-b589-ce17bdddcaba
[2025-07-18T16:47:17.129+0000] {subprocess.py:93} INFO - 25/07/18 16:47:17 INFO MetricsSystemImpl: Stopping s3a-file-system metrics system...
[2025-07-18T16:47:17.129+0000] {subprocess.py:93} INFO - 25/07/18 16:47:17 INFO MetricsSystemImpl: s3a-file-system metrics system stopped.
[2025-07-18T16:47:17.129+0000] {subprocess.py:93} INFO - 25/07/18 16:47:17 INFO MetricsSystemImpl: s3a-file-system metrics system shutdown complete.
[2025-07-18T16:47:17.170+0000] {subprocess.py:97} INFO - Command exited with return code 1
[2025-07-18T16:47:17.179+0000] {taskinstance.py:1937} ERROR - Task failed with exception
Traceback (most recent call last):
  File "/home/airflow/.local/lib/python3.8/site-packages/airflow/operators/bash.py", line 210, in execute
    raise AirflowException(
airflow.exceptions.AirflowException: Bash command failed. The command returned a non-zero exit code 1.
[2025-07-18T16:47:17.182+0000] {taskinstance.py:1400} INFO - Marking task as FAILED. dag_id=restaurant_pipeline, task_id=bronze_to_silver, execution_date=20250718T164400, start_date=20250718T164711, end_date=20250718T164717
[2025-07-18T16:47:17.190+0000] {standard_task_runner.py:104} ERROR - Failed to execute job 235 for task bronze_to_silver (Bash command failed. The command returned a non-zero exit code 1.; 1877)
[2025-07-18T16:47:17.195+0000] {local_task_job_runner.py:228} INFO - Task exited with return code 1
[2025-07-18T16:47:17.218+0000] {taskinstance.py:2778} INFO - 0 downstream tasks scheduled from follow-on schedule check
