[2025-07-18T15:52:01.736+0000] {taskinstance.py:1159} INFO - Dependencies all met for dep_context=non-requeueable deps ti=<TaskInstance: restaurant_pipeline.send_to_kafka scheduled__2025-07-18T15:50:00+00:00 [queued]>
[2025-07-18T15:52:01.741+0000] {taskinstance.py:1159} INFO - Dependencies all met for dep_context=requeueable deps ti=<TaskInstance: restaurant_pipeline.send_to_kafka scheduled__2025-07-18T15:50:00+00:00 [queued]>
[2025-07-18T15:52:01.741+0000] {taskinstance.py:1361} INFO - Starting attempt 1 of 1
[2025-07-18T15:52:01.747+0000] {taskinstance.py:1382} INFO - Executing <Task(BashOperator): send_to_kafka> on 2025-07-18 15:50:00+00:00
[2025-07-18T15:52:01.751+0000] {standard_task_runner.py:57} INFO - Started process 797 to run task
[2025-07-18T15:52:01.753+0000] {standard_task_runner.py:84} INFO - Running: ['***', 'tasks', 'run', 'restaurant_pipeline', 'send_to_kafka', 'scheduled__2025-07-18T15:50:00+00:00', '--job-id', '140', '--raw', '--subdir', 'DAGS_FOLDER/restaurant_pipeline.py', '--cfg-path', '/tmp/tmpmb8jw5jn']
[2025-07-18T15:52:01.754+0000] {standard_task_runner.py:85} INFO - Job 140: Subtask send_to_kafka
[2025-07-18T15:52:01.777+0000] {task_command.py:416} INFO - Running <TaskInstance: restaurant_pipeline.send_to_kafka scheduled__2025-07-18T15:50:00+00:00 [running]> on host 9bcfb43e0ab7
[2025-07-18T15:52:01.813+0000] {taskinstance.py:1662} INFO - Exporting env vars: AIRFLOW_CTX_DAG_OWNER='moran' AIRFLOW_CTX_DAG_ID='restaurant_pipeline' AIRFLOW_CTX_TASK_ID='send_to_kafka' AIRFLOW_CTX_EXECUTION_DATE='2025-07-18T15:50:00+00:00' AIRFLOW_CTX_TRY_NUMBER='1' AIRFLOW_CTX_DAG_RUN_ID='scheduled__2025-07-18T15:50:00+00:00'
[2025-07-18T15:52:01.814+0000] {subprocess.py:63} INFO - Tmp dir root location: /tmp
[2025-07-18T15:52:01.814+0000] {subprocess.py:75} INFO - Running command: ['/bin/bash', '-c', 'python /opt/streaming/producer.py']
[2025-07-18T15:52:01.820+0000] {subprocess.py:86} INFO - Output:
[2025-07-18T15:52:04.065+0000] {subprocess.py:93} INFO - [✓] Sent to reservations: {'reservation_id': 1105, 'branch_id': 102, 'customer_name': 'Gabriel Smith', 'phone_number': '928-539-9474', 'reservation_date': '2025-07-18', 'reservation_time': '16:36', 'guests_count': 6, 'is_confirmed': True}
[2025-07-18T15:52:04.068+0000] {subprocess.py:93} INFO - [✓] Sent to reservations: {'reservation_id': 4198, 'branch_id': 102, 'customer_name': 'Anthony Zamora', 'phone_number': '489.464.5241x179', 'reservation_date': '2025-07-18', 'reservation_time': '17:28', 'guests_count': 4, 'is_confirmed': True}
[2025-07-18T15:52:04.068+0000] {subprocess.py:93} INFO - [✓] Sent to reservations: {'reservation_id': 6867, 'branch_id': 101, 'customer_name': 'Amanda Roy', 'phone_number': '+1-939-339-6005x46014', 'reservation_date': '2025-07-18', 'reservation_time': '17:06', 'guests_count': 4, 'is_confirmed': True}
[2025-07-18T15:52:04.068+0000] {subprocess.py:93} INFO - [✓] Sent to checkins: {'checkin_id': 5284, 'customer_name': 'Richard Lopez', 'phone_number': '(401)906-7286x89275', 'branch_id': 102, 'table_id': 202, 'is_prebooked': True, 'checkin_date': '2025-07-18', 'checkin_time': '13:59', 'guests_count': 3, 'shift_manager': 'Lisa Gonzalez'}
[2025-07-18T15:52:04.068+0000] {subprocess.py:93} INFO - [✓] Sent to checkins: {'checkin_id': 6652, 'customer_name': 'Nicole Thompson', 'phone_number': '977-241-1313x04396', 'branch_id': 101, 'table_id': 201, 'is_prebooked': True, 'checkin_date': '2025-07-18', 'checkin_time': '15:25', 'guests_count': 3, 'shift_manager': 'David Morton'}
[2025-07-18T15:52:04.068+0000] {subprocess.py:93} INFO - [✓] Sent to checkins: {'checkin_id': 6944, 'customer_name': 'Lindsay Huff', 'phone_number': '001-944-714-7702x062', 'branch_id': 101, 'table_id': 201, 'is_prebooked': False, 'checkin_date': '2025-07-18', 'checkin_time': '15:06', 'guests_count': 6, 'shift_manager': 'John Nichols'}
[2025-07-18T15:52:04.069+0000] {subprocess.py:93} INFO - [✓] Sent to feedback: {'feedback_id': 3376, 'branch_id': 102, 'customer_name': 'Richard Johnson', 'phone_number': '9993574926', 'feedback_text': 'Matter challenge why international need raise role.', 'rating': 2, 'dining_date': '2025-07-18', 'dining_time': '14:00', 'submission_time': '2025-07-18T15:52:00'}
[2025-07-18T15:52:04.069+0000] {subprocess.py:93} INFO - [✓] Sent to feedback: {'feedback_id': 3143, 'branch_id': 102, 'customer_name': 'Amanda Hodges', 'phone_number': '001-339-654-4689', 'feedback_text': 'Author draw yourself indeed.', 'rating': 3, 'dining_date': '2025-07-18', 'dining_time': '14:04', 'submission_time': '2025-07-18T15:52:00'}
[2025-07-18T15:52:04.069+0000] {subprocess.py:93} INFO - [✓] Sent to feedback: {'feedback_id': 2947, 'branch_id': 101, 'customer_name': 'Amy Bowman', 'phone_number': '375.578.3278x99725', 'feedback_text': 'Although voice none feeling go modern.', 'rating': 2, 'dining_date': '2025-07-18', 'dining_time': '15:51', 'submission_time': '2025-07-18T15:52:00'}
[2025-07-18T15:52:04.069+0000] {subprocess.py:93} INFO - ✅ All messages sent.
[2025-07-18T15:52:04.108+0000] {subprocess.py:97} INFO - Command exited with return code 0
[2025-07-18T15:52:04.128+0000] {taskinstance.py:1400} INFO - Marking task as SUCCESS. dag_id=restaurant_pipeline, task_id=send_to_kafka, execution_date=20250718T155000, start_date=20250718T155201, end_date=20250718T155204
[2025-07-18T15:52:04.146+0000] {local_task_job_runner.py:228} INFO - Task exited with return code 0
[2025-07-18T15:52:04.172+0000] {taskinstance.py:2778} INFO - 1 downstream tasks scheduled from follow-on schedule check
