[2025-07-19T18:23:55.330+0000] {taskinstance.py:1159} INFO - Dependencies all met for dep_context=non-requeueable deps ti=<TaskInstance: restaurant_pipeline.send_to_kafka manual__2025-07-19T18:22:01.667801+00:00 [queued]>
[2025-07-19T18:23:55.334+0000] {taskinstance.py:1159} INFO - Dependencies all met for dep_context=requeueable deps ti=<TaskInstance: restaurant_pipeline.send_to_kafka manual__2025-07-19T18:22:01.667801+00:00 [queued]>
[2025-07-19T18:23:55.334+0000] {taskinstance.py:1361} INFO - Starting attempt 1 of 1
[2025-07-19T18:23:55.339+0000] {taskinstance.py:1382} INFO - Executing <Task(BashOperator): send_to_kafka> on 2025-07-19 18:22:01.667801+00:00
[2025-07-19T18:23:55.341+0000] {standard_task_runner.py:57} INFO - Started process 793 to run task
[2025-07-19T18:23:55.343+0000] {standard_task_runner.py:84} INFO - Running: ['***', 'tasks', 'run', 'restaurant_pipeline', 'send_to_kafka', 'manual__2025-07-19T18:22:01.667801+00:00', '--job-id', '978', '--raw', '--subdir', 'DAGS_FOLDER/restaurant_pipeline.py', '--cfg-path', '/tmp/tmp3z6nwvht']
[2025-07-19T18:23:55.344+0000] {standard_task_runner.py:85} INFO - Job 978: Subtask send_to_kafka
[2025-07-19T18:23:55.364+0000] {task_command.py:416} INFO - Running <TaskInstance: restaurant_pipeline.send_to_kafka manual__2025-07-19T18:22:01.667801+00:00 [running]> on host e3f5d8fc4eef
[2025-07-19T18:23:55.398+0000] {taskinstance.py:1662} INFO - Exporting env vars: AIRFLOW_CTX_DAG_OWNER='moran' AIRFLOW_CTX_DAG_ID='restaurant_pipeline' AIRFLOW_CTX_TASK_ID='send_to_kafka' AIRFLOW_CTX_EXECUTION_DATE='2025-07-19T18:22:01.667801+00:00' AIRFLOW_CTX_TRY_NUMBER='1' AIRFLOW_CTX_DAG_RUN_ID='manual__2025-07-19T18:22:01.667801+00:00'
[2025-07-19T18:23:55.399+0000] {subprocess.py:63} INFO - Tmp dir root location: /tmp
[2025-07-19T18:23:55.399+0000] {subprocess.py:75} INFO - Running command: ['/bin/bash', '-c', 'python /opt/streaming/producer.py']
[2025-07-19T18:23:55.403+0000] {subprocess.py:86} INFO - Output:
[2025-07-19T18:23:57.629+0000] {subprocess.py:93} INFO - [✓] Sent to reservations: {'reservation_id': 8984, 'branch_id': 102, 'customer_name': 'Taylor Miles', 'phone_number': '001-398-487-7227x006', 'reservation_date': '2025-07-19', 'reservation_time': '19:21', 'guests_count': 1, 'is_confirmed': True}
[2025-07-19T18:23:57.635+0000] {subprocess.py:93} INFO - [✓] Sent to reservations: {'reservation_id': 6192, 'branch_id': 102, 'customer_name': 'Misty Marshall', 'phone_number': '+1-285-253-3846x06165', 'reservation_date': '2025-07-19', 'reservation_time': '19:51', 'guests_count': 8, 'is_confirmed': False}
[2025-07-19T18:23:57.635+0000] {subprocess.py:93} INFO - [✓] Sent to reservations: {'reservation_id': 7990, 'branch_id': 102, 'customer_name': 'James Lynch', 'phone_number': '+1-758-544-1595x894', 'reservation_date': '2025-07-19', 'reservation_time': '18:43', 'guests_count': 2, 'is_confirmed': False}
[2025-07-19T18:23:57.636+0000] {subprocess.py:93} INFO - [✓] Sent to checkins: {'checkin_id': 6257, 'customer_name': 'Alexandra Wolf', 'phone_number': '247.615.4386x6563', 'branch_id': 102, 'table_id': 207, 'is_prebooked': True, 'checkin_date': '2025-07-19', 'checkin_time': '17:24', 'guests_count': 4, 'shift_manager': 'Cassandra Snyder'}
[2025-07-19T18:23:57.636+0000] {subprocess.py:93} INFO - [✓] Sent to checkins: {'checkin_id': 2738, 'customer_name': 'Jordan Gibson', 'phone_number': '862.910.1567', 'branch_id': 101, 'table_id': 203, 'is_prebooked': True, 'checkin_date': '2025-07-19', 'checkin_time': '17:59', 'guests_count': 6, 'shift_manager': 'Jared Brooks'}
[2025-07-19T18:23:57.636+0000] {subprocess.py:93} INFO - [✓] Sent to checkins: {'checkin_id': 8683, 'customer_name': 'Shannon Romero', 'phone_number': '(751)639-9056', 'branch_id': 101, 'table_id': 200, 'is_prebooked': False, 'checkin_date': '2025-07-19', 'checkin_time': '16:44', 'guests_count': 4, 'shift_manager': 'James Baker'}
[2025-07-19T18:23:57.636+0000] {subprocess.py:93} INFO - [✓] Sent to feedback: {'feedback_id': 2773, 'branch_id': 102, 'customer_name': 'Brett Hernandez', 'phone_number': '480.818.8247', 'feedback_text': 'Box perhaps relationship concern others.', 'rating': 3, 'dining_date': '2025-07-19', 'dining_time': '16:45', 'submission_time': '2025-07-19T18:23:54'}
[2025-07-19T18:23:57.636+0000] {subprocess.py:93} INFO - [✓] Sent to feedback: {'feedback_id': 1536, 'branch_id': 102, 'customer_name': 'Kevin Lee', 'phone_number': '377-255-5744', 'feedback_text': 'They land air stock throw.', 'rating': 1, 'dining_date': '2025-07-19', 'dining_time': '17:05', 'submission_time': '2025-07-19T18:23:54'}
[2025-07-19T18:23:57.636+0000] {subprocess.py:93} INFO - [✓] Sent to feedback: {'feedback_id': 6487, 'branch_id': 101, 'customer_name': 'Jeffrey Miller', 'phone_number': '787.215.3738x77840', 'feedback_text': 'Action money eight dinner plan cup enjoy.', 'rating': 3, 'dining_date': '2025-07-19', 'dining_time': '16:40', 'submission_time': '2025-07-19T18:23:54'}
[2025-07-19T18:23:57.637+0000] {subprocess.py:93} INFO - ✅ All messages sent.
[2025-07-19T18:23:57.669+0000] {subprocess.py:97} INFO - Command exited with return code 0
[2025-07-19T18:23:57.682+0000] {taskinstance.py:1400} INFO - Marking task as SUCCESS. dag_id=restaurant_pipeline, task_id=send_to_kafka, execution_date=20250719T182201, start_date=20250719T182355, end_date=20250719T182357
[2025-07-19T18:23:57.718+0000] {local_task_job_runner.py:228} INFO - Task exited with return code 0
[2025-07-19T18:23:57.744+0000] {taskinstance.py:2778} INFO - 1 downstream tasks scheduled from follow-on schedule check
