[2025-07-18T19:26:23.902+0000] {taskinstance.py:1159} INFO - Dependencies all met for dep_context=non-requeueable deps ti=<TaskInstance: restaurant_pipeline.send_to_kafka scheduled__2025-07-18T19:24:00+00:00 [queued]>
[2025-07-18T19:26:23.906+0000] {taskinstance.py:1159} INFO - Dependencies all met for dep_context=requeueable deps ti=<TaskInstance: restaurant_pipeline.send_to_kafka scheduled__2025-07-18T19:24:00+00:00 [queued]>
[2025-07-18T19:26:23.907+0000] {taskinstance.py:1361} INFO - Starting attempt 1 of 1
[2025-07-18T19:26:23.912+0000] {taskinstance.py:1382} INFO - Executing <Task(BashOperator): send_to_kafka> on 2025-07-18 19:24:00+00:00
[2025-07-18T19:26:23.914+0000] {standard_task_runner.py:57} INFO - Started process 4894 to run task
[2025-07-18T19:26:23.916+0000] {standard_task_runner.py:84} INFO - Running: ['***', 'tasks', 'run', 'restaurant_pipeline', 'send_to_kafka', 'scheduled__2025-07-18T19:24:00+00:00', '--job-id', '515', '--raw', '--subdir', 'DAGS_FOLDER/restaurant_pipeline.py', '--cfg-path', '/tmp/tmp0y_6xm5o']
[2025-07-18T19:26:23.918+0000] {standard_task_runner.py:85} INFO - Job 515: Subtask send_to_kafka
[2025-07-18T19:26:23.943+0000] {task_command.py:416} INFO - Running <TaskInstance: restaurant_pipeline.send_to_kafka scheduled__2025-07-18T19:24:00+00:00 [running]> on host 9bcfb43e0ab7
[2025-07-18T19:26:23.981+0000] {taskinstance.py:1662} INFO - Exporting env vars: AIRFLOW_CTX_DAG_OWNER='moran' AIRFLOW_CTX_DAG_ID='restaurant_pipeline' AIRFLOW_CTX_TASK_ID='send_to_kafka' AIRFLOW_CTX_EXECUTION_DATE='2025-07-18T19:24:00+00:00' AIRFLOW_CTX_TRY_NUMBER='1' AIRFLOW_CTX_DAG_RUN_ID='scheduled__2025-07-18T19:24:00+00:00'
[2025-07-18T19:26:23.982+0000] {subprocess.py:63} INFO - Tmp dir root location: /tmp
[2025-07-18T19:26:23.982+0000] {subprocess.py:75} INFO - Running command: ['/bin/bash', '-c', 'python /opt/streaming/producer.py']
[2025-07-18T19:26:23.986+0000] {subprocess.py:86} INFO - Output:
[2025-07-18T19:26:26.246+0000] {subprocess.py:93} INFO - [✓] Sent to reservations: {'reservation_id': 9222, 'branch_id': 101, 'customer_name': 'Walter Chambers', 'phone_number': '521.407.8045x4236', 'reservation_date': '2025-07-18', 'reservation_time': '19:51', 'guests_count': 8, 'is_confirmed': False}
[2025-07-18T19:26:26.253+0000] {subprocess.py:93} INFO - [✓] Sent to reservations: {'reservation_id': 3113, 'branch_id': 101, 'customer_name': 'Courtney Nelson', 'phone_number': '2776199651', 'reservation_date': '2025-07-18', 'reservation_time': '20:35', 'guests_count': 5, 'is_confirmed': False}
[2025-07-18T19:26:26.253+0000] {subprocess.py:93} INFO - [✓] Sent to reservations: {'reservation_id': 4320, 'branch_id': 101, 'customer_name': 'Karen Sandoval', 'phone_number': '+1-385-337-6797x123', 'reservation_date': '2025-07-18', 'reservation_time': '21:23', 'guests_count': 4, 'is_confirmed': False}
[2025-07-18T19:26:26.256+0000] {subprocess.py:93} INFO - [✓] Sent to checkins: {'checkin_id': 2473, 'customer_name': 'Roberta Vazquez', 'phone_number': '(856)335-8451', 'branch_id': 101, 'table_id': 201, 'is_prebooked': True, 'checkin_date': '2025-07-18', 'checkin_time': '17:26', 'guests_count': 1, 'shift_manager': 'Christian Gibson'}
[2025-07-18T19:26:26.257+0000] {subprocess.py:93} INFO - [✓] Sent to checkins: {'checkin_id': 6339, 'customer_name': 'Paul Myers', 'phone_number': '(320)958-3976', 'branch_id': 101, 'table_id': 209, 'is_prebooked': False, 'checkin_date': '2025-07-18', 'checkin_time': '17:29', 'guests_count': 6, 'shift_manager': 'Steve Williams'}
[2025-07-18T19:26:26.257+0000] {subprocess.py:93} INFO - [✓] Sent to checkins: {'checkin_id': 7111, 'customer_name': 'Jeremiah Martin', 'phone_number': '(204)569-6263', 'branch_id': 101, 'table_id': 203, 'is_prebooked': True, 'checkin_date': '2025-07-18', 'checkin_time': '19:14', 'guests_count': 2, 'shift_manager': 'James Sanchez'}
[2025-07-18T19:26:26.257+0000] {subprocess.py:93} INFO - [✓] Sent to feedback: {'feedback_id': 3373, 'branch_id': 102, 'customer_name': 'Howard Oconnor', 'phone_number': '769.819.3220x7338', 'feedback_text': 'Future bed friend any start short.', 'rating': 4, 'dining_date': '2025-07-18', 'dining_time': '18:18', 'submission_time': '2025-07-18T19:26:22'}
[2025-07-18T19:26:26.257+0000] {subprocess.py:93} INFO - [✓] Sent to feedback: {'feedback_id': 2769, 'branch_id': 101, 'customer_name': 'Mrs. Stephanie Vargas', 'phone_number': '(980)250-4497', 'feedback_text': 'Hard require discussion appear kitchen.', 'rating': 1, 'dining_date': '2025-07-18', 'dining_time': '18:13', 'submission_time': '2025-07-18T19:26:22'}
[2025-07-18T19:26:26.257+0000] {subprocess.py:93} INFO - [✓] Sent to feedback: {'feedback_id': 2587, 'branch_id': 101, 'customer_name': 'Amanda Graves', 'phone_number': '(303)794-1795', 'feedback_text': 'Enough staff increase home free.', 'rating': 5, 'dining_date': '2025-07-18', 'dining_time': '18:12', 'submission_time': '2025-07-18T19:26:22'}
[2025-07-18T19:26:26.257+0000] {subprocess.py:93} INFO - ✅ All messages sent.
[2025-07-18T19:26:26.277+0000] {subprocess.py:97} INFO - Command exited with return code 0
[2025-07-18T19:26:26.290+0000] {taskinstance.py:1400} INFO - Marking task as SUCCESS. dag_id=restaurant_pipeline, task_id=send_to_kafka, execution_date=20250718T192400, start_date=20250718T192623, end_date=20250718T192626
[2025-07-18T19:26:26.328+0000] {local_task_job_runner.py:228} INFO - Task exited with return code 0
[2025-07-18T19:26:26.354+0000] {taskinstance.py:2778} INFO - 1 downstream tasks scheduled from follow-on schedule check
