[2025-07-18T20:38:01.472+0000] {taskinstance.py:1159} INFO - Dependencies all met for dep_context=non-requeueable deps ti=<TaskInstance: restaurant_pipeline.send_to_kafka scheduled__2025-07-18T20:36:00+00:00 [queued]>
[2025-07-18T20:38:01.491+0000] {taskinstance.py:1159} INFO - Dependencies all met for dep_context=requeueable deps ti=<TaskInstance: restaurant_pipeline.send_to_kafka scheduled__2025-07-18T20:36:00+00:00 [queued]>
[2025-07-18T20:38:01.491+0000] {taskinstance.py:1361} INFO - Starting attempt 1 of 1
[2025-07-18T20:38:01.503+0000] {taskinstance.py:1382} INFO - Executing <Task(BashOperator): send_to_kafka> on 2025-07-18 20:36:00+00:00
[2025-07-18T20:38:01.506+0000] {standard_task_runner.py:57} INFO - Started process 6325 to run task
[2025-07-18T20:38:01.509+0000] {standard_task_runner.py:84} INFO - Running: ['***', 'tasks', 'run', 'restaurant_pipeline', 'send_to_kafka', 'scheduled__2025-07-18T20:36:00+00:00', '--job-id', '638', '--raw', '--subdir', 'DAGS_FOLDER/restaurant_pipeline.py', '--cfg-path', '/tmp/tmpzg2ibdjb']
[2025-07-18T20:38:01.511+0000] {standard_task_runner.py:85} INFO - Job 638: Subtask send_to_kafka
[2025-07-18T20:38:01.578+0000] {task_command.py:416} INFO - Running <TaskInstance: restaurant_pipeline.send_to_kafka scheduled__2025-07-18T20:36:00+00:00 [running]> on host 9bcfb43e0ab7
[2025-07-18T20:38:01.662+0000] {taskinstance.py:1662} INFO - Exporting env vars: AIRFLOW_CTX_DAG_OWNER='moran' AIRFLOW_CTX_DAG_ID='restaurant_pipeline' AIRFLOW_CTX_TASK_ID='send_to_kafka' AIRFLOW_CTX_EXECUTION_DATE='2025-07-18T20:36:00+00:00' AIRFLOW_CTX_TRY_NUMBER='1' AIRFLOW_CTX_DAG_RUN_ID='scheduled__2025-07-18T20:36:00+00:00'
[2025-07-18T20:38:01.664+0000] {subprocess.py:63} INFO - Tmp dir root location: /tmp
[2025-07-18T20:38:01.665+0000] {subprocess.py:75} INFO - Running command: ['/bin/bash', '-c', 'python /opt/streaming/producer.py']
[2025-07-18T20:38:01.671+0000] {subprocess.py:86} INFO - Output:
[2025-07-18T20:38:03.957+0000] {subprocess.py:93} INFO - [✓] Sent to reservations: {'reservation_id': 8306, 'branch_id': 102, 'customer_name': 'Anthony Walters', 'phone_number': '001-502-621-4214x10786', 'reservation_date': '2025-07-18', 'reservation_time': '22:31', 'guests_count': 7, 'is_confirmed': True}
[2025-07-18T20:38:03.961+0000] {subprocess.py:93} INFO - [✓] Sent to reservations: {'reservation_id': 9831, 'branch_id': 102, 'customer_name': 'Christopher Rush', 'phone_number': '001-976-978-3080x5695', 'reservation_date': '2025-07-18', 'reservation_time': '21:40', 'guests_count': 6, 'is_confirmed': False}
[2025-07-18T20:38:03.962+0000] {subprocess.py:93} INFO - [✓] Sent to reservations: {'reservation_id': 6100, 'branch_id': 101, 'customer_name': 'Robert Hill', 'phone_number': '+1-438-246-9490x7198', 'reservation_date': '2025-07-18', 'reservation_time': '21:47', 'guests_count': 2, 'is_confirmed': False}
[2025-07-18T20:38:03.962+0000] {subprocess.py:93} INFO - [✓] Sent to checkins: {'checkin_id': 1221, 'customer_name': 'Jason James', 'phone_number': '001-202-830-8271x12307', 'branch_id': 102, 'table_id': 209, 'is_prebooked': True, 'checkin_date': '2025-07-18', 'checkin_time': '19:01', 'guests_count': 2, 'shift_manager': 'Michael Mckinney'}
[2025-07-18T20:38:03.962+0000] {subprocess.py:93} INFO - [✓] Sent to checkins: {'checkin_id': 9075, 'customer_name': 'Breanna Roberts', 'phone_number': '497-305-6199x0284', 'branch_id': 101, 'table_id': 208, 'is_prebooked': False, 'checkin_date': '2025-07-18', 'checkin_time': '20:24', 'guests_count': 3, 'shift_manager': 'Scott Clay'}
[2025-07-18T20:38:03.962+0000] {subprocess.py:93} INFO - [✓] Sent to checkins: {'checkin_id': 2815, 'customer_name': 'Suzanne Moreno', 'phone_number': '+1-658-954-6505x218', 'branch_id': 101, 'table_id': 208, 'is_prebooked': False, 'checkin_date': '2025-07-18', 'checkin_time': '20:06', 'guests_count': 4, 'shift_manager': 'Nancy Lynch'}
[2025-07-18T20:38:03.963+0000] {subprocess.py:93} INFO - [✓] Sent to feedback: {'feedback_id': 5332, 'branch_id': 102, 'customer_name': 'Rebecca Flores', 'phone_number': '001-854-757-0445x0572', 'feedback_text': 'Threat information bring.', 'rating': 3, 'dining_date': '2025-07-18', 'dining_time': '20:24', 'submission_time': '2025-07-18T20:38:00'}
[2025-07-18T20:38:03.963+0000] {subprocess.py:93} INFO - [✓] Sent to feedback: {'feedback_id': 8396, 'branch_id': 101, 'customer_name': 'Katrina Keller MD', 'phone_number': '784-808-6710', 'feedback_text': 'Game young what brother score per central.', 'rating': 3, 'dining_date': '2025-07-18', 'dining_time': '20:31', 'submission_time': '2025-07-18T20:38:00'}
[2025-07-18T20:38:03.963+0000] {subprocess.py:93} INFO - [✓] Sent to feedback: {'feedback_id': 7160, 'branch_id': 102, 'customer_name': 'Jennifer Fletcher', 'phone_number': '495-384-7372x8345', 'feedback_text': 'Father together back develop.', 'rating': 1, 'dining_date': '2025-07-18', 'dining_time': '20:21', 'submission_time': '2025-07-18T20:38:00'}
[2025-07-18T20:38:03.963+0000] {subprocess.py:93} INFO - ✅ All messages sent.
[2025-07-18T20:38:04.005+0000] {subprocess.py:97} INFO - Command exited with return code 0
[2025-07-18T20:38:04.023+0000] {taskinstance.py:1400} INFO - Marking task as SUCCESS. dag_id=restaurant_pipeline, task_id=send_to_kafka, execution_date=20250718T203600, start_date=20250718T203801, end_date=20250718T203804
[2025-07-18T20:38:04.044+0000] {local_task_job_runner.py:228} INFO - Task exited with return code 0
[2025-07-18T20:38:04.069+0000] {taskinstance.py:2778} INFO - 1 downstream tasks scheduled from follow-on schedule check
