[2025-07-18T16:08:01.965+0000] {taskinstance.py:1159} INFO - Dependencies all met for dep_context=non-requeueable deps ti=<TaskInstance: restaurant_pipeline.send_to_kafka scheduled__2025-07-18T16:06:00+00:00 [queued]>
[2025-07-18T16:08:01.969+0000] {taskinstance.py:1159} INFO - Dependencies all met for dep_context=requeueable deps ti=<TaskInstance: restaurant_pipeline.send_to_kafka scheduled__2025-07-18T16:06:00+00:00 [queued]>
[2025-07-18T16:08:01.970+0000] {taskinstance.py:1361} INFO - Starting attempt 1 of 1
[2025-07-18T16:08:01.976+0000] {taskinstance.py:1382} INFO - Executing <Task(BashOperator): send_to_kafka> on 2025-07-18 16:06:00+00:00
[2025-07-18T16:08:01.978+0000] {standard_task_runner.py:57} INFO - Started process 1108 to run task
[2025-07-18T16:08:01.980+0000] {standard_task_runner.py:84} INFO - Running: ['***', 'tasks', 'run', 'restaurant_pipeline', 'send_to_kafka', 'scheduled__2025-07-18T16:06:00+00:00', '--job-id', '167', '--raw', '--subdir', 'DAGS_FOLDER/restaurant_pipeline.py', '--cfg-path', '/tmp/tmprfh2ln80']
[2025-07-18T16:08:01.981+0000] {standard_task_runner.py:85} INFO - Job 167: Subtask send_to_kafka
[2025-07-18T16:08:02.006+0000] {task_command.py:416} INFO - Running <TaskInstance: restaurant_pipeline.send_to_kafka scheduled__2025-07-18T16:06:00+00:00 [running]> on host 9bcfb43e0ab7
[2025-07-18T16:08:02.050+0000] {taskinstance.py:1662} INFO - Exporting env vars: AIRFLOW_CTX_DAG_OWNER='moran' AIRFLOW_CTX_DAG_ID='restaurant_pipeline' AIRFLOW_CTX_TASK_ID='send_to_kafka' AIRFLOW_CTX_EXECUTION_DATE='2025-07-18T16:06:00+00:00' AIRFLOW_CTX_TRY_NUMBER='1' AIRFLOW_CTX_DAG_RUN_ID='scheduled__2025-07-18T16:06:00+00:00'
[2025-07-18T16:08:02.051+0000] {subprocess.py:63} INFO - Tmp dir root location: /tmp
[2025-07-18T16:08:02.051+0000] {subprocess.py:75} INFO - Running command: ['/bin/bash', '-c', 'python /opt/streaming/producer.py']
[2025-07-18T16:08:02.056+0000] {subprocess.py:86} INFO - Output:
[2025-07-18T16:08:04.352+0000] {subprocess.py:93} INFO - [✓] Sent to reservations: {'reservation_id': 3064, 'branch_id': 102, 'customer_name': 'Nicholas Garcia', 'phone_number': '+1-409-774-4516x370', 'reservation_date': '2025-07-18', 'reservation_time': '17:03', 'guests_count': 3, 'is_confirmed': True}
[2025-07-18T16:08:04.353+0000] {subprocess.py:93} INFO - [✓] Sent to reservations: {'reservation_id': 2114, 'branch_id': 101, 'customer_name': 'Laura Murray', 'phone_number': '+1-204-830-0527x8021', 'reservation_date': '2025-07-18', 'reservation_time': '17:30', 'guests_count': 2, 'is_confirmed': False}
[2025-07-18T16:08:04.353+0000] {subprocess.py:93} INFO - [✓] Sent to reservations: {'reservation_id': 3536, 'branch_id': 102, 'customer_name': 'Andrew Mitchell', 'phone_number': '5029184713', 'reservation_date': '2025-07-18', 'reservation_time': '17:31', 'guests_count': 4, 'is_confirmed': False}
[2025-07-18T16:08:04.354+0000] {subprocess.py:93} INFO - [✓] Sent to checkins: {'checkin_id': 4163, 'customer_name': 'Annette Franco', 'phone_number': '001-612-495-9239x236', 'branch_id': 102, 'table_id': 206, 'is_prebooked': False, 'checkin_date': '2025-07-18', 'checkin_time': '14:21', 'guests_count': 5, 'shift_manager': 'Monica Lopez'}
[2025-07-18T16:08:04.355+0000] {subprocess.py:93} INFO - [✓] Sent to checkins: {'checkin_id': 8093, 'customer_name': 'Sean Wilson', 'phone_number': '(569)813-0483', 'branch_id': 101, 'table_id': 208, 'is_prebooked': False, 'checkin_date': '2025-07-18', 'checkin_time': '15:02', 'guests_count': 3, 'shift_manager': 'Megan Johnson'}
[2025-07-18T16:08:04.355+0000] {subprocess.py:93} INFO - [✓] Sent to checkins: {'checkin_id': 2365, 'customer_name': 'Robert Copeland', 'phone_number': '+1-364-294-4469', 'branch_id': 101, 'table_id': 200, 'is_prebooked': False, 'checkin_date': '2025-07-18', 'checkin_time': '14:46', 'guests_count': 3, 'shift_manager': 'Albert Wise'}
[2025-07-18T16:08:04.355+0000] {subprocess.py:93} INFO - [✓] Sent to feedback: {'feedback_id': 3243, 'branch_id': 102, 'customer_name': 'Krystal Marsh', 'phone_number': '469.829.8947x9829', 'feedback_text': 'Letter world shake summer.', 'rating': 3, 'dining_date': '2025-07-18', 'dining_time': '14:52', 'submission_time': '2025-07-18T16:08:01'}
[2025-07-18T16:08:04.356+0000] {subprocess.py:93} INFO - [✓] Sent to feedback: {'feedback_id': 7773, 'branch_id': 102, 'customer_name': 'Mckenzie Harris', 'phone_number': '309.649.9785x8322', 'feedback_text': 'Wish yourself article kid.', 'rating': 3, 'dining_date': '2025-07-18', 'dining_time': '15:47', 'submission_time': '2025-07-18T16:08:01'}
[2025-07-18T16:08:04.356+0000] {subprocess.py:93} INFO - [✓] Sent to feedback: {'feedback_id': 3301, 'branch_id': 102, 'customer_name': 'Pamela Jensen', 'phone_number': '890-263-7137x1259', 'feedback_text': 'Some resource here chance every beyond.', 'rating': 4, 'dining_date': '2025-07-18', 'dining_time': '15:18', 'submission_time': '2025-07-18T16:08:01'}
[2025-07-18T16:08:04.356+0000] {subprocess.py:93} INFO - ✅ All messages sent.
[2025-07-18T16:08:04.439+0000] {subprocess.py:97} INFO - Command exited with return code 0
[2025-07-18T16:08:04.474+0000] {taskinstance.py:1400} INFO - Marking task as SUCCESS. dag_id=restaurant_pipeline, task_id=send_to_kafka, execution_date=20250718T160600, start_date=20250718T160801, end_date=20250718T160804
[2025-07-18T16:08:04.511+0000] {local_task_job_runner.py:228} INFO - Task exited with return code 0
[2025-07-18T16:08:04.549+0000] {taskinstance.py:2778} INFO - 1 downstream tasks scheduled from follow-on schedule check
