[2025-07-18T15:08:26.183+0000] {taskinstance.py:1159} INFO - Dependencies all met for dep_context=non-requeueable deps ti=<TaskInstance: restaurant_pipeline.send_to_kafka scheduled__2025-07-18T15:06:00+00:00 [queued]>
[2025-07-18T15:08:26.193+0000] {taskinstance.py:1159} INFO - Dependencies all met for dep_context=requeueable deps ti=<TaskInstance: restaurant_pipeline.send_to_kafka scheduled__2025-07-18T15:06:00+00:00 [queued]>
[2025-07-18T15:08:26.194+0000] {taskinstance.py:1361} INFO - Starting attempt 1 of 1
[2025-07-18T15:08:26.204+0000] {taskinstance.py:1382} INFO - Executing <Task(BashOperator): send_to_kafka> on 2025-07-18 15:06:00+00:00
[2025-07-18T15:08:26.207+0000] {standard_task_runner.py:57} INFO - Started process 179 to run task
[2025-07-18T15:08:26.210+0000] {standard_task_runner.py:84} INFO - Running: ['***', 'tasks', 'run', 'restaurant_pipeline', 'send_to_kafka', 'scheduled__2025-07-18T15:06:00+00:00', '--job-id', '58', '--raw', '--subdir', 'DAGS_FOLDER/restaurant_pipeline.py', '--cfg-path', '/tmp/tmpgvhlr3of']
[2025-07-18T15:08:26.212+0000] {standard_task_runner.py:85} INFO - Job 58: Subtask send_to_kafka
[2025-07-18T15:08:26.242+0000] {task_command.py:416} INFO - Running <TaskInstance: restaurant_pipeline.send_to_kafka scheduled__2025-07-18T15:06:00+00:00 [running]> on host 87071fdea595
[2025-07-18T15:08:26.297+0000] {taskinstance.py:1662} INFO - Exporting env vars: AIRFLOW_CTX_DAG_OWNER='moran' AIRFLOW_CTX_DAG_ID='restaurant_pipeline' AIRFLOW_CTX_TASK_ID='send_to_kafka' AIRFLOW_CTX_EXECUTION_DATE='2025-07-18T15:06:00+00:00' AIRFLOW_CTX_TRY_NUMBER='1' AIRFLOW_CTX_DAG_RUN_ID='scheduled__2025-07-18T15:06:00+00:00'
[2025-07-18T15:08:26.298+0000] {subprocess.py:63} INFO - Tmp dir root location: /tmp
[2025-07-18T15:08:26.299+0000] {subprocess.py:75} INFO - Running command: ['/bin/bash', '-c', 'python /opt/streaming/producer.py']
[2025-07-18T15:08:26.304+0000] {subprocess.py:86} INFO - Output:
[2025-07-18T15:08:29.142+0000] {subprocess.py:93} INFO - [✓] Sent to reservations: {'reservation_id': 8770, 'branch_id': 102, 'customer_name': 'Morgan Avila', 'phone_number': '001-404-663-2361', 'reservation_date': '2025-07-18', 'reservation_time': '15:52', 'guests_count': 5, 'is_confirmed': True}
[2025-07-18T15:08:29.145+0000] {subprocess.py:93} INFO - [✓] Sent to reservations: {'reservation_id': 5229, 'branch_id': 101, 'customer_name': 'William Howard', 'phone_number': '001-310-250-0179x642', 'reservation_date': '2025-07-18', 'reservation_time': '16:30', 'guests_count': 5, 'is_confirmed': False}
[2025-07-18T15:08:29.146+0000] {subprocess.py:93} INFO - [✓] Sent to reservations: {'reservation_id': 5555, 'branch_id': 101, 'customer_name': 'Regina Cooley', 'phone_number': '8279798387', 'reservation_date': '2025-07-18', 'reservation_time': '15:40', 'guests_count': 1, 'is_confirmed': True}
[2025-07-18T15:08:29.147+0000] {subprocess.py:93} INFO - [✓] Sent to checkins: {'checkin_id': 7758, 'customer_name': 'Katie George', 'phone_number': '563-370-6431', 'branch_id': 102, 'table_id': 205, 'is_prebooked': False, 'checkin_date': '2025-07-18', 'checkin_time': '13:50', 'guests_count': 1, 'shift_manager': 'Stephen Moore'}
[2025-07-18T15:08:29.147+0000] {subprocess.py:93} INFO - [✓] Sent to checkins: {'checkin_id': 8358, 'customer_name': 'Laura Mathews', 'phone_number': '696.729.4946x973', 'branch_id': 101, 'table_id': 206, 'is_prebooked': True, 'checkin_date': '2025-07-18', 'checkin_time': '14:31', 'guests_count': 3, 'shift_manager': 'Cheryl Scott'}
[2025-07-18T15:08:29.147+0000] {subprocess.py:93} INFO - [✓] Sent to checkins: {'checkin_id': 2056, 'customer_name': 'Jeffrey Figueroa', 'phone_number': '(261)497-6675', 'branch_id': 101, 'table_id': 203, 'is_prebooked': False, 'checkin_date': '2025-07-18', 'checkin_time': '14:39', 'guests_count': 1, 'shift_manager': 'Thomas Williams'}
[2025-07-18T15:08:29.150+0000] {subprocess.py:93} INFO - [✓] Sent to feedback: {'feedback_id': 7962, 'branch_id': 101, 'customer_name': 'George Mclean', 'phone_number': '523-833-4398', 'feedback_text': 'Politics anyone development data.', 'rating': 1, 'dining_date': '2025-07-18', 'dining_time': '14:09', 'submission_time': '2025-07-18T15:08:00'}
[2025-07-18T15:08:29.151+0000] {subprocess.py:93} INFO - [✓] Sent to feedback: {'feedback_id': 4388, 'branch_id': 102, 'customer_name': 'Aaron Rodriguez', 'phone_number': '648.619.0023', 'feedback_text': 'Officer where once list.', 'rating': 4, 'dining_date': '2025-07-18', 'dining_time': '13:12', 'submission_time': '2025-07-18T15:08:00'}
[2025-07-18T15:08:29.152+0000] {subprocess.py:93} INFO - [✓] Sent to feedback: {'feedback_id': 9855, 'branch_id': 101, 'customer_name': 'Patricia Townsend', 'phone_number': '001-736-437-4051x254', 'feedback_text': 'Large employee yeah market who picture half.', 'rating': 2, 'dining_date': '2025-07-18', 'dining_time': '14:03', 'submission_time': '2025-07-18T15:08:00'}
[2025-07-18T15:08:29.152+0000] {subprocess.py:93} INFO - ✅ All messages sent.
[2025-07-18T15:08:29.175+0000] {subprocess.py:97} INFO - Command exited with return code 0
[2025-07-18T15:08:29.189+0000] {taskinstance.py:1400} INFO - Marking task as SUCCESS. dag_id=restaurant_pipeline, task_id=send_to_kafka, execution_date=20250718T150600, start_date=20250718T150826, end_date=20250718T150829
[2025-07-18T15:08:29.203+0000] {local_task_job_runner.py:228} INFO - Task exited with return code 0
[2025-07-18T15:08:29.229+0000] {taskinstance.py:2778} INFO - 1 downstream tasks scheduled from follow-on schedule check
