[2025-07-19T19:45:18.944+0000] {taskinstance.py:1159} INFO - Dependencies all met for dep_context=non-requeueable deps ti=<TaskInstance: restaurant_pipeline.send_to_kafka scheduled__2025-07-19T19:42:00+00:00 [queued]>
[2025-07-19T19:45:18.948+0000] {taskinstance.py:1159} INFO - Dependencies all met for dep_context=requeueable deps ti=<TaskInstance: restaurant_pipeline.send_to_kafka scheduled__2025-07-19T19:42:00+00:00 [queued]>
[2025-07-19T19:45:18.948+0000] {taskinstance.py:1361} INFO - Starting attempt 1 of 1
[2025-07-19T19:45:18.958+0000] {taskinstance.py:1382} INFO - Executing <Task(BashOperator): send_to_kafka> on 2025-07-19 19:42:00+00:00
[2025-07-19T19:45:18.960+0000] {standard_task_runner.py:57} INFO - Started process 2649 to run task
[2025-07-19T19:45:18.961+0000] {standard_task_runner.py:84} INFO - Running: ['***', 'tasks', 'run', 'restaurant_pipeline', 'send_to_kafka', 'scheduled__2025-07-19T19:42:00+00:00', '--job-id', '1130', '--raw', '--subdir', 'DAGS_FOLDER/restaurant_pipeline.py', '--cfg-path', '/tmp/tmp8iyv6hni']
[2025-07-19T19:45:18.963+0000] {standard_task_runner.py:85} INFO - Job 1130: Subtask send_to_kafka
[2025-07-19T19:45:18.984+0000] {task_command.py:416} INFO - Running <TaskInstance: restaurant_pipeline.send_to_kafka scheduled__2025-07-19T19:42:00+00:00 [running]> on host e3f5d8fc4eef
[2025-07-19T19:45:19.021+0000] {taskinstance.py:1662} INFO - Exporting env vars: AIRFLOW_CTX_DAG_OWNER='moran' AIRFLOW_CTX_DAG_ID='restaurant_pipeline' AIRFLOW_CTX_TASK_ID='send_to_kafka' AIRFLOW_CTX_EXECUTION_DATE='2025-07-19T19:42:00+00:00' AIRFLOW_CTX_TRY_NUMBER='1' AIRFLOW_CTX_DAG_RUN_ID='scheduled__2025-07-19T19:42:00+00:00'
[2025-07-19T19:45:19.021+0000] {subprocess.py:63} INFO - Tmp dir root location: /tmp
[2025-07-19T19:45:19.022+0000] {subprocess.py:75} INFO - Running command: ['/bin/bash', '-c', 'python /opt/streaming/producer.py']
[2025-07-19T19:45:19.026+0000] {subprocess.py:86} INFO - Output:
[2025-07-19T19:45:21.270+0000] {subprocess.py:93} INFO - [✓] Sent to reservations: {'reservation_id': 9841, 'branch_id': 101, 'customer_name': 'Todd Moore', 'phone_number': '+1-700-463-0240x1757', 'reservation_date': '2025-07-19', 'reservation_time': '20:53', 'guests_count': 2, 'is_confirmed': False}
[2025-07-19T19:45:21.271+0000] {subprocess.py:93} INFO - [✓] Sent to reservations: {'reservation_id': 5392, 'branch_id': 101, 'customer_name': 'Nicole Mcgee', 'phone_number': '001-873-613-4132', 'reservation_date': '2025-07-19', 'reservation_time': '20:32', 'guests_count': 4, 'is_confirmed': True}
[2025-07-19T19:45:21.272+0000] {subprocess.py:93} INFO - [✓] Sent to reservations: {'reservation_id': 7360, 'branch_id': 102, 'customer_name': 'Emily Wall', 'phone_number': '9396279040', 'reservation_date': '2025-07-19', 'reservation_time': '20:44', 'guests_count': 3, 'is_confirmed': True}
[2025-07-19T19:45:21.272+0000] {subprocess.py:93} INFO - [✓] Sent to checkins: {'checkin_id': 7545, 'customer_name': 'Richard Hammond', 'phone_number': '784.550.5889x8510', 'branch_id': 102, 'table_id': 203, 'is_prebooked': False, 'checkin_date': '2025-07-19', 'checkin_time': '19:29', 'guests_count': 6, 'shift_manager': 'Robert Pham'}
[2025-07-19T19:45:21.272+0000] {subprocess.py:93} INFO - [✓] Sent to checkins: {'checkin_id': 6770, 'customer_name': 'Rachel Stokes', 'phone_number': '9905626212', 'branch_id': 102, 'table_id': 200, 'is_prebooked': True, 'checkin_date': '2025-07-19', 'checkin_time': '18:48', 'guests_count': 5, 'shift_manager': 'Cameron Curtis'}
[2025-07-19T19:45:21.273+0000] {subprocess.py:93} INFO - [✓] Sent to checkins: {'checkin_id': 8091, 'customer_name': 'Yvonne Stevens', 'phone_number': '(912)880-7559x2586', 'branch_id': 102, 'table_id': 201, 'is_prebooked': False, 'checkin_date': '2025-07-19', 'checkin_time': '18:00', 'guests_count': 1, 'shift_manager': 'Joseph Sanders'}
[2025-07-19T19:45:21.273+0000] {subprocess.py:93} INFO - [✓] Sent to feedback: {'feedback_id': 6117, 'branch_id': 102, 'customer_name': 'Lisa Guerra', 'phone_number': '8714452137', 'feedback_text': 'However cell miss in almost anything.', 'rating': 2, 'dining_date': '2025-07-19', 'dining_time': '19:36', 'submission_time': '2025-07-19T19:45:18'}
[2025-07-19T19:45:21.274+0000] {subprocess.py:93} INFO - [✓] Sent to feedback: {'feedback_id': 5129, 'branch_id': 102, 'customer_name': 'Jonathan Matthews', 'phone_number': '001-662-418-9614', 'feedback_text': 'Suffer try sister able director home.', 'rating': 4, 'dining_date': '2025-07-19', 'dining_time': '18:58', 'submission_time': '2025-07-19T19:45:18'}
[2025-07-19T19:45:21.274+0000] {subprocess.py:93} INFO - [✓] Sent to feedback: {'feedback_id': 7439, 'branch_id': 101, 'customer_name': 'Donna Clark', 'phone_number': '(891)840-5630x418', 'feedback_text': 'Daughter government do happy.', 'rating': 3, 'dining_date': '2025-07-19', 'dining_time': '19:08', 'submission_time': '2025-07-19T19:45:18'}
[2025-07-19T19:45:21.274+0000] {subprocess.py:93} INFO - ✅ All messages sent.
[2025-07-19T19:45:21.322+0000] {subprocess.py:97} INFO - Command exited with return code 0
[2025-07-19T19:45:21.339+0000] {taskinstance.py:1400} INFO - Marking task as SUCCESS. dag_id=restaurant_pipeline, task_id=send_to_kafka, execution_date=20250719T194200, start_date=20250719T194518, end_date=20250719T194521
[2025-07-19T19:45:21.381+0000] {local_task_job_runner.py:228} INFO - Task exited with return code 0
[2025-07-19T19:45:21.409+0000] {taskinstance.py:2778} INFO - 1 downstream tasks scheduled from follow-on schedule check
