[2025-07-19T18:04:18.342+0000] {taskinstance.py:1159} INFO - Dependencies all met for dep_context=non-requeueable deps ti=<TaskInstance: restaurant_pipeline.send_to_kafka manual__2025-07-19T18:04:17.058763+00:00 [queued]>
[2025-07-19T18:04:18.346+0000] {taskinstance.py:1159} INFO - Dependencies all met for dep_context=requeueable deps ti=<TaskInstance: restaurant_pipeline.send_to_kafka manual__2025-07-19T18:04:17.058763+00:00 [queued]>
[2025-07-19T18:04:18.346+0000] {taskinstance.py:1361} INFO - Starting attempt 1 of 1
[2025-07-19T18:04:18.351+0000] {taskinstance.py:1382} INFO - Executing <Task(BashOperator): send_to_kafka> on 2025-07-19 18:04:17.058763+00:00
[2025-07-19T18:04:18.353+0000] {standard_task_runner.py:57} INFO - Started process 287 to run task
[2025-07-19T18:04:18.354+0000] {standard_task_runner.py:84} INFO - Running: ['***', 'tasks', 'run', 'restaurant_pipeline', 'send_to_kafka', 'manual__2025-07-19T18:04:17.058763+00:00', '--job-id', '926', '--raw', '--subdir', 'DAGS_FOLDER/restaurant_pipeline.py', '--cfg-path', '/tmp/tmp_j03d5_q']
[2025-07-19T18:04:18.356+0000] {standard_task_runner.py:85} INFO - Job 926: Subtask send_to_kafka
[2025-07-19T18:04:18.375+0000] {task_command.py:416} INFO - Running <TaskInstance: restaurant_pipeline.send_to_kafka manual__2025-07-19T18:04:17.058763+00:00 [running]> on host e3f5d8fc4eef
[2025-07-19T18:04:18.410+0000] {taskinstance.py:1662} INFO - Exporting env vars: AIRFLOW_CTX_DAG_EMAIL='your@email.com' AIRFLOW_CTX_DAG_OWNER='moran' AIRFLOW_CTX_DAG_ID='restaurant_pipeline' AIRFLOW_CTX_TASK_ID='send_to_kafka' AIRFLOW_CTX_EXECUTION_DATE='2025-07-19T18:04:17.058763+00:00' AIRFLOW_CTX_TRY_NUMBER='1' AIRFLOW_CTX_DAG_RUN_ID='manual__2025-07-19T18:04:17.058763+00:00'
[2025-07-19T18:04:18.410+0000] {subprocess.py:63} INFO - Tmp dir root location: /tmp
[2025-07-19T18:04:18.411+0000] {subprocess.py:75} INFO - Running command: ['/bin/bash', '-c', 'python /opt/streaming/producer.py']
[2025-07-19T18:04:18.414+0000] {subprocess.py:86} INFO - Output:
[2025-07-19T18:04:20.637+0000] {subprocess.py:93} INFO - [✓] Sent to reservations: {'reservation_id': 6759, 'branch_id': 102, 'customer_name': 'Jacob Morris', 'phone_number': '855-310-8818x70320', 'reservation_date': '2025-07-19', 'reservation_time': '19:49', 'guests_count': 6, 'is_confirmed': True}
[2025-07-19T18:04:20.638+0000] {subprocess.py:93} INFO - [✓] Sent to reservations: {'reservation_id': 4597, 'branch_id': 102, 'customer_name': 'Cathy Rose', 'phone_number': '9668950000', 'reservation_date': '2025-07-19', 'reservation_time': '19:57', 'guests_count': 1, 'is_confirmed': False}
[2025-07-19T18:04:20.638+0000] {subprocess.py:93} INFO - [✓] Sent to reservations: {'reservation_id': 8858, 'branch_id': 102, 'customer_name': 'James Robertson', 'phone_number': '(858)599-7543x952', 'reservation_date': '2025-07-19', 'reservation_time': '19:07', 'guests_count': 3, 'is_confirmed': False}
[2025-07-19T18:04:20.639+0000] {subprocess.py:93} INFO - [✓] Sent to checkins: {'checkin_id': 9633, 'customer_name': 'Nicholas Jones', 'phone_number': '001-810-830-4632', 'branch_id': 102, 'table_id': 200, 'is_prebooked': True, 'checkin_date': '2025-07-19', 'checkin_time': '17:21', 'guests_count': 4, 'shift_manager': 'Christine Petersen'}
[2025-07-19T18:04:20.641+0000] {subprocess.py:93} INFO - [✓] Sent to checkins: {'checkin_id': 9050, 'customer_name': 'Alvin Diaz', 'phone_number': '(869)785-7075x241', 'branch_id': 102, 'table_id': 203, 'is_prebooked': True, 'checkin_date': '2025-07-19', 'checkin_time': '17:30', 'guests_count': 6, 'shift_manager': 'Olivia Payne'}
[2025-07-19T18:04:20.641+0000] {subprocess.py:93} INFO - [✓] Sent to checkins: {'checkin_id': 1017, 'customer_name': 'Brittany Soto', 'phone_number': '994.508.5557x8479', 'branch_id': 101, 'table_id': 205, 'is_prebooked': True, 'checkin_date': '2025-07-19', 'checkin_time': '16:04', 'guests_count': 4, 'shift_manager': 'Veronica Walton'}
[2025-07-19T18:04:20.642+0000] {subprocess.py:93} INFO - [✓] Sent to feedback: {'feedback_id': 7415, 'branch_id': 102, 'customer_name': 'John Sherman', 'phone_number': '507.569.6452x3547', 'feedback_text': 'According none huge structure president west.', 'rating': 5, 'dining_date': '2025-07-19', 'dining_time': '17:32', 'submission_time': '2025-07-19T18:04:17'}
[2025-07-19T18:04:20.643+0000] {subprocess.py:93} INFO - [✓] Sent to feedback: {'feedback_id': 6903, 'branch_id': 102, 'customer_name': 'Erica Williams', 'phone_number': '(461)840-0915x7459', 'feedback_text': 'Standard special kid stand much notice ground.', 'rating': 1, 'dining_date': '2025-07-19', 'dining_time': '16:35', 'submission_time': '2025-07-19T18:04:17'}
[2025-07-19T18:04:20.643+0000] {subprocess.py:93} INFO - [✓] Sent to feedback: {'feedback_id': 9562, 'branch_id': 102, 'customer_name': 'Dana Walls', 'phone_number': '+1-368-401-6215x03703', 'feedback_text': 'I usually as.', 'rating': 5, 'dining_date': '2025-07-19', 'dining_time': '17:44', 'submission_time': '2025-07-19T18:04:17'}
[2025-07-19T18:04:20.644+0000] {subprocess.py:93} INFO - ✅ All messages sent.
[2025-07-19T18:04:20.671+0000] {subprocess.py:97} INFO - Command exited with return code 0
[2025-07-19T18:04:20.684+0000] {taskinstance.py:1400} INFO - Marking task as SUCCESS. dag_id=restaurant_pipeline, task_id=send_to_kafka, execution_date=20250719T180417, start_date=20250719T180418, end_date=20250719T180420
[2025-07-19T18:04:20.711+0000] {local_task_job_runner.py:228} INFO - Task exited with return code 0
[2025-07-19T18:04:20.736+0000] {taskinstance.py:2778} INFO - 1 downstream tasks scheduled from follow-on schedule check
