[2025-07-18T15:14:02.262+0000] {taskinstance.py:1159} INFO - Dependencies all met for dep_context=non-requeueable deps ti=<TaskInstance: restaurant_pipeline.send_to_kafka scheduled__2025-07-18T15:12:00+00:00 [queued]>
[2025-07-18T15:14:02.266+0000] {taskinstance.py:1159} INFO - Dependencies all met for dep_context=requeueable deps ti=<TaskInstance: restaurant_pipeline.send_to_kafka scheduled__2025-07-18T15:12:00+00:00 [queued]>
[2025-07-18T15:14:02.266+0000] {taskinstance.py:1361} INFO - Starting attempt 1 of 1
[2025-07-18T15:14:02.272+0000] {taskinstance.py:1382} INFO - Executing <Task(BashOperator): send_to_kafka> on 2025-07-18 15:12:00+00:00
[2025-07-18T15:14:02.275+0000] {standard_task_runner.py:57} INFO - Started process 284 to run task
[2025-07-18T15:14:02.277+0000] {standard_task_runner.py:84} INFO - Running: ['***', 'tasks', 'run', 'restaurant_pipeline', 'send_to_kafka', 'scheduled__2025-07-18T15:12:00+00:00', '--job-id', '73', '--raw', '--subdir', 'DAGS_FOLDER/restaurant_pipeline.py', '--cfg-path', '/tmp/tmpqfshpq84']
[2025-07-18T15:14:02.278+0000] {standard_task_runner.py:85} INFO - Job 73: Subtask send_to_kafka
[2025-07-18T15:14:02.309+0000] {task_command.py:416} INFO - Running <TaskInstance: restaurant_pipeline.send_to_kafka scheduled__2025-07-18T15:12:00+00:00 [running]> on host 87071fdea595
[2025-07-18T15:14:02.348+0000] {taskinstance.py:1662} INFO - Exporting env vars: AIRFLOW_CTX_DAG_OWNER='moran' AIRFLOW_CTX_DAG_ID='restaurant_pipeline' AIRFLOW_CTX_TASK_ID='send_to_kafka' AIRFLOW_CTX_EXECUTION_DATE='2025-07-18T15:12:00+00:00' AIRFLOW_CTX_TRY_NUMBER='1' AIRFLOW_CTX_DAG_RUN_ID='scheduled__2025-07-18T15:12:00+00:00'
[2025-07-18T15:14:02.349+0000] {subprocess.py:63} INFO - Tmp dir root location: /tmp
[2025-07-18T15:14:02.349+0000] {subprocess.py:75} INFO - Running command: ['/bin/bash', '-c', 'python /opt/streaming/producer.py']
[2025-07-18T15:14:02.356+0000] {subprocess.py:86} INFO - Output:
[2025-07-18T15:14:04.617+0000] {subprocess.py:93} INFO - [✓] Sent to reservations: {'reservation_id': 2178, 'branch_id': 101, 'customer_name': 'Natasha Kelley', 'phone_number': '8478215234', 'reservation_date': '2025-07-18', 'reservation_time': '17:06', 'guests_count': 1, 'is_confirmed': True}
[2025-07-18T15:14:04.621+0000] {subprocess.py:93} INFO - [✓] Sent to reservations: {'reservation_id': 9414, 'branch_id': 102, 'customer_name': 'Eric Johnson', 'phone_number': '210-948-2382x8342', 'reservation_date': '2025-07-18', 'reservation_time': '16:54', 'guests_count': 8, 'is_confirmed': True}
[2025-07-18T15:14:04.622+0000] {subprocess.py:93} INFO - [✓] Sent to reservations: {'reservation_id': 1644, 'branch_id': 101, 'customer_name': 'Alexandra Lyons', 'phone_number': '+1-416-217-4246x0391', 'reservation_date': '2025-07-18', 'reservation_time': '16:06', 'guests_count': 8, 'is_confirmed': False}
[2025-07-18T15:14:04.623+0000] {subprocess.py:93} INFO - [✓] Sent to checkins: {'checkin_id': 4124, 'customer_name': 'James Hutchinson', 'phone_number': '+1-943-832-5265x47739', 'branch_id': 101, 'table_id': 210, 'is_prebooked': True, 'checkin_date': '2025-07-18', 'checkin_time': '13:43', 'guests_count': 2, 'shift_manager': 'Lauren Johnson'}
[2025-07-18T15:14:04.624+0000] {subprocess.py:93} INFO - [✓] Sent to checkins: {'checkin_id': 3762, 'customer_name': 'Allison Hall', 'phone_number': '+1-883-845-2391', 'branch_id': 102, 'table_id': 203, 'is_prebooked': False, 'checkin_date': '2025-07-18', 'checkin_time': '14:23', 'guests_count': 1, 'shift_manager': 'Janice Macias MD'}
[2025-07-18T15:14:04.625+0000] {subprocess.py:93} INFO - [✓] Sent to checkins: {'checkin_id': 6283, 'customer_name': 'Karen Miller', 'phone_number': '+1-867-613-2266', 'branch_id': 101, 'table_id': 209, 'is_prebooked': False, 'checkin_date': '2025-07-18', 'checkin_time': '13:44', 'guests_count': 6, 'shift_manager': 'Keith Walton'}
[2025-07-18T15:14:04.627+0000] {subprocess.py:93} INFO - [✓] Sent to feedback: {'feedback_id': 2852, 'branch_id': 101, 'customer_name': 'George Orr', 'phone_number': '+1-419-384-8976', 'feedback_text': 'Line guy business help.', 'rating': 3, 'dining_date': '2025-07-18', 'dining_time': '13:34', 'submission_time': '2025-07-18T15:14:01'}
[2025-07-18T15:14:04.627+0000] {subprocess.py:93} INFO - [✓] Sent to feedback: {'feedback_id': 8818, 'branch_id': 101, 'customer_name': 'Troy Brown', 'phone_number': '309-445-3833', 'feedback_text': 'Once military particular rich listen science woman.', 'rating': 3, 'dining_date': '2025-07-18', 'dining_time': '15:11', 'submission_time': '2025-07-18T15:14:01'}
[2025-07-18T15:14:04.628+0000] {subprocess.py:93} INFO - [✓] Sent to feedback: {'feedback_id': 5527, 'branch_id': 102, 'customer_name': 'Kathleen Baldwin', 'phone_number': '287.293.7606x9695', 'feedback_text': 'Find agreement break live.', 'rating': 1, 'dining_date': '2025-07-18', 'dining_time': '14:47', 'submission_time': '2025-07-18T15:14:01'}
[2025-07-18T15:14:04.628+0000] {subprocess.py:93} INFO - ✅ All messages sent.
[2025-07-18T15:14:04.672+0000] {subprocess.py:97} INFO - Command exited with return code 0
[2025-07-18T15:14:04.691+0000] {taskinstance.py:1400} INFO - Marking task as SUCCESS. dag_id=restaurant_pipeline, task_id=send_to_kafka, execution_date=20250718T151200, start_date=20250718T151402, end_date=20250718T151404
[2025-07-18T15:14:04.701+0000] {local_task_job_runner.py:228} INFO - Task exited with return code 0
[2025-07-18T15:14:04.725+0000] {taskinstance.py:2778} INFO - 1 downstream tasks scheduled from follow-on schedule check
