[2025-07-18T15:54:02.073+0000] {taskinstance.py:1159} INFO - Dependencies all met for dep_context=non-requeueable deps ti=<TaskInstance: restaurant_pipeline.send_to_kafka scheduled__2025-07-18T15:52:00+00:00 [queued]>
[2025-07-18T15:54:02.078+0000] {taskinstance.py:1159} INFO - Dependencies all met for dep_context=requeueable deps ti=<TaskInstance: restaurant_pipeline.send_to_kafka scheduled__2025-07-18T15:52:00+00:00 [queued]>
[2025-07-18T15:54:02.078+0000] {taskinstance.py:1361} INFO - Starting attempt 1 of 1
[2025-07-18T15:54:02.085+0000] {taskinstance.py:1382} INFO - Executing <Task(BashOperator): send_to_kafka> on 2025-07-18 15:52:00+00:00
[2025-07-18T15:54:02.087+0000] {standard_task_runner.py:57} INFO - Started process 832 to run task
[2025-07-18T15:54:02.089+0000] {standard_task_runner.py:84} INFO - Running: ['***', 'tasks', 'run', 'restaurant_pipeline', 'send_to_kafka', 'scheduled__2025-07-18T15:52:00+00:00', '--job-id', '143', '--raw', '--subdir', 'DAGS_FOLDER/restaurant_pipeline.py', '--cfg-path', '/tmp/tmpk0a_llpc']
[2025-07-18T15:54:02.090+0000] {standard_task_runner.py:85} INFO - Job 143: Subtask send_to_kafka
[2025-07-18T15:54:02.114+0000] {task_command.py:416} INFO - Running <TaskInstance: restaurant_pipeline.send_to_kafka scheduled__2025-07-18T15:52:00+00:00 [running]> on host 9bcfb43e0ab7
[2025-07-18T15:54:02.152+0000] {taskinstance.py:1662} INFO - Exporting env vars: AIRFLOW_CTX_DAG_OWNER='moran' AIRFLOW_CTX_DAG_ID='restaurant_pipeline' AIRFLOW_CTX_TASK_ID='send_to_kafka' AIRFLOW_CTX_EXECUTION_DATE='2025-07-18T15:52:00+00:00' AIRFLOW_CTX_TRY_NUMBER='1' AIRFLOW_CTX_DAG_RUN_ID='scheduled__2025-07-18T15:52:00+00:00'
[2025-07-18T15:54:02.152+0000] {subprocess.py:63} INFO - Tmp dir root location: /tmp
[2025-07-18T15:54:02.153+0000] {subprocess.py:75} INFO - Running command: ['/bin/bash', '-c', 'python /opt/streaming/producer.py']
[2025-07-18T15:54:02.157+0000] {subprocess.py:86} INFO - Output:
[2025-07-18T15:54:04.391+0000] {subprocess.py:93} INFO - [✓] Sent to reservations: {'reservation_id': 9196, 'branch_id': 102, 'customer_name': 'Dakota Fernandez', 'phone_number': '656-681-0868x214', 'reservation_date': '2025-07-18', 'reservation_time': '16:22', 'guests_count': 3, 'is_confirmed': False}
[2025-07-18T15:54:04.395+0000] {subprocess.py:93} INFO - [✓] Sent to reservations: {'reservation_id': 1768, 'branch_id': 102, 'customer_name': 'William Riddle', 'phone_number': '428-555-3056x5931', 'reservation_date': '2025-07-18', 'reservation_time': '16:44', 'guests_count': 5, 'is_confirmed': False}
[2025-07-18T15:54:04.396+0000] {subprocess.py:93} INFO - [✓] Sent to reservations: {'reservation_id': 4072, 'branch_id': 102, 'customer_name': 'Mrs. Jean King', 'phone_number': '001-645-534-6485x16551', 'reservation_date': '2025-07-18', 'reservation_time': '17:50', 'guests_count': 3, 'is_confirmed': False}
[2025-07-18T15:54:04.398+0000] {subprocess.py:93} INFO - [✓] Sent to checkins: {'checkin_id': 3840, 'customer_name': 'Whitney Abbott', 'phone_number': '+1-818-806-7089x003', 'branch_id': 101, 'table_id': 200, 'is_prebooked': False, 'checkin_date': '2025-07-18', 'checkin_time': '14:10', 'guests_count': 3, 'shift_manager': 'Derek Brock'}
[2025-07-18T15:54:04.399+0000] {subprocess.py:93} INFO - [✓] Sent to checkins: {'checkin_id': 8793, 'customer_name': 'Thomas Ross', 'phone_number': '559.201.2465', 'branch_id': 101, 'table_id': 202, 'is_prebooked': False, 'checkin_date': '2025-07-18', 'checkin_time': '14:57', 'guests_count': 3, 'shift_manager': 'Christine Taylor'}
[2025-07-18T15:54:04.399+0000] {subprocess.py:93} INFO - [✓] Sent to checkins: {'checkin_id': 6411, 'customer_name': 'Tina George', 'phone_number': '5675666635', 'branch_id': 101, 'table_id': 200, 'is_prebooked': True, 'checkin_date': '2025-07-18', 'checkin_time': '14:02', 'guests_count': 6, 'shift_manager': 'Cody Woods'}
[2025-07-18T15:54:04.399+0000] {subprocess.py:93} INFO - [✓] Sent to feedback: {'feedback_id': 7513, 'branch_id': 102, 'customer_name': 'Christopher Sanchez', 'phone_number': '360.221.3050x618', 'feedback_text': 'Culture religious head live reason.', 'rating': 3, 'dining_date': '2025-07-18', 'dining_time': '14:00', 'submission_time': '2025-07-18T15:54:01'}
[2025-07-18T15:54:04.399+0000] {subprocess.py:93} INFO - [✓] Sent to feedback: {'feedback_id': 6945, 'branch_id': 102, 'customer_name': 'Donald Krueger', 'phone_number': '(239)860-6918', 'feedback_text': 'Report service per writer need particularly.', 'rating': 4, 'dining_date': '2025-07-18', 'dining_time': '15:18', 'submission_time': '2025-07-18T15:54:01'}
[2025-07-18T15:54:04.399+0000] {subprocess.py:93} INFO - [✓] Sent to feedback: {'feedback_id': 2754, 'branch_id': 102, 'customer_name': 'Michelle Nelson', 'phone_number': '001-940-855-5775x005', 'feedback_text': 'East since reflect person.', 'rating': 4, 'dining_date': '2025-07-18', 'dining_time': '15:05', 'submission_time': '2025-07-18T15:54:01'}
[2025-07-18T15:54:04.399+0000] {subprocess.py:93} INFO - ✅ All messages sent.
[2025-07-18T15:54:04.434+0000] {subprocess.py:97} INFO - Command exited with return code 0
[2025-07-18T15:54:04.455+0000] {taskinstance.py:1400} INFO - Marking task as SUCCESS. dag_id=restaurant_pipeline, task_id=send_to_kafka, execution_date=20250718T155200, start_date=20250718T155402, end_date=20250718T155404
[2025-07-18T15:54:04.485+0000] {local_task_job_runner.py:228} INFO - Task exited with return code 0
[2025-07-18T15:54:04.512+0000] {taskinstance.py:2778} INFO - 1 downstream tasks scheduled from follow-on schedule check
