[2025-07-19T14:34:05.120+0000] {taskinstance.py:1159} INFO - Dependencies all met for dep_context=non-requeueable deps ti=<TaskInstance: restaurant_pipeline.stream_to_bronze scheduled__2025-07-19T14:32:00+00:00 [queued]>
[2025-07-19T14:34:05.123+0000] {taskinstance.py:1159} INFO - Dependencies all met for dep_context=requeueable deps ti=<TaskInstance: restaurant_pipeline.stream_to_bronze scheduled__2025-07-19T14:32:00+00:00 [queued]>
[2025-07-19T14:34:05.124+0000] {taskinstance.py:1361} INFO - Starting attempt 1 of 1
[2025-07-19T14:34:05.129+0000] {taskinstance.py:1382} INFO - Executing <Task(BashOperator): stream_to_bronze> on 2025-07-19 14:32:00+00:00
[2025-07-19T14:34:05.130+0000] {standard_task_runner.py:57} INFO - Started process 222 to run task
[2025-07-19T14:34:05.132+0000] {standard_task_runner.py:84} INFO - Running: ['***', 'tasks', 'run', 'restaurant_pipeline', 'stream_to_bronze', 'scheduled__2025-07-19T14:32:00+00:00', '--job-id', '808', '--raw', '--subdir', 'DAGS_FOLDER/restaurant_pipeline.py', '--cfg-path', '/tmp/tmps5c2p8ug']
[2025-07-19T14:34:05.133+0000] {standard_task_runner.py:85} INFO - Job 808: Subtask stream_to_bronze
[2025-07-19T14:34:05.154+0000] {task_command.py:416} INFO - Running <TaskInstance: restaurant_pipeline.stream_to_bronze scheduled__2025-07-19T14:32:00+00:00 [running]> on host f7187f834462
[2025-07-19T14:34:05.190+0000] {taskinstance.py:1662} INFO - Exporting env vars: AIRFLOW_CTX_DAG_OWNER='moran' AIRFLOW_CTX_DAG_ID='restaurant_pipeline' AIRFLOW_CTX_TASK_ID='stream_to_bronze' AIRFLOW_CTX_EXECUTION_DATE='2025-07-19T14:32:00+00:00' AIRFLOW_CTX_TRY_NUMBER='1' AIRFLOW_CTX_DAG_RUN_ID='scheduled__2025-07-19T14:32:00+00:00'
[2025-07-19T14:34:05.191+0000] {subprocess.py:63} INFO - Tmp dir root location: /tmp
[2025-07-19T14:34:05.191+0000] {subprocess.py:75} INFO - Running command: ['/bin/bash', '-c', "docker exec -e AIRFLOW_CTX_DAG_RUN_ID='scheduled__2025-07-19T14:32:00+00:00' spark-iceberg spark-submit /home/iceberg/spark/stream_to_bronze.py"]
[2025-07-19T14:34:05.194+0000] {subprocess.py:86} INFO - Output:
[2025-07-19T14:34:06.530+0000] {subprocess.py:93} INFO - 25/07/19 14:34:06 INFO SparkContext: Running Spark version 3.5.6
[2025-07-19T14:34:06.532+0000] {subprocess.py:93} INFO - 25/07/19 14:34:06 INFO SparkContext: OS info Linux, 6.10.14-linuxkit, aarch64
[2025-07-19T14:34:06.532+0000] {subprocess.py:93} INFO - 25/07/19 14:34:06 INFO SparkContext: Java version 17.0.15
[2025-07-19T14:34:06.545+0000] {subprocess.py:93} INFO - 25/07/19 14:34:06 INFO ResourceUtils: ==============================================================
[2025-07-19T14:34:06.546+0000] {subprocess.py:93} INFO - 25/07/19 14:34:06 INFO ResourceUtils: No custom resources configured for spark.driver.
[2025-07-19T14:34:06.547+0000] {subprocess.py:93} INFO - 25/07/19 14:34:06 INFO ResourceUtils: ==============================================================
[2025-07-19T14:34:06.547+0000] {subprocess.py:93} INFO - 25/07/19 14:34:06 INFO SparkContext: Submitted application: StreamToBronze
[2025-07-19T14:34:06.555+0000] {subprocess.py:93} INFO - 25/07/19 14:34:06 INFO ResourceProfile: Default ResourceProfile created, executor resources: Map(cores -> name: cores, amount: 1, script: , vendor: , memory -> name: memory, amount: 1024, script: , vendor: , offHeap -> name: offHeap, amount: 0, script: , vendor: ), task resources: Map(cpus -> name: cpus, amount: 1.0)
[2025-07-19T14:34:06.560+0000] {subprocess.py:93} INFO - 25/07/19 14:34:06 INFO ResourceProfile: Limiting resource is cpu
[2025-07-19T14:34:06.560+0000] {subprocess.py:93} INFO - 25/07/19 14:34:06 INFO ResourceProfileManager: Added ResourceProfile id: 0
[2025-07-19T14:34:06.584+0000] {subprocess.py:93} INFO - 25/07/19 14:34:06 INFO SecurityManager: Changing view acls to: root,spark
[2025-07-19T14:34:06.585+0000] {subprocess.py:93} INFO - 25/07/19 14:34:06 INFO SecurityManager: Changing modify acls to: root,spark
[2025-07-19T14:34:06.585+0000] {subprocess.py:93} INFO - 25/07/19 14:34:06 INFO SecurityManager: Changing view acls groups to:
[2025-07-19T14:34:06.585+0000] {subprocess.py:93} INFO - 25/07/19 14:34:06 INFO SecurityManager: Changing modify acls groups to:
[2025-07-19T14:34:06.585+0000] {subprocess.py:93} INFO - 25/07/19 14:34:06 INFO SecurityManager: SecurityManager: authentication disabled; ui acls disabled; users with view permissions: root, spark; groups with view permissions: EMPTY; users with modify permissions: root, spark; groups with modify permissions: EMPTY
[2025-07-19T14:34:06.611+0000] {subprocess.py:93} INFO - 25/07/19 14:34:06 WARN NativeCodeLoader: Unable to load native-hadoop library for your platform... using builtin-java classes where applicable
[2025-07-19T14:34:06.726+0000] {subprocess.py:93} INFO - 25/07/19 14:34:06 INFO Utils: Successfully started service 'sparkDriver' on port 39925.
[2025-07-19T14:34:06.743+0000] {subprocess.py:93} INFO - 25/07/19 14:34:06 INFO SparkEnv: Registering MapOutputTracker
[2025-07-19T14:34:06.769+0000] {subprocess.py:93} INFO - 25/07/19 14:34:06 INFO SparkEnv: Registering BlockManagerMaster
[2025-07-19T14:34:06.776+0000] {subprocess.py:93} INFO - 25/07/19 14:34:06 INFO BlockManagerMasterEndpoint: Using org.apache.spark.storage.DefaultTopologyMapper for getting topology information
[2025-07-19T14:34:06.777+0000] {subprocess.py:93} INFO - 25/07/19 14:34:06 INFO BlockManagerMasterEndpoint: BlockManagerMasterEndpoint up
[2025-07-19T14:34:06.779+0000] {subprocess.py:93} INFO - 25/07/19 14:34:06 INFO SparkEnv: Registering BlockManagerMasterHeartbeat
[2025-07-19T14:34:06.790+0000] {subprocess.py:93} INFO - 25/07/19 14:34:06 INFO DiskBlockManager: Created local directory at /tmp/blockmgr-6e1d500d-073b-46ec-9462-6fb9e98308c9
[2025-07-19T14:34:06.800+0000] {subprocess.py:93} INFO - 25/07/19 14:34:06 INFO MemoryStore: MemoryStore started with capacity 434.4 MiB
[2025-07-19T14:34:06.808+0000] {subprocess.py:93} INFO - 25/07/19 14:34:06 INFO SparkEnv: Registering OutputCommitCoordinator
[2025-07-19T14:34:06.872+0000] {subprocess.py:93} INFO - 25/07/19 14:34:06 INFO JettyUtils: Start Jetty 0.0.0.0:4040 for SparkUI
[2025-07-19T14:34:06.906+0000] {subprocess.py:93} INFO - 25/07/19 14:34:06 INFO Utils: Successfully started service 'SparkUI' on port 4040.
[2025-07-19T14:34:06.962+0000] {subprocess.py:93} INFO - 25/07/19 14:34:06 INFO Executor: Starting executor ID driver on host 6370d90f6212
[2025-07-19T14:34:06.963+0000] {subprocess.py:93} INFO - 25/07/19 14:34:06 INFO Executor: OS info Linux, 6.10.14-linuxkit, aarch64
[2025-07-19T14:34:06.963+0000] {subprocess.py:93} INFO - 25/07/19 14:34:06 INFO Executor: Java version 17.0.15
[2025-07-19T14:34:06.967+0000] {subprocess.py:93} INFO - 25/07/19 14:34:06 INFO Executor: Starting executor with user classpath (userClassPathFirst = false): ''
[2025-07-19T14:34:06.968+0000] {subprocess.py:93} INFO - 25/07/19 14:34:06 INFO Executor: Created or updated repl class loader org.apache.spark.util.MutableURLClassLoader@ca55802 for default.
[2025-07-19T14:34:06.979+0000] {subprocess.py:93} INFO - 25/07/19 14:34:06 INFO Utils: Successfully started service 'org.apache.spark.network.netty.NettyBlockTransferService' on port 46585.
[2025-07-19T14:34:06.979+0000] {subprocess.py:93} INFO - 25/07/19 14:34:06 INFO NettyBlockTransferService: Server created on 6370d90f6212:46585
[2025-07-19T14:34:06.981+0000] {subprocess.py:93} INFO - 25/07/19 14:34:06 INFO BlockManager: Using org.apache.spark.storage.RandomBlockReplicationPolicy for block replication policy
[2025-07-19T14:34:06.990+0000] {subprocess.py:93} INFO - 25/07/19 14:34:06 INFO BlockManagerMaster: Registering BlockManager BlockManagerId(driver, 6370d90f6212, 46585, None)
[2025-07-19T14:34:06.994+0000] {subprocess.py:93} INFO - 25/07/19 14:34:06 INFO BlockManagerMasterEndpoint: Registering block manager 6370d90f6212:46585 with 434.4 MiB RAM, BlockManagerId(driver, 6370d90f6212, 46585, None)
[2025-07-19T14:34:06.995+0000] {subprocess.py:93} INFO - 25/07/19 14:34:06 INFO BlockManagerMaster: Registered BlockManager BlockManagerId(driver, 6370d90f6212, 46585, None)
[2025-07-19T14:34:06.995+0000] {subprocess.py:93} INFO - 25/07/19 14:34:06 INFO BlockManager: Initialized BlockManager: BlockManagerId(driver, 6370d90f6212, 46585, None)
[2025-07-19T14:34:07.228+0000] {subprocess.py:93} INFO - 25/07/19 14:34:07 INFO SharedState: Setting hive.metastore.warehouse.dir ('null') to the value of spark.sql.warehouse.dir.
[2025-07-19T14:34:07.230+0000] {subprocess.py:93} INFO - 25/07/19 14:34:07 INFO SharedState: Warehouse path is 'file:/app/spark-warehouse'.
[2025-07-19T14:34:08.210+0000] {subprocess.py:93} INFO - 25/07/19 14:34:08 WARN MetricsConfig: Cannot locate configuration: tried hadoop-metrics2-s3a-file-system.properties,hadoop-metrics2.properties
[2025-07-19T14:34:08.216+0000] {subprocess.py:93} INFO - 25/07/19 14:34:08 INFO MetricsSystemImpl: Scheduled Metric snapshot period at 10 second(s).
[2025-07-19T14:34:08.217+0000] {subprocess.py:93} INFO - 25/07/19 14:34:08 INFO MetricsSystemImpl: s3a-file-system metrics system started
[2025-07-19T14:34:08.816+0000] {subprocess.py:93} INFO - Traceback (most recent call last):
[2025-07-19T14:34:08.817+0000] {subprocess.py:93} INFO -   File "/home/iceberg/spark/stream_to_bronze.py", line 93, in <module>
[2025-07-19T14:34:08.817+0000] {subprocess.py:93} INFO -     read_kafka(
[2025-07-19T14:34:08.817+0000] {subprocess.py:93} INFO -   File "/home/iceberg/spark/stream_to_bronze.py", line 89, in read_kafka
[2025-07-19T14:34:08.817+0000] {subprocess.py:93} INFO -     .start()
[2025-07-19T14:34:08.817+0000] {subprocess.py:93} INFO -      ^^^^^^^
[2025-07-19T14:34:08.818+0000] {subprocess.py:93} INFO -   File "/opt/bitnami/spark/python/lib/pyspark.zip/pyspark/sql/streaming/readwriter.py", line 1527, in start
[2025-07-19T14:34:08.818+0000] {subprocess.py:93} INFO -   File "/opt/bitnami/spark/python/lib/py4j-0.10.9.7-src.zip/py4j/java_gateway.py", line 1322, in __call__
[2025-07-19T14:34:08.818+0000] {subprocess.py:93} INFO -   File "/opt/bitnami/spark/python/lib/pyspark.zip/pyspark/errors/exceptions/captured.py", line 179, in deco
[2025-07-19T14:34:08.818+0000] {subprocess.py:93} INFO -   File "/opt/bitnami/spark/python/lib/py4j-0.10.9.7-src.zip/py4j/protocol.py", line 326, in get_return_value
[2025-07-19T14:34:08.818+0000] {subprocess.py:93} INFO - py4j.protocol.Py4JJavaError: An error occurred while calling o67.start.
[2025-07-19T14:34:08.819+0000] {subprocess.py:93} INFO - : org.apache.iceberg.exceptions.NoSuchTableException: Cannot find table for bronze.Reservations_raw.
[2025-07-19T14:34:08.819+0000] {subprocess.py:93} INFO - 	at org.apache.iceberg.spark.source.IcebergSource.getTable(IcebergSource.java:112)
[2025-07-19T14:34:08.819+0000] {subprocess.py:93} INFO - 	at org.apache.iceberg.spark.source.IcebergSource.inferPartitioning(IcebergSource.java:90)
[2025-07-19T14:34:08.819+0000] {subprocess.py:93} INFO - 	at org.apache.spark.sql.execution.datasources.v2.DataSourceV2Utils$.getTableFromProvider(DataSourceV2Utils.scala:82)
[2025-07-19T14:34:08.819+0000] {subprocess.py:93} INFO - 	at org.apache.spark.sql.streaming.DataStreamWriter.startInternal(DataStreamWriter.scala:399)
[2025-07-19T14:34:08.819+0000] {subprocess.py:93} INFO - 	at org.apache.spark.sql.streaming.DataStreamWriter.start(DataStreamWriter.scala:251)
[2025-07-19T14:34:08.819+0000] {subprocess.py:93} INFO - 	at java.base/jdk.internal.reflect.NativeMethodAccessorImpl.invoke0(Native Method)
[2025-07-19T14:34:08.819+0000] {subprocess.py:93} INFO - 	at java.base/jdk.internal.reflect.NativeMethodAccessorImpl.invoke(Unknown Source)
[2025-07-19T14:34:08.819+0000] {subprocess.py:93} INFO - 	at java.base/jdk.internal.reflect.DelegatingMethodAccessorImpl.invoke(Unknown Source)
[2025-07-19T14:34:08.820+0000] {subprocess.py:93} INFO - 	at java.base/java.lang.reflect.Method.invoke(Unknown Source)
[2025-07-19T14:34:08.820+0000] {subprocess.py:93} INFO - 	at py4j.reflection.MethodInvoker.invoke(MethodInvoker.java:244)
[2025-07-19T14:34:08.820+0000] {subprocess.py:93} INFO - 	at py4j.reflection.ReflectionEngine.invoke(ReflectionEngine.java:374)
[2025-07-19T14:34:08.820+0000] {subprocess.py:93} INFO - 	at py4j.Gateway.invoke(Gateway.java:282)
[2025-07-19T14:34:08.820+0000] {subprocess.py:93} INFO - 	at py4j.commands.AbstractCommand.invokeMethod(AbstractCommand.java:132)
[2025-07-19T14:34:08.820+0000] {subprocess.py:93} INFO - 	at py4j.commands.CallCommand.execute(CallCommand.java:79)
[2025-07-19T14:34:08.820+0000] {subprocess.py:93} INFO - 	at py4j.ClientServerConnection.waitForCommands(ClientServerConnection.java:182)
[2025-07-19T14:34:08.820+0000] {subprocess.py:93} INFO - 	at py4j.ClientServerConnection.run(ClientServerConnection.java:106)
[2025-07-19T14:34:08.820+0000] {subprocess.py:93} INFO - 	at java.base/java.lang.Thread.run(Unknown Source)
[2025-07-19T14:34:08.820+0000] {subprocess.py:93} INFO - Caused by: org.apache.spark.sql.catalyst.analysis.NoSuchTableException: [TABLE_OR_VIEW_NOT_FOUND] The table or view bronze.Reservations_raw cannot be found. Verify the spelling and correctness of the schema and catalog.
[2025-07-19T14:34:08.820+0000] {subprocess.py:93} INFO - If you did not qualify the name with a schema, verify the current_schema() output, or qualify the name with the correct schema and catalog.
[2025-07-19T14:34:08.820+0000] {subprocess.py:93} INFO - To tolerate the error on drop use DROP VIEW IF EXISTS or DROP TABLE IF EXISTS.
[2025-07-19T14:34:08.820+0000] {subprocess.py:93} INFO - 	at org.apache.iceberg.spark.SparkCatalog.loadTable(SparkCatalog.java:161)
[2025-07-19T14:34:08.821+0000] {subprocess.py:93} INFO - 	at org.apache.iceberg.spark.source.IcebergSource.getTable(IcebergSource.java:107)
[2025-07-19T14:34:08.821+0000] {subprocess.py:93} INFO - 	... 16 more
[2025-07-19T14:34:08.821+0000] {subprocess.py:93} INFO - 
[2025-07-19T14:34:08.840+0000] {subprocess.py:93} INFO - 25/07/19 14:34:08 INFO SparkContext: Invoking stop() from shutdown hook
[2025-07-19T14:34:08.841+0000] {subprocess.py:93} INFO - 25/07/19 14:34:08 INFO SparkContext: SparkContext is stopping with exitCode 0.
[2025-07-19T14:34:08.845+0000] {subprocess.py:93} INFO - 25/07/19 14:34:08 INFO SparkUI: Stopped Spark web UI at http://6370d90f6212:4040
[2025-07-19T14:34:08.851+0000] {subprocess.py:93} INFO - 25/07/19 14:34:08 INFO MapOutputTrackerMasterEndpoint: MapOutputTrackerMasterEndpoint stopped!
[2025-07-19T14:34:08.859+0000] {subprocess.py:93} INFO - 25/07/19 14:34:08 INFO MemoryStore: MemoryStore cleared
[2025-07-19T14:34:08.859+0000] {subprocess.py:93} INFO - 25/07/19 14:34:08 INFO BlockManager: BlockManager stopped
[2025-07-19T14:34:08.859+0000] {subprocess.py:93} INFO - 25/07/19 14:34:08 INFO BlockManagerMaster: BlockManagerMaster stopped
[2025-07-19T14:34:08.861+0000] {subprocess.py:93} INFO - 25/07/19 14:34:08 INFO OutputCommitCoordinator$OutputCommitCoordinatorEndpoint: OutputCommitCoordinator stopped!
[2025-07-19T14:34:08.866+0000] {subprocess.py:93} INFO - 25/07/19 14:34:08 INFO SparkContext: Successfully stopped SparkContext
[2025-07-19T14:34:08.866+0000] {subprocess.py:93} INFO - 25/07/19 14:34:08 INFO ShutdownHookManager: Shutdown hook called
[2025-07-19T14:34:08.867+0000] {subprocess.py:93} INFO - 25/07/19 14:34:08 INFO ShutdownHookManager: Deleting directory /tmp/spark-4b02a43b-3b3a-4397-a412-b01774a2c285/pyspark-04d3936c-9b36-473c-8ed4-236d1ae42ffe
[2025-07-19T14:34:08.867+0000] {subprocess.py:93} INFO - 25/07/19 14:34:08 INFO ShutdownHookManager: Deleting directory /tmp/spark-9a25d2db-60b2-4898-9d51-74bd3ed562d8
[2025-07-19T14:34:08.869+0000] {subprocess.py:93} INFO - 25/07/19 14:34:08 INFO ShutdownHookManager: Deleting directory /tmp/spark-4b02a43b-3b3a-4397-a412-b01774a2c285
[2025-07-19T14:34:08.871+0000] {subprocess.py:93} INFO - 25/07/19 14:34:08 INFO MetricsSystemImpl: Stopping s3a-file-system metrics system...
[2025-07-19T14:34:08.872+0000] {subprocess.py:93} INFO - 25/07/19 14:34:08 INFO MetricsSystemImpl: s3a-file-system metrics system stopped.
[2025-07-19T14:34:08.872+0000] {subprocess.py:93} INFO - 25/07/19 14:34:08 INFO MetricsSystemImpl: s3a-file-system metrics system shutdown complete.
[2025-07-19T14:34:08.905+0000] {subprocess.py:97} INFO - Command exited with return code 1
[2025-07-19T14:34:08.911+0000] {taskinstance.py:1937} ERROR - Task failed with exception
Traceback (most recent call last):
  File "/home/airflow/.local/lib/python3.8/site-packages/airflow/operators/bash.py", line 210, in execute
    raise AirflowException(
airflow.exceptions.AirflowException: Bash command failed. The command returned a non-zero exit code 1.
[2025-07-19T14:34:08.912+0000] {taskinstance.py:1400} INFO - Marking task as FAILED. dag_id=restaurant_pipeline, task_id=stream_to_bronze, execution_date=20250719T143200, start_date=20250719T143405, end_date=20250719T143408
[2025-07-19T14:34:08.918+0000] {standard_task_runner.py:104} ERROR - Failed to execute job 808 for task stream_to_bronze (Bash command failed. The command returned a non-zero exit code 1.; 222)
[2025-07-19T14:34:08.929+0000] {local_task_job_runner.py:228} INFO - Task exited with return code 1
[2025-07-19T14:34:08.953+0000] {taskinstance.py:2778} INFO - 0 downstream tasks scheduled from follow-on schedule check
