[2025-07-18T18:54:32.658+0000] {taskinstance.py:1159} INFO - Dependencies all met for dep_context=non-requeueable deps ti=<TaskInstance: restaurant_pipeline.send_to_kafka scheduled__2025-07-18T18:52:00+00:00 [queued]>
[2025-07-18T18:54:32.666+0000] {taskinstance.py:1159} INFO - Dependencies all met for dep_context=requeueable deps ti=<TaskInstance: restaurant_pipeline.send_to_kafka scheduled__2025-07-18T18:52:00+00:00 [queued]>
[2025-07-18T18:54:32.666+0000] {taskinstance.py:1361} INFO - Starting attempt 1 of 1
[2025-07-18T18:54:32.678+0000] {taskinstance.py:1382} INFO - Executing <Task(BashOperator): send_to_kafka> on 2025-07-18 18:52:00+00:00
[2025-07-18T18:54:32.681+0000] {standard_task_runner.py:57} INFO - Started process 4012 to run task
[2025-07-18T18:54:32.684+0000] {standard_task_runner.py:84} INFO - Running: ['***', 'tasks', 'run', 'restaurant_pipeline', 'send_to_kafka', 'scheduled__2025-07-18T18:52:00+00:00', '--job-id', '435', '--raw', '--subdir', 'DAGS_FOLDER/restaurant_pipeline.py', '--cfg-path', '/tmp/tmp4wa0i92t']
[2025-07-18T18:54:32.686+0000] {standard_task_runner.py:85} INFO - Job 435: Subtask send_to_kafka
[2025-07-18T18:54:32.736+0000] {task_command.py:416} INFO - Running <TaskInstance: restaurant_pipeline.send_to_kafka scheduled__2025-07-18T18:52:00+00:00 [running]> on host 9bcfb43e0ab7
[2025-07-18T18:54:32.815+0000] {taskinstance.py:1662} INFO - Exporting env vars: AIRFLOW_CTX_DAG_OWNER='moran' AIRFLOW_CTX_DAG_ID='restaurant_pipeline' AIRFLOW_CTX_TASK_ID='send_to_kafka' AIRFLOW_CTX_EXECUTION_DATE='2025-07-18T18:52:00+00:00' AIRFLOW_CTX_TRY_NUMBER='1' AIRFLOW_CTX_DAG_RUN_ID='scheduled__2025-07-18T18:52:00+00:00'
[2025-07-18T18:54:32.816+0000] {subprocess.py:63} INFO - Tmp dir root location: /tmp
[2025-07-18T18:54:32.819+0000] {subprocess.py:75} INFO - Running command: ['/bin/bash', '-c', 'python /opt/streaming/producer.py']
[2025-07-18T18:54:32.826+0000] {subprocess.py:86} INFO - Output:
[2025-07-18T18:54:35.195+0000] {subprocess.py:93} INFO - [✓] Sent to reservations: {'reservation_id': 4186, 'branch_id': 102, 'customer_name': 'Glenn Jefferson', 'phone_number': '841.924.3283x269', 'reservation_date': '2025-07-18', 'reservation_time': '20:50', 'guests_count': 8, 'is_confirmed': False}
[2025-07-18T18:54:35.202+0000] {subprocess.py:93} INFO - [✓] Sent to reservations: {'reservation_id': 5960, 'branch_id': 102, 'customer_name': 'Dorothy White', 'phone_number': '+1-608-964-9060x678', 'reservation_date': '2025-07-18', 'reservation_time': '19:11', 'guests_count': 4, 'is_confirmed': False}
[2025-07-18T18:54:35.203+0000] {subprocess.py:93} INFO - [✓] Sent to reservations: {'reservation_id': 3842, 'branch_id': 101, 'customer_name': 'Melissa Patel', 'phone_number': '562.806.6103x3521', 'reservation_date': '2025-07-18', 'reservation_time': '20:51', 'guests_count': 4, 'is_confirmed': False}
[2025-07-18T18:54:35.203+0000] {subprocess.py:93} INFO - [✓] Sent to checkins: {'checkin_id': 2895, 'customer_name': 'Bonnie Payne', 'phone_number': '589.627.9106x36177', 'branch_id': 102, 'table_id': 210, 'is_prebooked': True, 'checkin_date': '2025-07-18', 'checkin_time': '18:32', 'guests_count': 5, 'shift_manager': 'Chelsea Harmon'}
[2025-07-18T18:54:35.203+0000] {subprocess.py:93} INFO - [✓] Sent to checkins: {'checkin_id': 6980, 'customer_name': 'John Rodriguez', 'phone_number': '+1-472-675-6052', 'branch_id': 102, 'table_id': 210, 'is_prebooked': True, 'checkin_date': '2025-07-18', 'checkin_time': '18:38', 'guests_count': 3, 'shift_manager': 'Todd Lee'}
[2025-07-18T18:54:35.203+0000] {subprocess.py:93} INFO - [✓] Sent to checkins: {'checkin_id': 5115, 'customer_name': 'Alexandra Roman', 'phone_number': '996-903-9011', 'branch_id': 101, 'table_id': 200, 'is_prebooked': False, 'checkin_date': '2025-07-18', 'checkin_time': '17:04', 'guests_count': 4, 'shift_manager': 'John Clark'}
[2025-07-18T18:54:35.205+0000] {subprocess.py:93} INFO - [✓] Sent to feedback: {'feedback_id': 4517, 'branch_id': 101, 'customer_name': 'Hunter Rose', 'phone_number': '298-492-3908x5948', 'feedback_text': 'Explain in here sell type relate.', 'rating': 4, 'dining_date': '2025-07-18', 'dining_time': '17:54', 'submission_time': '2025-07-18T18:54:31'}
[2025-07-18T18:54:35.205+0000] {subprocess.py:93} INFO - [✓] Sent to feedback: {'feedback_id': 6070, 'branch_id': 102, 'customer_name': 'Michael Hunter', 'phone_number': '(808)541-7999', 'feedback_text': 'Among view pretty idea allow professional.', 'rating': 1, 'dining_date': '2025-07-18', 'dining_time': '18:30', 'submission_time': '2025-07-18T18:54:31'}
[2025-07-18T18:54:35.206+0000] {subprocess.py:93} INFO - [✓] Sent to feedback: {'feedback_id': 6557, 'branch_id': 102, 'customer_name': 'Teresa Smith', 'phone_number': '+1-710-295-8661x680', 'feedback_text': 'Across because nation here.', 'rating': 3, 'dining_date': '2025-07-18', 'dining_time': '17:02', 'submission_time': '2025-07-18T18:54:31'}
[2025-07-18T18:54:35.207+0000] {subprocess.py:93} INFO - ✅ All messages sent.
[2025-07-18T18:54:35.256+0000] {subprocess.py:97} INFO - Command exited with return code 0
[2025-07-18T18:54:35.278+0000] {taskinstance.py:1400} INFO - Marking task as SUCCESS. dag_id=restaurant_pipeline, task_id=send_to_kafka, execution_date=20250718T185200, start_date=20250718T185432, end_date=20250718T185435
[2025-07-18T18:54:35.300+0000] {local_task_job_runner.py:228} INFO - Task exited with return code 0
[2025-07-18T18:54:35.326+0000] {taskinstance.py:2778} INFO - 1 downstream tasks scheduled from follow-on schedule check
