[2025-07-18T15:20:01.997+0000] {taskinstance.py:1159} INFO - Dependencies all met for dep_context=non-requeueable deps ti=<TaskInstance: restaurant_pipeline.send_to_kafka scheduled__2025-07-18T15:18:00+00:00 [queued]>
[2025-07-18T15:20:02.006+0000] {taskinstance.py:1159} INFO - Dependencies all met for dep_context=requeueable deps ti=<TaskInstance: restaurant_pipeline.send_to_kafka scheduled__2025-07-18T15:18:00+00:00 [queued]>
[2025-07-18T15:20:02.007+0000] {taskinstance.py:1361} INFO - Starting attempt 1 of 1
[2025-07-18T15:20:02.019+0000] {taskinstance.py:1382} INFO - Executing <Task(BashOperator): send_to_kafka> on 2025-07-18 15:18:00+00:00
[2025-07-18T15:20:02.022+0000] {standard_task_runner.py:57} INFO - Started process 203 to run task
[2025-07-18T15:20:02.025+0000] {standard_task_runner.py:84} INFO - Running: ['***', 'tasks', 'run', 'restaurant_pipeline', 'send_to_kafka', 'scheduled__2025-07-18T15:18:00+00:00', '--job-id', '89', '--raw', '--subdir', 'DAGS_FOLDER/restaurant_pipeline.py', '--cfg-path', '/tmp/tmpjyxg8l1h']
[2025-07-18T15:20:02.027+0000] {standard_task_runner.py:85} INFO - Job 89: Subtask send_to_kafka
[2025-07-18T15:20:02.089+0000] {task_command.py:416} INFO - Running <TaskInstance: restaurant_pipeline.send_to_kafka scheduled__2025-07-18T15:18:00+00:00 [running]> on host 9bcfb43e0ab7
[2025-07-18T15:20:02.209+0000] {taskinstance.py:1662} INFO - Exporting env vars: AIRFLOW_CTX_DAG_OWNER='moran' AIRFLOW_CTX_DAG_ID='restaurant_pipeline' AIRFLOW_CTX_TASK_ID='send_to_kafka' AIRFLOW_CTX_EXECUTION_DATE='2025-07-18T15:18:00+00:00' AIRFLOW_CTX_TRY_NUMBER='1' AIRFLOW_CTX_DAG_RUN_ID='scheduled__2025-07-18T15:18:00+00:00'
[2025-07-18T15:20:02.211+0000] {subprocess.py:63} INFO - Tmp dir root location: /tmp
[2025-07-18T15:20:02.212+0000] {subprocess.py:75} INFO - Running command: ['/bin/bash', '-c', 'python /opt/streaming/producer.py']
[2025-07-18T15:20:02.233+0000] {subprocess.py:86} INFO - Output:
[2025-07-18T15:20:04.573+0000] {subprocess.py:93} INFO - [✓] Sent to reservations: {'reservation_id': 9361, 'branch_id': 101, 'customer_name': 'Brenda Williams', 'phone_number': '001-996-261-7857x300', 'reservation_date': '2025-07-18', 'reservation_time': '16:06', 'guests_count': 2, 'is_confirmed': True}
[2025-07-18T15:20:04.573+0000] {subprocess.py:93} INFO - [✓] Sent to reservations: {'reservation_id': 5593, 'branch_id': 101, 'customer_name': 'Anna Swanson', 'phone_number': '+1-760-365-9150x453', 'reservation_date': '2025-07-18', 'reservation_time': '17:05', 'guests_count': 4, 'is_confirmed': True}
[2025-07-18T15:20:04.574+0000] {subprocess.py:93} INFO - [✓] Sent to reservations: {'reservation_id': 2234, 'branch_id': 102, 'customer_name': 'Lisa Cain', 'phone_number': '+1-201-831-4807x5132', 'reservation_date': '2025-07-18', 'reservation_time': '17:11', 'guests_count': 2, 'is_confirmed': False}
[2025-07-18T15:20:04.574+0000] {subprocess.py:93} INFO - [✓] Sent to checkins: {'checkin_id': 1215, 'customer_name': 'Rachel Moore', 'phone_number': '(413)477-8729x69690', 'branch_id': 102, 'table_id': 208, 'is_prebooked': False, 'checkin_date': '2025-07-18', 'checkin_time': '15:03', 'guests_count': 6, 'shift_manager': 'Joseph Martinez'}
[2025-07-18T15:20:04.574+0000] {subprocess.py:93} INFO - [✓] Sent to checkins: {'checkin_id': 7661, 'customer_name': 'Joanna Rice', 'phone_number': '(357)420-8367x1236', 'branch_id': 101, 'table_id': 202, 'is_prebooked': False, 'checkin_date': '2025-07-18', 'checkin_time': '13:38', 'guests_count': 5, 'shift_manager': 'John Harris'}
[2025-07-18T15:20:04.574+0000] {subprocess.py:93} INFO - [✓] Sent to checkins: {'checkin_id': 3006, 'customer_name': 'Joshua Wilson', 'phone_number': '8849244686', 'branch_id': 102, 'table_id': 203, 'is_prebooked': False, 'checkin_date': '2025-07-18', 'checkin_time': '14:38', 'guests_count': 6, 'shift_manager': 'Kara Parks'}
[2025-07-18T15:20:04.574+0000] {subprocess.py:93} INFO - [✓] Sent to feedback: {'feedback_id': 8440, 'branch_id': 101, 'customer_name': 'Alexandra Jones', 'phone_number': '(817)236-4634', 'feedback_text': 'Person rule research wrong myself culture suffer.', 'rating': 5, 'dining_date': '2025-07-18', 'dining_time': '14:08', 'submission_time': '2025-07-18T15:20:01'}
[2025-07-18T15:20:04.574+0000] {subprocess.py:93} INFO - [✓] Sent to feedback: {'feedback_id': 2215, 'branch_id': 102, 'customer_name': 'Andrew Kirk', 'phone_number': '817-675-5413x97125', 'feedback_text': 'Soon paper while.', 'rating': 1, 'dining_date': '2025-07-18', 'dining_time': '13:45', 'submission_time': '2025-07-18T15:20:01'}
[2025-07-18T15:20:04.574+0000] {subprocess.py:93} INFO - [✓] Sent to feedback: {'feedback_id': 8286, 'branch_id': 101, 'customer_name': 'Alex Romero', 'phone_number': '+1-264-545-6118', 'feedback_text': 'Spend be likely through value thought cut.', 'rating': 3, 'dining_date': '2025-07-18', 'dining_time': '14:43', 'submission_time': '2025-07-18T15:20:01'}
[2025-07-18T15:20:04.574+0000] {subprocess.py:93} INFO - ✅ All messages sent.
[2025-07-18T15:20:04.602+0000] {subprocess.py:97} INFO - Command exited with return code 0
[2025-07-18T15:20:04.620+0000] {taskinstance.py:1400} INFO - Marking task as SUCCESS. dag_id=restaurant_pipeline, task_id=send_to_kafka, execution_date=20250718T151800, start_date=20250718T152001, end_date=20250718T152004
[2025-07-18T15:20:04.673+0000] {local_task_job_runner.py:228} INFO - Task exited with return code 0
[2025-07-18T15:20:04.730+0000] {taskinstance.py:2778} INFO - 1 downstream tasks scheduled from follow-on schedule check
