[2025-07-19T21:39:14.275+0000] {taskinstance.py:1159} INFO - Dependencies all met for dep_context=non-requeueable deps ti=<TaskInstance: restaurant_pipeline.send_to_kafka scheduled__2025-07-19T21:36:00+00:00 [queued]>
[2025-07-19T21:39:14.279+0000] {taskinstance.py:1159} INFO - Dependencies all met for dep_context=requeueable deps ti=<TaskInstance: restaurant_pipeline.send_to_kafka scheduled__2025-07-19T21:36:00+00:00 [queued]>
[2025-07-19T21:39:14.280+0000] {taskinstance.py:1361} INFO - Starting attempt 1 of 1
[2025-07-19T21:39:14.286+0000] {taskinstance.py:1382} INFO - Executing <Task(BashOperator): send_to_kafka> on 2025-07-19 21:36:00+00:00
[2025-07-19T21:39:14.288+0000] {standard_task_runner.py:57} INFO - Started process 4605 to run task
[2025-07-19T21:39:14.290+0000] {standard_task_runner.py:84} INFO - Running: ['***', 'tasks', 'run', 'restaurant_pipeline', 'send_to_kafka', 'scheduled__2025-07-19T21:36:00+00:00', '--job-id', '1258', '--raw', '--subdir', 'DAGS_FOLDER/restaurant_pipeline.py', '--cfg-path', '/tmp/tmpdh7z54lt']
[2025-07-19T21:39:14.292+0000] {standard_task_runner.py:85} INFO - Job 1258: Subtask send_to_kafka
[2025-07-19T21:39:14.317+0000] {task_command.py:416} INFO - Running <TaskInstance: restaurant_pipeline.send_to_kafka scheduled__2025-07-19T21:36:00+00:00 [running]> on host e3f5d8fc4eef
[2025-07-19T21:39:14.364+0000] {taskinstance.py:1662} INFO - Exporting env vars: AIRFLOW_CTX_DAG_OWNER='moran' AIRFLOW_CTX_DAG_ID='restaurant_pipeline' AIRFLOW_CTX_TASK_ID='send_to_kafka' AIRFLOW_CTX_EXECUTION_DATE='2025-07-19T21:36:00+00:00' AIRFLOW_CTX_TRY_NUMBER='1' AIRFLOW_CTX_DAG_RUN_ID='scheduled__2025-07-19T21:36:00+00:00'
[2025-07-19T21:39:14.365+0000] {subprocess.py:63} INFO - Tmp dir root location: /tmp
[2025-07-19T21:39:14.365+0000] {subprocess.py:75} INFO - Running command: ['/bin/bash', '-c', 'python /opt/streaming/producer.py']
[2025-07-19T21:39:14.370+0000] {subprocess.py:86} INFO - Output:
[2025-07-19T21:39:16.797+0000] {subprocess.py:93} INFO - [✓] Sent to reservations: {'reservation_id': 6773, 'branch_id': 102, 'customer_name': 'John Chang', 'phone_number': '+1-505-492-1007x472', 'reservation_date': '2025-07-19', 'reservation_time': '22:56', 'guests_count': 8, 'is_confirmed': False}
[2025-07-19T21:39:16.797+0000] {subprocess.py:93} INFO - [✓] Sent to reservations: {'reservation_id': 6102, 'branch_id': 102, 'customer_name': 'Ashley Lamb', 'phone_number': '(444)382-6327x4850', 'reservation_date': '2025-07-19', 'reservation_time': '21:59', 'guests_count': 5, 'is_confirmed': False}
[2025-07-19T21:39:16.797+0000] {subprocess.py:93} INFO - [✓] Sent to reservations: {'reservation_id': 7999, 'branch_id': 102, 'customer_name': 'Mary Salazar', 'phone_number': '(580)802-9241', 'reservation_date': '2025-07-19', 'reservation_time': '22:06', 'guests_count': 2, 'is_confirmed': True}
[2025-07-19T21:39:16.798+0000] {subprocess.py:93} INFO - [✓] Sent to checkins: {'checkin_id': 5412, 'customer_name': 'Taylor Wright', 'phone_number': '809.645.4915x3356', 'branch_id': 101, 'table_id': 210, 'is_prebooked': False, 'checkin_date': '2025-07-19', 'checkin_time': '19:57', 'guests_count': 2, 'shift_manager': 'Michael Ryan'}
[2025-07-19T21:39:16.798+0000] {subprocess.py:93} INFO - [✓] Sent to checkins: {'checkin_id': 7933, 'customer_name': 'Julia Ramos', 'phone_number': '486-230-0893x012', 'branch_id': 102, 'table_id': 209, 'is_prebooked': True, 'checkin_date': '2025-07-19', 'checkin_time': '20:55', 'guests_count': 6, 'shift_manager': 'David Francis'}
[2025-07-19T21:39:16.798+0000] {subprocess.py:93} INFO - [✓] Sent to checkins: {'checkin_id': 3905, 'customer_name': 'Priscilla Reid', 'phone_number': '337-977-1047', 'branch_id': 102, 'table_id': 206, 'is_prebooked': False, 'checkin_date': '2025-07-19', 'checkin_time': '21:26', 'guests_count': 4, 'shift_manager': 'Alyssa Shea'}
[2025-07-19T21:39:16.798+0000] {subprocess.py:93} INFO - [✓] Sent to feedback: {'feedback_id': 9707, 'branch_id': 101, 'customer_name': 'Nancy Reynolds', 'phone_number': '001-495-411-8073x2517', 'feedback_text': 'House large few now late develop affect rest.', 'rating': 2, 'dining_date': '2025-07-19', 'dining_time': '19:54', 'submission_time': '2025-07-19T21:39:13'}
[2025-07-19T21:39:16.798+0000] {subprocess.py:93} INFO - [✓] Sent to feedback: {'feedback_id': 4918, 'branch_id': 101, 'customer_name': 'Kenneth Bishop', 'phone_number': '+1-321-590-6742x873', 'feedback_text': 'Career stuff machine allow.', 'rating': 1, 'dining_date': '2025-07-19', 'dining_time': '19:39', 'submission_time': '2025-07-19T21:39:13'}
[2025-07-19T21:39:16.799+0000] {subprocess.py:93} INFO - [✓] Sent to feedback: {'feedback_id': 9582, 'branch_id': 102, 'customer_name': 'Brandon Hansen', 'phone_number': '394.531.5889x822', 'feedback_text': 'Daughter else various behind group.', 'rating': 4, 'dining_date': '2025-07-19', 'dining_time': '19:54', 'submission_time': '2025-07-19T21:39:13'}
[2025-07-19T21:39:16.799+0000] {subprocess.py:93} INFO - ✅ All messages sent.
[2025-07-19T21:39:16.826+0000] {subprocess.py:97} INFO - Command exited with return code 0
[2025-07-19T21:39:16.841+0000] {taskinstance.py:1400} INFO - Marking task as SUCCESS. dag_id=restaurant_pipeline, task_id=send_to_kafka, execution_date=20250719T213600, start_date=20250719T213914, end_date=20250719T213916
[2025-07-19T21:39:16.867+0000] {local_task_job_runner.py:228} INFO - Task exited with return code 0
[2025-07-19T21:39:16.923+0000] {taskinstance.py:2778} INFO - 0 downstream tasks scheduled from follow-on schedule check
