[2025-07-19T18:38:43.849+0000] {taskinstance.py:1159} INFO - Dependencies all met for dep_context=non-requeueable deps ti=<TaskInstance: restaurant_pipeline.send_to_kafka scheduled__2025-07-19T18:36:00+00:00 [queued]>
[2025-07-19T18:38:43.853+0000] {taskinstance.py:1159} INFO - Dependencies all met for dep_context=requeueable deps ti=<TaskInstance: restaurant_pipeline.send_to_kafka scheduled__2025-07-19T18:36:00+00:00 [queued]>
[2025-07-19T18:38:43.853+0000] {taskinstance.py:1361} INFO - Starting attempt 1 of 1
[2025-07-19T18:38:43.858+0000] {taskinstance.py:1382} INFO - Executing <Task(BashOperator): send_to_kafka> on 2025-07-19 18:36:00+00:00
[2025-07-19T18:38:43.860+0000] {standard_task_runner.py:57} INFO - Started process 1199 to run task
[2025-07-19T18:38:43.862+0000] {standard_task_runner.py:84} INFO - Running: ['***', 'tasks', 'run', 'restaurant_pipeline', 'send_to_kafka', 'scheduled__2025-07-19T18:36:00+00:00', '--job-id', '1013', '--raw', '--subdir', 'DAGS_FOLDER/restaurant_pipeline.py', '--cfg-path', '/tmp/tmp7lr7qrbn']
[2025-07-19T18:38:43.863+0000] {standard_task_runner.py:85} INFO - Job 1013: Subtask send_to_kafka
[2025-07-19T18:38:43.884+0000] {task_command.py:416} INFO - Running <TaskInstance: restaurant_pipeline.send_to_kafka scheduled__2025-07-19T18:36:00+00:00 [running]> on host e3f5d8fc4eef
[2025-07-19T18:38:43.920+0000] {taskinstance.py:1662} INFO - Exporting env vars: AIRFLOW_CTX_DAG_OWNER='moran' AIRFLOW_CTX_DAG_ID='restaurant_pipeline' AIRFLOW_CTX_TASK_ID='send_to_kafka' AIRFLOW_CTX_EXECUTION_DATE='2025-07-19T18:36:00+00:00' AIRFLOW_CTX_TRY_NUMBER='1' AIRFLOW_CTX_DAG_RUN_ID='scheduled__2025-07-19T18:36:00+00:00'
[2025-07-19T18:38:43.921+0000] {subprocess.py:63} INFO - Tmp dir root location: /tmp
[2025-07-19T18:38:43.921+0000] {subprocess.py:75} INFO - Running command: ['/bin/bash', '-c', 'python /opt/streaming/producer.py']
[2025-07-19T18:38:43.925+0000] {subprocess.py:86} INFO - Output:
[2025-07-19T18:38:46.138+0000] {subprocess.py:93} INFO - [✓] Sent to reservations: {'reservation_id': 2999, 'branch_id': 101, 'customer_name': 'Catherine Shaffer', 'phone_number': '813.409.6227', 'reservation_date': '2025-07-19', 'reservation_time': '19:51', 'guests_count': 5, 'is_confirmed': False}
[2025-07-19T18:38:46.142+0000] {subprocess.py:93} INFO - [✓] Sent to reservations: {'reservation_id': 9036, 'branch_id': 101, 'customer_name': 'Bruce Gilbert', 'phone_number': '871.522.3847x477', 'reservation_date': '2025-07-19', 'reservation_time': '20:11', 'guests_count': 2, 'is_confirmed': False}
[2025-07-19T18:38:46.144+0000] {subprocess.py:93} INFO - [✓] Sent to reservations: {'reservation_id': 4495, 'branch_id': 101, 'customer_name': 'Laura Rodgers', 'phone_number': '+1-679-803-0736x950', 'reservation_date': '2025-07-19', 'reservation_time': '20:28', 'guests_count': 1, 'is_confirmed': True}
[2025-07-19T18:38:46.146+0000] {subprocess.py:93} INFO - [✓] Sent to checkins: {'checkin_id': 6683, 'customer_name': 'Kristen Brown', 'phone_number': '001-950-433-8721x060', 'branch_id': 102, 'table_id': 200, 'is_prebooked': True, 'checkin_date': '2025-07-19', 'checkin_time': '17:09', 'guests_count': 6, 'shift_manager': 'David Bishop'}
[2025-07-19T18:38:46.146+0000] {subprocess.py:93} INFO - [✓] Sent to checkins: {'checkin_id': 3674, 'customer_name': 'Shannon Phillips', 'phone_number': '+1-919-781-3473x4266', 'branch_id': 102, 'table_id': 206, 'is_prebooked': True, 'checkin_date': '2025-07-19', 'checkin_time': '17:41', 'guests_count': 5, 'shift_manager': 'Megan Sherman'}
[2025-07-19T18:38:46.146+0000] {subprocess.py:93} INFO - [✓] Sent to checkins: {'checkin_id': 1394, 'customer_name': 'Aaron Nelson', 'phone_number': '638.885.5485x059', 'branch_id': 101, 'table_id': 206, 'is_prebooked': True, 'checkin_date': '2025-07-19', 'checkin_time': '17:07', 'guests_count': 2, 'shift_manager': 'Laura Marshall'}
[2025-07-19T18:38:46.146+0000] {subprocess.py:93} INFO - [✓] Sent to feedback: {'feedback_id': 9885, 'branch_id': 101, 'customer_name': 'Andrew Anderson', 'phone_number': '001-474-332-9154x03537', 'feedback_text': 'Card shake must include.', 'rating': 5, 'dining_date': '2025-07-19', 'dining_time': '16:58', 'submission_time': '2025-07-19T18:38:42'}
[2025-07-19T18:38:46.146+0000] {subprocess.py:93} INFO - [✓] Sent to feedback: {'feedback_id': 2120, 'branch_id': 101, 'customer_name': 'Patrick Lopez', 'phone_number': '576-795-1644x8979', 'feedback_text': 'Do local some collection prove various.', 'rating': 3, 'dining_date': '2025-07-19', 'dining_time': '17:29', 'submission_time': '2025-07-19T18:38:42'}
[2025-07-19T18:38:46.147+0000] {subprocess.py:93} INFO - [✓] Sent to feedback: {'feedback_id': 8005, 'branch_id': 101, 'customer_name': 'Scott Walters', 'phone_number': '383.821.8765', 'feedback_text': 'Interesting factor myself in trial wait.', 'rating': 3, 'dining_date': '2025-07-19', 'dining_time': '17:36', 'submission_time': '2025-07-19T18:38:42'}
[2025-07-19T18:38:46.147+0000] {subprocess.py:93} INFO - ✅ All messages sent.
[2025-07-19T18:38:46.179+0000] {subprocess.py:97} INFO - Command exited with return code 0
[2025-07-19T18:38:46.195+0000] {taskinstance.py:1400} INFO - Marking task as SUCCESS. dag_id=restaurant_pipeline, task_id=send_to_kafka, execution_date=20250719T183600, start_date=20250719T183843, end_date=20250719T183846
[2025-07-19T18:38:46.226+0000] {local_task_job_runner.py:228} INFO - Task exited with return code 0
[2025-07-19T18:38:46.252+0000] {taskinstance.py:2778} INFO - 1 downstream tasks scheduled from follow-on schedule check
