[2025-07-18T15:42:02.037+0000] {taskinstance.py:1159} INFO - Dependencies all met for dep_context=non-requeueable deps ti=<TaskInstance: restaurant_pipeline.send_to_kafka scheduled__2025-07-18T15:40:00+00:00 [queued]>
[2025-07-18T15:42:02.043+0000] {taskinstance.py:1159} INFO - Dependencies all met for dep_context=requeueable deps ti=<TaskInstance: restaurant_pipeline.send_to_kafka scheduled__2025-07-18T15:40:00+00:00 [queued]>
[2025-07-18T15:42:02.043+0000] {taskinstance.py:1361} INFO - Starting attempt 1 of 1
[2025-07-18T15:42:02.051+0000] {taskinstance.py:1382} INFO - Executing <Task(BashOperator): send_to_kafka> on 2025-07-18 15:40:00+00:00
[2025-07-18T15:42:02.054+0000] {standard_task_runner.py:57} INFO - Started process 613 to run task
[2025-07-18T15:42:02.058+0000] {standard_task_runner.py:84} INFO - Running: ['***', 'tasks', 'run', 'restaurant_pipeline', 'send_to_kafka', 'scheduled__2025-07-18T15:40:00+00:00', '--job-id', '125', '--raw', '--subdir', 'DAGS_FOLDER/restaurant_pipeline.py', '--cfg-path', '/tmp/tmptgom3ywz']
[2025-07-18T15:42:02.060+0000] {standard_task_runner.py:85} INFO - Job 125: Subtask send_to_kafka
[2025-07-18T15:42:02.085+0000] {task_command.py:416} INFO - Running <TaskInstance: restaurant_pipeline.send_to_kafka scheduled__2025-07-18T15:40:00+00:00 [running]> on host 9bcfb43e0ab7
[2025-07-18T15:42:02.132+0000] {taskinstance.py:1662} INFO - Exporting env vars: AIRFLOW_CTX_DAG_OWNER='moran' AIRFLOW_CTX_DAG_ID='restaurant_pipeline' AIRFLOW_CTX_TASK_ID='send_to_kafka' AIRFLOW_CTX_EXECUTION_DATE='2025-07-18T15:40:00+00:00' AIRFLOW_CTX_TRY_NUMBER='1' AIRFLOW_CTX_DAG_RUN_ID='scheduled__2025-07-18T15:40:00+00:00'
[2025-07-18T15:42:02.133+0000] {subprocess.py:63} INFO - Tmp dir root location: /tmp
[2025-07-18T15:42:02.134+0000] {subprocess.py:75} INFO - Running command: ['/bin/bash', '-c', 'python /opt/streaming/producer.py']
[2025-07-18T15:42:02.140+0000] {subprocess.py:86} INFO - Output:
[2025-07-18T15:42:04.506+0000] {subprocess.py:93} INFO - [✓] Sent to reservations: {'reservation_id': 7604, 'branch_id': 102, 'customer_name': 'Chelsea Carson', 'phone_number': '+1-290-542-9398x1120', 'reservation_date': '2025-07-18', 'reservation_time': '16:48', 'guests_count': 7, 'is_confirmed': True}
[2025-07-18T15:42:04.509+0000] {subprocess.py:93} INFO - [✓] Sent to reservations: {'reservation_id': 2330, 'branch_id': 101, 'customer_name': 'Richard Scott', 'phone_number': '500.832.8433x17480', 'reservation_date': '2025-07-18', 'reservation_time': '16:19', 'guests_count': 5, 'is_confirmed': False}
[2025-07-18T15:42:04.510+0000] {subprocess.py:93} INFO - [✓] Sent to reservations: {'reservation_id': 9420, 'branch_id': 101, 'customer_name': 'Tony Gibson', 'phone_number': '+1-821-586-9418x8491', 'reservation_date': '2025-07-18', 'reservation_time': '16:55', 'guests_count': 8, 'is_confirmed': True}
[2025-07-18T15:42:04.511+0000] {subprocess.py:93} INFO - [✓] Sent to checkins: {'checkin_id': 9240, 'customer_name': 'Christopher Allen', 'phone_number': '+1-950-233-6748', 'branch_id': 102, 'table_id': 206, 'is_prebooked': False, 'checkin_date': '2025-07-18', 'checkin_time': '14:56', 'guests_count': 2, 'shift_manager': 'Elizabeth Schmitt'}
[2025-07-18T15:42:04.512+0000] {subprocess.py:93} INFO - [✓] Sent to checkins: {'checkin_id': 1932, 'customer_name': 'Shannon Allen', 'phone_number': '7058337040', 'branch_id': 101, 'table_id': 207, 'is_prebooked': False, 'checkin_date': '2025-07-18', 'checkin_time': '14:40', 'guests_count': 4, 'shift_manager': 'Holly Solis'}
[2025-07-18T15:42:04.513+0000] {subprocess.py:93} INFO - [✓] Sent to checkins: {'checkin_id': 9542, 'customer_name': 'Jordan Sullivan', 'phone_number': '803-246-5460x1262', 'branch_id': 102, 'table_id': 201, 'is_prebooked': True, 'checkin_date': '2025-07-18', 'checkin_time': '15:25', 'guests_count': 6, 'shift_manager': 'Alyssa Garner'}
[2025-07-18T15:42:04.515+0000] {subprocess.py:93} INFO - [✓] Sent to feedback: {'feedback_id': 4406, 'branch_id': 102, 'customer_name': 'Edward Bailey', 'phone_number': '998-652-0271x678', 'feedback_text': 'Require discuss painting lawyer leader.', 'rating': 2, 'dining_date': '2025-07-18', 'dining_time': '15:00', 'submission_time': '2025-07-18T15:42:01'}
[2025-07-18T15:42:04.518+0000] {subprocess.py:93} INFO - [✓] Sent to feedback: {'feedback_id': 7332, 'branch_id': 102, 'customer_name': 'Jessica Brown', 'phone_number': '(692)223-3486', 'feedback_text': 'Rock art simple could.', 'rating': 1, 'dining_date': '2025-07-18', 'dining_time': '15:17', 'submission_time': '2025-07-18T15:42:01'}
[2025-07-18T15:42:04.521+0000] {subprocess.py:93} INFO - [✓] Sent to feedback: {'feedback_id': 1009, 'branch_id': 102, 'customer_name': 'Emily Robertson', 'phone_number': '001-765-855-2574x20432', 'feedback_text': 'Professional occur hit sit civil.', 'rating': 1, 'dining_date': '2025-07-18', 'dining_time': '15:04', 'submission_time': '2025-07-18T15:42:01'}
[2025-07-18T15:42:04.521+0000] {subprocess.py:93} INFO - ✅ All messages sent.
[2025-07-18T15:42:04.566+0000] {subprocess.py:97} INFO - Command exited with return code 0
[2025-07-18T15:42:04.587+0000] {taskinstance.py:1400} INFO - Marking task as SUCCESS. dag_id=restaurant_pipeline, task_id=send_to_kafka, execution_date=20250718T154000, start_date=20250718T154202, end_date=20250718T154204
[2025-07-18T15:42:04.633+0000] {local_task_job_runner.py:228} INFO - Task exited with return code 0
[2025-07-18T15:42:04.668+0000] {taskinstance.py:2778} INFO - 1 downstream tasks scheduled from follow-on schedule check
