[2025-07-18T18:21:11.954+0000] {taskinstance.py:1159} INFO - Dependencies all met for dep_context=non-requeueable deps ti=<TaskInstance: restaurant_pipeline.bronze_to_silver scheduled__2025-07-18T18:18:00+00:00 [queued]>
[2025-07-18T18:21:11.959+0000] {taskinstance.py:1159} INFO - Dependencies all met for dep_context=requeueable deps ti=<TaskInstance: restaurant_pipeline.bronze_to_silver scheduled__2025-07-18T18:18:00+00:00 [queued]>
[2025-07-18T18:21:11.959+0000] {taskinstance.py:1361} INFO - Starting attempt 1 of 1
[2025-07-18T18:21:11.972+0000] {taskinstance.py:1382} INFO - Executing <Task(BashOperator): bronze_to_silver> on 2025-07-18 18:18:00+00:00
[2025-07-18T18:21:11.978+0000] {standard_task_runner.py:57} INFO - Started process 3159 to run task
[2025-07-18T18:21:11.984+0000] {standard_task_runner.py:84} INFO - Running: ['***', 'tasks', 'run', 'restaurant_pipeline', 'bronze_to_silver', 'scheduled__2025-07-18T18:18:00+00:00', '--job-id', '355', '--raw', '--subdir', 'DAGS_FOLDER/restaurant_pipeline.py', '--cfg-path', '/tmp/tmpdj6yxng9']
[2025-07-18T18:21:11.989+0000] {standard_task_runner.py:85} INFO - Job 355: Subtask bronze_to_silver
[2025-07-18T18:21:12.059+0000] {task_command.py:416} INFO - Running <TaskInstance: restaurant_pipeline.bronze_to_silver scheduled__2025-07-18T18:18:00+00:00 [running]> on host 9bcfb43e0ab7
[2025-07-18T18:21:12.110+0000] {taskinstance.py:1662} INFO - Exporting env vars: AIRFLOW_CTX_DAG_OWNER='moran' AIRFLOW_CTX_DAG_ID='restaurant_pipeline' AIRFLOW_CTX_TASK_ID='bronze_to_silver' AIRFLOW_CTX_EXECUTION_DATE='2025-07-18T18:18:00+00:00' AIRFLOW_CTX_TRY_NUMBER='1' AIRFLOW_CTX_DAG_RUN_ID='scheduled__2025-07-18T18:18:00+00:00'
[2025-07-18T18:21:12.111+0000] {subprocess.py:63} INFO - Tmp dir root location: /tmp
[2025-07-18T18:21:12.112+0000] {subprocess.py:75} INFO - Running command: ['/bin/bash', '-c', 'docker exec spark-iceberg spark-submit /home/iceberg/spark/bronze_to_silver.py']
[2025-07-18T18:21:12.118+0000] {subprocess.py:86} INFO - Output:
[2025-07-18T18:21:14.163+0000] {subprocess.py:93} INFO - 25/07/18 18:21:14 INFO SparkContext: Running Spark version 3.5.6
[2025-07-18T18:21:14.164+0000] {subprocess.py:93} INFO - 25/07/18 18:21:14 INFO SparkContext: OS info Linux, 6.10.14-linuxkit, aarch64
[2025-07-18T18:21:14.165+0000] {subprocess.py:93} INFO - 25/07/18 18:21:14 INFO SparkContext: Java version 17.0.15
[2025-07-18T18:21:14.177+0000] {subprocess.py:93} INFO - 25/07/18 18:21:14 INFO ResourceUtils: ==============================================================
[2025-07-18T18:21:14.178+0000] {subprocess.py:93} INFO - 25/07/18 18:21:14 INFO ResourceUtils: No custom resources configured for spark.driver.
[2025-07-18T18:21:14.178+0000] {subprocess.py:93} INFO - 25/07/18 18:21:14 INFO ResourceUtils: ==============================================================
[2025-07-18T18:21:14.178+0000] {subprocess.py:93} INFO - 25/07/18 18:21:14 INFO SparkContext: Submitted application: BronzeToSilver
[2025-07-18T18:21:14.186+0000] {subprocess.py:93} INFO - 25/07/18 18:21:14 INFO ResourceProfile: Default ResourceProfile created, executor resources: Map(cores -> name: cores, amount: 1, script: , vendor: , memory -> name: memory, amount: 1024, script: , vendor: , offHeap -> name: offHeap, amount: 0, script: , vendor: ), task resources: Map(cpus -> name: cpus, amount: 1.0)
[2025-07-18T18:21:14.191+0000] {subprocess.py:93} INFO - 25/07/18 18:21:14 INFO ResourceProfile: Limiting resource is cpu
[2025-07-18T18:21:14.191+0000] {subprocess.py:93} INFO - 25/07/18 18:21:14 INFO ResourceProfileManager: Added ResourceProfile id: 0
[2025-07-18T18:21:14.215+0000] {subprocess.py:93} INFO - 25/07/18 18:21:14 INFO SecurityManager: Changing view acls to: root,spark
[2025-07-18T18:21:14.215+0000] {subprocess.py:93} INFO - 25/07/18 18:21:14 INFO SecurityManager: Changing modify acls to: root,spark
[2025-07-18T18:21:14.215+0000] {subprocess.py:93} INFO - 25/07/18 18:21:14 INFO SecurityManager: Changing view acls groups to:
[2025-07-18T18:21:14.216+0000] {subprocess.py:93} INFO - 25/07/18 18:21:14 INFO SecurityManager: Changing modify acls groups to:
[2025-07-18T18:21:14.216+0000] {subprocess.py:93} INFO - 25/07/18 18:21:14 INFO SecurityManager: SecurityManager: authentication disabled; ui acls disabled; users with view permissions: root, spark; groups with view permissions: EMPTY; users with modify permissions: root, spark; groups with modify permissions: EMPTY
[2025-07-18T18:21:14.244+0000] {subprocess.py:93} INFO - 25/07/18 18:21:14 WARN NativeCodeLoader: Unable to load native-hadoop library for your platform... using builtin-java classes where applicable
[2025-07-18T18:21:14.396+0000] {subprocess.py:93} INFO - 25/07/18 18:21:14 INFO Utils: Successfully started service 'sparkDriver' on port 38713.
[2025-07-18T18:21:14.418+0000] {subprocess.py:93} INFO - 25/07/18 18:21:14 INFO SparkEnv: Registering MapOutputTracker
[2025-07-18T18:21:14.444+0000] {subprocess.py:93} INFO - 25/07/18 18:21:14 INFO SparkEnv: Registering BlockManagerMaster
[2025-07-18T18:21:14.465+0000] {subprocess.py:93} INFO - 25/07/18 18:21:14 INFO BlockManagerMasterEndpoint: Using org.apache.spark.storage.DefaultTopologyMapper for getting topology information
[2025-07-18T18:21:14.465+0000] {subprocess.py:93} INFO - 25/07/18 18:21:14 INFO BlockManagerMasterEndpoint: BlockManagerMasterEndpoint up
[2025-07-18T18:21:14.467+0000] {subprocess.py:93} INFO - 25/07/18 18:21:14 INFO SparkEnv: Registering BlockManagerMasterHeartbeat
[2025-07-18T18:21:14.485+0000] {subprocess.py:93} INFO - 25/07/18 18:21:14 INFO DiskBlockManager: Created local directory at /tmp/blockmgr-3a4e2055-db1d-4023-ae9e-8a3a9795e5e9
[2025-07-18T18:21:14.489+0000] {subprocess.py:93} INFO - 25/07/18 18:21:14 INFO MemoryStore: MemoryStore started with capacity 434.4 MiB
[2025-07-18T18:21:14.497+0000] {subprocess.py:93} INFO - 25/07/18 18:21:14 INFO SparkEnv: Registering OutputCommitCoordinator
[2025-07-18T18:21:14.562+0000] {subprocess.py:93} INFO - 25/07/18 18:21:14 INFO JettyUtils: Start Jetty 0.0.0.0:4040 for SparkUI
[2025-07-18T18:21:14.599+0000] {subprocess.py:93} INFO - 25/07/18 18:21:14 INFO Utils: Successfully started service 'SparkUI' on port 4040.
[2025-07-18T18:21:14.649+0000] {subprocess.py:93} INFO - 25/07/18 18:21:14 INFO Executor: Starting executor ID driver on host 77cb57a6bd53
[2025-07-18T18:21:14.649+0000] {subprocess.py:93} INFO - 25/07/18 18:21:14 INFO Executor: OS info Linux, 6.10.14-linuxkit, aarch64
[2025-07-18T18:21:14.649+0000] {subprocess.py:93} INFO - 25/07/18 18:21:14 INFO Executor: Java version 17.0.15
[2025-07-18T18:21:14.652+0000] {subprocess.py:93} INFO - 25/07/18 18:21:14 INFO Executor: Starting executor with user classpath (userClassPathFirst = false): ''
[2025-07-18T18:21:14.653+0000] {subprocess.py:93} INFO - 25/07/18 18:21:14 INFO Executor: Created or updated repl class loader org.apache.spark.util.MutableURLClassLoader@73c60fa4 for default.
[2025-07-18T18:21:14.662+0000] {subprocess.py:93} INFO - 25/07/18 18:21:14 INFO Utils: Successfully started service 'org.apache.spark.network.netty.NettyBlockTransferService' on port 40011.
[2025-07-18T18:21:14.663+0000] {subprocess.py:93} INFO - 25/07/18 18:21:14 INFO NettyBlockTransferService: Server created on 77cb57a6bd53:40011
[2025-07-18T18:21:14.663+0000] {subprocess.py:93} INFO - 25/07/18 18:21:14 INFO BlockManager: Using org.apache.spark.storage.RandomBlockReplicationPolicy for block replication policy
[2025-07-18T18:21:14.669+0000] {subprocess.py:93} INFO - 25/07/18 18:21:14 INFO BlockManagerMaster: Registering BlockManager BlockManagerId(driver, 77cb57a6bd53, 40011, None)
[2025-07-18T18:21:14.671+0000] {subprocess.py:93} INFO - 25/07/18 18:21:14 INFO BlockManagerMasterEndpoint: Registering block manager 77cb57a6bd53:40011 with 434.4 MiB RAM, BlockManagerId(driver, 77cb57a6bd53, 40011, None)
[2025-07-18T18:21:14.675+0000] {subprocess.py:93} INFO - 25/07/18 18:21:14 INFO BlockManagerMaster: Registered BlockManager BlockManagerId(driver, 77cb57a6bd53, 40011, None)
[2025-07-18T18:21:14.676+0000] {subprocess.py:93} INFO - 25/07/18 18:21:14 INFO BlockManager: Initialized BlockManager: BlockManagerId(driver, 77cb57a6bd53, 40011, None)
[2025-07-18T18:21:14.910+0000] {subprocess.py:93} INFO - 25/07/18 18:21:14 INFO SharedState: Setting hive.metastore.warehouse.dir ('null') to the value of spark.sql.warehouse.dir.
[2025-07-18T18:21:14.914+0000] {subprocess.py:93} INFO - 25/07/18 18:21:14 INFO SharedState: Warehouse path is 'file:/app/spark-warehouse'.
[2025-07-18T18:21:15.532+0000] {subprocess.py:93} INFO - 25/07/18 18:21:15 WARN MetricsConfig: Cannot locate configuration: tried hadoop-metrics2-s3a-file-system.properties,hadoop-metrics2.properties
[2025-07-18T18:21:15.538+0000] {subprocess.py:93} INFO - 25/07/18 18:21:15 INFO MetricsSystemImpl: Scheduled Metric snapshot period at 10 second(s).
[2025-07-18T18:21:15.538+0000] {subprocess.py:93} INFO - 25/07/18 18:21:15 INFO MetricsSystemImpl: s3a-file-system metrics system started
[2025-07-18T18:21:16.268+0000] {subprocess.py:93} INFO - 25/07/18 18:21:16 INFO BaseMetastoreCatalog: Table loaded by catalog: my_catalog.bronze.Reservations_raw
[2025-07-18T18:21:16.613+0000] {subprocess.py:93} INFO - 25/07/18 18:21:16 INFO BaseMetastoreCatalog: Table loaded by catalog: my_catalog.bronze.Checkins_raw
[2025-07-18T18:21:16.755+0000] {subprocess.py:93} INFO - 25/07/18 18:21:16 INFO BaseMetastoreCatalog: Table loaded by catalog: my_catalog.bronze.Feedback_raw
[2025-07-18T18:21:17.319+0000] {subprocess.py:93} INFO - Traceback (most recent call last):
[2025-07-18T18:21:17.320+0000] {subprocess.py:93} INFO -   File "/home/iceberg/spark/bronze_to_silver.py", line 45, in <module>
[2025-07-18T18:21:17.321+0000] {subprocess.py:93} INFO -     customers_df.write.format("iceberg").mode("overwrite").save(customers_table)
[2025-07-18T18:21:17.321+0000] {subprocess.py:93} INFO -   File "/opt/bitnami/spark/python/lib/pyspark.zip/pyspark/sql/readwriter.py", line 1463, in save
[2025-07-18T18:21:17.321+0000] {subprocess.py:93} INFO -   File "/opt/bitnami/spark/python/lib/py4j-0.10.9.7-src.zip/py4j/java_gateway.py", line 1322, in __call__
[2025-07-18T18:21:17.321+0000] {subprocess.py:93} INFO -   File "/opt/bitnami/spark/python/lib/pyspark.zip/pyspark/errors/exceptions/captured.py", line 185, in deco
[2025-07-18T18:21:17.325+0000] {subprocess.py:93} INFO - pyspark.errors.exceptions.captured.AnalysisException: [TABLE_OR_VIEW_NOT_FOUND] The table or view silver.customers cannot be found. Verify the spelling and correctness of the schema and catalog.
[2025-07-18T18:21:17.327+0000] {subprocess.py:93} INFO - If you did not qualify the name with a schema, verify the current_schema() output, or qualify the name with the correct schema and catalog.
[2025-07-18T18:21:17.327+0000] {subprocess.py:93} INFO - To tolerate the error on drop use DROP VIEW IF EXISTS or DROP TABLE IF EXISTS.
[2025-07-18T18:21:17.347+0000] {subprocess.py:93} INFO - 25/07/18 18:21:17 INFO SparkContext: Invoking stop() from shutdown hook
[2025-07-18T18:21:17.347+0000] {subprocess.py:93} INFO - 25/07/18 18:21:17 INFO SparkContext: SparkContext is stopping with exitCode 0.
[2025-07-18T18:21:17.354+0000] {subprocess.py:93} INFO - 25/07/18 18:21:17 INFO SparkUI: Stopped Spark web UI at http://77cb57a6bd53:4040
[2025-07-18T18:21:17.362+0000] {subprocess.py:93} INFO - 25/07/18 18:21:17 INFO MapOutputTrackerMasterEndpoint: MapOutputTrackerMasterEndpoint stopped!
[2025-07-18T18:21:17.371+0000] {subprocess.py:93} INFO - 25/07/18 18:21:17 INFO MemoryStore: MemoryStore cleared
[2025-07-18T18:21:17.372+0000] {subprocess.py:93} INFO - 25/07/18 18:21:17 INFO BlockManager: BlockManager stopped
[2025-07-18T18:21:17.373+0000] {subprocess.py:93} INFO - 25/07/18 18:21:17 INFO BlockManagerMaster: BlockManagerMaster stopped
[2025-07-18T18:21:17.374+0000] {subprocess.py:93} INFO - 25/07/18 18:21:17 INFO OutputCommitCoordinator$OutputCommitCoordinatorEndpoint: OutputCommitCoordinator stopped!
[2025-07-18T18:21:17.379+0000] {subprocess.py:93} INFO - 25/07/18 18:21:17 INFO SparkContext: Successfully stopped SparkContext
[2025-07-18T18:21:17.380+0000] {subprocess.py:93} INFO - 25/07/18 18:21:17 INFO ShutdownHookManager: Shutdown hook called
[2025-07-18T18:21:17.380+0000] {subprocess.py:93} INFO - 25/07/18 18:21:17 INFO ShutdownHookManager: Deleting directory /tmp/spark-5251689d-dc8f-465b-80d4-11db1bb8bf45
[2025-07-18T18:21:17.382+0000] {subprocess.py:93} INFO - 25/07/18 18:21:17 INFO ShutdownHookManager: Deleting directory /tmp/spark-2b37a742-107d-4c3b-97a2-896ed428ab34/pyspark-292a1029-2c74-4d5e-9b67-5d0f1ca567b8
[2025-07-18T18:21:17.384+0000] {subprocess.py:93} INFO - 25/07/18 18:21:17 INFO ShutdownHookManager: Deleting directory /tmp/spark-2b37a742-107d-4c3b-97a2-896ed428ab34
[2025-07-18T18:21:17.386+0000] {subprocess.py:93} INFO - 25/07/18 18:21:17 INFO MetricsSystemImpl: Stopping s3a-file-system metrics system...
[2025-07-18T18:21:17.387+0000] {subprocess.py:93} INFO - 25/07/18 18:21:17 INFO MetricsSystemImpl: s3a-file-system metrics system stopped.
[2025-07-18T18:21:17.387+0000] {subprocess.py:93} INFO - 25/07/18 18:21:17 INFO MetricsSystemImpl: s3a-file-system metrics system shutdown complete.
[2025-07-18T18:21:17.416+0000] {subprocess.py:97} INFO - Command exited with return code 1
[2025-07-18T18:21:17.429+0000] {taskinstance.py:1937} ERROR - Task failed with exception
Traceback (most recent call last):
  File "/home/airflow/.local/lib/python3.8/site-packages/airflow/operators/bash.py", line 210, in execute
    raise AirflowException(
airflow.exceptions.AirflowException: Bash command failed. The command returned a non-zero exit code 1.
[2025-07-18T18:21:17.431+0000] {taskinstance.py:1400} INFO - Marking task as FAILED. dag_id=restaurant_pipeline, task_id=bronze_to_silver, execution_date=20250718T181800, start_date=20250718T182111, end_date=20250718T182117
[2025-07-18T18:21:17.441+0000] {standard_task_runner.py:104} ERROR - Failed to execute job 355 for task bronze_to_silver (Bash command failed. The command returned a non-zero exit code 1.; 3159)
[2025-07-18T18:21:17.474+0000] {local_task_job_runner.py:228} INFO - Task exited with return code 1
[2025-07-18T18:21:17.499+0000] {taskinstance.py:2778} INFO - 0 downstream tasks scheduled from follow-on schedule check
