[2025-07-19T20:17:25.258+0000] {taskinstance.py:1159} INFO - Dependencies all met for dep_context=non-requeueable deps ti=<TaskInstance: restaurant_pipeline.send_to_kafka scheduled__2025-07-19T20:14:00+00:00 [queued]>
[2025-07-19T20:17:25.262+0000] {taskinstance.py:1159} INFO - Dependencies all met for dep_context=requeueable deps ti=<TaskInstance: restaurant_pipeline.send_to_kafka scheduled__2025-07-19T20:14:00+00:00 [queued]>
[2025-07-19T20:17:25.262+0000] {taskinstance.py:1361} INFO - Starting attempt 1 of 1
[2025-07-19T20:17:25.268+0000] {taskinstance.py:1382} INFO - Executing <Task(BashOperator): send_to_kafka> on 2025-07-19 20:14:00+00:00
[2025-07-19T20:17:25.270+0000] {standard_task_runner.py:57} INFO - Started process 3250 to run task
[2025-07-19T20:17:25.273+0000] {standard_task_runner.py:84} INFO - Running: ['***', 'tasks', 'run', 'restaurant_pipeline', 'send_to_kafka', 'scheduled__2025-07-19T20:14:00+00:00', '--job-id', '1174', '--raw', '--subdir', 'DAGS_FOLDER/restaurant_pipeline.py', '--cfg-path', '/tmp/tmp8kzk7h17']
[2025-07-19T20:17:25.274+0000] {standard_task_runner.py:85} INFO - Job 1174: Subtask send_to_kafka
[2025-07-19T20:17:25.298+0000] {task_command.py:416} INFO - Running <TaskInstance: restaurant_pipeline.send_to_kafka scheduled__2025-07-19T20:14:00+00:00 [running]> on host e3f5d8fc4eef
[2025-07-19T20:17:25.336+0000] {taskinstance.py:1662} INFO - Exporting env vars: AIRFLOW_CTX_DAG_OWNER='moran' AIRFLOW_CTX_DAG_ID='restaurant_pipeline' AIRFLOW_CTX_TASK_ID='send_to_kafka' AIRFLOW_CTX_EXECUTION_DATE='2025-07-19T20:14:00+00:00' AIRFLOW_CTX_TRY_NUMBER='1' AIRFLOW_CTX_DAG_RUN_ID='scheduled__2025-07-19T20:14:00+00:00'
[2025-07-19T20:17:25.336+0000] {subprocess.py:63} INFO - Tmp dir root location: /tmp
[2025-07-19T20:17:25.337+0000] {subprocess.py:75} INFO - Running command: ['/bin/bash', '-c', 'python /opt/streaming/producer.py']
[2025-07-19T20:17:25.341+0000] {subprocess.py:86} INFO - Output:
[2025-07-19T20:17:27.618+0000] {subprocess.py:93} INFO - [✓] Sent to reservations: {'reservation_id': 3555, 'branch_id': 102, 'customer_name': 'Paul Shields', 'phone_number': '(693)354-7028', 'reservation_date': '2025-07-19', 'reservation_time': '21:14', 'guests_count': 6, 'is_confirmed': False}
[2025-07-19T20:17:27.619+0000] {subprocess.py:93} INFO - [✓] Sent to reservations: {'reservation_id': 4314, 'branch_id': 101, 'customer_name': 'Steven Butler', 'phone_number': '(548)364-3102x83190', 'reservation_date': '2025-07-19', 'reservation_time': '21:34', 'guests_count': 4, 'is_confirmed': True}
[2025-07-19T20:17:27.619+0000] {subprocess.py:93} INFO - [✓] Sent to reservations: {'reservation_id': 1722, 'branch_id': 102, 'customer_name': 'Judy Nguyen', 'phone_number': '959.639.0615x535', 'reservation_date': '2025-07-19', 'reservation_time': '22:14', 'guests_count': 2, 'is_confirmed': False}
[2025-07-19T20:17:27.620+0000] {subprocess.py:93} INFO - [✓] Sent to checkins: {'checkin_id': 2237, 'customer_name': 'Jasmine Greene', 'phone_number': '538.740.2842x359', 'branch_id': 101, 'table_id': 201, 'is_prebooked': True, 'checkin_date': '2025-07-19', 'checkin_time': '19:44', 'guests_count': 2, 'shift_manager': 'Stacey Murphy'}
[2025-07-19T20:17:27.620+0000] {subprocess.py:93} INFO - [✓] Sent to checkins: {'checkin_id': 9539, 'customer_name': 'Brian Horton', 'phone_number': '(383)471-1040', 'branch_id': 102, 'table_id': 203, 'is_prebooked': True, 'checkin_date': '2025-07-19', 'checkin_time': '19:22', 'guests_count': 5, 'shift_manager': 'Richard Clark'}
[2025-07-19T20:17:27.620+0000] {subprocess.py:93} INFO - [✓] Sent to checkins: {'checkin_id': 7048, 'customer_name': 'Jennifer Craig', 'phone_number': '(421)936-6154x664', 'branch_id': 102, 'table_id': 207, 'is_prebooked': True, 'checkin_date': '2025-07-19', 'checkin_time': '18:49', 'guests_count': 2, 'shift_manager': 'Amanda Lane'}
[2025-07-19T20:17:27.621+0000] {subprocess.py:93} INFO - [✓] Sent to feedback: {'feedback_id': 7976, 'branch_id': 102, 'customer_name': 'Taylor Reed', 'phone_number': '936.835.1853x7322', 'feedback_text': 'Practice animal baby expert deal.', 'rating': 5, 'dining_date': '2025-07-19', 'dining_time': '19:08', 'submission_time': '2025-07-19T20:17:24'}
[2025-07-19T20:17:27.621+0000] {subprocess.py:93} INFO - [✓] Sent to feedback: {'feedback_id': 1884, 'branch_id': 102, 'customer_name': 'Heather Perez', 'phone_number': '(896)484-4079x450', 'feedback_text': 'Allow entire another and safe than.', 'rating': 5, 'dining_date': '2025-07-19', 'dining_time': '19:23', 'submission_time': '2025-07-19T20:17:24'}
[2025-07-19T20:17:27.622+0000] {subprocess.py:93} INFO - [✓] Sent to feedback: {'feedback_id': 1639, 'branch_id': 101, 'customer_name': 'Rebecca Knox', 'phone_number': '+1-727-552-1353x510', 'feedback_text': 'Thought produce degree message contain.', 'rating': 2, 'dining_date': '2025-07-19', 'dining_time': '19:51', 'submission_time': '2025-07-19T20:17:24'}
[2025-07-19T20:17:27.622+0000] {subprocess.py:93} INFO - ✅ All messages sent.
[2025-07-19T20:17:27.666+0000] {subprocess.py:97} INFO - Command exited with return code 0
[2025-07-19T20:17:27.684+0000] {taskinstance.py:1400} INFO - Marking task as SUCCESS. dag_id=restaurant_pipeline, task_id=send_to_kafka, execution_date=20250719T201400, start_date=20250719T201725, end_date=20250719T201727
[2025-07-19T20:17:27.696+0000] {local_task_job_runner.py:228} INFO - Task exited with return code 0
[2025-07-19T20:17:27.721+0000] {taskinstance.py:2778} INFO - 1 downstream tasks scheduled from follow-on schedule check
