[2025-07-18T15:50:04.503+0000] {taskinstance.py:1159} INFO - Dependencies all met for dep_context=non-requeueable deps ti=<TaskInstance: restaurant_pipeline.stream_to_bronze scheduled__2025-07-18T15:48:00+00:00 [queued]>
[2025-07-18T15:50:04.507+0000] {taskinstance.py:1159} INFO - Dependencies all met for dep_context=requeueable deps ti=<TaskInstance: restaurant_pipeline.stream_to_bronze scheduled__2025-07-18T15:48:00+00:00 [queued]>
[2025-07-18T15:50:04.507+0000] {taskinstance.py:1361} INFO - Starting attempt 1 of 1
[2025-07-18T15:50:04.513+0000] {taskinstance.py:1382} INFO - Executing <Task(BashOperator): stream_to_bronze> on 2025-07-18 15:48:00+00:00
[2025-07-18T15:50:04.515+0000] {standard_task_runner.py:57} INFO - Started process 766 to run task
[2025-07-18T15:50:04.517+0000] {standard_task_runner.py:84} INFO - Running: ['***', 'tasks', 'run', 'restaurant_pipeline', 'stream_to_bronze', 'scheduled__2025-07-18T15:48:00+00:00', '--job-id', '138', '--raw', '--subdir', 'DAGS_FOLDER/restaurant_pipeline.py', '--cfg-path', '/tmp/tmp5542arrx']
[2025-07-18T15:50:04.518+0000] {standard_task_runner.py:85} INFO - Job 138: Subtask stream_to_bronze
[2025-07-18T15:50:04.542+0000] {task_command.py:416} INFO - Running <TaskInstance: restaurant_pipeline.stream_to_bronze scheduled__2025-07-18T15:48:00+00:00 [running]> on host 9bcfb43e0ab7
[2025-07-18T15:50:04.577+0000] {taskinstance.py:1662} INFO - Exporting env vars: AIRFLOW_CTX_DAG_OWNER='moran' AIRFLOW_CTX_DAG_ID='restaurant_pipeline' AIRFLOW_CTX_TASK_ID='stream_to_bronze' AIRFLOW_CTX_EXECUTION_DATE='2025-07-18T15:48:00+00:00' AIRFLOW_CTX_TRY_NUMBER='1' AIRFLOW_CTX_DAG_RUN_ID='scheduled__2025-07-18T15:48:00+00:00'
[2025-07-18T15:50:04.578+0000] {subprocess.py:63} INFO - Tmp dir root location: /tmp
[2025-07-18T15:50:04.578+0000] {subprocess.py:75} INFO - Running command: ['/bin/bash', '-c', 'docker exec spark-iceberg spark-submit /home/iceberg/spark/stream_to_bronze.py']
[2025-07-18T15:50:04.583+0000] {subprocess.py:86} INFO - Output:
[2025-07-18T15:50:06.005+0000] {subprocess.py:93} INFO - 25/07/18 15:50:06 INFO SparkContext: Running Spark version 3.5.6
[2025-07-18T15:50:06.006+0000] {subprocess.py:93} INFO - 25/07/18 15:50:06 INFO SparkContext: OS info Linux, 6.10.14-linuxkit, aarch64
[2025-07-18T15:50:06.007+0000] {subprocess.py:93} INFO - 25/07/18 15:50:06 INFO SparkContext: Java version 17.0.15
[2025-07-18T15:50:06.025+0000] {subprocess.py:93} INFO - 25/07/18 15:50:06 INFO ResourceUtils: ==============================================================
[2025-07-18T15:50:06.026+0000] {subprocess.py:93} INFO - 25/07/18 15:50:06 INFO ResourceUtils: No custom resources configured for spark.driver.
[2025-07-18T15:50:06.026+0000] {subprocess.py:93} INFO - 25/07/18 15:50:06 INFO ResourceUtils: ==============================================================
[2025-07-18T15:50:06.026+0000] {subprocess.py:93} INFO - 25/07/18 15:50:06 INFO SparkContext: Submitted application: StreamToBronze
[2025-07-18T15:50:06.043+0000] {subprocess.py:93} INFO - 25/07/18 15:50:06 INFO ResourceProfile: Default ResourceProfile created, executor resources: Map(cores -> name: cores, amount: 1, script: , vendor: , memory -> name: memory, amount: 1024, script: , vendor: , offHeap -> name: offHeap, amount: 0, script: , vendor: ), task resources: Map(cpus -> name: cpus, amount: 1.0)
[2025-07-18T15:50:06.044+0000] {subprocess.py:93} INFO - 25/07/18 15:50:06 INFO ResourceProfile: Limiting resource is cpu
[2025-07-18T15:50:06.044+0000] {subprocess.py:93} INFO - 25/07/18 15:50:06 INFO ResourceProfileManager: Added ResourceProfile id: 0
[2025-07-18T15:50:06.081+0000] {subprocess.py:93} INFO - 25/07/18 15:50:06 INFO SecurityManager: Changing view acls to: root,spark
[2025-07-18T15:50:06.082+0000] {subprocess.py:93} INFO - 25/07/18 15:50:06 INFO SecurityManager: Changing modify acls to: root,spark
[2025-07-18T15:50:06.086+0000] {subprocess.py:93} INFO - 25/07/18 15:50:06 INFO SecurityManager: Changing view acls groups to:
[2025-07-18T15:50:06.086+0000] {subprocess.py:93} INFO - 25/07/18 15:50:06 INFO SecurityManager: Changing modify acls groups to:
[2025-07-18T15:50:06.087+0000] {subprocess.py:93} INFO - 25/07/18 15:50:06 INFO SecurityManager: SecurityManager: authentication disabled; ui acls disabled; users with view permissions: root, spark; groups with view permissions: EMPTY; users with modify permissions: root, spark; groups with modify permissions: EMPTY
[2025-07-18T15:50:06.128+0000] {subprocess.py:93} INFO - 25/07/18 15:50:06 WARN NativeCodeLoader: Unable to load native-hadoop library for your platform... using builtin-java classes where applicable
[2025-07-18T15:50:06.353+0000] {subprocess.py:93} INFO - 25/07/18 15:50:06 INFO Utils: Successfully started service 'sparkDriver' on port 35107.
[2025-07-18T15:50:06.377+0000] {subprocess.py:93} INFO - 25/07/18 15:50:06 INFO SparkEnv: Registering MapOutputTracker
[2025-07-18T15:50:06.401+0000] {subprocess.py:93} INFO - 25/07/18 15:50:06 INFO SparkEnv: Registering BlockManagerMaster
[2025-07-18T15:50:06.417+0000] {subprocess.py:93} INFO - 25/07/18 15:50:06 INFO BlockManagerMasterEndpoint: Using org.apache.spark.storage.DefaultTopologyMapper for getting topology information
[2025-07-18T15:50:06.417+0000] {subprocess.py:93} INFO - 25/07/18 15:50:06 INFO BlockManagerMasterEndpoint: BlockManagerMasterEndpoint up
[2025-07-18T15:50:06.421+0000] {subprocess.py:93} INFO - 25/07/18 15:50:06 INFO SparkEnv: Registering BlockManagerMasterHeartbeat
[2025-07-18T15:50:06.440+0000] {subprocess.py:93} INFO - 25/07/18 15:50:06 INFO DiskBlockManager: Created local directory at /tmp/blockmgr-b122c1c3-9966-4f1d-ad0d-55abd92e8ef4
[2025-07-18T15:50:06.455+0000] {subprocess.py:93} INFO - 25/07/18 15:50:06 INFO MemoryStore: MemoryStore started with capacity 434.4 MiB
[2025-07-18T15:50:06.477+0000] {subprocess.py:93} INFO - 25/07/18 15:50:06 INFO SparkEnv: Registering OutputCommitCoordinator
[2025-07-18T15:50:06.584+0000] {subprocess.py:93} INFO - 25/07/18 15:50:06 INFO JettyUtils: Start Jetty 0.0.0.0:4040 for SparkUI
[2025-07-18T15:50:06.638+0000] {subprocess.py:93} INFO - 25/07/18 15:50:06 WARN Utils: Service 'SparkUI' could not bind on port 4040. Attempting port 4041.
[2025-07-18T15:50:06.643+0000] {subprocess.py:93} INFO - 25/07/18 15:50:06 INFO Utils: Successfully started service 'SparkUI' on port 4041.
[2025-07-18T15:50:06.733+0000] {subprocess.py:93} INFO - 25/07/18 15:50:06 INFO Executor: Starting executor ID driver on host 77cb57a6bd53
[2025-07-18T15:50:06.733+0000] {subprocess.py:93} INFO - 25/07/18 15:50:06 INFO Executor: OS info Linux, 6.10.14-linuxkit, aarch64
[2025-07-18T15:50:06.733+0000] {subprocess.py:93} INFO - 25/07/18 15:50:06 INFO Executor: Java version 17.0.15
[2025-07-18T15:50:06.738+0000] {subprocess.py:93} INFO - 25/07/18 15:50:06 INFO Executor: Starting executor with user classpath (userClassPathFirst = false): ''
[2025-07-18T15:50:06.738+0000] {subprocess.py:93} INFO - 25/07/18 15:50:06 INFO Executor: Created or updated repl class loader org.apache.spark.util.MutableURLClassLoader@26b94168 for default.
[2025-07-18T15:50:06.753+0000] {subprocess.py:93} INFO - 25/07/18 15:50:06 INFO Utils: Successfully started service 'org.apache.spark.network.netty.NettyBlockTransferService' on port 36839.
[2025-07-18T15:50:06.754+0000] {subprocess.py:93} INFO - 25/07/18 15:50:06 INFO NettyBlockTransferService: Server created on 77cb57a6bd53:36839
[2025-07-18T15:50:06.754+0000] {subprocess.py:93} INFO - 25/07/18 15:50:06 INFO BlockManager: Using org.apache.spark.storage.RandomBlockReplicationPolicy for block replication policy
[2025-07-18T15:50:06.764+0000] {subprocess.py:93} INFO - 25/07/18 15:50:06 INFO BlockManagerMaster: Registering BlockManager BlockManagerId(driver, 77cb57a6bd53, 36839, None)
[2025-07-18T15:50:06.769+0000] {subprocess.py:93} INFO - 25/07/18 15:50:06 INFO BlockManagerMasterEndpoint: Registering block manager 77cb57a6bd53:36839 with 434.4 MiB RAM, BlockManagerId(driver, 77cb57a6bd53, 36839, None)
[2025-07-18T15:50:06.770+0000] {subprocess.py:93} INFO - 25/07/18 15:50:06 INFO BlockManagerMaster: Registered BlockManager BlockManagerId(driver, 77cb57a6bd53, 36839, None)
[2025-07-18T15:50:06.771+0000] {subprocess.py:93} INFO - 25/07/18 15:50:06 INFO BlockManager: Initialized BlockManager: BlockManagerId(driver, 77cb57a6bd53, 36839, None)
[2025-07-18T15:50:06.986+0000] {subprocess.py:93} INFO - 25/07/18 15:50:06 INFO SharedState: Setting hive.metastore.warehouse.dir ('null') to the value of spark.sql.warehouse.dir.
[2025-07-18T15:50:06.996+0000] {subprocess.py:93} INFO - 25/07/18 15:50:06 INFO SharedState: Warehouse path is 'file:/app/spark-warehouse'.
[2025-07-18T15:50:07.931+0000] {subprocess.py:93} INFO - 25/07/18 15:50:07 WARN MetricsConfig: Cannot locate configuration: tried hadoop-metrics2-s3a-file-system.properties,hadoop-metrics2.properties
[2025-07-18T15:50:07.936+0000] {subprocess.py:93} INFO - 25/07/18 15:50:07 INFO MetricsSystemImpl: Scheduled Metric snapshot period at 10 second(s).
[2025-07-18T15:50:07.937+0000] {subprocess.py:93} INFO - 25/07/18 15:50:07 INFO MetricsSystemImpl: s3a-file-system metrics system started
[2025-07-18T15:50:08.536+0000] {subprocess.py:93} INFO - 25/07/18 15:50:08 INFO BaseMetastoreCatalog: Table loaded by catalog: my_catalog.bronze.Reservations_raw
[2025-07-18T15:50:08.549+0000] {subprocess.py:93} INFO - 25/07/18 15:50:08 INFO StateStoreCoordinatorRef: Registered StateStoreCoordinator endpoint
[2025-07-18T15:50:08.574+0000] {subprocess.py:93} INFO - 25/07/18 15:50:08 INFO ResolveWriteToStream: Checkpoint root /tmp/checkpoints/reservations resolved to file:/tmp/checkpoints/reservations.
[2025-07-18T15:50:08.575+0000] {subprocess.py:93} INFO - 25/07/18 15:50:08 WARN ResolveWriteToStream: spark.sql.adaptive.enabled is not supported in streaming DataFrames/Datasets and will be disabled.
[2025-07-18T15:50:08.645+0000] {subprocess.py:93} INFO - 25/07/18 15:50:08 INFO MicroBatchExecution: Starting [id = 0314df7c-5598-4928-8d91-374ee67989d1, runId = d4b40eda-2667-4669-b6d1-8c97b348a08f]. Use file:/tmp/checkpoints/reservations to store the query checkpoint.
[2025-07-18T15:50:08.651+0000] {subprocess.py:93} INFO - 25/07/18 15:50:08 INFO MicroBatchExecution: Reading table [org.apache.spark.sql.kafka010.KafkaSourceProvider$KafkaTable@75c09316] from DataSourceV2 named 'kafka' [org.apache.spark.sql.kafka010.KafkaSourceProvider@40b73c6c]
[2025-07-18T15:50:08.681+0000] {subprocess.py:93} INFO - 25/07/18 15:50:08 INFO OffsetSeqLog: BatchIds found from listing: 0, 1, 2, 3, 4, 5, 6, 7, 8, 9, 10, 11, 12, 13, 14, 15, 16, 17, 18, 19, 20, 21, 22, 23, 24, 25, 26, 27, 28, 29, 30
[2025-07-18T15:50:08.688+0000] {subprocess.py:93} INFO - 25/07/18 15:50:08 INFO OffsetSeqLog: Getting latest batch 30
[2025-07-18T15:50:08.707+0000] {subprocess.py:93} INFO - 25/07/18 15:50:08 INFO OffsetSeqLog: BatchIds found from listing: 0, 1, 2, 3, 4, 5, 6, 7, 8, 9, 10, 11, 12, 13, 14, 15, 16, 17, 18, 19, 20, 21, 22, 23, 24, 25, 26, 27, 28, 29, 30
[2025-07-18T15:50:08.708+0000] {subprocess.py:93} INFO - 25/07/18 15:50:08 INFO OffsetSeqLog: Getting latest batch 30
[2025-07-18T15:50:08.716+0000] {subprocess.py:93} INFO - 25/07/18 15:50:08 INFO CommitLog: BatchIds found from listing: 0, 1, 2, 3, 4, 5, 6, 7, 8, 9, 10, 11, 12, 13, 14, 15, 16, 17, 18, 19, 20, 21, 22, 23, 24, 25, 26, 27, 28, 29, 30
[2025-07-18T15:50:08.717+0000] {subprocess.py:93} INFO - 25/07/18 15:50:08 INFO CommitLog: Getting latest batch 30
[2025-07-18T15:50:08.719+0000] {subprocess.py:93} INFO - 25/07/18 15:50:08 INFO MicroBatchExecution: Resuming at batch 31 with committed offsets {KafkaV2[Subscribe[reservations]]: {"reservations":{"0":81}}} and available offsets {KafkaV2[Subscribe[reservations]]: {"reservations":{"0":81}}}
[2025-07-18T15:50:08.720+0000] {subprocess.py:93} INFO - 25/07/18 15:50:08 INFO MicroBatchExecution: Stream started from {KafkaV2[Subscribe[reservations]]: {"reservations":{"0":81}}}
[2025-07-18T15:50:08.729+0000] {subprocess.py:93} INFO - 25/07/18 15:50:08 INFO BaseMetastoreCatalog: Table loaded by catalog: my_catalog.bronze.Checkins_raw
[2025-07-18T15:50:08.733+0000] {subprocess.py:93} INFO - 25/07/18 15:50:08 INFO ResolveWriteToStream: Checkpoint root /tmp/checkpoints/checkins resolved to file:/tmp/checkpoints/checkins.
[2025-07-18T15:50:08.733+0000] {subprocess.py:93} INFO - 25/07/18 15:50:08 WARN ResolveWriteToStream: spark.sql.adaptive.enabled is not supported in streaming DataFrames/Datasets and will be disabled.
[2025-07-18T15:50:08.739+0000] {subprocess.py:93} INFO - 25/07/18 15:50:08 INFO MicroBatchExecution: Starting [id = a9a9b3af-d3c2-4704-81e0-4163831ae683, runId = e9e9b004-5846-41f6-ba04-383aebb2dfe6]. Use file:/tmp/checkpoints/checkins to store the query checkpoint.
[2025-07-18T15:50:08.740+0000] {subprocess.py:93} INFO - 25/07/18 15:50:08 INFO MicroBatchExecution: Reading table [org.apache.spark.sql.kafka010.KafkaSourceProvider$KafkaTable@4b0537eb] from DataSourceV2 named 'kafka' [org.apache.spark.sql.kafka010.KafkaSourceProvider@45c2c123]
[2025-07-18T15:50:08.746+0000] {subprocess.py:93} INFO - 25/07/18 15:50:08 INFO OffsetSeqLog: BatchIds found from listing: 0, 1, 2, 3, 4, 5, 6, 7, 8, 9, 10, 11, 12, 13, 14, 15, 16, 17, 18, 19, 20, 21, 22, 23, 24, 25, 26, 27, 28, 29, 30, 31, 32, 33, 34
[2025-07-18T15:50:08.747+0000] {subprocess.py:93} INFO - 25/07/18 15:50:08 INFO OffsetSeqLog: Getting latest batch 34
[2025-07-18T15:50:08.748+0000] {subprocess.py:93} INFO - 25/07/18 15:50:08 INFO OffsetSeqLog: BatchIds found from listing: 0, 1, 2, 3, 4, 5, 6, 7, 8, 9, 10, 11, 12, 13, 14, 15, 16, 17, 18, 19, 20, 21, 22, 23, 24, 25, 26, 27, 28, 29, 30, 31, 32, 33, 34
[2025-07-18T15:50:08.748+0000] {subprocess.py:93} INFO - 25/07/18 15:50:08 INFO OffsetSeqLog: Getting latest batch 34
[2025-07-18T15:50:08.752+0000] {subprocess.py:93} INFO - 25/07/18 15:50:08 INFO AdminClientConfig: AdminClientConfig values:
[2025-07-18T15:50:08.752+0000] {subprocess.py:93} INFO - 	auto.include.jmx.reporter = true
[2025-07-18T15:50:08.753+0000] {subprocess.py:93} INFO - 	bootstrap.servers = [kafka:9092]
[2025-07-18T15:50:08.753+0000] {subprocess.py:93} INFO - 	client.dns.lookup = use_all_dns_ips
[2025-07-18T15:50:08.754+0000] {subprocess.py:93} INFO - 	client.id =
[2025-07-18T15:50:08.755+0000] {subprocess.py:93} INFO - 	connections.max.idle.ms = 300000
[2025-07-18T15:50:08.755+0000] {subprocess.py:93} INFO - 	default.api.timeout.ms = 60000
[2025-07-18T15:50:08.756+0000] {subprocess.py:93} INFO - 	metadata.max.age.ms = 300000
[2025-07-18T15:50:08.756+0000] {subprocess.py:93} INFO - 	metric.reporters = []
[2025-07-18T15:50:08.756+0000] {subprocess.py:93} INFO - 	metrics.num.samples = 2
[2025-07-18T15:50:08.757+0000] {subprocess.py:93} INFO - 	metrics.recording.level = INFO
[2025-07-18T15:50:08.757+0000] {subprocess.py:93} INFO - 	metrics.sample.window.ms = 30000
[2025-07-18T15:50:08.757+0000] {subprocess.py:93} INFO - 	receive.buffer.bytes = 65536
[2025-07-18T15:50:08.757+0000] {subprocess.py:93} INFO - 	reconnect.backoff.max.ms = 1000
[2025-07-18T15:50:08.757+0000] {subprocess.py:93} INFO - 	reconnect.backoff.ms = 50
[2025-07-18T15:50:08.757+0000] {subprocess.py:93} INFO - 	request.timeout.ms = 30000
[2025-07-18T15:50:08.757+0000] {subprocess.py:93} INFO - 	retries = 2147483647
[2025-07-18T15:50:08.757+0000] {subprocess.py:93} INFO - 	retry.backoff.ms = 100
[2025-07-18T15:50:08.757+0000] {subprocess.py:93} INFO - 	sasl.client.callback.handler.class = null
[2025-07-18T15:50:08.758+0000] {subprocess.py:93} INFO - 	sasl.jaas.config = null
[2025-07-18T15:50:08.758+0000] {subprocess.py:93} INFO - 	sasl.kerberos.kinit.cmd = /usr/bin/kinit
[2025-07-18T15:50:08.758+0000] {subprocess.py:93} INFO - 	sasl.kerberos.min.time.before.relogin = 60000
[2025-07-18T15:50:08.758+0000] {subprocess.py:93} INFO - 	sasl.kerberos.service.name = null
[2025-07-18T15:50:08.758+0000] {subprocess.py:93} INFO - 	sasl.kerberos.ticket.renew.jitter = 0.05
[2025-07-18T15:50:08.758+0000] {subprocess.py:93} INFO - 	sasl.kerberos.ticket.renew.window.factor = 0.8
[2025-07-18T15:50:08.758+0000] {subprocess.py:93} INFO - 	sasl.login.callback.handler.class = null
[2025-07-18T15:50:08.758+0000] {subprocess.py:93} INFO - 	sasl.login.class = null
[2025-07-18T15:50:08.759+0000] {subprocess.py:93} INFO - 	sasl.login.connect.timeout.ms = null
[2025-07-18T15:50:08.759+0000] {subprocess.py:93} INFO - 	sasl.login.read.timeout.ms = null
[2025-07-18T15:50:08.759+0000] {subprocess.py:93} INFO - 	sasl.login.refresh.buffer.seconds = 300
[2025-07-18T15:50:08.759+0000] {subprocess.py:93} INFO - 	sasl.login.refresh.min.period.seconds = 60
[2025-07-18T15:50:08.759+0000] {subprocess.py:93} INFO - 	sasl.login.refresh.window.factor = 0.8
[2025-07-18T15:50:08.759+0000] {subprocess.py:93} INFO - 	sasl.login.refresh.window.jitter = 0.05
[2025-07-18T15:50:08.759+0000] {subprocess.py:93} INFO - 	sasl.login.retry.backoff.max.ms = 10000
[2025-07-18T15:50:08.760+0000] {subprocess.py:93} INFO - 	sasl.login.retry.backoff.ms = 100
[2025-07-18T15:50:08.760+0000] {subprocess.py:93} INFO - 	sasl.mechanism = GSSAPI
[2025-07-18T15:50:08.760+0000] {subprocess.py:93} INFO - 	sasl.oauthbearer.clock.skew.seconds = 30
[2025-07-18T15:50:08.760+0000] {subprocess.py:93} INFO - 	sasl.oauthbearer.expected.audience = null
[2025-07-18T15:50:08.760+0000] {subprocess.py:93} INFO - 	sasl.oauthbearer.expected.issuer = null
[2025-07-18T15:50:08.760+0000] {subprocess.py:93} INFO - 	sasl.oauthbearer.jwks.endpoint.refresh.ms = 3600000
[2025-07-18T15:50:08.760+0000] {subprocess.py:93} INFO - 	sasl.oauthbearer.jwks.endpoint.retry.backoff.max.ms = 10000
[2025-07-18T15:50:08.760+0000] {subprocess.py:93} INFO - 	sasl.oauthbearer.jwks.endpoint.retry.backoff.ms = 100
[2025-07-18T15:50:08.760+0000] {subprocess.py:93} INFO - 	sasl.oauthbearer.jwks.endpoint.url = null
[2025-07-18T15:50:08.760+0000] {subprocess.py:93} INFO - 	sasl.oauthbearer.scope.claim.name = scope
[2025-07-18T15:50:08.760+0000] {subprocess.py:93} INFO - 	sasl.oauthbearer.sub.claim.name = sub
[2025-07-18T15:50:08.761+0000] {subprocess.py:93} INFO - 	sasl.oauthbearer.token.endpoint.url = null
[2025-07-18T15:50:08.761+0000] {subprocess.py:93} INFO - 	security.protocol = PLAINTEXT
[2025-07-18T15:50:08.761+0000] {subprocess.py:93} INFO - 	security.providers = null
[2025-07-18T15:50:08.761+0000] {subprocess.py:93} INFO - 	send.buffer.bytes = 131072
[2025-07-18T15:50:08.761+0000] {subprocess.py:93} INFO - 	socket.connection.setup.timeout.max.ms = 30000
[2025-07-18T15:50:08.761+0000] {subprocess.py:93} INFO - 	socket.connection.setup.timeout.ms = 10000
[2025-07-18T15:50:08.761+0000] {subprocess.py:93} INFO - 	ssl.cipher.suites = null
[2025-07-18T15:50:08.761+0000] {subprocess.py:93} INFO - 	ssl.enabled.protocols = [TLSv1.2, TLSv1.3]
[2025-07-18T15:50:08.761+0000] {subprocess.py:93} INFO - 	ssl.endpoint.identification.algorithm = https
[2025-07-18T15:50:08.762+0000] {subprocess.py:93} INFO - 	ssl.engine.factory.class = null
[2025-07-18T15:50:08.762+0000] {subprocess.py:93} INFO - 	ssl.key.password = null
[2025-07-18T15:50:08.762+0000] {subprocess.py:93} INFO - 	ssl.keymanager.algorithm = SunX509
[2025-07-18T15:50:08.762+0000] {subprocess.py:93} INFO - 	ssl.keystore.certificate.chain = null
[2025-07-18T15:50:08.762+0000] {subprocess.py:93} INFO - 	ssl.keystore.key = null
[2025-07-18T15:50:08.762+0000] {subprocess.py:93} INFO - 	ssl.keystore.location = null
[2025-07-18T15:50:08.762+0000] {subprocess.py:93} INFO - 	ssl.keystore.password = null
[2025-07-18T15:50:08.762+0000] {subprocess.py:93} INFO - 	ssl.keystore.type = JKS
[2025-07-18T15:50:08.762+0000] {subprocess.py:93} INFO - 	ssl.protocol = TLSv1.3
[2025-07-18T15:50:08.762+0000] {subprocess.py:93} INFO - 	ssl.provider = null
[2025-07-18T15:50:08.762+0000] {subprocess.py:93} INFO - 	ssl.secure.random.implementation = null
[2025-07-18T15:50:08.762+0000] {subprocess.py:93} INFO - 	ssl.trustmanager.algorithm = PKIX
[2025-07-18T15:50:08.762+0000] {subprocess.py:93} INFO - 	ssl.truststore.certificates = null
[2025-07-18T15:50:08.763+0000] {subprocess.py:93} INFO - 	ssl.truststore.location = null
[2025-07-18T15:50:08.763+0000] {subprocess.py:93} INFO - 	ssl.truststore.password = null
[2025-07-18T15:50:08.763+0000] {subprocess.py:93} INFO - 	ssl.truststore.type = JKS
[2025-07-18T15:50:08.763+0000] {subprocess.py:93} INFO - 
[2025-07-18T15:50:08.763+0000] {subprocess.py:93} INFO - 25/07/18 15:50:08 INFO CommitLog: BatchIds found from listing: 0, 1, 2, 3, 4, 5, 6, 7, 8, 9, 10, 11, 12, 13, 14, 15, 16, 17, 18, 19, 20, 21, 22, 23, 24, 25, 26, 27, 28, 29, 30, 31, 32, 33, 34
[2025-07-18T15:50:08.763+0000] {subprocess.py:93} INFO - 25/07/18 15:50:08 INFO CommitLog: Getting latest batch 34
[2025-07-18T15:50:08.764+0000] {subprocess.py:93} INFO - 25/07/18 15:50:08 INFO MicroBatchExecution: Resuming at batch 35 with committed offsets {KafkaV2[Subscribe[checkins]]: {"checkins":{"0":81}}} and available offsets {KafkaV2[Subscribe[checkins]]: {"checkins":{"0":81}}}
[2025-07-18T15:50:08.764+0000] {subprocess.py:93} INFO - 25/07/18 15:50:08 INFO MicroBatchExecution: Stream started from {KafkaV2[Subscribe[checkins]]: {"checkins":{"0":81}}}
[2025-07-18T15:50:08.764+0000] {subprocess.py:93} INFO - 25/07/18 15:50:08 INFO AdminClientConfig: AdminClientConfig values:
[2025-07-18T15:50:08.764+0000] {subprocess.py:93} INFO - 	auto.include.jmx.reporter = true
[2025-07-18T15:50:08.764+0000] {subprocess.py:93} INFO - 	bootstrap.servers = [kafka:9092]
[2025-07-18T15:50:08.764+0000] {subprocess.py:93} INFO - 	client.dns.lookup = use_all_dns_ips
[2025-07-18T15:50:08.764+0000] {subprocess.py:93} INFO - 	client.id =
[2025-07-18T15:50:08.764+0000] {subprocess.py:93} INFO - 	connections.max.idle.ms = 300000
[2025-07-18T15:50:08.764+0000] {subprocess.py:93} INFO - 	default.api.timeout.ms = 60000
[2025-07-18T15:50:08.765+0000] {subprocess.py:93} INFO - 	metadata.max.age.ms = 300000
[2025-07-18T15:50:08.765+0000] {subprocess.py:93} INFO - 	metric.reporters = []
[2025-07-18T15:50:08.765+0000] {subprocess.py:93} INFO - 	metrics.num.samples = 2
[2025-07-18T15:50:08.765+0000] {subprocess.py:93} INFO - 	metrics.recording.level = INFO
[2025-07-18T15:50:08.765+0000] {subprocess.py:93} INFO - 	metrics.sample.window.ms = 30000
[2025-07-18T15:50:08.765+0000] {subprocess.py:93} INFO - 	receive.buffer.bytes = 65536
[2025-07-18T15:50:08.765+0000] {subprocess.py:93} INFO - 	reconnect.backoff.max.ms = 1000
[2025-07-18T15:50:08.765+0000] {subprocess.py:93} INFO - 	reconnect.backoff.ms = 50
[2025-07-18T15:50:08.766+0000] {subprocess.py:93} INFO - 	request.timeout.ms = 30000
[2025-07-18T15:50:08.766+0000] {subprocess.py:93} INFO - 	retries = 2147483647
[2025-07-18T15:50:08.766+0000] {subprocess.py:93} INFO - 	retry.backoff.ms = 100
[2025-07-18T15:50:08.766+0000] {subprocess.py:93} INFO - 	sasl.client.callback.handler.class = null
[2025-07-18T15:50:08.766+0000] {subprocess.py:93} INFO - 	sasl.jaas.config = null
[2025-07-18T15:50:08.766+0000] {subprocess.py:93} INFO - 	sasl.kerberos.kinit.cmd = /usr/bin/kinit
[2025-07-18T15:50:08.767+0000] {subprocess.py:93} INFO - 	sasl.kerberos.min.time.before.relogin = 60000
[2025-07-18T15:50:08.767+0000] {subprocess.py:93} INFO - 	sasl.kerberos.service.name = null
[2025-07-18T15:50:08.767+0000] {subprocess.py:93} INFO - 	sasl.kerberos.ticket.renew.jitter = 0.05
[2025-07-18T15:50:08.767+0000] {subprocess.py:93} INFO - 	sasl.kerberos.ticket.renew.window.factor = 0.8
[2025-07-18T15:50:08.768+0000] {subprocess.py:93} INFO - 	sasl.login.callback.handler.class = null
[2025-07-18T15:50:08.768+0000] {subprocess.py:93} INFO - 	sasl.login.class = null
[2025-07-18T15:50:08.768+0000] {subprocess.py:93} INFO - 	sasl.login.connect.timeout.ms = null
[2025-07-18T15:50:08.768+0000] {subprocess.py:93} INFO - 	sasl.login.read.timeout.ms = null
[2025-07-18T15:50:08.768+0000] {subprocess.py:93} INFO - 	sasl.login.refresh.buffer.seconds = 300
[2025-07-18T15:50:08.769+0000] {subprocess.py:93} INFO - 	sasl.login.refresh.min.period.seconds = 60
[2025-07-18T15:50:08.769+0000] {subprocess.py:93} INFO - 	sasl.login.refresh.window.factor = 0.8
[2025-07-18T15:50:08.769+0000] {subprocess.py:93} INFO - 	sasl.login.refresh.window.jitter = 0.05
[2025-07-18T15:50:08.769+0000] {subprocess.py:93} INFO - 	sasl.login.retry.backoff.max.ms = 10000
[2025-07-18T15:50:08.770+0000] {subprocess.py:93} INFO - 	sasl.login.retry.backoff.ms = 100
[2025-07-18T15:50:08.770+0000] {subprocess.py:93} INFO - 	sasl.mechanism = GSSAPI
[2025-07-18T15:50:08.770+0000] {subprocess.py:93} INFO - 	sasl.oauthbearer.clock.skew.seconds = 30
[2025-07-18T15:50:08.770+0000] {subprocess.py:93} INFO - 	sasl.oauthbearer.expected.audience = null
[2025-07-18T15:50:08.770+0000] {subprocess.py:93} INFO - 	sasl.oauthbearer.expected.issuer = null
[2025-07-18T15:50:08.770+0000] {subprocess.py:93} INFO - 	sasl.oauthbearer.jwks.endpoint.refresh.ms = 3600000
[2025-07-18T15:50:08.770+0000] {subprocess.py:93} INFO - 	sasl.oauthbearer.jwks.endpoint.retry.backoff.max.ms = 10000
[2025-07-18T15:50:08.771+0000] {subprocess.py:93} INFO - 	sasl.oauthbearer.jwks.endpoint.retry.backoff.ms = 100
[2025-07-18T15:50:08.771+0000] {subprocess.py:93} INFO - 	sasl.oauthbearer.jwks.endpoint.url = null
[2025-07-18T15:50:08.771+0000] {subprocess.py:93} INFO - 	sasl.oauthbearer.scope.claim.name = scope
[2025-07-18T15:50:08.771+0000] {subprocess.py:93} INFO - 	sasl.oauthbearer.sub.claim.name = sub
[2025-07-18T15:50:08.771+0000] {subprocess.py:93} INFO - 	sasl.oauthbearer.token.endpoint.url = null
[2025-07-18T15:50:08.771+0000] {subprocess.py:93} INFO - 	security.protocol = PLAINTEXT
[2025-07-18T15:50:08.771+0000] {subprocess.py:93} INFO - 	security.providers = null
[2025-07-18T15:50:08.771+0000] {subprocess.py:93} INFO - 	send.buffer.bytes = 131072
[2025-07-18T15:50:08.772+0000] {subprocess.py:93} INFO - 	socket.connection.setup.timeout.max.ms = 30000
[2025-07-18T15:50:08.772+0000] {subprocess.py:93} INFO - 	socket.connection.setup.timeout.ms = 10000
[2025-07-18T15:50:08.772+0000] {subprocess.py:93} INFO - 	ssl.cipher.suites = null
[2025-07-18T15:50:08.772+0000] {subprocess.py:93} INFO - 	ssl.enabled.protocols = [TLSv1.2, TLSv1.3]
[2025-07-18T15:50:08.772+0000] {subprocess.py:93} INFO - 	ssl.endpoint.identification.algorithm = https
[2025-07-18T15:50:08.773+0000] {subprocess.py:93} INFO - 	ssl.engine.factory.class = null
[2025-07-18T15:50:08.773+0000] {subprocess.py:93} INFO - 	ssl.key.password = null
[2025-07-18T15:50:08.773+0000] {subprocess.py:93} INFO - 	ssl.keymanager.algorithm = SunX509
[2025-07-18T15:50:08.773+0000] {subprocess.py:93} INFO - 	ssl.keystore.certificate.chain = null
[2025-07-18T15:50:08.774+0000] {subprocess.py:93} INFO - 	ssl.keystore.key = null
[2025-07-18T15:50:08.774+0000] {subprocess.py:93} INFO - 	ssl.keystore.location = null
[2025-07-18T15:50:08.774+0000] {subprocess.py:93} INFO - 	ssl.keystore.password = null
[2025-07-18T15:50:08.775+0000] {subprocess.py:93} INFO - 	ssl.keystore.type = JKS
[2025-07-18T15:50:08.775+0000] {subprocess.py:93} INFO - 	ssl.protocol = TLSv1.3
[2025-07-18T15:50:08.775+0000] {subprocess.py:93} INFO - 	ssl.provider = null
[2025-07-18T15:50:08.776+0000] {subprocess.py:93} INFO - 	ssl.secure.random.implementation = null
[2025-07-18T15:50:08.776+0000] {subprocess.py:93} INFO - 	ssl.trustmanager.algorithm = PKIX
[2025-07-18T15:50:08.776+0000] {subprocess.py:93} INFO - 	ssl.truststore.certificates = null
[2025-07-18T15:50:08.777+0000] {subprocess.py:93} INFO - 	ssl.truststore.location = null
[2025-07-18T15:50:08.777+0000] {subprocess.py:93} INFO - 	ssl.truststore.password = null
[2025-07-18T15:50:08.777+0000] {subprocess.py:93} INFO - 	ssl.truststore.type = JKS
[2025-07-18T15:50:08.777+0000] {subprocess.py:93} INFO - 
[2025-07-18T15:50:08.798+0000] {subprocess.py:93} INFO - 25/07/18 15:50:08 INFO AdminClientConfig: These configurations '[key.deserializer, value.deserializer, enable.auto.commit, max.poll.records, auto.offset.reset]' were supplied but are not used yet.
[2025-07-18T15:50:08.799+0000] {subprocess.py:93} INFO - 25/07/18 15:50:08 INFO AdminClientConfig: These configurations '[key.deserializer, value.deserializer, enable.auto.commit, max.poll.records, auto.offset.reset]' were supplied but are not used yet.
[2025-07-18T15:50:08.799+0000] {subprocess.py:93} INFO - 25/07/18 15:50:08 INFO AppInfoParser: Kafka version: 3.5.1
[2025-07-18T15:50:08.800+0000] {subprocess.py:93} INFO - 25/07/18 15:50:08 INFO AppInfoParser: Kafka commitId: 2c6fb6c54472e90a
[2025-07-18T15:50:08.800+0000] {subprocess.py:93} INFO - 25/07/18 15:50:08 INFO AppInfoParser: Kafka startTimeMs: 1752853808797
[2025-07-18T15:50:08.801+0000] {subprocess.py:93} INFO - 25/07/18 15:50:08 INFO AppInfoParser: Kafka version: 3.5.1
[2025-07-18T15:50:08.801+0000] {subprocess.py:93} INFO - 25/07/18 15:50:08 INFO AppInfoParser: Kafka commitId: 2c6fb6c54472e90a
[2025-07-18T15:50:08.801+0000] {subprocess.py:93} INFO - 25/07/18 15:50:08 INFO AppInfoParser: Kafka startTimeMs: 1752853808797
[2025-07-18T15:50:08.811+0000] {subprocess.py:93} INFO - 25/07/18 15:50:08 INFO BaseMetastoreCatalog: Table loaded by catalog: my_catalog.bronze.Feedback_raw
[2025-07-18T15:50:08.813+0000] {subprocess.py:93} INFO - 25/07/18 15:50:08 INFO ResolveWriteToStream: Checkpoint root /tmp/checkpoints/feedback resolved to file:/tmp/checkpoints/feedback.
[2025-07-18T15:50:08.814+0000] {subprocess.py:93} INFO - 25/07/18 15:50:08 WARN ResolveWriteToStream: spark.sql.adaptive.enabled is not supported in streaming DataFrames/Datasets and will be disabled.
[2025-07-18T15:50:08.819+0000] {subprocess.py:93} INFO - 25/07/18 15:50:08 INFO MicroBatchExecution: Starting [id = d3aff090-24bc-4a1c-938f-fc839231598c, runId = a1a621bd-a9af-4c62-844b-e04ad934a163]. Use file:/tmp/checkpoints/feedback to store the query checkpoint.
[2025-07-18T15:50:08.819+0000] {subprocess.py:93} INFO - 25/07/18 15:50:08 INFO MicroBatchExecution: Reading table [org.apache.spark.sql.kafka010.KafkaSourceProvider$KafkaTable@45fc02f5] from DataSourceV2 named 'kafka' [org.apache.spark.sql.kafka010.KafkaSourceProvider@4b3bf5e2]
[2025-07-18T15:50:08.825+0000] {subprocess.py:93} INFO - 25/07/18 15:50:08 INFO OffsetSeqLog: BatchIds found from listing: 0, 1, 2, 3, 4, 5, 6, 7, 8, 9, 10, 11, 12, 13, 14, 15, 16, 17, 18, 19, 20, 21, 22, 23, 24, 25, 26, 27, 28, 29, 30, 31, 32, 33
[2025-07-18T15:50:08.826+0000] {subprocess.py:93} INFO - 25/07/18 15:50:08 INFO OffsetSeqLog: Getting latest batch 33
[2025-07-18T15:50:08.826+0000] {subprocess.py:93} INFO - 25/07/18 15:50:08 INFO OffsetSeqLog: BatchIds found from listing: 0, 1, 2, 3, 4, 5, 6, 7, 8, 9, 10, 11, 12, 13, 14, 15, 16, 17, 18, 19, 20, 21, 22, 23, 24, 25, 26, 27, 28, 29, 30, 31, 32, 33
[2025-07-18T15:50:08.826+0000] {subprocess.py:93} INFO - 25/07/18 15:50:08 INFO OffsetSeqLog: Getting latest batch 33
[2025-07-18T15:50:08.830+0000] {subprocess.py:93} INFO - 25/07/18 15:50:08 INFO CommitLog: BatchIds found from listing: 0, 1, 2, 3, 4, 5, 6, 7, 8, 9, 10, 11, 12, 13, 14, 15, 16, 17, 18, 19, 20, 21, 22, 23, 24, 25, 26, 27, 28, 29, 30, 31, 32, 33
[2025-07-18T15:50:08.831+0000] {subprocess.py:93} INFO - 25/07/18 15:50:08 INFO CommitLog: Getting latest batch 33
[2025-07-18T15:50:08.831+0000] {subprocess.py:93} INFO - 25/07/18 15:50:08 INFO MicroBatchExecution: Resuming at batch 34 with committed offsets {KafkaV2[Subscribe[feedback]]: {"feedback":{"0":81}}} and available offsets {KafkaV2[Subscribe[feedback]]: {"feedback":{"0":81}}}
[2025-07-18T15:50:08.831+0000] {subprocess.py:93} INFO - 25/07/18 15:50:08 INFO MicroBatchExecution: Stream started from {KafkaV2[Subscribe[feedback]]: {"feedback":{"0":81}}}
[2025-07-18T15:50:08.831+0000] {subprocess.py:93} INFO - 25/07/18 15:50:08 INFO AdminClientConfig: AdminClientConfig values:
[2025-07-18T15:50:08.832+0000] {subprocess.py:93} INFO - 	auto.include.jmx.reporter = true
[2025-07-18T15:50:08.832+0000] {subprocess.py:93} INFO - 	bootstrap.servers = [kafka:9092]
[2025-07-18T15:50:08.832+0000] {subprocess.py:93} INFO - 	client.dns.lookup = use_all_dns_ips
[2025-07-18T15:50:08.832+0000] {subprocess.py:93} INFO - 	client.id =
[2025-07-18T15:50:08.832+0000] {subprocess.py:93} INFO - 	connections.max.idle.ms = 300000
[2025-07-18T15:50:08.832+0000] {subprocess.py:93} INFO - 	default.api.timeout.ms = 60000
[2025-07-18T15:50:08.832+0000] {subprocess.py:93} INFO - 	metadata.max.age.ms = 300000
[2025-07-18T15:50:08.832+0000] {subprocess.py:93} INFO - 	metric.reporters = []
[2025-07-18T15:50:08.832+0000] {subprocess.py:93} INFO - 	metrics.num.samples = 2
[2025-07-18T15:50:08.832+0000] {subprocess.py:93} INFO - 	metrics.recording.level = INFO
[2025-07-18T15:50:08.832+0000] {subprocess.py:93} INFO - 	metrics.sample.window.ms = 30000
[2025-07-18T15:50:08.832+0000] {subprocess.py:93} INFO - 	receive.buffer.bytes = 65536
[2025-07-18T15:50:08.833+0000] {subprocess.py:93} INFO - 	reconnect.backoff.max.ms = 1000
[2025-07-18T15:50:08.833+0000] {subprocess.py:93} INFO - 	reconnect.backoff.ms = 50
[2025-07-18T15:50:08.833+0000] {subprocess.py:93} INFO - 	request.timeout.ms = 30000
[2025-07-18T15:50:08.834+0000] {subprocess.py:93} INFO - 	retries = 2147483647
[2025-07-18T15:50:08.834+0000] {subprocess.py:93} INFO - 	retry.backoff.ms = 100
[2025-07-18T15:50:08.834+0000] {subprocess.py:93} INFO - 	sasl.client.callback.handler.class = null
[2025-07-18T15:50:08.834+0000] {subprocess.py:93} INFO - 	sasl.jaas.config = null
[2025-07-18T15:50:08.834+0000] {subprocess.py:93} INFO - 	sasl.kerberos.kinit.cmd = /usr/bin/kinit
[2025-07-18T15:50:08.834+0000] {subprocess.py:93} INFO - 	sasl.kerberos.min.time.before.relogin = 60000
[2025-07-18T15:50:08.834+0000] {subprocess.py:93} INFO - 	sasl.kerberos.service.name = null
[2025-07-18T15:50:08.834+0000] {subprocess.py:93} INFO - 	sasl.kerberos.ticket.renew.jitter = 0.05
[2025-07-18T15:50:08.835+0000] {subprocess.py:93} INFO - 	sasl.kerberos.ticket.renew.window.factor = 0.8
[2025-07-18T15:50:08.835+0000] {subprocess.py:93} INFO - 	sasl.login.callback.handler.class = null
[2025-07-18T15:50:08.835+0000] {subprocess.py:93} INFO - 	sasl.login.class = null
[2025-07-18T15:50:08.835+0000] {subprocess.py:93} INFO - 	sasl.login.connect.timeout.ms = null
[2025-07-18T15:50:08.835+0000] {subprocess.py:93} INFO - 	sasl.login.read.timeout.ms = null
[2025-07-18T15:50:08.835+0000] {subprocess.py:93} INFO - 	sasl.login.refresh.buffer.seconds = 300
[2025-07-18T15:50:08.835+0000] {subprocess.py:93} INFO - 	sasl.login.refresh.min.period.seconds = 60
[2025-07-18T15:50:08.835+0000] {subprocess.py:93} INFO - 	sasl.login.refresh.window.factor = 0.8
[2025-07-18T15:50:08.835+0000] {subprocess.py:93} INFO - 	sasl.login.refresh.window.jitter = 0.05
[2025-07-18T15:50:08.836+0000] {subprocess.py:93} INFO - 	sasl.login.retry.backoff.max.ms = 10000
[2025-07-18T15:50:08.836+0000] {subprocess.py:93} INFO - 	sasl.login.retry.backoff.ms = 100
[2025-07-18T15:50:08.836+0000] {subprocess.py:93} INFO - 	sasl.mechanism = GSSAPI
[2025-07-18T15:50:08.836+0000] {subprocess.py:93} INFO - 	sasl.oauthbearer.clock.skew.seconds = 30
[2025-07-18T15:50:08.836+0000] {subprocess.py:93} INFO - 	sasl.oauthbearer.expected.audience = null
[2025-07-18T15:50:08.836+0000] {subprocess.py:93} INFO - 	sasl.oauthbearer.expected.issuer = null
[2025-07-18T15:50:08.836+0000] {subprocess.py:93} INFO - 	sasl.oauthbearer.jwks.endpoint.refresh.ms = 3600000
[2025-07-18T15:50:08.836+0000] {subprocess.py:93} INFO - 	sasl.oauthbearer.jwks.endpoint.retry.backoff.max.ms = 10000
[2025-07-18T15:50:08.836+0000] {subprocess.py:93} INFO - 	sasl.oauthbearer.jwks.endpoint.retry.backoff.ms = 100
[2025-07-18T15:50:08.836+0000] {subprocess.py:93} INFO - 	sasl.oauthbearer.jwks.endpoint.url = null
[2025-07-18T15:50:08.836+0000] {subprocess.py:93} INFO - 	sasl.oauthbearer.scope.claim.name = scope
[2025-07-18T15:50:08.836+0000] {subprocess.py:93} INFO - 	sasl.oauthbearer.sub.claim.name = sub
[2025-07-18T15:50:08.836+0000] {subprocess.py:93} INFO - 	sasl.oauthbearer.token.endpoint.url = null
[2025-07-18T15:50:08.837+0000] {subprocess.py:93} INFO - 	security.protocol = PLAINTEXT
[2025-07-18T15:50:08.837+0000] {subprocess.py:93} INFO - 	security.providers = null
[2025-07-18T15:50:08.837+0000] {subprocess.py:93} INFO - 	send.buffer.bytes = 131072
[2025-07-18T15:50:08.837+0000] {subprocess.py:93} INFO - 	socket.connection.setup.timeout.max.ms = 30000
[2025-07-18T15:50:08.837+0000] {subprocess.py:93} INFO - 	socket.connection.setup.timeout.ms = 10000
[2025-07-18T15:50:08.837+0000] {subprocess.py:93} INFO - 	ssl.cipher.suites = null
[2025-07-18T15:50:08.837+0000] {subprocess.py:93} INFO - 	ssl.enabled.protocols = [TLSv1.2, TLSv1.3]
[2025-07-18T15:50:08.837+0000] {subprocess.py:93} INFO - 	ssl.endpoint.identification.algorithm = https
[2025-07-18T15:50:08.837+0000] {subprocess.py:93} INFO - 	ssl.engine.factory.class = null
[2025-07-18T15:50:08.837+0000] {subprocess.py:93} INFO - 	ssl.key.password = null
[2025-07-18T15:50:08.837+0000] {subprocess.py:93} INFO - 	ssl.keymanager.algorithm = SunX509
[2025-07-18T15:50:08.838+0000] {subprocess.py:93} INFO - 	ssl.keystore.certificate.chain = null
[2025-07-18T15:50:08.838+0000] {subprocess.py:93} INFO - 	ssl.keystore.key = null
[2025-07-18T15:50:08.838+0000] {subprocess.py:93} INFO - 	ssl.keystore.location = null
[2025-07-18T15:50:08.838+0000] {subprocess.py:93} INFO - 	ssl.keystore.password = null
[2025-07-18T15:50:08.838+0000] {subprocess.py:93} INFO - 	ssl.keystore.type = JKS
[2025-07-18T15:50:08.838+0000] {subprocess.py:93} INFO - 	ssl.protocol = TLSv1.3
[2025-07-18T15:50:08.838+0000] {subprocess.py:93} INFO - 	ssl.provider = null
[2025-07-18T15:50:08.838+0000] {subprocess.py:93} INFO - 	ssl.secure.random.implementation = null
[2025-07-18T15:50:08.838+0000] {subprocess.py:93} INFO - 	ssl.trustmanager.algorithm = PKIX
[2025-07-18T15:50:08.838+0000] {subprocess.py:93} INFO - 	ssl.truststore.certificates = null
[2025-07-18T15:50:08.838+0000] {subprocess.py:93} INFO - 	ssl.truststore.location = null
[2025-07-18T15:50:08.838+0000] {subprocess.py:93} INFO - 	ssl.truststore.password = null
[2025-07-18T15:50:08.839+0000] {subprocess.py:93} INFO - 	ssl.truststore.type = JKS
[2025-07-18T15:50:08.839+0000] {subprocess.py:93} INFO - 
[2025-07-18T15:50:08.839+0000] {subprocess.py:93} INFO - 25/07/18 15:50:08 INFO AdminClientConfig: These configurations '[key.deserializer, value.deserializer, enable.auto.commit, max.poll.records, auto.offset.reset]' were supplied but are not used yet.
[2025-07-18T15:50:08.839+0000] {subprocess.py:93} INFO - 25/07/18 15:50:08 INFO AppInfoParser: Kafka version: 3.5.1
[2025-07-18T15:50:08.839+0000] {subprocess.py:93} INFO - 25/07/18 15:50:08 INFO AppInfoParser: Kafka commitId: 2c6fb6c54472e90a
[2025-07-18T15:50:08.839+0000] {subprocess.py:93} INFO - 25/07/18 15:50:08 INFO AppInfoParser: Kafka startTimeMs: 1752853808832
[2025-07-18T15:50:18.996+0000] {subprocess.py:93} INFO - 25/07/18 15:50:18 INFO MicroBatchExecution: Streaming query has been idle and waiting for new data more than 10000 ms.
[2025-07-18T15:50:18.998+0000] {subprocess.py:93} INFO - 25/07/18 15:50:18 INFO MicroBatchExecution: Streaming query has been idle and waiting for new data more than 10000 ms.
[2025-07-18T15:50:18.998+0000] {subprocess.py:93} INFO - 25/07/18 15:50:18 INFO MicroBatchExecution: Streaming query has been idle and waiting for new data more than 10000 ms.
[2025-07-18T15:50:28.992+0000] {subprocess.py:93} INFO - 25/07/18 15:50:28 INFO MicroBatchExecution: Streaming query has been idle and waiting for new data more than 10000 ms.
[2025-07-18T15:50:28.995+0000] {subprocess.py:93} INFO - 25/07/18 15:50:28 INFO MicroBatchExecution: Streaming query has been idle and waiting for new data more than 10000 ms.
[2025-07-18T15:50:28.996+0000] {subprocess.py:93} INFO - 25/07/18 15:50:28 INFO MicroBatchExecution: Streaming query has been idle and waiting for new data more than 10000 ms.
[2025-07-18T15:50:39.001+0000] {subprocess.py:93} INFO - 25/07/18 15:50:38 INFO MicroBatchExecution: Streaming query has been idle and waiting for new data more than 10000 ms.
[2025-07-18T15:50:39.002+0000] {subprocess.py:93} INFO - 25/07/18 15:50:39 INFO MicroBatchExecution: Streaming query has been idle and waiting for new data more than 10000 ms.
[2025-07-18T15:50:39.003+0000] {subprocess.py:93} INFO - 25/07/18 15:50:39 INFO MicroBatchExecution: Streaming query has been idle and waiting for new data more than 10000 ms.
[2025-07-18T15:50:49.005+0000] {subprocess.py:93} INFO - 25/07/18 15:50:49 INFO MicroBatchExecution: Streaming query has been idle and waiting for new data more than 10000 ms.
[2025-07-18T15:50:49.007+0000] {subprocess.py:93} INFO - 25/07/18 15:50:49 INFO MicroBatchExecution: Streaming query has been idle and waiting for new data more than 10000 ms.
[2025-07-18T15:50:49.007+0000] {subprocess.py:93} INFO - 25/07/18 15:50:49 INFO MicroBatchExecution: Streaming query has been idle and waiting for new data more than 10000 ms.
[2025-07-18T15:50:59.014+0000] {subprocess.py:93} INFO - 25/07/18 15:50:59 INFO MicroBatchExecution: Streaming query has been idle and waiting for new data more than 10000 ms.
[2025-07-18T15:50:59.015+0000] {subprocess.py:93} INFO - 25/07/18 15:50:59 INFO MicroBatchExecution: Streaming query has been idle and waiting for new data more than 10000 ms.
[2025-07-18T15:50:59.015+0000] {subprocess.py:93} INFO - 25/07/18 15:50:59 INFO MicroBatchExecution: Streaming query has been idle and waiting for new data more than 10000 ms.
[2025-07-18T15:51:09.017+0000] {subprocess.py:93} INFO - 25/07/18 15:51:09 INFO MicroBatchExecution: Streaming query has been idle and waiting for new data more than 10000 ms.
[2025-07-18T15:51:09.018+0000] {subprocess.py:93} INFO - 25/07/18 15:51:09 INFO MicroBatchExecution: Streaming query has been idle and waiting for new data more than 10000 ms.
[2025-07-18T15:51:09.019+0000] {subprocess.py:93} INFO - 25/07/18 15:51:09 INFO MicroBatchExecution: Streaming query has been idle and waiting for new data more than 10000 ms.
[2025-07-18T15:51:19.021+0000] {subprocess.py:93} INFO - 25/07/18 15:51:19 INFO MicroBatchExecution: Streaming query has been idle and waiting for new data more than 10000 ms.
[2025-07-18T15:51:19.023+0000] {subprocess.py:93} INFO - 25/07/18 15:51:19 INFO MicroBatchExecution: Streaming query has been idle and waiting for new data more than 10000 ms.
[2025-07-18T15:51:19.023+0000] {subprocess.py:93} INFO - 25/07/18 15:51:19 INFO MicroBatchExecution: Streaming query has been idle and waiting for new data more than 10000 ms.
[2025-07-18T15:51:29.019+0000] {subprocess.py:93} INFO - 25/07/18 15:51:29 INFO MicroBatchExecution: Streaming query has been idle and waiting for new data more than 10000 ms.
[2025-07-18T15:51:29.032+0000] {subprocess.py:93} INFO - 25/07/18 15:51:29 INFO MicroBatchExecution: Streaming query has been idle and waiting for new data more than 10000 ms.
[2025-07-18T15:51:29.033+0000] {subprocess.py:93} INFO - 25/07/18 15:51:29 INFO MicroBatchExecution: Streaming query has been idle and waiting for new data more than 10000 ms.
[2025-07-18T15:51:39.026+0000] {subprocess.py:93} INFO - 25/07/18 15:51:39 INFO MicroBatchExecution: Streaming query has been idle and waiting for new data more than 10000 ms.
[2025-07-18T15:51:39.038+0000] {subprocess.py:93} INFO - 25/07/18 15:51:39 INFO MicroBatchExecution: Streaming query has been idle and waiting for new data more than 10000 ms.
[2025-07-18T15:51:39.039+0000] {subprocess.py:93} INFO - 25/07/18 15:51:39 INFO MicroBatchExecution: Streaming query has been idle and waiting for new data more than 10000 ms.
[2025-07-18T15:51:49.033+0000] {subprocess.py:93} INFO - 25/07/18 15:51:49 INFO MicroBatchExecution: Streaming query has been idle and waiting for new data more than 10000 ms.
[2025-07-18T15:51:49.044+0000] {subprocess.py:93} INFO - 25/07/18 15:51:49 INFO MicroBatchExecution: Streaming query has been idle and waiting for new data more than 10000 ms.
[2025-07-18T15:51:49.045+0000] {subprocess.py:93} INFO - 25/07/18 15:51:49 INFO MicroBatchExecution: Streaming query has been idle and waiting for new data more than 10000 ms.
[2025-07-18T15:51:59.043+0000] {subprocess.py:93} INFO - 25/07/18 15:51:59 INFO MicroBatchExecution: Streaming query has been idle and waiting for new data more than 10000 ms.
[2025-07-18T15:51:59.057+0000] {subprocess.py:93} INFO - 25/07/18 15:51:59 INFO MicroBatchExecution: Streaming query has been idle and waiting for new data more than 10000 ms.
[2025-07-18T15:51:59.057+0000] {subprocess.py:93} INFO - 25/07/18 15:51:59 INFO MicroBatchExecution: Streaming query has been idle and waiting for new data more than 10000 ms.
[2025-07-18T15:52:02.292+0000] {subprocess.py:93} INFO - 25/07/18 15:52:02 INFO CheckpointFileManager: Writing atomically to file:/tmp/checkpoints/reservations/offsets/31 using temp file file:/tmp/checkpoints/reservations/offsets/.31.d31d742d-e96c-4e9c-97af-37df3db39798.tmp
[2025-07-18T15:52:02.309+0000] {subprocess.py:93} INFO - 25/07/18 15:52:02 WARN CheckpointFileManager: Failed to rename temp file file:/tmp/checkpoints/reservations/offsets/.31.d31d742d-e96c-4e9c-97af-37df3db39798.tmp to file:/tmp/checkpoints/reservations/offsets/31 because file exists
[2025-07-18T15:52:02.310+0000] {subprocess.py:93} INFO - org.apache.hadoop.fs.FileAlreadyExistsException: Rename destination file:/tmp/checkpoints/reservations/offsets/31 already exists.
[2025-07-18T15:52:02.311+0000] {subprocess.py:93} INFO - 	at org.apache.hadoop.fs.AbstractFileSystem.renameInternal(AbstractFileSystem.java:770)
[2025-07-18T15:52:02.311+0000] {subprocess.py:93} INFO - 	at org.apache.hadoop.fs.AbstractFileSystem.rename(AbstractFileSystem.java:720)
[2025-07-18T15:52:02.311+0000] {subprocess.py:93} INFO - 	at org.apache.hadoop.fs.ChecksumFs.renameInternal(ChecksumFs.java:489)
[2025-07-18T15:52:02.312+0000] {subprocess.py:93} INFO - 	at org.apache.hadoop.fs.AbstractFileSystem.rename(AbstractFileSystem.java:720)
[2025-07-18T15:52:02.312+0000] {subprocess.py:93} INFO - 	at org.apache.hadoop.fs.FileContext.rename(FileContext.java:1036)
[2025-07-18T15:52:02.312+0000] {subprocess.py:93} INFO - 	at org.apache.spark.sql.execution.streaming.FileContextBasedCheckpointFileManager.renameTempFile(CheckpointFileManager.scala:372)
[2025-07-18T15:52:02.313+0000] {subprocess.py:93} INFO - 	at org.apache.spark.sql.execution.streaming.CheckpointFileManager$RenameBasedFSDataOutputStream.close(CheckpointFileManager.scala:154)
[2025-07-18T15:52:02.314+0000] {subprocess.py:93} INFO - 	at org.apache.spark.sql.execution.streaming.HDFSMetadataLog.write(HDFSMetadataLog.scala:204)
[2025-07-18T15:52:02.314+0000] {subprocess.py:93} INFO - 	at org.apache.spark.sql.execution.streaming.HDFSMetadataLog.addNewBatchByStream(HDFSMetadataLog.scala:237)
[2025-07-18T15:52:02.314+0000] {subprocess.py:93} INFO - 	at org.apache.spark.sql.execution.streaming.HDFSMetadataLog.add(HDFSMetadataLog.scala:130)
[2025-07-18T15:52:02.314+0000] {subprocess.py:93} INFO - 	at org.apache.spark.sql.execution.streaming.MicroBatchExecution.markMicroBatchStart(MicroBatchExecution.scala:764)
[2025-07-18T15:52:02.315+0000] {subprocess.py:93} INFO - 	at org.apache.spark.sql.execution.streaming.MicroBatchExecution.$anonfun$constructNextBatch$13(MicroBatchExecution.scala:536)
[2025-07-18T15:52:02.315+0000] {subprocess.py:93} INFO - 	at scala.runtime.java8.JFunction0$mcV$sp.apply(JFunction0$mcV$sp.java:23)
[2025-07-18T15:52:02.315+0000] {subprocess.py:93} INFO - 	at org.apache.spark.sql.execution.streaming.ProgressReporter.reportTimeTaken(ProgressReporter.scala:427)
[2025-07-18T15:52:02.315+0000] {subprocess.py:93} INFO - 	at org.apache.spark.sql.execution.streaming.ProgressReporter.reportTimeTaken$(ProgressReporter.scala:425)
[2025-07-18T15:52:02.315+0000] {subprocess.py:93} INFO - 	at org.apache.spark.sql.execution.streaming.StreamExecution.reportTimeTaken(StreamExecution.scala:67)
[2025-07-18T15:52:02.315+0000] {subprocess.py:93} INFO - 	at org.apache.spark.sql.execution.streaming.MicroBatchExecution.$anonfun$constructNextBatch$1(MicroBatchExecution.scala:535)
[2025-07-18T15:52:02.315+0000] {subprocess.py:93} INFO - 	at scala.runtime.java8.JFunction0$mcZ$sp.apply(JFunction0$mcZ$sp.java:23)
[2025-07-18T15:52:02.316+0000] {subprocess.py:93} INFO - 	at org.apache.spark.sql.execution.streaming.MicroBatchExecution.withProgressLocked(MicroBatchExecution.scala:810)
[2025-07-18T15:52:02.316+0000] {subprocess.py:93} INFO - 	at org.apache.spark.sql.execution.streaming.MicroBatchExecution.constructNextBatch(MicroBatchExecution.scala:475)
[2025-07-18T15:52:02.316+0000] {subprocess.py:93} INFO - 	at org.apache.spark.sql.execution.streaming.MicroBatchExecution.$anonfun$runActivatedStream$2(MicroBatchExecution.scala:268)
[2025-07-18T15:52:02.316+0000] {subprocess.py:93} INFO - 	at scala.runtime.java8.JFunction0$mcV$sp.apply(JFunction0$mcV$sp.java:23)
[2025-07-18T15:52:02.316+0000] {subprocess.py:93} INFO - 	at org.apache.spark.sql.execution.streaming.ProgressReporter.reportTimeTaken(ProgressReporter.scala:427)
[2025-07-18T15:52:02.316+0000] {subprocess.py:93} INFO - 	at org.apache.spark.sql.execution.streaming.ProgressReporter.reportTimeTaken$(ProgressReporter.scala:425)
[2025-07-18T15:52:02.316+0000] {subprocess.py:93} INFO - 	at org.apache.spark.sql.execution.streaming.StreamExecution.reportTimeTaken(StreamExecution.scala:67)
[2025-07-18T15:52:02.316+0000] {subprocess.py:93} INFO - 	at org.apache.spark.sql.execution.streaming.MicroBatchExecution.$anonfun$runActivatedStream$1(MicroBatchExecution.scala:249)
[2025-07-18T15:52:02.317+0000] {subprocess.py:93} INFO - 	at org.apache.spark.sql.execution.streaming.ProcessingTimeExecutor.execute(TriggerExecutor.scala:67)
[2025-07-18T15:52:02.317+0000] {subprocess.py:93} INFO - 	at org.apache.spark.sql.execution.streaming.MicroBatchExecution.runActivatedStream(MicroBatchExecution.scala:239)
[2025-07-18T15:52:02.317+0000] {subprocess.py:93} INFO - 	at org.apache.spark.sql.execution.streaming.StreamExecution.$anonfun$runStream$1(StreamExecution.scala:311)
[2025-07-18T15:52:02.317+0000] {subprocess.py:93} INFO - 	at scala.runtime.java8.JFunction0$mcV$sp.apply(JFunction0$mcV$sp.java:23)
[2025-07-18T15:52:02.317+0000] {subprocess.py:93} INFO - 	at org.apache.spark.sql.SparkSession.withActive(SparkSession.scala:900)
[2025-07-18T15:52:02.317+0000] {subprocess.py:93} INFO - 	at org.apache.spark.sql.execution.streaming.StreamExecution.org$apache$spark$sql$execution$streaming$StreamExecution$$runStream(StreamExecution.scala:289)
[2025-07-18T15:52:02.317+0000] {subprocess.py:93} INFO - 	at org.apache.spark.sql.execution.streaming.StreamExecution$$anon$1.$anonfun$run$1(StreamExecution.scala:211)
[2025-07-18T15:52:02.317+0000] {subprocess.py:93} INFO - 	at scala.runtime.java8.JFunction0$mcV$sp.apply(JFunction0$mcV$sp.java:23)
[2025-07-18T15:52:02.317+0000] {subprocess.py:93} INFO - 	at org.apache.spark.JobArtifactSet$.withActiveJobArtifactState(JobArtifactSet.scala:94)
[2025-07-18T15:52:02.317+0000] {subprocess.py:93} INFO - 	at org.apache.spark.sql.execution.streaming.StreamExecution$$anon$1.run(StreamExecution.scala:211)
[2025-07-18T15:52:02.609+0000] {subprocess.py:93} INFO - 25/07/18 15:52:02 ERROR MicroBatchExecution: Query [id = 0314df7c-5598-4928-8d91-374ee67989d1, runId = d4b40eda-2667-4669-b6d1-8c97b348a08f] terminated with error
[2025-07-18T15:52:02.610+0000] {subprocess.py:93} INFO - org.apache.spark.SparkConcurrentModificationException: Multiple streaming queries are concurrently using file:/tmp/checkpoints/reservations/offsets.
[2025-07-18T15:52:02.610+0000] {subprocess.py:93} INFO - 	at org.apache.spark.sql.errors.QueryExecutionErrors$.multiStreamingQueriesUsingPathConcurrentlyError(QueryExecutionErrors.scala:1858)
[2025-07-18T15:52:02.610+0000] {subprocess.py:93} INFO - 	at org.apache.spark.sql.execution.streaming.HDFSMetadataLog.write(HDFSMetadataLog.scala:210)
[2025-07-18T15:52:02.611+0000] {subprocess.py:93} INFO - 	at org.apache.spark.sql.execution.streaming.HDFSMetadataLog.addNewBatchByStream(HDFSMetadataLog.scala:237)
[2025-07-18T15:52:02.613+0000] {subprocess.py:93} INFO - 	at org.apache.spark.sql.execution.streaming.HDFSMetadataLog.add(HDFSMetadataLog.scala:130)
[2025-07-18T15:52:02.613+0000] {subprocess.py:93} INFO - 	at org.apache.spark.sql.execution.streaming.MicroBatchExecution.markMicroBatchStart(MicroBatchExecution.scala:764)
[2025-07-18T15:52:02.614+0000] {subprocess.py:93} INFO - 	at org.apache.spark.sql.execution.streaming.MicroBatchExecution.$anonfun$constructNextBatch$13(MicroBatchExecution.scala:536)
[2025-07-18T15:52:02.615+0000] {subprocess.py:93} INFO - 	at scala.runtime.java8.JFunction0$mcV$sp.apply(JFunction0$mcV$sp.java:23)
[2025-07-18T15:52:02.616+0000] {subprocess.py:93} INFO - 	at org.apache.spark.sql.execution.streaming.ProgressReporter.reportTimeTaken(ProgressReporter.scala:427)
[2025-07-18T15:52:02.617+0000] {subprocess.py:93} INFO - 	at org.apache.spark.sql.execution.streaming.ProgressReporter.reportTimeTaken$(ProgressReporter.scala:425)
[2025-07-18T15:52:02.618+0000] {subprocess.py:93} INFO - 	at org.apache.spark.sql.execution.streaming.StreamExecution.reportTimeTaken(StreamExecution.scala:67)
[2025-07-18T15:52:02.619+0000] {subprocess.py:93} INFO - 	at org.apache.spark.sql.execution.streaming.MicroBatchExecution.$anonfun$constructNextBatch$1(MicroBatchExecution.scala:535)
[2025-07-18T15:52:02.619+0000] {subprocess.py:93} INFO - 	at scala.runtime.java8.JFunction0$mcZ$sp.apply(JFunction0$mcZ$sp.java:23)
[2025-07-18T15:52:02.620+0000] {subprocess.py:93} INFO - 	at org.apache.spark.sql.execution.streaming.MicroBatchExecution.withProgressLocked(MicroBatchExecution.scala:810)
[2025-07-18T15:52:02.620+0000] {subprocess.py:93} INFO - 	at org.apache.spark.sql.execution.streaming.MicroBatchExecution.constructNextBatch(MicroBatchExecution.scala:475)
[2025-07-18T15:52:02.621+0000] {subprocess.py:93} INFO - 	at org.apache.spark.sql.execution.streaming.MicroBatchExecution.$anonfun$runActivatedStream$2(MicroBatchExecution.scala:268)
[2025-07-18T15:52:02.622+0000] {subprocess.py:93} INFO - 	at scala.runtime.java8.JFunction0$mcV$sp.apply(JFunction0$mcV$sp.java:23)
[2025-07-18T15:52:02.623+0000] {subprocess.py:93} INFO - 	at org.apache.spark.sql.execution.streaming.ProgressReporter.reportTimeTaken(ProgressReporter.scala:427)
[2025-07-18T15:52:02.623+0000] {subprocess.py:93} INFO - 	at org.apache.spark.sql.execution.streaming.ProgressReporter.reportTimeTaken$(ProgressReporter.scala:425)
[2025-07-18T15:52:02.623+0000] {subprocess.py:93} INFO - 	at org.apache.spark.sql.execution.streaming.StreamExecution.reportTimeTaken(StreamExecution.scala:67)
[2025-07-18T15:52:02.624+0000] {subprocess.py:93} INFO - 	at org.apache.spark.sql.execution.streaming.MicroBatchExecution.$anonfun$runActivatedStream$1(MicroBatchExecution.scala:249)
[2025-07-18T15:52:02.624+0000] {subprocess.py:93} INFO - 	at org.apache.spark.sql.execution.streaming.ProcessingTimeExecutor.execute(TriggerExecutor.scala:67)
[2025-07-18T15:52:02.624+0000] {subprocess.py:93} INFO - 	at org.apache.spark.sql.execution.streaming.MicroBatchExecution.runActivatedStream(MicroBatchExecution.scala:239)
[2025-07-18T15:52:02.625+0000] {subprocess.py:93} INFO - 	at org.apache.spark.sql.execution.streaming.StreamExecution.$anonfun$runStream$1(StreamExecution.scala:311)
[2025-07-18T15:52:02.626+0000] {subprocess.py:93} INFO - 	at scala.runtime.java8.JFunction0$mcV$sp.apply(JFunction0$mcV$sp.java:23)
[2025-07-18T15:52:02.627+0000] {subprocess.py:93} INFO - 	at org.apache.spark.sql.SparkSession.withActive(SparkSession.scala:900)
[2025-07-18T15:52:02.627+0000] {subprocess.py:93} INFO - 	at org.apache.spark.sql.execution.streaming.StreamExecution.org$apache$spark$sql$execution$streaming$StreamExecution$$runStream(StreamExecution.scala:289)
[2025-07-18T15:52:02.628+0000] {subprocess.py:93} INFO - 	at org.apache.spark.sql.execution.streaming.StreamExecution$$anon$1.$anonfun$run$1(StreamExecution.scala:211)
[2025-07-18T15:52:02.628+0000] {subprocess.py:93} INFO - 	at scala.runtime.java8.JFunction0$mcV$sp.apply(JFunction0$mcV$sp.java:23)
[2025-07-18T15:52:02.629+0000] {subprocess.py:93} INFO - 	at org.apache.spark.JobArtifactSet$.withActiveJobArtifactState(JobArtifactSet.scala:94)
[2025-07-18T15:52:02.630+0000] {subprocess.py:93} INFO - 	at org.apache.spark.sql.execution.streaming.StreamExecution$$anon$1.run(StreamExecution.scala:211)
[2025-07-18T15:52:02.630+0000] {subprocess.py:93} INFO - Caused by: org.apache.hadoop.fs.FileAlreadyExistsException: Rename destination file:/tmp/checkpoints/reservations/offsets/31 already exists.
[2025-07-18T15:52:02.631+0000] {subprocess.py:93} INFO - 	at org.apache.hadoop.fs.AbstractFileSystem.renameInternal(AbstractFileSystem.java:770)
[2025-07-18T15:52:02.631+0000] {subprocess.py:93} INFO - 	at org.apache.hadoop.fs.AbstractFileSystem.rename(AbstractFileSystem.java:720)
[2025-07-18T15:52:02.632+0000] {subprocess.py:93} INFO - 	at org.apache.hadoop.fs.ChecksumFs.renameInternal(ChecksumFs.java:489)
[2025-07-18T15:52:02.632+0000] {subprocess.py:93} INFO - 	at org.apache.hadoop.fs.AbstractFileSystem.rename(AbstractFileSystem.java:720)
[2025-07-18T15:52:02.633+0000] {subprocess.py:93} INFO - 	at org.apache.hadoop.fs.FileContext.rename(FileContext.java:1036)
[2025-07-18T15:52:02.633+0000] {subprocess.py:93} INFO - 	at org.apache.spark.sql.execution.streaming.FileContextBasedCheckpointFileManager.renameTempFile(CheckpointFileManager.scala:372)
[2025-07-18T15:52:02.635+0000] {subprocess.py:93} INFO - 	at org.apache.spark.sql.execution.streaming.CheckpointFileManager$RenameBasedFSDataOutputStream.close(CheckpointFileManager.scala:154)
[2025-07-18T15:52:02.635+0000] {subprocess.py:93} INFO - 	at org.apache.spark.sql.execution.streaming.HDFSMetadataLog.write(HDFSMetadataLog.scala:204)
[2025-07-18T15:52:02.635+0000] {subprocess.py:93} INFO - 	... 28 more
[2025-07-18T15:52:02.636+0000] {subprocess.py:93} INFO - 25/07/18 15:52:02 INFO AppInfoParser: App info kafka.admin.client for adminclient-1 unregistered
[2025-07-18T15:52:02.636+0000] {subprocess.py:93} INFO - 25/07/18 15:52:02 INFO Metrics: Metrics scheduler closed
[2025-07-18T15:52:02.636+0000] {subprocess.py:93} INFO - 25/07/18 15:52:02 INFO Metrics: Closing reporter org.apache.kafka.common.metrics.JmxReporter
[2025-07-18T15:52:02.637+0000] {subprocess.py:93} INFO - 25/07/18 15:52:02 INFO Metrics: Metrics reporters closed
[2025-07-18T15:52:02.637+0000] {subprocess.py:93} INFO - 25/07/18 15:52:02 INFO MicroBatchExecution: Async log purge executor pool for query [id = 0314df7c-5598-4928-8d91-374ee67989d1, runId = d4b40eda-2667-4669-b6d1-8c97b348a08f] has been shutdown
[2025-07-18T15:52:02.711+0000] {subprocess.py:93} INFO - Traceback (most recent call last):
[2025-07-18T15:52:02.712+0000] {subprocess.py:93} INFO -   File "/home/iceberg/spark/stream_to_bronze.py", line 94, in <module>
[2025-07-18T15:52:02.713+0000] {subprocess.py:93} INFO -     spark.streams.awaitAnyTermination()
[2025-07-18T15:52:02.714+0000] {subprocess.py:93} INFO -   File "/opt/bitnami/spark/python/lib/pyspark.zip/pyspark/sql/streaming/query.py", line 596, in awaitAnyTermination
[2025-07-18T15:52:02.716+0000] {subprocess.py:93} INFO -   File "/opt/bitnami/spark/python/lib/py4j-0.10.9.7-src.zip/py4j/java_gateway.py", line 1322, in __call__
[2025-07-18T15:52:02.717+0000] {subprocess.py:93} INFO -   File "/opt/bitnami/spark/python/lib/pyspark.zip/pyspark/errors/exceptions/captured.py", line 185, in deco
[2025-07-18T15:52:02.726+0000] {subprocess.py:93} INFO - pyspark.errors.exceptions.captured.StreamingQueryException: [STREAM_FAILED] Query [id = 0314df7c-5598-4928-8d91-374ee67989d1, runId = d4b40eda-2667-4669-b6d1-8c97b348a08f] terminated with exception: Multiple streaming queries are concurrently using file:/tmp/checkpoints/reservations/offsets.
[2025-07-18T15:52:02.801+0000] {subprocess.py:93} INFO - 25/07/18 15:52:02 INFO SparkContext: Invoking stop() from shutdown hook
[2025-07-18T15:52:02.801+0000] {subprocess.py:93} INFO - 25/07/18 15:52:02 INFO SparkContext: SparkContext is stopping with exitCode 0.
[2025-07-18T15:52:02.814+0000] {subprocess.py:93} INFO - 25/07/18 15:52:02 INFO SparkUI: Stopped Spark web UI at http://77cb57a6bd53:4041
[2025-07-18T15:52:02.831+0000] {subprocess.py:93} INFO - 25/07/18 15:52:02 INFO MapOutputTrackerMasterEndpoint: MapOutputTrackerMasterEndpoint stopped!
[2025-07-18T15:52:02.846+0000] {subprocess.py:93} INFO - 25/07/18 15:52:02 INFO MemoryStore: MemoryStore cleared
[2025-07-18T15:52:02.847+0000] {subprocess.py:93} INFO - 25/07/18 15:52:02 INFO BlockManager: BlockManager stopped
[2025-07-18T15:52:02.850+0000] {subprocess.py:93} INFO - 25/07/18 15:52:02 INFO BlockManagerMaster: BlockManagerMaster stopped
[2025-07-18T15:52:02.854+0000] {subprocess.py:93} INFO - 25/07/18 15:52:02 INFO OutputCommitCoordinator$OutputCommitCoordinatorEndpoint: OutputCommitCoordinator stopped!
[2025-07-18T15:52:02.868+0000] {subprocess.py:93} INFO - 25/07/18 15:52:02 INFO SparkContext: Successfully stopped SparkContext
[2025-07-18T15:52:02.871+0000] {subprocess.py:93} INFO - 25/07/18 15:52:02 INFO ShutdownHookManager: Shutdown hook called
[2025-07-18T15:52:02.872+0000] {subprocess.py:93} INFO - 25/07/18 15:52:02 INFO ShutdownHookManager: Deleting directory /tmp/spark-78897d31-6d3d-44a1-8d35-7e6e3d3a5e5b
[2025-07-18T15:52:02.875+0000] {subprocess.py:93} INFO - 25/07/18 15:52:02 INFO ShutdownHookManager: Deleting directory /tmp/spark-6a464691-1ca8-4309-a944-4d79e2e2220f
[2025-07-18T15:52:02.879+0000] {subprocess.py:93} INFO - 25/07/18 15:52:02 INFO ShutdownHookManager: Deleting directory /tmp/spark-78897d31-6d3d-44a1-8d35-7e6e3d3a5e5b/pyspark-24625a3f-1af0-4dd1-8c6b-ca5a316324bb
[2025-07-18T15:52:02.882+0000] {subprocess.py:93} INFO - 25/07/18 15:52:02 INFO CheckpointFileManager: Writing atomically to file:/tmp/checkpoints/checkins/offsets/35 using temp file file:/tmp/checkpoints/checkins/offsets/.35.d34689f2-61f0-4ad3-a8f3-8a01c48d32e5.tmp
[2025-07-18T15:52:02.888+0000] {subprocess.py:93} INFO - 25/07/18 15:52:02 INFO MetricsSystemImpl: Stopping s3a-file-system metrics system...
[2025-07-18T15:52:02.888+0000] {subprocess.py:93} INFO - 25/07/18 15:52:02 INFO MetricsSystemImpl: s3a-file-system metrics system stopped.
[2025-07-18T15:52:02.889+0000] {subprocess.py:93} INFO - 25/07/18 15:52:02 INFO MetricsSystemImpl: s3a-file-system metrics system shutdown complete.
[2025-07-18T15:52:02.897+0000] {subprocess.py:93} INFO - 25/07/18 15:52:02 WARN CheckpointFileManager: Failed to rename temp file file:/tmp/checkpoints/checkins/offsets/.35.d34689f2-61f0-4ad3-a8f3-8a01c48d32e5.tmp to file:/tmp/checkpoints/checkins/offsets/35 because file exists
[2025-07-18T15:52:02.898+0000] {subprocess.py:93} INFO - org.apache.hadoop.fs.FileAlreadyExistsException: Rename destination file:/tmp/checkpoints/checkins/offsets/35 already exists.
[2025-07-18T15:52:02.899+0000] {subprocess.py:93} INFO - 	at org.apache.hadoop.fs.AbstractFileSystem.renameInternal(AbstractFileSystem.java:770)
[2025-07-18T15:52:02.899+0000] {subprocess.py:93} INFO - 	at org.apache.hadoop.fs.AbstractFileSystem.rename(AbstractFileSystem.java:720)
[2025-07-18T15:52:02.899+0000] {subprocess.py:93} INFO - 	at org.apache.hadoop.fs.ChecksumFs.renameInternal(ChecksumFs.java:489)
[2025-07-18T15:52:02.899+0000] {subprocess.py:93} INFO - 	at org.apache.hadoop.fs.AbstractFileSystem.rename(AbstractFileSystem.java:720)
[2025-07-18T15:52:02.899+0000] {subprocess.py:93} INFO - 	at org.apache.hadoop.fs.FileContext.rename(FileContext.java:1036)
[2025-07-18T15:52:02.899+0000] {subprocess.py:93} INFO - 	at org.apache.spark.sql.execution.streaming.FileContextBasedCheckpointFileManager.renameTempFile(CheckpointFileManager.scala:372)
[2025-07-18T15:52:02.900+0000] {subprocess.py:93} INFO - 	at org.apache.spark.sql.execution.streaming.CheckpointFileManager$RenameBasedFSDataOutputStream.close(CheckpointFileManager.scala:154)
[2025-07-18T15:52:02.900+0000] {subprocess.py:93} INFO - 	at org.apache.spark.sql.execution.streaming.HDFSMetadataLog.write(HDFSMetadataLog.scala:204)
[2025-07-18T15:52:02.900+0000] {subprocess.py:93} INFO - 	at org.apache.spark.sql.execution.streaming.HDFSMetadataLog.addNewBatchByStream(HDFSMetadataLog.scala:237)
[2025-07-18T15:52:02.900+0000] {subprocess.py:93} INFO - 	at org.apache.spark.sql.execution.streaming.HDFSMetadataLog.add(HDFSMetadataLog.scala:130)
[2025-07-18T15:52:02.900+0000] {subprocess.py:93} INFO - 	at org.apache.spark.sql.execution.streaming.MicroBatchExecution.markMicroBatchStart(MicroBatchExecution.scala:764)
[2025-07-18T15:52:02.900+0000] {subprocess.py:93} INFO - 	at org.apache.spark.sql.execution.streaming.MicroBatchExecution.$anonfun$constructNextBatch$13(MicroBatchExecution.scala:536)
[2025-07-18T15:52:02.901+0000] {subprocess.py:93} INFO - 	at scala.runtime.java8.JFunction0$mcV$sp.apply(JFunction0$mcV$sp.java:23)
[2025-07-18T15:52:02.901+0000] {subprocess.py:93} INFO - 	at org.apache.spark.sql.execution.streaming.ProgressReporter.reportTimeTaken(ProgressReporter.scala:427)
[2025-07-18T15:52:02.901+0000] {subprocess.py:93} INFO - 	at org.apache.spark.sql.execution.streaming.ProgressReporter.reportTimeTaken$(ProgressReporter.scala:425)
[2025-07-18T15:52:02.901+0000] {subprocess.py:93} INFO - 	at org.apache.spark.sql.execution.streaming.StreamExecution.reportTimeTaken(StreamExecution.scala:67)
[2025-07-18T15:52:02.901+0000] {subprocess.py:93} INFO - 	at org.apache.spark.sql.execution.streaming.MicroBatchExecution.$anonfun$constructNextBatch$1(MicroBatchExecution.scala:535)
[2025-07-18T15:52:02.901+0000] {subprocess.py:93} INFO - 	at scala.runtime.java8.JFunction0$mcZ$sp.apply(JFunction0$mcZ$sp.java:23)
[2025-07-18T15:52:02.901+0000] {subprocess.py:93} INFO - 	at org.apache.spark.sql.execution.streaming.MicroBatchExecution.withProgressLocked(MicroBatchExecution.scala:810)
[2025-07-18T15:52:02.901+0000] {subprocess.py:93} INFO - 	at org.apache.spark.sql.execution.streaming.MicroBatchExecution.constructNextBatch(MicroBatchExecution.scala:475)
[2025-07-18T15:52:02.901+0000] {subprocess.py:93} INFO - 	at org.apache.spark.sql.execution.streaming.MicroBatchExecution.$anonfun$runActivatedStream$2(MicroBatchExecution.scala:268)
[2025-07-18T15:52:02.901+0000] {subprocess.py:93} INFO - 	at scala.runtime.java8.JFunction0$mcV$sp.apply(JFunction0$mcV$sp.java:23)
[2025-07-18T15:52:02.902+0000] {subprocess.py:93} INFO - 	at org.apache.spark.sql.execution.streaming.ProgressReporter.reportTimeTaken(ProgressReporter.scala:427)
[2025-07-18T15:52:02.902+0000] {subprocess.py:93} INFO - 	at org.apache.spark.sql.execution.streaming.ProgressReporter.reportTimeTaken$(ProgressReporter.scala:425)
[2025-07-18T15:52:02.902+0000] {subprocess.py:93} INFO - 	at org.apache.spark.sql.execution.streaming.StreamExecution.reportTimeTaken(StreamExecution.scala:67)
[2025-07-18T15:52:02.902+0000] {subprocess.py:93} INFO - 	at org.apache.spark.sql.execution.streaming.MicroBatchExecution.$anonfun$runActivatedStream$1(MicroBatchExecution.scala:249)
[2025-07-18T15:52:02.902+0000] {subprocess.py:93} INFO - 	at org.apache.spark.sql.execution.streaming.ProcessingTimeExecutor.execute(TriggerExecutor.scala:67)
[2025-07-18T15:52:02.902+0000] {subprocess.py:93} INFO - 	at org.apache.spark.sql.execution.streaming.MicroBatchExecution.runActivatedStream(MicroBatchExecution.scala:239)
[2025-07-18T15:52:02.902+0000] {subprocess.py:93} INFO - 	at org.apache.spark.sql.execution.streaming.StreamExecution.$anonfun$runStream$1(StreamExecution.scala:311)
[2025-07-18T15:52:02.903+0000] {subprocess.py:93} INFO - 	at scala.runtime.java8.JFunction0$mcV$sp.apply(JFunction0$mcV$sp.java:23)
[2025-07-18T15:52:02.903+0000] {subprocess.py:93} INFO - 	at org.apache.spark.sql.SparkSession.withActive(SparkSession.scala:900)
[2025-07-18T15:52:02.903+0000] {subprocess.py:93} INFO - 	at org.apache.spark.sql.execution.streaming.StreamExecution.org$apache$spark$sql$execution$streaming$StreamExecution$$runStream(StreamExecution.scala:289)
[2025-07-18T15:52:02.903+0000] {subprocess.py:93} INFO - 	at org.apache.spark.sql.execution.streaming.StreamExecution$$anon$1.$anonfun$run$1(StreamExecution.scala:211)
[2025-07-18T15:52:02.903+0000] {subprocess.py:93} INFO - 	at scala.runtime.java8.JFunction0$mcV$sp.apply(JFunction0$mcV$sp.java:23)
[2025-07-18T15:52:02.904+0000] {subprocess.py:93} INFO - 	at org.apache.spark.JobArtifactSet$.withActiveJobArtifactState(JobArtifactSet.scala:94)
[2025-07-18T15:52:02.904+0000] {subprocess.py:93} INFO - 	at org.apache.spark.sql.execution.streaming.StreamExecution$$anon$1.run(StreamExecution.scala:211)
[2025-07-18T15:52:02.904+0000] {subprocess.py:93} INFO - 25/07/18 15:52:02 ERROR MicroBatchExecution: Query [id = a9a9b3af-d3c2-4704-81e0-4163831ae683, runId = e9e9b004-5846-41f6-ba04-383aebb2dfe6] terminated with error
[2025-07-18T15:52:02.904+0000] {subprocess.py:93} INFO - org.apache.spark.SparkConcurrentModificationException: Multiple streaming queries are concurrently using file:/tmp/checkpoints/checkins/offsets.
[2025-07-18T15:52:02.904+0000] {subprocess.py:93} INFO - 	at org.apache.spark.sql.errors.QueryExecutionErrors$.multiStreamingQueriesUsingPathConcurrentlyError(QueryExecutionErrors.scala:1858)
[2025-07-18T15:52:02.904+0000] {subprocess.py:93} INFO - 	at org.apache.spark.sql.execution.streaming.HDFSMetadataLog.write(HDFSMetadataLog.scala:210)
[2025-07-18T15:52:02.904+0000] {subprocess.py:93} INFO - 	at org.apache.spark.sql.execution.streaming.HDFSMetadataLog.addNewBatchByStream(HDFSMetadataLog.scala:237)
[2025-07-18T15:52:02.904+0000] {subprocess.py:93} INFO - 	at org.apache.spark.sql.execution.streaming.HDFSMetadataLog.add(HDFSMetadataLog.scala:130)
[2025-07-18T15:52:02.904+0000] {subprocess.py:93} INFO - 	at org.apache.spark.sql.execution.streaming.MicroBatchExecution.markMicroBatchStart(MicroBatchExecution.scala:764)
[2025-07-18T15:52:02.905+0000] {subprocess.py:93} INFO - 	at org.apache.spark.sql.execution.streaming.MicroBatchExecution.$anonfun$constructNextBatch$13(MicroBatchExecution.scala:536)
[2025-07-18T15:52:02.905+0000] {subprocess.py:93} INFO - 	at scala.runtime.java8.JFunction0$mcV$sp.apply(JFunction0$mcV$sp.java:23)
[2025-07-18T15:52:02.905+0000] {subprocess.py:93} INFO - 	at org.apache.spark.sql.execution.streaming.ProgressReporter.reportTimeTaken(ProgressReporter.scala:427)
[2025-07-18T15:52:02.905+0000] {subprocess.py:93} INFO - 	at org.apache.spark.sql.execution.streaming.ProgressReporter.reportTimeTaken$(ProgressReporter.scala:425)
[2025-07-18T15:52:02.905+0000] {subprocess.py:93} INFO - 	at org.apache.spark.sql.execution.streaming.StreamExecution.reportTimeTaken(StreamExecution.scala:67)
[2025-07-18T15:52:02.905+0000] {subprocess.py:93} INFO - 	at org.apache.spark.sql.execution.streaming.MicroBatchExecution.$anonfun$constructNextBatch$1(MicroBatchExecution.scala:535)
[2025-07-18T15:52:02.905+0000] {subprocess.py:93} INFO - 	at scala.runtime.java8.JFunction0$mcZ$sp.apply(JFunction0$mcZ$sp.java:23)
[2025-07-18T15:52:02.905+0000] {subprocess.py:93} INFO - 	at org.apache.spark.sql.execution.streaming.MicroBatchExecution.withProgressLocked(MicroBatchExecution.scala:810)
[2025-07-18T15:52:02.906+0000] {subprocess.py:93} INFO - 	at org.apache.spark.sql.execution.streaming.MicroBatchExecution.constructNextBatch(MicroBatchExecution.scala:475)
[2025-07-18T15:52:02.906+0000] {subprocess.py:93} INFO - 	at org.apache.spark.sql.execution.streaming.MicroBatchExecution.$anonfun$runActivatedStream$2(MicroBatchExecution.scala:268)
[2025-07-18T15:52:02.906+0000] {subprocess.py:93} INFO - 	at scala.runtime.java8.JFunction0$mcV$sp.apply(JFunction0$mcV$sp.java:23)
[2025-07-18T15:52:02.906+0000] {subprocess.py:93} INFO - 	at org.apache.spark.sql.execution.streaming.ProgressReporter.reportTimeTaken(ProgressReporter.scala:427)
[2025-07-18T15:52:02.906+0000] {subprocess.py:93} INFO - 	at org.apache.spark.sql.execution.streaming.ProgressReporter.reportTimeTaken$(ProgressReporter.scala:425)
[2025-07-18T15:52:02.906+0000] {subprocess.py:93} INFO - 	at org.apache.spark.sql.execution.streaming.StreamExecution.reportTimeTaken(StreamExecution.scala:67)
[2025-07-18T15:52:02.906+0000] {subprocess.py:93} INFO - 	at org.apache.spark.sql.execution.streaming.MicroBatchExecution.$anonfun$runActivatedStream$1(MicroBatchExecution.scala:249)
[2025-07-18T15:52:02.906+0000] {subprocess.py:93} INFO - 	at org.apache.spark.sql.execution.streaming.ProcessingTimeExecutor.execute(TriggerExecutor.scala:67)
[2025-07-18T15:52:02.906+0000] {subprocess.py:93} INFO - 	at org.apache.spark.sql.execution.streaming.MicroBatchExecution.runActivatedStream(MicroBatchExecution.scala:239)
[2025-07-18T15:52:02.906+0000] {subprocess.py:93} INFO - 	at org.apache.spark.sql.execution.streaming.StreamExecution.$anonfun$runStream$1(StreamExecution.scala:311)
[2025-07-18T15:52:02.907+0000] {subprocess.py:93} INFO - 	at scala.runtime.java8.JFunction0$mcV$sp.apply(JFunction0$mcV$sp.java:23)
[2025-07-18T15:52:02.907+0000] {subprocess.py:93} INFO - 	at org.apache.spark.sql.SparkSession.withActive(SparkSession.scala:900)
[2025-07-18T15:52:02.907+0000] {subprocess.py:93} INFO - 	at org.apache.spark.sql.execution.streaming.StreamExecution.org$apache$spark$sql$execution$streaming$StreamExecution$$runStream(StreamExecution.scala:289)
[2025-07-18T15:52:02.907+0000] {subprocess.py:93} INFO - 	at org.apache.spark.sql.execution.streaming.StreamExecution$$anon$1.$anonfun$run$1(StreamExecution.scala:211)
[2025-07-18T15:52:02.907+0000] {subprocess.py:93} INFO - 	at scala.runtime.java8.JFunction0$mcV$sp.apply(JFunction0$mcV$sp.java:23)
[2025-07-18T15:52:02.907+0000] {subprocess.py:93} INFO - 	at org.apache.spark.JobArtifactSet$.withActiveJobArtifactState(JobArtifactSet.scala:94)
[2025-07-18T15:52:02.907+0000] {subprocess.py:93} INFO - 	at org.apache.spark.sql.execution.streaming.StreamExecution$$anon$1.run(StreamExecution.scala:211)
[2025-07-18T15:52:02.907+0000] {subprocess.py:93} INFO - Caused by: org.apache.hadoop.fs.FileAlreadyExistsException: Rename destination file:/tmp/checkpoints/checkins/offsets/35 already exists.
[2025-07-18T15:52:02.907+0000] {subprocess.py:93} INFO - 	at org.apache.hadoop.fs.AbstractFileSystem.renameInternal(AbstractFileSystem.java:770)
[2025-07-18T15:52:02.907+0000] {subprocess.py:93} INFO - 	at org.apache.hadoop.fs.AbstractFileSystem.rename(AbstractFileSystem.java:720)
[2025-07-18T15:52:02.907+0000] {subprocess.py:93} INFO - 	at org.apache.hadoop.fs.ChecksumFs.renameInternal(ChecksumFs.java:489)
[2025-07-18T15:52:02.908+0000] {subprocess.py:93} INFO - 	at org.apache.hadoop.fs.AbstractFileSystem.rename(AbstractFileSystem.java:720)
[2025-07-18T15:52:02.908+0000] {subprocess.py:93} INFO - 	at org.apache.hadoop.fs.FileContext.rename(FileContext.java:1036)
[2025-07-18T15:52:02.908+0000] {subprocess.py:93} INFO - 	at org.apache.spark.sql.execution.streaming.FileContextBasedCheckpointFileManager.renameTempFile(CheckpointFileManager.scala:372)
[2025-07-18T15:52:02.908+0000] {subprocess.py:93} INFO - 	at org.apache.spark.sql.execution.streaming.CheckpointFileManager$RenameBasedFSDataOutputStream.close(CheckpointFileManager.scala:154)
[2025-07-18T15:52:02.908+0000] {subprocess.py:93} INFO - 	at org.apache.spark.sql.execution.streaming.HDFSMetadataLog.write(HDFSMetadataLog.scala:204)
[2025-07-18T15:52:02.908+0000] {subprocess.py:93} INFO - 	... 28 more
[2025-07-18T15:52:03.277+0000] {subprocess.py:97} INFO - Command exited with return code 1
[2025-07-18T15:52:03.296+0000] {taskinstance.py:1937} ERROR - Task failed with exception
Traceback (most recent call last):
  File "/home/airflow/.local/lib/python3.8/site-packages/airflow/operators/bash.py", line 210, in execute
    raise AirflowException(
airflow.exceptions.AirflowException: Bash command failed. The command returned a non-zero exit code 1.
[2025-07-18T15:52:03.300+0000] {taskinstance.py:1400} INFO - Marking task as FAILED. dag_id=restaurant_pipeline, task_id=stream_to_bronze, execution_date=20250718T154800, start_date=20250718T155004, end_date=20250718T155203
[2025-07-18T15:52:03.311+0000] {standard_task_runner.py:104} ERROR - Failed to execute job 138 for task stream_to_bronze (Bash command failed. The command returned a non-zero exit code 1.; 766)
[2025-07-18T15:52:03.322+0000] {local_task_job_runner.py:228} INFO - Task exited with return code 1
[2025-07-18T15:52:03.368+0000] {taskinstance.py:2778} INFO - 0 downstream tasks scheduled from follow-on schedule check
