[2025-07-19T22:22:21.124+0000] {taskinstance.py:1159} INFO - Dependencies all met for dep_context=non-requeueable deps ti=<TaskInstance: restaurant_pipeline.send_to_kafka scheduled__2025-07-19T22:18:00+00:00 [queued]>
[2025-07-19T22:22:21.128+0000] {taskinstance.py:1159} INFO - Dependencies all met for dep_context=requeueable deps ti=<TaskInstance: restaurant_pipeline.send_to_kafka scheduled__2025-07-19T22:18:00+00:00 [queued]>
[2025-07-19T22:22:21.129+0000] {taskinstance.py:1361} INFO - Starting attempt 1 of 1
[2025-07-19T22:22:21.134+0000] {taskinstance.py:1382} INFO - Executing <Task(BashOperator): send_to_kafka> on 2025-07-19 22:18:00+00:00
[2025-07-19T22:22:21.137+0000] {standard_task_runner.py:57} INFO - Started process 181 to run task
[2025-07-19T22:22:21.139+0000] {standard_task_runner.py:84} INFO - Running: ['***', 'tasks', 'run', 'restaurant_pipeline', 'send_to_kafka', 'scheduled__2025-07-19T22:18:00+00:00', '--job-id', '1297', '--raw', '--subdir', 'DAGS_FOLDER/restaurant_pipeline.py', '--cfg-path', '/tmp/tmpigdgao6t']
[2025-07-19T22:22:21.141+0000] {standard_task_runner.py:85} INFO - Job 1297: Subtask send_to_kafka
[2025-07-19T22:22:21.165+0000] {task_command.py:416} INFO - Running <TaskInstance: restaurant_pipeline.send_to_kafka scheduled__2025-07-19T22:18:00+00:00 [running]> on host 68c629ee1fb9
[2025-07-19T22:22:21.221+0000] {taskinstance.py:1662} INFO - Exporting env vars: AIRFLOW_CTX_DAG_OWNER='moran' AIRFLOW_CTX_DAG_ID='restaurant_pipeline' AIRFLOW_CTX_TASK_ID='send_to_kafka' AIRFLOW_CTX_EXECUTION_DATE='2025-07-19T22:18:00+00:00' AIRFLOW_CTX_TRY_NUMBER='1' AIRFLOW_CTX_DAG_RUN_ID='scheduled__2025-07-19T22:18:00+00:00'
[2025-07-19T22:22:21.222+0000] {subprocess.py:63} INFO - Tmp dir root location: /tmp
[2025-07-19T22:22:21.222+0000] {subprocess.py:75} INFO - Running command: ['/bin/bash', '-c', 'python /opt/streaming/producer.py']
[2025-07-19T22:22:21.228+0000] {subprocess.py:86} INFO - Output:
[2025-07-19T22:22:23.589+0000] {subprocess.py:93} INFO - [✓] Sent to reservations: {'reservation_id': 7212, 'branch_id': 102, 'customer_name': 'Lindsey Golden', 'phone_number': '+1-776-642-0070x5344', 'reservation_date': '2025-07-19', 'reservation_time': '00:01', 'guests_count': 6, 'is_confirmed': True}
[2025-07-19T22:22:23.589+0000] {subprocess.py:93} INFO - [✓] Sent to reservations: {'reservation_id': 9700, 'branch_id': 102, 'customer_name': 'Edward Davis', 'phone_number': '+1-398-901-4164x16662', 'reservation_date': '2025-07-19', 'reservation_time': '22:33', 'guests_count': 1, 'is_confirmed': False}
[2025-07-19T22:22:23.590+0000] {subprocess.py:93} INFO - [✓] Sent to reservations: {'reservation_id': 4637, 'branch_id': 101, 'customer_name': 'Christine Swanson', 'phone_number': '755-596-9410', 'reservation_date': '2025-07-19', 'reservation_time': '23:22', 'guests_count': 4, 'is_confirmed': True}
[2025-07-19T22:22:23.590+0000] {subprocess.py:93} INFO - [✓] Sent to checkins: {'checkin_id': 2262, 'customer_name': 'Mathew Gamble', 'phone_number': '+1-947-438-2666x044', 'branch_id': 101, 'table_id': 208, 'is_prebooked': False, 'checkin_date': '2025-07-19', 'checkin_time': '21:58', 'guests_count': 2, 'shift_manager': 'Melissa Thompson'}
[2025-07-19T22:22:23.590+0000] {subprocess.py:93} INFO - [✓] Sent to checkins: {'checkin_id': 9038, 'customer_name': 'Teresa Schultz', 'phone_number': '+1-798-400-1638', 'branch_id': 102, 'table_id': 203, 'is_prebooked': True, 'checkin_date': '2025-07-19', 'checkin_time': '22:00', 'guests_count': 3, 'shift_manager': 'Mark Osborn'}
[2025-07-19T22:22:23.590+0000] {subprocess.py:93} INFO - [✓] Sent to checkins: {'checkin_id': 9412, 'customer_name': 'Matthew Hernandez', 'phone_number': '9028097813', 'branch_id': 101, 'table_id': 200, 'is_prebooked': True, 'checkin_date': '2025-07-19', 'checkin_time': '20:51', 'guests_count': 1, 'shift_manager': 'Clarence Bowman'}
[2025-07-19T22:22:23.590+0000] {subprocess.py:93} INFO - [✓] Sent to feedback: {'feedback_id': 2900, 'branch_id': 101, 'customer_name': 'Catherine Johnson', 'phone_number': '+1-212-563-0162x902', 'feedback_text': 'Thing situation religious sport hit present finish.', 'rating': 2, 'dining_date': '2025-07-19', 'dining_time': '21:27', 'submission_time': '2025-07-19T22:22:20'}
[2025-07-19T22:22:23.590+0000] {subprocess.py:93} INFO - [✓] Sent to feedback: {'feedback_id': 5330, 'branch_id': 102, 'customer_name': 'Meghan Garcia', 'phone_number': '4414215302', 'feedback_text': 'Compare human vote part individual.', 'rating': 3, 'dining_date': '2025-07-19', 'dining_time': '20:26', 'submission_time': '2025-07-19T22:22:20'}
[2025-07-19T22:22:23.590+0000] {subprocess.py:93} INFO - [✓] Sent to feedback: {'feedback_id': 6294, 'branch_id': 101, 'customer_name': 'Courtney Walsh', 'phone_number': '+1-359-239-2948x05685', 'feedback_text': 'Change among safe staff ago interesting summer.', 'rating': 1, 'dining_date': '2025-07-19', 'dining_time': '20:44', 'submission_time': '2025-07-19T22:22:20'}
[2025-07-19T22:22:23.590+0000] {subprocess.py:93} INFO - ✅ All messages sent.
[2025-07-19T22:22:23.617+0000] {subprocess.py:97} INFO - Command exited with return code 0
[2025-07-19T22:22:23.632+0000] {taskinstance.py:1400} INFO - Marking task as SUCCESS. dag_id=restaurant_pipeline, task_id=send_to_kafka, execution_date=20250719T221800, start_date=20250719T222221, end_date=20250719T222223
[2025-07-19T22:22:23.662+0000] {local_task_job_runner.py:228} INFO - Task exited with return code 0
[2025-07-19T22:22:23.687+0000] {taskinstance.py:2778} INFO - 1 downstream tasks scheduled from follow-on schedule check
