[2025-07-18T16:04:05.274+0000] {taskinstance.py:1159} INFO - Dependencies all met for dep_context=non-requeueable deps ti=<TaskInstance: restaurant_pipeline.stream_to_bronze scheduled__2025-07-18T16:02:00+00:00 [queued]>
[2025-07-18T16:04:05.280+0000] {taskinstance.py:1159} INFO - Dependencies all met for dep_context=requeueable deps ti=<TaskInstance: restaurant_pipeline.stream_to_bronze scheduled__2025-07-18T16:02:00+00:00 [queued]>
[2025-07-18T16:04:05.281+0000] {taskinstance.py:1361} INFO - Starting attempt 1 of 1
[2025-07-18T16:04:05.288+0000] {taskinstance.py:1382} INFO - Executing <Task(BashOperator): stream_to_bronze> on 2025-07-18 16:02:00+00:00
[2025-07-18T16:04:05.291+0000] {standard_task_runner.py:57} INFO - Started process 1039 to run task
[2025-07-18T16:04:05.293+0000] {standard_task_runner.py:84} INFO - Running: ['***', 'tasks', 'run', 'restaurant_pipeline', 'stream_to_bronze', 'scheduled__2025-07-18T16:02:00+00:00', '--job-id', '162', '--raw', '--subdir', 'DAGS_FOLDER/restaurant_pipeline.py', '--cfg-path', '/tmp/tmpn605146k']
[2025-07-18T16:04:05.296+0000] {standard_task_runner.py:85} INFO - Job 162: Subtask stream_to_bronze
[2025-07-18T16:04:05.335+0000] {task_command.py:416} INFO - Running <TaskInstance: restaurant_pipeline.stream_to_bronze scheduled__2025-07-18T16:02:00+00:00 [running]> on host 9bcfb43e0ab7
[2025-07-18T16:04:05.387+0000] {taskinstance.py:1662} INFO - Exporting env vars: AIRFLOW_CTX_DAG_OWNER='moran' AIRFLOW_CTX_DAG_ID='restaurant_pipeline' AIRFLOW_CTX_TASK_ID='stream_to_bronze' AIRFLOW_CTX_EXECUTION_DATE='2025-07-18T16:02:00+00:00' AIRFLOW_CTX_TRY_NUMBER='1' AIRFLOW_CTX_DAG_RUN_ID='scheduled__2025-07-18T16:02:00+00:00'
[2025-07-18T16:04:05.388+0000] {subprocess.py:63} INFO - Tmp dir root location: /tmp
[2025-07-18T16:04:05.389+0000] {subprocess.py:75} INFO - Running command: ['/bin/bash', '-c', 'docker exec spark-iceberg spark-submit /home/iceberg/spark/stream_to_bronze.py']
[2025-07-18T16:04:05.396+0000] {subprocess.py:86} INFO - Output:
[2025-07-18T16:04:06.815+0000] {subprocess.py:93} INFO - 25/07/18 16:04:06 INFO SparkContext: Running Spark version 3.5.6
[2025-07-18T16:04:06.816+0000] {subprocess.py:93} INFO - 25/07/18 16:04:06 INFO SparkContext: OS info Linux, 6.10.14-linuxkit, aarch64
[2025-07-18T16:04:06.816+0000] {subprocess.py:93} INFO - 25/07/18 16:04:06 INFO SparkContext: Java version 17.0.15
[2025-07-18T16:04:06.831+0000] {subprocess.py:93} INFO - 25/07/18 16:04:06 INFO ResourceUtils: ==============================================================
[2025-07-18T16:04:06.831+0000] {subprocess.py:93} INFO - 25/07/18 16:04:06 INFO ResourceUtils: No custom resources configured for spark.driver.
[2025-07-18T16:04:06.831+0000] {subprocess.py:93} INFO - 25/07/18 16:04:06 INFO ResourceUtils: ==============================================================
[2025-07-18T16:04:06.832+0000] {subprocess.py:93} INFO - 25/07/18 16:04:06 INFO SparkContext: Submitted application: StreamToBronze
[2025-07-18T16:04:06.841+0000] {subprocess.py:93} INFO - 25/07/18 16:04:06 INFO ResourceProfile: Default ResourceProfile created, executor resources: Map(cores -> name: cores, amount: 1, script: , vendor: , memory -> name: memory, amount: 1024, script: , vendor: , offHeap -> name: offHeap, amount: 0, script: , vendor: ), task resources: Map(cpus -> name: cpus, amount: 1.0)
[2025-07-18T16:04:06.846+0000] {subprocess.py:93} INFO - 25/07/18 16:04:06 INFO ResourceProfile: Limiting resource is cpu
[2025-07-18T16:04:06.846+0000] {subprocess.py:93} INFO - 25/07/18 16:04:06 INFO ResourceProfileManager: Added ResourceProfile id: 0
[2025-07-18T16:04:06.869+0000] {subprocess.py:93} INFO - 25/07/18 16:04:06 INFO SecurityManager: Changing view acls to: root,spark
[2025-07-18T16:04:06.869+0000] {subprocess.py:93} INFO - 25/07/18 16:04:06 INFO SecurityManager: Changing modify acls to: root,spark
[2025-07-18T16:04:06.870+0000] {subprocess.py:93} INFO - 25/07/18 16:04:06 INFO SecurityManager: Changing view acls groups to:
[2025-07-18T16:04:06.870+0000] {subprocess.py:93} INFO - 25/07/18 16:04:06 INFO SecurityManager: Changing modify acls groups to:
[2025-07-18T16:04:06.870+0000] {subprocess.py:93} INFO - 25/07/18 16:04:06 INFO SecurityManager: SecurityManager: authentication disabled; ui acls disabled; users with view permissions: root, spark; groups with view permissions: EMPTY; users with modify permissions: root, spark; groups with modify permissions: EMPTY
[2025-07-18T16:04:06.898+0000] {subprocess.py:93} INFO - 25/07/18 16:04:06 WARN NativeCodeLoader: Unable to load native-hadoop library for your platform... using builtin-java classes where applicable
[2025-07-18T16:04:07.028+0000] {subprocess.py:93} INFO - 25/07/18 16:04:07 INFO Utils: Successfully started service 'sparkDriver' on port 36331.
[2025-07-18T16:04:07.044+0000] {subprocess.py:93} INFO - 25/07/18 16:04:07 INFO SparkEnv: Registering MapOutputTracker
[2025-07-18T16:04:07.064+0000] {subprocess.py:93} INFO - 25/07/18 16:04:07 INFO SparkEnv: Registering BlockManagerMaster
[2025-07-18T16:04:07.072+0000] {subprocess.py:93} INFO - 25/07/18 16:04:07 INFO BlockManagerMasterEndpoint: Using org.apache.spark.storage.DefaultTopologyMapper for getting topology information
[2025-07-18T16:04:07.072+0000] {subprocess.py:93} INFO - 25/07/18 16:04:07 INFO BlockManagerMasterEndpoint: BlockManagerMasterEndpoint up
[2025-07-18T16:04:07.075+0000] {subprocess.py:93} INFO - 25/07/18 16:04:07 INFO SparkEnv: Registering BlockManagerMasterHeartbeat
[2025-07-18T16:04:07.096+0000] {subprocess.py:93} INFO - 25/07/18 16:04:07 INFO DiskBlockManager: Created local directory at /tmp/blockmgr-60c4d010-312c-4050-bd5d-a7409f448d48
[2025-07-18T16:04:07.102+0000] {subprocess.py:93} INFO - 25/07/18 16:04:07 INFO MemoryStore: MemoryStore started with capacity 434.4 MiB
[2025-07-18T16:04:07.110+0000] {subprocess.py:93} INFO - 25/07/18 16:04:07 INFO SparkEnv: Registering OutputCommitCoordinator
[2025-07-18T16:04:07.171+0000] {subprocess.py:93} INFO - 25/07/18 16:04:07 INFO JettyUtils: Start Jetty 0.0.0.0:4040 for SparkUI
[2025-07-18T16:04:07.197+0000] {subprocess.py:93} INFO - 25/07/18 16:04:07 WARN Utils: Service 'SparkUI' could not bind on port 4040. Attempting port 4041.
[2025-07-18T16:04:07.201+0000] {subprocess.py:93} INFO - 25/07/18 16:04:07 INFO Utils: Successfully started service 'SparkUI' on port 4041.
[2025-07-18T16:04:07.246+0000] {subprocess.py:93} INFO - 25/07/18 16:04:07 INFO Executor: Starting executor ID driver on host 77cb57a6bd53
[2025-07-18T16:04:07.247+0000] {subprocess.py:93} INFO - 25/07/18 16:04:07 INFO Executor: OS info Linux, 6.10.14-linuxkit, aarch64
[2025-07-18T16:04:07.247+0000] {subprocess.py:93} INFO - 25/07/18 16:04:07 INFO Executor: Java version 17.0.15
[2025-07-18T16:04:07.250+0000] {subprocess.py:93} INFO - 25/07/18 16:04:07 INFO Executor: Starting executor with user classpath (userClassPathFirst = false): ''
[2025-07-18T16:04:07.250+0000] {subprocess.py:93} INFO - 25/07/18 16:04:07 INFO Executor: Created or updated repl class loader org.apache.spark.util.MutableURLClassLoader@296e5f2 for default.
[2025-07-18T16:04:07.259+0000] {subprocess.py:93} INFO - 25/07/18 16:04:07 INFO Utils: Successfully started service 'org.apache.spark.network.netty.NettyBlockTransferService' on port 39727.
[2025-07-18T16:04:07.260+0000] {subprocess.py:93} INFO - 25/07/18 16:04:07 INFO NettyBlockTransferService: Server created on 77cb57a6bd53:39727
[2025-07-18T16:04:07.260+0000] {subprocess.py:93} INFO - 25/07/18 16:04:07 INFO BlockManager: Using org.apache.spark.storage.RandomBlockReplicationPolicy for block replication policy
[2025-07-18T16:04:07.267+0000] {subprocess.py:93} INFO - 25/07/18 16:04:07 INFO BlockManagerMaster: Registering BlockManager BlockManagerId(driver, 77cb57a6bd53, 39727, None)
[2025-07-18T16:04:07.268+0000] {subprocess.py:93} INFO - 25/07/18 16:04:07 INFO BlockManagerMasterEndpoint: Registering block manager 77cb57a6bd53:39727 with 434.4 MiB RAM, BlockManagerId(driver, 77cb57a6bd53, 39727, None)
[2025-07-18T16:04:07.270+0000] {subprocess.py:93} INFO - 25/07/18 16:04:07 INFO BlockManagerMaster: Registered BlockManager BlockManagerId(driver, 77cb57a6bd53, 39727, None)
[2025-07-18T16:04:07.271+0000] {subprocess.py:93} INFO - 25/07/18 16:04:07 INFO BlockManager: Initialized BlockManager: BlockManagerId(driver, 77cb57a6bd53, 39727, None)
[2025-07-18T16:04:07.657+0000] {subprocess.py:93} INFO - 25/07/18 16:04:07 INFO SharedState: Setting hive.metastore.warehouse.dir ('null') to the value of spark.sql.warehouse.dir.
[2025-07-18T16:04:07.663+0000] {subprocess.py:93} INFO - 25/07/18 16:04:07 INFO SharedState: Warehouse path is 'file:/app/spark-warehouse'.
[2025-07-18T16:04:08.739+0000] {subprocess.py:93} INFO - 25/07/18 16:04:08 WARN MetricsConfig: Cannot locate configuration: tried hadoop-metrics2-s3a-file-system.properties,hadoop-metrics2.properties
[2025-07-18T16:04:08.746+0000] {subprocess.py:93} INFO - 25/07/18 16:04:08 INFO MetricsSystemImpl: Scheduled Metric snapshot period at 10 second(s).
[2025-07-18T16:04:08.746+0000] {subprocess.py:93} INFO - 25/07/18 16:04:08 INFO MetricsSystemImpl: s3a-file-system metrics system started
[2025-07-18T16:04:09.377+0000] {subprocess.py:93} INFO - 25/07/18 16:04:09 INFO BaseMetastoreCatalog: Table loaded by catalog: my_catalog.bronze.Reservations_raw
[2025-07-18T16:04:09.395+0000] {subprocess.py:93} INFO - 25/07/18 16:04:09 INFO StateStoreCoordinatorRef: Registered StateStoreCoordinator endpoint
[2025-07-18T16:04:09.430+0000] {subprocess.py:93} INFO - 25/07/18 16:04:09 INFO ResolveWriteToStream: Checkpoint root /tmp/checkpoints/reservations/default_run resolved to file:/tmp/checkpoints/reservations/default_run.
[2025-07-18T16:04:09.430+0000] {subprocess.py:93} INFO - 25/07/18 16:04:09 WARN ResolveWriteToStream: spark.sql.adaptive.enabled is not supported in streaming DataFrames/Datasets and will be disabled.
[2025-07-18T16:04:09.504+0000] {subprocess.py:93} INFO - 25/07/18 16:04:09 INFO MicroBatchExecution: Starting [id = e996b82a-5589-44f5-8cfc-d468442c9d9b, runId = 423419a2-f57f-4c0f-ac4f-33c7fb50e77d]. Use file:/tmp/checkpoints/reservations/default_run to store the query checkpoint.
[2025-07-18T16:04:09.514+0000] {subprocess.py:93} INFO - 25/07/18 16:04:09 INFO MicroBatchExecution: Reading table [org.apache.spark.sql.kafka010.KafkaSourceProvider$KafkaTable@74bb6365] from DataSourceV2 named 'kafka' [org.apache.spark.sql.kafka010.KafkaSourceProvider@a722a59]
[2025-07-18T16:04:09.552+0000] {subprocess.py:93} INFO - 25/07/18 16:04:09 INFO OffsetSeqLog: BatchIds found from listing: 0, 1, 2, 3, 4, 5, 6
[2025-07-18T16:04:09.563+0000] {subprocess.py:93} INFO - 25/07/18 16:04:09 INFO OffsetSeqLog: Getting latest batch 6
[2025-07-18T16:04:09.584+0000] {subprocess.py:93} INFO - 25/07/18 16:04:09 INFO OffsetSeqLog: BatchIds found from listing: 0, 1, 2, 3, 4, 5, 6
[2025-07-18T16:04:09.585+0000] {subprocess.py:93} INFO - 25/07/18 16:04:09 INFO OffsetSeqLog: Getting latest batch 6
[2025-07-18T16:04:09.593+0000] {subprocess.py:93} INFO - 25/07/18 16:04:09 INFO CommitLog: BatchIds found from listing: 0, 1, 2, 3, 4, 5, 6
[2025-07-18T16:04:09.595+0000] {subprocess.py:93} INFO - 25/07/18 16:04:09 INFO CommitLog: Getting latest batch 6
[2025-07-18T16:04:09.598+0000] {subprocess.py:93} INFO - 25/07/18 16:04:09 INFO MicroBatchExecution: Resuming at batch 7 with committed offsets {KafkaV2[Subscribe[reservations]]: {"reservations":{"0":105}}} and available offsets {KafkaV2[Subscribe[reservations]]: {"reservations":{"0":105}}}
[2025-07-18T16:04:09.598+0000] {subprocess.py:93} INFO - 25/07/18 16:04:09 INFO MicroBatchExecution: Stream started from {KafkaV2[Subscribe[reservations]]: {"reservations":{"0":105}}}
[2025-07-18T16:04:09.621+0000] {subprocess.py:93} INFO - 25/07/18 16:04:09 INFO BaseMetastoreCatalog: Table loaded by catalog: my_catalog.bronze.Checkins_raw
[2025-07-18T16:04:09.624+0000] {subprocess.py:93} INFO - 25/07/18 16:04:09 INFO ResolveWriteToStream: Checkpoint root /tmp/checkpoints/checkins/default_run resolved to file:/tmp/checkpoints/checkins/default_run.
[2025-07-18T16:04:09.625+0000] {subprocess.py:93} INFO - 25/07/18 16:04:09 WARN ResolveWriteToStream: spark.sql.adaptive.enabled is not supported in streaming DataFrames/Datasets and will be disabled.
[2025-07-18T16:04:09.629+0000] {subprocess.py:93} INFO - 25/07/18 16:04:09 INFO AdminClientConfig: AdminClientConfig values:
[2025-07-18T16:04:09.630+0000] {subprocess.py:93} INFO - 	auto.include.jmx.reporter = true
[2025-07-18T16:04:09.630+0000] {subprocess.py:93} INFO - 	bootstrap.servers = [kafka:9092]
[2025-07-18T16:04:09.630+0000] {subprocess.py:93} INFO - 	client.dns.lookup = use_all_dns_ips
[2025-07-18T16:04:09.630+0000] {subprocess.py:93} INFO - 	client.id =
[2025-07-18T16:04:09.630+0000] {subprocess.py:93} INFO - 	connections.max.idle.ms = 300000
[2025-07-18T16:04:09.630+0000] {subprocess.py:93} INFO - 	default.api.timeout.ms = 60000
[2025-07-18T16:04:09.630+0000] {subprocess.py:93} INFO - 	metadata.max.age.ms = 300000
[2025-07-18T16:04:09.631+0000] {subprocess.py:93} INFO - 	metric.reporters = []
[2025-07-18T16:04:09.631+0000] {subprocess.py:93} INFO - 	metrics.num.samples = 2
[2025-07-18T16:04:09.631+0000] {subprocess.py:93} INFO - 	metrics.recording.level = INFO
[2025-07-18T16:04:09.631+0000] {subprocess.py:93} INFO - 	metrics.sample.window.ms = 30000
[2025-07-18T16:04:09.631+0000] {subprocess.py:93} INFO - 	receive.buffer.bytes = 65536
[2025-07-18T16:04:09.631+0000] {subprocess.py:93} INFO - 	reconnect.backoff.max.ms = 1000
[2025-07-18T16:04:09.631+0000] {subprocess.py:93} INFO - 	reconnect.backoff.ms = 50
[2025-07-18T16:04:09.631+0000] {subprocess.py:93} INFO - 	request.timeout.ms = 30000
[2025-07-18T16:04:09.631+0000] {subprocess.py:93} INFO - 	retries = 2147483647
[2025-07-18T16:04:09.632+0000] {subprocess.py:93} INFO - 	retry.backoff.ms = 100
[2025-07-18T16:04:09.632+0000] {subprocess.py:93} INFO - 	sasl.client.callback.handler.class = null
[2025-07-18T16:04:09.632+0000] {subprocess.py:93} INFO - 	sasl.jaas.config = null
[2025-07-18T16:04:09.633+0000] {subprocess.py:93} INFO - 	sasl.kerberos.kinit.cmd = /usr/bin/kinit
[2025-07-18T16:04:09.633+0000] {subprocess.py:93} INFO - 	sasl.kerberos.min.time.before.relogin = 60000
[2025-07-18T16:04:09.633+0000] {subprocess.py:93} INFO - 	sasl.kerberos.service.name = null
[2025-07-18T16:04:09.633+0000] {subprocess.py:93} INFO - 	sasl.kerberos.ticket.renew.jitter = 0.05
[2025-07-18T16:04:09.633+0000] {subprocess.py:93} INFO - 	sasl.kerberos.ticket.renew.window.factor = 0.8
[2025-07-18T16:04:09.634+0000] {subprocess.py:93} INFO - 	sasl.login.callback.handler.class = null
[2025-07-18T16:04:09.634+0000] {subprocess.py:93} INFO - 	sasl.login.class = null
[2025-07-18T16:04:09.634+0000] {subprocess.py:93} INFO - 	sasl.login.connect.timeout.ms = null
[2025-07-18T16:04:09.634+0000] {subprocess.py:93} INFO - 	sasl.login.read.timeout.ms = null
[2025-07-18T16:04:09.635+0000] {subprocess.py:93} INFO - 	sasl.login.refresh.buffer.seconds = 300
[2025-07-18T16:04:09.635+0000] {subprocess.py:93} INFO - 	sasl.login.refresh.min.period.seconds = 60
[2025-07-18T16:04:09.635+0000] {subprocess.py:93} INFO - 	sasl.login.refresh.window.factor = 0.8
[2025-07-18T16:04:09.635+0000] {subprocess.py:93} INFO - 	sasl.login.refresh.window.jitter = 0.05
[2025-07-18T16:04:09.636+0000] {subprocess.py:93} INFO - 	sasl.login.retry.backoff.max.ms = 10000
[2025-07-18T16:04:09.636+0000] {subprocess.py:93} INFO - 	sasl.login.retry.backoff.ms = 100
[2025-07-18T16:04:09.638+0000] {subprocess.py:93} INFO - 	sasl.mechanism = GSSAPI
[2025-07-18T16:04:09.639+0000] {subprocess.py:93} INFO - 	sasl.oauthbearer.clock.skew.seconds = 30
[2025-07-18T16:04:09.639+0000] {subprocess.py:93} INFO - 	sasl.oauthbearer.expected.audience = null
[2025-07-18T16:04:09.640+0000] {subprocess.py:93} INFO - 	sasl.oauthbearer.expected.issuer = null
[2025-07-18T16:04:09.640+0000] {subprocess.py:93} INFO - 	sasl.oauthbearer.jwks.endpoint.refresh.ms = 3600000
[2025-07-18T16:04:09.640+0000] {subprocess.py:93} INFO - 	sasl.oauthbearer.jwks.endpoint.retry.backoff.max.ms = 10000
[2025-07-18T16:04:09.640+0000] {subprocess.py:93} INFO - 	sasl.oauthbearer.jwks.endpoint.retry.backoff.ms = 100
[2025-07-18T16:04:09.640+0000] {subprocess.py:93} INFO - 	sasl.oauthbearer.jwks.endpoint.url = null
[2025-07-18T16:04:09.640+0000] {subprocess.py:93} INFO - 	sasl.oauthbearer.scope.claim.name = scope
[2025-07-18T16:04:09.641+0000] {subprocess.py:93} INFO - 	sasl.oauthbearer.sub.claim.name = sub
[2025-07-18T16:04:09.641+0000] {subprocess.py:93} INFO - 	sasl.oauthbearer.token.endpoint.url = null
[2025-07-18T16:04:09.641+0000] {subprocess.py:93} INFO - 	security.protocol = PLAINTEXT
[2025-07-18T16:04:09.641+0000] {subprocess.py:93} INFO - 	security.providers = null
[2025-07-18T16:04:09.641+0000] {subprocess.py:93} INFO - 	send.buffer.bytes = 131072
[2025-07-18T16:04:09.642+0000] {subprocess.py:93} INFO - 	socket.connection.setup.timeout.max.ms = 30000
[2025-07-18T16:04:09.642+0000] {subprocess.py:93} INFO - 	socket.connection.setup.timeout.ms = 10000
[2025-07-18T16:04:09.642+0000] {subprocess.py:93} INFO - 	ssl.cipher.suites = null
[2025-07-18T16:04:09.642+0000] {subprocess.py:93} INFO - 	ssl.enabled.protocols = [TLSv1.2, TLSv1.3]
[2025-07-18T16:04:09.642+0000] {subprocess.py:93} INFO - 	ssl.endpoint.identification.algorithm = https
[2025-07-18T16:04:09.643+0000] {subprocess.py:93} INFO - 	ssl.engine.factory.class = null
[2025-07-18T16:04:09.643+0000] {subprocess.py:93} INFO - 	ssl.key.password = null
[2025-07-18T16:04:09.644+0000] {subprocess.py:93} INFO - 	ssl.keymanager.algorithm = SunX509
[2025-07-18T16:04:09.646+0000] {subprocess.py:93} INFO - 	ssl.keystore.certificate.chain = null
[2025-07-18T16:04:09.647+0000] {subprocess.py:93} INFO - 	ssl.keystore.key = null
[2025-07-18T16:04:09.647+0000] {subprocess.py:93} INFO - 	ssl.keystore.location = null
[2025-07-18T16:04:09.648+0000] {subprocess.py:93} INFO - 	ssl.keystore.password = null
[2025-07-18T16:04:09.648+0000] {subprocess.py:93} INFO - 	ssl.keystore.type = JKS
[2025-07-18T16:04:09.649+0000] {subprocess.py:93} INFO - 	ssl.protocol = TLSv1.3
[2025-07-18T16:04:09.649+0000] {subprocess.py:93} INFO - 	ssl.provider = null
[2025-07-18T16:04:09.649+0000] {subprocess.py:93} INFO - 	ssl.secure.random.implementation = null
[2025-07-18T16:04:09.650+0000] {subprocess.py:93} INFO - 	ssl.trustmanager.algorithm = PKIX
[2025-07-18T16:04:09.650+0000] {subprocess.py:93} INFO - 	ssl.truststore.certificates = null
[2025-07-18T16:04:09.650+0000] {subprocess.py:93} INFO - 	ssl.truststore.location = null
[2025-07-18T16:04:09.650+0000] {subprocess.py:93} INFO - 	ssl.truststore.password = null
[2025-07-18T16:04:09.650+0000] {subprocess.py:93} INFO - 	ssl.truststore.type = JKS
[2025-07-18T16:04:09.651+0000] {subprocess.py:93} INFO - 
[2025-07-18T16:04:09.651+0000] {subprocess.py:93} INFO - 25/07/18 16:04:09 INFO MicroBatchExecution: Starting [id = da45822c-7a70-47a7-99cb-ba87a561e088, runId = 58e6abdc-24ab-47f7-aa5f-b5a14fdf5f70]. Use file:/tmp/checkpoints/checkins/default_run to store the query checkpoint.
[2025-07-18T16:04:09.651+0000] {subprocess.py:93} INFO - 25/07/18 16:04:09 INFO MicroBatchExecution: Reading table [org.apache.spark.sql.kafka010.KafkaSourceProvider$KafkaTable@1192c829] from DataSourceV2 named 'kafka' [org.apache.spark.sql.kafka010.KafkaSourceProvider@1f5535b3]
[2025-07-18T16:04:09.651+0000] {subprocess.py:93} INFO - 25/07/18 16:04:09 INFO OffsetSeqLog: BatchIds found from listing: 0, 1, 2, 3, 4, 5, 6
[2025-07-18T16:04:09.651+0000] {subprocess.py:93} INFO - 25/07/18 16:04:09 INFO OffsetSeqLog: Getting latest batch 6
[2025-07-18T16:04:09.651+0000] {subprocess.py:93} INFO - 25/07/18 16:04:09 INFO OffsetSeqLog: BatchIds found from listing: 0, 1, 2, 3, 4, 5, 6
[2025-07-18T16:04:09.652+0000] {subprocess.py:93} INFO - 25/07/18 16:04:09 INFO OffsetSeqLog: Getting latest batch 6
[2025-07-18T16:04:09.652+0000] {subprocess.py:93} INFO - 25/07/18 16:04:09 INFO CommitLog: BatchIds found from listing: 0, 1, 2, 3, 4, 5, 6
[2025-07-18T16:04:09.652+0000] {subprocess.py:93} INFO - 25/07/18 16:04:09 INFO CommitLog: Getting latest batch 6
[2025-07-18T16:04:09.652+0000] {subprocess.py:93} INFO - 25/07/18 16:04:09 INFO MicroBatchExecution: Resuming at batch 7 with committed offsets {KafkaV2[Subscribe[checkins]]: {"checkins":{"0":105}}} and available offsets {KafkaV2[Subscribe[checkins]]: {"checkins":{"0":105}}}
[2025-07-18T16:04:09.652+0000] {subprocess.py:93} INFO - 25/07/18 16:04:09 INFO MicroBatchExecution: Stream started from {KafkaV2[Subscribe[checkins]]: {"checkins":{"0":105}}}
[2025-07-18T16:04:09.653+0000] {subprocess.py:93} INFO - 25/07/18 16:04:09 INFO AdminClientConfig: AdminClientConfig values:
[2025-07-18T16:04:09.653+0000] {subprocess.py:93} INFO - 	auto.include.jmx.reporter = true
[2025-07-18T16:04:09.653+0000] {subprocess.py:93} INFO - 	bootstrap.servers = [kafka:9092]
[2025-07-18T16:04:09.653+0000] {subprocess.py:93} INFO - 	client.dns.lookup = use_all_dns_ips
[2025-07-18T16:04:09.653+0000] {subprocess.py:93} INFO - 	client.id =
[2025-07-18T16:04:09.653+0000] {subprocess.py:93} INFO - 	connections.max.idle.ms = 300000
[2025-07-18T16:04:09.653+0000] {subprocess.py:93} INFO - 	default.api.timeout.ms = 60000
[2025-07-18T16:04:09.654+0000] {subprocess.py:93} INFO - 	metadata.max.age.ms = 300000
[2025-07-18T16:04:09.654+0000] {subprocess.py:93} INFO - 	metric.reporters = []
[2025-07-18T16:04:09.654+0000] {subprocess.py:93} INFO - 	metrics.num.samples = 2
[2025-07-18T16:04:09.654+0000] {subprocess.py:93} INFO - 	metrics.recording.level = INFO
[2025-07-18T16:04:09.654+0000] {subprocess.py:93} INFO - 	metrics.sample.window.ms = 30000
[2025-07-18T16:04:09.654+0000] {subprocess.py:93} INFO - 	receive.buffer.bytes = 65536
[2025-07-18T16:04:09.654+0000] {subprocess.py:93} INFO - 	reconnect.backoff.max.ms = 1000
[2025-07-18T16:04:09.654+0000] {subprocess.py:93} INFO - 	reconnect.backoff.ms = 50
[2025-07-18T16:04:09.654+0000] {subprocess.py:93} INFO - 	request.timeout.ms = 30000
[2025-07-18T16:04:09.654+0000] {subprocess.py:93} INFO - 	retries = 2147483647
[2025-07-18T16:04:09.655+0000] {subprocess.py:93} INFO - 	retry.backoff.ms = 100
[2025-07-18T16:04:09.655+0000] {subprocess.py:93} INFO - 	sasl.client.callback.handler.class = null
[2025-07-18T16:04:09.655+0000] {subprocess.py:93} INFO - 	sasl.jaas.config = null
[2025-07-18T16:04:09.655+0000] {subprocess.py:93} INFO - 	sasl.kerberos.kinit.cmd = /usr/bin/kinit
[2025-07-18T16:04:09.655+0000] {subprocess.py:93} INFO - 	sasl.kerberos.min.time.before.relogin = 60000
[2025-07-18T16:04:09.655+0000] {subprocess.py:93} INFO - 	sasl.kerberos.service.name = null
[2025-07-18T16:04:09.655+0000] {subprocess.py:93} INFO - 	sasl.kerberos.ticket.renew.jitter = 0.05
[2025-07-18T16:04:09.656+0000] {subprocess.py:93} INFO - 	sasl.kerberos.ticket.renew.window.factor = 0.8
[2025-07-18T16:04:09.656+0000] {subprocess.py:93} INFO - 	sasl.login.callback.handler.class = null
[2025-07-18T16:04:09.656+0000] {subprocess.py:93} INFO - 	sasl.login.class = null
[2025-07-18T16:04:09.656+0000] {subprocess.py:93} INFO - 	sasl.login.connect.timeout.ms = null
[2025-07-18T16:04:09.656+0000] {subprocess.py:93} INFO - 	sasl.login.read.timeout.ms = null
[2025-07-18T16:04:09.656+0000] {subprocess.py:93} INFO - 	sasl.login.refresh.buffer.seconds = 300
[2025-07-18T16:04:09.656+0000] {subprocess.py:93} INFO - 	sasl.login.refresh.min.period.seconds = 60
[2025-07-18T16:04:09.656+0000] {subprocess.py:93} INFO - 	sasl.login.refresh.window.factor = 0.8
[2025-07-18T16:04:09.656+0000] {subprocess.py:93} INFO - 	sasl.login.refresh.window.jitter = 0.05
[2025-07-18T16:04:09.657+0000] {subprocess.py:93} INFO - 	sasl.login.retry.backoff.max.ms = 10000
[2025-07-18T16:04:09.657+0000] {subprocess.py:93} INFO - 	sasl.login.retry.backoff.ms = 100
[2025-07-18T16:04:09.657+0000] {subprocess.py:93} INFO - 	sasl.mechanism = GSSAPI
[2025-07-18T16:04:09.657+0000] {subprocess.py:93} INFO - 	sasl.oauthbearer.clock.skew.seconds = 30
[2025-07-18T16:04:09.657+0000] {subprocess.py:93} INFO - 	sasl.oauthbearer.expected.audience = null
[2025-07-18T16:04:09.657+0000] {subprocess.py:93} INFO - 	sasl.oauthbearer.expected.issuer = null
[2025-07-18T16:04:09.657+0000] {subprocess.py:93} INFO - 	sasl.oauthbearer.jwks.endpoint.refresh.ms = 3600000
[2025-07-18T16:04:09.658+0000] {subprocess.py:93} INFO - 	sasl.oauthbearer.jwks.endpoint.retry.backoff.max.ms = 10000
[2025-07-18T16:04:09.658+0000] {subprocess.py:93} INFO - 	sasl.oauthbearer.jwks.endpoint.retry.backoff.ms = 100
[2025-07-18T16:04:09.658+0000] {subprocess.py:93} INFO - 	sasl.oauthbearer.jwks.endpoint.url = null
[2025-07-18T16:04:09.658+0000] {subprocess.py:93} INFO - 	sasl.oauthbearer.scope.claim.name = scope
[2025-07-18T16:04:09.658+0000] {subprocess.py:93} INFO - 	sasl.oauthbearer.sub.claim.name = sub
[2025-07-18T16:04:09.658+0000] {subprocess.py:93} INFO - 	sasl.oauthbearer.token.endpoint.url = null
[2025-07-18T16:04:09.658+0000] {subprocess.py:93} INFO - 	security.protocol = PLAINTEXT
[2025-07-18T16:04:09.658+0000] {subprocess.py:93} INFO - 	security.providers = null
[2025-07-18T16:04:09.659+0000] {subprocess.py:93} INFO - 	send.buffer.bytes = 131072
[2025-07-18T16:04:09.659+0000] {subprocess.py:93} INFO - 	socket.connection.setup.timeout.max.ms = 30000
[2025-07-18T16:04:09.659+0000] {subprocess.py:93} INFO - 	socket.connection.setup.timeout.ms = 10000
[2025-07-18T16:04:09.659+0000] {subprocess.py:93} INFO - 	ssl.cipher.suites = null
[2025-07-18T16:04:09.659+0000] {subprocess.py:93} INFO - 	ssl.enabled.protocols = [TLSv1.2, TLSv1.3]
[2025-07-18T16:04:09.659+0000] {subprocess.py:93} INFO - 	ssl.endpoint.identification.algorithm = https
[2025-07-18T16:04:09.659+0000] {subprocess.py:93} INFO - 	ssl.engine.factory.class = null
[2025-07-18T16:04:09.660+0000] {subprocess.py:93} INFO - 	ssl.key.password = null
[2025-07-18T16:04:09.660+0000] {subprocess.py:93} INFO - 	ssl.keymanager.algorithm = SunX509
[2025-07-18T16:04:09.660+0000] {subprocess.py:93} INFO - 	ssl.keystore.certificate.chain = null
[2025-07-18T16:04:09.660+0000] {subprocess.py:93} INFO - 	ssl.keystore.key = null
[2025-07-18T16:04:09.660+0000] {subprocess.py:93} INFO - 	ssl.keystore.location = null
[2025-07-18T16:04:09.661+0000] {subprocess.py:93} INFO - 	ssl.keystore.password = null
[2025-07-18T16:04:09.661+0000] {subprocess.py:93} INFO - 	ssl.keystore.type = JKS
[2025-07-18T16:04:09.661+0000] {subprocess.py:93} INFO - 	ssl.protocol = TLSv1.3
[2025-07-18T16:04:09.661+0000] {subprocess.py:93} INFO - 	ssl.provider = null
[2025-07-18T16:04:09.661+0000] {subprocess.py:93} INFO - 	ssl.secure.random.implementation = null
[2025-07-18T16:04:09.661+0000] {subprocess.py:93} INFO - 	ssl.trustmanager.algorithm = PKIX
[2025-07-18T16:04:09.661+0000] {subprocess.py:93} INFO - 	ssl.truststore.certificates = null
[2025-07-18T16:04:09.661+0000] {subprocess.py:93} INFO - 	ssl.truststore.location = null
[2025-07-18T16:04:09.662+0000] {subprocess.py:93} INFO - 	ssl.truststore.password = null
[2025-07-18T16:04:09.662+0000] {subprocess.py:93} INFO - 	ssl.truststore.type = JKS
[2025-07-18T16:04:09.662+0000] {subprocess.py:93} INFO - 
[2025-07-18T16:04:09.678+0000] {subprocess.py:93} INFO - 25/07/18 16:04:09 INFO AdminClientConfig: These configurations '[key.deserializer, value.deserializer, enable.auto.commit, max.poll.records, auto.offset.reset]' were supplied but are not used yet.
[2025-07-18T16:04:09.678+0000] {subprocess.py:93} INFO - 25/07/18 16:04:09 INFO AdminClientConfig: These configurations '[key.deserializer, value.deserializer, enable.auto.commit, max.poll.records, auto.offset.reset]' were supplied but are not used yet.
[2025-07-18T16:04:09.678+0000] {subprocess.py:93} INFO - 25/07/18 16:04:09 INFO AppInfoParser: Kafka version: 3.5.1
[2025-07-18T16:04:09.678+0000] {subprocess.py:93} INFO - 25/07/18 16:04:09 INFO AppInfoParser: Kafka commitId: 2c6fb6c54472e90a
[2025-07-18T16:04:09.679+0000] {subprocess.py:93} INFO - 25/07/18 16:04:09 INFO AppInfoParser: Kafka startTimeMs: 1752854649676
[2025-07-18T16:04:09.681+0000] {subprocess.py:93} INFO - 25/07/18 16:04:09 INFO AppInfoParser: Kafka version: 3.5.1
[2025-07-18T16:04:09.684+0000] {subprocess.py:93} INFO - 25/07/18 16:04:09 INFO AppInfoParser: Kafka commitId: 2c6fb6c54472e90a
[2025-07-18T16:04:09.685+0000] {subprocess.py:93} INFO - 25/07/18 16:04:09 INFO AppInfoParser: Kafka startTimeMs: 1752854649676
[2025-07-18T16:04:09.725+0000] {subprocess.py:93} INFO - 25/07/18 16:04:09 INFO BaseMetastoreCatalog: Table loaded by catalog: my_catalog.bronze.Feedback_raw
[2025-07-18T16:04:09.728+0000] {subprocess.py:93} INFO - 25/07/18 16:04:09 INFO ResolveWriteToStream: Checkpoint root /tmp/checkpoints/feedback/default_run resolved to file:/tmp/checkpoints/feedback/default_run.
[2025-07-18T16:04:09.728+0000] {subprocess.py:93} INFO - 25/07/18 16:04:09 WARN ResolveWriteToStream: spark.sql.adaptive.enabled is not supported in streaming DataFrames/Datasets and will be disabled.
[2025-07-18T16:04:09.733+0000] {subprocess.py:93} INFO - 25/07/18 16:04:09 INFO MicroBatchExecution: Starting [id = 291a655a-dbee-469f-b7b0-3e848fcadbea, runId = 08b8e856-9644-4f86-a4a6-50c08342ce36]. Use file:/tmp/checkpoints/feedback/default_run to store the query checkpoint.
[2025-07-18T16:04:09.734+0000] {subprocess.py:93} INFO - 25/07/18 16:04:09 INFO MicroBatchExecution: Reading table [org.apache.spark.sql.kafka010.KafkaSourceProvider$KafkaTable@36345e95] from DataSourceV2 named 'kafka' [org.apache.spark.sql.kafka010.KafkaSourceProvider@38f3b7fb]
[2025-07-18T16:04:09.736+0000] {subprocess.py:93} INFO - 25/07/18 16:04:09 INFO OffsetSeqLog: BatchIds found from listing: 0, 1, 2, 3, 4, 5
[2025-07-18T16:04:09.736+0000] {subprocess.py:93} INFO - 25/07/18 16:04:09 INFO OffsetSeqLog: Getting latest batch 5
[2025-07-18T16:04:09.738+0000] {subprocess.py:93} INFO - 25/07/18 16:04:09 INFO OffsetSeqLog: BatchIds found from listing: 0, 1, 2, 3, 4, 5
[2025-07-18T16:04:09.738+0000] {subprocess.py:93} INFO - 25/07/18 16:04:09 INFO OffsetSeqLog: Getting latest batch 5
[2025-07-18T16:04:09.741+0000] {subprocess.py:93} INFO - 25/07/18 16:04:09 INFO CommitLog: BatchIds found from listing: 0, 1, 2, 3, 4, 5
[2025-07-18T16:04:09.741+0000] {subprocess.py:93} INFO - 25/07/18 16:04:09 INFO CommitLog: Getting latest batch 5
[2025-07-18T16:04:09.742+0000] {subprocess.py:93} INFO - 25/07/18 16:04:09 INFO MicroBatchExecution: Resuming at batch 6 with committed offsets {KafkaV2[Subscribe[feedback]]: {"feedback":{"0":105}}} and available offsets {KafkaV2[Subscribe[feedback]]: {"feedback":{"0":105}}}
[2025-07-18T16:04:09.743+0000] {subprocess.py:93} INFO - 25/07/18 16:04:09 INFO MicroBatchExecution: Stream started from {KafkaV2[Subscribe[feedback]]: {"feedback":{"0":105}}}
[2025-07-18T16:04:09.743+0000] {subprocess.py:93} INFO - 25/07/18 16:04:09 INFO AdminClientConfig: AdminClientConfig values:
[2025-07-18T16:04:09.743+0000] {subprocess.py:93} INFO - 	auto.include.jmx.reporter = true
[2025-07-18T16:04:09.743+0000] {subprocess.py:93} INFO - 	bootstrap.servers = [kafka:9092]
[2025-07-18T16:04:09.745+0000] {subprocess.py:93} INFO - 	client.dns.lookup = use_all_dns_ips
[2025-07-18T16:04:09.745+0000] {subprocess.py:93} INFO - 	client.id =
[2025-07-18T16:04:09.746+0000] {subprocess.py:93} INFO - 	connections.max.idle.ms = 300000
[2025-07-18T16:04:09.746+0000] {subprocess.py:93} INFO - 	default.api.timeout.ms = 60000
[2025-07-18T16:04:09.746+0000] {subprocess.py:93} INFO - 	metadata.max.age.ms = 300000
[2025-07-18T16:04:09.747+0000] {subprocess.py:93} INFO - 	metric.reporters = []
[2025-07-18T16:04:09.747+0000] {subprocess.py:93} INFO - 	metrics.num.samples = 2
[2025-07-18T16:04:09.747+0000] {subprocess.py:93} INFO - 	metrics.recording.level = INFO
[2025-07-18T16:04:09.747+0000] {subprocess.py:93} INFO - 	metrics.sample.window.ms = 30000
[2025-07-18T16:04:09.747+0000] {subprocess.py:93} INFO - 	receive.buffer.bytes = 65536
[2025-07-18T16:04:09.747+0000] {subprocess.py:93} INFO - 	reconnect.backoff.max.ms = 1000
[2025-07-18T16:04:09.747+0000] {subprocess.py:93} INFO - 	reconnect.backoff.ms = 50
[2025-07-18T16:04:09.747+0000] {subprocess.py:93} INFO - 	request.timeout.ms = 30000
[2025-07-18T16:04:09.747+0000] {subprocess.py:93} INFO - 	retries = 2147483647
[2025-07-18T16:04:09.747+0000] {subprocess.py:93} INFO - 	retry.backoff.ms = 100
[2025-07-18T16:04:09.747+0000] {subprocess.py:93} INFO - 	sasl.client.callback.handler.class = null
[2025-07-18T16:04:09.747+0000] {subprocess.py:93} INFO - 	sasl.jaas.config = null
[2025-07-18T16:04:09.747+0000] {subprocess.py:93} INFO - 	sasl.kerberos.kinit.cmd = /usr/bin/kinit
[2025-07-18T16:04:09.747+0000] {subprocess.py:93} INFO - 	sasl.kerberos.min.time.before.relogin = 60000
[2025-07-18T16:04:09.748+0000] {subprocess.py:93} INFO - 	sasl.kerberos.service.name = null
[2025-07-18T16:04:09.748+0000] {subprocess.py:93} INFO - 	sasl.kerberos.ticket.renew.jitter = 0.05
[2025-07-18T16:04:09.748+0000] {subprocess.py:93} INFO - 	sasl.kerberos.ticket.renew.window.factor = 0.8
[2025-07-18T16:04:09.748+0000] {subprocess.py:93} INFO - 	sasl.login.callback.handler.class = null
[2025-07-18T16:04:09.748+0000] {subprocess.py:93} INFO - 	sasl.login.class = null
[2025-07-18T16:04:09.748+0000] {subprocess.py:93} INFO - 	sasl.login.connect.timeout.ms = null
[2025-07-18T16:04:09.748+0000] {subprocess.py:93} INFO - 	sasl.login.read.timeout.ms = null
[2025-07-18T16:04:09.748+0000] {subprocess.py:93} INFO - 	sasl.login.refresh.buffer.seconds = 300
[2025-07-18T16:04:09.748+0000] {subprocess.py:93} INFO - 	sasl.login.refresh.min.period.seconds = 60
[2025-07-18T16:04:09.749+0000] {subprocess.py:93} INFO - 	sasl.login.refresh.window.factor = 0.8
[2025-07-18T16:04:09.749+0000] {subprocess.py:93} INFO - 	sasl.login.refresh.window.jitter = 0.05
[2025-07-18T16:04:09.749+0000] {subprocess.py:93} INFO - 	sasl.login.retry.backoff.max.ms = 10000
[2025-07-18T16:04:09.749+0000] {subprocess.py:93} INFO - 	sasl.login.retry.backoff.ms = 100
[2025-07-18T16:04:09.749+0000] {subprocess.py:93} INFO - 	sasl.mechanism = GSSAPI
[2025-07-18T16:04:09.749+0000] {subprocess.py:93} INFO - 	sasl.oauthbearer.clock.skew.seconds = 30
[2025-07-18T16:04:09.749+0000] {subprocess.py:93} INFO - 	sasl.oauthbearer.expected.audience = null
[2025-07-18T16:04:09.749+0000] {subprocess.py:93} INFO - 	sasl.oauthbearer.expected.issuer = null
[2025-07-18T16:04:09.749+0000] {subprocess.py:93} INFO - 	sasl.oauthbearer.jwks.endpoint.refresh.ms = 3600000
[2025-07-18T16:04:09.749+0000] {subprocess.py:93} INFO - 	sasl.oauthbearer.jwks.endpoint.retry.backoff.max.ms = 10000
[2025-07-18T16:04:09.749+0000] {subprocess.py:93} INFO - 	sasl.oauthbearer.jwks.endpoint.retry.backoff.ms = 100
[2025-07-18T16:04:09.749+0000] {subprocess.py:93} INFO - 	sasl.oauthbearer.jwks.endpoint.url = null
[2025-07-18T16:04:09.749+0000] {subprocess.py:93} INFO - 	sasl.oauthbearer.scope.claim.name = scope
[2025-07-18T16:04:09.749+0000] {subprocess.py:93} INFO - 	sasl.oauthbearer.sub.claim.name = sub
[2025-07-18T16:04:09.750+0000] {subprocess.py:93} INFO - 	sasl.oauthbearer.token.endpoint.url = null
[2025-07-18T16:04:09.750+0000] {subprocess.py:93} INFO - 	security.protocol = PLAINTEXT
[2025-07-18T16:04:09.750+0000] {subprocess.py:93} INFO - 	security.providers = null
[2025-07-18T16:04:09.750+0000] {subprocess.py:93} INFO - 	send.buffer.bytes = 131072
[2025-07-18T16:04:09.750+0000] {subprocess.py:93} INFO - 	socket.connection.setup.timeout.max.ms = 30000
[2025-07-18T16:04:09.750+0000] {subprocess.py:93} INFO - 	socket.connection.setup.timeout.ms = 10000
[2025-07-18T16:04:09.750+0000] {subprocess.py:93} INFO - 	ssl.cipher.suites = null
[2025-07-18T16:04:09.750+0000] {subprocess.py:93} INFO - 	ssl.enabled.protocols = [TLSv1.2, TLSv1.3]
[2025-07-18T16:04:09.750+0000] {subprocess.py:93} INFO - 	ssl.endpoint.identification.algorithm = https
[2025-07-18T16:04:09.750+0000] {subprocess.py:93} INFO - 	ssl.engine.factory.class = null
[2025-07-18T16:04:09.750+0000] {subprocess.py:93} INFO - 	ssl.key.password = null
[2025-07-18T16:04:09.750+0000] {subprocess.py:93} INFO - 	ssl.keymanager.algorithm = SunX509
[2025-07-18T16:04:09.750+0000] {subprocess.py:93} INFO - 	ssl.keystore.certificate.chain = null
[2025-07-18T16:04:09.750+0000] {subprocess.py:93} INFO - 	ssl.keystore.key = null
[2025-07-18T16:04:09.750+0000] {subprocess.py:93} INFO - 	ssl.keystore.location = null
[2025-07-18T16:04:09.751+0000] {subprocess.py:93} INFO - 	ssl.keystore.password = null
[2025-07-18T16:04:09.751+0000] {subprocess.py:93} INFO - 	ssl.keystore.type = JKS
[2025-07-18T16:04:09.751+0000] {subprocess.py:93} INFO - 	ssl.protocol = TLSv1.3
[2025-07-18T16:04:09.751+0000] {subprocess.py:93} INFO - 	ssl.provider = null
[2025-07-18T16:04:09.751+0000] {subprocess.py:93} INFO - 	ssl.secure.random.implementation = null
[2025-07-18T16:04:09.751+0000] {subprocess.py:93} INFO - 	ssl.trustmanager.algorithm = PKIX
[2025-07-18T16:04:09.751+0000] {subprocess.py:93} INFO - 	ssl.truststore.certificates = null
[2025-07-18T16:04:09.751+0000] {subprocess.py:93} INFO - 	ssl.truststore.location = null
[2025-07-18T16:04:09.751+0000] {subprocess.py:93} INFO - 	ssl.truststore.password = null
[2025-07-18T16:04:09.751+0000] {subprocess.py:93} INFO - 	ssl.truststore.type = JKS
[2025-07-18T16:04:09.751+0000] {subprocess.py:93} INFO - 
[2025-07-18T16:04:09.751+0000] {subprocess.py:93} INFO - 25/07/18 16:04:09 INFO AdminClientConfig: These configurations '[key.deserializer, value.deserializer, enable.auto.commit, max.poll.records, auto.offset.reset]' were supplied but are not used yet.
[2025-07-18T16:04:09.751+0000] {subprocess.py:93} INFO - 25/07/18 16:04:09 INFO AppInfoParser: Kafka version: 3.5.1
[2025-07-18T16:04:09.752+0000] {subprocess.py:93} INFO - 25/07/18 16:04:09 INFO AppInfoParser: Kafka commitId: 2c6fb6c54472e90a
[2025-07-18T16:04:09.752+0000] {subprocess.py:93} INFO - 25/07/18 16:04:09 INFO AppInfoParser: Kafka startTimeMs: 1752854649743
[2025-07-18T16:04:19.894+0000] {subprocess.py:93} INFO - 25/07/18 16:04:19 INFO MicroBatchExecution: Streaming query has been idle and waiting for new data more than 10000 ms.
[2025-07-18T16:04:19.894+0000] {subprocess.py:93} INFO - 25/07/18 16:04:19 INFO MicroBatchExecution: Streaming query has been idle and waiting for new data more than 10000 ms.
[2025-07-18T16:04:19.897+0000] {subprocess.py:93} INFO - 25/07/18 16:04:19 INFO MicroBatchExecution: Streaming query has been idle and waiting for new data more than 10000 ms.
[2025-07-18T16:04:29.898+0000] {subprocess.py:93} INFO - 25/07/18 16:04:29 INFO MicroBatchExecution: Streaming query has been idle and waiting for new data more than 10000 ms.
[2025-07-18T16:04:29.900+0000] {subprocess.py:93} INFO - 25/07/18 16:04:29 INFO MicroBatchExecution: Streaming query has been idle and waiting for new data more than 10000 ms.
[2025-07-18T16:04:29.900+0000] {subprocess.py:93} INFO - 25/07/18 16:04:29 INFO MicroBatchExecution: Streaming query has been idle and waiting for new data more than 10000 ms.
[2025-07-18T16:04:39.899+0000] {subprocess.py:93} INFO - 25/07/18 16:04:39 INFO MicroBatchExecution: Streaming query has been idle and waiting for new data more than 10000 ms.
[2025-07-18T16:04:39.901+0000] {subprocess.py:93} INFO - 25/07/18 16:04:39 INFO MicroBatchExecution: Streaming query has been idle and waiting for new data more than 10000 ms.
[2025-07-18T16:04:39.901+0000] {subprocess.py:93} INFO - 25/07/18 16:04:39 INFO MicroBatchExecution: Streaming query has been idle and waiting for new data more than 10000 ms.
[2025-07-18T16:04:49.903+0000] {subprocess.py:93} INFO - 25/07/18 16:04:49 INFO MicroBatchExecution: Streaming query has been idle and waiting for new data more than 10000 ms.
[2025-07-18T16:04:49.904+0000] {subprocess.py:93} INFO - 25/07/18 16:04:49 INFO MicroBatchExecution: Streaming query has been idle and waiting for new data more than 10000 ms.
[2025-07-18T16:04:49.904+0000] {subprocess.py:93} INFO - 25/07/18 16:04:49 INFO MicroBatchExecution: Streaming query has been idle and waiting for new data more than 10000 ms.
[2025-07-18T16:04:59.904+0000] {subprocess.py:93} INFO - 25/07/18 16:04:59 INFO MicroBatchExecution: Streaming query has been idle and waiting for new data more than 10000 ms.
[2025-07-18T16:04:59.906+0000] {subprocess.py:93} INFO - 25/07/18 16:04:59 INFO MicroBatchExecution: Streaming query has been idle and waiting for new data more than 10000 ms.
[2025-07-18T16:04:59.906+0000] {subprocess.py:93} INFO - 25/07/18 16:04:59 INFO MicroBatchExecution: Streaming query has been idle and waiting for new data more than 10000 ms.
[2025-07-18T16:05:09.917+0000] {subprocess.py:93} INFO - 25/07/18 16:05:09 INFO MicroBatchExecution: Streaming query has been idle and waiting for new data more than 10000 ms.
[2025-07-18T16:05:09.918+0000] {subprocess.py:93} INFO - 25/07/18 16:05:09 INFO MicroBatchExecution: Streaming query has been idle and waiting for new data more than 10000 ms.
[2025-07-18T16:05:09.919+0000] {subprocess.py:93} INFO - 25/07/18 16:05:09 INFO MicroBatchExecution: Streaming query has been idle and waiting for new data more than 10000 ms.
[2025-07-18T16:05:19.925+0000] {subprocess.py:93} INFO - 25/07/18 16:05:19 INFO MicroBatchExecution: Streaming query has been idle and waiting for new data more than 10000 ms.
[2025-07-18T16:05:19.926+0000] {subprocess.py:93} INFO - 25/07/18 16:05:19 INFO MicroBatchExecution: Streaming query has been idle and waiting for new data more than 10000 ms.
[2025-07-18T16:05:19.926+0000] {subprocess.py:93} INFO - 25/07/18 16:05:19 INFO MicroBatchExecution: Streaming query has been idle and waiting for new data more than 10000 ms.
[2025-07-18T16:05:29.929+0000] {subprocess.py:93} INFO - 25/07/18 16:05:29 INFO MicroBatchExecution: Streaming query has been idle and waiting for new data more than 10000 ms.
[2025-07-18T16:05:29.929+0000] {subprocess.py:93} INFO - 25/07/18 16:05:29 INFO MicroBatchExecution: Streaming query has been idle and waiting for new data more than 10000 ms.
[2025-07-18T16:05:29.936+0000] {subprocess.py:93} INFO - 25/07/18 16:05:29 INFO MicroBatchExecution: Streaming query has been idle and waiting for new data more than 10000 ms.
[2025-07-18T16:05:39.935+0000] {subprocess.py:93} INFO - 25/07/18 16:05:39 INFO MicroBatchExecution: Streaming query has been idle and waiting for new data more than 10000 ms.
[2025-07-18T16:05:39.936+0000] {subprocess.py:93} INFO - 25/07/18 16:05:39 INFO MicroBatchExecution: Streaming query has been idle and waiting for new data more than 10000 ms.
[2025-07-18T16:05:39.946+0000] {subprocess.py:93} INFO - 25/07/18 16:05:39 INFO MicroBatchExecution: Streaming query has been idle and waiting for new data more than 10000 ms.
[2025-07-18T16:05:49.934+0000] {subprocess.py:93} INFO - 25/07/18 16:05:49 INFO MicroBatchExecution: Streaming query has been idle and waiting for new data more than 10000 ms.
[2025-07-18T16:05:49.934+0000] {subprocess.py:93} INFO - 25/07/18 16:05:49 INFO MicroBatchExecution: Streaming query has been idle and waiting for new data more than 10000 ms.
[2025-07-18T16:05:49.955+0000] {subprocess.py:93} INFO - 25/07/18 16:05:49 INFO MicroBatchExecution: Streaming query has been idle and waiting for new data more than 10000 ms.
[2025-07-18T16:05:59.939+0000] {subprocess.py:93} INFO - 25/07/18 16:05:59 INFO MicroBatchExecution: Streaming query has been idle and waiting for new data more than 10000 ms.
[2025-07-18T16:05:59.940+0000] {subprocess.py:93} INFO - 25/07/18 16:05:59 INFO MicroBatchExecution: Streaming query has been idle and waiting for new data more than 10000 ms.
[2025-07-18T16:05:59.958+0000] {subprocess.py:93} INFO - 25/07/18 16:05:59 INFO MicroBatchExecution: Streaming query has been idle and waiting for new data more than 10000 ms.
[2025-07-18T16:06:02.832+0000] {subprocess.py:93} INFO - 25/07/18 16:06:02 INFO CheckpointFileManager: Writing atomically to file:/tmp/checkpoints/reservations/default_run/offsets/7 using temp file file:/tmp/checkpoints/reservations/default_run/offsets/.7.7e8d86b2-464b-4bd7-82aa-e9aa75948567.tmp
[2025-07-18T16:06:02.851+0000] {subprocess.py:93} INFO - 25/07/18 16:06:02 WARN CheckpointFileManager: Failed to rename temp file file:/tmp/checkpoints/reservations/default_run/offsets/.7.7e8d86b2-464b-4bd7-82aa-e9aa75948567.tmp to file:/tmp/checkpoints/reservations/default_run/offsets/7 because file exists
[2025-07-18T16:06:02.853+0000] {subprocess.py:93} INFO - org.apache.hadoop.fs.FileAlreadyExistsException: Rename destination file:/tmp/checkpoints/reservations/default_run/offsets/7 already exists.
[2025-07-18T16:06:02.853+0000] {subprocess.py:93} INFO - 	at org.apache.hadoop.fs.AbstractFileSystem.renameInternal(AbstractFileSystem.java:770)
[2025-07-18T16:06:02.854+0000] {subprocess.py:93} INFO - 	at org.apache.hadoop.fs.AbstractFileSystem.rename(AbstractFileSystem.java:720)
[2025-07-18T16:06:02.854+0000] {subprocess.py:93} INFO - 	at org.apache.hadoop.fs.ChecksumFs.renameInternal(ChecksumFs.java:489)
[2025-07-18T16:06:02.854+0000] {subprocess.py:93} INFO - 	at org.apache.hadoop.fs.AbstractFileSystem.rename(AbstractFileSystem.java:720)
[2025-07-18T16:06:02.855+0000] {subprocess.py:93} INFO - 	at org.apache.hadoop.fs.FileContext.rename(FileContext.java:1036)
[2025-07-18T16:06:02.855+0000] {subprocess.py:93} INFO - 	at org.apache.spark.sql.execution.streaming.FileContextBasedCheckpointFileManager.renameTempFile(CheckpointFileManager.scala:372)
[2025-07-18T16:06:02.855+0000] {subprocess.py:93} INFO - 	at org.apache.spark.sql.execution.streaming.CheckpointFileManager$RenameBasedFSDataOutputStream.close(CheckpointFileManager.scala:154)
[2025-07-18T16:06:02.855+0000] {subprocess.py:93} INFO - 	at org.apache.spark.sql.execution.streaming.HDFSMetadataLog.write(HDFSMetadataLog.scala:204)
[2025-07-18T16:06:02.855+0000] {subprocess.py:93} INFO - 	at org.apache.spark.sql.execution.streaming.HDFSMetadataLog.addNewBatchByStream(HDFSMetadataLog.scala:237)
[2025-07-18T16:06:02.855+0000] {subprocess.py:93} INFO - 	at org.apache.spark.sql.execution.streaming.HDFSMetadataLog.add(HDFSMetadataLog.scala:130)
[2025-07-18T16:06:02.855+0000] {subprocess.py:93} INFO - 	at org.apache.spark.sql.execution.streaming.MicroBatchExecution.markMicroBatchStart(MicroBatchExecution.scala:764)
[2025-07-18T16:06:02.856+0000] {subprocess.py:93} INFO - 	at org.apache.spark.sql.execution.streaming.MicroBatchExecution.$anonfun$constructNextBatch$13(MicroBatchExecution.scala:536)
[2025-07-18T16:06:02.856+0000] {subprocess.py:93} INFO - 	at scala.runtime.java8.JFunction0$mcV$sp.apply(JFunction0$mcV$sp.java:23)
[2025-07-18T16:06:02.856+0000] {subprocess.py:93} INFO - 	at org.apache.spark.sql.execution.streaming.ProgressReporter.reportTimeTaken(ProgressReporter.scala:427)
[2025-07-18T16:06:02.856+0000] {subprocess.py:93} INFO - 	at org.apache.spark.sql.execution.streaming.ProgressReporter.reportTimeTaken$(ProgressReporter.scala:425)
[2025-07-18T16:06:02.857+0000] {subprocess.py:93} INFO - 	at org.apache.spark.sql.execution.streaming.StreamExecution.reportTimeTaken(StreamExecution.scala:67)
[2025-07-18T16:06:02.857+0000] {subprocess.py:93} INFO - 	at org.apache.spark.sql.execution.streaming.MicroBatchExecution.$anonfun$constructNextBatch$1(MicroBatchExecution.scala:535)
[2025-07-18T16:06:02.857+0000] {subprocess.py:93} INFO - 	at scala.runtime.java8.JFunction0$mcZ$sp.apply(JFunction0$mcZ$sp.java:23)
[2025-07-18T16:06:02.858+0000] {subprocess.py:93} INFO - 	at org.apache.spark.sql.execution.streaming.MicroBatchExecution.withProgressLocked(MicroBatchExecution.scala:810)
[2025-07-18T16:06:02.858+0000] {subprocess.py:93} INFO - 	at org.apache.spark.sql.execution.streaming.MicroBatchExecution.constructNextBatch(MicroBatchExecution.scala:475)
[2025-07-18T16:06:02.859+0000] {subprocess.py:93} INFO - 	at org.apache.spark.sql.execution.streaming.MicroBatchExecution.$anonfun$runActivatedStream$2(MicroBatchExecution.scala:268)
[2025-07-18T16:06:02.859+0000] {subprocess.py:93} INFO - 	at scala.runtime.java8.JFunction0$mcV$sp.apply(JFunction0$mcV$sp.java:23)
[2025-07-18T16:06:02.860+0000] {subprocess.py:93} INFO - 	at org.apache.spark.sql.execution.streaming.ProgressReporter.reportTimeTaken(ProgressReporter.scala:427)
[2025-07-18T16:06:02.860+0000] {subprocess.py:93} INFO - 	at org.apache.spark.sql.execution.streaming.ProgressReporter.reportTimeTaken$(ProgressReporter.scala:425)
[2025-07-18T16:06:02.860+0000] {subprocess.py:93} INFO - 	at org.apache.spark.sql.execution.streaming.StreamExecution.reportTimeTaken(StreamExecution.scala:67)
[2025-07-18T16:06:02.861+0000] {subprocess.py:93} INFO - 	at org.apache.spark.sql.execution.streaming.MicroBatchExecution.$anonfun$runActivatedStream$1(MicroBatchExecution.scala:249)
[2025-07-18T16:06:02.862+0000] {subprocess.py:93} INFO - 	at org.apache.spark.sql.execution.streaming.ProcessingTimeExecutor.execute(TriggerExecutor.scala:67)
[2025-07-18T16:06:02.862+0000] {subprocess.py:93} INFO - 	at org.apache.spark.sql.execution.streaming.MicroBatchExecution.runActivatedStream(MicroBatchExecution.scala:239)
[2025-07-18T16:06:02.862+0000] {subprocess.py:93} INFO - 	at org.apache.spark.sql.execution.streaming.StreamExecution.$anonfun$runStream$1(StreamExecution.scala:311)
[2025-07-18T16:06:02.862+0000] {subprocess.py:93} INFO - 	at scala.runtime.java8.JFunction0$mcV$sp.apply(JFunction0$mcV$sp.java:23)
[2025-07-18T16:06:02.863+0000] {subprocess.py:93} INFO - 	at org.apache.spark.sql.SparkSession.withActive(SparkSession.scala:900)
[2025-07-18T16:06:02.863+0000] {subprocess.py:93} INFO - 	at org.apache.spark.sql.execution.streaming.StreamExecution.org$apache$spark$sql$execution$streaming$StreamExecution$$runStream(StreamExecution.scala:289)
[2025-07-18T16:06:02.863+0000] {subprocess.py:93} INFO - 	at org.apache.spark.sql.execution.streaming.StreamExecution$$anon$1.$anonfun$run$1(StreamExecution.scala:211)
[2025-07-18T16:06:02.863+0000] {subprocess.py:93} INFO - 	at scala.runtime.java8.JFunction0$mcV$sp.apply(JFunction0$mcV$sp.java:23)
[2025-07-18T16:06:02.863+0000] {subprocess.py:93} INFO - 	at org.apache.spark.JobArtifactSet$.withActiveJobArtifactState(JobArtifactSet.scala:94)
[2025-07-18T16:06:02.864+0000] {subprocess.py:93} INFO - 	at org.apache.spark.sql.execution.streaming.StreamExecution$$anon$1.run(StreamExecution.scala:211)
[2025-07-18T16:06:03.179+0000] {subprocess.py:93} INFO - 25/07/18 16:06:03 ERROR MicroBatchExecution: Query [id = e996b82a-5589-44f5-8cfc-d468442c9d9b, runId = 423419a2-f57f-4c0f-ac4f-33c7fb50e77d] terminated with error
[2025-07-18T16:06:03.180+0000] {subprocess.py:93} INFO - org.apache.spark.SparkConcurrentModificationException: Multiple streaming queries are concurrently using file:/tmp/checkpoints/reservations/default_run/offsets.
[2025-07-18T16:06:03.181+0000] {subprocess.py:93} INFO - 	at org.apache.spark.sql.errors.QueryExecutionErrors$.multiStreamingQueriesUsingPathConcurrentlyError(QueryExecutionErrors.scala:1858)
[2025-07-18T16:06:03.181+0000] {subprocess.py:93} INFO - 	at org.apache.spark.sql.execution.streaming.HDFSMetadataLog.write(HDFSMetadataLog.scala:210)
[2025-07-18T16:06:03.181+0000] {subprocess.py:93} INFO - 	at org.apache.spark.sql.execution.streaming.HDFSMetadataLog.addNewBatchByStream(HDFSMetadataLog.scala:237)
[2025-07-18T16:06:03.182+0000] {subprocess.py:93} INFO - 	at org.apache.spark.sql.execution.streaming.HDFSMetadataLog.add(HDFSMetadataLog.scala:130)
[2025-07-18T16:06:03.182+0000] {subprocess.py:93} INFO - 	at org.apache.spark.sql.execution.streaming.MicroBatchExecution.markMicroBatchStart(MicroBatchExecution.scala:764)
[2025-07-18T16:06:03.182+0000] {subprocess.py:93} INFO - 	at org.apache.spark.sql.execution.streaming.MicroBatchExecution.$anonfun$constructNextBatch$13(MicroBatchExecution.scala:536)
[2025-07-18T16:06:03.183+0000] {subprocess.py:93} INFO - 	at scala.runtime.java8.JFunction0$mcV$sp.apply(JFunction0$mcV$sp.java:23)
[2025-07-18T16:06:03.183+0000] {subprocess.py:93} INFO - 	at org.apache.spark.sql.execution.streaming.ProgressReporter.reportTimeTaken(ProgressReporter.scala:427)
[2025-07-18T16:06:03.184+0000] {subprocess.py:93} INFO - 	at org.apache.spark.sql.execution.streaming.ProgressReporter.reportTimeTaken$(ProgressReporter.scala:425)
[2025-07-18T16:06:03.186+0000] {subprocess.py:93} INFO - 	at org.apache.spark.sql.execution.streaming.StreamExecution.reportTimeTaken(StreamExecution.scala:67)
[2025-07-18T16:06:03.188+0000] {subprocess.py:93} INFO - 	at org.apache.spark.sql.execution.streaming.MicroBatchExecution.$anonfun$constructNextBatch$1(MicroBatchExecution.scala:535)
[2025-07-18T16:06:03.189+0000] {subprocess.py:93} INFO - 	at scala.runtime.java8.JFunction0$mcZ$sp.apply(JFunction0$mcZ$sp.java:23)
[2025-07-18T16:06:03.189+0000] {subprocess.py:93} INFO - 	at org.apache.spark.sql.execution.streaming.MicroBatchExecution.withProgressLocked(MicroBatchExecution.scala:810)
[2025-07-18T16:06:03.190+0000] {subprocess.py:93} INFO - 	at org.apache.spark.sql.execution.streaming.MicroBatchExecution.constructNextBatch(MicroBatchExecution.scala:475)
[2025-07-18T16:06:03.190+0000] {subprocess.py:93} INFO - 	at org.apache.spark.sql.execution.streaming.MicroBatchExecution.$anonfun$runActivatedStream$2(MicroBatchExecution.scala:268)
[2025-07-18T16:06:03.191+0000] {subprocess.py:93} INFO - 	at scala.runtime.java8.JFunction0$mcV$sp.apply(JFunction0$mcV$sp.java:23)
[2025-07-18T16:06:03.192+0000] {subprocess.py:93} INFO - 	at org.apache.spark.sql.execution.streaming.ProgressReporter.reportTimeTaken(ProgressReporter.scala:427)
[2025-07-18T16:06:03.192+0000] {subprocess.py:93} INFO - 	at org.apache.spark.sql.execution.streaming.ProgressReporter.reportTimeTaken$(ProgressReporter.scala:425)
[2025-07-18T16:06:03.194+0000] {subprocess.py:93} INFO - 	at org.apache.spark.sql.execution.streaming.StreamExecution.reportTimeTaken(StreamExecution.scala:67)
[2025-07-18T16:06:03.194+0000] {subprocess.py:93} INFO - 	at org.apache.spark.sql.execution.streaming.MicroBatchExecution.$anonfun$runActivatedStream$1(MicroBatchExecution.scala:249)
[2025-07-18T16:06:03.195+0000] {subprocess.py:93} INFO - 	at org.apache.spark.sql.execution.streaming.ProcessingTimeExecutor.execute(TriggerExecutor.scala:67)
[2025-07-18T16:06:03.195+0000] {subprocess.py:93} INFO - 	at org.apache.spark.sql.execution.streaming.MicroBatchExecution.runActivatedStream(MicroBatchExecution.scala:239)
[2025-07-18T16:06:03.196+0000] {subprocess.py:93} INFO - 	at org.apache.spark.sql.execution.streaming.StreamExecution.$anonfun$runStream$1(StreamExecution.scala:311)
[2025-07-18T16:06:03.196+0000] {subprocess.py:93} INFO - 	at scala.runtime.java8.JFunction0$mcV$sp.apply(JFunction0$mcV$sp.java:23)
[2025-07-18T16:06:03.196+0000] {subprocess.py:93} INFO - 	at org.apache.spark.sql.SparkSession.withActive(SparkSession.scala:900)
[2025-07-18T16:06:03.197+0000] {subprocess.py:93} INFO - 	at org.apache.spark.sql.execution.streaming.StreamExecution.org$apache$spark$sql$execution$streaming$StreamExecution$$runStream(StreamExecution.scala:289)
[2025-07-18T16:06:03.197+0000] {subprocess.py:93} INFO - 	at org.apache.spark.sql.execution.streaming.StreamExecution$$anon$1.$anonfun$run$1(StreamExecution.scala:211)
[2025-07-18T16:06:03.197+0000] {subprocess.py:93} INFO - 	at scala.runtime.java8.JFunction0$mcV$sp.apply(JFunction0$mcV$sp.java:23)
[2025-07-18T16:06:03.198+0000] {subprocess.py:93} INFO - 	at org.apache.spark.JobArtifactSet$.withActiveJobArtifactState(JobArtifactSet.scala:94)
[2025-07-18T16:06:03.198+0000] {subprocess.py:93} INFO - 	at org.apache.spark.sql.execution.streaming.StreamExecution$$anon$1.run(StreamExecution.scala:211)
[2025-07-18T16:06:03.199+0000] {subprocess.py:93} INFO - Caused by: org.apache.hadoop.fs.FileAlreadyExistsException: Rename destination file:/tmp/checkpoints/reservations/default_run/offsets/7 already exists.
[2025-07-18T16:06:03.200+0000] {subprocess.py:93} INFO - 	at org.apache.hadoop.fs.AbstractFileSystem.renameInternal(AbstractFileSystem.java:770)
[2025-07-18T16:06:03.200+0000] {subprocess.py:93} INFO - 	at org.apache.hadoop.fs.AbstractFileSystem.rename(AbstractFileSystem.java:720)
[2025-07-18T16:06:03.201+0000] {subprocess.py:93} INFO - 	at org.apache.hadoop.fs.ChecksumFs.renameInternal(ChecksumFs.java:489)
[2025-07-18T16:06:03.201+0000] {subprocess.py:93} INFO - 	at org.apache.hadoop.fs.AbstractFileSystem.rename(AbstractFileSystem.java:720)
[2025-07-18T16:06:03.202+0000] {subprocess.py:93} INFO - 	at org.apache.hadoop.fs.FileContext.rename(FileContext.java:1036)
[2025-07-18T16:06:03.202+0000] {subprocess.py:93} INFO - 	at org.apache.spark.sql.execution.streaming.FileContextBasedCheckpointFileManager.renameTempFile(CheckpointFileManager.scala:372)
[2025-07-18T16:06:03.202+0000] {subprocess.py:93} INFO - 	at org.apache.spark.sql.execution.streaming.CheckpointFileManager$RenameBasedFSDataOutputStream.close(CheckpointFileManager.scala:154)
[2025-07-18T16:06:03.203+0000] {subprocess.py:93} INFO - 	at org.apache.spark.sql.execution.streaming.HDFSMetadataLog.write(HDFSMetadataLog.scala:204)
[2025-07-18T16:06:03.204+0000] {subprocess.py:93} INFO - 	... 28 more
[2025-07-18T16:06:03.205+0000] {subprocess.py:93} INFO - 25/07/18 16:06:03 INFO AppInfoParser: App info kafka.admin.client for adminclient-1 unregistered
[2025-07-18T16:06:03.206+0000] {subprocess.py:93} INFO - 25/07/18 16:06:03 INFO Metrics: Metrics scheduler closed
[2025-07-18T16:06:03.207+0000] {subprocess.py:93} INFO - 25/07/18 16:06:03 INFO Metrics: Closing reporter org.apache.kafka.common.metrics.JmxReporter
[2025-07-18T16:06:03.208+0000] {subprocess.py:93} INFO - 25/07/18 16:06:03 INFO Metrics: Metrics reporters closed
[2025-07-18T16:06:03.213+0000] {subprocess.py:93} INFO - 25/07/18 16:06:03 INFO MicroBatchExecution: Async log purge executor pool for query [id = e996b82a-5589-44f5-8cfc-d468442c9d9b, runId = 423419a2-f57f-4c0f-ac4f-33c7fb50e77d] has been shutdown
[2025-07-18T16:06:03.262+0000] {subprocess.py:93} INFO - Traceback (most recent call last):
[2025-07-18T16:06:03.263+0000] {subprocess.py:93} INFO -   File "/home/iceberg/spark/stream_to_bronze.py", line 97, in <module>
[2025-07-18T16:06:03.264+0000] {subprocess.py:93} INFO -     spark.streams.awaitAnyTermination()
[2025-07-18T16:06:03.265+0000] {subprocess.py:93} INFO -   File "/opt/bitnami/spark/python/lib/pyspark.zip/pyspark/sql/streaming/query.py", line 596, in awaitAnyTermination
[2025-07-18T16:06:03.266+0000] {subprocess.py:93} INFO -   File "/opt/bitnami/spark/python/lib/py4j-0.10.9.7-src.zip/py4j/java_gateway.py", line 1322, in __call__
[2025-07-18T16:06:03.266+0000] {subprocess.py:93} INFO -   File "/opt/bitnami/spark/python/lib/pyspark.zip/pyspark/errors/exceptions/captured.py", line 185, in deco
[2025-07-18T16:06:03.272+0000] {subprocess.py:93} INFO - pyspark.errors.exceptions.captured.StreamingQueryException: [STREAM_FAILED] Query [id = e996b82a-5589-44f5-8cfc-d468442c9d9b, runId = 423419a2-f57f-4c0f-ac4f-33c7fb50e77d] terminated with exception: Multiple streaming queries are concurrently using file:/tmp/checkpoints/reservations/default_run/offsets.
[2025-07-18T16:06:03.312+0000] {subprocess.py:93} INFO - 25/07/18 16:06:03 INFO SparkContext: Invoking stop() from shutdown hook
[2025-07-18T16:06:03.316+0000] {subprocess.py:93} INFO - 25/07/18 16:06:03 INFO SparkContext: SparkContext is stopping with exitCode 0.
[2025-07-18T16:06:03.324+0000] {subprocess.py:93} INFO - 25/07/18 16:06:03 INFO SparkUI: Stopped Spark web UI at http://77cb57a6bd53:4041
[2025-07-18T16:06:03.355+0000] {subprocess.py:93} INFO - 25/07/18 16:06:03 INFO MapOutputTrackerMasterEndpoint: MapOutputTrackerMasterEndpoint stopped!
[2025-07-18T16:06:03.378+0000] {subprocess.py:93} INFO - 25/07/18 16:06:03 INFO MemoryStore: MemoryStore cleared
[2025-07-18T16:06:03.380+0000] {subprocess.py:93} INFO - 25/07/18 16:06:03 INFO BlockManager: BlockManager stopped
[2025-07-18T16:06:03.395+0000] {subprocess.py:93} INFO - 25/07/18 16:06:03 INFO BlockManagerMaster: BlockManagerMaster stopped
[2025-07-18T16:06:03.413+0000] {subprocess.py:93} INFO - 25/07/18 16:06:03 INFO OutputCommitCoordinator$OutputCommitCoordinatorEndpoint: OutputCommitCoordinator stopped!
[2025-07-18T16:06:03.422+0000] {subprocess.py:93} INFO - 25/07/18 16:06:03 INFO CheckpointFileManager: Writing atomically to file:/tmp/checkpoints/checkins/default_run/offsets/7 using temp file file:/tmp/checkpoints/checkins/default_run/offsets/.7.87f6318b-3332-4cac-8627-810bd691e584.tmp
[2025-07-18T16:06:03.460+0000] {subprocess.py:93} INFO - 25/07/18 16:06:03 INFO SparkContext: Successfully stopped SparkContext
[2025-07-18T16:06:03.461+0000] {subprocess.py:93} INFO - 25/07/18 16:06:03 INFO ShutdownHookManager: Shutdown hook called
[2025-07-18T16:06:03.461+0000] {subprocess.py:93} INFO - 25/07/18 16:06:03 INFO ShutdownHookManager: Deleting directory /tmp/spark-aa8c02ea-e583-4945-af46-364414a4b4f6/pyspark-712ff352-7a34-498e-bd26-b258de24fe37
[2025-07-18T16:06:03.466+0000] {subprocess.py:93} INFO - 25/07/18 16:06:03 INFO ShutdownHookManager: Deleting directory /tmp/spark-aa8c02ea-e583-4945-af46-364414a4b4f6
[2025-07-18T16:06:03.469+0000] {subprocess.py:93} INFO - 25/07/18 16:06:03 INFO ShutdownHookManager: Deleting directory /tmp/spark-bc052b8d-5a84-4829-a24e-bc6142878993
[2025-07-18T16:06:03.481+0000] {subprocess.py:93} INFO - 25/07/18 16:06:03 WARN CheckpointFileManager: Failed to rename temp file file:/tmp/checkpoints/checkins/default_run/offsets/.7.87f6318b-3332-4cac-8627-810bd691e584.tmp to file:/tmp/checkpoints/checkins/default_run/offsets/7 because file exists
[2025-07-18T16:06:03.481+0000] {subprocess.py:93} INFO - org.apache.hadoop.fs.FileAlreadyExistsException: rename destination file:/tmp/checkpoints/checkins/default_run/offsets/7 already exists.
[2025-07-18T16:06:03.482+0000] {subprocess.py:93} INFO - 	at org.apache.hadoop.fs.FileSystem.rename(FileSystem.java:1600)
[2025-07-18T16:06:03.482+0000] {subprocess.py:93} INFO - 	at org.apache.hadoop.fs.DelegateToFileSystem.renameInternal(DelegateToFileSystem.java:206)
[2025-07-18T16:06:03.482+0000] {subprocess.py:93} INFO - 	at org.apache.hadoop.fs.AbstractFileSystem.renameInternal(AbstractFileSystem.java:790)
[2025-07-18T16:06:03.483+0000] {subprocess.py:93} INFO - 	at org.apache.hadoop.fs.AbstractFileSystem.rename(AbstractFileSystem.java:720)
[2025-07-18T16:06:03.483+0000] {subprocess.py:93} INFO - 	at org.apache.hadoop.fs.ChecksumFs.renameInternal(ChecksumFs.java:489)
[2025-07-18T16:06:03.483+0000] {subprocess.py:93} INFO - 	at org.apache.hadoop.fs.AbstractFileSystem.rename(AbstractFileSystem.java:720)
[2025-07-18T16:06:03.485+0000] {subprocess.py:93} INFO - 	at org.apache.hadoop.fs.FileContext.rename(FileContext.java:1036)
[2025-07-18T16:06:03.485+0000] {subprocess.py:93} INFO - 	at org.apache.spark.sql.execution.streaming.FileContextBasedCheckpointFileManager.renameTempFile(CheckpointFileManager.scala:372)
[2025-07-18T16:06:03.488+0000] {subprocess.py:93} INFO - 	at org.apache.spark.sql.execution.streaming.CheckpointFileManager$RenameBasedFSDataOutputStream.close(CheckpointFileManager.scala:154)
[2025-07-18T16:06:03.488+0000] {subprocess.py:93} INFO - 	at org.apache.spark.sql.execution.streaming.HDFSMetadataLog.write(HDFSMetadataLog.scala:204)
[2025-07-18T16:06:03.489+0000] {subprocess.py:93} INFO - 	at org.apache.spark.sql.execution.streaming.HDFSMetadataLog.addNewBatchByStream(HDFSMetadataLog.scala:237)
[2025-07-18T16:06:03.489+0000] {subprocess.py:93} INFO - 	at org.apache.spark.sql.execution.streaming.HDFSMetadataLog.add(HDFSMetadataLog.scala:130)
[2025-07-18T16:06:03.490+0000] {subprocess.py:93} INFO - 	at org.apache.spark.sql.execution.streaming.MicroBatchExecution.markMicroBatchStart(MicroBatchExecution.scala:764)
[2025-07-18T16:06:03.490+0000] {subprocess.py:93} INFO - 	at org.apache.spark.sql.execution.streaming.MicroBatchExecution.$anonfun$constructNextBatch$13(MicroBatchExecution.scala:536)
[2025-07-18T16:06:03.490+0000] {subprocess.py:93} INFO - 	at scala.runtime.java8.JFunction0$mcV$sp.apply(JFunction0$mcV$sp.java:23)
[2025-07-18T16:06:03.491+0000] {subprocess.py:93} INFO - 	at org.apache.spark.sql.execution.streaming.ProgressReporter.reportTimeTaken(ProgressReporter.scala:427)
[2025-07-18T16:06:03.491+0000] {subprocess.py:93} INFO - 	at org.apache.spark.sql.execution.streaming.ProgressReporter.reportTimeTaken$(ProgressReporter.scala:425)
[2025-07-18T16:06:03.492+0000] {subprocess.py:93} INFO - 	at org.apache.spark.sql.execution.streaming.StreamExecution.reportTimeTaken(StreamExecution.scala:67)
[2025-07-18T16:06:03.492+0000] {subprocess.py:93} INFO - 	at org.apache.spark.sql.execution.streaming.MicroBatchExecution.$anonfun$constructNextBatch$1(MicroBatchExecution.scala:535)
[2025-07-18T16:06:03.492+0000] {subprocess.py:93} INFO - 	at scala.runtime.java8.JFunction0$mcZ$sp.apply(JFunction0$mcZ$sp.java:23)
[2025-07-18T16:06:03.493+0000] {subprocess.py:93} INFO - 	at org.apache.spark.sql.execution.streaming.MicroBatchExecution.withProgressLocked(MicroBatchExecution.scala:810)
[2025-07-18T16:06:03.493+0000] {subprocess.py:93} INFO - 	at org.apache.spark.sql.execution.streaming.MicroBatchExecution.constructNextBatch(MicroBatchExecution.scala:475)
[2025-07-18T16:06:03.494+0000] {subprocess.py:93} INFO - 	at org.apache.spark.sql.execution.streaming.MicroBatchExecution.$anonfun$runActivatedStream$2(MicroBatchExecution.scala:268)
[2025-07-18T16:06:03.494+0000] {subprocess.py:93} INFO - 	at scala.runtime.java8.JFunction0$mcV$sp.apply(JFunction0$mcV$sp.java:23)
[2025-07-18T16:06:03.495+0000] {subprocess.py:93} INFO - 	at org.apache.spark.sql.execution.streaming.ProgressReporter.reportTimeTaken(ProgressReporter.scala:427)
[2025-07-18T16:06:03.495+0000] {subprocess.py:93} INFO - 	at org.apache.spark.sql.execution.streaming.ProgressReporter.reportTimeTaken$(ProgressReporter.scala:425)
[2025-07-18T16:06:03.496+0000] {subprocess.py:93} INFO - 	at org.apache.spark.sql.execution.streaming.StreamExecution.reportTimeTaken(StreamExecution.scala:67)
[2025-07-18T16:06:03.496+0000] {subprocess.py:93} INFO - 	at org.apache.spark.sql.execution.streaming.MicroBatchExecution.$anonfun$runActivatedStream$1(MicroBatchExecution.scala:249)
[2025-07-18T16:06:03.497+0000] {subprocess.py:93} INFO - 	at org.apache.spark.sql.execution.streaming.ProcessingTimeExecutor.execute(TriggerExecutor.scala:67)
[2025-07-18T16:06:03.498+0000] {subprocess.py:93} INFO - 	at org.apache.spark.sql.execution.streaming.MicroBatchExecution.runActivatedStream(MicroBatchExecution.scala:239)
[2025-07-18T16:06:03.498+0000] {subprocess.py:93} INFO - 	at org.apache.spark.sql.execution.streaming.StreamExecution.$anonfun$runStream$1(StreamExecution.scala:311)
[2025-07-18T16:06:03.498+0000] {subprocess.py:93} INFO - 	at scala.runtime.java8.JFunction0$mcV$sp.apply(JFunction0$mcV$sp.java:23)
[2025-07-18T16:06:03.499+0000] {subprocess.py:93} INFO - 	at org.apache.spark.sql.SparkSession.withActive(SparkSession.scala:900)
[2025-07-18T16:06:03.499+0000] {subprocess.py:93} INFO - 	at org.apache.spark.sql.execution.streaming.StreamExecution.org$apache$spark$sql$execution$streaming$StreamExecution$$runStream(StreamExecution.scala:289)
[2025-07-18T16:06:03.500+0000] {subprocess.py:93} INFO - 	at org.apache.spark.sql.execution.streaming.StreamExecution$$anon$1.$anonfun$run$1(StreamExecution.scala:211)
[2025-07-18T16:06:03.500+0000] {subprocess.py:93} INFO - 	at scala.runtime.java8.JFunction0$mcV$sp.apply(JFunction0$mcV$sp.java:23)
[2025-07-18T16:06:03.500+0000] {subprocess.py:93} INFO - 	at org.apache.spark.JobArtifactSet$.withActiveJobArtifactState(JobArtifactSet.scala:94)
[2025-07-18T16:06:03.501+0000] {subprocess.py:93} INFO - 	at org.apache.spark.sql.execution.streaming.StreamExecution$$anon$1.run(StreamExecution.scala:211)
[2025-07-18T16:06:03.503+0000] {subprocess.py:93} INFO - 25/07/18 16:06:03 ERROR MicroBatchExecution: Query [id = da45822c-7a70-47a7-99cb-ba87a561e088, runId = 58e6abdc-24ab-47f7-aa5f-b5a14fdf5f70] terminated with error
[2025-07-18T16:06:03.504+0000] {subprocess.py:93} INFO - org.apache.spark.SparkConcurrentModificationException: Multiple streaming queries are concurrently using file:/tmp/checkpoints/checkins/default_run/offsets.
[2025-07-18T16:06:03.505+0000] {subprocess.py:93} INFO - 	at org.apache.spark.sql.errors.QueryExecutionErrors$.multiStreamingQueriesUsingPathConcurrentlyError(QueryExecutionErrors.scala:1858)
[2025-07-18T16:06:03.505+0000] {subprocess.py:93} INFO - 	at org.apache.spark.sql.execution.streaming.HDFSMetadataLog.write(HDFSMetadataLog.scala:210)
[2025-07-18T16:06:03.506+0000] {subprocess.py:93} INFO - 	at org.apache.spark.sql.execution.streaming.HDFSMetadataLog.addNewBatchByStream(HDFSMetadataLog.scala:237)
[2025-07-18T16:06:03.506+0000] {subprocess.py:93} INFO - 	at org.apache.spark.sql.execution.streaming.HDFSMetadataLog.add(HDFSMetadataLog.scala:130)
[2025-07-18T16:06:03.506+0000] {subprocess.py:93} INFO - 	at org.apache.spark.sql.execution.streaming.MicroBatchExecution.markMicroBatchStart(MicroBatchExecution.scala:764)
[2025-07-18T16:06:03.507+0000] {subprocess.py:93} INFO - 	at org.apache.spark.sql.execution.streaming.MicroBatchExecution.$anonfun$constructNextBatch$13(MicroBatchExecution.scala:536)
[2025-07-18T16:06:03.507+0000] {subprocess.py:93} INFO - 	at scala.runtime.java8.JFunction0$mcV$sp.apply(JFunction0$mcV$sp.java:23)
[2025-07-18T16:06:03.508+0000] {subprocess.py:93} INFO - 	at org.apache.spark.sql.execution.streaming.ProgressReporter.reportTimeTaken(ProgressReporter.scala:427)
[2025-07-18T16:06:03.509+0000] {subprocess.py:93} INFO - 	at org.apache.spark.sql.execution.streaming.ProgressReporter.reportTimeTaken$(ProgressReporter.scala:425)
[2025-07-18T16:06:03.509+0000] {subprocess.py:93} INFO - 	at org.apache.spark.sql.execution.streaming.StreamExecution.reportTimeTaken(StreamExecution.scala:67)
[2025-07-18T16:06:03.510+0000] {subprocess.py:93} INFO - 	at org.apache.spark.sql.execution.streaming.MicroBatchExecution.$anonfun$constructNextBatch$1(MicroBatchExecution.scala:535)
[2025-07-18T16:06:03.510+0000] {subprocess.py:93} INFO - 	at scala.runtime.java8.JFunction0$mcZ$sp.apply(JFunction0$mcZ$sp.java:23)
[2025-07-18T16:06:03.511+0000] {subprocess.py:93} INFO - 	at org.apache.spark.sql.execution.streaming.MicroBatchExecution.withProgressLocked(MicroBatchExecution.scala:810)
[2025-07-18T16:06:03.511+0000] {subprocess.py:93} INFO - 	at org.apache.spark.sql.execution.streaming.MicroBatchExecution.constructNextBatch(MicroBatchExecution.scala:475)
[2025-07-18T16:06:03.512+0000] {subprocess.py:93} INFO - 	at org.apache.spark.sql.execution.streaming.MicroBatchExecution.$anonfun$runActivatedStream$2(MicroBatchExecution.scala:268)
[2025-07-18T16:06:03.512+0000] {subprocess.py:93} INFO - 	at scala.runtime.java8.JFunction0$mcV$sp.apply(JFunction0$mcV$sp.java:23)
[2025-07-18T16:06:03.512+0000] {subprocess.py:93} INFO - 	at org.apache.spark.sql.execution.streaming.ProgressReporter.reportTimeTaken(ProgressReporter.scala:427)
[2025-07-18T16:06:03.513+0000] {subprocess.py:93} INFO - 	at org.apache.spark.sql.execution.streaming.ProgressReporter.reportTimeTaken$(ProgressReporter.scala:425)
[2025-07-18T16:06:03.513+0000] {subprocess.py:93} INFO - 	at org.apache.spark.sql.execution.streaming.StreamExecution.reportTimeTaken(StreamExecution.scala:67)
[2025-07-18T16:06:03.513+0000] {subprocess.py:93} INFO - 	at org.apache.spark.sql.execution.streaming.MicroBatchExecution.$anonfun$runActivatedStream$1(MicroBatchExecution.scala:249)
[2025-07-18T16:06:03.514+0000] {subprocess.py:93} INFO - 	at org.apache.spark.sql.execution.streaming.ProcessingTimeExecutor.execute(TriggerExecutor.scala:67)
[2025-07-18T16:06:03.514+0000] {subprocess.py:93} INFO - 	at org.apache.spark.sql.execution.streaming.MicroBatchExecution.runActivatedStream(MicroBatchExecution.scala:239)
[2025-07-18T16:06:03.514+0000] {subprocess.py:93} INFO - 	at org.apache.spark.sql.execution.streaming.StreamExecution.$anonfun$runStream$1(StreamExecution.scala:311)
[2025-07-18T16:06:03.514+0000] {subprocess.py:93} INFO - 	at scala.runtime.java8.JFunction0$mcV$sp.apply(JFunction0$mcV$sp.java:23)
[2025-07-18T16:06:03.515+0000] {subprocess.py:93} INFO - 	at org.apache.spark.sql.SparkSession.withActive(SparkSession.scala:900)
[2025-07-18T16:06:03.515+0000] {subprocess.py:93} INFO - 	at org.apache.spark.sql.execution.streaming.StreamExecution.org$apache$spark$sql$execution$streaming$StreamExecution$$runStream(StreamExecution.scala:289)
[2025-07-18T16:06:03.515+0000] {subprocess.py:93} INFO - 	at org.apache.spark.sql.execution.streaming.StreamExecution$$anon$1.$anonfun$run$1(StreamExecution.scala:211)
[2025-07-18T16:06:03.515+0000] {subprocess.py:93} INFO - 	at scala.runtime.java8.JFunction0$mcV$sp.apply(JFunction0$mcV$sp.java:23)
[2025-07-18T16:06:03.516+0000] {subprocess.py:93} INFO - 	at org.apache.spark.JobArtifactSet$.withActiveJobArtifactState(JobArtifactSet.scala:94)
[2025-07-18T16:06:03.516+0000] {subprocess.py:93} INFO - 	at org.apache.spark.sql.execution.streaming.StreamExecution$$anon$1.run(StreamExecution.scala:211)
[2025-07-18T16:06:03.516+0000] {subprocess.py:93} INFO - Caused by: org.apache.hadoop.fs.FileAlreadyExistsException: rename destination file:/tmp/checkpoints/checkins/default_run/offsets/7 already exists.
[2025-07-18T16:06:03.517+0000] {subprocess.py:93} INFO - 	at org.apache.hadoop.fs.FileSystem.rename(FileSystem.java:1600)
[2025-07-18T16:06:03.517+0000] {subprocess.py:93} INFO - 	at org.apache.hadoop.fs.DelegateToFileSystem.renameInternal(DelegateToFileSystem.java:206)
[2025-07-18T16:06:03.517+0000] {subprocess.py:93} INFO - 	at org.apache.hadoop.fs.AbstractFileSystem.renameInternal(AbstractFileSystem.java:790)
[2025-07-18T16:06:03.518+0000] {subprocess.py:93} INFO - 	at org.apache.hadoop.fs.AbstractFileSystem.rename(AbstractFileSystem.java:720)
[2025-07-18T16:06:03.519+0000] {subprocess.py:93} INFO - 	at org.apache.hadoop.fs.ChecksumFs.renameInternal(ChecksumFs.java:489)
[2025-07-18T16:06:03.519+0000] {subprocess.py:93} INFO - 	at org.apache.hadoop.fs.AbstractFileSystem.rename(AbstractFileSystem.java:720)
[2025-07-18T16:06:03.520+0000] {subprocess.py:93} INFO - 	at org.apache.hadoop.fs.FileContext.rename(FileContext.java:1036)
[2025-07-18T16:06:03.521+0000] {subprocess.py:93} INFO - 	at org.apache.spark.sql.execution.streaming.FileContextBasedCheckpointFileManager.renameTempFile(CheckpointFileManager.scala:372)
[2025-07-18T16:06:03.522+0000] {subprocess.py:93} INFO - 	at org.apache.spark.sql.execution.streaming.CheckpointFileManager$RenameBasedFSDataOutputStream.close(CheckpointFileManager.scala:154)
[2025-07-18T16:06:03.522+0000] {subprocess.py:93} INFO - 	at org.apache.spark.sql.execution.streaming.HDFSMetadataLog.write(HDFSMetadataLog.scala:204)
[2025-07-18T16:06:03.522+0000] {subprocess.py:93} INFO - 	... 28 more
[2025-07-18T16:06:03.523+0000] {subprocess.py:93} INFO - 25/07/18 16:06:03 INFO MetricsSystemImpl: Stopping s3a-file-system metrics system...
[2025-07-18T16:06:03.523+0000] {subprocess.py:93} INFO - 25/07/18 16:06:03 INFO MetricsSystemImpl: s3a-file-system metrics system stopped.
[2025-07-18T16:06:03.523+0000] {subprocess.py:93} INFO - 25/07/18 16:06:03 INFO MetricsSystemImpl: s3a-file-system metrics system shutdown complete.
[2025-07-18T16:06:03.524+0000] {subprocess.py:93} INFO - 25/07/18 16:06:03 INFO AppInfoParser: App info kafka.admin.client for adminclient-2 unregistered
[2025-07-18T16:06:03.524+0000] {subprocess.py:93} INFO - 25/07/18 16:06:03 INFO Metrics: Metrics scheduler closed
[2025-07-18T16:06:03.524+0000] {subprocess.py:93} INFO - 25/07/18 16:06:03 INFO Metrics: Closing reporter org.apache.kafka.common.metrics.JmxReporter
[2025-07-18T16:06:03.526+0000] {subprocess.py:93} INFO - 25/07/18 16:06:03 INFO Metrics: Metrics reporters closed
[2025-07-18T16:06:03.527+0000] {subprocess.py:93} INFO - 25/07/18 16:06:03 INFO MicroBatchExecution: Async log purge executor pool for query [id = da45822c-7a70-47a7-99cb-ba87a561e088, runId = 58e6abdc-24ab-47f7-aa5f-b5a14fdf5f70] has been shutdown
[2025-07-18T16:06:03.528+0000] {subprocess.py:93} INFO - 25/07/18 16:06:03 WARN NettyRpcEnv: Ignored failure: java.util.concurrent.RejectedExecutionException: Task java.util.concurrent.ScheduledThreadPoolExecutor$ScheduledFutureTask@6adbb618[Not completed, task = java.util.concurrent.Executors$RunnableAdapter@7b6b1a12[Wrapped task = org.apache.spark.rpc.netty.NettyRpcEnv$$anon$1@3be34ad1]] rejected from java.util.concurrent.ScheduledThreadPoolExecutor@1dd7b5bd[Terminated, pool size = 0, active threads = 0, queued tasks = 0, completed tasks = 0]
[2025-07-18T16:06:03.528+0000] {subprocess.py:93} INFO - Exception in thread "stream execution thread for [id = da45822c-7a70-47a7-99cb-ba87a561e088, runId = 58e6abdc-24ab-47f7-aa5f-b5a14fdf5f70]" org.apache.spark.SparkException: Exception thrown in awaitResult:
[2025-07-18T16:06:03.528+0000] {subprocess.py:93} INFO - 	at org.apache.spark.util.SparkThreadUtils$.awaitResult(SparkThreadUtils.scala:56)
[2025-07-18T16:06:03.530+0000] {subprocess.py:93} INFO - 	at org.apache.spark.util.ThreadUtils$.awaitResult(ThreadUtils.scala:310)
[2025-07-18T16:06:03.531+0000] {subprocess.py:93} INFO - 	at org.apache.spark.rpc.RpcTimeout.awaitResult(RpcTimeout.scala:75)
[2025-07-18T16:06:03.531+0000] {subprocess.py:93} INFO - 	at org.apache.spark.rpc.RpcEndpointRef.askSync(RpcEndpointRef.scala:101)
[2025-07-18T16:06:03.531+0000] {subprocess.py:93} INFO - 	at org.apache.spark.rpc.RpcEndpointRef.askSync(RpcEndpointRef.scala:85)
[2025-07-18T16:06:03.532+0000] {subprocess.py:93} INFO - 	at org.apache.spark.sql.execution.streaming.state.StateStoreCoordinatorRef.deactivateInstances(StateStoreCoordinator.scala:119)
[2025-07-18T16:06:03.532+0000] {subprocess.py:93} INFO - 	at org.apache.spark.sql.streaming.StreamingQueryManager.notifyQueryTermination(StreamingQueryManager.scala:426)
[2025-07-18T16:06:03.532+0000] {subprocess.py:93} INFO - 	at org.apache.spark.sql.execution.streaming.StreamExecution.$anonfun$runStream$3(StreamExecution.scala:360)
[2025-07-18T16:06:03.533+0000] {subprocess.py:93} INFO - 	at scala.runtime.java8.JFunction0$mcV$sp.apply(JFunction0$mcV$sp.java:23)
[2025-07-18T16:06:03.534+0000] {subprocess.py:93} INFO - 	at org.apache.spark.util.UninterruptibleThread.runUninterruptibly(UninterruptibleThread.scala:149)
[2025-07-18T16:06:03.535+0000] {subprocess.py:93} INFO - 	at org.apache.spark.sql.execution.streaming.StreamExecution.org$apache$spark$sql$execution$streaming$StreamExecution$$runStream(StreamExecution.scala:340)
[2025-07-18T16:06:03.536+0000] {subprocess.py:93} INFO - 	at org.apache.spark.sql.execution.streaming.StreamExecution$$anon$1.$anonfun$run$1(StreamExecution.scala:211)
[2025-07-18T16:06:03.536+0000] {subprocess.py:93} INFO - 	at scala.runtime.java8.JFunction0$mcV$sp.apply(JFunction0$mcV$sp.java:23)
[2025-07-18T16:06:03.536+0000] {subprocess.py:93} INFO - 	at org.apache.spark.JobArtifactSet$.withActiveJobArtifactState(JobArtifactSet.scala:94)
[2025-07-18T16:06:03.536+0000] {subprocess.py:93} INFO - 	at org.apache.spark.sql.execution.streaming.StreamExecution$$anon$1.run(StreamExecution.scala:211)
[2025-07-18T16:06:03.537+0000] {subprocess.py:93} INFO - Caused by: org.apache.spark.rpc.RpcEnvStoppedException: RpcEnv already stopped.
[2025-07-18T16:06:03.537+0000] {subprocess.py:93} INFO - 	at org.apache.spark.rpc.netty.Dispatcher.postMessage(Dispatcher.scala:176)
[2025-07-18T16:06:03.537+0000] {subprocess.py:93} INFO - 	at org.apache.spark.rpc.netty.Dispatcher.postLocalMessage(Dispatcher.scala:144)
[2025-07-18T16:06:03.537+0000] {subprocess.py:93} INFO - 	at org.apache.spark.rpc.netty.NettyRpcEnv.askAbortable(NettyRpcEnv.scala:242)
[2025-07-18T16:06:03.538+0000] {subprocess.py:93} INFO - 	at org.apache.spark.rpc.netty.NettyRpcEndpointRef.askAbortable(NettyRpcEnv.scala:554)
[2025-07-18T16:06:03.538+0000] {subprocess.py:93} INFO - 	at org.apache.spark.rpc.netty.NettyRpcEndpointRef.ask(NettyRpcEnv.scala:558)
[2025-07-18T16:06:03.538+0000] {subprocess.py:93} INFO - 	at org.apache.spark.rpc.RpcEndpointRef.askSync(RpcEndpointRef.scala:100)
[2025-07-18T16:06:03.538+0000] {subprocess.py:93} INFO - 	... 11 more
[2025-07-18T16:06:03.900+0000] {subprocess.py:97} INFO - Command exited with return code 1
[2025-07-18T16:06:03.917+0000] {taskinstance.py:1937} ERROR - Task failed with exception
Traceback (most recent call last):
  File "/home/airflow/.local/lib/python3.8/site-packages/airflow/operators/bash.py", line 210, in execute
    raise AirflowException(
airflow.exceptions.AirflowException: Bash command failed. The command returned a non-zero exit code 1.
[2025-07-18T16:06:03.923+0000] {taskinstance.py:1400} INFO - Marking task as FAILED. dag_id=restaurant_pipeline, task_id=stream_to_bronze, execution_date=20250718T160200, start_date=20250718T160405, end_date=20250718T160603
[2025-07-18T16:06:03.934+0000] {standard_task_runner.py:104} ERROR - Failed to execute job 162 for task stream_to_bronze (Bash command failed. The command returned a non-zero exit code 1.; 1039)
[2025-07-18T16:06:03.967+0000] {local_task_job_runner.py:228} INFO - Task exited with return code 1
[2025-07-18T16:06:04.008+0000] {taskinstance.py:2778} INFO - 0 downstream tasks scheduled from follow-on schedule check
