[2025-07-18T16:37:21.651+0000] {taskinstance.py:1159} INFO - Dependencies all met for dep_context=non-requeueable deps ti=<TaskInstance: restaurant_pipeline.send_to_kafka manual__2025-07-18T16:37:19.605187+00:00 [queued]>
[2025-07-18T16:37:21.658+0000] {taskinstance.py:1159} INFO - Dependencies all met for dep_context=requeueable deps ti=<TaskInstance: restaurant_pipeline.send_to_kafka manual__2025-07-18T16:37:19.605187+00:00 [queued]>
[2025-07-18T16:37:21.658+0000] {taskinstance.py:1361} INFO - Starting attempt 1 of 1
[2025-07-18T16:37:21.665+0000] {taskinstance.py:1382} INFO - Executing <Task(BashOperator): send_to_kafka> on 2025-07-18 16:37:19.605187+00:00
[2025-07-18T16:37:21.667+0000] {standard_task_runner.py:57} INFO - Started process 1644 to run task
[2025-07-18T16:37:21.669+0000] {standard_task_runner.py:84} INFO - Running: ['***', 'tasks', 'run', 'restaurant_pipeline', 'send_to_kafka', 'manual__2025-07-18T16:37:19.605187+00:00', '--job-id', '214', '--raw', '--subdir', 'DAGS_FOLDER/restaurant_pipeline.py', '--cfg-path', '/tmp/tmpnmby0pq6']
[2025-07-18T16:37:21.671+0000] {standard_task_runner.py:85} INFO - Job 214: Subtask send_to_kafka
[2025-07-18T16:37:21.695+0000] {task_command.py:416} INFO - Running <TaskInstance: restaurant_pipeline.send_to_kafka manual__2025-07-18T16:37:19.605187+00:00 [running]> on host 9bcfb43e0ab7
[2025-07-18T16:37:21.732+0000] {taskinstance.py:1662} INFO - Exporting env vars: AIRFLOW_CTX_DAG_OWNER='moran' AIRFLOW_CTX_DAG_ID='restaurant_pipeline' AIRFLOW_CTX_TASK_ID='send_to_kafka' AIRFLOW_CTX_EXECUTION_DATE='2025-07-18T16:37:19.605187+00:00' AIRFLOW_CTX_TRY_NUMBER='1' AIRFLOW_CTX_DAG_RUN_ID='manual__2025-07-18T16:37:19.605187+00:00'
[2025-07-18T16:37:21.732+0000] {subprocess.py:63} INFO - Tmp dir root location: /tmp
[2025-07-18T16:37:21.733+0000] {subprocess.py:75} INFO - Running command: ['/bin/bash', '-c', 'python /opt/streaming/producer.py']
[2025-07-18T16:37:21.737+0000] {subprocess.py:86} INFO - Output:
[2025-07-18T16:37:23.972+0000] {subprocess.py:93} INFO - [✓] Sent to reservations: {'reservation_id': 2879, 'branch_id': 101, 'customer_name': 'Lauren Foster', 'phone_number': '001-911-200-6508', 'reservation_date': '2025-07-18', 'reservation_time': '17:02', 'guests_count': 5, 'is_confirmed': False}
[2025-07-18T16:37:23.974+0000] {subprocess.py:93} INFO - [✓] Sent to reservations: {'reservation_id': 6015, 'branch_id': 102, 'customer_name': 'Ashley Fitzpatrick', 'phone_number': '2582729204', 'reservation_date': '2025-07-18', 'reservation_time': '17:40', 'guests_count': 8, 'is_confirmed': False}
[2025-07-18T16:37:23.977+0000] {subprocess.py:93} INFO - [✓] Sent to reservations: {'reservation_id': 6733, 'branch_id': 101, 'customer_name': 'Angela Bates', 'phone_number': '9017795487', 'reservation_date': '2025-07-18', 'reservation_time': '17:59', 'guests_count': 3, 'is_confirmed': True}
[2025-07-18T16:37:23.983+0000] {subprocess.py:93} INFO - [✓] Sent to checkins: {'checkin_id': 4641, 'customer_name': 'Christopher Jefferson', 'phone_number': '(909)224-8425x89240', 'branch_id': 102, 'table_id': 201, 'is_prebooked': False, 'checkin_date': '2025-07-18', 'checkin_time': '15:17', 'guests_count': 1, 'shift_manager': 'Raymond Baker'}
[2025-07-18T16:37:23.987+0000] {subprocess.py:93} INFO - [✓] Sent to checkins: {'checkin_id': 7219, 'customer_name': 'Dr. Destiny Chambers DVM', 'phone_number': '498.626.7463', 'branch_id': 102, 'table_id': 209, 'is_prebooked': False, 'checkin_date': '2025-07-18', 'checkin_time': '16:25', 'guests_count': 5, 'shift_manager': 'Paul Logan'}
[2025-07-18T16:37:23.988+0000] {subprocess.py:93} INFO - [✓] Sent to checkins: {'checkin_id': 1330, 'customer_name': 'Kaitlyn Foster', 'phone_number': '+1-478-693-7036', 'branch_id': 102, 'table_id': 207, 'is_prebooked': False, 'checkin_date': '2025-07-18', 'checkin_time': '16:37', 'guests_count': 2, 'shift_manager': 'Kimberly Weaver'}
[2025-07-18T16:37:23.989+0000] {subprocess.py:93} INFO - [✓] Sent to feedback: {'feedback_id': 9911, 'branch_id': 101, 'customer_name': 'Monica Anderson', 'phone_number': '001-546-806-6653x96473', 'feedback_text': 'Church responsibility relate.', 'rating': 1, 'dining_date': '2025-07-18', 'dining_time': '16:03', 'submission_time': '2025-07-18T16:37:20'}
[2025-07-18T16:37:23.992+0000] {subprocess.py:93} INFO - [✓] Sent to feedback: {'feedback_id': 2303, 'branch_id': 102, 'customer_name': 'Angel Thompson', 'phone_number': '824.949.6693', 'feedback_text': 'General movement discussion beautiful couple.', 'rating': 1, 'dining_date': '2025-07-18', 'dining_time': '15:44', 'submission_time': '2025-07-18T16:37:20'}
[2025-07-18T16:37:23.994+0000] {subprocess.py:93} INFO - [✓] Sent to feedback: {'feedback_id': 9419, 'branch_id': 102, 'customer_name': 'Cathy Jordan', 'phone_number': '7135287737', 'feedback_text': 'Recently likely billion charge even need.', 'rating': 4, 'dining_date': '2025-07-18', 'dining_time': '15:33', 'submission_time': '2025-07-18T16:37:20'}
[2025-07-18T16:37:23.995+0000] {subprocess.py:93} INFO - ✅ All messages sent.
[2025-07-18T16:37:24.065+0000] {subprocess.py:97} INFO - Command exited with return code 0
[2025-07-18T16:37:24.128+0000] {taskinstance.py:1400} INFO - Marking task as SUCCESS. dag_id=restaurant_pipeline, task_id=send_to_kafka, execution_date=20250718T163719, start_date=20250718T163721, end_date=20250718T163724
[2025-07-18T16:37:24.197+0000] {local_task_job_runner.py:228} INFO - Task exited with return code 0
[2025-07-18T16:37:24.284+0000] {taskinstance.py:2778} INFO - 1 downstream tasks scheduled from follow-on schedule check
