[2025-07-18T19:39:56.937+0000] {taskinstance.py:1159} INFO - Dependencies all met for dep_context=non-requeueable deps ti=<TaskInstance: restaurant_pipeline.send_to_kafka scheduled__2025-07-18T19:36:00+00:00 [queued]>
[2025-07-18T19:39:56.940+0000] {taskinstance.py:1159} INFO - Dependencies all met for dep_context=requeueable deps ti=<TaskInstance: restaurant_pipeline.send_to_kafka scheduled__2025-07-18T19:36:00+00:00 [queued]>
[2025-07-18T19:39:56.940+0000] {taskinstance.py:1361} INFO - Starting attempt 1 of 1
[2025-07-18T19:39:56.946+0000] {taskinstance.py:1382} INFO - Executing <Task(BashOperator): send_to_kafka> on 2025-07-18 19:36:00+00:00
[2025-07-18T19:39:56.948+0000] {standard_task_runner.py:57} INFO - Started process 5236 to run task
[2025-07-18T19:39:56.950+0000] {standard_task_runner.py:84} INFO - Running: ['***', 'tasks', 'run', 'restaurant_pipeline', 'send_to_kafka', 'scheduled__2025-07-18T19:36:00+00:00', '--job-id', '545', '--raw', '--subdir', 'DAGS_FOLDER/restaurant_pipeline.py', '--cfg-path', '/tmp/tmpxyikz2d6']
[2025-07-18T19:39:56.951+0000] {standard_task_runner.py:85} INFO - Job 545: Subtask send_to_kafka
[2025-07-18T19:39:56.974+0000] {task_command.py:416} INFO - Running <TaskInstance: restaurant_pipeline.send_to_kafka scheduled__2025-07-18T19:36:00+00:00 [running]> on host 9bcfb43e0ab7
[2025-07-18T19:39:57.023+0000] {taskinstance.py:1662} INFO - Exporting env vars: AIRFLOW_CTX_DAG_OWNER='moran' AIRFLOW_CTX_DAG_ID='restaurant_pipeline' AIRFLOW_CTX_TASK_ID='send_to_kafka' AIRFLOW_CTX_EXECUTION_DATE='2025-07-18T19:36:00+00:00' AIRFLOW_CTX_TRY_NUMBER='1' AIRFLOW_CTX_DAG_RUN_ID='scheduled__2025-07-18T19:36:00+00:00'
[2025-07-18T19:39:57.023+0000] {subprocess.py:63} INFO - Tmp dir root location: /tmp
[2025-07-18T19:39:57.024+0000] {subprocess.py:75} INFO - Running command: ['/bin/bash', '-c', 'python /opt/streaming/producer.py']
[2025-07-18T19:39:57.028+0000] {subprocess.py:86} INFO - Output:
[2025-07-18T19:39:59.273+0000] {subprocess.py:93} INFO - [✓] Sent to reservations: {'reservation_id': 1883, 'branch_id': 101, 'customer_name': 'Rachel Marsh', 'phone_number': '(723)200-4339x69934', 'reservation_date': '2025-07-18', 'reservation_time': '20:22', 'guests_count': 2, 'is_confirmed': True}
[2025-07-18T19:39:59.280+0000] {subprocess.py:93} INFO - [✓] Sent to reservations: {'reservation_id': 2349, 'branch_id': 101, 'customer_name': 'Katrina Daugherty', 'phone_number': '7647141495', 'reservation_date': '2025-07-18', 'reservation_time': '20:13', 'guests_count': 5, 'is_confirmed': False}
[2025-07-18T19:39:59.285+0000] {subprocess.py:93} INFO - [✓] Sent to reservations: {'reservation_id': 1190, 'branch_id': 102, 'customer_name': 'Andrew Jones', 'phone_number': '753-714-7525', 'reservation_date': '2025-07-18', 'reservation_time': '20:33', 'guests_count': 3, 'is_confirmed': False}
[2025-07-18T19:39:59.286+0000] {subprocess.py:93} INFO - [✓] Sent to checkins: {'checkin_id': 1254, 'customer_name': 'Jesse Black', 'phone_number': '3587812986', 'branch_id': 101, 'table_id': 210, 'is_prebooked': False, 'checkin_date': '2025-07-18', 'checkin_time': '17:46', 'guests_count': 3, 'shift_manager': 'Marilyn Mccall'}
[2025-07-18T19:39:59.286+0000] {subprocess.py:93} INFO - [✓] Sent to checkins: {'checkin_id': 2260, 'customer_name': 'Benjamin Lyons', 'phone_number': '360-207-9057', 'branch_id': 101, 'table_id': 202, 'is_prebooked': True, 'checkin_date': '2025-07-18', 'checkin_time': '18:06', 'guests_count': 5, 'shift_manager': 'Sherri Robinson'}
[2025-07-18T19:39:59.287+0000] {subprocess.py:93} INFO - [✓] Sent to checkins: {'checkin_id': 2965, 'customer_name': 'Martin Lynch', 'phone_number': '598-882-0515x679', 'branch_id': 102, 'table_id': 207, 'is_prebooked': False, 'checkin_date': '2025-07-18', 'checkin_time': '17:51', 'guests_count': 4, 'shift_manager': 'Leah Chambers'}
[2025-07-18T19:39:59.287+0000] {subprocess.py:93} INFO - [✓] Sent to feedback: {'feedback_id': 1474, 'branch_id': 102, 'customer_name': 'Linda Brown', 'phone_number': '+1-865-622-7356x3656', 'feedback_text': 'Raise surface pick throw.', 'rating': 2, 'dining_date': '2025-07-18', 'dining_time': '19:28', 'submission_time': '2025-07-18T19:39:56'}
[2025-07-18T19:39:59.287+0000] {subprocess.py:93} INFO - [✓] Sent to feedback: {'feedback_id': 4846, 'branch_id': 102, 'customer_name': 'Sarah Swanson', 'phone_number': '001-438-206-5235', 'feedback_text': 'You phone themselves plant.', 'rating': 5, 'dining_date': '2025-07-18', 'dining_time': '17:55', 'submission_time': '2025-07-18T19:39:56'}
[2025-07-18T19:39:59.288+0000] {subprocess.py:93} INFO - [✓] Sent to feedback: {'feedback_id': 8720, 'branch_id': 102, 'customer_name': 'Tracy Singh', 'phone_number': '9054953288', 'feedback_text': 'Answer different home whether.', 'rating': 2, 'dining_date': '2025-07-18', 'dining_time': '18:32', 'submission_time': '2025-07-18T19:39:56'}
[2025-07-18T19:39:59.288+0000] {subprocess.py:93} INFO - ✅ All messages sent.
[2025-07-18T19:39:59.353+0000] {subprocess.py:97} INFO - Command exited with return code 0
[2025-07-18T19:39:59.404+0000] {taskinstance.py:1400} INFO - Marking task as SUCCESS. dag_id=restaurant_pipeline, task_id=send_to_kafka, execution_date=20250718T193600, start_date=20250718T193956, end_date=20250718T193959
[2025-07-18T19:39:59.443+0000] {local_task_job_runner.py:228} INFO - Task exited with return code 0
[2025-07-18T19:39:59.486+0000] {taskinstance.py:2778} INFO - 1 downstream tasks scheduled from follow-on schedule check
