[2025-07-18T20:34:01.584+0000] {taskinstance.py:1159} INFO - Dependencies all met for dep_context=non-requeueable deps ti=<TaskInstance: restaurant_pipeline.send_to_kafka scheduled__2025-07-18T20:32:00+00:00 [queued]>
[2025-07-18T20:34:01.588+0000] {taskinstance.py:1159} INFO - Dependencies all met for dep_context=requeueable deps ti=<TaskInstance: restaurant_pipeline.send_to_kafka scheduled__2025-07-18T20:32:00+00:00 [queued]>
[2025-07-18T20:34:01.588+0000] {taskinstance.py:1361} INFO - Starting attempt 1 of 1
[2025-07-18T20:34:01.594+0000] {taskinstance.py:1382} INFO - Executing <Task(BashOperator): send_to_kafka> on 2025-07-18 20:32:00+00:00
[2025-07-18T20:34:01.596+0000] {standard_task_runner.py:57} INFO - Started process 6254 to run task
[2025-07-18T20:34:01.597+0000] {standard_task_runner.py:84} INFO - Running: ['***', 'tasks', 'run', 'restaurant_pipeline', 'send_to_kafka', 'scheduled__2025-07-18T20:32:00+00:00', '--job-id', '632', '--raw', '--subdir', 'DAGS_FOLDER/restaurant_pipeline.py', '--cfg-path', '/tmp/tmp3xgugzx8']
[2025-07-18T20:34:01.599+0000] {standard_task_runner.py:85} INFO - Job 632: Subtask send_to_kafka
[2025-07-18T20:34:01.621+0000] {task_command.py:416} INFO - Running <TaskInstance: restaurant_pipeline.send_to_kafka scheduled__2025-07-18T20:32:00+00:00 [running]> on host 9bcfb43e0ab7
[2025-07-18T20:34:01.660+0000] {taskinstance.py:1662} INFO - Exporting env vars: AIRFLOW_CTX_DAG_OWNER='moran' AIRFLOW_CTX_DAG_ID='restaurant_pipeline' AIRFLOW_CTX_TASK_ID='send_to_kafka' AIRFLOW_CTX_EXECUTION_DATE='2025-07-18T20:32:00+00:00' AIRFLOW_CTX_TRY_NUMBER='1' AIRFLOW_CTX_DAG_RUN_ID='scheduled__2025-07-18T20:32:00+00:00'
[2025-07-18T20:34:01.661+0000] {subprocess.py:63} INFO - Tmp dir root location: /tmp
[2025-07-18T20:34:01.661+0000] {subprocess.py:75} INFO - Running command: ['/bin/bash', '-c', 'python /opt/streaming/producer.py']
[2025-07-18T20:34:01.665+0000] {subprocess.py:86} INFO - Output:
[2025-07-18T20:34:03.889+0000] {subprocess.py:93} INFO - [✓] Sent to reservations: {'reservation_id': 3637, 'branch_id': 102, 'customer_name': 'Brenda Choi', 'phone_number': '844-271-0266x3656', 'reservation_date': '2025-07-18', 'reservation_time': '21:34', 'guests_count': 4, 'is_confirmed': False}
[2025-07-18T20:34:03.896+0000] {subprocess.py:93} INFO - [✓] Sent to reservations: {'reservation_id': 5199, 'branch_id': 101, 'customer_name': 'Margaret Grant DDS', 'phone_number': '(441)898-3974x5467', 'reservation_date': '2025-07-18', 'reservation_time': '21:57', 'guests_count': 5, 'is_confirmed': True}
[2025-07-18T20:34:03.898+0000] {subprocess.py:93} INFO - [✓] Sent to reservations: {'reservation_id': 3613, 'branch_id': 102, 'customer_name': 'Jennifer Chambers', 'phone_number': '+1-633-234-6265x3289', 'reservation_date': '2025-07-18', 'reservation_time': '21:11', 'guests_count': 4, 'is_confirmed': False}
[2025-07-18T20:34:03.902+0000] {subprocess.py:93} INFO - [✓] Sent to checkins: {'checkin_id': 7362, 'customer_name': 'Jessica Shaw', 'phone_number': '(497)228-5085', 'branch_id': 102, 'table_id': 201, 'is_prebooked': True, 'checkin_date': '2025-07-18', 'checkin_time': '20:04', 'guests_count': 6, 'shift_manager': 'Michael Jordan Jr.'}
[2025-07-18T20:34:03.902+0000] {subprocess.py:93} INFO - [✓] Sent to checkins: {'checkin_id': 8333, 'customer_name': 'Tonya Horton', 'phone_number': '936.330.5749', 'branch_id': 101, 'table_id': 204, 'is_prebooked': True, 'checkin_date': '2025-07-18', 'checkin_time': '18:57', 'guests_count': 2, 'shift_manager': 'Seth Williams'}
[2025-07-18T20:34:03.903+0000] {subprocess.py:93} INFO - [✓] Sent to checkins: {'checkin_id': 6013, 'customer_name': 'Kaitlyn Thompson', 'phone_number': '(298)671-0460x2390', 'branch_id': 102, 'table_id': 204, 'is_prebooked': True, 'checkin_date': '2025-07-18', 'checkin_time': '19:56', 'guests_count': 5, 'shift_manager': 'Steven Anderson'}
[2025-07-18T20:34:03.904+0000] {subprocess.py:93} INFO - [✓] Sent to feedback: {'feedback_id': 2139, 'branch_id': 102, 'customer_name': 'Ellen Sparks', 'phone_number': '(449)934-8903', 'feedback_text': 'Reach full manager stuff whether.', 'rating': 3, 'dining_date': '2025-07-18', 'dining_time': '20:26', 'submission_time': '2025-07-18T20:34:00'}
[2025-07-18T20:34:03.906+0000] {subprocess.py:93} INFO - [✓] Sent to feedback: {'feedback_id': 7872, 'branch_id': 102, 'customer_name': 'Joel Garcia', 'phone_number': '(664)649-8089x26525', 'feedback_text': 'Rise choose smile enough the candidate.', 'rating': 5, 'dining_date': '2025-07-18', 'dining_time': '20:27', 'submission_time': '2025-07-18T20:34:00'}
[2025-07-18T20:34:03.907+0000] {subprocess.py:93} INFO - [✓] Sent to feedback: {'feedback_id': 2160, 'branch_id': 101, 'customer_name': 'Seth Graves', 'phone_number': '+1-284-823-9961', 'feedback_text': 'Growth window expert price you.', 'rating': 5, 'dining_date': '2025-07-18', 'dining_time': '20:13', 'submission_time': '2025-07-18T20:34:00'}
[2025-07-18T20:34:03.908+0000] {subprocess.py:93} INFO - ✅ All messages sent.
[2025-07-18T20:34:03.941+0000] {subprocess.py:97} INFO - Command exited with return code 0
[2025-07-18T20:34:03.959+0000] {taskinstance.py:1400} INFO - Marking task as SUCCESS. dag_id=restaurant_pipeline, task_id=send_to_kafka, execution_date=20250718T203200, start_date=20250718T203401, end_date=20250718T203403
[2025-07-18T20:34:03.987+0000] {local_task_job_runner.py:228} INFO - Task exited with return code 0
[2025-07-18T20:34:04.013+0000] {taskinstance.py:2778} INFO - 1 downstream tasks scheduled from follow-on schedule check
