[2025-07-18T18:36:55.648+0000] {taskinstance.py:1159} INFO - Dependencies all met for dep_context=non-requeueable deps ti=<TaskInstance: restaurant_pipeline.send_to_kafka scheduled__2025-07-18T18:34:00+00:00 [queued]>
[2025-07-18T18:36:55.653+0000] {taskinstance.py:1159} INFO - Dependencies all met for dep_context=requeueable deps ti=<TaskInstance: restaurant_pipeline.send_to_kafka scheduled__2025-07-18T18:34:00+00:00 [queued]>
[2025-07-18T18:36:55.653+0000] {taskinstance.py:1361} INFO - Starting attempt 1 of 1
[2025-07-18T18:36:55.660+0000] {taskinstance.py:1382} INFO - Executing <Task(BashOperator): send_to_kafka> on 2025-07-18 18:34:00+00:00
[2025-07-18T18:36:55.662+0000] {standard_task_runner.py:57} INFO - Started process 3560 to run task
[2025-07-18T18:36:55.664+0000] {standard_task_runner.py:84} INFO - Running: ['***', 'tasks', 'run', 'restaurant_pipeline', 'send_to_kafka', 'scheduled__2025-07-18T18:34:00+00:00', '--job-id', '393', '--raw', '--subdir', 'DAGS_FOLDER/restaurant_pipeline.py', '--cfg-path', '/tmp/tmp1poejdxm']
[2025-07-18T18:36:55.666+0000] {standard_task_runner.py:85} INFO - Job 393: Subtask send_to_kafka
[2025-07-18T18:36:55.693+0000] {task_command.py:416} INFO - Running <TaskInstance: restaurant_pipeline.send_to_kafka scheduled__2025-07-18T18:34:00+00:00 [running]> on host 9bcfb43e0ab7
[2025-07-18T18:36:55.735+0000] {taskinstance.py:1662} INFO - Exporting env vars: AIRFLOW_CTX_DAG_OWNER='moran' AIRFLOW_CTX_DAG_ID='restaurant_pipeline' AIRFLOW_CTX_TASK_ID='send_to_kafka' AIRFLOW_CTX_EXECUTION_DATE='2025-07-18T18:34:00+00:00' AIRFLOW_CTX_TRY_NUMBER='1' AIRFLOW_CTX_DAG_RUN_ID='scheduled__2025-07-18T18:34:00+00:00'
[2025-07-18T18:36:55.736+0000] {subprocess.py:63} INFO - Tmp dir root location: /tmp
[2025-07-18T18:36:55.736+0000] {subprocess.py:75} INFO - Running command: ['/bin/bash', '-c', 'python /opt/streaming/producer.py']
[2025-07-18T18:36:55.741+0000] {subprocess.py:86} INFO - Output:
[2025-07-18T18:36:58.066+0000] {subprocess.py:93} INFO - [✓] Sent to reservations: {'reservation_id': 3302, 'branch_id': 101, 'customer_name': 'Robert Ramirez', 'phone_number': '(824)494-5207x353', 'reservation_date': '2025-07-18', 'reservation_time': '19:10', 'guests_count': 3, 'is_confirmed': False}
[2025-07-18T18:36:58.073+0000] {subprocess.py:93} INFO - [✓] Sent to reservations: {'reservation_id': 2061, 'branch_id': 102, 'customer_name': 'Robert Gonzales', 'phone_number': '(432)438-0292', 'reservation_date': '2025-07-18', 'reservation_time': '20:19', 'guests_count': 5, 'is_confirmed': False}
[2025-07-18T18:36:58.073+0000] {subprocess.py:93} INFO - [✓] Sent to reservations: {'reservation_id': 1934, 'branch_id': 101, 'customer_name': 'Laura Wilson', 'phone_number': '(948)711-1866', 'reservation_date': '2025-07-18', 'reservation_time': '19:07', 'guests_count': 5, 'is_confirmed': True}
[2025-07-18T18:36:58.073+0000] {subprocess.py:93} INFO - [✓] Sent to checkins: {'checkin_id': 4482, 'customer_name': 'Rebecca Duffy', 'phone_number': '(455)590-9556x782', 'branch_id': 101, 'table_id': 202, 'is_prebooked': True, 'checkin_date': '2025-07-18', 'checkin_time': '16:50', 'guests_count': 1, 'shift_manager': 'William Ramos'}
[2025-07-18T18:36:58.073+0000] {subprocess.py:93} INFO - [✓] Sent to checkins: {'checkin_id': 5105, 'customer_name': 'Vanessa Dyer', 'phone_number': '403.481.3538', 'branch_id': 102, 'table_id': 206, 'is_prebooked': False, 'checkin_date': '2025-07-18', 'checkin_time': '18:04', 'guests_count': 3, 'shift_manager': 'Gabrielle Brewer'}
[2025-07-18T18:36:58.074+0000] {subprocess.py:93} INFO - [✓] Sent to checkins: {'checkin_id': 1280, 'customer_name': 'Kevin Clark', 'phone_number': '532.430.9207', 'branch_id': 102, 'table_id': 200, 'is_prebooked': False, 'checkin_date': '2025-07-18', 'checkin_time': '17:35', 'guests_count': 6, 'shift_manager': 'Lisa Blackwell'}
[2025-07-18T18:36:58.074+0000] {subprocess.py:93} INFO - [✓] Sent to feedback: {'feedback_id': 9762, 'branch_id': 102, 'customer_name': 'Bryan Cook', 'phone_number': '702-571-5611', 'feedback_text': 'Open always admit because too newspaper road.', 'rating': 5, 'dining_date': '2025-07-18', 'dining_time': '16:53', 'submission_time': '2025-07-18T18:36:55'}
[2025-07-18T18:36:58.074+0000] {subprocess.py:93} INFO - [✓] Sent to feedback: {'feedback_id': 1397, 'branch_id': 101, 'customer_name': 'Stephanie Mcconnell', 'phone_number': '838-792-2852x12975', 'feedback_text': 'Series truth time.', 'rating': 2, 'dining_date': '2025-07-18', 'dining_time': '18:01', 'submission_time': '2025-07-18T18:36:55'}
[2025-07-18T18:36:58.074+0000] {subprocess.py:93} INFO - [✓] Sent to feedback: {'feedback_id': 1373, 'branch_id': 102, 'customer_name': 'Vincent Mccoy', 'phone_number': '(772)650-6185', 'feedback_text': 'Suddenly court use performance.', 'rating': 3, 'dining_date': '2025-07-18', 'dining_time': '16:38', 'submission_time': '2025-07-18T18:36:55'}
[2025-07-18T18:36:58.074+0000] {subprocess.py:93} INFO - ✅ All messages sent.
[2025-07-18T18:36:58.098+0000] {subprocess.py:97} INFO - Command exited with return code 0
[2025-07-18T18:36:58.118+0000] {taskinstance.py:1400} INFO - Marking task as SUCCESS. dag_id=restaurant_pipeline, task_id=send_to_kafka, execution_date=20250718T183400, start_date=20250718T183655, end_date=20250718T183658
[2025-07-18T18:36:58.158+0000] {local_task_job_runner.py:228} INFO - Task exited with return code 0
[2025-07-18T18:36:58.185+0000] {taskinstance.py:2778} INFO - 1 downstream tasks scheduled from follow-on schedule check
