[2025-07-19T19:26:34.987+0000] {taskinstance.py:1159} INFO - Dependencies all met for dep_context=non-requeueable deps ti=<TaskInstance: restaurant_pipeline.send_to_kafka scheduled__2025-07-19T19:24:00+00:00 [queued]>
[2025-07-19T19:26:34.991+0000] {taskinstance.py:1159} INFO - Dependencies all met for dep_context=requeueable deps ti=<TaskInstance: restaurant_pipeline.send_to_kafka scheduled__2025-07-19T19:24:00+00:00 [queued]>
[2025-07-19T19:26:34.991+0000] {taskinstance.py:1361} INFO - Starting attempt 1 of 1
[2025-07-19T19:26:34.996+0000] {taskinstance.py:1382} INFO - Executing <Task(BashOperator): send_to_kafka> on 2025-07-19 19:24:00+00:00
[2025-07-19T19:26:34.998+0000] {standard_task_runner.py:57} INFO - Started process 2282 to run task
[2025-07-19T19:26:35.000+0000] {standard_task_runner.py:84} INFO - Running: ['***', 'tasks', 'run', 'restaurant_pipeline', 'send_to_kafka', 'scheduled__2025-07-19T19:24:00+00:00', '--job-id', '1102', '--raw', '--subdir', 'DAGS_FOLDER/restaurant_pipeline.py', '--cfg-path', '/tmp/tmp4kenqdnq']
[2025-07-19T19:26:35.001+0000] {standard_task_runner.py:85} INFO - Job 1102: Subtask send_to_kafka
[2025-07-19T19:26:35.023+0000] {task_command.py:416} INFO - Running <TaskInstance: restaurant_pipeline.send_to_kafka scheduled__2025-07-19T19:24:00+00:00 [running]> on host e3f5d8fc4eef
[2025-07-19T19:26:35.062+0000] {taskinstance.py:1662} INFO - Exporting env vars: AIRFLOW_CTX_DAG_OWNER='moran' AIRFLOW_CTX_DAG_ID='restaurant_pipeline' AIRFLOW_CTX_TASK_ID='send_to_kafka' AIRFLOW_CTX_EXECUTION_DATE='2025-07-19T19:24:00+00:00' AIRFLOW_CTX_TRY_NUMBER='1' AIRFLOW_CTX_DAG_RUN_ID='scheduled__2025-07-19T19:24:00+00:00'
[2025-07-19T19:26:35.063+0000] {subprocess.py:63} INFO - Tmp dir root location: /tmp
[2025-07-19T19:26:35.063+0000] {subprocess.py:75} INFO - Running command: ['/bin/bash', '-c', 'python /opt/streaming/producer.py']
[2025-07-19T19:26:35.067+0000] {subprocess.py:86} INFO - Output:
[2025-07-19T19:26:37.316+0000] {subprocess.py:93} INFO - [✓] Sent to reservations: {'reservation_id': 4549, 'branch_id': 102, 'customer_name': 'Rebecca Barker', 'phone_number': '(928)264-1158x97546', 'reservation_date': '2025-07-19', 'reservation_time': '19:53', 'guests_count': 1, 'is_confirmed': False}
[2025-07-19T19:26:37.317+0000] {subprocess.py:93} INFO - [✓] Sent to reservations: {'reservation_id': 4105, 'branch_id': 101, 'customer_name': 'Matthew Williams', 'phone_number': '+1-454-560-9508x2278', 'reservation_date': '2025-07-19', 'reservation_time': '21:24', 'guests_count': 2, 'is_confirmed': True}
[2025-07-19T19:26:37.318+0000] {subprocess.py:93} INFO - [✓] Sent to reservations: {'reservation_id': 6519, 'branch_id': 101, 'customer_name': 'Betty Wright', 'phone_number': '(533)401-8869', 'reservation_date': '2025-07-19', 'reservation_time': '21:20', 'guests_count': 7, 'is_confirmed': False}
[2025-07-19T19:26:37.318+0000] {subprocess.py:93} INFO - [✓] Sent to checkins: {'checkin_id': 2340, 'customer_name': 'Timothy Hart', 'phone_number': '3424195291', 'branch_id': 102, 'table_id': 203, 'is_prebooked': True, 'checkin_date': '2025-07-19', 'checkin_time': '19:12', 'guests_count': 4, 'shift_manager': 'Laura Key'}
[2025-07-19T19:26:37.318+0000] {subprocess.py:93} INFO - [✓] Sent to checkins: {'checkin_id': 4295, 'customer_name': 'Justin Snyder', 'phone_number': '552-595-5267x84785', 'branch_id': 102, 'table_id': 200, 'is_prebooked': True, 'checkin_date': '2025-07-19', 'checkin_time': '19:18', 'guests_count': 1, 'shift_manager': 'Austin Fry'}
[2025-07-19T19:26:37.319+0000] {subprocess.py:93} INFO - [✓] Sent to checkins: {'checkin_id': 2308, 'customer_name': 'Bridget Adams', 'phone_number': '2939491560', 'branch_id': 101, 'table_id': 203, 'is_prebooked': False, 'checkin_date': '2025-07-19', 'checkin_time': '18:18', 'guests_count': 2, 'shift_manager': 'Stephanie Wyatt'}
[2025-07-19T19:26:37.319+0000] {subprocess.py:93} INFO - [✓] Sent to feedback: {'feedback_id': 4892, 'branch_id': 101, 'customer_name': 'Albert Turner', 'phone_number': '320.654.1807', 'feedback_text': 'Lose plan charge boy painting.', 'rating': 1, 'dining_date': '2025-07-19', 'dining_time': '18:34', 'submission_time': '2025-07-19T19:26:34'}
[2025-07-19T19:26:37.320+0000] {subprocess.py:93} INFO - [✓] Sent to feedback: {'feedback_id': 5076, 'branch_id': 102, 'customer_name': 'Adam Griffin', 'phone_number': '3302914207', 'feedback_text': 'Thank difference deal.', 'rating': 5, 'dining_date': '2025-07-19', 'dining_time': '18:50', 'submission_time': '2025-07-19T19:26:34'}
[2025-07-19T19:26:37.321+0000] {subprocess.py:93} INFO - [✓] Sent to feedback: {'feedback_id': 8109, 'branch_id': 102, 'customer_name': 'Charlotte Washington', 'phone_number': '+1-276-351-5421x94689', 'feedback_text': 'Strong likely player successful morning.', 'rating': 2, 'dining_date': '2025-07-19', 'dining_time': '18:51', 'submission_time': '2025-07-19T19:26:34'}
[2025-07-19T19:26:37.322+0000] {subprocess.py:93} INFO - ✅ All messages sent.
[2025-07-19T19:26:37.372+0000] {subprocess.py:97} INFO - Command exited with return code 0
[2025-07-19T19:26:37.389+0000] {taskinstance.py:1400} INFO - Marking task as SUCCESS. dag_id=restaurant_pipeline, task_id=send_to_kafka, execution_date=20250719T192400, start_date=20250719T192634, end_date=20250719T192637
[2025-07-19T19:26:37.408+0000] {local_task_job_runner.py:228} INFO - Task exited with return code 0
[2025-07-19T19:26:37.435+0000] {taskinstance.py:2778} INFO - 1 downstream tasks scheduled from follow-on schedule check
