[2025-07-18T18:38:32.727+0000] {taskinstance.py:1159} INFO - Dependencies all met for dep_context=non-requeueable deps ti=<TaskInstance: restaurant_pipeline.send_to_kafka scheduled__2025-07-18T18:36:00+00:00 [queued]>
[2025-07-18T18:38:32.731+0000] {taskinstance.py:1159} INFO - Dependencies all met for dep_context=requeueable deps ti=<TaskInstance: restaurant_pipeline.send_to_kafka scheduled__2025-07-18T18:36:00+00:00 [queued]>
[2025-07-18T18:38:32.731+0000] {taskinstance.py:1361} INFO - Starting attempt 1 of 1
[2025-07-18T18:38:32.737+0000] {taskinstance.py:1382} INFO - Executing <Task(BashOperator): send_to_kafka> on 2025-07-18 18:36:00+00:00
[2025-07-18T18:38:32.739+0000] {standard_task_runner.py:57} INFO - Started process 3601 to run task
[2025-07-18T18:38:32.741+0000] {standard_task_runner.py:84} INFO - Running: ['***', 'tasks', 'run', 'restaurant_pipeline', 'send_to_kafka', 'scheduled__2025-07-18T18:36:00+00:00', '--job-id', '397', '--raw', '--subdir', 'DAGS_FOLDER/restaurant_pipeline.py', '--cfg-path', '/tmp/tmp47rh__tx']
[2025-07-18T18:38:32.743+0000] {standard_task_runner.py:85} INFO - Job 397: Subtask send_to_kafka
[2025-07-18T18:38:32.766+0000] {task_command.py:416} INFO - Running <TaskInstance: restaurant_pipeline.send_to_kafka scheduled__2025-07-18T18:36:00+00:00 [running]> on host 9bcfb43e0ab7
[2025-07-18T18:38:32.801+0000] {taskinstance.py:1662} INFO - Exporting env vars: AIRFLOW_CTX_DAG_OWNER='moran' AIRFLOW_CTX_DAG_ID='restaurant_pipeline' AIRFLOW_CTX_TASK_ID='send_to_kafka' AIRFLOW_CTX_EXECUTION_DATE='2025-07-18T18:36:00+00:00' AIRFLOW_CTX_TRY_NUMBER='1' AIRFLOW_CTX_DAG_RUN_ID='scheduled__2025-07-18T18:36:00+00:00'
[2025-07-18T18:38:32.802+0000] {subprocess.py:63} INFO - Tmp dir root location: /tmp
[2025-07-18T18:38:32.802+0000] {subprocess.py:75} INFO - Running command: ['/bin/bash', '-c', 'python /opt/streaming/producer.py']
[2025-07-18T18:38:32.806+0000] {subprocess.py:86} INFO - Output:
[2025-07-18T18:38:35.064+0000] {subprocess.py:93} INFO - [✓] Sent to reservations: {'reservation_id': 6192, 'branch_id': 102, 'customer_name': 'Stephanie Orozco', 'phone_number': '001-401-782-2064x96193', 'reservation_date': '2025-07-18', 'reservation_time': '19:45', 'guests_count': 8, 'is_confirmed': False}
[2025-07-18T18:38:35.068+0000] {subprocess.py:93} INFO - [✓] Sent to reservations: {'reservation_id': 9647, 'branch_id': 101, 'customer_name': 'Ms. Paula Hopkins MD', 'phone_number': '269-995-4334x13460', 'reservation_date': '2025-07-18', 'reservation_time': '20:04', 'guests_count': 5, 'is_confirmed': True}
[2025-07-18T18:38:35.071+0000] {subprocess.py:93} INFO - [✓] Sent to reservations: {'reservation_id': 9283, 'branch_id': 101, 'customer_name': 'Paul Chavez', 'phone_number': '(533)603-8957x4121', 'reservation_date': '2025-07-18', 'reservation_time': '19:33', 'guests_count': 4, 'is_confirmed': False}
[2025-07-18T18:38:35.073+0000] {subprocess.py:93} INFO - [✓] Sent to checkins: {'checkin_id': 1289, 'customer_name': 'Jeffrey Brooks', 'phone_number': '(925)684-8493x2509', 'branch_id': 101, 'table_id': 204, 'is_prebooked': False, 'checkin_date': '2025-07-18', 'checkin_time': '18:36', 'guests_count': 4, 'shift_manager': 'Jessica Armstrong'}
[2025-07-18T18:38:35.075+0000] {subprocess.py:93} INFO - [✓] Sent to checkins: {'checkin_id': 8985, 'customer_name': 'Antonio Cook', 'phone_number': '+1-371-901-3497', 'branch_id': 102, 'table_id': 206, 'is_prebooked': False, 'checkin_date': '2025-07-18', 'checkin_time': '18:24', 'guests_count': 1, 'shift_manager': 'Logan Pierce'}
[2025-07-18T18:38:35.075+0000] {subprocess.py:93} INFO - [✓] Sent to checkins: {'checkin_id': 8900, 'customer_name': 'Colleen Walker', 'phone_number': '(830)743-1892', 'branch_id': 101, 'table_id': 205, 'is_prebooked': True, 'checkin_date': '2025-07-18', 'checkin_time': '17:22', 'guests_count': 6, 'shift_manager': 'Robert Allen'}
[2025-07-18T18:38:35.076+0000] {subprocess.py:93} INFO - [✓] Sent to feedback: {'feedback_id': 7575, 'branch_id': 101, 'customer_name': 'Amanda Gonzales', 'phone_number': '(639)928-3591x9291', 'feedback_text': 'Policy program onto dream security example government.', 'rating': 5, 'dining_date': '2025-07-18', 'dining_time': '17:06', 'submission_time': '2025-07-18T18:38:31'}
[2025-07-18T18:38:35.076+0000] {subprocess.py:93} INFO - [✓] Sent to feedback: {'feedback_id': 9634, 'branch_id': 102, 'customer_name': 'Brittany Davis', 'phone_number': '001-208-854-4349x6561', 'feedback_text': 'Reach child far serious.', 'rating': 3, 'dining_date': '2025-07-18', 'dining_time': '17:21', 'submission_time': '2025-07-18T18:38:31'}
[2025-07-18T18:38:35.076+0000] {subprocess.py:93} INFO - [✓] Sent to feedback: {'feedback_id': 7005, 'branch_id': 101, 'customer_name': 'Mary Houston', 'phone_number': '3295226652', 'feedback_text': 'Whatever yes also movie.', 'rating': 3, 'dining_date': '2025-07-18', 'dining_time': '16:55', 'submission_time': '2025-07-18T18:38:31'}
[2025-07-18T18:38:35.078+0000] {subprocess.py:93} INFO - ✅ All messages sent.
[2025-07-18T18:38:35.120+0000] {subprocess.py:97} INFO - Command exited with return code 0
[2025-07-18T18:38:35.140+0000] {taskinstance.py:1400} INFO - Marking task as SUCCESS. dag_id=restaurant_pipeline, task_id=send_to_kafka, execution_date=20250718T183600, start_date=20250718T183832, end_date=20250718T183835
[2025-07-18T18:38:35.153+0000] {local_task_job_runner.py:228} INFO - Task exited with return code 0
[2025-07-18T18:38:35.179+0000] {taskinstance.py:2778} INFO - 1 downstream tasks scheduled from follow-on schedule check
