[2025-07-19T19:14:41.445+0000] {taskinstance.py:1159} INFO - Dependencies all met for dep_context=non-requeueable deps ti=<TaskInstance: restaurant_pipeline.send_to_kafka scheduled__2025-07-19T19:12:00+00:00 [queued]>
[2025-07-19T19:14:41.449+0000] {taskinstance.py:1159} INFO - Dependencies all met for dep_context=requeueable deps ti=<TaskInstance: restaurant_pipeline.send_to_kafka scheduled__2025-07-19T19:12:00+00:00 [queued]>
[2025-07-19T19:14:41.449+0000] {taskinstance.py:1361} INFO - Starting attempt 1 of 1
[2025-07-19T19:14:41.454+0000] {taskinstance.py:1382} INFO - Executing <Task(BashOperator): send_to_kafka> on 2025-07-19 19:12:00+00:00
[2025-07-19T19:14:41.456+0000] {standard_task_runner.py:57} INFO - Started process 2031 to run task
[2025-07-19T19:14:41.459+0000] {standard_task_runner.py:84} INFO - Running: ['***', 'tasks', 'run', 'restaurant_pipeline', 'send_to_kafka', 'scheduled__2025-07-19T19:12:00+00:00', '--job-id', '1082', '--raw', '--subdir', 'DAGS_FOLDER/restaurant_pipeline.py', '--cfg-path', '/tmp/tmpr_bhfl08']
[2025-07-19T19:14:41.462+0000] {standard_task_runner.py:85} INFO - Job 1082: Subtask send_to_kafka
[2025-07-19T19:14:41.485+0000] {task_command.py:416} INFO - Running <TaskInstance: restaurant_pipeline.send_to_kafka scheduled__2025-07-19T19:12:00+00:00 [running]> on host e3f5d8fc4eef
[2025-07-19T19:14:41.522+0000] {taskinstance.py:1662} INFO - Exporting env vars: AIRFLOW_CTX_DAG_OWNER='moran' AIRFLOW_CTX_DAG_ID='restaurant_pipeline' AIRFLOW_CTX_TASK_ID='send_to_kafka' AIRFLOW_CTX_EXECUTION_DATE='2025-07-19T19:12:00+00:00' AIRFLOW_CTX_TRY_NUMBER='1' AIRFLOW_CTX_DAG_RUN_ID='scheduled__2025-07-19T19:12:00+00:00'
[2025-07-19T19:14:41.523+0000] {subprocess.py:63} INFO - Tmp dir root location: /tmp
[2025-07-19T19:14:41.524+0000] {subprocess.py:75} INFO - Running command: ['/bin/bash', '-c', 'python /opt/streaming/producer.py']
[2025-07-19T19:14:41.529+0000] {subprocess.py:86} INFO - Output:
[2025-07-19T19:14:43.792+0000] {subprocess.py:93} INFO - [✓] Sent to reservations: {'reservation_id': 2584, 'branch_id': 101, 'customer_name': 'Samuel Horton', 'phone_number': '001-708-480-4470x341', 'reservation_date': '2025-07-19', 'reservation_time': '19:43', 'guests_count': 5, 'is_confirmed': False}
[2025-07-19T19:14:43.794+0000] {subprocess.py:93} INFO - [✓] Sent to reservations: {'reservation_id': 8146, 'branch_id': 102, 'customer_name': 'Alexander Johnston', 'phone_number': '589.446.1487x85634', 'reservation_date': '2025-07-19', 'reservation_time': '21:09', 'guests_count': 5, 'is_confirmed': False}
[2025-07-19T19:14:43.795+0000] {subprocess.py:93} INFO - [✓] Sent to reservations: {'reservation_id': 8920, 'branch_id': 101, 'customer_name': 'Sierra Adams', 'phone_number': '001-280-950-5220x51488', 'reservation_date': '2025-07-19', 'reservation_time': '20:22', 'guests_count': 3, 'is_confirmed': False}
[2025-07-19T19:14:43.796+0000] {subprocess.py:93} INFO - [✓] Sent to checkins: {'checkin_id': 9926, 'customer_name': 'Brandi Garcia', 'phone_number': '(745)904-1678x0368', 'branch_id': 101, 'table_id': 203, 'is_prebooked': False, 'checkin_date': '2025-07-19', 'checkin_time': '18:26', 'guests_count': 6, 'shift_manager': 'Kelly Rogers'}
[2025-07-19T19:14:43.796+0000] {subprocess.py:93} INFO - [✓] Sent to checkins: {'checkin_id': 2046, 'customer_name': 'Dr. Melissa Snow DDS', 'phone_number': '+1-823-254-2230', 'branch_id': 102, 'table_id': 201, 'is_prebooked': True, 'checkin_date': '2025-07-19', 'checkin_time': '17:36', 'guests_count': 4, 'shift_manager': 'Thomas Yoder'}
[2025-07-19T19:14:43.797+0000] {subprocess.py:93} INFO - [✓] Sent to checkins: {'checkin_id': 5515, 'customer_name': 'Erika Davidson', 'phone_number': '001-526-407-3576x553', 'branch_id': 101, 'table_id': 201, 'is_prebooked': True, 'checkin_date': '2025-07-19', 'checkin_time': '19:03', 'guests_count': 6, 'shift_manager': 'Brenda Beard'}
[2025-07-19T19:14:43.797+0000] {subprocess.py:93} INFO - [✓] Sent to feedback: {'feedback_id': 6765, 'branch_id': 101, 'customer_name': 'Adam Campbell', 'phone_number': '(676)398-8232x34062', 'feedback_text': 'Southern mind game according.', 'rating': 3, 'dining_date': '2025-07-19', 'dining_time': '18:15', 'submission_time': '2025-07-19T19:14:40'}
[2025-07-19T19:14:43.798+0000] {subprocess.py:93} INFO - [✓] Sent to feedback: {'feedback_id': 1114, 'branch_id': 102, 'customer_name': 'Sarah Mason', 'phone_number': '(955)774-7694', 'feedback_text': 'Minute view management.', 'rating': 1, 'dining_date': '2025-07-19', 'dining_time': '17:21', 'submission_time': '2025-07-19T19:14:40'}
[2025-07-19T19:14:43.798+0000] {subprocess.py:93} INFO - [✓] Sent to feedback: {'feedback_id': 5027, 'branch_id': 102, 'customer_name': 'Bryce Weber', 'phone_number': '(475)653-5747', 'feedback_text': 'Box television theory field pull edge modern.', 'rating': 1, 'dining_date': '2025-07-19', 'dining_time': '18:28', 'submission_time': '2025-07-19T19:14:40'}
[2025-07-19T19:14:43.799+0000] {subprocess.py:93} INFO - ✅ All messages sent.
[2025-07-19T19:14:43.845+0000] {subprocess.py:97} INFO - Command exited with return code 0
[2025-07-19T19:14:43.864+0000] {taskinstance.py:1400} INFO - Marking task as SUCCESS. dag_id=restaurant_pipeline, task_id=send_to_kafka, execution_date=20250719T191200, start_date=20250719T191441, end_date=20250719T191443
[2025-07-19T19:14:43.878+0000] {local_task_job_runner.py:228} INFO - Task exited with return code 0
[2025-07-19T19:14:43.903+0000] {taskinstance.py:2778} INFO - 1 downstream tasks scheduled from follow-on schedule check
