[2025-07-18T18:29:17.802+0000] {taskinstance.py:1159} INFO - Dependencies all met for dep_context=non-requeueable deps ti=<TaskInstance: restaurant_pipeline.bronze_to_silver scheduled__2025-07-18T18:26:00+00:00 [queued]>
[2025-07-18T18:29:17.807+0000] {taskinstance.py:1159} INFO - Dependencies all met for dep_context=requeueable deps ti=<TaskInstance: restaurant_pipeline.bronze_to_silver scheduled__2025-07-18T18:26:00+00:00 [queued]>
[2025-07-18T18:29:17.807+0000] {taskinstance.py:1361} INFO - Starting attempt 1 of 1
[2025-07-18T18:29:17.814+0000] {taskinstance.py:1382} INFO - Executing <Task(BashOperator): bronze_to_silver> on 2025-07-18 18:26:00+00:00
[2025-07-18T18:29:17.816+0000] {standard_task_runner.py:57} INFO - Started process 3368 to run task
[2025-07-18T18:29:17.818+0000] {standard_task_runner.py:84} INFO - Running: ['***', 'tasks', 'run', 'restaurant_pipeline', 'bronze_to_silver', 'scheduled__2025-07-18T18:26:00+00:00', '--job-id', '375', '--raw', '--subdir', 'DAGS_FOLDER/restaurant_pipeline.py', '--cfg-path', '/tmp/tmpvygvfib5']
[2025-07-18T18:29:17.819+0000] {standard_task_runner.py:85} INFO - Job 375: Subtask bronze_to_silver
[2025-07-18T18:29:17.842+0000] {task_command.py:416} INFO - Running <TaskInstance: restaurant_pipeline.bronze_to_silver scheduled__2025-07-18T18:26:00+00:00 [running]> on host 9bcfb43e0ab7
[2025-07-18T18:29:17.879+0000] {taskinstance.py:1662} INFO - Exporting env vars: AIRFLOW_CTX_DAG_OWNER='moran' AIRFLOW_CTX_DAG_ID='restaurant_pipeline' AIRFLOW_CTX_TASK_ID='bronze_to_silver' AIRFLOW_CTX_EXECUTION_DATE='2025-07-18T18:26:00+00:00' AIRFLOW_CTX_TRY_NUMBER='1' AIRFLOW_CTX_DAG_RUN_ID='scheduled__2025-07-18T18:26:00+00:00'
[2025-07-18T18:29:17.880+0000] {subprocess.py:63} INFO - Tmp dir root location: /tmp
[2025-07-18T18:29:17.880+0000] {subprocess.py:75} INFO - Running command: ['/bin/bash', '-c', 'docker exec spark-iceberg spark-submit /home/iceberg/spark/bronze_to_silver.py']
[2025-07-18T18:29:17.884+0000] {subprocess.py:86} INFO - Output:
[2025-07-18T18:29:19.649+0000] {subprocess.py:93} INFO - 25/07/18 18:29:19 INFO SparkContext: Running Spark version 3.5.6
[2025-07-18T18:29:19.650+0000] {subprocess.py:93} INFO - 25/07/18 18:29:19 INFO SparkContext: OS info Linux, 6.10.14-linuxkit, aarch64
[2025-07-18T18:29:19.651+0000] {subprocess.py:93} INFO - 25/07/18 18:29:19 INFO SparkContext: Java version 17.0.15
[2025-07-18T18:29:19.665+0000] {subprocess.py:93} INFO - 25/07/18 18:29:19 INFO ResourceUtils: ==============================================================
[2025-07-18T18:29:19.666+0000] {subprocess.py:93} INFO - 25/07/18 18:29:19 INFO ResourceUtils: No custom resources configured for spark.driver.
[2025-07-18T18:29:19.667+0000] {subprocess.py:93} INFO - 25/07/18 18:29:19 INFO ResourceUtils: ==============================================================
[2025-07-18T18:29:19.667+0000] {subprocess.py:93} INFO - 25/07/18 18:29:19 INFO SparkContext: Submitted application: BronzeToSilver
[2025-07-18T18:29:19.694+0000] {subprocess.py:93} INFO - 25/07/18 18:29:19 INFO ResourceProfile: Default ResourceProfile created, executor resources: Map(cores -> name: cores, amount: 1, script: , vendor: , memory -> name: memory, amount: 1024, script: , vendor: , offHeap -> name: offHeap, amount: 0, script: , vendor: ), task resources: Map(cpus -> name: cpus, amount: 1.0)
[2025-07-18T18:29:19.702+0000] {subprocess.py:93} INFO - 25/07/18 18:29:19 INFO ResourceProfile: Limiting resource is cpu
[2025-07-18T18:29:19.703+0000] {subprocess.py:93} INFO - 25/07/18 18:29:19 INFO ResourceProfileManager: Added ResourceProfile id: 0
[2025-07-18T18:29:19.735+0000] {subprocess.py:93} INFO - 25/07/18 18:29:19 INFO SecurityManager: Changing view acls to: root,spark
[2025-07-18T18:29:19.735+0000] {subprocess.py:93} INFO - 25/07/18 18:29:19 INFO SecurityManager: Changing modify acls to: root,spark
[2025-07-18T18:29:19.737+0000] {subprocess.py:93} INFO - 25/07/18 18:29:19 INFO SecurityManager: Changing view acls groups to:
[2025-07-18T18:29:19.737+0000] {subprocess.py:93} INFO - 25/07/18 18:29:19 INFO SecurityManager: Changing modify acls groups to:
[2025-07-18T18:29:19.737+0000] {subprocess.py:93} INFO - 25/07/18 18:29:19 INFO SecurityManager: SecurityManager: authentication disabled; ui acls disabled; users with view permissions: root, spark; groups with view permissions: EMPTY; users with modify permissions: root, spark; groups with modify permissions: EMPTY
[2025-07-18T18:29:19.786+0000] {subprocess.py:93} INFO - 25/07/18 18:29:19 WARN NativeCodeLoader: Unable to load native-hadoop library for your platform... using builtin-java classes where applicable
[2025-07-18T18:29:19.994+0000] {subprocess.py:93} INFO - 25/07/18 18:29:19 INFO Utils: Successfully started service 'sparkDriver' on port 37411.
[2025-07-18T18:29:20.024+0000] {subprocess.py:93} INFO - 25/07/18 18:29:20 INFO SparkEnv: Registering MapOutputTracker
[2025-07-18T18:29:20.079+0000] {subprocess.py:93} INFO - 25/07/18 18:29:20 INFO SparkEnv: Registering BlockManagerMaster
[2025-07-18T18:29:20.087+0000] {subprocess.py:93} INFO - 25/07/18 18:29:20 INFO BlockManagerMasterEndpoint: Using org.apache.spark.storage.DefaultTopologyMapper for getting topology information
[2025-07-18T18:29:20.088+0000] {subprocess.py:93} INFO - 25/07/18 18:29:20 INFO BlockManagerMasterEndpoint: BlockManagerMasterEndpoint up
[2025-07-18T18:29:20.090+0000] {subprocess.py:93} INFO - 25/07/18 18:29:20 INFO SparkEnv: Registering BlockManagerMasterHeartbeat
[2025-07-18T18:29:20.102+0000] {subprocess.py:93} INFO - 25/07/18 18:29:20 INFO DiskBlockManager: Created local directory at /tmp/blockmgr-8ef786a7-dc29-41cb-8782-fe2b14ced500
[2025-07-18T18:29:20.108+0000] {subprocess.py:93} INFO - 25/07/18 18:29:20 INFO MemoryStore: MemoryStore started with capacity 434.4 MiB
[2025-07-18T18:29:20.115+0000] {subprocess.py:93} INFO - 25/07/18 18:29:20 INFO SparkEnv: Registering OutputCommitCoordinator
[2025-07-18T18:29:20.172+0000] {subprocess.py:93} INFO - 25/07/18 18:29:20 INFO JettyUtils: Start Jetty 0.0.0.0:4040 for SparkUI
[2025-07-18T18:29:20.204+0000] {subprocess.py:93} INFO - 25/07/18 18:29:20 INFO Utils: Successfully started service 'SparkUI' on port 4040.
[2025-07-18T18:29:20.256+0000] {subprocess.py:93} INFO - 25/07/18 18:29:20 INFO Executor: Starting executor ID driver on host 77cb57a6bd53
[2025-07-18T18:29:20.256+0000] {subprocess.py:93} INFO - 25/07/18 18:29:20 INFO Executor: OS info Linux, 6.10.14-linuxkit, aarch64
[2025-07-18T18:29:20.256+0000] {subprocess.py:93} INFO - 25/07/18 18:29:20 INFO Executor: Java version 17.0.15
[2025-07-18T18:29:20.261+0000] {subprocess.py:93} INFO - 25/07/18 18:29:20 INFO Executor: Starting executor with user classpath (userClassPathFirst = false): ''
[2025-07-18T18:29:20.261+0000] {subprocess.py:93} INFO - 25/07/18 18:29:20 INFO Executor: Created or updated repl class loader org.apache.spark.util.MutableURLClassLoader@764590eb for default.
[2025-07-18T18:29:20.274+0000] {subprocess.py:93} INFO - 25/07/18 18:29:20 INFO Utils: Successfully started service 'org.apache.spark.network.netty.NettyBlockTransferService' on port 39381.
[2025-07-18T18:29:20.274+0000] {subprocess.py:93} INFO - 25/07/18 18:29:20 INFO NettyBlockTransferService: Server created on 77cb57a6bd53:39381
[2025-07-18T18:29:20.274+0000] {subprocess.py:93} INFO - 25/07/18 18:29:20 INFO BlockManager: Using org.apache.spark.storage.RandomBlockReplicationPolicy for block replication policy
[2025-07-18T18:29:20.281+0000] {subprocess.py:93} INFO - 25/07/18 18:29:20 INFO BlockManagerMaster: Registering BlockManager BlockManagerId(driver, 77cb57a6bd53, 39381, None)
[2025-07-18T18:29:20.284+0000] {subprocess.py:93} INFO - 25/07/18 18:29:20 INFO BlockManagerMasterEndpoint: Registering block manager 77cb57a6bd53:39381 with 434.4 MiB RAM, BlockManagerId(driver, 77cb57a6bd53, 39381, None)
[2025-07-18T18:29:20.289+0000] {subprocess.py:93} INFO - 25/07/18 18:29:20 INFO BlockManagerMaster: Registered BlockManager BlockManagerId(driver, 77cb57a6bd53, 39381, None)
[2025-07-18T18:29:20.290+0000] {subprocess.py:93} INFO - 25/07/18 18:29:20 INFO BlockManager: Initialized BlockManager: BlockManagerId(driver, 77cb57a6bd53, 39381, None)
[2025-07-18T18:29:20.501+0000] {subprocess.py:93} INFO - 25/07/18 18:29:20 INFO SharedState: Setting hive.metastore.warehouse.dir ('null') to the value of spark.sql.warehouse.dir.
[2025-07-18T18:29:20.514+0000] {subprocess.py:93} INFO - 25/07/18 18:29:20 INFO SharedState: Warehouse path is 'file:/app/spark-warehouse'.
[2025-07-18T18:29:21.077+0000] {subprocess.py:93} INFO - 25/07/18 18:29:21 WARN MetricsConfig: Cannot locate configuration: tried hadoop-metrics2-s3a-file-system.properties,hadoop-metrics2.properties
[2025-07-18T18:29:21.084+0000] {subprocess.py:93} INFO - 25/07/18 18:29:21 INFO MetricsSystemImpl: Scheduled Metric snapshot period at 10 second(s).
[2025-07-18T18:29:21.084+0000] {subprocess.py:93} INFO - 25/07/18 18:29:21 INFO MetricsSystemImpl: s3a-file-system metrics system started
[2025-07-18T18:29:21.808+0000] {subprocess.py:93} INFO - 25/07/18 18:29:21 INFO BaseMetastoreCatalog: Table loaded by catalog: my_catalog.bronze.Reservations_raw
[2025-07-18T18:29:22.035+0000] {subprocess.py:93} INFO - 25/07/18 18:29:22 INFO BaseMetastoreCatalog: Table loaded by catalog: my_catalog.bronze.Checkins_raw
[2025-07-18T18:29:22.089+0000] {subprocess.py:93} INFO - 25/07/18 18:29:22 INFO BaseMetastoreCatalog: Table loaded by catalog: my_catalog.bronze.Feedback_raw
[2025-07-18T18:29:22.690+0000] {subprocess.py:93} INFO - Traceback (most recent call last):
[2025-07-18T18:29:22.690+0000] {subprocess.py:93} INFO -   File "/home/iceberg/spark/bronze_to_silver.py", line 48, in <module>
[2025-07-18T18:29:22.690+0000] {subprocess.py:93} INFO -     customers_df.write.format("iceberg").mode("overwrite").save(customers_table)
[2025-07-18T18:29:22.690+0000] {subprocess.py:93} INFO -   File "/opt/bitnami/spark/python/lib/pyspark.zip/pyspark/sql/readwriter.py", line 1463, in save
[2025-07-18T18:29:22.690+0000] {subprocess.py:93} INFO -   File "/opt/bitnami/spark/python/lib/py4j-0.10.9.7-src.zip/py4j/java_gateway.py", line 1322, in __call__
[2025-07-18T18:29:22.691+0000] {subprocess.py:93} INFO -   File "/opt/bitnami/spark/python/lib/pyspark.zip/pyspark/errors/exceptions/captured.py", line 185, in deco
[2025-07-18T18:29:22.697+0000] {subprocess.py:93} INFO - pyspark.errors.exceptions.captured.AnalysisException: [TABLE_OR_VIEW_NOT_FOUND] The table or view silver.customers cannot be found. Verify the spelling and correctness of the schema and catalog.
[2025-07-18T18:29:22.697+0000] {subprocess.py:93} INFO - If you did not qualify the name with a schema, verify the current_schema() output, or qualify the name with the correct schema and catalog.
[2025-07-18T18:29:22.698+0000] {subprocess.py:93} INFO - To tolerate the error on drop use DROP VIEW IF EXISTS or DROP TABLE IF EXISTS.
[2025-07-18T18:29:22.712+0000] {subprocess.py:93} INFO - 25/07/18 18:29:22 INFO SparkContext: Invoking stop() from shutdown hook
[2025-07-18T18:29:22.712+0000] {subprocess.py:93} INFO - 25/07/18 18:29:22 INFO SparkContext: SparkContext is stopping with exitCode 0.
[2025-07-18T18:29:22.717+0000] {subprocess.py:93} INFO - 25/07/18 18:29:22 INFO SparkUI: Stopped Spark web UI at http://77cb57a6bd53:4040
[2025-07-18T18:29:22.722+0000] {subprocess.py:93} INFO - 25/07/18 18:29:22 INFO MapOutputTrackerMasterEndpoint: MapOutputTrackerMasterEndpoint stopped!
[2025-07-18T18:29:22.729+0000] {subprocess.py:93} INFO - 25/07/18 18:29:22 INFO MemoryStore: MemoryStore cleared
[2025-07-18T18:29:22.729+0000] {subprocess.py:93} INFO - 25/07/18 18:29:22 INFO BlockManager: BlockManager stopped
[2025-07-18T18:29:22.732+0000] {subprocess.py:93} INFO - 25/07/18 18:29:22 INFO BlockManagerMaster: BlockManagerMaster stopped
[2025-07-18T18:29:22.733+0000] {subprocess.py:93} INFO - 25/07/18 18:29:22 INFO OutputCommitCoordinator$OutputCommitCoordinatorEndpoint: OutputCommitCoordinator stopped!
[2025-07-18T18:29:22.738+0000] {subprocess.py:93} INFO - 25/07/18 18:29:22 INFO SparkContext: Successfully stopped SparkContext
[2025-07-18T18:29:22.738+0000] {subprocess.py:93} INFO - 25/07/18 18:29:22 INFO ShutdownHookManager: Shutdown hook called
[2025-07-18T18:29:22.738+0000] {subprocess.py:93} INFO - 25/07/18 18:29:22 INFO ShutdownHookManager: Deleting directory /tmp/spark-aeeac1b8-0f6b-4429-a486-efa5716afa0e/pyspark-288280a0-12d4-4cd1-a1e8-73c4c97430ad
[2025-07-18T18:29:22.740+0000] {subprocess.py:93} INFO - 25/07/18 18:29:22 INFO ShutdownHookManager: Deleting directory /tmp/spark-aeeac1b8-0f6b-4429-a486-efa5716afa0e
[2025-07-18T18:29:22.741+0000] {subprocess.py:93} INFO - 25/07/18 18:29:22 INFO ShutdownHookManager: Deleting directory /tmp/spark-ffd7d339-8f75-492f-b778-2cc08a00def9
[2025-07-18T18:29:22.744+0000] {subprocess.py:93} INFO - 25/07/18 18:29:22 INFO MetricsSystemImpl: Stopping s3a-file-system metrics system...
[2025-07-18T18:29:22.744+0000] {subprocess.py:93} INFO - 25/07/18 18:29:22 INFO MetricsSystemImpl: s3a-file-system metrics system stopped.
[2025-07-18T18:29:22.744+0000] {subprocess.py:93} INFO - 25/07/18 18:29:22 INFO MetricsSystemImpl: s3a-file-system metrics system shutdown complete.
[2025-07-18T18:29:22.773+0000] {subprocess.py:97} INFO - Command exited with return code 1
[2025-07-18T18:29:22.782+0000] {taskinstance.py:1937} ERROR - Task failed with exception
Traceback (most recent call last):
  File "/home/airflow/.local/lib/python3.8/site-packages/airflow/operators/bash.py", line 210, in execute
    raise AirflowException(
airflow.exceptions.AirflowException: Bash command failed. The command returned a non-zero exit code 1.
[2025-07-18T18:29:22.784+0000] {taskinstance.py:1400} INFO - Marking task as FAILED. dag_id=restaurant_pipeline, task_id=bronze_to_silver, execution_date=20250718T182600, start_date=20250718T182917, end_date=20250718T182922
[2025-07-18T18:29:22.790+0000] {standard_task_runner.py:104} ERROR - Failed to execute job 375 for task bronze_to_silver (Bash command failed. The command returned a non-zero exit code 1.; 3368)
[2025-07-18T18:29:22.801+0000] {local_task_job_runner.py:228} INFO - Task exited with return code 1
[2025-07-18T18:29:22.825+0000] {taskinstance.py:2778} INFO - 0 downstream tasks scheduled from follow-on schedule check
