[2025-07-18T17:00:27.393+0000] {taskinstance.py:1159} INFO - Dependencies all met for dep_context=non-requeueable deps ti=<TaskInstance: restaurant_pipeline.bronze_to_silver scheduled__2025-07-18T16:52:00+00:00 [queued]>
[2025-07-18T17:00:27.399+0000] {taskinstance.py:1159} INFO - Dependencies all met for dep_context=requeueable deps ti=<TaskInstance: restaurant_pipeline.bronze_to_silver scheduled__2025-07-18T16:52:00+00:00 [queued]>
[2025-07-18T17:00:27.400+0000] {taskinstance.py:1361} INFO - Starting attempt 1 of 1
[2025-07-18T17:00:27.406+0000] {taskinstance.py:1382} INFO - Executing <Task(BashOperator): bronze_to_silver> on 2025-07-18 16:52:00+00:00
[2025-07-18T17:00:27.408+0000] {standard_task_runner.py:57} INFO - Started process 2068 to run task
[2025-07-18T17:00:27.411+0000] {standard_task_runner.py:84} INFO - Running: ['***', 'tasks', 'run', 'restaurant_pipeline', 'bronze_to_silver', 'scheduled__2025-07-18T16:52:00+00:00', '--job-id', '251', '--raw', '--subdir', 'DAGS_FOLDER/restaurant_pipeline.py', '--cfg-path', '/tmp/tmp1k9l2b7t']
[2025-07-18T17:00:27.414+0000] {standard_task_runner.py:85} INFO - Job 251: Subtask bronze_to_silver
[2025-07-18T17:00:27.437+0000] {task_command.py:416} INFO - Running <TaskInstance: restaurant_pipeline.bronze_to_silver scheduled__2025-07-18T16:52:00+00:00 [running]> on host 9bcfb43e0ab7
[2025-07-18T17:00:27.472+0000] {taskinstance.py:1662} INFO - Exporting env vars: AIRFLOW_CTX_DAG_OWNER='moran' AIRFLOW_CTX_DAG_ID='restaurant_pipeline' AIRFLOW_CTX_TASK_ID='bronze_to_silver' AIRFLOW_CTX_EXECUTION_DATE='2025-07-18T16:52:00+00:00' AIRFLOW_CTX_TRY_NUMBER='1' AIRFLOW_CTX_DAG_RUN_ID='scheduled__2025-07-18T16:52:00+00:00'
[2025-07-18T17:00:27.473+0000] {subprocess.py:63} INFO - Tmp dir root location: /tmp
[2025-07-18T17:00:27.473+0000] {subprocess.py:75} INFO - Running command: ['/bin/bash', '-c', 'docker exec spark-iceberg spark-submit /home/iceberg/spark/bronze_to_silver.py']
[2025-07-18T17:00:27.477+0000] {subprocess.py:86} INFO - Output:
[2025-07-18T17:00:29.103+0000] {subprocess.py:93} INFO - 25/07/18 17:00:29 INFO SparkContext: Running Spark version 3.5.6
[2025-07-18T17:00:29.105+0000] {subprocess.py:93} INFO - 25/07/18 17:00:29 INFO SparkContext: OS info Linux, 6.10.14-linuxkit, aarch64
[2025-07-18T17:00:29.105+0000] {subprocess.py:93} INFO - 25/07/18 17:00:29 INFO SparkContext: Java version 17.0.15
[2025-07-18T17:00:29.119+0000] {subprocess.py:93} INFO - 25/07/18 17:00:29 INFO ResourceUtils: ==============================================================
[2025-07-18T17:00:29.120+0000] {subprocess.py:93} INFO - 25/07/18 17:00:29 INFO ResourceUtils: No custom resources configured for spark.driver.
[2025-07-18T17:00:29.120+0000] {subprocess.py:93} INFO - 25/07/18 17:00:29 INFO ResourceUtils: ==============================================================
[2025-07-18T17:00:29.120+0000] {subprocess.py:93} INFO - 25/07/18 17:00:29 INFO SparkContext: Submitted application: BronzeToSilver
[2025-07-18T17:00:29.132+0000] {subprocess.py:93} INFO - 25/07/18 17:00:29 INFO ResourceProfile: Default ResourceProfile created, executor resources: Map(cores -> name: cores, amount: 1, script: , vendor: , memory -> name: memory, amount: 1024, script: , vendor: , offHeap -> name: offHeap, amount: 0, script: , vendor: ), task resources: Map(cpus -> name: cpus, amount: 1.0)
[2025-07-18T17:00:29.137+0000] {subprocess.py:93} INFO - 25/07/18 17:00:29 INFO ResourceProfile: Limiting resource is cpu
[2025-07-18T17:00:29.137+0000] {subprocess.py:93} INFO - 25/07/18 17:00:29 INFO ResourceProfileManager: Added ResourceProfile id: 0
[2025-07-18T17:00:29.161+0000] {subprocess.py:93} INFO - 25/07/18 17:00:29 INFO SecurityManager: Changing view acls to: root,spark
[2025-07-18T17:00:29.161+0000] {subprocess.py:93} INFO - 25/07/18 17:00:29 INFO SecurityManager: Changing modify acls to: root,spark
[2025-07-18T17:00:29.161+0000] {subprocess.py:93} INFO - 25/07/18 17:00:29 INFO SecurityManager: Changing view acls groups to:
[2025-07-18T17:00:29.161+0000] {subprocess.py:93} INFO - 25/07/18 17:00:29 INFO SecurityManager: Changing modify acls groups to:
[2025-07-18T17:00:29.162+0000] {subprocess.py:93} INFO - 25/07/18 17:00:29 INFO SecurityManager: SecurityManager: authentication disabled; ui acls disabled; users with view permissions: root, spark; groups with view permissions: EMPTY; users with modify permissions: root, spark; groups with modify permissions: EMPTY
[2025-07-18T17:00:29.189+0000] {subprocess.py:93} INFO - 25/07/18 17:00:29 WARN NativeCodeLoader: Unable to load native-hadoop library for your platform... using builtin-java classes where applicable
[2025-07-18T17:00:29.322+0000] {subprocess.py:93} INFO - 25/07/18 17:00:29 INFO Utils: Successfully started service 'sparkDriver' on port 46379.
[2025-07-18T17:00:29.337+0000] {subprocess.py:93} INFO - 25/07/18 17:00:29 INFO SparkEnv: Registering MapOutputTracker
[2025-07-18T17:00:29.360+0000] {subprocess.py:93} INFO - 25/07/18 17:00:29 INFO SparkEnv: Registering BlockManagerMaster
[2025-07-18T17:00:29.375+0000] {subprocess.py:93} INFO - 25/07/18 17:00:29 INFO BlockManagerMasterEndpoint: Using org.apache.spark.storage.DefaultTopologyMapper for getting topology information
[2025-07-18T17:00:29.375+0000] {subprocess.py:93} INFO - 25/07/18 17:00:29 INFO BlockManagerMasterEndpoint: BlockManagerMasterEndpoint up
[2025-07-18T17:00:29.377+0000] {subprocess.py:93} INFO - 25/07/18 17:00:29 INFO SparkEnv: Registering BlockManagerMasterHeartbeat
[2025-07-18T17:00:29.391+0000] {subprocess.py:93} INFO - 25/07/18 17:00:29 INFO DiskBlockManager: Created local directory at /tmp/blockmgr-a1981320-0681-4396-8ba0-94b96683742a
[2025-07-18T17:00:29.396+0000] {subprocess.py:93} INFO - 25/07/18 17:00:29 INFO MemoryStore: MemoryStore started with capacity 434.4 MiB
[2025-07-18T17:00:29.404+0000] {subprocess.py:93} INFO - 25/07/18 17:00:29 INFO SparkEnv: Registering OutputCommitCoordinator
[2025-07-18T17:00:29.461+0000] {subprocess.py:93} INFO - 25/07/18 17:00:29 INFO JettyUtils: Start Jetty 0.0.0.0:4040 for SparkUI
[2025-07-18T17:00:29.491+0000] {subprocess.py:93} INFO - 25/07/18 17:00:29 INFO Utils: Successfully started service 'SparkUI' on port 4040.
[2025-07-18T17:00:29.542+0000] {subprocess.py:93} INFO - 25/07/18 17:00:29 INFO Executor: Starting executor ID driver on host 77cb57a6bd53
[2025-07-18T17:00:29.542+0000] {subprocess.py:93} INFO - 25/07/18 17:00:29 INFO Executor: OS info Linux, 6.10.14-linuxkit, aarch64
[2025-07-18T17:00:29.542+0000] {subprocess.py:93} INFO - 25/07/18 17:00:29 INFO Executor: Java version 17.0.15
[2025-07-18T17:00:29.547+0000] {subprocess.py:93} INFO - 25/07/18 17:00:29 INFO Executor: Starting executor with user classpath (userClassPathFirst = false): ''
[2025-07-18T17:00:29.547+0000] {subprocess.py:93} INFO - 25/07/18 17:00:29 INFO Executor: Created or updated repl class loader org.apache.spark.util.MutableURLClassLoader@566ffdfd for default.
[2025-07-18T17:00:29.560+0000] {subprocess.py:93} INFO - 25/07/18 17:00:29 INFO Utils: Successfully started service 'org.apache.spark.network.netty.NettyBlockTransferService' on port 37233.
[2025-07-18T17:00:29.560+0000] {subprocess.py:93} INFO - 25/07/18 17:00:29 INFO NettyBlockTransferService: Server created on 77cb57a6bd53:37233
[2025-07-18T17:00:29.561+0000] {subprocess.py:93} INFO - 25/07/18 17:00:29 INFO BlockManager: Using org.apache.spark.storage.RandomBlockReplicationPolicy for block replication policy
[2025-07-18T17:00:29.570+0000] {subprocess.py:93} INFO - 25/07/18 17:00:29 INFO BlockManagerMaster: Registering BlockManager BlockManagerId(driver, 77cb57a6bd53, 37233, None)
[2025-07-18T17:00:29.572+0000] {subprocess.py:93} INFO - 25/07/18 17:00:29 INFO BlockManagerMasterEndpoint: Registering block manager 77cb57a6bd53:37233 with 434.4 MiB RAM, BlockManagerId(driver, 77cb57a6bd53, 37233, None)
[2025-07-18T17:00:29.595+0000] {subprocess.py:93} INFO - 25/07/18 17:00:29 INFO BlockManagerMaster: Registered BlockManager BlockManagerId(driver, 77cb57a6bd53, 37233, None)
[2025-07-18T17:00:29.597+0000] {subprocess.py:93} INFO - 25/07/18 17:00:29 INFO BlockManager: Initialized BlockManager: BlockManagerId(driver, 77cb57a6bd53, 37233, None)
[2025-07-18T17:00:29.833+0000] {subprocess.py:93} INFO - 25/07/18 17:00:29 INFO SharedState: Setting hive.metastore.warehouse.dir ('null') to the value of spark.sql.warehouse.dir.
[2025-07-18T17:00:29.839+0000] {subprocess.py:93} INFO - 25/07/18 17:00:29 INFO SharedState: Warehouse path is 'file:/app/spark-warehouse'.
[2025-07-18T17:00:30.495+0000] {subprocess.py:93} INFO - 25/07/18 17:00:30 WARN MetricsConfig: Cannot locate configuration: tried hadoop-metrics2-s3a-file-system.properties,hadoop-metrics2.properties
[2025-07-18T17:00:30.504+0000] {subprocess.py:93} INFO - 25/07/18 17:00:30 INFO MetricsSystemImpl: Scheduled Metric snapshot period at 10 second(s).
[2025-07-18T17:00:30.505+0000] {subprocess.py:93} INFO - 25/07/18 17:00:30 INFO MetricsSystemImpl: s3a-file-system metrics system started
[2025-07-18T17:00:31.443+0000] {subprocess.py:93} INFO - 25/07/18 17:00:31 INFO BaseMetastoreCatalog: Table loaded by catalog: my_catalog.bronze.Reservations_raw
[2025-07-18T17:00:31.701+0000] {subprocess.py:93} INFO - 25/07/18 17:00:31 INFO BaseMetastoreCatalog: Table loaded by catalog: my_catalog.bronze.Checkins_raw
[2025-07-18T17:00:31.763+0000] {subprocess.py:93} INFO - 25/07/18 17:00:31 INFO BaseMetastoreCatalog: Table loaded by catalog: my_catalog.bronze.Feedback_raw
[2025-07-18T17:00:32.014+0000] {subprocess.py:93} INFO - Traceback (most recent call last):
[2025-07-18T17:00:32.014+0000] {subprocess.py:93} INFO -   File "/home/iceberg/spark/bronze_to_silver.py", line 25, in <module>
[2025-07-18T17:00:32.015+0000] {subprocess.py:93} INFO -     customers_df = spark.table("my_catalog.silver.customers")
[2025-07-18T17:00:32.015+0000] {subprocess.py:93} INFO -                    ^^^^^^^^^^^^^^^^^^^^^^^^^^^^^^^^^^^^^^^^^^
[2025-07-18T17:00:32.015+0000] {subprocess.py:93} INFO -   File "/opt/bitnami/spark/python/lib/pyspark.zip/pyspark/sql/session.py", line 1667, in table
[2025-07-18T17:00:32.015+0000] {subprocess.py:93} INFO -   File "/opt/bitnami/spark/python/lib/py4j-0.10.9.7-src.zip/py4j/java_gateway.py", line 1322, in __call__
[2025-07-18T17:00:32.015+0000] {subprocess.py:93} INFO -   File "/opt/bitnami/spark/python/lib/pyspark.zip/pyspark/errors/exceptions/captured.py", line 185, in deco
[2025-07-18T17:00:32.020+0000] {subprocess.py:93} INFO - pyspark.errors.exceptions.captured.AnalysisException: [TABLE_OR_VIEW_NOT_FOUND] The table or view `my_catalog`.`silver`.`customers` cannot be found. Verify the spelling and correctness of the schema and catalog.
[2025-07-18T17:00:32.020+0000] {subprocess.py:93} INFO - If you did not qualify the name with a schema, verify the current_schema() output, or qualify the name with the correct schema and catalog.
[2025-07-18T17:00:32.020+0000] {subprocess.py:93} INFO - To tolerate the error on drop use DROP VIEW IF EXISTS or DROP TABLE IF EXISTS.;
[2025-07-18T17:00:32.020+0000] {subprocess.py:93} INFO - 'UnresolvedRelation [my_catalog, silver, customers], [], false
[2025-07-18T17:00:32.020+0000] {subprocess.py:93} INFO - 
[2025-07-18T17:00:32.038+0000] {subprocess.py:93} INFO - 25/07/18 17:00:32 INFO SparkContext: Invoking stop() from shutdown hook
[2025-07-18T17:00:32.038+0000] {subprocess.py:93} INFO - 25/07/18 17:00:32 INFO SparkContext: SparkContext is stopping with exitCode 0.
[2025-07-18T17:00:32.044+0000] {subprocess.py:93} INFO - 25/07/18 17:00:32 INFO SparkUI: Stopped Spark web UI at http://77cb57a6bd53:4040
[2025-07-18T17:00:32.049+0000] {subprocess.py:93} INFO - 25/07/18 17:00:32 INFO MapOutputTrackerMasterEndpoint: MapOutputTrackerMasterEndpoint stopped!
[2025-07-18T17:00:32.056+0000] {subprocess.py:93} INFO - 25/07/18 17:00:32 INFO MemoryStore: MemoryStore cleared
[2025-07-18T17:00:32.056+0000] {subprocess.py:93} INFO - 25/07/18 17:00:32 INFO BlockManager: BlockManager stopped
[2025-07-18T17:00:32.059+0000] {subprocess.py:93} INFO - 25/07/18 17:00:32 INFO BlockManagerMaster: BlockManagerMaster stopped
[2025-07-18T17:00:32.060+0000] {subprocess.py:93} INFO - 25/07/18 17:00:32 INFO OutputCommitCoordinator$OutputCommitCoordinatorEndpoint: OutputCommitCoordinator stopped!
[2025-07-18T17:00:32.065+0000] {subprocess.py:93} INFO - 25/07/18 17:00:32 INFO SparkContext: Successfully stopped SparkContext
[2025-07-18T17:00:32.065+0000] {subprocess.py:93} INFO - 25/07/18 17:00:32 INFO ShutdownHookManager: Shutdown hook called
[2025-07-18T17:00:32.065+0000] {subprocess.py:93} INFO - 25/07/18 17:00:32 INFO ShutdownHookManager: Deleting directory /tmp/spark-99548b95-c176-484f-af2e-57b683d7e9b5
[2025-07-18T17:00:32.066+0000] {subprocess.py:93} INFO - 25/07/18 17:00:32 INFO ShutdownHookManager: Deleting directory /tmp/spark-61b6c9a8-a0d0-41bd-aea8-7ac30c1403de
[2025-07-18T17:00:32.067+0000] {subprocess.py:93} INFO - 25/07/18 17:00:32 INFO ShutdownHookManager: Deleting directory /tmp/spark-61b6c9a8-a0d0-41bd-aea8-7ac30c1403de/pyspark-feda654e-9a69-41ba-bd42-402330d694f1
[2025-07-18T17:00:32.070+0000] {subprocess.py:93} INFO - 25/07/18 17:00:32 INFO MetricsSystemImpl: Stopping s3a-file-system metrics system...
[2025-07-18T17:00:32.070+0000] {subprocess.py:93} INFO - 25/07/18 17:00:32 INFO MetricsSystemImpl: s3a-file-system metrics system stopped.
[2025-07-18T17:00:32.070+0000] {subprocess.py:93} INFO - 25/07/18 17:00:32 INFO MetricsSystemImpl: s3a-file-system metrics system shutdown complete.
[2025-07-18T17:00:32.109+0000] {subprocess.py:97} INFO - Command exited with return code 1
[2025-07-18T17:00:32.117+0000] {taskinstance.py:1937} ERROR - Task failed with exception
Traceback (most recent call last):
  File "/home/airflow/.local/lib/python3.8/site-packages/airflow/operators/bash.py", line 210, in execute
    raise AirflowException(
airflow.exceptions.AirflowException: Bash command failed. The command returned a non-zero exit code 1.
[2025-07-18T17:00:32.120+0000] {taskinstance.py:1400} INFO - Marking task as FAILED. dag_id=restaurant_pipeline, task_id=bronze_to_silver, execution_date=20250718T165200, start_date=20250718T170027, end_date=20250718T170032
[2025-07-18T17:00:32.126+0000] {standard_task_runner.py:104} ERROR - Failed to execute job 251 for task bronze_to_silver (Bash command failed. The command returned a non-zero exit code 1.; 2068)
[2025-07-18T17:00:32.159+0000] {local_task_job_runner.py:228} INFO - Task exited with return code 1
[2025-07-18T17:00:32.186+0000] {taskinstance.py:2778} INFO - 0 downstream tasks scheduled from follow-on schedule check
