[2025-07-18T18:48:36.967+0000] {taskinstance.py:1159} INFO - Dependencies all met for dep_context=non-requeueable deps ti=<TaskInstance: restaurant_pipeline.send_to_kafka manual__2025-07-18T18:47:44.337758+00:00 [queued]>
[2025-07-18T18:48:36.971+0000] {taskinstance.py:1159} INFO - Dependencies all met for dep_context=requeueable deps ti=<TaskInstance: restaurant_pipeline.send_to_kafka manual__2025-07-18T18:47:44.337758+00:00 [queued]>
[2025-07-18T18:48:36.971+0000] {taskinstance.py:1361} INFO - Starting attempt 1 of 1
[2025-07-18T18:48:36.977+0000] {taskinstance.py:1382} INFO - Executing <Task(BashOperator): send_to_kafka> on 2025-07-18 18:47:44.337758+00:00
[2025-07-18T18:48:36.979+0000] {standard_task_runner.py:57} INFO - Started process 3852 to run task
[2025-07-18T18:48:36.982+0000] {standard_task_runner.py:84} INFO - Running: ['***', 'tasks', 'run', 'restaurant_pipeline', 'send_to_kafka', 'manual__2025-07-18T18:47:44.337758+00:00', '--job-id', '421', '--raw', '--subdir', 'DAGS_FOLDER/restaurant_pipeline.py', '--cfg-path', '/tmp/tmp0j1_ygl9']
[2025-07-18T18:48:36.983+0000] {standard_task_runner.py:85} INFO - Job 421: Subtask send_to_kafka
[2025-07-18T18:48:37.006+0000] {task_command.py:416} INFO - Running <TaskInstance: restaurant_pipeline.send_to_kafka manual__2025-07-18T18:47:44.337758+00:00 [running]> on host 9bcfb43e0ab7
[2025-07-18T18:48:37.040+0000] {taskinstance.py:1662} INFO - Exporting env vars: AIRFLOW_CTX_DAG_OWNER='moran' AIRFLOW_CTX_DAG_ID='restaurant_pipeline' AIRFLOW_CTX_TASK_ID='send_to_kafka' AIRFLOW_CTX_EXECUTION_DATE='2025-07-18T18:47:44.337758+00:00' AIRFLOW_CTX_TRY_NUMBER='1' AIRFLOW_CTX_DAG_RUN_ID='manual__2025-07-18T18:47:44.337758+00:00'
[2025-07-18T18:48:37.041+0000] {subprocess.py:63} INFO - Tmp dir root location: /tmp
[2025-07-18T18:48:37.041+0000] {subprocess.py:75} INFO - Running command: ['/bin/bash', '-c', 'python /opt/streaming/producer.py']
[2025-07-18T18:48:37.046+0000] {subprocess.py:86} INFO - Output:
[2025-07-18T18:48:39.320+0000] {subprocess.py:93} INFO - [✓] Sent to reservations: {'reservation_id': 7953, 'branch_id': 101, 'customer_name': 'Bradley Jones', 'phone_number': '6916515529', 'reservation_date': '2025-07-18', 'reservation_time': '19:18', 'guests_count': 7, 'is_confirmed': True}
[2025-07-18T18:48:39.326+0000] {subprocess.py:93} INFO - [✓] Sent to reservations: {'reservation_id': 5191, 'branch_id': 101, 'customer_name': 'Nicholas Cole', 'phone_number': '001-859-228-9001x98035', 'reservation_date': '2025-07-18', 'reservation_time': '19:11', 'guests_count': 6, 'is_confirmed': False}
[2025-07-18T18:48:39.329+0000] {subprocess.py:93} INFO - [✓] Sent to reservations: {'reservation_id': 4865, 'branch_id': 101, 'customer_name': 'David Chapman', 'phone_number': '6788748796', 'reservation_date': '2025-07-18', 'reservation_time': '19:44', 'guests_count': 1, 'is_confirmed': True}
[2025-07-18T18:48:39.329+0000] {subprocess.py:93} INFO - [✓] Sent to checkins: {'checkin_id': 9063, 'customer_name': 'Ronald Gibson', 'phone_number': '001-246-740-9429x59458', 'branch_id': 102, 'table_id': 206, 'is_prebooked': True, 'checkin_date': '2025-07-18', 'checkin_time': '18:25', 'guests_count': 2, 'shift_manager': 'Daniel Robinson'}
[2025-07-18T18:48:39.330+0000] {subprocess.py:93} INFO - [✓] Sent to checkins: {'checkin_id': 9867, 'customer_name': 'Bridget Webb', 'phone_number': '001-520-685-1530', 'branch_id': 102, 'table_id': 207, 'is_prebooked': False, 'checkin_date': '2025-07-18', 'checkin_time': '17:46', 'guests_count': 6, 'shift_manager': 'Abigail Johnson'}
[2025-07-18T18:48:39.330+0000] {subprocess.py:93} INFO - [✓] Sent to checkins: {'checkin_id': 6049, 'customer_name': 'Sharon Arnold', 'phone_number': '+1-645-537-9585x955', 'branch_id': 102, 'table_id': 210, 'is_prebooked': True, 'checkin_date': '2025-07-18', 'checkin_time': '17:52', 'guests_count': 5, 'shift_manager': 'Mitchell Jimenez'}
[2025-07-18T18:48:39.330+0000] {subprocess.py:93} INFO - [✓] Sent to feedback: {'feedback_id': 5007, 'branch_id': 102, 'customer_name': 'Veronica Fox', 'phone_number': '738-315-0421', 'feedback_text': 'Trial answer real under try.', 'rating': 3, 'dining_date': '2025-07-18', 'dining_time': '18:07', 'submission_time': '2025-07-18T18:48:35'}
[2025-07-18T18:48:39.331+0000] {subprocess.py:93} INFO - [✓] Sent to feedback: {'feedback_id': 8158, 'branch_id': 102, 'customer_name': 'Elizabeth Gonzalez', 'phone_number': '680.452.3936', 'feedback_text': 'Friend south simple toward.', 'rating': 5, 'dining_date': '2025-07-18', 'dining_time': '18:31', 'submission_time': '2025-07-18T18:48:35'}
[2025-07-18T18:48:39.331+0000] {subprocess.py:93} INFO - [✓] Sent to feedback: {'feedback_id': 2567, 'branch_id': 102, 'customer_name': 'Brian Michael', 'phone_number': '(499)553-3789x65039', 'feedback_text': 'Answer nor already break participant eight.', 'rating': 1, 'dining_date': '2025-07-18', 'dining_time': '18:00', 'submission_time': '2025-07-18T18:48:35'}
[2025-07-18T18:48:39.331+0000] {subprocess.py:93} INFO - ✅ All messages sent.
[2025-07-18T18:48:39.377+0000] {subprocess.py:97} INFO - Command exited with return code 0
[2025-07-18T18:48:39.398+0000] {taskinstance.py:1400} INFO - Marking task as SUCCESS. dag_id=restaurant_pipeline, task_id=send_to_kafka, execution_date=20250718T184744, start_date=20250718T184836, end_date=20250718T184839
[2025-07-18T18:48:39.438+0000] {local_task_job_runner.py:228} INFO - Task exited with return code 0
[2025-07-18T18:48:39.465+0000] {taskinstance.py:2778} INFO - 1 downstream tasks scheduled from follow-on schedule check
