[2025-07-19T22:30:40.353+0000] {taskinstance.py:1159} INFO - Dependencies all met for dep_context=non-requeueable deps ti=<TaskInstance: restaurant_pipeline.send_to_kafka scheduled__2025-07-19T22:28:00+00:00 [queued]>
[2025-07-19T22:30:40.358+0000] {taskinstance.py:1159} INFO - Dependencies all met for dep_context=requeueable deps ti=<TaskInstance: restaurant_pipeline.send_to_kafka scheduled__2025-07-19T22:28:00+00:00 [queued]>
[2025-07-19T22:30:40.358+0000] {taskinstance.py:1361} INFO - Starting attempt 1 of 1
[2025-07-19T22:30:40.365+0000] {taskinstance.py:1382} INFO - Executing <Task(BashOperator): send_to_kafka> on 2025-07-19 22:28:00+00:00
[2025-07-19T22:30:40.368+0000] {standard_task_runner.py:57} INFO - Started process 182 to run task
[2025-07-19T22:30:40.371+0000] {standard_task_runner.py:84} INFO - Running: ['***', 'tasks', 'run', 'restaurant_pipeline', 'send_to_kafka', 'scheduled__2025-07-19T22:28:00+00:00', '--job-id', '1301', '--raw', '--subdir', 'DAGS_FOLDER/restaurant_pipeline.py', '--cfg-path', '/tmp/tmptilixf4v']
[2025-07-19T22:30:40.374+0000] {standard_task_runner.py:85} INFO - Job 1301: Subtask send_to_kafka
[2025-07-19T22:30:40.402+0000] {task_command.py:416} INFO - Running <TaskInstance: restaurant_pipeline.send_to_kafka scheduled__2025-07-19T22:28:00+00:00 [running]> on host f8a16600f99a
[2025-07-19T22:30:40.449+0000] {taskinstance.py:1662} INFO - Exporting env vars: AIRFLOW_CTX_DAG_OWNER='moran' AIRFLOW_CTX_DAG_ID='restaurant_pipeline' AIRFLOW_CTX_TASK_ID='send_to_kafka' AIRFLOW_CTX_EXECUTION_DATE='2025-07-19T22:28:00+00:00' AIRFLOW_CTX_TRY_NUMBER='1' AIRFLOW_CTX_DAG_RUN_ID='scheduled__2025-07-19T22:28:00+00:00'
[2025-07-19T22:30:40.450+0000] {subprocess.py:63} INFO - Tmp dir root location: /tmp
[2025-07-19T22:30:40.451+0000] {subprocess.py:75} INFO - Running command: ['/bin/bash', '-c', 'python /opt/streaming/producer.py']
[2025-07-19T22:30:40.456+0000] {subprocess.py:86} INFO - Output:
[2025-07-19T22:30:42.879+0000] {subprocess.py:93} INFO - [✓] Sent to reservations: {'reservation_id': 5778, 'branch_id': 101, 'customer_name': 'Wendy Morris', 'phone_number': '001-436-703-8271x777', 'reservation_date': '2025-07-19', 'reservation_time': '23:39', 'guests_count': 5, 'is_confirmed': True}
[2025-07-19T22:30:42.896+0000] {subprocess.py:93} INFO - [✓] Sent to reservations: {'reservation_id': 2706, 'branch_id': 101, 'customer_name': 'Kyle Smith', 'phone_number': '249.317.8847x35362', 'reservation_date': '2025-07-19', 'reservation_time': '22:47', 'guests_count': 7, 'is_confirmed': False}
[2025-07-19T22:30:42.904+0000] {subprocess.py:93} INFO - [✓] Sent to reservations: {'reservation_id': 9921, 'branch_id': 102, 'customer_name': 'Nicholas Taylor', 'phone_number': '+1-506-883-0508x027', 'reservation_date': '2025-07-19', 'reservation_time': '22:47', 'guests_count': 1, 'is_confirmed': False}
[2025-07-19T22:30:42.912+0000] {subprocess.py:93} INFO - [✓] Sent to checkins: {'checkin_id': 2048, 'customer_name': 'Yolanda Jenkins', 'phone_number': '9734755532', 'branch_id': 102, 'table_id': 204, 'is_prebooked': True, 'checkin_date': '2025-07-19', 'checkin_time': '21:53', 'guests_count': 6, 'shift_manager': 'Lisa Lewis'}
[2025-07-19T22:30:42.913+0000] {subprocess.py:93} INFO - [✓] Sent to checkins: {'checkin_id': 4379, 'customer_name': 'Ashley Brooks', 'phone_number': '+1-561-658-6969x9757', 'branch_id': 102, 'table_id': 209, 'is_prebooked': True, 'checkin_date': '2025-07-19', 'checkin_time': '20:50', 'guests_count': 1, 'shift_manager': 'James Mccarthy'}
[2025-07-19T22:30:42.914+0000] {subprocess.py:93} INFO - [✓] Sent to checkins: {'checkin_id': 8522, 'customer_name': 'Mary Moss', 'phone_number': '001-597-526-8656x743', 'branch_id': 102, 'table_id': 203, 'is_prebooked': False, 'checkin_date': '2025-07-19', 'checkin_time': '20:30', 'guests_count': 2, 'shift_manager': 'Vincent Mccarty'}
[2025-07-19T22:30:42.925+0000] {subprocess.py:93} INFO - [✓] Sent to feedback: {'feedback_id': 1852, 'branch_id': 102, 'customer_name': 'Darlene Hale', 'phone_number': '766-234-2164x21248', 'feedback_text': 'Population pressure sound sport clear contain.', 'rating': 2, 'dining_date': '2025-07-19', 'dining_time': '21:22', 'submission_time': '2025-07-19T22:30:39'}
[2025-07-19T22:30:42.935+0000] {subprocess.py:93} INFO - [✓] Sent to feedback: {'feedback_id': 7362, 'branch_id': 101, 'customer_name': 'Tiffany Watkins', 'phone_number': '548.259.4015x76851', 'feedback_text': 'Study sign condition difficult.', 'rating': 2, 'dining_date': '2025-07-19', 'dining_time': '21:44', 'submission_time': '2025-07-19T22:30:39'}
[2025-07-19T22:30:42.939+0000] {subprocess.py:93} INFO - [✓] Sent to feedback: {'feedback_id': 5593, 'branch_id': 102, 'customer_name': 'Christina Floyd', 'phone_number': '+1-911-989-1966x819', 'feedback_text': 'Focus never local store wind us record.', 'rating': 5, 'dining_date': '2025-07-19', 'dining_time': '20:30', 'submission_time': '2025-07-19T22:30:39'}
[2025-07-19T22:30:42.945+0000] {subprocess.py:93} INFO - ✅ All messages sent.
[2025-07-19T22:30:43.093+0000] {subprocess.py:97} INFO - Command exited with return code 0
[2025-07-19T22:30:43.194+0000] {taskinstance.py:1400} INFO - Marking task as SUCCESS. dag_id=restaurant_pipeline, task_id=send_to_kafka, execution_date=20250719T222800, start_date=20250719T223040, end_date=20250719T223043
[2025-07-19T22:30:43.238+0000] {local_task_job_runner.py:228} INFO - Task exited with return code 0
[2025-07-19T22:30:43.393+0000] {taskinstance.py:2778} INFO - 1 downstream tasks scheduled from follow-on schedule check
