[2025-07-18T19:12:22.176+0000] {taskinstance.py:1159} INFO - Dependencies all met for dep_context=non-requeueable deps ti=<TaskInstance: restaurant_pipeline.send_to_kafka manual__2025-07-18T19:12:16.180619+00:00 [queued]>
[2025-07-18T19:12:22.180+0000] {taskinstance.py:1159} INFO - Dependencies all met for dep_context=requeueable deps ti=<TaskInstance: restaurant_pipeline.send_to_kafka manual__2025-07-18T19:12:16.180619+00:00 [queued]>
[2025-07-18T19:12:22.180+0000] {taskinstance.py:1361} INFO - Starting attempt 1 of 1
[2025-07-18T19:12:22.188+0000] {taskinstance.py:1382} INFO - Executing <Task(BashOperator): send_to_kafka> on 2025-07-18 19:12:16.180619+00:00
[2025-07-18T19:12:22.192+0000] {standard_task_runner.py:57} INFO - Started process 4510 to run task
[2025-07-18T19:12:22.198+0000] {standard_task_runner.py:84} INFO - Running: ['***', 'tasks', 'run', 'restaurant_pipeline', 'send_to_kafka', 'manual__2025-07-18T19:12:16.180619+00:00', '--job-id', '480', '--raw', '--subdir', 'DAGS_FOLDER/restaurant_pipeline.py', '--cfg-path', '/tmp/tmpy6sj94xa']
[2025-07-18T19:12:22.204+0000] {standard_task_runner.py:85} INFO - Job 480: Subtask send_to_kafka
[2025-07-18T19:12:22.255+0000] {task_command.py:416} INFO - Running <TaskInstance: restaurant_pipeline.send_to_kafka manual__2025-07-18T19:12:16.180619+00:00 [running]> on host 9bcfb43e0ab7
[2025-07-18T19:12:22.294+0000] {taskinstance.py:1662} INFO - Exporting env vars: AIRFLOW_CTX_DAG_OWNER='moran' AIRFLOW_CTX_DAG_ID='restaurant_pipeline' AIRFLOW_CTX_TASK_ID='send_to_kafka' AIRFLOW_CTX_EXECUTION_DATE='2025-07-18T19:12:16.180619+00:00' AIRFLOW_CTX_TRY_NUMBER='1' AIRFLOW_CTX_DAG_RUN_ID='manual__2025-07-18T19:12:16.180619+00:00'
[2025-07-18T19:12:22.295+0000] {subprocess.py:63} INFO - Tmp dir root location: /tmp
[2025-07-18T19:12:22.295+0000] {subprocess.py:75} INFO - Running command: ['/bin/bash', '-c', 'python /opt/streaming/producer.py']
[2025-07-18T19:12:22.300+0000] {subprocess.py:86} INFO - Output:
[2025-07-18T19:12:24.640+0000] {subprocess.py:93} INFO - [✓] Sent to reservations: {'reservation_id': 2635, 'branch_id': 102, 'customer_name': 'Jordan Klein', 'phone_number': '001-522-911-7483x9305', 'reservation_date': '2025-07-18', 'reservation_time': '20:53', 'guests_count': 2, 'is_confirmed': True}
[2025-07-18T19:12:24.645+0000] {subprocess.py:93} INFO - [✓] Sent to reservations: {'reservation_id': 9403, 'branch_id': 101, 'customer_name': 'Thomas Cole', 'phone_number': '+1-994-756-5067', 'reservation_date': '2025-07-18', 'reservation_time': '20:12', 'guests_count': 8, 'is_confirmed': False}
[2025-07-18T19:12:24.646+0000] {subprocess.py:93} INFO - [✓] Sent to reservations: {'reservation_id': 1265, 'branch_id': 102, 'customer_name': 'Wesley Lynn', 'phone_number': '987-472-0023x278', 'reservation_date': '2025-07-18', 'reservation_time': '20:55', 'guests_count': 4, 'is_confirmed': True}
[2025-07-18T19:12:24.647+0000] {subprocess.py:93} INFO - [✓] Sent to checkins: {'checkin_id': 6709, 'customer_name': 'Sarah Hawkins', 'phone_number': '9762447300', 'branch_id': 102, 'table_id': 202, 'is_prebooked': False, 'checkin_date': '2025-07-18', 'checkin_time': '17:57', 'guests_count': 4, 'shift_manager': 'Paula Henry'}
[2025-07-18T19:12:24.648+0000] {subprocess.py:93} INFO - [✓] Sent to checkins: {'checkin_id': 1150, 'customer_name': 'Robert Moore', 'phone_number': '001-558-495-7105x66002', 'branch_id': 101, 'table_id': 202, 'is_prebooked': True, 'checkin_date': '2025-07-18', 'checkin_time': '17:25', 'guests_count': 1, 'shift_manager': 'Cassandra Jackson'}
[2025-07-18T19:12:24.651+0000] {subprocess.py:93} INFO - [✓] Sent to checkins: {'checkin_id': 9259, 'customer_name': 'Kyle Stewart', 'phone_number': '401-753-7411x138', 'branch_id': 101, 'table_id': 205, 'is_prebooked': False, 'checkin_date': '2025-07-18', 'checkin_time': '17:52', 'guests_count': 5, 'shift_manager': 'David Wong'}
[2025-07-18T19:12:24.651+0000] {subprocess.py:93} INFO - [✓] Sent to feedback: {'feedback_id': 8912, 'branch_id': 102, 'customer_name': 'Scott Anderson', 'phone_number': '725.645.4488', 'feedback_text': 'Condition morning treat game away Republican.', 'rating': 1, 'dining_date': '2025-07-18', 'dining_time': '17:33', 'submission_time': '2025-07-18T19:12:21'}
[2025-07-18T19:12:24.652+0000] {subprocess.py:93} INFO - [✓] Sent to feedback: {'feedback_id': 7764, 'branch_id': 102, 'customer_name': 'Kimberly George', 'phone_number': '001-773-475-4954x382', 'feedback_text': 'Describe person might.', 'rating': 2, 'dining_date': '2025-07-18', 'dining_time': '19:02', 'submission_time': '2025-07-18T19:12:21'}
[2025-07-18T19:12:24.652+0000] {subprocess.py:93} INFO - [✓] Sent to feedback: {'feedback_id': 6827, 'branch_id': 101, 'customer_name': 'Rachel Jordan', 'phone_number': '+1-956-454-3550x829', 'feedback_text': 'Pull by continue.', 'rating': 2, 'dining_date': '2025-07-18', 'dining_time': '18:06', 'submission_time': '2025-07-18T19:12:21'}
[2025-07-18T19:12:24.652+0000] {subprocess.py:93} INFO - ✅ All messages sent.
[2025-07-18T19:12:24.696+0000] {subprocess.py:97} INFO - Command exited with return code 0
[2025-07-18T19:12:24.718+0000] {taskinstance.py:1400} INFO - Marking task as SUCCESS. dag_id=restaurant_pipeline, task_id=send_to_kafka, execution_date=20250718T191216, start_date=20250718T191222, end_date=20250718T191224
[2025-07-18T19:12:24.742+0000] {local_task_job_runner.py:228} INFO - Task exited with return code 0
[2025-07-18T19:12:24.770+0000] {taskinstance.py:2778} INFO - 1 downstream tasks scheduled from follow-on schedule check
