[2025-07-18T16:50:01.279+0000] {taskinstance.py:1159} INFO - Dependencies all met for dep_context=non-requeueable deps ti=<TaskInstance: restaurant_pipeline.send_to_kafka scheduled__2025-07-18T16:48:00+00:00 [queued]>
[2025-07-18T16:50:01.283+0000] {taskinstance.py:1159} INFO - Dependencies all met for dep_context=requeueable deps ti=<TaskInstance: restaurant_pipeline.send_to_kafka scheduled__2025-07-18T16:48:00+00:00 [queued]>
[2025-07-18T16:50:01.283+0000] {taskinstance.py:1361} INFO - Starting attempt 1 of 1
[2025-07-18T16:50:01.290+0000] {taskinstance.py:1382} INFO - Executing <Task(BashOperator): send_to_kafka> on 2025-07-18 16:48:00+00:00
[2025-07-18T16:50:01.293+0000] {standard_task_runner.py:57} INFO - Started process 1941 to run task
[2025-07-18T16:50:01.295+0000] {standard_task_runner.py:84} INFO - Running: ['***', 'tasks', 'run', 'restaurant_pipeline', 'send_to_kafka', 'scheduled__2025-07-18T16:48:00+00:00', '--job-id', '241', '--raw', '--subdir', 'DAGS_FOLDER/restaurant_pipeline.py', '--cfg-path', '/tmp/tmpc_94_ek6']
[2025-07-18T16:50:01.297+0000] {standard_task_runner.py:85} INFO - Job 241: Subtask send_to_kafka
[2025-07-18T16:50:01.325+0000] {task_command.py:416} INFO - Running <TaskInstance: restaurant_pipeline.send_to_kafka scheduled__2025-07-18T16:48:00+00:00 [running]> on host 9bcfb43e0ab7
[2025-07-18T16:50:01.364+0000] {taskinstance.py:1662} INFO - Exporting env vars: AIRFLOW_CTX_DAG_OWNER='moran' AIRFLOW_CTX_DAG_ID='restaurant_pipeline' AIRFLOW_CTX_TASK_ID='send_to_kafka' AIRFLOW_CTX_EXECUTION_DATE='2025-07-18T16:48:00+00:00' AIRFLOW_CTX_TRY_NUMBER='1' AIRFLOW_CTX_DAG_RUN_ID='scheduled__2025-07-18T16:48:00+00:00'
[2025-07-18T16:50:01.365+0000] {subprocess.py:63} INFO - Tmp dir root location: /tmp
[2025-07-18T16:50:01.366+0000] {subprocess.py:75} INFO - Running command: ['/bin/bash', '-c', 'python /opt/streaming/producer.py']
[2025-07-18T16:50:01.370+0000] {subprocess.py:86} INFO - Output:
[2025-07-18T16:50:03.671+0000] {subprocess.py:93} INFO - [✓] Sent to reservations: {'reservation_id': 7762, 'branch_id': 102, 'customer_name': 'Sydney Cobb', 'phone_number': '+1-790-876-4210', 'reservation_date': '2025-07-18', 'reservation_time': '17:30', 'guests_count': 2, 'is_confirmed': True}
[2025-07-18T16:50:03.677+0000] {subprocess.py:93} INFO - [✓] Sent to reservations: {'reservation_id': 2526, 'branch_id': 101, 'customer_name': 'Brett Phillips', 'phone_number': '796-369-0431x97562', 'reservation_date': '2025-07-18', 'reservation_time': '17:27', 'guests_count': 4, 'is_confirmed': False}
[2025-07-18T16:50:03.678+0000] {subprocess.py:93} INFO - [✓] Sent to reservations: {'reservation_id': 7098, 'branch_id': 102, 'customer_name': 'Mackenzie Ellison', 'phone_number': '276.502.6737', 'reservation_date': '2025-07-18', 'reservation_time': '17:52', 'guests_count': 5, 'is_confirmed': True}
[2025-07-18T16:50:03.686+0000] {subprocess.py:93} INFO - [✓] Sent to checkins: {'checkin_id': 9034, 'customer_name': 'Jason Rogers', 'phone_number': '347-814-4458x802', 'branch_id': 101, 'table_id': 207, 'is_prebooked': False, 'checkin_date': '2025-07-18', 'checkin_time': '15:36', 'guests_count': 1, 'shift_manager': 'Kyle Jefferson'}
[2025-07-18T16:50:03.688+0000] {subprocess.py:93} INFO - [✓] Sent to checkins: {'checkin_id': 4116, 'customer_name': 'Michelle Williamson', 'phone_number': '+1-304-237-6231', 'branch_id': 101, 'table_id': 208, 'is_prebooked': True, 'checkin_date': '2025-07-18', 'checkin_time': '15:59', 'guests_count': 2, 'shift_manager': 'Danielle Page'}
[2025-07-18T16:50:03.692+0000] {subprocess.py:93} INFO - [✓] Sent to checkins: {'checkin_id': 9197, 'customer_name': 'Heather Wilkinson', 'phone_number': '691.236.9121x0792', 'branch_id': 102, 'table_id': 204, 'is_prebooked': False, 'checkin_date': '2025-07-18', 'checkin_time': '16:41', 'guests_count': 4, 'shift_manager': 'Robert Diaz'}
[2025-07-18T16:50:03.692+0000] {subprocess.py:93} INFO - [✓] Sent to feedback: {'feedback_id': 3492, 'branch_id': 101, 'customer_name': 'Elizabeth Logan', 'phone_number': '395-218-8079x68492', 'feedback_text': 'Magazine vote institution accept phone main true.', 'rating': 3, 'dining_date': '2025-07-18', 'dining_time': '16:10', 'submission_time': '2025-07-18T16:50:00'}
[2025-07-18T16:50:03.693+0000] {subprocess.py:93} INFO - [✓] Sent to feedback: {'feedback_id': 8542, 'branch_id': 101, 'customer_name': 'Jeffrey Maxwell', 'phone_number': '563.640.9830x8681', 'feedback_text': 'Morning serve method trouble exist write.', 'rating': 3, 'dining_date': '2025-07-18', 'dining_time': '16:20', 'submission_time': '2025-07-18T16:50:00'}
[2025-07-18T16:50:03.693+0000] {subprocess.py:93} INFO - [✓] Sent to feedback: {'feedback_id': 5097, 'branch_id': 101, 'customer_name': 'Richard Bennett', 'phone_number': '637.790.2657x729', 'feedback_text': 'When develop effect box.', 'rating': 2, 'dining_date': '2025-07-18', 'dining_time': '16:20', 'submission_time': '2025-07-18T16:50:00'}
[2025-07-18T16:50:03.693+0000] {subprocess.py:93} INFO - ✅ All messages sent.
[2025-07-18T16:50:03.778+0000] {subprocess.py:97} INFO - Command exited with return code 0
[2025-07-18T16:50:03.839+0000] {taskinstance.py:1400} INFO - Marking task as SUCCESS. dag_id=restaurant_pipeline, task_id=send_to_kafka, execution_date=20250718T164800, start_date=20250718T165001, end_date=20250718T165003
[2025-07-18T16:50:03.902+0000] {local_task_job_runner.py:228} INFO - Task exited with return code 0
[2025-07-18T16:50:03.972+0000] {taskinstance.py:2778} INFO - 1 downstream tasks scheduled from follow-on schedule check
