[2025-07-18T20:08:01.371+0000] {taskinstance.py:1159} INFO - Dependencies all met for dep_context=non-requeueable deps ti=<TaskInstance: restaurant_pipeline.send_to_kafka scheduled__2025-07-18T20:06:00+00:00 [queued]>
[2025-07-18T20:08:01.376+0000] {taskinstance.py:1159} INFO - Dependencies all met for dep_context=requeueable deps ti=<TaskInstance: restaurant_pipeline.send_to_kafka scheduled__2025-07-18T20:06:00+00:00 [queued]>
[2025-07-18T20:08:01.376+0000] {taskinstance.py:1361} INFO - Starting attempt 1 of 1
[2025-07-18T20:08:01.382+0000] {taskinstance.py:1382} INFO - Executing <Task(BashOperator): send_to_kafka> on 2025-07-18 20:06:00+00:00
[2025-07-18T20:08:01.384+0000] {standard_task_runner.py:57} INFO - Started process 5809 to run task
[2025-07-18T20:08:01.386+0000] {standard_task_runner.py:84} INFO - Running: ['***', 'tasks', 'run', 'restaurant_pipeline', 'send_to_kafka', 'scheduled__2025-07-18T20:06:00+00:00', '--job-id', '593', '--raw', '--subdir', 'DAGS_FOLDER/restaurant_pipeline.py', '--cfg-path', '/tmp/tmpp91i3vov']
[2025-07-18T20:08:01.387+0000] {standard_task_runner.py:85} INFO - Job 593: Subtask send_to_kafka
[2025-07-18T20:08:01.409+0000] {task_command.py:416} INFO - Running <TaskInstance: restaurant_pipeline.send_to_kafka scheduled__2025-07-18T20:06:00+00:00 [running]> on host 9bcfb43e0ab7
[2025-07-18T20:08:01.447+0000] {taskinstance.py:1662} INFO - Exporting env vars: AIRFLOW_CTX_DAG_OWNER='moran' AIRFLOW_CTX_DAG_ID='restaurant_pipeline' AIRFLOW_CTX_TASK_ID='send_to_kafka' AIRFLOW_CTX_EXECUTION_DATE='2025-07-18T20:06:00+00:00' AIRFLOW_CTX_TRY_NUMBER='1' AIRFLOW_CTX_DAG_RUN_ID='scheduled__2025-07-18T20:06:00+00:00'
[2025-07-18T20:08:01.448+0000] {subprocess.py:63} INFO - Tmp dir root location: /tmp
[2025-07-18T20:08:01.448+0000] {subprocess.py:75} INFO - Running command: ['/bin/bash', '-c', 'python /opt/streaming/producer.py']
[2025-07-18T20:08:01.452+0000] {subprocess.py:86} INFO - Output:
[2025-07-18T20:08:03.701+0000] {subprocess.py:93} INFO - [✓] Sent to reservations: {'reservation_id': 4652, 'branch_id': 102, 'customer_name': 'Matthew Berry', 'phone_number': '001-367-305-7469x380', 'reservation_date': '2025-07-18', 'reservation_time': '21:33', 'guests_count': 2, 'is_confirmed': True}
[2025-07-18T20:08:03.703+0000] {subprocess.py:93} INFO - [✓] Sent to reservations: {'reservation_id': 1920, 'branch_id': 102, 'customer_name': 'Sandra Rodriguez', 'phone_number': '+1-349-413-4513', 'reservation_date': '2025-07-18', 'reservation_time': '21:55', 'guests_count': 2, 'is_confirmed': True}
[2025-07-18T20:08:03.704+0000] {subprocess.py:93} INFO - [✓] Sent to reservations: {'reservation_id': 5888, 'branch_id': 101, 'customer_name': 'Anthony Coleman', 'phone_number': '+1-770-827-7510x2646', 'reservation_date': '2025-07-18', 'reservation_time': '20:21', 'guests_count': 6, 'is_confirmed': False}
[2025-07-18T20:08:03.704+0000] {subprocess.py:93} INFO - [✓] Sent to checkins: {'checkin_id': 1208, 'customer_name': 'Crystal Martinez', 'phone_number': '209.328.8866x1264', 'branch_id': 102, 'table_id': 200, 'is_prebooked': True, 'checkin_date': '2025-07-18', 'checkin_time': '18:35', 'guests_count': 1, 'shift_manager': 'Katherine Gonzalez'}
[2025-07-18T20:08:03.705+0000] {subprocess.py:93} INFO - [✓] Sent to checkins: {'checkin_id': 1676, 'customer_name': 'Charles Chapman', 'phone_number': '911-215-9864', 'branch_id': 101, 'table_id': 200, 'is_prebooked': True, 'checkin_date': '2025-07-18', 'checkin_time': '19:11', 'guests_count': 3, 'shift_manager': 'Kara Brock'}
[2025-07-18T20:08:03.706+0000] {subprocess.py:93} INFO - [✓] Sent to checkins: {'checkin_id': 1179, 'customer_name': 'Philip Becker', 'phone_number': '881.299.7439', 'branch_id': 101, 'table_id': 207, 'is_prebooked': True, 'checkin_date': '2025-07-18', 'checkin_time': '18:45', 'guests_count': 1, 'shift_manager': 'Carol David'}
[2025-07-18T20:08:03.706+0000] {subprocess.py:93} INFO - [✓] Sent to feedback: {'feedback_id': 1912, 'branch_id': 101, 'customer_name': 'Rachel Barr', 'phone_number': '001-228-732-4577x0256', 'feedback_text': 'Alone population series nothing very.', 'rating': 1, 'dining_date': '2025-07-18', 'dining_time': '19:02', 'submission_time': '2025-07-18T20:08:00'}
[2025-07-18T20:08:03.707+0000] {subprocess.py:93} INFO - [✓] Sent to feedback: {'feedback_id': 4852, 'branch_id': 101, 'customer_name': 'Sharon Perez', 'phone_number': '4016620265', 'feedback_text': 'Ask pick thousand when administration sit the.', 'rating': 1, 'dining_date': '2025-07-18', 'dining_time': '18:47', 'submission_time': '2025-07-18T20:08:00'}
[2025-07-18T20:08:03.707+0000] {subprocess.py:93} INFO - [✓] Sent to feedback: {'feedback_id': 5970, 'branch_id': 102, 'customer_name': 'Andrea Gonzalez', 'phone_number': '207.884.7256x64938', 'feedback_text': 'Time win assume seven enjoy year sit election.', 'rating': 1, 'dining_date': '2025-07-18', 'dining_time': '18:55', 'submission_time': '2025-07-18T20:08:00'}
[2025-07-18T20:08:03.708+0000] {subprocess.py:93} INFO - ✅ All messages sent.
[2025-07-18T20:08:03.756+0000] {subprocess.py:97} INFO - Command exited with return code 0
[2025-07-18T20:08:03.774+0000] {taskinstance.py:1400} INFO - Marking task as SUCCESS. dag_id=restaurant_pipeline, task_id=send_to_kafka, execution_date=20250718T200600, start_date=20250718T200801, end_date=20250718T200803
[2025-07-18T20:08:03.818+0000] {local_task_job_runner.py:228} INFO - Task exited with return code 0
[2025-07-18T20:08:03.847+0000] {taskinstance.py:2778} INFO - 1 downstream tasks scheduled from follow-on schedule check
