[2025-07-18T20:16:02.084+0000] {taskinstance.py:1159} INFO - Dependencies all met for dep_context=non-requeueable deps ti=<TaskInstance: restaurant_pipeline.send_to_kafka scheduled__2025-07-18T20:14:00+00:00 [queued]>
[2025-07-18T20:16:02.089+0000] {taskinstance.py:1159} INFO - Dependencies all met for dep_context=requeueable deps ti=<TaskInstance: restaurant_pipeline.send_to_kafka scheduled__2025-07-18T20:14:00+00:00 [queued]>
[2025-07-18T20:16:02.089+0000] {taskinstance.py:1361} INFO - Starting attempt 1 of 1
[2025-07-18T20:16:02.095+0000] {taskinstance.py:1382} INFO - Executing <Task(BashOperator): send_to_kafka> on 2025-07-18 20:14:00+00:00
[2025-07-18T20:16:02.096+0000] {standard_task_runner.py:57} INFO - Started process 5949 to run task
[2025-07-18T20:16:02.098+0000] {standard_task_runner.py:84} INFO - Running: ['***', 'tasks', 'run', 'restaurant_pipeline', 'send_to_kafka', 'scheduled__2025-07-18T20:14:00+00:00', '--job-id', '605', '--raw', '--subdir', 'DAGS_FOLDER/restaurant_pipeline.py', '--cfg-path', '/tmp/tmpuwokhdlw']
[2025-07-18T20:16:02.100+0000] {standard_task_runner.py:85} INFO - Job 605: Subtask send_to_kafka
[2025-07-18T20:16:02.122+0000] {task_command.py:416} INFO - Running <TaskInstance: restaurant_pipeline.send_to_kafka scheduled__2025-07-18T20:14:00+00:00 [running]> on host 9bcfb43e0ab7
[2025-07-18T20:16:02.158+0000] {taskinstance.py:1662} INFO - Exporting env vars: AIRFLOW_CTX_DAG_OWNER='moran' AIRFLOW_CTX_DAG_ID='restaurant_pipeline' AIRFLOW_CTX_TASK_ID='send_to_kafka' AIRFLOW_CTX_EXECUTION_DATE='2025-07-18T20:14:00+00:00' AIRFLOW_CTX_TRY_NUMBER='1' AIRFLOW_CTX_DAG_RUN_ID='scheduled__2025-07-18T20:14:00+00:00'
[2025-07-18T20:16:02.159+0000] {subprocess.py:63} INFO - Tmp dir root location: /tmp
[2025-07-18T20:16:02.159+0000] {subprocess.py:75} INFO - Running command: ['/bin/bash', '-c', 'python /opt/streaming/producer.py']
[2025-07-18T20:16:02.163+0000] {subprocess.py:86} INFO - Output:
[2025-07-18T20:16:04.429+0000] {subprocess.py:93} INFO - [✓] Sent to reservations: {'reservation_id': 1630, 'branch_id': 101, 'customer_name': 'Jennifer Buck', 'phone_number': '(899)736-9894x837', 'reservation_date': '2025-07-18', 'reservation_time': '21:12', 'guests_count': 4, 'is_confirmed': False}
[2025-07-18T20:16:04.430+0000] {subprocess.py:93} INFO - [✓] Sent to reservations: {'reservation_id': 9024, 'branch_id': 102, 'customer_name': 'William Collier', 'phone_number': '+1-748-517-6952x4176', 'reservation_date': '2025-07-18', 'reservation_time': '21:16', 'guests_count': 3, 'is_confirmed': True}
[2025-07-18T20:16:04.430+0000] {subprocess.py:93} INFO - [✓] Sent to reservations: {'reservation_id': 6930, 'branch_id': 102, 'customer_name': 'Mary Jones', 'phone_number': '781.305.2709x3229', 'reservation_date': '2025-07-18', 'reservation_time': '20:58', 'guests_count': 3, 'is_confirmed': False}
[2025-07-18T20:16:04.430+0000] {subprocess.py:93} INFO - [✓] Sent to checkins: {'checkin_id': 8494, 'customer_name': 'Melinda Nelson', 'phone_number': '530-833-9190x1355', 'branch_id': 101, 'table_id': 205, 'is_prebooked': True, 'checkin_date': '2025-07-18', 'checkin_time': '20:04', 'guests_count': 5, 'shift_manager': 'Linda Sanchez'}
[2025-07-18T20:16:04.431+0000] {subprocess.py:93} INFO - [✓] Sent to checkins: {'checkin_id': 4001, 'customer_name': 'Tasha Howard', 'phone_number': '6704610935', 'branch_id': 101, 'table_id': 205, 'is_prebooked': True, 'checkin_date': '2025-07-18', 'checkin_time': '18:48', 'guests_count': 2, 'shift_manager': 'Daniel Schmitt'}
[2025-07-18T20:16:04.431+0000] {subprocess.py:93} INFO - [✓] Sent to checkins: {'checkin_id': 8912, 'customer_name': 'Kristina Williams', 'phone_number': '+1-555-668-5663x498', 'branch_id': 102, 'table_id': 200, 'is_prebooked': True, 'checkin_date': '2025-07-18', 'checkin_time': '19:11', 'guests_count': 4, 'shift_manager': 'Matthew Adams'}
[2025-07-18T20:16:04.431+0000] {subprocess.py:93} INFO - [✓] Sent to feedback: {'feedback_id': 4317, 'branch_id': 101, 'customer_name': 'Brittany Andrews', 'phone_number': '+1-299-314-7979x70119', 'feedback_text': 'Order down race each available interesting light.', 'rating': 4, 'dining_date': '2025-07-18', 'dining_time': '19:33', 'submission_time': '2025-07-18T20:16:01'}
[2025-07-18T20:16:04.432+0000] {subprocess.py:93} INFO - [✓] Sent to feedback: {'feedback_id': 3946, 'branch_id': 101, 'customer_name': 'Natasha Rivera', 'phone_number': '001-218-204-3012x274', 'feedback_text': 'Single get unit operation.', 'rating': 2, 'dining_date': '2025-07-18', 'dining_time': '20:09', 'submission_time': '2025-07-18T20:16:01'}
[2025-07-18T20:16:04.432+0000] {subprocess.py:93} INFO - [✓] Sent to feedback: {'feedback_id': 3458, 'branch_id': 102, 'customer_name': 'Erik Rodriguez', 'phone_number': '001-221-480-0138x329', 'feedback_text': 'Cut economy make.', 'rating': 5, 'dining_date': '2025-07-18', 'dining_time': '18:21', 'submission_time': '2025-07-18T20:16:01'}
[2025-07-18T20:16:04.432+0000] {subprocess.py:93} INFO - ✅ All messages sent.
[2025-07-18T20:16:04.473+0000] {subprocess.py:97} INFO - Command exited with return code 0
[2025-07-18T20:16:04.489+0000] {taskinstance.py:1400} INFO - Marking task as SUCCESS. dag_id=restaurant_pipeline, task_id=send_to_kafka, execution_date=20250718T201400, start_date=20250718T201602, end_date=20250718T201604
[2025-07-18T20:16:04.525+0000] {local_task_job_runner.py:228} INFO - Task exited with return code 0
[2025-07-18T20:16:04.551+0000] {taskinstance.py:2778} INFO - 1 downstream tasks scheduled from follow-on schedule check
