[2025-07-19T22:14:24.472+0000] {taskinstance.py:1159} INFO - Dependencies all met for dep_context=non-requeueable deps ti=<TaskInstance: restaurant_pipeline.send_to_kafka scheduled__2025-07-19T22:12:00+00:00 [queued]>
[2025-07-19T22:14:24.476+0000] {taskinstance.py:1159} INFO - Dependencies all met for dep_context=requeueable deps ti=<TaskInstance: restaurant_pipeline.send_to_kafka scheduled__2025-07-19T22:12:00+00:00 [queued]>
[2025-07-19T22:14:24.476+0000] {taskinstance.py:1361} INFO - Starting attempt 1 of 1
[2025-07-19T22:14:24.482+0000] {taskinstance.py:1382} INFO - Executing <Task(BashOperator): send_to_kafka> on 2025-07-19 22:12:00+00:00
[2025-07-19T22:14:24.484+0000] {standard_task_runner.py:57} INFO - Started process 5135 to run task
[2025-07-19T22:14:24.486+0000] {standard_task_runner.py:84} INFO - Running: ['***', 'tasks', 'run', 'restaurant_pipeline', 'send_to_kafka', 'scheduled__2025-07-19T22:12:00+00:00', '--job-id', '1286', '--raw', '--subdir', 'DAGS_FOLDER/restaurant_pipeline.py', '--cfg-path', '/tmp/tmpd8djzh9h']
[2025-07-19T22:14:24.488+0000] {standard_task_runner.py:85} INFO - Job 1286: Subtask send_to_kafka
[2025-07-19T22:14:24.510+0000] {task_command.py:416} INFO - Running <TaskInstance: restaurant_pipeline.send_to_kafka scheduled__2025-07-19T22:12:00+00:00 [running]> on host e3f5d8fc4eef
[2025-07-19T22:14:24.549+0000] {taskinstance.py:1662} INFO - Exporting env vars: AIRFLOW_CTX_DAG_OWNER='moran' AIRFLOW_CTX_DAG_ID='restaurant_pipeline' AIRFLOW_CTX_TASK_ID='send_to_kafka' AIRFLOW_CTX_EXECUTION_DATE='2025-07-19T22:12:00+00:00' AIRFLOW_CTX_TRY_NUMBER='1' AIRFLOW_CTX_DAG_RUN_ID='scheduled__2025-07-19T22:12:00+00:00'
[2025-07-19T22:14:24.549+0000] {subprocess.py:63} INFO - Tmp dir root location: /tmp
[2025-07-19T22:14:24.550+0000] {subprocess.py:75} INFO - Running command: ['/bin/bash', '-c', 'python /opt/streaming/producer.py']
[2025-07-19T22:14:24.555+0000] {subprocess.py:86} INFO - Output:
[2025-07-19T22:14:26.902+0000] {subprocess.py:93} INFO - [✓] Sent to reservations: {'reservation_id': 7327, 'branch_id': 102, 'customer_name': 'Erin Cross', 'phone_number': '416-547-5094x5519', 'reservation_date': '2025-07-19', 'reservation_time': '23:25', 'guests_count': 4, 'is_confirmed': True}
[2025-07-19T22:14:26.903+0000] {subprocess.py:93} INFO - [✓] Sent to reservations: {'reservation_id': 6219, 'branch_id': 102, 'customer_name': 'Andrea Vargas', 'phone_number': '941.319.8327', 'reservation_date': '2025-07-19', 'reservation_time': '22:30', 'guests_count': 4, 'is_confirmed': False}
[2025-07-19T22:14:26.903+0000] {subprocess.py:93} INFO - [✓] Sent to reservations: {'reservation_id': 3580, 'branch_id': 101, 'customer_name': 'Douglas Rose', 'phone_number': '547.980.5092', 'reservation_date': '2025-07-19', 'reservation_time': '23:07', 'guests_count': 4, 'is_confirmed': True}
[2025-07-19T22:14:26.903+0000] {subprocess.py:93} INFO - [✓] Sent to checkins: {'checkin_id': 2088, 'customer_name': 'Reginald Jackson', 'phone_number': '9473493915', 'branch_id': 101, 'table_id': 210, 'is_prebooked': False, 'checkin_date': '2025-07-19', 'checkin_time': '21:49', 'guests_count': 2, 'shift_manager': 'Steven Allen'}
[2025-07-19T22:14:26.904+0000] {subprocess.py:93} INFO - [✓] Sent to checkins: {'checkin_id': 1615, 'customer_name': 'Thomas Davis', 'phone_number': '340-382-2404', 'branch_id': 102, 'table_id': 207, 'is_prebooked': False, 'checkin_date': '2025-07-19', 'checkin_time': '21:20', 'guests_count': 1, 'shift_manager': 'Joseph Spencer'}
[2025-07-19T22:14:26.904+0000] {subprocess.py:93} INFO - [✓] Sent to checkins: {'checkin_id': 4777, 'customer_name': 'Raymond Knox', 'phone_number': '+1-409-576-5313x41272', 'branch_id': 102, 'table_id': 201, 'is_prebooked': False, 'checkin_date': '2025-07-19', 'checkin_time': '20:28', 'guests_count': 2, 'shift_manager': 'Maria Wood'}
[2025-07-19T22:14:26.904+0000] {subprocess.py:93} INFO - [✓] Sent to feedback: {'feedback_id': 2156, 'branch_id': 101, 'customer_name': 'Lisa Serrano', 'phone_number': '565-880-5672x752', 'feedback_text': 'Though teacher sure happy ever medical.', 'rating': 4, 'dining_date': '2025-07-19', 'dining_time': '20:46', 'submission_time': '2025-07-19T22:14:23'}
[2025-07-19T22:14:26.904+0000] {subprocess.py:93} INFO - [✓] Sent to feedback: {'feedback_id': 8042, 'branch_id': 101, 'customer_name': 'Joshua Frederick', 'phone_number': '001-608-922-2476', 'feedback_text': 'Mission agree and education.', 'rating': 3, 'dining_date': '2025-07-19', 'dining_time': '22:05', 'submission_time': '2025-07-19T22:14:23'}
[2025-07-19T22:14:26.904+0000] {subprocess.py:93} INFO - [✓] Sent to feedback: {'feedback_id': 5884, 'branch_id': 102, 'customer_name': 'Paige Hensley', 'phone_number': '001-372-538-6828x941', 'feedback_text': 'Man girl among help it these main.', 'rating': 4, 'dining_date': '2025-07-19', 'dining_time': '21:39', 'submission_time': '2025-07-19T22:14:23'}
[2025-07-19T22:14:26.905+0000] {subprocess.py:93} INFO - ✅ All messages sent.
[2025-07-19T22:14:26.936+0000] {subprocess.py:97} INFO - Command exited with return code 0
[2025-07-19T22:14:26.950+0000] {taskinstance.py:1400} INFO - Marking task as SUCCESS. dag_id=restaurant_pipeline, task_id=send_to_kafka, execution_date=20250719T221200, start_date=20250719T221424, end_date=20250719T221426
[2025-07-19T22:14:26.988+0000] {local_task_job_runner.py:228} INFO - Task exited with return code 0
[2025-07-19T22:14:27.013+0000] {taskinstance.py:2778} INFO - 1 downstream tasks scheduled from follow-on schedule check
