[2025-07-18T16:33:10.377+0000] {taskinstance.py:1159} INFO - Dependencies all met for dep_context=non-requeueable deps ti=<TaskInstance: restaurant_pipeline.send_to_kafka scheduled__2025-07-18T16:30:00+00:00 [queued]>
[2025-07-18T16:33:10.382+0000] {taskinstance.py:1159} INFO - Dependencies all met for dep_context=requeueable deps ti=<TaskInstance: restaurant_pipeline.send_to_kafka scheduled__2025-07-18T16:30:00+00:00 [queued]>
[2025-07-18T16:33:10.382+0000] {taskinstance.py:1361} INFO - Starting attempt 1 of 1
[2025-07-18T16:33:10.390+0000] {taskinstance.py:1382} INFO - Executing <Task(BashOperator): send_to_kafka> on 2025-07-18 16:30:00+00:00
[2025-07-18T16:33:10.393+0000] {standard_task_runner.py:57} INFO - Started process 1536 to run task
[2025-07-18T16:33:10.395+0000] {standard_task_runner.py:84} INFO - Running: ['***', 'tasks', 'run', 'restaurant_pipeline', 'send_to_kafka', 'scheduled__2025-07-18T16:30:00+00:00', '--job-id', '202', '--raw', '--subdir', 'DAGS_FOLDER/restaurant_pipeline.py', '--cfg-path', '/tmp/tmpwaq04gkb']
[2025-07-18T16:33:10.397+0000] {standard_task_runner.py:85} INFO - Job 202: Subtask send_to_kafka
[2025-07-18T16:33:10.431+0000] {task_command.py:416} INFO - Running <TaskInstance: restaurant_pipeline.send_to_kafka scheduled__2025-07-18T16:30:00+00:00 [running]> on host 9bcfb43e0ab7
[2025-07-18T16:33:10.492+0000] {taskinstance.py:1662} INFO - Exporting env vars: AIRFLOW_CTX_DAG_OWNER='moran' AIRFLOW_CTX_DAG_ID='restaurant_pipeline' AIRFLOW_CTX_TASK_ID='send_to_kafka' AIRFLOW_CTX_EXECUTION_DATE='2025-07-18T16:30:00+00:00' AIRFLOW_CTX_TRY_NUMBER='1' AIRFLOW_CTX_DAG_RUN_ID='scheduled__2025-07-18T16:30:00+00:00'
[2025-07-18T16:33:10.498+0000] {subprocess.py:63} INFO - Tmp dir root location: /tmp
[2025-07-18T16:33:10.498+0000] {subprocess.py:75} INFO - Running command: ['/bin/bash', '-c', 'python /opt/streaming/producer.py']
[2025-07-18T16:33:10.504+0000] {subprocess.py:86} INFO - Output:
[2025-07-18T16:33:12.964+0000] {subprocess.py:93} INFO - [✓] Sent to reservations: {'reservation_id': 6588, 'branch_id': 101, 'customer_name': 'Claudia Zimmerman', 'phone_number': '219.945.5839x8114', 'reservation_date': '2025-07-18', 'reservation_time': '17:03', 'guests_count': 3, 'is_confirmed': False}
[2025-07-18T16:33:12.974+0000] {subprocess.py:93} INFO - [✓] Sent to reservations: {'reservation_id': 8296, 'branch_id': 102, 'customer_name': 'David Mays', 'phone_number': '971-295-5004', 'reservation_date': '2025-07-18', 'reservation_time': '17:43', 'guests_count': 5, 'is_confirmed': True}
[2025-07-18T16:33:12.976+0000] {subprocess.py:93} INFO - [✓] Sent to reservations: {'reservation_id': 1771, 'branch_id': 101, 'customer_name': 'Melissa Sherman', 'phone_number': '596-550-7465x9705', 'reservation_date': '2025-07-18', 'reservation_time': '17:28', 'guests_count': 6, 'is_confirmed': False}
[2025-07-18T16:33:12.989+0000] {subprocess.py:93} INFO - [✓] Sent to checkins: {'checkin_id': 5391, 'customer_name': 'Amanda Wolfe', 'phone_number': '930.822.6806x80569', 'branch_id': 101, 'table_id': 202, 'is_prebooked': True, 'checkin_date': '2025-07-18', 'checkin_time': '15:27', 'guests_count': 6, 'shift_manager': 'Bobby Crawford'}
[2025-07-18T16:33:12.990+0000] {subprocess.py:93} INFO - [✓] Sent to checkins: {'checkin_id': 2950, 'customer_name': 'Michelle Morales', 'phone_number': '9349346708', 'branch_id': 101, 'table_id': 201, 'is_prebooked': False, 'checkin_date': '2025-07-18', 'checkin_time': '15:53', 'guests_count': 6, 'shift_manager': 'Kimberly Nolan'}
[2025-07-18T16:33:12.990+0000] {subprocess.py:93} INFO - [✓] Sent to checkins: {'checkin_id': 4112, 'customer_name': 'Beverly Guerrero', 'phone_number': '001-636-458-6212x1996', 'branch_id': 101, 'table_id': 208, 'is_prebooked': True, 'checkin_date': '2025-07-18', 'checkin_time': '15:32', 'guests_count': 1, 'shift_manager': 'Daniel Patterson'}
[2025-07-18T16:33:12.990+0000] {subprocess.py:93} INFO - [✓] Sent to feedback: {'feedback_id': 2583, 'branch_id': 102, 'customer_name': 'Michael Brown', 'phone_number': '+1-293-605-1359x0967', 'feedback_text': 'Others car significant college pay.', 'rating': 2, 'dining_date': '2025-07-18', 'dining_time': '14:42', 'submission_time': '2025-07-18T16:33:09'}
[2025-07-18T16:33:12.991+0000] {subprocess.py:93} INFO - [✓] Sent to feedback: {'feedback_id': 4823, 'branch_id': 101, 'customer_name': 'Matthew Mann', 'phone_number': '330-698-1559x180', 'feedback_text': 'Ability different prove ask spring action letter.', 'rating': 3, 'dining_date': '2025-07-18', 'dining_time': '15:53', 'submission_time': '2025-07-18T16:33:09'}
[2025-07-18T16:33:12.992+0000] {subprocess.py:93} INFO - [✓] Sent to feedback: {'feedback_id': 6369, 'branch_id': 101, 'customer_name': 'Jennifer Pearson', 'phone_number': '(716)205-8659x956', 'feedback_text': 'Authority can maybe her.', 'rating': 1, 'dining_date': '2025-07-18', 'dining_time': '16:09', 'submission_time': '2025-07-18T16:33:09'}
[2025-07-18T16:33:12.993+0000] {subprocess.py:93} INFO - ✅ All messages sent.
[2025-07-18T16:33:13.102+0000] {subprocess.py:97} INFO - Command exited with return code 0
[2025-07-18T16:33:13.228+0000] {taskinstance.py:1400} INFO - Marking task as SUCCESS. dag_id=restaurant_pipeline, task_id=send_to_kafka, execution_date=20250718T163000, start_date=20250718T163310, end_date=20250718T163313
[2025-07-18T16:33:13.316+0000] {local_task_job_runner.py:228} INFO - Task exited with return code 0
[2025-07-18T16:33:13.459+0000] {taskinstance.py:2778} INFO - 1 downstream tasks scheduled from follow-on schedule check
