[2025-07-19T22:37:09.774+0000] {taskinstance.py:1159} INFO - Dependencies all met for dep_context=non-requeueable deps ti=<TaskInstance: restaurant_pipeline.send_to_kafka manual__2025-07-19T22:31:55.925487+00:00 [queued]>
[2025-07-19T22:37:09.778+0000] {taskinstance.py:1159} INFO - Dependencies all met for dep_context=requeueable deps ti=<TaskInstance: restaurant_pipeline.send_to_kafka manual__2025-07-19T22:31:55.925487+00:00 [queued]>
[2025-07-19T22:37:09.778+0000] {taskinstance.py:1361} INFO - Starting attempt 1 of 1
[2025-07-19T22:37:09.785+0000] {taskinstance.py:1382} INFO - Executing <Task(BashOperator): send_to_kafka> on 2025-07-19 22:31:55.925487+00:00
[2025-07-19T22:37:09.788+0000] {standard_task_runner.py:57} INFO - Started process 268 to run task
[2025-07-19T22:37:09.790+0000] {standard_task_runner.py:84} INFO - Running: ['***', 'tasks', 'run', 'restaurant_pipeline', 'send_to_kafka', 'manual__2025-07-19T22:31:55.925487+00:00', '--job-id', '1305', '--raw', '--subdir', 'DAGS_FOLDER/restaurant_pipeline.py', '--cfg-path', '/tmp/tmpyrrcle55']
[2025-07-19T22:37:09.793+0000] {standard_task_runner.py:85} INFO - Job 1305: Subtask send_to_kafka
[2025-07-19T22:37:09.833+0000] {task_command.py:416} INFO - Running <TaskInstance: restaurant_pipeline.send_to_kafka manual__2025-07-19T22:31:55.925487+00:00 [running]> on host f8a16600f99a
[2025-07-19T22:37:09.890+0000] {taskinstance.py:1662} INFO - Exporting env vars: AIRFLOW_CTX_DAG_OWNER='moran' AIRFLOW_CTX_DAG_ID='restaurant_pipeline' AIRFLOW_CTX_TASK_ID='send_to_kafka' AIRFLOW_CTX_EXECUTION_DATE='2025-07-19T22:31:55.925487+00:00' AIRFLOW_CTX_TRY_NUMBER='1' AIRFLOW_CTX_DAG_RUN_ID='manual__2025-07-19T22:31:55.925487+00:00'
[2025-07-19T22:37:09.891+0000] {subprocess.py:63} INFO - Tmp dir root location: /tmp
[2025-07-19T22:37:09.892+0000] {subprocess.py:75} INFO - Running command: ['/bin/bash', '-c', 'python /opt/streaming/producer.py']
[2025-07-19T22:37:09.902+0000] {subprocess.py:86} INFO - Output:
[2025-07-19T22:37:12.377+0000] {subprocess.py:93} INFO - [✓] Sent to reservations: {'reservation_id': 1297, 'branch_id': 101, 'customer_name': 'Jeffrey Ryan', 'phone_number': '984-694-2988x6108', 'reservation_date': '2025-07-19', 'reservation_time': '00:31', 'guests_count': 1, 'is_confirmed': False}
[2025-07-19T22:37:12.380+0000] {subprocess.py:93} INFO - [✓] Sent to reservations: {'reservation_id': 8931, 'branch_id': 102, 'customer_name': 'Rebecca Stewart', 'phone_number': '490.860.5685', 'reservation_date': '2025-07-19', 'reservation_time': '23:31', 'guests_count': 3, 'is_confirmed': True}
[2025-07-19T22:37:12.381+0000] {subprocess.py:93} INFO - [✓] Sent to reservations: {'reservation_id': 1458, 'branch_id': 101, 'customer_name': 'Emily Ramos', 'phone_number': '8158961548', 'reservation_date': '2025-07-19', 'reservation_time': '23:25', 'guests_count': 6, 'is_confirmed': False}
[2025-07-19T22:37:12.383+0000] {subprocess.py:93} INFO - [✓] Sent to checkins: {'checkin_id': 7442, 'customer_name': 'Lisa Ward', 'phone_number': '275.814.1148', 'branch_id': 101, 'table_id': 210, 'is_prebooked': False, 'checkin_date': '2025-07-19', 'checkin_time': '21:04', 'guests_count': 4, 'shift_manager': 'Karla Warren'}
[2025-07-19T22:37:12.385+0000] {subprocess.py:93} INFO - [✓] Sent to checkins: {'checkin_id': 4697, 'customer_name': 'Alexander Snow', 'phone_number': '445.688.5710', 'branch_id': 102, 'table_id': 208, 'is_prebooked': False, 'checkin_date': '2025-07-19', 'checkin_time': '20:58', 'guests_count': 6, 'shift_manager': 'Steve Edwards'}
[2025-07-19T22:37:12.386+0000] {subprocess.py:93} INFO - [✓] Sent to checkins: {'checkin_id': 6432, 'customer_name': 'Nathan Bowman', 'phone_number': '(782)429-2612x646', 'branch_id': 101, 'table_id': 201, 'is_prebooked': True, 'checkin_date': '2025-07-19', 'checkin_time': '20:47', 'guests_count': 2, 'shift_manager': 'Heather Thompson'}
[2025-07-19T22:37:12.387+0000] {subprocess.py:93} INFO - [✓] Sent to feedback: {'feedback_id': 7046, 'branch_id': 101, 'customer_name': 'Teresa Yu', 'phone_number': '(212)735-0299x1582', 'feedback_text': 'Community into call player yes.', 'rating': 5, 'dining_date': '2025-07-19', 'dining_time': '21:24', 'submission_time': '2025-07-19T22:37:09'}
[2025-07-19T22:37:12.388+0000] {subprocess.py:93} INFO - [✓] Sent to feedback: {'feedback_id': 1314, 'branch_id': 102, 'customer_name': 'Sarah Ray', 'phone_number': '001-549-286-0101x11406', 'feedback_text': 'None media chair sister special trade believe.', 'rating': 1, 'dining_date': '2025-07-19', 'dining_time': '21:41', 'submission_time': '2025-07-19T22:37:09'}
[2025-07-19T22:37:12.388+0000] {subprocess.py:93} INFO - [✓] Sent to feedback: {'feedback_id': 5220, 'branch_id': 101, 'customer_name': 'Cindy Singh', 'phone_number': '798.259.2368', 'feedback_text': 'Happy they anyone identify education lay.', 'rating': 1, 'dining_date': '2025-07-19', 'dining_time': '22:14', 'submission_time': '2025-07-19T22:37:09'}
[2025-07-19T22:37:12.389+0000] {subprocess.py:93} INFO - ✅ All messages sent.
[2025-07-19T22:37:12.442+0000] {subprocess.py:97} INFO - Command exited with return code 0
[2025-07-19T22:37:12.466+0000] {taskinstance.py:1400} INFO - Marking task as SUCCESS. dag_id=restaurant_pipeline, task_id=send_to_kafka, execution_date=20250719T223155, start_date=20250719T223709, end_date=20250719T223712
[2025-07-19T22:37:12.499+0000] {local_task_job_runner.py:228} INFO - Task exited with return code 0
[2025-07-19T22:37:12.533+0000] {taskinstance.py:2778} INFO - 1 downstream tasks scheduled from follow-on schedule check
