[2025-07-19T18:08:02.133+0000] {taskinstance.py:1159} INFO - Dependencies all met for dep_context=non-requeueable deps ti=<TaskInstance: restaurant_pipeline.send_to_kafka scheduled__2025-07-19T18:06:00+00:00 [queued]>
[2025-07-19T18:08:02.138+0000] {taskinstance.py:1159} INFO - Dependencies all met for dep_context=requeueable deps ti=<TaskInstance: restaurant_pipeline.send_to_kafka scheduled__2025-07-19T18:06:00+00:00 [queued]>
[2025-07-19T18:08:02.138+0000] {taskinstance.py:1361} INFO - Starting attempt 1 of 1
[2025-07-19T18:08:02.144+0000] {taskinstance.py:1382} INFO - Executing <Task(BashOperator): send_to_kafka> on 2025-07-19 18:06:00+00:00
[2025-07-19T18:08:02.146+0000] {standard_task_runner.py:57} INFO - Started process 393 to run task
[2025-07-19T18:08:02.148+0000] {standard_task_runner.py:84} INFO - Running: ['***', 'tasks', 'run', 'restaurant_pipeline', 'send_to_kafka', 'scheduled__2025-07-19T18:06:00+00:00', '--job-id', '938', '--raw', '--subdir', 'DAGS_FOLDER/restaurant_pipeline.py', '--cfg-path', '/tmp/tmpgrnp08dl']
[2025-07-19T18:08:02.149+0000] {standard_task_runner.py:85} INFO - Job 938: Subtask send_to_kafka
[2025-07-19T18:08:02.170+0000] {task_command.py:416} INFO - Running <TaskInstance: restaurant_pipeline.send_to_kafka scheduled__2025-07-19T18:06:00+00:00 [running]> on host e3f5d8fc4eef
[2025-07-19T18:08:02.211+0000] {taskinstance.py:1662} INFO - Exporting env vars: AIRFLOW_CTX_DAG_OWNER='moran' AIRFLOW_CTX_DAG_ID='restaurant_pipeline' AIRFLOW_CTX_TASK_ID='send_to_kafka' AIRFLOW_CTX_EXECUTION_DATE='2025-07-19T18:06:00+00:00' AIRFLOW_CTX_TRY_NUMBER='1' AIRFLOW_CTX_DAG_RUN_ID='scheduled__2025-07-19T18:06:00+00:00'
[2025-07-19T18:08:02.214+0000] {subprocess.py:63} INFO - Tmp dir root location: /tmp
[2025-07-19T18:08:02.214+0000] {subprocess.py:75} INFO - Running command: ['/bin/bash', '-c', 'python /opt/streaming/producer.py']
[2025-07-19T18:08:02.225+0000] {subprocess.py:86} INFO - Output:
[2025-07-19T18:08:04.450+0000] {subprocess.py:93} INFO - [✓] Sent to reservations: {'reservation_id': 6074, 'branch_id': 101, 'customer_name': 'Zachary Guzman', 'phone_number': '372.391.2969', 'reservation_date': '2025-07-19', 'reservation_time': '19:49', 'guests_count': 5, 'is_confirmed': False}
[2025-07-19T18:08:04.455+0000] {subprocess.py:93} INFO - [✓] Sent to reservations: {'reservation_id': 9659, 'branch_id': 101, 'customer_name': 'David Lewis', 'phone_number': '(226)219-0605', 'reservation_date': '2025-07-19', 'reservation_time': '18:42', 'guests_count': 5, 'is_confirmed': False}
[2025-07-19T18:08:04.457+0000] {subprocess.py:93} INFO - [✓] Sent to reservations: {'reservation_id': 3738, 'branch_id': 101, 'customer_name': 'Lisa Morris', 'phone_number': '602-222-8918x167', 'reservation_date': '2025-07-19', 'reservation_time': '18:32', 'guests_count': 2, 'is_confirmed': False}
[2025-07-19T18:08:04.459+0000] {subprocess.py:93} INFO - [✓] Sent to checkins: {'checkin_id': 7344, 'customer_name': 'Christina Garcia', 'phone_number': '001-995-945-5867x78891', 'branch_id': 101, 'table_id': 201, 'is_prebooked': False, 'checkin_date': '2025-07-19', 'checkin_time': '16:33', 'guests_count': 5, 'shift_manager': 'Anna Clements'}
[2025-07-19T18:08:04.460+0000] {subprocess.py:93} INFO - [✓] Sent to checkins: {'checkin_id': 2795, 'customer_name': 'Donald Hernandez', 'phone_number': '535-203-1623', 'branch_id': 101, 'table_id': 208, 'is_prebooked': True, 'checkin_date': '2025-07-19', 'checkin_time': '17:31', 'guests_count': 4, 'shift_manager': 'Brittany Bradley'}
[2025-07-19T18:08:04.462+0000] {subprocess.py:93} INFO - [✓] Sent to checkins: {'checkin_id': 8743, 'customer_name': 'Daniel Wise', 'phone_number': '(853)306-2370x959', 'branch_id': 102, 'table_id': 205, 'is_prebooked': True, 'checkin_date': '2025-07-19', 'checkin_time': '16:58', 'guests_count': 6, 'shift_manager': 'Alexandra Chaney'}
[2025-07-19T18:08:04.463+0000] {subprocess.py:93} INFO - [✓] Sent to feedback: {'feedback_id': 4323, 'branch_id': 101, 'customer_name': 'Kathleen Myers', 'phone_number': '+1-297-805-6394', 'feedback_text': 'Report top trip student.', 'rating': 5, 'dining_date': '2025-07-19', 'dining_time': '17:02', 'submission_time': '2025-07-19T18:08:01'}
[2025-07-19T18:08:04.464+0000] {subprocess.py:93} INFO - [✓] Sent to feedback: {'feedback_id': 4317, 'branch_id': 101, 'customer_name': 'Cameron Ramirez', 'phone_number': '(241)455-3106', 'feedback_text': 'Read blood child dream role moment.', 'rating': 1, 'dining_date': '2025-07-19', 'dining_time': '17:05', 'submission_time': '2025-07-19T18:08:01'}
[2025-07-19T18:08:04.464+0000] {subprocess.py:93} INFO - [✓] Sent to feedback: {'feedback_id': 9053, 'branch_id': 101, 'customer_name': 'Jacob Thompson', 'phone_number': '267-653-7539', 'feedback_text': 'Leg discuss sometimes long.', 'rating': 3, 'dining_date': '2025-07-19', 'dining_time': '17:41', 'submission_time': '2025-07-19T18:08:01'}
[2025-07-19T18:08:04.465+0000] {subprocess.py:93} INFO - ✅ All messages sent.
[2025-07-19T18:08:04.512+0000] {subprocess.py:97} INFO - Command exited with return code 0
[2025-07-19T18:08:04.529+0000] {taskinstance.py:1400} INFO - Marking task as SUCCESS. dag_id=restaurant_pipeline, task_id=send_to_kafka, execution_date=20250719T180600, start_date=20250719T180802, end_date=20250719T180804
[2025-07-19T18:08:04.546+0000] {local_task_job_runner.py:228} INFO - Task exited with return code 0
[2025-07-19T18:08:04.574+0000] {taskinstance.py:2778} INFO - 1 downstream tasks scheduled from follow-on schedule check
