[2025-07-19T18:43:19.695+0000] {taskinstance.py:1159} INFO - Dependencies all met for dep_context=non-requeueable deps ti=<TaskInstance: restaurant_pipeline.send_to_kafka scheduled__2025-07-19T18:40:00+00:00 [queued]>
[2025-07-19T18:43:19.699+0000] {taskinstance.py:1159} INFO - Dependencies all met for dep_context=requeueable deps ti=<TaskInstance: restaurant_pipeline.send_to_kafka scheduled__2025-07-19T18:40:00+00:00 [queued]>
[2025-07-19T18:43:19.699+0000] {taskinstance.py:1361} INFO - Starting attempt 1 of 1
[2025-07-19T18:43:19.704+0000] {taskinstance.py:1382} INFO - Executing <Task(BashOperator): send_to_kafka> on 2025-07-19 18:40:00+00:00
[2025-07-19T18:43:19.706+0000] {standard_task_runner.py:57} INFO - Started process 1315 to run task
[2025-07-19T18:43:19.708+0000] {standard_task_runner.py:84} INFO - Running: ['***', 'tasks', 'run', 'restaurant_pipeline', 'send_to_kafka', 'scheduled__2025-07-19T18:40:00+00:00', '--job-id', '1023', '--raw', '--subdir', 'DAGS_FOLDER/restaurant_pipeline.py', '--cfg-path', '/tmp/tmp2_u6epj5']
[2025-07-19T18:43:19.709+0000] {standard_task_runner.py:85} INFO - Job 1023: Subtask send_to_kafka
[2025-07-19T18:43:19.730+0000] {task_command.py:416} INFO - Running <TaskInstance: restaurant_pipeline.send_to_kafka scheduled__2025-07-19T18:40:00+00:00 [running]> on host e3f5d8fc4eef
[2025-07-19T18:43:19.766+0000] {taskinstance.py:1662} INFO - Exporting env vars: AIRFLOW_CTX_DAG_OWNER='moran' AIRFLOW_CTX_DAG_ID='restaurant_pipeline' AIRFLOW_CTX_TASK_ID='send_to_kafka' AIRFLOW_CTX_EXECUTION_DATE='2025-07-19T18:40:00+00:00' AIRFLOW_CTX_TRY_NUMBER='1' AIRFLOW_CTX_DAG_RUN_ID='scheduled__2025-07-19T18:40:00+00:00'
[2025-07-19T18:43:19.766+0000] {subprocess.py:63} INFO - Tmp dir root location: /tmp
[2025-07-19T18:43:19.766+0000] {subprocess.py:75} INFO - Running command: ['/bin/bash', '-c', 'python /opt/streaming/producer.py']
[2025-07-19T18:43:19.770+0000] {subprocess.py:86} INFO - Output:
[2025-07-19T18:43:21.992+0000] {subprocess.py:93} INFO - [✓] Sent to reservations: {'reservation_id': 7957, 'branch_id': 101, 'customer_name': 'Eric Escobar', 'phone_number': '001-952-377-4966x297', 'reservation_date': '2025-07-19', 'reservation_time': '19:49', 'guests_count': 2, 'is_confirmed': False}
[2025-07-19T18:43:21.994+0000] {subprocess.py:93} INFO - [✓] Sent to reservations: {'reservation_id': 1721, 'branch_id': 101, 'customer_name': 'Donna Kim', 'phone_number': '+1-637-569-8706', 'reservation_date': '2025-07-19', 'reservation_time': '19:27', 'guests_count': 7, 'is_confirmed': True}
[2025-07-19T18:43:21.995+0000] {subprocess.py:93} INFO - [✓] Sent to reservations: {'reservation_id': 6865, 'branch_id': 101, 'customer_name': 'Adam Holmes', 'phone_number': '+1-480-786-1636x42724', 'reservation_date': '2025-07-19', 'reservation_time': '19:13', 'guests_count': 4, 'is_confirmed': False}
[2025-07-19T18:43:21.997+0000] {subprocess.py:93} INFO - [✓] Sent to checkins: {'checkin_id': 1783, 'customer_name': 'Morgan Ramsey', 'phone_number': '001-498-369-1886x71211', 'branch_id': 101, 'table_id': 201, 'is_prebooked': False, 'checkin_date': '2025-07-19', 'checkin_time': '18:21', 'guests_count': 3, 'shift_manager': 'Sarah Herring'}
[2025-07-19T18:43:22.001+0000] {subprocess.py:93} INFO - [✓] Sent to checkins: {'checkin_id': 3242, 'customer_name': 'Sharon Jones', 'phone_number': '001-348-454-3877', 'branch_id': 102, 'table_id': 204, 'is_prebooked': True, 'checkin_date': '2025-07-19', 'checkin_time': '18:41', 'guests_count': 6, 'shift_manager': 'Anthony Murray'}
[2025-07-19T18:43:22.002+0000] {subprocess.py:93} INFO - [✓] Sent to checkins: {'checkin_id': 9858, 'customer_name': 'Walter Moore', 'phone_number': '477.809.3120x8729', 'branch_id': 102, 'table_id': 204, 'is_prebooked': True, 'checkin_date': '2025-07-19', 'checkin_time': '17:19', 'guests_count': 2, 'shift_manager': 'John White'}
[2025-07-19T18:43:22.002+0000] {subprocess.py:93} INFO - [✓] Sent to feedback: {'feedback_id': 9524, 'branch_id': 101, 'customer_name': 'Katrina Thomas', 'phone_number': '(580)737-0104', 'feedback_text': 'Strategy career eye for find relate.', 'rating': 1, 'dining_date': '2025-07-19', 'dining_time': '18:18', 'submission_time': '2025-07-19T18:43:18'}
[2025-07-19T18:43:22.002+0000] {subprocess.py:93} INFO - [✓] Sent to feedback: {'feedback_id': 9185, 'branch_id': 102, 'customer_name': 'Mrs. Cassandra Hill', 'phone_number': '001-244-362-1451x4714', 'feedback_text': 'Your speak Mr.', 'rating': 3, 'dining_date': '2025-07-19', 'dining_time': '17:44', 'submission_time': '2025-07-19T18:43:18'}
[2025-07-19T18:43:22.003+0000] {subprocess.py:93} INFO - [✓] Sent to feedback: {'feedback_id': 9213, 'branch_id': 101, 'customer_name': 'Jennifer Garrison', 'phone_number': '+1-998-792-6567x91289', 'feedback_text': 'On get some possible discussion.', 'rating': 5, 'dining_date': '2025-07-19', 'dining_time': '17:45', 'submission_time': '2025-07-19T18:43:18'}
[2025-07-19T18:43:22.003+0000] {subprocess.py:93} INFO - ✅ All messages sent.
[2025-07-19T18:43:22.047+0000] {subprocess.py:97} INFO - Command exited with return code 0
[2025-07-19T18:43:22.063+0000] {taskinstance.py:1400} INFO - Marking task as SUCCESS. dag_id=restaurant_pipeline, task_id=send_to_kafka, execution_date=20250719T184000, start_date=20250719T184319, end_date=20250719T184322
[2025-07-19T18:43:22.091+0000] {local_task_job_runner.py:228} INFO - Task exited with return code 0
[2025-07-19T18:43:22.116+0000] {taskinstance.py:2778} INFO - 1 downstream tasks scheduled from follow-on schedule check
