[2025-07-18T18:20:02.513+0000] {taskinstance.py:1159} INFO - Dependencies all met for dep_context=non-requeueable deps ti=<TaskInstance: restaurant_pipeline.send_to_kafka scheduled__2025-07-18T18:18:00+00:00 [queued]>
[2025-07-18T18:20:02.517+0000] {taskinstance.py:1159} INFO - Dependencies all met for dep_context=requeueable deps ti=<TaskInstance: restaurant_pipeline.send_to_kafka scheduled__2025-07-18T18:18:00+00:00 [queued]>
[2025-07-18T18:20:02.518+0000] {taskinstance.py:1361} INFO - Starting attempt 1 of 1
[2025-07-18T18:20:02.523+0000] {taskinstance.py:1382} INFO - Executing <Task(BashOperator): send_to_kafka> on 2025-07-18 18:18:00+00:00
[2025-07-18T18:20:02.525+0000] {standard_task_runner.py:57} INFO - Started process 3135 to run task
[2025-07-18T18:20:02.527+0000] {standard_task_runner.py:84} INFO - Running: ['***', 'tasks', 'run', 'restaurant_pipeline', 'send_to_kafka', 'scheduled__2025-07-18T18:18:00+00:00', '--job-id', '353', '--raw', '--subdir', 'DAGS_FOLDER/restaurant_pipeline.py', '--cfg-path', '/tmp/tmppphp2m5z']
[2025-07-18T18:20:02.528+0000] {standard_task_runner.py:85} INFO - Job 353: Subtask send_to_kafka
[2025-07-18T18:20:02.551+0000] {task_command.py:416} INFO - Running <TaskInstance: restaurant_pipeline.send_to_kafka scheduled__2025-07-18T18:18:00+00:00 [running]> on host 9bcfb43e0ab7
[2025-07-18T18:20:02.585+0000] {taskinstance.py:1662} INFO - Exporting env vars: AIRFLOW_CTX_DAG_OWNER='moran' AIRFLOW_CTX_DAG_ID='restaurant_pipeline' AIRFLOW_CTX_TASK_ID='send_to_kafka' AIRFLOW_CTX_EXECUTION_DATE='2025-07-18T18:18:00+00:00' AIRFLOW_CTX_TRY_NUMBER='1' AIRFLOW_CTX_DAG_RUN_ID='scheduled__2025-07-18T18:18:00+00:00'
[2025-07-18T18:20:02.585+0000] {subprocess.py:63} INFO - Tmp dir root location: /tmp
[2025-07-18T18:20:02.586+0000] {subprocess.py:75} INFO - Running command: ['/bin/bash', '-c', 'python /opt/streaming/producer.py']
[2025-07-18T18:20:02.589+0000] {subprocess.py:86} INFO - Output:
[2025-07-18T18:20:04.813+0000] {subprocess.py:93} INFO - [✓] Sent to reservations: {'reservation_id': 4940, 'branch_id': 102, 'customer_name': 'Tyler Rodriguez', 'phone_number': '297.352.1864x709', 'reservation_date': '2025-07-18', 'reservation_time': '20:19', 'guests_count': 7, 'is_confirmed': True}
[2025-07-18T18:20:04.817+0000] {subprocess.py:93} INFO - [✓] Sent to reservations: {'reservation_id': 1831, 'branch_id': 102, 'customer_name': 'Jonathan Thompson', 'phone_number': '+1-423-532-7357', 'reservation_date': '2025-07-18', 'reservation_time': '19:28', 'guests_count': 2, 'is_confirmed': True}
[2025-07-18T18:20:04.818+0000] {subprocess.py:93} INFO - [✓] Sent to reservations: {'reservation_id': 3490, 'branch_id': 102, 'customer_name': 'Michelle Jones', 'phone_number': '845.809.3499', 'reservation_date': '2025-07-18', 'reservation_time': '18:51', 'guests_count': 5, 'is_confirmed': False}
[2025-07-18T18:20:04.820+0000] {subprocess.py:93} INFO - [✓] Sent to checkins: {'checkin_id': 6689, 'customer_name': 'Michael Green', 'phone_number': '686.993.6898', 'branch_id': 102, 'table_id': 206, 'is_prebooked': True, 'checkin_date': '2025-07-18', 'checkin_time': '16:21', 'guests_count': 4, 'shift_manager': 'Richard West'}
[2025-07-18T18:20:04.824+0000] {subprocess.py:93} INFO - [✓] Sent to checkins: {'checkin_id': 8808, 'customer_name': 'Paul Stanley', 'phone_number': '+1-992-262-4063x39392', 'branch_id': 102, 'table_id': 205, 'is_prebooked': True, 'checkin_date': '2025-07-18', 'checkin_time': '17:21', 'guests_count': 4, 'shift_manager': 'Stacey Hensley'}
[2025-07-18T18:20:04.825+0000] {subprocess.py:93} INFO - [✓] Sent to checkins: {'checkin_id': 1715, 'customer_name': 'Kevin Stephens', 'phone_number': '555-474-5213', 'branch_id': 101, 'table_id': 203, 'is_prebooked': True, 'checkin_date': '2025-07-18', 'checkin_time': '16:37', 'guests_count': 5, 'shift_manager': 'Wayne Williams'}
[2025-07-18T18:20:04.825+0000] {subprocess.py:93} INFO - [✓] Sent to feedback: {'feedback_id': 4920, 'branch_id': 102, 'customer_name': 'Jeanette Bonilla', 'phone_number': '328-371-5389x940', 'feedback_text': 'Agreement once claim lawyer produce.', 'rating': 1, 'dining_date': '2025-07-18', 'dining_time': '16:31', 'submission_time': '2025-07-18T18:20:01'}
[2025-07-18T18:20:04.825+0000] {subprocess.py:93} INFO - [✓] Sent to feedback: {'feedback_id': 1148, 'branch_id': 101, 'customer_name': 'Gregory Novak', 'phone_number': '581-222-2854x1463', 'feedback_text': 'Lot white image myself our agree.', 'rating': 5, 'dining_date': '2025-07-18', 'dining_time': '17:47', 'submission_time': '2025-07-18T18:20:01'}
[2025-07-18T18:20:04.826+0000] {subprocess.py:93} INFO - [✓] Sent to feedback: {'feedback_id': 1022, 'branch_id': 102, 'customer_name': 'Christopher Hayes', 'phone_number': '689-535-1701x2712', 'feedback_text': 'Under society air reason toward hospital himself conference.', 'rating': 5, 'dining_date': '2025-07-18', 'dining_time': '17:02', 'submission_time': '2025-07-18T18:20:01'}
[2025-07-18T18:20:04.826+0000] {subprocess.py:93} INFO - ✅ All messages sent.
[2025-07-18T18:20:04.871+0000] {subprocess.py:97} INFO - Command exited with return code 0
[2025-07-18T18:20:04.891+0000] {taskinstance.py:1400} INFO - Marking task as SUCCESS. dag_id=restaurant_pipeline, task_id=send_to_kafka, execution_date=20250718T181800, start_date=20250718T182002, end_date=20250718T182004
[2025-07-18T18:20:04.900+0000] {local_task_job_runner.py:228} INFO - Task exited with return code 0
[2025-07-18T18:20:04.925+0000] {taskinstance.py:2778} INFO - 1 downstream tasks scheduled from follow-on schedule check
