[2025-07-18T20:22:01.500+0000] {taskinstance.py:1159} INFO - Dependencies all met for dep_context=non-requeueable deps ti=<TaskInstance: restaurant_pipeline.send_to_kafka scheduled__2025-07-18T20:20:00+00:00 [queued]>
[2025-07-18T20:22:01.506+0000] {taskinstance.py:1159} INFO - Dependencies all met for dep_context=requeueable deps ti=<TaskInstance: restaurant_pipeline.send_to_kafka scheduled__2025-07-18T20:20:00+00:00 [queued]>
[2025-07-18T20:22:01.507+0000] {taskinstance.py:1361} INFO - Starting attempt 1 of 1
[2025-07-18T20:22:01.514+0000] {taskinstance.py:1382} INFO - Executing <Task(BashOperator): send_to_kafka> on 2025-07-18 20:20:00+00:00
[2025-07-18T20:22:01.517+0000] {standard_task_runner.py:57} INFO - Started process 6059 to run task
[2025-07-18T20:22:01.520+0000] {standard_task_runner.py:84} INFO - Running: ['***', 'tasks', 'run', 'restaurant_pipeline', 'send_to_kafka', 'scheduled__2025-07-18T20:20:00+00:00', '--job-id', '614', '--raw', '--subdir', 'DAGS_FOLDER/restaurant_pipeline.py', '--cfg-path', '/tmp/tmph_y03fz5']
[2025-07-18T20:22:01.523+0000] {standard_task_runner.py:85} INFO - Job 614: Subtask send_to_kafka
[2025-07-18T20:22:01.556+0000] {task_command.py:416} INFO - Running <TaskInstance: restaurant_pipeline.send_to_kafka scheduled__2025-07-18T20:20:00+00:00 [running]> on host 9bcfb43e0ab7
[2025-07-18T20:22:01.623+0000] {taskinstance.py:1662} INFO - Exporting env vars: AIRFLOW_CTX_DAG_OWNER='moran' AIRFLOW_CTX_DAG_ID='restaurant_pipeline' AIRFLOW_CTX_TASK_ID='send_to_kafka' AIRFLOW_CTX_EXECUTION_DATE='2025-07-18T20:20:00+00:00' AIRFLOW_CTX_TRY_NUMBER='1' AIRFLOW_CTX_DAG_RUN_ID='scheduled__2025-07-18T20:20:00+00:00'
[2025-07-18T20:22:01.625+0000] {subprocess.py:63} INFO - Tmp dir root location: /tmp
[2025-07-18T20:22:01.625+0000] {subprocess.py:75} INFO - Running command: ['/bin/bash', '-c', 'python /opt/streaming/producer.py']
[2025-07-18T20:22:01.631+0000] {subprocess.py:86} INFO - Output:
[2025-07-18T20:22:03.954+0000] {subprocess.py:93} INFO - [✓] Sent to reservations: {'reservation_id': 9644, 'branch_id': 102, 'customer_name': 'Adam Richardson', 'phone_number': '(237)445-6909x680', 'reservation_date': '2025-07-18', 'reservation_time': '20:38', 'guests_count': 3, 'is_confirmed': False}
[2025-07-18T20:22:03.958+0000] {subprocess.py:93} INFO - [✓] Sent to reservations: {'reservation_id': 6974, 'branch_id': 102, 'customer_name': 'Gina Chase', 'phone_number': '(579)640-2448x55290', 'reservation_date': '2025-07-18', 'reservation_time': '20:48', 'guests_count': 1, 'is_confirmed': False}
[2025-07-18T20:22:03.960+0000] {subprocess.py:93} INFO - [✓] Sent to reservations: {'reservation_id': 8697, 'branch_id': 101, 'customer_name': 'Dr. Zachary Shepard', 'phone_number': '001-794-864-4214', 'reservation_date': '2025-07-18', 'reservation_time': '21:16', 'guests_count': 1, 'is_confirmed': False}
[2025-07-18T20:22:03.962+0000] {subprocess.py:93} INFO - [✓] Sent to checkins: {'checkin_id': 5496, 'customer_name': 'Brian Jones', 'phone_number': '(526)714-1791x14944', 'branch_id': 102, 'table_id': 203, 'is_prebooked': True, 'checkin_date': '2025-07-18', 'checkin_time': '19:17', 'guests_count': 5, 'shift_manager': 'Jason Stout'}
[2025-07-18T20:22:03.964+0000] {subprocess.py:93} INFO - [✓] Sent to checkins: {'checkin_id': 3280, 'customer_name': 'Hannah Gray', 'phone_number': '495.386.8841x09702', 'branch_id': 102, 'table_id': 209, 'is_prebooked': True, 'checkin_date': '2025-07-18', 'checkin_time': '19:43', 'guests_count': 1, 'shift_manager': 'Tammy Moss'}
[2025-07-18T20:22:03.965+0000] {subprocess.py:93} INFO - [✓] Sent to checkins: {'checkin_id': 9903, 'customer_name': 'Sean Hayes', 'phone_number': '001-933-529-4788x486', 'branch_id': 101, 'table_id': 201, 'is_prebooked': True, 'checkin_date': '2025-07-18', 'checkin_time': '19:00', 'guests_count': 3, 'shift_manager': 'Richard Wallace'}
[2025-07-18T20:22:03.968+0000] {subprocess.py:93} INFO - [✓] Sent to feedback: {'feedback_id': 2803, 'branch_id': 101, 'customer_name': 'Patricia Carpenter', 'phone_number': '835.855.3922', 'feedback_text': 'Office consumer water artist rate.', 'rating': 2, 'dining_date': '2025-07-18', 'dining_time': '18:25', 'submission_time': '2025-07-18T20:22:00'}
[2025-07-18T20:22:03.969+0000] {subprocess.py:93} INFO - [✓] Sent to feedback: {'feedback_id': 5227, 'branch_id': 101, 'customer_name': 'Brandon Suarez', 'phone_number': '001-296-719-6381x19322', 'feedback_text': 'Nice issue gas evidence.', 'rating': 1, 'dining_date': '2025-07-18', 'dining_time': '19:18', 'submission_time': '2025-07-18T20:22:00'}
[2025-07-18T20:22:03.969+0000] {subprocess.py:93} INFO - [✓] Sent to feedback: {'feedback_id': 2233, 'branch_id': 102, 'customer_name': 'Alexander Jensen', 'phone_number': '7004269871', 'feedback_text': 'Student involve enjoy point task sport kind.', 'rating': 4, 'dining_date': '2025-07-18', 'dining_time': '19:06', 'submission_time': '2025-07-18T20:22:00'}
[2025-07-18T20:22:03.969+0000] {subprocess.py:93} INFO - ✅ All messages sent.
[2025-07-18T20:22:04.006+0000] {subprocess.py:97} INFO - Command exited with return code 0
[2025-07-18T20:22:04.025+0000] {taskinstance.py:1400} INFO - Marking task as SUCCESS. dag_id=restaurant_pipeline, task_id=send_to_kafka, execution_date=20250718T202000, start_date=20250718T202201, end_date=20250718T202204
[2025-07-18T20:22:04.062+0000] {local_task_job_runner.py:228} INFO - Task exited with return code 0
[2025-07-18T20:22:04.089+0000] {taskinstance.py:2778} INFO - 1 downstream tasks scheduled from follow-on schedule check
