[2025-07-18T15:50:01.294+0000] {taskinstance.py:1159} INFO - Dependencies all met for dep_context=non-requeueable deps ti=<TaskInstance: restaurant_pipeline.send_to_kafka scheduled__2025-07-18T15:48:00+00:00 [queued]>
[2025-07-18T15:50:01.298+0000] {taskinstance.py:1159} INFO - Dependencies all met for dep_context=requeueable deps ti=<TaskInstance: restaurant_pipeline.send_to_kafka scheduled__2025-07-18T15:48:00+00:00 [queued]>
[2025-07-18T15:50:01.298+0000] {taskinstance.py:1361} INFO - Starting attempt 1 of 1
[2025-07-18T15:50:01.304+0000] {taskinstance.py:1382} INFO - Executing <Task(BashOperator): send_to_kafka> on 2025-07-18 15:48:00+00:00
[2025-07-18T15:50:01.306+0000] {standard_task_runner.py:57} INFO - Started process 761 to run task
[2025-07-18T15:50:01.308+0000] {standard_task_runner.py:84} INFO - Running: ['***', 'tasks', 'run', 'restaurant_pipeline', 'send_to_kafka', 'scheduled__2025-07-18T15:48:00+00:00', '--job-id', '137', '--raw', '--subdir', 'DAGS_FOLDER/restaurant_pipeline.py', '--cfg-path', '/tmp/tmpvydr_aub']
[2025-07-18T15:50:01.310+0000] {standard_task_runner.py:85} INFO - Job 137: Subtask send_to_kafka
[2025-07-18T15:50:01.333+0000] {task_command.py:416} INFO - Running <TaskInstance: restaurant_pipeline.send_to_kafka scheduled__2025-07-18T15:48:00+00:00 [running]> on host 9bcfb43e0ab7
[2025-07-18T15:50:01.369+0000] {taskinstance.py:1662} INFO - Exporting env vars: AIRFLOW_CTX_DAG_OWNER='moran' AIRFLOW_CTX_DAG_ID='restaurant_pipeline' AIRFLOW_CTX_TASK_ID='send_to_kafka' AIRFLOW_CTX_EXECUTION_DATE='2025-07-18T15:48:00+00:00' AIRFLOW_CTX_TRY_NUMBER='1' AIRFLOW_CTX_DAG_RUN_ID='scheduled__2025-07-18T15:48:00+00:00'
[2025-07-18T15:50:01.369+0000] {subprocess.py:63} INFO - Tmp dir root location: /tmp
[2025-07-18T15:50:01.370+0000] {subprocess.py:75} INFO - Running command: ['/bin/bash', '-c', 'python /opt/streaming/producer.py']
[2025-07-18T15:50:01.375+0000] {subprocess.py:86} INFO - Output:
[2025-07-18T15:50:03.611+0000] {subprocess.py:93} INFO - [✓] Sent to reservations: {'reservation_id': 4903, 'branch_id': 102, 'customer_name': 'Ashley Ferguson', 'phone_number': '001-236-676-3604', 'reservation_date': '2025-07-18', 'reservation_time': '17:21', 'guests_count': 4, 'is_confirmed': True}
[2025-07-18T15:50:03.614+0000] {subprocess.py:93} INFO - [✓] Sent to reservations: {'reservation_id': 4168, 'branch_id': 101, 'customer_name': 'Nicholas Burns', 'phone_number': '(910)761-3394x7861', 'reservation_date': '2025-07-18', 'reservation_time': '17:34', 'guests_count': 5, 'is_confirmed': False}
[2025-07-18T15:50:03.616+0000] {subprocess.py:93} INFO - [✓] Sent to reservations: {'reservation_id': 5171, 'branch_id': 102, 'customer_name': 'Brittney Freeman', 'phone_number': '(319)881-5097x589', 'reservation_date': '2025-07-18', 'reservation_time': '17:50', 'guests_count': 2, 'is_confirmed': False}
[2025-07-18T15:50:03.617+0000] {subprocess.py:93} INFO - [✓] Sent to checkins: {'checkin_id': 8999, 'customer_name': 'Bryan Hamilton', 'phone_number': '(625)334-5479x91607', 'branch_id': 102, 'table_id': 206, 'is_prebooked': False, 'checkin_date': '2025-07-18', 'checkin_time': '15:32', 'guests_count': 5, 'shift_manager': 'Karen Hicks'}
[2025-07-18T15:50:03.617+0000] {subprocess.py:93} INFO - [✓] Sent to checkins: {'checkin_id': 7094, 'customer_name': 'Kristin Munoz', 'phone_number': '(221)856-5245x974', 'branch_id': 101, 'table_id': 206, 'is_prebooked': False, 'checkin_date': '2025-07-18', 'checkin_time': '14:43', 'guests_count': 1, 'shift_manager': 'Lisa Alexander'}
[2025-07-18T15:50:03.617+0000] {subprocess.py:93} INFO - [✓] Sent to checkins: {'checkin_id': 1904, 'customer_name': 'Michael Gilbert', 'phone_number': '(787)496-0999x467', 'branch_id': 102, 'table_id': 207, 'is_prebooked': False, 'checkin_date': '2025-07-18', 'checkin_time': '15:39', 'guests_count': 6, 'shift_manager': 'Thomas Bell'}
[2025-07-18T15:50:03.617+0000] {subprocess.py:93} INFO - [✓] Sent to feedback: {'feedback_id': 4677, 'branch_id': 101, 'customer_name': 'Christopher Lawrence', 'phone_number': '6514802674', 'feedback_text': 'Free community wife.', 'rating': 2, 'dining_date': '2025-07-18', 'dining_time': '13:58', 'submission_time': '2025-07-18T15:50:00'}
[2025-07-18T15:50:03.618+0000] {subprocess.py:93} INFO - [✓] Sent to feedback: {'feedback_id': 7306, 'branch_id': 102, 'customer_name': 'Jason Roberts', 'phone_number': '+1-220-469-3564x566', 'feedback_text': 'Wife pressure but friend treat eight several.', 'rating': 3, 'dining_date': '2025-07-18', 'dining_time': '14:25', 'submission_time': '2025-07-18T15:50:00'}
[2025-07-18T15:50:03.618+0000] {subprocess.py:93} INFO - [✓] Sent to feedback: {'feedback_id': 9295, 'branch_id': 101, 'customer_name': 'Heather Rivera', 'phone_number': '487.972.7441x09934', 'feedback_text': 'Five future may.', 'rating': 4, 'dining_date': '2025-07-18', 'dining_time': '14:25', 'submission_time': '2025-07-18T15:50:00'}
[2025-07-18T15:50:03.620+0000] {subprocess.py:93} INFO - ✅ All messages sent.
[2025-07-18T15:50:03.657+0000] {subprocess.py:97} INFO - Command exited with return code 0
[2025-07-18T15:50:03.688+0000] {taskinstance.py:1400} INFO - Marking task as SUCCESS. dag_id=restaurant_pipeline, task_id=send_to_kafka, execution_date=20250718T154800, start_date=20250718T155001, end_date=20250718T155003
[2025-07-18T15:50:03.705+0000] {local_task_job_runner.py:228} INFO - Task exited with return code 0
[2025-07-18T15:50:03.768+0000] {taskinstance.py:2778} INFO - 1 downstream tasks scheduled from follow-on schedule check
