[2025-07-18T15:09:13.660+0000] {taskinstance.py:1159} INFO - Dependencies all met for dep_context=non-requeueable deps ti=<TaskInstance: restaurant_pipeline.send_to_kafka manual__2025-07-18T15:09:11.906354+00:00 [queued]>
[2025-07-18T15:09:13.664+0000] {taskinstance.py:1159} INFO - Dependencies all met for dep_context=requeueable deps ti=<TaskInstance: restaurant_pipeline.send_to_kafka manual__2025-07-18T15:09:11.906354+00:00 [queued]>
[2025-07-18T15:09:13.665+0000] {taskinstance.py:1361} INFO - Starting attempt 1 of 1
[2025-07-18T15:09:13.670+0000] {taskinstance.py:1382} INFO - Executing <Task(BashOperator): send_to_kafka> on 2025-07-18 15:09:11.906354+00:00
[2025-07-18T15:09:13.673+0000] {standard_task_runner.py:57} INFO - Started process 194 to run task
[2025-07-18T15:09:13.675+0000] {standard_task_runner.py:84} INFO - Running: ['***', 'tasks', 'run', 'restaurant_pipeline', 'send_to_kafka', 'manual__2025-07-18T15:09:11.906354+00:00', '--job-id', '61', '--raw', '--subdir', 'DAGS_FOLDER/restaurant_pipeline.py', '--cfg-path', '/tmp/tmpx8zyi1p7']
[2025-07-18T15:09:13.676+0000] {standard_task_runner.py:85} INFO - Job 61: Subtask send_to_kafka
[2025-07-18T15:09:13.697+0000] {task_command.py:416} INFO - Running <TaskInstance: restaurant_pipeline.send_to_kafka manual__2025-07-18T15:09:11.906354+00:00 [running]> on host 87071fdea595
[2025-07-18T15:09:13.730+0000] {taskinstance.py:1662} INFO - Exporting env vars: AIRFLOW_CTX_DAG_OWNER='moran' AIRFLOW_CTX_DAG_ID='restaurant_pipeline' AIRFLOW_CTX_TASK_ID='send_to_kafka' AIRFLOW_CTX_EXECUTION_DATE='2025-07-18T15:09:11.906354+00:00' AIRFLOW_CTX_TRY_NUMBER='1' AIRFLOW_CTX_DAG_RUN_ID='manual__2025-07-18T15:09:11.906354+00:00'
[2025-07-18T15:09:13.731+0000] {subprocess.py:63} INFO - Tmp dir root location: /tmp
[2025-07-18T15:09:13.731+0000] {subprocess.py:75} INFO - Running command: ['/bin/bash', '-c', 'python /opt/streaming/producer.py']
[2025-07-18T15:09:13.736+0000] {subprocess.py:86} INFO - Output:
[2025-07-18T15:09:15.992+0000] {subprocess.py:93} INFO - [✓] Sent to reservations: {'reservation_id': 8743, 'branch_id': 102, 'customer_name': 'Nathaniel May', 'phone_number': '001-895-661-9287', 'reservation_date': '2025-07-18', 'reservation_time': '15:54', 'guests_count': 4, 'is_confirmed': False}
[2025-07-18T15:09:15.999+0000] {subprocess.py:93} INFO - [✓] Sent to reservations: {'reservation_id': 6195, 'branch_id': 102, 'customer_name': 'Jeff Jackson DVM', 'phone_number': '240-689-9264x578', 'reservation_date': '2025-07-18', 'reservation_time': '16:55', 'guests_count': 4, 'is_confirmed': True}
[2025-07-18T15:09:16.000+0000] {subprocess.py:93} INFO - [✓] Sent to reservations: {'reservation_id': 9645, 'branch_id': 101, 'customer_name': 'Perry Williams', 'phone_number': '495.503.8201x117', 'reservation_date': '2025-07-18', 'reservation_time': '15:28', 'guests_count': 4, 'is_confirmed': False}
[2025-07-18T15:09:16.001+0000] {subprocess.py:93} INFO - [✓] Sent to checkins: {'checkin_id': 5213, 'customer_name': 'Eric Perez', 'phone_number': '001-499-668-5304x9785', 'branch_id': 101, 'table_id': 202, 'is_prebooked': False, 'checkin_date': '2025-07-18', 'checkin_time': '15:08', 'guests_count': 4, 'shift_manager': 'Donald Davis'}
[2025-07-18T15:09:16.003+0000] {subprocess.py:93} INFO - [✓] Sent to checkins: {'checkin_id': 4951, 'customer_name': 'Bobby Hale', 'phone_number': '(371)947-8871x25060', 'branch_id': 101, 'table_id': 201, 'is_prebooked': False, 'checkin_date': '2025-07-18', 'checkin_time': '14:11', 'guests_count': 1, 'shift_manager': 'Taylor Nichols'}
[2025-07-18T15:09:16.005+0000] {subprocess.py:93} INFO - [✓] Sent to checkins: {'checkin_id': 3845, 'customer_name': 'Jenny Morrow', 'phone_number': '001-342-535-4048x618', 'branch_id': 102, 'table_id': 209, 'is_prebooked': True, 'checkin_date': '2025-07-18', 'checkin_time': '14:44', 'guests_count': 5, 'shift_manager': 'Carrie Rios'}
[2025-07-18T15:09:16.006+0000] {subprocess.py:93} INFO - [✓] Sent to feedback: {'feedback_id': 1997, 'branch_id': 102, 'customer_name': 'Michael Boyd', 'phone_number': '200.680.1945', 'feedback_text': 'Exactly man sing phone inside very.', 'rating': 3, 'dining_date': '2025-07-18', 'dining_time': '14:00', 'submission_time': '2025-07-18T15:09:12'}
[2025-07-18T15:09:16.008+0000] {subprocess.py:93} INFO - [✓] Sent to feedback: {'feedback_id': 7000, 'branch_id': 101, 'customer_name': 'Caitlin Walker', 'phone_number': '(435)205-1895x3354', 'feedback_text': 'Consider person memory key quickly choice.', 'rating': 5, 'dining_date': '2025-07-18', 'dining_time': '13:23', 'submission_time': '2025-07-18T15:09:12'}
[2025-07-18T15:09:16.009+0000] {subprocess.py:93} INFO - [✓] Sent to feedback: {'feedback_id': 7036, 'branch_id': 101, 'customer_name': 'Vanessa Bradley', 'phone_number': '630.963.5097x9713', 'feedback_text': 'Put either manager wind no sure however.', 'rating': 3, 'dining_date': '2025-07-18', 'dining_time': '13:49', 'submission_time': '2025-07-18T15:09:12'}
[2025-07-18T15:09:16.011+0000] {subprocess.py:93} INFO - ✅ All messages sent.
[2025-07-18T15:09:16.043+0000] {subprocess.py:97} INFO - Command exited with return code 0
[2025-07-18T15:09:16.062+0000] {taskinstance.py:1400} INFO - Marking task as SUCCESS. dag_id=restaurant_pipeline, task_id=send_to_kafka, execution_date=20250718T150911, start_date=20250718T150913, end_date=20250718T150916
[2025-07-18T15:09:16.073+0000] {local_task_job_runner.py:228} INFO - Task exited with return code 0
[2025-07-18T15:09:16.099+0000] {taskinstance.py:2778} INFO - 1 downstream tasks scheduled from follow-on schedule check
