[2025-07-19T17:54:01.341+0000] {taskinstance.py:1159} INFO - Dependencies all met for dep_context=non-requeueable deps ti=<TaskInstance: restaurant_pipeline.send_to_kafka scheduled__2025-07-19T17:52:00+00:00 [queued]>
[2025-07-19T17:54:01.345+0000] {taskinstance.py:1159} INFO - Dependencies all met for dep_context=requeueable deps ti=<TaskInstance: restaurant_pipeline.send_to_kafka scheduled__2025-07-19T17:52:00+00:00 [queued]>
[2025-07-19T17:54:01.345+0000] {taskinstance.py:1361} INFO - Starting attempt 1 of 1
[2025-07-19T17:54:01.350+0000] {taskinstance.py:1382} INFO - Executing <Task(BashOperator): send_to_kafka> on 2025-07-19 17:52:00+00:00
[2025-07-19T17:54:01.351+0000] {standard_task_runner.py:57} INFO - Started process 274 to run task
[2025-07-19T17:54:01.353+0000] {standard_task_runner.py:84} INFO - Running: ['***', 'tasks', 'run', 'restaurant_pipeline', 'send_to_kafka', 'scheduled__2025-07-19T17:52:00+00:00', '--job-id', '904', '--raw', '--subdir', 'DAGS_FOLDER/restaurant_pipeline.py', '--cfg-path', '/tmp/tmpqem8z1n6']
[2025-07-19T17:54:01.355+0000] {standard_task_runner.py:85} INFO - Job 904: Subtask send_to_kafka
[2025-07-19T17:54:01.375+0000] {task_command.py:416} INFO - Running <TaskInstance: restaurant_pipeline.send_to_kafka scheduled__2025-07-19T17:52:00+00:00 [running]> on host 03593c79cc17
[2025-07-19T17:54:01.410+0000] {taskinstance.py:1662} INFO - Exporting env vars: AIRFLOW_CTX_DAG_EMAIL='your@email.com' AIRFLOW_CTX_DAG_OWNER='moran' AIRFLOW_CTX_DAG_ID='restaurant_pipeline' AIRFLOW_CTX_TASK_ID='send_to_kafka' AIRFLOW_CTX_EXECUTION_DATE='2025-07-19T17:52:00+00:00' AIRFLOW_CTX_TRY_NUMBER='1' AIRFLOW_CTX_DAG_RUN_ID='scheduled__2025-07-19T17:52:00+00:00'
[2025-07-19T17:54:01.410+0000] {subprocess.py:63} INFO - Tmp dir root location: /tmp
[2025-07-19T17:54:01.411+0000] {subprocess.py:75} INFO - Running command: ['/bin/bash', '-c', 'python /opt/streaming/producer.py']
[2025-07-19T17:54:01.414+0000] {subprocess.py:86} INFO - Output:
[2025-07-19T17:54:03.626+0000] {subprocess.py:93} INFO - [✓] Sent to reservations: {'reservation_id': 3472, 'branch_id': 102, 'customer_name': 'Emily Clark', 'phone_number': '388-647-3575x041', 'reservation_date': '2025-07-19', 'reservation_time': '18:35', 'guests_count': 3, 'is_confirmed': False}
[2025-07-19T17:54:03.627+0000] {subprocess.py:93} INFO - [✓] Sent to reservations: {'reservation_id': 7195, 'branch_id': 101, 'customer_name': 'Amber Vega', 'phone_number': '001-865-650-7808x9964', 'reservation_date': '2025-07-19', 'reservation_time': '18:28', 'guests_count': 6, 'is_confirmed': True}
[2025-07-19T17:54:03.627+0000] {subprocess.py:93} INFO - [✓] Sent to reservations: {'reservation_id': 9517, 'branch_id': 101, 'customer_name': 'Joseph Davis', 'phone_number': '612-912-6721', 'reservation_date': '2025-07-19', 'reservation_time': '19:41', 'guests_count': 3, 'is_confirmed': False}
[2025-07-19T17:54:03.628+0000] {subprocess.py:93} INFO - [✓] Sent to checkins: {'checkin_id': 6223, 'customer_name': 'Robert Clark', 'phone_number': '001-828-252-2385', 'branch_id': 101, 'table_id': 207, 'is_prebooked': True, 'checkin_date': '2025-07-19', 'checkin_time': '17:12', 'guests_count': 6, 'shift_manager': 'Amanda Nguyen'}
[2025-07-19T17:54:03.628+0000] {subprocess.py:93} INFO - [✓] Sent to checkins: {'checkin_id': 5807, 'customer_name': 'Kenneth Sanchez', 'phone_number': '898.425.3842', 'branch_id': 101, 'table_id': 206, 'is_prebooked': True, 'checkin_date': '2025-07-19', 'checkin_time': '16:41', 'guests_count': 4, 'shift_manager': 'Robert Moore'}
[2025-07-19T17:54:03.628+0000] {subprocess.py:93} INFO - [✓] Sent to checkins: {'checkin_id': 4455, 'customer_name': 'Rachel Clay', 'phone_number': '(346)486-6373x4579', 'branch_id': 101, 'table_id': 205, 'is_prebooked': True, 'checkin_date': '2025-07-19', 'checkin_time': '17:30', 'guests_count': 6, 'shift_manager': 'Christine Wilson'}
[2025-07-19T17:54:03.629+0000] {subprocess.py:93} INFO - [✓] Sent to feedback: {'feedback_id': 9866, 'branch_id': 101, 'customer_name': 'Cody Roberts', 'phone_number': '757.529.1919', 'feedback_text': 'Expect east hope radio quality partner perhaps long.', 'rating': 4, 'dining_date': '2025-07-19', 'dining_time': '16:29', 'submission_time': '2025-07-19T17:54:00'}
[2025-07-19T17:54:03.629+0000] {subprocess.py:93} INFO - [✓] Sent to feedback: {'feedback_id': 8889, 'branch_id': 101, 'customer_name': 'Wesley Trevino', 'phone_number': '8673719249', 'feedback_text': 'Wrong tree on agency.', 'rating': 1, 'dining_date': '2025-07-19', 'dining_time': '16:09', 'submission_time': '2025-07-19T17:54:00'}
[2025-07-19T17:54:03.630+0000] {subprocess.py:93} INFO - [✓] Sent to feedback: {'feedback_id': 1120, 'branch_id': 102, 'customer_name': 'Nancy Pollard', 'phone_number': '892.637.8017', 'feedback_text': 'Like prove beat night.', 'rating': 3, 'dining_date': '2025-07-19', 'dining_time': '16:30', 'submission_time': '2025-07-19T17:54:00'}
[2025-07-19T17:54:03.630+0000] {subprocess.py:93} INFO - ✅ All messages sent.
[2025-07-19T17:54:03.670+0000] {subprocess.py:97} INFO - Command exited with return code 0
[2025-07-19T17:54:03.685+0000] {taskinstance.py:1400} INFO - Marking task as SUCCESS. dag_id=restaurant_pipeline, task_id=send_to_kafka, execution_date=20250719T175200, start_date=20250719T175401, end_date=20250719T175403
[2025-07-19T17:54:03.702+0000] {local_task_job_runner.py:228} INFO - Task exited with return code 0
[2025-07-19T17:54:03.727+0000] {taskinstance.py:2778} INFO - 1 downstream tasks scheduled from follow-on schedule check
