[2025-07-19T21:22:43.557+0000] {taskinstance.py:1159} INFO - Dependencies all met for dep_context=non-requeueable deps ti=<TaskInstance: restaurant_pipeline.send_to_kafka scheduled__2025-07-19T21:20:00+00:00 [queued]>
[2025-07-19T21:22:43.562+0000] {taskinstance.py:1159} INFO - Dependencies all met for dep_context=requeueable deps ti=<TaskInstance: restaurant_pipeline.send_to_kafka scheduled__2025-07-19T21:20:00+00:00 [queued]>
[2025-07-19T21:22:43.563+0000] {taskinstance.py:1361} INFO - Starting attempt 1 of 1
[2025-07-19T21:22:43.570+0000] {taskinstance.py:1382} INFO - Executing <Task(BashOperator): send_to_kafka> on 2025-07-19 21:20:00+00:00
[2025-07-19T21:22:43.573+0000] {standard_task_runner.py:57} INFO - Started process 4364 to run task
[2025-07-19T21:22:43.575+0000] {standard_task_runner.py:84} INFO - Running: ['***', 'tasks', 'run', 'restaurant_pipeline', 'send_to_kafka', 'scheduled__2025-07-19T21:20:00+00:00', '--job-id', '1246', '--raw', '--subdir', 'DAGS_FOLDER/restaurant_pipeline.py', '--cfg-path', '/tmp/tmpj9tuvrbh']
[2025-07-19T21:22:43.577+0000] {standard_task_runner.py:85} INFO - Job 1246: Subtask send_to_kafka
[2025-07-19T21:22:43.601+0000] {task_command.py:416} INFO - Running <TaskInstance: restaurant_pipeline.send_to_kafka scheduled__2025-07-19T21:20:00+00:00 [running]> on host e3f5d8fc4eef
[2025-07-19T21:22:43.640+0000] {taskinstance.py:1662} INFO - Exporting env vars: AIRFLOW_CTX_DAG_OWNER='moran' AIRFLOW_CTX_DAG_ID='restaurant_pipeline' AIRFLOW_CTX_TASK_ID='send_to_kafka' AIRFLOW_CTX_EXECUTION_DATE='2025-07-19T21:20:00+00:00' AIRFLOW_CTX_TRY_NUMBER='1' AIRFLOW_CTX_DAG_RUN_ID='scheduled__2025-07-19T21:20:00+00:00'
[2025-07-19T21:22:43.640+0000] {subprocess.py:63} INFO - Tmp dir root location: /tmp
[2025-07-19T21:22:43.641+0000] {subprocess.py:75} INFO - Running command: ['/bin/bash', '-c', 'python /opt/streaming/producer.py']
[2025-07-19T21:22:43.646+0000] {subprocess.py:86} INFO - Output:
[2025-07-19T21:22:45.977+0000] {subprocess.py:93} INFO - [✓] Sent to reservations: {'reservation_id': 3371, 'branch_id': 101, 'customer_name': 'Eric Craig', 'phone_number': '+1-355-946-4684x4714', 'reservation_date': '2025-07-19', 'reservation_time': '21:38', 'guests_count': 5, 'is_confirmed': True}
[2025-07-19T21:22:45.980+0000] {subprocess.py:93} INFO - [✓] Sent to reservations: {'reservation_id': 3784, 'branch_id': 102, 'customer_name': 'Robert Williams', 'phone_number': '(867)666-3340x204', 'reservation_date': '2025-07-19', 'reservation_time': '22:03', 'guests_count': 7, 'is_confirmed': False}
[2025-07-19T21:22:45.984+0000] {subprocess.py:93} INFO - [✓] Sent to reservations: {'reservation_id': 1185, 'branch_id': 101, 'customer_name': 'Timothy Powell', 'phone_number': '958.356.5151', 'reservation_date': '2025-07-19', 'reservation_time': '22:49', 'guests_count': 7, 'is_confirmed': False}
[2025-07-19T21:22:45.984+0000] {subprocess.py:93} INFO - [✓] Sent to checkins: {'checkin_id': 2904, 'customer_name': 'Briana Jones', 'phone_number': '804-977-3148x890', 'branch_id': 102, 'table_id': 202, 'is_prebooked': False, 'checkin_date': '2025-07-19', 'checkin_time': '20:11', 'guests_count': 2, 'shift_manager': 'Shane Bennett'}
[2025-07-19T21:22:45.985+0000] {subprocess.py:93} INFO - [✓] Sent to checkins: {'checkin_id': 7864, 'customer_name': 'Joshua Jordan', 'phone_number': '+1-221-862-5574x4238', 'branch_id': 101, 'table_id': 203, 'is_prebooked': False, 'checkin_date': '2025-07-19', 'checkin_time': '20:39', 'guests_count': 5, 'shift_manager': 'Sharon Howard'}
[2025-07-19T21:22:45.986+0000] {subprocess.py:93} INFO - [✓] Sent to checkins: {'checkin_id': 8157, 'customer_name': 'Mikayla Glass', 'phone_number': '+1-316-356-3655', 'branch_id': 102, 'table_id': 206, 'is_prebooked': False, 'checkin_date': '2025-07-19', 'checkin_time': '20:04', 'guests_count': 4, 'shift_manager': 'Shawn Stephens'}
[2025-07-19T21:22:45.986+0000] {subprocess.py:93} INFO - [✓] Sent to feedback: {'feedback_id': 6417, 'branch_id': 102, 'customer_name': 'Kevin Taylor', 'phone_number': '554-265-7374x9722', 'feedback_text': 'Different range in research environmental defense top.', 'rating': 5, 'dining_date': '2025-07-19', 'dining_time': '19:45', 'submission_time': '2025-07-19T21:22:43'}
[2025-07-19T21:22:45.987+0000] {subprocess.py:93} INFO - [✓] Sent to feedback: {'feedback_id': 5211, 'branch_id': 102, 'customer_name': 'Nicole Griffin', 'phone_number': '001-371-677-8618x85682', 'feedback_text': 'Whole including left everybody support concern cover.', 'rating': 1, 'dining_date': '2025-07-19', 'dining_time': '20:55', 'submission_time': '2025-07-19T21:22:43'}
[2025-07-19T21:22:45.988+0000] {subprocess.py:93} INFO - [✓] Sent to feedback: {'feedback_id': 2265, 'branch_id': 101, 'customer_name': 'George Hughes', 'phone_number': '+1-774-292-9694', 'feedback_text': 'Consider push trial.', 'rating': 3, 'dining_date': '2025-07-19', 'dining_time': '19:40', 'submission_time': '2025-07-19T21:22:43'}
[2025-07-19T21:22:45.988+0000] {subprocess.py:93} INFO - ✅ All messages sent.
[2025-07-19T21:22:46.026+0000] {subprocess.py:97} INFO - Command exited with return code 0
[2025-07-19T21:22:46.041+0000] {taskinstance.py:1400} INFO - Marking task as SUCCESS. dag_id=restaurant_pipeline, task_id=send_to_kafka, execution_date=20250719T212000, start_date=20250719T212243, end_date=20250719T212246
[2025-07-19T21:22:46.076+0000] {local_task_job_runner.py:228} INFO - Task exited with return code 0
[2025-07-19T21:22:46.103+0000] {taskinstance.py:2778} INFO - 1 downstream tasks scheduled from follow-on schedule check
