[2025-07-19T19:19:23.499+0000] {taskinstance.py:1159} INFO - Dependencies all met for dep_context=non-requeueable deps ti=<TaskInstance: restaurant_pipeline.send_to_kafka scheduled__2025-07-19T19:16:00+00:00 [queued]>
[2025-07-19T19:19:23.503+0000] {taskinstance.py:1159} INFO - Dependencies all met for dep_context=requeueable deps ti=<TaskInstance: restaurant_pipeline.send_to_kafka scheduled__2025-07-19T19:16:00+00:00 [queued]>
[2025-07-19T19:19:23.504+0000] {taskinstance.py:1361} INFO - Starting attempt 1 of 1
[2025-07-19T19:19:23.509+0000] {taskinstance.py:1382} INFO - Executing <Task(BashOperator): send_to_kafka> on 2025-07-19 19:16:00+00:00
[2025-07-19T19:19:23.512+0000] {standard_task_runner.py:57} INFO - Started process 2130 to run task
[2025-07-19T19:19:23.514+0000] {standard_task_runner.py:84} INFO - Running: ['***', 'tasks', 'run', 'restaurant_pipeline', 'send_to_kafka', 'scheduled__2025-07-19T19:16:00+00:00', '--job-id', '1090', '--raw', '--subdir', 'DAGS_FOLDER/restaurant_pipeline.py', '--cfg-path', '/tmp/tmp104t4dpo']
[2025-07-19T19:19:23.515+0000] {standard_task_runner.py:85} INFO - Job 1090: Subtask send_to_kafka
[2025-07-19T19:19:23.556+0000] {task_command.py:416} INFO - Running <TaskInstance: restaurant_pipeline.send_to_kafka scheduled__2025-07-19T19:16:00+00:00 [running]> on host e3f5d8fc4eef
[2025-07-19T19:19:23.597+0000] {taskinstance.py:1662} INFO - Exporting env vars: AIRFLOW_CTX_DAG_OWNER='moran' AIRFLOW_CTX_DAG_ID='restaurant_pipeline' AIRFLOW_CTX_TASK_ID='send_to_kafka' AIRFLOW_CTX_EXECUTION_DATE='2025-07-19T19:16:00+00:00' AIRFLOW_CTX_TRY_NUMBER='1' AIRFLOW_CTX_DAG_RUN_ID='scheduled__2025-07-19T19:16:00+00:00'
[2025-07-19T19:19:23.598+0000] {subprocess.py:63} INFO - Tmp dir root location: /tmp
[2025-07-19T19:19:23.598+0000] {subprocess.py:75} INFO - Running command: ['/bin/bash', '-c', 'python /opt/streaming/producer.py']
[2025-07-19T19:19:23.603+0000] {subprocess.py:86} INFO - Output:
[2025-07-19T19:19:25.858+0000] {subprocess.py:93} INFO - [✓] Sent to reservations: {'reservation_id': 5713, 'branch_id': 101, 'customer_name': 'Jessica Esparza', 'phone_number': '+1-751-250-1245x2095', 'reservation_date': '2025-07-19', 'reservation_time': '21:12', 'guests_count': 6, 'is_confirmed': True}
[2025-07-19T19:19:25.860+0000] {subprocess.py:93} INFO - [✓] Sent to reservations: {'reservation_id': 6715, 'branch_id': 101, 'customer_name': 'Dr. Anna Jenkins', 'phone_number': '+1-702-333-0677', 'reservation_date': '2025-07-19', 'reservation_time': '19:29', 'guests_count': 5, 'is_confirmed': False}
[2025-07-19T19:19:25.861+0000] {subprocess.py:93} INFO - [✓] Sent to reservations: {'reservation_id': 8027, 'branch_id': 101, 'customer_name': 'Amanda Oliver', 'phone_number': '+1-202-609-2641x57406', 'reservation_date': '2025-07-19', 'reservation_time': '20:07', 'guests_count': 6, 'is_confirmed': True}
[2025-07-19T19:19:25.861+0000] {subprocess.py:93} INFO - [✓] Sent to checkins: {'checkin_id': 9098, 'customer_name': 'Jason Lewis', 'phone_number': '470.565.2741x023', 'branch_id': 102, 'table_id': 209, 'is_prebooked': False, 'checkin_date': '2025-07-19', 'checkin_time': '17:57', 'guests_count': 3, 'shift_manager': 'Monica Fitzpatrick'}
[2025-07-19T19:19:25.861+0000] {subprocess.py:93} INFO - [✓] Sent to checkins: {'checkin_id': 1480, 'customer_name': 'Victoria Webb', 'phone_number': '001-326-301-0802x70899', 'branch_id': 101, 'table_id': 209, 'is_prebooked': False, 'checkin_date': '2025-07-19', 'checkin_time': '18:11', 'guests_count': 1, 'shift_manager': 'Andrew White'}
[2025-07-19T19:19:25.862+0000] {subprocess.py:93} INFO - [✓] Sent to checkins: {'checkin_id': 5334, 'customer_name': 'Isabel Davis', 'phone_number': '001-845-470-4595', 'branch_id': 102, 'table_id': 204, 'is_prebooked': True, 'checkin_date': '2025-07-19', 'checkin_time': '18:54', 'guests_count': 3, 'shift_manager': 'Matthew Wright'}
[2025-07-19T19:19:25.862+0000] {subprocess.py:93} INFO - [✓] Sent to feedback: {'feedback_id': 4712, 'branch_id': 102, 'customer_name': 'Monica Noble', 'phone_number': '(291)978-7461', 'feedback_text': 'Skill citizen avoid table dinner successful.', 'rating': 5, 'dining_date': '2025-07-19', 'dining_time': '17:28', 'submission_time': '2025-07-19T19:19:22'}
[2025-07-19T19:19:25.862+0000] {subprocess.py:93} INFO - [✓] Sent to feedback: {'feedback_id': 8404, 'branch_id': 101, 'customer_name': 'Jenna Porter', 'phone_number': '(439)667-5390x2347', 'feedback_text': 'Data laugh star few almost.', 'rating': 1, 'dining_date': '2025-07-19', 'dining_time': '18:04', 'submission_time': '2025-07-19T19:19:22'}
[2025-07-19T19:19:25.863+0000] {subprocess.py:93} INFO - [✓] Sent to feedback: {'feedback_id': 1724, 'branch_id': 101, 'customer_name': 'Alicia Johnson', 'phone_number': '+1-669-452-6971x832', 'feedback_text': 'Mention development hour power agree charge year trouble.', 'rating': 3, 'dining_date': '2025-07-19', 'dining_time': '19:07', 'submission_time': '2025-07-19T19:19:22'}
[2025-07-19T19:19:25.864+0000] {subprocess.py:93} INFO - ✅ All messages sent.
[2025-07-19T19:19:25.911+0000] {subprocess.py:97} INFO - Command exited with return code 0
[2025-07-19T19:19:25.930+0000] {taskinstance.py:1400} INFO - Marking task as SUCCESS. dag_id=restaurant_pipeline, task_id=send_to_kafka, execution_date=20250719T191600, start_date=20250719T191923, end_date=20250719T191925
[2025-07-19T19:19:25.939+0000] {local_task_job_runner.py:228} INFO - Task exited with return code 0
[2025-07-19T19:19:25.964+0000] {taskinstance.py:2778} INFO - 1 downstream tasks scheduled from follow-on schedule check
