[2025-07-18T19:24:23.393+0000] {taskinstance.py:1159} INFO - Dependencies all met for dep_context=non-requeueable deps ti=<TaskInstance: restaurant_pipeline.send_to_kafka scheduled__2025-07-18T19:22:00+00:00 [queued]>
[2025-07-18T19:24:23.397+0000] {taskinstance.py:1159} INFO - Dependencies all met for dep_context=requeueable deps ti=<TaskInstance: restaurant_pipeline.send_to_kafka scheduled__2025-07-18T19:22:00+00:00 [queued]>
[2025-07-18T19:24:23.397+0000] {taskinstance.py:1361} INFO - Starting attempt 1 of 1
[2025-07-18T19:24:23.403+0000] {taskinstance.py:1382} INFO - Executing <Task(BashOperator): send_to_kafka> on 2025-07-18 19:22:00+00:00
[2025-07-18T19:24:23.405+0000] {standard_task_runner.py:57} INFO - Started process 4839 to run task
[2025-07-18T19:24:23.407+0000] {standard_task_runner.py:84} INFO - Running: ['***', 'tasks', 'run', 'restaurant_pipeline', 'send_to_kafka', 'scheduled__2025-07-18T19:22:00+00:00', '--job-id', '510', '--raw', '--subdir', 'DAGS_FOLDER/restaurant_pipeline.py', '--cfg-path', '/tmp/tmp1h9ovgzl']
[2025-07-18T19:24:23.409+0000] {standard_task_runner.py:85} INFO - Job 510: Subtask send_to_kafka
[2025-07-18T19:24:23.432+0000] {task_command.py:416} INFO - Running <TaskInstance: restaurant_pipeline.send_to_kafka scheduled__2025-07-18T19:22:00+00:00 [running]> on host 9bcfb43e0ab7
[2025-07-18T19:24:23.474+0000] {taskinstance.py:1662} INFO - Exporting env vars: AIRFLOW_CTX_DAG_OWNER='moran' AIRFLOW_CTX_DAG_ID='restaurant_pipeline' AIRFLOW_CTX_TASK_ID='send_to_kafka' AIRFLOW_CTX_EXECUTION_DATE='2025-07-18T19:22:00+00:00' AIRFLOW_CTX_TRY_NUMBER='1' AIRFLOW_CTX_DAG_RUN_ID='scheduled__2025-07-18T19:22:00+00:00'
[2025-07-18T19:24:23.475+0000] {subprocess.py:63} INFO - Tmp dir root location: /tmp
[2025-07-18T19:24:23.475+0000] {subprocess.py:75} INFO - Running command: ['/bin/bash', '-c', 'python /opt/streaming/producer.py']
[2025-07-18T19:24:23.479+0000] {subprocess.py:86} INFO - Output:
[2025-07-18T19:24:25.714+0000] {subprocess.py:93} INFO - [✓] Sent to reservations: {'reservation_id': 6314, 'branch_id': 101, 'customer_name': 'Joe Hodge', 'phone_number': '+1-662-772-2300x7090', 'reservation_date': '2025-07-18', 'reservation_time': '20:31', 'guests_count': 7, 'is_confirmed': True}
[2025-07-18T19:24:25.721+0000] {subprocess.py:93} INFO - [✓] Sent to reservations: {'reservation_id': 2810, 'branch_id': 102, 'customer_name': 'Pamela Mcconnell', 'phone_number': '457.990.3340', 'reservation_date': '2025-07-18', 'reservation_time': '19:54', 'guests_count': 7, 'is_confirmed': False}
[2025-07-18T19:24:25.723+0000] {subprocess.py:93} INFO - [✓] Sent to reservations: {'reservation_id': 2299, 'branch_id': 102, 'customer_name': 'Julian Ball', 'phone_number': '759.836.2094', 'reservation_date': '2025-07-18', 'reservation_time': '20:07', 'guests_count': 2, 'is_confirmed': False}
[2025-07-18T19:24:25.725+0000] {subprocess.py:93} INFO - [✓] Sent to checkins: {'checkin_id': 4082, 'customer_name': 'Dr. Jessica Roberts', 'phone_number': '+1-975-468-6528', 'branch_id': 101, 'table_id': 210, 'is_prebooked': False, 'checkin_date': '2025-07-18', 'checkin_time': '18:24', 'guests_count': 5, 'shift_manager': 'Joshua Flowers'}
[2025-07-18T19:24:25.725+0000] {subprocess.py:93} INFO - [✓] Sent to checkins: {'checkin_id': 2442, 'customer_name': 'Richard Galloway', 'phone_number': '+1-356-574-9573x1762', 'branch_id': 102, 'table_id': 207, 'is_prebooked': False, 'checkin_date': '2025-07-18', 'checkin_time': '17:25', 'guests_count': 3, 'shift_manager': 'Miranda Daniels'}
[2025-07-18T19:24:25.726+0000] {subprocess.py:93} INFO - [✓] Sent to checkins: {'checkin_id': 2124, 'customer_name': 'Holly Morris', 'phone_number': '+1-396-916-3849x4528', 'branch_id': 101, 'table_id': 202, 'is_prebooked': False, 'checkin_date': '2025-07-18', 'checkin_time': '18:55', 'guests_count': 5, 'shift_manager': 'Olivia Contreras'}
[2025-07-18T19:24:25.726+0000] {subprocess.py:93} INFO - [✓] Sent to feedback: {'feedback_id': 9450, 'branch_id': 102, 'customer_name': 'Ryan Miller', 'phone_number': '4407631001', 'feedback_text': 'Mention wrong total move also rich economy.', 'rating': 3, 'dining_date': '2025-07-18', 'dining_time': '18:20', 'submission_time': '2025-07-18T19:24:22'}
[2025-07-18T19:24:25.729+0000] {subprocess.py:93} INFO - [✓] Sent to feedback: {'feedback_id': 9118, 'branch_id': 101, 'customer_name': 'Sydney Butler', 'phone_number': '001-310-802-2860x301', 'feedback_text': 'Campaign enjoy offer top seem network.', 'rating': 4, 'dining_date': '2025-07-18', 'dining_time': '17:53', 'submission_time': '2025-07-18T19:24:22'}
[2025-07-18T19:24:25.731+0000] {subprocess.py:93} INFO - [✓] Sent to feedback: {'feedback_id': 8515, 'branch_id': 101, 'customer_name': 'Christopher Robertson', 'phone_number': '723-404-6825', 'feedback_text': 'Chair suddenly assume pull both window hold matter.', 'rating': 2, 'dining_date': '2025-07-18', 'dining_time': '19:12', 'submission_time': '2025-07-18T19:24:22'}
[2025-07-18T19:24:25.733+0000] {subprocess.py:93} INFO - ✅ All messages sent.
[2025-07-18T19:24:25.771+0000] {subprocess.py:97} INFO - Command exited with return code 0
[2025-07-18T19:24:25.791+0000] {taskinstance.py:1400} INFO - Marking task as SUCCESS. dag_id=restaurant_pipeline, task_id=send_to_kafka, execution_date=20250718T192200, start_date=20250718T192423, end_date=20250718T192425
[2025-07-18T19:24:25.820+0000] {local_task_job_runner.py:228} INFO - Task exited with return code 0
[2025-07-18T19:24:25.846+0000] {taskinstance.py:2778} INFO - 1 downstream tasks scheduled from follow-on schedule check
