[2025-07-18T15:38:01.462+0000] {taskinstance.py:1159} INFO - Dependencies all met for dep_context=non-requeueable deps ti=<TaskInstance: restaurant_pipeline.send_to_kafka scheduled__2025-07-18T15:36:00+00:00 [queued]>
[2025-07-18T15:38:01.466+0000] {taskinstance.py:1159} INFO - Dependencies all met for dep_context=requeueable deps ti=<TaskInstance: restaurant_pipeline.send_to_kafka scheduled__2025-07-18T15:36:00+00:00 [queued]>
[2025-07-18T15:38:01.466+0000] {taskinstance.py:1361} INFO - Starting attempt 1 of 1
[2025-07-18T15:38:01.472+0000] {taskinstance.py:1382} INFO - Executing <Task(BashOperator): send_to_kafka> on 2025-07-18 15:36:00+00:00
[2025-07-18T15:38:01.474+0000] {standard_task_runner.py:57} INFO - Started process 540 to run task
[2025-07-18T15:38:01.477+0000] {standard_task_runner.py:84} INFO - Running: ['***', 'tasks', 'run', 'restaurant_pipeline', 'send_to_kafka', 'scheduled__2025-07-18T15:36:00+00:00', '--job-id', '119', '--raw', '--subdir', 'DAGS_FOLDER/restaurant_pipeline.py', '--cfg-path', '/tmp/tmp72v3gwf7']
[2025-07-18T15:38:01.478+0000] {standard_task_runner.py:85} INFO - Job 119: Subtask send_to_kafka
[2025-07-18T15:38:01.502+0000] {task_command.py:416} INFO - Running <TaskInstance: restaurant_pipeline.send_to_kafka scheduled__2025-07-18T15:36:00+00:00 [running]> on host 9bcfb43e0ab7
[2025-07-18T15:38:01.539+0000] {taskinstance.py:1662} INFO - Exporting env vars: AIRFLOW_CTX_DAG_OWNER='moran' AIRFLOW_CTX_DAG_ID='restaurant_pipeline' AIRFLOW_CTX_TASK_ID='send_to_kafka' AIRFLOW_CTX_EXECUTION_DATE='2025-07-18T15:36:00+00:00' AIRFLOW_CTX_TRY_NUMBER='1' AIRFLOW_CTX_DAG_RUN_ID='scheduled__2025-07-18T15:36:00+00:00'
[2025-07-18T15:38:01.539+0000] {subprocess.py:63} INFO - Tmp dir root location: /tmp
[2025-07-18T15:38:01.540+0000] {subprocess.py:75} INFO - Running command: ['/bin/bash', '-c', 'python /opt/streaming/producer.py']
[2025-07-18T15:38:01.545+0000] {subprocess.py:86} INFO - Output:
[2025-07-18T15:38:03.819+0000] {subprocess.py:93} INFO - [✓] Sent to reservations: {'reservation_id': 6953, 'branch_id': 102, 'customer_name': 'Joshua Hanson', 'phone_number': '+1-901-855-8579', 'reservation_date': '2025-07-18', 'reservation_time': '16:58', 'guests_count': 8, 'is_confirmed': True}
[2025-07-18T15:38:03.821+0000] {subprocess.py:93} INFO - [✓] Sent to reservations: {'reservation_id': 1026, 'branch_id': 102, 'customer_name': 'Thomas Miller', 'phone_number': '+1-646-381-8071x081', 'reservation_date': '2025-07-18', 'reservation_time': '17:16', 'guests_count': 1, 'is_confirmed': True}
[2025-07-18T15:38:03.821+0000] {subprocess.py:93} INFO - [✓] Sent to reservations: {'reservation_id': 8898, 'branch_id': 101, 'customer_name': 'Joshua Chavez', 'phone_number': '946.368.6123x836', 'reservation_date': '2025-07-18', 'reservation_time': '16:48', 'guests_count': 2, 'is_confirmed': True}
[2025-07-18T15:38:03.821+0000] {subprocess.py:93} INFO - [✓] Sent to checkins: {'checkin_id': 1164, 'customer_name': 'Michael Humphrey', 'phone_number': '956-594-5675', 'branch_id': 101, 'table_id': 200, 'is_prebooked': True, 'checkin_date': '2025-07-18', 'checkin_time': '13:43', 'guests_count': 2, 'shift_manager': 'Gary Vega'}
[2025-07-18T15:38:03.821+0000] {subprocess.py:93} INFO - [✓] Sent to checkins: {'checkin_id': 6298, 'customer_name': 'Bradley Vincent', 'phone_number': '228-230-6955x3453', 'branch_id': 102, 'table_id': 209, 'is_prebooked': True, 'checkin_date': '2025-07-18', 'checkin_time': '14:52', 'guests_count': 5, 'shift_manager': 'Richard Mcneil'}
[2025-07-18T15:38:03.822+0000] {subprocess.py:93} INFO - [✓] Sent to checkins: {'checkin_id': 8108, 'customer_name': 'Cheryl Marks', 'phone_number': '935-210-1593x36455', 'branch_id': 101, 'table_id': 208, 'is_prebooked': True, 'checkin_date': '2025-07-18', 'checkin_time': '14:07', 'guests_count': 1, 'shift_manager': 'Tyler Mccoy'}
[2025-07-18T15:38:03.822+0000] {subprocess.py:93} INFO - [✓] Sent to feedback: {'feedback_id': 6232, 'branch_id': 102, 'customer_name': 'William Brown', 'phone_number': '+1-623-302-9682x09368', 'feedback_text': 'Financial marriage factor shoulder quickly when letter will.', 'rating': 4, 'dining_date': '2025-07-18', 'dining_time': '15:09', 'submission_time': '2025-07-18T15:38:01'}
[2025-07-18T15:38:03.822+0000] {subprocess.py:93} INFO - [✓] Sent to feedback: {'feedback_id': 4017, 'branch_id': 101, 'customer_name': 'Sharon Johnson', 'phone_number': '+1-212-923-5183x900', 'feedback_text': 'Wide after sport pull top performance authority their.', 'rating': 3, 'dining_date': '2025-07-18', 'dining_time': '15:33', 'submission_time': '2025-07-18T15:38:01'}
[2025-07-18T15:38:03.824+0000] {subprocess.py:93} INFO - [✓] Sent to feedback: {'feedback_id': 8790, 'branch_id': 102, 'customer_name': 'Jasmin Christensen', 'phone_number': '743.456.5201x143', 'feedback_text': 'Entire suggest reveal summer yeah first right.', 'rating': 5, 'dining_date': '2025-07-18', 'dining_time': '15:30', 'submission_time': '2025-07-18T15:38:01'}
[2025-07-18T15:38:03.824+0000] {subprocess.py:93} INFO - ✅ All messages sent.
[2025-07-18T15:38:03.968+0000] {subprocess.py:97} INFO - Command exited with return code 0
[2025-07-18T15:38:04.073+0000] {taskinstance.py:1400} INFO - Marking task as SUCCESS. dag_id=restaurant_pipeline, task_id=send_to_kafka, execution_date=20250718T153600, start_date=20250718T153801, end_date=20250718T153804
[2025-07-18T15:38:04.142+0000] {local_task_job_runner.py:228} INFO - Task exited with return code 0
[2025-07-18T15:38:04.199+0000] {taskinstance.py:2778} INFO - 1 downstream tasks scheduled from follow-on schedule check
