[2025-07-18T19:32:25.511+0000] {taskinstance.py:1159} INFO - Dependencies all met for dep_context=non-requeueable deps ti=<TaskInstance: restaurant_pipeline.send_to_kafka scheduled__2025-07-18T19:30:00+00:00 [queued]>
[2025-07-18T19:32:25.515+0000] {taskinstance.py:1159} INFO - Dependencies all met for dep_context=requeueable deps ti=<TaskInstance: restaurant_pipeline.send_to_kafka scheduled__2025-07-18T19:30:00+00:00 [queued]>
[2025-07-18T19:32:25.515+0000] {taskinstance.py:1361} INFO - Starting attempt 1 of 1
[2025-07-18T19:32:25.525+0000] {taskinstance.py:1382} INFO - Executing <Task(BashOperator): send_to_kafka> on 2025-07-18 19:30:00+00:00
[2025-07-18T19:32:25.528+0000] {standard_task_runner.py:57} INFO - Started process 5060 to run task
[2025-07-18T19:32:25.531+0000] {standard_task_runner.py:84} INFO - Running: ['***', 'tasks', 'run', 'restaurant_pipeline', 'send_to_kafka', 'scheduled__2025-07-18T19:30:00+00:00', '--job-id', '530', '--raw', '--subdir', 'DAGS_FOLDER/restaurant_pipeline.py', '--cfg-path', '/tmp/tmp7rlyffck']
[2025-07-18T19:32:25.533+0000] {standard_task_runner.py:85} INFO - Job 530: Subtask send_to_kafka
[2025-07-18T19:32:25.559+0000] {task_command.py:416} INFO - Running <TaskInstance: restaurant_pipeline.send_to_kafka scheduled__2025-07-18T19:30:00+00:00 [running]> on host 9bcfb43e0ab7
[2025-07-18T19:32:25.599+0000] {taskinstance.py:1662} INFO - Exporting env vars: AIRFLOW_CTX_DAG_OWNER='moran' AIRFLOW_CTX_DAG_ID='restaurant_pipeline' AIRFLOW_CTX_TASK_ID='send_to_kafka' AIRFLOW_CTX_EXECUTION_DATE='2025-07-18T19:30:00+00:00' AIRFLOW_CTX_TRY_NUMBER='1' AIRFLOW_CTX_DAG_RUN_ID='scheduled__2025-07-18T19:30:00+00:00'
[2025-07-18T19:32:25.600+0000] {subprocess.py:63} INFO - Tmp dir root location: /tmp
[2025-07-18T19:32:25.600+0000] {subprocess.py:75} INFO - Running command: ['/bin/bash', '-c', 'python /opt/streaming/producer.py']
[2025-07-18T19:32:25.605+0000] {subprocess.py:86} INFO - Output:
[2025-07-18T19:32:27.872+0000] {subprocess.py:93} INFO - [✓] Sent to reservations: {'reservation_id': 9950, 'branch_id': 102, 'customer_name': 'Jonathon Guerra', 'phone_number': '(241)604-0104x61449', 'reservation_date': '2025-07-18', 'reservation_time': '20:33', 'guests_count': 2, 'is_confirmed': False}
[2025-07-18T19:32:27.873+0000] {subprocess.py:93} INFO - [✓] Sent to reservations: {'reservation_id': 2864, 'branch_id': 102, 'customer_name': 'Henry Stephens', 'phone_number': '+1-859-614-2443x12578', 'reservation_date': '2025-07-18', 'reservation_time': '20:57', 'guests_count': 4, 'is_confirmed': True}
[2025-07-18T19:32:27.876+0000] {subprocess.py:93} INFO - [✓] Sent to reservations: {'reservation_id': 2231, 'branch_id': 102, 'customer_name': 'Kelly Savage', 'phone_number': '(864)303-6620x1245', 'reservation_date': '2025-07-18', 'reservation_time': '20:44', 'guests_count': 7, 'is_confirmed': True}
[2025-07-18T19:32:27.877+0000] {subprocess.py:93} INFO - [✓] Sent to checkins: {'checkin_id': 2684, 'customer_name': 'Stacy Hawkins', 'phone_number': '001-205-932-9121x7771', 'branch_id': 102, 'table_id': 207, 'is_prebooked': False, 'checkin_date': '2025-07-18', 'checkin_time': '18:29', 'guests_count': 3, 'shift_manager': 'Dean Brown'}
[2025-07-18T19:32:27.878+0000] {subprocess.py:93} INFO - [✓] Sent to checkins: {'checkin_id': 2776, 'customer_name': 'Mr. John Perez', 'phone_number': '+1-431-890-5484x16754', 'branch_id': 101, 'table_id': 201, 'is_prebooked': True, 'checkin_date': '2025-07-18', 'checkin_time': '18:10', 'guests_count': 2, 'shift_manager': 'Caitlin Bishop'}
[2025-07-18T19:32:27.878+0000] {subprocess.py:93} INFO - [✓] Sent to checkins: {'checkin_id': 1447, 'customer_name': 'Katherine Lambert', 'phone_number': '456.536.7807x3927', 'branch_id': 101, 'table_id': 206, 'is_prebooked': True, 'checkin_date': '2025-07-18', 'checkin_time': '18:09', 'guests_count': 3, 'shift_manager': 'Lisa Johnson'}
[2025-07-18T19:32:27.879+0000] {subprocess.py:93} INFO - [✓] Sent to feedback: {'feedback_id': 6279, 'branch_id': 101, 'customer_name': 'Michelle Massey', 'phone_number': '001-906-789-3321', 'feedback_text': 'Peace police new prove out memory.', 'rating': 2, 'dining_date': '2025-07-18', 'dining_time': '18:07', 'submission_time': '2025-07-18T19:32:24'}
[2025-07-18T19:32:27.879+0000] {subprocess.py:93} INFO - [✓] Sent to feedback: {'feedback_id': 3680, 'branch_id': 102, 'customer_name': 'Vanessa Lee', 'phone_number': '+1-679-380-0310x4555', 'feedback_text': 'Our table experience goal.', 'rating': 2, 'dining_date': '2025-07-18', 'dining_time': '18:26', 'submission_time': '2025-07-18T19:32:24'}
[2025-07-18T19:32:27.879+0000] {subprocess.py:93} INFO - [✓] Sent to feedback: {'feedback_id': 6930, 'branch_id': 102, 'customer_name': 'Seth Williams', 'phone_number': '+1-912-632-1515x49779', 'feedback_text': 'Mission product property third truth fear.', 'rating': 3, 'dining_date': '2025-07-18', 'dining_time': '18:06', 'submission_time': '2025-07-18T19:32:24'}
[2025-07-18T19:32:27.881+0000] {subprocess.py:93} INFO - ✅ All messages sent.
[2025-07-18T19:32:27.926+0000] {subprocess.py:97} INFO - Command exited with return code 0
[2025-07-18T19:32:27.946+0000] {taskinstance.py:1400} INFO - Marking task as SUCCESS. dag_id=restaurant_pipeline, task_id=send_to_kafka, execution_date=20250718T193000, start_date=20250718T193225, end_date=20250718T193227
[2025-07-18T19:32:27.972+0000] {local_task_job_runner.py:228} INFO - Task exited with return code 0
[2025-07-18T19:32:27.999+0000] {taskinstance.py:2778} INFO - 1 downstream tasks scheduled from follow-on schedule check
