[2025-07-19T21:44:55.387+0000] {taskinstance.py:1159} INFO - Dependencies all met for dep_context=non-requeueable deps ti=<TaskInstance: restaurant_pipeline.send_to_kafka scheduled__2025-07-19T21:42:00+00:00 [queued]>
[2025-07-19T21:44:55.393+0000] {taskinstance.py:1159} INFO - Dependencies all met for dep_context=requeueable deps ti=<TaskInstance: restaurant_pipeline.send_to_kafka scheduled__2025-07-19T21:42:00+00:00 [queued]>
[2025-07-19T21:44:55.393+0000] {taskinstance.py:1361} INFO - Starting attempt 1 of 1
[2025-07-19T21:44:55.400+0000] {taskinstance.py:1382} INFO - Executing <Task(BashOperator): send_to_kafka> on 2025-07-19 21:42:00+00:00
[2025-07-19T21:44:55.404+0000] {standard_task_runner.py:57} INFO - Started process 4682 to run task
[2025-07-19T21:44:55.407+0000] {standard_task_runner.py:84} INFO - Running: ['***', 'tasks', 'run', 'restaurant_pipeline', 'send_to_kafka', 'scheduled__2025-07-19T21:42:00+00:00', '--job-id', '1262', '--raw', '--subdir', 'DAGS_FOLDER/restaurant_pipeline.py', '--cfg-path', '/tmp/tmp0zuxzwz1']
[2025-07-19T21:44:55.409+0000] {standard_task_runner.py:85} INFO - Job 1262: Subtask send_to_kafka
[2025-07-19T21:44:55.441+0000] {task_command.py:416} INFO - Running <TaskInstance: restaurant_pipeline.send_to_kafka scheduled__2025-07-19T21:42:00+00:00 [running]> on host e3f5d8fc4eef
[2025-07-19T21:44:55.502+0000] {taskinstance.py:1662} INFO - Exporting env vars: AIRFLOW_CTX_DAG_OWNER='moran' AIRFLOW_CTX_DAG_ID='restaurant_pipeline' AIRFLOW_CTX_TASK_ID='send_to_kafka' AIRFLOW_CTX_EXECUTION_DATE='2025-07-19T21:42:00+00:00' AIRFLOW_CTX_TRY_NUMBER='1' AIRFLOW_CTX_DAG_RUN_ID='scheduled__2025-07-19T21:42:00+00:00'
[2025-07-19T21:44:55.504+0000] {subprocess.py:63} INFO - Tmp dir root location: /tmp
[2025-07-19T21:44:55.505+0000] {subprocess.py:75} INFO - Running command: ['/bin/bash', '-c', 'python /opt/streaming/producer.py']
[2025-07-19T21:44:55.518+0000] {subprocess.py:86} INFO - Output:
[2025-07-19T21:44:58.201+0000] {subprocess.py:93} INFO - [✓] Sent to reservations: {'reservation_id': 2869, 'branch_id': 101, 'customer_name': 'Michael Hill', 'phone_number': '(460)709-1972x5334', 'reservation_date': '2025-07-19', 'reservation_time': '22:38', 'guests_count': 3, 'is_confirmed': True}
[2025-07-19T21:44:58.202+0000] {subprocess.py:93} INFO - [✓] Sent to reservations: {'reservation_id': 1133, 'branch_id': 102, 'customer_name': 'Heather Mcintosh', 'phone_number': '377.812.1015x8531', 'reservation_date': '2025-07-19', 'reservation_time': '23:27', 'guests_count': 6, 'is_confirmed': False}
[2025-07-19T21:44:58.203+0000] {subprocess.py:93} INFO - [✓] Sent to reservations: {'reservation_id': 9449, 'branch_id': 102, 'customer_name': 'Isaac Long', 'phone_number': '+1-540-653-0675x54070', 'reservation_date': '2025-07-19', 'reservation_time': '23:33', 'guests_count': 1, 'is_confirmed': False}
[2025-07-19T21:44:58.203+0000] {subprocess.py:93} INFO - [✓] Sent to checkins: {'checkin_id': 7354, 'customer_name': 'Robin Ruiz', 'phone_number': '(876)984-4622x57566', 'branch_id': 102, 'table_id': 204, 'is_prebooked': True, 'checkin_date': '2025-07-19', 'checkin_time': '21:08', 'guests_count': 2, 'shift_manager': 'Brian Jones'}
[2025-07-19T21:44:58.203+0000] {subprocess.py:93} INFO - [✓] Sent to checkins: {'checkin_id': 8414, 'customer_name': 'Paul Elliott', 'phone_number': '+1-662-576-9124x8101', 'branch_id': 101, 'table_id': 201, 'is_prebooked': False, 'checkin_date': '2025-07-19', 'checkin_time': '20:22', 'guests_count': 3, 'shift_manager': 'Jerry Madden'}
[2025-07-19T21:44:58.203+0000] {subprocess.py:93} INFO - [✓] Sent to checkins: {'checkin_id': 5469, 'customer_name': 'Richard Watson', 'phone_number': '739.355.6784', 'branch_id': 102, 'table_id': 200, 'is_prebooked': False, 'checkin_date': '2025-07-19', 'checkin_time': '20:53', 'guests_count': 4, 'shift_manager': 'Maria Jones'}
[2025-07-19T21:44:58.204+0000] {subprocess.py:93} INFO - [✓] Sent to feedback: {'feedback_id': 5558, 'branch_id': 101, 'customer_name': 'Katherine Faulkner', 'phone_number': '306-696-3588x52939', 'feedback_text': 'Man somebody cause season.', 'rating': 5, 'dining_date': '2025-07-19', 'dining_time': '20:33', 'submission_time': '2025-07-19T21:44:54'}
[2025-07-19T21:44:58.204+0000] {subprocess.py:93} INFO - [✓] Sent to feedback: {'feedback_id': 2077, 'branch_id': 102, 'customer_name': 'Christopher Cook', 'phone_number': '(585)842-5802x0270', 'feedback_text': 'Rest interesting parent against anyone art.', 'rating': 1, 'dining_date': '2025-07-19', 'dining_time': '19:57', 'submission_time': '2025-07-19T21:44:54'}
[2025-07-19T21:44:58.204+0000] {subprocess.py:93} INFO - [✓] Sent to feedback: {'feedback_id': 1516, 'branch_id': 102, 'customer_name': 'Adam Hanson', 'phone_number': '(750)789-4905x853', 'feedback_text': 'Move through water TV choice.', 'rating': 2, 'dining_date': '2025-07-19', 'dining_time': '19:48', 'submission_time': '2025-07-19T21:44:54'}
[2025-07-19T21:44:58.205+0000] {subprocess.py:93} INFO - ✅ All messages sent.
[2025-07-19T21:44:58.252+0000] {subprocess.py:97} INFO - Command exited with return code 0
[2025-07-19T21:44:58.271+0000] {taskinstance.py:1400} INFO - Marking task as SUCCESS. dag_id=restaurant_pipeline, task_id=send_to_kafka, execution_date=20250719T214200, start_date=20250719T214455, end_date=20250719T214458
[2025-07-19T21:44:58.320+0000] {local_task_job_runner.py:228} INFO - Task exited with return code 0
[2025-07-19T21:44:58.360+0000] {taskinstance.py:2778} INFO - 1 downstream tasks scheduled from follow-on schedule check
