[2025-07-18T17:42:01.926+0000] {taskinstance.py:1159} INFO - Dependencies all met for dep_context=non-requeueable deps ti=<TaskInstance: restaurant_pipeline.send_to_kafka scheduled__2025-07-18T17:40:00+00:00 [queued]>
[2025-07-18T17:42:01.929+0000] {taskinstance.py:1159} INFO - Dependencies all met for dep_context=requeueable deps ti=<TaskInstance: restaurant_pipeline.send_to_kafka scheduled__2025-07-18T17:40:00+00:00 [queued]>
[2025-07-18T17:42:01.930+0000] {taskinstance.py:1361} INFO - Starting attempt 1 of 1
[2025-07-18T17:42:01.935+0000] {taskinstance.py:1382} INFO - Executing <Task(BashOperator): send_to_kafka> on 2025-07-18 17:40:00+00:00
[2025-07-18T17:42:01.937+0000] {standard_task_runner.py:57} INFO - Started process 2723 to run task
[2025-07-18T17:42:01.939+0000] {standard_task_runner.py:84} INFO - Running: ['***', 'tasks', 'run', 'restaurant_pipeline', 'send_to_kafka', 'scheduled__2025-07-18T17:40:00+00:00', '--job-id', '313', '--raw', '--subdir', 'DAGS_FOLDER/restaurant_pipeline.py', '--cfg-path', '/tmp/tmp1u41389i']
[2025-07-18T17:42:01.940+0000] {standard_task_runner.py:85} INFO - Job 313: Subtask send_to_kafka
[2025-07-18T17:42:01.962+0000] {task_command.py:416} INFO - Running <TaskInstance: restaurant_pipeline.send_to_kafka scheduled__2025-07-18T17:40:00+00:00 [running]> on host 9bcfb43e0ab7
[2025-07-18T17:42:01.996+0000] {taskinstance.py:1662} INFO - Exporting env vars: AIRFLOW_CTX_DAG_OWNER='moran' AIRFLOW_CTX_DAG_ID='restaurant_pipeline' AIRFLOW_CTX_TASK_ID='send_to_kafka' AIRFLOW_CTX_EXECUTION_DATE='2025-07-18T17:40:00+00:00' AIRFLOW_CTX_TRY_NUMBER='1' AIRFLOW_CTX_DAG_RUN_ID='scheduled__2025-07-18T17:40:00+00:00'
[2025-07-18T17:42:01.996+0000] {subprocess.py:63} INFO - Tmp dir root location: /tmp
[2025-07-18T17:42:01.997+0000] {subprocess.py:75} INFO - Running command: ['/bin/bash', '-c', 'python /opt/streaming/producer.py']
[2025-07-18T17:42:02.000+0000] {subprocess.py:86} INFO - Output:
[2025-07-18T17:42:04.280+0000] {subprocess.py:93} INFO - [✓] Sent to reservations: {'reservation_id': 4330, 'branch_id': 102, 'customer_name': 'Susan Cervantes', 'phone_number': '+1-817-855-5157x0584', 'reservation_date': '2025-07-18', 'reservation_time': '18:27', 'guests_count': 8, 'is_confirmed': True}
[2025-07-18T17:42:04.281+0000] {subprocess.py:93} INFO - [✓] Sent to reservations: {'reservation_id': 5473, 'branch_id': 101, 'customer_name': 'Brian Palmer', 'phone_number': '+1-845-238-0931', 'reservation_date': '2025-07-18', 'reservation_time': '18:08', 'guests_count': 1, 'is_confirmed': False}
[2025-07-18T17:42:04.281+0000] {subprocess.py:93} INFO - [✓] Sent to reservations: {'reservation_id': 8880, 'branch_id': 102, 'customer_name': 'Cassandra Johnson', 'phone_number': '001-662-797-6046x513', 'reservation_date': '2025-07-18', 'reservation_time': '19:21', 'guests_count': 3, 'is_confirmed': False}
[2025-07-18T17:42:04.281+0000] {subprocess.py:93} INFO - [✓] Sent to checkins: {'checkin_id': 8003, 'customer_name': 'Christine Smith', 'phone_number': '836-625-6943', 'branch_id': 101, 'table_id': 210, 'is_prebooked': True, 'checkin_date': '2025-07-18', 'checkin_time': '16:39', 'guests_count': 5, 'shift_manager': 'Michael Brown'}
[2025-07-18T17:42:04.282+0000] {subprocess.py:93} INFO - [✓] Sent to checkins: {'checkin_id': 8173, 'customer_name': 'Ashley Owens', 'phone_number': '+1-831-570-7778x254', 'branch_id': 102, 'table_id': 209, 'is_prebooked': True, 'checkin_date': '2025-07-18', 'checkin_time': '17:08', 'guests_count': 5, 'shift_manager': 'Crystal Baxter'}
[2025-07-18T17:42:04.282+0000] {subprocess.py:93} INFO - [✓] Sent to checkins: {'checkin_id': 6275, 'customer_name': 'Melanie Hansen', 'phone_number': '+1-486-839-3579x743', 'branch_id': 101, 'table_id': 203, 'is_prebooked': True, 'checkin_date': '2025-07-18', 'checkin_time': '16:56', 'guests_count': 2, 'shift_manager': 'Taylor Johnson'}
[2025-07-18T17:42:04.282+0000] {subprocess.py:93} INFO - [✓] Sent to feedback: {'feedback_id': 4436, 'branch_id': 101, 'customer_name': 'Glen Campbell', 'phone_number': '856-929-3029x8656', 'feedback_text': 'Campaign big brother.', 'rating': 4, 'dining_date': '2025-07-18', 'dining_time': '16:53', 'submission_time': '2025-07-18T17:42:00'}
[2025-07-18T17:42:04.283+0000] {subprocess.py:93} INFO - [✓] Sent to feedback: {'feedback_id': 2763, 'branch_id': 102, 'customer_name': 'Sandy Newton', 'phone_number': '001-974-494-6955', 'feedback_text': 'Music common guess reality PM require culture.', 'rating': 2, 'dining_date': '2025-07-18', 'dining_time': '15:56', 'submission_time': '2025-07-18T17:42:00'}
[2025-07-18T17:42:04.283+0000] {subprocess.py:93} INFO - [✓] Sent to feedback: {'feedback_id': 6602, 'branch_id': 102, 'customer_name': 'Heather Jackson', 'phone_number': '776.257.9536x13502', 'feedback_text': 'Two result story door get.', 'rating': 5, 'dining_date': '2025-07-18', 'dining_time': '17:39', 'submission_time': '2025-07-18T17:42:00'}
[2025-07-18T17:42:04.284+0000] {subprocess.py:93} INFO - ✅ All messages sent.
[2025-07-18T17:42:04.329+0000] {subprocess.py:97} INFO - Command exited with return code 0
[2025-07-18T17:42:04.350+0000] {taskinstance.py:1400} INFO - Marking task as SUCCESS. dag_id=restaurant_pipeline, task_id=send_to_kafka, execution_date=20250718T174000, start_date=20250718T174201, end_date=20250718T174204
[2025-07-18T17:42:04.387+0000] {local_task_job_runner.py:228} INFO - Task exited with return code 0
[2025-07-18T17:42:04.415+0000] {taskinstance.py:2778} INFO - 1 downstream tasks scheduled from follow-on schedule check
