[2025-07-18T18:50:28.035+0000] {taskinstance.py:1159} INFO - Dependencies all met for dep_context=non-requeueable deps ti=<TaskInstance: restaurant_pipeline.send_to_kafka scheduled__2025-07-18T18:48:00+00:00 [queued]>
[2025-07-18T18:50:28.039+0000] {taskinstance.py:1159} INFO - Dependencies all met for dep_context=requeueable deps ti=<TaskInstance: restaurant_pipeline.send_to_kafka scheduled__2025-07-18T18:48:00+00:00 [queued]>
[2025-07-18T18:50:28.039+0000] {taskinstance.py:1361} INFO - Starting attempt 1 of 1
[2025-07-18T18:50:28.046+0000] {taskinstance.py:1382} INFO - Executing <Task(BashOperator): send_to_kafka> on 2025-07-18 18:48:00+00:00
[2025-07-18T18:50:28.048+0000] {standard_task_runner.py:57} INFO - Started process 3899 to run task
[2025-07-18T18:50:28.050+0000] {standard_task_runner.py:84} INFO - Running: ['***', 'tasks', 'run', 'restaurant_pipeline', 'send_to_kafka', 'scheduled__2025-07-18T18:48:00+00:00', '--job-id', '425', '--raw', '--subdir', 'DAGS_FOLDER/restaurant_pipeline.py', '--cfg-path', '/tmp/tmpxwlhv99z']
[2025-07-18T18:50:28.052+0000] {standard_task_runner.py:85} INFO - Job 425: Subtask send_to_kafka
[2025-07-18T18:50:28.075+0000] {task_command.py:416} INFO - Running <TaskInstance: restaurant_pipeline.send_to_kafka scheduled__2025-07-18T18:48:00+00:00 [running]> on host 9bcfb43e0ab7
[2025-07-18T18:50:28.114+0000] {taskinstance.py:1662} INFO - Exporting env vars: AIRFLOW_CTX_DAG_OWNER='moran' AIRFLOW_CTX_DAG_ID='restaurant_pipeline' AIRFLOW_CTX_TASK_ID='send_to_kafka' AIRFLOW_CTX_EXECUTION_DATE='2025-07-18T18:48:00+00:00' AIRFLOW_CTX_TRY_NUMBER='1' AIRFLOW_CTX_DAG_RUN_ID='scheduled__2025-07-18T18:48:00+00:00'
[2025-07-18T18:50:28.114+0000] {subprocess.py:63} INFO - Tmp dir root location: /tmp
[2025-07-18T18:50:28.115+0000] {subprocess.py:75} INFO - Running command: ['/bin/bash', '-c', 'python /opt/streaming/producer.py']
[2025-07-18T18:50:28.119+0000] {subprocess.py:86} INFO - Output:
[2025-07-18T18:50:30.362+0000] {subprocess.py:93} INFO - [✓] Sent to reservations: {'reservation_id': 4221, 'branch_id': 101, 'customer_name': 'Taylor Johnson', 'phone_number': '001-920-971-3448x480', 'reservation_date': '2025-07-18', 'reservation_time': '19:39', 'guests_count': 6, 'is_confirmed': False}
[2025-07-18T18:50:30.367+0000] {subprocess.py:93} INFO - [✓] Sent to reservations: {'reservation_id': 8903, 'branch_id': 102, 'customer_name': 'Lisa Nguyen', 'phone_number': '758-713-8831', 'reservation_date': '2025-07-18', 'reservation_time': '19:13', 'guests_count': 4, 'is_confirmed': False}
[2025-07-18T18:50:30.367+0000] {subprocess.py:93} INFO - [✓] Sent to reservations: {'reservation_id': 2541, 'branch_id': 102, 'customer_name': 'Joanne Howard', 'phone_number': '910.482.0213x35099', 'reservation_date': '2025-07-18', 'reservation_time': '19:44', 'guests_count': 3, 'is_confirmed': True}
[2025-07-18T18:50:30.368+0000] {subprocess.py:93} INFO - [✓] Sent to checkins: {'checkin_id': 3142, 'customer_name': 'George Wallace', 'phone_number': '001-205-261-4009', 'branch_id': 102, 'table_id': 210, 'is_prebooked': True, 'checkin_date': '2025-07-18', 'checkin_time': '18:12', 'guests_count': 3, 'shift_manager': 'Timothy Hodges'}
[2025-07-18T18:50:30.368+0000] {subprocess.py:93} INFO - [✓] Sent to checkins: {'checkin_id': 9527, 'customer_name': 'Brian Lopez', 'phone_number': '5962226058', 'branch_id': 101, 'table_id': 200, 'is_prebooked': False, 'checkin_date': '2025-07-18', 'checkin_time': '17:23', 'guests_count': 1, 'shift_manager': 'Barbara Hill'}
[2025-07-18T18:50:30.368+0000] {subprocess.py:93} INFO - [✓] Sent to checkins: {'checkin_id': 6732, 'customer_name': 'Andrew Pacheco', 'phone_number': '+1-581-534-8378x33684', 'branch_id': 101, 'table_id': 207, 'is_prebooked': False, 'checkin_date': '2025-07-18', 'checkin_time': '18:36', 'guests_count': 2, 'shift_manager': 'Erik Brown'}
[2025-07-18T18:50:30.369+0000] {subprocess.py:93} INFO - [✓] Sent to feedback: {'feedback_id': 6109, 'branch_id': 101, 'customer_name': 'Nathan Young', 'phone_number': '001-753-688-0131x566', 'feedback_text': 'Process image month around perhaps.', 'rating': 4, 'dining_date': '2025-07-18', 'dining_time': '18:35', 'submission_time': '2025-07-18T18:50:27'}
[2025-07-18T18:50:30.369+0000] {subprocess.py:93} INFO - [✓] Sent to feedback: {'feedback_id': 3003, 'branch_id': 102, 'customer_name': 'Melissa Lambert', 'phone_number': '(822)228-5781', 'feedback_text': 'Yourself girl question sort decide fire get along.', 'rating': 3, 'dining_date': '2025-07-18', 'dining_time': '16:55', 'submission_time': '2025-07-18T18:50:27'}
[2025-07-18T18:50:30.369+0000] {subprocess.py:93} INFO - [✓] Sent to feedback: {'feedback_id': 2828, 'branch_id': 102, 'customer_name': 'Sherry Williams', 'phone_number': '+1-894-243-4457x02828', 'feedback_text': 'Actually radio bed end share six live.', 'rating': 2, 'dining_date': '2025-07-18', 'dining_time': '17:03', 'submission_time': '2025-07-18T18:50:27'}
[2025-07-18T18:50:30.369+0000] {subprocess.py:93} INFO - ✅ All messages sent.
[2025-07-18T18:50:30.443+0000] {subprocess.py:97} INFO - Command exited with return code 0
[2025-07-18T18:50:30.460+0000] {taskinstance.py:1400} INFO - Marking task as SUCCESS. dag_id=restaurant_pipeline, task_id=send_to_kafka, execution_date=20250718T184800, start_date=20250718T185028, end_date=20250718T185030
[2025-07-18T18:50:30.478+0000] {local_task_job_runner.py:228} INFO - Task exited with return code 0
[2025-07-18T18:50:30.507+0000] {taskinstance.py:2778} INFO - 1 downstream tasks scheduled from follow-on schedule check
