[2025-07-18T15:16:05.038+0000] {taskinstance.py:1159} INFO - Dependencies all met for dep_context=non-requeueable deps ti=<TaskInstance: restaurant_pipeline.stream_to_bronze scheduled__2025-07-18T15:14:00+00:00 [queued]>
[2025-07-18T15:16:05.041+0000] {taskinstance.py:1159} INFO - Dependencies all met for dep_context=requeueable deps ti=<TaskInstance: restaurant_pipeline.stream_to_bronze scheduled__2025-07-18T15:14:00+00:00 [queued]>
[2025-07-18T15:16:05.042+0000] {taskinstance.py:1361} INFO - Starting attempt 1 of 1
[2025-07-18T15:16:05.047+0000] {taskinstance.py:1382} INFO - Executing <Task(BashOperator): stream_to_bronze> on 2025-07-18 15:14:00+00:00
[2025-07-18T15:16:05.050+0000] {standard_task_runner.py:57} INFO - Started process 319 to run task
[2025-07-18T15:16:05.051+0000] {standard_task_runner.py:84} INFO - Running: ['***', 'tasks', 'run', 'restaurant_pipeline', 'stream_to_bronze', 'scheduled__2025-07-18T15:14:00+00:00', '--job-id', '77', '--raw', '--subdir', 'DAGS_FOLDER/restaurant_pipeline.py', '--cfg-path', '/tmp/tmp3lle0p33']
[2025-07-18T15:16:05.053+0000] {standard_task_runner.py:85} INFO - Job 77: Subtask stream_to_bronze
[2025-07-18T15:16:05.075+0000] {task_command.py:416} INFO - Running <TaskInstance: restaurant_pipeline.stream_to_bronze scheduled__2025-07-18T15:14:00+00:00 [running]> on host 87071fdea595
[2025-07-18T15:16:05.109+0000] {taskinstance.py:1662} INFO - Exporting env vars: AIRFLOW_CTX_DAG_OWNER='moran' AIRFLOW_CTX_DAG_ID='restaurant_pipeline' AIRFLOW_CTX_TASK_ID='stream_to_bronze' AIRFLOW_CTX_EXECUTION_DATE='2025-07-18T15:14:00+00:00' AIRFLOW_CTX_TRY_NUMBER='1' AIRFLOW_CTX_DAG_RUN_ID='scheduled__2025-07-18T15:14:00+00:00'
[2025-07-18T15:16:05.109+0000] {subprocess.py:63} INFO - Tmp dir root location: /tmp
[2025-07-18T15:16:05.109+0000] {subprocess.py:75} INFO - Running command: ['/bin/bash', '-c', 'python /opt/processing/spark/stream_to_bronze.py']
[2025-07-18T15:16:05.114+0000] {subprocess.py:86} INFO - Output:
[2025-07-18T15:16:05.163+0000] {subprocess.py:93} INFO - Traceback (most recent call last):
[2025-07-18T15:16:05.164+0000] {subprocess.py:93} INFO -   File "/opt/processing/spark/stream_to_bronze.py", line 1, in <module>
[2025-07-18T15:16:05.164+0000] {subprocess.py:93} INFO -     from pyspark.sql import SparkSession
[2025-07-18T15:16:05.164+0000] {subprocess.py:93} INFO - ModuleNotFoundError: No module named 'pyspark'
[2025-07-18T15:16:05.165+0000] {subprocess.py:97} INFO - Command exited with return code 1
[2025-07-18T15:16:05.170+0000] {taskinstance.py:1937} ERROR - Task failed with exception
Traceback (most recent call last):
  File "/home/airflow/.local/lib/python3.8/site-packages/airflow/operators/bash.py", line 210, in execute
    raise AirflowException(
airflow.exceptions.AirflowException: Bash command failed. The command returned a non-zero exit code 1.
[2025-07-18T15:16:05.172+0000] {taskinstance.py:1400} INFO - Marking task as FAILED. dag_id=restaurant_pipeline, task_id=stream_to_bronze, execution_date=20250718T151400, start_date=20250718T151605, end_date=20250718T151605
[2025-07-18T15:16:05.178+0000] {standard_task_runner.py:104} ERROR - Failed to execute job 77 for task stream_to_bronze (Bash command failed. The command returned a non-zero exit code 1.; 319)
[2025-07-18T15:16:05.190+0000] {local_task_job_runner.py:228} INFO - Task exited with return code 1
[2025-07-18T15:16:05.215+0000] {taskinstance.py:2778} INFO - 0 downstream tasks scheduled from follow-on schedule check
