[2025-07-18T20:10:01.972+0000] {taskinstance.py:1159} INFO - Dependencies all met for dep_context=non-requeueable deps ti=<TaskInstance: restaurant_pipeline.send_to_kafka scheduled__2025-07-18T20:08:00+00:00 [queued]>
[2025-07-18T20:10:01.976+0000] {taskinstance.py:1159} INFO - Dependencies all met for dep_context=requeueable deps ti=<TaskInstance: restaurant_pipeline.send_to_kafka scheduled__2025-07-18T20:08:00+00:00 [queued]>
[2025-07-18T20:10:01.976+0000] {taskinstance.py:1361} INFO - Starting attempt 1 of 1
[2025-07-18T20:10:01.981+0000] {taskinstance.py:1382} INFO - Executing <Task(BashOperator): send_to_kafka> on 2025-07-18 20:08:00+00:00
[2025-07-18T20:10:01.983+0000] {standard_task_runner.py:57} INFO - Started process 5846 to run task
[2025-07-18T20:10:01.985+0000] {standard_task_runner.py:84} INFO - Running: ['***', 'tasks', 'run', 'restaurant_pipeline', 'send_to_kafka', 'scheduled__2025-07-18T20:08:00+00:00', '--job-id', '596', '--raw', '--subdir', 'DAGS_FOLDER/restaurant_pipeline.py', '--cfg-path', '/tmp/tmp__l1d1qw']
[2025-07-18T20:10:01.987+0000] {standard_task_runner.py:85} INFO - Job 596: Subtask send_to_kafka
[2025-07-18T20:10:02.009+0000] {task_command.py:416} INFO - Running <TaskInstance: restaurant_pipeline.send_to_kafka scheduled__2025-07-18T20:08:00+00:00 [running]> on host 9bcfb43e0ab7
[2025-07-18T20:10:02.048+0000] {taskinstance.py:1662} INFO - Exporting env vars: AIRFLOW_CTX_DAG_OWNER='moran' AIRFLOW_CTX_DAG_ID='restaurant_pipeline' AIRFLOW_CTX_TASK_ID='send_to_kafka' AIRFLOW_CTX_EXECUTION_DATE='2025-07-18T20:08:00+00:00' AIRFLOW_CTX_TRY_NUMBER='1' AIRFLOW_CTX_DAG_RUN_ID='scheduled__2025-07-18T20:08:00+00:00'
[2025-07-18T20:10:02.049+0000] {subprocess.py:63} INFO - Tmp dir root location: /tmp
[2025-07-18T20:10:02.049+0000] {subprocess.py:75} INFO - Running command: ['/bin/bash', '-c', 'python /opt/streaming/producer.py']
[2025-07-18T20:10:02.053+0000] {subprocess.py:86} INFO - Output:
[2025-07-18T20:10:04.312+0000] {subprocess.py:93} INFO - [✓] Sent to reservations: {'reservation_id': 6401, 'branch_id': 102, 'customer_name': 'Justin Frank', 'phone_number': '875.631.3697', 'reservation_date': '2025-07-18', 'reservation_time': '20:32', 'guests_count': 5, 'is_confirmed': True}
[2025-07-18T20:10:04.320+0000] {subprocess.py:93} INFO - [✓] Sent to reservations: {'reservation_id': 6551, 'branch_id': 102, 'customer_name': 'Tina Sweeney', 'phone_number': '424.670.3912x2443', 'reservation_date': '2025-07-18', 'reservation_time': '21:34', 'guests_count': 2, 'is_confirmed': False}
[2025-07-18T20:10:04.321+0000] {subprocess.py:93} INFO - [✓] Sent to reservations: {'reservation_id': 1967, 'branch_id': 101, 'customer_name': 'Mrs. Beth Levy', 'phone_number': '001-791-716-2155', 'reservation_date': '2025-07-18', 'reservation_time': '20:59', 'guests_count': 5, 'is_confirmed': False}
[2025-07-18T20:10:04.321+0000] {subprocess.py:93} INFO - [✓] Sent to checkins: {'checkin_id': 5448, 'customer_name': 'Daniel Pugh', 'phone_number': '944-868-3004x369', 'branch_id': 101, 'table_id': 208, 'is_prebooked': True, 'checkin_date': '2025-07-18', 'checkin_time': '19:33', 'guests_count': 4, 'shift_manager': 'Kevin Potter'}
[2025-07-18T20:10:04.321+0000] {subprocess.py:93} INFO - [✓] Sent to checkins: {'checkin_id': 4743, 'customer_name': 'Brett Brown', 'phone_number': '380-564-5300', 'branch_id': 101, 'table_id': 204, 'is_prebooked': True, 'checkin_date': '2025-07-18', 'checkin_time': '19:58', 'guests_count': 1, 'shift_manager': 'Mark Kelly'}
[2025-07-18T20:10:04.321+0000] {subprocess.py:93} INFO - [✓] Sent to checkins: {'checkin_id': 5581, 'customer_name': 'Dennis Marshall', 'phone_number': '(968)703-9626', 'branch_id': 102, 'table_id': 208, 'is_prebooked': False, 'checkin_date': '2025-07-18', 'checkin_time': '18:38', 'guests_count': 2, 'shift_manager': 'Mr. Jacob Payne'}
[2025-07-18T20:10:04.321+0000] {subprocess.py:93} INFO - [✓] Sent to feedback: {'feedback_id': 5044, 'branch_id': 102, 'customer_name': 'Paige Johnson', 'phone_number': '622.286.9029', 'feedback_text': 'Bill discover material long other four which.', 'rating': 4, 'dining_date': '2025-07-18', 'dining_time': '19:39', 'submission_time': '2025-07-18T20:10:00'}
[2025-07-18T20:10:04.321+0000] {subprocess.py:93} INFO - [✓] Sent to feedback: {'feedback_id': 4336, 'branch_id': 102, 'customer_name': 'Christine Cardenas', 'phone_number': '+1-841-891-4592x4317', 'feedback_text': 'Training difference cup remain national school rest month.', 'rating': 3, 'dining_date': '2025-07-18', 'dining_time': '19:50', 'submission_time': '2025-07-18T20:10:00'}
[2025-07-18T20:10:04.321+0000] {subprocess.py:93} INFO - [✓] Sent to feedback: {'feedback_id': 4023, 'branch_id': 101, 'customer_name': 'Amy Williams', 'phone_number': '210.948.0193', 'feedback_text': 'Quickly better throw.', 'rating': 4, 'dining_date': '2025-07-18', 'dining_time': '19:01', 'submission_time': '2025-07-18T20:10:00'}
[2025-07-18T20:10:04.321+0000] {subprocess.py:93} INFO - ✅ All messages sent.
[2025-07-18T20:10:04.344+0000] {subprocess.py:97} INFO - Command exited with return code 0
[2025-07-18T20:10:04.359+0000] {taskinstance.py:1400} INFO - Marking task as SUCCESS. dag_id=restaurant_pipeline, task_id=send_to_kafka, execution_date=20250718T200800, start_date=20250718T201001, end_date=20250718T201004
[2025-07-18T20:10:04.388+0000] {local_task_job_runner.py:228} INFO - Task exited with return code 0
[2025-07-18T20:10:04.414+0000] {taskinstance.py:2778} INFO - 1 downstream tasks scheduled from follow-on schedule check
