[2025-07-18T15:06:01.280+0000] {taskinstance.py:1159} INFO - Dependencies all met for dep_context=non-requeueable deps ti=<TaskInstance: restaurant_pipeline.send_to_kafka scheduled__2025-07-18T15:04:00+00:00 [queued]>
[2025-07-18T15:06:01.286+0000] {taskinstance.py:1159} INFO - Dependencies all met for dep_context=requeueable deps ti=<TaskInstance: restaurant_pipeline.send_to_kafka scheduled__2025-07-18T15:04:00+00:00 [queued]>
[2025-07-18T15:06:01.286+0000] {taskinstance.py:1361} INFO - Starting attempt 1 of 1
[2025-07-18T15:06:01.294+0000] {taskinstance.py:1382} INFO - Executing <Task(BashOperator): send_to_kafka> on 2025-07-18 15:04:00+00:00
[2025-07-18T15:06:01.296+0000] {standard_task_runner.py:57} INFO - Started process 195 to run task
[2025-07-18T15:06:01.299+0000] {standard_task_runner.py:84} INFO - Running: ['***', 'tasks', 'run', 'restaurant_pipeline', 'send_to_kafka', 'scheduled__2025-07-18T15:04:00+00:00', '--job-id', '54', '--raw', '--subdir', 'DAGS_FOLDER/restaurant_pipeline.py', '--cfg-path', '/tmp/tmp8sq4iv_5']
[2025-07-18T15:06:01.301+0000] {standard_task_runner.py:85} INFO - Job 54: Subtask send_to_kafka
[2025-07-18T15:06:01.329+0000] {task_command.py:416} INFO - Running <TaskInstance: restaurant_pipeline.send_to_kafka scheduled__2025-07-18T15:04:00+00:00 [running]> on host e0f186224651
[2025-07-18T15:06:01.368+0000] {taskinstance.py:1662} INFO - Exporting env vars: AIRFLOW_CTX_DAG_OWNER='moran' AIRFLOW_CTX_DAG_ID='restaurant_pipeline' AIRFLOW_CTX_TASK_ID='send_to_kafka' AIRFLOW_CTX_EXECUTION_DATE='2025-07-18T15:04:00+00:00' AIRFLOW_CTX_TRY_NUMBER='1' AIRFLOW_CTX_DAG_RUN_ID='scheduled__2025-07-18T15:04:00+00:00'
[2025-07-18T15:06:01.369+0000] {subprocess.py:63} INFO - Tmp dir root location: /tmp
[2025-07-18T15:06:01.369+0000] {subprocess.py:75} INFO - Running command: ['/bin/bash', '-c', 'python /opt/streaming/producer.py']
[2025-07-18T15:06:01.374+0000] {subprocess.py:86} INFO - Output:
[2025-07-18T15:06:03.648+0000] {subprocess.py:93} INFO - [✓] Sent to reservations: {'reservation_id': 1445, 'branch_id': 102, 'customer_name': 'Ruth Barnes', 'phone_number': '001-964-737-5692', 'reservation_date': '2025-07-18', 'reservation_time': '15:18', 'guests_count': 4, 'is_confirmed': True}
[2025-07-18T15:06:03.648+0000] {subprocess.py:93} INFO - [✓] Sent to reservations: {'reservation_id': 9609, 'branch_id': 101, 'customer_name': 'Ryan Bowman', 'phone_number': '(740)334-8470x429', 'reservation_date': '2025-07-18', 'reservation_time': '16:46', 'guests_count': 3, 'is_confirmed': True}
[2025-07-18T15:06:03.649+0000] {subprocess.py:93} INFO - [✓] Sent to reservations: {'reservation_id': 4019, 'branch_id': 101, 'customer_name': 'Clifford Mathews', 'phone_number': '001-573-916-0808x502', 'reservation_date': '2025-07-18', 'reservation_time': '15:53', 'guests_count': 1, 'is_confirmed': True}
[2025-07-18T15:06:03.650+0000] {subprocess.py:93} INFO - [✓] Sent to checkins: {'checkin_id': 7197, 'customer_name': 'Joshua Hodges', 'phone_number': '+1-489-909-1607x976', 'branch_id': 101, 'table_id': 209, 'is_prebooked': True, 'checkin_date': '2025-07-18', 'checkin_time': '14:29', 'guests_count': 5, 'shift_manager': 'Matthew Wallace'}
[2025-07-18T15:06:03.650+0000] {subprocess.py:93} INFO - [✓] Sent to checkins: {'checkin_id': 7058, 'customer_name': 'Joan Ho PhD', 'phone_number': '250.634.1990', 'branch_id': 102, 'table_id': 200, 'is_prebooked': False, 'checkin_date': '2025-07-18', 'checkin_time': '13:14', 'guests_count': 1, 'shift_manager': 'Dr. Jeremy Gilmore'}
[2025-07-18T15:06:03.650+0000] {subprocess.py:93} INFO - [✓] Sent to checkins: {'checkin_id': 9478, 'customer_name': 'Daniel Jones', 'phone_number': '(468)464-9539x84510', 'branch_id': 101, 'table_id': 206, 'is_prebooked': True, 'checkin_date': '2025-07-18', 'checkin_time': '13:15', 'guests_count': 5, 'shift_manager': 'Sandra Harris'}
[2025-07-18T15:06:03.650+0000] {subprocess.py:93} INFO - [✓] Sent to feedback: {'feedback_id': 6707, 'branch_id': 102, 'customer_name': 'Lauren Michael', 'phone_number': '523.839.2192x5335', 'feedback_text': 'Identify able newspaper floor human.', 'rating': 1, 'dining_date': '2025-07-18', 'dining_time': '14:16', 'submission_time': '2025-07-18T15:06:00'}
[2025-07-18T15:06:03.652+0000] {subprocess.py:93} INFO - [✓] Sent to feedback: {'feedback_id': 4342, 'branch_id': 102, 'customer_name': 'John Bryant', 'phone_number': '724-547-7634', 'feedback_text': 'Behavior stuff national right.', 'rating': 3, 'dining_date': '2025-07-18', 'dining_time': '14:15', 'submission_time': '2025-07-18T15:06:00'}
[2025-07-18T15:06:03.653+0000] {subprocess.py:93} INFO - [✓] Sent to feedback: {'feedback_id': 7230, 'branch_id': 102, 'customer_name': 'Stephanie Charles', 'phone_number': '768-756-5023x9272', 'feedback_text': 'Deal feel inside.', 'rating': 1, 'dining_date': '2025-07-18', 'dining_time': '14:24', 'submission_time': '2025-07-18T15:06:00'}
[2025-07-18T15:06:03.657+0000] {subprocess.py:93} INFO - ✅ All messages sent.
[2025-07-18T15:06:03.701+0000] {subprocess.py:97} INFO - Command exited with return code 0
[2025-07-18T15:06:03.751+0000] {taskinstance.py:1400} INFO - Marking task as SUCCESS. dag_id=restaurant_pipeline, task_id=send_to_kafka, execution_date=20250718T150400, start_date=20250718T150601, end_date=20250718T150603
[2025-07-18T15:06:03.782+0000] {local_task_job_runner.py:228} INFO - Task exited with return code 0
[2025-07-18T15:06:03.844+0000] {taskinstance.py:2778} INFO - 1 downstream tasks scheduled from follow-on schedule check
