[2025-07-18T16:00:01.528+0000] {taskinstance.py:1159} INFO - Dependencies all met for dep_context=non-requeueable deps ti=<TaskInstance: restaurant_pipeline.send_to_kafka scheduled__2025-07-18T15:58:00+00:00 [queued]>
[2025-07-18T16:00:01.532+0000] {taskinstance.py:1159} INFO - Dependencies all met for dep_context=requeueable deps ti=<TaskInstance: restaurant_pipeline.send_to_kafka scheduled__2025-07-18T15:58:00+00:00 [queued]>
[2025-07-18T16:00:01.532+0000] {taskinstance.py:1361} INFO - Starting attempt 1 of 1
[2025-07-18T16:00:01.538+0000] {taskinstance.py:1382} INFO - Executing <Task(BashOperator): send_to_kafka> on 2025-07-18 15:58:00+00:00
[2025-07-18T16:00:01.542+0000] {standard_task_runner.py:57} INFO - Started process 944 to run task
[2025-07-18T16:00:01.543+0000] {standard_task_runner.py:84} INFO - Running: ['***', 'tasks', 'run', 'restaurant_pipeline', 'send_to_kafka', 'scheduled__2025-07-18T15:58:00+00:00', '--job-id', '152', '--raw', '--subdir', 'DAGS_FOLDER/restaurant_pipeline.py', '--cfg-path', '/tmp/tmp43ou5lur']
[2025-07-18T16:00:01.545+0000] {standard_task_runner.py:85} INFO - Job 152: Subtask send_to_kafka
[2025-07-18T16:00:01.568+0000] {task_command.py:416} INFO - Running <TaskInstance: restaurant_pipeline.send_to_kafka scheduled__2025-07-18T15:58:00+00:00 [running]> on host 9bcfb43e0ab7
[2025-07-18T16:00:01.603+0000] {taskinstance.py:1662} INFO - Exporting env vars: AIRFLOW_CTX_DAG_OWNER='moran' AIRFLOW_CTX_DAG_ID='restaurant_pipeline' AIRFLOW_CTX_TASK_ID='send_to_kafka' AIRFLOW_CTX_EXECUTION_DATE='2025-07-18T15:58:00+00:00' AIRFLOW_CTX_TRY_NUMBER='1' AIRFLOW_CTX_DAG_RUN_ID='scheduled__2025-07-18T15:58:00+00:00'
[2025-07-18T16:00:01.604+0000] {subprocess.py:63} INFO - Tmp dir root location: /tmp
[2025-07-18T16:00:01.604+0000] {subprocess.py:75} INFO - Running command: ['/bin/bash', '-c', 'python /opt/streaming/producer.py']
[2025-07-18T16:00:01.609+0000] {subprocess.py:86} INFO - Output:
[2025-07-18T16:00:03.849+0000] {subprocess.py:93} INFO - [✓] Sent to reservations: {'reservation_id': 9226, 'branch_id': 102, 'customer_name': 'Tyrone Yoder', 'phone_number': '217-379-9711x722', 'reservation_date': '2025-07-18', 'reservation_time': '16:35', 'guests_count': 5, 'is_confirmed': True}
[2025-07-18T16:00:03.851+0000] {subprocess.py:93} INFO - [✓] Sent to reservations: {'reservation_id': 4983, 'branch_id': 102, 'customer_name': 'Rodney Molina', 'phone_number': '+1-834-705-5990x793', 'reservation_date': '2025-07-18', 'reservation_time': '16:33', 'guests_count': 1, 'is_confirmed': False}
[2025-07-18T16:00:03.851+0000] {subprocess.py:93} INFO - [✓] Sent to reservations: {'reservation_id': 1427, 'branch_id': 102, 'customer_name': 'Barbara Ramirez', 'phone_number': '001-943-514-0707x3314', 'reservation_date': '2025-07-18', 'reservation_time': '16:26', 'guests_count': 2, 'is_confirmed': False}
[2025-07-18T16:00:03.851+0000] {subprocess.py:93} INFO - [✓] Sent to checkins: {'checkin_id': 3703, 'customer_name': 'Rebecca Wilson', 'phone_number': '(638)499-5188', 'branch_id': 101, 'table_id': 200, 'is_prebooked': True, 'checkin_date': '2025-07-18', 'checkin_time': '14:00', 'guests_count': 4, 'shift_manager': 'Jill Miller'}
[2025-07-18T16:00:03.852+0000] {subprocess.py:93} INFO - [✓] Sent to checkins: {'checkin_id': 4759, 'customer_name': 'Tyler Ramirez', 'phone_number': '+1-996-555-1161x460', 'branch_id': 102, 'table_id': 206, 'is_prebooked': True, 'checkin_date': '2025-07-18', 'checkin_time': '15:03', 'guests_count': 6, 'shift_manager': 'Pamela Wheeler'}
[2025-07-18T16:00:03.852+0000] {subprocess.py:93} INFO - [✓] Sent to checkins: {'checkin_id': 9965, 'customer_name': 'Joseph Watts', 'phone_number': '571.368.4576x21464', 'branch_id': 102, 'table_id': 201, 'is_prebooked': True, 'checkin_date': '2025-07-18', 'checkin_time': '15:55', 'guests_count': 5, 'shift_manager': 'Joseph Thornton'}
[2025-07-18T16:00:03.854+0000] {subprocess.py:93} INFO - [✓] Sent to feedback: {'feedback_id': 5033, 'branch_id': 102, 'customer_name': 'Alexander Fitzpatrick', 'phone_number': '+1-978-201-6262x289', 'feedback_text': 'Worker area cost civil vote difference she.', 'rating': 2, 'dining_date': '2025-07-18', 'dining_time': '14:26', 'submission_time': '2025-07-18T16:00:00'}
[2025-07-18T16:00:03.855+0000] {subprocess.py:93} INFO - [✓] Sent to feedback: {'feedback_id': 5042, 'branch_id': 102, 'customer_name': 'Brittany Davis', 'phone_number': '6368787329', 'feedback_text': 'Poor every receive than now common member.', 'rating': 2, 'dining_date': '2025-07-18', 'dining_time': '15:55', 'submission_time': '2025-07-18T16:00:00'}
[2025-07-18T16:00:03.855+0000] {subprocess.py:93} INFO - [✓] Sent to feedback: {'feedback_id': 4233, 'branch_id': 101, 'customer_name': 'Jamie Gill MD', 'phone_number': '(814)891-5343x6798', 'feedback_text': 'Civil very different risk allow but focus.', 'rating': 1, 'dining_date': '2025-07-18', 'dining_time': '15:43', 'submission_time': '2025-07-18T16:00:00'}
[2025-07-18T16:00:03.856+0000] {subprocess.py:93} INFO - ✅ All messages sent.
[2025-07-18T16:00:03.884+0000] {subprocess.py:97} INFO - Command exited with return code 0
[2025-07-18T16:00:03.904+0000] {taskinstance.py:1400} INFO - Marking task as SUCCESS. dag_id=restaurant_pipeline, task_id=send_to_kafka, execution_date=20250718T155800, start_date=20250718T160001, end_date=20250718T160003
[2025-07-18T16:00:03.950+0000] {local_task_job_runner.py:228} INFO - Task exited with return code 0
[2025-07-18T16:00:04.005+0000] {taskinstance.py:2778} INFO - 1 downstream tasks scheduled from follow-on schedule check
