[2025-07-19T20:37:34.463+0000] {taskinstance.py:1159} INFO - Dependencies all met for dep_context=non-requeueable deps ti=<TaskInstance: restaurant_pipeline.send_to_kafka scheduled__2025-07-19T20:34:00+00:00 [queued]>
[2025-07-19T20:37:34.467+0000] {taskinstance.py:1159} INFO - Dependencies all met for dep_context=requeueable deps ti=<TaskInstance: restaurant_pipeline.send_to_kafka scheduled__2025-07-19T20:34:00+00:00 [queued]>
[2025-07-19T20:37:34.467+0000] {taskinstance.py:1361} INFO - Starting attempt 1 of 1
[2025-07-19T20:37:34.472+0000] {taskinstance.py:1382} INFO - Executing <Task(BashOperator): send_to_kafka> on 2025-07-19 20:34:00+00:00
[2025-07-19T20:37:34.474+0000] {standard_task_runner.py:57} INFO - Started process 3603 to run task
[2025-07-19T20:37:34.476+0000] {standard_task_runner.py:84} INFO - Running: ['***', 'tasks', 'run', 'restaurant_pipeline', 'send_to_kafka', 'scheduled__2025-07-19T20:34:00+00:00', '--job-id', '1198', '--raw', '--subdir', 'DAGS_FOLDER/restaurant_pipeline.py', '--cfg-path', '/tmp/tmp734k57vv']
[2025-07-19T20:37:34.478+0000] {standard_task_runner.py:85} INFO - Job 1198: Subtask send_to_kafka
[2025-07-19T20:37:34.501+0000] {task_command.py:416} INFO - Running <TaskInstance: restaurant_pipeline.send_to_kafka scheduled__2025-07-19T20:34:00+00:00 [running]> on host e3f5d8fc4eef
[2025-07-19T20:37:34.540+0000] {taskinstance.py:1662} INFO - Exporting env vars: AIRFLOW_CTX_DAG_OWNER='moran' AIRFLOW_CTX_DAG_ID='restaurant_pipeline' AIRFLOW_CTX_TASK_ID='send_to_kafka' AIRFLOW_CTX_EXECUTION_DATE='2025-07-19T20:34:00+00:00' AIRFLOW_CTX_TRY_NUMBER='1' AIRFLOW_CTX_DAG_RUN_ID='scheduled__2025-07-19T20:34:00+00:00'
[2025-07-19T20:37:34.540+0000] {subprocess.py:63} INFO - Tmp dir root location: /tmp
[2025-07-19T20:37:34.541+0000] {subprocess.py:75} INFO - Running command: ['/bin/bash', '-c', 'python /opt/streaming/producer.py']
[2025-07-19T20:37:34.545+0000] {subprocess.py:86} INFO - Output:
[2025-07-19T20:37:36.806+0000] {subprocess.py:93} INFO - [✓] Sent to reservations: {'reservation_id': 2202, 'branch_id': 101, 'customer_name': 'Chad Tate', 'phone_number': '+1-798-303-0974x1947', 'reservation_date': '2025-07-19', 'reservation_time': '21:50', 'guests_count': 1, 'is_confirmed': True}
[2025-07-19T20:37:36.807+0000] {subprocess.py:93} INFO - [✓] Sent to reservations: {'reservation_id': 8918, 'branch_id': 102, 'customer_name': 'Misty Hopkins', 'phone_number': '+1-972-952-2600x090', 'reservation_date': '2025-07-19', 'reservation_time': '22:17', 'guests_count': 5, 'is_confirmed': False}
[2025-07-19T20:37:36.807+0000] {subprocess.py:93} INFO - [✓] Sent to reservations: {'reservation_id': 3167, 'branch_id': 102, 'customer_name': 'Ashley Perry', 'phone_number': '962-397-2211', 'reservation_date': '2025-07-19', 'reservation_time': '21:34', 'guests_count': 1, 'is_confirmed': True}
[2025-07-19T20:37:36.807+0000] {subprocess.py:93} INFO - [✓] Sent to checkins: {'checkin_id': 2077, 'customer_name': 'Larry Hess', 'phone_number': '+1-790-473-5064x596', 'branch_id': 102, 'table_id': 206, 'is_prebooked': False, 'checkin_date': '2025-07-19', 'checkin_time': '19:18', 'guests_count': 4, 'shift_manager': 'Tiffany Perry'}
[2025-07-19T20:37:36.807+0000] {subprocess.py:93} INFO - [✓] Sent to checkins: {'checkin_id': 4391, 'customer_name': 'Monique Palmer', 'phone_number': '760.266.9984', 'branch_id': 102, 'table_id': 205, 'is_prebooked': False, 'checkin_date': '2025-07-19', 'checkin_time': '19:24', 'guests_count': 5, 'shift_manager': 'Jordan Ellison'}
[2025-07-19T20:37:36.807+0000] {subprocess.py:93} INFO - [✓] Sent to checkins: {'checkin_id': 5760, 'customer_name': 'Jill Hall', 'phone_number': '(982)434-1672', 'branch_id': 101, 'table_id': 201, 'is_prebooked': False, 'checkin_date': '2025-07-19', 'checkin_time': '19:23', 'guests_count': 4, 'shift_manager': 'Mark Smith'}
[2025-07-19T20:37:36.807+0000] {subprocess.py:93} INFO - [✓] Sent to feedback: {'feedback_id': 2715, 'branch_id': 102, 'customer_name': 'Xavier Moore', 'phone_number': '(338)441-0257x234', 'feedback_text': 'Claim on seek practice eat rich.', 'rating': 3, 'dining_date': '2025-07-19', 'dining_time': '19:56', 'submission_time': '2025-07-19T20:37:33'}
[2025-07-19T20:37:36.808+0000] {subprocess.py:93} INFO - [✓] Sent to feedback: {'feedback_id': 8741, 'branch_id': 101, 'customer_name': 'Michael Garcia', 'phone_number': '(995)414-3628', 'feedback_text': 'Sound crime get step various class listen.', 'rating': 1, 'dining_date': '2025-07-19', 'dining_time': '18:59', 'submission_time': '2025-07-19T20:37:33'}
[2025-07-19T20:37:36.808+0000] {subprocess.py:93} INFO - [✓] Sent to feedback: {'feedback_id': 3946, 'branch_id': 102, 'customer_name': 'Catherine Marshall', 'phone_number': '613-291-1417x028', 'feedback_text': 'Bring big yes lawyer run throw.', 'rating': 3, 'dining_date': '2025-07-19', 'dining_time': '19:03', 'submission_time': '2025-07-19T20:37:33'}
[2025-07-19T20:37:36.808+0000] {subprocess.py:93} INFO - ✅ All messages sent.
[2025-07-19T20:37:36.834+0000] {subprocess.py:97} INFO - Command exited with return code 0
[2025-07-19T20:37:36.848+0000] {taskinstance.py:1400} INFO - Marking task as SUCCESS. dag_id=restaurant_pipeline, task_id=send_to_kafka, execution_date=20250719T203400, start_date=20250719T203734, end_date=20250719T203736
[2025-07-19T20:37:36.892+0000] {local_task_job_runner.py:228} INFO - Task exited with return code 0
[2025-07-19T20:37:36.919+0000] {taskinstance.py:2778} INFO - 1 downstream tasks scheduled from follow-on schedule check
