[2025-07-19T18:34:20.380+0000] {taskinstance.py:1159} INFO - Dependencies all met for dep_context=non-requeueable deps ti=<TaskInstance: restaurant_pipeline.send_to_kafka scheduled__2025-07-19T18:32:00+00:00 [queued]>
[2025-07-19T18:34:20.384+0000] {taskinstance.py:1159} INFO - Dependencies all met for dep_context=requeueable deps ti=<TaskInstance: restaurant_pipeline.send_to_kafka scheduled__2025-07-19T18:32:00+00:00 [queued]>
[2025-07-19T18:34:20.384+0000] {taskinstance.py:1361} INFO - Starting attempt 1 of 1
[2025-07-19T18:34:20.390+0000] {taskinstance.py:1382} INFO - Executing <Task(BashOperator): send_to_kafka> on 2025-07-19 18:32:00+00:00
[2025-07-19T18:34:20.392+0000] {standard_task_runner.py:57} INFO - Started process 1080 to run task
[2025-07-19T18:34:20.393+0000] {standard_task_runner.py:84} INFO - Running: ['***', 'tasks', 'run', 'restaurant_pipeline', 'send_to_kafka', 'scheduled__2025-07-19T18:32:00+00:00', '--job-id', '1003', '--raw', '--subdir', 'DAGS_FOLDER/restaurant_pipeline.py', '--cfg-path', '/tmp/tmpbq7afr18']
[2025-07-19T18:34:20.395+0000] {standard_task_runner.py:85} INFO - Job 1003: Subtask send_to_kafka
[2025-07-19T18:34:20.416+0000] {task_command.py:416} INFO - Running <TaskInstance: restaurant_pipeline.send_to_kafka scheduled__2025-07-19T18:32:00+00:00 [running]> on host e3f5d8fc4eef
[2025-07-19T18:34:20.453+0000] {taskinstance.py:1662} INFO - Exporting env vars: AIRFLOW_CTX_DAG_OWNER='moran' AIRFLOW_CTX_DAG_ID='restaurant_pipeline' AIRFLOW_CTX_TASK_ID='send_to_kafka' AIRFLOW_CTX_EXECUTION_DATE='2025-07-19T18:32:00+00:00' AIRFLOW_CTX_TRY_NUMBER='1' AIRFLOW_CTX_DAG_RUN_ID='scheduled__2025-07-19T18:32:00+00:00'
[2025-07-19T18:34:20.453+0000] {subprocess.py:63} INFO - Tmp dir root location: /tmp
[2025-07-19T18:34:20.453+0000] {subprocess.py:75} INFO - Running command: ['/bin/bash', '-c', 'python /opt/streaming/producer.py']
[2025-07-19T18:34:20.457+0000] {subprocess.py:86} INFO - Output:
[2025-07-19T18:34:22.665+0000] {subprocess.py:93} INFO - [✓] Sent to reservations: {'reservation_id': 5865, 'branch_id': 102, 'customer_name': 'Jon Henderson', 'phone_number': '+1-850-498-4737', 'reservation_date': '2025-07-19', 'reservation_time': '20:13', 'guests_count': 4, 'is_confirmed': True}
[2025-07-19T18:34:22.668+0000] {subprocess.py:93} INFO - [✓] Sent to reservations: {'reservation_id': 9493, 'branch_id': 102, 'customer_name': 'Melanie Pierce', 'phone_number': '(532)654-7993x113', 'reservation_date': '2025-07-19', 'reservation_time': '20:22', 'guests_count': 8, 'is_confirmed': False}
[2025-07-19T18:34:22.670+0000] {subprocess.py:93} INFO - [✓] Sent to reservations: {'reservation_id': 6529, 'branch_id': 101, 'customer_name': 'Michelle Lozano', 'phone_number': '7709199079', 'reservation_date': '2025-07-19', 'reservation_time': '19:08', 'guests_count': 4, 'is_confirmed': False}
[2025-07-19T18:34:22.673+0000] {subprocess.py:93} INFO - [✓] Sent to checkins: {'checkin_id': 4856, 'customer_name': 'Sherri Valentine', 'phone_number': '+1-728-788-0185x2067', 'branch_id': 101, 'table_id': 206, 'is_prebooked': False, 'checkin_date': '2025-07-19', 'checkin_time': '17:32', 'guests_count': 6, 'shift_manager': 'Victor Moon'}
[2025-07-19T18:34:22.674+0000] {subprocess.py:93} INFO - [✓] Sent to checkins: {'checkin_id': 9520, 'customer_name': 'Elizabeth Perry', 'phone_number': '474-734-7748', 'branch_id': 101, 'table_id': 206, 'is_prebooked': False, 'checkin_date': '2025-07-19', 'checkin_time': '16:48', 'guests_count': 6, 'shift_manager': 'Dr. Alexander Roth III'}
[2025-07-19T18:34:22.678+0000] {subprocess.py:93} INFO - [✓] Sent to checkins: {'checkin_id': 3646, 'customer_name': 'Jean Barry', 'phone_number': '251-951-2726x655', 'branch_id': 102, 'table_id': 200, 'is_prebooked': False, 'checkin_date': '2025-07-19', 'checkin_time': '17:17', 'guests_count': 2, 'shift_manager': 'Jeffrey Ball'}
[2025-07-19T18:34:22.680+0000] {subprocess.py:93} INFO - [✓] Sent to feedback: {'feedback_id': 9412, 'branch_id': 101, 'customer_name': 'Elizabeth Young', 'phone_number': '682-616-5159', 'feedback_text': 'Since real pick both.', 'rating': 2, 'dining_date': '2025-07-19', 'dining_time': '16:57', 'submission_time': '2025-07-19T18:34:19'}
[2025-07-19T18:34:22.681+0000] {subprocess.py:93} INFO - [✓] Sent to feedback: {'feedback_id': 7448, 'branch_id': 102, 'customer_name': 'Mark Ballard', 'phone_number': '636.927.5930x33285', 'feedback_text': 'Once Mr avoid detail.', 'rating': 3, 'dining_date': '2025-07-19', 'dining_time': '16:40', 'submission_time': '2025-07-19T18:34:19'}
[2025-07-19T18:34:22.681+0000] {subprocess.py:93} INFO - [✓] Sent to feedback: {'feedback_id': 9555, 'branch_id': 102, 'customer_name': 'Julia Allison', 'phone_number': '984-732-7711x02575', 'feedback_text': 'Sometimes per such mean.', 'rating': 5, 'dining_date': '2025-07-19', 'dining_time': '17:34', 'submission_time': '2025-07-19T18:34:19'}
[2025-07-19T18:34:22.684+0000] {subprocess.py:93} INFO - ✅ All messages sent.
[2025-07-19T18:34:22.736+0000] {subprocess.py:97} INFO - Command exited with return code 0
[2025-07-19T18:34:22.751+0000] {taskinstance.py:1400} INFO - Marking task as SUCCESS. dag_id=restaurant_pipeline, task_id=send_to_kafka, execution_date=20250719T183200, start_date=20250719T183420, end_date=20250719T183422
[2025-07-19T18:34:22.767+0000] {local_task_job_runner.py:228} INFO - Task exited with return code 0
[2025-07-19T18:34:22.795+0000] {taskinstance.py:2778} INFO - 1 downstream tasks scheduled from follow-on schedule check
