[2025-07-18T19:34:29.569+0000] {taskinstance.py:1159} INFO - Dependencies all met for dep_context=non-requeueable deps ti=<TaskInstance: restaurant_pipeline.send_to_kafka scheduled__2025-07-18T19:32:00+00:00 [queued]>
[2025-07-18T19:34:29.573+0000] {taskinstance.py:1159} INFO - Dependencies all met for dep_context=requeueable deps ti=<TaskInstance: restaurant_pipeline.send_to_kafka scheduled__2025-07-18T19:32:00+00:00 [queued]>
[2025-07-18T19:34:29.573+0000] {taskinstance.py:1361} INFO - Starting attempt 1 of 1
[2025-07-18T19:34:29.579+0000] {taskinstance.py:1382} INFO - Executing <Task(BashOperator): send_to_kafka> on 2025-07-18 19:32:00+00:00
[2025-07-18T19:34:29.581+0000] {standard_task_runner.py:57} INFO - Started process 5116 to run task
[2025-07-18T19:34:29.582+0000] {standard_task_runner.py:84} INFO - Running: ['***', 'tasks', 'run', 'restaurant_pipeline', 'send_to_kafka', 'scheduled__2025-07-18T19:32:00+00:00', '--job-id', '535', '--raw', '--subdir', 'DAGS_FOLDER/restaurant_pipeline.py', '--cfg-path', '/tmp/tmpoajy7m9c']
[2025-07-18T19:34:29.584+0000] {standard_task_runner.py:85} INFO - Job 535: Subtask send_to_kafka
[2025-07-18T19:34:29.606+0000] {task_command.py:416} INFO - Running <TaskInstance: restaurant_pipeline.send_to_kafka scheduled__2025-07-18T19:32:00+00:00 [running]> on host 9bcfb43e0ab7
[2025-07-18T19:34:29.644+0000] {taskinstance.py:1662} INFO - Exporting env vars: AIRFLOW_CTX_DAG_OWNER='moran' AIRFLOW_CTX_DAG_ID='restaurant_pipeline' AIRFLOW_CTX_TASK_ID='send_to_kafka' AIRFLOW_CTX_EXECUTION_DATE='2025-07-18T19:32:00+00:00' AIRFLOW_CTX_TRY_NUMBER='1' AIRFLOW_CTX_DAG_RUN_ID='scheduled__2025-07-18T19:32:00+00:00'
[2025-07-18T19:34:29.644+0000] {subprocess.py:63} INFO - Tmp dir root location: /tmp
[2025-07-18T19:34:29.645+0000] {subprocess.py:75} INFO - Running command: ['/bin/bash', '-c', 'python /opt/streaming/producer.py']
[2025-07-18T19:34:29.650+0000] {subprocess.py:86} INFO - Output:
[2025-07-18T19:34:31.888+0000] {subprocess.py:93} INFO - [✓] Sent to reservations: {'reservation_id': 7399, 'branch_id': 102, 'customer_name': 'Nathan Young', 'phone_number': '996.593.9772x7274', 'reservation_date': '2025-07-18', 'reservation_time': '21:32', 'guests_count': 3, 'is_confirmed': False}
[2025-07-18T19:34:31.892+0000] {subprocess.py:93} INFO - [✓] Sent to reservations: {'reservation_id': 3880, 'branch_id': 101, 'customer_name': 'Cesar Moreno', 'phone_number': '706.522.0317', 'reservation_date': '2025-07-18', 'reservation_time': '20:03', 'guests_count': 6, 'is_confirmed': False}
[2025-07-18T19:34:31.892+0000] {subprocess.py:93} INFO - [✓] Sent to reservations: {'reservation_id': 4778, 'branch_id': 102, 'customer_name': 'Richard Fernandez', 'phone_number': '245-862-6141x4267', 'reservation_date': '2025-07-18', 'reservation_time': '20:39', 'guests_count': 4, 'is_confirmed': False}
[2025-07-18T19:34:31.892+0000] {subprocess.py:93} INFO - [✓] Sent to checkins: {'checkin_id': 6086, 'customer_name': 'Catherine Castro', 'phone_number': '4674614710', 'branch_id': 101, 'table_id': 207, 'is_prebooked': False, 'checkin_date': '2025-07-18', 'checkin_time': '17:34', 'guests_count': 3, 'shift_manager': 'John Singleton'}
[2025-07-18T19:34:31.894+0000] {subprocess.py:93} INFO - [✓] Sent to checkins: {'checkin_id': 4492, 'customer_name': 'Christopher Gonzalez', 'phone_number': '8654440597', 'branch_id': 101, 'table_id': 204, 'is_prebooked': True, 'checkin_date': '2025-07-18', 'checkin_time': '19:21', 'guests_count': 2, 'shift_manager': 'Jonathan Martinez II'}
[2025-07-18T19:34:31.896+0000] {subprocess.py:93} INFO - [✓] Sent to checkins: {'checkin_id': 7864, 'customer_name': 'Michael Clark', 'phone_number': '861-411-4551x16790', 'branch_id': 101, 'table_id': 202, 'is_prebooked': True, 'checkin_date': '2025-07-18', 'checkin_time': '18:07', 'guests_count': 1, 'shift_manager': 'Glenda Hart'}
[2025-07-18T19:34:31.896+0000] {subprocess.py:93} INFO - [✓] Sent to feedback: {'feedback_id': 3308, 'branch_id': 101, 'customer_name': 'Daniel Hines', 'phone_number': '(631)463-2005x0747', 'feedback_text': 'Conference husband against somebody discover reason.', 'rating': 1, 'dining_date': '2025-07-18', 'dining_time': '18:31', 'submission_time': '2025-07-18T19:34:28'}
[2025-07-18T19:34:31.896+0000] {subprocess.py:93} INFO - [✓] Sent to feedback: {'feedback_id': 2575, 'branch_id': 101, 'customer_name': 'Chad Rivera', 'phone_number': '591.914.8322x0891', 'feedback_text': 'Nothing face local true among style.', 'rating': 2, 'dining_date': '2025-07-18', 'dining_time': '18:02', 'submission_time': '2025-07-18T19:34:28'}
[2025-07-18T19:34:31.896+0000] {subprocess.py:93} INFO - [✓] Sent to feedback: {'feedback_id': 4612, 'branch_id': 101, 'customer_name': 'Bailey Jackson', 'phone_number': '+1-829-422-1378x1003', 'feedback_text': 'Lose big second best total challenge wonder behavior.', 'rating': 5, 'dining_date': '2025-07-18', 'dining_time': '19:16', 'submission_time': '2025-07-18T19:34:28'}
[2025-07-18T19:34:31.896+0000] {subprocess.py:93} INFO - ✅ All messages sent.
[2025-07-18T19:34:31.915+0000] {subprocess.py:97} INFO - Command exited with return code 0
[2025-07-18T19:34:31.929+0000] {taskinstance.py:1400} INFO - Marking task as SUCCESS. dag_id=restaurant_pipeline, task_id=send_to_kafka, execution_date=20250718T193200, start_date=20250718T193429, end_date=20250718T193431
[2025-07-18T19:34:31.941+0000] {local_task_job_runner.py:228} INFO - Task exited with return code 0
[2025-07-18T19:34:31.966+0000] {taskinstance.py:2778} INFO - 1 downstream tasks scheduled from follow-on schedule check
