[2025-07-18T15:34:05.190+0000] {taskinstance.py:1159} INFO - Dependencies all met for dep_context=non-requeueable deps ti=<TaskInstance: restaurant_pipeline.stream_to_bronze scheduled__2025-07-18T15:32:00+00:00 [queued]>
[2025-07-18T15:34:05.205+0000] {taskinstance.py:1159} INFO - Dependencies all met for dep_context=requeueable deps ti=<TaskInstance: restaurant_pipeline.stream_to_bronze scheduled__2025-07-18T15:32:00+00:00 [queued]>
[2025-07-18T15:34:05.206+0000] {taskinstance.py:1361} INFO - Starting attempt 1 of 1
[2025-07-18T15:34:05.246+0000] {taskinstance.py:1382} INFO - Executing <Task(BashOperator): stream_to_bronze> on 2025-07-18 15:32:00+00:00
[2025-07-18T15:34:05.257+0000] {standard_task_runner.py:57} INFO - Started process 478 to run task
[2025-07-18T15:34:05.262+0000] {standard_task_runner.py:84} INFO - Running: ['***', 'tasks', 'run', 'restaurant_pipeline', 'stream_to_bronze', 'scheduled__2025-07-18T15:32:00+00:00', '--job-id', '114', '--raw', '--subdir', 'DAGS_FOLDER/restaurant_pipeline.py', '--cfg-path', '/tmp/tmprnj32jgh']
[2025-07-18T15:34:05.265+0000] {standard_task_runner.py:85} INFO - Job 114: Subtask stream_to_bronze
[2025-07-18T15:34:05.326+0000] {task_command.py:416} INFO - Running <TaskInstance: restaurant_pipeline.stream_to_bronze scheduled__2025-07-18T15:32:00+00:00 [running]> on host 9bcfb43e0ab7
[2025-07-18T15:34:05.437+0000] {taskinstance.py:1662} INFO - Exporting env vars: AIRFLOW_CTX_DAG_OWNER='moran' AIRFLOW_CTX_DAG_ID='restaurant_pipeline' AIRFLOW_CTX_TASK_ID='stream_to_bronze' AIRFLOW_CTX_EXECUTION_DATE='2025-07-18T15:32:00+00:00' AIRFLOW_CTX_TRY_NUMBER='1' AIRFLOW_CTX_DAG_RUN_ID='scheduled__2025-07-18T15:32:00+00:00'
[2025-07-18T15:34:05.441+0000] {subprocess.py:63} INFO - Tmp dir root location: /tmp
[2025-07-18T15:34:05.443+0000] {subprocess.py:75} INFO - Running command: ['/bin/bash', '-c', 'docker exec spark-iceberg spark-submit /home/iceberg/spark/stream_to_bronze.py']
[2025-07-18T15:34:05.454+0000] {subprocess.py:86} INFO - Output:
[2025-07-18T15:34:06.971+0000] {subprocess.py:93} INFO - 25/07/18 15:34:06 INFO SparkContext: Running Spark version 3.5.6
[2025-07-18T15:34:06.973+0000] {subprocess.py:93} INFO - 25/07/18 15:34:06 INFO SparkContext: OS info Linux, 6.10.14-linuxkit, aarch64
[2025-07-18T15:34:06.973+0000] {subprocess.py:93} INFO - 25/07/18 15:34:06 INFO SparkContext: Java version 17.0.15
[2025-07-18T15:34:06.988+0000] {subprocess.py:93} INFO - 25/07/18 15:34:06 INFO ResourceUtils: ==============================================================
[2025-07-18T15:34:06.988+0000] {subprocess.py:93} INFO - 25/07/18 15:34:06 INFO ResourceUtils: No custom resources configured for spark.driver.
[2025-07-18T15:34:06.988+0000] {subprocess.py:93} INFO - 25/07/18 15:34:06 INFO ResourceUtils: ==============================================================
[2025-07-18T15:34:06.988+0000] {subprocess.py:93} INFO - 25/07/18 15:34:06 INFO SparkContext: Submitted application: StreamToBronze
[2025-07-18T15:34:07.000+0000] {subprocess.py:93} INFO - 25/07/18 15:34:06 INFO ResourceProfile: Default ResourceProfile created, executor resources: Map(cores -> name: cores, amount: 1, script: , vendor: , memory -> name: memory, amount: 1024, script: , vendor: , offHeap -> name: offHeap, amount: 0, script: , vendor: ), task resources: Map(cpus -> name: cpus, amount: 1.0)
[2025-07-18T15:34:07.004+0000] {subprocess.py:93} INFO - 25/07/18 15:34:07 INFO ResourceProfile: Limiting resource is cpu
[2025-07-18T15:34:07.006+0000] {subprocess.py:93} INFO - 25/07/18 15:34:07 INFO ResourceProfileManager: Added ResourceProfile id: 0
[2025-07-18T15:34:07.039+0000] {subprocess.py:93} INFO - 25/07/18 15:34:07 INFO SecurityManager: Changing view acls to: root,spark
[2025-07-18T15:34:07.040+0000] {subprocess.py:93} INFO - 25/07/18 15:34:07 INFO SecurityManager: Changing modify acls to: root,spark
[2025-07-18T15:34:07.040+0000] {subprocess.py:93} INFO - 25/07/18 15:34:07 INFO SecurityManager: Changing view acls groups to:
[2025-07-18T15:34:07.040+0000] {subprocess.py:93} INFO - 25/07/18 15:34:07 INFO SecurityManager: Changing modify acls groups to:
[2025-07-18T15:34:07.040+0000] {subprocess.py:93} INFO - 25/07/18 15:34:07 INFO SecurityManager: SecurityManager: authentication disabled; ui acls disabled; users with view permissions: root, spark; groups with view permissions: EMPTY; users with modify permissions: root, spark; groups with modify permissions: EMPTY
[2025-07-18T15:34:07.072+0000] {subprocess.py:93} INFO - 25/07/18 15:34:07 WARN NativeCodeLoader: Unable to load native-hadoop library for your platform... using builtin-java classes where applicable
[2025-07-18T15:34:07.246+0000] {subprocess.py:93} INFO - 25/07/18 15:34:07 INFO Utils: Successfully started service 'sparkDriver' on port 36647.
[2025-07-18T15:34:07.262+0000] {subprocess.py:93} INFO - 25/07/18 15:34:07 INFO SparkEnv: Registering MapOutputTracker
[2025-07-18T15:34:07.289+0000] {subprocess.py:93} INFO - 25/07/18 15:34:07 INFO SparkEnv: Registering BlockManagerMaster
[2025-07-18T15:34:07.299+0000] {subprocess.py:93} INFO - 25/07/18 15:34:07 INFO BlockManagerMasterEndpoint: Using org.apache.spark.storage.DefaultTopologyMapper for getting topology information
[2025-07-18T15:34:07.299+0000] {subprocess.py:93} INFO - 25/07/18 15:34:07 INFO BlockManagerMasterEndpoint: BlockManagerMasterEndpoint up
[2025-07-18T15:34:07.302+0000] {subprocess.py:93} INFO - 25/07/18 15:34:07 INFO SparkEnv: Registering BlockManagerMasterHeartbeat
[2025-07-18T15:34:07.316+0000] {subprocess.py:93} INFO - 25/07/18 15:34:07 INFO DiskBlockManager: Created local directory at /tmp/blockmgr-0067e79d-2520-4ac0-a14e-d5507f376505
[2025-07-18T15:34:07.327+0000] {subprocess.py:93} INFO - 25/07/18 15:34:07 INFO MemoryStore: MemoryStore started with capacity 434.4 MiB
[2025-07-18T15:34:07.341+0000] {subprocess.py:93} INFO - 25/07/18 15:34:07 INFO SparkEnv: Registering OutputCommitCoordinator
[2025-07-18T15:34:07.426+0000] {subprocess.py:93} INFO - 25/07/18 15:34:07 INFO JettyUtils: Start Jetty 0.0.0.0:4040 for SparkUI
[2025-07-18T15:34:07.457+0000] {subprocess.py:93} INFO - 25/07/18 15:34:07 WARN Utils: Service 'SparkUI' could not bind on port 4040. Attempting port 4041.
[2025-07-18T15:34:07.463+0000] {subprocess.py:93} INFO - 25/07/18 15:34:07 INFO Utils: Successfully started service 'SparkUI' on port 4041.
[2025-07-18T15:34:07.523+0000] {subprocess.py:93} INFO - 25/07/18 15:34:07 INFO Executor: Starting executor ID driver on host 77cb57a6bd53
[2025-07-18T15:34:07.523+0000] {subprocess.py:93} INFO - 25/07/18 15:34:07 INFO Executor: OS info Linux, 6.10.14-linuxkit, aarch64
[2025-07-18T15:34:07.523+0000] {subprocess.py:93} INFO - 25/07/18 15:34:07 INFO Executor: Java version 17.0.15
[2025-07-18T15:34:07.529+0000] {subprocess.py:93} INFO - 25/07/18 15:34:07 INFO Executor: Starting executor with user classpath (userClassPathFirst = false): ''
[2025-07-18T15:34:07.529+0000] {subprocess.py:93} INFO - 25/07/18 15:34:07 INFO Executor: Created or updated repl class loader org.apache.spark.util.MutableURLClassLoader@326ed18d for default.
[2025-07-18T15:34:07.541+0000] {subprocess.py:93} INFO - 25/07/18 15:34:07 INFO Utils: Successfully started service 'org.apache.spark.network.netty.NettyBlockTransferService' on port 37769.
[2025-07-18T15:34:07.541+0000] {subprocess.py:93} INFO - 25/07/18 15:34:07 INFO NettyBlockTransferService: Server created on 77cb57a6bd53:37769
[2025-07-18T15:34:07.542+0000] {subprocess.py:93} INFO - 25/07/18 15:34:07 INFO BlockManager: Using org.apache.spark.storage.RandomBlockReplicationPolicy for block replication policy
[2025-07-18T15:34:07.553+0000] {subprocess.py:93} INFO - 25/07/18 15:34:07 INFO BlockManagerMaster: Registering BlockManager BlockManagerId(driver, 77cb57a6bd53, 37769, None)
[2025-07-18T15:34:07.555+0000] {subprocess.py:93} INFO - 25/07/18 15:34:07 INFO BlockManagerMasterEndpoint: Registering block manager 77cb57a6bd53:37769 with 434.4 MiB RAM, BlockManagerId(driver, 77cb57a6bd53, 37769, None)
[2025-07-18T15:34:07.558+0000] {subprocess.py:93} INFO - 25/07/18 15:34:07 INFO BlockManagerMaster: Registered BlockManager BlockManagerId(driver, 77cb57a6bd53, 37769, None)
[2025-07-18T15:34:07.559+0000] {subprocess.py:93} INFO - 25/07/18 15:34:07 INFO BlockManager: Initialized BlockManager: BlockManagerId(driver, 77cb57a6bd53, 37769, None)
[2025-07-18T15:34:07.848+0000] {subprocess.py:93} INFO - 25/07/18 15:34:07 INFO SharedState: Setting hive.metastore.warehouse.dir ('null') to the value of spark.sql.warehouse.dir.
[2025-07-18T15:34:07.850+0000] {subprocess.py:93} INFO - 25/07/18 15:34:07 INFO SharedState: Warehouse path is 'file:/app/spark-warehouse'.
[2025-07-18T15:34:09.251+0000] {subprocess.py:93} INFO - 25/07/18 15:34:09 WARN MetricsConfig: Cannot locate configuration: tried hadoop-metrics2-s3a-file-system.properties,hadoop-metrics2.properties
[2025-07-18T15:34:09.275+0000] {subprocess.py:93} INFO - 25/07/18 15:34:09 INFO MetricsSystemImpl: Scheduled Metric snapshot period at 10 second(s).
[2025-07-18T15:34:09.276+0000] {subprocess.py:93} INFO - 25/07/18 15:34:09 INFO MetricsSystemImpl: s3a-file-system metrics system started
[2025-07-18T15:34:09.986+0000] {subprocess.py:93} INFO - 25/07/18 15:34:09 INFO BaseMetastoreCatalog: Table loaded by catalog: my_catalog.bronze.Reservations_raw
[2025-07-18T15:34:10.002+0000] {subprocess.py:93} INFO - 25/07/18 15:34:10 INFO StateStoreCoordinatorRef: Registered StateStoreCoordinator endpoint
[2025-07-18T15:34:10.029+0000] {subprocess.py:93} INFO - 25/07/18 15:34:10 INFO ResolveWriteToStream: Checkpoint root /tmp/checkpoints/reservations resolved to file:/tmp/checkpoints/reservations.
[2025-07-18T15:34:10.029+0000] {subprocess.py:93} INFO - 25/07/18 15:34:10 WARN ResolveWriteToStream: spark.sql.adaptive.enabled is not supported in streaming DataFrames/Datasets and will be disabled.
[2025-07-18T15:34:10.102+0000] {subprocess.py:93} INFO - 25/07/18 15:34:10 INFO MicroBatchExecution: Starting [id = 0314df7c-5598-4928-8d91-374ee67989d1, runId = 5b288a0b-e7e4-41ad-8da0-15a55f2b87c2]. Use file:/tmp/checkpoints/reservations to store the query checkpoint.
[2025-07-18T15:34:10.108+0000] {subprocess.py:93} INFO - 25/07/18 15:34:10 INFO MicroBatchExecution: Reading table [org.apache.spark.sql.kafka010.KafkaSourceProvider$KafkaTable@63bea9da] from DataSourceV2 named 'kafka' [org.apache.spark.sql.kafka010.KafkaSourceProvider@7559952a]
[2025-07-18T15:34:10.142+0000] {subprocess.py:93} INFO - 25/07/18 15:34:10 INFO OffsetSeqLog: BatchIds found from listing: 0, 1, 2, 3, 4, 5, 6, 7, 8, 9, 10, 11, 12, 13, 14
[2025-07-18T15:34:10.150+0000] {subprocess.py:93} INFO - 25/07/18 15:34:10 INFO OffsetSeqLog: Getting latest batch 14
[2025-07-18T15:34:10.172+0000] {subprocess.py:93} INFO - 25/07/18 15:34:10 INFO OffsetSeqLog: BatchIds found from listing: 0, 1, 2, 3, 4, 5, 6, 7, 8, 9, 10, 11, 12, 13, 14
[2025-07-18T15:34:10.173+0000] {subprocess.py:93} INFO - 25/07/18 15:34:10 INFO OffsetSeqLog: Getting latest batch 14
[2025-07-18T15:34:10.180+0000] {subprocess.py:93} INFO - 25/07/18 15:34:10 INFO CommitLog: BatchIds found from listing: 0, 1, 2, 3, 4, 5, 6, 7, 8, 9, 10, 11, 12, 13, 14
[2025-07-18T15:34:10.181+0000] {subprocess.py:93} INFO - 25/07/18 15:34:10 INFO CommitLog: Getting latest batch 14
[2025-07-18T15:34:10.185+0000] {subprocess.py:93} INFO - 25/07/18 15:34:10 INFO MicroBatchExecution: Resuming at batch 15 with committed offsets {KafkaV2[Subscribe[reservations]]: {"reservations":{"0":57}}} and available offsets {KafkaV2[Subscribe[reservations]]: {"reservations":{"0":57}}}
[2025-07-18T15:34:10.185+0000] {subprocess.py:93} INFO - 25/07/18 15:34:10 INFO MicroBatchExecution: Stream started from {KafkaV2[Subscribe[reservations]]: {"reservations":{"0":57}}}
[2025-07-18T15:34:10.200+0000] {subprocess.py:93} INFO - 25/07/18 15:34:10 INFO BaseMetastoreCatalog: Table loaded by catalog: my_catalog.bronze.Checkins_raw
[2025-07-18T15:34:10.203+0000] {subprocess.py:93} INFO - 25/07/18 15:34:10 INFO ResolveWriteToStream: Checkpoint root /tmp/checkpoints/checkins resolved to file:/tmp/checkpoints/checkins.
[2025-07-18T15:34:10.204+0000] {subprocess.py:93} INFO - 25/07/18 15:34:10 WARN ResolveWriteToStream: spark.sql.adaptive.enabled is not supported in streaming DataFrames/Datasets and will be disabled.
[2025-07-18T15:34:10.213+0000] {subprocess.py:93} INFO - 25/07/18 15:34:10 INFO MicroBatchExecution: Starting [id = a9a9b3af-d3c2-4704-81e0-4163831ae683, runId = fcb446fa-ca2c-4411-aba2-5dcbe0a0ff89]. Use file:/tmp/checkpoints/checkins to store the query checkpoint.
[2025-07-18T15:34:10.215+0000] {subprocess.py:93} INFO - 25/07/18 15:34:10 INFO MicroBatchExecution: Reading table [org.apache.spark.sql.kafka010.KafkaSourceProvider$KafkaTable@288abd36] from DataSourceV2 named 'kafka' [org.apache.spark.sql.kafka010.KafkaSourceProvider@264d578f]
[2025-07-18T15:34:10.218+0000] {subprocess.py:93} INFO - 25/07/18 15:34:10 INFO OffsetSeqLog: BatchIds found from listing: 0, 1, 2, 3, 4, 5, 6, 7, 8, 9, 10, 11, 12, 13, 14, 15
[2025-07-18T15:34:10.221+0000] {subprocess.py:93} INFO - 25/07/18 15:34:10 INFO OffsetSeqLog: Getting latest batch 15
[2025-07-18T15:34:10.224+0000] {subprocess.py:93} INFO - 25/07/18 15:34:10 INFO AdminClientConfig: AdminClientConfig values:
[2025-07-18T15:34:10.226+0000] {subprocess.py:93} INFO - 	auto.include.jmx.reporter = true
[2025-07-18T15:34:10.226+0000] {subprocess.py:93} INFO - 	bootstrap.servers = [kafka:9092]
[2025-07-18T15:34:10.227+0000] {subprocess.py:93} INFO - 	client.dns.lookup = use_all_dns_ips
[2025-07-18T15:34:10.230+0000] {subprocess.py:93} INFO - 	client.id =
[2025-07-18T15:34:10.232+0000] {subprocess.py:93} INFO - 	connections.max.idle.ms = 300000
[2025-07-18T15:34:10.233+0000] {subprocess.py:93} INFO - 	default.api.timeout.ms = 60000
[2025-07-18T15:34:10.234+0000] {subprocess.py:93} INFO - 	metadata.max.age.ms = 300000
[2025-07-18T15:34:10.234+0000] {subprocess.py:93} INFO - 	metric.reporters = []
[2025-07-18T15:34:10.234+0000] {subprocess.py:93} INFO - 	metrics.num.samples = 2
[2025-07-18T15:34:10.235+0000] {subprocess.py:93} INFO - 	metrics.recording.level = INFO
[2025-07-18T15:34:10.235+0000] {subprocess.py:93} INFO - 	metrics.sample.window.ms = 30000
[2025-07-18T15:34:10.235+0000] {subprocess.py:93} INFO - 	receive.buffer.bytes = 65536
[2025-07-18T15:34:10.235+0000] {subprocess.py:93} INFO - 	reconnect.backoff.max.ms = 1000
[2025-07-18T15:34:10.236+0000] {subprocess.py:93} INFO - 	reconnect.backoff.ms = 50
[2025-07-18T15:34:10.236+0000] {subprocess.py:93} INFO - 	request.timeout.ms = 30000
[2025-07-18T15:34:10.237+0000] {subprocess.py:93} INFO - 	retries = 2147483647
[2025-07-18T15:34:10.237+0000] {subprocess.py:93} INFO - 	retry.backoff.ms = 100
[2025-07-18T15:34:10.238+0000] {subprocess.py:93} INFO - 	sasl.client.callback.handler.class = null
[2025-07-18T15:34:10.238+0000] {subprocess.py:93} INFO - 	sasl.jaas.config = null
[2025-07-18T15:34:10.238+0000] {subprocess.py:93} INFO - 	sasl.kerberos.kinit.cmd = /usr/bin/kinit
[2025-07-18T15:34:10.239+0000] {subprocess.py:93} INFO - 	sasl.kerberos.min.time.before.relogin = 60000
[2025-07-18T15:34:10.239+0000] {subprocess.py:93} INFO - 	sasl.kerberos.service.name = null
[2025-07-18T15:34:10.239+0000] {subprocess.py:93} INFO - 	sasl.kerberos.ticket.renew.jitter = 0.05
[2025-07-18T15:34:10.239+0000] {subprocess.py:93} INFO - 	sasl.kerberos.ticket.renew.window.factor = 0.8
[2025-07-18T15:34:10.240+0000] {subprocess.py:93} INFO - 	sasl.login.callback.handler.class = null
[2025-07-18T15:34:10.240+0000] {subprocess.py:93} INFO - 	sasl.login.class = null
[2025-07-18T15:34:10.240+0000] {subprocess.py:93} INFO - 	sasl.login.connect.timeout.ms = null
[2025-07-18T15:34:10.240+0000] {subprocess.py:93} INFO - 	sasl.login.read.timeout.ms = null
[2025-07-18T15:34:10.241+0000] {subprocess.py:93} INFO - 	sasl.login.refresh.buffer.seconds = 300
[2025-07-18T15:34:10.241+0000] {subprocess.py:93} INFO - 	sasl.login.refresh.min.period.seconds = 60
[2025-07-18T15:34:10.241+0000] {subprocess.py:93} INFO - 	sasl.login.refresh.window.factor = 0.8
[2025-07-18T15:34:10.241+0000] {subprocess.py:93} INFO - 	sasl.login.refresh.window.jitter = 0.05
[2025-07-18T15:34:10.241+0000] {subprocess.py:93} INFO - 	sasl.login.retry.backoff.max.ms = 10000
[2025-07-18T15:34:10.242+0000] {subprocess.py:93} INFO - 	sasl.login.retry.backoff.ms = 100
[2025-07-18T15:34:10.242+0000] {subprocess.py:93} INFO - 	sasl.mechanism = GSSAPI
[2025-07-18T15:34:10.243+0000] {subprocess.py:93} INFO - 	sasl.oauthbearer.clock.skew.seconds = 30
[2025-07-18T15:34:10.243+0000] {subprocess.py:93} INFO - 	sasl.oauthbearer.expected.audience = null
[2025-07-18T15:34:10.244+0000] {subprocess.py:93} INFO - 	sasl.oauthbearer.expected.issuer = null
[2025-07-18T15:34:10.245+0000] {subprocess.py:93} INFO - 	sasl.oauthbearer.jwks.endpoint.refresh.ms = 3600000
[2025-07-18T15:34:10.246+0000] {subprocess.py:93} INFO - 	sasl.oauthbearer.jwks.endpoint.retry.backoff.max.ms = 10000
[2025-07-18T15:34:10.247+0000] {subprocess.py:93} INFO - 	sasl.oauthbearer.jwks.endpoint.retry.backoff.ms = 100
[2025-07-18T15:34:10.248+0000] {subprocess.py:93} INFO - 	sasl.oauthbearer.jwks.endpoint.url = null
[2025-07-18T15:34:10.248+0000] {subprocess.py:93} INFO - 	sasl.oauthbearer.scope.claim.name = scope
[2025-07-18T15:34:10.248+0000] {subprocess.py:93} INFO - 	sasl.oauthbearer.sub.claim.name = sub
[2025-07-18T15:34:10.248+0000] {subprocess.py:93} INFO - 	sasl.oauthbearer.token.endpoint.url = null
[2025-07-18T15:34:10.248+0000] {subprocess.py:93} INFO - 	security.protocol = PLAINTEXT
[2025-07-18T15:34:10.248+0000] {subprocess.py:93} INFO - 	security.providers = null
[2025-07-18T15:34:10.248+0000] {subprocess.py:93} INFO - 	send.buffer.bytes = 131072
[2025-07-18T15:34:10.249+0000] {subprocess.py:93} INFO - 	socket.connection.setup.timeout.max.ms = 30000
[2025-07-18T15:34:10.249+0000] {subprocess.py:93} INFO - 	socket.connection.setup.timeout.ms = 10000
[2025-07-18T15:34:10.249+0000] {subprocess.py:93} INFO - 	ssl.cipher.suites = null
[2025-07-18T15:34:10.249+0000] {subprocess.py:93} INFO - 	ssl.enabled.protocols = [TLSv1.2, TLSv1.3]
[2025-07-18T15:34:10.249+0000] {subprocess.py:93} INFO - 	ssl.endpoint.identification.algorithm = https
[2025-07-18T15:34:10.249+0000] {subprocess.py:93} INFO - 	ssl.engine.factory.class = null
[2025-07-18T15:34:10.249+0000] {subprocess.py:93} INFO - 	ssl.key.password = null
[2025-07-18T15:34:10.249+0000] {subprocess.py:93} INFO - 	ssl.keymanager.algorithm = SunX509
[2025-07-18T15:34:10.250+0000] {subprocess.py:93} INFO - 	ssl.keystore.certificate.chain = null
[2025-07-18T15:34:10.250+0000] {subprocess.py:93} INFO - 	ssl.keystore.key = null
[2025-07-18T15:34:10.250+0000] {subprocess.py:93} INFO - 	ssl.keystore.location = null
[2025-07-18T15:34:10.250+0000] {subprocess.py:93} INFO - 	ssl.keystore.password = null
[2025-07-18T15:34:10.250+0000] {subprocess.py:93} INFO - 	ssl.keystore.type = JKS
[2025-07-18T15:34:10.250+0000] {subprocess.py:93} INFO - 	ssl.protocol = TLSv1.3
[2025-07-18T15:34:10.250+0000] {subprocess.py:93} INFO - 	ssl.provider = null
[2025-07-18T15:34:10.250+0000] {subprocess.py:93} INFO - 	ssl.secure.random.implementation = null
[2025-07-18T15:34:10.250+0000] {subprocess.py:93} INFO - 	ssl.trustmanager.algorithm = PKIX
[2025-07-18T15:34:10.251+0000] {subprocess.py:93} INFO - 	ssl.truststore.certificates = null
[2025-07-18T15:34:10.251+0000] {subprocess.py:93} INFO - 	ssl.truststore.location = null
[2025-07-18T15:34:10.251+0000] {subprocess.py:93} INFO - 	ssl.truststore.password = null
[2025-07-18T15:34:10.251+0000] {subprocess.py:93} INFO - 	ssl.truststore.type = JKS
[2025-07-18T15:34:10.251+0000] {subprocess.py:93} INFO - 
[2025-07-18T15:34:10.251+0000] {subprocess.py:93} INFO - 25/07/18 15:34:10 INFO OffsetSeqLog: BatchIds found from listing: 0, 1, 2, 3, 4, 5, 6, 7, 8, 9, 10, 11, 12, 13, 14, 15
[2025-07-18T15:34:10.251+0000] {subprocess.py:93} INFO - 25/07/18 15:34:10 INFO OffsetSeqLog: Getting latest batch 15
[2025-07-18T15:34:10.252+0000] {subprocess.py:93} INFO - 25/07/18 15:34:10 INFO CommitLog: BatchIds found from listing: 0, 1, 2, 3, 4, 5, 6, 7, 8, 9, 10, 11, 12, 13, 14, 15
[2025-07-18T15:34:10.252+0000] {subprocess.py:93} INFO - 25/07/18 15:34:10 INFO CommitLog: Getting latest batch 15
[2025-07-18T15:34:10.252+0000] {subprocess.py:93} INFO - 25/07/18 15:34:10 INFO MicroBatchExecution: Resuming at batch 16 with committed offsets {KafkaV2[Subscribe[checkins]]: {"checkins":{"0":57}}} and available offsets {KafkaV2[Subscribe[checkins]]: {"checkins":{"0":57}}}
[2025-07-18T15:34:10.253+0000] {subprocess.py:93} INFO - 25/07/18 15:34:10 INFO MicroBatchExecution: Stream started from {KafkaV2[Subscribe[checkins]]: {"checkins":{"0":57}}}
[2025-07-18T15:34:10.253+0000] {subprocess.py:93} INFO - 25/07/18 15:34:10 INFO AdminClientConfig: AdminClientConfig values:
[2025-07-18T15:34:10.253+0000] {subprocess.py:93} INFO - 	auto.include.jmx.reporter = true
[2025-07-18T15:34:10.253+0000] {subprocess.py:93} INFO - 	bootstrap.servers = [kafka:9092]
[2025-07-18T15:34:10.253+0000] {subprocess.py:93} INFO - 	client.dns.lookup = use_all_dns_ips
[2025-07-18T15:34:10.253+0000] {subprocess.py:93} INFO - 	client.id =
[2025-07-18T15:34:10.253+0000] {subprocess.py:93} INFO - 	connections.max.idle.ms = 300000
[2025-07-18T15:34:10.254+0000] {subprocess.py:93} INFO - 	default.api.timeout.ms = 60000
[2025-07-18T15:34:10.254+0000] {subprocess.py:93} INFO - 	metadata.max.age.ms = 300000
[2025-07-18T15:34:10.254+0000] {subprocess.py:93} INFO - 	metric.reporters = []
[2025-07-18T15:34:10.254+0000] {subprocess.py:93} INFO - 	metrics.num.samples = 2
[2025-07-18T15:34:10.254+0000] {subprocess.py:93} INFO - 	metrics.recording.level = INFO
[2025-07-18T15:34:10.254+0000] {subprocess.py:93} INFO - 	metrics.sample.window.ms = 30000
[2025-07-18T15:34:10.254+0000] {subprocess.py:93} INFO - 	receive.buffer.bytes = 65536
[2025-07-18T15:34:10.255+0000] {subprocess.py:93} INFO - 	reconnect.backoff.max.ms = 1000
[2025-07-18T15:34:10.255+0000] {subprocess.py:93} INFO - 	reconnect.backoff.ms = 50
[2025-07-18T15:34:10.255+0000] {subprocess.py:93} INFO - 	request.timeout.ms = 30000
[2025-07-18T15:34:10.255+0000] {subprocess.py:93} INFO - 	retries = 2147483647
[2025-07-18T15:34:10.255+0000] {subprocess.py:93} INFO - 	retry.backoff.ms = 100
[2025-07-18T15:34:10.255+0000] {subprocess.py:93} INFO - 	sasl.client.callback.handler.class = null
[2025-07-18T15:34:10.256+0000] {subprocess.py:93} INFO - 	sasl.jaas.config = null
[2025-07-18T15:34:10.256+0000] {subprocess.py:93} INFO - 	sasl.kerberos.kinit.cmd = /usr/bin/kinit
[2025-07-18T15:34:10.256+0000] {subprocess.py:93} INFO - 	sasl.kerberos.min.time.before.relogin = 60000
[2025-07-18T15:34:10.256+0000] {subprocess.py:93} INFO - 	sasl.kerberos.service.name = null
[2025-07-18T15:34:10.256+0000] {subprocess.py:93} INFO - 	sasl.kerberos.ticket.renew.jitter = 0.05
[2025-07-18T15:34:10.257+0000] {subprocess.py:93} INFO - 	sasl.kerberos.ticket.renew.window.factor = 0.8
[2025-07-18T15:34:10.257+0000] {subprocess.py:93} INFO - 	sasl.login.callback.handler.class = null
[2025-07-18T15:34:10.257+0000] {subprocess.py:93} INFO - 	sasl.login.class = null
[2025-07-18T15:34:10.258+0000] {subprocess.py:93} INFO - 	sasl.login.connect.timeout.ms = null
[2025-07-18T15:34:10.258+0000] {subprocess.py:93} INFO - 	sasl.login.read.timeout.ms = null
[2025-07-18T15:34:10.258+0000] {subprocess.py:93} INFO - 	sasl.login.refresh.buffer.seconds = 300
[2025-07-18T15:34:10.258+0000] {subprocess.py:93} INFO - 	sasl.login.refresh.min.period.seconds = 60
[2025-07-18T15:34:10.259+0000] {subprocess.py:93} INFO - 	sasl.login.refresh.window.factor = 0.8
[2025-07-18T15:34:10.259+0000] {subprocess.py:93} INFO - 	sasl.login.refresh.window.jitter = 0.05
[2025-07-18T15:34:10.260+0000] {subprocess.py:93} INFO - 	sasl.login.retry.backoff.max.ms = 10000
[2025-07-18T15:34:10.260+0000] {subprocess.py:93} INFO - 	sasl.login.retry.backoff.ms = 100
[2025-07-18T15:34:10.260+0000] {subprocess.py:93} INFO - 	sasl.mechanism = GSSAPI
[2025-07-18T15:34:10.260+0000] {subprocess.py:93} INFO - 	sasl.oauthbearer.clock.skew.seconds = 30
[2025-07-18T15:34:10.260+0000] {subprocess.py:93} INFO - 	sasl.oauthbearer.expected.audience = null
[2025-07-18T15:34:10.260+0000] {subprocess.py:93} INFO - 	sasl.oauthbearer.expected.issuer = null
[2025-07-18T15:34:10.260+0000] {subprocess.py:93} INFO - 	sasl.oauthbearer.jwks.endpoint.refresh.ms = 3600000
[2025-07-18T15:34:10.260+0000] {subprocess.py:93} INFO - 	sasl.oauthbearer.jwks.endpoint.retry.backoff.max.ms = 10000
[2025-07-18T15:34:10.261+0000] {subprocess.py:93} INFO - 	sasl.oauthbearer.jwks.endpoint.retry.backoff.ms = 100
[2025-07-18T15:34:10.261+0000] {subprocess.py:93} INFO - 	sasl.oauthbearer.jwks.endpoint.url = null
[2025-07-18T15:34:10.262+0000] {subprocess.py:93} INFO - 	sasl.oauthbearer.scope.claim.name = scope
[2025-07-18T15:34:10.262+0000] {subprocess.py:93} INFO - 	sasl.oauthbearer.sub.claim.name = sub
[2025-07-18T15:34:10.262+0000] {subprocess.py:93} INFO - 	sasl.oauthbearer.token.endpoint.url = null
[2025-07-18T15:34:10.262+0000] {subprocess.py:93} INFO - 	security.protocol = PLAINTEXT
[2025-07-18T15:34:10.262+0000] {subprocess.py:93} INFO - 	security.providers = null
[2025-07-18T15:34:10.263+0000] {subprocess.py:93} INFO - 	send.buffer.bytes = 131072
[2025-07-18T15:34:10.263+0000] {subprocess.py:93} INFO - 	socket.connection.setup.timeout.max.ms = 30000
[2025-07-18T15:34:10.263+0000] {subprocess.py:93} INFO - 	socket.connection.setup.timeout.ms = 10000
[2025-07-18T15:34:10.263+0000] {subprocess.py:93} INFO - 	ssl.cipher.suites = null
[2025-07-18T15:34:10.264+0000] {subprocess.py:93} INFO - 	ssl.enabled.protocols = [TLSv1.2, TLSv1.3]
[2025-07-18T15:34:10.264+0000] {subprocess.py:93} INFO - 	ssl.endpoint.identification.algorithm = https
[2025-07-18T15:34:10.264+0000] {subprocess.py:93} INFO - 	ssl.engine.factory.class = null
[2025-07-18T15:34:10.264+0000] {subprocess.py:93} INFO - 	ssl.key.password = null
[2025-07-18T15:34:10.264+0000] {subprocess.py:93} INFO - 	ssl.keymanager.algorithm = SunX509
[2025-07-18T15:34:10.264+0000] {subprocess.py:93} INFO - 	ssl.keystore.certificate.chain = null
[2025-07-18T15:34:10.264+0000] {subprocess.py:93} INFO - 	ssl.keystore.key = null
[2025-07-18T15:34:10.264+0000] {subprocess.py:93} INFO - 	ssl.keystore.location = null
[2025-07-18T15:34:10.264+0000] {subprocess.py:93} INFO - 	ssl.keystore.password = null
[2025-07-18T15:34:10.264+0000] {subprocess.py:93} INFO - 	ssl.keystore.type = JKS
[2025-07-18T15:34:10.265+0000] {subprocess.py:93} INFO - 	ssl.protocol = TLSv1.3
[2025-07-18T15:34:10.265+0000] {subprocess.py:93} INFO - 	ssl.provider = null
[2025-07-18T15:34:10.265+0000] {subprocess.py:93} INFO - 	ssl.secure.random.implementation = null
[2025-07-18T15:34:10.265+0000] {subprocess.py:93} INFO - 	ssl.trustmanager.algorithm = PKIX
[2025-07-18T15:34:10.265+0000] {subprocess.py:93} INFO - 	ssl.truststore.certificates = null
[2025-07-18T15:34:10.265+0000] {subprocess.py:93} INFO - 	ssl.truststore.location = null
[2025-07-18T15:34:10.265+0000] {subprocess.py:93} INFO - 	ssl.truststore.password = null
[2025-07-18T15:34:10.265+0000] {subprocess.py:93} INFO - 	ssl.truststore.type = JKS
[2025-07-18T15:34:10.265+0000] {subprocess.py:93} INFO - 
[2025-07-18T15:34:10.299+0000] {subprocess.py:93} INFO - 25/07/18 15:34:10 INFO AdminClientConfig: These configurations '[key.deserializer, value.deserializer, enable.auto.commit, max.poll.records, auto.offset.reset]' were supplied but are not used yet.
[2025-07-18T15:34:10.300+0000] {subprocess.py:93} INFO - 25/07/18 15:34:10 INFO AdminClientConfig: These configurations '[key.deserializer, value.deserializer, enable.auto.commit, max.poll.records, auto.offset.reset]' were supplied but are not used yet.
[2025-07-18T15:34:10.300+0000] {subprocess.py:93} INFO - 25/07/18 15:34:10 INFO AppInfoParser: Kafka version: 3.5.1
[2025-07-18T15:34:10.301+0000] {subprocess.py:93} INFO - 25/07/18 15:34:10 INFO AppInfoParser: Kafka commitId: 2c6fb6c54472e90a
[2025-07-18T15:34:10.302+0000] {subprocess.py:93} INFO - 25/07/18 15:34:10 INFO AppInfoParser: Kafka startTimeMs: 1752852850290
[2025-07-18T15:34:10.303+0000] {subprocess.py:93} INFO - 25/07/18 15:34:10 INFO AppInfoParser: Kafka version: 3.5.1
[2025-07-18T15:34:10.304+0000] {subprocess.py:93} INFO - 25/07/18 15:34:10 INFO AppInfoParser: Kafka commitId: 2c6fb6c54472e90a
[2025-07-18T15:34:10.305+0000] {subprocess.py:93} INFO - 25/07/18 15:34:10 INFO AppInfoParser: Kafka startTimeMs: 1752852850290
[2025-07-18T15:34:10.329+0000] {subprocess.py:93} INFO - 25/07/18 15:34:10 INFO BaseMetastoreCatalog: Table loaded by catalog: my_catalog.bronze.Feedback_raw
[2025-07-18T15:34:10.332+0000] {subprocess.py:93} INFO - 25/07/18 15:34:10 INFO ResolveWriteToStream: Checkpoint root /tmp/checkpoints/feedback resolved to file:/tmp/checkpoints/feedback.
[2025-07-18T15:34:10.332+0000] {subprocess.py:93} INFO - 25/07/18 15:34:10 WARN ResolveWriteToStream: spark.sql.adaptive.enabled is not supported in streaming DataFrames/Datasets and will be disabled.
[2025-07-18T15:34:10.340+0000] {subprocess.py:93} INFO - 25/07/18 15:34:10 INFO MicroBatchExecution: Starting [id = d3aff090-24bc-4a1c-938f-fc839231598c, runId = 23a8addb-d1ba-4221-a882-c07efc768705]. Use file:/tmp/checkpoints/feedback to store the query checkpoint.
[2025-07-18T15:34:10.341+0000] {subprocess.py:93} INFO - 25/07/18 15:34:10 INFO MicroBatchExecution: Reading table [org.apache.spark.sql.kafka010.KafkaSourceProvider$KafkaTable@6093f34] from DataSourceV2 named 'kafka' [org.apache.spark.sql.kafka010.KafkaSourceProvider@8cec05d]
[2025-07-18T15:34:10.344+0000] {subprocess.py:93} INFO - 25/07/18 15:34:10 INFO OffsetSeqLog: BatchIds found from listing: 0, 1, 2, 3, 4, 5, 6, 7, 8, 9, 10, 11, 12, 13, 14
[2025-07-18T15:34:10.345+0000] {subprocess.py:93} INFO - 25/07/18 15:34:10 INFO OffsetSeqLog: Getting latest batch 14
[2025-07-18T15:34:10.347+0000] {subprocess.py:93} INFO - 25/07/18 15:34:10 INFO OffsetSeqLog: BatchIds found from listing: 0, 1, 2, 3, 4, 5, 6, 7, 8, 9, 10, 11, 12, 13, 14
[2025-07-18T15:34:10.349+0000] {subprocess.py:93} INFO - 25/07/18 15:34:10 INFO OffsetSeqLog: Getting latest batch 14
[2025-07-18T15:34:10.349+0000] {subprocess.py:93} INFO - 25/07/18 15:34:10 INFO CommitLog: BatchIds found from listing: 0, 1, 2, 3, 4, 5, 6, 7, 8, 9, 10, 11, 12, 13, 14
[2025-07-18T15:34:10.350+0000] {subprocess.py:93} INFO - 25/07/18 15:34:10 INFO CommitLog: Getting latest batch 14
[2025-07-18T15:34:10.350+0000] {subprocess.py:93} INFO - 25/07/18 15:34:10 INFO MicroBatchExecution: Resuming at batch 15 with committed offsets {KafkaV2[Subscribe[feedback]]: {"feedback":{"0":57}}} and available offsets {KafkaV2[Subscribe[feedback]]: {"feedback":{"0":57}}}
[2025-07-18T15:34:10.351+0000] {subprocess.py:93} INFO - 25/07/18 15:34:10 INFO MicroBatchExecution: Stream started from {KafkaV2[Subscribe[feedback]]: {"feedback":{"0":57}}}
[2025-07-18T15:34:10.352+0000] {subprocess.py:93} INFO - 25/07/18 15:34:10 INFO AdminClientConfig: AdminClientConfig values:
[2025-07-18T15:34:10.353+0000] {subprocess.py:93} INFO - 	auto.include.jmx.reporter = true
[2025-07-18T15:34:10.353+0000] {subprocess.py:93} INFO - 	bootstrap.servers = [kafka:9092]
[2025-07-18T15:34:10.353+0000] {subprocess.py:93} INFO - 	client.dns.lookup = use_all_dns_ips
[2025-07-18T15:34:10.354+0000] {subprocess.py:93} INFO - 	client.id =
[2025-07-18T15:34:10.354+0000] {subprocess.py:93} INFO - 	connections.max.idle.ms = 300000
[2025-07-18T15:34:10.355+0000] {subprocess.py:93} INFO - 	default.api.timeout.ms = 60000
[2025-07-18T15:34:10.355+0000] {subprocess.py:93} INFO - 	metadata.max.age.ms = 300000
[2025-07-18T15:34:10.355+0000] {subprocess.py:93} INFO - 	metric.reporters = []
[2025-07-18T15:34:10.355+0000] {subprocess.py:93} INFO - 	metrics.num.samples = 2
[2025-07-18T15:34:10.355+0000] {subprocess.py:93} INFO - 	metrics.recording.level = INFO
[2025-07-18T15:34:10.355+0000] {subprocess.py:93} INFO - 	metrics.sample.window.ms = 30000
[2025-07-18T15:34:10.356+0000] {subprocess.py:93} INFO - 	receive.buffer.bytes = 65536
[2025-07-18T15:34:10.356+0000] {subprocess.py:93} INFO - 	reconnect.backoff.max.ms = 1000
[2025-07-18T15:34:10.356+0000] {subprocess.py:93} INFO - 	reconnect.backoff.ms = 50
[2025-07-18T15:34:10.356+0000] {subprocess.py:93} INFO - 	request.timeout.ms = 30000
[2025-07-18T15:34:10.356+0000] {subprocess.py:93} INFO - 	retries = 2147483647
[2025-07-18T15:34:10.356+0000] {subprocess.py:93} INFO - 	retry.backoff.ms = 100
[2025-07-18T15:34:10.356+0000] {subprocess.py:93} INFO - 	sasl.client.callback.handler.class = null
[2025-07-18T15:34:10.356+0000] {subprocess.py:93} INFO - 	sasl.jaas.config = null
[2025-07-18T15:34:10.356+0000] {subprocess.py:93} INFO - 	sasl.kerberos.kinit.cmd = /usr/bin/kinit
[2025-07-18T15:34:10.356+0000] {subprocess.py:93} INFO - 	sasl.kerberos.min.time.before.relogin = 60000
[2025-07-18T15:34:10.357+0000] {subprocess.py:93} INFO - 	sasl.kerberos.service.name = null
[2025-07-18T15:34:10.357+0000] {subprocess.py:93} INFO - 	sasl.kerberos.ticket.renew.jitter = 0.05
[2025-07-18T15:34:10.357+0000] {subprocess.py:93} INFO - 	sasl.kerberos.ticket.renew.window.factor = 0.8
[2025-07-18T15:34:10.357+0000] {subprocess.py:93} INFO - 	sasl.login.callback.handler.class = null
[2025-07-18T15:34:10.357+0000] {subprocess.py:93} INFO - 	sasl.login.class = null
[2025-07-18T15:34:10.357+0000] {subprocess.py:93} INFO - 	sasl.login.connect.timeout.ms = null
[2025-07-18T15:34:10.357+0000] {subprocess.py:93} INFO - 	sasl.login.read.timeout.ms = null
[2025-07-18T15:34:10.357+0000] {subprocess.py:93} INFO - 	sasl.login.refresh.buffer.seconds = 300
[2025-07-18T15:34:10.357+0000] {subprocess.py:93} INFO - 	sasl.login.refresh.min.period.seconds = 60
[2025-07-18T15:34:10.358+0000] {subprocess.py:93} INFO - 	sasl.login.refresh.window.factor = 0.8
[2025-07-18T15:34:10.358+0000] {subprocess.py:93} INFO - 	sasl.login.refresh.window.jitter = 0.05
[2025-07-18T15:34:10.358+0000] {subprocess.py:93} INFO - 	sasl.login.retry.backoff.max.ms = 10000
[2025-07-18T15:34:10.358+0000] {subprocess.py:93} INFO - 	sasl.login.retry.backoff.ms = 100
[2025-07-18T15:34:10.358+0000] {subprocess.py:93} INFO - 	sasl.mechanism = GSSAPI
[2025-07-18T15:34:10.358+0000] {subprocess.py:93} INFO - 	sasl.oauthbearer.clock.skew.seconds = 30
[2025-07-18T15:34:10.358+0000] {subprocess.py:93} INFO - 	sasl.oauthbearer.expected.audience = null
[2025-07-18T15:34:10.358+0000] {subprocess.py:93} INFO - 	sasl.oauthbearer.expected.issuer = null
[2025-07-18T15:34:10.358+0000] {subprocess.py:93} INFO - 	sasl.oauthbearer.jwks.endpoint.refresh.ms = 3600000
[2025-07-18T15:34:10.358+0000] {subprocess.py:93} INFO - 	sasl.oauthbearer.jwks.endpoint.retry.backoff.max.ms = 10000
[2025-07-18T15:34:10.359+0000] {subprocess.py:93} INFO - 	sasl.oauthbearer.jwks.endpoint.retry.backoff.ms = 100
[2025-07-18T15:34:10.359+0000] {subprocess.py:93} INFO - 	sasl.oauthbearer.jwks.endpoint.url = null
[2025-07-18T15:34:10.359+0000] {subprocess.py:93} INFO - 	sasl.oauthbearer.scope.claim.name = scope
[2025-07-18T15:34:10.360+0000] {subprocess.py:93} INFO - 	sasl.oauthbearer.sub.claim.name = sub
[2025-07-18T15:34:10.360+0000] {subprocess.py:93} INFO - 	sasl.oauthbearer.token.endpoint.url = null
[2025-07-18T15:34:10.360+0000] {subprocess.py:93} INFO - 	security.protocol = PLAINTEXT
[2025-07-18T15:34:10.361+0000] {subprocess.py:93} INFO - 	security.providers = null
[2025-07-18T15:34:10.361+0000] {subprocess.py:93} INFO - 	send.buffer.bytes = 131072
[2025-07-18T15:34:10.361+0000] {subprocess.py:93} INFO - 	socket.connection.setup.timeout.max.ms = 30000
[2025-07-18T15:34:10.361+0000] {subprocess.py:93} INFO - 	socket.connection.setup.timeout.ms = 10000
[2025-07-18T15:34:10.361+0000] {subprocess.py:93} INFO - 	ssl.cipher.suites = null
[2025-07-18T15:34:10.361+0000] {subprocess.py:93} INFO - 	ssl.enabled.protocols = [TLSv1.2, TLSv1.3]
[2025-07-18T15:34:10.362+0000] {subprocess.py:93} INFO - 	ssl.endpoint.identification.algorithm = https
[2025-07-18T15:34:10.362+0000] {subprocess.py:93} INFO - 	ssl.engine.factory.class = null
[2025-07-18T15:34:10.362+0000] {subprocess.py:93} INFO - 	ssl.key.password = null
[2025-07-18T15:34:10.362+0000] {subprocess.py:93} INFO - 	ssl.keymanager.algorithm = SunX509
[2025-07-18T15:34:10.362+0000] {subprocess.py:93} INFO - 	ssl.keystore.certificate.chain = null
[2025-07-18T15:34:10.362+0000] {subprocess.py:93} INFO - 	ssl.keystore.key = null
[2025-07-18T15:34:10.362+0000] {subprocess.py:93} INFO - 	ssl.keystore.location = null
[2025-07-18T15:34:10.362+0000] {subprocess.py:93} INFO - 	ssl.keystore.password = null
[2025-07-18T15:34:10.363+0000] {subprocess.py:93} INFO - 	ssl.keystore.type = JKS
[2025-07-18T15:34:10.363+0000] {subprocess.py:93} INFO - 	ssl.protocol = TLSv1.3
[2025-07-18T15:34:10.363+0000] {subprocess.py:93} INFO - 	ssl.provider = null
[2025-07-18T15:34:10.363+0000] {subprocess.py:93} INFO - 	ssl.secure.random.implementation = null
[2025-07-18T15:34:10.363+0000] {subprocess.py:93} INFO - 	ssl.trustmanager.algorithm = PKIX
[2025-07-18T15:34:10.363+0000] {subprocess.py:93} INFO - 	ssl.truststore.certificates = null
[2025-07-18T15:34:10.363+0000] {subprocess.py:93} INFO - 	ssl.truststore.location = null
[2025-07-18T15:34:10.363+0000] {subprocess.py:93} INFO - 	ssl.truststore.password = null
[2025-07-18T15:34:10.363+0000] {subprocess.py:93} INFO - 	ssl.truststore.type = JKS
[2025-07-18T15:34:10.363+0000] {subprocess.py:93} INFO - 
[2025-07-18T15:34:10.363+0000] {subprocess.py:93} INFO - 25/07/18 15:34:10 INFO AdminClientConfig: These configurations '[key.deserializer, value.deserializer, enable.auto.commit, max.poll.records, auto.offset.reset]' were supplied but are not used yet.
[2025-07-18T15:34:10.363+0000] {subprocess.py:93} INFO - 25/07/18 15:34:10 INFO AppInfoParser: Kafka version: 3.5.1
[2025-07-18T15:34:10.364+0000] {subprocess.py:93} INFO - 25/07/18 15:34:10 INFO AppInfoParser: Kafka commitId: 2c6fb6c54472e90a
[2025-07-18T15:34:10.364+0000] {subprocess.py:93} INFO - 25/07/18 15:34:10 INFO AppInfoParser: Kafka startTimeMs: 1752852850353
[2025-07-18T15:34:20.526+0000] {subprocess.py:93} INFO - 25/07/18 15:34:20 INFO MicroBatchExecution: Streaming query has been idle and waiting for new data more than 10000 ms.
[2025-07-18T15:34:20.528+0000] {subprocess.py:93} INFO - 25/07/18 15:34:20 INFO MicroBatchExecution: Streaming query has been idle and waiting for new data more than 10000 ms.
[2025-07-18T15:34:20.528+0000] {subprocess.py:93} INFO - 25/07/18 15:34:20 INFO MicroBatchExecution: Streaming query has been idle and waiting for new data more than 10000 ms.
[2025-07-18T15:34:30.531+0000] {subprocess.py:93} INFO - 25/07/18 15:34:30 INFO MicroBatchExecution: Streaming query has been idle and waiting for new data more than 10000 ms.
[2025-07-18T15:34:30.532+0000] {subprocess.py:93} INFO - 25/07/18 15:34:30 INFO MicroBatchExecution: Streaming query has been idle and waiting for new data more than 10000 ms.
[2025-07-18T15:34:30.532+0000] {subprocess.py:93} INFO - 25/07/18 15:34:30 INFO MicroBatchExecution: Streaming query has been idle and waiting for new data more than 10000 ms.
[2025-07-18T15:34:40.541+0000] {subprocess.py:93} INFO - 25/07/18 15:34:40 INFO MicroBatchExecution: Streaming query has been idle and waiting for new data more than 10000 ms.
[2025-07-18T15:34:40.543+0000] {subprocess.py:93} INFO - 25/07/18 15:34:40 INFO MicroBatchExecution: Streaming query has been idle and waiting for new data more than 10000 ms.
[2025-07-18T15:34:40.545+0000] {subprocess.py:93} INFO - 25/07/18 15:34:40 INFO MicroBatchExecution: Streaming query has been idle and waiting for new data more than 10000 ms.
[2025-07-18T15:34:50.543+0000] {subprocess.py:93} INFO - 25/07/18 15:34:50 INFO MicroBatchExecution: Streaming query has been idle and waiting for new data more than 10000 ms.
[2025-07-18T15:34:50.545+0000] {subprocess.py:93} INFO - 25/07/18 15:34:50 INFO MicroBatchExecution: Streaming query has been idle and waiting for new data more than 10000 ms.
[2025-07-18T15:34:50.554+0000] {subprocess.py:93} INFO - 25/07/18 15:34:50 INFO MicroBatchExecution: Streaming query has been idle and waiting for new data more than 10000 ms.
[2025-07-18T15:35:00.547+0000] {subprocess.py:93} INFO - 25/07/18 15:35:00 INFO MicroBatchExecution: Streaming query has been idle and waiting for new data more than 10000 ms.
[2025-07-18T15:35:00.549+0000] {subprocess.py:93} INFO - 25/07/18 15:35:00 INFO MicroBatchExecution: Streaming query has been idle and waiting for new data more than 10000 ms.
[2025-07-18T15:35:00.556+0000] {subprocess.py:93} INFO - 25/07/18 15:35:00 INFO MicroBatchExecution: Streaming query has been idle and waiting for new data more than 10000 ms.
[2025-07-18T15:35:10.543+0000] {subprocess.py:93} INFO - 25/07/18 15:35:10 INFO MicroBatchExecution: Streaming query has been idle and waiting for new data more than 10000 ms.
[2025-07-18T15:35:10.545+0000] {subprocess.py:93} INFO - 25/07/18 15:35:10 INFO MicroBatchExecution: Streaming query has been idle and waiting for new data more than 10000 ms.
[2025-07-18T15:35:10.555+0000] {subprocess.py:93} INFO - 25/07/18 15:35:10 INFO MicroBatchExecution: Streaming query has been idle and waiting for new data more than 10000 ms.
[2025-07-18T15:35:20.555+0000] {subprocess.py:93} INFO - 25/07/18 15:35:20 INFO MicroBatchExecution: Streaming query has been idle and waiting for new data more than 10000 ms.
[2025-07-18T15:35:20.556+0000] {subprocess.py:93} INFO - 25/07/18 15:35:20 INFO MicroBatchExecution: Streaming query has been idle and waiting for new data more than 10000 ms.
[2025-07-18T15:35:20.568+0000] {subprocess.py:93} INFO - 25/07/18 15:35:20 INFO MicroBatchExecution: Streaming query has been idle and waiting for new data more than 10000 ms.
[2025-07-18T15:35:30.556+0000] {subprocess.py:93} INFO - 25/07/18 15:35:30 INFO MicroBatchExecution: Streaming query has been idle and waiting for new data more than 10000 ms.
[2025-07-18T15:35:30.558+0000] {subprocess.py:93} INFO - 25/07/18 15:35:30 INFO MicroBatchExecution: Streaming query has been idle and waiting for new data more than 10000 ms.
[2025-07-18T15:35:30.568+0000] {subprocess.py:93} INFO - 25/07/18 15:35:30 INFO MicroBatchExecution: Streaming query has been idle and waiting for new data more than 10000 ms.
[2025-07-18T15:35:40.564+0000] {subprocess.py:93} INFO - 25/07/18 15:35:40 INFO MicroBatchExecution: Streaming query has been idle and waiting for new data more than 10000 ms.
[2025-07-18T15:35:40.565+0000] {subprocess.py:93} INFO - 25/07/18 15:35:40 INFO MicroBatchExecution: Streaming query has been idle and waiting for new data more than 10000 ms.
[2025-07-18T15:35:40.577+0000] {subprocess.py:93} INFO - 25/07/18 15:35:40 INFO MicroBatchExecution: Streaming query has been idle and waiting for new data more than 10000 ms.
[2025-07-18T15:35:50.564+0000] {subprocess.py:93} INFO - 25/07/18 15:35:50 INFO MicroBatchExecution: Streaming query has been idle and waiting for new data more than 10000 ms.
[2025-07-18T15:35:50.564+0000] {subprocess.py:93} INFO - 25/07/18 15:35:50 INFO MicroBatchExecution: Streaming query has been idle and waiting for new data more than 10000 ms.
[2025-07-18T15:35:50.587+0000] {subprocess.py:93} INFO - 25/07/18 15:35:50 INFO MicroBatchExecution: Streaming query has been idle and waiting for new data more than 10000 ms.
[2025-07-18T15:36:00.574+0000] {subprocess.py:93} INFO - 25/07/18 15:36:00 INFO MicroBatchExecution: Streaming query has been idle and waiting for new data more than 10000 ms.
[2025-07-18T15:36:00.575+0000] {subprocess.py:93} INFO - 25/07/18 15:36:00 INFO MicroBatchExecution: Streaming query has been idle and waiting for new data more than 10000 ms.
[2025-07-18T15:36:00.598+0000] {subprocess.py:93} INFO - 25/07/18 15:36:00 INFO MicroBatchExecution: Streaming query has been idle and waiting for new data more than 10000 ms.
[2025-07-18T15:36:01.901+0000] {subprocess.py:93} INFO - 25/07/18 15:36:01 INFO CheckpointFileManager: Writing atomically to file:/tmp/checkpoints/reservations/offsets/15 using temp file file:/tmp/checkpoints/reservations/offsets/.15.8d294c95-118b-4818-b495-de9d874c59e8.tmp
[2025-07-18T15:36:01.914+0000] {subprocess.py:93} INFO - 25/07/18 15:36:01 WARN CheckpointFileManager: Failed to rename temp file file:/tmp/checkpoints/reservations/offsets/.15.8d294c95-118b-4818-b495-de9d874c59e8.tmp to file:/tmp/checkpoints/reservations/offsets/15 because file exists
[2025-07-18T15:36:01.914+0000] {subprocess.py:93} INFO - org.apache.hadoop.fs.FileAlreadyExistsException: rename destination file:/tmp/checkpoints/reservations/offsets/15 already exists.
[2025-07-18T15:36:01.914+0000] {subprocess.py:93} INFO - 	at org.apache.hadoop.fs.FileSystem.rename(FileSystem.java:1600)
[2025-07-18T15:36:01.915+0000] {subprocess.py:93} INFO - 	at org.apache.hadoop.fs.DelegateToFileSystem.renameInternal(DelegateToFileSystem.java:206)
[2025-07-18T15:36:01.915+0000] {subprocess.py:93} INFO - 	at org.apache.hadoop.fs.AbstractFileSystem.renameInternal(AbstractFileSystem.java:790)
[2025-07-18T15:36:01.915+0000] {subprocess.py:93} INFO - 	at org.apache.hadoop.fs.AbstractFileSystem.rename(AbstractFileSystem.java:720)
[2025-07-18T15:36:01.915+0000] {subprocess.py:93} INFO - 	at org.apache.hadoop.fs.ChecksumFs.renameInternal(ChecksumFs.java:489)
[2025-07-18T15:36:01.916+0000] {subprocess.py:93} INFO - 	at org.apache.hadoop.fs.AbstractFileSystem.rename(AbstractFileSystem.java:720)
[2025-07-18T15:36:01.916+0000] {subprocess.py:93} INFO - 	at org.apache.hadoop.fs.FileContext.rename(FileContext.java:1036)
[2025-07-18T15:36:01.916+0000] {subprocess.py:93} INFO - 	at org.apache.spark.sql.execution.streaming.FileContextBasedCheckpointFileManager.renameTempFile(CheckpointFileManager.scala:372)
[2025-07-18T15:36:01.916+0000] {subprocess.py:93} INFO - 	at org.apache.spark.sql.execution.streaming.CheckpointFileManager$RenameBasedFSDataOutputStream.close(CheckpointFileManager.scala:154)
[2025-07-18T15:36:01.916+0000] {subprocess.py:93} INFO - 	at org.apache.spark.sql.execution.streaming.HDFSMetadataLog.write(HDFSMetadataLog.scala:204)
[2025-07-18T15:36:01.917+0000] {subprocess.py:93} INFO - 	at org.apache.spark.sql.execution.streaming.HDFSMetadataLog.addNewBatchByStream(HDFSMetadataLog.scala:237)
[2025-07-18T15:36:01.917+0000] {subprocess.py:93} INFO - 	at org.apache.spark.sql.execution.streaming.HDFSMetadataLog.add(HDFSMetadataLog.scala:130)
[2025-07-18T15:36:01.918+0000] {subprocess.py:93} INFO - 	at org.apache.spark.sql.execution.streaming.MicroBatchExecution.markMicroBatchStart(MicroBatchExecution.scala:764)
[2025-07-18T15:36:01.918+0000] {subprocess.py:93} INFO - 	at org.apache.spark.sql.execution.streaming.MicroBatchExecution.$anonfun$constructNextBatch$13(MicroBatchExecution.scala:536)
[2025-07-18T15:36:01.919+0000] {subprocess.py:93} INFO - 	at scala.runtime.java8.JFunction0$mcV$sp.apply(JFunction0$mcV$sp.java:23)
[2025-07-18T15:36:01.919+0000] {subprocess.py:93} INFO - 	at org.apache.spark.sql.execution.streaming.ProgressReporter.reportTimeTaken(ProgressReporter.scala:427)
[2025-07-18T15:36:01.920+0000] {subprocess.py:93} INFO - 	at org.apache.spark.sql.execution.streaming.ProgressReporter.reportTimeTaken$(ProgressReporter.scala:425)
[2025-07-18T15:36:01.920+0000] {subprocess.py:93} INFO - 	at org.apache.spark.sql.execution.streaming.StreamExecution.reportTimeTaken(StreamExecution.scala:67)
[2025-07-18T15:36:01.921+0000] {subprocess.py:93} INFO - 	at org.apache.spark.sql.execution.streaming.MicroBatchExecution.$anonfun$constructNextBatch$1(MicroBatchExecution.scala:535)
[2025-07-18T15:36:01.921+0000] {subprocess.py:93} INFO - 	at scala.runtime.java8.JFunction0$mcZ$sp.apply(JFunction0$mcZ$sp.java:23)
[2025-07-18T15:36:01.922+0000] {subprocess.py:93} INFO - 	at org.apache.spark.sql.execution.streaming.MicroBatchExecution.withProgressLocked(MicroBatchExecution.scala:810)
[2025-07-18T15:36:01.922+0000] {subprocess.py:93} INFO - 	at org.apache.spark.sql.execution.streaming.MicroBatchExecution.constructNextBatch(MicroBatchExecution.scala:475)
[2025-07-18T15:36:01.923+0000] {subprocess.py:93} INFO - 	at org.apache.spark.sql.execution.streaming.MicroBatchExecution.$anonfun$runActivatedStream$2(MicroBatchExecution.scala:268)
[2025-07-18T15:36:01.923+0000] {subprocess.py:93} INFO - 	at scala.runtime.java8.JFunction0$mcV$sp.apply(JFunction0$mcV$sp.java:23)
[2025-07-18T15:36:01.923+0000] {subprocess.py:93} INFO - 	at org.apache.spark.sql.execution.streaming.ProgressReporter.reportTimeTaken(ProgressReporter.scala:427)
[2025-07-18T15:36:01.924+0000] {subprocess.py:93} INFO - 	at org.apache.spark.sql.execution.streaming.ProgressReporter.reportTimeTaken$(ProgressReporter.scala:425)
[2025-07-18T15:36:01.924+0000] {subprocess.py:93} INFO - 	at org.apache.spark.sql.execution.streaming.StreamExecution.reportTimeTaken(StreamExecution.scala:67)
[2025-07-18T15:36:01.924+0000] {subprocess.py:93} INFO - 	at org.apache.spark.sql.execution.streaming.MicroBatchExecution.$anonfun$runActivatedStream$1(MicroBatchExecution.scala:249)
[2025-07-18T15:36:01.924+0000] {subprocess.py:93} INFO - 	at org.apache.spark.sql.execution.streaming.ProcessingTimeExecutor.execute(TriggerExecutor.scala:67)
[2025-07-18T15:36:01.925+0000] {subprocess.py:93} INFO - 	at org.apache.spark.sql.execution.streaming.MicroBatchExecution.runActivatedStream(MicroBatchExecution.scala:239)
[2025-07-18T15:36:01.925+0000] {subprocess.py:93} INFO - 	at org.apache.spark.sql.execution.streaming.StreamExecution.$anonfun$runStream$1(StreamExecution.scala:311)
[2025-07-18T15:36:01.925+0000] {subprocess.py:93} INFO - 	at scala.runtime.java8.JFunction0$mcV$sp.apply(JFunction0$mcV$sp.java:23)
[2025-07-18T15:36:01.925+0000] {subprocess.py:93} INFO - 	at org.apache.spark.sql.SparkSession.withActive(SparkSession.scala:900)
[2025-07-18T15:36:01.925+0000] {subprocess.py:93} INFO - 	at org.apache.spark.sql.execution.streaming.StreamExecution.org$apache$spark$sql$execution$streaming$StreamExecution$$runStream(StreamExecution.scala:289)
[2025-07-18T15:36:01.925+0000] {subprocess.py:93} INFO - 	at org.apache.spark.sql.execution.streaming.StreamExecution$$anon$1.$anonfun$run$1(StreamExecution.scala:211)
[2025-07-18T15:36:01.925+0000] {subprocess.py:93} INFO - 	at scala.runtime.java8.JFunction0$mcV$sp.apply(JFunction0$mcV$sp.java:23)
[2025-07-18T15:36:01.926+0000] {subprocess.py:93} INFO - 	at org.apache.spark.JobArtifactSet$.withActiveJobArtifactState(JobArtifactSet.scala:94)
[2025-07-18T15:36:01.926+0000] {subprocess.py:93} INFO - 	at org.apache.spark.sql.execution.streaming.StreamExecution$$anon$1.run(StreamExecution.scala:211)
[2025-07-18T15:36:02.160+0000] {subprocess.py:93} INFO - 25/07/18 15:36:02 ERROR MicroBatchExecution: Query [id = 0314df7c-5598-4928-8d91-374ee67989d1, runId = 5b288a0b-e7e4-41ad-8da0-15a55f2b87c2] terminated with error
[2025-07-18T15:36:02.160+0000] {subprocess.py:93} INFO - org.apache.spark.SparkConcurrentModificationException: Multiple streaming queries are concurrently using file:/tmp/checkpoints/reservations/offsets.
[2025-07-18T15:36:02.160+0000] {subprocess.py:93} INFO - 	at org.apache.spark.sql.errors.QueryExecutionErrors$.multiStreamingQueriesUsingPathConcurrentlyError(QueryExecutionErrors.scala:1858)
[2025-07-18T15:36:02.160+0000] {subprocess.py:93} INFO - 	at org.apache.spark.sql.execution.streaming.HDFSMetadataLog.write(HDFSMetadataLog.scala:210)
[2025-07-18T15:36:02.161+0000] {subprocess.py:93} INFO - 	at org.apache.spark.sql.execution.streaming.HDFSMetadataLog.addNewBatchByStream(HDFSMetadataLog.scala:237)
[2025-07-18T15:36:02.161+0000] {subprocess.py:93} INFO - 	at org.apache.spark.sql.execution.streaming.HDFSMetadataLog.add(HDFSMetadataLog.scala:130)
[2025-07-18T15:36:02.161+0000] {subprocess.py:93} INFO - 	at org.apache.spark.sql.execution.streaming.MicroBatchExecution.markMicroBatchStart(MicroBatchExecution.scala:764)
[2025-07-18T15:36:02.161+0000] {subprocess.py:93} INFO - 	at org.apache.spark.sql.execution.streaming.MicroBatchExecution.$anonfun$constructNextBatch$13(MicroBatchExecution.scala:536)
[2025-07-18T15:36:02.161+0000] {subprocess.py:93} INFO - 	at scala.runtime.java8.JFunction0$mcV$sp.apply(JFunction0$mcV$sp.java:23)
[2025-07-18T15:36:02.161+0000] {subprocess.py:93} INFO - 	at org.apache.spark.sql.execution.streaming.ProgressReporter.reportTimeTaken(ProgressReporter.scala:427)
[2025-07-18T15:36:02.161+0000] {subprocess.py:93} INFO - 	at org.apache.spark.sql.execution.streaming.ProgressReporter.reportTimeTaken$(ProgressReporter.scala:425)
[2025-07-18T15:36:02.162+0000] {subprocess.py:93} INFO - 	at org.apache.spark.sql.execution.streaming.StreamExecution.reportTimeTaken(StreamExecution.scala:67)
[2025-07-18T15:36:02.162+0000] {subprocess.py:93} INFO - 	at org.apache.spark.sql.execution.streaming.MicroBatchExecution.$anonfun$constructNextBatch$1(MicroBatchExecution.scala:535)
[2025-07-18T15:36:02.162+0000] {subprocess.py:93} INFO - 	at scala.runtime.java8.JFunction0$mcZ$sp.apply(JFunction0$mcZ$sp.java:23)
[2025-07-18T15:36:02.162+0000] {subprocess.py:93} INFO - 	at org.apache.spark.sql.execution.streaming.MicroBatchExecution.withProgressLocked(MicroBatchExecution.scala:810)
[2025-07-18T15:36:02.162+0000] {subprocess.py:93} INFO - 	at org.apache.spark.sql.execution.streaming.MicroBatchExecution.constructNextBatch(MicroBatchExecution.scala:475)
[2025-07-18T15:36:02.162+0000] {subprocess.py:93} INFO - 	at org.apache.spark.sql.execution.streaming.MicroBatchExecution.$anonfun$runActivatedStream$2(MicroBatchExecution.scala:268)
[2025-07-18T15:36:02.162+0000] {subprocess.py:93} INFO - 	at scala.runtime.java8.JFunction0$mcV$sp.apply(JFunction0$mcV$sp.java:23)
[2025-07-18T15:36:02.162+0000] {subprocess.py:93} INFO - 	at org.apache.spark.sql.execution.streaming.ProgressReporter.reportTimeTaken(ProgressReporter.scala:427)
[2025-07-18T15:36:02.162+0000] {subprocess.py:93} INFO - 	at org.apache.spark.sql.execution.streaming.ProgressReporter.reportTimeTaken$(ProgressReporter.scala:425)
[2025-07-18T15:36:02.162+0000] {subprocess.py:93} INFO - 	at org.apache.spark.sql.execution.streaming.StreamExecution.reportTimeTaken(StreamExecution.scala:67)
[2025-07-18T15:36:02.162+0000] {subprocess.py:93} INFO - 	at org.apache.spark.sql.execution.streaming.MicroBatchExecution.$anonfun$runActivatedStream$1(MicroBatchExecution.scala:249)
[2025-07-18T15:36:02.162+0000] {subprocess.py:93} INFO - 	at org.apache.spark.sql.execution.streaming.ProcessingTimeExecutor.execute(TriggerExecutor.scala:67)
[2025-07-18T15:36:02.163+0000] {subprocess.py:93} INFO - 	at org.apache.spark.sql.execution.streaming.MicroBatchExecution.runActivatedStream(MicroBatchExecution.scala:239)
[2025-07-18T15:36:02.163+0000] {subprocess.py:93} INFO - 	at org.apache.spark.sql.execution.streaming.StreamExecution.$anonfun$runStream$1(StreamExecution.scala:311)
[2025-07-18T15:36:02.163+0000] {subprocess.py:93} INFO - 	at scala.runtime.java8.JFunction0$mcV$sp.apply(JFunction0$mcV$sp.java:23)
[2025-07-18T15:36:02.163+0000] {subprocess.py:93} INFO - 	at org.apache.spark.sql.SparkSession.withActive(SparkSession.scala:900)
[2025-07-18T15:36:02.163+0000] {subprocess.py:93} INFO - 	at org.apache.spark.sql.execution.streaming.StreamExecution.org$apache$spark$sql$execution$streaming$StreamExecution$$runStream(StreamExecution.scala:289)
[2025-07-18T15:36:02.163+0000] {subprocess.py:93} INFO - 	at org.apache.spark.sql.execution.streaming.StreamExecution$$anon$1.$anonfun$run$1(StreamExecution.scala:211)
[2025-07-18T15:36:02.163+0000] {subprocess.py:93} INFO - 	at scala.runtime.java8.JFunction0$mcV$sp.apply(JFunction0$mcV$sp.java:23)
[2025-07-18T15:36:02.163+0000] {subprocess.py:93} INFO - 	at org.apache.spark.JobArtifactSet$.withActiveJobArtifactState(JobArtifactSet.scala:94)
[2025-07-18T15:36:02.163+0000] {subprocess.py:93} INFO - 	at org.apache.spark.sql.execution.streaming.StreamExecution$$anon$1.run(StreamExecution.scala:211)
[2025-07-18T15:36:02.164+0000] {subprocess.py:93} INFO - Caused by: org.apache.hadoop.fs.FileAlreadyExistsException: rename destination file:/tmp/checkpoints/reservations/offsets/15 already exists.
[2025-07-18T15:36:02.164+0000] {subprocess.py:93} INFO - 	at org.apache.hadoop.fs.FileSystem.rename(FileSystem.java:1600)
[2025-07-18T15:36:02.165+0000] {subprocess.py:93} INFO - 	at org.apache.hadoop.fs.DelegateToFileSystem.renameInternal(DelegateToFileSystem.java:206)
[2025-07-18T15:36:02.166+0000] {subprocess.py:93} INFO - 	at org.apache.hadoop.fs.AbstractFileSystem.renameInternal(AbstractFileSystem.java:790)
[2025-07-18T15:36:02.166+0000] {subprocess.py:93} INFO - 	at org.apache.hadoop.fs.AbstractFileSystem.rename(AbstractFileSystem.java:720)
[2025-07-18T15:36:02.166+0000] {subprocess.py:93} INFO - 	at org.apache.hadoop.fs.ChecksumFs.renameInternal(ChecksumFs.java:489)
[2025-07-18T15:36:02.167+0000] {subprocess.py:93} INFO - 	at org.apache.hadoop.fs.AbstractFileSystem.rename(AbstractFileSystem.java:720)
[2025-07-18T15:36:02.170+0000] {subprocess.py:93} INFO - 	at org.apache.hadoop.fs.FileContext.rename(FileContext.java:1036)
[2025-07-18T15:36:02.170+0000] {subprocess.py:93} INFO - 	at org.apache.spark.sql.execution.streaming.FileContextBasedCheckpointFileManager.renameTempFile(CheckpointFileManager.scala:372)
[2025-07-18T15:36:02.170+0000] {subprocess.py:93} INFO - 	at org.apache.spark.sql.execution.streaming.CheckpointFileManager$RenameBasedFSDataOutputStream.close(CheckpointFileManager.scala:154)
[2025-07-18T15:36:02.171+0000] {subprocess.py:93} INFO - 	at org.apache.spark.sql.execution.streaming.HDFSMetadataLog.write(HDFSMetadataLog.scala:204)
[2025-07-18T15:36:02.171+0000] {subprocess.py:93} INFO - 	... 28 more
[2025-07-18T15:36:02.171+0000] {subprocess.py:93} INFO - 25/07/18 15:36:02 INFO AppInfoParser: App info kafka.admin.client for adminclient-1 unregistered
[2025-07-18T15:36:02.171+0000] {subprocess.py:93} INFO - 25/07/18 15:36:02 INFO Metrics: Metrics scheduler closed
[2025-07-18T15:36:02.171+0000] {subprocess.py:93} INFO - 25/07/18 15:36:02 INFO Metrics: Closing reporter org.apache.kafka.common.metrics.JmxReporter
[2025-07-18T15:36:02.171+0000] {subprocess.py:93} INFO - 25/07/18 15:36:02 INFO Metrics: Metrics reporters closed
[2025-07-18T15:36:02.171+0000] {subprocess.py:93} INFO - 25/07/18 15:36:02 INFO MicroBatchExecution: Async log purge executor pool for query [id = 0314df7c-5598-4928-8d91-374ee67989d1, runId = 5b288a0b-e7e4-41ad-8da0-15a55f2b87c2] has been shutdown
[2025-07-18T15:36:02.205+0000] {subprocess.py:93} INFO - Traceback (most recent call last):
[2025-07-18T15:36:02.205+0000] {subprocess.py:93} INFO -   File "/home/iceberg/spark/stream_to_bronze.py", line 94, in <module>
[2025-07-18T15:36:02.206+0000] {subprocess.py:93} INFO -     spark.streams.awaitAnyTermination()
[2025-07-18T15:36:02.206+0000] {subprocess.py:93} INFO -   File "/opt/bitnami/spark/python/lib/pyspark.zip/pyspark/sql/streaming/query.py", line 596, in awaitAnyTermination
[2025-07-18T15:36:02.206+0000] {subprocess.py:93} INFO -   File "/opt/bitnami/spark/python/lib/py4j-0.10.9.7-src.zip/py4j/java_gateway.py", line 1322, in __call__
[2025-07-18T15:36:02.207+0000] {subprocess.py:93} INFO -   File "/opt/bitnami/spark/python/lib/pyspark.zip/pyspark/errors/exceptions/captured.py", line 185, in deco
[2025-07-18T15:36:02.210+0000] {subprocess.py:93} INFO - pyspark.errors.exceptions.captured.StreamingQueryException: [STREAM_FAILED] Query [id = 0314df7c-5598-4928-8d91-374ee67989d1, runId = 5b288a0b-e7e4-41ad-8da0-15a55f2b87c2] terminated with exception: Multiple streaming queries are concurrently using file:/tmp/checkpoints/reservations/offsets.
[2025-07-18T15:36:02.238+0000] {subprocess.py:93} INFO - 25/07/18 15:36:02 INFO SparkContext: Invoking stop() from shutdown hook
[2025-07-18T15:36:02.238+0000] {subprocess.py:93} INFO - 25/07/18 15:36:02 INFO SparkContext: SparkContext is stopping with exitCode 0.
[2025-07-18T15:36:02.242+0000] {subprocess.py:93} INFO - 25/07/18 15:36:02 INFO SparkUI: Stopped Spark web UI at http://77cb57a6bd53:4041
[2025-07-18T15:36:02.249+0000] {subprocess.py:93} INFO - 25/07/18 15:36:02 INFO MapOutputTrackerMasterEndpoint: MapOutputTrackerMasterEndpoint stopped!
[2025-07-18T15:36:02.257+0000] {subprocess.py:93} INFO - 25/07/18 15:36:02 INFO MemoryStore: MemoryStore cleared
[2025-07-18T15:36:02.257+0000] {subprocess.py:93} INFO - 25/07/18 15:36:02 INFO BlockManager: BlockManager stopped
[2025-07-18T15:36:02.260+0000] {subprocess.py:93} INFO - 25/07/18 15:36:02 INFO BlockManagerMaster: BlockManagerMaster stopped
[2025-07-18T15:36:02.262+0000] {subprocess.py:93} INFO - 25/07/18 15:36:02 INFO OutputCommitCoordinator$OutputCommitCoordinatorEndpoint: OutputCommitCoordinator stopped!
[2025-07-18T15:36:02.267+0000] {subprocess.py:93} INFO - 25/07/18 15:36:02 INFO SparkContext: Successfully stopped SparkContext
[2025-07-18T15:36:02.267+0000] {subprocess.py:93} INFO - 25/07/18 15:36:02 INFO ShutdownHookManager: Shutdown hook called
[2025-07-18T15:36:02.267+0000] {subprocess.py:93} INFO - 25/07/18 15:36:02 INFO ShutdownHookManager: Deleting directory /tmp/spark-9bd969a7-6c5e-481c-b5d8-a85af8dcb314
[2025-07-18T15:36:02.269+0000] {subprocess.py:93} INFO - 25/07/18 15:36:02 INFO ShutdownHookManager: Deleting directory /tmp/spark-29c4e81b-5bb4-4b91-a251-8694cbf017d9
[2025-07-18T15:36:02.273+0000] {subprocess.py:93} INFO - 25/07/18 15:36:02 INFO ShutdownHookManager: Deleting directory /tmp/spark-9bd969a7-6c5e-481c-b5d8-a85af8dcb314/pyspark-8b1ecd66-9b3f-414c-afb5-5a74bb05aa9e
[2025-07-18T15:36:02.285+0000] {subprocess.py:93} INFO - 25/07/18 15:36:02 INFO MetricsSystemImpl: Stopping s3a-file-system metrics system...
[2025-07-18T15:36:02.286+0000] {subprocess.py:93} INFO - 25/07/18 15:36:02 INFO MetricsSystemImpl: s3a-file-system metrics system stopped.
[2025-07-18T15:36:02.287+0000] {subprocess.py:93} INFO - 25/07/18 15:36:02 INFO MetricsSystemImpl: s3a-file-system metrics system shutdown complete.
[2025-07-18T15:36:02.342+0000] {subprocess.py:97} INFO - Command exited with return code 1
[2025-07-18T15:36:02.359+0000] {taskinstance.py:1937} ERROR - Task failed with exception
Traceback (most recent call last):
  File "/home/airflow/.local/lib/python3.8/site-packages/airflow/operators/bash.py", line 210, in execute
    raise AirflowException(
airflow.exceptions.AirflowException: Bash command failed. The command returned a non-zero exit code 1.
[2025-07-18T15:36:02.364+0000] {taskinstance.py:1400} INFO - Marking task as FAILED. dag_id=restaurant_pipeline, task_id=stream_to_bronze, execution_date=20250718T153200, start_date=20250718T153405, end_date=20250718T153602
[2025-07-18T15:36:02.377+0000] {standard_task_runner.py:104} ERROR - Failed to execute job 114 for task stream_to_bronze (Bash command failed. The command returned a non-zero exit code 1.; 478)
[2025-07-18T15:36:02.410+0000] {local_task_job_runner.py:228} INFO - Task exited with return code 1
[2025-07-18T15:36:02.451+0000] {taskinstance.py:2778} INFO - 0 downstream tasks scheduled from follow-on schedule check
