[2025-07-18T17:14:01.642+0000] {taskinstance.py:1159} INFO - Dependencies all met for dep_context=non-requeueable deps ti=<TaskInstance: restaurant_pipeline.send_to_kafka scheduled__2025-07-18T17:12:00+00:00 [queued]>
[2025-07-18T17:14:01.647+0000] {taskinstance.py:1159} INFO - Dependencies all met for dep_context=requeueable deps ti=<TaskInstance: restaurant_pipeline.send_to_kafka scheduled__2025-07-18T17:12:00+00:00 [queued]>
[2025-07-18T17:14:01.647+0000] {taskinstance.py:1361} INFO - Starting attempt 1 of 1
[2025-07-18T17:14:01.653+0000] {taskinstance.py:1382} INFO - Executing <Task(BashOperator): send_to_kafka> on 2025-07-18 17:12:00+00:00
[2025-07-18T17:14:01.655+0000] {standard_task_runner.py:57} INFO - Started process 2331 to run task
[2025-07-18T17:14:01.657+0000] {standard_task_runner.py:84} INFO - Running: ['***', 'tasks', 'run', 'restaurant_pipeline', 'send_to_kafka', 'scheduled__2025-07-18T17:12:00+00:00', '--job-id', '277', '--raw', '--subdir', 'DAGS_FOLDER/restaurant_pipeline.py', '--cfg-path', '/tmp/tmpkmvkbj_r']
[2025-07-18T17:14:01.658+0000] {standard_task_runner.py:85} INFO - Job 277: Subtask send_to_kafka
[2025-07-18T17:14:01.682+0000] {task_command.py:416} INFO - Running <TaskInstance: restaurant_pipeline.send_to_kafka scheduled__2025-07-18T17:12:00+00:00 [running]> on host 9bcfb43e0ab7
[2025-07-18T17:14:01.717+0000] {taskinstance.py:1662} INFO - Exporting env vars: AIRFLOW_CTX_DAG_OWNER='moran' AIRFLOW_CTX_DAG_ID='restaurant_pipeline' AIRFLOW_CTX_TASK_ID='send_to_kafka' AIRFLOW_CTX_EXECUTION_DATE='2025-07-18T17:12:00+00:00' AIRFLOW_CTX_TRY_NUMBER='1' AIRFLOW_CTX_DAG_RUN_ID='scheduled__2025-07-18T17:12:00+00:00'
[2025-07-18T17:14:01.718+0000] {subprocess.py:63} INFO - Tmp dir root location: /tmp
[2025-07-18T17:14:01.718+0000] {subprocess.py:75} INFO - Running command: ['/bin/bash', '-c', 'python /opt/streaming/producer.py']
[2025-07-18T17:14:01.722+0000] {subprocess.py:86} INFO - Output:
[2025-07-18T17:14:03.973+0000] {subprocess.py:93} INFO - [✓] Sent to reservations: {'reservation_id': 4566, 'branch_id': 102, 'customer_name': 'Meghan Phillips', 'phone_number': '(934)755-2357', 'reservation_date': '2025-07-18', 'reservation_time': '18:58', 'guests_count': 7, 'is_confirmed': True}
[2025-07-18T17:14:03.979+0000] {subprocess.py:93} INFO - [✓] Sent to reservations: {'reservation_id': 6408, 'branch_id': 101, 'customer_name': 'Danielle Hernandez', 'phone_number': '626.829.5823', 'reservation_date': '2025-07-18', 'reservation_time': '17:45', 'guests_count': 8, 'is_confirmed': True}
[2025-07-18T17:14:03.980+0000] {subprocess.py:93} INFO - [✓] Sent to reservations: {'reservation_id': 3230, 'branch_id': 101, 'customer_name': 'Dale Perez', 'phone_number': '001-596-466-8782', 'reservation_date': '2025-07-18', 'reservation_time': '17:43', 'guests_count': 2, 'is_confirmed': False}
[2025-07-18T17:14:03.981+0000] {subprocess.py:93} INFO - [✓] Sent to checkins: {'checkin_id': 4184, 'customer_name': 'William Hall', 'phone_number': '982-418-1478x101', 'branch_id': 102, 'table_id': 207, 'is_prebooked': False, 'checkin_date': '2025-07-18', 'checkin_time': '16:00', 'guests_count': 2, 'shift_manager': 'Jeremy Espinoza'}
[2025-07-18T17:14:03.983+0000] {subprocess.py:93} INFO - [✓] Sent to checkins: {'checkin_id': 8428, 'customer_name': 'Adam Schneider', 'phone_number': '747.927.7998x96391', 'branch_id': 101, 'table_id': 206, 'is_prebooked': True, 'checkin_date': '2025-07-18', 'checkin_time': '16:39', 'guests_count': 5, 'shift_manager': 'Tony Oconnor'}
[2025-07-18T17:14:03.983+0000] {subprocess.py:93} INFO - [✓] Sent to checkins: {'checkin_id': 9200, 'customer_name': 'Charlotte Sawyer', 'phone_number': '(927)709-7925', 'branch_id': 102, 'table_id': 206, 'is_prebooked': False, 'checkin_date': '2025-07-18', 'checkin_time': '15:45', 'guests_count': 3, 'shift_manager': 'Jamie Smith'}
[2025-07-18T17:14:03.984+0000] {subprocess.py:93} INFO - [✓] Sent to feedback: {'feedback_id': 6472, 'branch_id': 101, 'customer_name': 'Cassandra Martin', 'phone_number': '4774677537', 'feedback_text': 'Alone century American cut weight.', 'rating': 1, 'dining_date': '2025-07-18', 'dining_time': '16:32', 'submission_time': '2025-07-18T17:14:01'}
[2025-07-18T17:14:03.984+0000] {subprocess.py:93} INFO - [✓] Sent to feedback: {'feedback_id': 3621, 'branch_id': 101, 'customer_name': 'Justin Strickland', 'phone_number': '+1-985-351-4220x796', 'feedback_text': 'Concern nothing physical establish current turn order.', 'rating': 5, 'dining_date': '2025-07-18', 'dining_time': '15:31', 'submission_time': '2025-07-18T17:14:01'}
[2025-07-18T17:14:03.985+0000] {subprocess.py:93} INFO - [✓] Sent to feedback: {'feedback_id': 9315, 'branch_id': 101, 'customer_name': 'Jessica Perkins', 'phone_number': '855-847-0382', 'feedback_text': 'Mr federal who class movement class.', 'rating': 5, 'dining_date': '2025-07-18', 'dining_time': '15:42', 'submission_time': '2025-07-18T17:14:01'}
[2025-07-18T17:14:03.985+0000] {subprocess.py:93} INFO - ✅ All messages sent.
[2025-07-18T17:14:04.027+0000] {subprocess.py:97} INFO - Command exited with return code 0
[2025-07-18T17:14:04.053+0000] {taskinstance.py:1400} INFO - Marking task as SUCCESS. dag_id=restaurant_pipeline, task_id=send_to_kafka, execution_date=20250718T171200, start_date=20250718T171401, end_date=20250718T171404
[2025-07-18T17:14:04.082+0000] {local_task_job_runner.py:228} INFO - Task exited with return code 0
[2025-07-18T17:14:04.110+0000] {taskinstance.py:2778} INFO - 1 downstream tasks scheduled from follow-on schedule check
