[2025-07-18T16:42:02.354+0000] {taskinstance.py:1159} INFO - Dependencies all met for dep_context=non-requeueable deps ti=<TaskInstance: restaurant_pipeline.send_to_kafka scheduled__2025-07-18T16:40:00+00:00 [queued]>
[2025-07-18T16:42:02.363+0000] {taskinstance.py:1159} INFO - Dependencies all met for dep_context=requeueable deps ti=<TaskInstance: restaurant_pipeline.send_to_kafka scheduled__2025-07-18T16:40:00+00:00 [queued]>
[2025-07-18T16:42:02.363+0000] {taskinstance.py:1361} INFO - Starting attempt 1 of 1
[2025-07-18T16:42:02.371+0000] {taskinstance.py:1382} INFO - Executing <Task(BashOperator): send_to_kafka> on 2025-07-18 16:40:00+00:00
[2025-07-18T16:42:02.374+0000] {standard_task_runner.py:57} INFO - Started process 1756 to run task
[2025-07-18T16:42:02.377+0000] {standard_task_runner.py:84} INFO - Running: ['***', 'tasks', 'run', 'restaurant_pipeline', 'send_to_kafka', 'scheduled__2025-07-18T16:40:00+00:00', '--job-id', '225', '--raw', '--subdir', 'DAGS_FOLDER/restaurant_pipeline.py', '--cfg-path', '/tmp/tmpqok77cyd']
[2025-07-18T16:42:02.378+0000] {standard_task_runner.py:85} INFO - Job 225: Subtask send_to_kafka
[2025-07-18T16:42:02.411+0000] {task_command.py:416} INFO - Running <TaskInstance: restaurant_pipeline.send_to_kafka scheduled__2025-07-18T16:40:00+00:00 [running]> on host 9bcfb43e0ab7
[2025-07-18T16:42:02.460+0000] {taskinstance.py:1662} INFO - Exporting env vars: AIRFLOW_CTX_DAG_OWNER='moran' AIRFLOW_CTX_DAG_ID='restaurant_pipeline' AIRFLOW_CTX_TASK_ID='send_to_kafka' AIRFLOW_CTX_EXECUTION_DATE='2025-07-18T16:40:00+00:00' AIRFLOW_CTX_TRY_NUMBER='1' AIRFLOW_CTX_DAG_RUN_ID='scheduled__2025-07-18T16:40:00+00:00'
[2025-07-18T16:42:02.461+0000] {subprocess.py:63} INFO - Tmp dir root location: /tmp
[2025-07-18T16:42:02.461+0000] {subprocess.py:75} INFO - Running command: ['/bin/bash', '-c', 'python /opt/streaming/producer.py']
[2025-07-18T16:42:02.467+0000] {subprocess.py:86} INFO - Output:
[2025-07-18T16:42:04.760+0000] {subprocess.py:93} INFO - [✓] Sent to reservations: {'reservation_id': 5064, 'branch_id': 101, 'customer_name': 'Cassandra Townsend', 'phone_number': '808-419-4371x41124', 'reservation_date': '2025-07-18', 'reservation_time': '17:21', 'guests_count': 7, 'is_confirmed': False}
[2025-07-18T16:42:04.761+0000] {subprocess.py:93} INFO - [✓] Sent to reservations: {'reservation_id': 9846, 'branch_id': 101, 'customer_name': 'Alexander Ruiz', 'phone_number': '001-610-822-2752', 'reservation_date': '2025-07-18', 'reservation_time': '17:38', 'guests_count': 6, 'is_confirmed': False}
[2025-07-18T16:42:04.762+0000] {subprocess.py:93} INFO - [✓] Sent to reservations: {'reservation_id': 5972, 'branch_id': 101, 'customer_name': 'Danny Cole', 'phone_number': '(910)655-2474x0810', 'reservation_date': '2025-07-18', 'reservation_time': '17:38', 'guests_count': 7, 'is_confirmed': False}
[2025-07-18T16:42:04.763+0000] {subprocess.py:93} INFO - [✓] Sent to checkins: {'checkin_id': 1440, 'customer_name': 'Matthew Guzman', 'phone_number': '8636620812', 'branch_id': 102, 'table_id': 201, 'is_prebooked': False, 'checkin_date': '2025-07-18', 'checkin_time': '15:25', 'guests_count': 2, 'shift_manager': 'Robert Bowen'}
[2025-07-18T16:42:04.763+0000] {subprocess.py:93} INFO - [✓] Sent to checkins: {'checkin_id': 2819, 'customer_name': 'John Rodriguez', 'phone_number': '289-238-1578x08049', 'branch_id': 101, 'table_id': 201, 'is_prebooked': True, 'checkin_date': '2025-07-18', 'checkin_time': '15:52', 'guests_count': 5, 'shift_manager': 'Kristin Padilla'}
[2025-07-18T16:42:04.763+0000] {subprocess.py:93} INFO - [✓] Sent to checkins: {'checkin_id': 3855, 'customer_name': 'Daniel Smith', 'phone_number': '238.349.6011x20144', 'branch_id': 102, 'table_id': 210, 'is_prebooked': True, 'checkin_date': '2025-07-18', 'checkin_time': '15:30', 'guests_count': 3, 'shift_manager': 'William Franco'}
[2025-07-18T16:42:04.764+0000] {subprocess.py:93} INFO - [✓] Sent to feedback: {'feedback_id': 4666, 'branch_id': 102, 'customer_name': 'Sara Olson', 'phone_number': '947.317.9976', 'feedback_text': 'Road ten another even.', 'rating': 2, 'dining_date': '2025-07-18', 'dining_time': '16:39', 'submission_time': '2025-07-18T16:42:01'}
[2025-07-18T16:42:04.764+0000] {subprocess.py:93} INFO - [✓] Sent to feedback: {'feedback_id': 1023, 'branch_id': 101, 'customer_name': 'Charles Fields', 'phone_number': '6367547420', 'feedback_text': 'Course buy member view picture food economic cover.', 'rating': 2, 'dining_date': '2025-07-18', 'dining_time': '16:37', 'submission_time': '2025-07-18T16:42:01'}
[2025-07-18T16:42:04.764+0000] {subprocess.py:93} INFO - [✓] Sent to feedback: {'feedback_id': 7637, 'branch_id': 102, 'customer_name': 'Michael Duke', 'phone_number': '(261)389-8201', 'feedback_text': 'Poor no science argue.', 'rating': 5, 'dining_date': '2025-07-18', 'dining_time': '15:10', 'submission_time': '2025-07-18T16:42:01'}
[2025-07-18T16:42:04.765+0000] {subprocess.py:93} INFO - ✅ All messages sent.
[2025-07-18T16:42:04.822+0000] {subprocess.py:97} INFO - Command exited with return code 0
[2025-07-18T16:42:04.872+0000] {taskinstance.py:1400} INFO - Marking task as SUCCESS. dag_id=restaurant_pipeline, task_id=send_to_kafka, execution_date=20250718T164000, start_date=20250718T164202, end_date=20250718T164204
[2025-07-18T16:42:04.901+0000] {local_task_job_runner.py:228} INFO - Task exited with return code 0
[2025-07-18T16:42:04.953+0000] {taskinstance.py:2778} INFO - 1 downstream tasks scheduled from follow-on schedule check
