[2025-07-19T19:01:44.912+0000] {taskinstance.py:1159} INFO - Dependencies all met for dep_context=non-requeueable deps ti=<TaskInstance: restaurant_pipeline.send_to_kafka scheduled__2025-07-19T18:58:00+00:00 [queued]>
[2025-07-19T19:01:44.916+0000] {taskinstance.py:1159} INFO - Dependencies all met for dep_context=requeueable deps ti=<TaskInstance: restaurant_pipeline.send_to_kafka scheduled__2025-07-19T18:58:00+00:00 [queued]>
[2025-07-19T19:01:44.916+0000] {taskinstance.py:1361} INFO - Starting attempt 1 of 1
[2025-07-19T19:01:44.922+0000] {taskinstance.py:1382} INFO - Executing <Task(BashOperator): send_to_kafka> on 2025-07-19 18:58:00+00:00
[2025-07-19T19:01:44.924+0000] {standard_task_runner.py:57} INFO - Started process 1745 to run task
[2025-07-19T19:01:44.926+0000] {standard_task_runner.py:84} INFO - Running: ['***', 'tasks', 'run', 'restaurant_pipeline', 'send_to_kafka', 'scheduled__2025-07-19T18:58:00+00:00', '--job-id', '1058', '--raw', '--subdir', 'DAGS_FOLDER/restaurant_pipeline.py', '--cfg-path', '/tmp/tmppefvf80a']
[2025-07-19T19:01:44.928+0000] {standard_task_runner.py:85} INFO - Job 1058: Subtask send_to_kafka
[2025-07-19T19:01:44.949+0000] {task_command.py:416} INFO - Running <TaskInstance: restaurant_pipeline.send_to_kafka scheduled__2025-07-19T18:58:00+00:00 [running]> on host e3f5d8fc4eef
[2025-07-19T19:01:44.994+0000] {taskinstance.py:1662} INFO - Exporting env vars: AIRFLOW_CTX_DAG_OWNER='moran' AIRFLOW_CTX_DAG_ID='restaurant_pipeline' AIRFLOW_CTX_TASK_ID='send_to_kafka' AIRFLOW_CTX_EXECUTION_DATE='2025-07-19T18:58:00+00:00' AIRFLOW_CTX_TRY_NUMBER='1' AIRFLOW_CTX_DAG_RUN_ID='scheduled__2025-07-19T18:58:00+00:00'
[2025-07-19T19:01:44.994+0000] {subprocess.py:63} INFO - Tmp dir root location: /tmp
[2025-07-19T19:01:44.995+0000] {subprocess.py:75} INFO - Running command: ['/bin/bash', '-c', 'python /opt/streaming/producer.py']
[2025-07-19T19:01:44.999+0000] {subprocess.py:86} INFO - Output:
[2025-07-19T19:01:47.253+0000] {subprocess.py:93} INFO - [✓] Sent to reservations: {'reservation_id': 6320, 'branch_id': 102, 'customer_name': 'Tammy Martinez', 'phone_number': '466.546.6882x5491', 'reservation_date': '2025-07-19', 'reservation_time': '19:13', 'guests_count': 2, 'is_confirmed': False}
[2025-07-19T19:01:47.255+0000] {subprocess.py:93} INFO - [✓] Sent to reservations: {'reservation_id': 8039, 'branch_id': 101, 'customer_name': 'Cameron Moran', 'phone_number': '377-711-7905', 'reservation_date': '2025-07-19', 'reservation_time': '20:40', 'guests_count': 4, 'is_confirmed': True}
[2025-07-19T19:01:47.255+0000] {subprocess.py:93} INFO - [✓] Sent to reservations: {'reservation_id': 6239, 'branch_id': 102, 'customer_name': 'Brittany Ballard', 'phone_number': '+1-904-444-0109', 'reservation_date': '2025-07-19', 'reservation_time': '20:27', 'guests_count': 5, 'is_confirmed': True}
[2025-07-19T19:01:47.256+0000] {subprocess.py:93} INFO - [✓] Sent to checkins: {'checkin_id': 6305, 'customer_name': 'Joy Bright', 'phone_number': '590.937.7720', 'branch_id': 101, 'table_id': 204, 'is_prebooked': True, 'checkin_date': '2025-07-19', 'checkin_time': '17:24', 'guests_count': 5, 'shift_manager': 'Dana Walker'}
[2025-07-19T19:01:47.257+0000] {subprocess.py:93} INFO - [✓] Sent to checkins: {'checkin_id': 8421, 'customer_name': 'Jennifer Wang', 'phone_number': '001-919-246-1170', 'branch_id': 101, 'table_id': 207, 'is_prebooked': True, 'checkin_date': '2025-07-19', 'checkin_time': '17:22', 'guests_count': 4, 'shift_manager': 'Jerry Meyers'}
[2025-07-19T19:01:47.257+0000] {subprocess.py:93} INFO - [✓] Sent to checkins: {'checkin_id': 7131, 'customer_name': 'Kathleen Galloway', 'phone_number': '001-507-709-3240x93846', 'branch_id': 102, 'table_id': 201, 'is_prebooked': True, 'checkin_date': '2025-07-19', 'checkin_time': '18:26', 'guests_count': 3, 'shift_manager': 'Wesley Roberts'}
[2025-07-19T19:01:47.258+0000] {subprocess.py:93} INFO - [✓] Sent to feedback: {'feedback_id': 1078, 'branch_id': 101, 'customer_name': 'Jessica Maynard', 'phone_number': '001-293-395-0096x619', 'feedback_text': 'Effect tough key lot see.', 'rating': 1, 'dining_date': '2025-07-19', 'dining_time': '18:05', 'submission_time': '2025-07-19T19:01:43'}
[2025-07-19T19:01:47.258+0000] {subprocess.py:93} INFO - [✓] Sent to feedback: {'feedback_id': 1136, 'branch_id': 101, 'customer_name': 'Preston Lyons', 'phone_number': '614.222.1518x4150', 'feedback_text': 'Democratic theory school music image accept test.', 'rating': 5, 'dining_date': '2025-07-19', 'dining_time': '18:39', 'submission_time': '2025-07-19T19:01:43'}
[2025-07-19T19:01:47.258+0000] {subprocess.py:93} INFO - [✓] Sent to feedback: {'feedback_id': 9104, 'branch_id': 101, 'customer_name': 'Hector Carrillo', 'phone_number': '001-436-674-2682x494', 'feedback_text': 'Realize everybody already collection.', 'rating': 1, 'dining_date': '2025-07-19', 'dining_time': '18:46', 'submission_time': '2025-07-19T19:01:43'}
[2025-07-19T19:01:47.259+0000] {subprocess.py:93} INFO - ✅ All messages sent.
[2025-07-19T19:01:47.310+0000] {subprocess.py:97} INFO - Command exited with return code 0
[2025-07-19T19:01:47.328+0000] {taskinstance.py:1400} INFO - Marking task as SUCCESS. dag_id=restaurant_pipeline, task_id=send_to_kafka, execution_date=20250719T185800, start_date=20250719T190144, end_date=20250719T190147
[2025-07-19T19:01:47.343+0000] {local_task_job_runner.py:228} INFO - Task exited with return code 0
[2025-07-19T19:01:47.369+0000] {taskinstance.py:2778} INFO - 0 downstream tasks scheduled from follow-on schedule check
