[2025-07-18T17:31:34.080+0000] {taskinstance.py:1159} INFO - Dependencies all met for dep_context=non-requeueable deps ti=<TaskInstance: restaurant_pipeline.send_to_kafka manual__2025-07-18T17:30:21.696211+00:00 [queued]>
[2025-07-18T17:31:34.084+0000] {taskinstance.py:1159} INFO - Dependencies all met for dep_context=requeueable deps ti=<TaskInstance: restaurant_pipeline.send_to_kafka manual__2025-07-18T17:30:21.696211+00:00 [queued]>
[2025-07-18T17:31:34.084+0000] {taskinstance.py:1361} INFO - Starting attempt 1 of 1
[2025-07-18T17:31:34.089+0000] {taskinstance.py:1382} INFO - Executing <Task(BashOperator): send_to_kafka> on 2025-07-18 17:30:21.696211+00:00
[2025-07-18T17:31:34.092+0000] {standard_task_runner.py:57} INFO - Started process 2460 to run task
[2025-07-18T17:31:34.094+0000] {standard_task_runner.py:84} INFO - Running: ['***', 'tasks', 'run', 'restaurant_pipeline', 'send_to_kafka', 'manual__2025-07-18T17:30:21.696211+00:00', '--job-id', '289', '--raw', '--subdir', 'DAGS_FOLDER/restaurant_pipeline.py', '--cfg-path', '/tmp/tmpq4jho6gt']
[2025-07-18T17:31:34.095+0000] {standard_task_runner.py:85} INFO - Job 289: Subtask send_to_kafka
[2025-07-18T17:31:34.120+0000] {task_command.py:416} INFO - Running <TaskInstance: restaurant_pipeline.send_to_kafka manual__2025-07-18T17:30:21.696211+00:00 [running]> on host 9bcfb43e0ab7
[2025-07-18T17:31:34.155+0000] {taskinstance.py:1662} INFO - Exporting env vars: AIRFLOW_CTX_DAG_OWNER='moran' AIRFLOW_CTX_DAG_ID='restaurant_pipeline' AIRFLOW_CTX_TASK_ID='send_to_kafka' AIRFLOW_CTX_EXECUTION_DATE='2025-07-18T17:30:21.696211+00:00' AIRFLOW_CTX_TRY_NUMBER='1' AIRFLOW_CTX_DAG_RUN_ID='manual__2025-07-18T17:30:21.696211+00:00'
[2025-07-18T17:31:34.156+0000] {subprocess.py:63} INFO - Tmp dir root location: /tmp
[2025-07-18T17:31:34.156+0000] {subprocess.py:75} INFO - Running command: ['/bin/bash', '-c', 'python /opt/streaming/producer.py']
[2025-07-18T17:31:34.160+0000] {subprocess.py:86} INFO - Output:
[2025-07-18T17:31:36.389+0000] {subprocess.py:93} INFO - [✓] Sent to reservations: {'reservation_id': 2356, 'branch_id': 102, 'customer_name': 'Maria Moore', 'phone_number': '(970)227-1410x832', 'reservation_date': '2025-07-18', 'reservation_time': '18:54', 'guests_count': 6, 'is_confirmed': True}
[2025-07-18T17:31:36.395+0000] {subprocess.py:93} INFO - [✓] Sent to reservations: {'reservation_id': 3165, 'branch_id': 102, 'customer_name': 'Jonathan Anderson', 'phone_number': '757-705-2800x7709', 'reservation_date': '2025-07-18', 'reservation_time': '18:48', 'guests_count': 1, 'is_confirmed': False}
[2025-07-18T17:31:36.397+0000] {subprocess.py:93} INFO - [✓] Sent to reservations: {'reservation_id': 9337, 'branch_id': 102, 'customer_name': 'Michael Davis', 'phone_number': '772-639-2678x1942', 'reservation_date': '2025-07-18', 'reservation_time': '18:16', 'guests_count': 5, 'is_confirmed': False}
[2025-07-18T17:31:36.397+0000] {subprocess.py:93} INFO - [✓] Sent to checkins: {'checkin_id': 4780, 'customer_name': 'Marcus Armstrong', 'phone_number': '+1-764-425-8492x275', 'branch_id': 102, 'table_id': 209, 'is_prebooked': False, 'checkin_date': '2025-07-18', 'checkin_time': '17:05', 'guests_count': 6, 'shift_manager': 'Sally Moreno'}
[2025-07-18T17:31:36.398+0000] {subprocess.py:93} INFO - [✓] Sent to checkins: {'checkin_id': 2478, 'customer_name': 'Jonathan Peterson', 'phone_number': '+1-931-263-5060x82908', 'branch_id': 102, 'table_id': 209, 'is_prebooked': False, 'checkin_date': '2025-07-18', 'checkin_time': '17:14', 'guests_count': 5, 'shift_manager': 'Sarah White'}
[2025-07-18T17:31:36.398+0000] {subprocess.py:93} INFO - [✓] Sent to checkins: {'checkin_id': 8346, 'customer_name': 'Michael Miller', 'phone_number': '+1-577-671-4673x46255', 'branch_id': 101, 'table_id': 200, 'is_prebooked': False, 'checkin_date': '2025-07-18', 'checkin_time': '15:52', 'guests_count': 4, 'shift_manager': 'Renee Cannon'}
[2025-07-18T17:31:36.398+0000] {subprocess.py:93} INFO - [✓] Sent to feedback: {'feedback_id': 3666, 'branch_id': 102, 'customer_name': 'Vanessa Leblanc', 'phone_number': '(843)768-6855x33136', 'feedback_text': 'Manage fight dog both.', 'rating': 4, 'dining_date': '2025-07-18', 'dining_time': '16:14', 'submission_time': '2025-07-18T17:31:33'}
[2025-07-18T17:31:36.399+0000] {subprocess.py:93} INFO - [✓] Sent to feedback: {'feedback_id': 2965, 'branch_id': 101, 'customer_name': 'Joseph Richardson', 'phone_number': '907.366.2381', 'feedback_text': 'Modern compare watch clear here gas officer.', 'rating': 5, 'dining_date': '2025-07-18', 'dining_time': '17:20', 'submission_time': '2025-07-18T17:31:33'}
[2025-07-18T17:31:36.402+0000] {subprocess.py:93} INFO - [✓] Sent to feedback: {'feedback_id': 6208, 'branch_id': 101, 'customer_name': 'Michael Morris', 'phone_number': '001-387-837-1046x436', 'feedback_text': 'Agreement exist ability Mrs small.', 'rating': 2, 'dining_date': '2025-07-18', 'dining_time': '16:36', 'submission_time': '2025-07-18T17:31:33'}
[2025-07-18T17:31:36.402+0000] {subprocess.py:93} INFO - ✅ All messages sent.
[2025-07-18T17:31:36.441+0000] {subprocess.py:97} INFO - Command exited with return code 0
[2025-07-18T17:31:36.460+0000] {taskinstance.py:1400} INFO - Marking task as SUCCESS. dag_id=restaurant_pipeline, task_id=send_to_kafka, execution_date=20250718T173021, start_date=20250718T173134, end_date=20250718T173136
[2025-07-18T17:31:36.495+0000] {local_task_job_runner.py:228} INFO - Task exited with return code 0
[2025-07-18T17:31:36.522+0000] {taskinstance.py:2778} INFO - 1 downstream tasks scheduled from follow-on schedule check
