[2025-07-19T19:31:42.433+0000] {taskinstance.py:1159} INFO - Dependencies all met for dep_context=non-requeueable deps ti=<TaskInstance: restaurant_pipeline.send_to_kafka scheduled__2025-07-19T19:28:00+00:00 [queued]>
[2025-07-19T19:31:42.437+0000] {taskinstance.py:1159} INFO - Dependencies all met for dep_context=requeueable deps ti=<TaskInstance: restaurant_pipeline.send_to_kafka scheduled__2025-07-19T19:28:00+00:00 [queued]>
[2025-07-19T19:31:42.437+0000] {taskinstance.py:1361} INFO - Starting attempt 1 of 1
[2025-07-19T19:31:42.442+0000] {taskinstance.py:1382} INFO - Executing <Task(BashOperator): send_to_kafka> on 2025-07-19 19:28:00+00:00
[2025-07-19T19:31:42.445+0000] {standard_task_runner.py:57} INFO - Started process 2383 to run task
[2025-07-19T19:31:42.446+0000] {standard_task_runner.py:84} INFO - Running: ['***', 'tasks', 'run', 'restaurant_pipeline', 'send_to_kafka', 'scheduled__2025-07-19T19:28:00+00:00', '--job-id', '1110', '--raw', '--subdir', 'DAGS_FOLDER/restaurant_pipeline.py', '--cfg-path', '/tmp/tmp6omz46y2']
[2025-07-19T19:31:42.448+0000] {standard_task_runner.py:85} INFO - Job 1110: Subtask send_to_kafka
[2025-07-19T19:31:42.474+0000] {task_command.py:416} INFO - Running <TaskInstance: restaurant_pipeline.send_to_kafka scheduled__2025-07-19T19:28:00+00:00 [running]> on host e3f5d8fc4eef
[2025-07-19T19:31:42.512+0000] {taskinstance.py:1662} INFO - Exporting env vars: AIRFLOW_CTX_DAG_OWNER='moran' AIRFLOW_CTX_DAG_ID='restaurant_pipeline' AIRFLOW_CTX_TASK_ID='send_to_kafka' AIRFLOW_CTX_EXECUTION_DATE='2025-07-19T19:28:00+00:00' AIRFLOW_CTX_TRY_NUMBER='1' AIRFLOW_CTX_DAG_RUN_ID='scheduled__2025-07-19T19:28:00+00:00'
[2025-07-19T19:31:42.513+0000] {subprocess.py:63} INFO - Tmp dir root location: /tmp
[2025-07-19T19:31:42.513+0000] {subprocess.py:75} INFO - Running command: ['/bin/bash', '-c', 'python /opt/streaming/producer.py']
[2025-07-19T19:31:42.518+0000] {subprocess.py:86} INFO - Output:
[2025-07-19T19:31:44.802+0000] {subprocess.py:93} INFO - [✓] Sent to reservations: {'reservation_id': 3871, 'branch_id': 101, 'customer_name': 'Cynthia Hoover', 'phone_number': '+1-223-383-5506x525', 'reservation_date': '2025-07-19', 'reservation_time': '21:22', 'guests_count': 8, 'is_confirmed': True}
[2025-07-19T19:31:44.803+0000] {subprocess.py:93} INFO - [✓] Sent to reservations: {'reservation_id': 3181, 'branch_id': 102, 'customer_name': 'Deborah Johnson', 'phone_number': '(582)389-6282x113', 'reservation_date': '2025-07-19', 'reservation_time': '19:58', 'guests_count': 1, 'is_confirmed': False}
[2025-07-19T19:31:44.803+0000] {subprocess.py:93} INFO - [✓] Sent to reservations: {'reservation_id': 7188, 'branch_id': 102, 'customer_name': 'Charles Herman', 'phone_number': '(748)620-5068x5308', 'reservation_date': '2025-07-19', 'reservation_time': '19:43', 'guests_count': 3, 'is_confirmed': False}
[2025-07-19T19:31:44.804+0000] {subprocess.py:93} INFO - [✓] Sent to checkins: {'checkin_id': 7953, 'customer_name': 'Miranda Guzman', 'phone_number': '+1-876-820-2050x72671', 'branch_id': 102, 'table_id': 200, 'is_prebooked': True, 'checkin_date': '2025-07-19', 'checkin_time': '18:13', 'guests_count': 1, 'shift_manager': 'Stephen Mcclain'}
[2025-07-19T19:31:44.804+0000] {subprocess.py:93} INFO - [✓] Sent to checkins: {'checkin_id': 3588, 'customer_name': 'Peter Stevens', 'phone_number': '9435348600', 'branch_id': 102, 'table_id': 205, 'is_prebooked': False, 'checkin_date': '2025-07-19', 'checkin_time': '17:59', 'guests_count': 5, 'shift_manager': 'Jesse Johnson'}
[2025-07-19T19:31:44.804+0000] {subprocess.py:93} INFO - [✓] Sent to checkins: {'checkin_id': 5408, 'customer_name': 'Jason Edwards', 'phone_number': '001-999-589-7791x38156', 'branch_id': 102, 'table_id': 200, 'is_prebooked': False, 'checkin_date': '2025-07-19', 'checkin_time': '19:12', 'guests_count': 5, 'shift_manager': 'Alexander Patel'}
[2025-07-19T19:31:44.805+0000] {subprocess.py:93} INFO - [✓] Sent to feedback: {'feedback_id': 3095, 'branch_id': 101, 'customer_name': 'Cynthia Martinez', 'phone_number': '253.512.3510x9017', 'feedback_text': 'Project low involve local north.', 'rating': 1, 'dining_date': '2025-07-19', 'dining_time': '18:56', 'submission_time': '2025-07-19T19:31:41'}
[2025-07-19T19:31:44.805+0000] {subprocess.py:93} INFO - [✓] Sent to feedback: {'feedback_id': 2160, 'branch_id': 102, 'customer_name': 'Chad Campbell', 'phone_number': '273-647-4429', 'feedback_text': 'Only customer Democrat interesting.', 'rating': 4, 'dining_date': '2025-07-19', 'dining_time': '18:51', 'submission_time': '2025-07-19T19:31:41'}
[2025-07-19T19:31:44.805+0000] {subprocess.py:93} INFO - [✓] Sent to feedback: {'feedback_id': 2957, 'branch_id': 101, 'customer_name': 'Keith Taylor', 'phone_number': '+1-751-712-8395', 'feedback_text': 'Sea somebody three assume nor.', 'rating': 5, 'dining_date': '2025-07-19', 'dining_time': '17:32', 'submission_time': '2025-07-19T19:31:41'}
[2025-07-19T19:31:44.806+0000] {subprocess.py:93} INFO - ✅ All messages sent.
[2025-07-19T19:31:44.851+0000] {subprocess.py:97} INFO - Command exited with return code 0
[2025-07-19T19:31:44.866+0000] {taskinstance.py:1400} INFO - Marking task as SUCCESS. dag_id=restaurant_pipeline, task_id=send_to_kafka, execution_date=20250719T192800, start_date=20250719T193142, end_date=20250719T193144
[2025-07-19T19:31:44.880+0000] {local_task_job_runner.py:228} INFO - Task exited with return code 0
[2025-07-19T19:31:44.906+0000] {taskinstance.py:2778} INFO - 1 downstream tasks scheduled from follow-on schedule check
