[2025-07-18T20:54:01.524+0000] {taskinstance.py:1159} INFO - Dependencies all met for dep_context=non-requeueable deps ti=<TaskInstance: restaurant_pipeline.send_to_kafka scheduled__2025-07-18T20:52:00+00:00 [queued]>
[2025-07-18T20:54:01.528+0000] {taskinstance.py:1159} INFO - Dependencies all met for dep_context=requeueable deps ti=<TaskInstance: restaurant_pipeline.send_to_kafka scheduled__2025-07-18T20:52:00+00:00 [queued]>
[2025-07-18T20:54:01.528+0000] {taskinstance.py:1361} INFO - Starting attempt 1 of 1
[2025-07-18T20:54:01.533+0000] {taskinstance.py:1382} INFO - Executing <Task(BashOperator): send_to_kafka> on 2025-07-18 20:52:00+00:00
[2025-07-18T20:54:01.535+0000] {standard_task_runner.py:57} INFO - Started process 6616 to run task
[2025-07-18T20:54:01.538+0000] {standard_task_runner.py:84} INFO - Running: ['***', 'tasks', 'run', 'restaurant_pipeline', 'send_to_kafka', 'scheduled__2025-07-18T20:52:00+00:00', '--job-id', '662', '--raw', '--subdir', 'DAGS_FOLDER/restaurant_pipeline.py', '--cfg-path', '/tmp/tmp2lhjg2wa']
[2025-07-18T20:54:01.540+0000] {standard_task_runner.py:85} INFO - Job 662: Subtask send_to_kafka
[2025-07-18T20:54:01.564+0000] {task_command.py:416} INFO - Running <TaskInstance: restaurant_pipeline.send_to_kafka scheduled__2025-07-18T20:52:00+00:00 [running]> on host 9bcfb43e0ab7
[2025-07-18T20:54:01.602+0000] {taskinstance.py:1662} INFO - Exporting env vars: AIRFLOW_CTX_DAG_OWNER='moran' AIRFLOW_CTX_DAG_ID='restaurant_pipeline' AIRFLOW_CTX_TASK_ID='send_to_kafka' AIRFLOW_CTX_EXECUTION_DATE='2025-07-18T20:52:00+00:00' AIRFLOW_CTX_TRY_NUMBER='1' AIRFLOW_CTX_DAG_RUN_ID='scheduled__2025-07-18T20:52:00+00:00'
[2025-07-18T20:54:01.603+0000] {subprocess.py:63} INFO - Tmp dir root location: /tmp
[2025-07-18T20:54:01.603+0000] {subprocess.py:75} INFO - Running command: ['/bin/bash', '-c', 'python /opt/streaming/producer.py']
[2025-07-18T20:54:01.607+0000] {subprocess.py:86} INFO - Output:
[2025-07-18T20:54:03.846+0000] {subprocess.py:93} INFO - [✓] Sent to reservations: {'reservation_id': 3278, 'branch_id': 101, 'customer_name': 'Morgan Mullins', 'phone_number': '290.390.0247', 'reservation_date': '2025-07-18', 'reservation_time': '21:12', 'guests_count': 3, 'is_confirmed': False}
[2025-07-18T20:54:03.851+0000] {subprocess.py:93} INFO - [✓] Sent to reservations: {'reservation_id': 8150, 'branch_id': 102, 'customer_name': 'Juan Aguilar', 'phone_number': '5396649616', 'reservation_date': '2025-07-18', 'reservation_time': '21:04', 'guests_count': 2, 'is_confirmed': False}
[2025-07-18T20:54:03.852+0000] {subprocess.py:93} INFO - [✓] Sent to reservations: {'reservation_id': 1665, 'branch_id': 102, 'customer_name': 'Richard Harris', 'phone_number': '001-839-793-2441', 'reservation_date': '2025-07-18', 'reservation_time': '22:02', 'guests_count': 3, 'is_confirmed': True}
[2025-07-18T20:54:03.853+0000] {subprocess.py:93} INFO - [✓] Sent to checkins: {'checkin_id': 3123, 'customer_name': 'Jill Mendoza', 'phone_number': '+1-690-676-0059', 'branch_id': 102, 'table_id': 207, 'is_prebooked': False, 'checkin_date': '2025-07-18', 'checkin_time': '20:30', 'guests_count': 4, 'shift_manager': 'Jorge Cole'}
[2025-07-18T20:54:03.854+0000] {subprocess.py:93} INFO - [✓] Sent to checkins: {'checkin_id': 8353, 'customer_name': 'Alex Thomas MD', 'phone_number': '(284)466-1290x241', 'branch_id': 101, 'table_id': 204, 'is_prebooked': True, 'checkin_date': '2025-07-18', 'checkin_time': '20:22', 'guests_count': 1, 'shift_manager': 'Jamie Jones'}
[2025-07-18T20:54:03.856+0000] {subprocess.py:93} INFO - [✓] Sent to checkins: {'checkin_id': 8345, 'customer_name': 'Lisa Johnson', 'phone_number': '699-564-6875x441', 'branch_id': 102, 'table_id': 202, 'is_prebooked': True, 'checkin_date': '2025-07-18', 'checkin_time': '20:13', 'guests_count': 3, 'shift_manager': 'Craig Smith'}
[2025-07-18T20:54:03.857+0000] {subprocess.py:93} INFO - [✓] Sent to feedback: {'feedback_id': 8509, 'branch_id': 102, 'customer_name': 'Michelle Gordon', 'phone_number': '001-419-364-8424x18263', 'feedback_text': 'Type kitchen daughter guy suffer identify take decision.', 'rating': 4, 'dining_date': '2025-07-18', 'dining_time': '20:48', 'submission_time': '2025-07-18T20:54:00'}
[2025-07-18T20:54:03.860+0000] {subprocess.py:93} INFO - [✓] Sent to feedback: {'feedback_id': 5332, 'branch_id': 102, 'customer_name': 'James Ford', 'phone_number': '855-677-9973', 'feedback_text': 'Animal see economic support whatever effort main.', 'rating': 3, 'dining_date': '2025-07-18', 'dining_time': '18:54', 'submission_time': '2025-07-18T20:54:00'}
[2025-07-18T20:54:03.862+0000] {subprocess.py:93} INFO - [✓] Sent to feedback: {'feedback_id': 8240, 'branch_id': 102, 'customer_name': 'Peter Brown', 'phone_number': '231-304-2226', 'feedback_text': 'Plant fill process.', 'rating': 1, 'dining_date': '2025-07-18', 'dining_time': '19:14', 'submission_time': '2025-07-18T20:54:00'}
[2025-07-18T20:54:03.862+0000] {subprocess.py:93} INFO - ✅ All messages sent.
[2025-07-18T20:54:03.900+0000] {subprocess.py:97} INFO - Command exited with return code 0
[2025-07-18T20:54:03.919+0000] {taskinstance.py:1400} INFO - Marking task as SUCCESS. dag_id=restaurant_pipeline, task_id=send_to_kafka, execution_date=20250718T205200, start_date=20250718T205401, end_date=20250718T205403
[2025-07-18T20:54:03.944+0000] {local_task_job_runner.py:228} INFO - Task exited with return code 0
[2025-07-18T20:54:03.970+0000] {taskinstance.py:2778} INFO - 1 downstream tasks scheduled from follow-on schedule check
