[2025-07-19T22:41:27.686+0000] {taskinstance.py:1159} INFO - Dependencies all met for dep_context=non-requeueable deps ti=<TaskInstance: restaurant_pipeline.send_to_kafka scheduled__2025-07-19T22:38:00+00:00 [queued]>
[2025-07-19T22:41:27.690+0000] {taskinstance.py:1159} INFO - Dependencies all met for dep_context=requeueable deps ti=<TaskInstance: restaurant_pipeline.send_to_kafka scheduled__2025-07-19T22:38:00+00:00 [queued]>
[2025-07-19T22:41:27.690+0000] {taskinstance.py:1361} INFO - Starting attempt 1 of 1
[2025-07-19T22:41:27.696+0000] {taskinstance.py:1382} INFO - Executing <Task(BashOperator): send_to_kafka> on 2025-07-19 22:38:00+00:00
[2025-07-19T22:41:27.698+0000] {standard_task_runner.py:57} INFO - Started process 340 to run task
[2025-07-19T22:41:27.700+0000] {standard_task_runner.py:84} INFO - Running: ['***', 'tasks', 'run', 'restaurant_pipeline', 'send_to_kafka', 'scheduled__2025-07-19T22:38:00+00:00', '--job-id', '1309', '--raw', '--subdir', 'DAGS_FOLDER/restaurant_pipeline.py', '--cfg-path', '/tmp/tmpz62fmt68']
[2025-07-19T22:41:27.702+0000] {standard_task_runner.py:85} INFO - Job 1309: Subtask send_to_kafka
[2025-07-19T22:41:27.725+0000] {task_command.py:416} INFO - Running <TaskInstance: restaurant_pipeline.send_to_kafka scheduled__2025-07-19T22:38:00+00:00 [running]> on host f8a16600f99a
[2025-07-19T22:41:27.765+0000] {taskinstance.py:1662} INFO - Exporting env vars: AIRFLOW_CTX_DAG_OWNER='moran' AIRFLOW_CTX_DAG_ID='restaurant_pipeline' AIRFLOW_CTX_TASK_ID='send_to_kafka' AIRFLOW_CTX_EXECUTION_DATE='2025-07-19T22:38:00+00:00' AIRFLOW_CTX_TRY_NUMBER='1' AIRFLOW_CTX_DAG_RUN_ID='scheduled__2025-07-19T22:38:00+00:00'
[2025-07-19T22:41:27.765+0000] {subprocess.py:63} INFO - Tmp dir root location: /tmp
[2025-07-19T22:41:27.766+0000] {subprocess.py:75} INFO - Running command: ['/bin/bash', '-c', 'python /opt/streaming/producer.py']
[2025-07-19T22:41:27.771+0000] {subprocess.py:86} INFO - Output:
[2025-07-19T22:41:30.166+0000] {subprocess.py:93} INFO - [✓] Sent to reservations: {'reservation_id': 9108, 'branch_id': 102, 'customer_name': 'Kathy Ramos', 'phone_number': '582-206-1065', 'reservation_date': '2025-07-19', 'reservation_time': '00:28', 'guests_count': 5, 'is_confirmed': True}
[2025-07-19T22:41:30.169+0000] {subprocess.py:93} INFO - [✓] Sent to reservations: {'reservation_id': 3652, 'branch_id': 101, 'customer_name': 'Tiffany Smith', 'phone_number': '(339)449-5572x75549', 'reservation_date': '2025-07-19', 'reservation_time': '23:21', 'guests_count': 3, 'is_confirmed': False}
[2025-07-19T22:41:30.170+0000] {subprocess.py:93} INFO - [✓] Sent to reservations: {'reservation_id': 6142, 'branch_id': 102, 'customer_name': 'Cole Ross', 'phone_number': '(706)289-6762x2276', 'reservation_date': '2025-07-19', 'reservation_time': '23:07', 'guests_count': 2, 'is_confirmed': True}
[2025-07-19T22:41:30.172+0000] {subprocess.py:93} INFO - [✓] Sent to checkins: {'checkin_id': 8796, 'customer_name': 'Kathryn Faulkner', 'phone_number': '(459)871-3518x8612', 'branch_id': 102, 'table_id': 203, 'is_prebooked': True, 'checkin_date': '2025-07-19', 'checkin_time': '21:40', 'guests_count': 3, 'shift_manager': 'Matthew Salazar'}
[2025-07-19T22:41:30.173+0000] {subprocess.py:93} INFO - [✓] Sent to checkins: {'checkin_id': 1543, 'customer_name': 'Jordan Johnson', 'phone_number': '001-235-403-8807x464', 'branch_id': 101, 'table_id': 206, 'is_prebooked': True, 'checkin_date': '2025-07-19', 'checkin_time': '22:14', 'guests_count': 1, 'shift_manager': 'Mario Cooper'}
[2025-07-19T22:41:30.173+0000] {subprocess.py:93} INFO - [✓] Sent to checkins: {'checkin_id': 8542, 'customer_name': 'Justin Chang', 'phone_number': '001-535-222-4085x98208', 'branch_id': 102, 'table_id': 203, 'is_prebooked': False, 'checkin_date': '2025-07-19', 'checkin_time': '22:11', 'guests_count': 4, 'shift_manager': 'David Whitaker'}
[2025-07-19T22:41:30.173+0000] {subprocess.py:93} INFO - [✓] Sent to feedback: {'feedback_id': 8473, 'branch_id': 102, 'customer_name': 'Paul Bautista', 'phone_number': '526-341-4182x704', 'feedback_text': 'Guy wall treatment world number purpose.', 'rating': 4, 'dining_date': '2025-07-19', 'dining_time': '20:50', 'submission_time': '2025-07-19T22:41:26'}
[2025-07-19T22:41:30.176+0000] {subprocess.py:93} INFO - [✓] Sent to feedback: {'feedback_id': 4070, 'branch_id': 102, 'customer_name': 'Kathryn Williams', 'phone_number': '(909)529-2708x01391', 'feedback_text': 'The phone each management mention cover.', 'rating': 1, 'dining_date': '2025-07-19', 'dining_time': '21:54', 'submission_time': '2025-07-19T22:41:26'}
[2025-07-19T22:41:30.177+0000] {subprocess.py:93} INFO - [✓] Sent to feedback: {'feedback_id': 5902, 'branch_id': 101, 'customer_name': 'Jill Terrell', 'phone_number': '(367)864-1903x3886', 'feedback_text': 'Public close expect him.', 'rating': 3, 'dining_date': '2025-07-19', 'dining_time': '21:39', 'submission_time': '2025-07-19T22:41:26'}
[2025-07-19T22:41:30.178+0000] {subprocess.py:93} INFO - ✅ All messages sent.
[2025-07-19T22:41:30.221+0000] {subprocess.py:97} INFO - Command exited with return code 0
[2025-07-19T22:41:30.238+0000] {taskinstance.py:1400} INFO - Marking task as SUCCESS. dag_id=restaurant_pipeline, task_id=send_to_kafka, execution_date=20250719T223800, start_date=20250719T224127, end_date=20250719T224130
[2025-07-19T22:41:30.286+0000] {local_task_job_runner.py:228} INFO - Task exited with return code 0
[2025-07-19T22:41:30.314+0000] {taskinstance.py:2778} INFO - 1 downstream tasks scheduled from follow-on schedule check
