[2025-07-18T15:44:02.300+0000] {taskinstance.py:1159} INFO - Dependencies all met for dep_context=non-requeueable deps ti=<TaskInstance: restaurant_pipeline.send_to_kafka scheduled__2025-07-18T15:42:00+00:00 [queued]>
[2025-07-18T15:44:02.304+0000] {taskinstance.py:1159} INFO - Dependencies all met for dep_context=requeueable deps ti=<TaskInstance: restaurant_pipeline.send_to_kafka scheduled__2025-07-18T15:42:00+00:00 [queued]>
[2025-07-18T15:44:02.304+0000] {taskinstance.py:1361} INFO - Starting attempt 1 of 1
[2025-07-18T15:44:02.310+0000] {taskinstance.py:1382} INFO - Executing <Task(BashOperator): send_to_kafka> on 2025-07-18 15:42:00+00:00
[2025-07-18T15:44:02.312+0000] {standard_task_runner.py:57} INFO - Started process 650 to run task
[2025-07-18T15:44:02.315+0000] {standard_task_runner.py:84} INFO - Running: ['***', 'tasks', 'run', 'restaurant_pipeline', 'send_to_kafka', 'scheduled__2025-07-18T15:42:00+00:00', '--job-id', '128', '--raw', '--subdir', 'DAGS_FOLDER/restaurant_pipeline.py', '--cfg-path', '/tmp/tmpg9if5plg']
[2025-07-18T15:44:02.316+0000] {standard_task_runner.py:85} INFO - Job 128: Subtask send_to_kafka
[2025-07-18T15:44:02.339+0000] {task_command.py:416} INFO - Running <TaskInstance: restaurant_pipeline.send_to_kafka scheduled__2025-07-18T15:42:00+00:00 [running]> on host 9bcfb43e0ab7
[2025-07-18T15:44:02.373+0000] {taskinstance.py:1662} INFO - Exporting env vars: AIRFLOW_CTX_DAG_OWNER='moran' AIRFLOW_CTX_DAG_ID='restaurant_pipeline' AIRFLOW_CTX_TASK_ID='send_to_kafka' AIRFLOW_CTX_EXECUTION_DATE='2025-07-18T15:42:00+00:00' AIRFLOW_CTX_TRY_NUMBER='1' AIRFLOW_CTX_DAG_RUN_ID='scheduled__2025-07-18T15:42:00+00:00'
[2025-07-18T15:44:02.374+0000] {subprocess.py:63} INFO - Tmp dir root location: /tmp
[2025-07-18T15:44:02.374+0000] {subprocess.py:75} INFO - Running command: ['/bin/bash', '-c', 'python /opt/streaming/producer.py']
[2025-07-18T15:44:02.379+0000] {subprocess.py:86} INFO - Output:
[2025-07-18T15:44:04.614+0000] {subprocess.py:93} INFO - [✓] Sent to reservations: {'reservation_id': 2649, 'branch_id': 101, 'customer_name': 'Barbara Bowers', 'phone_number': '001-934-640-4045x722', 'reservation_date': '2025-07-18', 'reservation_time': '16:43', 'guests_count': 2, 'is_confirmed': False}
[2025-07-18T15:44:04.615+0000] {subprocess.py:93} INFO - [✓] Sent to reservations: {'reservation_id': 5701, 'branch_id': 101, 'customer_name': 'Kara Zimmerman', 'phone_number': '(530)684-5582x5049', 'reservation_date': '2025-07-18', 'reservation_time': '17:40', 'guests_count': 7, 'is_confirmed': False}
[2025-07-18T15:44:04.615+0000] {subprocess.py:93} INFO - [✓] Sent to reservations: {'reservation_id': 3362, 'branch_id': 102, 'customer_name': 'Natalie Hawkins', 'phone_number': '(795)611-8632', 'reservation_date': '2025-07-18', 'reservation_time': '16:21', 'guests_count': 8, 'is_confirmed': False}
[2025-07-18T15:44:04.615+0000] {subprocess.py:93} INFO - [✓] Sent to checkins: {'checkin_id': 1758, 'customer_name': 'Jennifer Baxter', 'phone_number': '3907550282', 'branch_id': 101, 'table_id': 200, 'is_prebooked': False, 'checkin_date': '2025-07-18', 'checkin_time': '15:15', 'guests_count': 1, 'shift_manager': 'Savannah Jones'}
[2025-07-18T15:44:04.615+0000] {subprocess.py:93} INFO - [✓] Sent to checkins: {'checkin_id': 6347, 'customer_name': 'Lauren Martin', 'phone_number': '(869)924-6466x18960', 'branch_id': 102, 'table_id': 200, 'is_prebooked': False, 'checkin_date': '2025-07-18', 'checkin_time': '14:52', 'guests_count': 4, 'shift_manager': 'Anthony Mata'}
[2025-07-18T15:44:04.616+0000] {subprocess.py:93} INFO - [✓] Sent to checkins: {'checkin_id': 2286, 'customer_name': 'Krystal Stewart', 'phone_number': '790-667-1029', 'branch_id': 101, 'table_id': 205, 'is_prebooked': False, 'checkin_date': '2025-07-18', 'checkin_time': '15:44', 'guests_count': 3, 'shift_manager': 'Gary Russell'}
[2025-07-18T15:44:04.616+0000] {subprocess.py:93} INFO - [✓] Sent to feedback: {'feedback_id': 5702, 'branch_id': 101, 'customer_name': 'Michael Callahan', 'phone_number': '875-620-1911x83465', 'feedback_text': 'Threat all seat.', 'rating': 5, 'dining_date': '2025-07-18', 'dining_time': '14:53', 'submission_time': '2025-07-18T15:44:01'}
[2025-07-18T15:44:04.616+0000] {subprocess.py:93} INFO - [✓] Sent to feedback: {'feedback_id': 3873, 'branch_id': 102, 'customer_name': 'Andrew Castro', 'phone_number': '6455408663', 'feedback_text': 'Material pressure public enough activity.', 'rating': 4, 'dining_date': '2025-07-18', 'dining_time': '13:59', 'submission_time': '2025-07-18T15:44:01'}
[2025-07-18T15:44:04.617+0000] {subprocess.py:93} INFO - [✓] Sent to feedback: {'feedback_id': 3665, 'branch_id': 101, 'customer_name': 'Rodney Moran', 'phone_number': '(941)733-0405x858', 'feedback_text': 'Particularly sound employee.', 'rating': 4, 'dining_date': '2025-07-18', 'dining_time': '15:05', 'submission_time': '2025-07-18T15:44:01'}
[2025-07-18T15:44:04.617+0000] {subprocess.py:93} INFO - ✅ All messages sent.
[2025-07-18T15:44:04.687+0000] {subprocess.py:97} INFO - Command exited with return code 0
[2025-07-18T15:44:04.721+0000] {taskinstance.py:1400} INFO - Marking task as SUCCESS. dag_id=restaurant_pipeline, task_id=send_to_kafka, execution_date=20250718T154200, start_date=20250718T154402, end_date=20250718T154404
[2025-07-18T15:44:04.758+0000] {local_task_job_runner.py:228} INFO - Task exited with return code 0
[2025-07-18T15:44:04.808+0000] {taskinstance.py:2778} INFO - 1 downstream tasks scheduled from follow-on schedule check
