[2025-07-18T16:14:31.489+0000] {taskinstance.py:1159} INFO - Dependencies all met for dep_context=non-requeueable deps ti=<TaskInstance: restaurant_pipeline.send_to_kafka manual__2025-07-18T16:14:30.001261+00:00 [queued]>
[2025-07-18T16:14:31.494+0000] {taskinstance.py:1159} INFO - Dependencies all met for dep_context=requeueable deps ti=<TaskInstance: restaurant_pipeline.send_to_kafka manual__2025-07-18T16:14:30.001261+00:00 [queued]>
[2025-07-18T16:14:31.494+0000] {taskinstance.py:1361} INFO - Starting attempt 1 of 1
[2025-07-18T16:14:31.502+0000] {taskinstance.py:1382} INFO - Executing <Task(BashOperator): send_to_kafka> on 2025-07-18 16:14:30.001261+00:00
[2025-07-18T16:14:31.506+0000] {standard_task_runner.py:57} INFO - Started process 1245 to run task
[2025-07-18T16:14:31.508+0000] {standard_task_runner.py:84} INFO - Running: ['***', 'tasks', 'run', 'restaurant_pipeline', 'send_to_kafka', 'manual__2025-07-18T16:14:30.001261+00:00', '--job-id', '179', '--raw', '--subdir', 'DAGS_FOLDER/restaurant_pipeline.py', '--cfg-path', '/tmp/tmpklh5pxp1']
[2025-07-18T16:14:31.510+0000] {standard_task_runner.py:85} INFO - Job 179: Subtask send_to_kafka
[2025-07-18T16:14:31.538+0000] {task_command.py:416} INFO - Running <TaskInstance: restaurant_pipeline.send_to_kafka manual__2025-07-18T16:14:30.001261+00:00 [running]> on host 9bcfb43e0ab7
[2025-07-18T16:14:31.574+0000] {taskinstance.py:1662} INFO - Exporting env vars: AIRFLOW_CTX_DAG_OWNER='moran' AIRFLOW_CTX_DAG_ID='restaurant_pipeline' AIRFLOW_CTX_TASK_ID='send_to_kafka' AIRFLOW_CTX_EXECUTION_DATE='2025-07-18T16:14:30.001261+00:00' AIRFLOW_CTX_TRY_NUMBER='1' AIRFLOW_CTX_DAG_RUN_ID='manual__2025-07-18T16:14:30.001261+00:00'
[2025-07-18T16:14:31.575+0000] {subprocess.py:63} INFO - Tmp dir root location: /tmp
[2025-07-18T16:14:31.576+0000] {subprocess.py:75} INFO - Running command: ['/bin/bash', '-c', 'python /opt/streaming/producer.py']
[2025-07-18T16:14:31.581+0000] {subprocess.py:86} INFO - Output:
[2025-07-18T16:14:33.942+0000] {subprocess.py:93} INFO - [✓] Sent to reservations: {'reservation_id': 1779, 'branch_id': 101, 'customer_name': 'Matthew Brady', 'phone_number': '329.648.2191x0046', 'reservation_date': '2025-07-18', 'reservation_time': '17:03', 'guests_count': 2, 'is_confirmed': True}
[2025-07-18T16:14:33.943+0000] {subprocess.py:93} INFO - [✓] Sent to reservations: {'reservation_id': 6279, 'branch_id': 102, 'customer_name': 'Ann Esparza', 'phone_number': '951-284-2327x182', 'reservation_date': '2025-07-18', 'reservation_time': '17:45', 'guests_count': 1, 'is_confirmed': True}
[2025-07-18T16:14:33.943+0000] {subprocess.py:93} INFO - [✓] Sent to reservations: {'reservation_id': 8008, 'branch_id': 101, 'customer_name': 'Kimberly Francis', 'phone_number': '001-577-551-9536x40602', 'reservation_date': '2025-07-18', 'reservation_time': '16:46', 'guests_count': 7, 'is_confirmed': False}
[2025-07-18T16:14:33.943+0000] {subprocess.py:93} INFO - [✓] Sent to checkins: {'checkin_id': 1229, 'customer_name': 'Derek Ingram', 'phone_number': '+1-393-587-5075', 'branch_id': 102, 'table_id': 204, 'is_prebooked': True, 'checkin_date': '2025-07-18', 'checkin_time': '15:41', 'guests_count': 5, 'shift_manager': 'Ronald Dixon'}
[2025-07-18T16:14:33.943+0000] {subprocess.py:93} INFO - [✓] Sent to checkins: {'checkin_id': 9752, 'customer_name': 'Janice Cole', 'phone_number': '001-484-307-5583x51131', 'branch_id': 102, 'table_id': 209, 'is_prebooked': False, 'checkin_date': '2025-07-18', 'checkin_time': '14:56', 'guests_count': 5, 'shift_manager': 'Brittney Anderson'}
[2025-07-18T16:14:33.943+0000] {subprocess.py:93} INFO - [✓] Sent to checkins: {'checkin_id': 1365, 'customer_name': 'Richard Diaz', 'phone_number': '(833)275-3596x4493', 'branch_id': 101, 'table_id': 209, 'is_prebooked': False, 'checkin_date': '2025-07-18', 'checkin_time': '15:41', 'guests_count': 1, 'shift_manager': 'Leslie Miller'}
[2025-07-18T16:14:33.943+0000] {subprocess.py:93} INFO - [✓] Sent to feedback: {'feedback_id': 4369, 'branch_id': 101, 'customer_name': 'Stacey Park', 'phone_number': '357.442.1181', 'feedback_text': 'Character spend law half key.', 'rating': 3, 'dining_date': '2025-07-18', 'dining_time': '15:12', 'submission_time': '2025-07-18T16:14:30'}
[2025-07-18T16:14:33.944+0000] {subprocess.py:93} INFO - [✓] Sent to feedback: {'feedback_id': 6552, 'branch_id': 101, 'customer_name': 'Chad Thompson', 'phone_number': '758.565.9198', 'feedback_text': 'Require rise lead face collection.', 'rating': 1, 'dining_date': '2025-07-18', 'dining_time': '14:48', 'submission_time': '2025-07-18T16:14:30'}
[2025-07-18T16:14:33.944+0000] {subprocess.py:93} INFO - [✓] Sent to feedback: {'feedback_id': 2036, 'branch_id': 101, 'customer_name': 'Paige Rodriguez', 'phone_number': '496-861-8143', 'feedback_text': 'Sit bar company lot.', 'rating': 1, 'dining_date': '2025-07-18', 'dining_time': '15:10', 'submission_time': '2025-07-18T16:14:30'}
[2025-07-18T16:14:33.944+0000] {subprocess.py:93} INFO - ✅ All messages sent.
[2025-07-18T16:14:33.993+0000] {subprocess.py:97} INFO - Command exited with return code 0
[2025-07-18T16:14:34.036+0000] {taskinstance.py:1400} INFO - Marking task as SUCCESS. dag_id=restaurant_pipeline, task_id=send_to_kafka, execution_date=20250718T161430, start_date=20250718T161431, end_date=20250718T161434
[2025-07-18T16:14:34.087+0000] {local_task_job_runner.py:228} INFO - Task exited with return code 0
[2025-07-18T16:14:34.129+0000] {taskinstance.py:2778} INFO - 1 downstream tasks scheduled from follow-on schedule check
