[2025-07-19T18:06:23.377+0000] {taskinstance.py:1159} INFO - Dependencies all met for dep_context=non-requeueable deps ti=<TaskInstance: restaurant_pipeline.send_to_kafka scheduled__2025-07-19T18:04:00+00:00 [queued]>
[2025-07-19T18:06:23.383+0000] {taskinstance.py:1159} INFO - Dependencies all met for dep_context=requeueable deps ti=<TaskInstance: restaurant_pipeline.send_to_kafka scheduled__2025-07-19T18:04:00+00:00 [queued]>
[2025-07-19T18:06:23.383+0000] {taskinstance.py:1361} INFO - Starting attempt 1 of 1
[2025-07-19T18:06:23.389+0000] {taskinstance.py:1382} INFO - Executing <Task(BashOperator): send_to_kafka> on 2025-07-19 18:04:00+00:00
[2025-07-19T18:06:23.391+0000] {standard_task_runner.py:57} INFO - Started process 345 to run task
[2025-07-19T18:06:23.393+0000] {standard_task_runner.py:84} INFO - Running: ['***', 'tasks', 'run', 'restaurant_pipeline', 'send_to_kafka', 'scheduled__2025-07-19T18:04:00+00:00', '--job-id', '932', '--raw', '--subdir', 'DAGS_FOLDER/restaurant_pipeline.py', '--cfg-path', '/tmp/tmpxa8a0uz8']
[2025-07-19T18:06:23.395+0000] {standard_task_runner.py:85} INFO - Job 932: Subtask send_to_kafka
[2025-07-19T18:06:23.420+0000] {task_command.py:416} INFO - Running <TaskInstance: restaurant_pipeline.send_to_kafka scheduled__2025-07-19T18:04:00+00:00 [running]> on host e3f5d8fc4eef
[2025-07-19T18:06:23.539+0000] {taskinstance.py:1662} INFO - Exporting env vars: AIRFLOW_CTX_DAG_EMAIL='your@email.com' AIRFLOW_CTX_DAG_OWNER='moran' AIRFLOW_CTX_DAG_ID='restaurant_pipeline' AIRFLOW_CTX_TASK_ID='send_to_kafka' AIRFLOW_CTX_EXECUTION_DATE='2025-07-19T18:04:00+00:00' AIRFLOW_CTX_TRY_NUMBER='1' AIRFLOW_CTX_DAG_RUN_ID='scheduled__2025-07-19T18:04:00+00:00'
[2025-07-19T18:06:23.540+0000] {subprocess.py:63} INFO - Tmp dir root location: /tmp
[2025-07-19T18:06:23.540+0000] {subprocess.py:75} INFO - Running command: ['/bin/bash', '-c', 'python /opt/streaming/producer.py']
[2025-07-19T18:06:23.546+0000] {subprocess.py:86} INFO - Output:
[2025-07-19T18:06:25.800+0000] {subprocess.py:93} INFO - [✓] Sent to reservations: {'reservation_id': 4648, 'branch_id': 101, 'customer_name': 'Tanya Mcconnell', 'phone_number': '2543388632', 'reservation_date': '2025-07-19', 'reservation_time': '19:29', 'guests_count': 7, 'is_confirmed': False}
[2025-07-19T18:06:25.803+0000] {subprocess.py:93} INFO - [✓] Sent to reservations: {'reservation_id': 3080, 'branch_id': 101, 'customer_name': 'Ian Sherman', 'phone_number': '(320)721-7801', 'reservation_date': '2025-07-19', 'reservation_time': '18:25', 'guests_count': 3, 'is_confirmed': True}
[2025-07-19T18:06:25.804+0000] {subprocess.py:93} INFO - [✓] Sent to reservations: {'reservation_id': 4309, 'branch_id': 102, 'customer_name': 'John Phelps', 'phone_number': '001-734-502-5907x9997', 'reservation_date': '2025-07-19', 'reservation_time': '18:30', 'guests_count': 3, 'is_confirmed': False}
[2025-07-19T18:06:25.806+0000] {subprocess.py:93} INFO - [✓] Sent to checkins: {'checkin_id': 1976, 'customer_name': 'Lisa Simmons', 'phone_number': '001-705-947-6520', 'branch_id': 102, 'table_id': 209, 'is_prebooked': False, 'checkin_date': '2025-07-19', 'checkin_time': '16:53', 'guests_count': 5, 'shift_manager': 'Austin Sanders'}
[2025-07-19T18:06:25.808+0000] {subprocess.py:93} INFO - [✓] Sent to checkins: {'checkin_id': 8730, 'customer_name': 'Scott Coleman', 'phone_number': '001-650-375-4492x86667', 'branch_id': 102, 'table_id': 201, 'is_prebooked': True, 'checkin_date': '2025-07-19', 'checkin_time': '17:41', 'guests_count': 3, 'shift_manager': 'Matthew Raymond'}
[2025-07-19T18:06:25.810+0000] {subprocess.py:93} INFO - [✓] Sent to checkins: {'checkin_id': 9613, 'customer_name': 'Mitchell Reid', 'phone_number': '258-670-7949x48857', 'branch_id': 101, 'table_id': 208, 'is_prebooked': True, 'checkin_date': '2025-07-19', 'checkin_time': '17:51', 'guests_count': 2, 'shift_manager': 'Steven Young'}
[2025-07-19T18:06:25.810+0000] {subprocess.py:93} INFO - [✓] Sent to feedback: {'feedback_id': 8316, 'branch_id': 101, 'customer_name': 'Kelly Jackson', 'phone_number': '775.722.7688x1916', 'feedback_text': 'Watch price day beautiful peace final watch.', 'rating': 1, 'dining_date': '2025-07-19', 'dining_time': '16:46', 'submission_time': '2025-07-19T18:06:22'}
[2025-07-19T18:06:25.811+0000] {subprocess.py:93} INFO - [✓] Sent to feedback: {'feedback_id': 7068, 'branch_id': 102, 'customer_name': 'Shawn White', 'phone_number': '(596)329-0796', 'feedback_text': 'Argue analysis sign listen him share operation.', 'rating': 4, 'dining_date': '2025-07-19', 'dining_time': '16:44', 'submission_time': '2025-07-19T18:06:22'}
[2025-07-19T18:06:25.811+0000] {subprocess.py:93} INFO - [✓] Sent to feedback: {'feedback_id': 7901, 'branch_id': 102, 'customer_name': 'David Glenn', 'phone_number': '+1-221-539-4694x1877', 'feedback_text': 'Commercial determine accept upon woman I.', 'rating': 4, 'dining_date': '2025-07-19', 'dining_time': '17:41', 'submission_time': '2025-07-19T18:06:22'}
[2025-07-19T18:06:25.812+0000] {subprocess.py:93} INFO - ✅ All messages sent.
[2025-07-19T18:06:25.845+0000] {subprocess.py:97} INFO - Command exited with return code 0
[2025-07-19T18:06:25.862+0000] {taskinstance.py:1400} INFO - Marking task as SUCCESS. dag_id=restaurant_pipeline, task_id=send_to_kafka, execution_date=20250719T180400, start_date=20250719T180623, end_date=20250719T180625
[2025-07-19T18:06:25.881+0000] {local_task_job_runner.py:228} INFO - Task exited with return code 0
[2025-07-19T18:06:25.906+0000] {taskinstance.py:2778} INFO - 1 downstream tasks scheduled from follow-on schedule check
