[2025-07-19T18:09:53.019+0000] {taskinstance.py:1159} INFO - Dependencies all met for dep_context=non-requeueable deps ti=<TaskInstance: restaurant_pipeline.send_to_kafka manual__2025-07-19T18:09:51.952726+00:00 [queued]>
[2025-07-19T18:09:53.022+0000] {taskinstance.py:1159} INFO - Dependencies all met for dep_context=requeueable deps ti=<TaskInstance: restaurant_pipeline.send_to_kafka manual__2025-07-19T18:09:51.952726+00:00 [queued]>
[2025-07-19T18:09:53.023+0000] {taskinstance.py:1361} INFO - Starting attempt 1 of 1
[2025-07-19T18:09:53.028+0000] {taskinstance.py:1382} INFO - Executing <Task(BashOperator): send_to_kafka> on 2025-07-19 18:09:51.952726+00:00
[2025-07-19T18:09:53.030+0000] {standard_task_runner.py:57} INFO - Started process 429 to run task
[2025-07-19T18:09:53.032+0000] {standard_task_runner.py:84} INFO - Running: ['***', 'tasks', 'run', 'restaurant_pipeline', 'send_to_kafka', 'manual__2025-07-19T18:09:51.952726+00:00', '--job-id', '941', '--raw', '--subdir', 'DAGS_FOLDER/restaurant_pipeline.py', '--cfg-path', '/tmp/tmpk31s3yrs']
[2025-07-19T18:09:53.033+0000] {standard_task_runner.py:85} INFO - Job 941: Subtask send_to_kafka
[2025-07-19T18:09:53.052+0000] {task_command.py:416} INFO - Running <TaskInstance: restaurant_pipeline.send_to_kafka manual__2025-07-19T18:09:51.952726+00:00 [running]> on host e3f5d8fc4eef
[2025-07-19T18:09:53.086+0000] {taskinstance.py:1662} INFO - Exporting env vars: AIRFLOW_CTX_DAG_OWNER='moran' AIRFLOW_CTX_DAG_ID='restaurant_pipeline' AIRFLOW_CTX_TASK_ID='send_to_kafka' AIRFLOW_CTX_EXECUTION_DATE='2025-07-19T18:09:51.952726+00:00' AIRFLOW_CTX_TRY_NUMBER='1' AIRFLOW_CTX_DAG_RUN_ID='manual__2025-07-19T18:09:51.952726+00:00'
[2025-07-19T18:09:53.087+0000] {subprocess.py:63} INFO - Tmp dir root location: /tmp
[2025-07-19T18:09:53.087+0000] {subprocess.py:75} INFO - Running command: ['/bin/bash', '-c', 'python /opt/streaming/producer.py']
[2025-07-19T18:09:53.091+0000] {subprocess.py:86} INFO - Output:
[2025-07-19T18:09:55.303+0000] {subprocess.py:93} INFO - [✓] Sent to reservations: {'reservation_id': 6139, 'branch_id': 102, 'customer_name': 'Tammy Smith', 'phone_number': '8934717998', 'reservation_date': '2025-07-19', 'reservation_time': '18:52', 'guests_count': 1, 'is_confirmed': False}
[2025-07-19T18:09:55.304+0000] {subprocess.py:93} INFO - [✓] Sent to reservations: {'reservation_id': 7119, 'branch_id': 101, 'customer_name': 'Thomas Tanner', 'phone_number': '(604)849-2821', 'reservation_date': '2025-07-19', 'reservation_time': '18:40', 'guests_count': 7, 'is_confirmed': False}
[2025-07-19T18:09:55.304+0000] {subprocess.py:93} INFO - [✓] Sent to reservations: {'reservation_id': 1454, 'branch_id': 102, 'customer_name': 'Candace Shaw', 'phone_number': '917.913.1524x70539', 'reservation_date': '2025-07-19', 'reservation_time': '18:36', 'guests_count': 1, 'is_confirmed': True}
[2025-07-19T18:09:55.305+0000] {subprocess.py:93} INFO - [✓] Sent to checkins: {'checkin_id': 2305, 'customer_name': 'Jacob Oneill', 'phone_number': '+1-332-909-7808', 'branch_id': 101, 'table_id': 202, 'is_prebooked': True, 'checkin_date': '2025-07-19', 'checkin_time': '16:53', 'guests_count': 3, 'shift_manager': 'Kirk Stephens'}
[2025-07-19T18:09:55.306+0000] {subprocess.py:93} INFO - [✓] Sent to checkins: {'checkin_id': 1418, 'customer_name': 'Monica Sampson', 'phone_number': '301-564-9523x172', 'branch_id': 102, 'table_id': 210, 'is_prebooked': False, 'checkin_date': '2025-07-19', 'checkin_time': '16:42', 'guests_count': 6, 'shift_manager': 'Karen Brewer'}
[2025-07-19T18:09:55.307+0000] {subprocess.py:93} INFO - [✓] Sent to checkins: {'checkin_id': 8799, 'customer_name': 'Katelyn Meyers', 'phone_number': '926.332.0157x75732', 'branch_id': 101, 'table_id': 200, 'is_prebooked': False, 'checkin_date': '2025-07-19', 'checkin_time': '17:34', 'guests_count': 1, 'shift_manager': 'Lisa Stanton'}
[2025-07-19T18:09:55.308+0000] {subprocess.py:93} INFO - [✓] Sent to feedback: {'feedback_id': 5771, 'branch_id': 102, 'customer_name': 'Allison Murphy', 'phone_number': '(889)908-2403x27902', 'feedback_text': 'Second own day bed clear.', 'rating': 4, 'dining_date': '2025-07-19', 'dining_time': '17:06', 'submission_time': '2025-07-19T18:09:52'}
[2025-07-19T18:09:55.309+0000] {subprocess.py:93} INFO - [✓] Sent to feedback: {'feedback_id': 8315, 'branch_id': 102, 'customer_name': 'Ashley Hunter', 'phone_number': '001-465-404-5670', 'feedback_text': 'Against child son time operation back resource.', 'rating': 1, 'dining_date': '2025-07-19', 'dining_time': '17:28', 'submission_time': '2025-07-19T18:09:52'}
[2025-07-19T18:09:55.310+0000] {subprocess.py:93} INFO - [✓] Sent to feedback: {'feedback_id': 4931, 'branch_id': 101, 'customer_name': 'Ann Hansen', 'phone_number': '(937)961-9109x6703', 'feedback_text': 'Brother both building instead also discuss shake.', 'rating': 3, 'dining_date': '2025-07-19', 'dining_time': '16:37', 'submission_time': '2025-07-19T18:09:52'}
[2025-07-19T18:09:55.311+0000] {subprocess.py:93} INFO - ✅ All messages sent.
[2025-07-19T18:09:55.350+0000] {subprocess.py:97} INFO - Command exited with return code 0
[2025-07-19T18:09:55.369+0000] {taskinstance.py:1400} INFO - Marking task as SUCCESS. dag_id=restaurant_pipeline, task_id=send_to_kafka, execution_date=20250719T180951, start_date=20250719T180953, end_date=20250719T180955
[2025-07-19T18:09:55.416+0000] {local_task_job_runner.py:228} INFO - Task exited with return code 0
[2025-07-19T18:09:55.443+0000] {taskinstance.py:2778} INFO - 1 downstream tasks scheduled from follow-on schedule check
