[2025-07-18T19:08:17.754+0000] {taskinstance.py:1159} INFO - Dependencies all met for dep_context=non-requeueable deps ti=<TaskInstance: restaurant_pipeline.silver_to_gold scheduled__2025-07-18T19:04:00+00:00 [queued]>
[2025-07-18T19:08:17.759+0000] {taskinstance.py:1159} INFO - Dependencies all met for dep_context=requeueable deps ti=<TaskInstance: restaurant_pipeline.silver_to_gold scheduled__2025-07-18T19:04:00+00:00 [queued]>
[2025-07-18T19:08:17.760+0000] {taskinstance.py:1361} INFO - Starting attempt 1 of 1
[2025-07-18T19:08:17.767+0000] {taskinstance.py:1382} INFO - Executing <Task(BashOperator): silver_to_gold> on 2025-07-18 19:04:00+00:00
[2025-07-18T19:08:17.770+0000] {standard_task_runner.py:57} INFO - Started process 4388 to run task
[2025-07-18T19:08:17.773+0000] {standard_task_runner.py:84} INFO - Running: ['***', 'tasks', 'run', 'restaurant_pipeline', 'silver_to_gold', 'scheduled__2025-07-18T19:04:00+00:00', '--job-id', '468', '--raw', '--subdir', 'DAGS_FOLDER/restaurant_pipeline.py', '--cfg-path', '/tmp/tmpvvdjvibu']
[2025-07-18T19:08:17.777+0000] {standard_task_runner.py:85} INFO - Job 468: Subtask silver_to_gold
[2025-07-18T19:08:17.816+0000] {task_command.py:416} INFO - Running <TaskInstance: restaurant_pipeline.silver_to_gold scheduled__2025-07-18T19:04:00+00:00 [running]> on host 9bcfb43e0ab7
[2025-07-18T19:08:17.865+0000] {taskinstance.py:1662} INFO - Exporting env vars: AIRFLOW_CTX_DAG_OWNER='moran' AIRFLOW_CTX_DAG_ID='restaurant_pipeline' AIRFLOW_CTX_TASK_ID='silver_to_gold' AIRFLOW_CTX_EXECUTION_DATE='2025-07-18T19:04:00+00:00' AIRFLOW_CTX_TRY_NUMBER='1' AIRFLOW_CTX_DAG_RUN_ID='scheduled__2025-07-18T19:04:00+00:00'
[2025-07-18T19:08:17.866+0000] {subprocess.py:63} INFO - Tmp dir root location: /tmp
[2025-07-18T19:08:17.867+0000] {subprocess.py:75} INFO - Running command: ['/bin/bash', '-c', 'docker exec spark-iceberg spark-submit /home/iceberg/spark/silver_to_gold.py']
[2025-07-18T19:08:17.871+0000] {subprocess.py:86} INFO - Output:
[2025-07-18T19:08:20.042+0000] {subprocess.py:93} INFO - 25/07/18 19:08:20 INFO SparkContext: Running Spark version 3.5.6
[2025-07-18T19:08:20.044+0000] {subprocess.py:93} INFO - 25/07/18 19:08:20 INFO SparkContext: OS info Linux, 6.10.14-linuxkit, aarch64
[2025-07-18T19:08:20.048+0000] {subprocess.py:93} INFO - 25/07/18 19:08:20 INFO SparkContext: Java version 17.0.15
[2025-07-18T19:08:20.068+0000] {subprocess.py:93} INFO - 25/07/18 19:08:20 INFO ResourceUtils: ==============================================================
[2025-07-18T19:08:20.069+0000] {subprocess.py:93} INFO - 25/07/18 19:08:20 INFO ResourceUtils: No custom resources configured for spark.driver.
[2025-07-18T19:08:20.069+0000] {subprocess.py:93} INFO - 25/07/18 19:08:20 INFO ResourceUtils: ==============================================================
[2025-07-18T19:08:20.069+0000] {subprocess.py:93} INFO - 25/07/18 19:08:20 INFO SparkContext: Submitted application: SilverToGold
[2025-07-18T19:08:20.085+0000] {subprocess.py:93} INFO - 25/07/18 19:08:20 INFO ResourceProfile: Default ResourceProfile created, executor resources: Map(cores -> name: cores, amount: 1, script: , vendor: , memory -> name: memory, amount: 1024, script: , vendor: , offHeap -> name: offHeap, amount: 0, script: , vendor: ), task resources: Map(cpus -> name: cpus, amount: 1.0)
[2025-07-18T19:08:20.092+0000] {subprocess.py:93} INFO - 25/07/18 19:08:20 INFO ResourceProfile: Limiting resource is cpu
[2025-07-18T19:08:20.093+0000] {subprocess.py:93} INFO - 25/07/18 19:08:20 INFO ResourceProfileManager: Added ResourceProfile id: 0
[2025-07-18T19:08:20.129+0000] {subprocess.py:93} INFO - 25/07/18 19:08:20 INFO SecurityManager: Changing view acls to: root,spark
[2025-07-18T19:08:20.129+0000] {subprocess.py:93} INFO - 25/07/18 19:08:20 INFO SecurityManager: Changing modify acls to: root,spark
[2025-07-18T19:08:20.129+0000] {subprocess.py:93} INFO - 25/07/18 19:08:20 INFO SecurityManager: Changing view acls groups to:
[2025-07-18T19:08:20.130+0000] {subprocess.py:93} INFO - 25/07/18 19:08:20 INFO SecurityManager: Changing modify acls groups to:
[2025-07-18T19:08:20.130+0000] {subprocess.py:93} INFO - 25/07/18 19:08:20 INFO SecurityManager: SecurityManager: authentication disabled; ui acls disabled; users with view permissions: root, spark; groups with view permissions: EMPTY; users with modify permissions: root, spark; groups with modify permissions: EMPTY
[2025-07-18T19:08:20.167+0000] {subprocess.py:93} INFO - 25/07/18 19:08:20 WARN NativeCodeLoader: Unable to load native-hadoop library for your platform... using builtin-java classes where applicable
[2025-07-18T19:08:20.348+0000] {subprocess.py:93} INFO - 25/07/18 19:08:20 INFO Utils: Successfully started service 'sparkDriver' on port 37645.
[2025-07-18T19:08:20.371+0000] {subprocess.py:93} INFO - 25/07/18 19:08:20 INFO SparkEnv: Registering MapOutputTracker
[2025-07-18T19:08:20.400+0000] {subprocess.py:93} INFO - 25/07/18 19:08:20 INFO SparkEnv: Registering BlockManagerMaster
[2025-07-18T19:08:20.412+0000] {subprocess.py:93} INFO - 25/07/18 19:08:20 INFO BlockManagerMasterEndpoint: Using org.apache.spark.storage.DefaultTopologyMapper for getting topology information
[2025-07-18T19:08:20.413+0000] {subprocess.py:93} INFO - 25/07/18 19:08:20 INFO BlockManagerMasterEndpoint: BlockManagerMasterEndpoint up
[2025-07-18T19:08:20.416+0000] {subprocess.py:93} INFO - 25/07/18 19:08:20 INFO SparkEnv: Registering BlockManagerMasterHeartbeat
[2025-07-18T19:08:20.451+0000] {subprocess.py:93} INFO - 25/07/18 19:08:20 INFO DiskBlockManager: Created local directory at /tmp/blockmgr-9e6c0fbb-6dcd-496b-95cd-8d02f3a205e5
[2025-07-18T19:08:20.460+0000] {subprocess.py:93} INFO - 25/07/18 19:08:20 INFO MemoryStore: MemoryStore started with capacity 434.4 MiB
[2025-07-18T19:08:20.479+0000] {subprocess.py:93} INFO - 25/07/18 19:08:20 INFO SparkEnv: Registering OutputCommitCoordinator
[2025-07-18T19:08:20.567+0000] {subprocess.py:93} INFO - 25/07/18 19:08:20 INFO JettyUtils: Start Jetty 0.0.0.0:4040 for SparkUI
[2025-07-18T19:08:20.631+0000] {subprocess.py:93} INFO - 25/07/18 19:08:20 INFO Utils: Successfully started service 'SparkUI' on port 4040.
[2025-07-18T19:08:20.703+0000] {subprocess.py:93} INFO - 25/07/18 19:08:20 INFO Executor: Starting executor ID driver on host 77cb57a6bd53
[2025-07-18T19:08:20.704+0000] {subprocess.py:93} INFO - 25/07/18 19:08:20 INFO Executor: OS info Linux, 6.10.14-linuxkit, aarch64
[2025-07-18T19:08:20.704+0000] {subprocess.py:93} INFO - 25/07/18 19:08:20 INFO Executor: Java version 17.0.15
[2025-07-18T19:08:20.708+0000] {subprocess.py:93} INFO - 25/07/18 19:08:20 INFO Executor: Starting executor with user classpath (userClassPathFirst = false): ''
[2025-07-18T19:08:20.708+0000] {subprocess.py:93} INFO - 25/07/18 19:08:20 INFO Executor: Created or updated repl class loader org.apache.spark.util.MutableURLClassLoader@206b4b51 for default.
[2025-07-18T19:08:20.719+0000] {subprocess.py:93} INFO - 25/07/18 19:08:20 INFO Utils: Successfully started service 'org.apache.spark.network.netty.NettyBlockTransferService' on port 45225.
[2025-07-18T19:08:20.719+0000] {subprocess.py:93} INFO - 25/07/18 19:08:20 INFO NettyBlockTransferService: Server created on 77cb57a6bd53:45225
[2025-07-18T19:08:20.720+0000] {subprocess.py:93} INFO - 25/07/18 19:08:20 INFO BlockManager: Using org.apache.spark.storage.RandomBlockReplicationPolicy for block replication policy
[2025-07-18T19:08:20.727+0000] {subprocess.py:93} INFO - 25/07/18 19:08:20 INFO BlockManagerMaster: Registering BlockManager BlockManagerId(driver, 77cb57a6bd53, 45225, None)
[2025-07-18T19:08:20.732+0000] {subprocess.py:93} INFO - 25/07/18 19:08:20 INFO BlockManagerMasterEndpoint: Registering block manager 77cb57a6bd53:45225 with 434.4 MiB RAM, BlockManagerId(driver, 77cb57a6bd53, 45225, None)
[2025-07-18T19:08:20.733+0000] {subprocess.py:93} INFO - 25/07/18 19:08:20 INFO BlockManagerMaster: Registered BlockManager BlockManagerId(driver, 77cb57a6bd53, 45225, None)
[2025-07-18T19:08:20.738+0000] {subprocess.py:93} INFO - 25/07/18 19:08:20 INFO BlockManager: Initialized BlockManager: BlockManagerId(driver, 77cb57a6bd53, 45225, None)
[2025-07-18T19:08:20.960+0000] {subprocess.py:93} INFO - 25/07/18 19:08:20 INFO SharedState: Setting hive.metastore.warehouse.dir ('null') to the value of spark.sql.warehouse.dir.
[2025-07-18T19:08:20.962+0000] {subprocess.py:93} INFO - 25/07/18 19:08:20 INFO SharedState: Warehouse path is 'file:/app/spark-warehouse'.
[2025-07-18T19:08:21.560+0000] {subprocess.py:93} INFO - 25/07/18 19:08:21 WARN MetricsConfig: Cannot locate configuration: tried hadoop-metrics2-s3a-file-system.properties,hadoop-metrics2.properties
[2025-07-18T19:08:21.566+0000] {subprocess.py:93} INFO - 25/07/18 19:08:21 INFO MetricsSystemImpl: Scheduled Metric snapshot period at 10 second(s).
[2025-07-18T19:08:21.566+0000] {subprocess.py:93} INFO - 25/07/18 19:08:21 INFO MetricsSystemImpl: s3a-file-system metrics system started
[2025-07-18T19:08:22.653+0000] {subprocess.py:93} INFO - 25/07/18 19:08:22 INFO BaseMetastoreCatalog: Table loaded by catalog: my_catalog.silver.scd2_branch
[2025-07-18T19:08:22.699+0000] {subprocess.py:93} INFO - 25/07/18 19:08:22 INFO BaseMetastoreCatalog: Table loaded by catalog: my_catalog.silver.table
[2025-07-18T19:08:22.755+0000] {subprocess.py:93} INFO - 25/07/18 19:08:22 INFO BaseMetastoreCatalog: Table loaded by catalog: my_catalog.silver.customers
[2025-07-18T19:08:22.878+0000] {subprocess.py:93} INFO - 25/07/18 19:08:22 INFO BaseMetastoreCatalog: Table loaded by catalog: my_catalog.silver.reservations_cleaned
[2025-07-18T19:08:22.918+0000] {subprocess.py:93} INFO - 25/07/18 19:08:22 INFO BaseMetastoreCatalog: Table loaded by catalog: my_catalog.silver.checkins_cleaned
[2025-07-18T19:08:22.955+0000] {subprocess.py:93} INFO - 25/07/18 19:08:22 INFO BaseMetastoreCatalog: Table loaded by catalog: my_catalog.silver.feedback_cleaned
[2025-07-18T19:08:24.052+0000] {subprocess.py:93} INFO - Traceback (most recent call last):
[2025-07-18T19:08:24.053+0000] {subprocess.py:93} INFO -   File "/home/iceberg/spark/silver_to_gold.py", line 188, in <module>
[2025-07-18T19:08:24.053+0000] {subprocess.py:93} INFO -     fact_reservations_df.write.format("iceberg").mode("append").save("my_catalog.gold.fact_reservations")
[2025-07-18T19:08:24.053+0000] {subprocess.py:93} INFO -   File "/opt/bitnami/spark/python/lib/pyspark.zip/pyspark/sql/readwriter.py", line 1463, in save
[2025-07-18T19:08:24.055+0000] {subprocess.py:93} INFO -   File "/opt/bitnami/spark/python/lib/py4j-0.10.9.7-src.zip/py4j/java_gateway.py", line 1322, in __call__
[2025-07-18T19:08:24.056+0000] {subprocess.py:93} INFO -   File "/opt/bitnami/spark/python/lib/pyspark.zip/pyspark/errors/exceptions/captured.py", line 185, in deco
[2025-07-18T19:08:24.063+0000] {subprocess.py:93} INFO - pyspark.errors.exceptions.captured.AnalysisException: [TABLE_OR_VIEW_NOT_FOUND] The table or view gold.fact_reservations cannot be found. Verify the spelling and correctness of the schema and catalog.
[2025-07-18T19:08:24.063+0000] {subprocess.py:93} INFO - If you did not qualify the name with a schema, verify the current_schema() output, or qualify the name with the correct schema and catalog.
[2025-07-18T19:08:24.063+0000] {subprocess.py:93} INFO - To tolerate the error on drop use DROP VIEW IF EXISTS or DROP TABLE IF EXISTS.
[2025-07-18T19:08:24.097+0000] {subprocess.py:93} INFO - 25/07/18 19:08:24 INFO SparkContext: Invoking stop() from shutdown hook
[2025-07-18T19:08:24.098+0000] {subprocess.py:93} INFO - 25/07/18 19:08:24 INFO SparkContext: SparkContext is stopping with exitCode 0.
[2025-07-18T19:08:24.106+0000] {subprocess.py:93} INFO - 25/07/18 19:08:24 INFO SparkUI: Stopped Spark web UI at http://77cb57a6bd53:4040
[2025-07-18T19:08:24.115+0000] {subprocess.py:93} INFO - 25/07/18 19:08:24 INFO MapOutputTrackerMasterEndpoint: MapOutputTrackerMasterEndpoint stopped!
[2025-07-18T19:08:24.126+0000] {subprocess.py:93} INFO - 25/07/18 19:08:24 INFO MemoryStore: MemoryStore cleared
[2025-07-18T19:08:24.126+0000] {subprocess.py:93} INFO - 25/07/18 19:08:24 INFO BlockManager: BlockManager stopped
[2025-07-18T19:08:24.130+0000] {subprocess.py:93} INFO - 25/07/18 19:08:24 INFO BlockManagerMaster: BlockManagerMaster stopped
[2025-07-18T19:08:24.135+0000] {subprocess.py:93} INFO - 25/07/18 19:08:24 INFO OutputCommitCoordinator$OutputCommitCoordinatorEndpoint: OutputCommitCoordinator stopped!
[2025-07-18T19:08:24.141+0000] {subprocess.py:93} INFO - 25/07/18 19:08:24 INFO SparkContext: Successfully stopped SparkContext
[2025-07-18T19:08:24.141+0000] {subprocess.py:93} INFO - 25/07/18 19:08:24 INFO ShutdownHookManager: Shutdown hook called
[2025-07-18T19:08:24.142+0000] {subprocess.py:93} INFO - 25/07/18 19:08:24 INFO ShutdownHookManager: Deleting directory /tmp/spark-7fe27b8d-e205-4787-9638-d2728b8b99f2
[2025-07-18T19:08:24.144+0000] {subprocess.py:93} INFO - 25/07/18 19:08:24 INFO ShutdownHookManager: Deleting directory /tmp/spark-ef2f37fd-9852-4436-949f-0b29d5250994
[2025-07-18T19:08:24.146+0000] {subprocess.py:93} INFO - 25/07/18 19:08:24 INFO ShutdownHookManager: Deleting directory /tmp/spark-ef2f37fd-9852-4436-949f-0b29d5250994/pyspark-cdff3dff-44ae-4471-a09e-7a51bcbf8357
[2025-07-18T19:08:24.149+0000] {subprocess.py:93} INFO - 25/07/18 19:08:24 INFO MetricsSystemImpl: Stopping s3a-file-system metrics system...
[2025-07-18T19:08:24.150+0000] {subprocess.py:93} INFO - 25/07/18 19:08:24 INFO MetricsSystemImpl: s3a-file-system metrics system stopped.
[2025-07-18T19:08:24.150+0000] {subprocess.py:93} INFO - 25/07/18 19:08:24 INFO MetricsSystemImpl: s3a-file-system metrics system shutdown complete.
[2025-07-18T19:08:24.203+0000] {subprocess.py:97} INFO - Command exited with return code 1
[2025-07-18T19:08:24.220+0000] {taskinstance.py:1937} ERROR - Task failed with exception
Traceback (most recent call last):
  File "/home/airflow/.local/lib/python3.8/site-packages/airflow/operators/bash.py", line 210, in execute
    raise AirflowException(
airflow.exceptions.AirflowException: Bash command failed. The command returned a non-zero exit code 1.
[2025-07-18T19:08:24.224+0000] {taskinstance.py:1400} INFO - Marking task as FAILED. dag_id=restaurant_pipeline, task_id=silver_to_gold, execution_date=20250718T190400, start_date=20250718T190817, end_date=20250718T190824
[2025-07-18T19:08:24.235+0000] {standard_task_runner.py:104} ERROR - Failed to execute job 468 for task silver_to_gold (Bash command failed. The command returned a non-zero exit code 1.; 4388)
[2025-07-18T19:08:24.281+0000] {local_task_job_runner.py:228} INFO - Task exited with return code 1
[2025-07-18T19:08:24.309+0000] {taskinstance.py:2778} INFO - 0 downstream tasks scheduled from follow-on schedule check
