[2025-07-18T20:04:01.850+0000] {taskinstance.py:1159} INFO - Dependencies all met for dep_context=non-requeueable deps ti=<TaskInstance: restaurant_pipeline.send_to_kafka scheduled__2025-07-18T20:02:00+00:00 [queued]>
[2025-07-18T20:04:01.856+0000] {taskinstance.py:1159} INFO - Dependencies all met for dep_context=requeueable deps ti=<TaskInstance: restaurant_pipeline.send_to_kafka scheduled__2025-07-18T20:02:00+00:00 [queued]>
[2025-07-18T20:04:01.857+0000] {taskinstance.py:1361} INFO - Starting attempt 1 of 1
[2025-07-18T20:04:01.864+0000] {taskinstance.py:1382} INFO - Executing <Task(BashOperator): send_to_kafka> on 2025-07-18 20:02:00+00:00
[2025-07-18T20:04:01.867+0000] {standard_task_runner.py:57} INFO - Started process 5736 to run task
[2025-07-18T20:04:01.869+0000] {standard_task_runner.py:84} INFO - Running: ['***', 'tasks', 'run', 'restaurant_pipeline', 'send_to_kafka', 'scheduled__2025-07-18T20:02:00+00:00', '--job-id', '587', '--raw', '--subdir', 'DAGS_FOLDER/restaurant_pipeline.py', '--cfg-path', '/tmp/tmp4i1fo_07']
[2025-07-18T20:04:01.871+0000] {standard_task_runner.py:85} INFO - Job 587: Subtask send_to_kafka
[2025-07-18T20:04:01.904+0000] {task_command.py:416} INFO - Running <TaskInstance: restaurant_pipeline.send_to_kafka scheduled__2025-07-18T20:02:00+00:00 [running]> on host 9bcfb43e0ab7
[2025-07-18T20:04:01.974+0000] {taskinstance.py:1662} INFO - Exporting env vars: AIRFLOW_CTX_DAG_OWNER='moran' AIRFLOW_CTX_DAG_ID='restaurant_pipeline' AIRFLOW_CTX_TASK_ID='send_to_kafka' AIRFLOW_CTX_EXECUTION_DATE='2025-07-18T20:02:00+00:00' AIRFLOW_CTX_TRY_NUMBER='1' AIRFLOW_CTX_DAG_RUN_ID='scheduled__2025-07-18T20:02:00+00:00'
[2025-07-18T20:04:01.977+0000] {subprocess.py:63} INFO - Tmp dir root location: /tmp
[2025-07-18T20:04:01.978+0000] {subprocess.py:75} INFO - Running command: ['/bin/bash', '-c', 'python /opt/streaming/producer.py']
[2025-07-18T20:04:01.988+0000] {subprocess.py:86} INFO - Output:
[2025-07-18T20:04:04.264+0000] {subprocess.py:93} INFO - [✓] Sent to reservations: {'reservation_id': 7635, 'branch_id': 102, 'customer_name': 'Justin Horton', 'phone_number': '6326475579', 'reservation_date': '2025-07-18', 'reservation_time': '20:39', 'guests_count': 8, 'is_confirmed': False}
[2025-07-18T20:04:04.274+0000] {subprocess.py:93} INFO - [✓] Sent to reservations: {'reservation_id': 3158, 'branch_id': 102, 'customer_name': 'Janet Thompson', 'phone_number': '001-295-491-9127', 'reservation_date': '2025-07-18', 'reservation_time': '20:14', 'guests_count': 2, 'is_confirmed': True}
[2025-07-18T20:04:04.275+0000] {subprocess.py:93} INFO - [✓] Sent to reservations: {'reservation_id': 2160, 'branch_id': 101, 'customer_name': 'Hayden Greer', 'phone_number': '859.542.6718', 'reservation_date': '2025-07-18', 'reservation_time': '20:48', 'guests_count': 7, 'is_confirmed': True}
[2025-07-18T20:04:04.275+0000] {subprocess.py:93} INFO - [✓] Sent to checkins: {'checkin_id': 8218, 'customer_name': 'Margaret Griffith', 'phone_number': '+1-373-834-9788x205', 'branch_id': 102, 'table_id': 206, 'is_prebooked': False, 'checkin_date': '2025-07-18', 'checkin_time': '19:16', 'guests_count': 1, 'shift_manager': 'Terri Baxter'}
[2025-07-18T20:04:04.275+0000] {subprocess.py:93} INFO - [✓] Sent to checkins: {'checkin_id': 8911, 'customer_name': 'Jacob Hansen', 'phone_number': '+1-719-357-2625', 'branch_id': 101, 'table_id': 201, 'is_prebooked': False, 'checkin_date': '2025-07-18', 'checkin_time': '19:29', 'guests_count': 3, 'shift_manager': 'Teresa Davis'}
[2025-07-18T20:04:04.276+0000] {subprocess.py:93} INFO - [✓] Sent to checkins: {'checkin_id': 9479, 'customer_name': 'Megan Buchanan', 'phone_number': '(214)543-9312x0322', 'branch_id': 101, 'table_id': 208, 'is_prebooked': False, 'checkin_date': '2025-07-18', 'checkin_time': '18:16', 'guests_count': 4, 'shift_manager': 'Robert Martin'}
[2025-07-18T20:04:04.276+0000] {subprocess.py:93} INFO - [✓] Sent to feedback: {'feedback_id': 8219, 'branch_id': 102, 'customer_name': 'Keith Hernandez', 'phone_number': '001-992-602-1101x83774', 'feedback_text': 'Short energy year health ask class.', 'rating': 5, 'dining_date': '2025-07-18', 'dining_time': '18:22', 'submission_time': '2025-07-18T20:04:00'}
[2025-07-18T20:04:04.276+0000] {subprocess.py:93} INFO - [✓] Sent to feedback: {'feedback_id': 5523, 'branch_id': 101, 'customer_name': 'Michael Kim', 'phone_number': '001-853-970-3914', 'feedback_text': 'Responsibility pick challenge he option although.', 'rating': 3, 'dining_date': '2025-07-18', 'dining_time': '19:08', 'submission_time': '2025-07-18T20:04:00'}
[2025-07-18T20:04:04.277+0000] {subprocess.py:93} INFO - [✓] Sent to feedback: {'feedback_id': 2880, 'branch_id': 102, 'customer_name': 'Nicholas Carroll', 'phone_number': '503.327.6671', 'feedback_text': 'Pass its social all computer garden open.', 'rating': 4, 'dining_date': '2025-07-18', 'dining_time': '18:06', 'submission_time': '2025-07-18T20:04:00'}
[2025-07-18T20:04:04.277+0000] {subprocess.py:93} INFO - ✅ All messages sent.
[2025-07-18T20:04:04.322+0000] {subprocess.py:97} INFO - Command exited with return code 0
[2025-07-18T20:04:04.342+0000] {taskinstance.py:1400} INFO - Marking task as SUCCESS. dag_id=restaurant_pipeline, task_id=send_to_kafka, execution_date=20250718T200200, start_date=20250718T200401, end_date=20250718T200404
[2025-07-18T20:04:04.390+0000] {local_task_job_runner.py:228} INFO - Task exited with return code 0
[2025-07-18T20:04:04.420+0000] {taskinstance.py:2778} INFO - 1 downstream tasks scheduled from follow-on schedule check
