[2025-07-18T21:00:01.681+0000] {taskinstance.py:1159} INFO - Dependencies all met for dep_context=non-requeueable deps ti=<TaskInstance: restaurant_pipeline.send_to_kafka scheduled__2025-07-18T20:58:00+00:00 [queued]>
[2025-07-18T21:00:01.686+0000] {taskinstance.py:1159} INFO - Dependencies all met for dep_context=requeueable deps ti=<TaskInstance: restaurant_pipeline.send_to_kafka scheduled__2025-07-18T20:58:00+00:00 [queued]>
[2025-07-18T21:00:01.686+0000] {taskinstance.py:1361} INFO - Starting attempt 1 of 1
[2025-07-18T21:00:01.692+0000] {taskinstance.py:1382} INFO - Executing <Task(BashOperator): send_to_kafka> on 2025-07-18 20:58:00+00:00
[2025-07-18T21:00:01.694+0000] {standard_task_runner.py:57} INFO - Started process 6729 to run task
[2025-07-18T21:00:01.696+0000] {standard_task_runner.py:84} INFO - Running: ['***', 'tasks', 'run', 'restaurant_pipeline', 'send_to_kafka', 'scheduled__2025-07-18T20:58:00+00:00', '--job-id', '671', '--raw', '--subdir', 'DAGS_FOLDER/restaurant_pipeline.py', '--cfg-path', '/tmp/tmpq7okfsaw']
[2025-07-18T21:00:01.698+0000] {standard_task_runner.py:85} INFO - Job 671: Subtask send_to_kafka
[2025-07-18T21:00:01.728+0000] {task_command.py:416} INFO - Running <TaskInstance: restaurant_pipeline.send_to_kafka scheduled__2025-07-18T20:58:00+00:00 [running]> on host 9bcfb43e0ab7
[2025-07-18T21:00:01.766+0000] {taskinstance.py:1662} INFO - Exporting env vars: AIRFLOW_CTX_DAG_OWNER='moran' AIRFLOW_CTX_DAG_ID='restaurant_pipeline' AIRFLOW_CTX_TASK_ID='send_to_kafka' AIRFLOW_CTX_EXECUTION_DATE='2025-07-18T20:58:00+00:00' AIRFLOW_CTX_TRY_NUMBER='1' AIRFLOW_CTX_DAG_RUN_ID='scheduled__2025-07-18T20:58:00+00:00'
[2025-07-18T21:00:01.767+0000] {subprocess.py:63} INFO - Tmp dir root location: /tmp
[2025-07-18T21:00:01.767+0000] {subprocess.py:75} INFO - Running command: ['/bin/bash', '-c', 'python /opt/streaming/producer.py']
[2025-07-18T21:00:01.771+0000] {subprocess.py:86} INFO - Output:
[2025-07-18T21:00:04.029+0000] {subprocess.py:93} INFO - [✓] Sent to reservations: {'reservation_id': 4877, 'branch_id': 101, 'customer_name': 'Hannah Boone', 'phone_number': '862-588-0443x66453', 'reservation_date': '2025-07-18', 'reservation_time': '22:36', 'guests_count': 4, 'is_confirmed': True}
[2025-07-18T21:00:04.033+0000] {subprocess.py:93} INFO - [✓] Sent to reservations: {'reservation_id': 8854, 'branch_id': 102, 'customer_name': 'Angela Fernandez', 'phone_number': '247-966-2557x4188', 'reservation_date': '2025-07-18', 'reservation_time': '21:42', 'guests_count': 7, 'is_confirmed': True}
[2025-07-18T21:00:04.035+0000] {subprocess.py:93} INFO - [✓] Sent to reservations: {'reservation_id': 9024, 'branch_id': 101, 'customer_name': 'Theresa Barrett', 'phone_number': '(431)864-6534x2544', 'reservation_date': '2025-07-18', 'reservation_time': '22:53', 'guests_count': 7, 'is_confirmed': True}
[2025-07-18T21:00:04.037+0000] {subprocess.py:93} INFO - [✓] Sent to checkins: {'checkin_id': 6270, 'customer_name': 'Cassandra Myers', 'phone_number': '+1-276-954-7105x1978', 'branch_id': 102, 'table_id': 206, 'is_prebooked': True, 'checkin_date': '2025-07-18', 'checkin_time': '19:51', 'guests_count': 4, 'shift_manager': 'Edward Newton'}
[2025-07-18T21:00:04.038+0000] {subprocess.py:93} INFO - [✓] Sent to checkins: {'checkin_id': 1980, 'customer_name': 'Tina Nixon DVM', 'phone_number': '939.303.5492x5539', 'branch_id': 101, 'table_id': 203, 'is_prebooked': False, 'checkin_date': '2025-07-18', 'checkin_time': '20:58', 'guests_count': 5, 'shift_manager': 'Veronica Ellis'}
[2025-07-18T21:00:04.039+0000] {subprocess.py:93} INFO - [✓] Sent to checkins: {'checkin_id': 3097, 'customer_name': 'Christopher Evans', 'phone_number': '001-734-265-2494x633', 'branch_id': 101, 'table_id': 205, 'is_prebooked': False, 'checkin_date': '2025-07-18', 'checkin_time': '20:31', 'guests_count': 6, 'shift_manager': 'Shelby Parsons'}
[2025-07-18T21:00:04.042+0000] {subprocess.py:93} INFO - [✓] Sent to feedback: {'feedback_id': 7690, 'branch_id': 101, 'customer_name': 'Michael Johnson', 'phone_number': '(716)754-7857x76763', 'feedback_text': 'Technology deal attention soon.', 'rating': 1, 'dining_date': '2025-07-18', 'dining_time': '20:00', 'submission_time': '2025-07-18T21:00:00'}
[2025-07-18T21:00:04.045+0000] {subprocess.py:93} INFO - [✓] Sent to feedback: {'feedback_id': 6340, 'branch_id': 102, 'customer_name': 'Eric Edwards', 'phone_number': '282-856-9156', 'feedback_text': 'Member financial floor individual.', 'rating': 1, 'dining_date': '2025-07-18', 'dining_time': '20:07', 'submission_time': '2025-07-18T21:00:00'}
[2025-07-18T21:00:04.046+0000] {subprocess.py:93} INFO - [✓] Sent to feedback: {'feedback_id': 6159, 'branch_id': 102, 'customer_name': 'Justin Roach', 'phone_number': '715.799.8201x73377', 'feedback_text': 'Eight time stock produce.', 'rating': 5, 'dining_date': '2025-07-18', 'dining_time': '20:47', 'submission_time': '2025-07-18T21:00:00'}
[2025-07-18T21:00:04.047+0000] {subprocess.py:93} INFO - ✅ All messages sent.
[2025-07-18T21:00:04.083+0000] {subprocess.py:97} INFO - Command exited with return code 0
[2025-07-18T21:00:04.102+0000] {taskinstance.py:1400} INFO - Marking task as SUCCESS. dag_id=restaurant_pipeline, task_id=send_to_kafka, execution_date=20250718T205800, start_date=20250718T210001, end_date=20250718T210004
[2025-07-18T21:00:04.138+0000] {local_task_job_runner.py:228} INFO - Task exited with return code 0
[2025-07-18T21:00:04.165+0000] {taskinstance.py:2778} INFO - 1 downstream tasks scheduled from follow-on schedule check
