[2025-07-18T17:38:01.537+0000] {taskinstance.py:1159} INFO - Dependencies all met for dep_context=non-requeueable deps ti=<TaskInstance: restaurant_pipeline.send_to_kafka scheduled__2025-07-18T17:36:00+00:00 [queued]>
[2025-07-18T17:38:01.541+0000] {taskinstance.py:1159} INFO - Dependencies all met for dep_context=requeueable deps ti=<TaskInstance: restaurant_pipeline.send_to_kafka scheduled__2025-07-18T17:36:00+00:00 [queued]>
[2025-07-18T17:38:01.541+0000] {taskinstance.py:1361} INFO - Starting attempt 1 of 1
[2025-07-18T17:38:01.547+0000] {taskinstance.py:1382} INFO - Executing <Task(BashOperator): send_to_kafka> on 2025-07-18 17:36:00+00:00
[2025-07-18T17:38:01.549+0000] {standard_task_runner.py:57} INFO - Started process 2631 to run task
[2025-07-18T17:38:01.551+0000] {standard_task_runner.py:84} INFO - Running: ['***', 'tasks', 'run', 'restaurant_pipeline', 'send_to_kafka', 'scheduled__2025-07-18T17:36:00+00:00', '--job-id', '305', '--raw', '--subdir', 'DAGS_FOLDER/restaurant_pipeline.py', '--cfg-path', '/tmp/tmpw1tzv688']
[2025-07-18T17:38:01.552+0000] {standard_task_runner.py:85} INFO - Job 305: Subtask send_to_kafka
[2025-07-18T17:38:01.576+0000] {task_command.py:416} INFO - Running <TaskInstance: restaurant_pipeline.send_to_kafka scheduled__2025-07-18T17:36:00+00:00 [running]> on host 9bcfb43e0ab7
[2025-07-18T17:38:01.613+0000] {taskinstance.py:1662} INFO - Exporting env vars: AIRFLOW_CTX_DAG_OWNER='moran' AIRFLOW_CTX_DAG_ID='restaurant_pipeline' AIRFLOW_CTX_TASK_ID='send_to_kafka' AIRFLOW_CTX_EXECUTION_DATE='2025-07-18T17:36:00+00:00' AIRFLOW_CTX_TRY_NUMBER='1' AIRFLOW_CTX_DAG_RUN_ID='scheduled__2025-07-18T17:36:00+00:00'
[2025-07-18T17:38:01.614+0000] {subprocess.py:63} INFO - Tmp dir root location: /tmp
[2025-07-18T17:38:01.615+0000] {subprocess.py:75} INFO - Running command: ['/bin/bash', '-c', 'python /opt/streaming/producer.py']
[2025-07-18T17:38:01.619+0000] {subprocess.py:86} INFO - Output:
[2025-07-18T17:38:03.882+0000] {subprocess.py:93} INFO - [✓] Sent to reservations: {'reservation_id': 3842, 'branch_id': 102, 'customer_name': 'Paul Lee', 'phone_number': '(344)701-9616', 'reservation_date': '2025-07-18', 'reservation_time': '19:00', 'guests_count': 6, 'is_confirmed': True}
[2025-07-18T17:38:03.886+0000] {subprocess.py:93} INFO - [✓] Sent to reservations: {'reservation_id': 9858, 'branch_id': 101, 'customer_name': 'Robert Jackson', 'phone_number': '001-743-210-6655', 'reservation_date': '2025-07-18', 'reservation_time': '19:18', 'guests_count': 5, 'is_confirmed': True}
[2025-07-18T17:38:03.886+0000] {subprocess.py:93} INFO - [✓] Sent to reservations: {'reservation_id': 5580, 'branch_id': 102, 'customer_name': 'Karen Williams', 'phone_number': '+1-619-842-4185', 'reservation_date': '2025-07-18', 'reservation_time': '18:42', 'guests_count': 6, 'is_confirmed': False}
[2025-07-18T17:38:03.886+0000] {subprocess.py:93} INFO - [✓] Sent to checkins: {'checkin_id': 7772, 'customer_name': 'Rachel Smith', 'phone_number': '001-559-615-3150x116', 'branch_id': 102, 'table_id': 204, 'is_prebooked': False, 'checkin_date': '2025-07-18', 'checkin_time': '17:21', 'guests_count': 2, 'shift_manager': 'Anthony Howard'}
[2025-07-18T17:38:03.886+0000] {subprocess.py:93} INFO - [✓] Sent to checkins: {'checkin_id': 6172, 'customer_name': 'James Gonzales', 'phone_number': '(254)555-0251x07341', 'branch_id': 101, 'table_id': 203, 'is_prebooked': True, 'checkin_date': '2025-07-18', 'checkin_time': '15:51', 'guests_count': 4, 'shift_manager': 'Francisco Shaw'}
[2025-07-18T17:38:03.886+0000] {subprocess.py:93} INFO - [✓] Sent to checkins: {'checkin_id': 5332, 'customer_name': 'Oscar Carter', 'phone_number': '+1-527-502-7966x182', 'branch_id': 102, 'table_id': 202, 'is_prebooked': True, 'checkin_date': '2025-07-18', 'checkin_time': '16:12', 'guests_count': 5, 'shift_manager': 'Kristen Mccall'}
[2025-07-18T17:38:03.886+0000] {subprocess.py:93} INFO - [✓] Sent to feedback: {'feedback_id': 6248, 'branch_id': 101, 'customer_name': 'Nicholas Blanchard', 'phone_number': '001-970-399-3903x068', 'feedback_text': 'Set study stuff.', 'rating': 2, 'dining_date': '2025-07-18', 'dining_time': '16:49', 'submission_time': '2025-07-18T17:38:00'}
[2025-07-18T17:38:03.887+0000] {subprocess.py:93} INFO - [✓] Sent to feedback: {'feedback_id': 5732, 'branch_id': 102, 'customer_name': 'Rachel Moore', 'phone_number': '001-241-317-5755x389', 'feedback_text': 'Political white work physical.', 'rating': 1, 'dining_date': '2025-07-18', 'dining_time': '17:25', 'submission_time': '2025-07-18T17:38:00'}
[2025-07-18T17:38:03.887+0000] {subprocess.py:93} INFO - [✓] Sent to feedback: {'feedback_id': 9960, 'branch_id': 102, 'customer_name': 'Brooke Jordan', 'phone_number': '512.361.2224', 'feedback_text': 'Believe win street discover officer very reach.', 'rating': 4, 'dining_date': '2025-07-18', 'dining_time': '17:02', 'submission_time': '2025-07-18T17:38:00'}
[2025-07-18T17:38:03.887+0000] {subprocess.py:93} INFO - ✅ All messages sent.
[2025-07-18T17:38:03.916+0000] {subprocess.py:97} INFO - Command exited with return code 0
[2025-07-18T17:38:03.931+0000] {taskinstance.py:1400} INFO - Marking task as SUCCESS. dag_id=restaurant_pipeline, task_id=send_to_kafka, execution_date=20250718T173600, start_date=20250718T173801, end_date=20250718T173803
[2025-07-18T17:38:03.947+0000] {local_task_job_runner.py:228} INFO - Task exited with return code 0
[2025-07-18T17:38:03.974+0000] {taskinstance.py:2778} INFO - 1 downstream tasks scheduled from follow-on schedule check
