[2025-07-18T18:23:35.220+0000] {taskinstance.py:1159} INFO - Dependencies all met for dep_context=non-requeueable deps ti=<TaskInstance: restaurant_pipeline.send_to_kafka manual__2025-07-18T18:23:33.261115+00:00 [queued]>
[2025-07-18T18:23:35.225+0000] {taskinstance.py:1159} INFO - Dependencies all met for dep_context=requeueable deps ti=<TaskInstance: restaurant_pipeline.send_to_kafka manual__2025-07-18T18:23:33.261115+00:00 [queued]>
[2025-07-18T18:23:35.225+0000] {taskinstance.py:1361} INFO - Starting attempt 1 of 1
[2025-07-18T18:23:35.232+0000] {taskinstance.py:1382} INFO - Executing <Task(BashOperator): send_to_kafka> on 2025-07-18 18:23:33.261115+00:00
[2025-07-18T18:23:35.234+0000] {standard_task_runner.py:57} INFO - Started process 3221 to run task
[2025-07-18T18:23:35.236+0000] {standard_task_runner.py:84} INFO - Running: ['***', 'tasks', 'run', 'restaurant_pipeline', 'send_to_kafka', 'manual__2025-07-18T18:23:33.261115+00:00', '--job-id', '361', '--raw', '--subdir', 'DAGS_FOLDER/restaurant_pipeline.py', '--cfg-path', '/tmp/tmpom5m3x92']
[2025-07-18T18:23:35.238+0000] {standard_task_runner.py:85} INFO - Job 361: Subtask send_to_kafka
[2025-07-18T18:23:35.263+0000] {task_command.py:416} INFO - Running <TaskInstance: restaurant_pipeline.send_to_kafka manual__2025-07-18T18:23:33.261115+00:00 [running]> on host 9bcfb43e0ab7
[2025-07-18T18:23:35.298+0000] {taskinstance.py:1662} INFO - Exporting env vars: AIRFLOW_CTX_DAG_OWNER='moran' AIRFLOW_CTX_DAG_ID='restaurant_pipeline' AIRFLOW_CTX_TASK_ID='send_to_kafka' AIRFLOW_CTX_EXECUTION_DATE='2025-07-18T18:23:33.261115+00:00' AIRFLOW_CTX_TRY_NUMBER='1' AIRFLOW_CTX_DAG_RUN_ID='manual__2025-07-18T18:23:33.261115+00:00'
[2025-07-18T18:23:35.298+0000] {subprocess.py:63} INFO - Tmp dir root location: /tmp
[2025-07-18T18:23:35.299+0000] {subprocess.py:75} INFO - Running command: ['/bin/bash', '-c', 'python /opt/streaming/producer.py']
[2025-07-18T18:23:35.303+0000] {subprocess.py:86} INFO - Output:
[2025-07-18T18:23:37.540+0000] {subprocess.py:93} INFO - [✓] Sent to reservations: {'reservation_id': 3944, 'branch_id': 101, 'customer_name': 'Briana Levine', 'phone_number': '781-632-7264x515', 'reservation_date': '2025-07-18', 'reservation_time': '20:02', 'guests_count': 6, 'is_confirmed': False}
[2025-07-18T18:23:37.543+0000] {subprocess.py:93} INFO - [✓] Sent to reservations: {'reservation_id': 2071, 'branch_id': 102, 'customer_name': 'Benjamin Newman', 'phone_number': '(340)596-2257', 'reservation_date': '2025-07-18', 'reservation_time': '19:54', 'guests_count': 5, 'is_confirmed': True}
[2025-07-18T18:23:37.545+0000] {subprocess.py:93} INFO - [✓] Sent to reservations: {'reservation_id': 2330, 'branch_id': 101, 'customer_name': 'Tina Callahan', 'phone_number': '688-834-1358', 'reservation_date': '2025-07-18', 'reservation_time': '20:21', 'guests_count': 2, 'is_confirmed': True}
[2025-07-18T18:23:37.546+0000] {subprocess.py:93} INFO - [✓] Sent to checkins: {'checkin_id': 8637, 'customer_name': 'David Olson', 'phone_number': '943-978-7759x5662', 'branch_id': 101, 'table_id': 206, 'is_prebooked': True, 'checkin_date': '2025-07-18', 'checkin_time': '17:17', 'guests_count': 4, 'shift_manager': 'Molly Huffman'}
[2025-07-18T18:23:37.549+0000] {subprocess.py:93} INFO - [✓] Sent to checkins: {'checkin_id': 2268, 'customer_name': 'James Rowe', 'phone_number': '001-757-227-9318x1313', 'branch_id': 102, 'table_id': 200, 'is_prebooked': False, 'checkin_date': '2025-07-18', 'checkin_time': '17:58', 'guests_count': 4, 'shift_manager': 'Kenneth Smith'}
[2025-07-18T18:23:37.551+0000] {subprocess.py:93} INFO - [✓] Sent to checkins: {'checkin_id': 3348, 'customer_name': 'Victoria Reyes', 'phone_number': '(342)841-8686x344', 'branch_id': 102, 'table_id': 209, 'is_prebooked': True, 'checkin_date': '2025-07-18', 'checkin_time': '17:16', 'guests_count': 1, 'shift_manager': 'Kenneth Green'}
[2025-07-18T18:23:37.552+0000] {subprocess.py:93} INFO - [✓] Sent to feedback: {'feedback_id': 4211, 'branch_id': 101, 'customer_name': 'Ryan Barrera', 'phone_number': '314-437-5104', 'feedback_text': 'Travel represent husband start industry.', 'rating': 5, 'dining_date': '2025-07-18', 'dining_time': '18:08', 'submission_time': '2025-07-18T18:23:34'}
[2025-07-18T18:23:37.556+0000] {subprocess.py:93} INFO - [✓] Sent to feedback: {'feedback_id': 1652, 'branch_id': 102, 'customer_name': 'Lisa Singleton', 'phone_number': '001-572-937-4163', 'feedback_text': 'Answer poor black fly.', 'rating': 5, 'dining_date': '2025-07-18', 'dining_time': '17:34', 'submission_time': '2025-07-18T18:23:34'}
[2025-07-18T18:23:37.556+0000] {subprocess.py:93} INFO - [✓] Sent to feedback: {'feedback_id': 3603, 'branch_id': 101, 'customer_name': 'Donald Kelly', 'phone_number': '999.726.2502x81240', 'feedback_text': 'Space resource a friend question evening another.', 'rating': 3, 'dining_date': '2025-07-18', 'dining_time': '16:57', 'submission_time': '2025-07-18T18:23:34'}
[2025-07-18T18:23:37.556+0000] {subprocess.py:93} INFO - ✅ All messages sent.
[2025-07-18T18:23:37.581+0000] {subprocess.py:97} INFO - Command exited with return code 0
[2025-07-18T18:23:37.598+0000] {taskinstance.py:1400} INFO - Marking task as SUCCESS. dag_id=restaurant_pipeline, task_id=send_to_kafka, execution_date=20250718T182333, start_date=20250718T182335, end_date=20250718T182337
[2025-07-18T18:23:37.621+0000] {local_task_job_runner.py:228} INFO - Task exited with return code 0
[2025-07-18T18:23:37.648+0000] {taskinstance.py:2778} INFO - 1 downstream tasks scheduled from follow-on schedule check
