[2025-07-19T18:00:02.252+0000] {taskinstance.py:1159} INFO - Dependencies all met for dep_context=non-requeueable deps ti=<TaskInstance: restaurant_pipeline.send_to_kafka scheduled__2025-07-19T17:58:00+00:00 [queued]>
[2025-07-19T18:00:02.256+0000] {taskinstance.py:1159} INFO - Dependencies all met for dep_context=requeueable deps ti=<TaskInstance: restaurant_pipeline.send_to_kafka scheduled__2025-07-19T17:58:00+00:00 [queued]>
[2025-07-19T18:00:02.256+0000] {taskinstance.py:1361} INFO - Starting attempt 1 of 1
[2025-07-19T18:00:02.262+0000] {taskinstance.py:1382} INFO - Executing <Task(BashOperator): send_to_kafka> on 2025-07-19 17:58:00+00:00
[2025-07-19T18:00:02.264+0000] {standard_task_runner.py:57} INFO - Started process 181 to run task
[2025-07-19T18:00:02.266+0000] {standard_task_runner.py:84} INFO - Running: ['***', 'tasks', 'run', 'restaurant_pipeline', 'send_to_kafka', 'scheduled__2025-07-19T17:58:00+00:00', '--job-id', '914', '--raw', '--subdir', 'DAGS_FOLDER/restaurant_pipeline.py', '--cfg-path', '/tmp/tmp8fa619e1']
[2025-07-19T18:00:02.267+0000] {standard_task_runner.py:85} INFO - Job 914: Subtask send_to_kafka
[2025-07-19T18:00:02.289+0000] {task_command.py:416} INFO - Running <TaskInstance: restaurant_pipeline.send_to_kafka scheduled__2025-07-19T17:58:00+00:00 [running]> on host e3f5d8fc4eef
[2025-07-19T18:00:02.325+0000] {taskinstance.py:1662} INFO - Exporting env vars: AIRFLOW_CTX_DAG_EMAIL='your@email.com' AIRFLOW_CTX_DAG_OWNER='moran' AIRFLOW_CTX_DAG_ID='restaurant_pipeline' AIRFLOW_CTX_TASK_ID='send_to_kafka' AIRFLOW_CTX_EXECUTION_DATE='2025-07-19T17:58:00+00:00' AIRFLOW_CTX_TRY_NUMBER='1' AIRFLOW_CTX_DAG_RUN_ID='scheduled__2025-07-19T17:58:00+00:00'
[2025-07-19T18:00:02.326+0000] {subprocess.py:63} INFO - Tmp dir root location: /tmp
[2025-07-19T18:00:02.326+0000] {subprocess.py:75} INFO - Running command: ['/bin/bash', '-c', 'python /opt/streaming/producer.py']
[2025-07-19T18:00:02.330+0000] {subprocess.py:86} INFO - Output:
[2025-07-19T18:00:04.984+0000] {subprocess.py:93} INFO - [✓] Sent to reservations: {'reservation_id': 7098, 'branch_id': 102, 'customer_name': 'Robert Yoder', 'phone_number': '(491)495-2503x680', 'reservation_date': '2025-07-19', 'reservation_time': '18:43', 'guests_count': 2, 'is_confirmed': True}
[2025-07-19T18:00:04.984+0000] {subprocess.py:93} INFO - [✓] Sent to reservations: {'reservation_id': 7538, 'branch_id': 102, 'customer_name': 'Virginia Henry', 'phone_number': '+1-666-401-5837x10486', 'reservation_date': '2025-07-19', 'reservation_time': '18:34', 'guests_count': 1, 'is_confirmed': True}
[2025-07-19T18:00:04.985+0000] {subprocess.py:93} INFO - [✓] Sent to reservations: {'reservation_id': 8184, 'branch_id': 101, 'customer_name': 'Robert Madden', 'phone_number': '643.936.2364', 'reservation_date': '2025-07-19', 'reservation_time': '19:17', 'guests_count': 4, 'is_confirmed': True}
[2025-07-19T18:00:04.985+0000] {subprocess.py:93} INFO - [✓] Sent to checkins: {'checkin_id': 5870, 'customer_name': 'Karen Mcconnell', 'phone_number': '+1-382-301-0475x73559', 'branch_id': 102, 'table_id': 203, 'is_prebooked': True, 'checkin_date': '2025-07-19', 'checkin_time': '16:22', 'guests_count': 5, 'shift_manager': 'Nicholas Beck'}
[2025-07-19T18:00:04.985+0000] {subprocess.py:93} INFO - [✓] Sent to checkins: {'checkin_id': 3181, 'customer_name': 'Zachary Lindsey', 'phone_number': '001-994-436-0861x21696', 'branch_id': 101, 'table_id': 207, 'is_prebooked': True, 'checkin_date': '2025-07-19', 'checkin_time': '17:19', 'guests_count': 2, 'shift_manager': 'Tina Atkins'}
[2025-07-19T18:00:04.986+0000] {subprocess.py:93} INFO - [✓] Sent to checkins: {'checkin_id': 8937, 'customer_name': 'Kimberly Webb', 'phone_number': '663.940.1433x37934', 'branch_id': 101, 'table_id': 203, 'is_prebooked': True, 'checkin_date': '2025-07-19', 'checkin_time': '16:33', 'guests_count': 2, 'shift_manager': 'Philip Johnson'}
[2025-07-19T18:00:04.986+0000] {subprocess.py:93} INFO - [✓] Sent to feedback: {'feedback_id': 2008, 'branch_id': 102, 'customer_name': 'David Wilson', 'phone_number': '6058389527', 'feedback_text': 'Use film will one be popular course only.', 'rating': 3, 'dining_date': '2025-07-19', 'dining_time': '17:31', 'submission_time': '2025-07-19T18:00:01'}
[2025-07-19T18:00:04.986+0000] {subprocess.py:93} INFO - [✓] Sent to feedback: {'feedback_id': 6876, 'branch_id': 102, 'customer_name': 'Donald Scott', 'phone_number': '409.560.4366', 'feedback_text': 'List realize free blue think.', 'rating': 1, 'dining_date': '2025-07-19', 'dining_time': '17:50', 'submission_time': '2025-07-19T18:00:01'}
[2025-07-19T18:00:04.986+0000] {subprocess.py:93} INFO - [✓] Sent to feedback: {'feedback_id': 3641, 'branch_id': 101, 'customer_name': 'Mr. Jeffrey Soto', 'phone_number': '2548707602', 'feedback_text': 'Range because produce risk vote safe by.', 'rating': 2, 'dining_date': '2025-07-19', 'dining_time': '17:35', 'submission_time': '2025-07-19T18:00:01'}
[2025-07-19T18:00:04.987+0000] {subprocess.py:93} INFO - ✅ All messages sent.
[2025-07-19T18:00:05.021+0000] {subprocess.py:97} INFO - Command exited with return code 0
[2025-07-19T18:00:05.035+0000] {taskinstance.py:1400} INFO - Marking task as SUCCESS. dag_id=restaurant_pipeline, task_id=send_to_kafka, execution_date=20250719T175800, start_date=20250719T180002, end_date=20250719T180005
[2025-07-19T18:00:05.066+0000] {local_task_job_runner.py:228} INFO - Task exited with return code 0
[2025-07-19T18:00:05.091+0000] {taskinstance.py:2778} INFO - 1 downstream tasks scheduled from follow-on schedule check
