[2025-07-18T18:30:01.521+0000] {taskinstance.py:1159} INFO - Dependencies all met for dep_context=non-requeueable deps ti=<TaskInstance: restaurant_pipeline.send_to_kafka scheduled__2025-07-18T18:28:00+00:00 [queued]>
[2025-07-18T18:30:01.525+0000] {taskinstance.py:1159} INFO - Dependencies all met for dep_context=requeueable deps ti=<TaskInstance: restaurant_pipeline.send_to_kafka scheduled__2025-07-18T18:28:00+00:00 [queued]>
[2025-07-18T18:30:01.525+0000] {taskinstance.py:1361} INFO - Starting attempt 1 of 1
[2025-07-18T18:30:01.531+0000] {taskinstance.py:1382} INFO - Executing <Task(BashOperator): send_to_kafka> on 2025-07-18 18:28:00+00:00
[2025-07-18T18:30:01.533+0000] {standard_task_runner.py:57} INFO - Started process 3385 to run task
[2025-07-18T18:30:01.535+0000] {standard_task_runner.py:84} INFO - Running: ['***', 'tasks', 'run', 'restaurant_pipeline', 'send_to_kafka', 'scheduled__2025-07-18T18:28:00+00:00', '--job-id', '377', '--raw', '--subdir', 'DAGS_FOLDER/restaurant_pipeline.py', '--cfg-path', '/tmp/tmpimfxqi7i']
[2025-07-18T18:30:01.536+0000] {standard_task_runner.py:85} INFO - Job 377: Subtask send_to_kafka
[2025-07-18T18:30:01.559+0000] {task_command.py:416} INFO - Running <TaskInstance: restaurant_pipeline.send_to_kafka scheduled__2025-07-18T18:28:00+00:00 [running]> on host 9bcfb43e0ab7
[2025-07-18T18:30:01.594+0000] {taskinstance.py:1662} INFO - Exporting env vars: AIRFLOW_CTX_DAG_OWNER='moran' AIRFLOW_CTX_DAG_ID='restaurant_pipeline' AIRFLOW_CTX_TASK_ID='send_to_kafka' AIRFLOW_CTX_EXECUTION_DATE='2025-07-18T18:28:00+00:00' AIRFLOW_CTX_TRY_NUMBER='1' AIRFLOW_CTX_DAG_RUN_ID='scheduled__2025-07-18T18:28:00+00:00'
[2025-07-18T18:30:01.594+0000] {subprocess.py:63} INFO - Tmp dir root location: /tmp
[2025-07-18T18:30:01.595+0000] {subprocess.py:75} INFO - Running command: ['/bin/bash', '-c', 'python /opt/streaming/producer.py']
[2025-07-18T18:30:01.599+0000] {subprocess.py:86} INFO - Output:
[2025-07-18T18:30:03.841+0000] {subprocess.py:93} INFO - [✓] Sent to reservations: {'reservation_id': 4118, 'branch_id': 102, 'customer_name': 'Cory Johnson', 'phone_number': '(386)851-3323', 'reservation_date': '2025-07-18', 'reservation_time': '18:51', 'guests_count': 7, 'is_confirmed': False}
[2025-07-18T18:30:03.842+0000] {subprocess.py:93} INFO - [✓] Sent to reservations: {'reservation_id': 7854, 'branch_id': 101, 'customer_name': 'Katherine Livingston DVM', 'phone_number': '(964)636-9792x21045', 'reservation_date': '2025-07-18', 'reservation_time': '18:59', 'guests_count': 1, 'is_confirmed': True}
[2025-07-18T18:30:03.843+0000] {subprocess.py:93} INFO - [✓] Sent to reservations: {'reservation_id': 8646, 'branch_id': 102, 'customer_name': 'Zachary Martinez', 'phone_number': '+1-637-968-3017x95880', 'reservation_date': '2025-07-18', 'reservation_time': '19:23', 'guests_count': 8, 'is_confirmed': False}
[2025-07-18T18:30:03.843+0000] {subprocess.py:93} INFO - [✓] Sent to checkins: {'checkin_id': 2307, 'customer_name': 'Christopher Gonzalez', 'phone_number': '(851)993-7421x36890', 'branch_id': 101, 'table_id': 202, 'is_prebooked': False, 'checkin_date': '2025-07-18', 'checkin_time': '17:32', 'guests_count': 3, 'shift_manager': 'Luis Vargas'}
[2025-07-18T18:30:03.844+0000] {subprocess.py:93} INFO - [✓] Sent to checkins: {'checkin_id': 4106, 'customer_name': 'Paula Thompson', 'phone_number': '(401)335-2429', 'branch_id': 101, 'table_id': 210, 'is_prebooked': True, 'checkin_date': '2025-07-18', 'checkin_time': '18:24', 'guests_count': 2, 'shift_manager': 'Amanda Trevino'}
[2025-07-18T18:30:03.844+0000] {subprocess.py:93} INFO - [✓] Sent to checkins: {'checkin_id': 9851, 'customer_name': 'Isaac Clay', 'phone_number': '001-796-561-4995', 'branch_id': 101, 'table_id': 207, 'is_prebooked': False, 'checkin_date': '2025-07-18', 'checkin_time': '16:34', 'guests_count': 4, 'shift_manager': 'Mark Anderson'}
[2025-07-18T18:30:03.844+0000] {subprocess.py:93} INFO - [✓] Sent to feedback: {'feedback_id': 9409, 'branch_id': 101, 'customer_name': 'Shelby Wallace', 'phone_number': '765.260.5959', 'feedback_text': 'Away stay join Mrs accept response.', 'rating': 3, 'dining_date': '2025-07-18', 'dining_time': '18:09', 'submission_time': '2025-07-18T18:30:00'}
[2025-07-18T18:30:03.845+0000] {subprocess.py:93} INFO - [✓] Sent to feedback: {'feedback_id': 7152, 'branch_id': 101, 'customer_name': 'Amy Gordon', 'phone_number': '(964)722-6450', 'feedback_text': 'Place reach happy number offer administration.', 'rating': 1, 'dining_date': '2025-07-18', 'dining_time': '18:01', 'submission_time': '2025-07-18T18:30:00'}
[2025-07-18T18:30:03.845+0000] {subprocess.py:93} INFO - [✓] Sent to feedback: {'feedback_id': 5486, 'branch_id': 102, 'customer_name': 'Audrey King', 'phone_number': '559-970-3428x88821', 'feedback_text': 'Argue eat professional second arrive become management.', 'rating': 2, 'dining_date': '2025-07-18', 'dining_time': '17:39', 'submission_time': '2025-07-18T18:30:00'}
[2025-07-18T18:30:03.846+0000] {subprocess.py:93} INFO - ✅ All messages sent.
[2025-07-18T18:30:03.895+0000] {subprocess.py:97} INFO - Command exited with return code 0
[2025-07-18T18:30:03.917+0000] {taskinstance.py:1400} INFO - Marking task as SUCCESS. dag_id=restaurant_pipeline, task_id=send_to_kafka, execution_date=20250718T182800, start_date=20250718T183001, end_date=20250718T183003
[2025-07-18T18:30:03.955+0000] {local_task_job_runner.py:228} INFO - Task exited with return code 0
[2025-07-18T18:30:04.013+0000] {taskinstance.py:2778} INFO - 1 downstream tasks scheduled from follow-on schedule check
