[2025-07-18T18:27:32.452+0000] {taskinstance.py:1159} INFO - Dependencies all met for dep_context=non-requeueable deps ti=<TaskInstance: restaurant_pipeline.bronze_to_silver manual__2025-07-18T18:25:40.394911+00:00 [queued]>
[2025-07-18T18:27:32.459+0000] {taskinstance.py:1159} INFO - Dependencies all met for dep_context=requeueable deps ti=<TaskInstance: restaurant_pipeline.bronze_to_silver manual__2025-07-18T18:25:40.394911+00:00 [queued]>
[2025-07-18T18:27:32.460+0000] {taskinstance.py:1361} INFO - Starting attempt 1 of 1
[2025-07-18T18:27:32.468+0000] {taskinstance.py:1382} INFO - Executing <Task(BashOperator): bronze_to_silver> on 2025-07-18 18:25:40.394911+00:00
[2025-07-18T18:27:32.471+0000] {standard_task_runner.py:57} INFO - Started process 3323 to run task
[2025-07-18T18:27:32.474+0000] {standard_task_runner.py:84} INFO - Running: ['***', 'tasks', 'run', 'restaurant_pipeline', 'bronze_to_silver', 'manual__2025-07-18T18:25:40.394911+00:00', '--job-id', '371', '--raw', '--subdir', 'DAGS_FOLDER/restaurant_pipeline.py', '--cfg-path', '/tmp/tmpzs_pk6mn']
[2025-07-18T18:27:32.477+0000] {standard_task_runner.py:85} INFO - Job 371: Subtask bronze_to_silver
[2025-07-18T18:27:32.533+0000] {task_command.py:416} INFO - Running <TaskInstance: restaurant_pipeline.bronze_to_silver manual__2025-07-18T18:25:40.394911+00:00 [running]> on host 9bcfb43e0ab7
[2025-07-18T18:27:32.591+0000] {taskinstance.py:1662} INFO - Exporting env vars: AIRFLOW_CTX_DAG_OWNER='moran' AIRFLOW_CTX_DAG_ID='restaurant_pipeline' AIRFLOW_CTX_TASK_ID='bronze_to_silver' AIRFLOW_CTX_EXECUTION_DATE='2025-07-18T18:25:40.394911+00:00' AIRFLOW_CTX_TRY_NUMBER='1' AIRFLOW_CTX_DAG_RUN_ID='manual__2025-07-18T18:25:40.394911+00:00'
[2025-07-18T18:27:32.592+0000] {subprocess.py:63} INFO - Tmp dir root location: /tmp
[2025-07-18T18:27:32.592+0000] {subprocess.py:75} INFO - Running command: ['/bin/bash', '-c', 'docker exec spark-iceberg spark-submit /home/iceberg/spark/bronze_to_silver.py']
[2025-07-18T18:27:32.596+0000] {subprocess.py:86} INFO - Output:
[2025-07-18T18:27:33.999+0000] {subprocess.py:93} INFO - 25/07/18 18:27:33 INFO SparkContext: Running Spark version 3.5.6
[2025-07-18T18:27:34.001+0000] {subprocess.py:93} INFO - 25/07/18 18:27:34 INFO SparkContext: OS info Linux, 6.10.14-linuxkit, aarch64
[2025-07-18T18:27:34.001+0000] {subprocess.py:93} INFO - 25/07/18 18:27:34 INFO SparkContext: Java version 17.0.15
[2025-07-18T18:27:34.015+0000] {subprocess.py:93} INFO - 25/07/18 18:27:34 INFO ResourceUtils: ==============================================================
[2025-07-18T18:27:34.015+0000] {subprocess.py:93} INFO - 25/07/18 18:27:34 INFO ResourceUtils: No custom resources configured for spark.driver.
[2025-07-18T18:27:34.016+0000] {subprocess.py:93} INFO - 25/07/18 18:27:34 INFO ResourceUtils: ==============================================================
[2025-07-18T18:27:34.016+0000] {subprocess.py:93} INFO - 25/07/18 18:27:34 INFO SparkContext: Submitted application: BronzeToSilver
[2025-07-18T18:27:34.028+0000] {subprocess.py:93} INFO - 25/07/18 18:27:34 INFO ResourceProfile: Default ResourceProfile created, executor resources: Map(cores -> name: cores, amount: 1, script: , vendor: , memory -> name: memory, amount: 1024, script: , vendor: , offHeap -> name: offHeap, amount: 0, script: , vendor: ), task resources: Map(cpus -> name: cpus, amount: 1.0)
[2025-07-18T18:27:34.031+0000] {subprocess.py:93} INFO - 25/07/18 18:27:34 INFO ResourceProfile: Limiting resource is cpu
[2025-07-18T18:27:34.032+0000] {subprocess.py:93} INFO - 25/07/18 18:27:34 INFO ResourceProfileManager: Added ResourceProfile id: 0
[2025-07-18T18:27:34.057+0000] {subprocess.py:93} INFO - 25/07/18 18:27:34 INFO SecurityManager: Changing view acls to: root,spark
[2025-07-18T18:27:34.058+0000] {subprocess.py:93} INFO - 25/07/18 18:27:34 INFO SecurityManager: Changing modify acls to: root,spark
[2025-07-18T18:27:34.058+0000] {subprocess.py:93} INFO - 25/07/18 18:27:34 INFO SecurityManager: Changing view acls groups to:
[2025-07-18T18:27:34.059+0000] {subprocess.py:93} INFO - 25/07/18 18:27:34 INFO SecurityManager: Changing modify acls groups to:
[2025-07-18T18:27:34.060+0000] {subprocess.py:93} INFO - 25/07/18 18:27:34 INFO SecurityManager: SecurityManager: authentication disabled; ui acls disabled; users with view permissions: root, spark; groups with view permissions: EMPTY; users with modify permissions: root, spark; groups with modify permissions: EMPTY
[2025-07-18T18:27:34.088+0000] {subprocess.py:93} INFO - 25/07/18 18:27:34 WARN NativeCodeLoader: Unable to load native-hadoop library for your platform... using builtin-java classes where applicable
[2025-07-18T18:27:34.246+0000] {subprocess.py:93} INFO - 25/07/18 18:27:34 INFO Utils: Successfully started service 'sparkDriver' on port 33643.
[2025-07-18T18:27:34.265+0000] {subprocess.py:93} INFO - 25/07/18 18:27:34 INFO SparkEnv: Registering MapOutputTracker
[2025-07-18T18:27:34.289+0000] {subprocess.py:93} INFO - 25/07/18 18:27:34 INFO SparkEnv: Registering BlockManagerMaster
[2025-07-18T18:27:34.302+0000] {subprocess.py:93} INFO - 25/07/18 18:27:34 INFO BlockManagerMasterEndpoint: Using org.apache.spark.storage.DefaultTopologyMapper for getting topology information
[2025-07-18T18:27:34.302+0000] {subprocess.py:93} INFO - 25/07/18 18:27:34 INFO BlockManagerMasterEndpoint: BlockManagerMasterEndpoint up
[2025-07-18T18:27:34.305+0000] {subprocess.py:93} INFO - 25/07/18 18:27:34 INFO SparkEnv: Registering BlockManagerMasterHeartbeat
[2025-07-18T18:27:34.316+0000] {subprocess.py:93} INFO - 25/07/18 18:27:34 INFO DiskBlockManager: Created local directory at /tmp/blockmgr-33b88dbb-d493-41a5-b75a-3a02665a4a3f
[2025-07-18T18:27:34.323+0000] {subprocess.py:93} INFO - 25/07/18 18:27:34 INFO MemoryStore: MemoryStore started with capacity 434.4 MiB
[2025-07-18T18:27:34.335+0000] {subprocess.py:93} INFO - 25/07/18 18:27:34 INFO SparkEnv: Registering OutputCommitCoordinator
[2025-07-18T18:27:34.406+0000] {subprocess.py:93} INFO - 25/07/18 18:27:34 INFO JettyUtils: Start Jetty 0.0.0.0:4040 for SparkUI
[2025-07-18T18:27:34.445+0000] {subprocess.py:93} INFO - 25/07/18 18:27:34 INFO Utils: Successfully started service 'SparkUI' on port 4040.
[2025-07-18T18:27:34.490+0000] {subprocess.py:93} INFO - 25/07/18 18:27:34 INFO Executor: Starting executor ID driver on host 77cb57a6bd53
[2025-07-18T18:27:34.491+0000] {subprocess.py:93} INFO - 25/07/18 18:27:34 INFO Executor: OS info Linux, 6.10.14-linuxkit, aarch64
[2025-07-18T18:27:34.491+0000] {subprocess.py:93} INFO - 25/07/18 18:27:34 INFO Executor: Java version 17.0.15
[2025-07-18T18:27:34.494+0000] {subprocess.py:93} INFO - 25/07/18 18:27:34 INFO Executor: Starting executor with user classpath (userClassPathFirst = false): ''
[2025-07-18T18:27:34.494+0000] {subprocess.py:93} INFO - 25/07/18 18:27:34 INFO Executor: Created or updated repl class loader org.apache.spark.util.MutableURLClassLoader@7b6bf886 for default.
[2025-07-18T18:27:34.503+0000] {subprocess.py:93} INFO - 25/07/18 18:27:34 INFO Utils: Successfully started service 'org.apache.spark.network.netty.NettyBlockTransferService' on port 41455.
[2025-07-18T18:27:34.503+0000] {subprocess.py:93} INFO - 25/07/18 18:27:34 INFO NettyBlockTransferService: Server created on 77cb57a6bd53:41455
[2025-07-18T18:27:34.503+0000] {subprocess.py:93} INFO - 25/07/18 18:27:34 INFO BlockManager: Using org.apache.spark.storage.RandomBlockReplicationPolicy for block replication policy
[2025-07-18T18:27:34.510+0000] {subprocess.py:93} INFO - 25/07/18 18:27:34 INFO BlockManagerMaster: Registering BlockManager BlockManagerId(driver, 77cb57a6bd53, 41455, None)
[2025-07-18T18:27:34.515+0000] {subprocess.py:93} INFO - 25/07/18 18:27:34 INFO BlockManagerMasterEndpoint: Registering block manager 77cb57a6bd53:41455 with 434.4 MiB RAM, BlockManagerId(driver, 77cb57a6bd53, 41455, None)
[2025-07-18T18:27:34.516+0000] {subprocess.py:93} INFO - 25/07/18 18:27:34 INFO BlockManagerMaster: Registered BlockManager BlockManagerId(driver, 77cb57a6bd53, 41455, None)
[2025-07-18T18:27:34.517+0000] {subprocess.py:93} INFO - 25/07/18 18:27:34 INFO BlockManager: Initialized BlockManager: BlockManagerId(driver, 77cb57a6bd53, 41455, None)
[2025-07-18T18:27:34.731+0000] {subprocess.py:93} INFO - 25/07/18 18:27:34 INFO SharedState: Setting hive.metastore.warehouse.dir ('null') to the value of spark.sql.warehouse.dir.
[2025-07-18T18:27:34.732+0000] {subprocess.py:93} INFO - 25/07/18 18:27:34 INFO SharedState: Warehouse path is 'file:/app/spark-warehouse'.
[2025-07-18T18:27:35.293+0000] {subprocess.py:93} INFO - 25/07/18 18:27:35 WARN MetricsConfig: Cannot locate configuration: tried hadoop-metrics2-s3a-file-system.properties,hadoop-metrics2.properties
[2025-07-18T18:27:35.300+0000] {subprocess.py:93} INFO - 25/07/18 18:27:35 INFO MetricsSystemImpl: Scheduled Metric snapshot period at 10 second(s).
[2025-07-18T18:27:35.301+0000] {subprocess.py:93} INFO - 25/07/18 18:27:35 INFO MetricsSystemImpl: s3a-file-system metrics system started
[2025-07-18T18:27:36.317+0000] {subprocess.py:93} INFO - 25/07/18 18:27:36 INFO BaseMetastoreCatalog: Table loaded by catalog: my_catalog.bronze.Reservations_raw
[2025-07-18T18:27:36.620+0000] {subprocess.py:93} INFO - 25/07/18 18:27:36 INFO BaseMetastoreCatalog: Table loaded by catalog: my_catalog.bronze.Checkins_raw
[2025-07-18T18:27:36.664+0000] {subprocess.py:93} INFO - 25/07/18 18:27:36 INFO BaseMetastoreCatalog: Table loaded by catalog: my_catalog.bronze.Feedback_raw
[2025-07-18T18:27:37.272+0000] {subprocess.py:93} INFO - Traceback (most recent call last):
[2025-07-18T18:27:37.272+0000] {subprocess.py:93} INFO -   File "/home/iceberg/spark/bronze_to_silver.py", line 48, in <module>
[2025-07-18T18:27:37.273+0000] {subprocess.py:93} INFO -     customers_df.write.format("iceberg").mode("overwrite").save(customers_table)
[2025-07-18T18:27:37.273+0000] {subprocess.py:93} INFO -   File "/opt/bitnami/spark/python/lib/pyspark.zip/pyspark/sql/readwriter.py", line 1463, in save
[2025-07-18T18:27:37.273+0000] {subprocess.py:93} INFO -   File "/opt/bitnami/spark/python/lib/py4j-0.10.9.7-src.zip/py4j/java_gateway.py", line 1322, in __call__
[2025-07-18T18:27:37.273+0000] {subprocess.py:93} INFO -   File "/opt/bitnami/spark/python/lib/pyspark.zip/pyspark/errors/exceptions/captured.py", line 185, in deco
[2025-07-18T18:27:37.276+0000] {subprocess.py:93} INFO - pyspark.errors.exceptions.captured.AnalysisException: [TABLE_OR_VIEW_NOT_FOUND] The table or view silver.customers cannot be found. Verify the spelling and correctness of the schema and catalog.
[2025-07-18T18:27:37.277+0000] {subprocess.py:93} INFO - If you did not qualify the name with a schema, verify the current_schema() output, or qualify the name with the correct schema and catalog.
[2025-07-18T18:27:37.277+0000] {subprocess.py:93} INFO - To tolerate the error on drop use DROP VIEW IF EXISTS or DROP TABLE IF EXISTS.
[2025-07-18T18:27:37.296+0000] {subprocess.py:93} INFO - 25/07/18 18:27:37 INFO SparkContext: Invoking stop() from shutdown hook
[2025-07-18T18:27:37.296+0000] {subprocess.py:93} INFO - 25/07/18 18:27:37 INFO SparkContext: SparkContext is stopping with exitCode 0.
[2025-07-18T18:27:37.301+0000] {subprocess.py:93} INFO - 25/07/18 18:27:37 INFO SparkUI: Stopped Spark web UI at http://77cb57a6bd53:4040
[2025-07-18T18:27:37.307+0000] {subprocess.py:93} INFO - 25/07/18 18:27:37 INFO MapOutputTrackerMasterEndpoint: MapOutputTrackerMasterEndpoint stopped!
[2025-07-18T18:27:37.313+0000] {subprocess.py:93} INFO - 25/07/18 18:27:37 INFO MemoryStore: MemoryStore cleared
[2025-07-18T18:27:37.313+0000] {subprocess.py:93} INFO - 25/07/18 18:27:37 INFO BlockManager: BlockManager stopped
[2025-07-18T18:27:37.316+0000] {subprocess.py:93} INFO - 25/07/18 18:27:37 INFO BlockManagerMaster: BlockManagerMaster stopped
[2025-07-18T18:27:37.317+0000] {subprocess.py:93} INFO - 25/07/18 18:27:37 INFO OutputCommitCoordinator$OutputCommitCoordinatorEndpoint: OutputCommitCoordinator stopped!
[2025-07-18T18:27:37.321+0000] {subprocess.py:93} INFO - 25/07/18 18:27:37 INFO SparkContext: Successfully stopped SparkContext
[2025-07-18T18:27:37.322+0000] {subprocess.py:93} INFO - 25/07/18 18:27:37 INFO ShutdownHookManager: Shutdown hook called
[2025-07-18T18:27:37.322+0000] {subprocess.py:93} INFO - 25/07/18 18:27:37 INFO ShutdownHookManager: Deleting directory /tmp/spark-bd55533f-ce98-4d00-844b-415bdfb81a36
[2025-07-18T18:27:37.323+0000] {subprocess.py:93} INFO - 25/07/18 18:27:37 INFO ShutdownHookManager: Deleting directory /tmp/spark-bd55533f-ce98-4d00-844b-415bdfb81a36/pyspark-e1988c44-226a-453f-a123-eb0addf21419
[2025-07-18T18:27:37.324+0000] {subprocess.py:93} INFO - 25/07/18 18:27:37 INFO ShutdownHookManager: Deleting directory /tmp/spark-51b8c1da-0c91-4a4b-89b3-4ef632ca9b25
[2025-07-18T18:27:37.326+0000] {subprocess.py:93} INFO - 25/07/18 18:27:37 INFO MetricsSystemImpl: Stopping s3a-file-system metrics system...
[2025-07-18T18:27:37.327+0000] {subprocess.py:93} INFO - 25/07/18 18:27:37 INFO MetricsSystemImpl: s3a-file-system metrics system stopped.
[2025-07-18T18:27:37.327+0000] {subprocess.py:93} INFO - 25/07/18 18:27:37 INFO MetricsSystemImpl: s3a-file-system metrics system shutdown complete.
[2025-07-18T18:27:37.365+0000] {subprocess.py:97} INFO - Command exited with return code 1
[2025-07-18T18:27:37.374+0000] {taskinstance.py:1937} ERROR - Task failed with exception
Traceback (most recent call last):
  File "/home/airflow/.local/lib/python3.8/site-packages/airflow/operators/bash.py", line 210, in execute
    raise AirflowException(
airflow.exceptions.AirflowException: Bash command failed. The command returned a non-zero exit code 1.
[2025-07-18T18:27:37.376+0000] {taskinstance.py:1400} INFO - Marking task as FAILED. dag_id=restaurant_pipeline, task_id=bronze_to_silver, execution_date=20250718T182540, start_date=20250718T182732, end_date=20250718T182737
[2025-07-18T18:27:37.383+0000] {standard_task_runner.py:104} ERROR - Failed to execute job 371 for task bronze_to_silver (Bash command failed. The command returned a non-zero exit code 1.; 3323)
[2025-07-18T18:27:37.393+0000] {local_task_job_runner.py:228} INFO - Task exited with return code 1
[2025-07-18T18:27:37.418+0000] {taskinstance.py:2778} INFO - 0 downstream tasks scheduled from follow-on schedule check
