[2025-07-18T19:42:06.842+0000] {taskinstance.py:1159} INFO - Dependencies all met for dep_context=non-requeueable deps ti=<TaskInstance: restaurant_pipeline.send_to_kafka scheduled__2025-07-18T19:40:00+00:00 [queued]>
[2025-07-18T19:42:06.846+0000] {taskinstance.py:1159} INFO - Dependencies all met for dep_context=requeueable deps ti=<TaskInstance: restaurant_pipeline.send_to_kafka scheduled__2025-07-18T19:40:00+00:00 [queued]>
[2025-07-18T19:42:06.846+0000] {taskinstance.py:1361} INFO - Starting attempt 1 of 1
[2025-07-18T19:42:06.851+0000] {taskinstance.py:1382} INFO - Executing <Task(BashOperator): send_to_kafka> on 2025-07-18 19:40:00+00:00
[2025-07-18T19:42:06.853+0000] {standard_task_runner.py:57} INFO - Started process 5292 to run task
[2025-07-18T19:42:06.855+0000] {standard_task_runner.py:84} INFO - Running: ['***', 'tasks', 'run', 'restaurant_pipeline', 'send_to_kafka', 'scheduled__2025-07-18T19:40:00+00:00', '--job-id', '550', '--raw', '--subdir', 'DAGS_FOLDER/restaurant_pipeline.py', '--cfg-path', '/tmp/tmp58bp01de']
[2025-07-18T19:42:06.857+0000] {standard_task_runner.py:85} INFO - Job 550: Subtask send_to_kafka
[2025-07-18T19:42:06.879+0000] {task_command.py:416} INFO - Running <TaskInstance: restaurant_pipeline.send_to_kafka scheduled__2025-07-18T19:40:00+00:00 [running]> on host 9bcfb43e0ab7
[2025-07-18T19:42:06.916+0000] {taskinstance.py:1662} INFO - Exporting env vars: AIRFLOW_CTX_DAG_OWNER='moran' AIRFLOW_CTX_DAG_ID='restaurant_pipeline' AIRFLOW_CTX_TASK_ID='send_to_kafka' AIRFLOW_CTX_EXECUTION_DATE='2025-07-18T19:40:00+00:00' AIRFLOW_CTX_TRY_NUMBER='1' AIRFLOW_CTX_DAG_RUN_ID='scheduled__2025-07-18T19:40:00+00:00'
[2025-07-18T19:42:06.917+0000] {subprocess.py:63} INFO - Tmp dir root location: /tmp
[2025-07-18T19:42:06.917+0000] {subprocess.py:75} INFO - Running command: ['/bin/bash', '-c', 'python /opt/streaming/producer.py']
[2025-07-18T19:42:06.921+0000] {subprocess.py:86} INFO - Output:
[2025-07-18T19:42:09.196+0000] {subprocess.py:93} INFO - [✓] Sent to reservations: {'reservation_id': 6426, 'branch_id': 102, 'customer_name': 'Jose Hodge', 'phone_number': '001-354-482-7703', 'reservation_date': '2025-07-18', 'reservation_time': '19:58', 'guests_count': 7, 'is_confirmed': True}
[2025-07-18T19:42:09.200+0000] {subprocess.py:93} INFO - [✓] Sent to reservations: {'reservation_id': 7621, 'branch_id': 101, 'customer_name': 'Christina Barron', 'phone_number': '801-546-2459x873', 'reservation_date': '2025-07-18', 'reservation_time': '20:02', 'guests_count': 3, 'is_confirmed': True}
[2025-07-18T19:42:09.200+0000] {subprocess.py:93} INFO - [✓] Sent to reservations: {'reservation_id': 3139, 'branch_id': 102, 'customer_name': 'Patrick Galloway', 'phone_number': '835.521.9152x62840', 'reservation_date': '2025-07-18', 'reservation_time': '20:16', 'guests_count': 4, 'is_confirmed': True}
[2025-07-18T19:42:09.200+0000] {subprocess.py:93} INFO - [✓] Sent to checkins: {'checkin_id': 1371, 'customer_name': 'Jocelyn Bowers', 'phone_number': '001-293-692-4460x1176', 'branch_id': 101, 'table_id': 209, 'is_prebooked': True, 'checkin_date': '2025-07-18', 'checkin_time': '18:46', 'guests_count': 1, 'shift_manager': 'Gabriella Whitaker'}
[2025-07-18T19:42:09.200+0000] {subprocess.py:93} INFO - [✓] Sent to checkins: {'checkin_id': 7654, 'customer_name': 'Dalton Evans', 'phone_number': '225.683.2285', 'branch_id': 102, 'table_id': 207, 'is_prebooked': True, 'checkin_date': '2025-07-18', 'checkin_time': '18:57', 'guests_count': 2, 'shift_manager': 'Tanya Moore'}
[2025-07-18T19:42:09.201+0000] {subprocess.py:93} INFO - [✓] Sent to checkins: {'checkin_id': 1782, 'customer_name': 'Edward Montes', 'phone_number': '(520)956-0758x652', 'branch_id': 101, 'table_id': 206, 'is_prebooked': True, 'checkin_date': '2025-07-18', 'checkin_time': '19:04', 'guests_count': 6, 'shift_manager': 'Debra Hernandez'}
[2025-07-18T19:42:09.201+0000] {subprocess.py:93} INFO - [✓] Sent to feedback: {'feedback_id': 3817, 'branch_id': 101, 'customer_name': 'James Johnson', 'phone_number': '464-695-3330x0943', 'feedback_text': 'Hot never natural minute rule use.', 'rating': 4, 'dining_date': '2025-07-18', 'dining_time': '18:33', 'submission_time': '2025-07-18T19:42:06'}
[2025-07-18T19:42:09.201+0000] {subprocess.py:93} INFO - [✓] Sent to feedback: {'feedback_id': 4399, 'branch_id': 102, 'customer_name': 'Samuel Frank', 'phone_number': '001-695-763-1434', 'feedback_text': 'By build front heavy seat.', 'rating': 4, 'dining_date': '2025-07-18', 'dining_time': '18:36', 'submission_time': '2025-07-18T19:42:06'}
[2025-07-18T19:42:09.201+0000] {subprocess.py:93} INFO - [✓] Sent to feedback: {'feedback_id': 9272, 'branch_id': 102, 'customer_name': 'Robert Kemp', 'phone_number': '+1-869-654-4448x7722', 'feedback_text': 'Large visit be son.', 'rating': 5, 'dining_date': '2025-07-18', 'dining_time': '18:21', 'submission_time': '2025-07-18T19:42:06'}
[2025-07-18T19:42:09.201+0000] {subprocess.py:93} INFO - ✅ All messages sent.
[2025-07-18T19:42:09.232+0000] {subprocess.py:97} INFO - Command exited with return code 0
[2025-07-18T19:42:09.254+0000] {taskinstance.py:1400} INFO - Marking task as SUCCESS. dag_id=restaurant_pipeline, task_id=send_to_kafka, execution_date=20250718T194000, start_date=20250718T194206, end_date=20250718T194209
[2025-07-18T19:42:09.282+0000] {local_task_job_runner.py:228} INFO - Task exited with return code 0
[2025-07-18T19:42:09.309+0000] {taskinstance.py:2778} INFO - 1 downstream tasks scheduled from follow-on schedule check
