[2025-07-18T15:12:02.166+0000] {taskinstance.py:1159} INFO - Dependencies all met for dep_context=non-requeueable deps ti=<TaskInstance: restaurant_pipeline.send_to_kafka scheduled__2025-07-18T15:10:00+00:00 [queued]>
[2025-07-18T15:12:02.171+0000] {taskinstance.py:1159} INFO - Dependencies all met for dep_context=requeueable deps ti=<TaskInstance: restaurant_pipeline.send_to_kafka scheduled__2025-07-18T15:10:00+00:00 [queued]>
[2025-07-18T15:12:02.171+0000] {taskinstance.py:1361} INFO - Starting attempt 1 of 1
[2025-07-18T15:12:02.176+0000] {taskinstance.py:1382} INFO - Executing <Task(BashOperator): send_to_kafka> on 2025-07-18 15:10:00+00:00
[2025-07-18T15:12:02.179+0000] {standard_task_runner.py:57} INFO - Started process 244 to run task
[2025-07-18T15:12:02.180+0000] {standard_task_runner.py:84} INFO - Running: ['***', 'tasks', 'run', 'restaurant_pipeline', 'send_to_kafka', 'scheduled__2025-07-18T15:10:00+00:00', '--job-id', '67', '--raw', '--subdir', 'DAGS_FOLDER/restaurant_pipeline.py', '--cfg-path', '/tmp/tmp7mi4cg9n']
[2025-07-18T15:12:02.182+0000] {standard_task_runner.py:85} INFO - Job 67: Subtask send_to_kafka
[2025-07-18T15:12:02.211+0000] {task_command.py:416} INFO - Running <TaskInstance: restaurant_pipeline.send_to_kafka scheduled__2025-07-18T15:10:00+00:00 [running]> on host 87071fdea595
[2025-07-18T15:12:02.245+0000] {taskinstance.py:1662} INFO - Exporting env vars: AIRFLOW_CTX_DAG_OWNER='moran' AIRFLOW_CTX_DAG_ID='restaurant_pipeline' AIRFLOW_CTX_TASK_ID='send_to_kafka' AIRFLOW_CTX_EXECUTION_DATE='2025-07-18T15:10:00+00:00' AIRFLOW_CTX_TRY_NUMBER='1' AIRFLOW_CTX_DAG_RUN_ID='scheduled__2025-07-18T15:10:00+00:00'
[2025-07-18T15:12:02.246+0000] {subprocess.py:63} INFO - Tmp dir root location: /tmp
[2025-07-18T15:12:02.246+0000] {subprocess.py:75} INFO - Running command: ['/bin/bash', '-c', 'python /opt/streaming/producer.py']
[2025-07-18T15:12:02.250+0000] {subprocess.py:86} INFO - Output:
[2025-07-18T15:12:04.492+0000] {subprocess.py:93} INFO - [✓] Sent to reservations: {'reservation_id': 7316, 'branch_id': 101, 'customer_name': 'Andrea Shields', 'phone_number': '7447395777', 'reservation_date': '2025-07-18', 'reservation_time': '16:44', 'guests_count': 3, 'is_confirmed': True}
[2025-07-18T15:12:04.492+0000] {subprocess.py:93} INFO - [✓] Sent to reservations: {'reservation_id': 1568, 'branch_id': 102, 'customer_name': 'Briana Adams', 'phone_number': '501-294-9531', 'reservation_date': '2025-07-18', 'reservation_time': '15:28', 'guests_count': 1, 'is_confirmed': False}
[2025-07-18T15:12:04.492+0000] {subprocess.py:93} INFO - [✓] Sent to reservations: {'reservation_id': 6431, 'branch_id': 101, 'customer_name': 'Benjamin Martin', 'phone_number': '+1-617-548-3222x331', 'reservation_date': '2025-07-18', 'reservation_time': '15:22', 'guests_count': 5, 'is_confirmed': True}
[2025-07-18T15:12:04.495+0000] {subprocess.py:93} INFO - [✓] Sent to checkins: {'checkin_id': 7236, 'customer_name': 'Antonio Martin', 'phone_number': '001-876-215-6370x81103', 'branch_id': 101, 'table_id': 208, 'is_prebooked': False, 'checkin_date': '2025-07-18', 'checkin_time': '14:53', 'guests_count': 6, 'shift_manager': 'Lori Franklin'}
[2025-07-18T15:12:04.495+0000] {subprocess.py:93} INFO - [✓] Sent to checkins: {'checkin_id': 2211, 'customer_name': 'Martin Robles', 'phone_number': '+1-646-928-3903', 'branch_id': 101, 'table_id': 208, 'is_prebooked': True, 'checkin_date': '2025-07-18', 'checkin_time': '14:21', 'guests_count': 6, 'shift_manager': 'Leah Turner'}
[2025-07-18T15:12:04.496+0000] {subprocess.py:93} INFO - [✓] Sent to checkins: {'checkin_id': 8179, 'customer_name': 'Adam Munoz', 'phone_number': '(541)288-0208x2305', 'branch_id': 101, 'table_id': 204, 'is_prebooked': True, 'checkin_date': '2025-07-18', 'checkin_time': '13:14', 'guests_count': 4, 'shift_manager': 'Jane Campbell'}
[2025-07-18T15:12:04.496+0000] {subprocess.py:93} INFO - [✓] Sent to feedback: {'feedback_id': 1123, 'branch_id': 102, 'customer_name': 'Paul Peterson', 'phone_number': '626.767.8952', 'feedback_text': 'Past administration conference hot see imagine popular.', 'rating': 3, 'dining_date': '2025-07-18', 'dining_time': '14:05', 'submission_time': '2025-07-18T15:12:01'}
[2025-07-18T15:12:04.496+0000] {subprocess.py:93} INFO - [✓] Sent to feedback: {'feedback_id': 6079, 'branch_id': 101, 'customer_name': 'Victoria Stewart', 'phone_number': '239-331-0570x7904', 'feedback_text': 'News see course alone game something per.', 'rating': 3, 'dining_date': '2025-07-18', 'dining_time': '14:55', 'submission_time': '2025-07-18T15:12:01'}
[2025-07-18T15:12:04.496+0000] {subprocess.py:93} INFO - [✓] Sent to feedback: {'feedback_id': 1258, 'branch_id': 102, 'customer_name': 'Brittany Lowe', 'phone_number': '+1-420-412-6441', 'feedback_text': 'Town when edge.', 'rating': 1, 'dining_date': '2025-07-18', 'dining_time': '14:30', 'submission_time': '2025-07-18T15:12:01'}
[2025-07-18T15:12:04.496+0000] {subprocess.py:93} INFO - ✅ All messages sent.
[2025-07-18T15:12:04.524+0000] {subprocess.py:97} INFO - Command exited with return code 0
[2025-07-18T15:12:04.541+0000] {taskinstance.py:1400} INFO - Marking task as SUCCESS. dag_id=restaurant_pipeline, task_id=send_to_kafka, execution_date=20250718T151000, start_date=20250718T151202, end_date=20250718T151204
[2025-07-18T15:12:04.554+0000] {local_task_job_runner.py:228} INFO - Task exited with return code 0
[2025-07-18T15:12:04.586+0000] {taskinstance.py:2778} INFO - 1 downstream tasks scheduled from follow-on schedule check
