[2025-07-19T21:10:41.910+0000] {taskinstance.py:1159} INFO - Dependencies all met for dep_context=non-requeueable deps ti=<TaskInstance: restaurant_pipeline.send_to_kafka scheduled__2025-07-19T21:08:00+00:00 [queued]>
[2025-07-19T21:10:41.914+0000] {taskinstance.py:1159} INFO - Dependencies all met for dep_context=requeueable deps ti=<TaskInstance: restaurant_pipeline.send_to_kafka scheduled__2025-07-19T21:08:00+00:00 [queued]>
[2025-07-19T21:10:41.914+0000] {taskinstance.py:1361} INFO - Starting attempt 1 of 1
[2025-07-19T21:10:41.920+0000] {taskinstance.py:1382} INFO - Executing <Task(BashOperator): send_to_kafka> on 2025-07-19 21:08:00+00:00
[2025-07-19T21:10:41.922+0000] {standard_task_runner.py:57} INFO - Started process 4165 to run task
[2025-07-19T21:10:41.924+0000] {standard_task_runner.py:84} INFO - Running: ['***', 'tasks', 'run', 'restaurant_pipeline', 'send_to_kafka', 'scheduled__2025-07-19T21:08:00+00:00', '--job-id', '1234', '--raw', '--subdir', 'DAGS_FOLDER/restaurant_pipeline.py', '--cfg-path', '/tmp/tmp8ajxrwux']
[2025-07-19T21:10:41.926+0000] {standard_task_runner.py:85} INFO - Job 1234: Subtask send_to_kafka
[2025-07-19T21:10:41.952+0000] {task_command.py:416} INFO - Running <TaskInstance: restaurant_pipeline.send_to_kafka scheduled__2025-07-19T21:08:00+00:00 [running]> on host e3f5d8fc4eef
[2025-07-19T21:10:41.994+0000] {taskinstance.py:1662} INFO - Exporting env vars: AIRFLOW_CTX_DAG_OWNER='moran' AIRFLOW_CTX_DAG_ID='restaurant_pipeline' AIRFLOW_CTX_TASK_ID='send_to_kafka' AIRFLOW_CTX_EXECUTION_DATE='2025-07-19T21:08:00+00:00' AIRFLOW_CTX_TRY_NUMBER='1' AIRFLOW_CTX_DAG_RUN_ID='scheduled__2025-07-19T21:08:00+00:00'
[2025-07-19T21:10:41.995+0000] {subprocess.py:63} INFO - Tmp dir root location: /tmp
[2025-07-19T21:10:41.995+0000] {subprocess.py:75} INFO - Running command: ['/bin/bash', '-c', 'python /opt/streaming/producer.py']
[2025-07-19T21:10:42.000+0000] {subprocess.py:86} INFO - Output:
[2025-07-19T21:10:44.409+0000] {subprocess.py:93} INFO - [✓] Sent to reservations: {'reservation_id': 3353, 'branch_id': 102, 'customer_name': 'Bradley Moss', 'phone_number': '598.777.9665', 'reservation_date': '2025-07-19', 'reservation_time': '22:18', 'guests_count': 3, 'is_confirmed': False}
[2025-07-19T21:10:44.412+0000] {subprocess.py:93} INFO - [✓] Sent to reservations: {'reservation_id': 9723, 'branch_id': 101, 'customer_name': 'Sarah Gomez', 'phone_number': '859-952-2018x115', 'reservation_date': '2025-07-19', 'reservation_time': '22:46', 'guests_count': 4, 'is_confirmed': False}
[2025-07-19T21:10:44.414+0000] {subprocess.py:93} INFO - [✓] Sent to reservations: {'reservation_id': 6229, 'branch_id': 102, 'customer_name': 'Rachel Hall', 'phone_number': '001-694-973-2062', 'reservation_date': '2025-07-19', 'reservation_time': '21:40', 'guests_count': 6, 'is_confirmed': False}
[2025-07-19T21:10:44.417+0000] {subprocess.py:93} INFO - [✓] Sent to checkins: {'checkin_id': 8776, 'customer_name': 'Christina Rogers', 'phone_number': '310-333-0904', 'branch_id': 101, 'table_id': 207, 'is_prebooked': True, 'checkin_date': '2025-07-19', 'checkin_time': '20:17', 'guests_count': 1, 'shift_manager': 'Jessica Willis'}
[2025-07-19T21:10:44.418+0000] {subprocess.py:93} INFO - [✓] Sent to checkins: {'checkin_id': 4952, 'customer_name': 'Michael Smith', 'phone_number': '(543)846-7692', 'branch_id': 102, 'table_id': 203, 'is_prebooked': True, 'checkin_date': '2025-07-19', 'checkin_time': '19:25', 'guests_count': 1, 'shift_manager': 'Kevin Rodriguez'}
[2025-07-19T21:10:44.419+0000] {subprocess.py:93} INFO - [✓] Sent to checkins: {'checkin_id': 2251, 'customer_name': 'Lucas Mills', 'phone_number': '001-791-253-4967x981', 'branch_id': 102, 'table_id': 200, 'is_prebooked': False, 'checkin_date': '2025-07-19', 'checkin_time': '19:55', 'guests_count': 4, 'shift_manager': 'Leslie Wilson'}
[2025-07-19T21:10:44.419+0000] {subprocess.py:93} INFO - [✓] Sent to feedback: {'feedback_id': 6302, 'branch_id': 101, 'customer_name': 'Briana Ross', 'phone_number': '398-516-0518x85847', 'feedback_text': 'Institution cause politics face force world.', 'rating': 2, 'dining_date': '2025-07-19', 'dining_time': '20:26', 'submission_time': '2025-07-19T21:10:41'}
[2025-07-19T21:10:44.419+0000] {subprocess.py:93} INFO - [✓] Sent to feedback: {'feedback_id': 5886, 'branch_id': 101, 'customer_name': 'Adam Love', 'phone_number': '842.695.8961x75441', 'feedback_text': 'Store threat wrong amount.', 'rating': 5, 'dining_date': '2025-07-19', 'dining_time': '20:48', 'submission_time': '2025-07-19T21:10:41'}
[2025-07-19T21:10:44.419+0000] {subprocess.py:93} INFO - [✓] Sent to feedback: {'feedback_id': 3451, 'branch_id': 101, 'customer_name': 'Grant Wilkerson', 'phone_number': '(635)950-8403', 'feedback_text': 'Us class step evening knowledge.', 'rating': 5, 'dining_date': '2025-07-19', 'dining_time': '20:06', 'submission_time': '2025-07-19T21:10:41'}
[2025-07-19T21:10:44.420+0000] {subprocess.py:93} INFO - ✅ All messages sent.
[2025-07-19T21:10:44.477+0000] {subprocess.py:97} INFO - Command exited with return code 0
[2025-07-19T21:10:44.495+0000] {taskinstance.py:1400} INFO - Marking task as SUCCESS. dag_id=restaurant_pipeline, task_id=send_to_kafka, execution_date=20250719T210800, start_date=20250719T211041, end_date=20250719T211044
[2025-07-19T21:10:44.541+0000] {local_task_job_runner.py:228} INFO - Task exited with return code 0
[2025-07-19T21:10:44.575+0000] {taskinstance.py:2778} INFO - 1 downstream tasks scheduled from follow-on schedule check
