[2025-07-19T20:03:08.181+0000] {taskinstance.py:1159} INFO - Dependencies all met for dep_context=non-requeueable deps ti=<TaskInstance: restaurant_pipeline.send_to_kafka scheduled__2025-07-19T20:00:00+00:00 [queued]>
[2025-07-19T20:03:08.185+0000] {taskinstance.py:1159} INFO - Dependencies all met for dep_context=requeueable deps ti=<TaskInstance: restaurant_pipeline.send_to_kafka scheduled__2025-07-19T20:00:00+00:00 [queued]>
[2025-07-19T20:03:08.185+0000] {taskinstance.py:1361} INFO - Starting attempt 1 of 1
[2025-07-19T20:03:08.191+0000] {taskinstance.py:1382} INFO - Executing <Task(BashOperator): send_to_kafka> on 2025-07-19 20:00:00+00:00
[2025-07-19T20:03:08.194+0000] {standard_task_runner.py:57} INFO - Started process 2979 to run task
[2025-07-19T20:03:08.196+0000] {standard_task_runner.py:84} INFO - Running: ['***', 'tasks', 'run', 'restaurant_pipeline', 'send_to_kafka', 'scheduled__2025-07-19T20:00:00+00:00', '--job-id', '1154', '--raw', '--subdir', 'DAGS_FOLDER/restaurant_pipeline.py', '--cfg-path', '/tmp/tmp817ejyy6']
[2025-07-19T20:03:08.198+0000] {standard_task_runner.py:85} INFO - Job 1154: Subtask send_to_kafka
[2025-07-19T20:03:08.223+0000] {task_command.py:416} INFO - Running <TaskInstance: restaurant_pipeline.send_to_kafka scheduled__2025-07-19T20:00:00+00:00 [running]> on host e3f5d8fc4eef
[2025-07-19T20:03:08.262+0000] {taskinstance.py:1662} INFO - Exporting env vars: AIRFLOW_CTX_DAG_OWNER='moran' AIRFLOW_CTX_DAG_ID='restaurant_pipeline' AIRFLOW_CTX_TASK_ID='send_to_kafka' AIRFLOW_CTX_EXECUTION_DATE='2025-07-19T20:00:00+00:00' AIRFLOW_CTX_TRY_NUMBER='1' AIRFLOW_CTX_DAG_RUN_ID='scheduled__2025-07-19T20:00:00+00:00'
[2025-07-19T20:03:08.263+0000] {subprocess.py:63} INFO - Tmp dir root location: /tmp
[2025-07-19T20:03:08.263+0000] {subprocess.py:75} INFO - Running command: ['/bin/bash', '-c', 'python /opt/streaming/producer.py']
[2025-07-19T20:03:08.267+0000] {subprocess.py:86} INFO - Output:
[2025-07-19T20:03:10.524+0000] {subprocess.py:93} INFO - [✓] Sent to reservations: {'reservation_id': 2695, 'branch_id': 102, 'customer_name': 'Isaac Wilson', 'phone_number': '693.913.3966', 'reservation_date': '2025-07-19', 'reservation_time': '21:08', 'guests_count': 4, 'is_confirmed': True}
[2025-07-19T20:03:10.529+0000] {subprocess.py:93} INFO - [✓] Sent to reservations: {'reservation_id': 6610, 'branch_id': 102, 'customer_name': 'Scott Golden', 'phone_number': '6196687146', 'reservation_date': '2025-07-19', 'reservation_time': '20:57', 'guests_count': 3, 'is_confirmed': False}
[2025-07-19T20:03:10.530+0000] {subprocess.py:93} INFO - [✓] Sent to reservations: {'reservation_id': 2251, 'branch_id': 101, 'customer_name': 'Derrick Harris', 'phone_number': '367.883.0987', 'reservation_date': '2025-07-19', 'reservation_time': '20:57', 'guests_count': 8, 'is_confirmed': True}
[2025-07-19T20:03:10.533+0000] {subprocess.py:93} INFO - [✓] Sent to checkins: {'checkin_id': 6644, 'customer_name': 'John Smith', 'phone_number': '941-708-7408', 'branch_id': 102, 'table_id': 207, 'is_prebooked': True, 'checkin_date': '2025-07-19', 'checkin_time': '19:51', 'guests_count': 4, 'shift_manager': 'Brandi Robinson'}
[2025-07-19T20:03:10.536+0000] {subprocess.py:93} INFO - [✓] Sent to checkins: {'checkin_id': 1765, 'customer_name': 'James Hooper', 'phone_number': '001-599-545-8041x5633', 'branch_id': 101, 'table_id': 210, 'is_prebooked': True, 'checkin_date': '2025-07-19', 'checkin_time': '19:30', 'guests_count': 5, 'shift_manager': 'Steven Martin'}
[2025-07-19T20:03:10.539+0000] {subprocess.py:93} INFO - [✓] Sent to checkins: {'checkin_id': 5776, 'customer_name': 'Tommy Craig', 'phone_number': '+1-416-952-5312x96905', 'branch_id': 102, 'table_id': 207, 'is_prebooked': True, 'checkin_date': '2025-07-19', 'checkin_time': '18:34', 'guests_count': 3, 'shift_manager': 'Denise Cortez'}
[2025-07-19T20:03:10.539+0000] {subprocess.py:93} INFO - [✓] Sent to feedback: {'feedback_id': 8845, 'branch_id': 102, 'customer_name': 'Robin Armstrong', 'phone_number': '7305927296', 'feedback_text': 'Tend citizen establish add.', 'rating': 5, 'dining_date': '2025-07-19', 'dining_time': '18:18', 'submission_time': '2025-07-19T20:03:07'}
[2025-07-19T20:03:10.540+0000] {subprocess.py:93} INFO - [✓] Sent to feedback: {'feedback_id': 4249, 'branch_id': 101, 'customer_name': 'Roy Hogan', 'phone_number': '2456993569', 'feedback_text': 'Mr wide soon bad.', 'rating': 5, 'dining_date': '2025-07-19', 'dining_time': '18:42', 'submission_time': '2025-07-19T20:03:07'}
[2025-07-19T20:03:10.542+0000] {subprocess.py:93} INFO - [✓] Sent to feedback: {'feedback_id': 4897, 'branch_id': 101, 'customer_name': 'Jesse Thomas', 'phone_number': '+1-869-937-1344x7757', 'feedback_text': 'Drive stage help camera young even.', 'rating': 3, 'dining_date': '2025-07-19', 'dining_time': '19:09', 'submission_time': '2025-07-19T20:03:07'}
[2025-07-19T20:03:10.543+0000] {subprocess.py:93} INFO - ✅ All messages sent.
[2025-07-19T20:03:10.575+0000] {subprocess.py:97} INFO - Command exited with return code 0
[2025-07-19T20:03:10.593+0000] {taskinstance.py:1400} INFO - Marking task as SUCCESS. dag_id=restaurant_pipeline, task_id=send_to_kafka, execution_date=20250719T200000, start_date=20250719T200308, end_date=20250719T200310
[2025-07-19T20:03:10.623+0000] {local_task_job_runner.py:228} INFO - Task exited with return code 0
[2025-07-19T20:03:10.649+0000] {taskinstance.py:2778} INFO - 1 downstream tasks scheduled from follow-on schedule check
