[2025-07-18T16:33:16.430+0000] {taskinstance.py:1159} INFO - Dependencies all met for dep_context=non-requeueable deps ti=<TaskInstance: restaurant_pipeline.stream_to_bronze scheduled__2025-07-18T16:30:00+00:00 [queued]>
[2025-07-18T16:33:16.448+0000] {taskinstance.py:1159} INFO - Dependencies all met for dep_context=requeueable deps ti=<TaskInstance: restaurant_pipeline.stream_to_bronze scheduled__2025-07-18T16:30:00+00:00 [queued]>
[2025-07-18T16:33:16.449+0000] {taskinstance.py:1361} INFO - Starting attempt 1 of 1
[2025-07-18T16:33:16.484+0000] {taskinstance.py:1382} INFO - Executing <Task(BashOperator): stream_to_bronze> on 2025-07-18 16:30:00+00:00
[2025-07-18T16:33:16.501+0000] {standard_task_runner.py:57} INFO - Started process 1541 to run task
[2025-07-18T16:33:16.515+0000] {standard_task_runner.py:84} INFO - Running: ['***', 'tasks', 'run', 'restaurant_pipeline', 'stream_to_bronze', 'scheduled__2025-07-18T16:30:00+00:00', '--job-id', '203', '--raw', '--subdir', 'DAGS_FOLDER/restaurant_pipeline.py', '--cfg-path', '/tmp/tmpywhecbu0']
[2025-07-18T16:33:16.528+0000] {standard_task_runner.py:85} INFO - Job 203: Subtask stream_to_bronze
[2025-07-18T16:33:16.737+0000] {task_command.py:416} INFO - Running <TaskInstance: restaurant_pipeline.stream_to_bronze scheduled__2025-07-18T16:30:00+00:00 [running]> on host 9bcfb43e0ab7
[2025-07-18T16:33:17.001+0000] {taskinstance.py:1662} INFO - Exporting env vars: AIRFLOW_CTX_DAG_OWNER='moran' AIRFLOW_CTX_DAG_ID='restaurant_pipeline' AIRFLOW_CTX_TASK_ID='stream_to_bronze' AIRFLOW_CTX_EXECUTION_DATE='2025-07-18T16:30:00+00:00' AIRFLOW_CTX_TRY_NUMBER='1' AIRFLOW_CTX_DAG_RUN_ID='scheduled__2025-07-18T16:30:00+00:00'
[2025-07-18T16:33:17.052+0000] {subprocess.py:63} INFO - Tmp dir root location: /tmp
[2025-07-18T16:33:17.058+0000] {subprocess.py:75} INFO - Running command: ['/bin/bash', '-c', "docker exec -e AIRFLOW_CTX_DAG_RUN_ID='scheduled__2025-07-18T16:30:00+00:00' spark-iceberg spark-submit --trigger once /home/iceberg/spark/stream_to_bronze.py"]
[2025-07-18T16:33:17.109+0000] {subprocess.py:86} INFO - Output:
[2025-07-18T16:33:23.492+0000] {subprocess.py:93} INFO - Error: Unrecognized option: --trigger
[2025-07-18T16:33:23.510+0000] {subprocess.py:93} INFO - 
[2025-07-18T16:33:27.717+0000] {subprocess.py:93} INFO - Usage: spark-submit [options] <app jar | python file | R file> [app arguments]
[2025-07-18T16:33:27.718+0000] {subprocess.py:93} INFO - Usage: spark-submit --kill [submission ID] --master [spark://...]
[2025-07-18T16:33:27.718+0000] {subprocess.py:93} INFO - Usage: spark-submit --status [submission ID] --master [spark://...]
[2025-07-18T16:33:27.718+0000] {subprocess.py:93} INFO - Usage: spark-submit run-example [options] example-class [example args]
[2025-07-18T16:33:27.736+0000] {subprocess.py:93} INFO - 
[2025-07-18T16:33:27.737+0000] {subprocess.py:93} INFO - Options:
[2025-07-18T16:33:27.737+0000] {subprocess.py:93} INFO -   --master MASTER_URL         spark://host:port, mesos://host:port, yarn,
[2025-07-18T16:33:27.737+0000] {subprocess.py:93} INFO -                               k8s://https://host:port, or local (Default: local[*]).
[2025-07-18T16:33:27.737+0000] {subprocess.py:93} INFO -   --deploy-mode DEPLOY_MODE   Whether to launch the driver program locally ("client") or
[2025-07-18T16:33:27.737+0000] {subprocess.py:93} INFO -                               on one of the worker machines inside the cluster ("cluster")
[2025-07-18T16:33:27.737+0000] {subprocess.py:93} INFO -                               (Default: client).
[2025-07-18T16:33:27.737+0000] {subprocess.py:93} INFO -   --class CLASS_NAME          Your application's main class (for Java / Scala apps).
[2025-07-18T16:33:27.737+0000] {subprocess.py:93} INFO -   --name NAME                 A name of your application.
[2025-07-18T16:33:27.737+0000] {subprocess.py:93} INFO -   --jars JARS                 Comma-separated list of jars to include on the driver
[2025-07-18T16:33:27.737+0000] {subprocess.py:93} INFO -                               and executor classpaths.
[2025-07-18T16:33:27.737+0000] {subprocess.py:93} INFO -   --packages                  Comma-separated list of maven coordinates of jars to include
[2025-07-18T16:33:27.738+0000] {subprocess.py:93} INFO -                               on the driver and executor classpaths. Will search the local
[2025-07-18T16:33:27.738+0000] {subprocess.py:93} INFO -                               maven repo, then maven central and any additional remote
[2025-07-18T16:33:27.738+0000] {subprocess.py:93} INFO -                               repositories given by --repositories. The format for the
[2025-07-18T16:33:27.738+0000] {subprocess.py:93} INFO -                               coordinates should be groupId:artifactId:version.
[2025-07-18T16:33:27.738+0000] {subprocess.py:93} INFO -   --exclude-packages          Comma-separated list of groupId:artifactId, to exclude while
[2025-07-18T16:33:27.738+0000] {subprocess.py:93} INFO -                               resolving the dependencies provided in --packages to avoid
[2025-07-18T16:33:27.738+0000] {subprocess.py:93} INFO -                               dependency conflicts.
[2025-07-18T16:33:27.738+0000] {subprocess.py:93} INFO -   --repositories              Comma-separated list of additional remote repositories to
[2025-07-18T16:33:27.738+0000] {subprocess.py:93} INFO -                               search for the maven coordinates given with --packages.
[2025-07-18T16:33:27.738+0000] {subprocess.py:93} INFO -   --py-files PY_FILES         Comma-separated list of .zip, .egg, or .py files to place
[2025-07-18T16:33:27.738+0000] {subprocess.py:93} INFO -                               on the PYTHONPATH for Python apps.
[2025-07-18T16:33:27.738+0000] {subprocess.py:93} INFO -   --files FILES               Comma-separated list of files to be placed in the working
[2025-07-18T16:33:27.738+0000] {subprocess.py:93} INFO -                               directory of each executor. File paths of these files
[2025-07-18T16:33:27.739+0000] {subprocess.py:93} INFO -                               in executors can be accessed via SparkFiles.get(fileName).
[2025-07-18T16:33:27.739+0000] {subprocess.py:93} INFO -   --archives ARCHIVES         Comma-separated list of archives to be extracted into the
[2025-07-18T16:33:27.739+0000] {subprocess.py:93} INFO -                               working directory of each executor.
[2025-07-18T16:33:27.739+0000] {subprocess.py:93} INFO - 
[2025-07-18T16:33:27.739+0000] {subprocess.py:93} INFO -   --conf, -c PROP=VALUE       Arbitrary Spark configuration property.
[2025-07-18T16:33:27.739+0000] {subprocess.py:93} INFO -   --properties-file FILE      Path to a file from which to load extra properties. If not
[2025-07-18T16:33:27.740+0000] {subprocess.py:93} INFO -                               specified, this will look for conf/spark-defaults.conf.
[2025-07-18T16:33:27.740+0000] {subprocess.py:93} INFO - 
[2025-07-18T16:33:27.740+0000] {subprocess.py:93} INFO -   --driver-memory MEM         Memory for driver (e.g. 1000M, 2G) (Default: 1024M).
[2025-07-18T16:33:27.740+0000] {subprocess.py:93} INFO -   --driver-java-options       Extra Java options to pass to the driver.
[2025-07-18T16:33:27.740+0000] {subprocess.py:93} INFO -   --driver-library-path       Extra library path entries to pass to the driver.
[2025-07-18T16:33:27.740+0000] {subprocess.py:93} INFO -   --driver-class-path         Extra class path entries to pass to the driver. Note that
[2025-07-18T16:33:27.740+0000] {subprocess.py:93} INFO -                               jars added with --jars are automatically included in the
[2025-07-18T16:33:27.740+0000] {subprocess.py:93} INFO -                               classpath.
[2025-07-18T16:33:27.740+0000] {subprocess.py:93} INFO - 
[2025-07-18T16:33:27.740+0000] {subprocess.py:93} INFO -   --executor-memory MEM       Memory per executor (e.g. 1000M, 2G) (Default: 1G).
[2025-07-18T16:33:27.741+0000] {subprocess.py:93} INFO - 
[2025-07-18T16:33:27.741+0000] {subprocess.py:93} INFO -   --proxy-user NAME           User to impersonate when submitting the application.
[2025-07-18T16:33:27.741+0000] {subprocess.py:93} INFO -                               This argument does not work with --principal / --keytab.
[2025-07-18T16:33:27.741+0000] {subprocess.py:93} INFO - 
[2025-07-18T16:33:27.741+0000] {subprocess.py:93} INFO -   --help, -h                  Show this help message and exit.
[2025-07-18T16:33:27.741+0000] {subprocess.py:93} INFO -   --verbose, -v               Print additional debug output.
[2025-07-18T16:33:27.741+0000] {subprocess.py:93} INFO -   --version,                  Print the version of current Spark.
[2025-07-18T16:33:27.741+0000] {subprocess.py:93} INFO - 
[2025-07-18T16:33:27.741+0000] {subprocess.py:93} INFO -  Spark Connect only:
[2025-07-18T16:33:27.741+0000] {subprocess.py:93} INFO -    --remote CONNECT_URL       URL to connect to the server for Spark Connect, e.g.,
[2025-07-18T16:33:27.741+0000] {subprocess.py:93} INFO -                               sc://host:port. --master and --deploy-mode cannot be set
[2025-07-18T16:33:27.742+0000] {subprocess.py:93} INFO -                               together with this option. This option is experimental, and
[2025-07-18T16:33:27.742+0000] {subprocess.py:93} INFO -                               might change between minor releases.
[2025-07-18T16:33:27.742+0000] {subprocess.py:93} INFO - 
[2025-07-18T16:33:27.742+0000] {subprocess.py:93} INFO -  Cluster deploy mode only:
[2025-07-18T16:33:27.742+0000] {subprocess.py:93} INFO -   --driver-cores NUM          Number of cores used by the driver, only in cluster mode
[2025-07-18T16:33:27.742+0000] {subprocess.py:93} INFO -                               (Default: 1).
[2025-07-18T16:33:27.742+0000] {subprocess.py:93} INFO - 
[2025-07-18T16:33:27.742+0000] {subprocess.py:93} INFO -  Spark standalone or Mesos with cluster deploy mode only:
[2025-07-18T16:33:27.742+0000] {subprocess.py:93} INFO -   --supervise                 If given, restarts the driver on failure.
[2025-07-18T16:33:27.742+0000] {subprocess.py:93} INFO - 
[2025-07-18T16:33:27.742+0000] {subprocess.py:93} INFO -  Spark standalone, Mesos or K8s with cluster deploy mode only:
[2025-07-18T16:33:27.742+0000] {subprocess.py:93} INFO -   --kill SUBMISSION_ID        If given, kills the driver specified.
[2025-07-18T16:33:27.742+0000] {subprocess.py:93} INFO -   --status SUBMISSION_ID      If given, requests the status of the driver specified.
[2025-07-18T16:33:27.743+0000] {subprocess.py:93} INFO - 
[2025-07-18T16:33:27.743+0000] {subprocess.py:93} INFO -  Spark standalone and Mesos only:
[2025-07-18T16:33:27.743+0000] {subprocess.py:93} INFO -   --total-executor-cores NUM  Total cores for all executors.
[2025-07-18T16:33:27.743+0000] {subprocess.py:93} INFO - 
[2025-07-18T16:33:27.743+0000] {subprocess.py:93} INFO -  Spark standalone, YARN and Kubernetes only:
[2025-07-18T16:33:27.743+0000] {subprocess.py:93} INFO -   --executor-cores NUM        Number of cores used by each executor. (Default: 1 in
[2025-07-18T16:33:27.743+0000] {subprocess.py:93} INFO -                               YARN and K8S modes, or all available cores on the worker
[2025-07-18T16:33:27.743+0000] {subprocess.py:93} INFO -                               in standalone mode).
[2025-07-18T16:33:27.743+0000] {subprocess.py:93} INFO - 
[2025-07-18T16:33:27.743+0000] {subprocess.py:93} INFO -  Spark on YARN and Kubernetes only:
[2025-07-18T16:33:27.743+0000] {subprocess.py:93} INFO -   --num-executors NUM         Number of executors to launch (Default: 2).
[2025-07-18T16:33:27.743+0000] {subprocess.py:93} INFO -                               If dynamic allocation is enabled, the initial number of
[2025-07-18T16:33:27.743+0000] {subprocess.py:93} INFO -                               executors will be at least NUM.
[2025-07-18T16:33:27.743+0000] {subprocess.py:93} INFO -   --principal PRINCIPAL       Principal to be used to login to KDC.
[2025-07-18T16:33:27.743+0000] {subprocess.py:93} INFO -   --keytab KEYTAB             The full path to the file that contains the keytab for the
[2025-07-18T16:33:27.743+0000] {subprocess.py:93} INFO -                               principal specified above.
[2025-07-18T16:33:27.744+0000] {subprocess.py:93} INFO - 
[2025-07-18T16:33:27.744+0000] {subprocess.py:93} INFO -  Spark on YARN only:
[2025-07-18T16:33:27.744+0000] {subprocess.py:93} INFO -   --queue QUEUE_NAME          The YARN queue to submit to (Default: "default").
[2025-07-18T16:33:27.744+0000] {subprocess.py:93} INFO - 
[2025-07-18T16:33:27.783+0000] {subprocess.py:97} INFO - Command exited with return code 1
[2025-07-18T16:33:27.799+0000] {taskinstance.py:1937} ERROR - Task failed with exception
Traceback (most recent call last):
  File "/home/airflow/.local/lib/python3.8/site-packages/airflow/operators/bash.py", line 210, in execute
    raise AirflowException(
airflow.exceptions.AirflowException: Bash command failed. The command returned a non-zero exit code 1.
[2025-07-18T16:33:27.808+0000] {taskinstance.py:1400} INFO - Marking task as FAILED. dag_id=restaurant_pipeline, task_id=stream_to_bronze, execution_date=20250718T163000, start_date=20250718T163316, end_date=20250718T163327
[2025-07-18T16:33:27.823+0000] {standard_task_runner.py:104} ERROR - Failed to execute job 203 for task stream_to_bronze (Bash command failed. The command returned a non-zero exit code 1.; 1541)
[2025-07-18T16:33:27.864+0000] {local_task_job_runner.py:228} INFO - Task exited with return code 1
[2025-07-18T16:33:27.922+0000] {taskinstance.py:2778} INFO - 0 downstream tasks scheduled from follow-on schedule check
