[2025-07-19T18:02:28.433+0000] {taskinstance.py:1159} INFO - Dependencies all met for dep_context=non-requeueable deps ti=<TaskInstance: restaurant_pipeline.send_to_kafka manual__2025-07-19T18:02:27.059390+00:00 [queued]>
[2025-07-19T18:02:28.436+0000] {taskinstance.py:1159} INFO - Dependencies all met for dep_context=requeueable deps ti=<TaskInstance: restaurant_pipeline.send_to_kafka manual__2025-07-19T18:02:27.059390+00:00 [queued]>
[2025-07-19T18:02:28.437+0000] {taskinstance.py:1361} INFO - Starting attempt 1 of 1
[2025-07-19T18:02:28.442+0000] {taskinstance.py:1382} INFO - Executing <Task(BashOperator): send_to_kafka> on 2025-07-19 18:02:27.059390+00:00
[2025-07-19T18:02:28.444+0000] {standard_task_runner.py:57} INFO - Started process 240 to run task
[2025-07-19T18:02:28.445+0000] {standard_task_runner.py:84} INFO - Running: ['***', 'tasks', 'run', 'restaurant_pipeline', 'send_to_kafka', 'manual__2025-07-19T18:02:27.059390+00:00', '--job-id', '920', '--raw', '--subdir', 'DAGS_FOLDER/restaurant_pipeline.py', '--cfg-path', '/tmp/tmpmu9y6p_h']
[2025-07-19T18:02:28.446+0000] {standard_task_runner.py:85} INFO - Job 920: Subtask send_to_kafka
[2025-07-19T18:02:28.466+0000] {task_command.py:416} INFO - Running <TaskInstance: restaurant_pipeline.send_to_kafka manual__2025-07-19T18:02:27.059390+00:00 [running]> on host e3f5d8fc4eef
[2025-07-19T18:02:28.501+0000] {taskinstance.py:1662} INFO - Exporting env vars: AIRFLOW_CTX_DAG_EMAIL='your@email.com' AIRFLOW_CTX_DAG_OWNER='moran' AIRFLOW_CTX_DAG_ID='restaurant_pipeline' AIRFLOW_CTX_TASK_ID='send_to_kafka' AIRFLOW_CTX_EXECUTION_DATE='2025-07-19T18:02:27.059390+00:00' AIRFLOW_CTX_TRY_NUMBER='1' AIRFLOW_CTX_DAG_RUN_ID='manual__2025-07-19T18:02:27.059390+00:00'
[2025-07-19T18:02:28.501+0000] {subprocess.py:63} INFO - Tmp dir root location: /tmp
[2025-07-19T18:02:28.502+0000] {subprocess.py:75} INFO - Running command: ['/bin/bash', '-c', 'python /opt/streaming/producer.py']
[2025-07-19T18:02:28.506+0000] {subprocess.py:86} INFO - Output:
[2025-07-19T18:02:30.720+0000] {subprocess.py:93} INFO - [✓] Sent to reservations: {'reservation_id': 7695, 'branch_id': 102, 'customer_name': 'Olivia Williams', 'phone_number': '799-504-4284', 'reservation_date': '2025-07-19', 'reservation_time': '19:25', 'guests_count': 1, 'is_confirmed': True}
[2025-07-19T18:02:30.726+0000] {subprocess.py:93} INFO - [✓] Sent to reservations: {'reservation_id': 9786, 'branch_id': 102, 'customer_name': 'Mark Adams', 'phone_number': '+1-419-982-6927', 'reservation_date': '2025-07-19', 'reservation_time': '18:58', 'guests_count': 3, 'is_confirmed': False}
[2025-07-19T18:02:30.727+0000] {subprocess.py:93} INFO - [✓] Sent to reservations: {'reservation_id': 9106, 'branch_id': 101, 'customer_name': 'Tyler Anderson', 'phone_number': '358-867-5363', 'reservation_date': '2025-07-19', 'reservation_time': '19:21', 'guests_count': 5, 'is_confirmed': True}
[2025-07-19T18:02:30.728+0000] {subprocess.py:93} INFO - [✓] Sent to checkins: {'checkin_id': 3921, 'customer_name': 'Michelle Warren', 'phone_number': '+1-635-549-5778x86533', 'branch_id': 102, 'table_id': 203, 'is_prebooked': False, 'checkin_date': '2025-07-19', 'checkin_time': '17:58', 'guests_count': 4, 'shift_manager': 'Gina Farmer'}
[2025-07-19T18:02:30.730+0000] {subprocess.py:93} INFO - [✓] Sent to checkins: {'checkin_id': 4593, 'customer_name': 'Ricky Taylor', 'phone_number': '864.374.7670', 'branch_id': 101, 'table_id': 207, 'is_prebooked': True, 'checkin_date': '2025-07-19', 'checkin_time': '17:28', 'guests_count': 6, 'shift_manager': 'Isabella Rogers'}
[2025-07-19T18:02:30.731+0000] {subprocess.py:93} INFO - [✓] Sent to checkins: {'checkin_id': 1856, 'customer_name': 'Marcus Tran', 'phone_number': '(587)816-3212x213', 'branch_id': 101, 'table_id': 200, 'is_prebooked': False, 'checkin_date': '2025-07-19', 'checkin_time': '16:45', 'guests_count': 6, 'shift_manager': 'Kenneth Clark'}
[2025-07-19T18:02:30.732+0000] {subprocess.py:93} INFO - [✓] Sent to feedback: {'feedback_id': 2972, 'branch_id': 101, 'customer_name': 'John Ford', 'phone_number': '766-515-2413x0644', 'feedback_text': 'Build threat century summer.', 'rating': 4, 'dining_date': '2025-07-19', 'dining_time': '17:52', 'submission_time': '2025-07-19T18:02:27'}
[2025-07-19T18:02:30.734+0000] {subprocess.py:93} INFO - [✓] Sent to feedback: {'feedback_id': 1342, 'branch_id': 102, 'customer_name': 'Trevor Burns', 'phone_number': '(669)871-4838x01340', 'feedback_text': 'Much hard raise for debate we.', 'rating': 3, 'dining_date': '2025-07-19', 'dining_time': '17:18', 'submission_time': '2025-07-19T18:02:27'}
[2025-07-19T18:02:30.735+0000] {subprocess.py:93} INFO - [✓] Sent to feedback: {'feedback_id': 3032, 'branch_id': 101, 'customer_name': 'Daniel Roberts', 'phone_number': '(816)845-3608x3381', 'feedback_text': 'Size with assume born center bring style.', 'rating': 1, 'dining_date': '2025-07-19', 'dining_time': '17:40', 'submission_time': '2025-07-19T18:02:27'}
[2025-07-19T18:02:30.735+0000] {subprocess.py:93} INFO - ✅ All messages sent.
[2025-07-19T18:02:30.772+0000] {subprocess.py:97} INFO - Command exited with return code 0
[2025-07-19T18:02:30.788+0000] {taskinstance.py:1400} INFO - Marking task as SUCCESS. dag_id=restaurant_pipeline, task_id=send_to_kafka, execution_date=20250719T180227, start_date=20250719T180228, end_date=20250719T180230
[2025-07-19T18:02:30.801+0000] {local_task_job_runner.py:228} INFO - Task exited with return code 0
[2025-07-19T18:02:30.826+0000] {taskinstance.py:2778} INFO - 1 downstream tasks scheduled from follow-on schedule check
