[2025-07-18T19:37:50.442+0000] {taskinstance.py:1159} INFO - Dependencies all met for dep_context=non-requeueable deps ti=<TaskInstance: restaurant_pipeline.send_to_kafka scheduled__2025-07-18T19:34:00+00:00 [queued]>
[2025-07-18T19:37:50.448+0000] {taskinstance.py:1159} INFO - Dependencies all met for dep_context=requeueable deps ti=<TaskInstance: restaurant_pipeline.send_to_kafka scheduled__2025-07-18T19:34:00+00:00 [queued]>
[2025-07-18T19:37:50.448+0000] {taskinstance.py:1361} INFO - Starting attempt 1 of 1
[2025-07-18T19:37:50.455+0000] {taskinstance.py:1382} INFO - Executing <Task(BashOperator): send_to_kafka> on 2025-07-18 19:34:00+00:00
[2025-07-18T19:37:50.457+0000] {standard_task_runner.py:57} INFO - Started process 5179 to run task
[2025-07-18T19:37:50.459+0000] {standard_task_runner.py:84} INFO - Running: ['***', 'tasks', 'run', 'restaurant_pipeline', 'send_to_kafka', 'scheduled__2025-07-18T19:34:00+00:00', '--job-id', '540', '--raw', '--subdir', 'DAGS_FOLDER/restaurant_pipeline.py', '--cfg-path', '/tmp/tmp0ro5qjc3']
[2025-07-18T19:37:50.461+0000] {standard_task_runner.py:85} INFO - Job 540: Subtask send_to_kafka
[2025-07-18T19:37:50.485+0000] {task_command.py:416} INFO - Running <TaskInstance: restaurant_pipeline.send_to_kafka scheduled__2025-07-18T19:34:00+00:00 [running]> on host 9bcfb43e0ab7
[2025-07-18T19:37:50.529+0000] {taskinstance.py:1662} INFO - Exporting env vars: AIRFLOW_CTX_DAG_OWNER='moran' AIRFLOW_CTX_DAG_ID='restaurant_pipeline' AIRFLOW_CTX_TASK_ID='send_to_kafka' AIRFLOW_CTX_EXECUTION_DATE='2025-07-18T19:34:00+00:00' AIRFLOW_CTX_TRY_NUMBER='1' AIRFLOW_CTX_DAG_RUN_ID='scheduled__2025-07-18T19:34:00+00:00'
[2025-07-18T19:37:50.529+0000] {subprocess.py:63} INFO - Tmp dir root location: /tmp
[2025-07-18T19:37:50.530+0000] {subprocess.py:75} INFO - Running command: ['/bin/bash', '-c', 'python /opt/streaming/producer.py']
[2025-07-18T19:37:50.537+0000] {subprocess.py:86} INFO - Output:
[2025-07-18T19:37:52.814+0000] {subprocess.py:93} INFO - [✓] Sent to reservations: {'reservation_id': 2658, 'branch_id': 101, 'customer_name': 'Lauren Robinson', 'phone_number': '247-614-2777', 'reservation_date': '2025-07-18', 'reservation_time': '21:03', 'guests_count': 6, 'is_confirmed': True}
[2025-07-18T19:37:52.821+0000] {subprocess.py:93} INFO - [✓] Sent to reservations: {'reservation_id': 2601, 'branch_id': 101, 'customer_name': 'Alexander Baker', 'phone_number': '462.424.0531', 'reservation_date': '2025-07-18', 'reservation_time': '20:55', 'guests_count': 1, 'is_confirmed': True}
[2025-07-18T19:37:52.822+0000] {subprocess.py:93} INFO - [✓] Sent to reservations: {'reservation_id': 7603, 'branch_id': 101, 'customer_name': 'David Fowler', 'phone_number': '+1-251-248-2866', 'reservation_date': '2025-07-18', 'reservation_time': '21:00', 'guests_count': 3, 'is_confirmed': False}
[2025-07-18T19:37:52.822+0000] {subprocess.py:93} INFO - [✓] Sent to checkins: {'checkin_id': 4394, 'customer_name': 'Kathryn Silva', 'phone_number': '649-991-5481x8360', 'branch_id': 101, 'table_id': 201, 'is_prebooked': True, 'checkin_date': '2025-07-18', 'checkin_time': '18:00', 'guests_count': 3, 'shift_manager': 'Heather Gonzales'}
[2025-07-18T19:37:52.822+0000] {subprocess.py:93} INFO - [✓] Sent to checkins: {'checkin_id': 4601, 'customer_name': 'Sarah Cruz', 'phone_number': '+1-250-491-6984', 'branch_id': 102, 'table_id': 209, 'is_prebooked': True, 'checkin_date': '2025-07-18', 'checkin_time': '18:27', 'guests_count': 5, 'shift_manager': 'Jose Clay'}
[2025-07-18T19:37:52.822+0000] {subprocess.py:93} INFO - [✓] Sent to checkins: {'checkin_id': 1711, 'customer_name': 'Julian Gardner', 'phone_number': '404.688.5440x08071', 'branch_id': 102, 'table_id': 201, 'is_prebooked': True, 'checkin_date': '2025-07-18', 'checkin_time': '19:04', 'guests_count': 4, 'shift_manager': 'Amy Phillips'}
[2025-07-18T19:37:52.823+0000] {subprocess.py:93} INFO - [✓] Sent to feedback: {'feedback_id': 5194, 'branch_id': 102, 'customer_name': 'Gabriela Rasmussen', 'phone_number': '+1-301-935-0882', 'feedback_text': 'Upon similar serious stage up important perhaps chance.', 'rating': 1, 'dining_date': '2025-07-18', 'dining_time': '19:07', 'submission_time': '2025-07-18T19:37:49'}
[2025-07-18T19:37:52.823+0000] {subprocess.py:93} INFO - [✓] Sent to feedback: {'feedback_id': 3239, 'branch_id': 101, 'customer_name': 'Glenda Schultz', 'phone_number': '(712)949-3370x95435', 'feedback_text': 'Fish practice later north town somebody.', 'rating': 2, 'dining_date': '2025-07-18', 'dining_time': '17:39', 'submission_time': '2025-07-18T19:37:49'}
[2025-07-18T19:37:52.823+0000] {subprocess.py:93} INFO - [✓] Sent to feedback: {'feedback_id': 1761, 'branch_id': 101, 'customer_name': 'Timothy Gomez', 'phone_number': '223-758-4247', 'feedback_text': 'Start piece value edge back step develop.', 'rating': 3, 'dining_date': '2025-07-18', 'dining_time': '18:59', 'submission_time': '2025-07-18T19:37:49'}
[2025-07-18T19:37:52.825+0000] {subprocess.py:93} INFO - ✅ All messages sent.
[2025-07-18T19:37:52.855+0000] {subprocess.py:97} INFO - Command exited with return code 0
[2025-07-18T19:37:52.880+0000] {taskinstance.py:1400} INFO - Marking task as SUCCESS. dag_id=restaurant_pipeline, task_id=send_to_kafka, execution_date=20250718T193400, start_date=20250718T193750, end_date=20250718T193752
[2025-07-18T19:37:52.922+0000] {local_task_job_runner.py:228} INFO - Task exited with return code 0
[2025-07-18T19:37:52.952+0000] {taskinstance.py:2778} INFO - 1 downstream tasks scheduled from follow-on schedule check
