[2025-07-19T14:34:02.032+0000] {taskinstance.py:1159} INFO - Dependencies all met for dep_context=non-requeueable deps ti=<TaskInstance: restaurant_pipeline.send_to_kafka scheduled__2025-07-19T14:32:00+00:00 [queued]>
[2025-07-19T14:34:02.036+0000] {taskinstance.py:1159} INFO - Dependencies all met for dep_context=requeueable deps ti=<TaskInstance: restaurant_pipeline.send_to_kafka scheduled__2025-07-19T14:32:00+00:00 [queued]>
[2025-07-19T14:34:02.036+0000] {taskinstance.py:1361} INFO - Starting attempt 1 of 1
[2025-07-19T14:34:02.041+0000] {taskinstance.py:1382} INFO - Executing <Task(BashOperator): send_to_kafka> on 2025-07-19 14:32:00+00:00
[2025-07-19T14:34:02.043+0000] {standard_task_runner.py:57} INFO - Started process 212 to run task
[2025-07-19T14:34:02.045+0000] {standard_task_runner.py:84} INFO - Running: ['***', 'tasks', 'run', 'restaurant_pipeline', 'send_to_kafka', 'scheduled__2025-07-19T14:32:00+00:00', '--job-id', '807', '--raw', '--subdir', 'DAGS_FOLDER/restaurant_pipeline.py', '--cfg-path', '/tmp/tmp03lf2e6l']
[2025-07-19T14:34:02.046+0000] {standard_task_runner.py:85} INFO - Job 807: Subtask send_to_kafka
[2025-07-19T14:34:02.067+0000] {task_command.py:416} INFO - Running <TaskInstance: restaurant_pipeline.send_to_kafka scheduled__2025-07-19T14:32:00+00:00 [running]> on host f7187f834462
[2025-07-19T14:34:02.108+0000] {taskinstance.py:1662} INFO - Exporting env vars: AIRFLOW_CTX_DAG_OWNER='moran' AIRFLOW_CTX_DAG_ID='restaurant_pipeline' AIRFLOW_CTX_TASK_ID='send_to_kafka' AIRFLOW_CTX_EXECUTION_DATE='2025-07-19T14:32:00+00:00' AIRFLOW_CTX_TRY_NUMBER='1' AIRFLOW_CTX_DAG_RUN_ID='scheduled__2025-07-19T14:32:00+00:00'
[2025-07-19T14:34:02.109+0000] {subprocess.py:63} INFO - Tmp dir root location: /tmp
[2025-07-19T14:34:02.109+0000] {subprocess.py:75} INFO - Running command: ['/bin/bash', '-c', 'python /opt/streaming/producer.py']
[2025-07-19T14:34:02.113+0000] {subprocess.py:86} INFO - Output:
[2025-07-19T14:34:04.333+0000] {subprocess.py:93} INFO - [✓] Sent to reservations: {'reservation_id': 2836, 'branch_id': 101, 'customer_name': 'Kenneth Moyer', 'phone_number': '503-541-9370', 'reservation_date': '2025-07-19', 'reservation_time': '15:26', 'guests_count': 1, 'is_confirmed': False}
[2025-07-19T14:34:04.336+0000] {subprocess.py:93} INFO - [✓] Sent to reservations: {'reservation_id': 2185, 'branch_id': 102, 'customer_name': 'Benjamin Russo', 'phone_number': '3016279191', 'reservation_date': '2025-07-19', 'reservation_time': '16:28', 'guests_count': 5, 'is_confirmed': False}
[2025-07-19T14:34:04.337+0000] {subprocess.py:93} INFO - [✓] Sent to reservations: {'reservation_id': 6697, 'branch_id': 102, 'customer_name': 'Jane Taylor', 'phone_number': '2774197913', 'reservation_date': '2025-07-19', 'reservation_time': '15:03', 'guests_count': 2, 'is_confirmed': True}
[2025-07-19T14:34:04.338+0000] {subprocess.py:93} INFO - [✓] Sent to checkins: {'checkin_id': 1519, 'customer_name': 'Edward Mcclure', 'phone_number': '+1-864-479-6596', 'branch_id': 101, 'table_id': 202, 'is_prebooked': True, 'checkin_date': '2025-07-19', 'checkin_time': '13:58', 'guests_count': 4, 'shift_manager': 'Robert Acosta'}
[2025-07-19T14:34:04.339+0000] {subprocess.py:93} INFO - [✓] Sent to checkins: {'checkin_id': 8009, 'customer_name': 'Stephanie Wright', 'phone_number': '(655)258-7913x3129', 'branch_id': 102, 'table_id': 210, 'is_prebooked': False, 'checkin_date': '2025-07-19', 'checkin_time': '13:48', 'guests_count': 6, 'shift_manager': 'Kim Evans'}
[2025-07-19T14:34:04.340+0000] {subprocess.py:93} INFO - [✓] Sent to checkins: {'checkin_id': 8725, 'customer_name': 'Brian Jackson', 'phone_number': '+1-485-547-6321', 'branch_id': 101, 'table_id': 200, 'is_prebooked': False, 'checkin_date': '2025-07-19', 'checkin_time': '12:49', 'guests_count': 2, 'shift_manager': 'Stephanie Rose'}
[2025-07-19T14:34:04.341+0000] {subprocess.py:93} INFO - [✓] Sent to feedback: {'feedback_id': 8928, 'branch_id': 101, 'customer_name': 'Emily Pittman', 'phone_number': '412.496.4394x85988', 'feedback_text': 'I side buy significant.', 'rating': 2, 'dining_date': '2025-07-19', 'dining_time': '14:18', 'submission_time': '2025-07-19T14:34:01'}
[2025-07-19T14:34:04.343+0000] {subprocess.py:93} INFO - [✓] Sent to feedback: {'feedback_id': 3413, 'branch_id': 101, 'customer_name': 'Chad Hester', 'phone_number': '+1-440-473-3399x2521', 'feedback_text': 'Great admit serious natural decide maintain.', 'rating': 3, 'dining_date': '2025-07-19', 'dining_time': '14:00', 'submission_time': '2025-07-19T14:34:01'}
[2025-07-19T14:34:04.345+0000] {subprocess.py:93} INFO - [✓] Sent to feedback: {'feedback_id': 5801, 'branch_id': 101, 'customer_name': 'Karen Hoover', 'phone_number': '6537596924', 'feedback_text': 'Force trouble upon.', 'rating': 2, 'dining_date': '2025-07-19', 'dining_time': '13:52', 'submission_time': '2025-07-19T14:34:01'}
[2025-07-19T14:34:04.346+0000] {subprocess.py:93} INFO - ✅ All messages sent.
[2025-07-19T14:34:04.373+0000] {subprocess.py:97} INFO - Command exited with return code 0
[2025-07-19T14:34:04.387+0000] {taskinstance.py:1400} INFO - Marking task as SUCCESS. dag_id=restaurant_pipeline, task_id=send_to_kafka, execution_date=20250719T143200, start_date=20250719T143402, end_date=20250719T143404
[2025-07-19T14:34:04.398+0000] {local_task_job_runner.py:228} INFO - Task exited with return code 0
[2025-07-19T14:34:04.422+0000] {taskinstance.py:2778} INFO - 1 downstream tasks scheduled from follow-on schedule check
