[2025-07-18T15:52:04.971+0000] {taskinstance.py:1159} INFO - Dependencies all met for dep_context=non-requeueable deps ti=<TaskInstance: restaurant_pipeline.stream_to_bronze scheduled__2025-07-18T15:50:00+00:00 [queued]>
[2025-07-18T15:52:04.983+0000] {taskinstance.py:1159} INFO - Dependencies all met for dep_context=requeueable deps ti=<TaskInstance: restaurant_pipeline.stream_to_bronze scheduled__2025-07-18T15:50:00+00:00 [queued]>
[2025-07-18T15:52:04.983+0000] {taskinstance.py:1361} INFO - Starting attempt 1 of 1
[2025-07-18T15:52:04.991+0000] {taskinstance.py:1382} INFO - Executing <Task(BashOperator): stream_to_bronze> on 2025-07-18 15:50:00+00:00
[2025-07-18T15:52:04.995+0000] {standard_task_runner.py:57} INFO - Started process 802 to run task
[2025-07-18T15:52:04.998+0000] {standard_task_runner.py:84} INFO - Running: ['***', 'tasks', 'run', 'restaurant_pipeline', 'stream_to_bronze', 'scheduled__2025-07-18T15:50:00+00:00', '--job-id', '141', '--raw', '--subdir', 'DAGS_FOLDER/restaurant_pipeline.py', '--cfg-path', '/tmp/tmp9raccc6b']
[2025-07-18T15:52:05.001+0000] {standard_task_runner.py:85} INFO - Job 141: Subtask stream_to_bronze
[2025-07-18T15:52:05.039+0000] {task_command.py:416} INFO - Running <TaskInstance: restaurant_pipeline.stream_to_bronze scheduled__2025-07-18T15:50:00+00:00 [running]> on host 9bcfb43e0ab7
[2025-07-18T15:52:05.109+0000] {taskinstance.py:1662} INFO - Exporting env vars: AIRFLOW_CTX_DAG_OWNER='moran' AIRFLOW_CTX_DAG_ID='restaurant_pipeline' AIRFLOW_CTX_TASK_ID='stream_to_bronze' AIRFLOW_CTX_EXECUTION_DATE='2025-07-18T15:50:00+00:00' AIRFLOW_CTX_TRY_NUMBER='1' AIRFLOW_CTX_DAG_RUN_ID='scheduled__2025-07-18T15:50:00+00:00'
[2025-07-18T15:52:05.110+0000] {subprocess.py:63} INFO - Tmp dir root location: /tmp
[2025-07-18T15:52:05.111+0000] {subprocess.py:75} INFO - Running command: ['/bin/bash', '-c', 'docker exec spark-iceberg spark-submit /home/iceberg/spark/stream_to_bronze.py']
[2025-07-18T15:52:05.120+0000] {subprocess.py:86} INFO - Output:
[2025-07-18T15:52:06.649+0000] {subprocess.py:93} INFO - 25/07/18 15:52:06 INFO SparkContext: Running Spark version 3.5.6
[2025-07-18T15:52:06.651+0000] {subprocess.py:93} INFO - 25/07/18 15:52:06 INFO SparkContext: OS info Linux, 6.10.14-linuxkit, aarch64
[2025-07-18T15:52:06.652+0000] {subprocess.py:93} INFO - 25/07/18 15:52:06 INFO SparkContext: Java version 17.0.15
[2025-07-18T15:52:06.668+0000] {subprocess.py:93} INFO - 25/07/18 15:52:06 INFO ResourceUtils: ==============================================================
[2025-07-18T15:52:06.669+0000] {subprocess.py:93} INFO - 25/07/18 15:52:06 INFO ResourceUtils: No custom resources configured for spark.driver.
[2025-07-18T15:52:06.669+0000] {subprocess.py:93} INFO - 25/07/18 15:52:06 INFO ResourceUtils: ==============================================================
[2025-07-18T15:52:06.669+0000] {subprocess.py:93} INFO - 25/07/18 15:52:06 INFO SparkContext: Submitted application: StreamToBronze
[2025-07-18T15:52:06.680+0000] {subprocess.py:93} INFO - 25/07/18 15:52:06 INFO ResourceProfile: Default ResourceProfile created, executor resources: Map(cores -> name: cores, amount: 1, script: , vendor: , memory -> name: memory, amount: 1024, script: , vendor: , offHeap -> name: offHeap, amount: 0, script: , vendor: ), task resources: Map(cpus -> name: cpus, amount: 1.0)
[2025-07-18T15:52:06.685+0000] {subprocess.py:93} INFO - 25/07/18 15:52:06 INFO ResourceProfile: Limiting resource is cpu
[2025-07-18T15:52:06.685+0000] {subprocess.py:93} INFO - 25/07/18 15:52:06 INFO ResourceProfileManager: Added ResourceProfile id: 0
[2025-07-18T15:52:06.714+0000] {subprocess.py:93} INFO - 25/07/18 15:52:06 INFO SecurityManager: Changing view acls to: root,spark
[2025-07-18T15:52:06.714+0000] {subprocess.py:93} INFO - 25/07/18 15:52:06 INFO SecurityManager: Changing modify acls to: root,spark
[2025-07-18T15:52:06.715+0000] {subprocess.py:93} INFO - 25/07/18 15:52:06 INFO SecurityManager: Changing view acls groups to:
[2025-07-18T15:52:06.715+0000] {subprocess.py:93} INFO - 25/07/18 15:52:06 INFO SecurityManager: Changing modify acls groups to:
[2025-07-18T15:52:06.715+0000] {subprocess.py:93} INFO - 25/07/18 15:52:06 INFO SecurityManager: SecurityManager: authentication disabled; ui acls disabled; users with view permissions: root, spark; groups with view permissions: EMPTY; users with modify permissions: root, spark; groups with modify permissions: EMPTY
[2025-07-18T15:52:06.749+0000] {subprocess.py:93} INFO - 25/07/18 15:52:06 WARN NativeCodeLoader: Unable to load native-hadoop library for your platform... using builtin-java classes where applicable
[2025-07-18T15:52:06.897+0000] {subprocess.py:93} INFO - 25/07/18 15:52:06 INFO Utils: Successfully started service 'sparkDriver' on port 43727.
[2025-07-18T15:52:06.913+0000] {subprocess.py:93} INFO - 25/07/18 15:52:06 INFO SparkEnv: Registering MapOutputTracker
[2025-07-18T15:52:06.936+0000] {subprocess.py:93} INFO - 25/07/18 15:52:06 INFO SparkEnv: Registering BlockManagerMaster
[2025-07-18T15:52:06.944+0000] {subprocess.py:93} INFO - 25/07/18 15:52:06 INFO BlockManagerMasterEndpoint: Using org.apache.spark.storage.DefaultTopologyMapper for getting topology information
[2025-07-18T15:52:06.945+0000] {subprocess.py:93} INFO - 25/07/18 15:52:06 INFO BlockManagerMasterEndpoint: BlockManagerMasterEndpoint up
[2025-07-18T15:52:06.948+0000] {subprocess.py:93} INFO - 25/07/18 15:52:06 INFO SparkEnv: Registering BlockManagerMasterHeartbeat
[2025-07-18T15:52:06.958+0000] {subprocess.py:93} INFO - 25/07/18 15:52:06 INFO DiskBlockManager: Created local directory at /tmp/blockmgr-175faf24-de74-43b2-a143-4b51bc78e411
[2025-07-18T15:52:06.964+0000] {subprocess.py:93} INFO - 25/07/18 15:52:06 INFO MemoryStore: MemoryStore started with capacity 434.4 MiB
[2025-07-18T15:52:06.972+0000] {subprocess.py:93} INFO - 25/07/18 15:52:06 INFO SparkEnv: Registering OutputCommitCoordinator
[2025-07-18T15:52:07.030+0000] {subprocess.py:93} INFO - 25/07/18 15:52:07 INFO JettyUtils: Start Jetty 0.0.0.0:4040 for SparkUI
[2025-07-18T15:52:07.059+0000] {subprocess.py:93} INFO - 25/07/18 15:52:07 WARN Utils: Service 'SparkUI' could not bind on port 4040. Attempting port 4041.
[2025-07-18T15:52:07.063+0000] {subprocess.py:93} INFO - 25/07/18 15:52:07 INFO Utils: Successfully started service 'SparkUI' on port 4041.
[2025-07-18T15:52:07.109+0000] {subprocess.py:93} INFO - 25/07/18 15:52:07 INFO Executor: Starting executor ID driver on host 77cb57a6bd53
[2025-07-18T15:52:07.109+0000] {subprocess.py:93} INFO - 25/07/18 15:52:07 INFO Executor: OS info Linux, 6.10.14-linuxkit, aarch64
[2025-07-18T15:52:07.109+0000] {subprocess.py:93} INFO - 25/07/18 15:52:07 INFO Executor: Java version 17.0.15
[2025-07-18T15:52:07.112+0000] {subprocess.py:93} INFO - 25/07/18 15:52:07 INFO Executor: Starting executor with user classpath (userClassPathFirst = false): ''
[2025-07-18T15:52:07.113+0000] {subprocess.py:93} INFO - 25/07/18 15:52:07 INFO Executor: Created or updated repl class loader org.apache.spark.util.MutableURLClassLoader@21590878 for default.
[2025-07-18T15:52:07.122+0000] {subprocess.py:93} INFO - 25/07/18 15:52:07 INFO Utils: Successfully started service 'org.apache.spark.network.netty.NettyBlockTransferService' on port 37711.
[2025-07-18T15:52:07.122+0000] {subprocess.py:93} INFO - 25/07/18 15:52:07 INFO NettyBlockTransferService: Server created on 77cb57a6bd53:37711
[2025-07-18T15:52:07.122+0000] {subprocess.py:93} INFO - 25/07/18 15:52:07 INFO BlockManager: Using org.apache.spark.storage.RandomBlockReplicationPolicy for block replication policy
[2025-07-18T15:52:07.125+0000] {subprocess.py:93} INFO - 25/07/18 15:52:07 INFO BlockManagerMaster: Registering BlockManager BlockManagerId(driver, 77cb57a6bd53, 37711, None)
[2025-07-18T15:52:07.132+0000] {subprocess.py:93} INFO - 25/07/18 15:52:07 INFO BlockManagerMasterEndpoint: Registering block manager 77cb57a6bd53:37711 with 434.4 MiB RAM, BlockManagerId(driver, 77cb57a6bd53, 37711, None)
[2025-07-18T15:52:07.135+0000] {subprocess.py:93} INFO - 25/07/18 15:52:07 INFO BlockManagerMaster: Registered BlockManager BlockManagerId(driver, 77cb57a6bd53, 37711, None)
[2025-07-18T15:52:07.135+0000] {subprocess.py:93} INFO - 25/07/18 15:52:07 INFO BlockManager: Initialized BlockManager: BlockManagerId(driver, 77cb57a6bd53, 37711, None)
[2025-07-18T15:52:07.358+0000] {subprocess.py:93} INFO - 25/07/18 15:52:07 INFO SharedState: Setting hive.metastore.warehouse.dir ('null') to the value of spark.sql.warehouse.dir.
[2025-07-18T15:52:07.366+0000] {subprocess.py:93} INFO - 25/07/18 15:52:07 INFO SharedState: Warehouse path is 'file:/app/spark-warehouse'.
[2025-07-18T15:52:08.278+0000] {subprocess.py:93} INFO - 25/07/18 15:52:08 WARN MetricsConfig: Cannot locate configuration: tried hadoop-metrics2-s3a-file-system.properties,hadoop-metrics2.properties
[2025-07-18T15:52:08.285+0000] {subprocess.py:93} INFO - 25/07/18 15:52:08 INFO MetricsSystemImpl: Scheduled Metric snapshot period at 10 second(s).
[2025-07-18T15:52:08.285+0000] {subprocess.py:93} INFO - 25/07/18 15:52:08 INFO MetricsSystemImpl: s3a-file-system metrics system started
[2025-07-18T15:52:09.185+0000] {subprocess.py:93} INFO - 25/07/18 15:52:09 INFO BaseMetastoreCatalog: Table loaded by catalog: my_catalog.bronze.Reservations_raw
[2025-07-18T15:52:09.197+0000] {subprocess.py:93} INFO - 25/07/18 15:52:09 INFO StateStoreCoordinatorRef: Registered StateStoreCoordinator endpoint
[2025-07-18T15:52:09.220+0000] {subprocess.py:93} INFO - 25/07/18 15:52:09 INFO ResolveWriteToStream: Checkpoint root /tmp/checkpoints/reservations resolved to file:/tmp/checkpoints/reservations.
[2025-07-18T15:52:09.220+0000] {subprocess.py:93} INFO - 25/07/18 15:52:09 WARN ResolveWriteToStream: spark.sql.adaptive.enabled is not supported in streaming DataFrames/Datasets and will be disabled.
[2025-07-18T15:52:09.290+0000] {subprocess.py:93} INFO - 25/07/18 15:52:09 INFO MicroBatchExecution: Starting [id = 0314df7c-5598-4928-8d91-374ee67989d1, runId = d2b0b5c1-3b1b-4f20-acce-7805dc454c5a]. Use file:/tmp/checkpoints/reservations to store the query checkpoint.
[2025-07-18T15:52:09.298+0000] {subprocess.py:93} INFO - 25/07/18 15:52:09 INFO MicroBatchExecution: Reading table [org.apache.spark.sql.kafka010.KafkaSourceProvider$KafkaTable@5e972f85] from DataSourceV2 named 'kafka' [org.apache.spark.sql.kafka010.KafkaSourceProvider@112c7705]
[2025-07-18T15:52:09.390+0000] {subprocess.py:93} INFO - 25/07/18 15:52:09 INFO OffsetSeqLog: BatchIds found from listing: 0, 1, 2, 3, 4, 5, 6, 7, 8, 9, 10, 11, 12, 13, 14, 15, 16, 17, 18, 19, 20, 21, 22, 23, 24, 25, 26, 27, 28, 29, 30, 31, 32
[2025-07-18T15:52:09.397+0000] {subprocess.py:93} INFO - 25/07/18 15:52:09 INFO OffsetSeqLog: Getting latest batch 32
[2025-07-18T15:52:09.421+0000] {subprocess.py:93} INFO - 25/07/18 15:52:09 INFO OffsetSeqLog: BatchIds found from listing: 0, 1, 2, 3, 4, 5, 6, 7, 8, 9, 10, 11, 12, 13, 14, 15, 16, 17, 18, 19, 20, 21, 22, 23, 24, 25, 26, 27, 28, 29, 30, 31, 32
[2025-07-18T15:52:09.423+0000] {subprocess.py:93} INFO - 25/07/18 15:52:09 INFO OffsetSeqLog: Getting latest batch 32
[2025-07-18T15:52:09.428+0000] {subprocess.py:93} INFO - 25/07/18 15:52:09 INFO CommitLog: BatchIds found from listing: 0, 1, 2, 3, 4, 5, 6, 7, 8, 9, 10, 11, 12, 13, 14, 15, 16, 17, 18, 19, 20, 21, 22, 23, 24, 25, 26, 27, 28, 29, 30, 31, 32
[2025-07-18T15:52:09.429+0000] {subprocess.py:93} INFO - 25/07/18 15:52:09 INFO CommitLog: Getting latest batch 32
[2025-07-18T15:52:09.432+0000] {subprocess.py:93} INFO - 25/07/18 15:52:09 INFO MicroBatchExecution: Resuming at batch 33 with committed offsets {KafkaV2[Subscribe[reservations]]: {"reservations":{"0":84}}} and available offsets {KafkaV2[Subscribe[reservations]]: {"reservations":{"0":84}}}
[2025-07-18T15:52:09.432+0000] {subprocess.py:93} INFO - 25/07/18 15:52:09 INFO MicroBatchExecution: Stream started from {KafkaV2[Subscribe[reservations]]: {"reservations":{"0":84}}}
[2025-07-18T15:52:09.436+0000] {subprocess.py:93} INFO - 25/07/18 15:52:09 INFO BaseMetastoreCatalog: Table loaded by catalog: my_catalog.bronze.Checkins_raw
[2025-07-18T15:52:09.440+0000] {subprocess.py:93} INFO - 25/07/18 15:52:09 INFO ResolveWriteToStream: Checkpoint root /tmp/checkpoints/checkins resolved to file:/tmp/checkpoints/checkins.
[2025-07-18T15:52:09.440+0000] {subprocess.py:93} INFO - 25/07/18 15:52:09 WARN ResolveWriteToStream: spark.sql.adaptive.enabled is not supported in streaming DataFrames/Datasets and will be disabled.
[2025-07-18T15:52:09.449+0000] {subprocess.py:93} INFO - 25/07/18 15:52:09 INFO MicroBatchExecution: Starting [id = a9a9b3af-d3c2-4704-81e0-4163831ae683, runId = 22bee2e6-7019-448f-8f4c-d4d2f51ad6bf]. Use file:/tmp/checkpoints/checkins to store the query checkpoint.
[2025-07-18T15:52:09.449+0000] {subprocess.py:93} INFO - 25/07/18 15:52:09 INFO MicroBatchExecution: Reading table [org.apache.spark.sql.kafka010.KafkaSourceProvider$KafkaTable@55165b7d] from DataSourceV2 named 'kafka' [org.apache.spark.sql.kafka010.KafkaSourceProvider@5bd1be77]
[2025-07-18T15:52:09.454+0000] {subprocess.py:93} INFO - 25/07/18 15:52:09 INFO OffsetSeqLog: BatchIds found from listing: 0, 1, 2, 3, 4, 5, 6, 7, 8, 9, 10, 11, 12, 13, 14, 15, 16, 17, 18, 19, 20, 21, 22, 23, 24, 25, 26, 27, 28, 29, 30, 31, 32, 33, 34, 35, 36, 37
[2025-07-18T15:52:09.454+0000] {subprocess.py:93} INFO - 25/07/18 15:52:09 INFO OffsetSeqLog: Getting latest batch 37
[2025-07-18T15:52:09.457+0000] {subprocess.py:93} INFO - 25/07/18 15:52:09 INFO OffsetSeqLog: BatchIds found from listing: 0, 1, 2, 3, 4, 5, 6, 7, 8, 9, 10, 11, 12, 13, 14, 15, 16, 17, 18, 19, 20, 21, 22, 23, 24, 25, 26, 27, 28, 29, 30, 31, 32, 33, 34, 35, 36, 37
[2025-07-18T15:52:09.458+0000] {subprocess.py:93} INFO - 25/07/18 15:52:09 INFO OffsetSeqLog: Getting latest batch 37
[2025-07-18T15:52:09.461+0000] {subprocess.py:93} INFO - 25/07/18 15:52:09 INFO CommitLog: BatchIds found from listing: 0, 1, 2, 3, 4, 5, 6, 7, 8, 9, 10, 11, 12, 13, 14, 15, 16, 17, 18, 19, 20, 21, 22, 23, 24, 25, 26, 27, 28, 29, 30, 31, 32, 33, 34, 35, 36, 37
[2025-07-18T15:52:09.462+0000] {subprocess.py:93} INFO - 25/07/18 15:52:09 INFO CommitLog: Getting latest batch 37
[2025-07-18T15:52:09.462+0000] {subprocess.py:93} INFO - 25/07/18 15:52:09 INFO MicroBatchExecution: Resuming at batch 38 with committed offsets {KafkaV2[Subscribe[checkins]]: {"checkins":{"0":84}}} and available offsets {KafkaV2[Subscribe[checkins]]: {"checkins":{"0":84}}}
[2025-07-18T15:52:09.462+0000] {subprocess.py:93} INFO - 25/07/18 15:52:09 INFO MicroBatchExecution: Stream started from {KafkaV2[Subscribe[checkins]]: {"checkins":{"0":84}}}
[2025-07-18T15:52:09.471+0000] {subprocess.py:93} INFO - 25/07/18 15:52:09 INFO AdminClientConfig: AdminClientConfig values:
[2025-07-18T15:52:09.472+0000] {subprocess.py:93} INFO - 	auto.include.jmx.reporter = true
[2025-07-18T15:52:09.472+0000] {subprocess.py:93} INFO - 	bootstrap.servers = [kafka:9092]
[2025-07-18T15:52:09.472+0000] {subprocess.py:93} INFO - 	client.dns.lookup = use_all_dns_ips
[2025-07-18T15:52:09.472+0000] {subprocess.py:93} INFO - 	client.id =
[2025-07-18T15:52:09.472+0000] {subprocess.py:93} INFO - 	connections.max.idle.ms = 300000
[2025-07-18T15:52:09.473+0000] {subprocess.py:93} INFO - 	default.api.timeout.ms = 60000
[2025-07-18T15:52:09.473+0000] {subprocess.py:93} INFO - 	metadata.max.age.ms = 300000
[2025-07-18T15:52:09.473+0000] {subprocess.py:93} INFO - 	metric.reporters = []
[2025-07-18T15:52:09.473+0000] {subprocess.py:93} INFO - 	metrics.num.samples = 2
[2025-07-18T15:52:09.473+0000] {subprocess.py:93} INFO - 	metrics.recording.level = INFO
[2025-07-18T15:52:09.474+0000] {subprocess.py:93} INFO - 	metrics.sample.window.ms = 30000
[2025-07-18T15:52:09.474+0000] {subprocess.py:93} INFO - 	receive.buffer.bytes = 65536
[2025-07-18T15:52:09.474+0000] {subprocess.py:93} INFO - 	reconnect.backoff.max.ms = 1000
[2025-07-18T15:52:09.474+0000] {subprocess.py:93} INFO - 	reconnect.backoff.ms = 50
[2025-07-18T15:52:09.474+0000] {subprocess.py:93} INFO - 	request.timeout.ms = 30000
[2025-07-18T15:52:09.474+0000] {subprocess.py:93} INFO - 	retries = 2147483647
[2025-07-18T15:52:09.474+0000] {subprocess.py:93} INFO - 	retry.backoff.ms = 100
[2025-07-18T15:52:09.474+0000] {subprocess.py:93} INFO - 	sasl.client.callback.handler.class = null
[2025-07-18T15:52:09.474+0000] {subprocess.py:93} INFO - 	sasl.jaas.config = null
[2025-07-18T15:52:09.474+0000] {subprocess.py:93} INFO - 	sasl.kerberos.kinit.cmd = /usr/bin/kinit
[2025-07-18T15:52:09.475+0000] {subprocess.py:93} INFO - 	sasl.kerberos.min.time.before.relogin = 60000
[2025-07-18T15:52:09.475+0000] {subprocess.py:93} INFO - 	sasl.kerberos.service.name = null
[2025-07-18T15:52:09.475+0000] {subprocess.py:93} INFO - 	sasl.kerberos.ticket.renew.jitter = 0.05
[2025-07-18T15:52:09.475+0000] {subprocess.py:93} INFO - 	sasl.kerberos.ticket.renew.window.factor = 0.8
[2025-07-18T15:52:09.475+0000] {subprocess.py:93} INFO - 	sasl.login.callback.handler.class = null
[2025-07-18T15:52:09.475+0000] {subprocess.py:93} INFO - 	sasl.login.class = null
[2025-07-18T15:52:09.475+0000] {subprocess.py:93} INFO - 	sasl.login.connect.timeout.ms = null
[2025-07-18T15:52:09.475+0000] {subprocess.py:93} INFO - 	sasl.login.read.timeout.ms = null
[2025-07-18T15:52:09.475+0000] {subprocess.py:93} INFO - 	sasl.login.refresh.buffer.seconds = 300
[2025-07-18T15:52:09.476+0000] {subprocess.py:93} INFO - 	sasl.login.refresh.min.period.seconds = 60
[2025-07-18T15:52:09.476+0000] {subprocess.py:93} INFO - 	sasl.login.refresh.window.factor = 0.8
[2025-07-18T15:52:09.476+0000] {subprocess.py:93} INFO - 	sasl.login.refresh.window.jitter = 0.05
[2025-07-18T15:52:09.476+0000] {subprocess.py:93} INFO - 	sasl.login.retry.backoff.max.ms = 10000
[2025-07-18T15:52:09.476+0000] {subprocess.py:93} INFO - 	sasl.login.retry.backoff.ms = 100
[2025-07-18T15:52:09.476+0000] {subprocess.py:93} INFO - 	sasl.mechanism = GSSAPI
[2025-07-18T15:52:09.476+0000] {subprocess.py:93} INFO - 	sasl.oauthbearer.clock.skew.seconds = 30
[2025-07-18T15:52:09.476+0000] {subprocess.py:93} INFO - 	sasl.oauthbearer.expected.audience = null
[2025-07-18T15:52:09.476+0000] {subprocess.py:93} INFO - 	sasl.oauthbearer.expected.issuer = null
[2025-07-18T15:52:09.476+0000] {subprocess.py:93} INFO - 	sasl.oauthbearer.jwks.endpoint.refresh.ms = 3600000
[2025-07-18T15:52:09.477+0000] {subprocess.py:93} INFO - 	sasl.oauthbearer.jwks.endpoint.retry.backoff.max.ms = 10000
[2025-07-18T15:52:09.477+0000] {subprocess.py:93} INFO - 	sasl.oauthbearer.jwks.endpoint.retry.backoff.ms = 100
[2025-07-18T15:52:09.477+0000] {subprocess.py:93} INFO - 	sasl.oauthbearer.jwks.endpoint.url = null
[2025-07-18T15:52:09.477+0000] {subprocess.py:93} INFO - 	sasl.oauthbearer.scope.claim.name = scope
[2025-07-18T15:52:09.477+0000] {subprocess.py:93} INFO - 	sasl.oauthbearer.sub.claim.name = sub
[2025-07-18T15:52:09.477+0000] {subprocess.py:93} INFO - 	sasl.oauthbearer.token.endpoint.url = null
[2025-07-18T15:52:09.477+0000] {subprocess.py:93} INFO - 	security.protocol = PLAINTEXT
[2025-07-18T15:52:09.477+0000] {subprocess.py:93} INFO - 	security.providers = null
[2025-07-18T15:52:09.477+0000] {subprocess.py:93} INFO - 	send.buffer.bytes = 131072
[2025-07-18T15:52:09.478+0000] {subprocess.py:93} INFO - 	socket.connection.setup.timeout.max.ms = 30000
[2025-07-18T15:52:09.478+0000] {subprocess.py:93} INFO - 	socket.connection.setup.timeout.ms = 10000
[2025-07-18T15:52:09.478+0000] {subprocess.py:93} INFO - 	ssl.cipher.suites = null
[2025-07-18T15:52:09.478+0000] {subprocess.py:93} INFO - 	ssl.enabled.protocols = [TLSv1.2, TLSv1.3]
[2025-07-18T15:52:09.478+0000] {subprocess.py:93} INFO - 	ssl.endpoint.identification.algorithm = https
[2025-07-18T15:52:09.478+0000] {subprocess.py:93} INFO - 	ssl.engine.factory.class = null
[2025-07-18T15:52:09.479+0000] {subprocess.py:93} INFO - 	ssl.key.password = null
[2025-07-18T15:52:09.479+0000] {subprocess.py:93} INFO - 	ssl.keymanager.algorithm = SunX509
[2025-07-18T15:52:09.479+0000] {subprocess.py:93} INFO - 	ssl.keystore.certificate.chain = null
[2025-07-18T15:52:09.480+0000] {subprocess.py:93} INFO - 	ssl.keystore.key = null
[2025-07-18T15:52:09.480+0000] {subprocess.py:93} INFO - 	ssl.keystore.location = null
[2025-07-18T15:52:09.480+0000] {subprocess.py:93} INFO - 	ssl.keystore.password = null
[2025-07-18T15:52:09.480+0000] {subprocess.py:93} INFO - 	ssl.keystore.type = JKS
[2025-07-18T15:52:09.481+0000] {subprocess.py:93} INFO - 	ssl.protocol = TLSv1.3
[2025-07-18T15:52:09.481+0000] {subprocess.py:93} INFO - 	ssl.provider = null
[2025-07-18T15:52:09.481+0000] {subprocess.py:93} INFO - 	ssl.secure.random.implementation = null
[2025-07-18T15:52:09.482+0000] {subprocess.py:93} INFO - 	ssl.trustmanager.algorithm = PKIX
[2025-07-18T15:52:09.482+0000] {subprocess.py:93} INFO - 	ssl.truststore.certificates = null
[2025-07-18T15:52:09.482+0000] {subprocess.py:93} INFO - 	ssl.truststore.location = null
[2025-07-18T15:52:09.482+0000] {subprocess.py:93} INFO - 	ssl.truststore.password = null
[2025-07-18T15:52:09.482+0000] {subprocess.py:93} INFO - 	ssl.truststore.type = JKS
[2025-07-18T15:52:09.482+0000] {subprocess.py:93} INFO - 
[2025-07-18T15:52:09.482+0000] {subprocess.py:93} INFO - 25/07/18 15:52:09 INFO AdminClientConfig: AdminClientConfig values:
[2025-07-18T15:52:09.483+0000] {subprocess.py:93} INFO - 	auto.include.jmx.reporter = true
[2025-07-18T15:52:09.483+0000] {subprocess.py:93} INFO - 	bootstrap.servers = [kafka:9092]
[2025-07-18T15:52:09.483+0000] {subprocess.py:93} INFO - 	client.dns.lookup = use_all_dns_ips
[2025-07-18T15:52:09.483+0000] {subprocess.py:93} INFO - 	client.id =
[2025-07-18T15:52:09.483+0000] {subprocess.py:93} INFO - 	connections.max.idle.ms = 300000
[2025-07-18T15:52:09.484+0000] {subprocess.py:93} INFO - 	default.api.timeout.ms = 60000
[2025-07-18T15:52:09.484+0000] {subprocess.py:93} INFO - 	metadata.max.age.ms = 300000
[2025-07-18T15:52:09.484+0000] {subprocess.py:93} INFO - 	metric.reporters = []
[2025-07-18T15:52:09.484+0000] {subprocess.py:93} INFO - 	metrics.num.samples = 2
[2025-07-18T15:52:09.485+0000] {subprocess.py:93} INFO - 	metrics.recording.level = INFO
[2025-07-18T15:52:09.485+0000] {subprocess.py:93} INFO - 	metrics.sample.window.ms = 30000
[2025-07-18T15:52:09.485+0000] {subprocess.py:93} INFO - 	receive.buffer.bytes = 65536
[2025-07-18T15:52:09.486+0000] {subprocess.py:93} INFO - 	reconnect.backoff.max.ms = 1000
[2025-07-18T15:52:09.486+0000] {subprocess.py:93} INFO - 	reconnect.backoff.ms = 50
[2025-07-18T15:52:09.486+0000] {subprocess.py:93} INFO - 	request.timeout.ms = 30000
[2025-07-18T15:52:09.487+0000] {subprocess.py:93} INFO - 	retries = 2147483647
[2025-07-18T15:52:09.487+0000] {subprocess.py:93} INFO - 	retry.backoff.ms = 100
[2025-07-18T15:52:09.487+0000] {subprocess.py:93} INFO - 	sasl.client.callback.handler.class = null
[2025-07-18T15:52:09.488+0000] {subprocess.py:93} INFO - 	sasl.jaas.config = null
[2025-07-18T15:52:09.488+0000] {subprocess.py:93} INFO - 	sasl.kerberos.kinit.cmd = /usr/bin/kinit
[2025-07-18T15:52:09.488+0000] {subprocess.py:93} INFO - 	sasl.kerberos.min.time.before.relogin = 60000
[2025-07-18T15:52:09.488+0000] {subprocess.py:93} INFO - 	sasl.kerberos.service.name = null
[2025-07-18T15:52:09.489+0000] {subprocess.py:93} INFO - 	sasl.kerberos.ticket.renew.jitter = 0.05
[2025-07-18T15:52:09.489+0000] {subprocess.py:93} INFO - 	sasl.kerberos.ticket.renew.window.factor = 0.8
[2025-07-18T15:52:09.489+0000] {subprocess.py:93} INFO - 	sasl.login.callback.handler.class = null
[2025-07-18T15:52:09.490+0000] {subprocess.py:93} INFO - 	sasl.login.class = null
[2025-07-18T15:52:09.490+0000] {subprocess.py:93} INFO - 	sasl.login.connect.timeout.ms = null
[2025-07-18T15:52:09.490+0000] {subprocess.py:93} INFO - 	sasl.login.read.timeout.ms = null
[2025-07-18T15:52:09.490+0000] {subprocess.py:93} INFO - 	sasl.login.refresh.buffer.seconds = 300
[2025-07-18T15:52:09.490+0000] {subprocess.py:93} INFO - 	sasl.login.refresh.min.period.seconds = 60
[2025-07-18T15:52:09.491+0000] {subprocess.py:93} INFO - 	sasl.login.refresh.window.factor = 0.8
[2025-07-18T15:52:09.491+0000] {subprocess.py:93} INFO - 	sasl.login.refresh.window.jitter = 0.05
[2025-07-18T15:52:09.491+0000] {subprocess.py:93} INFO - 	sasl.login.retry.backoff.max.ms = 10000
[2025-07-18T15:52:09.491+0000] {subprocess.py:93} INFO - 	sasl.login.retry.backoff.ms = 100
[2025-07-18T15:52:09.492+0000] {subprocess.py:93} INFO - 	sasl.mechanism = GSSAPI
[2025-07-18T15:52:09.492+0000] {subprocess.py:93} INFO - 	sasl.oauthbearer.clock.skew.seconds = 30
[2025-07-18T15:52:09.492+0000] {subprocess.py:93} INFO - 	sasl.oauthbearer.expected.audience = null
[2025-07-18T15:52:09.493+0000] {subprocess.py:93} INFO - 	sasl.oauthbearer.expected.issuer = null
[2025-07-18T15:52:09.493+0000] {subprocess.py:93} INFO - 	sasl.oauthbearer.jwks.endpoint.refresh.ms = 3600000
[2025-07-18T15:52:09.496+0000] {subprocess.py:93} INFO - 	sasl.oauthbearer.jwks.endpoint.retry.backoff.max.ms = 10000
[2025-07-18T15:52:09.497+0000] {subprocess.py:93} INFO - 	sasl.oauthbearer.jwks.endpoint.retry.backoff.ms = 100
[2025-07-18T15:52:09.499+0000] {subprocess.py:93} INFO - 	sasl.oauthbearer.jwks.endpoint.url = null
[2025-07-18T15:52:09.502+0000] {subprocess.py:93} INFO - 	sasl.oauthbearer.scope.claim.name = scope
[2025-07-18T15:52:09.502+0000] {subprocess.py:93} INFO - 	sasl.oauthbearer.sub.claim.name = sub
[2025-07-18T15:52:09.502+0000] {subprocess.py:93} INFO - 	sasl.oauthbearer.token.endpoint.url = null
[2025-07-18T15:52:09.502+0000] {subprocess.py:93} INFO - 	security.protocol = PLAINTEXT
[2025-07-18T15:52:09.503+0000] {subprocess.py:93} INFO - 	security.providers = null
[2025-07-18T15:52:09.503+0000] {subprocess.py:93} INFO - 	send.buffer.bytes = 131072
[2025-07-18T15:52:09.503+0000] {subprocess.py:93} INFO - 	socket.connection.setup.timeout.max.ms = 30000
[2025-07-18T15:52:09.503+0000] {subprocess.py:93} INFO - 	socket.connection.setup.timeout.ms = 10000
[2025-07-18T15:52:09.503+0000] {subprocess.py:93} INFO - 	ssl.cipher.suites = null
[2025-07-18T15:52:09.503+0000] {subprocess.py:93} INFO - 	ssl.enabled.protocols = [TLSv1.2, TLSv1.3]
[2025-07-18T15:52:09.503+0000] {subprocess.py:93} INFO - 	ssl.endpoint.identification.algorithm = https
[2025-07-18T15:52:09.503+0000] {subprocess.py:93} INFO - 	ssl.engine.factory.class = null
[2025-07-18T15:52:09.503+0000] {subprocess.py:93} INFO - 	ssl.key.password = null
[2025-07-18T15:52:09.503+0000] {subprocess.py:93} INFO - 	ssl.keymanager.algorithm = SunX509
[2025-07-18T15:52:09.503+0000] {subprocess.py:93} INFO - 	ssl.keystore.certificate.chain = null
[2025-07-18T15:52:09.504+0000] {subprocess.py:93} INFO - 	ssl.keystore.key = null
[2025-07-18T15:52:09.504+0000] {subprocess.py:93} INFO - 	ssl.keystore.location = null
[2025-07-18T15:52:09.504+0000] {subprocess.py:93} INFO - 	ssl.keystore.password = null
[2025-07-18T15:52:09.504+0000] {subprocess.py:93} INFO - 	ssl.keystore.type = JKS
[2025-07-18T15:52:09.504+0000] {subprocess.py:93} INFO - 	ssl.protocol = TLSv1.3
[2025-07-18T15:52:09.504+0000] {subprocess.py:93} INFO - 	ssl.provider = null
[2025-07-18T15:52:09.504+0000] {subprocess.py:93} INFO - 	ssl.secure.random.implementation = null
[2025-07-18T15:52:09.504+0000] {subprocess.py:93} INFO - 	ssl.trustmanager.algorithm = PKIX
[2025-07-18T15:52:09.504+0000] {subprocess.py:93} INFO - 	ssl.truststore.certificates = null
[2025-07-18T15:52:09.504+0000] {subprocess.py:93} INFO - 	ssl.truststore.location = null
[2025-07-18T15:52:09.504+0000] {subprocess.py:93} INFO - 	ssl.truststore.password = null
[2025-07-18T15:52:09.505+0000] {subprocess.py:93} INFO - 	ssl.truststore.type = JKS
[2025-07-18T15:52:09.505+0000] {subprocess.py:93} INFO - 
[2025-07-18T15:52:09.523+0000] {subprocess.py:93} INFO - 25/07/18 15:52:09 INFO BaseMetastoreCatalog: Table loaded by catalog: my_catalog.bronze.Feedback_raw
[2025-07-18T15:52:09.527+0000] {subprocess.py:93} INFO - 25/07/18 15:52:09 INFO AdminClientConfig: These configurations '[key.deserializer, value.deserializer, enable.auto.commit, max.poll.records, auto.offset.reset]' were supplied but are not used yet.
[2025-07-18T15:52:09.528+0000] {subprocess.py:93} INFO - 25/07/18 15:52:09 INFO AdminClientConfig: These configurations '[key.deserializer, value.deserializer, enable.auto.commit, max.poll.records, auto.offset.reset]' were supplied but are not used yet.
[2025-07-18T15:52:09.529+0000] {subprocess.py:93} INFO - 25/07/18 15:52:09 INFO ResolveWriteToStream: Checkpoint root /tmp/checkpoints/feedback resolved to file:/tmp/checkpoints/feedback.
[2025-07-18T15:52:09.529+0000] {subprocess.py:93} INFO - 25/07/18 15:52:09 WARN ResolveWriteToStream: spark.sql.adaptive.enabled is not supported in streaming DataFrames/Datasets and will be disabled.
[2025-07-18T15:52:09.530+0000] {subprocess.py:93} INFO - 25/07/18 15:52:09 INFO AppInfoParser: Kafka version: 3.5.1
[2025-07-18T15:52:09.530+0000] {subprocess.py:93} INFO - 25/07/18 15:52:09 INFO AppInfoParser: Kafka commitId: 2c6fb6c54472e90a
[2025-07-18T15:52:09.532+0000] {subprocess.py:93} INFO - 25/07/18 15:52:09 INFO AppInfoParser: Kafka startTimeMs: 1752853929526
[2025-07-18T15:52:09.532+0000] {subprocess.py:93} INFO - 25/07/18 15:52:09 INFO AppInfoParser: Kafka version: 3.5.1
[2025-07-18T15:52:09.533+0000] {subprocess.py:93} INFO - 25/07/18 15:52:09 INFO AppInfoParser: Kafka commitId: 2c6fb6c54472e90a
[2025-07-18T15:52:09.534+0000] {subprocess.py:93} INFO - 25/07/18 15:52:09 INFO AppInfoParser: Kafka startTimeMs: 1752853929526
[2025-07-18T15:52:09.537+0000] {subprocess.py:93} INFO - 25/07/18 15:52:09 INFO MicroBatchExecution: Starting [id = d3aff090-24bc-4a1c-938f-fc839231598c, runId = 1baa0775-13b7-4b10-8ef2-bf8d2da225dc]. Use file:/tmp/checkpoints/feedback to store the query checkpoint.
[2025-07-18T15:52:09.538+0000] {subprocess.py:93} INFO - 25/07/18 15:52:09 INFO MicroBatchExecution: Reading table [org.apache.spark.sql.kafka010.KafkaSourceProvider$KafkaTable@51f07bff] from DataSourceV2 named 'kafka' [org.apache.spark.sql.kafka010.KafkaSourceProvider@5f378e69]
[2025-07-18T15:52:09.544+0000] {subprocess.py:93} INFO - 25/07/18 15:52:09 INFO OffsetSeqLog: BatchIds found from listing: 0, 1, 2, 3, 4, 5, 6, 7, 8, 9, 10, 11, 12, 13, 14, 15, 16, 17, 18, 19, 20, 21, 22, 23, 24, 25, 26, 27, 28, 29, 30, 31, 32, 33, 34, 35, 36
[2025-07-18T15:52:09.545+0000] {subprocess.py:93} INFO - 25/07/18 15:52:09 INFO OffsetSeqLog: Getting latest batch 36
[2025-07-18T15:52:09.547+0000] {subprocess.py:93} INFO - 25/07/18 15:52:09 INFO OffsetSeqLog: BatchIds found from listing: 0, 1, 2, 3, 4, 5, 6, 7, 8, 9, 10, 11, 12, 13, 14, 15, 16, 17, 18, 19, 20, 21, 22, 23, 24, 25, 26, 27, 28, 29, 30, 31, 32, 33, 34, 35, 36
[2025-07-18T15:52:09.547+0000] {subprocess.py:93} INFO - 25/07/18 15:52:09 INFO OffsetSeqLog: Getting latest batch 36
[2025-07-18T15:52:09.551+0000] {subprocess.py:93} INFO - 25/07/18 15:52:09 INFO CommitLog: BatchIds found from listing: 0, 1, 2, 3, 4, 5, 6, 7, 8, 9, 10, 11, 12, 13, 14, 15, 16, 17, 18, 19, 20, 21, 22, 23, 24, 25, 26, 27, 28, 29, 30, 31, 32, 33, 34, 35, 36
[2025-07-18T15:52:09.552+0000] {subprocess.py:93} INFO - 25/07/18 15:52:09 INFO CommitLog: Getting latest batch 36
[2025-07-18T15:52:09.553+0000] {subprocess.py:93} INFO - 25/07/18 15:52:09 INFO MicroBatchExecution: Resuming at batch 37 with committed offsets {KafkaV2[Subscribe[feedback]]: {"feedback":{"0":84}}} and available offsets {KafkaV2[Subscribe[feedback]]: {"feedback":{"0":84}}}
[2025-07-18T15:52:09.553+0000] {subprocess.py:93} INFO - 25/07/18 15:52:09 INFO MicroBatchExecution: Stream started from {KafkaV2[Subscribe[feedback]]: {"feedback":{"0":84}}}
[2025-07-18T15:52:09.553+0000] {subprocess.py:93} INFO - 25/07/18 15:52:09 INFO AdminClientConfig: AdminClientConfig values:
[2025-07-18T15:52:09.554+0000] {subprocess.py:93} INFO - 	auto.include.jmx.reporter = true
[2025-07-18T15:52:09.554+0000] {subprocess.py:93} INFO - 	bootstrap.servers = [kafka:9092]
[2025-07-18T15:52:09.555+0000] {subprocess.py:93} INFO - 	client.dns.lookup = use_all_dns_ips
[2025-07-18T15:52:09.555+0000] {subprocess.py:93} INFO - 	client.id =
[2025-07-18T15:52:09.555+0000] {subprocess.py:93} INFO - 	connections.max.idle.ms = 300000
[2025-07-18T15:52:09.555+0000] {subprocess.py:93} INFO - 	default.api.timeout.ms = 60000
[2025-07-18T15:52:09.555+0000] {subprocess.py:93} INFO - 	metadata.max.age.ms = 300000
[2025-07-18T15:52:09.555+0000] {subprocess.py:93} INFO - 	metric.reporters = []
[2025-07-18T15:52:09.556+0000] {subprocess.py:93} INFO - 	metrics.num.samples = 2
[2025-07-18T15:52:09.556+0000] {subprocess.py:93} INFO - 	metrics.recording.level = INFO
[2025-07-18T15:52:09.556+0000] {subprocess.py:93} INFO - 	metrics.sample.window.ms = 30000
[2025-07-18T15:52:09.556+0000] {subprocess.py:93} INFO - 	receive.buffer.bytes = 65536
[2025-07-18T15:52:09.556+0000] {subprocess.py:93} INFO - 	reconnect.backoff.max.ms = 1000
[2025-07-18T15:52:09.556+0000] {subprocess.py:93} INFO - 	reconnect.backoff.ms = 50
[2025-07-18T15:52:09.556+0000] {subprocess.py:93} INFO - 	request.timeout.ms = 30000
[2025-07-18T15:52:09.556+0000] {subprocess.py:93} INFO - 	retries = 2147483647
[2025-07-18T15:52:09.556+0000] {subprocess.py:93} INFO - 	retry.backoff.ms = 100
[2025-07-18T15:52:09.557+0000] {subprocess.py:93} INFO - 	sasl.client.callback.handler.class = null
[2025-07-18T15:52:09.557+0000] {subprocess.py:93} INFO - 	sasl.jaas.config = null
[2025-07-18T15:52:09.557+0000] {subprocess.py:93} INFO - 	sasl.kerberos.kinit.cmd = /usr/bin/kinit
[2025-07-18T15:52:09.557+0000] {subprocess.py:93} INFO - 	sasl.kerberos.min.time.before.relogin = 60000
[2025-07-18T15:52:09.557+0000] {subprocess.py:93} INFO - 	sasl.kerberos.service.name = null
[2025-07-18T15:52:09.557+0000] {subprocess.py:93} INFO - 	sasl.kerberos.ticket.renew.jitter = 0.05
[2025-07-18T15:52:09.558+0000] {subprocess.py:93} INFO - 	sasl.kerberos.ticket.renew.window.factor = 0.8
[2025-07-18T15:52:09.558+0000] {subprocess.py:93} INFO - 	sasl.login.callback.handler.class = null
[2025-07-18T15:52:09.558+0000] {subprocess.py:93} INFO - 	sasl.login.class = null
[2025-07-18T15:52:09.558+0000] {subprocess.py:93} INFO - 	sasl.login.connect.timeout.ms = null
[2025-07-18T15:52:09.559+0000] {subprocess.py:93} INFO - 	sasl.login.read.timeout.ms = null
[2025-07-18T15:52:09.559+0000] {subprocess.py:93} INFO - 	sasl.login.refresh.buffer.seconds = 300
[2025-07-18T15:52:09.559+0000] {subprocess.py:93} INFO - 	sasl.login.refresh.min.period.seconds = 60
[2025-07-18T15:52:09.559+0000] {subprocess.py:93} INFO - 	sasl.login.refresh.window.factor = 0.8
[2025-07-18T15:52:09.559+0000] {subprocess.py:93} INFO - 	sasl.login.refresh.window.jitter = 0.05
[2025-07-18T15:52:09.559+0000] {subprocess.py:93} INFO - 	sasl.login.retry.backoff.max.ms = 10000
[2025-07-18T15:52:09.559+0000] {subprocess.py:93} INFO - 	sasl.login.retry.backoff.ms = 100
[2025-07-18T15:52:09.559+0000] {subprocess.py:93} INFO - 	sasl.mechanism = GSSAPI
[2025-07-18T15:52:09.560+0000] {subprocess.py:93} INFO - 	sasl.oauthbearer.clock.skew.seconds = 30
[2025-07-18T15:52:09.560+0000] {subprocess.py:93} INFO - 	sasl.oauthbearer.expected.audience = null
[2025-07-18T15:52:09.560+0000] {subprocess.py:93} INFO - 	sasl.oauthbearer.expected.issuer = null
[2025-07-18T15:52:09.560+0000] {subprocess.py:93} INFO - 	sasl.oauthbearer.jwks.endpoint.refresh.ms = 3600000
[2025-07-18T15:52:09.560+0000] {subprocess.py:93} INFO - 	sasl.oauthbearer.jwks.endpoint.retry.backoff.max.ms = 10000
[2025-07-18T15:52:09.560+0000] {subprocess.py:93} INFO - 	sasl.oauthbearer.jwks.endpoint.retry.backoff.ms = 100
[2025-07-18T15:52:09.560+0000] {subprocess.py:93} INFO - 	sasl.oauthbearer.jwks.endpoint.url = null
[2025-07-18T15:52:09.560+0000] {subprocess.py:93} INFO - 	sasl.oauthbearer.scope.claim.name = scope
[2025-07-18T15:52:09.560+0000] {subprocess.py:93} INFO - 	sasl.oauthbearer.sub.claim.name = sub
[2025-07-18T15:52:09.561+0000] {subprocess.py:93} INFO - 	sasl.oauthbearer.token.endpoint.url = null
[2025-07-18T15:52:09.561+0000] {subprocess.py:93} INFO - 	security.protocol = PLAINTEXT
[2025-07-18T15:52:09.561+0000] {subprocess.py:93} INFO - 	security.providers = null
[2025-07-18T15:52:09.561+0000] {subprocess.py:93} INFO - 	send.buffer.bytes = 131072
[2025-07-18T15:52:09.561+0000] {subprocess.py:93} INFO - 	socket.connection.setup.timeout.max.ms = 30000
[2025-07-18T15:52:09.561+0000] {subprocess.py:93} INFO - 	socket.connection.setup.timeout.ms = 10000
[2025-07-18T15:52:09.562+0000] {subprocess.py:93} INFO - 	ssl.cipher.suites = null
[2025-07-18T15:52:09.562+0000] {subprocess.py:93} INFO - 	ssl.enabled.protocols = [TLSv1.2, TLSv1.3]
[2025-07-18T15:52:09.562+0000] {subprocess.py:93} INFO - 	ssl.endpoint.identification.algorithm = https
[2025-07-18T15:52:09.562+0000] {subprocess.py:93} INFO - 	ssl.engine.factory.class = null
[2025-07-18T15:52:09.562+0000] {subprocess.py:93} INFO - 	ssl.key.password = null
[2025-07-18T15:52:09.562+0000] {subprocess.py:93} INFO - 	ssl.keymanager.algorithm = SunX509
[2025-07-18T15:52:09.563+0000] {subprocess.py:93} INFO - 	ssl.keystore.certificate.chain = null
[2025-07-18T15:52:09.563+0000] {subprocess.py:93} INFO - 	ssl.keystore.key = null
[2025-07-18T15:52:09.563+0000] {subprocess.py:93} INFO - 	ssl.keystore.location = null
[2025-07-18T15:52:09.563+0000] {subprocess.py:93} INFO - 	ssl.keystore.password = null
[2025-07-18T15:52:09.563+0000] {subprocess.py:93} INFO - 	ssl.keystore.type = JKS
[2025-07-18T15:52:09.563+0000] {subprocess.py:93} INFO - 	ssl.protocol = TLSv1.3
[2025-07-18T15:52:09.564+0000] {subprocess.py:93} INFO - 	ssl.provider = null
[2025-07-18T15:52:09.564+0000] {subprocess.py:93} INFO - 	ssl.secure.random.implementation = null
[2025-07-18T15:52:09.564+0000] {subprocess.py:93} INFO - 	ssl.trustmanager.algorithm = PKIX
[2025-07-18T15:52:09.564+0000] {subprocess.py:93} INFO - 	ssl.truststore.certificates = null
[2025-07-18T15:52:09.564+0000] {subprocess.py:93} INFO - 	ssl.truststore.location = null
[2025-07-18T15:52:09.564+0000] {subprocess.py:93} INFO - 	ssl.truststore.password = null
[2025-07-18T15:52:09.564+0000] {subprocess.py:93} INFO - 	ssl.truststore.type = JKS
[2025-07-18T15:52:09.565+0000] {subprocess.py:93} INFO - 
[2025-07-18T15:52:09.565+0000] {subprocess.py:93} INFO - 25/07/18 15:52:09 INFO AdminClientConfig: These configurations '[key.deserializer, value.deserializer, enable.auto.commit, max.poll.records, auto.offset.reset]' were supplied but are not used yet.
[2025-07-18T15:52:09.565+0000] {subprocess.py:93} INFO - 25/07/18 15:52:09 INFO AppInfoParser: Kafka version: 3.5.1
[2025-07-18T15:52:09.565+0000] {subprocess.py:93} INFO - 25/07/18 15:52:09 INFO AppInfoParser: Kafka commitId: 2c6fb6c54472e90a
[2025-07-18T15:52:09.565+0000] {subprocess.py:93} INFO - 25/07/18 15:52:09 INFO AppInfoParser: Kafka startTimeMs: 1752853929553
[2025-07-18T15:52:19.726+0000] {subprocess.py:93} INFO - 25/07/18 15:52:19 INFO MicroBatchExecution: Streaming query has been idle and waiting for new data more than 10000 ms.
[2025-07-18T15:52:19.727+0000] {subprocess.py:93} INFO - 25/07/18 15:52:19 INFO MicroBatchExecution: Streaming query has been idle and waiting for new data more than 10000 ms.
[2025-07-18T15:52:19.727+0000] {subprocess.py:93} INFO - 25/07/18 15:52:19 INFO MicroBatchExecution: Streaming query has been idle and waiting for new data more than 10000 ms.
[2025-07-18T15:52:29.728+0000] {subprocess.py:93} INFO - 25/07/18 15:52:29 INFO MicroBatchExecution: Streaming query has been idle and waiting for new data more than 10000 ms.
[2025-07-18T15:52:29.730+0000] {subprocess.py:93} INFO - 25/07/18 15:52:29 INFO MicroBatchExecution: Streaming query has been idle and waiting for new data more than 10000 ms.
[2025-07-18T15:52:29.731+0000] {subprocess.py:93} INFO - 25/07/18 15:52:29 INFO MicroBatchExecution: Streaming query has been idle and waiting for new data more than 10000 ms.
[2025-07-18T15:52:39.732+0000] {subprocess.py:93} INFO - 25/07/18 15:52:39 INFO MicroBatchExecution: Streaming query has been idle and waiting for new data more than 10000 ms.
[2025-07-18T15:52:39.734+0000] {subprocess.py:93} INFO - 25/07/18 15:52:39 INFO MicroBatchExecution: Streaming query has been idle and waiting for new data more than 10000 ms.
[2025-07-18T15:52:39.734+0000] {subprocess.py:93} INFO - 25/07/18 15:52:39 INFO MicroBatchExecution: Streaming query has been idle and waiting for new data more than 10000 ms.
[2025-07-18T15:52:49.744+0000] {subprocess.py:93} INFO - 25/07/18 15:52:49 INFO MicroBatchExecution: Streaming query has been idle and waiting for new data more than 10000 ms.
[2025-07-18T15:52:49.744+0000] {subprocess.py:93} INFO - 25/07/18 15:52:49 INFO MicroBatchExecution: Streaming query has been idle and waiting for new data more than 10000 ms.
[2025-07-18T15:52:49.745+0000] {subprocess.py:93} INFO - 25/07/18 15:52:49 INFO MicroBatchExecution: Streaming query has been idle and waiting for new data more than 10000 ms.
[2025-07-18T15:52:59.757+0000] {subprocess.py:93} INFO - 25/07/18 15:52:59 INFO MicroBatchExecution: Streaming query has been idle and waiting for new data more than 10000 ms.
[2025-07-18T15:52:59.758+0000] {subprocess.py:93} INFO - 25/07/18 15:52:59 INFO MicroBatchExecution: Streaming query has been idle and waiting for new data more than 10000 ms.
[2025-07-18T15:52:59.759+0000] {subprocess.py:93} INFO - 25/07/18 15:52:59 INFO MicroBatchExecution: Streaming query has been idle and waiting for new data more than 10000 ms.
[2025-07-18T15:53:09.757+0000] {subprocess.py:93} INFO - 25/07/18 15:53:09 INFO MicroBatchExecution: Streaming query has been idle and waiting for new data more than 10000 ms.
[2025-07-18T15:53:09.770+0000] {subprocess.py:93} INFO - 25/07/18 15:53:09 INFO MicroBatchExecution: Streaming query has been idle and waiting for new data more than 10000 ms.
[2025-07-18T15:53:09.770+0000] {subprocess.py:93} INFO - 25/07/18 15:53:09 INFO MicroBatchExecution: Streaming query has been idle and waiting for new data more than 10000 ms.
[2025-07-18T15:53:19.766+0000] {subprocess.py:93} INFO - 25/07/18 15:53:19 INFO MicroBatchExecution: Streaming query has been idle and waiting for new data more than 10000 ms.
[2025-07-18T15:53:19.778+0000] {subprocess.py:93} INFO - 25/07/18 15:53:19 INFO MicroBatchExecution: Streaming query has been idle and waiting for new data more than 10000 ms.
[2025-07-18T15:53:19.778+0000] {subprocess.py:93} INFO - 25/07/18 15:53:19 INFO MicroBatchExecution: Streaming query has been idle and waiting for new data more than 10000 ms.
[2025-07-18T15:53:29.776+0000] {subprocess.py:93} INFO - 25/07/18 15:53:29 INFO MicroBatchExecution: Streaming query has been idle and waiting for new data more than 10000 ms.
[2025-07-18T15:53:29.787+0000] {subprocess.py:93} INFO - 25/07/18 15:53:29 INFO MicroBatchExecution: Streaming query has been idle and waiting for new data more than 10000 ms.
[2025-07-18T15:53:29.792+0000] {subprocess.py:93} INFO - 25/07/18 15:53:29 INFO MicroBatchExecution: Streaming query has been idle and waiting for new data more than 10000 ms.
[2025-07-18T15:53:39.778+0000] {subprocess.py:93} INFO - 25/07/18 15:53:39 INFO MicroBatchExecution: Streaming query has been idle and waiting for new data more than 10000 ms.
[2025-07-18T15:53:39.791+0000] {subprocess.py:93} INFO - 25/07/18 15:53:39 INFO MicroBatchExecution: Streaming query has been idle and waiting for new data more than 10000 ms.
[2025-07-18T15:53:39.793+0000] {subprocess.py:93} INFO - 25/07/18 15:53:39 INFO MicroBatchExecution: Streaming query has been idle and waiting for new data more than 10000 ms.
[2025-07-18T15:53:49.786+0000] {subprocess.py:93} INFO - 25/07/18 15:53:49 INFO MicroBatchExecution: Streaming query has been idle and waiting for new data more than 10000 ms.
[2025-07-18T15:53:49.794+0000] {subprocess.py:93} INFO - 25/07/18 15:53:49 INFO MicroBatchExecution: Streaming query has been idle and waiting for new data more than 10000 ms.
[2025-07-18T15:53:49.794+0000] {subprocess.py:93} INFO - 25/07/18 15:53:49 INFO MicroBatchExecution: Streaming query has been idle and waiting for new data more than 10000 ms.
[2025-07-18T15:53:59.791+0000] {subprocess.py:93} INFO - 25/07/18 15:53:59 INFO MicroBatchExecution: Streaming query has been idle and waiting for new data more than 10000 ms.
[2025-07-18T15:53:59.801+0000] {subprocess.py:93} INFO - 25/07/18 15:53:59 INFO MicroBatchExecution: Streaming query has been idle and waiting for new data more than 10000 ms.
[2025-07-18T15:53:59.802+0000] {subprocess.py:93} INFO - 25/07/18 15:53:59 INFO MicroBatchExecution: Streaming query has been idle and waiting for new data more than 10000 ms.
[2025-07-18T15:54:02.604+0000] {subprocess.py:93} INFO - 25/07/18 15:54:02 INFO CheckpointFileManager: Writing atomically to file:/tmp/checkpoints/reservations/offsets/33 using temp file file:/tmp/checkpoints/reservations/offsets/.33.6e8e3213-d26e-4a63-b6fe-0913abf9f192.tmp
[2025-07-18T15:54:02.618+0000] {subprocess.py:93} INFO - 25/07/18 15:54:02 WARN CheckpointFileManager: Failed to rename temp file file:/tmp/checkpoints/reservations/offsets/.33.6e8e3213-d26e-4a63-b6fe-0913abf9f192.tmp to file:/tmp/checkpoints/reservations/offsets/33 because file exists
[2025-07-18T15:54:02.619+0000] {subprocess.py:93} INFO - org.apache.hadoop.fs.FileAlreadyExistsException: Rename destination file:/tmp/checkpoints/reservations/offsets/33 already exists.
[2025-07-18T15:54:02.619+0000] {subprocess.py:93} INFO - 	at org.apache.hadoop.fs.AbstractFileSystem.renameInternal(AbstractFileSystem.java:770)
[2025-07-18T15:54:02.620+0000] {subprocess.py:93} INFO - 	at org.apache.hadoop.fs.AbstractFileSystem.rename(AbstractFileSystem.java:720)
[2025-07-18T15:54:02.620+0000] {subprocess.py:93} INFO - 	at org.apache.hadoop.fs.ChecksumFs.renameInternal(ChecksumFs.java:489)
[2025-07-18T15:54:02.621+0000] {subprocess.py:93} INFO - 	at org.apache.hadoop.fs.AbstractFileSystem.rename(AbstractFileSystem.java:720)
[2025-07-18T15:54:02.621+0000] {subprocess.py:93} INFO - 	at org.apache.hadoop.fs.FileContext.rename(FileContext.java:1036)
[2025-07-18T15:54:02.622+0000] {subprocess.py:93} INFO - 	at org.apache.spark.sql.execution.streaming.FileContextBasedCheckpointFileManager.renameTempFile(CheckpointFileManager.scala:372)
[2025-07-18T15:54:02.622+0000] {subprocess.py:93} INFO - 	at org.apache.spark.sql.execution.streaming.CheckpointFileManager$RenameBasedFSDataOutputStream.close(CheckpointFileManager.scala:154)
[2025-07-18T15:54:02.622+0000] {subprocess.py:93} INFO - 	at org.apache.spark.sql.execution.streaming.HDFSMetadataLog.write(HDFSMetadataLog.scala:204)
[2025-07-18T15:54:02.622+0000] {subprocess.py:93} INFO - 	at org.apache.spark.sql.execution.streaming.HDFSMetadataLog.addNewBatchByStream(HDFSMetadataLog.scala:237)
[2025-07-18T15:54:02.622+0000] {subprocess.py:93} INFO - 	at org.apache.spark.sql.execution.streaming.HDFSMetadataLog.add(HDFSMetadataLog.scala:130)
[2025-07-18T15:54:02.623+0000] {subprocess.py:93} INFO - 	at org.apache.spark.sql.execution.streaming.MicroBatchExecution.markMicroBatchStart(MicroBatchExecution.scala:764)
[2025-07-18T15:54:02.623+0000] {subprocess.py:93} INFO - 	at org.apache.spark.sql.execution.streaming.MicroBatchExecution.$anonfun$constructNextBatch$13(MicroBatchExecution.scala:536)
[2025-07-18T15:54:02.623+0000] {subprocess.py:93} INFO - 	at scala.runtime.java8.JFunction0$mcV$sp.apply(JFunction0$mcV$sp.java:23)
[2025-07-18T15:54:02.623+0000] {subprocess.py:93} INFO - 	at org.apache.spark.sql.execution.streaming.ProgressReporter.reportTimeTaken(ProgressReporter.scala:427)
[2025-07-18T15:54:02.623+0000] {subprocess.py:93} INFO - 	at org.apache.spark.sql.execution.streaming.ProgressReporter.reportTimeTaken$(ProgressReporter.scala:425)
[2025-07-18T15:54:02.624+0000] {subprocess.py:93} INFO - 	at org.apache.spark.sql.execution.streaming.StreamExecution.reportTimeTaken(StreamExecution.scala:67)
[2025-07-18T15:54:02.624+0000] {subprocess.py:93} INFO - 	at org.apache.spark.sql.execution.streaming.MicroBatchExecution.$anonfun$constructNextBatch$1(MicroBatchExecution.scala:535)
[2025-07-18T15:54:02.624+0000] {subprocess.py:93} INFO - 	at scala.runtime.java8.JFunction0$mcZ$sp.apply(JFunction0$mcZ$sp.java:23)
[2025-07-18T15:54:02.624+0000] {subprocess.py:93} INFO - 	at org.apache.spark.sql.execution.streaming.MicroBatchExecution.withProgressLocked(MicroBatchExecution.scala:810)
[2025-07-18T15:54:02.624+0000] {subprocess.py:93} INFO - 	at org.apache.spark.sql.execution.streaming.MicroBatchExecution.constructNextBatch(MicroBatchExecution.scala:475)
[2025-07-18T15:54:02.624+0000] {subprocess.py:93} INFO - 	at org.apache.spark.sql.execution.streaming.MicroBatchExecution.$anonfun$runActivatedStream$2(MicroBatchExecution.scala:268)
[2025-07-18T15:54:02.624+0000] {subprocess.py:93} INFO - 	at scala.runtime.java8.JFunction0$mcV$sp.apply(JFunction0$mcV$sp.java:23)
[2025-07-18T15:54:02.625+0000] {subprocess.py:93} INFO - 	at org.apache.spark.sql.execution.streaming.ProgressReporter.reportTimeTaken(ProgressReporter.scala:427)
[2025-07-18T15:54:02.625+0000] {subprocess.py:93} INFO - 	at org.apache.spark.sql.execution.streaming.ProgressReporter.reportTimeTaken$(ProgressReporter.scala:425)
[2025-07-18T15:54:02.625+0000] {subprocess.py:93} INFO - 	at org.apache.spark.sql.execution.streaming.StreamExecution.reportTimeTaken(StreamExecution.scala:67)
[2025-07-18T15:54:02.625+0000] {subprocess.py:93} INFO - 	at org.apache.spark.sql.execution.streaming.MicroBatchExecution.$anonfun$runActivatedStream$1(MicroBatchExecution.scala:249)
[2025-07-18T15:54:02.625+0000] {subprocess.py:93} INFO - 	at org.apache.spark.sql.execution.streaming.ProcessingTimeExecutor.execute(TriggerExecutor.scala:67)
[2025-07-18T15:54:02.625+0000] {subprocess.py:93} INFO - 	at org.apache.spark.sql.execution.streaming.MicroBatchExecution.runActivatedStream(MicroBatchExecution.scala:239)
[2025-07-18T15:54:02.626+0000] {subprocess.py:93} INFO - 	at org.apache.spark.sql.execution.streaming.StreamExecution.$anonfun$runStream$1(StreamExecution.scala:311)
[2025-07-18T15:54:02.626+0000] {subprocess.py:93} INFO - 	at scala.runtime.java8.JFunction0$mcV$sp.apply(JFunction0$mcV$sp.java:23)
[2025-07-18T15:54:02.626+0000] {subprocess.py:93} INFO - 	at org.apache.spark.sql.SparkSession.withActive(SparkSession.scala:900)
[2025-07-18T15:54:02.626+0000] {subprocess.py:93} INFO - 	at org.apache.spark.sql.execution.streaming.StreamExecution.org$apache$spark$sql$execution$streaming$StreamExecution$$runStream(StreamExecution.scala:289)
[2025-07-18T15:54:02.626+0000] {subprocess.py:93} INFO - 	at org.apache.spark.sql.execution.streaming.StreamExecution$$anon$1.$anonfun$run$1(StreamExecution.scala:211)
[2025-07-18T15:54:02.626+0000] {subprocess.py:93} INFO - 	at scala.runtime.java8.JFunction0$mcV$sp.apply(JFunction0$mcV$sp.java:23)
[2025-07-18T15:54:02.626+0000] {subprocess.py:93} INFO - 	at org.apache.spark.JobArtifactSet$.withActiveJobArtifactState(JobArtifactSet.scala:94)
[2025-07-18T15:54:02.627+0000] {subprocess.py:93} INFO - 	at org.apache.spark.sql.execution.streaming.StreamExecution$$anon$1.run(StreamExecution.scala:211)
[2025-07-18T15:54:02.821+0000] {subprocess.py:93} INFO - 25/07/18 15:54:02 ERROR MicroBatchExecution: Query [id = 0314df7c-5598-4928-8d91-374ee67989d1, runId = d2b0b5c1-3b1b-4f20-acce-7805dc454c5a] terminated with error
[2025-07-18T15:54:02.821+0000] {subprocess.py:93} INFO - org.apache.spark.SparkConcurrentModificationException: Multiple streaming queries are concurrently using file:/tmp/checkpoints/reservations/offsets.
[2025-07-18T15:54:02.821+0000] {subprocess.py:93} INFO - 	at org.apache.spark.sql.errors.QueryExecutionErrors$.multiStreamingQueriesUsingPathConcurrentlyError(QueryExecutionErrors.scala:1858)
[2025-07-18T15:54:02.821+0000] {subprocess.py:93} INFO - 	at org.apache.spark.sql.execution.streaming.HDFSMetadataLog.write(HDFSMetadataLog.scala:210)
[2025-07-18T15:54:02.822+0000] {subprocess.py:93} INFO - 	at org.apache.spark.sql.execution.streaming.HDFSMetadataLog.addNewBatchByStream(HDFSMetadataLog.scala:237)
[2025-07-18T15:54:02.822+0000] {subprocess.py:93} INFO - 	at org.apache.spark.sql.execution.streaming.HDFSMetadataLog.add(HDFSMetadataLog.scala:130)
[2025-07-18T15:54:02.822+0000] {subprocess.py:93} INFO - 	at org.apache.spark.sql.execution.streaming.MicroBatchExecution.markMicroBatchStart(MicroBatchExecution.scala:764)
[2025-07-18T15:54:02.822+0000] {subprocess.py:93} INFO - 	at org.apache.spark.sql.execution.streaming.MicroBatchExecution.$anonfun$constructNextBatch$13(MicroBatchExecution.scala:536)
[2025-07-18T15:54:02.822+0000] {subprocess.py:93} INFO - 	at scala.runtime.java8.JFunction0$mcV$sp.apply(JFunction0$mcV$sp.java:23)
[2025-07-18T15:54:02.823+0000] {subprocess.py:93} INFO - 	at org.apache.spark.sql.execution.streaming.ProgressReporter.reportTimeTaken(ProgressReporter.scala:427)
[2025-07-18T15:54:02.823+0000] {subprocess.py:93} INFO - 	at org.apache.spark.sql.execution.streaming.ProgressReporter.reportTimeTaken$(ProgressReporter.scala:425)
[2025-07-18T15:54:02.824+0000] {subprocess.py:93} INFO - 	at org.apache.spark.sql.execution.streaming.StreamExecution.reportTimeTaken(StreamExecution.scala:67)
[2025-07-18T15:54:02.825+0000] {subprocess.py:93} INFO - 	at org.apache.spark.sql.execution.streaming.MicroBatchExecution.$anonfun$constructNextBatch$1(MicroBatchExecution.scala:535)
[2025-07-18T15:54:02.826+0000] {subprocess.py:93} INFO - 	at scala.runtime.java8.JFunction0$mcZ$sp.apply(JFunction0$mcZ$sp.java:23)
[2025-07-18T15:54:02.827+0000] {subprocess.py:93} INFO - 	at org.apache.spark.sql.execution.streaming.MicroBatchExecution.withProgressLocked(MicroBatchExecution.scala:810)
[2025-07-18T15:54:02.827+0000] {subprocess.py:93} INFO - 	at org.apache.spark.sql.execution.streaming.MicroBatchExecution.constructNextBatch(MicroBatchExecution.scala:475)
[2025-07-18T15:54:02.827+0000] {subprocess.py:93} INFO - 	at org.apache.spark.sql.execution.streaming.MicroBatchExecution.$anonfun$runActivatedStream$2(MicroBatchExecution.scala:268)
[2025-07-18T15:54:02.827+0000] {subprocess.py:93} INFO - 	at scala.runtime.java8.JFunction0$mcV$sp.apply(JFunction0$mcV$sp.java:23)
[2025-07-18T15:54:02.827+0000] {subprocess.py:93} INFO - 	at org.apache.spark.sql.execution.streaming.ProgressReporter.reportTimeTaken(ProgressReporter.scala:427)
[2025-07-18T15:54:02.827+0000] {subprocess.py:93} INFO - 	at org.apache.spark.sql.execution.streaming.ProgressReporter.reportTimeTaken$(ProgressReporter.scala:425)
[2025-07-18T15:54:02.828+0000] {subprocess.py:93} INFO - 	at org.apache.spark.sql.execution.streaming.StreamExecution.reportTimeTaken(StreamExecution.scala:67)
[2025-07-18T15:54:02.831+0000] {subprocess.py:93} INFO - 	at org.apache.spark.sql.execution.streaming.MicroBatchExecution.$anonfun$runActivatedStream$1(MicroBatchExecution.scala:249)
[2025-07-18T15:54:02.831+0000] {subprocess.py:93} INFO - 	at org.apache.spark.sql.execution.streaming.ProcessingTimeExecutor.execute(TriggerExecutor.scala:67)
[2025-07-18T15:54:02.832+0000] {subprocess.py:93} INFO - 	at org.apache.spark.sql.execution.streaming.MicroBatchExecution.runActivatedStream(MicroBatchExecution.scala:239)
[2025-07-18T15:54:02.833+0000] {subprocess.py:93} INFO - 	at org.apache.spark.sql.execution.streaming.StreamExecution.$anonfun$runStream$1(StreamExecution.scala:311)
[2025-07-18T15:54:02.834+0000] {subprocess.py:93} INFO - 	at scala.runtime.java8.JFunction0$mcV$sp.apply(JFunction0$mcV$sp.java:23)
[2025-07-18T15:54:02.834+0000] {subprocess.py:93} INFO - 	at org.apache.spark.sql.SparkSession.withActive(SparkSession.scala:900)
[2025-07-18T15:54:02.836+0000] {subprocess.py:93} INFO - 	at org.apache.spark.sql.execution.streaming.StreamExecution.org$apache$spark$sql$execution$streaming$StreamExecution$$runStream(StreamExecution.scala:289)
[2025-07-18T15:54:02.837+0000] {subprocess.py:93} INFO - 	at org.apache.spark.sql.execution.streaming.StreamExecution$$anon$1.$anonfun$run$1(StreamExecution.scala:211)
[2025-07-18T15:54:02.839+0000] {subprocess.py:93} INFO - 	at scala.runtime.java8.JFunction0$mcV$sp.apply(JFunction0$mcV$sp.java:23)
[2025-07-18T15:54:02.840+0000] {subprocess.py:93} INFO - 	at org.apache.spark.JobArtifactSet$.withActiveJobArtifactState(JobArtifactSet.scala:94)
[2025-07-18T15:54:02.841+0000] {subprocess.py:93} INFO - 	at org.apache.spark.sql.execution.streaming.StreamExecution$$anon$1.run(StreamExecution.scala:211)
[2025-07-18T15:54:02.842+0000] {subprocess.py:93} INFO - Caused by: org.apache.hadoop.fs.FileAlreadyExistsException: Rename destination file:/tmp/checkpoints/reservations/offsets/33 already exists.
[2025-07-18T15:54:02.843+0000] {subprocess.py:93} INFO - 	at org.apache.hadoop.fs.AbstractFileSystem.renameInternal(AbstractFileSystem.java:770)
[2025-07-18T15:54:02.844+0000] {subprocess.py:93} INFO - 	at org.apache.hadoop.fs.AbstractFileSystem.rename(AbstractFileSystem.java:720)
[2025-07-18T15:54:02.844+0000] {subprocess.py:93} INFO - 	at org.apache.hadoop.fs.ChecksumFs.renameInternal(ChecksumFs.java:489)
[2025-07-18T15:54:02.844+0000] {subprocess.py:93} INFO - 	at org.apache.hadoop.fs.AbstractFileSystem.rename(AbstractFileSystem.java:720)
[2025-07-18T15:54:02.844+0000] {subprocess.py:93} INFO - 	at org.apache.hadoop.fs.FileContext.rename(FileContext.java:1036)
[2025-07-18T15:54:02.845+0000] {subprocess.py:93} INFO - 	at org.apache.spark.sql.execution.streaming.FileContextBasedCheckpointFileManager.renameTempFile(CheckpointFileManager.scala:372)
[2025-07-18T15:54:02.845+0000] {subprocess.py:93} INFO - 	at org.apache.spark.sql.execution.streaming.CheckpointFileManager$RenameBasedFSDataOutputStream.close(CheckpointFileManager.scala:154)
[2025-07-18T15:54:02.846+0000] {subprocess.py:93} INFO - 	at org.apache.spark.sql.execution.streaming.HDFSMetadataLog.write(HDFSMetadataLog.scala:204)
[2025-07-18T15:54:02.846+0000] {subprocess.py:93} INFO - 	... 28 more
[2025-07-18T15:54:02.846+0000] {subprocess.py:93} INFO - 25/07/18 15:54:02 INFO AppInfoParser: App info kafka.admin.client for adminclient-1 unregistered
[2025-07-18T15:54:02.847+0000] {subprocess.py:93} INFO - 25/07/18 15:54:02 INFO Metrics: Metrics scheduler closed
[2025-07-18T15:54:02.847+0000] {subprocess.py:93} INFO - 25/07/18 15:54:02 INFO Metrics: Closing reporter org.apache.kafka.common.metrics.JmxReporter
[2025-07-18T15:54:02.847+0000] {subprocess.py:93} INFO - 25/07/18 15:54:02 INFO Metrics: Metrics reporters closed
[2025-07-18T15:54:02.848+0000] {subprocess.py:93} INFO - 25/07/18 15:54:02 INFO MicroBatchExecution: Async log purge executor pool for query [id = 0314df7c-5598-4928-8d91-374ee67989d1, runId = d2b0b5c1-3b1b-4f20-acce-7805dc454c5a] has been shutdown
[2025-07-18T15:54:02.895+0000] {subprocess.py:93} INFO - Traceback (most recent call last):
[2025-07-18T15:54:02.896+0000] {subprocess.py:93} INFO -   File "/home/iceberg/spark/stream_to_bronze.py", line 94, in <module>
[2025-07-18T15:54:02.896+0000] {subprocess.py:93} INFO -     spark.streams.awaitAnyTermination()
[2025-07-18T15:54:02.897+0000] {subprocess.py:93} INFO -   File "/opt/bitnami/spark/python/lib/pyspark.zip/pyspark/sql/streaming/query.py", line 596, in awaitAnyTermination
[2025-07-18T15:54:02.897+0000] {subprocess.py:93} INFO -   File "/opt/bitnami/spark/python/lib/py4j-0.10.9.7-src.zip/py4j/java_gateway.py", line 1322, in __call__
[2025-07-18T15:54:02.897+0000] {subprocess.py:93} INFO -   File "/opt/bitnami/spark/python/lib/pyspark.zip/pyspark/errors/exceptions/captured.py", line 185, in deco
[2025-07-18T15:54:02.905+0000] {subprocess.py:93} INFO - pyspark.errors.exceptions.captured.StreamingQueryException: [STREAM_FAILED] Query [id = 0314df7c-5598-4928-8d91-374ee67989d1, runId = d2b0b5c1-3b1b-4f20-acce-7805dc454c5a] terminated with exception: Multiple streaming queries are concurrently using file:/tmp/checkpoints/reservations/offsets.
[2025-07-18T15:54:02.959+0000] {subprocess.py:93} INFO - 25/07/18 15:54:02 INFO SparkContext: Invoking stop() from shutdown hook
[2025-07-18T15:54:02.960+0000] {subprocess.py:93} INFO - 25/07/18 15:54:02 INFO SparkContext: SparkContext is stopping with exitCode 0.
[2025-07-18T15:54:02.973+0000] {subprocess.py:93} INFO - 25/07/18 15:54:02 INFO SparkUI: Stopped Spark web UI at http://77cb57a6bd53:4041
[2025-07-18T15:54:02.984+0000] {subprocess.py:93} INFO - 25/07/18 15:54:02 INFO MapOutputTrackerMasterEndpoint: MapOutputTrackerMasterEndpoint stopped!
[2025-07-18T15:54:02.992+0000] {subprocess.py:93} INFO - 25/07/18 15:54:02 INFO MemoryStore: MemoryStore cleared
[2025-07-18T15:54:02.994+0000] {subprocess.py:93} INFO - 25/07/18 15:54:02 INFO BlockManager: BlockManager stopped
[2025-07-18T15:54:02.999+0000] {subprocess.py:93} INFO - 25/07/18 15:54:02 INFO BlockManagerMaster: BlockManagerMaster stopped
[2025-07-18T15:54:03.002+0000] {subprocess.py:93} INFO - 25/07/18 15:54:03 INFO OutputCommitCoordinator$OutputCommitCoordinatorEndpoint: OutputCommitCoordinator stopped!
[2025-07-18T15:54:03.010+0000] {subprocess.py:93} INFO - 25/07/18 15:54:03 INFO SparkContext: Successfully stopped SparkContext
[2025-07-18T15:54:03.010+0000] {subprocess.py:93} INFO - 25/07/18 15:54:03 INFO ShutdownHookManager: Shutdown hook called
[2025-07-18T15:54:03.011+0000] {subprocess.py:93} INFO - 25/07/18 15:54:03 INFO ShutdownHookManager: Deleting directory /tmp/spark-cb5d200e-3b93-4a92-acb5-06daaf3f9897
[2025-07-18T15:54:03.012+0000] {subprocess.py:93} INFO - 25/07/18 15:54:03 INFO ShutdownHookManager: Deleting directory /tmp/spark-8fcee560-ac86-4d6b-a421-460cc10ba500
[2025-07-18T15:54:03.014+0000] {subprocess.py:93} INFO - 25/07/18 15:54:03 INFO ShutdownHookManager: Deleting directory /tmp/spark-cb5d200e-3b93-4a92-acb5-06daaf3f9897/pyspark-88df0659-2b96-43a4-8dfb-21059347f0e1
[2025-07-18T15:54:03.018+0000] {subprocess.py:93} INFO - 25/07/18 15:54:03 INFO MetricsSystemImpl: Stopping s3a-file-system metrics system...
[2025-07-18T15:54:03.019+0000] {subprocess.py:93} INFO - 25/07/18 15:54:03 INFO MetricsSystemImpl: s3a-file-system metrics system stopped.
[2025-07-18T15:54:03.019+0000] {subprocess.py:93} INFO - 25/07/18 15:54:03 INFO MetricsSystemImpl: s3a-file-system metrics system shutdown complete.
[2025-07-18T15:54:03.414+0000] {subprocess.py:97} INFO - Command exited with return code 1
[2025-07-18T15:54:03.429+0000] {taskinstance.py:1937} ERROR - Task failed with exception
Traceback (most recent call last):
  File "/home/airflow/.local/lib/python3.8/site-packages/airflow/operators/bash.py", line 210, in execute
    raise AirflowException(
airflow.exceptions.AirflowException: Bash command failed. The command returned a non-zero exit code 1.
[2025-07-18T15:54:03.432+0000] {taskinstance.py:1400} INFO - Marking task as FAILED. dag_id=restaurant_pipeline, task_id=stream_to_bronze, execution_date=20250718T155000, start_date=20250718T155204, end_date=20250718T155403
[2025-07-18T15:54:03.442+0000] {standard_task_runner.py:104} ERROR - Failed to execute job 141 for task stream_to_bronze (Bash command failed. The command returned a non-zero exit code 1.; 802)
[2025-07-18T15:54:03.448+0000] {local_task_job_runner.py:228} INFO - Task exited with return code 1
[2025-07-18T15:54:03.479+0000] {taskinstance.py:2778} INFO - 0 downstream tasks scheduled from follow-on schedule check
