[2025-07-18T17:33:10.833+0000] {taskinstance.py:1159} INFO - Dependencies all met for dep_context=non-requeueable deps ti=<TaskInstance: restaurant_pipeline.send_to_kafka scheduled__2025-07-18T17:30:00+00:00 [queued]>
[2025-07-18T17:33:10.836+0000] {taskinstance.py:1159} INFO - Dependencies all met for dep_context=requeueable deps ti=<TaskInstance: restaurant_pipeline.send_to_kafka scheduled__2025-07-18T17:30:00+00:00 [queued]>
[2025-07-18T17:33:10.837+0000] {taskinstance.py:1361} INFO - Starting attempt 1 of 1
[2025-07-18T17:33:10.842+0000] {taskinstance.py:1382} INFO - Executing <Task(BashOperator): send_to_kafka> on 2025-07-18 17:30:00+00:00
[2025-07-18T17:33:10.844+0000] {standard_task_runner.py:57} INFO - Started process 2506 to run task
[2025-07-18T17:33:10.846+0000] {standard_task_runner.py:84} INFO - Running: ['***', 'tasks', 'run', 'restaurant_pipeline', 'send_to_kafka', 'scheduled__2025-07-18T17:30:00+00:00', '--job-id', '293', '--raw', '--subdir', 'DAGS_FOLDER/restaurant_pipeline.py', '--cfg-path', '/tmp/tmpaoja9dmt']
[2025-07-18T17:33:10.847+0000] {standard_task_runner.py:85} INFO - Job 293: Subtask send_to_kafka
[2025-07-18T17:33:10.870+0000] {task_command.py:416} INFO - Running <TaskInstance: restaurant_pipeline.send_to_kafka scheduled__2025-07-18T17:30:00+00:00 [running]> on host 9bcfb43e0ab7
[2025-07-18T17:33:10.905+0000] {taskinstance.py:1662} INFO - Exporting env vars: AIRFLOW_CTX_DAG_OWNER='moran' AIRFLOW_CTX_DAG_ID='restaurant_pipeline' AIRFLOW_CTX_TASK_ID='send_to_kafka' AIRFLOW_CTX_EXECUTION_DATE='2025-07-18T17:30:00+00:00' AIRFLOW_CTX_TRY_NUMBER='1' AIRFLOW_CTX_DAG_RUN_ID='scheduled__2025-07-18T17:30:00+00:00'
[2025-07-18T17:33:10.906+0000] {subprocess.py:63} INFO - Tmp dir root location: /tmp
[2025-07-18T17:33:10.906+0000] {subprocess.py:75} INFO - Running command: ['/bin/bash', '-c', 'python /opt/streaming/producer.py']
[2025-07-18T17:33:10.910+0000] {subprocess.py:86} INFO - Output:
[2025-07-18T17:33:13.136+0000] {subprocess.py:93} INFO - [✓] Sent to reservations: {'reservation_id': 5845, 'branch_id': 102, 'customer_name': 'Gregory Merritt', 'phone_number': '+1-477-312-6313x4791', 'reservation_date': '2025-07-18', 'reservation_time': '18:20', 'guests_count': 4, 'is_confirmed': True}
[2025-07-18T17:33:13.138+0000] {subprocess.py:93} INFO - [✓] Sent to reservations: {'reservation_id': 5350, 'branch_id': 101, 'customer_name': 'Teresa Watson', 'phone_number': '+1-796-521-6883x4891', 'reservation_date': '2025-07-18', 'reservation_time': '17:56', 'guests_count': 4, 'is_confirmed': True}
[2025-07-18T17:33:13.138+0000] {subprocess.py:93} INFO - [✓] Sent to reservations: {'reservation_id': 4322, 'branch_id': 102, 'customer_name': 'Mark Young Jr.', 'phone_number': '001-536-567-4631x060', 'reservation_date': '2025-07-18', 'reservation_time': '18:38', 'guests_count': 7, 'is_confirmed': True}
[2025-07-18T17:33:13.139+0000] {subprocess.py:93} INFO - [✓] Sent to checkins: {'checkin_id': 8366, 'customer_name': 'Mr. Gary Riggs', 'phone_number': '(896)907-4463', 'branch_id': 101, 'table_id': 207, 'is_prebooked': True, 'checkin_date': '2025-07-18', 'checkin_time': '15:38', 'guests_count': 6, 'shift_manager': 'Michael Bauer'}
[2025-07-18T17:33:13.141+0000] {subprocess.py:93} INFO - [✓] Sent to checkins: {'checkin_id': 3860, 'customer_name': 'Meagan Cox', 'phone_number': '001-949-646-5631x056', 'branch_id': 102, 'table_id': 209, 'is_prebooked': True, 'checkin_date': '2025-07-18', 'checkin_time': '17:31', 'guests_count': 3, 'shift_manager': 'Mario Carpenter'}
[2025-07-18T17:33:13.142+0000] {subprocess.py:93} INFO - [✓] Sent to checkins: {'checkin_id': 2033, 'customer_name': 'Jonathan Hancock', 'phone_number': '6245975432', 'branch_id': 102, 'table_id': 203, 'is_prebooked': True, 'checkin_date': '2025-07-18', 'checkin_time': '17:30', 'guests_count': 4, 'shift_manager': 'Kendra Reed'}
[2025-07-18T17:33:13.142+0000] {subprocess.py:93} INFO - [✓] Sent to feedback: {'feedback_id': 5297, 'branch_id': 102, 'customer_name': 'Richard Wright', 'phone_number': '905-859-5531', 'feedback_text': 'Education for seat he hear nothing plan.', 'rating': 2, 'dining_date': '2025-07-18', 'dining_time': '16:17', 'submission_time': '2025-07-18T17:33:09'}
[2025-07-18T17:33:13.142+0000] {subprocess.py:93} INFO - [✓] Sent to feedback: {'feedback_id': 9490, 'branch_id': 101, 'customer_name': 'Jennifer Juarez', 'phone_number': '664.343.2963', 'feedback_text': 'Television Mrs record include.', 'rating': 2, 'dining_date': '2025-07-18', 'dining_time': '17:14', 'submission_time': '2025-07-18T17:33:09'}
[2025-07-18T17:33:13.143+0000] {subprocess.py:93} INFO - [✓] Sent to feedback: {'feedback_id': 3298, 'branch_id': 102, 'customer_name': 'David Williams', 'phone_number': '+1-399-959-2007x221', 'feedback_text': 'Research their throughout economic join century hospital.', 'rating': 3, 'dining_date': '2025-07-18', 'dining_time': '16:02', 'submission_time': '2025-07-18T17:33:09'}
[2025-07-18T17:33:13.143+0000] {subprocess.py:93} INFO - ✅ All messages sent.
[2025-07-18T17:33:13.177+0000] {subprocess.py:97} INFO - Command exited with return code 0
[2025-07-18T17:33:13.202+0000] {taskinstance.py:1400} INFO - Marking task as SUCCESS. dag_id=restaurant_pipeline, task_id=send_to_kafka, execution_date=20250718T173000, start_date=20250718T173310, end_date=20250718T173313
[2025-07-18T17:33:13.227+0000] {local_task_job_runner.py:228} INFO - Task exited with return code 0
[2025-07-18T17:33:13.270+0000] {taskinstance.py:2778} INFO - 1 downstream tasks scheduled from follow-on schedule check
