[2025-07-18T19:52:01.636+0000] {taskinstance.py:1159} INFO - Dependencies all met for dep_context=non-requeueable deps ti=<TaskInstance: restaurant_pipeline.send_to_kafka scheduled__2025-07-18T19:50:00+00:00 [queued]>
[2025-07-18T19:52:01.640+0000] {taskinstance.py:1159} INFO - Dependencies all met for dep_context=requeueable deps ti=<TaskInstance: restaurant_pipeline.send_to_kafka scheduled__2025-07-18T19:50:00+00:00 [queued]>
[2025-07-18T19:52:01.640+0000] {taskinstance.py:1361} INFO - Starting attempt 1 of 1
[2025-07-18T19:52:01.646+0000] {taskinstance.py:1382} INFO - Executing <Task(BashOperator): send_to_kafka> on 2025-07-18 19:50:00+00:00
[2025-07-18T19:52:01.648+0000] {standard_task_runner.py:57} INFO - Started process 5516 to run task
[2025-07-18T19:52:01.650+0000] {standard_task_runner.py:84} INFO - Running: ['***', 'tasks', 'run', 'restaurant_pipeline', 'send_to_kafka', 'scheduled__2025-07-18T19:50:00+00:00', '--job-id', '569', '--raw', '--subdir', 'DAGS_FOLDER/restaurant_pipeline.py', '--cfg-path', '/tmp/tmpgs1cabts']
[2025-07-18T19:52:01.651+0000] {standard_task_runner.py:85} INFO - Job 569: Subtask send_to_kafka
[2025-07-18T19:52:01.675+0000] {task_command.py:416} INFO - Running <TaskInstance: restaurant_pipeline.send_to_kafka scheduled__2025-07-18T19:50:00+00:00 [running]> on host 9bcfb43e0ab7
[2025-07-18T19:52:01.722+0000] {taskinstance.py:1662} INFO - Exporting env vars: AIRFLOW_CTX_DAG_OWNER='moran' AIRFLOW_CTX_DAG_ID='restaurant_pipeline' AIRFLOW_CTX_TASK_ID='send_to_kafka' AIRFLOW_CTX_EXECUTION_DATE='2025-07-18T19:50:00+00:00' AIRFLOW_CTX_TRY_NUMBER='1' AIRFLOW_CTX_DAG_RUN_ID='scheduled__2025-07-18T19:50:00+00:00'
[2025-07-18T19:52:01.723+0000] {subprocess.py:63} INFO - Tmp dir root location: /tmp
[2025-07-18T19:52:01.723+0000] {subprocess.py:75} INFO - Running command: ['/bin/bash', '-c', 'python /opt/streaming/producer.py']
[2025-07-18T19:52:01.728+0000] {subprocess.py:86} INFO - Output:
[2025-07-18T19:52:03.990+0000] {subprocess.py:93} INFO - [✓] Sent to reservations: {'reservation_id': 1019, 'branch_id': 101, 'customer_name': 'Brian Greene', 'phone_number': '2462133359', 'reservation_date': '2025-07-18', 'reservation_time': '21:45', 'guests_count': 3, 'is_confirmed': False}
[2025-07-18T19:52:03.994+0000] {subprocess.py:93} INFO - [✓] Sent to reservations: {'reservation_id': 9229, 'branch_id': 101, 'customer_name': 'Jonathan Ingram', 'phone_number': '001-202-646-4770x26600', 'reservation_date': '2025-07-18', 'reservation_time': '20:33', 'guests_count': 5, 'is_confirmed': True}
[2025-07-18T19:52:03.994+0000] {subprocess.py:93} INFO - [✓] Sent to reservations: {'reservation_id': 5366, 'branch_id': 101, 'customer_name': 'Cheryl Bailey', 'phone_number': '+1-900-287-8474x0142', 'reservation_date': '2025-07-18', 'reservation_time': '21:41', 'guests_count': 8, 'is_confirmed': True}
[2025-07-18T19:52:03.996+0000] {subprocess.py:93} INFO - [✓] Sent to checkins: {'checkin_id': 5379, 'customer_name': 'Sandra Rogers', 'phone_number': '+1-270-342-9448x946', 'branch_id': 101, 'table_id': 200, 'is_prebooked': False, 'checkin_date': '2025-07-18', 'checkin_time': '19:18', 'guests_count': 2, 'shift_manager': 'Joseph Robbins'}
[2025-07-18T19:52:03.996+0000] {subprocess.py:93} INFO - [✓] Sent to checkins: {'checkin_id': 2382, 'customer_name': 'Stephanie Rodriguez', 'phone_number': '(655)916-6248', 'branch_id': 102, 'table_id': 208, 'is_prebooked': True, 'checkin_date': '2025-07-18', 'checkin_time': '18:20', 'guests_count': 1, 'shift_manager': 'Jill Griffin'}
[2025-07-18T19:52:03.996+0000] {subprocess.py:93} INFO - [✓] Sent to checkins: {'checkin_id': 5534, 'customer_name': 'Luis Shaw', 'phone_number': '9612166652', 'branch_id': 102, 'table_id': 209, 'is_prebooked': False, 'checkin_date': '2025-07-18', 'checkin_time': '18:21', 'guests_count': 3, 'shift_manager': 'Raymond Williams'}
[2025-07-18T19:52:03.997+0000] {subprocess.py:93} INFO - [✓] Sent to feedback: {'feedback_id': 1747, 'branch_id': 102, 'customer_name': 'Brenda Garrison', 'phone_number': '2208455209', 'feedback_text': 'Scene life better personal.', 'rating': 2, 'dining_date': '2025-07-18', 'dining_time': '18:23', 'submission_time': '2025-07-18T19:52:00'}
[2025-07-18T19:52:03.997+0000] {subprocess.py:93} INFO - [✓] Sent to feedback: {'feedback_id': 6471, 'branch_id': 101, 'customer_name': 'Stacy Velasquez', 'phone_number': '9963713758', 'feedback_text': 'Democratic should trouble rock.', 'rating': 3, 'dining_date': '2025-07-18', 'dining_time': '19:25', 'submission_time': '2025-07-18T19:52:00'}
[2025-07-18T19:52:03.997+0000] {subprocess.py:93} INFO - [✓] Sent to feedback: {'feedback_id': 2926, 'branch_id': 101, 'customer_name': 'Christopher Mercer', 'phone_number': '(380)437-9719x02553', 'feedback_text': 'Read pull doctor space hand trip.', 'rating': 5, 'dining_date': '2025-07-18', 'dining_time': '18:53', 'submission_time': '2025-07-18T19:52:00'}
[2025-07-18T19:52:03.997+0000] {subprocess.py:93} INFO - ✅ All messages sent.
[2025-07-18T19:52:04.025+0000] {subprocess.py:97} INFO - Command exited with return code 0
[2025-07-18T19:52:04.043+0000] {taskinstance.py:1400} INFO - Marking task as SUCCESS. dag_id=restaurant_pipeline, task_id=send_to_kafka, execution_date=20250718T195000, start_date=20250718T195201, end_date=20250718T195204
[2025-07-18T19:52:04.064+0000] {local_task_job_runner.py:228} INFO - Task exited with return code 0
[2025-07-18T19:52:04.110+0000] {taskinstance.py:2778} INFO - 1 downstream tasks scheduled from follow-on schedule check
