[2025-07-19T18:28:02.128+0000] {taskinstance.py:1159} INFO - Dependencies all met for dep_context=non-requeueable deps ti=<TaskInstance: restaurant_pipeline.send_to_kafka scheduled__2025-07-19T18:26:00+00:00 [queued]>
[2025-07-19T18:28:02.158+0000] {taskinstance.py:1159} INFO - Dependencies all met for dep_context=requeueable deps ti=<TaskInstance: restaurant_pipeline.send_to_kafka scheduled__2025-07-19T18:26:00+00:00 [queued]>
[2025-07-19T18:28:02.159+0000] {taskinstance.py:1361} INFO - Starting attempt 1 of 1
[2025-07-19T18:28:02.176+0000] {taskinstance.py:1382} INFO - Executing <Task(BashOperator): send_to_kafka> on 2025-07-19 18:26:00+00:00
[2025-07-19T18:28:02.181+0000] {standard_task_runner.py:57} INFO - Started process 911 to run task
[2025-07-19T18:28:02.184+0000] {standard_task_runner.py:84} INFO - Running: ['***', 'tasks', 'run', 'restaurant_pipeline', 'send_to_kafka', 'scheduled__2025-07-19T18:26:00+00:00', '--job-id', '988', '--raw', '--subdir', 'DAGS_FOLDER/restaurant_pipeline.py', '--cfg-path', '/tmp/tmprj3so5hk']
[2025-07-19T18:28:02.186+0000] {standard_task_runner.py:85} INFO - Job 988: Subtask send_to_kafka
[2025-07-19T18:28:02.212+0000] {task_command.py:416} INFO - Running <TaskInstance: restaurant_pipeline.send_to_kafka scheduled__2025-07-19T18:26:00+00:00 [running]> on host e3f5d8fc4eef
[2025-07-19T18:28:02.256+0000] {taskinstance.py:1662} INFO - Exporting env vars: AIRFLOW_CTX_DAG_OWNER='moran' AIRFLOW_CTX_DAG_ID='restaurant_pipeline' AIRFLOW_CTX_TASK_ID='send_to_kafka' AIRFLOW_CTX_EXECUTION_DATE='2025-07-19T18:26:00+00:00' AIRFLOW_CTX_TRY_NUMBER='1' AIRFLOW_CTX_DAG_RUN_ID='scheduled__2025-07-19T18:26:00+00:00'
[2025-07-19T18:28:02.257+0000] {subprocess.py:63} INFO - Tmp dir root location: /tmp
[2025-07-19T18:28:02.257+0000] {subprocess.py:75} INFO - Running command: ['/bin/bash', '-c', 'python /opt/streaming/producer.py']
[2025-07-19T18:28:02.261+0000] {subprocess.py:86} INFO - Output:
[2025-07-19T18:28:04.498+0000] {subprocess.py:93} INFO - [✓] Sent to reservations: {'reservation_id': 2518, 'branch_id': 102, 'customer_name': 'Dr. Christie Thomas DDS', 'phone_number': '001-387-506-0947', 'reservation_date': '2025-07-19', 'reservation_time': '20:19', 'guests_count': 4, 'is_confirmed': False}
[2025-07-19T18:28:04.505+0000] {subprocess.py:93} INFO - [✓] Sent to reservations: {'reservation_id': 5533, 'branch_id': 101, 'customer_name': 'Melissa Weber', 'phone_number': '481-454-9364x90719', 'reservation_date': '2025-07-19', 'reservation_time': '19:26', 'guests_count': 7, 'is_confirmed': False}
[2025-07-19T18:28:04.506+0000] {subprocess.py:93} INFO - [✓] Sent to reservations: {'reservation_id': 8118, 'branch_id': 102, 'customer_name': 'Glen Mosley', 'phone_number': '(572)659-5172x5925', 'reservation_date': '2025-07-19', 'reservation_time': '19:09', 'guests_count': 6, 'is_confirmed': False}
[2025-07-19T18:28:04.507+0000] {subprocess.py:93} INFO - [✓] Sent to checkins: {'checkin_id': 4224, 'customer_name': 'David Francis', 'phone_number': '378.540.1823', 'branch_id': 102, 'table_id': 204, 'is_prebooked': True, 'checkin_date': '2025-07-19', 'checkin_time': '16:33', 'guests_count': 1, 'shift_manager': 'Jason Boyd'}
[2025-07-19T18:28:04.508+0000] {subprocess.py:93} INFO - [✓] Sent to checkins: {'checkin_id': 7544, 'customer_name': 'Dawn Clark', 'phone_number': '5868220003', 'branch_id': 101, 'table_id': 206, 'is_prebooked': True, 'checkin_date': '2025-07-19', 'checkin_time': '16:55', 'guests_count': 1, 'shift_manager': 'Dr. Christopher Powers DDS'}
[2025-07-19T18:28:04.509+0000] {subprocess.py:93} INFO - [✓] Sent to checkins: {'checkin_id': 7038, 'customer_name': 'Rebecca Gray', 'phone_number': '282.973.0987', 'branch_id': 102, 'table_id': 204, 'is_prebooked': False, 'checkin_date': '2025-07-19', 'checkin_time': '17:28', 'guests_count': 1, 'shift_manager': 'John Taylor'}
[2025-07-19T18:28:04.509+0000] {subprocess.py:93} INFO - [✓] Sent to feedback: {'feedback_id': 8505, 'branch_id': 102, 'customer_name': 'Cindy Sims', 'phone_number': '(782)443-2534x15325', 'feedback_text': 'Third cut suggest special name until whole.', 'rating': 5, 'dining_date': '2025-07-19', 'dining_time': '17:53', 'submission_time': '2025-07-19T18:28:01'}
[2025-07-19T18:28:04.512+0000] {subprocess.py:93} INFO - [✓] Sent to feedback: {'feedback_id': 2192, 'branch_id': 102, 'customer_name': 'Rebecca Chavez', 'phone_number': '740-505-2109x81439', 'feedback_text': 'Say daughter itself important some.', 'rating': 2, 'dining_date': '2025-07-19', 'dining_time': '17:29', 'submission_time': '2025-07-19T18:28:01'}
[2025-07-19T18:28:04.512+0000] {subprocess.py:93} INFO - [✓] Sent to feedback: {'feedback_id': 2501, 'branch_id': 101, 'customer_name': 'Jason Gill DVM', 'phone_number': '(328)461-8575x35381', 'feedback_text': 'Everything choose point system brother.', 'rating': 3, 'dining_date': '2025-07-19', 'dining_time': '17:31', 'submission_time': '2025-07-19T18:28:01'}
[2025-07-19T18:28:04.513+0000] {subprocess.py:93} INFO - ✅ All messages sent.
[2025-07-19T18:28:04.557+0000] {subprocess.py:97} INFO - Command exited with return code 0
[2025-07-19T18:28:04.575+0000] {taskinstance.py:1400} INFO - Marking task as SUCCESS. dag_id=restaurant_pipeline, task_id=send_to_kafka, execution_date=20250719T182600, start_date=20250719T182802, end_date=20250719T182804
[2025-07-19T18:28:04.613+0000] {local_task_job_runner.py:228} INFO - Task exited with return code 0
[2025-07-19T18:28:04.645+0000] {taskinstance.py:2778} INFO - 1 downstream tasks scheduled from follow-on schedule check
