[2025-07-18T18:17:01.108+0000] {taskinstance.py:1159} INFO - Dependencies all met for dep_context=non-requeueable deps ti=<TaskInstance: restaurant_pipeline.send_to_kafka scheduled__2025-07-18T18:14:00+00:00 [queued]>
[2025-07-18T18:17:01.112+0000] {taskinstance.py:1159} INFO - Dependencies all met for dep_context=requeueable deps ti=<TaskInstance: restaurant_pipeline.send_to_kafka scheduled__2025-07-18T18:14:00+00:00 [queued]>
[2025-07-18T18:17:01.112+0000] {taskinstance.py:1361} INFO - Starting attempt 1 of 1
[2025-07-18T18:17:01.118+0000] {taskinstance.py:1382} INFO - Executing <Task(BashOperator): send_to_kafka> on 2025-07-18 18:14:00+00:00
[2025-07-18T18:17:01.120+0000] {standard_task_runner.py:57} INFO - Started process 3053 to run task
[2025-07-18T18:17:01.122+0000] {standard_task_runner.py:84} INFO - Running: ['***', 'tasks', 'run', 'restaurant_pipeline', 'send_to_kafka', 'scheduled__2025-07-18T18:14:00+00:00', '--job-id', '345', '--raw', '--subdir', 'DAGS_FOLDER/restaurant_pipeline.py', '--cfg-path', '/tmp/tmprrw6c_qk']
[2025-07-18T18:17:01.124+0000] {standard_task_runner.py:85} INFO - Job 345: Subtask send_to_kafka
[2025-07-18T18:17:01.148+0000] {task_command.py:416} INFO - Running <TaskInstance: restaurant_pipeline.send_to_kafka scheduled__2025-07-18T18:14:00+00:00 [running]> on host 9bcfb43e0ab7
[2025-07-18T18:17:01.184+0000] {taskinstance.py:1662} INFO - Exporting env vars: AIRFLOW_CTX_DAG_OWNER='moran' AIRFLOW_CTX_DAG_ID='restaurant_pipeline' AIRFLOW_CTX_TASK_ID='send_to_kafka' AIRFLOW_CTX_EXECUTION_DATE='2025-07-18T18:14:00+00:00' AIRFLOW_CTX_TRY_NUMBER='1' AIRFLOW_CTX_DAG_RUN_ID='scheduled__2025-07-18T18:14:00+00:00'
[2025-07-18T18:17:01.184+0000] {subprocess.py:63} INFO - Tmp dir root location: /tmp
[2025-07-18T18:17:01.185+0000] {subprocess.py:75} INFO - Running command: ['/bin/bash', '-c', 'python /opt/streaming/producer.py']
[2025-07-18T18:17:01.189+0000] {subprocess.py:86} INFO - Output:
[2025-07-18T18:17:03.413+0000] {subprocess.py:93} INFO - [✓] Sent to reservations: {'reservation_id': 9676, 'branch_id': 101, 'customer_name': 'Richard Mitchell', 'phone_number': '(542)739-3807x37561', 'reservation_date': '2025-07-18', 'reservation_time': '19:59', 'guests_count': 6, 'is_confirmed': True}
[2025-07-18T18:17:03.416+0000] {subprocess.py:93} INFO - [✓] Sent to reservations: {'reservation_id': 8937, 'branch_id': 101, 'customer_name': 'Laura Morgan', 'phone_number': '(932)971-4645', 'reservation_date': '2025-07-18', 'reservation_time': '20:11', 'guests_count': 8, 'is_confirmed': True}
[2025-07-18T18:17:03.419+0000] {subprocess.py:93} INFO - [✓] Sent to reservations: {'reservation_id': 3485, 'branch_id': 102, 'customer_name': 'Gregory Lewis', 'phone_number': '692.901.0697x39896', 'reservation_date': '2025-07-18', 'reservation_time': '19:48', 'guests_count': 8, 'is_confirmed': True}
[2025-07-18T18:17:03.419+0000] {subprocess.py:93} INFO - [✓] Sent to checkins: {'checkin_id': 1757, 'customer_name': 'Philip Alexander PhD', 'phone_number': '001-615-774-5454x4782', 'branch_id': 101, 'table_id': 209, 'is_prebooked': False, 'checkin_date': '2025-07-18', 'checkin_time': '17:40', 'guests_count': 3, 'shift_manager': 'Kayla Hernandez DDS'}
[2025-07-18T18:17:03.420+0000] {subprocess.py:93} INFO - [✓] Sent to checkins: {'checkin_id': 4404, 'customer_name': 'Barry Short DDS', 'phone_number': '685-432-6805x164', 'branch_id': 102, 'table_id': 207, 'is_prebooked': False, 'checkin_date': '2025-07-18', 'checkin_time': '16:35', 'guests_count': 3, 'shift_manager': 'Bruce Robinson'}
[2025-07-18T18:17:03.422+0000] {subprocess.py:93} INFO - [✓] Sent to checkins: {'checkin_id': 6774, 'customer_name': 'Kim Adams', 'phone_number': '960.926.7616x285', 'branch_id': 101, 'table_id': 200, 'is_prebooked': False, 'checkin_date': '2025-07-18', 'checkin_time': '16:29', 'guests_count': 3, 'shift_manager': 'Stephen Nelson'}
[2025-07-18T18:17:03.424+0000] {subprocess.py:93} INFO - [✓] Sent to feedback: {'feedback_id': 6355, 'branch_id': 102, 'customer_name': 'Nicole Weaver', 'phone_number': '456-240-5039x16499', 'feedback_text': 'Drop those it participant year probably.', 'rating': 2, 'dining_date': '2025-07-18', 'dining_time': '16:35', 'submission_time': '2025-07-18T18:16:59'}
[2025-07-18T18:17:03.426+0000] {subprocess.py:93} INFO - [✓] Sent to feedback: {'feedback_id': 3982, 'branch_id': 102, 'customer_name': 'Dominic Brown', 'phone_number': '(526)332-0727x40680', 'feedback_text': 'Trip industry property main central.', 'rating': 1, 'dining_date': '2025-07-18', 'dining_time': '16:23', 'submission_time': '2025-07-18T18:16:59'}
[2025-07-18T18:17:03.427+0000] {subprocess.py:93} INFO - [✓] Sent to feedback: {'feedback_id': 9280, 'branch_id': 102, 'customer_name': 'Travis Fuentes', 'phone_number': '538.560.0268x7413', 'feedback_text': 'Live fire sea participant ability.', 'rating': 4, 'dining_date': '2025-07-18', 'dining_time': '17:09', 'submission_time': '2025-07-18T18:16:59'}
[2025-07-18T18:17:03.427+0000] {subprocess.py:93} INFO - ✅ All messages sent.
[2025-07-18T18:17:03.453+0000] {subprocess.py:97} INFO - Command exited with return code 0
[2025-07-18T18:17:03.471+0000] {taskinstance.py:1400} INFO - Marking task as SUCCESS. dag_id=restaurant_pipeline, task_id=send_to_kafka, execution_date=20250718T181400, start_date=20250718T181701, end_date=20250718T181703
[2025-07-18T18:17:03.488+0000] {local_task_job_runner.py:228} INFO - Task exited with return code 0
[2025-07-18T18:17:03.515+0000] {taskinstance.py:2778} INFO - 1 downstream tasks scheduled from follow-on schedule check
