[2025-07-18T15:13:37.328+0000] {taskinstance.py:1159} INFO - Dependencies all met for dep_context=non-requeueable deps ti=<TaskInstance: restaurant_pipeline.send_to_kafka manual__2025-07-18T15:13:35.969832+00:00 [queued]>
[2025-07-18T15:13:37.333+0000] {taskinstance.py:1159} INFO - Dependencies all met for dep_context=requeueable deps ti=<TaskInstance: restaurant_pipeline.send_to_kafka manual__2025-07-18T15:13:35.969832+00:00 [queued]>
[2025-07-18T15:13:37.333+0000] {taskinstance.py:1361} INFO - Starting attempt 1 of 1
[2025-07-18T15:13:37.339+0000] {taskinstance.py:1382} INFO - Executing <Task(BashOperator): send_to_kafka> on 2025-07-18 15:13:35.969832+00:00
[2025-07-18T15:13:37.341+0000] {standard_task_runner.py:57} INFO - Started process 269 to run task
[2025-07-18T15:13:37.343+0000] {standard_task_runner.py:84} INFO - Running: ['***', 'tasks', 'run', 'restaurant_pipeline', 'send_to_kafka', 'manual__2025-07-18T15:13:35.969832+00:00', '--job-id', '70', '--raw', '--subdir', 'DAGS_FOLDER/restaurant_pipeline.py', '--cfg-path', '/tmp/tmpeyb4xrs9']
[2025-07-18T15:13:37.344+0000] {standard_task_runner.py:85} INFO - Job 70: Subtask send_to_kafka
[2025-07-18T15:13:37.370+0000] {task_command.py:416} INFO - Running <TaskInstance: restaurant_pipeline.send_to_kafka manual__2025-07-18T15:13:35.969832+00:00 [running]> on host 87071fdea595
[2025-07-18T15:13:37.408+0000] {taskinstance.py:1662} INFO - Exporting env vars: AIRFLOW_CTX_DAG_OWNER='moran' AIRFLOW_CTX_DAG_ID='restaurant_pipeline' AIRFLOW_CTX_TASK_ID='send_to_kafka' AIRFLOW_CTX_EXECUTION_DATE='2025-07-18T15:13:35.969832+00:00' AIRFLOW_CTX_TRY_NUMBER='1' AIRFLOW_CTX_DAG_RUN_ID='manual__2025-07-18T15:13:35.969832+00:00'
[2025-07-18T15:13:37.408+0000] {subprocess.py:63} INFO - Tmp dir root location: /tmp
[2025-07-18T15:13:37.409+0000] {subprocess.py:75} INFO - Running command: ['/bin/bash', '-c', 'python /opt/streaming/producer.py']
[2025-07-18T15:13:37.414+0000] {subprocess.py:86} INFO - Output:
[2025-07-18T15:13:39.662+0000] {subprocess.py:93} INFO - [✓] Sent to reservations: {'reservation_id': 3765, 'branch_id': 102, 'customer_name': 'Kyle Rodriguez', 'phone_number': '001-940-974-9515x976', 'reservation_date': '2025-07-18', 'reservation_time': '16:28', 'guests_count': 7, 'is_confirmed': False}
[2025-07-18T15:13:39.668+0000] {subprocess.py:93} INFO - [✓] Sent to reservations: {'reservation_id': 8639, 'branch_id': 101, 'customer_name': 'Michael Gould', 'phone_number': '+1-812-485-5741x9052', 'reservation_date': '2025-07-18', 'reservation_time': '16:00', 'guests_count': 1, 'is_confirmed': True}
[2025-07-18T15:13:39.670+0000] {subprocess.py:93} INFO - [✓] Sent to reservations: {'reservation_id': 8343, 'branch_id': 101, 'customer_name': 'David Johnson', 'phone_number': '969-540-1418', 'reservation_date': '2025-07-18', 'reservation_time': '16:47', 'guests_count': 8, 'is_confirmed': False}
[2025-07-18T15:13:39.671+0000] {subprocess.py:93} INFO - [✓] Sent to checkins: {'checkin_id': 4904, 'customer_name': 'Denise Carrillo', 'phone_number': '674-826-5261', 'branch_id': 101, 'table_id': 201, 'is_prebooked': False, 'checkin_date': '2025-07-18', 'checkin_time': '14:34', 'guests_count': 3, 'shift_manager': 'April Brown'}
[2025-07-18T15:13:39.674+0000] {subprocess.py:93} INFO - [✓] Sent to checkins: {'checkin_id': 2566, 'customer_name': 'Ryan Smith', 'phone_number': '5022363862', 'branch_id': 101, 'table_id': 207, 'is_prebooked': True, 'checkin_date': '2025-07-18', 'checkin_time': '14:44', 'guests_count': 2, 'shift_manager': 'Kayla Johnson'}
[2025-07-18T15:13:39.678+0000] {subprocess.py:93} INFO - [✓] Sent to checkins: {'checkin_id': 8932, 'customer_name': 'Kimberly Jackson', 'phone_number': '579-594-7526', 'branch_id': 101, 'table_id': 210, 'is_prebooked': True, 'checkin_date': '2025-07-18', 'checkin_time': '14:03', 'guests_count': 1, 'shift_manager': 'Robert Pena'}
[2025-07-18T15:13:39.678+0000] {subprocess.py:93} INFO - [✓] Sent to feedback: {'feedback_id': 7896, 'branch_id': 101, 'customer_name': 'Natalie Smith', 'phone_number': '(866)984-9920x94817', 'feedback_text': 'Contain weight sometimes up book because line.', 'rating': 2, 'dining_date': '2025-07-18', 'dining_time': '14:59', 'submission_time': '2025-07-18T15:13:37'}
[2025-07-18T15:13:39.679+0000] {subprocess.py:93} INFO - [✓] Sent to feedback: {'feedback_id': 9965, 'branch_id': 102, 'customer_name': 'Patricia Fleming', 'phone_number': '(558)639-2837x35440', 'feedback_text': 'Thousand structure deep entire himself be finally.', 'rating': 1, 'dining_date': '2025-07-18', 'dining_time': '14:15', 'submission_time': '2025-07-18T15:13:37'}
[2025-07-18T15:13:39.679+0000] {subprocess.py:93} INFO - [✓] Sent to feedback: {'feedback_id': 3828, 'branch_id': 102, 'customer_name': 'Holly Brooks', 'phone_number': '256-623-3499', 'feedback_text': 'Person tonight star cup specific similar support.', 'rating': 1, 'dining_date': '2025-07-18', 'dining_time': '14:08', 'submission_time': '2025-07-18T15:13:37'}
[2025-07-18T15:13:39.679+0000] {subprocess.py:93} INFO - ✅ All messages sent.
[2025-07-18T15:13:39.699+0000] {subprocess.py:97} INFO - Command exited with return code 0
[2025-07-18T15:13:39.716+0000] {taskinstance.py:1400} INFO - Marking task as SUCCESS. dag_id=restaurant_pipeline, task_id=send_to_kafka, execution_date=20250718T151335, start_date=20250718T151337, end_date=20250718T151339
[2025-07-18T15:13:39.737+0000] {local_task_job_runner.py:228} INFO - Task exited with return code 0
[2025-07-18T15:13:39.763+0000] {taskinstance.py:2778} INFO - 1 downstream tasks scheduled from follow-on schedule check
