[2025-07-19T18:12:11.142+0000] {taskinstance.py:1159} INFO - Dependencies all met for dep_context=non-requeueable deps ti=<TaskInstance: restaurant_pipeline.send_to_kafka scheduled__2025-07-19T18:10:00+00:00 [queued]>
[2025-07-19T18:12:11.146+0000] {taskinstance.py:1159} INFO - Dependencies all met for dep_context=requeueable deps ti=<TaskInstance: restaurant_pipeline.send_to_kafka scheduled__2025-07-19T18:10:00+00:00 [queued]>
[2025-07-19T18:12:11.146+0000] {taskinstance.py:1361} INFO - Starting attempt 1 of 1
[2025-07-19T18:12:11.151+0000] {taskinstance.py:1382} INFO - Executing <Task(BashOperator): send_to_kafka> on 2025-07-19 18:10:00+00:00
[2025-07-19T18:12:11.153+0000] {standard_task_runner.py:57} INFO - Started process 500 to run task
[2025-07-19T18:12:11.155+0000] {standard_task_runner.py:84} INFO - Running: ['***', 'tasks', 'run', 'restaurant_pipeline', 'send_to_kafka', 'scheduled__2025-07-19T18:10:00+00:00', '--job-id', '950', '--raw', '--subdir', 'DAGS_FOLDER/restaurant_pipeline.py', '--cfg-path', '/tmp/tmpr0bbzn0x']
[2025-07-19T18:12:11.156+0000] {standard_task_runner.py:85} INFO - Job 950: Subtask send_to_kafka
[2025-07-19T18:12:11.177+0000] {task_command.py:416} INFO - Running <TaskInstance: restaurant_pipeline.send_to_kafka scheduled__2025-07-19T18:10:00+00:00 [running]> on host e3f5d8fc4eef
[2025-07-19T18:12:11.212+0000] {taskinstance.py:1662} INFO - Exporting env vars: AIRFLOW_CTX_DAG_OWNER='moran' AIRFLOW_CTX_DAG_ID='restaurant_pipeline' AIRFLOW_CTX_TASK_ID='send_to_kafka' AIRFLOW_CTX_EXECUTION_DATE='2025-07-19T18:10:00+00:00' AIRFLOW_CTX_TRY_NUMBER='1' AIRFLOW_CTX_DAG_RUN_ID='scheduled__2025-07-19T18:10:00+00:00'
[2025-07-19T18:12:11.213+0000] {subprocess.py:63} INFO - Tmp dir root location: /tmp
[2025-07-19T18:12:11.213+0000] {subprocess.py:75} INFO - Running command: ['/bin/bash', '-c', 'python /opt/streaming/producer.py']
[2025-07-19T18:12:11.216+0000] {subprocess.py:86} INFO - Output:
[2025-07-19T18:12:13.456+0000] {subprocess.py:93} INFO - [✓] Sent to reservations: {'reservation_id': 9331, 'branch_id': 102, 'customer_name': 'Micheal Morgan', 'phone_number': '9506041145', 'reservation_date': '2025-07-19', 'reservation_time': '18:48', 'guests_count': 2, 'is_confirmed': False}
[2025-07-19T18:12:13.460+0000] {subprocess.py:93} INFO - [✓] Sent to reservations: {'reservation_id': 7300, 'branch_id': 102, 'customer_name': 'Brandon Knapp', 'phone_number': '330-257-8357', 'reservation_date': '2025-07-19', 'reservation_time': '19:27', 'guests_count': 3, 'is_confirmed': True}
[2025-07-19T18:12:13.461+0000] {subprocess.py:93} INFO - [✓] Sent to reservations: {'reservation_id': 1008, 'branch_id': 102, 'customer_name': 'Adam Holmes', 'phone_number': '+1-357-330-7001x108', 'reservation_date': '2025-07-19', 'reservation_time': '20:03', 'guests_count': 1, 'is_confirmed': False}
[2025-07-19T18:12:13.462+0000] {subprocess.py:93} INFO - [✓] Sent to checkins: {'checkin_id': 4009, 'customer_name': 'Ashlee Torres', 'phone_number': '(736)902-5336x5022', 'branch_id': 101, 'table_id': 202, 'is_prebooked': False, 'checkin_date': '2025-07-19', 'checkin_time': '17:26', 'guests_count': 6, 'shift_manager': 'Wayne Norris'}
[2025-07-19T18:12:13.462+0000] {subprocess.py:93} INFO - [✓] Sent to checkins: {'checkin_id': 5594, 'customer_name': 'Jason Lopez', 'phone_number': '456-369-4489x17970', 'branch_id': 101, 'table_id': 205, 'is_prebooked': True, 'checkin_date': '2025-07-19', 'checkin_time': '16:25', 'guests_count': 5, 'shift_manager': 'Abigail Malone'}
[2025-07-19T18:12:13.463+0000] {subprocess.py:93} INFO - [✓] Sent to checkins: {'checkin_id': 4622, 'customer_name': 'Alexis Wright', 'phone_number': '+1-996-533-1157x507', 'branch_id': 102, 'table_id': 204, 'is_prebooked': True, 'checkin_date': '2025-07-19', 'checkin_time': '17:44', 'guests_count': 5, 'shift_manager': 'Adam Walters'}
[2025-07-19T18:12:13.463+0000] {subprocess.py:93} INFO - [✓] Sent to feedback: {'feedback_id': 6103, 'branch_id': 101, 'customer_name': 'Steven Smith', 'phone_number': '(950)689-6737x34830', 'feedback_text': 'Individual news ask miss health must enjoy.', 'rating': 2, 'dining_date': '2025-07-19', 'dining_time': '17:36', 'submission_time': '2025-07-19T18:12:10'}
[2025-07-19T18:12:13.467+0000] {subprocess.py:93} INFO - [✓] Sent to feedback: {'feedback_id': 1526, 'branch_id': 102, 'customer_name': 'George Shea', 'phone_number': '+1-331-794-5428', 'feedback_text': 'Girl piece most large.', 'rating': 3, 'dining_date': '2025-07-19', 'dining_time': '17:41', 'submission_time': '2025-07-19T18:12:10'}
[2025-07-19T18:12:13.467+0000] {subprocess.py:93} INFO - [✓] Sent to feedback: {'feedback_id': 6727, 'branch_id': 102, 'customer_name': 'Samuel Finley', 'phone_number': '855.339.2855', 'feedback_text': 'Film improve so painting whose.', 'rating': 4, 'dining_date': '2025-07-19', 'dining_time': '17:16', 'submission_time': '2025-07-19T18:12:10'}
[2025-07-19T18:12:13.467+0000] {subprocess.py:93} INFO - ✅ All messages sent.
[2025-07-19T18:12:13.498+0000] {subprocess.py:97} INFO - Command exited with return code 0
[2025-07-19T18:12:13.512+0000] {taskinstance.py:1400} INFO - Marking task as SUCCESS. dag_id=restaurant_pipeline, task_id=send_to_kafka, execution_date=20250719T181000, start_date=20250719T181211, end_date=20250719T181213
[2025-07-19T18:12:13.522+0000] {local_task_job_runner.py:228} INFO - Task exited with return code 0
[2025-07-19T18:12:13.546+0000] {taskinstance.py:2778} INFO - 1 downstream tasks scheduled from follow-on schedule check
