[2025-07-18T20:12:02.099+0000] {taskinstance.py:1159} INFO - Dependencies all met for dep_context=non-requeueable deps ti=<TaskInstance: restaurant_pipeline.send_to_kafka scheduled__2025-07-18T20:10:00+00:00 [queued]>
[2025-07-18T20:12:02.106+0000] {taskinstance.py:1159} INFO - Dependencies all met for dep_context=requeueable deps ti=<TaskInstance: restaurant_pipeline.send_to_kafka scheduled__2025-07-18T20:10:00+00:00 [queued]>
[2025-07-18T20:12:02.106+0000] {taskinstance.py:1361} INFO - Starting attempt 1 of 1
[2025-07-18T20:12:02.115+0000] {taskinstance.py:1382} INFO - Executing <Task(BashOperator): send_to_kafka> on 2025-07-18 20:10:00+00:00
[2025-07-18T20:12:02.119+0000] {standard_task_runner.py:57} INFO - Started process 5882 to run task
[2025-07-18T20:12:02.122+0000] {standard_task_runner.py:84} INFO - Running: ['***', 'tasks', 'run', 'restaurant_pipeline', 'send_to_kafka', 'scheduled__2025-07-18T20:10:00+00:00', '--job-id', '599', '--raw', '--subdir', 'DAGS_FOLDER/restaurant_pipeline.py', '--cfg-path', '/tmp/tmp1sfujrbs']
[2025-07-18T20:12:02.123+0000] {standard_task_runner.py:85} INFO - Job 599: Subtask send_to_kafka
[2025-07-18T20:12:02.158+0000] {task_command.py:416} INFO - Running <TaskInstance: restaurant_pipeline.send_to_kafka scheduled__2025-07-18T20:10:00+00:00 [running]> on host 9bcfb43e0ab7
[2025-07-18T20:12:02.226+0000] {taskinstance.py:1662} INFO - Exporting env vars: AIRFLOW_CTX_DAG_OWNER='moran' AIRFLOW_CTX_DAG_ID='restaurant_pipeline' AIRFLOW_CTX_TASK_ID='send_to_kafka' AIRFLOW_CTX_EXECUTION_DATE='2025-07-18T20:10:00+00:00' AIRFLOW_CTX_TRY_NUMBER='1' AIRFLOW_CTX_DAG_RUN_ID='scheduled__2025-07-18T20:10:00+00:00'
[2025-07-18T20:12:02.227+0000] {subprocess.py:63} INFO - Tmp dir root location: /tmp
[2025-07-18T20:12:02.228+0000] {subprocess.py:75} INFO - Running command: ['/bin/bash', '-c', 'python /opt/streaming/producer.py']
[2025-07-18T20:12:02.235+0000] {subprocess.py:86} INFO - Output:
[2025-07-18T20:12:04.555+0000] {subprocess.py:93} INFO - [✓] Sent to reservations: {'reservation_id': 5232, 'branch_id': 102, 'customer_name': 'Kathy Henry', 'phone_number': '(952)653-2742x275', 'reservation_date': '2025-07-18', 'reservation_time': '20:31', 'guests_count': 1, 'is_confirmed': True}
[2025-07-18T20:12:04.556+0000] {subprocess.py:93} INFO - [✓] Sent to reservations: {'reservation_id': 9007, 'branch_id': 102, 'customer_name': 'George Reid', 'phone_number': '914-958-9009', 'reservation_date': '2025-07-18', 'reservation_time': '21:24', 'guests_count': 5, 'is_confirmed': False}
[2025-07-18T20:12:04.557+0000] {subprocess.py:93} INFO - [✓] Sent to reservations: {'reservation_id': 1251, 'branch_id': 101, 'customer_name': 'Charles Chavez', 'phone_number': '970.700.2763', 'reservation_date': '2025-07-18', 'reservation_time': '20:24', 'guests_count': 5, 'is_confirmed': False}
[2025-07-18T20:12:04.557+0000] {subprocess.py:93} INFO - [✓] Sent to checkins: {'checkin_id': 5288, 'customer_name': 'Bobby Burns', 'phone_number': '001-575-491-9895', 'branch_id': 101, 'table_id': 209, 'is_prebooked': True, 'checkin_date': '2025-07-18', 'checkin_time': '18:50', 'guests_count': 2, 'shift_manager': 'Jacob Holden'}
[2025-07-18T20:12:04.558+0000] {subprocess.py:93} INFO - [✓] Sent to checkins: {'checkin_id': 6242, 'customer_name': 'Megan Perkins', 'phone_number': '559.364.4130x04702', 'branch_id': 101, 'table_id': 206, 'is_prebooked': True, 'checkin_date': '2025-07-18', 'checkin_time': '18:48', 'guests_count': 1, 'shift_manager': 'Diana King'}
[2025-07-18T20:12:04.559+0000] {subprocess.py:93} INFO - [✓] Sent to checkins: {'checkin_id': 3235, 'customer_name': 'John Lopez', 'phone_number': '9222560955', 'branch_id': 102, 'table_id': 206, 'is_prebooked': True, 'checkin_date': '2025-07-18', 'checkin_time': '18:58', 'guests_count': 4, 'shift_manager': 'Misty Davis'}
[2025-07-18T20:12:04.559+0000] {subprocess.py:93} INFO - [✓] Sent to feedback: {'feedback_id': 6697, 'branch_id': 102, 'customer_name': 'Daniel Howe', 'phone_number': '001-594-835-1453x01821', 'feedback_text': 'Ahead enough civil.', 'rating': 4, 'dining_date': '2025-07-18', 'dining_time': '19:12', 'submission_time': '2025-07-18T20:12:01'}
[2025-07-18T20:12:04.560+0000] {subprocess.py:93} INFO - [✓] Sent to feedback: {'feedback_id': 5454, 'branch_id': 102, 'customer_name': 'Selena Morales', 'phone_number': '(413)383-0427', 'feedback_text': 'Result prove town program.', 'rating': 1, 'dining_date': '2025-07-18', 'dining_time': '18:45', 'submission_time': '2025-07-18T20:12:01'}
[2025-07-18T20:12:04.560+0000] {subprocess.py:93} INFO - [✓] Sent to feedback: {'feedback_id': 5037, 'branch_id': 101, 'customer_name': 'William Henry', 'phone_number': '424.397.1807x97526', 'feedback_text': 'Spend answer and central way common.', 'rating': 1, 'dining_date': '2025-07-18', 'dining_time': '18:42', 'submission_time': '2025-07-18T20:12:01'}
[2025-07-18T20:12:04.560+0000] {subprocess.py:93} INFO - ✅ All messages sent.
[2025-07-18T20:12:04.615+0000] {subprocess.py:97} INFO - Command exited with return code 0
[2025-07-18T20:12:04.633+0000] {taskinstance.py:1400} INFO - Marking task as SUCCESS. dag_id=restaurant_pipeline, task_id=send_to_kafka, execution_date=20250718T201000, start_date=20250718T201202, end_date=20250718T201204
[2025-07-18T20:12:04.658+0000] {local_task_job_runner.py:228} INFO - Task exited with return code 0
[2025-07-18T20:12:04.685+0000] {taskinstance.py:2778} INFO - 1 downstream tasks scheduled from follow-on schedule check
