[2025-07-18T20:00:01.985+0000] {taskinstance.py:1159} INFO - Dependencies all met for dep_context=non-requeueable deps ti=<TaskInstance: restaurant_pipeline.send_to_kafka scheduled__2025-07-18T19:58:00+00:00 [queued]>
[2025-07-18T20:00:01.989+0000] {taskinstance.py:1159} INFO - Dependencies all met for dep_context=requeueable deps ti=<TaskInstance: restaurant_pipeline.send_to_kafka scheduled__2025-07-18T19:58:00+00:00 [queued]>
[2025-07-18T20:00:01.990+0000] {taskinstance.py:1361} INFO - Starting attempt 1 of 1
[2025-07-18T20:00:01.995+0000] {taskinstance.py:1382} INFO - Executing <Task(BashOperator): send_to_kafka> on 2025-07-18 19:58:00+00:00
[2025-07-18T20:00:01.997+0000] {standard_task_runner.py:57} INFO - Started process 5662 to run task
[2025-07-18T20:00:01.999+0000] {standard_task_runner.py:84} INFO - Running: ['***', 'tasks', 'run', 'restaurant_pipeline', 'send_to_kafka', 'scheduled__2025-07-18T19:58:00+00:00', '--job-id', '581', '--raw', '--subdir', 'DAGS_FOLDER/restaurant_pipeline.py', '--cfg-path', '/tmp/tmp8ndyjfl3']
[2025-07-18T20:00:02.002+0000] {standard_task_runner.py:85} INFO - Job 581: Subtask send_to_kafka
[2025-07-18T20:00:02.029+0000] {task_command.py:416} INFO - Running <TaskInstance: restaurant_pipeline.send_to_kafka scheduled__2025-07-18T19:58:00+00:00 [running]> on host 9bcfb43e0ab7
[2025-07-18T20:00:02.076+0000] {taskinstance.py:1662} INFO - Exporting env vars: AIRFLOW_CTX_DAG_OWNER='moran' AIRFLOW_CTX_DAG_ID='restaurant_pipeline' AIRFLOW_CTX_TASK_ID='send_to_kafka' AIRFLOW_CTX_EXECUTION_DATE='2025-07-18T19:58:00+00:00' AIRFLOW_CTX_TRY_NUMBER='1' AIRFLOW_CTX_DAG_RUN_ID='scheduled__2025-07-18T19:58:00+00:00'
[2025-07-18T20:00:02.077+0000] {subprocess.py:63} INFO - Tmp dir root location: /tmp
[2025-07-18T20:00:02.077+0000] {subprocess.py:75} INFO - Running command: ['/bin/bash', '-c', 'python /opt/streaming/producer.py']
[2025-07-18T20:00:02.082+0000] {subprocess.py:86} INFO - Output:
[2025-07-18T20:00:04.333+0000] {subprocess.py:93} INFO - [✓] Sent to reservations: {'reservation_id': 9926, 'branch_id': 101, 'customer_name': 'Ryan Martin', 'phone_number': '(427)539-8640', 'reservation_date': '2025-07-18', 'reservation_time': '20:54', 'guests_count': 4, 'is_confirmed': False}
[2025-07-18T20:00:04.336+0000] {subprocess.py:93} INFO - [✓] Sent to reservations: {'reservation_id': 1582, 'branch_id': 101, 'customer_name': 'Christina Wright', 'phone_number': '001-770-264-7129x50392', 'reservation_date': '2025-07-18', 'reservation_time': '21:55', 'guests_count': 6, 'is_confirmed': True}
[2025-07-18T20:00:04.339+0000] {subprocess.py:93} INFO - [✓] Sent to reservations: {'reservation_id': 6852, 'branch_id': 101, 'customer_name': 'Nichole Williams', 'phone_number': '+1-694-994-4084x80783', 'reservation_date': '2025-07-18', 'reservation_time': '21:57', 'guests_count': 7, 'is_confirmed': True}
[2025-07-18T20:00:04.340+0000] {subprocess.py:93} INFO - [✓] Sent to checkins: {'checkin_id': 2374, 'customer_name': 'Nicole Gardner', 'phone_number': '584.852.3849', 'branch_id': 101, 'table_id': 207, 'is_prebooked': False, 'checkin_date': '2025-07-18', 'checkin_time': '19:49', 'guests_count': 6, 'shift_manager': 'Mr. Bradley Lee PhD'}
[2025-07-18T20:00:04.341+0000] {subprocess.py:93} INFO - [✓] Sent to checkins: {'checkin_id': 9504, 'customer_name': 'Tracey Ferrell', 'phone_number': '+1-835-475-3754', 'branch_id': 102, 'table_id': 208, 'is_prebooked': True, 'checkin_date': '2025-07-18', 'checkin_time': '19:39', 'guests_count': 4, 'shift_manager': 'Matthew Sharp'}
[2025-07-18T20:00:04.345+0000] {subprocess.py:93} INFO - [✓] Sent to checkins: {'checkin_id': 4039, 'customer_name': 'Jennifer Long', 'phone_number': '439-447-0431x79117', 'branch_id': 101, 'table_id': 201, 'is_prebooked': True, 'checkin_date': '2025-07-18', 'checkin_time': '18:06', 'guests_count': 2, 'shift_manager': 'Greg Chase'}
[2025-07-18T20:00:04.347+0000] {subprocess.py:93} INFO - [✓] Sent to feedback: {'feedback_id': 8487, 'branch_id': 102, 'customer_name': 'Jordan Moon', 'phone_number': '001-244-996-7521x726', 'feedback_text': 'Talk compare role father sell later.', 'rating': 4, 'dining_date': '2025-07-18', 'dining_time': '19:12', 'submission_time': '2025-07-18T20:00:01'}
[2025-07-18T20:00:04.349+0000] {subprocess.py:93} INFO - [✓] Sent to feedback: {'feedback_id': 4891, 'branch_id': 102, 'customer_name': 'Jessica York', 'phone_number': '001-916-728-2874', 'feedback_text': 'Decide market hundred check parent.', 'rating': 4, 'dining_date': '2025-07-18', 'dining_time': '18:26', 'submission_time': '2025-07-18T20:00:01'}
[2025-07-18T20:00:04.349+0000] {subprocess.py:93} INFO - [✓] Sent to feedback: {'feedback_id': 9493, 'branch_id': 102, 'customer_name': 'Kevin Jones', 'phone_number': '379-277-6556x1917', 'feedback_text': 'Record rather different market.', 'rating': 2, 'dining_date': '2025-07-18', 'dining_time': '19:31', 'submission_time': '2025-07-18T20:00:01'}
[2025-07-18T20:00:04.350+0000] {subprocess.py:93} INFO - ✅ All messages sent.
[2025-07-18T20:00:04.393+0000] {subprocess.py:97} INFO - Command exited with return code 0
[2025-07-18T20:00:04.413+0000] {taskinstance.py:1400} INFO - Marking task as SUCCESS. dag_id=restaurant_pipeline, task_id=send_to_kafka, execution_date=20250718T195800, start_date=20250718T200001, end_date=20250718T200004
[2025-07-18T20:00:04.469+0000] {local_task_job_runner.py:228} INFO - Task exited with return code 0
[2025-07-18T20:00:04.498+0000] {taskinstance.py:2778} INFO - 1 downstream tasks scheduled from follow-on schedule check
