[2025-07-19T21:50:12.038+0000] {taskinstance.py:1159} INFO - Dependencies all met for dep_context=non-requeueable deps ti=<TaskInstance: restaurant_pipeline.send_to_kafka scheduled__2025-07-19T21:48:00+00:00 [queued]>
[2025-07-19T21:50:12.042+0000] {taskinstance.py:1159} INFO - Dependencies all met for dep_context=requeueable deps ti=<TaskInstance: restaurant_pipeline.send_to_kafka scheduled__2025-07-19T21:48:00+00:00 [queued]>
[2025-07-19T21:50:12.043+0000] {taskinstance.py:1361} INFO - Starting attempt 1 of 1
[2025-07-19T21:50:12.048+0000] {taskinstance.py:1382} INFO - Executing <Task(BashOperator): send_to_kafka> on 2025-07-19 21:48:00+00:00
[2025-07-19T21:50:12.051+0000] {standard_task_runner.py:57} INFO - Started process 4764 to run task
[2025-07-19T21:50:12.053+0000] {standard_task_runner.py:84} INFO - Running: ['***', 'tasks', 'run', 'restaurant_pipeline', 'send_to_kafka', 'scheduled__2025-07-19T21:48:00+00:00', '--job-id', '1266', '--raw', '--subdir', 'DAGS_FOLDER/restaurant_pipeline.py', '--cfg-path', '/tmp/tmpuqi1k0aw']
[2025-07-19T21:50:12.054+0000] {standard_task_runner.py:85} INFO - Job 1266: Subtask send_to_kafka
[2025-07-19T21:50:12.079+0000] {task_command.py:416} INFO - Running <TaskInstance: restaurant_pipeline.send_to_kafka scheduled__2025-07-19T21:48:00+00:00 [running]> on host e3f5d8fc4eef
[2025-07-19T21:50:12.121+0000] {taskinstance.py:1662} INFO - Exporting env vars: AIRFLOW_CTX_DAG_OWNER='moran' AIRFLOW_CTX_DAG_ID='restaurant_pipeline' AIRFLOW_CTX_TASK_ID='send_to_kafka' AIRFLOW_CTX_EXECUTION_DATE='2025-07-19T21:48:00+00:00' AIRFLOW_CTX_TRY_NUMBER='1' AIRFLOW_CTX_DAG_RUN_ID='scheduled__2025-07-19T21:48:00+00:00'
[2025-07-19T21:50:12.122+0000] {subprocess.py:63} INFO - Tmp dir root location: /tmp
[2025-07-19T21:50:12.123+0000] {subprocess.py:75} INFO - Running command: ['/bin/bash', '-c', 'python /opt/streaming/producer.py']
[2025-07-19T21:50:12.127+0000] {subprocess.py:86} INFO - Output:
[2025-07-19T21:50:14.464+0000] {subprocess.py:93} INFO - [✓] Sent to reservations: {'reservation_id': 5292, 'branch_id': 101, 'customer_name': 'Mr. Shawn Dalton', 'phone_number': '282.869.8016x6235', 'reservation_date': '2025-07-19', 'reservation_time': '23:21', 'guests_count': 1, 'is_confirmed': True}
[2025-07-19T21:50:14.472+0000] {subprocess.py:93} INFO - [✓] Sent to reservations: {'reservation_id': 6693, 'branch_id': 102, 'customer_name': 'Robert Larson', 'phone_number': '252-453-9991x182', 'reservation_date': '2025-07-19', 'reservation_time': '22:21', 'guests_count': 7, 'is_confirmed': False}
[2025-07-19T21:50:14.474+0000] {subprocess.py:93} INFO - [✓] Sent to reservations: {'reservation_id': 4052, 'branch_id': 102, 'customer_name': 'Elizabeth Hill', 'phone_number': '852.753.3335', 'reservation_date': '2025-07-19', 'reservation_time': '23:00', 'guests_count': 4, 'is_confirmed': False}
[2025-07-19T21:50:14.475+0000] {subprocess.py:93} INFO - [✓] Sent to checkins: {'checkin_id': 7893, 'customer_name': 'Crystal Villegas', 'phone_number': '759.200.1040x2424', 'branch_id': 102, 'table_id': 207, 'is_prebooked': False, 'checkin_date': '2025-07-19', 'checkin_time': '21:08', 'guests_count': 4, 'shift_manager': 'Sheila Contreras'}
[2025-07-19T21:50:14.476+0000] {subprocess.py:93} INFO - [✓] Sent to checkins: {'checkin_id': 7552, 'customer_name': 'Crystal Mayer', 'phone_number': '+1-557-878-2650x86654', 'branch_id': 102, 'table_id': 210, 'is_prebooked': True, 'checkin_date': '2025-07-19', 'checkin_time': '19:56', 'guests_count': 1, 'shift_manager': 'Marc Wong'}
[2025-07-19T21:50:14.478+0000] {subprocess.py:93} INFO - [✓] Sent to checkins: {'checkin_id': 7764, 'customer_name': 'Henry Jones', 'phone_number': '(951)515-4822x3590', 'branch_id': 102, 'table_id': 202, 'is_prebooked': False, 'checkin_date': '2025-07-19', 'checkin_time': '21:15', 'guests_count': 4, 'shift_manager': 'Samantha Garcia'}
[2025-07-19T21:50:14.479+0000] {subprocess.py:93} INFO - [✓] Sent to feedback: {'feedback_id': 4961, 'branch_id': 102, 'customer_name': 'Kayla Wise', 'phone_number': '(950)292-5818', 'feedback_text': 'Own director its analysis return health same.', 'rating': 2, 'dining_date': '2025-07-19', 'dining_time': '20:51', 'submission_time': '2025-07-19T21:50:11'}
[2025-07-19T21:50:14.480+0000] {subprocess.py:93} INFO - [✓] Sent to feedback: {'feedback_id': 4244, 'branch_id': 102, 'customer_name': 'Beth Meyers', 'phone_number': '(869)280-1609x798', 'feedback_text': 'Set until form left perform avoid government.', 'rating': 2, 'dining_date': '2025-07-19', 'dining_time': '21:09', 'submission_time': '2025-07-19T21:50:11'}
[2025-07-19T21:50:14.482+0000] {subprocess.py:93} INFO - [✓] Sent to feedback: {'feedback_id': 9355, 'branch_id': 101, 'customer_name': 'Kerry Gates', 'phone_number': '754.805.6860x030', 'feedback_text': 'Traditional difference recently road month.', 'rating': 3, 'dining_date': '2025-07-19', 'dining_time': '20:57', 'submission_time': '2025-07-19T21:50:11'}
[2025-07-19T21:50:14.482+0000] {subprocess.py:93} INFO - ✅ All messages sent.
[2025-07-19T21:50:14.524+0000] {subprocess.py:97} INFO - Command exited with return code 0
[2025-07-19T21:50:14.545+0000] {taskinstance.py:1400} INFO - Marking task as SUCCESS. dag_id=restaurant_pipeline, task_id=send_to_kafka, execution_date=20250719T214800, start_date=20250719T215012, end_date=20250719T215014
[2025-07-19T21:50:14.571+0000] {local_task_job_runner.py:228} INFO - Task exited with return code 0
[2025-07-19T21:50:14.599+0000] {taskinstance.py:2778} INFO - 1 downstream tasks scheduled from follow-on schedule check
