[2025-07-18T16:38:02.116+0000] {taskinstance.py:1159} INFO - Dependencies all met for dep_context=non-requeueable deps ti=<TaskInstance: restaurant_pipeline.send_to_kafka scheduled__2025-07-18T16:36:00+00:00 [queued]>
[2025-07-18T16:38:02.123+0000] {taskinstance.py:1159} INFO - Dependencies all met for dep_context=requeueable deps ti=<TaskInstance: restaurant_pipeline.send_to_kafka scheduled__2025-07-18T16:36:00+00:00 [queued]>
[2025-07-18T16:38:02.124+0000] {taskinstance.py:1361} INFO - Starting attempt 1 of 1
[2025-07-18T16:38:02.133+0000] {taskinstance.py:1382} INFO - Executing <Task(BashOperator): send_to_kafka> on 2025-07-18 16:36:00+00:00
[2025-07-18T16:38:02.135+0000] {standard_task_runner.py:57} INFO - Started process 1666 to run task
[2025-07-18T16:38:02.139+0000] {standard_task_runner.py:84} INFO - Running: ['***', 'tasks', 'run', 'restaurant_pipeline', 'send_to_kafka', 'scheduled__2025-07-18T16:36:00+00:00', '--job-id', '217', '--raw', '--subdir', 'DAGS_FOLDER/restaurant_pipeline.py', '--cfg-path', '/tmp/tmpogzvisqg']
[2025-07-18T16:38:02.141+0000] {standard_task_runner.py:85} INFO - Job 217: Subtask send_to_kafka
[2025-07-18T16:38:02.178+0000] {task_command.py:416} INFO - Running <TaskInstance: restaurant_pipeline.send_to_kafka scheduled__2025-07-18T16:36:00+00:00 [running]> on host 9bcfb43e0ab7
[2025-07-18T16:38:02.249+0000] {taskinstance.py:1662} INFO - Exporting env vars: AIRFLOW_CTX_DAG_OWNER='moran' AIRFLOW_CTX_DAG_ID='restaurant_pipeline' AIRFLOW_CTX_TASK_ID='send_to_kafka' AIRFLOW_CTX_EXECUTION_DATE='2025-07-18T16:36:00+00:00' AIRFLOW_CTX_TRY_NUMBER='1' AIRFLOW_CTX_DAG_RUN_ID='scheduled__2025-07-18T16:36:00+00:00'
[2025-07-18T16:38:02.251+0000] {subprocess.py:63} INFO - Tmp dir root location: /tmp
[2025-07-18T16:38:02.251+0000] {subprocess.py:75} INFO - Running command: ['/bin/bash', '-c', 'python /opt/streaming/producer.py']
[2025-07-18T16:38:02.257+0000] {subprocess.py:86} INFO - Output:
[2025-07-18T16:38:04.624+0000] {subprocess.py:93} INFO - [✓] Sent to reservations: {'reservation_id': 2109, 'branch_id': 102, 'customer_name': 'Amanda Bryant', 'phone_number': '860.377.0796x4319', 'reservation_date': '2025-07-18', 'reservation_time': '18:30', 'guests_count': 4, 'is_confirmed': True}
[2025-07-18T16:38:04.629+0000] {subprocess.py:93} INFO - [✓] Sent to reservations: {'reservation_id': 1645, 'branch_id': 101, 'customer_name': 'Amber Estes', 'phone_number': '748-867-3020x23607', 'reservation_date': '2025-07-18', 'reservation_time': '18:28', 'guests_count': 8, 'is_confirmed': False}
[2025-07-18T16:38:04.631+0000] {subprocess.py:93} INFO - [✓] Sent to reservations: {'reservation_id': 9244, 'branch_id': 102, 'customer_name': 'Tiffany Martin', 'phone_number': '+1-322-532-1693x52223', 'reservation_date': '2025-07-18', 'reservation_time': '18:24', 'guests_count': 3, 'is_confirmed': False}
[2025-07-18T16:38:04.632+0000] {subprocess.py:93} INFO - [✓] Sent to checkins: {'checkin_id': 3468, 'customer_name': 'Miguel Martinez', 'phone_number': '(781)386-0828x33229', 'branch_id': 102, 'table_id': 204, 'is_prebooked': False, 'checkin_date': '2025-07-18', 'checkin_time': '15:00', 'guests_count': 1, 'shift_manager': 'Alicia Mayer'}
[2025-07-18T16:38:04.633+0000] {subprocess.py:93} INFO - [✓] Sent to checkins: {'checkin_id': 2253, 'customer_name': 'Jennifer Moore', 'phone_number': '234.205.8113x89136', 'branch_id': 101, 'table_id': 202, 'is_prebooked': False, 'checkin_date': '2025-07-18', 'checkin_time': '16:25', 'guests_count': 5, 'shift_manager': 'Michael Davis'}
[2025-07-18T16:38:04.634+0000] {subprocess.py:93} INFO - [✓] Sent to checkins: {'checkin_id': 8848, 'customer_name': 'Brian Murphy', 'phone_number': '(977)890-9910', 'branch_id': 101, 'table_id': 202, 'is_prebooked': False, 'checkin_date': '2025-07-18', 'checkin_time': '15:33', 'guests_count': 1, 'shift_manager': 'Craig Franco'}
[2025-07-18T16:38:04.635+0000] {subprocess.py:93} INFO - [✓] Sent to feedback: {'feedback_id': 6207, 'branch_id': 102, 'customer_name': 'Michael Wagner', 'phone_number': '+1-966-389-6944x477', 'feedback_text': 'Bar teach mission rather piece.', 'rating': 2, 'dining_date': '2025-07-18', 'dining_time': '14:40', 'submission_time': '2025-07-18T16:38:01'}
[2025-07-18T16:38:04.637+0000] {subprocess.py:93} INFO - [✓] Sent to feedback: {'feedback_id': 1414, 'branch_id': 101, 'customer_name': 'Tiffany Smith', 'phone_number': '+1-927-984-9154x427', 'feedback_text': 'Civil evidence against help cup.', 'rating': 3, 'dining_date': '2025-07-18', 'dining_time': '16:21', 'submission_time': '2025-07-18T16:38:01'}
[2025-07-18T16:38:04.639+0000] {subprocess.py:93} INFO - [✓] Sent to feedback: {'feedback_id': 3233, 'branch_id': 101, 'customer_name': 'Xavier Adams', 'phone_number': '001-403-279-1073x5893', 'feedback_text': 'Standard maybe environment response.', 'rating': 4, 'dining_date': '2025-07-18', 'dining_time': '16:02', 'submission_time': '2025-07-18T16:38:01'}
[2025-07-18T16:38:04.641+0000] {subprocess.py:93} INFO - ✅ All messages sent.
[2025-07-18T16:38:04.756+0000] {subprocess.py:97} INFO - Command exited with return code 0
[2025-07-18T16:38:04.810+0000] {taskinstance.py:1400} INFO - Marking task as SUCCESS. dag_id=restaurant_pipeline, task_id=send_to_kafka, execution_date=20250718T163600, start_date=20250718T163802, end_date=20250718T163804
[2025-07-18T16:38:04.845+0000] {local_task_job_runner.py:228} INFO - Task exited with return code 0
[2025-07-18T16:38:04.885+0000] {taskinstance.py:2778} INFO - 1 downstream tasks scheduled from follow-on schedule check
