[2025-07-18T15:30:01.675+0000] {taskinstance.py:1159} INFO - Dependencies all met for dep_context=non-requeueable deps ti=<TaskInstance: restaurant_pipeline.send_to_kafka scheduled__2025-07-18T15:28:00+00:00 [queued]>
[2025-07-18T15:30:01.679+0000] {taskinstance.py:1159} INFO - Dependencies all met for dep_context=requeueable deps ti=<TaskInstance: restaurant_pipeline.send_to_kafka scheduled__2025-07-18T15:28:00+00:00 [queued]>
[2025-07-18T15:30:01.679+0000] {taskinstance.py:1361} INFO - Starting attempt 1 of 1
[2025-07-18T15:30:01.685+0000] {taskinstance.py:1382} INFO - Executing <Task(BashOperator): send_to_kafka> on 2025-07-18 15:28:00+00:00
[2025-07-18T15:30:01.688+0000] {standard_task_runner.py:57} INFO - Started process 401 to run task
[2025-07-18T15:30:01.691+0000] {standard_task_runner.py:84} INFO - Running: ['***', 'tasks', 'run', 'restaurant_pipeline', 'send_to_kafka', 'scheduled__2025-07-18T15:28:00+00:00', '--job-id', '107', '--raw', '--subdir', 'DAGS_FOLDER/restaurant_pipeline.py', '--cfg-path', '/tmp/tmp44oomqhs']
[2025-07-18T15:30:01.692+0000] {standard_task_runner.py:85} INFO - Job 107: Subtask send_to_kafka
[2025-07-18T15:30:01.716+0000] {task_command.py:416} INFO - Running <TaskInstance: restaurant_pipeline.send_to_kafka scheduled__2025-07-18T15:28:00+00:00 [running]> on host 9bcfb43e0ab7
[2025-07-18T15:30:01.753+0000] {taskinstance.py:1662} INFO - Exporting env vars: AIRFLOW_CTX_DAG_OWNER='moran' AIRFLOW_CTX_DAG_ID='restaurant_pipeline' AIRFLOW_CTX_TASK_ID='send_to_kafka' AIRFLOW_CTX_EXECUTION_DATE='2025-07-18T15:28:00+00:00' AIRFLOW_CTX_TRY_NUMBER='1' AIRFLOW_CTX_DAG_RUN_ID='scheduled__2025-07-18T15:28:00+00:00'
[2025-07-18T15:30:01.754+0000] {subprocess.py:63} INFO - Tmp dir root location: /tmp
[2025-07-18T15:30:01.754+0000] {subprocess.py:75} INFO - Running command: ['/bin/bash', '-c', 'python /opt/streaming/producer.py']
[2025-07-18T15:30:01.759+0000] {subprocess.py:86} INFO - Output:
[2025-07-18T15:30:04.012+0000] {subprocess.py:93} INFO - [✓] Sent to reservations: {'reservation_id': 3426, 'branch_id': 101, 'customer_name': 'Jessica Rivera', 'phone_number': '678.406.1021', 'reservation_date': '2025-07-18', 'reservation_time': '17:11', 'guests_count': 6, 'is_confirmed': True}
[2025-07-18T15:30:04.015+0000] {subprocess.py:93} INFO - [✓] Sent to reservations: {'reservation_id': 3358, 'branch_id': 102, 'customer_name': 'Gina Cooper', 'phone_number': '+1-477-668-9075x343', 'reservation_date': '2025-07-18', 'reservation_time': '17:19', 'guests_count': 7, 'is_confirmed': False}
[2025-07-18T15:30:04.022+0000] {subprocess.py:93} INFO - [✓] Sent to reservations: {'reservation_id': 6923, 'branch_id': 102, 'customer_name': 'Jessica Davis', 'phone_number': '+1-363-282-6887x62314', 'reservation_date': '2025-07-18', 'reservation_time': '16:43', 'guests_count': 7, 'is_confirmed': False}
[2025-07-18T15:30:04.035+0000] {subprocess.py:93} INFO - [✓] Sent to checkins: {'checkin_id': 4745, 'customer_name': 'Mary Crane', 'phone_number': '+1-269-873-5924x5750', 'branch_id': 102, 'table_id': 200, 'is_prebooked': False, 'checkin_date': '2025-07-18', 'checkin_time': '13:44', 'guests_count': 5, 'shift_manager': 'Nicholas Olson'}
[2025-07-18T15:30:04.043+0000] {subprocess.py:93} INFO - [✓] Sent to checkins: {'checkin_id': 7687, 'customer_name': 'Jessica Diaz', 'phone_number': '490-703-2454', 'branch_id': 102, 'table_id': 207, 'is_prebooked': False, 'checkin_date': '2025-07-18', 'checkin_time': '14:00', 'guests_count': 1, 'shift_manager': 'Julie Rios'}
[2025-07-18T15:30:04.046+0000] {subprocess.py:93} INFO - [✓] Sent to checkins: {'checkin_id': 1353, 'customer_name': 'Dr. Crystal Lloyd', 'phone_number': '(785)589-5495x3351', 'branch_id': 101, 'table_id': 209, 'is_prebooked': False, 'checkin_date': '2025-07-18', 'checkin_time': '14:48', 'guests_count': 2, 'shift_manager': 'Robin Williams'}
[2025-07-18T15:30:04.046+0000] {subprocess.py:93} INFO - [✓] Sent to feedback: {'feedback_id': 2410, 'branch_id': 101, 'customer_name': 'Barbara Miller', 'phone_number': '963-354-2790', 'feedback_text': 'Little energy all believe ahead media issue.', 'rating': 4, 'dining_date': '2025-07-18', 'dining_time': '14:56', 'submission_time': '2025-07-18T15:30:00'}
[2025-07-18T15:30:04.050+0000] {subprocess.py:93} INFO - [✓] Sent to feedback: {'feedback_id': 6240, 'branch_id': 101, 'customer_name': 'Derrick Anderson', 'phone_number': '(614)753-0259x03540', 'feedback_text': 'President risk wide provide.', 'rating': 4, 'dining_date': '2025-07-18', 'dining_time': '14:32', 'submission_time': '2025-07-18T15:30:00'}
[2025-07-18T15:30:04.050+0000] {subprocess.py:93} INFO - [✓] Sent to feedback: {'feedback_id': 6821, 'branch_id': 102, 'customer_name': 'Lindsay Harper', 'phone_number': '001-992-221-6751', 'feedback_text': 'Political serious task phone effect.', 'rating': 1, 'dining_date': '2025-07-18', 'dining_time': '13:49', 'submission_time': '2025-07-18T15:30:00'}
[2025-07-18T15:30:04.050+0000] {subprocess.py:93} INFO - ✅ All messages sent.
[2025-07-18T15:30:04.134+0000] {subprocess.py:97} INFO - Command exited with return code 0
[2025-07-18T15:30:04.206+0000] {taskinstance.py:1400} INFO - Marking task as SUCCESS. dag_id=restaurant_pipeline, task_id=send_to_kafka, execution_date=20250718T152800, start_date=20250718T153001, end_date=20250718T153004
[2025-07-18T15:30:04.284+0000] {local_task_job_runner.py:228} INFO - Task exited with return code 0
[2025-07-18T15:30:04.367+0000] {taskinstance.py:2778} INFO - 1 downstream tasks scheduled from follow-on schedule check
