[2025-07-18T15:58:01.393+0000] {taskinstance.py:1159} INFO - Dependencies all met for dep_context=non-requeueable deps ti=<TaskInstance: restaurant_pipeline.send_to_kafka scheduled__2025-07-18T15:56:00+00:00 [queued]>
[2025-07-18T15:58:01.397+0000] {taskinstance.py:1159} INFO - Dependencies all met for dep_context=requeueable deps ti=<TaskInstance: restaurant_pipeline.send_to_kafka scheduled__2025-07-18T15:56:00+00:00 [queued]>
[2025-07-18T15:58:01.397+0000] {taskinstance.py:1361} INFO - Starting attempt 1 of 1
[2025-07-18T15:58:01.404+0000] {taskinstance.py:1382} INFO - Executing <Task(BashOperator): send_to_kafka> on 2025-07-18 15:56:00+00:00
[2025-07-18T15:58:01.406+0000] {standard_task_runner.py:57} INFO - Started process 907 to run task
[2025-07-18T15:58:01.409+0000] {standard_task_runner.py:84} INFO - Running: ['***', 'tasks', 'run', 'restaurant_pipeline', 'send_to_kafka', 'scheduled__2025-07-18T15:56:00+00:00', '--job-id', '149', '--raw', '--subdir', 'DAGS_FOLDER/restaurant_pipeline.py', '--cfg-path', '/tmp/tmptan9_ixp']
[2025-07-18T15:58:01.410+0000] {standard_task_runner.py:85} INFO - Job 149: Subtask send_to_kafka
[2025-07-18T15:58:01.434+0000] {task_command.py:416} INFO - Running <TaskInstance: restaurant_pipeline.send_to_kafka scheduled__2025-07-18T15:56:00+00:00 [running]> on host 9bcfb43e0ab7
[2025-07-18T15:58:01.470+0000] {taskinstance.py:1662} INFO - Exporting env vars: AIRFLOW_CTX_DAG_OWNER='moran' AIRFLOW_CTX_DAG_ID='restaurant_pipeline' AIRFLOW_CTX_TASK_ID='send_to_kafka' AIRFLOW_CTX_EXECUTION_DATE='2025-07-18T15:56:00+00:00' AIRFLOW_CTX_TRY_NUMBER='1' AIRFLOW_CTX_DAG_RUN_ID='scheduled__2025-07-18T15:56:00+00:00'
[2025-07-18T15:58:01.471+0000] {subprocess.py:63} INFO - Tmp dir root location: /tmp
[2025-07-18T15:58:01.471+0000] {subprocess.py:75} INFO - Running command: ['/bin/bash', '-c', 'python /opt/streaming/producer.py']
[2025-07-18T15:58:01.476+0000] {subprocess.py:86} INFO - Output:
[2025-07-18T15:58:03.718+0000] {subprocess.py:93} INFO - [✓] Sent to reservations: {'reservation_id': 4134, 'branch_id': 102, 'customer_name': 'Mrs. Diane Ramirez', 'phone_number': '928-508-1388x7955', 'reservation_date': '2025-07-18', 'reservation_time': '17:41', 'guests_count': 8, 'is_confirmed': False}
[2025-07-18T15:58:03.720+0000] {subprocess.py:93} INFO - [✓] Sent to reservations: {'reservation_id': 4866, 'branch_id': 101, 'customer_name': 'Amy Clarke', 'phone_number': '+1-352-861-3281x646', 'reservation_date': '2025-07-18', 'reservation_time': '17:03', 'guests_count': 5, 'is_confirmed': False}
[2025-07-18T15:58:03.720+0000] {subprocess.py:93} INFO - [✓] Sent to reservations: {'reservation_id': 6313, 'branch_id': 102, 'customer_name': 'Nicole Reed', 'phone_number': '001-652-668-0003x38681', 'reservation_date': '2025-07-18', 'reservation_time': '16:31', 'guests_count': 1, 'is_confirmed': True}
[2025-07-18T15:58:03.721+0000] {subprocess.py:93} INFO - [✓] Sent to checkins: {'checkin_id': 1404, 'customer_name': 'Thomas Stout', 'phone_number': '(799)396-1536x06500', 'branch_id': 101, 'table_id': 204, 'is_prebooked': True, 'checkin_date': '2025-07-18', 'checkin_time': '14:05', 'guests_count': 6, 'shift_manager': 'Laura Benson'}
[2025-07-18T15:58:03.721+0000] {subprocess.py:93} INFO - [✓] Sent to checkins: {'checkin_id': 4045, 'customer_name': 'Michael Richmond', 'phone_number': '+1-867-909-2563x81482', 'branch_id': 102, 'table_id': 205, 'is_prebooked': True, 'checkin_date': '2025-07-18', 'checkin_time': '15:14', 'guests_count': 4, 'shift_manager': 'Miguel Austin'}
[2025-07-18T15:58:03.721+0000] {subprocess.py:93} INFO - [✓] Sent to checkins: {'checkin_id': 4928, 'customer_name': 'Christopher Johnson', 'phone_number': '(966)566-5291', 'branch_id': 102, 'table_id': 206, 'is_prebooked': True, 'checkin_date': '2025-07-18', 'checkin_time': '15:56', 'guests_count': 2, 'shift_manager': 'Jamie Kline'}
[2025-07-18T15:58:03.722+0000] {subprocess.py:93} INFO - [✓] Sent to feedback: {'feedback_id': 1181, 'branch_id': 101, 'customer_name': 'Sarah Wang', 'phone_number': '001-833-306-5867x3037', 'feedback_text': 'Place PM middle sort final.', 'rating': 4, 'dining_date': '2025-07-18', 'dining_time': '14:42', 'submission_time': '2025-07-18T15:58:00'}
[2025-07-18T15:58:03.722+0000] {subprocess.py:93} INFO - [✓] Sent to feedback: {'feedback_id': 9994, 'branch_id': 102, 'customer_name': 'Leonard Morrow', 'phone_number': '6907217331', 'feedback_text': 'Six decade debate by short.', 'rating': 2, 'dining_date': '2025-07-18', 'dining_time': '15:22', 'submission_time': '2025-07-18T15:58:00'}
[2025-07-18T15:58:03.723+0000] {subprocess.py:93} INFO - [✓] Sent to feedback: {'feedback_id': 2006, 'branch_id': 102, 'customer_name': 'Russell Rosario', 'phone_number': '(480)270-0375', 'feedback_text': 'Car draw everyone side actually home black wide.', 'rating': 2, 'dining_date': '2025-07-18', 'dining_time': '15:20', 'submission_time': '2025-07-18T15:58:00'}
[2025-07-18T15:58:03.723+0000] {subprocess.py:93} INFO - ✅ All messages sent.
[2025-07-18T15:58:03.755+0000] {subprocess.py:97} INFO - Command exited with return code 0
[2025-07-18T15:58:03.771+0000] {taskinstance.py:1400} INFO - Marking task as SUCCESS. dag_id=restaurant_pipeline, task_id=send_to_kafka, execution_date=20250718T155600, start_date=20250718T155801, end_date=20250718T155803
[2025-07-18T15:58:03.803+0000] {local_task_job_runner.py:228} INFO - Task exited with return code 0
[2025-07-18T15:58:03.830+0000] {taskinstance.py:2778} INFO - 1 downstream tasks scheduled from follow-on schedule check
