[2025-07-18T17:01:44.639+0000] {taskinstance.py:1159} INFO - Dependencies all met for dep_context=non-requeueable deps ti=<TaskInstance: restaurant_pipeline.bronze_to_silver scheduled__2025-07-18T16:58:00+00:00 [queued]>
[2025-07-18T17:01:44.644+0000] {taskinstance.py:1159} INFO - Dependencies all met for dep_context=requeueable deps ti=<TaskInstance: restaurant_pipeline.bronze_to_silver scheduled__2025-07-18T16:58:00+00:00 [queued]>
[2025-07-18T17:01:44.644+0000] {taskinstance.py:1361} INFO - Starting attempt 1 of 1
[2025-07-18T17:01:44.650+0000] {taskinstance.py:1382} INFO - Executing <Task(BashOperator): bronze_to_silver> on 2025-07-18 16:58:00+00:00
[2025-07-18T17:01:44.652+0000] {standard_task_runner.py:57} INFO - Started process 2103 to run task
[2025-07-18T17:01:44.655+0000] {standard_task_runner.py:84} INFO - Running: ['***', 'tasks', 'run', 'restaurant_pipeline', 'bronze_to_silver', 'scheduled__2025-07-18T16:58:00+00:00', '--job-id', '255', '--raw', '--subdir', 'DAGS_FOLDER/restaurant_pipeline.py', '--cfg-path', '/tmp/tmpenkh7y5v']
[2025-07-18T17:01:44.657+0000] {standard_task_runner.py:85} INFO - Job 255: Subtask bronze_to_silver
[2025-07-18T17:01:44.686+0000] {task_command.py:416} INFO - Running <TaskInstance: restaurant_pipeline.bronze_to_silver scheduled__2025-07-18T16:58:00+00:00 [running]> on host 9bcfb43e0ab7
[2025-07-18T17:01:44.727+0000] {taskinstance.py:1662} INFO - Exporting env vars: AIRFLOW_CTX_DAG_OWNER='moran' AIRFLOW_CTX_DAG_ID='restaurant_pipeline' AIRFLOW_CTX_TASK_ID='bronze_to_silver' AIRFLOW_CTX_EXECUTION_DATE='2025-07-18T16:58:00+00:00' AIRFLOW_CTX_TRY_NUMBER='1' AIRFLOW_CTX_DAG_RUN_ID='scheduled__2025-07-18T16:58:00+00:00'
[2025-07-18T17:01:44.727+0000] {subprocess.py:63} INFO - Tmp dir root location: /tmp
[2025-07-18T17:01:44.728+0000] {subprocess.py:75} INFO - Running command: ['/bin/bash', '-c', 'docker exec spark-iceberg spark-submit /home/iceberg/spark/bronze_to_silver.py']
[2025-07-18T17:01:44.732+0000] {subprocess.py:86} INFO - Output:
[2025-07-18T17:01:46.582+0000] {subprocess.py:93} INFO - 25/07/18 17:01:46 INFO SparkContext: Running Spark version 3.5.6
[2025-07-18T17:01:46.584+0000] {subprocess.py:93} INFO - 25/07/18 17:01:46 INFO SparkContext: OS info Linux, 6.10.14-linuxkit, aarch64
[2025-07-18T17:01:46.585+0000] {subprocess.py:93} INFO - 25/07/18 17:01:46 INFO SparkContext: Java version 17.0.15
[2025-07-18T17:01:46.622+0000] {subprocess.py:93} INFO - 25/07/18 17:01:46 INFO ResourceUtils: ==============================================================
[2025-07-18T17:01:46.623+0000] {subprocess.py:93} INFO - 25/07/18 17:01:46 INFO ResourceUtils: No custom resources configured for spark.driver.
[2025-07-18T17:01:46.623+0000] {subprocess.py:93} INFO - 25/07/18 17:01:46 INFO ResourceUtils: ==============================================================
[2025-07-18T17:01:46.623+0000] {subprocess.py:93} INFO - 25/07/18 17:01:46 INFO SparkContext: Submitted application: BronzeToSilver
[2025-07-18T17:01:46.650+0000] {subprocess.py:93} INFO - 25/07/18 17:01:46 INFO ResourceProfile: Default ResourceProfile created, executor resources: Map(cores -> name: cores, amount: 1, script: , vendor: , memory -> name: memory, amount: 1024, script: , vendor: , offHeap -> name: offHeap, amount: 0, script: , vendor: ), task resources: Map(cpus -> name: cpus, amount: 1.0)
[2025-07-18T17:01:46.657+0000] {subprocess.py:93} INFO - 25/07/18 17:01:46 INFO ResourceProfile: Limiting resource is cpu
[2025-07-18T17:01:46.658+0000] {subprocess.py:93} INFO - 25/07/18 17:01:46 INFO ResourceProfileManager: Added ResourceProfile id: 0
[2025-07-18T17:01:46.707+0000] {subprocess.py:93} INFO - 25/07/18 17:01:46 INFO SecurityManager: Changing view acls to: root,spark
[2025-07-18T17:01:46.710+0000] {subprocess.py:93} INFO - 25/07/18 17:01:46 INFO SecurityManager: Changing modify acls to: root,spark
[2025-07-18T17:01:46.711+0000] {subprocess.py:93} INFO - 25/07/18 17:01:46 INFO SecurityManager: Changing view acls groups to:
[2025-07-18T17:01:46.711+0000] {subprocess.py:93} INFO - 25/07/18 17:01:46 INFO SecurityManager: Changing modify acls groups to:
[2025-07-18T17:01:46.711+0000] {subprocess.py:93} INFO - 25/07/18 17:01:46 INFO SecurityManager: SecurityManager: authentication disabled; ui acls disabled; users with view permissions: root, spark; groups with view permissions: EMPTY; users with modify permissions: root, spark; groups with modify permissions: EMPTY
[2025-07-18T17:01:46.755+0000] {subprocess.py:93} INFO - 25/07/18 17:01:46 WARN NativeCodeLoader: Unable to load native-hadoop library for your platform... using builtin-java classes where applicable
[2025-07-18T17:01:47.038+0000] {subprocess.py:93} INFO - 25/07/18 17:01:47 INFO Utils: Successfully started service 'sparkDriver' on port 40159.
[2025-07-18T17:01:47.060+0000] {subprocess.py:93} INFO - 25/07/18 17:01:47 INFO SparkEnv: Registering MapOutputTracker
[2025-07-18T17:01:47.096+0000] {subprocess.py:93} INFO - 25/07/18 17:01:47 INFO SparkEnv: Registering BlockManagerMaster
[2025-07-18T17:01:47.103+0000] {subprocess.py:93} INFO - 25/07/18 17:01:47 INFO BlockManagerMasterEndpoint: Using org.apache.spark.storage.DefaultTopologyMapper for getting topology information
[2025-07-18T17:01:47.103+0000] {subprocess.py:93} INFO - 25/07/18 17:01:47 INFO BlockManagerMasterEndpoint: BlockManagerMasterEndpoint up
[2025-07-18T17:01:47.105+0000] {subprocess.py:93} INFO - 25/07/18 17:01:47 INFO SparkEnv: Registering BlockManagerMasterHeartbeat
[2025-07-18T17:01:47.117+0000] {subprocess.py:93} INFO - 25/07/18 17:01:47 INFO DiskBlockManager: Created local directory at /tmp/blockmgr-58420c1c-3312-4ce3-9c0f-1440183c10ab
[2025-07-18T17:01:47.124+0000] {subprocess.py:93} INFO - 25/07/18 17:01:47 INFO MemoryStore: MemoryStore started with capacity 434.4 MiB
[2025-07-18T17:01:47.131+0000] {subprocess.py:93} INFO - 25/07/18 17:01:47 INFO SparkEnv: Registering OutputCommitCoordinator
[2025-07-18T17:01:47.188+0000] {subprocess.py:93} INFO - 25/07/18 17:01:47 INFO JettyUtils: Start Jetty 0.0.0.0:4040 for SparkUI
[2025-07-18T17:01:47.216+0000] {subprocess.py:93} INFO - 25/07/18 17:01:47 INFO Utils: Successfully started service 'SparkUI' on port 4040.
[2025-07-18T17:01:47.270+0000] {subprocess.py:93} INFO - 25/07/18 17:01:47 INFO Executor: Starting executor ID driver on host 77cb57a6bd53
[2025-07-18T17:01:47.270+0000] {subprocess.py:93} INFO - 25/07/18 17:01:47 INFO Executor: OS info Linux, 6.10.14-linuxkit, aarch64
[2025-07-18T17:01:47.271+0000] {subprocess.py:93} INFO - 25/07/18 17:01:47 INFO Executor: Java version 17.0.15
[2025-07-18T17:01:47.274+0000] {subprocess.py:93} INFO - 25/07/18 17:01:47 INFO Executor: Starting executor with user classpath (userClassPathFirst = false): ''
[2025-07-18T17:01:47.275+0000] {subprocess.py:93} INFO - 25/07/18 17:01:47 INFO Executor: Created or updated repl class loader org.apache.spark.util.MutableURLClassLoader@361c78b for default.
[2025-07-18T17:01:47.285+0000] {subprocess.py:93} INFO - 25/07/18 17:01:47 INFO Utils: Successfully started service 'org.apache.spark.network.netty.NettyBlockTransferService' on port 46607.
[2025-07-18T17:01:47.285+0000] {subprocess.py:93} INFO - 25/07/18 17:01:47 INFO NettyBlockTransferService: Server created on 77cb57a6bd53:46607
[2025-07-18T17:01:47.286+0000] {subprocess.py:93} INFO - 25/07/18 17:01:47 INFO BlockManager: Using org.apache.spark.storage.RandomBlockReplicationPolicy for block replication policy
[2025-07-18T17:01:47.294+0000] {subprocess.py:93} INFO - 25/07/18 17:01:47 INFO BlockManagerMaster: Registering BlockManager BlockManagerId(driver, 77cb57a6bd53, 46607, None)
[2025-07-18T17:01:47.295+0000] {subprocess.py:93} INFO - 25/07/18 17:01:47 INFO BlockManagerMasterEndpoint: Registering block manager 77cb57a6bd53:46607 with 434.4 MiB RAM, BlockManagerId(driver, 77cb57a6bd53, 46607, None)
[2025-07-18T17:01:47.297+0000] {subprocess.py:93} INFO - 25/07/18 17:01:47 INFO BlockManagerMaster: Registered BlockManager BlockManagerId(driver, 77cb57a6bd53, 46607, None)
[2025-07-18T17:01:47.298+0000] {subprocess.py:93} INFO - 25/07/18 17:01:47 INFO BlockManager: Initialized BlockManager: BlockManagerId(driver, 77cb57a6bd53, 46607, None)
[2025-07-18T17:03:47.068+0000] {subprocess.py:93} INFO - 25/07/18 17:03:47 INFO SharedState: Setting hive.metastore.warehouse.dir ('null') to the value of spark.sql.warehouse.dir.
[2025-07-18T17:03:47.079+0000] {subprocess.py:93} INFO - 25/07/18 17:03:47 INFO SharedState: Warehouse path is 'file:/app/spark-warehouse'.
[2025-07-18T17:03:47.952+0000] {subprocess.py:93} INFO - 25/07/18 17:03:47 WARN MetricsConfig: Cannot locate configuration: tried hadoop-metrics2-s3a-file-system.properties,hadoop-metrics2.properties
[2025-07-18T17:03:47.964+0000] {subprocess.py:93} INFO - 25/07/18 17:03:47 INFO MetricsSystemImpl: Scheduled Metric snapshot period at 10 second(s).
[2025-07-18T17:03:47.965+0000] {subprocess.py:93} INFO - 25/07/18 17:03:47 INFO MetricsSystemImpl: s3a-file-system metrics system started
[2025-07-18T17:03:48.733+0000] {subprocess.py:93} INFO - 25/07/18 17:03:48 INFO BaseMetastoreCatalog: Table loaded by catalog: my_catalog.bronze.Reservations_raw
[2025-07-18T17:03:48.970+0000] {subprocess.py:93} INFO - 25/07/18 17:03:48 INFO BaseMetastoreCatalog: Table loaded by catalog: my_catalog.bronze.Checkins_raw
[2025-07-18T17:03:49.020+0000] {subprocess.py:93} INFO - 25/07/18 17:03:49 INFO BaseMetastoreCatalog: Table loaded by catalog: my_catalog.bronze.Feedback_raw
[2025-07-18T17:03:49.273+0000] {subprocess.py:93} INFO - Traceback (most recent call last):
[2025-07-18T17:03:49.273+0000] {subprocess.py:93} INFO -   File "/home/iceberg/spark/bronze_to_silver.py", line 25, in <module>
[2025-07-18T17:03:49.273+0000] {subprocess.py:93} INFO -     customers_df = spark.table("my_catalog.silver.customers")
[2025-07-18T17:03:49.274+0000] {subprocess.py:93} INFO -                    ^^^^^^^^^^^^^^^^^^^^^^^^^^^^^^^^^^^^^^^^^^
[2025-07-18T17:03:49.275+0000] {subprocess.py:93} INFO -   File "/opt/bitnami/spark/python/lib/pyspark.zip/pyspark/sql/session.py", line 1667, in table
[2025-07-18T17:03:49.275+0000] {subprocess.py:93} INFO -   File "/opt/bitnami/spark/python/lib/py4j-0.10.9.7-src.zip/py4j/java_gateway.py", line 1322, in __call__
[2025-07-18T17:03:49.275+0000] {subprocess.py:93} INFO -   File "/opt/bitnami/spark/python/lib/pyspark.zip/pyspark/errors/exceptions/captured.py", line 185, in deco
[2025-07-18T17:03:49.279+0000] {subprocess.py:93} INFO - pyspark.errors.exceptions.captured.AnalysisException: [TABLE_OR_VIEW_NOT_FOUND] The table or view `my_catalog`.`silver`.`customers` cannot be found. Verify the spelling and correctness of the schema and catalog.
[2025-07-18T17:03:49.279+0000] {subprocess.py:93} INFO - If you did not qualify the name with a schema, verify the current_schema() output, or qualify the name with the correct schema and catalog.
[2025-07-18T17:03:49.279+0000] {subprocess.py:93} INFO - To tolerate the error on drop use DROP VIEW IF EXISTS or DROP TABLE IF EXISTS.;
[2025-07-18T17:03:49.279+0000] {subprocess.py:93} INFO - 'UnresolvedRelation [my_catalog, silver, customers], [], false
[2025-07-18T17:03:49.279+0000] {subprocess.py:93} INFO - 
[2025-07-18T17:03:49.305+0000] {subprocess.py:93} INFO - 25/07/18 17:03:49 INFO SparkContext: Invoking stop() from shutdown hook
[2025-07-18T17:03:49.306+0000] {subprocess.py:93} INFO - 25/07/18 17:03:49 INFO SparkContext: SparkContext is stopping with exitCode 0.
[2025-07-18T17:03:49.313+0000] {subprocess.py:93} INFO - 25/07/18 17:03:49 INFO SparkUI: Stopped Spark web UI at http://77cb57a6bd53:4040
[2025-07-18T17:03:49.318+0000] {subprocess.py:93} INFO - 25/07/18 17:03:49 INFO MapOutputTrackerMasterEndpoint: MapOutputTrackerMasterEndpoint stopped!
[2025-07-18T17:03:49.331+0000] {subprocess.py:93} INFO - 25/07/18 17:03:49 INFO MemoryStore: MemoryStore cleared
[2025-07-18T17:03:49.332+0000] {subprocess.py:93} INFO - 25/07/18 17:03:49 INFO BlockManager: BlockManager stopped
[2025-07-18T17:03:49.338+0000] {subprocess.py:93} INFO - 25/07/18 17:03:49 INFO BlockManagerMaster: BlockManagerMaster stopped
[2025-07-18T17:03:49.342+0000] {subprocess.py:93} INFO - 25/07/18 17:03:49 INFO OutputCommitCoordinator$OutputCommitCoordinatorEndpoint: OutputCommitCoordinator stopped!
[2025-07-18T17:03:49.348+0000] {subprocess.py:93} INFO - 25/07/18 17:03:49 INFO SparkContext: Successfully stopped SparkContext
[2025-07-18T17:03:49.348+0000] {subprocess.py:93} INFO - 25/07/18 17:03:49 INFO ShutdownHookManager: Shutdown hook called
[2025-07-18T17:03:49.349+0000] {subprocess.py:93} INFO - 25/07/18 17:03:49 INFO ShutdownHookManager: Deleting directory /tmp/spark-b0357074-9626-4a5b-aae0-385be7c1c24d
[2025-07-18T17:03:49.350+0000] {subprocess.py:93} INFO - 25/07/18 17:03:49 INFO ShutdownHookManager: Deleting directory /tmp/spark-718bb817-c799-45bb-b2a5-155c8e34cba4/pyspark-dd413f66-03fd-46f9-8e78-89842380fa59
[2025-07-18T17:03:49.351+0000] {subprocess.py:93} INFO - 25/07/18 17:03:49 INFO ShutdownHookManager: Deleting directory /tmp/spark-718bb817-c799-45bb-b2a5-155c8e34cba4
[2025-07-18T17:03:49.355+0000] {subprocess.py:93} INFO - 25/07/18 17:03:49 INFO MetricsSystemImpl: Stopping s3a-file-system metrics system...
[2025-07-18T17:03:49.355+0000] {subprocess.py:93} INFO - 25/07/18 17:03:49 INFO MetricsSystemImpl: s3a-file-system metrics system stopped.
[2025-07-18T17:03:49.355+0000] {subprocess.py:93} INFO - 25/07/18 17:03:49 INFO MetricsSystemImpl: s3a-file-system metrics system shutdown complete.
[2025-07-18T17:03:49.384+0000] {subprocess.py:97} INFO - Command exited with return code 1
[2025-07-18T17:03:49.395+0000] {taskinstance.py:1937} ERROR - Task failed with exception
Traceback (most recent call last):
  File "/home/airflow/.local/lib/python3.8/site-packages/airflow/operators/bash.py", line 210, in execute
    raise AirflowException(
airflow.exceptions.AirflowException: Bash command failed. The command returned a non-zero exit code 1.
[2025-07-18T17:03:49.397+0000] {taskinstance.py:1400} INFO - Marking task as FAILED. dag_id=restaurant_pipeline, task_id=bronze_to_silver, execution_date=20250718T165800, start_date=20250718T170144, end_date=20250718T170349
[2025-07-18T17:03:49.404+0000] {standard_task_runner.py:104} ERROR - Failed to execute job 255 for task bronze_to_silver (Bash command failed. The command returned a non-zero exit code 1.; 2103)
[2025-07-18T17:03:49.448+0000] {local_task_job_runner.py:228} INFO - Task exited with return code 1
[2025-07-18T17:03:49.471+0000] {taskinstance.py:2778} INFO - 0 downstream tasks scheduled from follow-on schedule check
