[2025-07-19T21:59:30.140+0000] {taskinstance.py:1159} INFO - Dependencies all met for dep_context=non-requeueable deps ti=<TaskInstance: restaurant_pipeline.send_to_kafka scheduled__2025-07-19T21:56:00+00:00 [queued]>
[2025-07-19T21:59:30.147+0000] {taskinstance.py:1159} INFO - Dependencies all met for dep_context=requeueable deps ti=<TaskInstance: restaurant_pipeline.send_to_kafka scheduled__2025-07-19T21:56:00+00:00 [queued]>
[2025-07-19T21:59:30.147+0000] {taskinstance.py:1361} INFO - Starting attempt 1 of 1
[2025-07-19T21:59:30.159+0000] {taskinstance.py:1382} INFO - Executing <Task(BashOperator): send_to_kafka> on 2025-07-19 21:56:00+00:00
[2025-07-19T21:59:30.162+0000] {standard_task_runner.py:57} INFO - Started process 4909 to run task
[2025-07-19T21:59:30.164+0000] {standard_task_runner.py:84} INFO - Running: ['***', 'tasks', 'run', 'restaurant_pipeline', 'send_to_kafka', 'scheduled__2025-07-19T21:56:00+00:00', '--job-id', '1274', '--raw', '--subdir', 'DAGS_FOLDER/restaurant_pipeline.py', '--cfg-path', '/tmp/tmpl4q19skf']
[2025-07-19T21:59:30.166+0000] {standard_task_runner.py:85} INFO - Job 1274: Subtask send_to_kafka
[2025-07-19T21:59:30.194+0000] {task_command.py:416} INFO - Running <TaskInstance: restaurant_pipeline.send_to_kafka scheduled__2025-07-19T21:56:00+00:00 [running]> on host e3f5d8fc4eef
[2025-07-19T21:59:30.234+0000] {taskinstance.py:1662} INFO - Exporting env vars: AIRFLOW_CTX_DAG_OWNER='moran' AIRFLOW_CTX_DAG_ID='restaurant_pipeline' AIRFLOW_CTX_TASK_ID='send_to_kafka' AIRFLOW_CTX_EXECUTION_DATE='2025-07-19T21:56:00+00:00' AIRFLOW_CTX_TRY_NUMBER='1' AIRFLOW_CTX_DAG_RUN_ID='scheduled__2025-07-19T21:56:00+00:00'
[2025-07-19T21:59:30.234+0000] {subprocess.py:63} INFO - Tmp dir root location: /tmp
[2025-07-19T21:59:30.235+0000] {subprocess.py:75} INFO - Running command: ['/bin/bash', '-c', 'python /opt/streaming/producer.py']
[2025-07-19T21:59:30.240+0000] {subprocess.py:86} INFO - Output:
[2025-07-19T21:59:32.607+0000] {subprocess.py:93} INFO - [✓] Sent to reservations: {'reservation_id': 5953, 'branch_id': 101, 'customer_name': 'Eric Austin', 'phone_number': '+1-778-610-5417x32911', 'reservation_date': '2025-07-19', 'reservation_time': '22:36', 'guests_count': 5, 'is_confirmed': False}
[2025-07-19T21:59:32.608+0000] {subprocess.py:93} INFO - [✓] Sent to reservations: {'reservation_id': 2393, 'branch_id': 102, 'customer_name': 'Jose Banks', 'phone_number': '001-327-434-2864x85194', 'reservation_date': '2025-07-19', 'reservation_time': '23:48', 'guests_count': 2, 'is_confirmed': False}
[2025-07-19T21:59:32.608+0000] {subprocess.py:93} INFO - [✓] Sent to reservations: {'reservation_id': 3988, 'branch_id': 101, 'customer_name': 'Edward Eaton', 'phone_number': '6352266880', 'reservation_date': '2025-07-19', 'reservation_time': '22:36', 'guests_count': 5, 'is_confirmed': True}
[2025-07-19T21:59:32.609+0000] {subprocess.py:93} INFO - [✓] Sent to checkins: {'checkin_id': 3466, 'customer_name': 'Jasmine Stephens', 'phone_number': '+1-884-367-7952', 'branch_id': 102, 'table_id': 204, 'is_prebooked': True, 'checkin_date': '2025-07-19', 'checkin_time': '20:25', 'guests_count': 1, 'shift_manager': 'Ronald Pena'}
[2025-07-19T21:59:32.609+0000] {subprocess.py:93} INFO - [✓] Sent to checkins: {'checkin_id': 6128, 'customer_name': 'Matthew Diaz', 'phone_number': '001-346-691-2690x35819', 'branch_id': 102, 'table_id': 206, 'is_prebooked': True, 'checkin_date': '2025-07-19', 'checkin_time': '21:18', 'guests_count': 6, 'shift_manager': 'Amber Tyler'}
[2025-07-19T21:59:32.609+0000] {subprocess.py:93} INFO - [✓] Sent to checkins: {'checkin_id': 8634, 'customer_name': 'Timothy Moore', 'phone_number': '+1-678-433-6945', 'branch_id': 101, 'table_id': 206, 'is_prebooked': True, 'checkin_date': '2025-07-19', 'checkin_time': '21:31', 'guests_count': 6, 'shift_manager': 'John Thomas'}
[2025-07-19T21:59:32.610+0000] {subprocess.py:93} INFO - [✓] Sent to feedback: {'feedback_id': 5891, 'branch_id': 102, 'customer_name': 'Shane Chan', 'phone_number': '001-579-748-5540x2184', 'feedback_text': 'Relationship young indicate opportunity clear available national all.', 'rating': 2, 'dining_date': '2025-07-19', 'dining_time': '21:16', 'submission_time': '2025-07-19T21:59:29'}
[2025-07-19T21:59:32.610+0000] {subprocess.py:93} INFO - [✓] Sent to feedback: {'feedback_id': 4194, 'branch_id': 102, 'customer_name': 'Charles Smith', 'phone_number': '(959)619-7596x231', 'feedback_text': 'Guess blood store carry everybody to call.', 'rating': 1, 'dining_date': '2025-07-19', 'dining_time': '20:25', 'submission_time': '2025-07-19T21:59:29'}
[2025-07-19T21:59:32.612+0000] {subprocess.py:93} INFO - [✓] Sent to feedback: {'feedback_id': 3273, 'branch_id': 102, 'customer_name': 'Sarah Barker', 'phone_number': '(570)854-3821', 'feedback_text': 'Lose mission election with career improve top.', 'rating': 3, 'dining_date': '2025-07-19', 'dining_time': '21:47', 'submission_time': '2025-07-19T21:59:29'}
[2025-07-19T21:59:32.612+0000] {subprocess.py:93} INFO - ✅ All messages sent.
[2025-07-19T21:59:32.661+0000] {subprocess.py:97} INFO - Command exited with return code 0
[2025-07-19T21:59:32.680+0000] {taskinstance.py:1400} INFO - Marking task as SUCCESS. dag_id=restaurant_pipeline, task_id=send_to_kafka, execution_date=20250719T215600, start_date=20250719T215930, end_date=20250719T215932
[2025-07-19T21:59:32.708+0000] {local_task_job_runner.py:228} INFO - Task exited with return code 0
[2025-07-19T21:59:32.734+0000] {taskinstance.py:2778} INFO - 1 downstream tasks scheduled from follow-on schedule check
