[2025-07-18T19:02:26.131+0000] {taskinstance.py:1159} INFO - Dependencies all met for dep_context=non-requeueable deps ti=<TaskInstance: restaurant_pipeline.send_to_kafka manual__2025-07-18T19:00:41.350474+00:00 [queued]>
[2025-07-18T19:02:26.135+0000] {taskinstance.py:1159} INFO - Dependencies all met for dep_context=requeueable deps ti=<TaskInstance: restaurant_pipeline.send_to_kafka manual__2025-07-18T19:00:41.350474+00:00 [queued]>
[2025-07-18T19:02:26.136+0000] {taskinstance.py:1361} INFO - Starting attempt 1 of 1
[2025-07-18T19:02:26.142+0000] {taskinstance.py:1382} INFO - Executing <Task(BashOperator): send_to_kafka> on 2025-07-18 19:00:41.350474+00:00
[2025-07-18T19:02:26.144+0000] {standard_task_runner.py:57} INFO - Started process 4230 to run task
[2025-07-18T19:02:26.146+0000] {standard_task_runner.py:84} INFO - Running: ['***', 'tasks', 'run', 'restaurant_pipeline', 'send_to_kafka', 'manual__2025-07-18T19:00:41.350474+00:00', '--job-id', '455', '--raw', '--subdir', 'DAGS_FOLDER/restaurant_pipeline.py', '--cfg-path', '/tmp/tmpxxa29o2o']
[2025-07-18T19:02:26.147+0000] {standard_task_runner.py:85} INFO - Job 455: Subtask send_to_kafka
[2025-07-18T19:02:26.170+0000] {task_command.py:416} INFO - Running <TaskInstance: restaurant_pipeline.send_to_kafka manual__2025-07-18T19:00:41.350474+00:00 [running]> on host 9bcfb43e0ab7
[2025-07-18T19:02:26.205+0000] {taskinstance.py:1662} INFO - Exporting env vars: AIRFLOW_CTX_DAG_OWNER='moran' AIRFLOW_CTX_DAG_ID='restaurant_pipeline' AIRFLOW_CTX_TASK_ID='send_to_kafka' AIRFLOW_CTX_EXECUTION_DATE='2025-07-18T19:00:41.350474+00:00' AIRFLOW_CTX_TRY_NUMBER='1' AIRFLOW_CTX_DAG_RUN_ID='manual__2025-07-18T19:00:41.350474+00:00'
[2025-07-18T19:02:26.205+0000] {subprocess.py:63} INFO - Tmp dir root location: /tmp
[2025-07-18T19:02:26.206+0000] {subprocess.py:75} INFO - Running command: ['/bin/bash', '-c', 'python /opt/streaming/producer.py']
[2025-07-18T19:02:26.210+0000] {subprocess.py:86} INFO - Output:
[2025-07-18T19:02:28.456+0000] {subprocess.py:93} INFO - [✓] Sent to reservations: {'reservation_id': 2058, 'branch_id': 102, 'customer_name': 'Kimberly Hamilton', 'phone_number': '514.535.6485', 'reservation_date': '2025-07-18', 'reservation_time': '19:19', 'guests_count': 2, 'is_confirmed': False}
[2025-07-18T19:02:28.457+0000] {subprocess.py:93} INFO - [✓] Sent to reservations: {'reservation_id': 1822, 'branch_id': 102, 'customer_name': 'Mrs. Amy Ramirez DVM', 'phone_number': '+1-260-421-6595', 'reservation_date': '2025-07-18', 'reservation_time': '19:47', 'guests_count': 2, 'is_confirmed': True}
[2025-07-18T19:02:28.457+0000] {subprocess.py:93} INFO - [✓] Sent to reservations: {'reservation_id': 6398, 'branch_id': 102, 'customer_name': 'Chad Hawkins', 'phone_number': '436.492.3893x52750', 'reservation_date': '2025-07-18', 'reservation_time': '19:43', 'guests_count': 2, 'is_confirmed': False}
[2025-07-18T19:02:28.457+0000] {subprocess.py:93} INFO - [✓] Sent to checkins: {'checkin_id': 9053, 'customer_name': 'Eric Johnson', 'phone_number': '+1-960-771-0091x02159', 'branch_id': 101, 'table_id': 208, 'is_prebooked': True, 'checkin_date': '2025-07-18', 'checkin_time': '18:19', 'guests_count': 2, 'shift_manager': 'Bradley Raymond'}
[2025-07-18T19:02:28.457+0000] {subprocess.py:93} INFO - [✓] Sent to checkins: {'checkin_id': 8976, 'customer_name': 'David Thomas', 'phone_number': '942-740-3551x39128', 'branch_id': 101, 'table_id': 208, 'is_prebooked': False, 'checkin_date': '2025-07-18', 'checkin_time': '18:23', 'guests_count': 1, 'shift_manager': 'Jennifer Williams'}
[2025-07-18T19:02:28.457+0000] {subprocess.py:93} INFO - [✓] Sent to checkins: {'checkin_id': 5763, 'customer_name': 'Amanda Massey', 'phone_number': '+1-369-633-7427', 'branch_id': 102, 'table_id': 207, 'is_prebooked': True, 'checkin_date': '2025-07-18', 'checkin_time': '18:10', 'guests_count': 4, 'shift_manager': 'Robert Smith'}
[2025-07-18T19:02:28.457+0000] {subprocess.py:93} INFO - [✓] Sent to feedback: {'feedback_id': 8626, 'branch_id': 102, 'customer_name': 'Lynn Brown', 'phone_number': '306.693.3532x03369', 'feedback_text': 'Up loss score find gun really child.', 'rating': 4, 'dining_date': '2025-07-18', 'dining_time': '18:22', 'submission_time': '2025-07-18T19:02:25'}
[2025-07-18T19:02:28.457+0000] {subprocess.py:93} INFO - [✓] Sent to feedback: {'feedback_id': 8618, 'branch_id': 102, 'customer_name': 'Dean Rogers', 'phone_number': '001-511-372-8581', 'feedback_text': 'Decade member least defense mind inside.', 'rating': 1, 'dining_date': '2025-07-18', 'dining_time': '18:00', 'submission_time': '2025-07-18T19:02:25'}
[2025-07-18T19:02:28.457+0000] {subprocess.py:93} INFO - [✓] Sent to feedback: {'feedback_id': 8671, 'branch_id': 102, 'customer_name': 'Hailey Walter', 'phone_number': '001-527-453-3203x0002', 'feedback_text': 'Improve material pattern site.', 'rating': 5, 'dining_date': '2025-07-18', 'dining_time': '18:19', 'submission_time': '2025-07-18T19:02:25'}
[2025-07-18T19:02:28.457+0000] {subprocess.py:93} INFO - ✅ All messages sent.
[2025-07-18T19:02:28.489+0000] {subprocess.py:97} INFO - Command exited with return code 0
[2025-07-18T19:02:28.505+0000] {taskinstance.py:1400} INFO - Marking task as SUCCESS. dag_id=restaurant_pipeline, task_id=send_to_kafka, execution_date=20250718T190041, start_date=20250718T190226, end_date=20250718T190228
[2025-07-18T19:02:28.523+0000] {local_task_job_runner.py:228} INFO - Task exited with return code 0
[2025-07-18T19:02:28.555+0000] {taskinstance.py:2778} INFO - 1 downstream tasks scheduled from follow-on schedule check
