[2025-07-18T18:26:23.793+0000] {taskinstance.py:1159} INFO - Dependencies all met for dep_context=non-requeueable deps ti=<TaskInstance: restaurant_pipeline.send_to_kafka manual__2025-07-18T18:25:40.394911+00:00 [queued]>
[2025-07-18T18:26:23.797+0000] {taskinstance.py:1159} INFO - Dependencies all met for dep_context=requeueable deps ti=<TaskInstance: restaurant_pipeline.send_to_kafka manual__2025-07-18T18:25:40.394911+00:00 [queued]>
[2025-07-18T18:26:23.798+0000] {taskinstance.py:1361} INFO - Starting attempt 1 of 1
[2025-07-18T18:26:23.804+0000] {taskinstance.py:1382} INFO - Executing <Task(BashOperator): send_to_kafka> on 2025-07-18 18:25:40.394911+00:00
[2025-07-18T18:26:23.806+0000] {standard_task_runner.py:57} INFO - Started process 3299 to run task
[2025-07-18T18:26:23.810+0000] {standard_task_runner.py:84} INFO - Running: ['***', 'tasks', 'run', 'restaurant_pipeline', 'send_to_kafka', 'manual__2025-07-18T18:25:40.394911+00:00', '--job-id', '369', '--raw', '--subdir', 'DAGS_FOLDER/restaurant_pipeline.py', '--cfg-path', '/tmp/tmp83_fbq_h']
[2025-07-18T18:26:23.812+0000] {standard_task_runner.py:85} INFO - Job 369: Subtask send_to_kafka
[2025-07-18T18:26:23.840+0000] {task_command.py:416} INFO - Running <TaskInstance: restaurant_pipeline.send_to_kafka manual__2025-07-18T18:25:40.394911+00:00 [running]> on host 9bcfb43e0ab7
[2025-07-18T18:26:23.910+0000] {taskinstance.py:1662} INFO - Exporting env vars: AIRFLOW_CTX_DAG_OWNER='moran' AIRFLOW_CTX_DAG_ID='restaurant_pipeline' AIRFLOW_CTX_TASK_ID='send_to_kafka' AIRFLOW_CTX_EXECUTION_DATE='2025-07-18T18:25:40.394911+00:00' AIRFLOW_CTX_TRY_NUMBER='1' AIRFLOW_CTX_DAG_RUN_ID='manual__2025-07-18T18:25:40.394911+00:00'
[2025-07-18T18:26:23.911+0000] {subprocess.py:63} INFO - Tmp dir root location: /tmp
[2025-07-18T18:26:23.911+0000] {subprocess.py:75} INFO - Running command: ['/bin/bash', '-c', 'python /opt/streaming/producer.py']
[2025-07-18T18:26:23.917+0000] {subprocess.py:86} INFO - Output:
[2025-07-18T18:26:26.177+0000] {subprocess.py:93} INFO - [✓] Sent to reservations: {'reservation_id': 2496, 'branch_id': 101, 'customer_name': 'David Ball', 'phone_number': '001-313-877-1480', 'reservation_date': '2025-07-18', 'reservation_time': '18:37', 'guests_count': 6, 'is_confirmed': True}
[2025-07-18T18:26:26.181+0000] {subprocess.py:93} INFO - [✓] Sent to reservations: {'reservation_id': 2364, 'branch_id': 102, 'customer_name': 'Charles Gomez', 'phone_number': '(472)661-3940x84301', 'reservation_date': '2025-07-18', 'reservation_time': '20:11', 'guests_count': 1, 'is_confirmed': False}
[2025-07-18T18:26:26.183+0000] {subprocess.py:93} INFO - [✓] Sent to reservations: {'reservation_id': 7720, 'branch_id': 101, 'customer_name': 'Kimberly Hoffman', 'phone_number': '(245)259-0474x506', 'reservation_date': '2025-07-18', 'reservation_time': '19:53', 'guests_count': 4, 'is_confirmed': True}
[2025-07-18T18:26:26.184+0000] {subprocess.py:93} INFO - [✓] Sent to checkins: {'checkin_id': 2384, 'customer_name': 'Anne Smith', 'phone_number': '470.633.3758x47522', 'branch_id': 102, 'table_id': 200, 'is_prebooked': True, 'checkin_date': '2025-07-18', 'checkin_time': '17:59', 'guests_count': 3, 'shift_manager': 'Tyler Miller'}
[2025-07-18T18:26:26.188+0000] {subprocess.py:93} INFO - [✓] Sent to checkins: {'checkin_id': 8731, 'customer_name': 'David Weber', 'phone_number': '940.978.1292x77324', 'branch_id': 101, 'table_id': 202, 'is_prebooked': True, 'checkin_date': '2025-07-18', 'checkin_time': '17:10', 'guests_count': 2, 'shift_manager': 'Frederick Lewis'}
[2025-07-18T18:26:26.189+0000] {subprocess.py:93} INFO - [✓] Sent to checkins: {'checkin_id': 3216, 'customer_name': 'Amy Wolfe', 'phone_number': '220.352.6903', 'branch_id': 102, 'table_id': 205, 'is_prebooked': True, 'checkin_date': '2025-07-18', 'checkin_time': '16:57', 'guests_count': 5, 'shift_manager': 'Meghan Martinez'}
[2025-07-18T18:26:26.189+0000] {subprocess.py:93} INFO - [✓] Sent to feedback: {'feedback_id': 9793, 'branch_id': 102, 'customer_name': 'Joseph Perry', 'phone_number': '001-949-721-5782x3399', 'feedback_text': 'Add five baby yourself surface behavior.', 'rating': 4, 'dining_date': '2025-07-18', 'dining_time': '16:34', 'submission_time': '2025-07-18T18:26:22'}
[2025-07-18T18:26:26.189+0000] {subprocess.py:93} INFO - [✓] Sent to feedback: {'feedback_id': 7912, 'branch_id': 101, 'customer_name': 'Justin Pope', 'phone_number': '666-631-6576', 'feedback_text': 'Firm film much citizen second line write.', 'rating': 4, 'dining_date': '2025-07-18', 'dining_time': '17:57', 'submission_time': '2025-07-18T18:26:22'}
[2025-07-18T18:26:26.190+0000] {subprocess.py:93} INFO - [✓] Sent to feedback: {'feedback_id': 4122, 'branch_id': 101, 'customer_name': 'Kathryn Richards', 'phone_number': '+1-953-299-9226', 'feedback_text': 'Teach detail live letter.', 'rating': 3, 'dining_date': '2025-07-18', 'dining_time': '17:51', 'submission_time': '2025-07-18T18:26:22'}
[2025-07-18T18:26:26.190+0000] {subprocess.py:93} INFO - ✅ All messages sent.
[2025-07-18T18:26:26.233+0000] {subprocess.py:97} INFO - Command exited with return code 0
[2025-07-18T18:26:26.258+0000] {taskinstance.py:1400} INFO - Marking task as SUCCESS. dag_id=restaurant_pipeline, task_id=send_to_kafka, execution_date=20250718T182540, start_date=20250718T182623, end_date=20250718T182626
[2025-07-18T18:26:26.302+0000] {local_task_job_runner.py:228} INFO - Task exited with return code 0
[2025-07-18T18:26:26.331+0000] {taskinstance.py:2778} INFO - 1 downstream tasks scheduled from follow-on schedule check
