[2025-07-18T20:20:02.068+0000] {taskinstance.py:1159} INFO - Dependencies all met for dep_context=non-requeueable deps ti=<TaskInstance: restaurant_pipeline.send_to_kafka scheduled__2025-07-18T20:18:00+00:00 [queued]>
[2025-07-18T20:20:02.072+0000] {taskinstance.py:1159} INFO - Dependencies all met for dep_context=requeueable deps ti=<TaskInstance: restaurant_pipeline.send_to_kafka scheduled__2025-07-18T20:18:00+00:00 [queued]>
[2025-07-18T20:20:02.072+0000] {taskinstance.py:1361} INFO - Starting attempt 1 of 1
[2025-07-18T20:20:02.077+0000] {taskinstance.py:1382} INFO - Executing <Task(BashOperator): send_to_kafka> on 2025-07-18 20:18:00+00:00
[2025-07-18T20:20:02.079+0000] {standard_task_runner.py:57} INFO - Started process 6022 to run task
[2025-07-18T20:20:02.081+0000] {standard_task_runner.py:84} INFO - Running: ['***', 'tasks', 'run', 'restaurant_pipeline', 'send_to_kafka', 'scheduled__2025-07-18T20:18:00+00:00', '--job-id', '611', '--raw', '--subdir', 'DAGS_FOLDER/restaurant_pipeline.py', '--cfg-path', '/tmp/tmprnot8dp2']
[2025-07-18T20:20:02.083+0000] {standard_task_runner.py:85} INFO - Job 611: Subtask send_to_kafka
[2025-07-18T20:20:02.105+0000] {task_command.py:416} INFO - Running <TaskInstance: restaurant_pipeline.send_to_kafka scheduled__2025-07-18T20:18:00+00:00 [running]> on host 9bcfb43e0ab7
[2025-07-18T20:20:02.149+0000] {taskinstance.py:1662} INFO - Exporting env vars: AIRFLOW_CTX_DAG_OWNER='moran' AIRFLOW_CTX_DAG_ID='restaurant_pipeline' AIRFLOW_CTX_TASK_ID='send_to_kafka' AIRFLOW_CTX_EXECUTION_DATE='2025-07-18T20:18:00+00:00' AIRFLOW_CTX_TRY_NUMBER='1' AIRFLOW_CTX_DAG_RUN_ID='scheduled__2025-07-18T20:18:00+00:00'
[2025-07-18T20:20:02.151+0000] {subprocess.py:63} INFO - Tmp dir root location: /tmp
[2025-07-18T20:20:02.151+0000] {subprocess.py:75} INFO - Running command: ['/bin/bash', '-c', 'python /opt/streaming/producer.py']
[2025-07-18T20:20:02.156+0000] {subprocess.py:86} INFO - Output:
[2025-07-18T20:20:04.435+0000] {subprocess.py:93} INFO - [✓] Sent to reservations: {'reservation_id': 2457, 'branch_id': 102, 'customer_name': 'Matthew Griffith', 'phone_number': '(388)452-4791x4804', 'reservation_date': '2025-07-18', 'reservation_time': '20:35', 'guests_count': 5, 'is_confirmed': False}
[2025-07-18T20:20:04.441+0000] {subprocess.py:93} INFO - [✓] Sent to reservations: {'reservation_id': 8671, 'branch_id': 101, 'customer_name': 'Joshua Chang', 'phone_number': '+1-513-415-5310', 'reservation_date': '2025-07-18', 'reservation_time': '21:11', 'guests_count': 4, 'is_confirmed': True}
[2025-07-18T20:20:04.443+0000] {subprocess.py:93} INFO - [✓] Sent to reservations: {'reservation_id': 9861, 'branch_id': 101, 'customer_name': 'Emily Perkins', 'phone_number': '425.318.0618x897', 'reservation_date': '2025-07-18', 'reservation_time': '20:45', 'guests_count': 3, 'is_confirmed': False}
[2025-07-18T20:20:04.445+0000] {subprocess.py:93} INFO - [✓] Sent to checkins: {'checkin_id': 6015, 'customer_name': 'Michelle Burgess', 'phone_number': '662-637-1743x30684', 'branch_id': 101, 'table_id': 210, 'is_prebooked': True, 'checkin_date': '2025-07-18', 'checkin_time': '19:09', 'guests_count': 5, 'shift_manager': 'Jeremy Hamilton'}
[2025-07-18T20:20:04.445+0000] {subprocess.py:93} INFO - [✓] Sent to checkins: {'checkin_id': 5925, 'customer_name': 'Kelly Munoz', 'phone_number': '657.803.8042x484', 'branch_id': 101, 'table_id': 206, 'is_prebooked': True, 'checkin_date': '2025-07-18', 'checkin_time': '18:24', 'guests_count': 2, 'shift_manager': 'Caitlyn Morgan'}
[2025-07-18T20:20:04.445+0000] {subprocess.py:93} INFO - [✓] Sent to checkins: {'checkin_id': 4354, 'customer_name': 'Ashlee Hernandez', 'phone_number': '(671)253-5825', 'branch_id': 102, 'table_id': 204, 'is_prebooked': False, 'checkin_date': '2025-07-18', 'checkin_time': '20:04', 'guests_count': 2, 'shift_manager': 'Ruth Salas'}
[2025-07-18T20:20:04.445+0000] {subprocess.py:93} INFO - [✓] Sent to feedback: {'feedback_id': 6420, 'branch_id': 101, 'customer_name': 'Brandon Ortega', 'phone_number': '364-325-4226', 'feedback_text': 'Glass him finally left by fire another.', 'rating': 5, 'dining_date': '2025-07-18', 'dining_time': '18:50', 'submission_time': '2025-07-18T20:20:01'}
[2025-07-18T20:20:04.446+0000] {subprocess.py:93} INFO - [✓] Sent to feedback: {'feedback_id': 6038, 'branch_id': 102, 'customer_name': 'Javier Merritt', 'phone_number': '(764)960-3672', 'feedback_text': 'Laugh yard whom you must turn.', 'rating': 3, 'dining_date': '2025-07-18', 'dining_time': '18:54', 'submission_time': '2025-07-18T20:20:01'}
[2025-07-18T20:20:04.446+0000] {subprocess.py:93} INFO - [✓] Sent to feedback: {'feedback_id': 5404, 'branch_id': 102, 'customer_name': 'Justin Hester', 'phone_number': '8565128058', 'feedback_text': 'House activity nor him theory forget fund.', 'rating': 2, 'dining_date': '2025-07-18', 'dining_time': '20:00', 'submission_time': '2025-07-18T20:20:01'}
[2025-07-18T20:20:04.446+0000] {subprocess.py:93} INFO - ✅ All messages sent.
[2025-07-18T20:20:04.486+0000] {subprocess.py:97} INFO - Command exited with return code 0
[2025-07-18T20:20:04.505+0000] {taskinstance.py:1400} INFO - Marking task as SUCCESS. dag_id=restaurant_pipeline, task_id=send_to_kafka, execution_date=20250718T201800, start_date=20250718T202002, end_date=20250718T202004
[2025-07-18T20:20:04.523+0000] {local_task_job_runner.py:228} INFO - Task exited with return code 0
[2025-07-18T20:20:04.548+0000] {taskinstance.py:2778} INFO - 1 downstream tasks scheduled from follow-on schedule check
