[2025-07-19T20:40:41.243+0000] {taskinstance.py:1159} INFO - Dependencies all met for dep_context=non-requeueable deps ti=<TaskInstance: restaurant_pipeline.send_to_kafka scheduled__2025-07-19T20:38:00+00:00 [queued]>
[2025-07-19T20:40:41.247+0000] {taskinstance.py:1159} INFO - Dependencies all met for dep_context=requeueable deps ti=<TaskInstance: restaurant_pipeline.send_to_kafka scheduled__2025-07-19T20:38:00+00:00 [queued]>
[2025-07-19T20:40:41.247+0000] {taskinstance.py:1361} INFO - Starting attempt 1 of 1
[2025-07-19T20:40:41.252+0000] {taskinstance.py:1382} INFO - Executing <Task(BashOperator): send_to_kafka> on 2025-07-19 20:38:00+00:00
[2025-07-19T20:40:41.254+0000] {standard_task_runner.py:57} INFO - Started process 3664 to run task
[2025-07-19T20:40:41.256+0000] {standard_task_runner.py:84} INFO - Running: ['***', 'tasks', 'run', 'restaurant_pipeline', 'send_to_kafka', 'scheduled__2025-07-19T20:38:00+00:00', '--job-id', '1202', '--raw', '--subdir', 'DAGS_FOLDER/restaurant_pipeline.py', '--cfg-path', '/tmp/tmpe04d7ujc']
[2025-07-19T20:40:41.257+0000] {standard_task_runner.py:85} INFO - Job 1202: Subtask send_to_kafka
[2025-07-19T20:40:41.280+0000] {task_command.py:416} INFO - Running <TaskInstance: restaurant_pipeline.send_to_kafka scheduled__2025-07-19T20:38:00+00:00 [running]> on host e3f5d8fc4eef
[2025-07-19T20:40:41.325+0000] {taskinstance.py:1662} INFO - Exporting env vars: AIRFLOW_CTX_DAG_OWNER='moran' AIRFLOW_CTX_DAG_ID='restaurant_pipeline' AIRFLOW_CTX_TASK_ID='send_to_kafka' AIRFLOW_CTX_EXECUTION_DATE='2025-07-19T20:38:00+00:00' AIRFLOW_CTX_TRY_NUMBER='1' AIRFLOW_CTX_DAG_RUN_ID='scheduled__2025-07-19T20:38:00+00:00'
[2025-07-19T20:40:41.325+0000] {subprocess.py:63} INFO - Tmp dir root location: /tmp
[2025-07-19T20:40:41.326+0000] {subprocess.py:75} INFO - Running command: ['/bin/bash', '-c', 'python /opt/streaming/producer.py']
[2025-07-19T20:40:41.331+0000] {subprocess.py:86} INFO - Output:
[2025-07-19T20:40:43.609+0000] {subprocess.py:93} INFO - [✓] Sent to reservations: {'reservation_id': 5069, 'branch_id': 101, 'customer_name': 'Danielle Harris', 'phone_number': '556-539-8585x939', 'reservation_date': '2025-07-19', 'reservation_time': '22:21', 'guests_count': 1, 'is_confirmed': False}
[2025-07-19T20:40:43.611+0000] {subprocess.py:93} INFO - [✓] Sent to reservations: {'reservation_id': 9297, 'branch_id': 102, 'customer_name': 'Roberta James', 'phone_number': '650.337.0856', 'reservation_date': '2025-07-19', 'reservation_time': '22:14', 'guests_count': 4, 'is_confirmed': True}
[2025-07-19T20:40:43.611+0000] {subprocess.py:93} INFO - [✓] Sent to reservations: {'reservation_id': 6373, 'branch_id': 102, 'customer_name': 'Kevin Joseph', 'phone_number': '957.870.4304x198', 'reservation_date': '2025-07-19', 'reservation_time': '22:02', 'guests_count': 6, 'is_confirmed': True}
[2025-07-19T20:40:43.612+0000] {subprocess.py:93} INFO - [✓] Sent to checkins: {'checkin_id': 9724, 'customer_name': 'Christine Vance', 'phone_number': '469-786-2965', 'branch_id': 102, 'table_id': 208, 'is_prebooked': False, 'checkin_date': '2025-07-19', 'checkin_time': '20:39', 'guests_count': 4, 'shift_manager': 'Elizabeth Griffin'}
[2025-07-19T20:40:43.612+0000] {subprocess.py:93} INFO - [✓] Sent to checkins: {'checkin_id': 2921, 'customer_name': 'Jennifer Cox', 'phone_number': '+1-849-608-1716x95623', 'branch_id': 102, 'table_id': 209, 'is_prebooked': True, 'checkin_date': '2025-07-19', 'checkin_time': '19:33', 'guests_count': 3, 'shift_manager': 'Travis Schmidt'}
[2025-07-19T20:40:43.612+0000] {subprocess.py:93} INFO - [✓] Sent to checkins: {'checkin_id': 6494, 'customer_name': 'Vanessa Gonzalez', 'phone_number': '(337)689-5194x603', 'branch_id': 101, 'table_id': 202, 'is_prebooked': True, 'checkin_date': '2025-07-19', 'checkin_time': '19:45', 'guests_count': 2, 'shift_manager': 'Paula Hart'}
[2025-07-19T20:40:43.613+0000] {subprocess.py:93} INFO - [✓] Sent to feedback: {'feedback_id': 8957, 'branch_id': 101, 'customer_name': 'Gregory Cohen', 'phone_number': '3637544231', 'feedback_text': 'Suffer drug respond soon.', 'rating': 4, 'dining_date': '2025-07-19', 'dining_time': '19:59', 'submission_time': '2025-07-19T20:40:40'}
[2025-07-19T20:40:43.613+0000] {subprocess.py:93} INFO - [✓] Sent to feedback: {'feedback_id': 9929, 'branch_id': 101, 'customer_name': 'Lisa Hunt', 'phone_number': '001-269-439-8608', 'feedback_text': 'Sister late reduce western quite in.', 'rating': 1, 'dining_date': '2025-07-19', 'dining_time': '20:11', 'submission_time': '2025-07-19T20:40:40'}
[2025-07-19T20:40:43.614+0000] {subprocess.py:93} INFO - [✓] Sent to feedback: {'feedback_id': 1590, 'branch_id': 101, 'customer_name': 'Steven Andrews', 'phone_number': '+1-255-626-9519x45270', 'feedback_text': 'Scene understand whether see exist crime.', 'rating': 4, 'dining_date': '2025-07-19', 'dining_time': '18:51', 'submission_time': '2025-07-19T20:40:40'}
[2025-07-19T20:40:43.614+0000] {subprocess.py:93} INFO - ✅ All messages sent.
[2025-07-19T20:40:43.662+0000] {subprocess.py:97} INFO - Command exited with return code 0
[2025-07-19T20:40:43.680+0000] {taskinstance.py:1400} INFO - Marking task as SUCCESS. dag_id=restaurant_pipeline, task_id=send_to_kafka, execution_date=20250719T203800, start_date=20250719T204041, end_date=20250719T204043
[2025-07-19T20:40:43.712+0000] {local_task_job_runner.py:228} INFO - Task exited with return code 0
[2025-07-19T20:40:43.738+0000] {taskinstance.py:2778} INFO - 1 downstream tasks scheduled from follow-on schedule check
