[2025-07-18T20:50:01.580+0000] {taskinstance.py:1159} INFO - Dependencies all met for dep_context=non-requeueable deps ti=<TaskInstance: restaurant_pipeline.send_to_kafka scheduled__2025-07-18T20:48:00+00:00 [queued]>
[2025-07-18T20:50:01.584+0000] {taskinstance.py:1159} INFO - Dependencies all met for dep_context=requeueable deps ti=<TaskInstance: restaurant_pipeline.send_to_kafka scheduled__2025-07-18T20:48:00+00:00 [queued]>
[2025-07-18T20:50:01.584+0000] {taskinstance.py:1361} INFO - Starting attempt 1 of 1
[2025-07-18T20:50:01.590+0000] {taskinstance.py:1382} INFO - Executing <Task(BashOperator): send_to_kafka> on 2025-07-18 20:48:00+00:00
[2025-07-18T20:50:01.592+0000] {standard_task_runner.py:57} INFO - Started process 6542 to run task
[2025-07-18T20:50:01.594+0000] {standard_task_runner.py:84} INFO - Running: ['***', 'tasks', 'run', 'restaurant_pipeline', 'send_to_kafka', 'scheduled__2025-07-18T20:48:00+00:00', '--job-id', '656', '--raw', '--subdir', 'DAGS_FOLDER/restaurant_pipeline.py', '--cfg-path', '/tmp/tmpbyg2wiix']
[2025-07-18T20:50:01.595+0000] {standard_task_runner.py:85} INFO - Job 656: Subtask send_to_kafka
[2025-07-18T20:50:01.617+0000] {task_command.py:416} INFO - Running <TaskInstance: restaurant_pipeline.send_to_kafka scheduled__2025-07-18T20:48:00+00:00 [running]> on host 9bcfb43e0ab7
[2025-07-18T20:50:01.655+0000] {taskinstance.py:1662} INFO - Exporting env vars: AIRFLOW_CTX_DAG_OWNER='moran' AIRFLOW_CTX_DAG_ID='restaurant_pipeline' AIRFLOW_CTX_TASK_ID='send_to_kafka' AIRFLOW_CTX_EXECUTION_DATE='2025-07-18T20:48:00+00:00' AIRFLOW_CTX_TRY_NUMBER='1' AIRFLOW_CTX_DAG_RUN_ID='scheduled__2025-07-18T20:48:00+00:00'
[2025-07-18T20:50:01.656+0000] {subprocess.py:63} INFO - Tmp dir root location: /tmp
[2025-07-18T20:50:01.656+0000] {subprocess.py:75} INFO - Running command: ['/bin/bash', '-c', 'python /opt/streaming/producer.py']
[2025-07-18T20:50:01.660+0000] {subprocess.py:86} INFO - Output:
[2025-07-18T20:50:03.927+0000] {subprocess.py:93} INFO - [✓] Sent to reservations: {'reservation_id': 1879, 'branch_id': 102, 'customer_name': 'Stephen Beasley', 'phone_number': '656-474-3368x978', 'reservation_date': '2025-07-18', 'reservation_time': '21:49', 'guests_count': 4, 'is_confirmed': False}
[2025-07-18T20:50:03.933+0000] {subprocess.py:93} INFO - [✓] Sent to reservations: {'reservation_id': 8919, 'branch_id': 101, 'customer_name': 'Manuel Cooper', 'phone_number': '+1-725-828-7243x17736', 'reservation_date': '2025-07-18', 'reservation_time': '21:08', 'guests_count': 3, 'is_confirmed': True}
[2025-07-18T20:50:03.934+0000] {subprocess.py:93} INFO - [✓] Sent to reservations: {'reservation_id': 8526, 'branch_id': 101, 'customer_name': 'Spencer Tyler', 'phone_number': '001-572-795-0530x201', 'reservation_date': '2025-07-18', 'reservation_time': '22:25', 'guests_count': 5, 'is_confirmed': False}
[2025-07-18T20:50:03.934+0000] {subprocess.py:93} INFO - [✓] Sent to checkins: {'checkin_id': 1559, 'customer_name': 'Bryan Fisher', 'phone_number': '390.905.1921x5137', 'branch_id': 102, 'table_id': 209, 'is_prebooked': False, 'checkin_date': '2025-07-18', 'checkin_time': '19:00', 'guests_count': 6, 'shift_manager': 'Brett Bradford'}
[2025-07-18T20:50:03.934+0000] {subprocess.py:93} INFO - [✓] Sent to checkins: {'checkin_id': 6090, 'customer_name': 'Michele Price', 'phone_number': '826-444-5000x83130', 'branch_id': 101, 'table_id': 210, 'is_prebooked': False, 'checkin_date': '2025-07-18', 'checkin_time': '19:06', 'guests_count': 1, 'shift_manager': 'Christopher Hinton'}
[2025-07-18T20:50:03.935+0000] {subprocess.py:93} INFO - [✓] Sent to checkins: {'checkin_id': 4080, 'customer_name': 'Karen Callahan', 'phone_number': '627.225.0120x5994', 'branch_id': 102, 'table_id': 209, 'is_prebooked': True, 'checkin_date': '2025-07-18', 'checkin_time': '19:51', 'guests_count': 3, 'shift_manager': 'Thomas Burton'}
[2025-07-18T20:50:03.935+0000] {subprocess.py:93} INFO - [✓] Sent to feedback: {'feedback_id': 9780, 'branch_id': 101, 'customer_name': 'Barbara Johnson', 'phone_number': '771-995-8425', 'feedback_text': 'Animal face environmental risk rest culture attack.', 'rating': 5, 'dining_date': '2025-07-18', 'dining_time': '20:33', 'submission_time': '2025-07-18T20:50:00'}
[2025-07-18T20:50:03.935+0000] {subprocess.py:93} INFO - [✓] Sent to feedback: {'feedback_id': 2460, 'branch_id': 102, 'customer_name': 'Peter Diaz', 'phone_number': '3382652628', 'feedback_text': 'Whether conference push region.', 'rating': 4, 'dining_date': '2025-07-18', 'dining_time': '19:53', 'submission_time': '2025-07-18T20:50:00'}
[2025-07-18T20:50:03.935+0000] {subprocess.py:93} INFO - [✓] Sent to feedback: {'feedback_id': 2535, 'branch_id': 102, 'customer_name': 'Troy Robertson', 'phone_number': '422-397-3382x591', 'feedback_text': 'Rich job science painting.', 'rating': 1, 'dining_date': '2025-07-18', 'dining_time': '20:18', 'submission_time': '2025-07-18T20:50:00'}
[2025-07-18T20:50:03.936+0000] {subprocess.py:93} INFO - ✅ All messages sent.
[2025-07-18T20:50:03.977+0000] {subprocess.py:97} INFO - Command exited with return code 0
[2025-07-18T20:50:03.993+0000] {taskinstance.py:1400} INFO - Marking task as SUCCESS. dag_id=restaurant_pipeline, task_id=send_to_kafka, execution_date=20250718T204800, start_date=20250718T205001, end_date=20250718T205003
[2025-07-18T20:50:04.009+0000] {local_task_job_runner.py:228} INFO - Task exited with return code 0
[2025-07-18T20:50:04.035+0000] {taskinstance.py:2778} INFO - 1 downstream tasks scheduled from follow-on schedule check
