[2025-07-18T18:43:38.952+0000] {taskinstance.py:1159} INFO - Dependencies all met for dep_context=non-requeueable deps ti=<TaskInstance: restaurant_pipeline.send_to_kafka manual__2025-07-18T18:42:29.198705+00:00 [queued]>
[2025-07-18T18:43:38.956+0000] {taskinstance.py:1159} INFO - Dependencies all met for dep_context=requeueable deps ti=<TaskInstance: restaurant_pipeline.send_to_kafka manual__2025-07-18T18:42:29.198705+00:00 [queued]>
[2025-07-18T18:43:38.956+0000] {taskinstance.py:1361} INFO - Starting attempt 1 of 1
[2025-07-18T18:43:38.964+0000] {taskinstance.py:1382} INFO - Executing <Task(BashOperator): send_to_kafka> on 2025-07-18 18:42:29.198705+00:00
[2025-07-18T18:43:38.966+0000] {standard_task_runner.py:57} INFO - Started process 3727 to run task
[2025-07-18T18:43:38.969+0000] {standard_task_runner.py:84} INFO - Running: ['***', 'tasks', 'run', 'restaurant_pipeline', 'send_to_kafka', 'manual__2025-07-18T18:42:29.198705+00:00', '--job-id', '409', '--raw', '--subdir', 'DAGS_FOLDER/restaurant_pipeline.py', '--cfg-path', '/tmp/tmpsrgzwbob']
[2025-07-18T18:43:38.972+0000] {standard_task_runner.py:85} INFO - Job 409: Subtask send_to_kafka
[2025-07-18T18:43:38.998+0000] {task_command.py:416} INFO - Running <TaskInstance: restaurant_pipeline.send_to_kafka manual__2025-07-18T18:42:29.198705+00:00 [running]> on host 9bcfb43e0ab7
[2025-07-18T18:43:39.032+0000] {taskinstance.py:1662} INFO - Exporting env vars: AIRFLOW_CTX_DAG_OWNER='moran' AIRFLOW_CTX_DAG_ID='restaurant_pipeline' AIRFLOW_CTX_TASK_ID='send_to_kafka' AIRFLOW_CTX_EXECUTION_DATE='2025-07-18T18:42:29.198705+00:00' AIRFLOW_CTX_TRY_NUMBER='1' AIRFLOW_CTX_DAG_RUN_ID='manual__2025-07-18T18:42:29.198705+00:00'
[2025-07-18T18:43:39.033+0000] {subprocess.py:63} INFO - Tmp dir root location: /tmp
[2025-07-18T18:43:39.033+0000] {subprocess.py:75} INFO - Running command: ['/bin/bash', '-c', 'python /opt/streaming/producer.py']
[2025-07-18T18:43:39.037+0000] {subprocess.py:86} INFO - Output:
[2025-07-18T18:43:41.278+0000] {subprocess.py:93} INFO - [✓] Sent to reservations: {'reservation_id': 2486, 'branch_id': 101, 'customer_name': 'Jason Castillo', 'phone_number': '(309)831-5296x229', 'reservation_date': '2025-07-18', 'reservation_time': '19:27', 'guests_count': 5, 'is_confirmed': False}
[2025-07-18T18:43:41.281+0000] {subprocess.py:93} INFO - [✓] Sent to reservations: {'reservation_id': 8763, 'branch_id': 102, 'customer_name': 'Kathryn Knight', 'phone_number': '(845)420-4870x040', 'reservation_date': '2025-07-18', 'reservation_time': '19:21', 'guests_count': 3, 'is_confirmed': True}
[2025-07-18T18:43:41.282+0000] {subprocess.py:93} INFO - [✓] Sent to reservations: {'reservation_id': 8089, 'branch_id': 101, 'customer_name': 'Nicole Johnson', 'phone_number': '001-583-301-2745x83612', 'reservation_date': '2025-07-18', 'reservation_time': '19:59', 'guests_count': 5, 'is_confirmed': True}
[2025-07-18T18:43:41.282+0000] {subprocess.py:93} INFO - [✓] Sent to checkins: {'checkin_id': 7724, 'customer_name': 'Jeff Daniel', 'phone_number': '+1-940-804-7030', 'branch_id': 101, 'table_id': 202, 'is_prebooked': True, 'checkin_date': '2025-07-18', 'checkin_time': '17:56', 'guests_count': 1, 'shift_manager': 'Amy Terry'}
[2025-07-18T18:43:41.284+0000] {subprocess.py:93} INFO - [✓] Sent to checkins: {'checkin_id': 1489, 'customer_name': 'Lawrence Gentry', 'phone_number': '682.969.0664', 'branch_id': 101, 'table_id': 210, 'is_prebooked': True, 'checkin_date': '2025-07-18', 'checkin_time': '17:12', 'guests_count': 6, 'shift_manager': 'Kenneth Ruiz'}
[2025-07-18T18:43:41.285+0000] {subprocess.py:93} INFO - [✓] Sent to checkins: {'checkin_id': 8540, 'customer_name': 'Joshua Bates', 'phone_number': '584.242.1124', 'branch_id': 102, 'table_id': 200, 'is_prebooked': True, 'checkin_date': '2025-07-18', 'checkin_time': '17:22', 'guests_count': 3, 'shift_manager': 'Mark Travis'}
[2025-07-18T18:43:41.285+0000] {subprocess.py:93} INFO - [✓] Sent to feedback: {'feedback_id': 7758, 'branch_id': 101, 'customer_name': 'Michael Mitchell', 'phone_number': '(497)707-7118', 'feedback_text': 'Trouble game development approach until.', 'rating': 2, 'dining_date': '2025-07-18', 'dining_time': '17:56', 'submission_time': '2025-07-18T18:43:37'}
[2025-07-18T18:43:41.287+0000] {subprocess.py:93} INFO - [✓] Sent to feedback: {'feedback_id': 3453, 'branch_id': 101, 'customer_name': 'Wendy Taylor', 'phone_number': '486-912-2317x797', 'feedback_text': 'Reason candidate public executive serve.', 'rating': 1, 'dining_date': '2025-07-18', 'dining_time': '17:36', 'submission_time': '2025-07-18T18:43:37'}
[2025-07-18T18:43:41.291+0000] {subprocess.py:93} INFO - [✓] Sent to feedback: {'feedback_id': 4932, 'branch_id': 102, 'customer_name': 'Lisa Burton', 'phone_number': '2532525078', 'feedback_text': 'Reality some study marriage course police discuss.', 'rating': 4, 'dining_date': '2025-07-18', 'dining_time': '17:45', 'submission_time': '2025-07-18T18:43:37'}
[2025-07-18T18:43:41.291+0000] {subprocess.py:93} INFO - ✅ All messages sent.
[2025-07-18T18:43:41.323+0000] {subprocess.py:97} INFO - Command exited with return code 0
[2025-07-18T18:43:41.341+0000] {taskinstance.py:1400} INFO - Marking task as SUCCESS. dag_id=restaurant_pipeline, task_id=send_to_kafka, execution_date=20250718T184229, start_date=20250718T184338, end_date=20250718T184341
[2025-07-18T18:43:41.389+0000] {local_task_job_runner.py:228} INFO - Task exited with return code 0
[2025-07-18T18:43:41.424+0000] {taskinstance.py:2778} INFO - 1 downstream tasks scheduled from follow-on schedule check
