[2025-07-18T16:01:19.703+0000] {taskinstance.py:1159} INFO - Dependencies all met for dep_context=non-requeueable deps ti=<TaskInstance: restaurant_pipeline.send_to_kafka manual__2025-07-18T16:01:17.782850+00:00 [queued]>
[2025-07-18T16:01:19.707+0000] {taskinstance.py:1159} INFO - Dependencies all met for dep_context=requeueable deps ti=<TaskInstance: restaurant_pipeline.send_to_kafka manual__2025-07-18T16:01:17.782850+00:00 [queued]>
[2025-07-18T16:01:19.707+0000] {taskinstance.py:1361} INFO - Starting attempt 1 of 1
[2025-07-18T16:01:19.713+0000] {taskinstance.py:1382} INFO - Executing <Task(BashOperator): send_to_kafka> on 2025-07-18 16:01:17.782850+00:00
[2025-07-18T16:01:19.715+0000] {standard_task_runner.py:57} INFO - Started process 975 to run task
[2025-07-18T16:01:19.717+0000] {standard_task_runner.py:84} INFO - Running: ['***', 'tasks', 'run', 'restaurant_pipeline', 'send_to_kafka', 'manual__2025-07-18T16:01:17.782850+00:00', '--job-id', '155', '--raw', '--subdir', 'DAGS_FOLDER/restaurant_pipeline.py', '--cfg-path', '/tmp/tmp68p1svvf']
[2025-07-18T16:01:19.718+0000] {standard_task_runner.py:85} INFO - Job 155: Subtask send_to_kafka
[2025-07-18T16:01:19.740+0000] {task_command.py:416} INFO - Running <TaskInstance: restaurant_pipeline.send_to_kafka manual__2025-07-18T16:01:17.782850+00:00 [running]> on host 9bcfb43e0ab7
[2025-07-18T16:01:19.774+0000] {taskinstance.py:1662} INFO - Exporting env vars: AIRFLOW_CTX_DAG_OWNER='moran' AIRFLOW_CTX_DAG_ID='restaurant_pipeline' AIRFLOW_CTX_TASK_ID='send_to_kafka' AIRFLOW_CTX_EXECUTION_DATE='2025-07-18T16:01:17.782850+00:00' AIRFLOW_CTX_TRY_NUMBER='1' AIRFLOW_CTX_DAG_RUN_ID='manual__2025-07-18T16:01:17.782850+00:00'
[2025-07-18T16:01:19.774+0000] {subprocess.py:63} INFO - Tmp dir root location: /tmp
[2025-07-18T16:01:19.775+0000] {subprocess.py:75} INFO - Running command: ['/bin/bash', '-c', 'python /opt/streaming/producer.py']
[2025-07-18T16:01:19.780+0000] {subprocess.py:86} INFO - Output:
[2025-07-18T16:01:22.040+0000] {subprocess.py:93} INFO - [✓] Sent to reservations: {'reservation_id': 2060, 'branch_id': 101, 'customer_name': 'Ariel Hoffman', 'phone_number': '622.919.3608x6729', 'reservation_date': '2025-07-18', 'reservation_time': '17:30', 'guests_count': 4, 'is_confirmed': True}
[2025-07-18T16:01:22.042+0000] {subprocess.py:93} INFO - [✓] Sent to reservations: {'reservation_id': 9969, 'branch_id': 102, 'customer_name': 'Sara Taylor', 'phone_number': '318-988-0075x65953', 'reservation_date': '2025-07-18', 'reservation_time': '16:26', 'guests_count': 6, 'is_confirmed': True}
[2025-07-18T16:01:22.045+0000] {subprocess.py:93} INFO - [✓] Sent to reservations: {'reservation_id': 6412, 'branch_id': 102, 'customer_name': 'Robert Reyes', 'phone_number': '001-441-977-6837', 'reservation_date': '2025-07-18', 'reservation_time': '16:54', 'guests_count': 4, 'is_confirmed': False}
[2025-07-18T16:01:22.046+0000] {subprocess.py:93} INFO - [✓] Sent to checkins: {'checkin_id': 9312, 'customer_name': 'Russell Benton', 'phone_number': '(983)324-9202x686', 'branch_id': 101, 'table_id': 209, 'is_prebooked': True, 'checkin_date': '2025-07-18', 'checkin_time': '15:56', 'guests_count': 3, 'shift_manager': 'Kimberly Lee'}
[2025-07-18T16:01:22.046+0000] {subprocess.py:93} INFO - [✓] Sent to checkins: {'checkin_id': 1105, 'customer_name': 'Rick Espinoza', 'phone_number': '240-305-5950x7987', 'branch_id': 101, 'table_id': 206, 'is_prebooked': True, 'checkin_date': '2025-07-18', 'checkin_time': '14:49', 'guests_count': 5, 'shift_manager': 'Kristen Waters'}
[2025-07-18T16:01:22.047+0000] {subprocess.py:93} INFO - [✓] Sent to checkins: {'checkin_id': 6881, 'customer_name': 'Alex Collins', 'phone_number': '882-346-1205', 'branch_id': 101, 'table_id': 201, 'is_prebooked': False, 'checkin_date': '2025-07-18', 'checkin_time': '14:55', 'guests_count': 3, 'shift_manager': 'Heather Banks'}
[2025-07-18T16:01:22.047+0000] {subprocess.py:93} INFO - [✓] Sent to feedback: {'feedback_id': 4903, 'branch_id': 102, 'customer_name': 'Christopher Golden', 'phone_number': '9158059299', 'feedback_text': 'Even sing stay will second.', 'rating': 4, 'dining_date': '2025-07-18', 'dining_time': '14:26', 'submission_time': '2025-07-18T16:01:18'}
[2025-07-18T16:01:22.048+0000] {subprocess.py:93} INFO - [✓] Sent to feedback: {'feedback_id': 6513, 'branch_id': 102, 'customer_name': 'Robert Wright', 'phone_number': '297-599-5647x5258', 'feedback_text': 'Republican blood generation sound side decide seem thought.', 'rating': 4, 'dining_date': '2025-07-18', 'dining_time': '14:58', 'submission_time': '2025-07-18T16:01:18'}
[2025-07-18T16:01:22.048+0000] {subprocess.py:93} INFO - [✓] Sent to feedback: {'feedback_id': 4497, 'branch_id': 102, 'customer_name': 'Christopher Jones', 'phone_number': '873.200.5131x3304', 'feedback_text': 'Break door fast prepare total now.', 'rating': 4, 'dining_date': '2025-07-18', 'dining_time': '15:38', 'submission_time': '2025-07-18T16:01:18'}
[2025-07-18T16:01:22.048+0000] {subprocess.py:93} INFO - ✅ All messages sent.
[2025-07-18T16:01:22.078+0000] {subprocess.py:97} INFO - Command exited with return code 0
[2025-07-18T16:01:22.096+0000] {taskinstance.py:1400} INFO - Marking task as SUCCESS. dag_id=restaurant_pipeline, task_id=send_to_kafka, execution_date=20250718T160117, start_date=20250718T160119, end_date=20250718T160122
[2025-07-18T16:01:22.138+0000] {local_task_job_runner.py:228} INFO - Task exited with return code 0
[2025-07-18T16:01:22.166+0000] {taskinstance.py:2778} INFO - 1 downstream tasks scheduled from follow-on schedule check
