[2025-07-18T15:48:00.875+0000] {taskinstance.py:1159} INFO - Dependencies all met for dep_context=non-requeueable deps ti=<TaskInstance: restaurant_pipeline.send_to_kafka scheduled__2025-07-18T15:46:00+00:00 [queued]>
[2025-07-18T15:48:00.879+0000] {taskinstance.py:1159} INFO - Dependencies all met for dep_context=requeueable deps ti=<TaskInstance: restaurant_pipeline.send_to_kafka scheduled__2025-07-18T15:46:00+00:00 [queued]>
[2025-07-18T15:48:00.880+0000] {taskinstance.py:1361} INFO - Starting attempt 1 of 1
[2025-07-18T15:48:00.885+0000] {taskinstance.py:1382} INFO - Executing <Task(BashOperator): send_to_kafka> on 2025-07-18 15:46:00+00:00
[2025-07-18T15:48:00.888+0000] {standard_task_runner.py:57} INFO - Started process 724 to run task
[2025-07-18T15:48:00.890+0000] {standard_task_runner.py:84} INFO - Running: ['***', 'tasks', 'run', 'restaurant_pipeline', 'send_to_kafka', 'scheduled__2025-07-18T15:46:00+00:00', '--job-id', '134', '--raw', '--subdir', 'DAGS_FOLDER/restaurant_pipeline.py', '--cfg-path', '/tmp/tmpo43d8k05']
[2025-07-18T15:48:00.891+0000] {standard_task_runner.py:85} INFO - Job 134: Subtask send_to_kafka
[2025-07-18T15:48:00.914+0000] {task_command.py:416} INFO - Running <TaskInstance: restaurant_pipeline.send_to_kafka scheduled__2025-07-18T15:46:00+00:00 [running]> on host 9bcfb43e0ab7
[2025-07-18T15:48:00.950+0000] {taskinstance.py:1662} INFO - Exporting env vars: AIRFLOW_CTX_DAG_OWNER='moran' AIRFLOW_CTX_DAG_ID='restaurant_pipeline' AIRFLOW_CTX_TASK_ID='send_to_kafka' AIRFLOW_CTX_EXECUTION_DATE='2025-07-18T15:46:00+00:00' AIRFLOW_CTX_TRY_NUMBER='1' AIRFLOW_CTX_DAG_RUN_ID='scheduled__2025-07-18T15:46:00+00:00'
[2025-07-18T15:48:00.950+0000] {subprocess.py:63} INFO - Tmp dir root location: /tmp
[2025-07-18T15:48:00.951+0000] {subprocess.py:75} INFO - Running command: ['/bin/bash', '-c', 'python /opt/streaming/producer.py']
[2025-07-18T15:48:00.955+0000] {subprocess.py:86} INFO - Output:
[2025-07-18T15:48:03.217+0000] {subprocess.py:93} INFO - [✓] Sent to reservations: {'reservation_id': 6341, 'branch_id': 102, 'customer_name': 'Collin Gilbert', 'phone_number': '(346)225-5713', 'reservation_date': '2025-07-18', 'reservation_time': '16:34', 'guests_count': 5, 'is_confirmed': False}
[2025-07-18T15:48:03.223+0000] {subprocess.py:93} INFO - [✓] Sent to reservations: {'reservation_id': 6962, 'branch_id': 102, 'customer_name': 'Omar Tucker', 'phone_number': '812-364-9019x61990', 'reservation_date': '2025-07-18', 'reservation_time': '16:13', 'guests_count': 5, 'is_confirmed': True}
[2025-07-18T15:48:03.224+0000] {subprocess.py:93} INFO - [✓] Sent to reservations: {'reservation_id': 1045, 'branch_id': 102, 'customer_name': 'Matthew Martin Jr.', 'phone_number': '209-447-3078x10634', 'reservation_date': '2025-07-18', 'reservation_time': '16:21', 'guests_count': 6, 'is_confirmed': False}
[2025-07-18T15:48:03.227+0000] {subprocess.py:93} INFO - [✓] Sent to checkins: {'checkin_id': 3696, 'customer_name': 'Nathan Maddox', 'phone_number': '+1-250-792-5763x567', 'branch_id': 101, 'table_id': 206, 'is_prebooked': True, 'checkin_date': '2025-07-18', 'checkin_time': '14:51', 'guests_count': 6, 'shift_manager': 'James Hall'}
[2025-07-18T15:48:03.228+0000] {subprocess.py:93} INFO - [✓] Sent to checkins: {'checkin_id': 8561, 'customer_name': 'Robert Walker', 'phone_number': '+1-733-291-5718x1943', 'branch_id': 101, 'table_id': 200, 'is_prebooked': True, 'checkin_date': '2025-07-18', 'checkin_time': '14:30', 'guests_count': 4, 'shift_manager': 'Kimberly Page'}
[2025-07-18T15:48:03.228+0000] {subprocess.py:93} INFO - [✓] Sent to checkins: {'checkin_id': 4183, 'customer_name': 'Amanda Barrett', 'phone_number': '572.380.9407x18136', 'branch_id': 102, 'table_id': 208, 'is_prebooked': True, 'checkin_date': '2025-07-18', 'checkin_time': '15:18', 'guests_count': 4, 'shift_manager': 'Adam Richmond'}
[2025-07-18T15:48:03.228+0000] {subprocess.py:93} INFO - [✓] Sent to feedback: {'feedback_id': 4681, 'branch_id': 102, 'customer_name': 'Brenda Nguyen', 'phone_number': '001-493-814-7386x00949', 'feedback_text': 'Somebody teacher side paper card pick small.', 'rating': 2, 'dining_date': '2025-07-18', 'dining_time': '14:45', 'submission_time': '2025-07-18T15:48:00'}
[2025-07-18T15:48:03.228+0000] {subprocess.py:93} INFO - [✓] Sent to feedback: {'feedback_id': 6092, 'branch_id': 101, 'customer_name': 'William Miller', 'phone_number': '+1-974-869-6579x897', 'feedback_text': 'Place perform family training.', 'rating': 4, 'dining_date': '2025-07-18', 'dining_time': '15:28', 'submission_time': '2025-07-18T15:48:00'}
[2025-07-18T15:48:03.228+0000] {subprocess.py:93} INFO - [✓] Sent to feedback: {'feedback_id': 6521, 'branch_id': 102, 'customer_name': 'James Turner', 'phone_number': '7227350479', 'feedback_text': 'Tree spring without event phone.', 'rating': 4, 'dining_date': '2025-07-18', 'dining_time': '15:44', 'submission_time': '2025-07-18T15:48:00'}
[2025-07-18T15:48:03.229+0000] {subprocess.py:93} INFO - ✅ All messages sent.
[2025-07-18T15:48:03.279+0000] {subprocess.py:97} INFO - Command exited with return code 0
[2025-07-18T15:48:03.324+0000] {taskinstance.py:1400} INFO - Marking task as SUCCESS. dag_id=restaurant_pipeline, task_id=send_to_kafka, execution_date=20250718T154600, start_date=20250718T154800, end_date=20250718T154803
[2025-07-18T15:48:03.377+0000] {local_task_job_runner.py:228} INFO - Task exited with return code 0
[2025-07-18T15:48:03.456+0000] {taskinstance.py:2778} INFO - 1 downstream tasks scheduled from follow-on schedule check
