[2025-07-18T17:10:28.669+0000] {taskinstance.py:1159} INFO - Dependencies all met for dep_context=non-requeueable deps ti=<TaskInstance: restaurant_pipeline.send_to_kafka scheduled__2025-07-18T17:08:00+00:00 [queued]>
[2025-07-18T17:10:28.674+0000] {taskinstance.py:1159} INFO - Dependencies all met for dep_context=requeueable deps ti=<TaskInstance: restaurant_pipeline.send_to_kafka scheduled__2025-07-18T17:08:00+00:00 [queued]>
[2025-07-18T17:10:28.674+0000] {taskinstance.py:1361} INFO - Starting attempt 1 of 1
[2025-07-18T17:10:28.681+0000] {taskinstance.py:1382} INFO - Executing <Task(BashOperator): send_to_kafka> on 2025-07-18 17:08:00+00:00
[2025-07-18T17:10:28.683+0000] {standard_task_runner.py:57} INFO - Started process 2243 to run task
[2025-07-18T17:10:28.685+0000] {standard_task_runner.py:84} INFO - Running: ['***', 'tasks', 'run', 'restaurant_pipeline', 'send_to_kafka', 'scheduled__2025-07-18T17:08:00+00:00', '--job-id', '269', '--raw', '--subdir', 'DAGS_FOLDER/restaurant_pipeline.py', '--cfg-path', '/tmp/tmptzk7c8_0']
[2025-07-18T17:10:28.686+0000] {standard_task_runner.py:85} INFO - Job 269: Subtask send_to_kafka
[2025-07-18T17:10:28.714+0000] {task_command.py:416} INFO - Running <TaskInstance: restaurant_pipeline.send_to_kafka scheduled__2025-07-18T17:08:00+00:00 [running]> on host 9bcfb43e0ab7
[2025-07-18T17:10:28.754+0000] {taskinstance.py:1662} INFO - Exporting env vars: AIRFLOW_CTX_DAG_OWNER='moran' AIRFLOW_CTX_DAG_ID='restaurant_pipeline' AIRFLOW_CTX_TASK_ID='send_to_kafka' AIRFLOW_CTX_EXECUTION_DATE='2025-07-18T17:08:00+00:00' AIRFLOW_CTX_TRY_NUMBER='1' AIRFLOW_CTX_DAG_RUN_ID='scheduled__2025-07-18T17:08:00+00:00'
[2025-07-18T17:10:28.755+0000] {subprocess.py:63} INFO - Tmp dir root location: /tmp
[2025-07-18T17:10:28.755+0000] {subprocess.py:75} INFO - Running command: ['/bin/bash', '-c', 'python /opt/streaming/producer.py']
[2025-07-18T17:10:28.759+0000] {subprocess.py:86} INFO - Output:
[2025-07-18T17:10:31.050+0000] {subprocess.py:93} INFO - [✓] Sent to reservations: {'reservation_id': 8589, 'branch_id': 101, 'customer_name': 'Rebecca Kelly', 'phone_number': '001-511-450-4524x968', 'reservation_date': '2025-07-18', 'reservation_time': '18:29', 'guests_count': 4, 'is_confirmed': True}
[2025-07-18T17:10:31.053+0000] {subprocess.py:93} INFO - [✓] Sent to reservations: {'reservation_id': 5930, 'branch_id': 102, 'customer_name': 'David Brown', 'phone_number': '(774)484-0584x2743', 'reservation_date': '2025-07-18', 'reservation_time': '17:46', 'guests_count': 4, 'is_confirmed': True}
[2025-07-18T17:10:31.055+0000] {subprocess.py:93} INFO - [✓] Sent to reservations: {'reservation_id': 7635, 'branch_id': 102, 'customer_name': 'Ronald Rodriguez', 'phone_number': '001-395-446-4889', 'reservation_date': '2025-07-18', 'reservation_time': '18:56', 'guests_count': 3, 'is_confirmed': False}
[2025-07-18T17:10:31.055+0000] {subprocess.py:93} INFO - [✓] Sent to checkins: {'checkin_id': 1518, 'customer_name': 'Daniel Torres', 'phone_number': '(310)260-6332x09081', 'branch_id': 101, 'table_id': 204, 'is_prebooked': False, 'checkin_date': '2025-07-18', 'checkin_time': '16:59', 'guests_count': 6, 'shift_manager': 'William Mcintyre'}
[2025-07-18T17:10:31.057+0000] {subprocess.py:93} INFO - [✓] Sent to checkins: {'checkin_id': 2589, 'customer_name': 'Wesley Edwards', 'phone_number': '001-765-347-5176x8969', 'branch_id': 102, 'table_id': 200, 'is_prebooked': True, 'checkin_date': '2025-07-18', 'checkin_time': '16:26', 'guests_count': 6, 'shift_manager': 'Laura Smith'}
[2025-07-18T17:10:31.057+0000] {subprocess.py:93} INFO - [✓] Sent to checkins: {'checkin_id': 7492, 'customer_name': 'Sarah Porter', 'phone_number': '(811)833-3639x83964', 'branch_id': 101, 'table_id': 205, 'is_prebooked': False, 'checkin_date': '2025-07-18', 'checkin_time': '15:21', 'guests_count': 1, 'shift_manager': 'Jay Dean'}
[2025-07-18T17:10:31.058+0000] {subprocess.py:93} INFO - [✓] Sent to feedback: {'feedback_id': 4918, 'branch_id': 102, 'customer_name': 'Melissa Murphy', 'phone_number': '695.220.4473x14113', 'feedback_text': 'Step write result his modern indicate rather.', 'rating': 1, 'dining_date': '2025-07-18', 'dining_time': '16:41', 'submission_time': '2025-07-18T17:10:27'}
[2025-07-18T17:10:31.060+0000] {subprocess.py:93} INFO - [✓] Sent to feedback: {'feedback_id': 4692, 'branch_id': 102, 'customer_name': 'Michelle Gonzalez', 'phone_number': '694.335.9439x11656', 'feedback_text': 'But low partner reduce fund style pick away.', 'rating': 4, 'dining_date': '2025-07-18', 'dining_time': '15:40', 'submission_time': '2025-07-18T17:10:27'}
[2025-07-18T17:10:31.061+0000] {subprocess.py:93} INFO - [✓] Sent to feedback: {'feedback_id': 7409, 'branch_id': 102, 'customer_name': 'Shannon Walker', 'phone_number': '294.280.6930', 'feedback_text': 'Indicate maybe growth save teach both quite focus.', 'rating': 5, 'dining_date': '2025-07-18', 'dining_time': '16:39', 'submission_time': '2025-07-18T17:10:27'}
[2025-07-18T17:10:31.061+0000] {subprocess.py:93} INFO - ✅ All messages sent.
[2025-07-18T17:10:31.080+0000] {subprocess.py:97} INFO - Command exited with return code 0
[2025-07-18T17:10:31.095+0000] {taskinstance.py:1400} INFO - Marking task as SUCCESS. dag_id=restaurant_pipeline, task_id=send_to_kafka, execution_date=20250718T170800, start_date=20250718T171028, end_date=20250718T171031
[2025-07-18T17:10:31.126+0000] {local_task_job_runner.py:228} INFO - Task exited with return code 0
[2025-07-18T17:10:31.154+0000] {taskinstance.py:2778} INFO - 1 downstream tasks scheduled from follow-on schedule check
