[2025-07-18T18:12:01.940+0000] {taskinstance.py:1159} INFO - Dependencies all met for dep_context=non-requeueable deps ti=<TaskInstance: restaurant_pipeline.send_to_kafka scheduled__2025-07-18T18:10:00+00:00 [queued]>
[2025-07-18T18:12:01.946+0000] {taskinstance.py:1159} INFO - Dependencies all met for dep_context=requeueable deps ti=<TaskInstance: restaurant_pipeline.send_to_kafka scheduled__2025-07-18T18:10:00+00:00 [queued]>
[2025-07-18T18:12:01.946+0000] {taskinstance.py:1361} INFO - Starting attempt 1 of 1
[2025-07-18T18:12:01.954+0000] {taskinstance.py:1382} INFO - Executing <Task(BashOperator): send_to_kafka> on 2025-07-18 18:10:00+00:00
[2025-07-18T18:12:01.957+0000] {standard_task_runner.py:57} INFO - Started process 2927 to run task
[2025-07-18T18:12:01.959+0000] {standard_task_runner.py:84} INFO - Running: ['***', 'tasks', 'run', 'restaurant_pipeline', 'send_to_kafka', 'scheduled__2025-07-18T18:10:00+00:00', '--job-id', '333', '--raw', '--subdir', 'DAGS_FOLDER/restaurant_pipeline.py', '--cfg-path', '/tmp/tmp3vl_w16p']
[2025-07-18T18:12:01.961+0000] {standard_task_runner.py:85} INFO - Job 333: Subtask send_to_kafka
[2025-07-18T18:12:01.998+0000] {task_command.py:416} INFO - Running <TaskInstance: restaurant_pipeline.send_to_kafka scheduled__2025-07-18T18:10:00+00:00 [running]> on host 9bcfb43e0ab7
[2025-07-18T18:12:02.040+0000] {taskinstance.py:1662} INFO - Exporting env vars: AIRFLOW_CTX_DAG_OWNER='moran' AIRFLOW_CTX_DAG_ID='restaurant_pipeline' AIRFLOW_CTX_TASK_ID='send_to_kafka' AIRFLOW_CTX_EXECUTION_DATE='2025-07-18T18:10:00+00:00' AIRFLOW_CTX_TRY_NUMBER='1' AIRFLOW_CTX_DAG_RUN_ID='scheduled__2025-07-18T18:10:00+00:00'
[2025-07-18T18:12:02.041+0000] {subprocess.py:63} INFO - Tmp dir root location: /tmp
[2025-07-18T18:12:02.041+0000] {subprocess.py:75} INFO - Running command: ['/bin/bash', '-c', 'python /opt/streaming/producer.py']
[2025-07-18T18:12:02.045+0000] {subprocess.py:86} INFO - Output:
[2025-07-18T18:12:04.299+0000] {subprocess.py:93} INFO - [✓] Sent to reservations: {'reservation_id': 4070, 'branch_id': 102, 'customer_name': 'Daniel Sanchez', 'phone_number': '001-809-370-2061x2935', 'reservation_date': '2025-07-18', 'reservation_time': '19:06', 'guests_count': 1, 'is_confirmed': False}
[2025-07-18T18:12:04.303+0000] {subprocess.py:93} INFO - [✓] Sent to reservations: {'reservation_id': 6142, 'branch_id': 102, 'customer_name': 'Kenneth Bennett', 'phone_number': '+1-274-258-0141x4710', 'reservation_date': '2025-07-18', 'reservation_time': '19:45', 'guests_count': 1, 'is_confirmed': True}
[2025-07-18T18:12:04.304+0000] {subprocess.py:93} INFO - [✓] Sent to reservations: {'reservation_id': 4971, 'branch_id': 102, 'customer_name': 'Shelby Johnson', 'phone_number': '(442)502-0640x2325', 'reservation_date': '2025-07-18', 'reservation_time': '18:41', 'guests_count': 5, 'is_confirmed': False}
[2025-07-18T18:12:04.305+0000] {subprocess.py:93} INFO - [✓] Sent to checkins: {'checkin_id': 5400, 'customer_name': 'Heather Lindsey', 'phone_number': '+1-912-441-4078x8039', 'branch_id': 102, 'table_id': 204, 'is_prebooked': False, 'checkin_date': '2025-07-18', 'checkin_time': '16:28', 'guests_count': 6, 'shift_manager': 'John Burgess'}
[2025-07-18T18:12:04.307+0000] {subprocess.py:93} INFO - [✓] Sent to checkins: {'checkin_id': 6849, 'customer_name': 'Nicholas Jones', 'phone_number': '366.801.5532x88843', 'branch_id': 101, 'table_id': 200, 'is_prebooked': False, 'checkin_date': '2025-07-18', 'checkin_time': '16:24', 'guests_count': 4, 'shift_manager': 'Mr. Gary Coleman'}
[2025-07-18T18:12:04.308+0000] {subprocess.py:93} INFO - [✓] Sent to checkins: {'checkin_id': 4707, 'customer_name': 'Kelsey Gray', 'phone_number': '544.476.7073x42957', 'branch_id': 102, 'table_id': 207, 'is_prebooked': True, 'checkin_date': '2025-07-18', 'checkin_time': '17:19', 'guests_count': 4, 'shift_manager': 'Gary Garza'}
[2025-07-18T18:12:04.311+0000] {subprocess.py:93} INFO - [✓] Sent to feedback: {'feedback_id': 4878, 'branch_id': 102, 'customer_name': 'Randy Mcintyre', 'phone_number': '001-736-585-1321x2457', 'feedback_text': 'Bit generation think grow today operation.', 'rating': 3, 'dining_date': '2025-07-18', 'dining_time': '17:14', 'submission_time': '2025-07-18T18:12:01'}
[2025-07-18T18:12:04.313+0000] {subprocess.py:93} INFO - [✓] Sent to feedback: {'feedback_id': 8281, 'branch_id': 101, 'customer_name': 'Ryan Smith', 'phone_number': '967-346-2400x6937', 'feedback_text': 'Light claim father writer key.', 'rating': 4, 'dining_date': '2025-07-18', 'dining_time': '17:22', 'submission_time': '2025-07-18T18:12:01'}
[2025-07-18T18:12:04.314+0000] {subprocess.py:93} INFO - [✓] Sent to feedback: {'feedback_id': 9856, 'branch_id': 101, 'customer_name': 'Joel Young', 'phone_number': '001-923-617-2234x47413', 'feedback_text': 'Possible television stage media friend.', 'rating': 1, 'dining_date': '2025-07-18', 'dining_time': '17:30', 'submission_time': '2025-07-18T18:12:01'}
[2025-07-18T18:12:04.315+0000] {subprocess.py:93} INFO - ✅ All messages sent.
[2025-07-18T18:12:04.353+0000] {subprocess.py:97} INFO - Command exited with return code 0
[2025-07-18T18:12:04.371+0000] {taskinstance.py:1400} INFO - Marking task as SUCCESS. dag_id=restaurant_pipeline, task_id=send_to_kafka, execution_date=20250718T181000, start_date=20250718T181201, end_date=20250718T181204
[2025-07-18T18:12:04.417+0000] {local_task_job_runner.py:228} INFO - Task exited with return code 0
[2025-07-18T18:12:04.446+0000] {taskinstance.py:2778} INFO - 1 downstream tasks scheduled from follow-on schedule check
