[2025-07-19T19:39:37.660+0000] {taskinstance.py:1159} INFO - Dependencies all met for dep_context=non-requeueable deps ti=<TaskInstance: restaurant_pipeline.send_to_kafka scheduled__2025-07-19T19:36:00+00:00 [queued]>
[2025-07-19T19:39:37.666+0000] {taskinstance.py:1159} INFO - Dependencies all met for dep_context=requeueable deps ti=<TaskInstance: restaurant_pipeline.send_to_kafka scheduled__2025-07-19T19:36:00+00:00 [queued]>
[2025-07-19T19:39:37.667+0000] {taskinstance.py:1361} INFO - Starting attempt 1 of 1
[2025-07-19T19:39:37.672+0000] {taskinstance.py:1382} INFO - Executing <Task(BashOperator): send_to_kafka> on 2025-07-19 19:36:00+00:00
[2025-07-19T19:39:37.675+0000] {standard_task_runner.py:57} INFO - Started process 2536 to run task
[2025-07-19T19:39:37.677+0000] {standard_task_runner.py:84} INFO - Running: ['***', 'tasks', 'run', 'restaurant_pipeline', 'send_to_kafka', 'scheduled__2025-07-19T19:36:00+00:00', '--job-id', '1122', '--raw', '--subdir', 'DAGS_FOLDER/restaurant_pipeline.py', '--cfg-path', '/tmp/tmp0z6kz7cn']
[2025-07-19T19:39:37.678+0000] {standard_task_runner.py:85} INFO - Job 1122: Subtask send_to_kafka
[2025-07-19T19:39:37.703+0000] {task_command.py:416} INFO - Running <TaskInstance: restaurant_pipeline.send_to_kafka scheduled__2025-07-19T19:36:00+00:00 [running]> on host e3f5d8fc4eef
[2025-07-19T19:39:37.741+0000] {taskinstance.py:1662} INFO - Exporting env vars: AIRFLOW_CTX_DAG_OWNER='moran' AIRFLOW_CTX_DAG_ID='restaurant_pipeline' AIRFLOW_CTX_TASK_ID='send_to_kafka' AIRFLOW_CTX_EXECUTION_DATE='2025-07-19T19:36:00+00:00' AIRFLOW_CTX_TRY_NUMBER='1' AIRFLOW_CTX_DAG_RUN_ID='scheduled__2025-07-19T19:36:00+00:00'
[2025-07-19T19:39:37.743+0000] {subprocess.py:63} INFO - Tmp dir root location: /tmp
[2025-07-19T19:39:37.743+0000] {subprocess.py:75} INFO - Running command: ['/bin/bash', '-c', 'python /opt/streaming/producer.py']
[2025-07-19T19:39:37.747+0000] {subprocess.py:86} INFO - Output:
[2025-07-19T19:39:40.020+0000] {subprocess.py:93} INFO - [✓] Sent to reservations: {'reservation_id': 3590, 'branch_id': 101, 'customer_name': 'Christopher Clark', 'phone_number': '+1-665-209-5905x4580', 'reservation_date': '2025-07-19', 'reservation_time': '21:04', 'guests_count': 5, 'is_confirmed': True}
[2025-07-19T19:39:40.021+0000] {subprocess.py:93} INFO - [✓] Sent to reservations: {'reservation_id': 2870, 'branch_id': 102, 'customer_name': 'Brittany Orozco', 'phone_number': '469.963.8491x4387', 'reservation_date': '2025-07-19', 'reservation_time': '20:14', 'guests_count': 6, 'is_confirmed': True}
[2025-07-19T19:39:40.022+0000] {subprocess.py:93} INFO - [✓] Sent to reservations: {'reservation_id': 9333, 'branch_id': 101, 'customer_name': 'Jessica Thomas', 'phone_number': '+1-796-620-5441', 'reservation_date': '2025-07-19', 'reservation_time': '21:07', 'guests_count': 6, 'is_confirmed': False}
[2025-07-19T19:39:40.022+0000] {subprocess.py:93} INFO - [✓] Sent to checkins: {'checkin_id': 4583, 'customer_name': 'David Davis', 'phone_number': '(948)347-1284x663', 'branch_id': 102, 'table_id': 209, 'is_prebooked': False, 'checkin_date': '2025-07-19', 'checkin_time': '19:22', 'guests_count': 2, 'shift_manager': 'Cathy White'}
[2025-07-19T19:39:40.023+0000] {subprocess.py:93} INFO - [✓] Sent to checkins: {'checkin_id': 6762, 'customer_name': 'Juan Tran', 'phone_number': '+1-997-506-9419x243', 'branch_id': 101, 'table_id': 208, 'is_prebooked': True, 'checkin_date': '2025-07-19', 'checkin_time': '18:25', 'guests_count': 2, 'shift_manager': 'Jesse Garcia'}
[2025-07-19T19:39:40.023+0000] {subprocess.py:93} INFO - [✓] Sent to checkins: {'checkin_id': 7219, 'customer_name': 'Geoffrey Perez', 'phone_number': '+1-824-557-1065x11311', 'branch_id': 101, 'table_id': 208, 'is_prebooked': False, 'checkin_date': '2025-07-19', 'checkin_time': '19:35', 'guests_count': 5, 'shift_manager': 'Michele Beard'}
[2025-07-19T19:39:40.023+0000] {subprocess.py:93} INFO - [✓] Sent to feedback: {'feedback_id': 5913, 'branch_id': 101, 'customer_name': 'Angela James', 'phone_number': '242-934-1710', 'feedback_text': 'Cut perform gas condition believe fast.', 'rating': 2, 'dining_date': '2025-07-19', 'dining_time': '19:22', 'submission_time': '2025-07-19T19:39:36'}
[2025-07-19T19:39:40.023+0000] {subprocess.py:93} INFO - [✓] Sent to feedback: {'feedback_id': 9269, 'branch_id': 101, 'customer_name': 'Anna Boyd', 'phone_number': '(905)212-4892', 'feedback_text': 'Security return term against say pick.', 'rating': 4, 'dining_date': '2025-07-19', 'dining_time': '19:21', 'submission_time': '2025-07-19T19:39:36'}
[2025-07-19T19:39:40.024+0000] {subprocess.py:93} INFO - [✓] Sent to feedback: {'feedback_id': 3298, 'branch_id': 101, 'customer_name': 'Ashley Gentry', 'phone_number': '(903)654-7380', 'feedback_text': 'Act almost camera leader consider.', 'rating': 3, 'dining_date': '2025-07-19', 'dining_time': '19:01', 'submission_time': '2025-07-19T19:39:36'}
[2025-07-19T19:39:40.024+0000] {subprocess.py:93} INFO - ✅ All messages sent.
[2025-07-19T19:39:40.073+0000] {subprocess.py:97} INFO - Command exited with return code 0
[2025-07-19T19:39:40.090+0000] {taskinstance.py:1400} INFO - Marking task as SUCCESS. dag_id=restaurant_pipeline, task_id=send_to_kafka, execution_date=20250719T193600, start_date=20250719T193937, end_date=20250719T193940
[2025-07-19T19:39:40.130+0000] {local_task_job_runner.py:228} INFO - Task exited with return code 0
[2025-07-19T19:39:40.156+0000] {taskinstance.py:2778} INFO - 1 downstream tasks scheduled from follow-on schedule check
