[2025-07-19T18:48:12.544+0000] {taskinstance.py:1159} INFO - Dependencies all met for dep_context=non-requeueable deps ti=<TaskInstance: restaurant_pipeline.send_to_kafka scheduled__2025-07-19T18:46:00+00:00 [queued]>
[2025-07-19T18:48:12.548+0000] {taskinstance.py:1159} INFO - Dependencies all met for dep_context=requeueable deps ti=<TaskInstance: restaurant_pipeline.send_to_kafka scheduled__2025-07-19T18:46:00+00:00 [queued]>
[2025-07-19T18:48:12.548+0000] {taskinstance.py:1361} INFO - Starting attempt 1 of 1
[2025-07-19T18:48:12.553+0000] {taskinstance.py:1382} INFO - Executing <Task(BashOperator): send_to_kafka> on 2025-07-19 18:46:00+00:00
[2025-07-19T18:48:12.555+0000] {standard_task_runner.py:57} INFO - Started process 1438 to run task
[2025-07-19T18:48:12.557+0000] {standard_task_runner.py:84} INFO - Running: ['***', 'tasks', 'run', 'restaurant_pipeline', 'send_to_kafka', 'scheduled__2025-07-19T18:46:00+00:00', '--job-id', '1033', '--raw', '--subdir', 'DAGS_FOLDER/restaurant_pipeline.py', '--cfg-path', '/tmp/tmpinyqkcb9']
[2025-07-19T18:48:12.559+0000] {standard_task_runner.py:85} INFO - Job 1033: Subtask send_to_kafka
[2025-07-19T18:48:12.581+0000] {task_command.py:416} INFO - Running <TaskInstance: restaurant_pipeline.send_to_kafka scheduled__2025-07-19T18:46:00+00:00 [running]> on host e3f5d8fc4eef
[2025-07-19T18:48:12.619+0000] {taskinstance.py:1662} INFO - Exporting env vars: AIRFLOW_CTX_DAG_OWNER='moran' AIRFLOW_CTX_DAG_ID='restaurant_pipeline' AIRFLOW_CTX_TASK_ID='send_to_kafka' AIRFLOW_CTX_EXECUTION_DATE='2025-07-19T18:46:00+00:00' AIRFLOW_CTX_TRY_NUMBER='1' AIRFLOW_CTX_DAG_RUN_ID='scheduled__2025-07-19T18:46:00+00:00'
[2025-07-19T18:48:12.620+0000] {subprocess.py:63} INFO - Tmp dir root location: /tmp
[2025-07-19T18:48:12.620+0000] {subprocess.py:75} INFO - Running command: ['/bin/bash', '-c', 'python /opt/streaming/producer.py']
[2025-07-19T18:48:12.624+0000] {subprocess.py:86} INFO - Output:
[2025-07-19T18:48:14.856+0000] {subprocess.py:93} INFO - [✓] Sent to reservations: {'reservation_id': 9047, 'branch_id': 102, 'customer_name': 'Tim Craig', 'phone_number': '5962688371', 'reservation_date': '2025-07-19', 'reservation_time': '19:31', 'guests_count': 8, 'is_confirmed': False}
[2025-07-19T18:48:14.857+0000] {subprocess.py:93} INFO - [✓] Sent to reservations: {'reservation_id': 4628, 'branch_id': 101, 'customer_name': 'Tiffany Miller MD', 'phone_number': '001-404-588-7904x011', 'reservation_date': '2025-07-19', 'reservation_time': '20:48', 'guests_count': 8, 'is_confirmed': False}
[2025-07-19T18:48:14.858+0000] {subprocess.py:93} INFO - [✓] Sent to reservations: {'reservation_id': 2085, 'branch_id': 101, 'customer_name': 'Gary Moore', 'phone_number': '927.856.7984', 'reservation_date': '2025-07-19', 'reservation_time': '19:50', 'guests_count': 3, 'is_confirmed': True}
[2025-07-19T18:48:14.859+0000] {subprocess.py:93} INFO - [✓] Sent to checkins: {'checkin_id': 5087, 'customer_name': 'Sara Fitzpatrick', 'phone_number': '6296093956', 'branch_id': 102, 'table_id': 201, 'is_prebooked': False, 'checkin_date': '2025-07-19', 'checkin_time': '17:34', 'guests_count': 4, 'shift_manager': 'Terrence Gomez'}
[2025-07-19T18:48:14.859+0000] {subprocess.py:93} INFO - [✓] Sent to checkins: {'checkin_id': 7017, 'customer_name': 'Jennifer Juarez', 'phone_number': '(976)747-0089x290', 'branch_id': 102, 'table_id': 206, 'is_prebooked': False, 'checkin_date': '2025-07-19', 'checkin_time': '18:22', 'guests_count': 5, 'shift_manager': 'Brandon Peterson'}
[2025-07-19T18:48:14.860+0000] {subprocess.py:93} INFO - [✓] Sent to checkins: {'checkin_id': 4796, 'customer_name': 'Cynthia Young', 'phone_number': '001-637-900-3605x424', 'branch_id': 101, 'table_id': 204, 'is_prebooked': False, 'checkin_date': '2025-07-19', 'checkin_time': '17:28', 'guests_count': 2, 'shift_manager': 'James Williams'}
[2025-07-19T18:48:14.860+0000] {subprocess.py:93} INFO - [✓] Sent to feedback: {'feedback_id': 8865, 'branch_id': 102, 'customer_name': 'Peter Williams', 'phone_number': '001-503-469-4473x8996', 'feedback_text': 'Work light forward peace.', 'rating': 4, 'dining_date': '2025-07-19', 'dining_time': '17:03', 'submission_time': '2025-07-19T18:48:11'}
[2025-07-19T18:48:14.861+0000] {subprocess.py:93} INFO - [✓] Sent to feedback: {'feedback_id': 6390, 'branch_id': 101, 'customer_name': 'Robin Molina', 'phone_number': '001-298-411-5135x24346', 'feedback_text': 'Religious right wait hotel choice similar.', 'rating': 3, 'dining_date': '2025-07-19', 'dining_time': '18:10', 'submission_time': '2025-07-19T18:48:11'}
[2025-07-19T18:48:14.861+0000] {subprocess.py:93} INFO - [✓] Sent to feedback: {'feedback_id': 7698, 'branch_id': 102, 'customer_name': 'Stefanie Thomas', 'phone_number': '+1-364-257-5714x917', 'feedback_text': 'Compare cover body almost.', 'rating': 5, 'dining_date': '2025-07-19', 'dining_time': '18:38', 'submission_time': '2025-07-19T18:48:11'}
[2025-07-19T18:48:14.862+0000] {subprocess.py:93} INFO - ✅ All messages sent.
[2025-07-19T18:48:14.916+0000] {subprocess.py:97} INFO - Command exited with return code 0
[2025-07-19T18:48:14.945+0000] {taskinstance.py:1400} INFO - Marking task as SUCCESS. dag_id=restaurant_pipeline, task_id=send_to_kafka, execution_date=20250719T184600, start_date=20250719T184812, end_date=20250719T184814
[2025-07-19T18:48:14.985+0000] {local_task_job_runner.py:228} INFO - Task exited with return code 0
[2025-07-19T18:48:15.016+0000] {taskinstance.py:2778} INFO - 1 downstream tasks scheduled from follow-on schedule check
