[2025-07-19T21:26:47.827+0000] {taskinstance.py:1159} INFO - Dependencies all met for dep_context=non-requeueable deps ti=<TaskInstance: restaurant_pipeline.send_to_kafka scheduled__2025-07-19T21:24:00+00:00 [queued]>
[2025-07-19T21:26:47.831+0000] {taskinstance.py:1159} INFO - Dependencies all met for dep_context=requeueable deps ti=<TaskInstance: restaurant_pipeline.send_to_kafka scheduled__2025-07-19T21:24:00+00:00 [queued]>
[2025-07-19T21:26:47.832+0000] {taskinstance.py:1361} INFO - Starting attempt 1 of 1
[2025-07-19T21:26:47.837+0000] {taskinstance.py:1382} INFO - Executing <Task(BashOperator): send_to_kafka> on 2025-07-19 21:24:00+00:00
[2025-07-19T21:26:47.839+0000] {standard_task_runner.py:57} INFO - Started process 4432 to run task
[2025-07-19T21:26:47.841+0000] {standard_task_runner.py:84} INFO - Running: ['***', 'tasks', 'run', 'restaurant_pipeline', 'send_to_kafka', 'scheduled__2025-07-19T21:24:00+00:00', '--job-id', '1250', '--raw', '--subdir', 'DAGS_FOLDER/restaurant_pipeline.py', '--cfg-path', '/tmp/tmpx7g2th24']
[2025-07-19T21:26:47.844+0000] {standard_task_runner.py:85} INFO - Job 1250: Subtask send_to_kafka
[2025-07-19T21:26:47.868+0000] {task_command.py:416} INFO - Running <TaskInstance: restaurant_pipeline.send_to_kafka scheduled__2025-07-19T21:24:00+00:00 [running]> on host e3f5d8fc4eef
[2025-07-19T21:26:47.907+0000] {taskinstance.py:1662} INFO - Exporting env vars: AIRFLOW_CTX_DAG_OWNER='moran' AIRFLOW_CTX_DAG_ID='restaurant_pipeline' AIRFLOW_CTX_TASK_ID='send_to_kafka' AIRFLOW_CTX_EXECUTION_DATE='2025-07-19T21:24:00+00:00' AIRFLOW_CTX_TRY_NUMBER='1' AIRFLOW_CTX_DAG_RUN_ID='scheduled__2025-07-19T21:24:00+00:00'
[2025-07-19T21:26:47.907+0000] {subprocess.py:63} INFO - Tmp dir root location: /tmp
[2025-07-19T21:26:47.908+0000] {subprocess.py:75} INFO - Running command: ['/bin/bash', '-c', 'python /opt/streaming/producer.py']
[2025-07-19T21:26:47.913+0000] {subprocess.py:86} INFO - Output:
[2025-07-19T21:26:50.323+0000] {subprocess.py:93} INFO - [✓] Sent to reservations: {'reservation_id': 9150, 'branch_id': 101, 'customer_name': 'Kevin Allen', 'phone_number': '728.893.8919x445', 'reservation_date': '2025-07-19', 'reservation_time': '22:26', 'guests_count': 2, 'is_confirmed': False}
[2025-07-19T21:26:50.324+0000] {subprocess.py:93} INFO - [✓] Sent to reservations: {'reservation_id': 7413, 'branch_id': 102, 'customer_name': 'Yolanda Lopez', 'phone_number': '787-756-4004x2049', 'reservation_date': '2025-07-19', 'reservation_time': '22:20', 'guests_count': 2, 'is_confirmed': True}
[2025-07-19T21:26:50.324+0000] {subprocess.py:93} INFO - [✓] Sent to reservations: {'reservation_id': 2656, 'branch_id': 101, 'customer_name': 'Christian Martin', 'phone_number': '4267482379', 'reservation_date': '2025-07-19', 'reservation_time': '22:24', 'guests_count': 6, 'is_confirmed': True}
[2025-07-19T21:26:50.325+0000] {subprocess.py:93} INFO - [✓] Sent to checkins: {'checkin_id': 2635, 'customer_name': 'Melissa Lynch', 'phone_number': '792.939.9722', 'branch_id': 101, 'table_id': 205, 'is_prebooked': False, 'checkin_date': '2025-07-19', 'checkin_time': '20:34', 'guests_count': 6, 'shift_manager': 'Jessica Villa'}
[2025-07-19T21:26:50.326+0000] {subprocess.py:93} INFO - [✓] Sent to checkins: {'checkin_id': 1665, 'customer_name': 'Arthur Kim', 'phone_number': '9069742147', 'branch_id': 102, 'table_id': 201, 'is_prebooked': False, 'checkin_date': '2025-07-19', 'checkin_time': '20:57', 'guests_count': 3, 'shift_manager': 'Eugene Sharp'}
[2025-07-19T21:26:50.326+0000] {subprocess.py:93} INFO - [✓] Sent to checkins: {'checkin_id': 8703, 'customer_name': 'Daniel Banks', 'phone_number': '445-399-7754x489', 'branch_id': 101, 'table_id': 208, 'is_prebooked': True, 'checkin_date': '2025-07-19', 'checkin_time': '20:42', 'guests_count': 1, 'shift_manager': 'Jared Jones'}
[2025-07-19T21:26:50.327+0000] {subprocess.py:93} INFO - [✓] Sent to feedback: {'feedback_id': 9989, 'branch_id': 102, 'customer_name': 'Sandra Walker', 'phone_number': '769.504.5135', 'feedback_text': 'Crime skill them difficult toward.', 'rating': 5, 'dining_date': '2025-07-19', 'dining_time': '19:55', 'submission_time': '2025-07-19T21:26:46'}
[2025-07-19T21:26:50.327+0000] {subprocess.py:93} INFO - [✓] Sent to feedback: {'feedback_id': 3616, 'branch_id': 101, 'customer_name': 'Shannon Lane', 'phone_number': '622.807.8732x7563', 'feedback_text': 'Success artist follow ball effect.', 'rating': 3, 'dining_date': '2025-07-19', 'dining_time': '21:26', 'submission_time': '2025-07-19T21:26:46'}
[2025-07-19T21:26:50.328+0000] {subprocess.py:93} INFO - [✓] Sent to feedback: {'feedback_id': 9224, 'branch_id': 101, 'customer_name': 'Shawn Freeman', 'phone_number': '001-609-527-9252', 'feedback_text': 'There within give.', 'rating': 5, 'dining_date': '2025-07-19', 'dining_time': '20:18', 'submission_time': '2025-07-19T21:26:46'}
[2025-07-19T21:26:50.328+0000] {subprocess.py:93} INFO - ✅ All messages sent.
[2025-07-19T21:26:50.373+0000] {subprocess.py:97} INFO - Command exited with return code 0
[2025-07-19T21:26:50.392+0000] {taskinstance.py:1400} INFO - Marking task as SUCCESS. dag_id=restaurant_pipeline, task_id=send_to_kafka, execution_date=20250719T212400, start_date=20250719T212647, end_date=20250719T212650
[2025-07-19T21:26:50.422+0000] {local_task_job_runner.py:228} INFO - Task exited with return code 0
[2025-07-19T21:26:50.449+0000] {taskinstance.py:2778} INFO - 1 downstream tasks scheduled from follow-on schedule check
