[2025-07-19T20:23:46.803+0000] {taskinstance.py:1159} INFO - Dependencies all met for dep_context=non-requeueable deps ti=<TaskInstance: restaurant_pipeline.send_to_kafka scheduled__2025-07-19T20:20:00+00:00 [queued]>
[2025-07-19T20:23:46.807+0000] {taskinstance.py:1159} INFO - Dependencies all met for dep_context=requeueable deps ti=<TaskInstance: restaurant_pipeline.send_to_kafka scheduled__2025-07-19T20:20:00+00:00 [queued]>
[2025-07-19T20:23:46.807+0000] {taskinstance.py:1361} INFO - Starting attempt 1 of 1
[2025-07-19T20:23:46.813+0000] {taskinstance.py:1382} INFO - Executing <Task(BashOperator): send_to_kafka> on 2025-07-19 20:20:00+00:00
[2025-07-19T20:23:46.816+0000] {standard_task_runner.py:57} INFO - Started process 3363 to run task
[2025-07-19T20:23:46.818+0000] {standard_task_runner.py:84} INFO - Running: ['***', 'tasks', 'run', 'restaurant_pipeline', 'send_to_kafka', 'scheduled__2025-07-19T20:20:00+00:00', '--job-id', '1182', '--raw', '--subdir', 'DAGS_FOLDER/restaurant_pipeline.py', '--cfg-path', '/tmp/tmpzhkicbka']
[2025-07-19T20:23:46.820+0000] {standard_task_runner.py:85} INFO - Job 1182: Subtask send_to_kafka
[2025-07-19T20:23:46.845+0000] {task_command.py:416} INFO - Running <TaskInstance: restaurant_pipeline.send_to_kafka scheduled__2025-07-19T20:20:00+00:00 [running]> on host e3f5d8fc4eef
[2025-07-19T20:23:46.898+0000] {taskinstance.py:1662} INFO - Exporting env vars: AIRFLOW_CTX_DAG_OWNER='moran' AIRFLOW_CTX_DAG_ID='restaurant_pipeline' AIRFLOW_CTX_TASK_ID='send_to_kafka' AIRFLOW_CTX_EXECUTION_DATE='2025-07-19T20:20:00+00:00' AIRFLOW_CTX_TRY_NUMBER='1' AIRFLOW_CTX_DAG_RUN_ID='scheduled__2025-07-19T20:20:00+00:00'
[2025-07-19T20:23:46.899+0000] {subprocess.py:63} INFO - Tmp dir root location: /tmp
[2025-07-19T20:23:46.900+0000] {subprocess.py:75} INFO - Running command: ['/bin/bash', '-c', 'python /opt/streaming/producer.py']
[2025-07-19T20:23:46.905+0000] {subprocess.py:86} INFO - Output:
[2025-07-19T20:23:49.317+0000] {subprocess.py:93} INFO - [✓] Sent to reservations: {'reservation_id': 2471, 'branch_id': 101, 'customer_name': 'Elizabeth Garcia', 'phone_number': '744-334-2209', 'reservation_date': '2025-07-19', 'reservation_time': '21:43', 'guests_count': 4, 'is_confirmed': False}
[2025-07-19T20:23:49.319+0000] {subprocess.py:93} INFO - [✓] Sent to reservations: {'reservation_id': 9281, 'branch_id': 102, 'customer_name': 'James Floyd', 'phone_number': '(817)304-6429x2884', 'reservation_date': '2025-07-19', 'reservation_time': '22:21', 'guests_count': 6, 'is_confirmed': True}
[2025-07-19T20:23:49.319+0000] {subprocess.py:93} INFO - [✓] Sent to reservations: {'reservation_id': 9578, 'branch_id': 102, 'customer_name': 'Robert Singh', 'phone_number': '001-891-673-1330x80706', 'reservation_date': '2025-07-19', 'reservation_time': '21:28', 'guests_count': 6, 'is_confirmed': False}
[2025-07-19T20:23:49.320+0000] {subprocess.py:93} INFO - [✓] Sent to checkins: {'checkin_id': 5507, 'customer_name': 'Rebecca Pena', 'phone_number': '6653500872', 'branch_id': 101, 'table_id': 202, 'is_prebooked': False, 'checkin_date': '2025-07-19', 'checkin_time': '19:31', 'guests_count': 2, 'shift_manager': 'Paul Banks'}
[2025-07-19T20:23:49.320+0000] {subprocess.py:93} INFO - [✓] Sent to checkins: {'checkin_id': 2285, 'customer_name': 'Jennifer Foster MD', 'phone_number': '(402)395-8979x515', 'branch_id': 102, 'table_id': 202, 'is_prebooked': True, 'checkin_date': '2025-07-19', 'checkin_time': '18:41', 'guests_count': 6, 'shift_manager': 'Timothy Sexton'}
[2025-07-19T20:23:49.321+0000] {subprocess.py:93} INFO - [✓] Sent to checkins: {'checkin_id': 2924, 'customer_name': 'Kyle House', 'phone_number': '811.410.1903', 'branch_id': 101, 'table_id': 210, 'is_prebooked': False, 'checkin_date': '2025-07-19', 'checkin_time': '19:02', 'guests_count': 1, 'shift_manager': 'Theresa West'}
[2025-07-19T20:23:49.321+0000] {subprocess.py:93} INFO - [✓] Sent to feedback: {'feedback_id': 2404, 'branch_id': 101, 'customer_name': 'Alfred Paul', 'phone_number': '(348)496-9352x35691', 'feedback_text': 'Agency thank west wear.', 'rating': 1, 'dining_date': '2025-07-19', 'dining_time': '20:09', 'submission_time': '2025-07-19T20:23:45'}
[2025-07-19T20:23:49.322+0000] {subprocess.py:93} INFO - [✓] Sent to feedback: {'feedback_id': 1966, 'branch_id': 102, 'customer_name': 'Kayla Shaw', 'phone_number': '(845)753-5745', 'feedback_text': 'While professor throughout interesting moment young star.', 'rating': 2, 'dining_date': '2025-07-19', 'dining_time': '18:28', 'submission_time': '2025-07-19T20:23:45'}
[2025-07-19T20:23:49.323+0000] {subprocess.py:93} INFO - [✓] Sent to feedback: {'feedback_id': 1835, 'branch_id': 101, 'customer_name': 'Heather Saunders', 'phone_number': '881.686.2872', 'feedback_text': 'Sister say they although standard.', 'rating': 2, 'dining_date': '2025-07-19', 'dining_time': '20:02', 'submission_time': '2025-07-19T20:23:45'}
[2025-07-19T20:23:49.324+0000] {subprocess.py:93} INFO - ✅ All messages sent.
[2025-07-19T20:23:49.381+0000] {subprocess.py:97} INFO - Command exited with return code 0
[2025-07-19T20:23:49.398+0000] {taskinstance.py:1400} INFO - Marking task as SUCCESS. dag_id=restaurant_pipeline, task_id=send_to_kafka, execution_date=20250719T202000, start_date=20250719T202346, end_date=20250719T202349
[2025-07-19T20:23:49.441+0000] {local_task_job_runner.py:228} INFO - Task exited with return code 0
[2025-07-19T20:23:49.468+0000] {taskinstance.py:2778} INFO - 1 downstream tasks scheduled from follow-on schedule check
