[2025-07-18T15:28:01.475+0000] {taskinstance.py:1159} INFO - Dependencies all met for dep_context=non-requeueable deps ti=<TaskInstance: restaurant_pipeline.send_to_kafka scheduled__2025-07-18T15:26:00+00:00 [queued]>
[2025-07-18T15:28:01.479+0000] {taskinstance.py:1159} INFO - Dependencies all met for dep_context=requeueable deps ti=<TaskInstance: restaurant_pipeline.send_to_kafka scheduled__2025-07-18T15:26:00+00:00 [queued]>
[2025-07-18T15:28:01.480+0000] {taskinstance.py:1361} INFO - Starting attempt 1 of 1
[2025-07-18T15:28:01.486+0000] {taskinstance.py:1382} INFO - Executing <Task(BashOperator): send_to_kafka> on 2025-07-18 15:26:00+00:00
[2025-07-18T15:28:01.488+0000] {standard_task_runner.py:57} INFO - Started process 365 to run task
[2025-07-18T15:28:01.490+0000] {standard_task_runner.py:84} INFO - Running: ['***', 'tasks', 'run', 'restaurant_pipeline', 'send_to_kafka', 'scheduled__2025-07-18T15:26:00+00:00', '--job-id', '104', '--raw', '--subdir', 'DAGS_FOLDER/restaurant_pipeline.py', '--cfg-path', '/tmp/tmp947jf1a7']
[2025-07-18T15:28:01.492+0000] {standard_task_runner.py:85} INFO - Job 104: Subtask send_to_kafka
[2025-07-18T15:28:01.517+0000] {task_command.py:416} INFO - Running <TaskInstance: restaurant_pipeline.send_to_kafka scheduled__2025-07-18T15:26:00+00:00 [running]> on host 9bcfb43e0ab7
[2025-07-18T15:28:01.555+0000] {taskinstance.py:1662} INFO - Exporting env vars: AIRFLOW_CTX_DAG_OWNER='moran' AIRFLOW_CTX_DAG_ID='restaurant_pipeline' AIRFLOW_CTX_TASK_ID='send_to_kafka' AIRFLOW_CTX_EXECUTION_DATE='2025-07-18T15:26:00+00:00' AIRFLOW_CTX_TRY_NUMBER='1' AIRFLOW_CTX_DAG_RUN_ID='scheduled__2025-07-18T15:26:00+00:00'
[2025-07-18T15:28:01.556+0000] {subprocess.py:63} INFO - Tmp dir root location: /tmp
[2025-07-18T15:28:01.557+0000] {subprocess.py:75} INFO - Running command: ['/bin/bash', '-c', 'python /opt/streaming/producer.py']
[2025-07-18T15:28:01.563+0000] {subprocess.py:86} INFO - Output:
[2025-07-18T15:28:03.859+0000] {subprocess.py:93} INFO - [✓] Sent to reservations: {'reservation_id': 6121, 'branch_id': 102, 'customer_name': 'Christina Reyes', 'phone_number': '994-586-9685', 'reservation_date': '2025-07-18', 'reservation_time': '16:34', 'guests_count': 3, 'is_confirmed': True}
[2025-07-18T15:28:03.861+0000] {subprocess.py:93} INFO - [✓] Sent to reservations: {'reservation_id': 4855, 'branch_id': 101, 'customer_name': 'Catherine Lee', 'phone_number': '418.853.0994x826', 'reservation_date': '2025-07-18', 'reservation_time': '16:27', 'guests_count': 6, 'is_confirmed': False}
[2025-07-18T15:28:03.861+0000] {subprocess.py:93} INFO - [✓] Sent to reservations: {'reservation_id': 4401, 'branch_id': 102, 'customer_name': 'Justin Campbell', 'phone_number': '(214)340-0275x8642', 'reservation_date': '2025-07-18', 'reservation_time': '17:28', 'guests_count': 1, 'is_confirmed': True}
[2025-07-18T15:28:03.862+0000] {subprocess.py:93} INFO - [✓] Sent to checkins: {'checkin_id': 4140, 'customer_name': 'Henry Tanner', 'phone_number': '(353)340-3594', 'branch_id': 102, 'table_id': 206, 'is_prebooked': True, 'checkin_date': '2025-07-18', 'checkin_time': '14:47', 'guests_count': 2, 'shift_manager': 'Jay Kim'}
[2025-07-18T15:28:03.863+0000] {subprocess.py:93} INFO - [✓] Sent to checkins: {'checkin_id': 5901, 'customer_name': 'Gerald Mcdaniel', 'phone_number': '9683019976', 'branch_id': 102, 'table_id': 204, 'is_prebooked': True, 'checkin_date': '2025-07-18', 'checkin_time': '14:10', 'guests_count': 1, 'shift_manager': 'Carla Scott'}
[2025-07-18T15:28:03.864+0000] {subprocess.py:93} INFO - [✓] Sent to checkins: {'checkin_id': 7230, 'customer_name': 'Carlos Ferguson', 'phone_number': '001-991-704-6951x52837', 'branch_id': 102, 'table_id': 200, 'is_prebooked': True, 'checkin_date': '2025-07-18', 'checkin_time': '15:17', 'guests_count': 5, 'shift_manager': 'Gary Reynolds'}
[2025-07-18T15:28:03.865+0000] {subprocess.py:93} INFO - [✓] Sent to feedback: {'feedback_id': 1023, 'branch_id': 102, 'customer_name': 'Chelsea Walters', 'phone_number': '+1-763-450-6883x17936', 'feedback_text': 'Financial threat PM student wish.', 'rating': 2, 'dining_date': '2025-07-18', 'dining_time': '14:35', 'submission_time': '2025-07-18T15:28:00'}
[2025-07-18T15:28:03.865+0000] {subprocess.py:93} INFO - [✓] Sent to feedback: {'feedback_id': 8678, 'branch_id': 102, 'customer_name': 'Jacqueline Casey', 'phone_number': '(478)257-8508x740', 'feedback_text': 'Fish easy prove wrong.', 'rating': 1, 'dining_date': '2025-07-18', 'dining_time': '13:50', 'submission_time': '2025-07-18T15:28:00'}
[2025-07-18T15:28:03.867+0000] {subprocess.py:93} INFO - [✓] Sent to feedback: {'feedback_id': 3804, 'branch_id': 102, 'customer_name': 'Emma Morales', 'phone_number': '001-817-393-2214x453', 'feedback_text': 'Half history stage local civil.', 'rating': 3, 'dining_date': '2025-07-18', 'dining_time': '14:18', 'submission_time': '2025-07-18T15:28:00'}
[2025-07-18T15:28:03.867+0000] {subprocess.py:93} INFO - ✅ All messages sent.
[2025-07-18T15:28:03.921+0000] {subprocess.py:97} INFO - Command exited with return code 0
[2025-07-18T15:28:03.944+0000] {taskinstance.py:1400} INFO - Marking task as SUCCESS. dag_id=restaurant_pipeline, task_id=send_to_kafka, execution_date=20250718T152600, start_date=20250718T152801, end_date=20250718T152803
[2025-07-18T15:28:03.973+0000] {local_task_job_runner.py:228} INFO - Task exited with return code 0
[2025-07-18T15:28:04.006+0000] {taskinstance.py:2778} INFO - 1 downstream tasks scheduled from follow-on schedule check
