[2025-07-18T15:44:05.304+0000] {taskinstance.py:1159} INFO - Dependencies all met for dep_context=non-requeueable deps ti=<TaskInstance: restaurant_pipeline.stream_to_bronze scheduled__2025-07-18T15:42:00+00:00 [queued]>
[2025-07-18T15:44:05.311+0000] {taskinstance.py:1159} INFO - Dependencies all met for dep_context=requeueable deps ti=<TaskInstance: restaurant_pipeline.stream_to_bronze scheduled__2025-07-18T15:42:00+00:00 [queued]>
[2025-07-18T15:44:05.311+0000] {taskinstance.py:1361} INFO - Starting attempt 1 of 1
[2025-07-18T15:44:05.321+0000] {taskinstance.py:1382} INFO - Executing <Task(BashOperator): stream_to_bronze> on 2025-07-18 15:42:00+00:00
[2025-07-18T15:44:05.324+0000] {standard_task_runner.py:57} INFO - Started process 655 to run task
[2025-07-18T15:44:05.327+0000] {standard_task_runner.py:84} INFO - Running: ['***', 'tasks', 'run', 'restaurant_pipeline', 'stream_to_bronze', 'scheduled__2025-07-18T15:42:00+00:00', '--job-id', '129', '--raw', '--subdir', 'DAGS_FOLDER/restaurant_pipeline.py', '--cfg-path', '/tmp/tmp_027086u']
[2025-07-18T15:44:05.329+0000] {standard_task_runner.py:85} INFO - Job 129: Subtask stream_to_bronze
[2025-07-18T15:44:05.361+0000] {task_command.py:416} INFO - Running <TaskInstance: restaurant_pipeline.stream_to_bronze scheduled__2025-07-18T15:42:00+00:00 [running]> on host 9bcfb43e0ab7
[2025-07-18T15:44:05.434+0000] {taskinstance.py:1662} INFO - Exporting env vars: AIRFLOW_CTX_DAG_OWNER='moran' AIRFLOW_CTX_DAG_ID='restaurant_pipeline' AIRFLOW_CTX_TASK_ID='stream_to_bronze' AIRFLOW_CTX_EXECUTION_DATE='2025-07-18T15:42:00+00:00' AIRFLOW_CTX_TRY_NUMBER='1' AIRFLOW_CTX_DAG_RUN_ID='scheduled__2025-07-18T15:42:00+00:00'
[2025-07-18T15:44:05.436+0000] {subprocess.py:63} INFO - Tmp dir root location: /tmp
[2025-07-18T15:44:05.442+0000] {subprocess.py:75} INFO - Running command: ['/bin/bash', '-c', 'docker exec spark-iceberg spark-submit /home/iceberg/spark/stream_to_bronze.py']
[2025-07-18T15:44:05.448+0000] {subprocess.py:86} INFO - Output:
[2025-07-18T15:44:07.013+0000] {subprocess.py:93} INFO - 25/07/18 15:44:07 INFO SparkContext: Running Spark version 3.5.6
[2025-07-18T15:44:07.015+0000] {subprocess.py:93} INFO - 25/07/18 15:44:07 INFO SparkContext: OS info Linux, 6.10.14-linuxkit, aarch64
[2025-07-18T15:44:07.015+0000] {subprocess.py:93} INFO - 25/07/18 15:44:07 INFO SparkContext: Java version 17.0.15
[2025-07-18T15:44:07.030+0000] {subprocess.py:93} INFO - 25/07/18 15:44:07 INFO ResourceUtils: ==============================================================
[2025-07-18T15:44:07.031+0000] {subprocess.py:93} INFO - 25/07/18 15:44:07 INFO ResourceUtils: No custom resources configured for spark.driver.
[2025-07-18T15:44:07.031+0000] {subprocess.py:93} INFO - 25/07/18 15:44:07 INFO ResourceUtils: ==============================================================
[2025-07-18T15:44:07.031+0000] {subprocess.py:93} INFO - 25/07/18 15:44:07 INFO SparkContext: Submitted application: StreamToBronze
[2025-07-18T15:44:07.042+0000] {subprocess.py:93} INFO - 25/07/18 15:44:07 INFO ResourceProfile: Default ResourceProfile created, executor resources: Map(cores -> name: cores, amount: 1, script: , vendor: , memory -> name: memory, amount: 1024, script: , vendor: , offHeap -> name: offHeap, amount: 0, script: , vendor: ), task resources: Map(cpus -> name: cpus, amount: 1.0)
[2025-07-18T15:44:07.047+0000] {subprocess.py:93} INFO - 25/07/18 15:44:07 INFO ResourceProfile: Limiting resource is cpu
[2025-07-18T15:44:07.047+0000] {subprocess.py:93} INFO - 25/07/18 15:44:07 INFO ResourceProfileManager: Added ResourceProfile id: 0
[2025-07-18T15:44:07.073+0000] {subprocess.py:93} INFO - 25/07/18 15:44:07 INFO SecurityManager: Changing view acls to: root,spark
[2025-07-18T15:44:07.073+0000] {subprocess.py:93} INFO - 25/07/18 15:44:07 INFO SecurityManager: Changing modify acls to: root,spark
[2025-07-18T15:44:07.073+0000] {subprocess.py:93} INFO - 25/07/18 15:44:07 INFO SecurityManager: Changing view acls groups to:
[2025-07-18T15:44:07.074+0000] {subprocess.py:93} INFO - 25/07/18 15:44:07 INFO SecurityManager: Changing modify acls groups to:
[2025-07-18T15:44:07.074+0000] {subprocess.py:93} INFO - 25/07/18 15:44:07 INFO SecurityManager: SecurityManager: authentication disabled; ui acls disabled; users with view permissions: root, spark; groups with view permissions: EMPTY; users with modify permissions: root, spark; groups with modify permissions: EMPTY
[2025-07-18T15:44:07.102+0000] {subprocess.py:93} INFO - 25/07/18 15:44:07 WARN NativeCodeLoader: Unable to load native-hadoop library for your platform... using builtin-java classes where applicable
[2025-07-18T15:44:07.245+0000] {subprocess.py:93} INFO - 25/07/18 15:44:07 INFO Utils: Successfully started service 'sparkDriver' on port 43989.
[2025-07-18T15:44:07.261+0000] {subprocess.py:93} INFO - 25/07/18 15:44:07 INFO SparkEnv: Registering MapOutputTracker
[2025-07-18T15:44:07.287+0000] {subprocess.py:93} INFO - 25/07/18 15:44:07 INFO SparkEnv: Registering BlockManagerMaster
[2025-07-18T15:44:07.300+0000] {subprocess.py:93} INFO - 25/07/18 15:44:07 INFO BlockManagerMasterEndpoint: Using org.apache.spark.storage.DefaultTopologyMapper for getting topology information
[2025-07-18T15:44:07.300+0000] {subprocess.py:93} INFO - 25/07/18 15:44:07 INFO BlockManagerMasterEndpoint: BlockManagerMasterEndpoint up
[2025-07-18T15:44:07.303+0000] {subprocess.py:93} INFO - 25/07/18 15:44:07 INFO SparkEnv: Registering BlockManagerMasterHeartbeat
[2025-07-18T15:44:07.319+0000] {subprocess.py:93} INFO - 25/07/18 15:44:07 INFO DiskBlockManager: Created local directory at /tmp/blockmgr-b54e72bc-c039-4996-94cc-cbe9e29a95d4
[2025-07-18T15:44:07.328+0000] {subprocess.py:93} INFO - 25/07/18 15:44:07 INFO MemoryStore: MemoryStore started with capacity 434.4 MiB
[2025-07-18T15:44:07.337+0000] {subprocess.py:93} INFO - 25/07/18 15:44:07 INFO SparkEnv: Registering OutputCommitCoordinator
[2025-07-18T15:44:07.398+0000] {subprocess.py:93} INFO - 25/07/18 15:44:07 INFO JettyUtils: Start Jetty 0.0.0.0:4040 for SparkUI
[2025-07-18T15:44:07.431+0000] {subprocess.py:93} INFO - 25/07/18 15:44:07 WARN Utils: Service 'SparkUI' could not bind on port 4040. Attempting port 4041.
[2025-07-18T15:44:07.437+0000] {subprocess.py:93} INFO - 25/07/18 15:44:07 INFO Utils: Successfully started service 'SparkUI' on port 4041.
[2025-07-18T15:44:07.510+0000] {subprocess.py:93} INFO - 25/07/18 15:44:07 INFO Executor: Starting executor ID driver on host 77cb57a6bd53
[2025-07-18T15:44:07.510+0000] {subprocess.py:93} INFO - 25/07/18 15:44:07 INFO Executor: OS info Linux, 6.10.14-linuxkit, aarch64
[2025-07-18T15:44:07.511+0000] {subprocess.py:93} INFO - 25/07/18 15:44:07 INFO Executor: Java version 17.0.15
[2025-07-18T15:44:07.514+0000] {subprocess.py:93} INFO - 25/07/18 15:44:07 INFO Executor: Starting executor with user classpath (userClassPathFirst = false): ''
[2025-07-18T15:44:07.514+0000] {subprocess.py:93} INFO - 25/07/18 15:44:07 INFO Executor: Created or updated repl class loader org.apache.spark.util.MutableURLClassLoader@49fd471a for default.
[2025-07-18T15:44:07.526+0000] {subprocess.py:93} INFO - 25/07/18 15:44:07 INFO Utils: Successfully started service 'org.apache.spark.network.netty.NettyBlockTransferService' on port 34255.
[2025-07-18T15:44:07.527+0000] {subprocess.py:93} INFO - 25/07/18 15:44:07 INFO NettyBlockTransferService: Server created on 77cb57a6bd53:34255
[2025-07-18T15:44:07.527+0000] {subprocess.py:93} INFO - 25/07/18 15:44:07 INFO BlockManager: Using org.apache.spark.storage.RandomBlockReplicationPolicy for block replication policy
[2025-07-18T15:44:07.536+0000] {subprocess.py:93} INFO - 25/07/18 15:44:07 INFO BlockManagerMaster: Registering BlockManager BlockManagerId(driver, 77cb57a6bd53, 34255, None)
[2025-07-18T15:44:07.540+0000] {subprocess.py:93} INFO - 25/07/18 15:44:07 INFO BlockManagerMasterEndpoint: Registering block manager 77cb57a6bd53:34255 with 434.4 MiB RAM, BlockManagerId(driver, 77cb57a6bd53, 34255, None)
[2025-07-18T15:44:07.541+0000] {subprocess.py:93} INFO - 25/07/18 15:44:07 INFO BlockManagerMaster: Registered BlockManager BlockManagerId(driver, 77cb57a6bd53, 34255, None)
[2025-07-18T15:44:07.543+0000] {subprocess.py:93} INFO - 25/07/18 15:44:07 INFO BlockManager: Initialized BlockManager: BlockManagerId(driver, 77cb57a6bd53, 34255, None)
[2025-07-18T15:44:07.775+0000] {subprocess.py:93} INFO - 25/07/18 15:44:07 INFO SharedState: Setting hive.metastore.warehouse.dir ('null') to the value of spark.sql.warehouse.dir.
[2025-07-18T15:44:07.775+0000] {subprocess.py:93} INFO - 25/07/18 15:44:07 INFO SharedState: Warehouse path is 'file:/app/spark-warehouse'.
[2025-07-18T15:44:08.718+0000] {subprocess.py:93} INFO - 25/07/18 15:44:08 WARN MetricsConfig: Cannot locate configuration: tried hadoop-metrics2-s3a-file-system.properties,hadoop-metrics2.properties
[2025-07-18T15:44:08.724+0000] {subprocess.py:93} INFO - 25/07/18 15:44:08 INFO MetricsSystemImpl: Scheduled Metric snapshot period at 10 second(s).
[2025-07-18T15:44:08.725+0000] {subprocess.py:93} INFO - 25/07/18 15:44:08 INFO MetricsSystemImpl: s3a-file-system metrics system started
[2025-07-18T15:44:09.711+0000] {subprocess.py:93} INFO - 25/07/18 15:44:09 INFO BaseMetastoreCatalog: Table loaded by catalog: my_catalog.bronze.Reservations_raw
[2025-07-18T15:44:09.722+0000] {subprocess.py:93} INFO - 25/07/18 15:44:09 INFO StateStoreCoordinatorRef: Registered StateStoreCoordinator endpoint
[2025-07-18T15:44:09.747+0000] {subprocess.py:93} INFO - 25/07/18 15:44:09 INFO ResolveWriteToStream: Checkpoint root /tmp/checkpoints/reservations resolved to file:/tmp/checkpoints/reservations.
[2025-07-18T15:44:09.747+0000] {subprocess.py:93} INFO - 25/07/18 15:44:09 WARN ResolveWriteToStream: spark.sql.adaptive.enabled is not supported in streaming DataFrames/Datasets and will be disabled.
[2025-07-18T15:44:09.822+0000] {subprocess.py:93} INFO - 25/07/18 15:44:09 INFO MicroBatchExecution: Starting [id = 0314df7c-5598-4928-8d91-374ee67989d1, runId = e245e303-535e-434e-82e4-295debdd3d4c]. Use file:/tmp/checkpoints/reservations to store the query checkpoint.
[2025-07-18T15:44:09.826+0000] {subprocess.py:93} INFO - 25/07/18 15:44:09 INFO MicroBatchExecution: Reading table [org.apache.spark.sql.kafka010.KafkaSourceProvider$KafkaTable@3e306daf] from DataSourceV2 named 'kafka' [org.apache.spark.sql.kafka010.KafkaSourceProvider@2d7cd2e9]
[2025-07-18T15:44:09.860+0000] {subprocess.py:93} INFO - 25/07/18 15:44:09 INFO OffsetSeqLog: BatchIds found from listing: 0, 1, 2, 3, 4, 5, 6, 7, 8, 9, 10, 11, 12, 13, 14, 15, 16, 17, 18, 19, 20, 21, 22, 23, 24
[2025-07-18T15:44:09.871+0000] {subprocess.py:93} INFO - 25/07/18 15:44:09 INFO OffsetSeqLog: Getting latest batch 24
[2025-07-18T15:44:09.895+0000] {subprocess.py:93} INFO - 25/07/18 15:44:09 INFO OffsetSeqLog: BatchIds found from listing: 0, 1, 2, 3, 4, 5, 6, 7, 8, 9, 10, 11, 12, 13, 14, 15, 16, 17, 18, 19, 20, 21, 22, 23, 24
[2025-07-18T15:44:09.896+0000] {subprocess.py:93} INFO - 25/07/18 15:44:09 INFO OffsetSeqLog: Getting latest batch 24
[2025-07-18T15:44:09.904+0000] {subprocess.py:93} INFO - 25/07/18 15:44:09 INFO CommitLog: BatchIds found from listing: 0, 1, 2, 3, 4, 5, 6, 7, 8, 9, 10, 11, 12, 13, 14, 15, 16, 17, 18, 19, 20, 21, 22, 23, 24
[2025-07-18T15:44:09.905+0000] {subprocess.py:93} INFO - 25/07/18 15:44:09 INFO CommitLog: Getting latest batch 24
[2025-07-18T15:44:09.906+0000] {subprocess.py:93} INFO - 25/07/18 15:44:09 INFO MicroBatchExecution: Resuming at batch 25 with committed offsets {KafkaV2[Subscribe[reservations]]: {"reservations":{"0":72}}} and available offsets {KafkaV2[Subscribe[reservations]]: {"reservations":{"0":72}}}
[2025-07-18T15:44:09.908+0000] {subprocess.py:93} INFO - 25/07/18 15:44:09 INFO MicroBatchExecution: Stream started from {KafkaV2[Subscribe[reservations]]: {"reservations":{"0":72}}}
[2025-07-18T15:44:09.914+0000] {subprocess.py:93} INFO - 25/07/18 15:44:09 INFO BaseMetastoreCatalog: Table loaded by catalog: my_catalog.bronze.Checkins_raw
[2025-07-18T15:44:09.920+0000] {subprocess.py:93} INFO - 25/07/18 15:44:09 INFO ResolveWriteToStream: Checkpoint root /tmp/checkpoints/checkins resolved to file:/tmp/checkpoints/checkins.
[2025-07-18T15:44:09.921+0000] {subprocess.py:93} INFO - 25/07/18 15:44:09 WARN ResolveWriteToStream: spark.sql.adaptive.enabled is not supported in streaming DataFrames/Datasets and will be disabled.
[2025-07-18T15:44:09.929+0000] {subprocess.py:93} INFO - 25/07/18 15:44:09 INFO MicroBatchExecution: Starting [id = a9a9b3af-d3c2-4704-81e0-4163831ae683, runId = 22590450-47c5-412d-8157-c938b20b3218]. Use file:/tmp/checkpoints/checkins to store the query checkpoint.
[2025-07-18T15:44:09.931+0000] {subprocess.py:93} INFO - 25/07/18 15:44:09 INFO MicroBatchExecution: Reading table [org.apache.spark.sql.kafka010.KafkaSourceProvider$KafkaTable@59adbe37] from DataSourceV2 named 'kafka' [org.apache.spark.sql.kafka010.KafkaSourceProvider@576a5aaa]
[2025-07-18T15:44:09.937+0000] {subprocess.py:93} INFO - 25/07/18 15:44:09 INFO OffsetSeqLog: BatchIds found from listing: 0, 1, 2, 3, 4, 5, 6, 7, 8, 9, 10, 11, 12, 13, 14, 15, 16, 17, 18, 19, 20, 21, 22, 23, 24, 25, 26
[2025-07-18T15:44:09.938+0000] {subprocess.py:93} INFO - 25/07/18 15:44:09 INFO OffsetSeqLog: Getting latest batch 26
[2025-07-18T15:44:09.938+0000] {subprocess.py:93} INFO - 25/07/18 15:44:09 INFO OffsetSeqLog: BatchIds found from listing: 0, 1, 2, 3, 4, 5, 6, 7, 8, 9, 10, 11, 12, 13, 14, 15, 16, 17, 18, 19, 20, 21, 22, 23, 24, 25, 26
[2025-07-18T15:44:09.942+0000] {subprocess.py:93} INFO - 25/07/18 15:44:09 INFO OffsetSeqLog: Getting latest batch 26
[2025-07-18T15:44:09.945+0000] {subprocess.py:93} INFO - 25/07/18 15:44:09 INFO AdminClientConfig: AdminClientConfig values:
[2025-07-18T15:44:09.946+0000] {subprocess.py:93} INFO - 	auto.include.jmx.reporter = true
[2025-07-18T15:44:09.947+0000] {subprocess.py:93} INFO - 	bootstrap.servers = [kafka:9092]
[2025-07-18T15:44:09.947+0000] {subprocess.py:93} INFO - 	client.dns.lookup = use_all_dns_ips
[2025-07-18T15:44:09.948+0000] {subprocess.py:93} INFO - 	client.id =
[2025-07-18T15:44:09.949+0000] {subprocess.py:93} INFO - 	connections.max.idle.ms = 300000
[2025-07-18T15:44:09.950+0000] {subprocess.py:93} INFO - 	default.api.timeout.ms = 60000
[2025-07-18T15:44:09.952+0000] {subprocess.py:93} INFO - 	metadata.max.age.ms = 300000
[2025-07-18T15:44:09.953+0000] {subprocess.py:93} INFO - 	metric.reporters = []
[2025-07-18T15:44:09.953+0000] {subprocess.py:93} INFO - 	metrics.num.samples = 2
[2025-07-18T15:44:09.954+0000] {subprocess.py:93} INFO - 	metrics.recording.level = INFO
[2025-07-18T15:44:09.954+0000] {subprocess.py:93} INFO - 	metrics.sample.window.ms = 30000
[2025-07-18T15:44:09.955+0000] {subprocess.py:93} INFO - 	receive.buffer.bytes = 65536
[2025-07-18T15:44:09.955+0000] {subprocess.py:93} INFO - 	reconnect.backoff.max.ms = 1000
[2025-07-18T15:44:09.956+0000] {subprocess.py:93} INFO - 	reconnect.backoff.ms = 50
[2025-07-18T15:44:09.956+0000] {subprocess.py:93} INFO - 	request.timeout.ms = 30000
[2025-07-18T15:44:09.956+0000] {subprocess.py:93} INFO - 	retries = 2147483647
[2025-07-18T15:44:09.957+0000] {subprocess.py:93} INFO - 	retry.backoff.ms = 100
[2025-07-18T15:44:09.957+0000] {subprocess.py:93} INFO - 	sasl.client.callback.handler.class = null
[2025-07-18T15:44:09.958+0000] {subprocess.py:93} INFO - 	sasl.jaas.config = null
[2025-07-18T15:44:09.958+0000] {subprocess.py:93} INFO - 	sasl.kerberos.kinit.cmd = /usr/bin/kinit
[2025-07-18T15:44:09.958+0000] {subprocess.py:93} INFO - 	sasl.kerberos.min.time.before.relogin = 60000
[2025-07-18T15:44:09.959+0000] {subprocess.py:93} INFO - 	sasl.kerberos.service.name = null
[2025-07-18T15:44:09.960+0000] {subprocess.py:93} INFO - 	sasl.kerberos.ticket.renew.jitter = 0.05
[2025-07-18T15:44:09.960+0000] {subprocess.py:93} INFO - 	sasl.kerberos.ticket.renew.window.factor = 0.8
[2025-07-18T15:44:09.961+0000] {subprocess.py:93} INFO - 	sasl.login.callback.handler.class = null
[2025-07-18T15:44:09.961+0000] {subprocess.py:93} INFO - 	sasl.login.class = null
[2025-07-18T15:44:09.962+0000] {subprocess.py:93} INFO - 	sasl.login.connect.timeout.ms = null
[2025-07-18T15:44:09.962+0000] {subprocess.py:93} INFO - 	sasl.login.read.timeout.ms = null
[2025-07-18T15:44:09.962+0000] {subprocess.py:93} INFO - 	sasl.login.refresh.buffer.seconds = 300
[2025-07-18T15:44:09.963+0000] {subprocess.py:93} INFO - 	sasl.login.refresh.min.period.seconds = 60
[2025-07-18T15:44:09.964+0000] {subprocess.py:93} INFO - 	sasl.login.refresh.window.factor = 0.8
[2025-07-18T15:44:09.964+0000] {subprocess.py:93} INFO - 	sasl.login.refresh.window.jitter = 0.05
[2025-07-18T15:44:09.964+0000] {subprocess.py:93} INFO - 	sasl.login.retry.backoff.max.ms = 10000
[2025-07-18T15:44:09.965+0000] {subprocess.py:93} INFO - 	sasl.login.retry.backoff.ms = 100
[2025-07-18T15:44:09.965+0000] {subprocess.py:93} INFO - 	sasl.mechanism = GSSAPI
[2025-07-18T15:44:09.966+0000] {subprocess.py:93} INFO - 	sasl.oauthbearer.clock.skew.seconds = 30
[2025-07-18T15:44:09.966+0000] {subprocess.py:93} INFO - 	sasl.oauthbearer.expected.audience = null
[2025-07-18T15:44:09.967+0000] {subprocess.py:93} INFO - 	sasl.oauthbearer.expected.issuer = null
[2025-07-18T15:44:09.968+0000] {subprocess.py:93} INFO - 	sasl.oauthbearer.jwks.endpoint.refresh.ms = 3600000
[2025-07-18T15:44:09.968+0000] {subprocess.py:93} INFO - 	sasl.oauthbearer.jwks.endpoint.retry.backoff.max.ms = 10000
[2025-07-18T15:44:09.969+0000] {subprocess.py:93} INFO - 	sasl.oauthbearer.jwks.endpoint.retry.backoff.ms = 100
[2025-07-18T15:44:09.972+0000] {subprocess.py:93} INFO - 	sasl.oauthbearer.jwks.endpoint.url = null
[2025-07-18T15:44:09.974+0000] {subprocess.py:93} INFO - 	sasl.oauthbearer.scope.claim.name = scope
[2025-07-18T15:44:09.976+0000] {subprocess.py:93} INFO - 	sasl.oauthbearer.sub.claim.name = sub
[2025-07-18T15:44:09.976+0000] {subprocess.py:93} INFO - 	sasl.oauthbearer.token.endpoint.url = null
[2025-07-18T15:44:09.976+0000] {subprocess.py:93} INFO - 	security.protocol = PLAINTEXT
[2025-07-18T15:44:09.977+0000] {subprocess.py:93} INFO - 	security.providers = null
[2025-07-18T15:44:09.977+0000] {subprocess.py:93} INFO - 	send.buffer.bytes = 131072
[2025-07-18T15:44:09.977+0000] {subprocess.py:93} INFO - 	socket.connection.setup.timeout.max.ms = 30000
[2025-07-18T15:44:09.978+0000] {subprocess.py:93} INFO - 	socket.connection.setup.timeout.ms = 10000
[2025-07-18T15:44:09.978+0000] {subprocess.py:93} INFO - 	ssl.cipher.suites = null
[2025-07-18T15:44:09.979+0000] {subprocess.py:93} INFO - 	ssl.enabled.protocols = [TLSv1.2, TLSv1.3]
[2025-07-18T15:44:09.981+0000] {subprocess.py:93} INFO - 	ssl.endpoint.identification.algorithm = https
[2025-07-18T15:44:09.981+0000] {subprocess.py:93} INFO - 	ssl.engine.factory.class = null
[2025-07-18T15:44:09.982+0000] {subprocess.py:93} INFO - 	ssl.key.password = null
[2025-07-18T15:44:09.982+0000] {subprocess.py:93} INFO - 	ssl.keymanager.algorithm = SunX509
[2025-07-18T15:44:09.982+0000] {subprocess.py:93} INFO - 	ssl.keystore.certificate.chain = null
[2025-07-18T15:44:09.983+0000] {subprocess.py:93} INFO - 	ssl.keystore.key = null
[2025-07-18T15:44:09.983+0000] {subprocess.py:93} INFO - 	ssl.keystore.location = null
[2025-07-18T15:44:09.983+0000] {subprocess.py:93} INFO - 	ssl.keystore.password = null
[2025-07-18T15:44:09.984+0000] {subprocess.py:93} INFO - 	ssl.keystore.type = JKS
[2025-07-18T15:44:09.984+0000] {subprocess.py:93} INFO - 	ssl.protocol = TLSv1.3
[2025-07-18T15:44:09.984+0000] {subprocess.py:93} INFO - 	ssl.provider = null
[2025-07-18T15:44:09.984+0000] {subprocess.py:93} INFO - 	ssl.secure.random.implementation = null
[2025-07-18T15:44:09.985+0000] {subprocess.py:93} INFO - 	ssl.trustmanager.algorithm = PKIX
[2025-07-18T15:44:09.985+0000] {subprocess.py:93} INFO - 	ssl.truststore.certificates = null
[2025-07-18T15:44:09.985+0000] {subprocess.py:93} INFO - 	ssl.truststore.location = null
[2025-07-18T15:44:09.985+0000] {subprocess.py:93} INFO - 	ssl.truststore.password = null
[2025-07-18T15:44:09.986+0000] {subprocess.py:93} INFO - 	ssl.truststore.type = JKS
[2025-07-18T15:44:09.986+0000] {subprocess.py:93} INFO - 
[2025-07-18T15:44:09.987+0000] {subprocess.py:93} INFO - 25/07/18 15:44:09 INFO CommitLog: BatchIds found from listing: 0, 1, 2, 3, 4, 5, 6, 7, 8, 9, 10, 11, 12, 13, 14, 15, 16, 17, 18, 19, 20, 21, 22, 23, 24, 25, 26
[2025-07-18T15:44:09.988+0000] {subprocess.py:93} INFO - 25/07/18 15:44:09 INFO CommitLog: Getting latest batch 26
[2025-07-18T15:44:09.988+0000] {subprocess.py:93} INFO - 25/07/18 15:44:09 INFO MicroBatchExecution: Resuming at batch 27 with committed offsets {KafkaV2[Subscribe[checkins]]: {"checkins":{"0":72}}} and available offsets {KafkaV2[Subscribe[checkins]]: {"checkins":{"0":72}}}
[2025-07-18T15:44:09.989+0000] {subprocess.py:93} INFO - 25/07/18 15:44:09 INFO MicroBatchExecution: Stream started from {KafkaV2[Subscribe[checkins]]: {"checkins":{"0":72}}}
[2025-07-18T15:44:09.990+0000] {subprocess.py:93} INFO - 25/07/18 15:44:09 INFO AdminClientConfig: AdminClientConfig values:
[2025-07-18T15:44:09.991+0000] {subprocess.py:93} INFO - 	auto.include.jmx.reporter = true
[2025-07-18T15:44:09.992+0000] {subprocess.py:93} INFO - 	bootstrap.servers = [kafka:9092]
[2025-07-18T15:44:09.993+0000] {subprocess.py:93} INFO - 	client.dns.lookup = use_all_dns_ips
[2025-07-18T15:44:09.994+0000] {subprocess.py:93} INFO - 	client.id =
[2025-07-18T15:44:09.994+0000] {subprocess.py:93} INFO - 	connections.max.idle.ms = 300000
[2025-07-18T15:44:09.994+0000] {subprocess.py:93} INFO - 	default.api.timeout.ms = 60000
[2025-07-18T15:44:09.994+0000] {subprocess.py:93} INFO - 	metadata.max.age.ms = 300000
[2025-07-18T15:44:09.994+0000] {subprocess.py:93} INFO - 	metric.reporters = []
[2025-07-18T15:44:09.994+0000] {subprocess.py:93} INFO - 	metrics.num.samples = 2
[2025-07-18T15:44:09.994+0000] {subprocess.py:93} INFO - 	metrics.recording.level = INFO
[2025-07-18T15:44:09.995+0000] {subprocess.py:93} INFO - 	metrics.sample.window.ms = 30000
[2025-07-18T15:44:09.995+0000] {subprocess.py:93} INFO - 	receive.buffer.bytes = 65536
[2025-07-18T15:44:09.995+0000] {subprocess.py:93} INFO - 	reconnect.backoff.max.ms = 1000
[2025-07-18T15:44:09.995+0000] {subprocess.py:93} INFO - 	reconnect.backoff.ms = 50
[2025-07-18T15:44:09.995+0000] {subprocess.py:93} INFO - 	request.timeout.ms = 30000
[2025-07-18T15:44:09.995+0000] {subprocess.py:93} INFO - 	retries = 2147483647
[2025-07-18T15:44:09.995+0000] {subprocess.py:93} INFO - 	retry.backoff.ms = 100
[2025-07-18T15:44:09.995+0000] {subprocess.py:93} INFO - 	sasl.client.callback.handler.class = null
[2025-07-18T15:44:09.995+0000] {subprocess.py:93} INFO - 	sasl.jaas.config = null
[2025-07-18T15:44:09.995+0000] {subprocess.py:93} INFO - 	sasl.kerberos.kinit.cmd = /usr/bin/kinit
[2025-07-18T15:44:09.996+0000] {subprocess.py:93} INFO - 	sasl.kerberos.min.time.before.relogin = 60000
[2025-07-18T15:44:09.997+0000] {subprocess.py:93} INFO - 	sasl.kerberos.service.name = null
[2025-07-18T15:44:09.998+0000] {subprocess.py:93} INFO - 	sasl.kerberos.ticket.renew.jitter = 0.05
[2025-07-18T15:44:09.998+0000] {subprocess.py:93} INFO - 	sasl.kerberos.ticket.renew.window.factor = 0.8
[2025-07-18T15:44:09.998+0000] {subprocess.py:93} INFO - 	sasl.login.callback.handler.class = null
[2025-07-18T15:44:09.999+0000] {subprocess.py:93} INFO - 	sasl.login.class = null
[2025-07-18T15:44:09.999+0000] {subprocess.py:93} INFO - 	sasl.login.connect.timeout.ms = null
[2025-07-18T15:44:09.999+0000] {subprocess.py:93} INFO - 	sasl.login.read.timeout.ms = null
[2025-07-18T15:44:10.000+0000] {subprocess.py:93} INFO - 	sasl.login.refresh.buffer.seconds = 300
[2025-07-18T15:44:10.000+0000] {subprocess.py:93} INFO - 	sasl.login.refresh.min.period.seconds = 60
[2025-07-18T15:44:10.000+0000] {subprocess.py:93} INFO - 	sasl.login.refresh.window.factor = 0.8
[2025-07-18T15:44:10.001+0000] {subprocess.py:93} INFO - 	sasl.login.refresh.window.jitter = 0.05
[2025-07-18T15:44:10.001+0000] {subprocess.py:93} INFO - 	sasl.login.retry.backoff.max.ms = 10000
[2025-07-18T15:44:10.001+0000] {subprocess.py:93} INFO - 	sasl.login.retry.backoff.ms = 100
[2025-07-18T15:44:10.002+0000] {subprocess.py:93} INFO - 	sasl.mechanism = GSSAPI
[2025-07-18T15:44:10.002+0000] {subprocess.py:93} INFO - 	sasl.oauthbearer.clock.skew.seconds = 30
[2025-07-18T15:44:10.002+0000] {subprocess.py:93} INFO - 	sasl.oauthbearer.expected.audience = null
[2025-07-18T15:44:10.003+0000] {subprocess.py:93} INFO - 	sasl.oauthbearer.expected.issuer = null
[2025-07-18T15:44:10.003+0000] {subprocess.py:93} INFO - 	sasl.oauthbearer.jwks.endpoint.refresh.ms = 3600000
[2025-07-18T15:44:10.004+0000] {subprocess.py:93} INFO - 	sasl.oauthbearer.jwks.endpoint.retry.backoff.max.ms = 10000
[2025-07-18T15:44:10.005+0000] {subprocess.py:93} INFO - 	sasl.oauthbearer.jwks.endpoint.retry.backoff.ms = 100
[2025-07-18T15:44:10.007+0000] {subprocess.py:93} INFO - 	sasl.oauthbearer.jwks.endpoint.url = null
[2025-07-18T15:44:10.008+0000] {subprocess.py:93} INFO - 	sasl.oauthbearer.scope.claim.name = scope
[2025-07-18T15:44:10.009+0000] {subprocess.py:93} INFO - 	sasl.oauthbearer.sub.claim.name = sub
[2025-07-18T15:44:10.012+0000] {subprocess.py:93} INFO - 	sasl.oauthbearer.token.endpoint.url = null
[2025-07-18T15:44:10.013+0000] {subprocess.py:93} INFO - 	security.protocol = PLAINTEXT
[2025-07-18T15:44:10.013+0000] {subprocess.py:93} INFO - 	security.providers = null
[2025-07-18T15:44:10.014+0000] {subprocess.py:93} INFO - 	send.buffer.bytes = 131072
[2025-07-18T15:44:10.015+0000] {subprocess.py:93} INFO - 	socket.connection.setup.timeout.max.ms = 30000
[2025-07-18T15:44:10.015+0000] {subprocess.py:93} INFO - 	socket.connection.setup.timeout.ms = 10000
[2025-07-18T15:44:10.016+0000] {subprocess.py:93} INFO - 	ssl.cipher.suites = null
[2025-07-18T15:44:10.016+0000] {subprocess.py:93} INFO - 	ssl.enabled.protocols = [TLSv1.2, TLSv1.3]
[2025-07-18T15:44:10.016+0000] {subprocess.py:93} INFO - 	ssl.endpoint.identification.algorithm = https
[2025-07-18T15:44:10.017+0000] {subprocess.py:93} INFO - 	ssl.engine.factory.class = null
[2025-07-18T15:44:10.017+0000] {subprocess.py:93} INFO - 	ssl.key.password = null
[2025-07-18T15:44:10.018+0000] {subprocess.py:93} INFO - 	ssl.keymanager.algorithm = SunX509
[2025-07-18T15:44:10.019+0000] {subprocess.py:93} INFO - 	ssl.keystore.certificate.chain = null
[2025-07-18T15:44:10.019+0000] {subprocess.py:93} INFO - 	ssl.keystore.key = null
[2025-07-18T15:44:10.019+0000] {subprocess.py:93} INFO - 	ssl.keystore.location = null
[2025-07-18T15:44:10.020+0000] {subprocess.py:93} INFO - 	ssl.keystore.password = null
[2025-07-18T15:44:10.020+0000] {subprocess.py:93} INFO - 	ssl.keystore.type = JKS
[2025-07-18T15:44:10.020+0000] {subprocess.py:93} INFO - 	ssl.protocol = TLSv1.3
[2025-07-18T15:44:10.021+0000] {subprocess.py:93} INFO - 	ssl.provider = null
[2025-07-18T15:44:10.022+0000] {subprocess.py:93} INFO - 	ssl.secure.random.implementation = null
[2025-07-18T15:44:10.022+0000] {subprocess.py:93} INFO - 	ssl.trustmanager.algorithm = PKIX
[2025-07-18T15:44:10.023+0000] {subprocess.py:93} INFO - 	ssl.truststore.certificates = null
[2025-07-18T15:44:10.023+0000] {subprocess.py:93} INFO - 	ssl.truststore.location = null
[2025-07-18T15:44:10.024+0000] {subprocess.py:93} INFO - 	ssl.truststore.password = null
[2025-07-18T15:44:10.025+0000] {subprocess.py:93} INFO - 	ssl.truststore.type = JKS
[2025-07-18T15:44:10.026+0000] {subprocess.py:93} INFO - 
[2025-07-18T15:44:10.026+0000] {subprocess.py:93} INFO - 25/07/18 15:44:10 INFO AdminClientConfig: These configurations '[key.deserializer, value.deserializer, enable.auto.commit, max.poll.records, auto.offset.reset]' were supplied but are not used yet.
[2025-07-18T15:44:10.026+0000] {subprocess.py:93} INFO - 25/07/18 15:44:10 INFO AdminClientConfig: These configurations '[key.deserializer, value.deserializer, enable.auto.commit, max.poll.records, auto.offset.reset]' were supplied but are not used yet.
[2025-07-18T15:44:10.027+0000] {subprocess.py:93} INFO - 25/07/18 15:44:10 INFO AppInfoParser: Kafka version: 3.5.1
[2025-07-18T15:44:10.027+0000] {subprocess.py:93} INFO - 25/07/18 15:44:10 INFO AppInfoParser: Kafka commitId: 2c6fb6c54472e90a
[2025-07-18T15:44:10.027+0000] {subprocess.py:93} INFO - 25/07/18 15:44:10 INFO AppInfoParser: Kafka startTimeMs: 1752853450004
[2025-07-18T15:44:10.028+0000] {subprocess.py:93} INFO - 25/07/18 15:44:10 INFO AppInfoParser: Kafka version: 3.5.1
[2025-07-18T15:44:10.029+0000] {subprocess.py:93} INFO - 25/07/18 15:44:10 INFO AppInfoParser: Kafka commitId: 2c6fb6c54472e90a
[2025-07-18T15:44:10.029+0000] {subprocess.py:93} INFO - 25/07/18 15:44:10 INFO AppInfoParser: Kafka startTimeMs: 1752853450005
[2025-07-18T15:44:10.096+0000] {subprocess.py:93} INFO - 25/07/18 15:44:10 INFO BaseMetastoreCatalog: Table loaded by catalog: my_catalog.bronze.Feedback_raw
[2025-07-18T15:44:10.097+0000] {subprocess.py:93} INFO - 25/07/18 15:44:10 INFO ResolveWriteToStream: Checkpoint root /tmp/checkpoints/feedback resolved to file:/tmp/checkpoints/feedback.
[2025-07-18T15:44:10.098+0000] {subprocess.py:93} INFO - 25/07/18 15:44:10 WARN ResolveWriteToStream: spark.sql.adaptive.enabled is not supported in streaming DataFrames/Datasets and will be disabled.
[2025-07-18T15:44:10.105+0000] {subprocess.py:93} INFO - 25/07/18 15:44:10 INFO MicroBatchExecution: Starting [id = d3aff090-24bc-4a1c-938f-fc839231598c, runId = d1e1995c-d99e-46ca-8ab8-6a15239dc710]. Use file:/tmp/checkpoints/feedback to store the query checkpoint.
[2025-07-18T15:44:10.109+0000] {subprocess.py:93} INFO - 25/07/18 15:44:10 INFO MicroBatchExecution: Reading table [org.apache.spark.sql.kafka010.KafkaSourceProvider$KafkaTable@197817a2] from DataSourceV2 named 'kafka' [org.apache.spark.sql.kafka010.KafkaSourceProvider@17bfeb25]
[2025-07-18T15:44:10.117+0000] {subprocess.py:93} INFO - 25/07/18 15:44:10 INFO OffsetSeqLog: BatchIds found from listing: 0, 1, 2, 3, 4, 5, 6, 7, 8, 9, 10, 11, 12, 13, 14, 15, 16, 17, 18, 19, 20, 21, 22, 23, 24
[2025-07-18T15:44:10.118+0000] {subprocess.py:93} INFO - 25/07/18 15:44:10 INFO OffsetSeqLog: Getting latest batch 24
[2025-07-18T15:44:10.119+0000] {subprocess.py:93} INFO - 25/07/18 15:44:10 INFO OffsetSeqLog: BatchIds found from listing: 0, 1, 2, 3, 4, 5, 6, 7, 8, 9, 10, 11, 12, 13, 14, 15, 16, 17, 18, 19, 20, 21, 22, 23, 24
[2025-07-18T15:44:10.120+0000] {subprocess.py:93} INFO - 25/07/18 15:44:10 INFO OffsetSeqLog: Getting latest batch 24
[2025-07-18T15:44:10.125+0000] {subprocess.py:93} INFO - 25/07/18 15:44:10 INFO CommitLog: BatchIds found from listing: 0, 1, 2, 3, 4, 5, 6, 7, 8, 9, 10, 11, 12, 13, 14, 15, 16, 17, 18, 19, 20, 21, 22, 23, 24
[2025-07-18T15:44:10.127+0000] {subprocess.py:93} INFO - 25/07/18 15:44:10 INFO CommitLog: Getting latest batch 24
[2025-07-18T15:44:10.128+0000] {subprocess.py:93} INFO - 25/07/18 15:44:10 INFO MicroBatchExecution: Resuming at batch 25 with committed offsets {KafkaV2[Subscribe[feedback]]: {"feedback":{"0":72}}} and available offsets {KafkaV2[Subscribe[feedback]]: {"feedback":{"0":72}}}
[2025-07-18T15:44:10.129+0000] {subprocess.py:93} INFO - 25/07/18 15:44:10 INFO MicroBatchExecution: Stream started from {KafkaV2[Subscribe[feedback]]: {"feedback":{"0":72}}}
[2025-07-18T15:44:10.133+0000] {subprocess.py:93} INFO - 25/07/18 15:44:10 INFO AdminClientConfig: AdminClientConfig values:
[2025-07-18T15:44:10.133+0000] {subprocess.py:93} INFO - 	auto.include.jmx.reporter = true
[2025-07-18T15:44:10.134+0000] {subprocess.py:93} INFO - 	bootstrap.servers = [kafka:9092]
[2025-07-18T15:44:10.134+0000] {subprocess.py:93} INFO - 	client.dns.lookup = use_all_dns_ips
[2025-07-18T15:44:10.134+0000] {subprocess.py:93} INFO - 	client.id =
[2025-07-18T15:44:10.134+0000] {subprocess.py:93} INFO - 	connections.max.idle.ms = 300000
[2025-07-18T15:44:10.134+0000] {subprocess.py:93} INFO - 	default.api.timeout.ms = 60000
[2025-07-18T15:44:10.134+0000] {subprocess.py:93} INFO - 	metadata.max.age.ms = 300000
[2025-07-18T15:44:10.135+0000] {subprocess.py:93} INFO - 	metric.reporters = []
[2025-07-18T15:44:10.135+0000] {subprocess.py:93} INFO - 	metrics.num.samples = 2
[2025-07-18T15:44:10.135+0000] {subprocess.py:93} INFO - 	metrics.recording.level = INFO
[2025-07-18T15:44:10.135+0000] {subprocess.py:93} INFO - 	metrics.sample.window.ms = 30000
[2025-07-18T15:44:10.136+0000] {subprocess.py:93} INFO - 	receive.buffer.bytes = 65536
[2025-07-18T15:44:10.136+0000] {subprocess.py:93} INFO - 	reconnect.backoff.max.ms = 1000
[2025-07-18T15:44:10.137+0000] {subprocess.py:93} INFO - 	reconnect.backoff.ms = 50
[2025-07-18T15:44:10.137+0000] {subprocess.py:93} INFO - 	request.timeout.ms = 30000
[2025-07-18T15:44:10.137+0000] {subprocess.py:93} INFO - 	retries = 2147483647
[2025-07-18T15:44:10.138+0000] {subprocess.py:93} INFO - 	retry.backoff.ms = 100
[2025-07-18T15:44:10.138+0000] {subprocess.py:93} INFO - 	sasl.client.callback.handler.class = null
[2025-07-18T15:44:10.139+0000] {subprocess.py:93} INFO - 	sasl.jaas.config = null
[2025-07-18T15:44:10.139+0000] {subprocess.py:93} INFO - 	sasl.kerberos.kinit.cmd = /usr/bin/kinit
[2025-07-18T15:44:10.139+0000] {subprocess.py:93} INFO - 	sasl.kerberos.min.time.before.relogin = 60000
[2025-07-18T15:44:10.140+0000] {subprocess.py:93} INFO - 	sasl.kerberos.service.name = null
[2025-07-18T15:44:10.140+0000] {subprocess.py:93} INFO - 	sasl.kerberos.ticket.renew.jitter = 0.05
[2025-07-18T15:44:10.140+0000] {subprocess.py:93} INFO - 	sasl.kerberos.ticket.renew.window.factor = 0.8
[2025-07-18T15:44:10.140+0000] {subprocess.py:93} INFO - 	sasl.login.callback.handler.class = null
[2025-07-18T15:44:10.141+0000] {subprocess.py:93} INFO - 	sasl.login.class = null
[2025-07-18T15:44:10.141+0000] {subprocess.py:93} INFO - 	sasl.login.connect.timeout.ms = null
[2025-07-18T15:44:10.141+0000] {subprocess.py:93} INFO - 	sasl.login.read.timeout.ms = null
[2025-07-18T15:44:10.142+0000] {subprocess.py:93} INFO - 	sasl.login.refresh.buffer.seconds = 300
[2025-07-18T15:44:10.142+0000] {subprocess.py:93} INFO - 	sasl.login.refresh.min.period.seconds = 60
[2025-07-18T15:44:10.142+0000] {subprocess.py:93} INFO - 	sasl.login.refresh.window.factor = 0.8
[2025-07-18T15:44:10.142+0000] {subprocess.py:93} INFO - 	sasl.login.refresh.window.jitter = 0.05
[2025-07-18T15:44:10.143+0000] {subprocess.py:93} INFO - 	sasl.login.retry.backoff.max.ms = 10000
[2025-07-18T15:44:10.143+0000] {subprocess.py:93} INFO - 	sasl.login.retry.backoff.ms = 100
[2025-07-18T15:44:10.144+0000] {subprocess.py:93} INFO - 	sasl.mechanism = GSSAPI
[2025-07-18T15:44:10.144+0000] {subprocess.py:93} INFO - 	sasl.oauthbearer.clock.skew.seconds = 30
[2025-07-18T15:44:10.145+0000] {subprocess.py:93} INFO - 	sasl.oauthbearer.expected.audience = null
[2025-07-18T15:44:10.145+0000] {subprocess.py:93} INFO - 	sasl.oauthbearer.expected.issuer = null
[2025-07-18T15:44:10.146+0000] {subprocess.py:93} INFO - 	sasl.oauthbearer.jwks.endpoint.refresh.ms = 3600000
[2025-07-18T15:44:10.146+0000] {subprocess.py:93} INFO - 	sasl.oauthbearer.jwks.endpoint.retry.backoff.max.ms = 10000
[2025-07-18T15:44:10.146+0000] {subprocess.py:93} INFO - 	sasl.oauthbearer.jwks.endpoint.retry.backoff.ms = 100
[2025-07-18T15:44:10.146+0000] {subprocess.py:93} INFO - 	sasl.oauthbearer.jwks.endpoint.url = null
[2025-07-18T15:44:10.147+0000] {subprocess.py:93} INFO - 	sasl.oauthbearer.scope.claim.name = scope
[2025-07-18T15:44:10.147+0000] {subprocess.py:93} INFO - 	sasl.oauthbearer.sub.claim.name = sub
[2025-07-18T15:44:10.148+0000] {subprocess.py:93} INFO - 	sasl.oauthbearer.token.endpoint.url = null
[2025-07-18T15:44:10.148+0000] {subprocess.py:93} INFO - 	security.protocol = PLAINTEXT
[2025-07-18T15:44:10.148+0000] {subprocess.py:93} INFO - 	security.providers = null
[2025-07-18T15:44:10.149+0000] {subprocess.py:93} INFO - 	send.buffer.bytes = 131072
[2025-07-18T15:44:10.150+0000] {subprocess.py:93} INFO - 	socket.connection.setup.timeout.max.ms = 30000
[2025-07-18T15:44:10.151+0000] {subprocess.py:93} INFO - 	socket.connection.setup.timeout.ms = 10000
[2025-07-18T15:44:10.151+0000] {subprocess.py:93} INFO - 	ssl.cipher.suites = null
[2025-07-18T15:44:10.152+0000] {subprocess.py:93} INFO - 	ssl.enabled.protocols = [TLSv1.2, TLSv1.3]
[2025-07-18T15:44:10.152+0000] {subprocess.py:93} INFO - 	ssl.endpoint.identification.algorithm = https
[2025-07-18T15:44:10.153+0000] {subprocess.py:93} INFO - 	ssl.engine.factory.class = null
[2025-07-18T15:44:10.153+0000] {subprocess.py:93} INFO - 	ssl.key.password = null
[2025-07-18T15:44:10.154+0000] {subprocess.py:93} INFO - 	ssl.keymanager.algorithm = SunX509
[2025-07-18T15:44:10.155+0000] {subprocess.py:93} INFO - 	ssl.keystore.certificate.chain = null
[2025-07-18T15:44:10.155+0000] {subprocess.py:93} INFO - 	ssl.keystore.key = null
[2025-07-18T15:44:10.156+0000] {subprocess.py:93} INFO - 	ssl.keystore.location = null
[2025-07-18T15:44:10.156+0000] {subprocess.py:93} INFO - 	ssl.keystore.password = null
[2025-07-18T15:44:10.156+0000] {subprocess.py:93} INFO - 	ssl.keystore.type = JKS
[2025-07-18T15:44:10.156+0000] {subprocess.py:93} INFO - 	ssl.protocol = TLSv1.3
[2025-07-18T15:44:10.156+0000] {subprocess.py:93} INFO - 	ssl.provider = null
[2025-07-18T15:44:10.156+0000] {subprocess.py:93} INFO - 	ssl.secure.random.implementation = null
[2025-07-18T15:44:10.157+0000] {subprocess.py:93} INFO - 	ssl.trustmanager.algorithm = PKIX
[2025-07-18T15:44:10.157+0000] {subprocess.py:93} INFO - 	ssl.truststore.certificates = null
[2025-07-18T15:44:10.157+0000] {subprocess.py:93} INFO - 	ssl.truststore.location = null
[2025-07-18T15:44:10.157+0000] {subprocess.py:93} INFO - 	ssl.truststore.password = null
[2025-07-18T15:44:10.157+0000] {subprocess.py:93} INFO - 	ssl.truststore.type = JKS
[2025-07-18T15:44:10.157+0000] {subprocess.py:93} INFO - 
[2025-07-18T15:44:10.157+0000] {subprocess.py:93} INFO - 25/07/18 15:44:10 INFO AdminClientConfig: These configurations '[key.deserializer, value.deserializer, enable.auto.commit, max.poll.records, auto.offset.reset]' were supplied but are not used yet.
[2025-07-18T15:44:10.157+0000] {subprocess.py:93} INFO - 25/07/18 15:44:10 INFO AppInfoParser: Kafka version: 3.5.1
[2025-07-18T15:44:10.157+0000] {subprocess.py:93} INFO - 25/07/18 15:44:10 INFO AppInfoParser: Kafka commitId: 2c6fb6c54472e90a
[2025-07-18T15:44:10.157+0000] {subprocess.py:93} INFO - 25/07/18 15:44:10 INFO AppInfoParser: Kafka startTimeMs: 1752853450134
[2025-07-18T15:44:20.293+0000] {subprocess.py:93} INFO - 25/07/18 15:44:20 INFO MicroBatchExecution: Streaming query has been idle and waiting for new data more than 10000 ms.
[2025-07-18T15:44:20.303+0000] {subprocess.py:93} INFO - 25/07/18 15:44:20 INFO MicroBatchExecution: Streaming query has been idle and waiting for new data more than 10000 ms.
[2025-07-18T15:44:20.303+0000] {subprocess.py:93} INFO - 25/07/18 15:44:20 INFO MicroBatchExecution: Streaming query has been idle and waiting for new data more than 10000 ms.
[2025-07-18T15:44:30.297+0000] {subprocess.py:93} INFO - 25/07/18 15:44:30 INFO MicroBatchExecution: Streaming query has been idle and waiting for new data more than 10000 ms.
[2025-07-18T15:44:30.308+0000] {subprocess.py:93} INFO - 25/07/18 15:44:30 INFO MicroBatchExecution: Streaming query has been idle and waiting for new data more than 10000 ms.
[2025-07-18T15:44:30.309+0000] {subprocess.py:93} INFO - 25/07/18 15:44:30 INFO MicroBatchExecution: Streaming query has been idle and waiting for new data more than 10000 ms.
[2025-07-18T15:44:40.309+0000] {subprocess.py:93} INFO - 25/07/18 15:44:40 INFO MicroBatchExecution: Streaming query has been idle and waiting for new data more than 10000 ms.
[2025-07-18T15:44:40.309+0000] {subprocess.py:93} INFO - 25/07/18 15:44:40 INFO MicroBatchExecution: Streaming query has been idle and waiting for new data more than 10000 ms.
[2025-07-18T15:44:40.309+0000] {subprocess.py:93} INFO - 25/07/18 15:44:40 INFO MicroBatchExecution: Streaming query has been idle and waiting for new data more than 10000 ms.
[2025-07-18T15:44:50.318+0000] {subprocess.py:93} INFO - 25/07/18 15:44:50 INFO MicroBatchExecution: Streaming query has been idle and waiting for new data more than 10000 ms.
[2025-07-18T15:44:50.319+0000] {subprocess.py:93} INFO - 25/07/18 15:44:50 INFO MicroBatchExecution: Streaming query has been idle and waiting for new data more than 10000 ms.
[2025-07-18T15:44:50.319+0000] {subprocess.py:93} INFO - 25/07/18 15:44:50 INFO MicroBatchExecution: Streaming query has been idle and waiting for new data more than 10000 ms.
[2025-07-18T15:45:00.320+0000] {subprocess.py:93} INFO - 25/07/18 15:45:00 INFO MicroBatchExecution: Streaming query has been idle and waiting for new data more than 10000 ms.
[2025-07-18T15:45:00.321+0000] {subprocess.py:93} INFO - 25/07/18 15:45:00 INFO MicroBatchExecution: Streaming query has been idle and waiting for new data more than 10000 ms.
[2025-07-18T15:45:00.321+0000] {subprocess.py:93} INFO - 25/07/18 15:45:00 INFO MicroBatchExecution: Streaming query has been idle and waiting for new data more than 10000 ms.
[2025-07-18T15:45:10.320+0000] {subprocess.py:93} INFO - 25/07/18 15:45:10 INFO MicroBatchExecution: Streaming query has been idle and waiting for new data more than 10000 ms.
[2025-07-18T15:45:10.331+0000] {subprocess.py:93} INFO - 25/07/18 15:45:10 INFO MicroBatchExecution: Streaming query has been idle and waiting for new data more than 10000 ms.
[2025-07-18T15:45:10.332+0000] {subprocess.py:93} INFO - 25/07/18 15:45:10 INFO MicroBatchExecution: Streaming query has been idle and waiting for new data more than 10000 ms.
[2025-07-18T15:45:20.322+0000] {subprocess.py:93} INFO - 25/07/18 15:45:20 INFO MicroBatchExecution: Streaming query has been idle and waiting for new data more than 10000 ms.
[2025-07-18T15:45:20.334+0000] {subprocess.py:93} INFO - 25/07/18 15:45:20 INFO MicroBatchExecution: Streaming query has been idle and waiting for new data more than 10000 ms.
[2025-07-18T15:45:20.335+0000] {subprocess.py:93} INFO - 25/07/18 15:45:20 INFO MicroBatchExecution: Streaming query has been idle and waiting for new data more than 10000 ms.
[2025-07-18T15:45:30.333+0000] {subprocess.py:93} INFO - 25/07/18 15:45:30 INFO MicroBatchExecution: Streaming query has been idle and waiting for new data more than 10000 ms.
[2025-07-18T15:45:30.344+0000] {subprocess.py:93} INFO - 25/07/18 15:45:30 INFO MicroBatchExecution: Streaming query has been idle and waiting for new data more than 10000 ms.
[2025-07-18T15:45:30.344+0000] {subprocess.py:93} INFO - 25/07/18 15:45:30 INFO MicroBatchExecution: Streaming query has been idle and waiting for new data more than 10000 ms.
[2025-07-18T15:45:40.345+0000] {subprocess.py:93} INFO - 25/07/18 15:45:40 INFO MicroBatchExecution: Streaming query has been idle and waiting for new data more than 10000 ms.
[2025-07-18T15:45:40.346+0000] {subprocess.py:93} INFO - 25/07/18 15:45:40 INFO MicroBatchExecution: Streaming query has been idle and waiting for new data more than 10000 ms.
[2025-07-18T15:45:40.346+0000] {subprocess.py:93} INFO - 25/07/18 15:45:40 INFO MicroBatchExecution: Streaming query has been idle and waiting for new data more than 10000 ms.
[2025-07-18T15:45:50.358+0000] {subprocess.py:93} INFO - 25/07/18 15:45:50 INFO MicroBatchExecution: Streaming query has been idle and waiting for new data more than 10000 ms.
[2025-07-18T15:45:50.359+0000] {subprocess.py:93} INFO - 25/07/18 15:45:50 INFO MicroBatchExecution: Streaming query has been idle and waiting for new data more than 10000 ms.
[2025-07-18T15:45:50.360+0000] {subprocess.py:93} INFO - 25/07/18 15:45:50 INFO MicroBatchExecution: Streaming query has been idle and waiting for new data more than 10000 ms.
[2025-07-18T15:46:00.360+0000] {subprocess.py:93} INFO - 25/07/18 15:46:00 INFO MicroBatchExecution: Streaming query has been idle and waiting for new data more than 10000 ms.
[2025-07-18T15:46:00.361+0000] {subprocess.py:93} INFO - 25/07/18 15:46:00 INFO MicroBatchExecution: Streaming query has been idle and waiting for new data more than 10000 ms.
[2025-07-18T15:46:00.366+0000] {subprocess.py:93} INFO - 25/07/18 15:46:00 INFO MicroBatchExecution: Streaming query has been idle and waiting for new data more than 10000 ms.
[2025-07-18T15:46:01.848+0000] {subprocess.py:93} INFO - 25/07/18 15:46:01 INFO CheckpointFileManager: Writing atomically to file:/tmp/checkpoints/reservations/offsets/25 using temp file file:/tmp/checkpoints/reservations/offsets/.25.a26a7457-193f-4cf7-ae79-a99a17ceb820.tmp
[2025-07-18T15:46:01.865+0000] {subprocess.py:93} INFO - 25/07/18 15:46:01 WARN CheckpointFileManager: Failed to rename temp file file:/tmp/checkpoints/reservations/offsets/.25.a26a7457-193f-4cf7-ae79-a99a17ceb820.tmp to file:/tmp/checkpoints/reservations/offsets/25 because file exists
[2025-07-18T15:46:01.866+0000] {subprocess.py:93} INFO - org.apache.hadoop.fs.FileAlreadyExistsException: Rename destination file:/tmp/checkpoints/reservations/offsets/25 already exists.
[2025-07-18T15:46:01.867+0000] {subprocess.py:93} INFO - 	at org.apache.hadoop.fs.AbstractFileSystem.renameInternal(AbstractFileSystem.java:770)
[2025-07-18T15:46:01.867+0000] {subprocess.py:93} INFO - 	at org.apache.hadoop.fs.AbstractFileSystem.rename(AbstractFileSystem.java:720)
[2025-07-18T15:46:01.867+0000] {subprocess.py:93} INFO - 	at org.apache.hadoop.fs.ChecksumFs.renameInternal(ChecksumFs.java:489)
[2025-07-18T15:46:01.870+0000] {subprocess.py:93} INFO - 	at org.apache.hadoop.fs.AbstractFileSystem.rename(AbstractFileSystem.java:720)
[2025-07-18T15:46:01.870+0000] {subprocess.py:93} INFO - 	at org.apache.hadoop.fs.FileContext.rename(FileContext.java:1036)
[2025-07-18T15:46:01.871+0000] {subprocess.py:93} INFO - 	at org.apache.spark.sql.execution.streaming.FileContextBasedCheckpointFileManager.renameTempFile(CheckpointFileManager.scala:372)
[2025-07-18T15:46:01.871+0000] {subprocess.py:93} INFO - 	at org.apache.spark.sql.execution.streaming.CheckpointFileManager$RenameBasedFSDataOutputStream.close(CheckpointFileManager.scala:154)
[2025-07-18T15:46:01.871+0000] {subprocess.py:93} INFO - 	at org.apache.spark.sql.execution.streaming.HDFSMetadataLog.write(HDFSMetadataLog.scala:204)
[2025-07-18T15:46:01.871+0000] {subprocess.py:93} INFO - 	at org.apache.spark.sql.execution.streaming.HDFSMetadataLog.addNewBatchByStream(HDFSMetadataLog.scala:237)
[2025-07-18T15:46:01.871+0000] {subprocess.py:93} INFO - 	at org.apache.spark.sql.execution.streaming.HDFSMetadataLog.add(HDFSMetadataLog.scala:130)
[2025-07-18T15:46:01.871+0000] {subprocess.py:93} INFO - 	at org.apache.spark.sql.execution.streaming.MicroBatchExecution.markMicroBatchStart(MicroBatchExecution.scala:764)
[2025-07-18T15:46:01.871+0000] {subprocess.py:93} INFO - 	at org.apache.spark.sql.execution.streaming.MicroBatchExecution.$anonfun$constructNextBatch$13(MicroBatchExecution.scala:536)
[2025-07-18T15:46:01.872+0000] {subprocess.py:93} INFO - 	at scala.runtime.java8.JFunction0$mcV$sp.apply(JFunction0$mcV$sp.java:23)
[2025-07-18T15:46:01.872+0000] {subprocess.py:93} INFO - 	at org.apache.spark.sql.execution.streaming.ProgressReporter.reportTimeTaken(ProgressReporter.scala:427)
[2025-07-18T15:46:01.872+0000] {subprocess.py:93} INFO - 	at org.apache.spark.sql.execution.streaming.ProgressReporter.reportTimeTaken$(ProgressReporter.scala:425)
[2025-07-18T15:46:01.872+0000] {subprocess.py:93} INFO - 	at org.apache.spark.sql.execution.streaming.StreamExecution.reportTimeTaken(StreamExecution.scala:67)
[2025-07-18T15:46:01.872+0000] {subprocess.py:93} INFO - 	at org.apache.spark.sql.execution.streaming.MicroBatchExecution.$anonfun$constructNextBatch$1(MicroBatchExecution.scala:535)
[2025-07-18T15:46:01.872+0000] {subprocess.py:93} INFO - 	at scala.runtime.java8.JFunction0$mcZ$sp.apply(JFunction0$mcZ$sp.java:23)
[2025-07-18T15:46:01.873+0000] {subprocess.py:93} INFO - 	at org.apache.spark.sql.execution.streaming.MicroBatchExecution.withProgressLocked(MicroBatchExecution.scala:810)
[2025-07-18T15:46:01.873+0000] {subprocess.py:93} INFO - 	at org.apache.spark.sql.execution.streaming.MicroBatchExecution.constructNextBatch(MicroBatchExecution.scala:475)
[2025-07-18T15:46:01.873+0000] {subprocess.py:93} INFO - 	at org.apache.spark.sql.execution.streaming.MicroBatchExecution.$anonfun$runActivatedStream$2(MicroBatchExecution.scala:268)
[2025-07-18T15:46:01.873+0000] {subprocess.py:93} INFO - 	at scala.runtime.java8.JFunction0$mcV$sp.apply(JFunction0$mcV$sp.java:23)
[2025-07-18T15:46:01.873+0000] {subprocess.py:93} INFO - 	at org.apache.spark.sql.execution.streaming.ProgressReporter.reportTimeTaken(ProgressReporter.scala:427)
[2025-07-18T15:46:01.873+0000] {subprocess.py:93} INFO - 	at org.apache.spark.sql.execution.streaming.ProgressReporter.reportTimeTaken$(ProgressReporter.scala:425)
[2025-07-18T15:46:01.874+0000] {subprocess.py:93} INFO - 	at org.apache.spark.sql.execution.streaming.StreamExecution.reportTimeTaken(StreamExecution.scala:67)
[2025-07-18T15:46:01.874+0000] {subprocess.py:93} INFO - 	at org.apache.spark.sql.execution.streaming.MicroBatchExecution.$anonfun$runActivatedStream$1(MicroBatchExecution.scala:249)
[2025-07-18T15:46:01.874+0000] {subprocess.py:93} INFO - 	at org.apache.spark.sql.execution.streaming.ProcessingTimeExecutor.execute(TriggerExecutor.scala:67)
[2025-07-18T15:46:01.874+0000] {subprocess.py:93} INFO - 	at org.apache.spark.sql.execution.streaming.MicroBatchExecution.runActivatedStream(MicroBatchExecution.scala:239)
[2025-07-18T15:46:01.874+0000] {subprocess.py:93} INFO - 	at org.apache.spark.sql.execution.streaming.StreamExecution.$anonfun$runStream$1(StreamExecution.scala:311)
[2025-07-18T15:46:01.875+0000] {subprocess.py:93} INFO - 	at scala.runtime.java8.JFunction0$mcV$sp.apply(JFunction0$mcV$sp.java:23)
[2025-07-18T15:46:01.875+0000] {subprocess.py:93} INFO - 	at org.apache.spark.sql.SparkSession.withActive(SparkSession.scala:900)
[2025-07-18T15:46:01.875+0000] {subprocess.py:93} INFO - 	at org.apache.spark.sql.execution.streaming.StreamExecution.org$apache$spark$sql$execution$streaming$StreamExecution$$runStream(StreamExecution.scala:289)
[2025-07-18T15:46:01.875+0000] {subprocess.py:93} INFO - 	at org.apache.spark.sql.execution.streaming.StreamExecution$$anon$1.$anonfun$run$1(StreamExecution.scala:211)
[2025-07-18T15:46:01.875+0000] {subprocess.py:93} INFO - 	at scala.runtime.java8.JFunction0$mcV$sp.apply(JFunction0$mcV$sp.java:23)
[2025-07-18T15:46:01.875+0000] {subprocess.py:93} INFO - 	at org.apache.spark.JobArtifactSet$.withActiveJobArtifactState(JobArtifactSet.scala:94)
[2025-07-18T15:46:01.876+0000] {subprocess.py:93} INFO - 	at org.apache.spark.sql.execution.streaming.StreamExecution$$anon$1.run(StreamExecution.scala:211)
[2025-07-18T15:46:02.132+0000] {subprocess.py:93} INFO - 25/07/18 15:46:02 ERROR MicroBatchExecution: Query [id = 0314df7c-5598-4928-8d91-374ee67989d1, runId = e245e303-535e-434e-82e4-295debdd3d4c] terminated with error
[2025-07-18T15:46:02.132+0000] {subprocess.py:93} INFO - org.apache.spark.SparkConcurrentModificationException: Multiple streaming queries are concurrently using file:/tmp/checkpoints/reservations/offsets.
[2025-07-18T15:46:02.132+0000] {subprocess.py:93} INFO - 	at org.apache.spark.sql.errors.QueryExecutionErrors$.multiStreamingQueriesUsingPathConcurrentlyError(QueryExecutionErrors.scala:1858)
[2025-07-18T15:46:02.132+0000] {subprocess.py:93} INFO - 	at org.apache.spark.sql.execution.streaming.HDFSMetadataLog.write(HDFSMetadataLog.scala:210)
[2025-07-18T15:46:02.133+0000] {subprocess.py:93} INFO - 	at org.apache.spark.sql.execution.streaming.HDFSMetadataLog.addNewBatchByStream(HDFSMetadataLog.scala:237)
[2025-07-18T15:46:02.133+0000] {subprocess.py:93} INFO - 	at org.apache.spark.sql.execution.streaming.HDFSMetadataLog.add(HDFSMetadataLog.scala:130)
[2025-07-18T15:46:02.136+0000] {subprocess.py:93} INFO - 	at org.apache.spark.sql.execution.streaming.MicroBatchExecution.markMicroBatchStart(MicroBatchExecution.scala:764)
[2025-07-18T15:46:02.136+0000] {subprocess.py:93} INFO - 	at org.apache.spark.sql.execution.streaming.MicroBatchExecution.$anonfun$constructNextBatch$13(MicroBatchExecution.scala:536)
[2025-07-18T15:46:02.136+0000] {subprocess.py:93} INFO - 	at scala.runtime.java8.JFunction0$mcV$sp.apply(JFunction0$mcV$sp.java:23)
[2025-07-18T15:46:02.137+0000] {subprocess.py:93} INFO - 	at org.apache.spark.sql.execution.streaming.ProgressReporter.reportTimeTaken(ProgressReporter.scala:427)
[2025-07-18T15:46:02.137+0000] {subprocess.py:93} INFO - 	at org.apache.spark.sql.execution.streaming.ProgressReporter.reportTimeTaken$(ProgressReporter.scala:425)
[2025-07-18T15:46:02.137+0000] {subprocess.py:93} INFO - 	at org.apache.spark.sql.execution.streaming.StreamExecution.reportTimeTaken(StreamExecution.scala:67)
[2025-07-18T15:46:02.137+0000] {subprocess.py:93} INFO - 	at org.apache.spark.sql.execution.streaming.MicroBatchExecution.$anonfun$constructNextBatch$1(MicroBatchExecution.scala:535)
[2025-07-18T15:46:02.137+0000] {subprocess.py:93} INFO - 	at scala.runtime.java8.JFunction0$mcZ$sp.apply(JFunction0$mcZ$sp.java:23)
[2025-07-18T15:46:02.137+0000] {subprocess.py:93} INFO - 	at org.apache.spark.sql.execution.streaming.MicroBatchExecution.withProgressLocked(MicroBatchExecution.scala:810)
[2025-07-18T15:46:02.137+0000] {subprocess.py:93} INFO - 	at org.apache.spark.sql.execution.streaming.MicroBatchExecution.constructNextBatch(MicroBatchExecution.scala:475)
[2025-07-18T15:46:02.137+0000] {subprocess.py:93} INFO - 	at org.apache.spark.sql.execution.streaming.MicroBatchExecution.$anonfun$runActivatedStream$2(MicroBatchExecution.scala:268)
[2025-07-18T15:46:02.138+0000] {subprocess.py:93} INFO - 	at scala.runtime.java8.JFunction0$mcV$sp.apply(JFunction0$mcV$sp.java:23)
[2025-07-18T15:46:02.138+0000] {subprocess.py:93} INFO - 	at org.apache.spark.sql.execution.streaming.ProgressReporter.reportTimeTaken(ProgressReporter.scala:427)
[2025-07-18T15:46:02.138+0000] {subprocess.py:93} INFO - 	at org.apache.spark.sql.execution.streaming.ProgressReporter.reportTimeTaken$(ProgressReporter.scala:425)
[2025-07-18T15:46:02.138+0000] {subprocess.py:93} INFO - 	at org.apache.spark.sql.execution.streaming.StreamExecution.reportTimeTaken(StreamExecution.scala:67)
[2025-07-18T15:46:02.138+0000] {subprocess.py:93} INFO - 	at org.apache.spark.sql.execution.streaming.MicroBatchExecution.$anonfun$runActivatedStream$1(MicroBatchExecution.scala:249)
[2025-07-18T15:46:02.138+0000] {subprocess.py:93} INFO - 	at org.apache.spark.sql.execution.streaming.ProcessingTimeExecutor.execute(TriggerExecutor.scala:67)
[2025-07-18T15:46:02.138+0000] {subprocess.py:93} INFO - 	at org.apache.spark.sql.execution.streaming.MicroBatchExecution.runActivatedStream(MicroBatchExecution.scala:239)
[2025-07-18T15:46:02.138+0000] {subprocess.py:93} INFO - 	at org.apache.spark.sql.execution.streaming.StreamExecution.$anonfun$runStream$1(StreamExecution.scala:311)
[2025-07-18T15:46:02.139+0000] {subprocess.py:93} INFO - 	at scala.runtime.java8.JFunction0$mcV$sp.apply(JFunction0$mcV$sp.java:23)
[2025-07-18T15:46:02.139+0000] {subprocess.py:93} INFO - 	at org.apache.spark.sql.SparkSession.withActive(SparkSession.scala:900)
[2025-07-18T15:46:02.139+0000] {subprocess.py:93} INFO - 	at org.apache.spark.sql.execution.streaming.StreamExecution.org$apache$spark$sql$execution$streaming$StreamExecution$$runStream(StreamExecution.scala:289)
[2025-07-18T15:46:02.139+0000] {subprocess.py:93} INFO - 	at org.apache.spark.sql.execution.streaming.StreamExecution$$anon$1.$anonfun$run$1(StreamExecution.scala:211)
[2025-07-18T15:46:02.139+0000] {subprocess.py:93} INFO - 	at scala.runtime.java8.JFunction0$mcV$sp.apply(JFunction0$mcV$sp.java:23)
[2025-07-18T15:46:02.139+0000] {subprocess.py:93} INFO - 	at org.apache.spark.JobArtifactSet$.withActiveJobArtifactState(JobArtifactSet.scala:94)
[2025-07-18T15:46:02.139+0000] {subprocess.py:93} INFO - 	at org.apache.spark.sql.execution.streaming.StreamExecution$$anon$1.run(StreamExecution.scala:211)
[2025-07-18T15:46:02.139+0000] {subprocess.py:93} INFO - Caused by: org.apache.hadoop.fs.FileAlreadyExistsException: Rename destination file:/tmp/checkpoints/reservations/offsets/25 already exists.
[2025-07-18T15:46:02.139+0000] {subprocess.py:93} INFO - 	at org.apache.hadoop.fs.AbstractFileSystem.renameInternal(AbstractFileSystem.java:770)
[2025-07-18T15:46:02.139+0000] {subprocess.py:93} INFO - 	at org.apache.hadoop.fs.AbstractFileSystem.rename(AbstractFileSystem.java:720)
[2025-07-18T15:46:02.139+0000] {subprocess.py:93} INFO - 	at org.apache.hadoop.fs.ChecksumFs.renameInternal(ChecksumFs.java:489)
[2025-07-18T15:46:02.140+0000] {subprocess.py:93} INFO - 	at org.apache.hadoop.fs.AbstractFileSystem.rename(AbstractFileSystem.java:720)
[2025-07-18T15:46:02.140+0000] {subprocess.py:93} INFO - 	at org.apache.hadoop.fs.FileContext.rename(FileContext.java:1036)
[2025-07-18T15:46:02.140+0000] {subprocess.py:93} INFO - 	at org.apache.spark.sql.execution.streaming.FileContextBasedCheckpointFileManager.renameTempFile(CheckpointFileManager.scala:372)
[2025-07-18T15:46:02.140+0000] {subprocess.py:93} INFO - 	at org.apache.spark.sql.execution.streaming.CheckpointFileManager$RenameBasedFSDataOutputStream.close(CheckpointFileManager.scala:154)
[2025-07-18T15:46:02.140+0000] {subprocess.py:93} INFO - 	at org.apache.spark.sql.execution.streaming.HDFSMetadataLog.write(HDFSMetadataLog.scala:204)
[2025-07-18T15:46:02.140+0000] {subprocess.py:93} INFO - 	... 28 more
[2025-07-18T15:46:02.140+0000] {subprocess.py:93} INFO - 25/07/18 15:46:02 INFO AppInfoParser: App info kafka.admin.client for adminclient-2 unregistered
[2025-07-18T15:46:02.140+0000] {subprocess.py:93} INFO - 25/07/18 15:46:02 INFO Metrics: Metrics scheduler closed
[2025-07-18T15:46:02.141+0000] {subprocess.py:93} INFO - 25/07/18 15:46:02 INFO Metrics: Closing reporter org.apache.kafka.common.metrics.JmxReporter
[2025-07-18T15:46:02.141+0000] {subprocess.py:93} INFO - 25/07/18 15:46:02 INFO Metrics: Metrics reporters closed
[2025-07-18T15:46:02.141+0000] {subprocess.py:93} INFO - 25/07/18 15:46:02 INFO MicroBatchExecution: Async log purge executor pool for query [id = 0314df7c-5598-4928-8d91-374ee67989d1, runId = e245e303-535e-434e-82e4-295debdd3d4c] has been shutdown
[2025-07-18T15:46:02.193+0000] {subprocess.py:93} INFO - Traceback (most recent call last):
[2025-07-18T15:46:02.193+0000] {subprocess.py:93} INFO -   File "/home/iceberg/spark/stream_to_bronze.py", line 94, in <module>
[2025-07-18T15:46:02.194+0000] {subprocess.py:93} INFO -     spark.streams.awaitAnyTermination()
[2025-07-18T15:46:02.194+0000] {subprocess.py:93} INFO -   File "/opt/bitnami/spark/python/lib/pyspark.zip/pyspark/sql/streaming/query.py", line 596, in awaitAnyTermination
[2025-07-18T15:46:02.194+0000] {subprocess.py:93} INFO -   File "/opt/bitnami/spark/python/lib/py4j-0.10.9.7-src.zip/py4j/java_gateway.py", line 1322, in __call__
[2025-07-18T15:46:02.194+0000] {subprocess.py:93} INFO -   File "/opt/bitnami/spark/python/lib/pyspark.zip/pyspark/errors/exceptions/captured.py", line 185, in deco
[2025-07-18T15:46:02.202+0000] {subprocess.py:93} INFO - pyspark.errors.exceptions.captured.StreamingQueryException: [STREAM_FAILED] Query [id = 0314df7c-5598-4928-8d91-374ee67989d1, runId = e245e303-535e-434e-82e4-295debdd3d4c] terminated with exception: Multiple streaming queries are concurrently using file:/tmp/checkpoints/reservations/offsets.
[2025-07-18T15:46:02.266+0000] {subprocess.py:93} INFO - 25/07/18 15:46:02 INFO SparkContext: Invoking stop() from shutdown hook
[2025-07-18T15:46:02.267+0000] {subprocess.py:93} INFO - 25/07/18 15:46:02 INFO SparkContext: SparkContext is stopping with exitCode 0.
[2025-07-18T15:46:02.280+0000] {subprocess.py:93} INFO - 25/07/18 15:46:02 INFO SparkUI: Stopped Spark web UI at http://77cb57a6bd53:4041
[2025-07-18T15:46:02.294+0000] {subprocess.py:93} INFO - 25/07/18 15:46:02 INFO MapOutputTrackerMasterEndpoint: MapOutputTrackerMasterEndpoint stopped!
[2025-07-18T15:46:02.314+0000] {subprocess.py:93} INFO - 25/07/18 15:46:02 INFO MemoryStore: MemoryStore cleared
[2025-07-18T15:46:02.315+0000] {subprocess.py:93} INFO - 25/07/18 15:46:02 INFO BlockManager: BlockManager stopped
[2025-07-18T15:46:02.322+0000] {subprocess.py:93} INFO - 25/07/18 15:46:02 INFO BlockManagerMaster: BlockManagerMaster stopped
[2025-07-18T15:46:02.325+0000] {subprocess.py:93} INFO - 25/07/18 15:46:02 INFO OutputCommitCoordinator$OutputCommitCoordinatorEndpoint: OutputCommitCoordinator stopped!
[2025-07-18T15:46:02.339+0000] {subprocess.py:93} INFO - 25/07/18 15:46:02 INFO SparkContext: Successfully stopped SparkContext
[2025-07-18T15:46:02.339+0000] {subprocess.py:93} INFO - 25/07/18 15:46:02 INFO ShutdownHookManager: Shutdown hook called
[2025-07-18T15:46:02.342+0000] {subprocess.py:93} INFO - 25/07/18 15:46:02 INFO ShutdownHookManager: Deleting directory /tmp/spark-e04c092d-903b-4cb1-bc8b-a9dbc3fe54d5/pyspark-cce54f00-b957-40ca-87d9-48a51f59c8bc
[2025-07-18T15:46:02.344+0000] {subprocess.py:93} INFO - 25/07/18 15:46:02 INFO ShutdownHookManager: Deleting directory /tmp/spark-e04c092d-903b-4cb1-bc8b-a9dbc3fe54d5
[2025-07-18T15:46:02.348+0000] {subprocess.py:93} INFO - 25/07/18 15:46:02 INFO ShutdownHookManager: Deleting directory /tmp/spark-51713ac1-3962-4a45-ba93-d4c5d7c7df44
[2025-07-18T15:46:02.352+0000] {subprocess.py:93} INFO - 25/07/18 15:46:02 INFO MetricsSystemImpl: Stopping s3a-file-system metrics system...
[2025-07-18T15:46:02.353+0000] {subprocess.py:93} INFO - 25/07/18 15:46:02 INFO MetricsSystemImpl: s3a-file-system metrics system stopped.
[2025-07-18T15:46:02.355+0000] {subprocess.py:93} INFO - 25/07/18 15:46:02 INFO MetricsSystemImpl: s3a-file-system metrics system shutdown complete.
[2025-07-18T15:46:02.734+0000] {subprocess.py:97} INFO - Command exited with return code 1
[2025-07-18T15:46:02.751+0000] {taskinstance.py:1937} ERROR - Task failed with exception
Traceback (most recent call last):
  File "/home/airflow/.local/lib/python3.8/site-packages/airflow/operators/bash.py", line 210, in execute
    raise AirflowException(
airflow.exceptions.AirflowException: Bash command failed. The command returned a non-zero exit code 1.
[2025-07-18T15:46:02.756+0000] {taskinstance.py:1400} INFO - Marking task as FAILED. dag_id=restaurant_pipeline, task_id=stream_to_bronze, execution_date=20250718T154200, start_date=20250718T154405, end_date=20250718T154602
[2025-07-18T15:46:02.770+0000] {standard_task_runner.py:104} ERROR - Failed to execute job 129 for task stream_to_bronze (Bash command failed. The command returned a non-zero exit code 1.; 655)
[2025-07-18T15:46:02.810+0000] {local_task_job_runner.py:228} INFO - Task exited with return code 1
[2025-07-18T15:46:02.861+0000] {taskinstance.py:2778} INFO - 0 downstream tasks scheduled from follow-on schedule check
