[2025-07-18T17:03:51.566+0000] {taskinstance.py:1159} INFO - Dependencies all met for dep_context=non-requeueable deps ti=<TaskInstance: restaurant_pipeline.send_to_kafka scheduled__2025-07-18T17:00:00+00:00 [queued]>
[2025-07-18T17:03:51.569+0000] {taskinstance.py:1159} INFO - Dependencies all met for dep_context=requeueable deps ti=<TaskInstance: restaurant_pipeline.send_to_kafka scheduled__2025-07-18T17:00:00+00:00 [queued]>
[2025-07-18T17:03:51.570+0000] {taskinstance.py:1361} INFO - Starting attempt 1 of 1
[2025-07-18T17:03:51.576+0000] {taskinstance.py:1382} INFO - Executing <Task(BashOperator): send_to_kafka> on 2025-07-18 17:00:00+00:00
[2025-07-18T17:03:51.578+0000] {standard_task_runner.py:57} INFO - Started process 2122 to run task
[2025-07-18T17:03:51.579+0000] {standard_task_runner.py:84} INFO - Running: ['***', 'tasks', 'run', 'restaurant_pipeline', 'send_to_kafka', 'scheduled__2025-07-18T17:00:00+00:00', '--job-id', '257', '--raw', '--subdir', 'DAGS_FOLDER/restaurant_pipeline.py', '--cfg-path', '/tmp/tmpem3hmqaf']
[2025-07-18T17:03:51.581+0000] {standard_task_runner.py:85} INFO - Job 257: Subtask send_to_kafka
[2025-07-18T17:03:51.604+0000] {task_command.py:416} INFO - Running <TaskInstance: restaurant_pipeline.send_to_kafka scheduled__2025-07-18T17:00:00+00:00 [running]> on host 9bcfb43e0ab7
[2025-07-18T17:03:51.639+0000] {taskinstance.py:1662} INFO - Exporting env vars: AIRFLOW_CTX_DAG_OWNER='moran' AIRFLOW_CTX_DAG_ID='restaurant_pipeline' AIRFLOW_CTX_TASK_ID='send_to_kafka' AIRFLOW_CTX_EXECUTION_DATE='2025-07-18T17:00:00+00:00' AIRFLOW_CTX_TRY_NUMBER='1' AIRFLOW_CTX_DAG_RUN_ID='scheduled__2025-07-18T17:00:00+00:00'
[2025-07-18T17:03:51.640+0000] {subprocess.py:63} INFO - Tmp dir root location: /tmp
[2025-07-18T17:03:51.640+0000] {subprocess.py:75} INFO - Running command: ['/bin/bash', '-c', 'python /opt/streaming/producer.py']
[2025-07-18T17:03:51.644+0000] {subprocess.py:86} INFO - Output:
[2025-07-18T17:03:53.912+0000] {subprocess.py:93} INFO - [✓] Sent to reservations: {'reservation_id': 7057, 'branch_id': 101, 'customer_name': 'Matthew Mcgee', 'phone_number': '289.990.4379', 'reservation_date': '2025-07-18', 'reservation_time': '17:43', 'guests_count': 7, 'is_confirmed': True}
[2025-07-18T17:03:53.916+0000] {subprocess.py:93} INFO - [✓] Sent to reservations: {'reservation_id': 9848, 'branch_id': 101, 'customer_name': 'Kyle Grant', 'phone_number': '001-548-396-9015x499', 'reservation_date': '2025-07-18', 'reservation_time': '18:31', 'guests_count': 8, 'is_confirmed': True}
[2025-07-18T17:03:53.916+0000] {subprocess.py:93} INFO - [✓] Sent to reservations: {'reservation_id': 1856, 'branch_id': 101, 'customer_name': 'Destiny Campbell', 'phone_number': '(579)578-0876', 'reservation_date': '2025-07-18', 'reservation_time': '18:59', 'guests_count': 4, 'is_confirmed': False}
[2025-07-18T17:03:53.916+0000] {subprocess.py:93} INFO - [✓] Sent to checkins: {'checkin_id': 5086, 'customer_name': 'Patrick Gill', 'phone_number': '745-624-6805', 'branch_id': 102, 'table_id': 203, 'is_prebooked': True, 'checkin_date': '2025-07-18', 'checkin_time': '15:11', 'guests_count': 4, 'shift_manager': 'Ann Weeks'}
[2025-07-18T17:03:53.916+0000] {subprocess.py:93} INFO - [✓] Sent to checkins: {'checkin_id': 6324, 'customer_name': 'Nicole Graves', 'phone_number': '504-301-2346x0984', 'branch_id': 101, 'table_id': 205, 'is_prebooked': False, 'checkin_date': '2025-07-18', 'checkin_time': '16:48', 'guests_count': 6, 'shift_manager': 'Dr. Emily Stanley MD'}
[2025-07-18T17:03:53.917+0000] {subprocess.py:93} INFO - [✓] Sent to checkins: {'checkin_id': 4549, 'customer_name': 'Stephanie Morrow', 'phone_number': '5703229285', 'branch_id': 102, 'table_id': 208, 'is_prebooked': True, 'checkin_date': '2025-07-18', 'checkin_time': '17:02', 'guests_count': 5, 'shift_manager': 'Natalie Duffy'}
[2025-07-18T17:03:53.917+0000] {subprocess.py:93} INFO - [✓] Sent to feedback: {'feedback_id': 5069, 'branch_id': 102, 'customer_name': 'Kaylee Johnston', 'phone_number': '(800)471-0335x2690', 'feedback_text': 'Culture speech budget.', 'rating': 1, 'dining_date': '2025-07-18', 'dining_time': '16:35', 'submission_time': '2025-07-18T17:03:50'}
[2025-07-18T17:03:53.917+0000] {subprocess.py:93} INFO - [✓] Sent to feedback: {'feedback_id': 2689, 'branch_id': 101, 'customer_name': 'Cody Burns', 'phone_number': '666.532.4546', 'feedback_text': 'Herself small people executive school administration.', 'rating': 2, 'dining_date': '2025-07-18', 'dining_time': '15:10', 'submission_time': '2025-07-18T17:03:50'}
[2025-07-18T17:03:53.917+0000] {subprocess.py:93} INFO - [✓] Sent to feedback: {'feedback_id': 2562, 'branch_id': 101, 'customer_name': 'Adam Joseph', 'phone_number': '+1-592-262-8292x77657', 'feedback_text': 'Remember economy purpose business.', 'rating': 5, 'dining_date': '2025-07-18', 'dining_time': '16:07', 'submission_time': '2025-07-18T17:03:50'}
[2025-07-18T17:03:53.917+0000] {subprocess.py:93} INFO - ✅ All messages sent.
[2025-07-18T17:03:53.972+0000] {subprocess.py:97} INFO - Command exited with return code 0
[2025-07-18T17:03:54.007+0000] {taskinstance.py:1400} INFO - Marking task as SUCCESS. dag_id=restaurant_pipeline, task_id=send_to_kafka, execution_date=20250718T170000, start_date=20250718T170351, end_date=20250718T170354
[2025-07-18T17:03:54.037+0000] {local_task_job_runner.py:228} INFO - Task exited with return code 0
[2025-07-18T17:03:54.066+0000] {taskinstance.py:2778} INFO - 1 downstream tasks scheduled from follow-on schedule check
