[2025-07-18T16:14:01.670+0000] {taskinstance.py:1159} INFO - Dependencies all met for dep_context=non-requeueable deps ti=<TaskInstance: restaurant_pipeline.send_to_kafka scheduled__2025-07-18T16:12:00+00:00 [queued]>
[2025-07-18T16:14:01.676+0000] {taskinstance.py:1159} INFO - Dependencies all met for dep_context=requeueable deps ti=<TaskInstance: restaurant_pipeline.send_to_kafka scheduled__2025-07-18T16:12:00+00:00 [queued]>
[2025-07-18T16:14:01.677+0000] {taskinstance.py:1361} INFO - Starting attempt 1 of 1
[2025-07-18T16:14:01.689+0000] {taskinstance.py:1382} INFO - Executing <Task(BashOperator): send_to_kafka> on 2025-07-18 16:12:00+00:00
[2025-07-18T16:14:01.694+0000] {standard_task_runner.py:57} INFO - Started process 1223 to run task
[2025-07-18T16:14:01.698+0000] {standard_task_runner.py:84} INFO - Running: ['***', 'tasks', 'run', 'restaurant_pipeline', 'send_to_kafka', 'scheduled__2025-07-18T16:12:00+00:00', '--job-id', '176', '--raw', '--subdir', 'DAGS_FOLDER/restaurant_pipeline.py', '--cfg-path', '/tmp/tmpnz0io5b5']
[2025-07-18T16:14:01.703+0000] {standard_task_runner.py:85} INFO - Job 176: Subtask send_to_kafka
[2025-07-18T16:14:01.803+0000] {task_command.py:416} INFO - Running <TaskInstance: restaurant_pipeline.send_to_kafka scheduled__2025-07-18T16:12:00+00:00 [running]> on host 9bcfb43e0ab7
[2025-07-18T16:14:01.868+0000] {taskinstance.py:1662} INFO - Exporting env vars: AIRFLOW_CTX_DAG_OWNER='moran' AIRFLOW_CTX_DAG_ID='restaurant_pipeline' AIRFLOW_CTX_TASK_ID='send_to_kafka' AIRFLOW_CTX_EXECUTION_DATE='2025-07-18T16:12:00+00:00' AIRFLOW_CTX_TRY_NUMBER='1' AIRFLOW_CTX_DAG_RUN_ID='scheduled__2025-07-18T16:12:00+00:00'
[2025-07-18T16:14:01.870+0000] {subprocess.py:63} INFO - Tmp dir root location: /tmp
[2025-07-18T16:14:01.870+0000] {subprocess.py:75} INFO - Running command: ['/bin/bash', '-c', 'python /opt/streaming/producer.py']
[2025-07-18T16:14:01.877+0000] {subprocess.py:86} INFO - Output:
[2025-07-18T16:14:04.220+0000] {subprocess.py:93} INFO - [✓] Sent to reservations: {'reservation_id': 5802, 'branch_id': 101, 'customer_name': 'Isaac Myers', 'phone_number': '(931)777-5914', 'reservation_date': '2025-07-18', 'reservation_time': '17:24', 'guests_count': 1, 'is_confirmed': True}
[2025-07-18T16:14:04.223+0000] {subprocess.py:93} INFO - [✓] Sent to reservations: {'reservation_id': 9675, 'branch_id': 101, 'customer_name': 'Sarah Hall', 'phone_number': '001-899-634-6305x450', 'reservation_date': '2025-07-18', 'reservation_time': '17:18', 'guests_count': 7, 'is_confirmed': True}
[2025-07-18T16:14:04.227+0000] {subprocess.py:93} INFO - [✓] Sent to reservations: {'reservation_id': 5349, 'branch_id': 101, 'customer_name': 'Samantha Hammond', 'phone_number': '(653)482-6788', 'reservation_date': '2025-07-18', 'reservation_time': '16:48', 'guests_count': 4, 'is_confirmed': True}
[2025-07-18T16:14:04.228+0000] {subprocess.py:93} INFO - [✓] Sent to checkins: {'checkin_id': 7363, 'customer_name': 'Elizabeth Barker', 'phone_number': '3586522839', 'branch_id': 102, 'table_id': 208, 'is_prebooked': False, 'checkin_date': '2025-07-18', 'checkin_time': '15:28', 'guests_count': 1, 'shift_manager': 'Nicole Flowers'}
[2025-07-18T16:14:04.228+0000] {subprocess.py:93} INFO - [✓] Sent to checkins: {'checkin_id': 1417, 'customer_name': 'Jennifer Delgado', 'phone_number': '(476)635-9579x2221', 'branch_id': 102, 'table_id': 206, 'is_prebooked': False, 'checkin_date': '2025-07-18', 'checkin_time': '15:41', 'guests_count': 1, 'shift_manager': 'Michelle Villarreal'}
[2025-07-18T16:14:04.228+0000] {subprocess.py:93} INFO - [✓] Sent to checkins: {'checkin_id': 9019, 'customer_name': 'Linda Hays', 'phone_number': '+1-692-373-8429', 'branch_id': 101, 'table_id': 206, 'is_prebooked': True, 'checkin_date': '2025-07-18', 'checkin_time': '15:56', 'guests_count': 1, 'shift_manager': 'Cynthia Green'}
[2025-07-18T16:14:04.228+0000] {subprocess.py:93} INFO - [✓] Sent to feedback: {'feedback_id': 1502, 'branch_id': 102, 'customer_name': 'David Chandler', 'phone_number': '+1-768-458-7998x192', 'feedback_text': 'Go catch several care.', 'rating': 5, 'dining_date': '2025-07-18', 'dining_time': '14:53', 'submission_time': '2025-07-18T16:14:00'}
[2025-07-18T16:14:04.228+0000] {subprocess.py:93} INFO - [✓] Sent to feedback: {'feedback_id': 1998, 'branch_id': 102, 'customer_name': 'Travis Duncan', 'phone_number': '001-832-424-4164x6994', 'feedback_text': 'West fish way understand certain.', 'rating': 4, 'dining_date': '2025-07-18', 'dining_time': '14:43', 'submission_time': '2025-07-18T16:14:00'}
[2025-07-18T16:14:04.228+0000] {subprocess.py:93} INFO - [✓] Sent to feedback: {'feedback_id': 6313, 'branch_id': 101, 'customer_name': 'Mrs. Nichole Holland', 'phone_number': '(955)356-9064', 'feedback_text': 'Control seat it.', 'rating': 5, 'dining_date': '2025-07-18', 'dining_time': '15:11', 'submission_time': '2025-07-18T16:14:00'}
[2025-07-18T16:14:04.228+0000] {subprocess.py:93} INFO - ✅ All messages sent.
[2025-07-18T16:14:04.262+0000] {subprocess.py:97} INFO - Command exited with return code 0
[2025-07-18T16:14:04.281+0000] {taskinstance.py:1400} INFO - Marking task as SUCCESS. dag_id=restaurant_pipeline, task_id=send_to_kafka, execution_date=20250718T161200, start_date=20250718T161401, end_date=20250718T161404
[2025-07-18T16:14:04.295+0000] {local_task_job_runner.py:228} INFO - Task exited with return code 0
[2025-07-18T16:14:04.324+0000] {taskinstance.py:2778} INFO - 1 downstream tasks scheduled from follow-on schedule check
