[2025-07-19T18:30:04.029+0000] {taskinstance.py:1159} INFO - Dependencies all met for dep_context=non-requeueable deps ti=<TaskInstance: restaurant_pipeline.send_to_kafka scheduled__2025-07-19T18:28:00+00:00 [queued]>
[2025-07-19T18:30:04.033+0000] {taskinstance.py:1159} INFO - Dependencies all met for dep_context=requeueable deps ti=<TaskInstance: restaurant_pipeline.send_to_kafka scheduled__2025-07-19T18:28:00+00:00 [queued]>
[2025-07-19T18:30:04.033+0000] {taskinstance.py:1361} INFO - Starting attempt 1 of 1
[2025-07-19T18:30:04.038+0000] {taskinstance.py:1382} INFO - Executing <Task(BashOperator): send_to_kafka> on 2025-07-19 18:28:00+00:00
[2025-07-19T18:30:04.040+0000] {standard_task_runner.py:57} INFO - Started process 967 to run task
[2025-07-19T18:30:04.042+0000] {standard_task_runner.py:84} INFO - Running: ['***', 'tasks', 'run', 'restaurant_pipeline', 'send_to_kafka', 'scheduled__2025-07-19T18:28:00+00:00', '--job-id', '993', '--raw', '--subdir', 'DAGS_FOLDER/restaurant_pipeline.py', '--cfg-path', '/tmp/tmpnc2flc24']
[2025-07-19T18:30:04.044+0000] {standard_task_runner.py:85} INFO - Job 993: Subtask send_to_kafka
[2025-07-19T18:30:04.064+0000] {task_command.py:416} INFO - Running <TaskInstance: restaurant_pipeline.send_to_kafka scheduled__2025-07-19T18:28:00+00:00 [running]> on host e3f5d8fc4eef
[2025-07-19T18:30:04.100+0000] {taskinstance.py:1662} INFO - Exporting env vars: AIRFLOW_CTX_DAG_OWNER='moran' AIRFLOW_CTX_DAG_ID='restaurant_pipeline' AIRFLOW_CTX_TASK_ID='send_to_kafka' AIRFLOW_CTX_EXECUTION_DATE='2025-07-19T18:28:00+00:00' AIRFLOW_CTX_TRY_NUMBER='1' AIRFLOW_CTX_DAG_RUN_ID='scheduled__2025-07-19T18:28:00+00:00'
[2025-07-19T18:30:04.100+0000] {subprocess.py:63} INFO - Tmp dir root location: /tmp
[2025-07-19T18:30:04.100+0000] {subprocess.py:75} INFO - Running command: ['/bin/bash', '-c', 'python /opt/streaming/producer.py']
[2025-07-19T18:30:04.104+0000] {subprocess.py:86} INFO - Output:
[2025-07-19T18:30:06.317+0000] {subprocess.py:93} INFO - [✓] Sent to reservations: {'reservation_id': 6682, 'branch_id': 101, 'customer_name': 'Karen Ward', 'phone_number': '830-588-5978x6489', 'reservation_date': '2025-07-19', 'reservation_time': '18:41', 'guests_count': 3, 'is_confirmed': True}
[2025-07-19T18:30:06.323+0000] {subprocess.py:93} INFO - [✓] Sent to reservations: {'reservation_id': 6328, 'branch_id': 102, 'customer_name': 'Dawn Rodriguez', 'phone_number': '+1-822-299-1634x43860', 'reservation_date': '2025-07-19', 'reservation_time': '18:58', 'guests_count': 5, 'is_confirmed': False}
[2025-07-19T18:30:06.324+0000] {subprocess.py:93} INFO - [✓] Sent to reservations: {'reservation_id': 6920, 'branch_id': 101, 'customer_name': 'Erika Young', 'phone_number': '001-914-915-9217', 'reservation_date': '2025-07-19', 'reservation_time': '20:08', 'guests_count': 5, 'is_confirmed': True}
[2025-07-19T18:30:06.326+0000] {subprocess.py:93} INFO - [✓] Sent to checkins: {'checkin_id': 2390, 'customer_name': 'Anthony Ford', 'phone_number': '(936)366-7247x33253', 'branch_id': 102, 'table_id': 202, 'is_prebooked': True, 'checkin_date': '2025-07-19', 'checkin_time': '17:33', 'guests_count': 6, 'shift_manager': 'Francisco Gardner'}
[2025-07-19T18:30:06.329+0000] {subprocess.py:93} INFO - [✓] Sent to checkins: {'checkin_id': 9799, 'customer_name': 'Kelsey Rich', 'phone_number': '557.832.4268', 'branch_id': 101, 'table_id': 206, 'is_prebooked': False, 'checkin_date': '2025-07-19', 'checkin_time': '17:55', 'guests_count': 3, 'shift_manager': 'Edward Mccarthy'}
[2025-07-19T18:30:06.329+0000] {subprocess.py:93} INFO - [✓] Sent to checkins: {'checkin_id': 3375, 'customer_name': 'Rodney Ortiz', 'phone_number': '388.253.1597', 'branch_id': 102, 'table_id': 201, 'is_prebooked': True, 'checkin_date': '2025-07-19', 'checkin_time': '18:00', 'guests_count': 3, 'shift_manager': 'April Williams'}
[2025-07-19T18:30:06.330+0000] {subprocess.py:93} INFO - [✓] Sent to feedback: {'feedback_id': 3491, 'branch_id': 101, 'customer_name': 'Richard Hensley', 'phone_number': '+1-427-852-6334x431', 'feedback_text': 'Available hour light indeed agree.', 'rating': 4, 'dining_date': '2025-07-19', 'dining_time': '16:31', 'submission_time': '2025-07-19T18:30:03'}
[2025-07-19T18:30:06.331+0000] {subprocess.py:93} INFO - [✓] Sent to feedback: {'feedback_id': 2695, 'branch_id': 101, 'customer_name': 'Paul Lewis', 'phone_number': '719.384.0156x2321', 'feedback_text': 'Account mother sometimes commercial simple true.', 'rating': 3, 'dining_date': '2025-07-19', 'dining_time': '17:07', 'submission_time': '2025-07-19T18:30:03'}
[2025-07-19T18:30:06.331+0000] {subprocess.py:93} INFO - [✓] Sent to feedback: {'feedback_id': 1078, 'branch_id': 101, 'customer_name': 'William Bell', 'phone_number': '+1-260-721-9358x1152', 'feedback_text': 'Fast pattern write paper recently interest economic.', 'rating': 3, 'dining_date': '2025-07-19', 'dining_time': '17:29', 'submission_time': '2025-07-19T18:30:03'}
[2025-07-19T18:30:06.332+0000] {subprocess.py:93} INFO - ✅ All messages sent.
[2025-07-19T18:30:06.368+0000] {subprocess.py:97} INFO - Command exited with return code 0
[2025-07-19T18:30:06.385+0000] {taskinstance.py:1400} INFO - Marking task as SUCCESS. dag_id=restaurant_pipeline, task_id=send_to_kafka, execution_date=20250719T182800, start_date=20250719T183004, end_date=20250719T183006
[2025-07-19T18:30:06.395+0000] {local_task_job_runner.py:228} INFO - Task exited with return code 0
[2025-07-19T18:30:06.420+0000] {taskinstance.py:2778} INFO - 1 downstream tasks scheduled from follow-on schedule check
