[2025-07-18T17:07:35.122+0000] {taskinstance.py:1159} INFO - Dependencies all met for dep_context=non-requeueable deps ti=<TaskInstance: restaurant_pipeline.send_to_kafka scheduled__2025-07-18T17:04:00+00:00 [queued]>
[2025-07-18T17:07:35.127+0000] {taskinstance.py:1159} INFO - Dependencies all met for dep_context=requeueable deps ti=<TaskInstance: restaurant_pipeline.send_to_kafka scheduled__2025-07-18T17:04:00+00:00 [queued]>
[2025-07-18T17:07:35.127+0000] {taskinstance.py:1361} INFO - Starting attempt 1 of 1
[2025-07-18T17:07:35.133+0000] {taskinstance.py:1382} INFO - Executing <Task(BashOperator): send_to_kafka> on 2025-07-18 17:04:00+00:00
[2025-07-18T17:07:35.135+0000] {standard_task_runner.py:57} INFO - Started process 2165 to run task
[2025-07-18T17:07:35.138+0000] {standard_task_runner.py:84} INFO - Running: ['***', 'tasks', 'run', 'restaurant_pipeline', 'send_to_kafka', 'scheduled__2025-07-18T17:04:00+00:00', '--job-id', '261', '--raw', '--subdir', 'DAGS_FOLDER/restaurant_pipeline.py', '--cfg-path', '/tmp/tmpkpchllwk']
[2025-07-18T17:07:35.139+0000] {standard_task_runner.py:85} INFO - Job 261: Subtask send_to_kafka
[2025-07-18T17:07:35.166+0000] {task_command.py:416} INFO - Running <TaskInstance: restaurant_pipeline.send_to_kafka scheduled__2025-07-18T17:04:00+00:00 [running]> on host 9bcfb43e0ab7
[2025-07-18T17:07:35.211+0000] {taskinstance.py:1662} INFO - Exporting env vars: AIRFLOW_CTX_DAG_OWNER='moran' AIRFLOW_CTX_DAG_ID='restaurant_pipeline' AIRFLOW_CTX_TASK_ID='send_to_kafka' AIRFLOW_CTX_EXECUTION_DATE='2025-07-18T17:04:00+00:00' AIRFLOW_CTX_TRY_NUMBER='1' AIRFLOW_CTX_DAG_RUN_ID='scheduled__2025-07-18T17:04:00+00:00'
[2025-07-18T17:07:35.212+0000] {subprocess.py:63} INFO - Tmp dir root location: /tmp
[2025-07-18T17:07:35.212+0000] {subprocess.py:75} INFO - Running command: ['/bin/bash', '-c', 'python /opt/streaming/producer.py']
[2025-07-18T17:07:35.217+0000] {subprocess.py:86} INFO - Output:
[2025-07-18T17:07:37.525+0000] {subprocess.py:93} INFO - [✓] Sent to reservations: {'reservation_id': 2842, 'branch_id': 102, 'customer_name': 'Michelle Mcbride', 'phone_number': '795-838-0378x2168', 'reservation_date': '2025-07-18', 'reservation_time': '18:22', 'guests_count': 7, 'is_confirmed': False}
[2025-07-18T17:07:37.528+0000] {subprocess.py:93} INFO - [✓] Sent to reservations: {'reservation_id': 4007, 'branch_id': 102, 'customer_name': 'Bianca Moore', 'phone_number': '903-276-8669', 'reservation_date': '2025-07-18', 'reservation_time': '18:53', 'guests_count': 7, 'is_confirmed': True}
[2025-07-18T17:07:37.529+0000] {subprocess.py:93} INFO - [✓] Sent to reservations: {'reservation_id': 8829, 'branch_id': 101, 'customer_name': 'Jill James', 'phone_number': '927.302.8803', 'reservation_date': '2025-07-18', 'reservation_time': '17:51', 'guests_count': 6, 'is_confirmed': False}
[2025-07-18T17:07:37.530+0000] {subprocess.py:93} INFO - [✓] Sent to checkins: {'checkin_id': 5998, 'customer_name': 'Matthew Castillo', 'phone_number': '254.938.8012x228', 'branch_id': 101, 'table_id': 201, 'is_prebooked': True, 'checkin_date': '2025-07-18', 'checkin_time': '15:17', 'guests_count': 4, 'shift_manager': 'Vicki Graham'}
[2025-07-18T17:07:37.531+0000] {subprocess.py:93} INFO - [✓] Sent to checkins: {'checkin_id': 3268, 'customer_name': 'Sarah Miller', 'phone_number': '5869218756', 'branch_id': 102, 'table_id': 205, 'is_prebooked': False, 'checkin_date': '2025-07-18', 'checkin_time': '15:58', 'guests_count': 5, 'shift_manager': 'Tracy Fuller'}
[2025-07-18T17:07:37.532+0000] {subprocess.py:93} INFO - [✓] Sent to checkins: {'checkin_id': 2213, 'customer_name': 'John Bell', 'phone_number': '631.753.1292x94938', 'branch_id': 102, 'table_id': 207, 'is_prebooked': True, 'checkin_date': '2025-07-18', 'checkin_time': '16:13', 'guests_count': 1, 'shift_manager': 'Ashley Sherman'}
[2025-07-18T17:07:37.532+0000] {subprocess.py:93} INFO - [✓] Sent to feedback: {'feedback_id': 8546, 'branch_id': 102, 'customer_name': 'Allison Meyers', 'phone_number': '001-683-693-2151', 'feedback_text': 'Production will my kid goal.', 'rating': 2, 'dining_date': '2025-07-18', 'dining_time': '15:23', 'submission_time': '2025-07-18T17:07:34'}
[2025-07-18T17:07:37.534+0000] {subprocess.py:93} INFO - [✓] Sent to feedback: {'feedback_id': 2219, 'branch_id': 102, 'customer_name': 'Cheryl Wells', 'phone_number': '687-641-5204x35020', 'feedback_text': 'Job once leader pass.', 'rating': 5, 'dining_date': '2025-07-18', 'dining_time': '15:11', 'submission_time': '2025-07-18T17:07:34'}
[2025-07-18T17:07:37.535+0000] {subprocess.py:93} INFO - [✓] Sent to feedback: {'feedback_id': 2532, 'branch_id': 102, 'customer_name': 'Gregory Aguirre', 'phone_number': '+1-890-216-7563x54027', 'feedback_text': 'Popular crime church sit party.', 'rating': 4, 'dining_date': '2025-07-18', 'dining_time': '16:40', 'submission_time': '2025-07-18T17:07:34'}
[2025-07-18T17:07:37.535+0000] {subprocess.py:93} INFO - ✅ All messages sent.
[2025-07-18T17:07:37.553+0000] {subprocess.py:97} INFO - Command exited with return code 0
[2025-07-18T17:07:37.570+0000] {taskinstance.py:1400} INFO - Marking task as SUCCESS. dag_id=restaurant_pipeline, task_id=send_to_kafka, execution_date=20250718T170400, start_date=20250718T170735, end_date=20250718T170737
[2025-07-18T17:07:37.583+0000] {local_task_job_runner.py:228} INFO - Task exited with return code 0
[2025-07-18T17:07:37.608+0000] {taskinstance.py:2778} INFO - 1 downstream tasks scheduled from follow-on schedule check
