[2025-07-18T18:14:02.042+0000] {taskinstance.py:1159} INFO - Dependencies all met for dep_context=non-requeueable deps ti=<TaskInstance: restaurant_pipeline.send_to_kafka scheduled__2025-07-18T18:12:00+00:00 [queued]>
[2025-07-18T18:14:02.046+0000] {taskinstance.py:1159} INFO - Dependencies all met for dep_context=requeueable deps ti=<TaskInstance: restaurant_pipeline.send_to_kafka scheduled__2025-07-18T18:12:00+00:00 [queued]>
[2025-07-18T18:14:02.046+0000] {taskinstance.py:1361} INFO - Starting attempt 1 of 1
[2025-07-18T18:14:02.052+0000] {taskinstance.py:1382} INFO - Executing <Task(BashOperator): send_to_kafka> on 2025-07-18 18:12:00+00:00
[2025-07-18T18:14:02.055+0000] {standard_task_runner.py:57} INFO - Started process 2972 to run task
[2025-07-18T18:14:02.057+0000] {standard_task_runner.py:84} INFO - Running: ['***', 'tasks', 'run', 'restaurant_pipeline', 'send_to_kafka', 'scheduled__2025-07-18T18:12:00+00:00', '--job-id', '337', '--raw', '--subdir', 'DAGS_FOLDER/restaurant_pipeline.py', '--cfg-path', '/tmp/tmpvw3i2_5o']
[2025-07-18T18:14:02.058+0000] {standard_task_runner.py:85} INFO - Job 337: Subtask send_to_kafka
[2025-07-18T18:14:02.082+0000] {task_command.py:416} INFO - Running <TaskInstance: restaurant_pipeline.send_to_kafka scheduled__2025-07-18T18:12:00+00:00 [running]> on host 9bcfb43e0ab7
[2025-07-18T18:14:02.121+0000] {taskinstance.py:1662} INFO - Exporting env vars: AIRFLOW_CTX_DAG_OWNER='moran' AIRFLOW_CTX_DAG_ID='restaurant_pipeline' AIRFLOW_CTX_TASK_ID='send_to_kafka' AIRFLOW_CTX_EXECUTION_DATE='2025-07-18T18:12:00+00:00' AIRFLOW_CTX_TRY_NUMBER='1' AIRFLOW_CTX_DAG_RUN_ID='scheduled__2025-07-18T18:12:00+00:00'
[2025-07-18T18:14:02.122+0000] {subprocess.py:63} INFO - Tmp dir root location: /tmp
[2025-07-18T18:14:02.122+0000] {subprocess.py:75} INFO - Running command: ['/bin/bash', '-c', 'python /opt/streaming/producer.py']
[2025-07-18T18:14:02.126+0000] {subprocess.py:86} INFO - Output:
[2025-07-18T18:14:04.357+0000] {subprocess.py:93} INFO - [✓] Sent to reservations: {'reservation_id': 7660, 'branch_id': 102, 'customer_name': 'Danielle Harrington', 'phone_number': '233.781.1527x661', 'reservation_date': '2025-07-18', 'reservation_time': '19:48', 'guests_count': 1, 'is_confirmed': True}
[2025-07-18T18:14:04.360+0000] {subprocess.py:93} INFO - [✓] Sent to reservations: {'reservation_id': 6862, 'branch_id': 101, 'customer_name': 'Emily Garrett', 'phone_number': '001-823-204-3224', 'reservation_date': '2025-07-18', 'reservation_time': '18:43', 'guests_count': 8, 'is_confirmed': False}
[2025-07-18T18:14:04.360+0000] {subprocess.py:93} INFO - [✓] Sent to reservations: {'reservation_id': 3320, 'branch_id': 101, 'customer_name': 'Christopher Barnett', 'phone_number': '(899)712-8363x07299', 'reservation_date': '2025-07-18', 'reservation_time': '20:13', 'guests_count': 3, 'is_confirmed': True}
[2025-07-18T18:14:04.360+0000] {subprocess.py:93} INFO - [✓] Sent to checkins: {'checkin_id': 9173, 'customer_name': 'Ronald Henry', 'phone_number': '+1-394-564-5938', 'branch_id': 101, 'table_id': 210, 'is_prebooked': True, 'checkin_date': '2025-07-18', 'checkin_time': '17:37', 'guests_count': 4, 'shift_manager': 'Debra Bush'}
[2025-07-18T18:14:04.361+0000] {subprocess.py:93} INFO - [✓] Sent to checkins: {'checkin_id': 5720, 'customer_name': 'David Bailey', 'phone_number': '001-990-798-5290x77832', 'branch_id': 101, 'table_id': 203, 'is_prebooked': True, 'checkin_date': '2025-07-18', 'checkin_time': '17:39', 'guests_count': 4, 'shift_manager': 'Karen Thompson'}
[2025-07-18T18:14:04.361+0000] {subprocess.py:93} INFO - [✓] Sent to checkins: {'checkin_id': 8194, 'customer_name': 'Pamela Miller', 'phone_number': '001-943-203-8070x65207', 'branch_id': 101, 'table_id': 201, 'is_prebooked': False, 'checkin_date': '2025-07-18', 'checkin_time': '17:59', 'guests_count': 3, 'shift_manager': 'Angela Mendoza'}
[2025-07-18T18:14:04.361+0000] {subprocess.py:93} INFO - [✓] Sent to feedback: {'feedback_id': 5093, 'branch_id': 102, 'customer_name': 'Dr. Mark Martin DDS', 'phone_number': '+1-501-260-3163', 'feedback_text': 'Treatment suggest happy figure investment energy letter.', 'rating': 3, 'dining_date': '2025-07-18', 'dining_time': '17:56', 'submission_time': '2025-07-18T18:14:01'}
[2025-07-18T18:14:04.361+0000] {subprocess.py:93} INFO - [✓] Sent to feedback: {'feedback_id': 3995, 'branch_id': 102, 'customer_name': 'Walter Mathews', 'phone_number': '(296)516-4984x662', 'feedback_text': 'Price center success decade gun she.', 'rating': 3, 'dining_date': '2025-07-18', 'dining_time': '17:48', 'submission_time': '2025-07-18T18:14:01'}
[2025-07-18T18:14:04.361+0000] {subprocess.py:93} INFO - [✓] Sent to feedback: {'feedback_id': 1063, 'branch_id': 102, 'customer_name': 'Jonathan Riley', 'phone_number': '486-259-8662x548', 'feedback_text': 'Mrs speak middle region remember.', 'rating': 2, 'dining_date': '2025-07-18', 'dining_time': '18:04', 'submission_time': '2025-07-18T18:14:01'}
[2025-07-18T18:14:04.361+0000] {subprocess.py:93} INFO - ✅ All messages sent.
[2025-07-18T18:14:04.398+0000] {subprocess.py:97} INFO - Command exited with return code 0
[2025-07-18T18:14:04.417+0000] {taskinstance.py:1400} INFO - Marking task as SUCCESS. dag_id=restaurant_pipeline, task_id=send_to_kafka, execution_date=20250718T181200, start_date=20250718T181402, end_date=20250718T181404
[2025-07-18T18:14:04.427+0000] {local_task_job_runner.py:228} INFO - Task exited with return code 0
[2025-07-18T18:14:04.459+0000] {taskinstance.py:2778} INFO - 1 downstream tasks scheduled from follow-on schedule check
