[2025-07-18T19:14:22.636+0000] {taskinstance.py:1159} INFO - Dependencies all met for dep_context=non-requeueable deps ti=<TaskInstance: restaurant_pipeline.send_to_kafka scheduled__2025-07-18T19:12:00+00:00 [queued]>
[2025-07-18T19:14:22.640+0000] {taskinstance.py:1159} INFO - Dependencies all met for dep_context=requeueable deps ti=<TaskInstance: restaurant_pipeline.send_to_kafka scheduled__2025-07-18T19:12:00+00:00 [queued]>
[2025-07-18T19:14:22.640+0000] {taskinstance.py:1361} INFO - Starting attempt 1 of 1
[2025-07-18T19:14:22.645+0000] {taskinstance.py:1382} INFO - Executing <Task(BashOperator): send_to_kafka> on 2025-07-18 19:12:00+00:00
[2025-07-18T19:14:22.647+0000] {standard_task_runner.py:57} INFO - Started process 4566 to run task
[2025-07-18T19:14:22.649+0000] {standard_task_runner.py:84} INFO - Running: ['***', 'tasks', 'run', 'restaurant_pipeline', 'send_to_kafka', 'scheduled__2025-07-18T19:12:00+00:00', '--job-id', '485', '--raw', '--subdir', 'DAGS_FOLDER/restaurant_pipeline.py', '--cfg-path', '/tmp/tmpojjmhha2']
[2025-07-18T19:14:22.651+0000] {standard_task_runner.py:85} INFO - Job 485: Subtask send_to_kafka
[2025-07-18T19:14:22.673+0000] {task_command.py:416} INFO - Running <TaskInstance: restaurant_pipeline.send_to_kafka scheduled__2025-07-18T19:12:00+00:00 [running]> on host 9bcfb43e0ab7
[2025-07-18T19:14:22.720+0000] {taskinstance.py:1662} INFO - Exporting env vars: AIRFLOW_CTX_DAG_OWNER='moran' AIRFLOW_CTX_DAG_ID='restaurant_pipeline' AIRFLOW_CTX_TASK_ID='send_to_kafka' AIRFLOW_CTX_EXECUTION_DATE='2025-07-18T19:12:00+00:00' AIRFLOW_CTX_TRY_NUMBER='1' AIRFLOW_CTX_DAG_RUN_ID='scheduled__2025-07-18T19:12:00+00:00'
[2025-07-18T19:14:22.721+0000] {subprocess.py:63} INFO - Tmp dir root location: /tmp
[2025-07-18T19:14:22.722+0000] {subprocess.py:75} INFO - Running command: ['/bin/bash', '-c', 'python /opt/streaming/producer.py']
[2025-07-18T19:14:22.726+0000] {subprocess.py:86} INFO - Output:
[2025-07-18T19:14:24.970+0000] {subprocess.py:93} INFO - [✓] Sent to reservations: {'reservation_id': 1127, 'branch_id': 102, 'customer_name': 'Jacqueline Fleming', 'phone_number': '446-866-7376x90533', 'reservation_date': '2025-07-18', 'reservation_time': '20:14', 'guests_count': 1, 'is_confirmed': False}
[2025-07-18T19:14:24.978+0000] {subprocess.py:93} INFO - [✓] Sent to reservations: {'reservation_id': 6146, 'branch_id': 102, 'customer_name': 'Christopher Hurst', 'phone_number': '437.971.9425', 'reservation_date': '2025-07-18', 'reservation_time': '19:32', 'guests_count': 5, 'is_confirmed': True}
[2025-07-18T19:14:24.978+0000] {subprocess.py:93} INFO - [✓] Sent to reservations: {'reservation_id': 6564, 'branch_id': 102, 'customer_name': 'Rachel Griffin', 'phone_number': '001-286-870-4520x70377', 'reservation_date': '2025-07-18', 'reservation_time': '20:38', 'guests_count': 5, 'is_confirmed': False}
[2025-07-18T19:14:24.978+0000] {subprocess.py:93} INFO - [✓] Sent to checkins: {'checkin_id': 8536, 'customer_name': 'Scott Smith', 'phone_number': '3453464390', 'branch_id': 101, 'table_id': 200, 'is_prebooked': True, 'checkin_date': '2025-07-18', 'checkin_time': '17:51', 'guests_count': 2, 'shift_manager': 'David Thompson'}
[2025-07-18T19:14:24.978+0000] {subprocess.py:93} INFO - [✓] Sent to checkins: {'checkin_id': 8348, 'customer_name': 'Henry Andrews', 'phone_number': '001-359-589-2879', 'branch_id': 102, 'table_id': 203, 'is_prebooked': False, 'checkin_date': '2025-07-18', 'checkin_time': '19:00', 'guests_count': 5, 'shift_manager': 'Jordan Roth'}
[2025-07-18T19:14:24.978+0000] {subprocess.py:93} INFO - [✓] Sent to checkins: {'checkin_id': 2600, 'customer_name': 'Veronica Hernandez', 'phone_number': '+1-766-883-3431', 'branch_id': 102, 'table_id': 208, 'is_prebooked': True, 'checkin_date': '2025-07-18', 'checkin_time': '17:27', 'guests_count': 4, 'shift_manager': 'Edward Garcia'}
[2025-07-18T19:14:24.979+0000] {subprocess.py:93} INFO - [✓] Sent to feedback: {'feedback_id': 4466, 'branch_id': 101, 'customer_name': 'Rebecca Hudson', 'phone_number': '+1-977-942-9121x2706', 'feedback_text': 'Her buy will fund fast several reveal maybe.', 'rating': 2, 'dining_date': '2025-07-18', 'dining_time': '17:31', 'submission_time': '2025-07-18T19:14:21'}
[2025-07-18T19:14:24.979+0000] {subprocess.py:93} INFO - [✓] Sent to feedback: {'feedback_id': 9796, 'branch_id': 101, 'customer_name': 'Lori Blackwell', 'phone_number': '888.692.3014', 'feedback_text': 'Purpose only many situation raise fast country.', 'rating': 3, 'dining_date': '2025-07-18', 'dining_time': '19:08', 'submission_time': '2025-07-18T19:14:21'}
[2025-07-18T19:14:24.979+0000] {subprocess.py:93} INFO - [✓] Sent to feedback: {'feedback_id': 6314, 'branch_id': 102, 'customer_name': 'Paige Ruiz', 'phone_number': '001-723-278-5034', 'feedback_text': 'Man soldier fact area.', 'rating': 5, 'dining_date': '2025-07-18', 'dining_time': '18:37', 'submission_time': '2025-07-18T19:14:21'}
[2025-07-18T19:14:24.979+0000] {subprocess.py:93} INFO - ✅ All messages sent.
[2025-07-18T19:14:24.999+0000] {subprocess.py:97} INFO - Command exited with return code 0
[2025-07-18T19:14:25.014+0000] {taskinstance.py:1400} INFO - Marking task as SUCCESS. dag_id=restaurant_pipeline, task_id=send_to_kafka, execution_date=20250718T191200, start_date=20250718T191422, end_date=20250718T191425
[2025-07-18T19:14:25.036+0000] {local_task_job_runner.py:228} INFO - Task exited with return code 0
[2025-07-18T19:14:25.064+0000] {taskinstance.py:2778} INFO - 1 downstream tasks scheduled from follow-on schedule check
