[2025-07-18T18:40:07.758+0000] {taskinstance.py:1159} INFO - Dependencies all met for dep_context=non-requeueable deps ti=<TaskInstance: restaurant_pipeline.send_to_kafka scheduled__2025-07-18T18:38:00+00:00 [queued]>
[2025-07-18T18:40:07.762+0000] {taskinstance.py:1159} INFO - Dependencies all met for dep_context=requeueable deps ti=<TaskInstance: restaurant_pipeline.send_to_kafka scheduled__2025-07-18T18:38:00+00:00 [queued]>
[2025-07-18T18:40:07.762+0000] {taskinstance.py:1361} INFO - Starting attempt 1 of 1
[2025-07-18T18:40:07.768+0000] {taskinstance.py:1382} INFO - Executing <Task(BashOperator): send_to_kafka> on 2025-07-18 18:38:00+00:00
[2025-07-18T18:40:07.770+0000] {standard_task_runner.py:57} INFO - Started process 3641 to run task
[2025-07-18T18:40:07.772+0000] {standard_task_runner.py:84} INFO - Running: ['***', 'tasks', 'run', 'restaurant_pipeline', 'send_to_kafka', 'scheduled__2025-07-18T18:38:00+00:00', '--job-id', '401', '--raw', '--subdir', 'DAGS_FOLDER/restaurant_pipeline.py', '--cfg-path', '/tmp/tmpg1pt33sy']
[2025-07-18T18:40:07.774+0000] {standard_task_runner.py:85} INFO - Job 401: Subtask send_to_kafka
[2025-07-18T18:40:07.797+0000] {task_command.py:416} INFO - Running <TaskInstance: restaurant_pipeline.send_to_kafka scheduled__2025-07-18T18:38:00+00:00 [running]> on host 9bcfb43e0ab7
[2025-07-18T18:40:07.832+0000] {taskinstance.py:1662} INFO - Exporting env vars: AIRFLOW_CTX_DAG_OWNER='moran' AIRFLOW_CTX_DAG_ID='restaurant_pipeline' AIRFLOW_CTX_TASK_ID='send_to_kafka' AIRFLOW_CTX_EXECUTION_DATE='2025-07-18T18:38:00+00:00' AIRFLOW_CTX_TRY_NUMBER='1' AIRFLOW_CTX_DAG_RUN_ID='scheduled__2025-07-18T18:38:00+00:00'
[2025-07-18T18:40:07.833+0000] {subprocess.py:63} INFO - Tmp dir root location: /tmp
[2025-07-18T18:40:07.833+0000] {subprocess.py:75} INFO - Running command: ['/bin/bash', '-c', 'python /opt/streaming/producer.py']
[2025-07-18T18:40:07.837+0000] {subprocess.py:86} INFO - Output:
[2025-07-18T18:40:10.075+0000] {subprocess.py:93} INFO - [✓] Sent to reservations: {'reservation_id': 7421, 'branch_id': 101, 'customer_name': 'Karen Elliott', 'phone_number': '499.804.5373x901', 'reservation_date': '2025-07-18', 'reservation_time': '18:59', 'guests_count': 3, 'is_confirmed': True}
[2025-07-18T18:40:10.079+0000] {subprocess.py:93} INFO - [✓] Sent to reservations: {'reservation_id': 2743, 'branch_id': 102, 'customer_name': 'John Huffman', 'phone_number': '491.656.9609x434', 'reservation_date': '2025-07-18', 'reservation_time': '20:04', 'guests_count': 5, 'is_confirmed': False}
[2025-07-18T18:40:10.079+0000] {subprocess.py:93} INFO - [✓] Sent to reservations: {'reservation_id': 5097, 'branch_id': 102, 'customer_name': 'Nancy Gomez', 'phone_number': '414-649-6151x10856', 'reservation_date': '2025-07-18', 'reservation_time': '20:09', 'guests_count': 3, 'is_confirmed': True}
[2025-07-18T18:40:10.079+0000] {subprocess.py:93} INFO - [✓] Sent to checkins: {'checkin_id': 9477, 'customer_name': 'James Hernandez', 'phone_number': '516.548.2521x0178', 'branch_id': 101, 'table_id': 206, 'is_prebooked': True, 'checkin_date': '2025-07-18', 'checkin_time': '16:54', 'guests_count': 1, 'shift_manager': 'Mary Gordon'}
[2025-07-18T18:40:10.080+0000] {subprocess.py:93} INFO - [✓] Sent to checkins: {'checkin_id': 3763, 'customer_name': 'Steven Williams', 'phone_number': '(818)354-4791x61417', 'branch_id': 102, 'table_id': 202, 'is_prebooked': False, 'checkin_date': '2025-07-18', 'checkin_time': '17:07', 'guests_count': 4, 'shift_manager': 'Paul Gonzalez'}
[2025-07-18T18:40:10.080+0000] {subprocess.py:93} INFO - [✓] Sent to checkins: {'checkin_id': 5769, 'customer_name': 'Jason Cummings', 'phone_number': '213.520.7748', 'branch_id': 102, 'table_id': 201, 'is_prebooked': False, 'checkin_date': '2025-07-18', 'checkin_time': '17:43', 'guests_count': 3, 'shift_manager': 'Deborah Henderson'}
[2025-07-18T18:40:10.080+0000] {subprocess.py:93} INFO - [✓] Sent to feedback: {'feedback_id': 4652, 'branch_id': 102, 'customer_name': 'Alexa Perez', 'phone_number': '540.929.8997', 'feedback_text': 'Question discuss structure person door impact.', 'rating': 4, 'dining_date': '2025-07-18', 'dining_time': '16:55', 'submission_time': '2025-07-18T18:40:07'}
[2025-07-18T18:40:10.080+0000] {subprocess.py:93} INFO - [✓] Sent to feedback: {'feedback_id': 8022, 'branch_id': 102, 'customer_name': 'Jennifer White', 'phone_number': '(337)853-4548x313', 'feedback_text': 'Center every mention economic newspaper.', 'rating': 4, 'dining_date': '2025-07-18', 'dining_time': '17:31', 'submission_time': '2025-07-18T18:40:07'}
[2025-07-18T18:40:10.080+0000] {subprocess.py:93} INFO - [✓] Sent to feedback: {'feedback_id': 8005, 'branch_id': 102, 'customer_name': 'Tami Howell', 'phone_number': '001-633-453-7545x75502', 'feedback_text': 'Run specific imagine research.', 'rating': 3, 'dining_date': '2025-07-18', 'dining_time': '18:04', 'submission_time': '2025-07-18T18:40:07'}
[2025-07-18T18:40:10.080+0000] {subprocess.py:93} INFO - ✅ All messages sent.
[2025-07-18T18:40:10.113+0000] {subprocess.py:97} INFO - Command exited with return code 0
[2025-07-18T18:40:10.127+0000] {taskinstance.py:1400} INFO - Marking task as SUCCESS. dag_id=restaurant_pipeline, task_id=send_to_kafka, execution_date=20250718T183800, start_date=20250718T184007, end_date=20250718T184010
[2025-07-18T18:40:10.145+0000] {local_task_job_runner.py:228} INFO - Task exited with return code 0
[2025-07-18T18:40:10.171+0000] {taskinstance.py:2778} INFO - 1 downstream tasks scheduled from follow-on schedule check
