[2025-07-19T20:34:15.996+0000] {taskinstance.py:1159} INFO - Dependencies all met for dep_context=non-requeueable deps ti=<TaskInstance: restaurant_pipeline.send_to_kafka scheduled__2025-07-19T20:32:00+00:00 [queued]>
[2025-07-19T20:34:16.000+0000] {taskinstance.py:1159} INFO - Dependencies all met for dep_context=requeueable deps ti=<TaskInstance: restaurant_pipeline.send_to_kafka scheduled__2025-07-19T20:32:00+00:00 [queued]>
[2025-07-19T20:34:16.000+0000] {taskinstance.py:1361} INFO - Starting attempt 1 of 1
[2025-07-19T20:34:16.005+0000] {taskinstance.py:1382} INFO - Executing <Task(BashOperator): send_to_kafka> on 2025-07-19 20:32:00+00:00
[2025-07-19T20:34:16.008+0000] {standard_task_runner.py:57} INFO - Started process 3547 to run task
[2025-07-19T20:34:16.010+0000] {standard_task_runner.py:84} INFO - Running: ['***', 'tasks', 'run', 'restaurant_pipeline', 'send_to_kafka', 'scheduled__2025-07-19T20:32:00+00:00', '--job-id', '1194', '--raw', '--subdir', 'DAGS_FOLDER/restaurant_pipeline.py', '--cfg-path', '/tmp/tmpiw63o2u_']
[2025-07-19T20:34:16.013+0000] {standard_task_runner.py:85} INFO - Job 1194: Subtask send_to_kafka
[2025-07-19T20:34:16.053+0000] {task_command.py:416} INFO - Running <TaskInstance: restaurant_pipeline.send_to_kafka scheduled__2025-07-19T20:32:00+00:00 [running]> on host e3f5d8fc4eef
[2025-07-19T20:34:16.101+0000] {taskinstance.py:1662} INFO - Exporting env vars: AIRFLOW_CTX_DAG_OWNER='moran' AIRFLOW_CTX_DAG_ID='restaurant_pipeline' AIRFLOW_CTX_TASK_ID='send_to_kafka' AIRFLOW_CTX_EXECUTION_DATE='2025-07-19T20:32:00+00:00' AIRFLOW_CTX_TRY_NUMBER='1' AIRFLOW_CTX_DAG_RUN_ID='scheduled__2025-07-19T20:32:00+00:00'
[2025-07-19T20:34:16.102+0000] {subprocess.py:63} INFO - Tmp dir root location: /tmp
[2025-07-19T20:34:16.102+0000] {subprocess.py:75} INFO - Running command: ['/bin/bash', '-c', 'python /opt/streaming/producer.py']
[2025-07-19T20:34:16.109+0000] {subprocess.py:86} INFO - Output:
[2025-07-19T20:34:18.389+0000] {subprocess.py:93} INFO - [✓] Sent to reservations: {'reservation_id': 2771, 'branch_id': 102, 'customer_name': 'Robert Brown', 'phone_number': '919-928-5105x4696', 'reservation_date': '2025-07-19', 'reservation_time': '20:44', 'guests_count': 5, 'is_confirmed': True}
[2025-07-19T20:34:18.395+0000] {subprocess.py:93} INFO - [✓] Sent to reservations: {'reservation_id': 7986, 'branch_id': 101, 'customer_name': 'Andre Proctor', 'phone_number': '001-366-491-3349', 'reservation_date': '2025-07-19', 'reservation_time': '21:53', 'guests_count': 8, 'is_confirmed': True}
[2025-07-19T20:34:18.399+0000] {subprocess.py:93} INFO - [✓] Sent to reservations: {'reservation_id': 3606, 'branch_id': 102, 'customer_name': 'Julia Pearson', 'phone_number': '8665199854', 'reservation_date': '2025-07-19', 'reservation_time': '21:28', 'guests_count': 6, 'is_confirmed': False}
[2025-07-19T20:34:18.402+0000] {subprocess.py:93} INFO - [✓] Sent to checkins: {'checkin_id': 3772, 'customer_name': 'Lauren Benson', 'phone_number': '852.470.8241x1718', 'branch_id': 101, 'table_id': 200, 'is_prebooked': False, 'checkin_date': '2025-07-19', 'checkin_time': '18:40', 'guests_count': 5, 'shift_manager': 'Michele Greene'}
[2025-07-19T20:34:18.404+0000] {subprocess.py:93} INFO - [✓] Sent to checkins: {'checkin_id': 2588, 'customer_name': 'Ashley Logan', 'phone_number': '971.366.8481x077', 'branch_id': 101, 'table_id': 206, 'is_prebooked': True, 'checkin_date': '2025-07-19', 'checkin_time': '20:26', 'guests_count': 2, 'shift_manager': 'Samuel Griffith'}
[2025-07-19T20:34:18.405+0000] {subprocess.py:93} INFO - [✓] Sent to checkins: {'checkin_id': 8999, 'customer_name': 'David Taylor', 'phone_number': '397.572.8026', 'branch_id': 102, 'table_id': 202, 'is_prebooked': True, 'checkin_date': '2025-07-19', 'checkin_time': '19:44', 'guests_count': 5, 'shift_manager': 'William Martin MD'}
[2025-07-19T20:34:18.406+0000] {subprocess.py:93} INFO - [✓] Sent to feedback: {'feedback_id': 9374, 'branch_id': 102, 'customer_name': 'Brian Freeman', 'phone_number': '253-647-1833', 'feedback_text': 'Rest protect sell site society movie.', 'rating': 2, 'dining_date': '2025-07-19', 'dining_time': '19:49', 'submission_time': '2025-07-19T20:34:15'}
[2025-07-19T20:34:18.409+0000] {subprocess.py:93} INFO - [✓] Sent to feedback: {'feedback_id': 7070, 'branch_id': 102, 'customer_name': 'Laura Grant', 'phone_number': '244.378.8275x2917', 'feedback_text': 'Leave from recent response despite race term.', 'rating': 4, 'dining_date': '2025-07-19', 'dining_time': '19:39', 'submission_time': '2025-07-19T20:34:15'}
[2025-07-19T20:34:18.413+0000] {subprocess.py:93} INFO - [✓] Sent to feedback: {'feedback_id': 7546, 'branch_id': 102, 'customer_name': 'Charles Carr', 'phone_number': '551-361-2070x5953', 'feedback_text': 'Audience week too church bag lay station.', 'rating': 4, 'dining_date': '2025-07-19', 'dining_time': '19:13', 'submission_time': '2025-07-19T20:34:15'}
[2025-07-19T20:34:18.413+0000] {subprocess.py:93} INFO - ✅ All messages sent.
[2025-07-19T20:34:18.447+0000] {subprocess.py:97} INFO - Command exited with return code 0
[2025-07-19T20:34:18.467+0000] {taskinstance.py:1400} INFO - Marking task as SUCCESS. dag_id=restaurant_pipeline, task_id=send_to_kafka, execution_date=20250719T203200, start_date=20250719T203415, end_date=20250719T203418
[2025-07-19T20:34:18.498+0000] {local_task_job_runner.py:228} INFO - Task exited with return code 0
[2025-07-19T20:34:18.528+0000] {taskinstance.py:2778} INFO - 1 downstream tasks scheduled from follow-on schedule check
