[2025-07-19T20:44:11.791+0000] {taskinstance.py:1159} INFO - Dependencies all met for dep_context=non-requeueable deps ti=<TaskInstance: restaurant_pipeline.send_to_kafka scheduled__2025-07-19T20:42:00+00:00 [queued]>
[2025-07-19T20:44:11.794+0000] {taskinstance.py:1159} INFO - Dependencies all met for dep_context=requeueable deps ti=<TaskInstance: restaurant_pipeline.send_to_kafka scheduled__2025-07-19T20:42:00+00:00 [queued]>
[2025-07-19T20:44:11.795+0000] {taskinstance.py:1361} INFO - Starting attempt 1 of 1
[2025-07-19T20:44:11.800+0000] {taskinstance.py:1382} INFO - Executing <Task(BashOperator): send_to_kafka> on 2025-07-19 20:42:00+00:00
[2025-07-19T20:44:11.802+0000] {standard_task_runner.py:57} INFO - Started process 3719 to run task
[2025-07-19T20:44:11.804+0000] {standard_task_runner.py:84} INFO - Running: ['***', 'tasks', 'run', 'restaurant_pipeline', 'send_to_kafka', 'scheduled__2025-07-19T20:42:00+00:00', '--job-id', '1206', '--raw', '--subdir', 'DAGS_FOLDER/restaurant_pipeline.py', '--cfg-path', '/tmp/tmp1tgjon6r']
[2025-07-19T20:44:11.806+0000] {standard_task_runner.py:85} INFO - Job 1206: Subtask send_to_kafka
[2025-07-19T20:44:11.828+0000] {task_command.py:416} INFO - Running <TaskInstance: restaurant_pipeline.send_to_kafka scheduled__2025-07-19T20:42:00+00:00 [running]> on host e3f5d8fc4eef
[2025-07-19T20:44:11.866+0000] {taskinstance.py:1662} INFO - Exporting env vars: AIRFLOW_CTX_DAG_OWNER='moran' AIRFLOW_CTX_DAG_ID='restaurant_pipeline' AIRFLOW_CTX_TASK_ID='send_to_kafka' AIRFLOW_CTX_EXECUTION_DATE='2025-07-19T20:42:00+00:00' AIRFLOW_CTX_TRY_NUMBER='1' AIRFLOW_CTX_DAG_RUN_ID='scheduled__2025-07-19T20:42:00+00:00'
[2025-07-19T20:44:11.867+0000] {subprocess.py:63} INFO - Tmp dir root location: /tmp
[2025-07-19T20:44:11.868+0000] {subprocess.py:75} INFO - Running command: ['/bin/bash', '-c', 'python /opt/streaming/producer.py']
[2025-07-19T20:44:11.872+0000] {subprocess.py:86} INFO - Output:
[2025-07-19T20:44:14.152+0000] {subprocess.py:93} INFO - [✓] Sent to reservations: {'reservation_id': 1385, 'branch_id': 102, 'customer_name': 'Stephanie Fox', 'phone_number': '9933553804', 'reservation_date': '2025-07-19', 'reservation_time': '21:59', 'guests_count': 3, 'is_confirmed': False}
[2025-07-19T20:44:14.153+0000] {subprocess.py:93} INFO - [✓] Sent to reservations: {'reservation_id': 3828, 'branch_id': 102, 'customer_name': 'Michael Fuller', 'phone_number': '001-722-214-0653x03143', 'reservation_date': '2025-07-19', 'reservation_time': '22:10', 'guests_count': 5, 'is_confirmed': False}
[2025-07-19T20:44:14.154+0000] {subprocess.py:93} INFO - [✓] Sent to reservations: {'reservation_id': 4758, 'branch_id': 101, 'customer_name': 'Carmen Douglas', 'phone_number': '+1-293-300-5780x6944', 'reservation_date': '2025-07-19', 'reservation_time': '22:44', 'guests_count': 8, 'is_confirmed': True}
[2025-07-19T20:44:14.154+0000] {subprocess.py:93} INFO - [✓] Sent to checkins: {'checkin_id': 8789, 'customer_name': 'Stephen Rose', 'phone_number': '(783)906-6662x199', 'branch_id': 101, 'table_id': 210, 'is_prebooked': False, 'checkin_date': '2025-07-19', 'checkin_time': '19:07', 'guests_count': 1, 'shift_manager': 'Christy Pierce'}
[2025-07-19T20:44:14.155+0000] {subprocess.py:93} INFO - [✓] Sent to checkins: {'checkin_id': 2514, 'customer_name': 'Mary Mueller', 'phone_number': '850-200-1899x756', 'branch_id': 101, 'table_id': 205, 'is_prebooked': False, 'checkin_date': '2025-07-19', 'checkin_time': '19:21', 'guests_count': 3, 'shift_manager': 'Amy Black'}
[2025-07-19T20:44:14.155+0000] {subprocess.py:93} INFO - [✓] Sent to checkins: {'checkin_id': 4199, 'customer_name': 'Jasmine Spencer', 'phone_number': '(524)775-4272x767', 'branch_id': 101, 'table_id': 200, 'is_prebooked': False, 'checkin_date': '2025-07-19', 'checkin_time': '19:10', 'guests_count': 5, 'shift_manager': 'Lindsey Reid'}
[2025-07-19T20:44:14.155+0000] {subprocess.py:93} INFO - [✓] Sent to feedback: {'feedback_id': 6624, 'branch_id': 102, 'customer_name': 'Christopher Johnson', 'phone_number': '881.414.8727x7121', 'feedback_text': 'Pick hold why likely else computer.', 'rating': 3, 'dining_date': '2025-07-19', 'dining_time': '18:50', 'submission_time': '2025-07-19T20:44:10'}
[2025-07-19T20:44:14.156+0000] {subprocess.py:93} INFO - [✓] Sent to feedback: {'feedback_id': 5796, 'branch_id': 102, 'customer_name': 'Carla Guerrero', 'phone_number': '+1-747-928-1865x5224', 'feedback_text': 'Former record happy rather commercial.', 'rating': 3, 'dining_date': '2025-07-19', 'dining_time': '19:42', 'submission_time': '2025-07-19T20:44:10'}
[2025-07-19T20:44:14.157+0000] {subprocess.py:93} INFO - [✓] Sent to feedback: {'feedback_id': 4781, 'branch_id': 101, 'customer_name': 'Edward Palmer', 'phone_number': '(976)464-2786x4642', 'feedback_text': 'Plan coach because direction project appear style.', 'rating': 1, 'dining_date': '2025-07-19', 'dining_time': '19:34', 'submission_time': '2025-07-19T20:44:10'}
[2025-07-19T20:44:14.157+0000] {subprocess.py:93} INFO - ✅ All messages sent.
[2025-07-19T20:44:14.214+0000] {subprocess.py:97} INFO - Command exited with return code 0
[2025-07-19T20:44:14.234+0000] {taskinstance.py:1400} INFO - Marking task as SUCCESS. dag_id=restaurant_pipeline, task_id=send_to_kafka, execution_date=20250719T204200, start_date=20250719T204411, end_date=20250719T204414
[2025-07-19T20:44:14.255+0000] {local_task_job_runner.py:228} INFO - Task exited with return code 0
[2025-07-19T20:44:14.282+0000] {taskinstance.py:2778} INFO - 1 downstream tasks scheduled from follow-on schedule check
