[2025-07-18T15:28:04.717+0000] {taskinstance.py:1159} INFO - Dependencies all met for dep_context=non-requeueable deps ti=<TaskInstance: restaurant_pipeline.stream_to_bronze scheduled__2025-07-18T15:26:00+00:00 [queued]>
[2025-07-18T15:28:04.722+0000] {taskinstance.py:1159} INFO - Dependencies all met for dep_context=requeueable deps ti=<TaskInstance: restaurant_pipeline.stream_to_bronze scheduled__2025-07-18T15:26:00+00:00 [queued]>
[2025-07-18T15:28:04.722+0000] {taskinstance.py:1361} INFO - Starting attempt 1 of 1
[2025-07-18T15:28:04.728+0000] {taskinstance.py:1382} INFO - Executing <Task(BashOperator): stream_to_bronze> on 2025-07-18 15:26:00+00:00
[2025-07-18T15:28:04.730+0000] {standard_task_runner.py:57} INFO - Started process 370 to run task
[2025-07-18T15:28:04.733+0000] {standard_task_runner.py:84} INFO - Running: ['***', 'tasks', 'run', 'restaurant_pipeline', 'stream_to_bronze', 'scheduled__2025-07-18T15:26:00+00:00', '--job-id', '105', '--raw', '--subdir', 'DAGS_FOLDER/restaurant_pipeline.py', '--cfg-path', '/tmp/tmp6tho1rhe']
[2025-07-18T15:28:04.734+0000] {standard_task_runner.py:85} INFO - Job 105: Subtask stream_to_bronze
[2025-07-18T15:28:04.761+0000] {task_command.py:416} INFO - Running <TaskInstance: restaurant_pipeline.stream_to_bronze scheduled__2025-07-18T15:26:00+00:00 [running]> on host 9bcfb43e0ab7
[2025-07-18T15:28:04.797+0000] {taskinstance.py:1662} INFO - Exporting env vars: AIRFLOW_CTX_DAG_OWNER='moran' AIRFLOW_CTX_DAG_ID='restaurant_pipeline' AIRFLOW_CTX_TASK_ID='stream_to_bronze' AIRFLOW_CTX_EXECUTION_DATE='2025-07-18T15:26:00+00:00' AIRFLOW_CTX_TRY_NUMBER='1' AIRFLOW_CTX_DAG_RUN_ID='scheduled__2025-07-18T15:26:00+00:00'
[2025-07-18T15:28:04.798+0000] {subprocess.py:63} INFO - Tmp dir root location: /tmp
[2025-07-18T15:28:04.798+0000] {subprocess.py:75} INFO - Running command: ['/bin/bash', '-c', 'docker exec spark-iceberg spark-submit /home/iceberg/spark/stream_to_bronze.py']
[2025-07-18T15:28:04.803+0000] {subprocess.py:86} INFO - Output:
[2025-07-18T15:28:06.238+0000] {subprocess.py:93} INFO - 25/07/18 15:28:06 INFO SparkContext: Running Spark version 3.5.6
[2025-07-18T15:28:06.240+0000] {subprocess.py:93} INFO - 25/07/18 15:28:06 INFO SparkContext: OS info Linux, 6.10.14-linuxkit, aarch64
[2025-07-18T15:28:06.240+0000] {subprocess.py:93} INFO - 25/07/18 15:28:06 INFO SparkContext: Java version 17.0.15
[2025-07-18T15:28:06.253+0000] {subprocess.py:93} INFO - 25/07/18 15:28:06 INFO ResourceUtils: ==============================================================
[2025-07-18T15:28:06.254+0000] {subprocess.py:93} INFO - 25/07/18 15:28:06 INFO ResourceUtils: No custom resources configured for spark.driver.
[2025-07-18T15:28:06.254+0000] {subprocess.py:93} INFO - 25/07/18 15:28:06 INFO ResourceUtils: ==============================================================
[2025-07-18T15:28:06.254+0000] {subprocess.py:93} INFO - 25/07/18 15:28:06 INFO SparkContext: Submitted application: StreamToBronze
[2025-07-18T15:28:06.265+0000] {subprocess.py:93} INFO - 25/07/18 15:28:06 INFO ResourceProfile: Default ResourceProfile created, executor resources: Map(cores -> name: cores, amount: 1, script: , vendor: , memory -> name: memory, amount: 1024, script: , vendor: , offHeap -> name: offHeap, amount: 0, script: , vendor: ), task resources: Map(cpus -> name: cpus, amount: 1.0)
[2025-07-18T15:28:06.269+0000] {subprocess.py:93} INFO - 25/07/18 15:28:06 INFO ResourceProfile: Limiting resource is cpu
[2025-07-18T15:28:06.269+0000] {subprocess.py:93} INFO - 25/07/18 15:28:06 INFO ResourceProfileManager: Added ResourceProfile id: 0
[2025-07-18T15:28:06.294+0000] {subprocess.py:93} INFO - 25/07/18 15:28:06 INFO SecurityManager: Changing view acls to: root,spark
[2025-07-18T15:28:06.294+0000] {subprocess.py:93} INFO - 25/07/18 15:28:06 INFO SecurityManager: Changing modify acls to: root,spark
[2025-07-18T15:28:06.294+0000] {subprocess.py:93} INFO - 25/07/18 15:28:06 INFO SecurityManager: Changing view acls groups to:
[2025-07-18T15:28:06.294+0000] {subprocess.py:93} INFO - 25/07/18 15:28:06 INFO SecurityManager: Changing modify acls groups to:
[2025-07-18T15:28:06.295+0000] {subprocess.py:93} INFO - 25/07/18 15:28:06 INFO SecurityManager: SecurityManager: authentication disabled; ui acls disabled; users with view permissions: root, spark; groups with view permissions: EMPTY; users with modify permissions: root, spark; groups with modify permissions: EMPTY
[2025-07-18T15:28:06.332+0000] {subprocess.py:93} INFO - 25/07/18 15:28:06 WARN NativeCodeLoader: Unable to load native-hadoop library for your platform... using builtin-java classes where applicable
[2025-07-18T15:28:06.455+0000] {subprocess.py:93} INFO - 25/07/18 15:28:06 INFO Utils: Successfully started service 'sparkDriver' on port 40249.
[2025-07-18T15:28:06.471+0000] {subprocess.py:93} INFO - 25/07/18 15:28:06 INFO SparkEnv: Registering MapOutputTracker
[2025-07-18T15:28:06.498+0000] {subprocess.py:93} INFO - 25/07/18 15:28:06 INFO SparkEnv: Registering BlockManagerMaster
[2025-07-18T15:28:06.511+0000] {subprocess.py:93} INFO - 25/07/18 15:28:06 INFO BlockManagerMasterEndpoint: Using org.apache.spark.storage.DefaultTopologyMapper for getting topology information
[2025-07-18T15:28:06.512+0000] {subprocess.py:93} INFO - 25/07/18 15:28:06 INFO BlockManagerMasterEndpoint: BlockManagerMasterEndpoint up
[2025-07-18T15:28:06.515+0000] {subprocess.py:93} INFO - 25/07/18 15:28:06 INFO SparkEnv: Registering BlockManagerMasterHeartbeat
[2025-07-18T15:28:06.527+0000] {subprocess.py:93} INFO - 25/07/18 15:28:06 INFO DiskBlockManager: Created local directory at /tmp/blockmgr-6d19c848-e092-46bb-8ea3-478a67903bfa
[2025-07-18T15:28:06.533+0000] {subprocess.py:93} INFO - 25/07/18 15:28:06 INFO MemoryStore: MemoryStore started with capacity 434.4 MiB
[2025-07-18T15:28:06.541+0000] {subprocess.py:93} INFO - 25/07/18 15:28:06 INFO SparkEnv: Registering OutputCommitCoordinator
[2025-07-18T15:28:06.618+0000] {subprocess.py:93} INFO - 25/07/18 15:28:06 INFO JettyUtils: Start Jetty 0.0.0.0:4040 for SparkUI
[2025-07-18T15:28:06.668+0000] {subprocess.py:93} INFO - 25/07/18 15:28:06 WARN Utils: Service 'SparkUI' could not bind on port 4040. Attempting port 4041.
[2025-07-18T15:28:06.673+0000] {subprocess.py:93} INFO - 25/07/18 15:28:06 INFO Utils: Successfully started service 'SparkUI' on port 4041.
[2025-07-18T15:28:06.729+0000] {subprocess.py:93} INFO - 25/07/18 15:28:06 INFO Executor: Starting executor ID driver on host 77cb57a6bd53
[2025-07-18T15:28:06.729+0000] {subprocess.py:93} INFO - 25/07/18 15:28:06 INFO Executor: OS info Linux, 6.10.14-linuxkit, aarch64
[2025-07-18T15:28:06.730+0000] {subprocess.py:93} INFO - 25/07/18 15:28:06 INFO Executor: Java version 17.0.15
[2025-07-18T15:28:06.733+0000] {subprocess.py:93} INFO - 25/07/18 15:28:06 INFO Executor: Starting executor with user classpath (userClassPathFirst = false): ''
[2025-07-18T15:28:06.733+0000] {subprocess.py:93} INFO - 25/07/18 15:28:06 INFO Executor: Created or updated repl class loader org.apache.spark.util.MutableURLClassLoader@4c7be7fb for default.
[2025-07-18T15:28:06.743+0000] {subprocess.py:93} INFO - 25/07/18 15:28:06 INFO Utils: Successfully started service 'org.apache.spark.network.netty.NettyBlockTransferService' on port 36235.
[2025-07-18T15:28:06.743+0000] {subprocess.py:93} INFO - 25/07/18 15:28:06 INFO NettyBlockTransferService: Server created on 77cb57a6bd53:36235
[2025-07-18T15:28:06.744+0000] {subprocess.py:93} INFO - 25/07/18 15:28:06 INFO BlockManager: Using org.apache.spark.storage.RandomBlockReplicationPolicy for block replication policy
[2025-07-18T15:28:06.753+0000] {subprocess.py:93} INFO - 25/07/18 15:28:06 INFO BlockManagerMaster: Registering BlockManager BlockManagerId(driver, 77cb57a6bd53, 36235, None)
[2025-07-18T15:28:06.755+0000] {subprocess.py:93} INFO - 25/07/18 15:28:06 INFO BlockManagerMasterEndpoint: Registering block manager 77cb57a6bd53:36235 with 434.4 MiB RAM, BlockManagerId(driver, 77cb57a6bd53, 36235, None)
[2025-07-18T15:28:06.759+0000] {subprocess.py:93} INFO - 25/07/18 15:28:06 INFO BlockManagerMaster: Registered BlockManager BlockManagerId(driver, 77cb57a6bd53, 36235, None)
[2025-07-18T15:28:06.760+0000] {subprocess.py:93} INFO - 25/07/18 15:28:06 INFO BlockManager: Initialized BlockManager: BlockManagerId(driver, 77cb57a6bd53, 36235, None)
[2025-07-18T15:28:07.095+0000] {subprocess.py:93} INFO - 25/07/18 15:28:07 INFO SharedState: Setting hive.metastore.warehouse.dir ('null') to the value of spark.sql.warehouse.dir.
[2025-07-18T15:28:07.099+0000] {subprocess.py:93} INFO - 25/07/18 15:28:07 INFO SharedState: Warehouse path is 'file:/app/spark-warehouse'.
[2025-07-18T15:28:08.213+0000] {subprocess.py:93} INFO - 25/07/18 15:28:08 WARN MetricsConfig: Cannot locate configuration: tried hadoop-metrics2-s3a-file-system.properties,hadoop-metrics2.properties
[2025-07-18T15:28:08.219+0000] {subprocess.py:93} INFO - 25/07/18 15:28:08 INFO MetricsSystemImpl: Scheduled Metric snapshot period at 10 second(s).
[2025-07-18T15:28:08.220+0000] {subprocess.py:93} INFO - 25/07/18 15:28:08 INFO MetricsSystemImpl: s3a-file-system metrics system started
[2025-07-18T15:28:08.809+0000] {subprocess.py:93} INFO - 25/07/18 15:28:08 INFO BaseMetastoreCatalog: Table loaded by catalog: my_catalog.bronze.Reservations_raw
[2025-07-18T15:28:08.820+0000] {subprocess.py:93} INFO - 25/07/18 15:28:08 INFO StateStoreCoordinatorRef: Registered StateStoreCoordinator endpoint
[2025-07-18T15:28:08.844+0000] {subprocess.py:93} INFO - 25/07/18 15:28:08 INFO ResolveWriteToStream: Checkpoint root /tmp/checkpoints/reservations resolved to file:/tmp/checkpoints/reservations.
[2025-07-18T15:28:08.844+0000] {subprocess.py:93} INFO - 25/07/18 15:28:08 WARN ResolveWriteToStream: spark.sql.adaptive.enabled is not supported in streaming DataFrames/Datasets and will be disabled.
[2025-07-18T15:28:08.917+0000] {subprocess.py:93} INFO - 25/07/18 15:28:08 INFO MicroBatchExecution: Starting [id = 0314df7c-5598-4928-8d91-374ee67989d1, runId = 4bd9abea-1b5e-4ce4-b725-52783088ee70]. Use file:/tmp/checkpoints/reservations to store the query checkpoint.
[2025-07-18T15:28:08.923+0000] {subprocess.py:93} INFO - 25/07/18 15:28:08 INFO MicroBatchExecution: Reading table [org.apache.spark.sql.kafka010.KafkaSourceProvider$KafkaTable@24980258] from DataSourceV2 named 'kafka' [org.apache.spark.sql.kafka010.KafkaSourceProvider@4661384a]
[2025-07-18T15:28:08.954+0000] {subprocess.py:93} INFO - 25/07/18 15:28:08 INFO OffsetSeqLog: BatchIds found from listing: 0, 1, 2, 3, 4, 5, 6, 7, 8
[2025-07-18T15:28:08.962+0000] {subprocess.py:93} INFO - 25/07/18 15:28:08 INFO OffsetSeqLog: Getting latest batch 8
[2025-07-18T15:28:08.979+0000] {subprocess.py:93} INFO - 25/07/18 15:28:08 INFO OffsetSeqLog: BatchIds found from listing: 0, 1, 2, 3, 4, 5, 6, 7, 8
[2025-07-18T15:28:08.980+0000] {subprocess.py:93} INFO - 25/07/18 15:28:08 INFO OffsetSeqLog: Getting latest batch 8
[2025-07-18T15:28:08.985+0000] {subprocess.py:93} INFO - 25/07/18 15:28:08 INFO CommitLog: BatchIds found from listing: 0, 1, 2, 3, 4, 5, 6, 7, 8
[2025-07-18T15:28:08.986+0000] {subprocess.py:93} INFO - 25/07/18 15:28:08 INFO CommitLog: Getting latest batch 8
[2025-07-18T15:28:08.992+0000] {subprocess.py:93} INFO - 25/07/18 15:28:08 INFO MicroBatchExecution: Resuming at batch 9 with committed offsets {KafkaV2[Subscribe[reservations]]: {"reservations":{"0":48}}} and available offsets {KafkaV2[Subscribe[reservations]]: {"reservations":{"0":48}}}
[2025-07-18T15:28:08.992+0000] {subprocess.py:93} INFO - 25/07/18 15:28:08 INFO MicroBatchExecution: Stream started from {KafkaV2[Subscribe[reservations]]: {"reservations":{"0":48}}}
[2025-07-18T15:28:09.013+0000] {subprocess.py:93} INFO - 25/07/18 15:28:09 INFO BaseMetastoreCatalog: Table loaded by catalog: my_catalog.bronze.Checkins_raw
[2025-07-18T15:28:09.016+0000] {subprocess.py:93} INFO - 25/07/18 15:28:09 INFO ResolveWriteToStream: Checkpoint root /tmp/checkpoints/checkins resolved to file:/tmp/checkpoints/checkins.
[2025-07-18T15:28:09.016+0000] {subprocess.py:93} INFO - 25/07/18 15:28:09 WARN ResolveWriteToStream: spark.sql.adaptive.enabled is not supported in streaming DataFrames/Datasets and will be disabled.
[2025-07-18T15:28:09.023+0000] {subprocess.py:93} INFO - 25/07/18 15:28:09 INFO MicroBatchExecution: Starting [id = a9a9b3af-d3c2-4704-81e0-4163831ae683, runId = b16abafd-7da2-4fa0-95e2-9b3a4e5fe769]. Use file:/tmp/checkpoints/checkins to store the query checkpoint.
[2025-07-18T15:28:09.023+0000] {subprocess.py:93} INFO - 25/07/18 15:28:09 INFO AdminClientConfig: AdminClientConfig values:
[2025-07-18T15:28:09.023+0000] {subprocess.py:93} INFO - 	auto.include.jmx.reporter = true
[2025-07-18T15:28:09.024+0000] {subprocess.py:93} INFO - 	bootstrap.servers = [kafka:9092]
[2025-07-18T15:28:09.024+0000] {subprocess.py:93} INFO - 	client.dns.lookup = use_all_dns_ips
[2025-07-18T15:28:09.024+0000] {subprocess.py:93} INFO - 	client.id =
[2025-07-18T15:28:09.024+0000] {subprocess.py:93} INFO - 	connections.max.idle.ms = 300000
[2025-07-18T15:28:09.025+0000] {subprocess.py:93} INFO - 	default.api.timeout.ms = 60000
[2025-07-18T15:28:09.025+0000] {subprocess.py:93} INFO - 	metadata.max.age.ms = 300000
[2025-07-18T15:28:09.025+0000] {subprocess.py:93} INFO - 	metric.reporters = []
[2025-07-18T15:28:09.026+0000] {subprocess.py:93} INFO - 	metrics.num.samples = 2
[2025-07-18T15:28:09.026+0000] {subprocess.py:93} INFO - 	metrics.recording.level = INFO
[2025-07-18T15:28:09.028+0000] {subprocess.py:93} INFO - 	metrics.sample.window.ms = 30000
[2025-07-18T15:28:09.029+0000] {subprocess.py:93} INFO - 	receive.buffer.bytes = 65536
[2025-07-18T15:28:09.030+0000] {subprocess.py:93} INFO - 	reconnect.backoff.max.ms = 1000
[2025-07-18T15:28:09.030+0000] {subprocess.py:93} INFO - 	reconnect.backoff.ms = 50
[2025-07-18T15:28:09.031+0000] {subprocess.py:93} INFO - 	request.timeout.ms = 30000
[2025-07-18T15:28:09.032+0000] {subprocess.py:93} INFO - 	retries = 2147483647
[2025-07-18T15:28:09.033+0000] {subprocess.py:93} INFO - 	retry.backoff.ms = 100
[2025-07-18T15:28:09.033+0000] {subprocess.py:93} INFO - 	sasl.client.callback.handler.class = null
[2025-07-18T15:28:09.033+0000] {subprocess.py:93} INFO - 	sasl.jaas.config = null
[2025-07-18T15:28:09.034+0000] {subprocess.py:93} INFO - 	sasl.kerberos.kinit.cmd = /usr/bin/kinit
[2025-07-18T15:28:09.034+0000] {subprocess.py:93} INFO - 	sasl.kerberos.min.time.before.relogin = 60000
[2025-07-18T15:28:09.034+0000] {subprocess.py:93} INFO - 	sasl.kerberos.service.name = null
[2025-07-18T15:28:09.034+0000] {subprocess.py:93} INFO - 	sasl.kerberos.ticket.renew.jitter = 0.05
[2025-07-18T15:28:09.034+0000] {subprocess.py:93} INFO - 	sasl.kerberos.ticket.renew.window.factor = 0.8
[2025-07-18T15:28:09.034+0000] {subprocess.py:93} INFO - 	sasl.login.callback.handler.class = null
[2025-07-18T15:28:09.034+0000] {subprocess.py:93} INFO - 	sasl.login.class = null
[2025-07-18T15:28:09.035+0000] {subprocess.py:93} INFO - 	sasl.login.connect.timeout.ms = null
[2025-07-18T15:28:09.035+0000] {subprocess.py:93} INFO - 	sasl.login.read.timeout.ms = null
[2025-07-18T15:28:09.035+0000] {subprocess.py:93} INFO - 	sasl.login.refresh.buffer.seconds = 300
[2025-07-18T15:28:09.035+0000] {subprocess.py:93} INFO - 	sasl.login.refresh.min.period.seconds = 60
[2025-07-18T15:28:09.035+0000] {subprocess.py:93} INFO - 	sasl.login.refresh.window.factor = 0.8
[2025-07-18T15:28:09.035+0000] {subprocess.py:93} INFO - 	sasl.login.refresh.window.jitter = 0.05
[2025-07-18T15:28:09.035+0000] {subprocess.py:93} INFO - 	sasl.login.retry.backoff.max.ms = 10000
[2025-07-18T15:28:09.035+0000] {subprocess.py:93} INFO - 	sasl.login.retry.backoff.ms = 100
[2025-07-18T15:28:09.036+0000] {subprocess.py:93} INFO - 	sasl.mechanism = GSSAPI
[2025-07-18T15:28:09.036+0000] {subprocess.py:93} INFO - 	sasl.oauthbearer.clock.skew.seconds = 30
[2025-07-18T15:28:09.036+0000] {subprocess.py:93} INFO - 	sasl.oauthbearer.expected.audience = null
[2025-07-18T15:28:09.036+0000] {subprocess.py:93} INFO - 	sasl.oauthbearer.expected.issuer = null
[2025-07-18T15:28:09.036+0000] {subprocess.py:93} INFO - 	sasl.oauthbearer.jwks.endpoint.refresh.ms = 3600000
[2025-07-18T15:28:09.037+0000] {subprocess.py:93} INFO - 	sasl.oauthbearer.jwks.endpoint.retry.backoff.max.ms = 10000
[2025-07-18T15:28:09.037+0000] {subprocess.py:93} INFO - 	sasl.oauthbearer.jwks.endpoint.retry.backoff.ms = 100
[2025-07-18T15:28:09.037+0000] {subprocess.py:93} INFO - 	sasl.oauthbearer.jwks.endpoint.url = null
[2025-07-18T15:28:09.037+0000] {subprocess.py:93} INFO - 	sasl.oauthbearer.scope.claim.name = scope
[2025-07-18T15:28:09.038+0000] {subprocess.py:93} INFO - 	sasl.oauthbearer.sub.claim.name = sub
[2025-07-18T15:28:09.038+0000] {subprocess.py:93} INFO - 	sasl.oauthbearer.token.endpoint.url = null
[2025-07-18T15:28:09.038+0000] {subprocess.py:93} INFO - 	security.protocol = PLAINTEXT
[2025-07-18T15:28:09.038+0000] {subprocess.py:93} INFO - 	security.providers = null
[2025-07-18T15:28:09.038+0000] {subprocess.py:93} INFO - 	send.buffer.bytes = 131072
[2025-07-18T15:28:09.038+0000] {subprocess.py:93} INFO - 	socket.connection.setup.timeout.max.ms = 30000
[2025-07-18T15:28:09.038+0000] {subprocess.py:93} INFO - 	socket.connection.setup.timeout.ms = 10000
[2025-07-18T15:28:09.038+0000] {subprocess.py:93} INFO - 	ssl.cipher.suites = null
[2025-07-18T15:28:09.038+0000] {subprocess.py:93} INFO - 	ssl.enabled.protocols = [TLSv1.2, TLSv1.3]
[2025-07-18T15:28:09.038+0000] {subprocess.py:93} INFO - 	ssl.endpoint.identification.algorithm = https
[2025-07-18T15:28:09.039+0000] {subprocess.py:93} INFO - 	ssl.engine.factory.class = null
[2025-07-18T15:28:09.039+0000] {subprocess.py:93} INFO - 	ssl.key.password = null
[2025-07-18T15:28:09.039+0000] {subprocess.py:93} INFO - 	ssl.keymanager.algorithm = SunX509
[2025-07-18T15:28:09.039+0000] {subprocess.py:93} INFO - 	ssl.keystore.certificate.chain = null
[2025-07-18T15:28:09.039+0000] {subprocess.py:93} INFO - 	ssl.keystore.key = null
[2025-07-18T15:28:09.039+0000] {subprocess.py:93} INFO - 	ssl.keystore.location = null
[2025-07-18T15:28:09.039+0000] {subprocess.py:93} INFO - 	ssl.keystore.password = null
[2025-07-18T15:28:09.039+0000] {subprocess.py:93} INFO - 	ssl.keystore.type = JKS
[2025-07-18T15:28:09.039+0000] {subprocess.py:93} INFO - 	ssl.protocol = TLSv1.3
[2025-07-18T15:28:09.040+0000] {subprocess.py:93} INFO - 	ssl.provider = null
[2025-07-18T15:28:09.040+0000] {subprocess.py:93} INFO - 	ssl.secure.random.implementation = null
[2025-07-18T15:28:09.040+0000] {subprocess.py:93} INFO - 	ssl.trustmanager.algorithm = PKIX
[2025-07-18T15:28:09.040+0000] {subprocess.py:93} INFO - 	ssl.truststore.certificates = null
[2025-07-18T15:28:09.040+0000] {subprocess.py:93} INFO - 	ssl.truststore.location = null
[2025-07-18T15:28:09.041+0000] {subprocess.py:93} INFO - 	ssl.truststore.password = null
[2025-07-18T15:28:09.041+0000] {subprocess.py:93} INFO - 	ssl.truststore.type = JKS
[2025-07-18T15:28:09.041+0000] {subprocess.py:93} INFO - 
[2025-07-18T15:28:09.041+0000] {subprocess.py:93} INFO - 25/07/18 15:28:09 INFO MicroBatchExecution: Reading table [org.apache.spark.sql.kafka010.KafkaSourceProvider$KafkaTable@1b4b38cc] from DataSourceV2 named 'kafka' [org.apache.spark.sql.kafka010.KafkaSourceProvider@158cc40d]
[2025-07-18T15:28:09.042+0000] {subprocess.py:93} INFO - 25/07/18 15:28:09 INFO OffsetSeqLog: BatchIds found from listing: 0, 1, 2, 3, 4, 5, 6, 7, 8, 9
[2025-07-18T15:28:09.042+0000] {subprocess.py:93} INFO - 25/07/18 15:28:09 INFO OffsetSeqLog: Getting latest batch 9
[2025-07-18T15:28:09.042+0000] {subprocess.py:93} INFO - 25/07/18 15:28:09 INFO OffsetSeqLog: BatchIds found from listing: 0, 1, 2, 3, 4, 5, 6, 7, 8, 9
[2025-07-18T15:28:09.042+0000] {subprocess.py:93} INFO - 25/07/18 15:28:09 INFO OffsetSeqLog: Getting latest batch 9
[2025-07-18T15:28:09.042+0000] {subprocess.py:93} INFO - 25/07/18 15:28:09 INFO CommitLog: BatchIds found from listing: 0, 1, 2, 3, 4, 5, 6, 7, 8, 9
[2025-07-18T15:28:09.042+0000] {subprocess.py:93} INFO - 25/07/18 15:28:09 INFO CommitLog: Getting latest batch 9
[2025-07-18T15:28:09.043+0000] {subprocess.py:93} INFO - 25/07/18 15:28:09 INFO MicroBatchExecution: Resuming at batch 10 with committed offsets {KafkaV2[Subscribe[checkins]]: {"checkins":{"0":48}}} and available offsets {KafkaV2[Subscribe[checkins]]: {"checkins":{"0":48}}}
[2025-07-18T15:28:09.043+0000] {subprocess.py:93} INFO - 25/07/18 15:28:09 INFO MicroBatchExecution: Stream started from {KafkaV2[Subscribe[checkins]]: {"checkins":{"0":48}}}
[2025-07-18T15:28:09.043+0000] {subprocess.py:93} INFO - 25/07/18 15:28:09 INFO AdminClientConfig: AdminClientConfig values:
[2025-07-18T15:28:09.044+0000] {subprocess.py:93} INFO - 	auto.include.jmx.reporter = true
[2025-07-18T15:28:09.044+0000] {subprocess.py:93} INFO - 	bootstrap.servers = [kafka:9092]
[2025-07-18T15:28:09.045+0000] {subprocess.py:93} INFO - 	client.dns.lookup = use_all_dns_ips
[2025-07-18T15:28:09.045+0000] {subprocess.py:93} INFO - 	client.id =
[2025-07-18T15:28:09.045+0000] {subprocess.py:93} INFO - 	connections.max.idle.ms = 300000
[2025-07-18T15:28:09.046+0000] {subprocess.py:93} INFO - 	default.api.timeout.ms = 60000
[2025-07-18T15:28:09.046+0000] {subprocess.py:93} INFO - 	metadata.max.age.ms = 300000
[2025-07-18T15:28:09.047+0000] {subprocess.py:93} INFO - 	metric.reporters = []
[2025-07-18T15:28:09.047+0000] {subprocess.py:93} INFO - 	metrics.num.samples = 2
[2025-07-18T15:28:09.047+0000] {subprocess.py:93} INFO - 	metrics.recording.level = INFO
[2025-07-18T15:28:09.047+0000] {subprocess.py:93} INFO - 	metrics.sample.window.ms = 30000
[2025-07-18T15:28:09.048+0000] {subprocess.py:93} INFO - 	receive.buffer.bytes = 65536
[2025-07-18T15:28:09.048+0000] {subprocess.py:93} INFO - 	reconnect.backoff.max.ms = 1000
[2025-07-18T15:28:09.048+0000] {subprocess.py:93} INFO - 	reconnect.backoff.ms = 50
[2025-07-18T15:28:09.048+0000] {subprocess.py:93} INFO - 	request.timeout.ms = 30000
[2025-07-18T15:28:09.049+0000] {subprocess.py:93} INFO - 	retries = 2147483647
[2025-07-18T15:28:09.049+0000] {subprocess.py:93} INFO - 	retry.backoff.ms = 100
[2025-07-18T15:28:09.049+0000] {subprocess.py:93} INFO - 	sasl.client.callback.handler.class = null
[2025-07-18T15:28:09.050+0000] {subprocess.py:93} INFO - 	sasl.jaas.config = null
[2025-07-18T15:28:09.050+0000] {subprocess.py:93} INFO - 	sasl.kerberos.kinit.cmd = /usr/bin/kinit
[2025-07-18T15:28:09.050+0000] {subprocess.py:93} INFO - 	sasl.kerberos.min.time.before.relogin = 60000
[2025-07-18T15:28:09.050+0000] {subprocess.py:93} INFO - 	sasl.kerberos.service.name = null
[2025-07-18T15:28:09.050+0000] {subprocess.py:93} INFO - 	sasl.kerberos.ticket.renew.jitter = 0.05
[2025-07-18T15:28:09.050+0000] {subprocess.py:93} INFO - 	sasl.kerberos.ticket.renew.window.factor = 0.8
[2025-07-18T15:28:09.051+0000] {subprocess.py:93} INFO - 	sasl.login.callback.handler.class = null
[2025-07-18T15:28:09.051+0000] {subprocess.py:93} INFO - 	sasl.login.class = null
[2025-07-18T15:28:09.051+0000] {subprocess.py:93} INFO - 	sasl.login.connect.timeout.ms = null
[2025-07-18T15:28:09.051+0000] {subprocess.py:93} INFO - 	sasl.login.read.timeout.ms = null
[2025-07-18T15:28:09.051+0000] {subprocess.py:93} INFO - 	sasl.login.refresh.buffer.seconds = 300
[2025-07-18T15:28:09.051+0000] {subprocess.py:93} INFO - 	sasl.login.refresh.min.period.seconds = 60
[2025-07-18T15:28:09.051+0000] {subprocess.py:93} INFO - 	sasl.login.refresh.window.factor = 0.8
[2025-07-18T15:28:09.051+0000] {subprocess.py:93} INFO - 	sasl.login.refresh.window.jitter = 0.05
[2025-07-18T15:28:09.051+0000] {subprocess.py:93} INFO - 	sasl.login.retry.backoff.max.ms = 10000
[2025-07-18T15:28:09.052+0000] {subprocess.py:93} INFO - 	sasl.login.retry.backoff.ms = 100
[2025-07-18T15:28:09.052+0000] {subprocess.py:93} INFO - 	sasl.mechanism = GSSAPI
[2025-07-18T15:28:09.052+0000] {subprocess.py:93} INFO - 	sasl.oauthbearer.clock.skew.seconds = 30
[2025-07-18T15:28:09.052+0000] {subprocess.py:93} INFO - 	sasl.oauthbearer.expected.audience = null
[2025-07-18T15:28:09.052+0000] {subprocess.py:93} INFO - 	sasl.oauthbearer.expected.issuer = null
[2025-07-18T15:28:09.052+0000] {subprocess.py:93} INFO - 	sasl.oauthbearer.jwks.endpoint.refresh.ms = 3600000
[2025-07-18T15:28:09.052+0000] {subprocess.py:93} INFO - 	sasl.oauthbearer.jwks.endpoint.retry.backoff.max.ms = 10000
[2025-07-18T15:28:09.052+0000] {subprocess.py:93} INFO - 	sasl.oauthbearer.jwks.endpoint.retry.backoff.ms = 100
[2025-07-18T15:28:09.052+0000] {subprocess.py:93} INFO - 	sasl.oauthbearer.jwks.endpoint.url = null
[2025-07-18T15:28:09.053+0000] {subprocess.py:93} INFO - 	sasl.oauthbearer.scope.claim.name = scope
[2025-07-18T15:28:09.053+0000] {subprocess.py:93} INFO - 	sasl.oauthbearer.sub.claim.name = sub
[2025-07-18T15:28:09.054+0000] {subprocess.py:93} INFO - 	sasl.oauthbearer.token.endpoint.url = null
[2025-07-18T15:28:09.054+0000] {subprocess.py:93} INFO - 	security.protocol = PLAINTEXT
[2025-07-18T15:28:09.054+0000] {subprocess.py:93} INFO - 	security.providers = null
[2025-07-18T15:28:09.055+0000] {subprocess.py:93} INFO - 	send.buffer.bytes = 131072
[2025-07-18T15:28:09.055+0000] {subprocess.py:93} INFO - 	socket.connection.setup.timeout.max.ms = 30000
[2025-07-18T15:28:09.056+0000] {subprocess.py:93} INFO - 	socket.connection.setup.timeout.ms = 10000
[2025-07-18T15:28:09.056+0000] {subprocess.py:93} INFO - 	ssl.cipher.suites = null
[2025-07-18T15:28:09.057+0000] {subprocess.py:93} INFO - 	ssl.enabled.protocols = [TLSv1.2, TLSv1.3]
[2025-07-18T15:28:09.058+0000] {subprocess.py:93} INFO - 	ssl.endpoint.identification.algorithm = https
[2025-07-18T15:28:09.058+0000] {subprocess.py:93} INFO - 	ssl.engine.factory.class = null
[2025-07-18T15:28:09.058+0000] {subprocess.py:93} INFO - 	ssl.key.password = null
[2025-07-18T15:28:09.059+0000] {subprocess.py:93} INFO - 	ssl.keymanager.algorithm = SunX509
[2025-07-18T15:28:09.059+0000] {subprocess.py:93} INFO - 	ssl.keystore.certificate.chain = null
[2025-07-18T15:28:09.060+0000] {subprocess.py:93} INFO - 	ssl.keystore.key = null
[2025-07-18T15:28:09.061+0000] {subprocess.py:93} INFO - 	ssl.keystore.location = null
[2025-07-18T15:28:09.061+0000] {subprocess.py:93} INFO - 	ssl.keystore.password = null
[2025-07-18T15:28:09.061+0000] {subprocess.py:93} INFO - 	ssl.keystore.type = JKS
[2025-07-18T15:28:09.061+0000] {subprocess.py:93} INFO - 	ssl.protocol = TLSv1.3
[2025-07-18T15:28:09.061+0000] {subprocess.py:93} INFO - 	ssl.provider = null
[2025-07-18T15:28:09.062+0000] {subprocess.py:93} INFO - 	ssl.secure.random.implementation = null
[2025-07-18T15:28:09.062+0000] {subprocess.py:93} INFO - 	ssl.trustmanager.algorithm = PKIX
[2025-07-18T15:28:09.062+0000] {subprocess.py:93} INFO - 	ssl.truststore.certificates = null
[2025-07-18T15:28:09.063+0000] {subprocess.py:93} INFO - 	ssl.truststore.location = null
[2025-07-18T15:28:09.065+0000] {subprocess.py:93} INFO - 	ssl.truststore.password = null
[2025-07-18T15:28:09.065+0000] {subprocess.py:93} INFO - 	ssl.truststore.type = JKS
[2025-07-18T15:28:09.065+0000] {subprocess.py:93} INFO - 
[2025-07-18T15:28:09.072+0000] {subprocess.py:93} INFO - 25/07/18 15:28:09 INFO AdminClientConfig: These configurations '[key.deserializer, value.deserializer, enable.auto.commit, max.poll.records, auto.offset.reset]' were supplied but are not used yet.
[2025-07-18T15:28:09.073+0000] {subprocess.py:93} INFO - 25/07/18 15:28:09 INFO AdminClientConfig: These configurations '[key.deserializer, value.deserializer, enable.auto.commit, max.poll.records, auto.offset.reset]' were supplied but are not used yet.
[2025-07-18T15:28:09.075+0000] {subprocess.py:93} INFO - 25/07/18 15:28:09 INFO AppInfoParser: Kafka version: 3.5.1
[2025-07-18T15:28:09.075+0000] {subprocess.py:93} INFO - 25/07/18 15:28:09 INFO AppInfoParser: Kafka commitId: 2c6fb6c54472e90a
[2025-07-18T15:28:09.076+0000] {subprocess.py:93} INFO - 25/07/18 15:28:09 INFO AppInfoParser: Kafka startTimeMs: 1752852489070
[2025-07-18T15:28:09.077+0000] {subprocess.py:93} INFO - 25/07/18 15:28:09 INFO AppInfoParser: Kafka version: 3.5.1
[2025-07-18T15:28:09.078+0000] {subprocess.py:93} INFO - 25/07/18 15:28:09 INFO AppInfoParser: Kafka commitId: 2c6fb6c54472e90a
[2025-07-18T15:28:09.079+0000] {subprocess.py:93} INFO - 25/07/18 15:28:09 INFO AppInfoParser: Kafka startTimeMs: 1752852489070
[2025-07-18T15:28:09.103+0000] {subprocess.py:93} INFO - 25/07/18 15:28:09 INFO BaseMetastoreCatalog: Table loaded by catalog: my_catalog.bronze.Feedback_raw
[2025-07-18T15:28:09.106+0000] {subprocess.py:93} INFO - 25/07/18 15:28:09 INFO ResolveWriteToStream: Checkpoint root /tmp/checkpoints/feedback resolved to file:/tmp/checkpoints/feedback.
[2025-07-18T15:28:09.107+0000] {subprocess.py:93} INFO - 25/07/18 15:28:09 WARN ResolveWriteToStream: spark.sql.adaptive.enabled is not supported in streaming DataFrames/Datasets and will be disabled.
[2025-07-18T15:28:09.111+0000] {subprocess.py:93} INFO - 25/07/18 15:28:09 INFO MicroBatchExecution: Starting [id = d3aff090-24bc-4a1c-938f-fc839231598c, runId = 34818952-6426-4608-8daa-316f74f8f4d2]. Use file:/tmp/checkpoints/feedback to store the query checkpoint.
[2025-07-18T15:28:09.112+0000] {subprocess.py:93} INFO - 25/07/18 15:28:09 INFO MicroBatchExecution: Reading table [org.apache.spark.sql.kafka010.KafkaSourceProvider$KafkaTable@7522b30] from DataSourceV2 named 'kafka' [org.apache.spark.sql.kafka010.KafkaSourceProvider@995d472]
[2025-07-18T15:28:09.115+0000] {subprocess.py:93} INFO - 25/07/18 15:28:09 INFO OffsetSeqLog: BatchIds found from listing: 0, 1, 2, 3, 4, 5, 6, 7, 8
[2025-07-18T15:28:09.116+0000] {subprocess.py:93} INFO - 25/07/18 15:28:09 INFO OffsetSeqLog: Getting latest batch 8
[2025-07-18T15:28:09.118+0000] {subprocess.py:93} INFO - 25/07/18 15:28:09 INFO OffsetSeqLog: BatchIds found from listing: 0, 1, 2, 3, 4, 5, 6, 7, 8
[2025-07-18T15:28:09.119+0000] {subprocess.py:93} INFO - 25/07/18 15:28:09 INFO OffsetSeqLog: Getting latest batch 8
[2025-07-18T15:28:09.124+0000] {subprocess.py:93} INFO - 25/07/18 15:28:09 INFO CommitLog: BatchIds found from listing: 0, 1, 2, 3, 4, 5, 6, 7, 8
[2025-07-18T15:28:09.125+0000] {subprocess.py:93} INFO - 25/07/18 15:28:09 INFO CommitLog: Getting latest batch 8
[2025-07-18T15:28:09.125+0000] {subprocess.py:93} INFO - 25/07/18 15:28:09 INFO MicroBatchExecution: Resuming at batch 9 with committed offsets {KafkaV2[Subscribe[feedback]]: {"feedback":{"0":48}}} and available offsets {KafkaV2[Subscribe[feedback]]: {"feedback":{"0":48}}}
[2025-07-18T15:28:09.125+0000] {subprocess.py:93} INFO - 25/07/18 15:28:09 INFO MicroBatchExecution: Stream started from {KafkaV2[Subscribe[feedback]]: {"feedback":{"0":48}}}
[2025-07-18T15:28:09.126+0000] {subprocess.py:93} INFO - 25/07/18 15:28:09 INFO AdminClientConfig: AdminClientConfig values:
[2025-07-18T15:28:09.127+0000] {subprocess.py:93} INFO - 	auto.include.jmx.reporter = true
[2025-07-18T15:28:09.128+0000] {subprocess.py:93} INFO - 	bootstrap.servers = [kafka:9092]
[2025-07-18T15:28:09.128+0000] {subprocess.py:93} INFO - 	client.dns.lookup = use_all_dns_ips
[2025-07-18T15:28:09.128+0000] {subprocess.py:93} INFO - 	client.id =
[2025-07-18T15:28:09.129+0000] {subprocess.py:93} INFO - 	connections.max.idle.ms = 300000
[2025-07-18T15:28:09.129+0000] {subprocess.py:93} INFO - 	default.api.timeout.ms = 60000
[2025-07-18T15:28:09.129+0000] {subprocess.py:93} INFO - 	metadata.max.age.ms = 300000
[2025-07-18T15:28:09.129+0000] {subprocess.py:93} INFO - 	metric.reporters = []
[2025-07-18T15:28:09.129+0000] {subprocess.py:93} INFO - 	metrics.num.samples = 2
[2025-07-18T15:28:09.129+0000] {subprocess.py:93} INFO - 	metrics.recording.level = INFO
[2025-07-18T15:28:09.129+0000] {subprocess.py:93} INFO - 	metrics.sample.window.ms = 30000
[2025-07-18T15:28:09.129+0000] {subprocess.py:93} INFO - 	receive.buffer.bytes = 65536
[2025-07-18T15:28:09.130+0000] {subprocess.py:93} INFO - 	reconnect.backoff.max.ms = 1000
[2025-07-18T15:28:09.130+0000] {subprocess.py:93} INFO - 	reconnect.backoff.ms = 50
[2025-07-18T15:28:09.130+0000] {subprocess.py:93} INFO - 	request.timeout.ms = 30000
[2025-07-18T15:28:09.130+0000] {subprocess.py:93} INFO - 	retries = 2147483647
[2025-07-18T15:28:09.130+0000] {subprocess.py:93} INFO - 	retry.backoff.ms = 100
[2025-07-18T15:28:09.130+0000] {subprocess.py:93} INFO - 	sasl.client.callback.handler.class = null
[2025-07-18T15:28:09.130+0000] {subprocess.py:93} INFO - 	sasl.jaas.config = null
[2025-07-18T15:28:09.131+0000] {subprocess.py:93} INFO - 	sasl.kerberos.kinit.cmd = /usr/bin/kinit
[2025-07-18T15:28:09.131+0000] {subprocess.py:93} INFO - 	sasl.kerberos.min.time.before.relogin = 60000
[2025-07-18T15:28:09.131+0000] {subprocess.py:93} INFO - 	sasl.kerberos.service.name = null
[2025-07-18T15:28:09.131+0000] {subprocess.py:93} INFO - 	sasl.kerberos.ticket.renew.jitter = 0.05
[2025-07-18T15:28:09.131+0000] {subprocess.py:93} INFO - 	sasl.kerberos.ticket.renew.window.factor = 0.8
[2025-07-18T15:28:09.131+0000] {subprocess.py:93} INFO - 	sasl.login.callback.handler.class = null
[2025-07-18T15:28:09.132+0000] {subprocess.py:93} INFO - 	sasl.login.class = null
[2025-07-18T15:28:09.132+0000] {subprocess.py:93} INFO - 	sasl.login.connect.timeout.ms = null
[2025-07-18T15:28:09.132+0000] {subprocess.py:93} INFO - 	sasl.login.read.timeout.ms = null
[2025-07-18T15:28:09.132+0000] {subprocess.py:93} INFO - 	sasl.login.refresh.buffer.seconds = 300
[2025-07-18T15:28:09.132+0000] {subprocess.py:93} INFO - 	sasl.login.refresh.min.period.seconds = 60
[2025-07-18T15:28:09.132+0000] {subprocess.py:93} INFO - 	sasl.login.refresh.window.factor = 0.8
[2025-07-18T15:28:09.132+0000] {subprocess.py:93} INFO - 	sasl.login.refresh.window.jitter = 0.05
[2025-07-18T15:28:09.132+0000] {subprocess.py:93} INFO - 	sasl.login.retry.backoff.max.ms = 10000
[2025-07-18T15:28:09.132+0000] {subprocess.py:93} INFO - 	sasl.login.retry.backoff.ms = 100
[2025-07-18T15:28:09.132+0000] {subprocess.py:93} INFO - 	sasl.mechanism = GSSAPI
[2025-07-18T15:28:09.132+0000] {subprocess.py:93} INFO - 	sasl.oauthbearer.clock.skew.seconds = 30
[2025-07-18T15:28:09.133+0000] {subprocess.py:93} INFO - 	sasl.oauthbearer.expected.audience = null
[2025-07-18T15:28:09.133+0000] {subprocess.py:93} INFO - 	sasl.oauthbearer.expected.issuer = null
[2025-07-18T15:28:09.133+0000] {subprocess.py:93} INFO - 	sasl.oauthbearer.jwks.endpoint.refresh.ms = 3600000
[2025-07-18T15:28:09.133+0000] {subprocess.py:93} INFO - 	sasl.oauthbearer.jwks.endpoint.retry.backoff.max.ms = 10000
[2025-07-18T15:28:09.133+0000] {subprocess.py:93} INFO - 	sasl.oauthbearer.jwks.endpoint.retry.backoff.ms = 100
[2025-07-18T15:28:09.133+0000] {subprocess.py:93} INFO - 	sasl.oauthbearer.jwks.endpoint.url = null
[2025-07-18T15:28:09.133+0000] {subprocess.py:93} INFO - 	sasl.oauthbearer.scope.claim.name = scope
[2025-07-18T15:28:09.133+0000] {subprocess.py:93} INFO - 	sasl.oauthbearer.sub.claim.name = sub
[2025-07-18T15:28:09.133+0000] {subprocess.py:93} INFO - 	sasl.oauthbearer.token.endpoint.url = null
[2025-07-18T15:28:09.133+0000] {subprocess.py:93} INFO - 	security.protocol = PLAINTEXT
[2025-07-18T15:28:09.133+0000] {subprocess.py:93} INFO - 	security.providers = null
[2025-07-18T15:28:09.133+0000] {subprocess.py:93} INFO - 	send.buffer.bytes = 131072
[2025-07-18T15:28:09.133+0000] {subprocess.py:93} INFO - 	socket.connection.setup.timeout.max.ms = 30000
[2025-07-18T15:28:09.133+0000] {subprocess.py:93} INFO - 	socket.connection.setup.timeout.ms = 10000
[2025-07-18T15:28:09.134+0000] {subprocess.py:93} INFO - 	ssl.cipher.suites = null
[2025-07-18T15:28:09.134+0000] {subprocess.py:93} INFO - 	ssl.enabled.protocols = [TLSv1.2, TLSv1.3]
[2025-07-18T15:28:09.134+0000] {subprocess.py:93} INFO - 	ssl.endpoint.identification.algorithm = https
[2025-07-18T15:28:09.134+0000] {subprocess.py:93} INFO - 	ssl.engine.factory.class = null
[2025-07-18T15:28:09.134+0000] {subprocess.py:93} INFO - 	ssl.key.password = null
[2025-07-18T15:28:09.134+0000] {subprocess.py:93} INFO - 	ssl.keymanager.algorithm = SunX509
[2025-07-18T15:28:09.134+0000] {subprocess.py:93} INFO - 	ssl.keystore.certificate.chain = null
[2025-07-18T15:28:09.134+0000] {subprocess.py:93} INFO - 	ssl.keystore.key = null
[2025-07-18T15:28:09.134+0000] {subprocess.py:93} INFO - 	ssl.keystore.location = null
[2025-07-18T15:28:09.134+0000] {subprocess.py:93} INFO - 	ssl.keystore.password = null
[2025-07-18T15:28:09.134+0000] {subprocess.py:93} INFO - 	ssl.keystore.type = JKS
[2025-07-18T15:28:09.134+0000] {subprocess.py:93} INFO - 	ssl.protocol = TLSv1.3
[2025-07-18T15:28:09.134+0000] {subprocess.py:93} INFO - 	ssl.provider = null
[2025-07-18T15:28:09.135+0000] {subprocess.py:93} INFO - 	ssl.secure.random.implementation = null
[2025-07-18T15:28:09.135+0000] {subprocess.py:93} INFO - 	ssl.trustmanager.algorithm = PKIX
[2025-07-18T15:28:09.135+0000] {subprocess.py:93} INFO - 	ssl.truststore.certificates = null
[2025-07-18T15:28:09.135+0000] {subprocess.py:93} INFO - 	ssl.truststore.location = null
[2025-07-18T15:28:09.135+0000] {subprocess.py:93} INFO - 	ssl.truststore.password = null
[2025-07-18T15:28:09.135+0000] {subprocess.py:93} INFO - 	ssl.truststore.type = JKS
[2025-07-18T15:28:09.135+0000] {subprocess.py:93} INFO - 
[2025-07-18T15:28:09.135+0000] {subprocess.py:93} INFO - 25/07/18 15:28:09 INFO AdminClientConfig: These configurations '[key.deserializer, value.deserializer, enable.auto.commit, max.poll.records, auto.offset.reset]' were supplied but are not used yet.
[2025-07-18T15:28:09.135+0000] {subprocess.py:93} INFO - 25/07/18 15:28:09 INFO AppInfoParser: Kafka version: 3.5.1
[2025-07-18T15:28:09.135+0000] {subprocess.py:93} INFO - 25/07/18 15:28:09 INFO AppInfoParser: Kafka commitId: 2c6fb6c54472e90a
[2025-07-18T15:28:09.135+0000] {subprocess.py:93} INFO - 25/07/18 15:28:09 INFO AppInfoParser: Kafka startTimeMs: 1752852489127
[2025-07-18T15:28:19.281+0000] {subprocess.py:93} INFO - 25/07/18 15:28:19 INFO MicroBatchExecution: Streaming query has been idle and waiting for new data more than 10000 ms.
[2025-07-18T15:28:19.282+0000] {subprocess.py:93} INFO - 25/07/18 15:28:19 INFO MicroBatchExecution: Streaming query has been idle and waiting for new data more than 10000 ms.
[2025-07-18T15:28:19.282+0000] {subprocess.py:93} INFO - 25/07/18 15:28:19 INFO MicroBatchExecution: Streaming query has been idle and waiting for new data more than 10000 ms.
[2025-07-18T15:28:29.286+0000] {subprocess.py:93} INFO - 25/07/18 15:28:29 INFO MicroBatchExecution: Streaming query has been idle and waiting for new data more than 10000 ms.
[2025-07-18T15:28:29.287+0000] {subprocess.py:93} INFO - 25/07/18 15:28:29 INFO MicroBatchExecution: Streaming query has been idle and waiting for new data more than 10000 ms.
[2025-07-18T15:28:29.288+0000] {subprocess.py:93} INFO - 25/07/18 15:28:29 INFO MicroBatchExecution: Streaming query has been idle and waiting for new data more than 10000 ms.
[2025-07-18T15:28:39.292+0000] {subprocess.py:93} INFO - 25/07/18 15:28:39 INFO MicroBatchExecution: Streaming query has been idle and waiting for new data more than 10000 ms.
[2025-07-18T15:28:39.294+0000] {subprocess.py:93} INFO - 25/07/18 15:28:39 INFO MicroBatchExecution: Streaming query has been idle and waiting for new data more than 10000 ms.
[2025-07-18T15:28:39.294+0000] {subprocess.py:93} INFO - 25/07/18 15:28:39 INFO MicroBatchExecution: Streaming query has been idle and waiting for new data more than 10000 ms.
[2025-07-18T15:28:49.300+0000] {subprocess.py:93} INFO - 25/07/18 15:28:49 INFO MicroBatchExecution: Streaming query has been idle and waiting for new data more than 10000 ms.
[2025-07-18T15:28:49.303+0000] {subprocess.py:93} INFO - 25/07/18 15:28:49 INFO MicroBatchExecution: Streaming query has been idle and waiting for new data more than 10000 ms.
[2025-07-18T15:28:49.303+0000] {subprocess.py:93} INFO - 25/07/18 15:28:49 INFO MicroBatchExecution: Streaming query has been idle and waiting for new data more than 10000 ms.
[2025-07-18T15:28:59.301+0000] {subprocess.py:93} INFO - 25/07/18 15:28:59 INFO MicroBatchExecution: Streaming query has been idle and waiting for new data more than 10000 ms.
[2025-07-18T15:28:59.303+0000] {subprocess.py:93} INFO - 25/07/18 15:28:59 INFO MicroBatchExecution: Streaming query has been idle and waiting for new data more than 10000 ms.
[2025-07-18T15:28:59.303+0000] {subprocess.py:93} INFO - 25/07/18 15:28:59 INFO MicroBatchExecution: Streaming query has been idle and waiting for new data more than 10000 ms.
[2025-07-18T15:29:09.305+0000] {subprocess.py:93} INFO - 25/07/18 15:29:09 INFO MicroBatchExecution: Streaming query has been idle and waiting for new data more than 10000 ms.
[2025-07-18T15:29:09.308+0000] {subprocess.py:93} INFO - 25/07/18 15:29:09 INFO MicroBatchExecution: Streaming query has been idle and waiting for new data more than 10000 ms.
[2025-07-18T15:29:09.308+0000] {subprocess.py:93} INFO - 25/07/18 15:29:09 INFO MicroBatchExecution: Streaming query has been idle and waiting for new data more than 10000 ms.
[2025-07-18T15:29:19.307+0000] {subprocess.py:93} INFO - 25/07/18 15:29:19 INFO MicroBatchExecution: Streaming query has been idle and waiting for new data more than 10000 ms.
[2025-07-18T15:29:19.308+0000] {subprocess.py:93} INFO - 25/07/18 15:29:19 INFO MicroBatchExecution: Streaming query has been idle and waiting for new data more than 10000 ms.
[2025-07-18T15:29:19.308+0000] {subprocess.py:93} INFO - 25/07/18 15:29:19 INFO MicroBatchExecution: Streaming query has been idle and waiting for new data more than 10000 ms.
[2025-07-18T15:29:29.318+0000] {subprocess.py:93} INFO - 25/07/18 15:29:29 INFO MicroBatchExecution: Streaming query has been idle and waiting for new data more than 10000 ms.
[2025-07-18T15:29:29.319+0000] {subprocess.py:93} INFO - 25/07/18 15:29:29 INFO MicroBatchExecution: Streaming query has been idle and waiting for new data more than 10000 ms.
[2025-07-18T15:29:29.319+0000] {subprocess.py:93} INFO - 25/07/18 15:29:29 INFO MicroBatchExecution: Streaming query has been idle and waiting for new data more than 10000 ms.
[2025-07-18T15:29:39.324+0000] {subprocess.py:93} INFO - 25/07/18 15:29:39 INFO MicroBatchExecution: Streaming query has been idle and waiting for new data more than 10000 ms.
[2025-07-18T15:29:39.325+0000] {subprocess.py:93} INFO - 25/07/18 15:29:39 INFO MicroBatchExecution: Streaming query has been idle and waiting for new data more than 10000 ms.
[2025-07-18T15:29:39.326+0000] {subprocess.py:93} INFO - 25/07/18 15:29:39 INFO MicroBatchExecution: Streaming query has been idle and waiting for new data more than 10000 ms.
[2025-07-18T15:29:49.334+0000] {subprocess.py:93} INFO - 25/07/18 15:29:49 INFO MicroBatchExecution: Streaming query has been idle and waiting for new data more than 10000 ms.
[2025-07-18T15:29:49.337+0000] {subprocess.py:93} INFO - 25/07/18 15:29:49 INFO MicroBatchExecution: Streaming query has been idle and waiting for new data more than 10000 ms.
[2025-07-18T15:29:49.337+0000] {subprocess.py:93} INFO - 25/07/18 15:29:49 INFO MicroBatchExecution: Streaming query has been idle and waiting for new data more than 10000 ms.
[2025-07-18T15:29:59.346+0000] {subprocess.py:93} INFO - 25/07/18 15:29:59 INFO MicroBatchExecution: Streaming query has been idle and waiting for new data more than 10000 ms.
[2025-07-18T15:29:59.349+0000] {subprocess.py:93} INFO - 25/07/18 15:29:59 INFO MicroBatchExecution: Streaming query has been idle and waiting for new data more than 10000 ms.
[2025-07-18T15:29:59.349+0000] {subprocess.py:93} INFO - 25/07/18 15:29:59 INFO MicroBatchExecution: Streaming query has been idle and waiting for new data more than 10000 ms.
[2025-07-18T15:30:02.243+0000] {subprocess.py:93} INFO - 25/07/18 15:30:02 INFO CheckpointFileManager: Writing atomically to file:/tmp/checkpoints/reservations/offsets/9 using temp file file:/tmp/checkpoints/reservations/offsets/.9.22440ecb-9ae4-4ff5-a80b-13aeb2a54d68.tmp
[2025-07-18T15:30:02.257+0000] {subprocess.py:93} INFO - 25/07/18 15:30:02 WARN CheckpointFileManager: Failed to rename temp file file:/tmp/checkpoints/reservations/offsets/.9.22440ecb-9ae4-4ff5-a80b-13aeb2a54d68.tmp to file:/tmp/checkpoints/reservations/offsets/9 because file exists
[2025-07-18T15:30:02.257+0000] {subprocess.py:93} INFO - org.apache.hadoop.fs.FileAlreadyExistsException: Rename destination file:/tmp/checkpoints/reservations/offsets/9 already exists.
[2025-07-18T15:30:02.257+0000] {subprocess.py:93} INFO - 	at org.apache.hadoop.fs.AbstractFileSystem.renameInternal(AbstractFileSystem.java:770)
[2025-07-18T15:30:02.257+0000] {subprocess.py:93} INFO - 	at org.apache.hadoop.fs.AbstractFileSystem.rename(AbstractFileSystem.java:720)
[2025-07-18T15:30:02.258+0000] {subprocess.py:93} INFO - 	at org.apache.hadoop.fs.ChecksumFs.renameInternal(ChecksumFs.java:489)
[2025-07-18T15:30:02.258+0000] {subprocess.py:93} INFO - 	at org.apache.hadoop.fs.AbstractFileSystem.rename(AbstractFileSystem.java:720)
[2025-07-18T15:30:02.258+0000] {subprocess.py:93} INFO - 	at org.apache.hadoop.fs.FileContext.rename(FileContext.java:1036)
[2025-07-18T15:30:02.259+0000] {subprocess.py:93} INFO - 	at org.apache.spark.sql.execution.streaming.FileContextBasedCheckpointFileManager.renameTempFile(CheckpointFileManager.scala:372)
[2025-07-18T15:30:02.259+0000] {subprocess.py:93} INFO - 	at org.apache.spark.sql.execution.streaming.CheckpointFileManager$RenameBasedFSDataOutputStream.close(CheckpointFileManager.scala:154)
[2025-07-18T15:30:02.260+0000] {subprocess.py:93} INFO - 	at org.apache.spark.sql.execution.streaming.HDFSMetadataLog.write(HDFSMetadataLog.scala:204)
[2025-07-18T15:30:02.261+0000] {subprocess.py:93} INFO - 	at org.apache.spark.sql.execution.streaming.HDFSMetadataLog.addNewBatchByStream(HDFSMetadataLog.scala:237)
[2025-07-18T15:30:02.261+0000] {subprocess.py:93} INFO - 	at org.apache.spark.sql.execution.streaming.HDFSMetadataLog.add(HDFSMetadataLog.scala:130)
[2025-07-18T15:30:02.262+0000] {subprocess.py:93} INFO - 	at org.apache.spark.sql.execution.streaming.MicroBatchExecution.markMicroBatchStart(MicroBatchExecution.scala:764)
[2025-07-18T15:30:02.262+0000] {subprocess.py:93} INFO - 	at org.apache.spark.sql.execution.streaming.MicroBatchExecution.$anonfun$constructNextBatch$13(MicroBatchExecution.scala:536)
[2025-07-18T15:30:02.262+0000] {subprocess.py:93} INFO - 	at scala.runtime.java8.JFunction0$mcV$sp.apply(JFunction0$mcV$sp.java:23)
[2025-07-18T15:30:02.262+0000] {subprocess.py:93} INFO - 	at org.apache.spark.sql.execution.streaming.ProgressReporter.reportTimeTaken(ProgressReporter.scala:427)
[2025-07-18T15:30:02.263+0000] {subprocess.py:93} INFO - 	at org.apache.spark.sql.execution.streaming.ProgressReporter.reportTimeTaken$(ProgressReporter.scala:425)
[2025-07-18T15:30:02.263+0000] {subprocess.py:93} INFO - 	at org.apache.spark.sql.execution.streaming.StreamExecution.reportTimeTaken(StreamExecution.scala:67)
[2025-07-18T15:30:02.263+0000] {subprocess.py:93} INFO - 	at org.apache.spark.sql.execution.streaming.MicroBatchExecution.$anonfun$constructNextBatch$1(MicroBatchExecution.scala:535)
[2025-07-18T15:30:02.263+0000] {subprocess.py:93} INFO - 	at scala.runtime.java8.JFunction0$mcZ$sp.apply(JFunction0$mcZ$sp.java:23)
[2025-07-18T15:30:02.263+0000] {subprocess.py:93} INFO - 	at org.apache.spark.sql.execution.streaming.MicroBatchExecution.withProgressLocked(MicroBatchExecution.scala:810)
[2025-07-18T15:30:02.264+0000] {subprocess.py:93} INFO - 	at org.apache.spark.sql.execution.streaming.MicroBatchExecution.constructNextBatch(MicroBatchExecution.scala:475)
[2025-07-18T15:30:02.264+0000] {subprocess.py:93} INFO - 	at org.apache.spark.sql.execution.streaming.MicroBatchExecution.$anonfun$runActivatedStream$2(MicroBatchExecution.scala:268)
[2025-07-18T15:30:02.265+0000] {subprocess.py:93} INFO - 	at scala.runtime.java8.JFunction0$mcV$sp.apply(JFunction0$mcV$sp.java:23)
[2025-07-18T15:30:02.265+0000] {subprocess.py:93} INFO - 	at org.apache.spark.sql.execution.streaming.ProgressReporter.reportTimeTaken(ProgressReporter.scala:427)
[2025-07-18T15:30:02.266+0000] {subprocess.py:93} INFO - 	at org.apache.spark.sql.execution.streaming.ProgressReporter.reportTimeTaken$(ProgressReporter.scala:425)
[2025-07-18T15:30:02.266+0000] {subprocess.py:93} INFO - 	at org.apache.spark.sql.execution.streaming.StreamExecution.reportTimeTaken(StreamExecution.scala:67)
[2025-07-18T15:30:02.267+0000] {subprocess.py:93} INFO - 	at org.apache.spark.sql.execution.streaming.MicroBatchExecution.$anonfun$runActivatedStream$1(MicroBatchExecution.scala:249)
[2025-07-18T15:30:02.267+0000] {subprocess.py:93} INFO - 	at org.apache.spark.sql.execution.streaming.ProcessingTimeExecutor.execute(TriggerExecutor.scala:67)
[2025-07-18T15:30:02.267+0000] {subprocess.py:93} INFO - 	at org.apache.spark.sql.execution.streaming.MicroBatchExecution.runActivatedStream(MicroBatchExecution.scala:239)
[2025-07-18T15:30:02.268+0000] {subprocess.py:93} INFO - 	at org.apache.spark.sql.execution.streaming.StreamExecution.$anonfun$runStream$1(StreamExecution.scala:311)
[2025-07-18T15:30:02.270+0000] {subprocess.py:93} INFO - 	at scala.runtime.java8.JFunction0$mcV$sp.apply(JFunction0$mcV$sp.java:23)
[2025-07-18T15:30:02.270+0000] {subprocess.py:93} INFO - 	at org.apache.spark.sql.SparkSession.withActive(SparkSession.scala:900)
[2025-07-18T15:30:02.271+0000] {subprocess.py:93} INFO - 	at org.apache.spark.sql.execution.streaming.StreamExecution.org$apache$spark$sql$execution$streaming$StreamExecution$$runStream(StreamExecution.scala:289)
[2025-07-18T15:30:02.271+0000] {subprocess.py:93} INFO - 	at org.apache.spark.sql.execution.streaming.StreamExecution$$anon$1.$anonfun$run$1(StreamExecution.scala:211)
[2025-07-18T15:30:02.272+0000] {subprocess.py:93} INFO - 	at scala.runtime.java8.JFunction0$mcV$sp.apply(JFunction0$mcV$sp.java:23)
[2025-07-18T15:30:02.272+0000] {subprocess.py:93} INFO - 	at org.apache.spark.JobArtifactSet$.withActiveJobArtifactState(JobArtifactSet.scala:94)
[2025-07-18T15:30:02.273+0000] {subprocess.py:93} INFO - 	at org.apache.spark.sql.execution.streaming.StreamExecution$$anon$1.run(StreamExecution.scala:211)
[2025-07-18T15:30:02.493+0000] {subprocess.py:93} INFO - 25/07/18 15:30:02 ERROR MicroBatchExecution: Query [id = 0314df7c-5598-4928-8d91-374ee67989d1, runId = 4bd9abea-1b5e-4ce4-b725-52783088ee70] terminated with error
[2025-07-18T15:30:02.493+0000] {subprocess.py:93} INFO - org.apache.spark.SparkConcurrentModificationException: Multiple streaming queries are concurrently using file:/tmp/checkpoints/reservations/offsets.
[2025-07-18T15:30:02.495+0000] {subprocess.py:93} INFO - 	at org.apache.spark.sql.errors.QueryExecutionErrors$.multiStreamingQueriesUsingPathConcurrentlyError(QueryExecutionErrors.scala:1858)
[2025-07-18T15:30:02.495+0000] {subprocess.py:93} INFO - 	at org.apache.spark.sql.execution.streaming.HDFSMetadataLog.write(HDFSMetadataLog.scala:210)
[2025-07-18T15:30:02.495+0000] {subprocess.py:93} INFO - 	at org.apache.spark.sql.execution.streaming.HDFSMetadataLog.addNewBatchByStream(HDFSMetadataLog.scala:237)
[2025-07-18T15:30:02.495+0000] {subprocess.py:93} INFO - 	at org.apache.spark.sql.execution.streaming.HDFSMetadataLog.add(HDFSMetadataLog.scala:130)
[2025-07-18T15:30:02.496+0000] {subprocess.py:93} INFO - 	at org.apache.spark.sql.execution.streaming.MicroBatchExecution.markMicroBatchStart(MicroBatchExecution.scala:764)
[2025-07-18T15:30:02.496+0000] {subprocess.py:93} INFO - 	at org.apache.spark.sql.execution.streaming.MicroBatchExecution.$anonfun$constructNextBatch$13(MicroBatchExecution.scala:536)
[2025-07-18T15:30:02.496+0000] {subprocess.py:93} INFO - 	at scala.runtime.java8.JFunction0$mcV$sp.apply(JFunction0$mcV$sp.java:23)
[2025-07-18T15:30:02.496+0000] {subprocess.py:93} INFO - 	at org.apache.spark.sql.execution.streaming.ProgressReporter.reportTimeTaken(ProgressReporter.scala:427)
[2025-07-18T15:30:02.496+0000] {subprocess.py:93} INFO - 	at org.apache.spark.sql.execution.streaming.ProgressReporter.reportTimeTaken$(ProgressReporter.scala:425)
[2025-07-18T15:30:02.496+0000] {subprocess.py:93} INFO - 	at org.apache.spark.sql.execution.streaming.StreamExecution.reportTimeTaken(StreamExecution.scala:67)
[2025-07-18T15:30:02.496+0000] {subprocess.py:93} INFO - 	at org.apache.spark.sql.execution.streaming.MicroBatchExecution.$anonfun$constructNextBatch$1(MicroBatchExecution.scala:535)
[2025-07-18T15:30:02.497+0000] {subprocess.py:93} INFO - 	at scala.runtime.java8.JFunction0$mcZ$sp.apply(JFunction0$mcZ$sp.java:23)
[2025-07-18T15:30:02.497+0000] {subprocess.py:93} INFO - 	at org.apache.spark.sql.execution.streaming.MicroBatchExecution.withProgressLocked(MicroBatchExecution.scala:810)
[2025-07-18T15:30:02.497+0000] {subprocess.py:93} INFO - 	at org.apache.spark.sql.execution.streaming.MicroBatchExecution.constructNextBatch(MicroBatchExecution.scala:475)
[2025-07-18T15:30:02.497+0000] {subprocess.py:93} INFO - 	at org.apache.spark.sql.execution.streaming.MicroBatchExecution.$anonfun$runActivatedStream$2(MicroBatchExecution.scala:268)
[2025-07-18T15:30:02.497+0000] {subprocess.py:93} INFO - 	at scala.runtime.java8.JFunction0$mcV$sp.apply(JFunction0$mcV$sp.java:23)
[2025-07-18T15:30:02.498+0000] {subprocess.py:93} INFO - 	at org.apache.spark.sql.execution.streaming.ProgressReporter.reportTimeTaken(ProgressReporter.scala:427)
[2025-07-18T15:30:02.498+0000] {subprocess.py:93} INFO - 	at org.apache.spark.sql.execution.streaming.ProgressReporter.reportTimeTaken$(ProgressReporter.scala:425)
[2025-07-18T15:30:02.498+0000] {subprocess.py:93} INFO - 	at org.apache.spark.sql.execution.streaming.StreamExecution.reportTimeTaken(StreamExecution.scala:67)
[2025-07-18T15:30:02.498+0000] {subprocess.py:93} INFO - 	at org.apache.spark.sql.execution.streaming.MicroBatchExecution.$anonfun$runActivatedStream$1(MicroBatchExecution.scala:249)
[2025-07-18T15:30:02.498+0000] {subprocess.py:93} INFO - 	at org.apache.spark.sql.execution.streaming.ProcessingTimeExecutor.execute(TriggerExecutor.scala:67)
[2025-07-18T15:30:02.498+0000] {subprocess.py:93} INFO - 	at org.apache.spark.sql.execution.streaming.MicroBatchExecution.runActivatedStream(MicroBatchExecution.scala:239)
[2025-07-18T15:30:02.498+0000] {subprocess.py:93} INFO - 	at org.apache.spark.sql.execution.streaming.StreamExecution.$anonfun$runStream$1(StreamExecution.scala:311)
[2025-07-18T15:30:02.498+0000] {subprocess.py:93} INFO - 	at scala.runtime.java8.JFunction0$mcV$sp.apply(JFunction0$mcV$sp.java:23)
[2025-07-18T15:30:02.499+0000] {subprocess.py:93} INFO - 	at org.apache.spark.sql.SparkSession.withActive(SparkSession.scala:900)
[2025-07-18T15:30:02.499+0000] {subprocess.py:93} INFO - 	at org.apache.spark.sql.execution.streaming.StreamExecution.org$apache$spark$sql$execution$streaming$StreamExecution$$runStream(StreamExecution.scala:289)
[2025-07-18T15:30:02.499+0000] {subprocess.py:93} INFO - 	at org.apache.spark.sql.execution.streaming.StreamExecution$$anon$1.$anonfun$run$1(StreamExecution.scala:211)
[2025-07-18T15:30:02.499+0000] {subprocess.py:93} INFO - 	at scala.runtime.java8.JFunction0$mcV$sp.apply(JFunction0$mcV$sp.java:23)
[2025-07-18T15:30:02.499+0000] {subprocess.py:93} INFO - 	at org.apache.spark.JobArtifactSet$.withActiveJobArtifactState(JobArtifactSet.scala:94)
[2025-07-18T15:30:02.499+0000] {subprocess.py:93} INFO - 	at org.apache.spark.sql.execution.streaming.StreamExecution$$anon$1.run(StreamExecution.scala:211)
[2025-07-18T15:30:02.499+0000] {subprocess.py:93} INFO - Caused by: org.apache.hadoop.fs.FileAlreadyExistsException: Rename destination file:/tmp/checkpoints/reservations/offsets/9 already exists.
[2025-07-18T15:30:02.499+0000] {subprocess.py:93} INFO - 	at org.apache.hadoop.fs.AbstractFileSystem.renameInternal(AbstractFileSystem.java:770)
[2025-07-18T15:30:02.499+0000] {subprocess.py:93} INFO - 	at org.apache.hadoop.fs.AbstractFileSystem.rename(AbstractFileSystem.java:720)
[2025-07-18T15:30:02.499+0000] {subprocess.py:93} INFO - 	at org.apache.hadoop.fs.ChecksumFs.renameInternal(ChecksumFs.java:489)
[2025-07-18T15:30:02.499+0000] {subprocess.py:93} INFO - 	at org.apache.hadoop.fs.AbstractFileSystem.rename(AbstractFileSystem.java:720)
[2025-07-18T15:30:02.500+0000] {subprocess.py:93} INFO - 	at org.apache.hadoop.fs.FileContext.rename(FileContext.java:1036)
[2025-07-18T15:30:02.500+0000] {subprocess.py:93} INFO - 	at org.apache.spark.sql.execution.streaming.FileContextBasedCheckpointFileManager.renameTempFile(CheckpointFileManager.scala:372)
[2025-07-18T15:30:02.500+0000] {subprocess.py:93} INFO - 	at org.apache.spark.sql.execution.streaming.CheckpointFileManager$RenameBasedFSDataOutputStream.close(CheckpointFileManager.scala:154)
[2025-07-18T15:30:02.500+0000] {subprocess.py:93} INFO - 	at org.apache.spark.sql.execution.streaming.HDFSMetadataLog.write(HDFSMetadataLog.scala:204)
[2025-07-18T15:30:02.500+0000] {subprocess.py:93} INFO - 	... 28 more
[2025-07-18T15:30:02.500+0000] {subprocess.py:93} INFO - 25/07/18 15:30:02 INFO AppInfoParser: App info kafka.admin.client for adminclient-1 unregistered
[2025-07-18T15:30:02.500+0000] {subprocess.py:93} INFO - 25/07/18 15:30:02 INFO Metrics: Metrics scheduler closed
[2025-07-18T15:30:02.500+0000] {subprocess.py:93} INFO - 25/07/18 15:30:02 INFO Metrics: Closing reporter org.apache.kafka.common.metrics.JmxReporter
[2025-07-18T15:30:02.500+0000] {subprocess.py:93} INFO - 25/07/18 15:30:02 INFO Metrics: Metrics reporters closed
[2025-07-18T15:30:02.501+0000] {subprocess.py:93} INFO - 25/07/18 15:30:02 INFO MicroBatchExecution: Async log purge executor pool for query [id = 0314df7c-5598-4928-8d91-374ee67989d1, runId = 4bd9abea-1b5e-4ce4-b725-52783088ee70] has been shutdown
[2025-07-18T15:30:02.540+0000] {subprocess.py:93} INFO - Traceback (most recent call last):
[2025-07-18T15:30:02.540+0000] {subprocess.py:93} INFO -   File "/home/iceberg/spark/stream_to_bronze.py", line 94, in <module>
[2025-07-18T15:30:02.541+0000] {subprocess.py:93} INFO -     spark.streams.awaitAnyTermination()
[2025-07-18T15:30:02.541+0000] {subprocess.py:93} INFO -   File "/opt/bitnami/spark/python/lib/pyspark.zip/pyspark/sql/streaming/query.py", line 596, in awaitAnyTermination
[2025-07-18T15:30:02.541+0000] {subprocess.py:93} INFO -   File "/opt/bitnami/spark/python/lib/py4j-0.10.9.7-src.zip/py4j/java_gateway.py", line 1322, in __call__
[2025-07-18T15:30:02.541+0000] {subprocess.py:93} INFO -   File "/opt/bitnami/spark/python/lib/pyspark.zip/pyspark/errors/exceptions/captured.py", line 185, in deco
[2025-07-18T15:30:02.545+0000] {subprocess.py:93} INFO - pyspark.errors.exceptions.captured.StreamingQueryException: [STREAM_FAILED] Query [id = 0314df7c-5598-4928-8d91-374ee67989d1, runId = 4bd9abea-1b5e-4ce4-b725-52783088ee70] terminated with exception: Multiple streaming queries are concurrently using file:/tmp/checkpoints/reservations/offsets.
[2025-07-18T15:30:02.573+0000] {subprocess.py:93} INFO - 25/07/18 15:30:02 INFO SparkContext: Invoking stop() from shutdown hook
[2025-07-18T15:30:02.573+0000] {subprocess.py:93} INFO - 25/07/18 15:30:02 INFO SparkContext: SparkContext is stopping with exitCode 0.
[2025-07-18T15:30:02.578+0000] {subprocess.py:93} INFO - 25/07/18 15:30:02 INFO SparkUI: Stopped Spark web UI at http://77cb57a6bd53:4041
[2025-07-18T15:30:02.586+0000] {subprocess.py:93} INFO - 25/07/18 15:30:02 INFO MapOutputTrackerMasterEndpoint: MapOutputTrackerMasterEndpoint stopped!
[2025-07-18T15:30:02.601+0000] {subprocess.py:93} INFO - 25/07/18 15:30:02 INFO MemoryStore: MemoryStore cleared
[2025-07-18T15:30:02.602+0000] {subprocess.py:93} INFO - 25/07/18 15:30:02 INFO BlockManager: BlockManager stopped
[2025-07-18T15:30:02.610+0000] {subprocess.py:93} INFO - 25/07/18 15:30:02 INFO BlockManagerMaster: BlockManagerMaster stopped
[2025-07-18T15:30:02.614+0000] {subprocess.py:93} INFO - 25/07/18 15:30:02 INFO OutputCommitCoordinator$OutputCommitCoordinatorEndpoint: OutputCommitCoordinator stopped!
[2025-07-18T15:30:02.626+0000] {subprocess.py:93} INFO - 25/07/18 15:30:02 INFO SparkContext: Successfully stopped SparkContext
[2025-07-18T15:30:02.627+0000] {subprocess.py:93} INFO - 25/07/18 15:30:02 INFO ShutdownHookManager: Shutdown hook called
[2025-07-18T15:30:02.628+0000] {subprocess.py:93} INFO - 25/07/18 15:30:02 INFO ShutdownHookManager: Deleting directory /tmp/spark-e4f4f273-6f5e-476d-9f9c-60bc6db271f4
[2025-07-18T15:30:02.631+0000] {subprocess.py:93} INFO - 25/07/18 15:30:02 INFO ShutdownHookManager: Deleting directory /tmp/spark-80710ee7-abdb-4cf9-9641-1505801e91f7
[2025-07-18T15:30:02.634+0000] {subprocess.py:93} INFO - 25/07/18 15:30:02 INFO ShutdownHookManager: Deleting directory /tmp/spark-e4f4f273-6f5e-476d-9f9c-60bc6db271f4/pyspark-f1110016-fac3-4ab6-8ba5-bf98df8082b7
[2025-07-18T15:30:02.639+0000] {subprocess.py:93} INFO - 25/07/18 15:30:02 INFO MetricsSystemImpl: Stopping s3a-file-system metrics system...
[2025-07-18T15:30:02.639+0000] {subprocess.py:93} INFO - 25/07/18 15:30:02 INFO MetricsSystemImpl: s3a-file-system metrics system stopped.
[2025-07-18T15:30:02.639+0000] {subprocess.py:93} INFO - 25/07/18 15:30:02 INFO MetricsSystemImpl: s3a-file-system metrics system shutdown complete.
[2025-07-18T15:30:03.086+0000] {subprocess.py:97} INFO - Command exited with return code 1
[2025-07-18T15:30:03.147+0000] {taskinstance.py:1937} ERROR - Task failed with exception
Traceback (most recent call last):
  File "/home/airflow/.local/lib/python3.8/site-packages/airflow/operators/bash.py", line 210, in execute
    raise AirflowException(
airflow.exceptions.AirflowException: Bash command failed. The command returned a non-zero exit code 1.
[2025-07-18T15:30:03.153+0000] {taskinstance.py:1400} INFO - Marking task as FAILED. dag_id=restaurant_pipeline, task_id=stream_to_bronze, execution_date=20250718T152600, start_date=20250718T152804, end_date=20250718T153003
[2025-07-18T15:30:03.170+0000] {standard_task_runner.py:104} ERROR - Failed to execute job 105 for task stream_to_bronze (Bash command failed. The command returned a non-zero exit code 1.; 370)
[2025-07-18T15:30:03.195+0000] {local_task_job_runner.py:228} INFO - Task exited with return code 1
[2025-07-18T15:30:03.279+0000] {taskinstance.py:2778} INFO - 0 downstream tasks scheduled from follow-on schedule check
