[2025-07-19T14:38:01.551+0000] {taskinstance.py:1159} INFO - Dependencies all met for dep_context=non-requeueable deps ti=<TaskInstance: restaurant_pipeline.send_to_kafka scheduled__2025-07-19T14:36:00+00:00 [queued]>
[2025-07-19T14:38:01.555+0000] {taskinstance.py:1159} INFO - Dependencies all met for dep_context=requeueable deps ti=<TaskInstance: restaurant_pipeline.send_to_kafka scheduled__2025-07-19T14:36:00+00:00 [queued]>
[2025-07-19T14:38:01.555+0000] {taskinstance.py:1361} INFO - Starting attempt 1 of 1
[2025-07-19T14:38:01.560+0000] {taskinstance.py:1382} INFO - Executing <Task(BashOperator): send_to_kafka> on 2025-07-19 14:36:00+00:00
[2025-07-19T14:38:01.563+0000] {standard_task_runner.py:57} INFO - Started process 197 to run task
[2025-07-19T14:38:01.565+0000] {standard_task_runner.py:84} INFO - Running: ['***', 'tasks', 'run', 'restaurant_pipeline', 'send_to_kafka', 'scheduled__2025-07-19T14:36:00+00:00', '--job-id', '813', '--raw', '--subdir', 'DAGS_FOLDER/restaurant_pipeline.py', '--cfg-path', '/tmp/tmpcrzix9j9']
[2025-07-19T14:38:01.566+0000] {standard_task_runner.py:85} INFO - Job 813: Subtask send_to_kafka
[2025-07-19T14:38:01.587+0000] {task_command.py:416} INFO - Running <TaskInstance: restaurant_pipeline.send_to_kafka scheduled__2025-07-19T14:36:00+00:00 [running]> on host 28e8e04e957d
[2025-07-19T14:38:01.622+0000] {taskinstance.py:1662} INFO - Exporting env vars: AIRFLOW_CTX_DAG_OWNER='moran' AIRFLOW_CTX_DAG_ID='restaurant_pipeline' AIRFLOW_CTX_TASK_ID='send_to_kafka' AIRFLOW_CTX_EXECUTION_DATE='2025-07-19T14:36:00+00:00' AIRFLOW_CTX_TRY_NUMBER='1' AIRFLOW_CTX_DAG_RUN_ID='scheduled__2025-07-19T14:36:00+00:00'
[2025-07-19T14:38:01.623+0000] {subprocess.py:63} INFO - Tmp dir root location: /tmp
[2025-07-19T14:38:01.623+0000] {subprocess.py:75} INFO - Running command: ['/bin/bash', '-c', 'python /opt/streaming/producer.py']
[2025-07-19T14:38:01.627+0000] {subprocess.py:86} INFO - Output:
[2025-07-19T14:38:04.179+0000] {subprocess.py:93} INFO - [✓] Sent to reservations: {'reservation_id': 6142, 'branch_id': 101, 'customer_name': 'Jennifer Cross', 'phone_number': '001-951-523-9968x6636', 'reservation_date': '2025-07-19', 'reservation_time': '16:22', 'guests_count': 5, 'is_confirmed': True}
[2025-07-19T14:38:04.181+0000] {subprocess.py:93} INFO - [✓] Sent to reservations: {'reservation_id': 1476, 'branch_id': 102, 'customer_name': 'Erik Adkins', 'phone_number': '001-321-714-5168x292', 'reservation_date': '2025-07-19', 'reservation_time': '16:04', 'guests_count': 5, 'is_confirmed': False}
[2025-07-19T14:38:04.181+0000] {subprocess.py:93} INFO - [✓] Sent to reservations: {'reservation_id': 9852, 'branch_id': 102, 'customer_name': 'Darrell Hernandez', 'phone_number': '585.526.0933x8911', 'reservation_date': '2025-07-19', 'reservation_time': '14:57', 'guests_count': 3, 'is_confirmed': True}
[2025-07-19T14:38:04.182+0000] {subprocess.py:93} INFO - [✓] Sent to checkins: {'checkin_id': 8604, 'customer_name': 'David Snyder', 'phone_number': '778-717-4111', 'branch_id': 102, 'table_id': 201, 'is_prebooked': False, 'checkin_date': '2025-07-19', 'checkin_time': '12:46', 'guests_count': 6, 'shift_manager': 'Justin Cannon'}
[2025-07-19T14:38:04.182+0000] {subprocess.py:93} INFO - [✓] Sent to checkins: {'checkin_id': 4810, 'customer_name': 'Paula Mckay', 'phone_number': '001-977-832-4516x4416', 'branch_id': 101, 'table_id': 205, 'is_prebooked': False, 'checkin_date': '2025-07-19', 'checkin_time': '14:10', 'guests_count': 6, 'shift_manager': 'Mark Thompson'}
[2025-07-19T14:38:04.183+0000] {subprocess.py:93} INFO - [✓] Sent to checkins: {'checkin_id': 3626, 'customer_name': 'Jeremy Duncan', 'phone_number': '321.302.3962x078', 'branch_id': 102, 'table_id': 201, 'is_prebooked': True, 'checkin_date': '2025-07-19', 'checkin_time': '13:13', 'guests_count': 4, 'shift_manager': 'Carrie Pugh'}
[2025-07-19T14:38:04.183+0000] {subprocess.py:93} INFO - [✓] Sent to feedback: {'feedback_id': 5967, 'branch_id': 101, 'customer_name': 'Chelsea Smith', 'phone_number': '001-273-241-7774x88192', 'feedback_text': 'Home day occur just father environment sell purpose.', 'rating': 1, 'dining_date': '2025-07-19', 'dining_time': '14:16', 'submission_time': '2025-07-19T14:38:00'}
[2025-07-19T14:38:04.184+0000] {subprocess.py:93} INFO - [✓] Sent to feedback: {'feedback_id': 7434, 'branch_id': 101, 'customer_name': 'Eric Collins', 'phone_number': '415-809-2772x16841', 'feedback_text': 'Page behind energy expect easy.', 'rating': 3, 'dining_date': '2025-07-19', 'dining_time': '12:38', 'submission_time': '2025-07-19T14:38:00'}
[2025-07-19T14:38:04.184+0000] {subprocess.py:93} INFO - [✓] Sent to feedback: {'feedback_id': 3045, 'branch_id': 101, 'customer_name': 'Jose Santos', 'phone_number': '348.225.3916x67165', 'feedback_text': 'Way tend clearly source family reduce.', 'rating': 2, 'dining_date': '2025-07-19', 'dining_time': '12:58', 'submission_time': '2025-07-19T14:38:00'}
[2025-07-19T14:38:04.184+0000] {subprocess.py:93} INFO - ✅ All messages sent.
[2025-07-19T14:38:04.224+0000] {subprocess.py:97} INFO - Command exited with return code 0
[2025-07-19T14:38:04.238+0000] {taskinstance.py:1400} INFO - Marking task as SUCCESS. dag_id=restaurant_pipeline, task_id=send_to_kafka, execution_date=20250719T143600, start_date=20250719T143801, end_date=20250719T143804
[2025-07-19T14:38:04.263+0000] {local_task_job_runner.py:228} INFO - Task exited with return code 0
[2025-07-19T14:38:04.296+0000] {taskinstance.py:2778} INFO - 1 downstream tasks scheduled from follow-on schedule check
