[2025-07-18T15:36:01.384+0000] {taskinstance.py:1159} INFO - Dependencies all met for dep_context=non-requeueable deps ti=<TaskInstance: restaurant_pipeline.send_to_kafka scheduled__2025-07-18T15:34:00+00:00 [queued]>
[2025-07-18T15:36:01.388+0000] {taskinstance.py:1159} INFO - Dependencies all met for dep_context=requeueable deps ti=<TaskInstance: restaurant_pipeline.send_to_kafka scheduled__2025-07-18T15:34:00+00:00 [queued]>
[2025-07-18T15:36:01.388+0000] {taskinstance.py:1361} INFO - Starting attempt 1 of 1
[2025-07-18T15:36:01.394+0000] {taskinstance.py:1382} INFO - Executing <Task(BashOperator): send_to_kafka> on 2025-07-18 15:34:00+00:00
[2025-07-18T15:36:01.397+0000] {standard_task_runner.py:57} INFO - Started process 504 to run task
[2025-07-18T15:36:01.399+0000] {standard_task_runner.py:84} INFO - Running: ['***', 'tasks', 'run', 'restaurant_pipeline', 'send_to_kafka', 'scheduled__2025-07-18T15:34:00+00:00', '--job-id', '116', '--raw', '--subdir', 'DAGS_FOLDER/restaurant_pipeline.py', '--cfg-path', '/tmp/tmpma10cf6o']
[2025-07-18T15:36:01.400+0000] {standard_task_runner.py:85} INFO - Job 116: Subtask send_to_kafka
[2025-07-18T15:36:01.424+0000] {task_command.py:416} INFO - Running <TaskInstance: restaurant_pipeline.send_to_kafka scheduled__2025-07-18T15:34:00+00:00 [running]> on host 9bcfb43e0ab7
[2025-07-18T15:36:01.460+0000] {taskinstance.py:1662} INFO - Exporting env vars: AIRFLOW_CTX_DAG_OWNER='moran' AIRFLOW_CTX_DAG_ID='restaurant_pipeline' AIRFLOW_CTX_TASK_ID='send_to_kafka' AIRFLOW_CTX_EXECUTION_DATE='2025-07-18T15:34:00+00:00' AIRFLOW_CTX_TRY_NUMBER='1' AIRFLOW_CTX_DAG_RUN_ID='scheduled__2025-07-18T15:34:00+00:00'
[2025-07-18T15:36:01.461+0000] {subprocess.py:63} INFO - Tmp dir root location: /tmp
[2025-07-18T15:36:01.461+0000] {subprocess.py:75} INFO - Running command: ['/bin/bash', '-c', 'python /opt/streaming/producer.py']
[2025-07-18T15:36:01.466+0000] {subprocess.py:86} INFO - Output:
[2025-07-18T15:36:03.714+0000] {subprocess.py:93} INFO - [✓] Sent to reservations: {'reservation_id': 7466, 'branch_id': 102, 'customer_name': 'Mr. Nicholas Holmes', 'phone_number': '289-673-3915x7111', 'reservation_date': '2025-07-18', 'reservation_time': '15:51', 'guests_count': 3, 'is_confirmed': False}
[2025-07-18T15:36:03.716+0000] {subprocess.py:93} INFO - [✓] Sent to reservations: {'reservation_id': 6418, 'branch_id': 102, 'customer_name': 'Jessica Bennett', 'phone_number': '+1-450-729-0539x7838', 'reservation_date': '2025-07-18', 'reservation_time': '16:32', 'guests_count': 1, 'is_confirmed': True}
[2025-07-18T15:36:03.717+0000] {subprocess.py:93} INFO - [✓] Sent to reservations: {'reservation_id': 4553, 'branch_id': 102, 'customer_name': 'Erica Ford', 'phone_number': '(933)909-6813x871', 'reservation_date': '2025-07-18', 'reservation_time': '17:17', 'guests_count': 3, 'is_confirmed': True}
[2025-07-18T15:36:03.722+0000] {subprocess.py:93} INFO - [✓] Sent to checkins: {'checkin_id': 8611, 'customer_name': 'Scott Gallegos', 'phone_number': '+1-273-221-2975x5330', 'branch_id': 102, 'table_id': 210, 'is_prebooked': True, 'checkin_date': '2025-07-18', 'checkin_time': '14:49', 'guests_count': 5, 'shift_manager': 'Cassidy Keller'}
[2025-07-18T15:36:03.725+0000] {subprocess.py:93} INFO - [✓] Sent to checkins: {'checkin_id': 7445, 'customer_name': 'Brandon Andersen', 'phone_number': '(304)223-4282x362', 'branch_id': 102, 'table_id': 203, 'is_prebooked': False, 'checkin_date': '2025-07-18', 'checkin_time': '15:34', 'guests_count': 4, 'shift_manager': 'Jay Freeman'}
[2025-07-18T15:36:03.726+0000] {subprocess.py:93} INFO - [✓] Sent to checkins: {'checkin_id': 4413, 'customer_name': 'John Elliott', 'phone_number': '735-221-7250x87917', 'branch_id': 101, 'table_id': 209, 'is_prebooked': False, 'checkin_date': '2025-07-18', 'checkin_time': '15:04', 'guests_count': 5, 'shift_manager': 'Michael Cardenas'}
[2025-07-18T15:36:03.726+0000] {subprocess.py:93} INFO - [✓] Sent to feedback: {'feedback_id': 2384, 'branch_id': 102, 'customer_name': 'Valerie Jackson', 'phone_number': '450.704.5751', 'feedback_text': 'Tough example win similar project.', 'rating': 5, 'dining_date': '2025-07-18', 'dining_time': '14:56', 'submission_time': '2025-07-18T15:36:00'}
[2025-07-18T15:36:03.728+0000] {subprocess.py:93} INFO - [✓] Sent to feedback: {'feedback_id': 9980, 'branch_id': 102, 'customer_name': 'Leah Hicks', 'phone_number': '(224)303-0085', 'feedback_text': 'Language black set treatment left mother.', 'rating': 3, 'dining_date': '2025-07-18', 'dining_time': '14:54', 'submission_time': '2025-07-18T15:36:00'}
[2025-07-18T15:36:03.729+0000] {subprocess.py:93} INFO - [✓] Sent to feedback: {'feedback_id': 9655, 'branch_id': 101, 'customer_name': 'Vicki Wilson', 'phone_number': '001-954-957-0642x545', 'feedback_text': 'Thousand debate current safe question improve.', 'rating': 4, 'dining_date': '2025-07-18', 'dining_time': '15:10', 'submission_time': '2025-07-18T15:36:00'}
[2025-07-18T15:36:03.730+0000] {subprocess.py:93} INFO - ✅ All messages sent.
[2025-07-18T15:36:03.798+0000] {subprocess.py:97} INFO - Command exited with return code 0
[2025-07-18T15:36:03.854+0000] {taskinstance.py:1400} INFO - Marking task as SUCCESS. dag_id=restaurant_pipeline, task_id=send_to_kafka, execution_date=20250718T153400, start_date=20250718T153601, end_date=20250718T153603
[2025-07-18T15:36:03.920+0000] {local_task_job_runner.py:228} INFO - Task exited with return code 0
[2025-07-18T15:36:03.980+0000] {taskinstance.py:2778} INFO - 1 downstream tasks scheduled from follow-on schedule check
