[2025-07-18T16:46:01.831+0000] {taskinstance.py:1159} INFO - Dependencies all met for dep_context=non-requeueable deps ti=<TaskInstance: restaurant_pipeline.send_to_kafka scheduled__2025-07-18T16:44:00+00:00 [queued]>
[2025-07-18T16:46:01.837+0000] {taskinstance.py:1159} INFO - Dependencies all met for dep_context=requeueable deps ti=<TaskInstance: restaurant_pipeline.send_to_kafka scheduled__2025-07-18T16:44:00+00:00 [queued]>
[2025-07-18T16:46:01.838+0000] {taskinstance.py:1361} INFO - Starting attempt 1 of 1
[2025-07-18T16:46:01.843+0000] {taskinstance.py:1382} INFO - Executing <Task(BashOperator): send_to_kafka> on 2025-07-18 16:44:00+00:00
[2025-07-18T16:46:01.846+0000] {standard_task_runner.py:57} INFO - Started process 1848 to run task
[2025-07-18T16:46:01.848+0000] {standard_task_runner.py:84} INFO - Running: ['***', 'tasks', 'run', 'restaurant_pipeline', 'send_to_kafka', 'scheduled__2025-07-18T16:44:00+00:00', '--job-id', '233', '--raw', '--subdir', 'DAGS_FOLDER/restaurant_pipeline.py', '--cfg-path', '/tmp/tmptjr0fq6o']
[2025-07-18T16:46:01.850+0000] {standard_task_runner.py:85} INFO - Job 233: Subtask send_to_kafka
[2025-07-18T16:46:01.876+0000] {task_command.py:416} INFO - Running <TaskInstance: restaurant_pipeline.send_to_kafka scheduled__2025-07-18T16:44:00+00:00 [running]> on host 9bcfb43e0ab7
[2025-07-18T16:46:01.919+0000] {taskinstance.py:1662} INFO - Exporting env vars: AIRFLOW_CTX_DAG_OWNER='moran' AIRFLOW_CTX_DAG_ID='restaurant_pipeline' AIRFLOW_CTX_TASK_ID='send_to_kafka' AIRFLOW_CTX_EXECUTION_DATE='2025-07-18T16:44:00+00:00' AIRFLOW_CTX_TRY_NUMBER='1' AIRFLOW_CTX_DAG_RUN_ID='scheduled__2025-07-18T16:44:00+00:00'
[2025-07-18T16:46:01.919+0000] {subprocess.py:63} INFO - Tmp dir root location: /tmp
[2025-07-18T16:46:01.920+0000] {subprocess.py:75} INFO - Running command: ['/bin/bash', '-c', 'python /opt/streaming/producer.py']
[2025-07-18T16:46:01.926+0000] {subprocess.py:86} INFO - Output:
[2025-07-18T16:46:04.212+0000] {subprocess.py:93} INFO - [✓] Sent to reservations: {'reservation_id': 1430, 'branch_id': 102, 'customer_name': 'Wayne Adams', 'phone_number': '(956)861-9576x73552', 'reservation_date': '2025-07-18', 'reservation_time': '17:42', 'guests_count': 5, 'is_confirmed': False}
[2025-07-18T16:46:04.217+0000] {subprocess.py:93} INFO - [✓] Sent to reservations: {'reservation_id': 4938, 'branch_id': 101, 'customer_name': 'Lorraine Fuller', 'phone_number': '823.656.7765x77228', 'reservation_date': '2025-07-18', 'reservation_time': '17:04', 'guests_count': 7, 'is_confirmed': True}
[2025-07-18T16:46:04.217+0000] {subprocess.py:93} INFO - [✓] Sent to reservations: {'reservation_id': 7994, 'branch_id': 102, 'customer_name': 'Christy Harding', 'phone_number': '(380)274-9249x8194', 'reservation_date': '2025-07-18', 'reservation_time': '18:29', 'guests_count': 2, 'is_confirmed': False}
[2025-07-18T16:46:04.218+0000] {subprocess.py:93} INFO - [✓] Sent to checkins: {'checkin_id': 4447, 'customer_name': 'Stacy Russell', 'phone_number': '(770)835-2067', 'branch_id': 102, 'table_id': 202, 'is_prebooked': True, 'checkin_date': '2025-07-18', 'checkin_time': '16:18', 'guests_count': 5, 'shift_manager': 'Sarah Cobb'}
[2025-07-18T16:46:04.218+0000] {subprocess.py:93} INFO - [✓] Sent to checkins: {'checkin_id': 4917, 'customer_name': 'Ronald Jenkins', 'phone_number': '719-311-1596', 'branch_id': 102, 'table_id': 204, 'is_prebooked': True, 'checkin_date': '2025-07-18', 'checkin_time': '15:27', 'guests_count': 6, 'shift_manager': 'Manuel Williams'}
[2025-07-18T16:46:04.218+0000] {subprocess.py:93} INFO - [✓] Sent to checkins: {'checkin_id': 6413, 'customer_name': 'Dr. Amanda Hinton', 'phone_number': '001-396-312-1327x557', 'branch_id': 101, 'table_id': 210, 'is_prebooked': False, 'checkin_date': '2025-07-18', 'checkin_time': '15:36', 'guests_count': 1, 'shift_manager': 'Kyle Smith'}
[2025-07-18T16:46:04.221+0000] {subprocess.py:93} INFO - [✓] Sent to feedback: {'feedback_id': 9534, 'branch_id': 101, 'customer_name': 'Raymond Lee', 'phone_number': '787.458.9296', 'feedback_text': 'Accept science half would hospital.', 'rating': 5, 'dining_date': '2025-07-18', 'dining_time': '15:21', 'submission_time': '2025-07-18T16:46:01'}
[2025-07-18T16:46:04.223+0000] {subprocess.py:93} INFO - [✓] Sent to feedback: {'feedback_id': 8560, 'branch_id': 102, 'customer_name': 'Kelly Ruiz', 'phone_number': '+1-510-685-3654', 'feedback_text': 'Situation there industry at newspaper view color.', 'rating': 4, 'dining_date': '2025-07-18', 'dining_time': '16:23', 'submission_time': '2025-07-18T16:46:01'}
[2025-07-18T16:46:04.223+0000] {subprocess.py:93} INFO - [✓] Sent to feedback: {'feedback_id': 5089, 'branch_id': 101, 'customer_name': 'Brian Flores', 'phone_number': '277-752-0802x384', 'feedback_text': 'Stuff treatment dark month.', 'rating': 3, 'dining_date': '2025-07-18', 'dining_time': '15:52', 'submission_time': '2025-07-18T16:46:01'}
[2025-07-18T16:46:04.225+0000] {subprocess.py:93} INFO - ✅ All messages sent.
[2025-07-18T16:46:04.281+0000] {subprocess.py:97} INFO - Command exited with return code 0
[2025-07-18T16:46:04.332+0000] {taskinstance.py:1400} INFO - Marking task as SUCCESS. dag_id=restaurant_pipeline, task_id=send_to_kafka, execution_date=20250718T164400, start_date=20250718T164601, end_date=20250718T164604
[2025-07-18T16:46:04.404+0000] {local_task_job_runner.py:228} INFO - Task exited with return code 0
[2025-07-18T16:46:04.475+0000] {taskinstance.py:2778} INFO - 1 downstream tasks scheduled from follow-on schedule check
