[2025-07-19T18:58:55.791+0000] {taskinstance.py:1159} INFO - Dependencies all met for dep_context=non-requeueable deps ti=<TaskInstance: restaurant_pipeline.send_to_kafka scheduled__2025-07-19T18:56:00+00:00 [queued]>
[2025-07-19T18:58:55.796+0000] {taskinstance.py:1159} INFO - Dependencies all met for dep_context=requeueable deps ti=<TaskInstance: restaurant_pipeline.send_to_kafka scheduled__2025-07-19T18:56:00+00:00 [queued]>
[2025-07-19T18:58:55.796+0000] {taskinstance.py:1361} INFO - Starting attempt 1 of 1
[2025-07-19T18:58:55.803+0000] {taskinstance.py:1382} INFO - Executing <Task(BashOperator): send_to_kafka> on 2025-07-19 18:56:00+00:00
[2025-07-19T18:58:55.805+0000] {standard_task_runner.py:57} INFO - Started process 1684 to run task
[2025-07-19T18:58:55.807+0000] {standard_task_runner.py:84} INFO - Running: ['***', 'tasks', 'run', 'restaurant_pipeline', 'send_to_kafka', 'scheduled__2025-07-19T18:56:00+00:00', '--job-id', '1053', '--raw', '--subdir', 'DAGS_FOLDER/restaurant_pipeline.py', '--cfg-path', '/tmp/tmpxch4ifhi']
[2025-07-19T18:58:55.809+0000] {standard_task_runner.py:85} INFO - Job 1053: Subtask send_to_kafka
[2025-07-19T18:58:55.836+0000] {task_command.py:416} INFO - Running <TaskInstance: restaurant_pipeline.send_to_kafka scheduled__2025-07-19T18:56:00+00:00 [running]> on host e3f5d8fc4eef
[2025-07-19T18:58:55.877+0000] {taskinstance.py:1662} INFO - Exporting env vars: AIRFLOW_CTX_DAG_OWNER='moran' AIRFLOW_CTX_DAG_ID='restaurant_pipeline' AIRFLOW_CTX_TASK_ID='send_to_kafka' AIRFLOW_CTX_EXECUTION_DATE='2025-07-19T18:56:00+00:00' AIRFLOW_CTX_TRY_NUMBER='1' AIRFLOW_CTX_DAG_RUN_ID='scheduled__2025-07-19T18:56:00+00:00'
[2025-07-19T18:58:55.878+0000] {subprocess.py:63} INFO - Tmp dir root location: /tmp
[2025-07-19T18:58:55.878+0000] {subprocess.py:75} INFO - Running command: ['/bin/bash', '-c', 'python /opt/streaming/producer.py']
[2025-07-19T18:58:55.883+0000] {subprocess.py:86} INFO - Output:
[2025-07-19T18:58:58.137+0000] {subprocess.py:93} INFO - [✓] Sent to reservations: {'reservation_id': 1649, 'branch_id': 102, 'customer_name': 'Anna Parrish', 'phone_number': '(649)462-0848', 'reservation_date': '2025-07-19', 'reservation_time': '20:25', 'guests_count': 6, 'is_confirmed': True}
[2025-07-19T18:58:58.140+0000] {subprocess.py:93} INFO - [✓] Sent to reservations: {'reservation_id': 6205, 'branch_id': 101, 'customer_name': 'Lori Mcdonald', 'phone_number': '967-740-4286x97284', 'reservation_date': '2025-07-19', 'reservation_time': '20:19', 'guests_count': 5, 'is_confirmed': True}
[2025-07-19T18:58:58.141+0000] {subprocess.py:93} INFO - [✓] Sent to reservations: {'reservation_id': 3913, 'branch_id': 101, 'customer_name': 'John Abbott', 'phone_number': '985.829.7635x479', 'reservation_date': '2025-07-19', 'reservation_time': '19:48', 'guests_count': 8, 'is_confirmed': True}
[2025-07-19T18:58:58.143+0000] {subprocess.py:93} INFO - [✓] Sent to checkins: {'checkin_id': 1194, 'customer_name': 'Russell Thornton', 'phone_number': '001-664-627-1102x600', 'branch_id': 102, 'table_id': 202, 'is_prebooked': True, 'checkin_date': '2025-07-19', 'checkin_time': '18:42', 'guests_count': 5, 'shift_manager': 'Maria Dorsey'}
[2025-07-19T18:58:58.145+0000] {subprocess.py:93} INFO - [✓] Sent to checkins: {'checkin_id': 5430, 'customer_name': 'Veronica Brown', 'phone_number': '(656)393-9705', 'branch_id': 101, 'table_id': 206, 'is_prebooked': True, 'checkin_date': '2025-07-19', 'checkin_time': '18:17', 'guests_count': 4, 'shift_manager': 'Timothy Schmidt'}
[2025-07-19T18:58:58.148+0000] {subprocess.py:93} INFO - [✓] Sent to checkins: {'checkin_id': 5982, 'customer_name': 'Mrs. Jessica Thomas DDS', 'phone_number': '(633)226-9476x518', 'branch_id': 101, 'table_id': 210, 'is_prebooked': False, 'checkin_date': '2025-07-19', 'checkin_time': '16:59', 'guests_count': 6, 'shift_manager': 'Mason Snyder'}
[2025-07-19T18:58:58.151+0000] {subprocess.py:93} INFO - [✓] Sent to feedback: {'feedback_id': 4562, 'branch_id': 102, 'customer_name': 'Tyler Green', 'phone_number': '750.878.6315x108', 'feedback_text': 'During really drug international seem sell fast.', 'rating': 5, 'dining_date': '2025-07-19', 'dining_time': '18:24', 'submission_time': '2025-07-19T18:58:55'}
[2025-07-19T18:58:58.152+0000] {subprocess.py:93} INFO - [✓] Sent to feedback: {'feedback_id': 8702, 'branch_id': 102, 'customer_name': 'Jack Martinez', 'phone_number': '289.781.2027x1050', 'feedback_text': 'Choose modern any summer sure.', 'rating': 3, 'dining_date': '2025-07-19', 'dining_time': '18:21', 'submission_time': '2025-07-19T18:58:55'}
[2025-07-19T18:58:58.153+0000] {subprocess.py:93} INFO - [✓] Sent to feedback: {'feedback_id': 7060, 'branch_id': 101, 'customer_name': 'Michael Allen', 'phone_number': '+1-833-562-2356x0877', 'feedback_text': 'Property hotel a raise.', 'rating': 5, 'dining_date': '2025-07-19', 'dining_time': '17:09', 'submission_time': '2025-07-19T18:58:55'}
[2025-07-19T18:58:58.155+0000] {subprocess.py:93} INFO - ✅ All messages sent.
[2025-07-19T18:58:58.188+0000] {subprocess.py:97} INFO - Command exited with return code 0
[2025-07-19T18:58:58.206+0000] {taskinstance.py:1400} INFO - Marking task as SUCCESS. dag_id=restaurant_pipeline, task_id=send_to_kafka, execution_date=20250719T185600, start_date=20250719T185855, end_date=20250719T185858
[2025-07-19T18:58:58.222+0000] {local_task_job_runner.py:228} INFO - Task exited with return code 0
[2025-07-19T18:58:58.248+0000] {taskinstance.py:2778} INFO - 1 downstream tasks scheduled from follow-on schedule check
