[2025-07-19T19:54:00.488+0000] {taskinstance.py:1159} INFO - Dependencies all met for dep_context=non-requeueable deps ti=<TaskInstance: restaurant_pipeline.send_to_kafka scheduled__2025-07-19T19:50:00+00:00 [queued]>
[2025-07-19T19:54:00.492+0000] {taskinstance.py:1159} INFO - Dependencies all met for dep_context=requeueable deps ti=<TaskInstance: restaurant_pipeline.send_to_kafka scheduled__2025-07-19T19:50:00+00:00 [queued]>
[2025-07-19T19:54:00.492+0000] {taskinstance.py:1361} INFO - Starting attempt 1 of 1
[2025-07-19T19:54:00.497+0000] {taskinstance.py:1382} INFO - Executing <Task(BashOperator): send_to_kafka> on 2025-07-19 19:50:00+00:00
[2025-07-19T19:54:00.499+0000] {standard_task_runner.py:57} INFO - Started process 2813 to run task
[2025-07-19T19:54:00.501+0000] {standard_task_runner.py:84} INFO - Running: ['***', 'tasks', 'run', 'restaurant_pipeline', 'send_to_kafka', 'scheduled__2025-07-19T19:50:00+00:00', '--job-id', '1142', '--raw', '--subdir', 'DAGS_FOLDER/restaurant_pipeline.py', '--cfg-path', '/tmp/tmpf58059ij']
[2025-07-19T19:54:00.503+0000] {standard_task_runner.py:85} INFO - Job 1142: Subtask send_to_kafka
[2025-07-19T19:54:00.526+0000] {task_command.py:416} INFO - Running <TaskInstance: restaurant_pipeline.send_to_kafka scheduled__2025-07-19T19:50:00+00:00 [running]> on host e3f5d8fc4eef
[2025-07-19T19:54:00.564+0000] {taskinstance.py:1662} INFO - Exporting env vars: AIRFLOW_CTX_DAG_OWNER='moran' AIRFLOW_CTX_DAG_ID='restaurant_pipeline' AIRFLOW_CTX_TASK_ID='send_to_kafka' AIRFLOW_CTX_EXECUTION_DATE='2025-07-19T19:50:00+00:00' AIRFLOW_CTX_TRY_NUMBER='1' AIRFLOW_CTX_DAG_RUN_ID='scheduled__2025-07-19T19:50:00+00:00'
[2025-07-19T19:54:00.565+0000] {subprocess.py:63} INFO - Tmp dir root location: /tmp
[2025-07-19T19:54:00.565+0000] {subprocess.py:75} INFO - Running command: ['/bin/bash', '-c', 'python /opt/streaming/producer.py']
[2025-07-19T19:54:00.569+0000] {subprocess.py:86} INFO - Output:
[2025-07-19T19:54:02.925+0000] {subprocess.py:93} INFO - [✓] Sent to reservations: {'reservation_id': 5298, 'branch_id': 101, 'customer_name': 'Brittany Navarro', 'phone_number': '(611)916-7446x1974', 'reservation_date': '2025-07-19', 'reservation_time': '21:18', 'guests_count': 4, 'is_confirmed': True}
[2025-07-19T19:54:02.927+0000] {subprocess.py:93} INFO - [✓] Sent to reservations: {'reservation_id': 6320, 'branch_id': 102, 'customer_name': 'Michael Smith', 'phone_number': '478-319-8575', 'reservation_date': '2025-07-19', 'reservation_time': '20:51', 'guests_count': 2, 'is_confirmed': True}
[2025-07-19T19:54:02.928+0000] {subprocess.py:93} INFO - [✓] Sent to reservations: {'reservation_id': 5682, 'branch_id': 101, 'customer_name': 'Amber Martin', 'phone_number': '240.917.8004x9913', 'reservation_date': '2025-07-19', 'reservation_time': '21:51', 'guests_count': 1, 'is_confirmed': False}
[2025-07-19T19:54:02.929+0000] {subprocess.py:93} INFO - [✓] Sent to checkins: {'checkin_id': 7530, 'customer_name': 'Mark Bond', 'phone_number': '358-217-1348x324', 'branch_id': 101, 'table_id': 208, 'is_prebooked': True, 'checkin_date': '2025-07-19', 'checkin_time': '19:06', 'guests_count': 6, 'shift_manager': 'Joe Gibbs'}
[2025-07-19T19:54:02.929+0000] {subprocess.py:93} INFO - [✓] Sent to checkins: {'checkin_id': 2032, 'customer_name': 'Jason Blair', 'phone_number': '710.201.3616x95853', 'branch_id': 102, 'table_id': 208, 'is_prebooked': True, 'checkin_date': '2025-07-19', 'checkin_time': '19:06', 'guests_count': 6, 'shift_manager': 'Jennifer Harding'}
[2025-07-19T19:54:02.929+0000] {subprocess.py:93} INFO - [✓] Sent to checkins: {'checkin_id': 3170, 'customer_name': 'Leroy Vincent', 'phone_number': '001-462-927-3507x286', 'branch_id': 102, 'table_id': 205, 'is_prebooked': True, 'checkin_date': '2025-07-19', 'checkin_time': '19:15', 'guests_count': 1, 'shift_manager': 'Angela Gonzales'}
[2025-07-19T19:54:02.930+0000] {subprocess.py:93} INFO - [✓] Sent to feedback: {'feedback_id': 5604, 'branch_id': 102, 'customer_name': 'Nicole Carrillo', 'phone_number': '441.486.4027x070', 'feedback_text': 'Action institution assume catch each worry three.', 'rating': 1, 'dining_date': '2025-07-19', 'dining_time': '19:41', 'submission_time': '2025-07-19T19:53:59'}
[2025-07-19T19:54:02.930+0000] {subprocess.py:93} INFO - [✓] Sent to feedback: {'feedback_id': 6260, 'branch_id': 102, 'customer_name': 'Robert Webb', 'phone_number': '(805)623-7577x61083', 'feedback_text': 'Ball end town billion participant detail region her.', 'rating': 3, 'dining_date': '2025-07-19', 'dining_time': '18:59', 'submission_time': '2025-07-19T19:53:59'}
[2025-07-19T19:54:02.931+0000] {subprocess.py:93} INFO - [✓] Sent to feedback: {'feedback_id': 2663, 'branch_id': 102, 'customer_name': 'Linda Anderson', 'phone_number': '001-586-539-6467x3094', 'feedback_text': 'Change home sport data smile central single.', 'rating': 5, 'dining_date': '2025-07-19', 'dining_time': '19:10', 'submission_time': '2025-07-19T19:53:59'}
[2025-07-19T19:54:02.931+0000] {subprocess.py:93} INFO - ✅ All messages sent.
[2025-07-19T19:54:02.976+0000] {subprocess.py:97} INFO - Command exited with return code 0
[2025-07-19T19:54:02.995+0000] {taskinstance.py:1400} INFO - Marking task as SUCCESS. dag_id=restaurant_pipeline, task_id=send_to_kafka, execution_date=20250719T195000, start_date=20250719T195400, end_date=20250719T195402
[2025-07-19T19:54:03.034+0000] {local_task_job_runner.py:228} INFO - Task exited with return code 0
[2025-07-19T19:54:03.063+0000] {taskinstance.py:2778} INFO - 1 downstream tasks scheduled from follow-on schedule check
