[2025-07-18T16:12:01.067+0000] {taskinstance.py:1159} INFO - Dependencies all met for dep_context=non-requeueable deps ti=<TaskInstance: restaurant_pipeline.send_to_kafka scheduled__2025-07-18T16:10:00+00:00 [queued]>
[2025-07-18T16:12:01.072+0000] {taskinstance.py:1159} INFO - Dependencies all met for dep_context=requeueable deps ti=<TaskInstance: restaurant_pipeline.send_to_kafka scheduled__2025-07-18T16:10:00+00:00 [queued]>
[2025-07-18T16:12:01.072+0000] {taskinstance.py:1361} INFO - Starting attempt 1 of 1
[2025-07-18T16:12:01.078+0000] {taskinstance.py:1382} INFO - Executing <Task(BashOperator): send_to_kafka> on 2025-07-18 16:10:00+00:00
[2025-07-18T16:12:01.082+0000] {standard_task_runner.py:57} INFO - Started process 1182 to run task
[2025-07-18T16:12:01.084+0000] {standard_task_runner.py:84} INFO - Running: ['***', 'tasks', 'run', 'restaurant_pipeline', 'send_to_kafka', 'scheduled__2025-07-18T16:10:00+00:00', '--job-id', '173', '--raw', '--subdir', 'DAGS_FOLDER/restaurant_pipeline.py', '--cfg-path', '/tmp/tmp_yoths09']
[2025-07-18T16:12:01.086+0000] {standard_task_runner.py:85} INFO - Job 173: Subtask send_to_kafka
[2025-07-18T16:12:01.111+0000] {task_command.py:416} INFO - Running <TaskInstance: restaurant_pipeline.send_to_kafka scheduled__2025-07-18T16:10:00+00:00 [running]> on host 9bcfb43e0ab7
[2025-07-18T16:12:01.150+0000] {taskinstance.py:1662} INFO - Exporting env vars: AIRFLOW_CTX_DAG_OWNER='moran' AIRFLOW_CTX_DAG_ID='restaurant_pipeline' AIRFLOW_CTX_TASK_ID='send_to_kafka' AIRFLOW_CTX_EXECUTION_DATE='2025-07-18T16:10:00+00:00' AIRFLOW_CTX_TRY_NUMBER='1' AIRFLOW_CTX_DAG_RUN_ID='scheduled__2025-07-18T16:10:00+00:00'
[2025-07-18T16:12:01.151+0000] {subprocess.py:63} INFO - Tmp dir root location: /tmp
[2025-07-18T16:12:01.151+0000] {subprocess.py:75} INFO - Running command: ['/bin/bash', '-c', 'python /opt/streaming/producer.py']
[2025-07-18T16:12:01.156+0000] {subprocess.py:86} INFO - Output:
[2025-07-18T16:12:03.420+0000] {subprocess.py:93} INFO - [✓] Sent to reservations: {'reservation_id': 2761, 'branch_id': 101, 'customer_name': 'Jacob Miller', 'phone_number': '755.508.4288x896', 'reservation_date': '2025-07-18', 'reservation_time': '17:37', 'guests_count': 1, 'is_confirmed': True}
[2025-07-18T16:12:03.421+0000] {subprocess.py:93} INFO - [✓] Sent to reservations: {'reservation_id': 7446, 'branch_id': 101, 'customer_name': 'Tanya Davis', 'phone_number': '914.990.9027x36443', 'reservation_date': '2025-07-18', 'reservation_time': '16:30', 'guests_count': 8, 'is_confirmed': False}
[2025-07-18T16:12:03.422+0000] {subprocess.py:93} INFO - [✓] Sent to reservations: {'reservation_id': 3094, 'branch_id': 101, 'customer_name': 'Cynthia Steele', 'phone_number': '+1-974-782-1576x5456', 'reservation_date': '2025-07-18', 'reservation_time': '17:51', 'guests_count': 5, 'is_confirmed': True}
[2025-07-18T16:12:03.422+0000] {subprocess.py:93} INFO - [✓] Sent to checkins: {'checkin_id': 7743, 'customer_name': 'Donna Griffin', 'phone_number': '+1-754-414-6450', 'branch_id': 101, 'table_id': 209, 'is_prebooked': True, 'checkin_date': '2025-07-18', 'checkin_time': '15:34', 'guests_count': 2, 'shift_manager': 'Cynthia Williams'}
[2025-07-18T16:12:03.422+0000] {subprocess.py:93} INFO - [✓] Sent to checkins: {'checkin_id': 7536, 'customer_name': 'Lance Lawson', 'phone_number': '428-426-7480x22254', 'branch_id': 101, 'table_id': 209, 'is_prebooked': True, 'checkin_date': '2025-07-18', 'checkin_time': '15:47', 'guests_count': 6, 'shift_manager': 'Sarah Rivers'}
[2025-07-18T16:12:03.422+0000] {subprocess.py:93} INFO - [✓] Sent to checkins: {'checkin_id': 8659, 'customer_name': 'Stephen Bean', 'phone_number': '(816)706-1430x38838', 'branch_id': 101, 'table_id': 201, 'is_prebooked': False, 'checkin_date': '2025-07-18', 'checkin_time': '15:17', 'guests_count': 5, 'shift_manager': 'Nathan Gibson'}
[2025-07-18T16:12:03.422+0000] {subprocess.py:93} INFO - [✓] Sent to feedback: {'feedback_id': 4796, 'branch_id': 102, 'customer_name': 'Jose Davis', 'phone_number': '670.522.3375x8547', 'feedback_text': 'Central ten activity Congress bad idea your.', 'rating': 5, 'dining_date': '2025-07-18', 'dining_time': '15:34', 'submission_time': '2025-07-18T16:12:00'}
[2025-07-18T16:12:03.423+0000] {subprocess.py:93} INFO - [✓] Sent to feedback: {'feedback_id': 1708, 'branch_id': 101, 'customer_name': 'Michael Simon', 'phone_number': '001-527-582-6390x384', 'feedback_text': 'Child walk natural drive.', 'rating': 3, 'dining_date': '2025-07-18', 'dining_time': '16:08', 'submission_time': '2025-07-18T16:12:00'}
[2025-07-18T16:12:03.423+0000] {subprocess.py:93} INFO - [✓] Sent to feedback: {'feedback_id': 7335, 'branch_id': 102, 'customer_name': 'Daniel Mckinney', 'phone_number': '001-783-498-2023x17123', 'feedback_text': 'Others cell collection gas kid case war return.', 'rating': 5, 'dining_date': '2025-07-18', 'dining_time': '14:14', 'submission_time': '2025-07-18T16:12:00'}
[2025-07-18T16:12:03.423+0000] {subprocess.py:93} INFO - ✅ All messages sent.
[2025-07-18T16:12:03.478+0000] {subprocess.py:97} INFO - Command exited with return code 0
[2025-07-18T16:12:03.513+0000] {taskinstance.py:1400} INFO - Marking task as SUCCESS. dag_id=restaurant_pipeline, task_id=send_to_kafka, execution_date=20250718T161000, start_date=20250718T161201, end_date=20250718T161203
[2025-07-18T16:12:03.567+0000] {local_task_job_runner.py:228} INFO - Task exited with return code 0
[2025-07-18T16:12:03.595+0000] {taskinstance.py:2778} INFO - 1 downstream tasks scheduled from follow-on schedule check
