[2025-07-18T20:25:55.911+0000] {taskinstance.py:1159} INFO - Dependencies all met for dep_context=non-requeueable deps ti=<TaskInstance: restaurant_pipeline.send_to_kafka scheduled__2025-07-18T20:22:00+00:00 [queued]>
[2025-07-18T20:25:55.917+0000] {taskinstance.py:1159} INFO - Dependencies all met for dep_context=requeueable deps ti=<TaskInstance: restaurant_pipeline.send_to_kafka scheduled__2025-07-18T20:22:00+00:00 [queued]>
[2025-07-18T20:25:55.918+0000] {taskinstance.py:1361} INFO - Starting attempt 1 of 1
[2025-07-18T20:25:55.925+0000] {taskinstance.py:1382} INFO - Executing <Task(BashOperator): send_to_kafka> on 2025-07-18 20:22:00+00:00
[2025-07-18T20:25:55.928+0000] {standard_task_runner.py:57} INFO - Started process 6089 to run task
[2025-07-18T20:25:55.930+0000] {standard_task_runner.py:84} INFO - Running: ['***', 'tasks', 'run', 'restaurant_pipeline', 'send_to_kafka', 'scheduled__2025-07-18T20:22:00+00:00', '--job-id', '617', '--raw', '--subdir', 'DAGS_FOLDER/restaurant_pipeline.py', '--cfg-path', '/tmp/tmphug416h6']
[2025-07-18T20:25:55.932+0000] {standard_task_runner.py:85} INFO - Job 617: Subtask send_to_kafka
[2025-07-18T20:25:55.986+0000] {task_command.py:416} INFO - Running <TaskInstance: restaurant_pipeline.send_to_kafka scheduled__2025-07-18T20:22:00+00:00 [running]> on host 9bcfb43e0ab7
[2025-07-18T20:25:56.070+0000] {taskinstance.py:1662} INFO - Exporting env vars: AIRFLOW_CTX_DAG_OWNER='moran' AIRFLOW_CTX_DAG_ID='restaurant_pipeline' AIRFLOW_CTX_TASK_ID='send_to_kafka' AIRFLOW_CTX_EXECUTION_DATE='2025-07-18T20:22:00+00:00' AIRFLOW_CTX_TRY_NUMBER='1' AIRFLOW_CTX_DAG_RUN_ID='scheduled__2025-07-18T20:22:00+00:00'
[2025-07-18T20:25:56.071+0000] {subprocess.py:63} INFO - Tmp dir root location: /tmp
[2025-07-18T20:25:56.071+0000] {subprocess.py:75} INFO - Running command: ['/bin/bash', '-c', 'python /opt/streaming/producer.py']
[2025-07-18T20:25:56.077+0000] {subprocess.py:86} INFO - Output:
[2025-07-18T20:25:58.380+0000] {subprocess.py:93} INFO - [✓] Sent to reservations: {'reservation_id': 3068, 'branch_id': 102, 'customer_name': 'Audrey Edwards', 'phone_number': '471-625-9164x6000', 'reservation_date': '2025-07-18', 'reservation_time': '20:45', 'guests_count': 8, 'is_confirmed': True}
[2025-07-18T20:25:58.387+0000] {subprocess.py:93} INFO - [✓] Sent to reservations: {'reservation_id': 4146, 'branch_id': 102, 'customer_name': 'Isaiah Luna', 'phone_number': '001-501-296-5735x27204', 'reservation_date': '2025-07-18', 'reservation_time': '20:46', 'guests_count': 7, 'is_confirmed': False}
[2025-07-18T20:25:58.391+0000] {subprocess.py:93} INFO - [✓] Sent to reservations: {'reservation_id': 4291, 'branch_id': 102, 'customer_name': 'Charlene Cruz', 'phone_number': '+1-299-937-7373x37638', 'reservation_date': '2025-07-18', 'reservation_time': '21:47', 'guests_count': 6, 'is_confirmed': True}
[2025-07-18T20:25:58.391+0000] {subprocess.py:93} INFO - [✓] Sent to checkins: {'checkin_id': 9583, 'customer_name': 'Alice Mason', 'phone_number': '3698437006', 'branch_id': 102, 'table_id': 208, 'is_prebooked': True, 'checkin_date': '2025-07-18', 'checkin_time': '20:17', 'guests_count': 1, 'shift_manager': 'Cindy Santos'}
[2025-07-18T20:25:58.391+0000] {subprocess.py:93} INFO - [✓] Sent to checkins: {'checkin_id': 5999, 'customer_name': 'Alexander Schmidt', 'phone_number': '8595377426', 'branch_id': 102, 'table_id': 200, 'is_prebooked': True, 'checkin_date': '2025-07-18', 'checkin_time': '19:10', 'guests_count': 6, 'shift_manager': 'Mr. Timothy Cox MD'}
[2025-07-18T20:25:58.391+0000] {subprocess.py:93} INFO - [✓] Sent to checkins: {'checkin_id': 4901, 'customer_name': 'Christina King', 'phone_number': '001-375-708-7667', 'branch_id': 101, 'table_id': 206, 'is_prebooked': True, 'checkin_date': '2025-07-18', 'checkin_time': '20:22', 'guests_count': 4, 'shift_manager': 'Rachel Smith'}
[2025-07-18T20:25:58.392+0000] {subprocess.py:93} INFO - [✓] Sent to feedback: {'feedback_id': 5246, 'branch_id': 101, 'customer_name': 'Steven Phillips', 'phone_number': '841.485.0640', 'feedback_text': 'Leave south anything sign why unit pattern.', 'rating': 5, 'dining_date': '2025-07-18', 'dining_time': '20:08', 'submission_time': '2025-07-18T20:25:54'}
[2025-07-18T20:25:58.392+0000] {subprocess.py:93} INFO - [✓] Sent to feedback: {'feedback_id': 3682, 'branch_id': 102, 'customer_name': 'Brandy Mosley', 'phone_number': '534-808-1542x1864', 'feedback_text': 'Any wait service business.', 'rating': 1, 'dining_date': '2025-07-18', 'dining_time': '18:46', 'submission_time': '2025-07-18T20:25:54'}
[2025-07-18T20:25:58.392+0000] {subprocess.py:93} INFO - [✓] Sent to feedback: {'feedback_id': 6543, 'branch_id': 102, 'customer_name': 'Susan Harris', 'phone_number': '8557096758', 'feedback_text': 'Better through organization.', 'rating': 2, 'dining_date': '2025-07-18', 'dining_time': '19:57', 'submission_time': '2025-07-18T20:25:54'}
[2025-07-18T20:25:58.392+0000] {subprocess.py:93} INFO - ✅ All messages sent.
[2025-07-18T20:25:58.423+0000] {subprocess.py:97} INFO - Command exited with return code 0
[2025-07-18T20:25:58.437+0000] {taskinstance.py:1400} INFO - Marking task as SUCCESS. dag_id=restaurant_pipeline, task_id=send_to_kafka, execution_date=20250718T202200, start_date=20250718T202555, end_date=20250718T202558
[2025-07-18T20:25:58.485+0000] {local_task_job_runner.py:228} INFO - Task exited with return code 0
[2025-07-18T20:25:58.514+0000] {taskinstance.py:2778} INFO - 1 downstream tasks scheduled from follow-on schedule check
