[2025-07-19T18:41:00.074+0000] {taskinstance.py:1159} INFO - Dependencies all met for dep_context=non-requeueable deps ti=<TaskInstance: restaurant_pipeline.send_to_kafka scheduled__2025-07-19T18:38:00+00:00 [queued]>
[2025-07-19T18:41:00.078+0000] {taskinstance.py:1159} INFO - Dependencies all met for dep_context=requeueable deps ti=<TaskInstance: restaurant_pipeline.send_to_kafka scheduled__2025-07-19T18:38:00+00:00 [queued]>
[2025-07-19T18:41:00.078+0000] {taskinstance.py:1361} INFO - Starting attempt 1 of 1
[2025-07-19T18:41:00.083+0000] {taskinstance.py:1382} INFO - Executing <Task(BashOperator): send_to_kafka> on 2025-07-19 18:38:00+00:00
[2025-07-19T18:41:00.085+0000] {standard_task_runner.py:57} INFO - Started process 1256 to run task
[2025-07-19T18:41:00.087+0000] {standard_task_runner.py:84} INFO - Running: ['***', 'tasks', 'run', 'restaurant_pipeline', 'send_to_kafka', 'scheduled__2025-07-19T18:38:00+00:00', '--job-id', '1018', '--raw', '--subdir', 'DAGS_FOLDER/restaurant_pipeline.py', '--cfg-path', '/tmp/tmp1pl6gfq2']
[2025-07-19T18:41:00.089+0000] {standard_task_runner.py:85} INFO - Job 1018: Subtask send_to_kafka
[2025-07-19T18:41:00.110+0000] {task_command.py:416} INFO - Running <TaskInstance: restaurant_pipeline.send_to_kafka scheduled__2025-07-19T18:38:00+00:00 [running]> on host e3f5d8fc4eef
[2025-07-19T18:41:00.147+0000] {taskinstance.py:1662} INFO - Exporting env vars: AIRFLOW_CTX_DAG_OWNER='moran' AIRFLOW_CTX_DAG_ID='restaurant_pipeline' AIRFLOW_CTX_TASK_ID='send_to_kafka' AIRFLOW_CTX_EXECUTION_DATE='2025-07-19T18:38:00+00:00' AIRFLOW_CTX_TRY_NUMBER='1' AIRFLOW_CTX_DAG_RUN_ID='scheduled__2025-07-19T18:38:00+00:00'
[2025-07-19T18:41:00.148+0000] {subprocess.py:63} INFO - Tmp dir root location: /tmp
[2025-07-19T18:41:00.148+0000] {subprocess.py:75} INFO - Running command: ['/bin/bash', '-c', 'python /opt/streaming/producer.py']
[2025-07-19T18:41:00.152+0000] {subprocess.py:86} INFO - Output:
[2025-07-19T18:41:02.392+0000] {subprocess.py:93} INFO - [✓] Sent to reservations: {'reservation_id': 8455, 'branch_id': 101, 'customer_name': 'Carrie Benson', 'phone_number': '385-931-2968', 'reservation_date': '2025-07-19', 'reservation_time': '20:35', 'guests_count': 4, 'is_confirmed': False}
[2025-07-19T18:41:02.394+0000] {subprocess.py:93} INFO - [✓] Sent to reservations: {'reservation_id': 2602, 'branch_id': 101, 'customer_name': 'Christopher Walker', 'phone_number': '576-749-8612x89255', 'reservation_date': '2025-07-19', 'reservation_time': '19:10', 'guests_count': 7, 'is_confirmed': False}
[2025-07-19T18:41:02.394+0000] {subprocess.py:93} INFO - [✓] Sent to reservations: {'reservation_id': 8716, 'branch_id': 101, 'customer_name': 'Gabriel Copeland', 'phone_number': '(259)663-4303', 'reservation_date': '2025-07-19', 'reservation_time': '19:22', 'guests_count': 8, 'is_confirmed': False}
[2025-07-19T18:41:02.394+0000] {subprocess.py:93} INFO - [✓] Sent to checkins: {'checkin_id': 2096, 'customer_name': 'Gina Carter', 'phone_number': '(314)962-4798x0010', 'branch_id': 101, 'table_id': 206, 'is_prebooked': False, 'checkin_date': '2025-07-19', 'checkin_time': '16:48', 'guests_count': 2, 'shift_manager': 'Corey Fields'}
[2025-07-19T18:41:02.395+0000] {subprocess.py:93} INFO - [✓] Sent to checkins: {'checkin_id': 7370, 'customer_name': 'Carol Garcia', 'phone_number': '598.790.6782x49877', 'branch_id': 101, 'table_id': 203, 'is_prebooked': True, 'checkin_date': '2025-07-19', 'checkin_time': '16:56', 'guests_count': 1, 'shift_manager': 'Jorge Daniel MD'}
[2025-07-19T18:41:02.395+0000] {subprocess.py:93} INFO - [✓] Sent to checkins: {'checkin_id': 2274, 'customer_name': 'John Mendez', 'phone_number': '993.801.6132', 'branch_id': 101, 'table_id': 202, 'is_prebooked': False, 'checkin_date': '2025-07-19', 'checkin_time': '17:47', 'guests_count': 4, 'shift_manager': 'Alyssa Long'}
[2025-07-19T18:41:02.395+0000] {subprocess.py:93} INFO - [✓] Sent to feedback: {'feedback_id': 1643, 'branch_id': 102, 'customer_name': 'Kelly Miller', 'phone_number': '+1-885-219-4912', 'feedback_text': 'Rather no beautiful modern drive.', 'rating': 5, 'dining_date': '2025-07-19', 'dining_time': '18:10', 'submission_time': '2025-07-19T18:40:59'}
[2025-07-19T18:41:02.396+0000] {subprocess.py:93} INFO - [✓] Sent to feedback: {'feedback_id': 4640, 'branch_id': 102, 'customer_name': 'Katelyn Myers', 'phone_number': '(419)626-8300x680', 'feedback_text': 'Land record sea language only.', 'rating': 5, 'dining_date': '2025-07-19', 'dining_time': '17:14', 'submission_time': '2025-07-19T18:40:59'}
[2025-07-19T18:41:02.396+0000] {subprocess.py:93} INFO - [✓] Sent to feedback: {'feedback_id': 8610, 'branch_id': 102, 'customer_name': 'Michael King', 'phone_number': '+1-779-845-9858x1534', 'feedback_text': 'Through move better democratic treatment.', 'rating': 3, 'dining_date': '2025-07-19', 'dining_time': '18:20', 'submission_time': '2025-07-19T18:40:59'}
[2025-07-19T18:41:02.396+0000] {subprocess.py:93} INFO - ✅ All messages sent.
[2025-07-19T18:41:02.443+0000] {subprocess.py:97} INFO - Command exited with return code 0
[2025-07-19T18:41:02.460+0000] {taskinstance.py:1400} INFO - Marking task as SUCCESS. dag_id=restaurant_pipeline, task_id=send_to_kafka, execution_date=20250719T183800, start_date=20250719T184100, end_date=20250719T184102
[2025-07-19T18:41:02.506+0000] {local_task_job_runner.py:228} INFO - Task exited with return code 0
[2025-07-19T18:41:02.533+0000] {taskinstance.py:2778} INFO - 1 downstream tasks scheduled from follow-on schedule check
