[2025-07-19T17:56:01.983+0000] {taskinstance.py:1159} INFO - Dependencies all met for dep_context=non-requeueable deps ti=<TaskInstance: restaurant_pipeline.send_to_kafka scheduled__2025-07-19T17:54:00+00:00 [queued]>
[2025-07-19T17:56:01.988+0000] {taskinstance.py:1159} INFO - Dependencies all met for dep_context=requeueable deps ti=<TaskInstance: restaurant_pipeline.send_to_kafka scheduled__2025-07-19T17:54:00+00:00 [queued]>
[2025-07-19T17:56:01.988+0000] {taskinstance.py:1361} INFO - Starting attempt 1 of 1
[2025-07-19T17:56:01.994+0000] {taskinstance.py:1382} INFO - Executing <Task(BashOperator): send_to_kafka> on 2025-07-19 17:54:00+00:00
[2025-07-19T17:56:01.996+0000] {standard_task_runner.py:57} INFO - Started process 311 to run task
[2025-07-19T17:56:01.998+0000] {standard_task_runner.py:84} INFO - Running: ['***', 'tasks', 'run', 'restaurant_pipeline', 'send_to_kafka', 'scheduled__2025-07-19T17:54:00+00:00', '--job-id', '907', '--raw', '--subdir', 'DAGS_FOLDER/restaurant_pipeline.py', '--cfg-path', '/tmp/tmpzj1wgb2_']
[2025-07-19T17:56:01.999+0000] {standard_task_runner.py:85} INFO - Job 907: Subtask send_to_kafka
[2025-07-19T17:56:02.023+0000] {task_command.py:416} INFO - Running <TaskInstance: restaurant_pipeline.send_to_kafka scheduled__2025-07-19T17:54:00+00:00 [running]> on host 03593c79cc17
[2025-07-19T17:56:02.064+0000] {taskinstance.py:1662} INFO - Exporting env vars: AIRFLOW_CTX_DAG_EMAIL='your@email.com' AIRFLOW_CTX_DAG_OWNER='moran' AIRFLOW_CTX_DAG_ID='restaurant_pipeline' AIRFLOW_CTX_TASK_ID='send_to_kafka' AIRFLOW_CTX_EXECUTION_DATE='2025-07-19T17:54:00+00:00' AIRFLOW_CTX_TRY_NUMBER='1' AIRFLOW_CTX_DAG_RUN_ID='scheduled__2025-07-19T17:54:00+00:00'
[2025-07-19T17:56:02.064+0000] {subprocess.py:63} INFO - Tmp dir root location: /tmp
[2025-07-19T17:56:02.065+0000] {subprocess.py:75} INFO - Running command: ['/bin/bash', '-c', 'python /opt/streaming/producer.py']
[2025-07-19T17:56:02.069+0000] {subprocess.py:86} INFO - Output:
[2025-07-19T17:56:04.308+0000] {subprocess.py:93} INFO - [✓] Sent to reservations: {'reservation_id': 4063, 'branch_id': 102, 'customer_name': 'Mikayla Johnson', 'phone_number': '321-860-5775', 'reservation_date': '2025-07-19', 'reservation_time': '18:59', 'guests_count': 3, 'is_confirmed': False}
[2025-07-19T17:56:04.314+0000] {subprocess.py:93} INFO - [✓] Sent to reservations: {'reservation_id': 7726, 'branch_id': 102, 'customer_name': 'Tracy Holland', 'phone_number': '277.944.5987x29224', 'reservation_date': '2025-07-19', 'reservation_time': '18:36', 'guests_count': 3, 'is_confirmed': True}
[2025-07-19T17:56:04.315+0000] {subprocess.py:93} INFO - [✓] Sent to reservations: {'reservation_id': 2245, 'branch_id': 102, 'customer_name': 'Jessica Salazar', 'phone_number': '(670)672-2777x378', 'reservation_date': '2025-07-19', 'reservation_time': '19:48', 'guests_count': 2, 'is_confirmed': False}
[2025-07-19T17:56:04.318+0000] {subprocess.py:93} INFO - [✓] Sent to checkins: {'checkin_id': 3355, 'customer_name': 'Ronald Jones', 'phone_number': '9694531548', 'branch_id': 102, 'table_id': 209, 'is_prebooked': True, 'checkin_date': '2025-07-19', 'checkin_time': '16:31', 'guests_count': 2, 'shift_manager': 'Leonard Johnson'}
[2025-07-19T17:56:04.319+0000] {subprocess.py:93} INFO - [✓] Sent to checkins: {'checkin_id': 8955, 'customer_name': 'Carolyn Quinn', 'phone_number': '001-348-275-2473x7967', 'branch_id': 102, 'table_id': 209, 'is_prebooked': True, 'checkin_date': '2025-07-19', 'checkin_time': '16:33', 'guests_count': 6, 'shift_manager': 'Michael Mccullough'}
[2025-07-19T17:56:04.319+0000] {subprocess.py:93} INFO - [✓] Sent to checkins: {'checkin_id': 9389, 'customer_name': 'Glen Rhodes', 'phone_number': '524-996-5107x7564', 'branch_id': 101, 'table_id': 201, 'is_prebooked': True, 'checkin_date': '2025-07-19', 'checkin_time': '16:09', 'guests_count': 4, 'shift_manager': 'Mary Bond'}
[2025-07-19T17:56:04.319+0000] {subprocess.py:93} INFO - [✓] Sent to feedback: {'feedback_id': 6865, 'branch_id': 102, 'customer_name': 'Michelle Roberts', 'phone_number': '217.789.3721', 'feedback_text': 'Modern me hour language color ability worker.', 'rating': 1, 'dining_date': '2025-07-19', 'dining_time': '16:41', 'submission_time': '2025-07-19T17:56:01'}
[2025-07-19T17:56:04.319+0000] {subprocess.py:93} INFO - [✓] Sent to feedback: {'feedback_id': 3243, 'branch_id': 102, 'customer_name': 'Elizabeth Calderon', 'phone_number': '001-636-638-2331x03848', 'feedback_text': 'Have technology degree.', 'rating': 2, 'dining_date': '2025-07-19', 'dining_time': '16:54', 'submission_time': '2025-07-19T17:56:01'}
[2025-07-19T17:56:04.319+0000] {subprocess.py:93} INFO - [✓] Sent to feedback: {'feedback_id': 5705, 'branch_id': 101, 'customer_name': 'Joseph Fletcher', 'phone_number': '001-801-749-9016x955', 'feedback_text': 'Only paper society wife.', 'rating': 4, 'dining_date': '2025-07-19', 'dining_time': '16:30', 'submission_time': '2025-07-19T17:56:01'}
[2025-07-19T17:56:04.319+0000] {subprocess.py:93} INFO - ✅ All messages sent.
[2025-07-19T17:56:04.354+0000] {subprocess.py:97} INFO - Command exited with return code 0
[2025-07-19T17:56:04.372+0000] {taskinstance.py:1400} INFO - Marking task as SUCCESS. dag_id=restaurant_pipeline, task_id=send_to_kafka, execution_date=20250719T175400, start_date=20250719T175601, end_date=20250719T175604
[2025-07-19T17:56:04.411+0000] {local_task_job_runner.py:228} INFO - Task exited with return code 0
[2025-07-19T17:56:04.439+0000] {taskinstance.py:2778} INFO - 1 downstream tasks scheduled from follow-on schedule check
