[2025-07-19T19:17:00.614+0000] {taskinstance.py:1159} INFO - Dependencies all met for dep_context=non-requeueable deps ti=<TaskInstance: restaurant_pipeline.send_to_kafka scheduled__2025-07-19T19:14:00+00:00 [queued]>
[2025-07-19T19:17:00.618+0000] {taskinstance.py:1159} INFO - Dependencies all met for dep_context=requeueable deps ti=<TaskInstance: restaurant_pipeline.send_to_kafka scheduled__2025-07-19T19:14:00+00:00 [queued]>
[2025-07-19T19:17:00.618+0000] {taskinstance.py:1361} INFO - Starting attempt 1 of 1
[2025-07-19T19:17:00.623+0000] {taskinstance.py:1382} INFO - Executing <Task(BashOperator): send_to_kafka> on 2025-07-19 19:14:00+00:00
[2025-07-19T19:17:00.625+0000] {standard_task_runner.py:57} INFO - Started process 2083 to run task
[2025-07-19T19:17:00.627+0000] {standard_task_runner.py:84} INFO - Running: ['***', 'tasks', 'run', 'restaurant_pipeline', 'send_to_kafka', 'scheduled__2025-07-19T19:14:00+00:00', '--job-id', '1086', '--raw', '--subdir', 'DAGS_FOLDER/restaurant_pipeline.py', '--cfg-path', '/tmp/tmp4izq4w8q']
[2025-07-19T19:17:00.628+0000] {standard_task_runner.py:85} INFO - Job 1086: Subtask send_to_kafka
[2025-07-19T19:17:00.650+0000] {task_command.py:416} INFO - Running <TaskInstance: restaurant_pipeline.send_to_kafka scheduled__2025-07-19T19:14:00+00:00 [running]> on host e3f5d8fc4eef
[2025-07-19T19:17:00.691+0000] {taskinstance.py:1662} INFO - Exporting env vars: AIRFLOW_CTX_DAG_OWNER='moran' AIRFLOW_CTX_DAG_ID='restaurant_pipeline' AIRFLOW_CTX_TASK_ID='send_to_kafka' AIRFLOW_CTX_EXECUTION_DATE='2025-07-19T19:14:00+00:00' AIRFLOW_CTX_TRY_NUMBER='1' AIRFLOW_CTX_DAG_RUN_ID='scheduled__2025-07-19T19:14:00+00:00'
[2025-07-19T19:17:00.692+0000] {subprocess.py:63} INFO - Tmp dir root location: /tmp
[2025-07-19T19:17:00.692+0000] {subprocess.py:75} INFO - Running command: ['/bin/bash', '-c', 'python /opt/streaming/producer.py']
[2025-07-19T19:17:00.696+0000] {subprocess.py:86} INFO - Output:
[2025-07-19T19:17:02.936+0000] {subprocess.py:93} INFO - [✓] Sent to reservations: {'reservation_id': 2919, 'branch_id': 102, 'customer_name': 'Rachael Carr', 'phone_number': '+1-471-494-0031x87428', 'reservation_date': '2025-07-19', 'reservation_time': '20:10', 'guests_count': 6, 'is_confirmed': True}
[2025-07-19T19:17:02.936+0000] {subprocess.py:93} INFO - [✓] Sent to reservations: {'reservation_id': 7597, 'branch_id': 102, 'customer_name': 'Danielle Weaver', 'phone_number': '001-823-349-2860x6240', 'reservation_date': '2025-07-19', 'reservation_time': '19:39', 'guests_count': 4, 'is_confirmed': False}
[2025-07-19T19:17:02.937+0000] {subprocess.py:93} INFO - [✓] Sent to reservations: {'reservation_id': 6956, 'branch_id': 101, 'customer_name': 'Ashley Elliott', 'phone_number': '759-561-3801x2323', 'reservation_date': '2025-07-19', 'reservation_time': '21:11', 'guests_count': 5, 'is_confirmed': True}
[2025-07-19T19:17:02.937+0000] {subprocess.py:93} INFO - [✓] Sent to checkins: {'checkin_id': 4458, 'customer_name': 'Caitlin Brady', 'phone_number': '831-830-8350', 'branch_id': 102, 'table_id': 208, 'is_prebooked': True, 'checkin_date': '2025-07-19', 'checkin_time': '17:26', 'guests_count': 6, 'shift_manager': 'Cheryl Nelson'}
[2025-07-19T19:17:02.937+0000] {subprocess.py:93} INFO - [✓] Sent to checkins: {'checkin_id': 8660, 'customer_name': 'James Lopez', 'phone_number': '001-722-938-7888', 'branch_id': 102, 'table_id': 208, 'is_prebooked': True, 'checkin_date': '2025-07-19', 'checkin_time': '17:24', 'guests_count': 3, 'shift_manager': 'Jacob Hartman'}
[2025-07-19T19:17:02.938+0000] {subprocess.py:93} INFO - [✓] Sent to checkins: {'checkin_id': 6624, 'customer_name': 'Sabrina Cortez', 'phone_number': '8533057906', 'branch_id': 101, 'table_id': 206, 'is_prebooked': False, 'checkin_date': '2025-07-19', 'checkin_time': '17:23', 'guests_count': 1, 'shift_manager': 'Travis Griffith'}
[2025-07-19T19:17:02.938+0000] {subprocess.py:93} INFO - [✓] Sent to feedback: {'feedback_id': 7423, 'branch_id': 101, 'customer_name': 'Daniel Walker', 'phone_number': '997-886-9112x4483', 'feedback_text': 'Pay myself close real total you difficult.', 'rating': 5, 'dining_date': '2025-07-19', 'dining_time': '18:14', 'submission_time': '2025-07-19T19:16:59'}
[2025-07-19T19:17:02.938+0000] {subprocess.py:93} INFO - [✓] Sent to feedback: {'feedback_id': 5404, 'branch_id': 102, 'customer_name': 'Ms. Monica Brandt', 'phone_number': '224-751-1790x9496', 'feedback_text': 'Kitchen way education indeed.', 'rating': 5, 'dining_date': '2025-07-19', 'dining_time': '17:18', 'submission_time': '2025-07-19T19:16:59'}
[2025-07-19T19:17:02.939+0000] {subprocess.py:93} INFO - [✓] Sent to feedback: {'feedback_id': 3799, 'branch_id': 101, 'customer_name': 'Jason Gordon', 'phone_number': '(646)472-7968x5345', 'feedback_text': 'Least small protect seven fund.', 'rating': 3, 'dining_date': '2025-07-19', 'dining_time': '18:14', 'submission_time': '2025-07-19T19:16:59'}
[2025-07-19T19:17:02.939+0000] {subprocess.py:93} INFO - ✅ All messages sent.
[2025-07-19T19:17:03.094+0000] {subprocess.py:97} INFO - Command exited with return code 0
[2025-07-19T19:17:03.124+0000] {taskinstance.py:1400} INFO - Marking task as SUCCESS. dag_id=restaurant_pipeline, task_id=send_to_kafka, execution_date=20250719T191400, start_date=20250719T191700, end_date=20250719T191703
[2025-07-19T19:17:03.144+0000] {local_task_job_runner.py:228} INFO - Task exited with return code 0
[2025-07-19T19:17:03.175+0000] {taskinstance.py:2778} INFO - 1 downstream tasks scheduled from follow-on schedule check
