[2025-07-18T20:26:08.599+0000] {taskinstance.py:1159} INFO - Dependencies all met for dep_context=non-requeueable deps ti=<TaskInstance: restaurant_pipeline.send_to_kafka scheduled__2025-07-18T20:24:00+00:00 [queued]>
[2025-07-18T20:26:08.603+0000] {taskinstance.py:1159} INFO - Dependencies all met for dep_context=requeueable deps ti=<TaskInstance: restaurant_pipeline.send_to_kafka scheduled__2025-07-18T20:24:00+00:00 [queued]>
[2025-07-18T20:26:08.603+0000] {taskinstance.py:1361} INFO - Starting attempt 1 of 1
[2025-07-18T20:26:08.608+0000] {taskinstance.py:1382} INFO - Executing <Task(BashOperator): send_to_kafka> on 2025-07-18 20:24:00+00:00
[2025-07-18T20:26:08.610+0000] {standard_task_runner.py:57} INFO - Started process 6105 to run task
[2025-07-18T20:26:08.612+0000] {standard_task_runner.py:84} INFO - Running: ['***', 'tasks', 'run', 'restaurant_pipeline', 'send_to_kafka', 'scheduled__2025-07-18T20:24:00+00:00', '--job-id', '620', '--raw', '--subdir', 'DAGS_FOLDER/restaurant_pipeline.py', '--cfg-path', '/tmp/tmpajei6mxx']
[2025-07-18T20:26:08.614+0000] {standard_task_runner.py:85} INFO - Job 620: Subtask send_to_kafka
[2025-07-18T20:26:08.635+0000] {task_command.py:416} INFO - Running <TaskInstance: restaurant_pipeline.send_to_kafka scheduled__2025-07-18T20:24:00+00:00 [running]> on host 9bcfb43e0ab7
[2025-07-18T20:26:08.672+0000] {taskinstance.py:1662} INFO - Exporting env vars: AIRFLOW_CTX_DAG_OWNER='moran' AIRFLOW_CTX_DAG_ID='restaurant_pipeline' AIRFLOW_CTX_TASK_ID='send_to_kafka' AIRFLOW_CTX_EXECUTION_DATE='2025-07-18T20:24:00+00:00' AIRFLOW_CTX_TRY_NUMBER='1' AIRFLOW_CTX_DAG_RUN_ID='scheduled__2025-07-18T20:24:00+00:00'
[2025-07-18T20:26:08.673+0000] {subprocess.py:63} INFO - Tmp dir root location: /tmp
[2025-07-18T20:26:08.673+0000] {subprocess.py:75} INFO - Running command: ['/bin/bash', '-c', 'python /opt/streaming/producer.py']
[2025-07-18T20:26:08.677+0000] {subprocess.py:86} INFO - Output:
[2025-07-18T20:26:10.910+0000] {subprocess.py:93} INFO - [✓] Sent to reservations: {'reservation_id': 2461, 'branch_id': 102, 'customer_name': 'Evan Mullen', 'phone_number': '2858295169', 'reservation_date': '2025-07-18', 'reservation_time': '22:11', 'guests_count': 2, 'is_confirmed': False}
[2025-07-18T20:26:10.912+0000] {subprocess.py:93} INFO - [✓] Sent to reservations: {'reservation_id': 7792, 'branch_id': 102, 'customer_name': 'Mark Caldwell', 'phone_number': '(530)391-3071x732', 'reservation_date': '2025-07-18', 'reservation_time': '22:01', 'guests_count': 6, 'is_confirmed': True}
[2025-07-18T20:26:10.912+0000] {subprocess.py:93} INFO - [✓] Sent to reservations: {'reservation_id': 6013, 'branch_id': 101, 'customer_name': 'Isabella Diaz', 'phone_number': '9399037439', 'reservation_date': '2025-07-18', 'reservation_time': '22:01', 'guests_count': 6, 'is_confirmed': False}
[2025-07-18T20:26:10.913+0000] {subprocess.py:93} INFO - [✓] Sent to checkins: {'checkin_id': 4395, 'customer_name': 'Gina Schmidt', 'phone_number': '9824156951', 'branch_id': 101, 'table_id': 206, 'is_prebooked': True, 'checkin_date': '2025-07-18', 'checkin_time': '19:18', 'guests_count': 3, 'shift_manager': 'Nicholas Gutierrez'}
[2025-07-18T20:26:10.914+0000] {subprocess.py:93} INFO - [✓] Sent to checkins: {'checkin_id': 8791, 'customer_name': 'Katrina Ingram', 'phone_number': '460-465-3260x2293', 'branch_id': 101, 'table_id': 207, 'is_prebooked': False, 'checkin_date': '2025-07-18', 'checkin_time': '18:45', 'guests_count': 2, 'shift_manager': 'Yolanda Bowers'}
[2025-07-18T20:26:10.914+0000] {subprocess.py:93} INFO - [✓] Sent to checkins: {'checkin_id': 1358, 'customer_name': 'Karina Graham', 'phone_number': '264.965.2868', 'branch_id': 101, 'table_id': 208, 'is_prebooked': True, 'checkin_date': '2025-07-18', 'checkin_time': '20:22', 'guests_count': 1, 'shift_manager': 'John Lewis'}
[2025-07-18T20:26:10.915+0000] {subprocess.py:93} INFO - [✓] Sent to feedback: {'feedback_id': 5359, 'branch_id': 102, 'customer_name': 'Matthew Bradley', 'phone_number': '596.448.5676x9871', 'feedback_text': 'Could career him wife service test deal charge.', 'rating': 4, 'dining_date': '2025-07-18', 'dining_time': '18:44', 'submission_time': '2025-07-18T20:26:07'}
[2025-07-18T20:26:10.915+0000] {subprocess.py:93} INFO - [✓] Sent to feedback: {'feedback_id': 4436, 'branch_id': 101, 'customer_name': 'Stacey May', 'phone_number': '291-701-5431x9135', 'feedback_text': 'Tell party station trial perhaps store just.', 'rating': 1, 'dining_date': '2025-07-18', 'dining_time': '19:45', 'submission_time': '2025-07-18T20:26:07'}
[2025-07-18T20:26:10.916+0000] {subprocess.py:93} INFO - [✓] Sent to feedback: {'feedback_id': 5202, 'branch_id': 102, 'customer_name': 'Stefanie Cochran', 'phone_number': '8234822876', 'feedback_text': 'Daughter appear value.', 'rating': 5, 'dining_date': '2025-07-18', 'dining_time': '19:37', 'submission_time': '2025-07-18T20:26:07'}
[2025-07-18T20:26:10.916+0000] {subprocess.py:93} INFO - ✅ All messages sent.
[2025-07-18T20:26:10.961+0000] {subprocess.py:97} INFO - Command exited with return code 0
[2025-07-18T20:26:10.982+0000] {taskinstance.py:1400} INFO - Marking task as SUCCESS. dag_id=restaurant_pipeline, task_id=send_to_kafka, execution_date=20250718T202400, start_date=20250718T202608, end_date=20250718T202610
[2025-07-18T20:26:11.002+0000] {local_task_job_runner.py:228} INFO - Task exited with return code 0
[2025-07-18T20:26:11.029+0000] {taskinstance.py:2778} INFO - 1 downstream tasks scheduled from follow-on schedule check
