[2025-07-18T16:20:03.107+0000] {taskinstance.py:1159} INFO - Dependencies all met for dep_context=non-requeueable deps ti=<TaskInstance: restaurant_pipeline.send_to_kafka scheduled__2025-07-18T16:18:00+00:00 [queued]>
[2025-07-18T16:20:03.111+0000] {taskinstance.py:1159} INFO - Dependencies all met for dep_context=requeueable deps ti=<TaskInstance: restaurant_pipeline.send_to_kafka scheduled__2025-07-18T16:18:00+00:00 [queued]>
[2025-07-18T16:20:03.111+0000] {taskinstance.py:1361} INFO - Starting attempt 1 of 1
[2025-07-18T16:20:03.118+0000] {taskinstance.py:1382} INFO - Executing <Task(BashOperator): send_to_kafka> on 2025-07-18 16:18:00+00:00
[2025-07-18T16:20:03.120+0000] {standard_task_runner.py:57} INFO - Started process 1349 to run task
[2025-07-18T16:20:03.122+0000] {standard_task_runner.py:84} INFO - Running: ['***', 'tasks', 'run', 'restaurant_pipeline', 'send_to_kafka', 'scheduled__2025-07-18T16:18:00+00:00', '--job-id', '188', '--raw', '--subdir', 'DAGS_FOLDER/restaurant_pipeline.py', '--cfg-path', '/tmp/tmpxj25aspz']
[2025-07-18T16:20:03.124+0000] {standard_task_runner.py:85} INFO - Job 188: Subtask send_to_kafka
[2025-07-18T16:20:03.149+0000] {task_command.py:416} INFO - Running <TaskInstance: restaurant_pipeline.send_to_kafka scheduled__2025-07-18T16:18:00+00:00 [running]> on host 9bcfb43e0ab7
[2025-07-18T16:20:03.188+0000] {taskinstance.py:1662} INFO - Exporting env vars: AIRFLOW_CTX_DAG_OWNER='moran' AIRFLOW_CTX_DAG_ID='restaurant_pipeline' AIRFLOW_CTX_TASK_ID='send_to_kafka' AIRFLOW_CTX_EXECUTION_DATE='2025-07-18T16:18:00+00:00' AIRFLOW_CTX_TRY_NUMBER='1' AIRFLOW_CTX_DAG_RUN_ID='scheduled__2025-07-18T16:18:00+00:00'
[2025-07-18T16:20:03.190+0000] {subprocess.py:63} INFO - Tmp dir root location: /tmp
[2025-07-18T16:20:03.190+0000] {subprocess.py:75} INFO - Running command: ['/bin/bash', '-c', 'python /opt/streaming/producer.py']
[2025-07-18T16:20:03.197+0000] {subprocess.py:86} INFO - Output:
[2025-07-18T16:20:06.007+0000] {subprocess.py:93} INFO - [✓] Sent to reservations: {'reservation_id': 1555, 'branch_id': 101, 'customer_name': 'Daniel Spears', 'phone_number': '666-412-8669x86974', 'reservation_date': '2025-07-18', 'reservation_time': '16:51', 'guests_count': 2, 'is_confirmed': False}
[2025-07-18T16:20:06.008+0000] {subprocess.py:93} INFO - [✓] Sent to reservations: {'reservation_id': 5544, 'branch_id': 102, 'customer_name': 'Amanda Foster', 'phone_number': '001-785-693-9211x91890', 'reservation_date': '2025-07-18', 'reservation_time': '17:11', 'guests_count': 5, 'is_confirmed': True}
[2025-07-18T16:20:06.011+0000] {subprocess.py:93} INFO - [✓] Sent to reservations: {'reservation_id': 2468, 'branch_id': 101, 'customer_name': 'Shawn Franco', 'phone_number': '+1-874-288-1321x2534', 'reservation_date': '2025-07-18', 'reservation_time': '18:16', 'guests_count': 5, 'is_confirmed': False}
[2025-07-18T16:20:06.012+0000] {subprocess.py:93} INFO - [✓] Sent to checkins: {'checkin_id': 2328, 'customer_name': 'Melissa George', 'phone_number': '784.268.9881', 'branch_id': 102, 'table_id': 201, 'is_prebooked': True, 'checkin_date': '2025-07-18', 'checkin_time': '15:57', 'guests_count': 1, 'shift_manager': 'Edward Douglas'}
[2025-07-18T16:20:06.012+0000] {subprocess.py:93} INFO - [✓] Sent to checkins: {'checkin_id': 9858, 'customer_name': 'Patricia Miller', 'phone_number': '5327038062', 'branch_id': 102, 'table_id': 205, 'is_prebooked': False, 'checkin_date': '2025-07-18', 'checkin_time': '15:41', 'guests_count': 1, 'shift_manager': 'Angela Peterson'}
[2025-07-18T16:20:06.013+0000] {subprocess.py:93} INFO - [✓] Sent to checkins: {'checkin_id': 9155, 'customer_name': 'Tina Krueger', 'phone_number': '481-219-0322', 'branch_id': 101, 'table_id': 208, 'is_prebooked': False, 'checkin_date': '2025-07-18', 'checkin_time': '16:09', 'guests_count': 6, 'shift_manager': 'Daniel Thompson'}
[2025-07-18T16:20:06.014+0000] {subprocess.py:93} INFO - [✓] Sent to feedback: {'feedback_id': 2985, 'branch_id': 102, 'customer_name': 'Christina Parker', 'phone_number': '6863449116', 'feedback_text': 'Surface tough customer response we compare none.', 'rating': 3, 'dining_date': '2025-07-18', 'dining_time': '14:25', 'submission_time': '2025-07-18T16:20:01'}
[2025-07-18T16:20:06.017+0000] {subprocess.py:93} INFO - [✓] Sent to feedback: {'feedback_id': 5336, 'branch_id': 102, 'customer_name': 'Adam Chambers', 'phone_number': '(371)203-0654x07104', 'feedback_text': 'Country question happen explain heart something administration morning.', 'rating': 5, 'dining_date': '2025-07-18', 'dining_time': '15:38', 'submission_time': '2025-07-18T16:20:01'}
[2025-07-18T16:20:06.017+0000] {subprocess.py:93} INFO - [✓] Sent to feedback: {'feedback_id': 3050, 'branch_id': 102, 'customer_name': 'Paul Cox', 'phone_number': '226.706.5869x0767', 'feedback_text': 'Pressure prove strong produce music.', 'rating': 5, 'dining_date': '2025-07-18', 'dining_time': '15:51', 'submission_time': '2025-07-18T16:20:01'}
[2025-07-18T16:20:06.024+0000] {subprocess.py:93} INFO - ✅ All messages sent.
[2025-07-18T16:20:06.128+0000] {subprocess.py:97} INFO - Command exited with return code 0
[2025-07-18T16:20:06.225+0000] {taskinstance.py:1400} INFO - Marking task as SUCCESS. dag_id=restaurant_pipeline, task_id=send_to_kafka, execution_date=20250718T161800, start_date=20250718T162003, end_date=20250718T162006
[2025-07-18T16:20:06.288+0000] {local_task_job_runner.py:228} INFO - Task exited with return code 0
[2025-07-18T16:20:06.365+0000] {taskinstance.py:2778} INFO - 1 downstream tasks scheduled from follow-on schedule check
