[2025-07-18T16:54:02.084+0000] {taskinstance.py:1159} INFO - Dependencies all met for dep_context=non-requeueable deps ti=<TaskInstance: restaurant_pipeline.send_to_kafka scheduled__2025-07-18T16:52:00+00:00 [queued]>
[2025-07-18T16:54:02.088+0000] {taskinstance.py:1159} INFO - Dependencies all met for dep_context=requeueable deps ti=<TaskInstance: restaurant_pipeline.send_to_kafka scheduled__2025-07-18T16:52:00+00:00 [queued]>
[2025-07-18T16:54:02.088+0000] {taskinstance.py:1361} INFO - Starting attempt 1 of 1
[2025-07-18T16:54:02.095+0000] {taskinstance.py:1382} INFO - Executing <Task(BashOperator): send_to_kafka> on 2025-07-18 16:52:00+00:00
[2025-07-18T16:54:02.097+0000] {standard_task_runner.py:57} INFO - Started process 2037 to run task
[2025-07-18T16:54:02.099+0000] {standard_task_runner.py:84} INFO - Running: ['***', 'tasks', 'run', 'restaurant_pipeline', 'send_to_kafka', 'scheduled__2025-07-18T16:52:00+00:00', '--job-id', '249', '--raw', '--subdir', 'DAGS_FOLDER/restaurant_pipeline.py', '--cfg-path', '/tmp/tmpbzad4bfr']
[2025-07-18T16:54:02.100+0000] {standard_task_runner.py:85} INFO - Job 249: Subtask send_to_kafka
[2025-07-18T16:54:02.125+0000] {task_command.py:416} INFO - Running <TaskInstance: restaurant_pipeline.send_to_kafka scheduled__2025-07-18T16:52:00+00:00 [running]> on host 9bcfb43e0ab7
[2025-07-18T16:54:02.162+0000] {taskinstance.py:1662} INFO - Exporting env vars: AIRFLOW_CTX_DAG_OWNER='moran' AIRFLOW_CTX_DAG_ID='restaurant_pipeline' AIRFLOW_CTX_TASK_ID='send_to_kafka' AIRFLOW_CTX_EXECUTION_DATE='2025-07-18T16:52:00+00:00' AIRFLOW_CTX_TRY_NUMBER='1' AIRFLOW_CTX_DAG_RUN_ID='scheduled__2025-07-18T16:52:00+00:00'
[2025-07-18T16:54:02.163+0000] {subprocess.py:63} INFO - Tmp dir root location: /tmp
[2025-07-18T16:54:02.164+0000] {subprocess.py:75} INFO - Running command: ['/bin/bash', '-c', 'python /opt/streaming/producer.py']
[2025-07-18T16:54:02.168+0000] {subprocess.py:86} INFO - Output:
[2025-07-18T16:54:04.410+0000] {subprocess.py:93} INFO - [✓] Sent to reservations: {'reservation_id': 4276, 'branch_id': 101, 'customer_name': 'Michael Valentine', 'phone_number': '(896)660-6688x91238', 'reservation_date': '2025-07-18', 'reservation_time': '18:54', 'guests_count': 7, 'is_confirmed': False}
[2025-07-18T16:54:04.413+0000] {subprocess.py:93} INFO - [✓] Sent to reservations: {'reservation_id': 5285, 'branch_id': 101, 'customer_name': 'Rachel Robinson', 'phone_number': '(709)812-4731x323', 'reservation_date': '2025-07-18', 'reservation_time': '18:18', 'guests_count': 4, 'is_confirmed': False}
[2025-07-18T16:54:04.414+0000] {subprocess.py:93} INFO - [✓] Sent to reservations: {'reservation_id': 9616, 'branch_id': 101, 'customer_name': 'Susan Stevens', 'phone_number': '(229)794-5085x1030', 'reservation_date': '2025-07-18', 'reservation_time': '18:23', 'guests_count': 7, 'is_confirmed': True}
[2025-07-18T16:54:04.415+0000] {subprocess.py:93} INFO - [✓] Sent to checkins: {'checkin_id': 3169, 'customer_name': 'James Guzman', 'phone_number': '646.942.7347', 'branch_id': 101, 'table_id': 201, 'is_prebooked': False, 'checkin_date': '2025-07-18', 'checkin_time': '16:30', 'guests_count': 5, 'shift_manager': 'Robert Moore'}
[2025-07-18T16:54:04.415+0000] {subprocess.py:93} INFO - [✓] Sent to checkins: {'checkin_id': 4066, 'customer_name': 'Patty Rivera', 'phone_number': '2346290209', 'branch_id': 101, 'table_id': 207, 'is_prebooked': True, 'checkin_date': '2025-07-18', 'checkin_time': '15:19', 'guests_count': 6, 'shift_manager': 'Ashley Lloyd'}
[2025-07-18T16:54:04.416+0000] {subprocess.py:93} INFO - [✓] Sent to checkins: {'checkin_id': 2406, 'customer_name': 'Gary Dougherty', 'phone_number': '4009691996', 'branch_id': 101, 'table_id': 209, 'is_prebooked': True, 'checkin_date': '2025-07-18', 'checkin_time': '15:45', 'guests_count': 2, 'shift_manager': 'John Arnold'}
[2025-07-18T16:54:04.416+0000] {subprocess.py:93} INFO - [✓] Sent to feedback: {'feedback_id': 7020, 'branch_id': 102, 'customer_name': 'Edwin Wilson', 'phone_number': '239.704.1263x270', 'feedback_text': 'Recent body test response little great.', 'rating': 4, 'dining_date': '2025-07-18', 'dining_time': '16:14', 'submission_time': '2025-07-18T16:54:01'}
[2025-07-18T16:54:04.416+0000] {subprocess.py:93} INFO - [✓] Sent to feedback: {'feedback_id': 8284, 'branch_id': 101, 'customer_name': 'Ricky Whitney', 'phone_number': '501.383.7646', 'feedback_text': 'Available place specific close play bag forward research.', 'rating': 1, 'dining_date': '2025-07-18', 'dining_time': '16:35', 'submission_time': '2025-07-18T16:54:01'}
[2025-07-18T16:54:04.417+0000] {subprocess.py:93} INFO - [✓] Sent to feedback: {'feedback_id': 1384, 'branch_id': 102, 'customer_name': 'George Brown', 'phone_number': '001-595-612-4285x754', 'feedback_text': 'Hand free add.', 'rating': 4, 'dining_date': '2025-07-18', 'dining_time': '16:24', 'submission_time': '2025-07-18T16:54:01'}
[2025-07-18T16:54:04.417+0000] {subprocess.py:93} INFO - ✅ All messages sent.
[2025-07-18T16:54:04.496+0000] {subprocess.py:97} INFO - Command exited with return code 0
[2025-07-18T16:54:04.529+0000] {taskinstance.py:1400} INFO - Marking task as SUCCESS. dag_id=restaurant_pipeline, task_id=send_to_kafka, execution_date=20250718T165200, start_date=20250718T165402, end_date=20250718T165404
[2025-07-18T16:54:04.582+0000] {local_task_job_runner.py:228} INFO - Task exited with return code 0
[2025-07-18T16:54:04.632+0000] {taskinstance.py:2778} INFO - 1 downstream tasks scheduled from follow-on schedule check
