[2025-07-19T20:00:09.516+0000] {taskinstance.py:1159} INFO - Dependencies all met for dep_context=non-requeueable deps ti=<TaskInstance: restaurant_pipeline.send_to_kafka scheduled__2025-07-19T19:58:00+00:00 [queued]>
[2025-07-19T20:00:09.520+0000] {taskinstance.py:1159} INFO - Dependencies all met for dep_context=requeueable deps ti=<TaskInstance: restaurant_pipeline.send_to_kafka scheduled__2025-07-19T19:58:00+00:00 [queued]>
[2025-07-19T20:00:09.520+0000] {taskinstance.py:1361} INFO - Starting attempt 1 of 1
[2025-07-19T20:00:09.525+0000] {taskinstance.py:1382} INFO - Executing <Task(BashOperator): send_to_kafka> on 2025-07-19 19:58:00+00:00
[2025-07-19T20:00:09.527+0000] {standard_task_runner.py:57} INFO - Started process 2924 to run task
[2025-07-19T20:00:09.529+0000] {standard_task_runner.py:84} INFO - Running: ['***', 'tasks', 'run', 'restaurant_pipeline', 'send_to_kafka', 'scheduled__2025-07-19T19:58:00+00:00', '--job-id', '1150', '--raw', '--subdir', 'DAGS_FOLDER/restaurant_pipeline.py', '--cfg-path', '/tmp/tmpfhqih4bp']
[2025-07-19T20:00:09.531+0000] {standard_task_runner.py:85} INFO - Job 1150: Subtask send_to_kafka
[2025-07-19T20:00:09.554+0000] {task_command.py:416} INFO - Running <TaskInstance: restaurant_pipeline.send_to_kafka scheduled__2025-07-19T19:58:00+00:00 [running]> on host e3f5d8fc4eef
[2025-07-19T20:00:09.591+0000] {taskinstance.py:1662} INFO - Exporting env vars: AIRFLOW_CTX_DAG_OWNER='moran' AIRFLOW_CTX_DAG_ID='restaurant_pipeline' AIRFLOW_CTX_TASK_ID='send_to_kafka' AIRFLOW_CTX_EXECUTION_DATE='2025-07-19T19:58:00+00:00' AIRFLOW_CTX_TRY_NUMBER='1' AIRFLOW_CTX_DAG_RUN_ID='scheduled__2025-07-19T19:58:00+00:00'
[2025-07-19T20:00:09.591+0000] {subprocess.py:63} INFO - Tmp dir root location: /tmp
[2025-07-19T20:00:09.592+0000] {subprocess.py:75} INFO - Running command: ['/bin/bash', '-c', 'python /opt/streaming/producer.py']
[2025-07-19T20:00:09.595+0000] {subprocess.py:86} INFO - Output:
[2025-07-19T20:00:11.843+0000] {subprocess.py:93} INFO - [✓] Sent to reservations: {'reservation_id': 5651, 'branch_id': 101, 'customer_name': 'Crystal Salazar', 'phone_number': '331-442-1633', 'reservation_date': '2025-07-19', 'reservation_time': '21:02', 'guests_count': 6, 'is_confirmed': True}
[2025-07-19T20:00:11.846+0000] {subprocess.py:93} INFO - [✓] Sent to reservations: {'reservation_id': 1206, 'branch_id': 102, 'customer_name': 'James Rowe', 'phone_number': '771.981.5925x59725', 'reservation_date': '2025-07-19', 'reservation_time': '21:19', 'guests_count': 7, 'is_confirmed': False}
[2025-07-19T20:00:11.848+0000] {subprocess.py:93} INFO - [✓] Sent to reservations: {'reservation_id': 9062, 'branch_id': 102, 'customer_name': 'Adam Wilson', 'phone_number': '351-928-3082', 'reservation_date': '2025-07-19', 'reservation_time': '21:27', 'guests_count': 1, 'is_confirmed': True}
[2025-07-19T20:00:11.849+0000] {subprocess.py:93} INFO - [✓] Sent to checkins: {'checkin_id': 7231, 'customer_name': 'Gregory Williams', 'phone_number': '480-276-3233x41366', 'branch_id': 102, 'table_id': 205, 'is_prebooked': True, 'checkin_date': '2025-07-19', 'checkin_time': '19:32', 'guests_count': 1, 'shift_manager': 'Heather Pham'}
[2025-07-19T20:00:11.853+0000] {subprocess.py:93} INFO - [✓] Sent to checkins: {'checkin_id': 5760, 'customer_name': 'Janice Cummings', 'phone_number': '+1-679-390-5863x007', 'branch_id': 101, 'table_id': 210, 'is_prebooked': True, 'checkin_date': '2025-07-19', 'checkin_time': '19:26', 'guests_count': 5, 'shift_manager': 'John Lee'}
[2025-07-19T20:00:11.853+0000] {subprocess.py:93} INFO - [✓] Sent to checkins: {'checkin_id': 7860, 'customer_name': 'Michael Green', 'phone_number': '+1-947-862-8769x0364', 'branch_id': 102, 'table_id': 203, 'is_prebooked': True, 'checkin_date': '2025-07-19', 'checkin_time': '18:09', 'guests_count': 1, 'shift_manager': 'Teresa Moore'}
[2025-07-19T20:00:11.855+0000] {subprocess.py:93} INFO - [✓] Sent to feedback: {'feedback_id': 2388, 'branch_id': 101, 'customer_name': 'Tiffany Flowers', 'phone_number': '374.632.7399', 'feedback_text': 'Study else interview energy benefit adult.', 'rating': 1, 'dining_date': '2025-07-19', 'dining_time': '19:11', 'submission_time': '2025-07-19T20:00:08'}
[2025-07-19T20:00:11.855+0000] {subprocess.py:93} INFO - [✓] Sent to feedback: {'feedback_id': 5045, 'branch_id': 102, 'customer_name': 'Evelyn Anderson', 'phone_number': '5432969687', 'feedback_text': 'Call American eye yourself enough production girl for.', 'rating': 4, 'dining_date': '2025-07-19', 'dining_time': '18:50', 'submission_time': '2025-07-19T20:00:08'}
[2025-07-19T20:00:11.856+0000] {subprocess.py:93} INFO - [✓] Sent to feedback: {'feedback_id': 1652, 'branch_id': 101, 'customer_name': 'Michael Johnson', 'phone_number': '+1-637-705-5034x5101', 'feedback_text': 'Out speech end suffer hundred professor.', 'rating': 2, 'dining_date': '2025-07-19', 'dining_time': '19:34', 'submission_time': '2025-07-19T20:00:08'}
[2025-07-19T20:00:11.856+0000] {subprocess.py:93} INFO - ✅ All messages sent.
[2025-07-19T20:00:11.901+0000] {subprocess.py:97} INFO - Command exited with return code 0
[2025-07-19T20:00:11.920+0000] {taskinstance.py:1400} INFO - Marking task as SUCCESS. dag_id=restaurant_pipeline, task_id=send_to_kafka, execution_date=20250719T195800, start_date=20250719T200009, end_date=20250719T200011
[2025-07-19T20:00:11.943+0000] {local_task_job_runner.py:228} INFO - Task exited with return code 0
[2025-07-19T20:00:11.971+0000] {taskinstance.py:2778} INFO - 1 downstream tasks scheduled from follow-on schedule check
