[2025-07-18T19:54:01.542+0000] {taskinstance.py:1159} INFO - Dependencies all met for dep_context=non-requeueable deps ti=<TaskInstance: restaurant_pipeline.send_to_kafka scheduled__2025-07-18T19:52:00+00:00 [queued]>
[2025-07-18T19:54:01.546+0000] {taskinstance.py:1159} INFO - Dependencies all met for dep_context=requeueable deps ti=<TaskInstance: restaurant_pipeline.send_to_kafka scheduled__2025-07-18T19:52:00+00:00 [queued]>
[2025-07-18T19:54:01.547+0000] {taskinstance.py:1361} INFO - Starting attempt 1 of 1
[2025-07-18T19:54:01.552+0000] {taskinstance.py:1382} INFO - Executing <Task(BashOperator): send_to_kafka> on 2025-07-18 19:52:00+00:00
[2025-07-18T19:54:01.554+0000] {standard_task_runner.py:57} INFO - Started process 5552 to run task
[2025-07-18T19:54:01.556+0000] {standard_task_runner.py:84} INFO - Running: ['***', 'tasks', 'run', 'restaurant_pipeline', 'send_to_kafka', 'scheduled__2025-07-18T19:52:00+00:00', '--job-id', '572', '--raw', '--subdir', 'DAGS_FOLDER/restaurant_pipeline.py', '--cfg-path', '/tmp/tmpugbx6_fk']
[2025-07-18T19:54:01.557+0000] {standard_task_runner.py:85} INFO - Job 572: Subtask send_to_kafka
[2025-07-18T19:54:01.579+0000] {task_command.py:416} INFO - Running <TaskInstance: restaurant_pipeline.send_to_kafka scheduled__2025-07-18T19:52:00+00:00 [running]> on host 9bcfb43e0ab7
[2025-07-18T19:54:01.618+0000] {taskinstance.py:1662} INFO - Exporting env vars: AIRFLOW_CTX_DAG_OWNER='moran' AIRFLOW_CTX_DAG_ID='restaurant_pipeline' AIRFLOW_CTX_TASK_ID='send_to_kafka' AIRFLOW_CTX_EXECUTION_DATE='2025-07-18T19:52:00+00:00' AIRFLOW_CTX_TRY_NUMBER='1' AIRFLOW_CTX_DAG_RUN_ID='scheduled__2025-07-18T19:52:00+00:00'
[2025-07-18T19:54:01.619+0000] {subprocess.py:63} INFO - Tmp dir root location: /tmp
[2025-07-18T19:54:01.619+0000] {subprocess.py:75} INFO - Running command: ['/bin/bash', '-c', 'python /opt/streaming/producer.py']
[2025-07-18T19:54:01.623+0000] {subprocess.py:86} INFO - Output:
[2025-07-18T19:54:03.892+0000] {subprocess.py:93} INFO - [✓] Sent to reservations: {'reservation_id': 6552, 'branch_id': 102, 'customer_name': 'Tanya Butler', 'phone_number': '+1-776-867-7907x30623', 'reservation_date': '2025-07-18', 'reservation_time': '20:08', 'guests_count': 6, 'is_confirmed': False}
[2025-07-18T19:54:03.893+0000] {subprocess.py:93} INFO - [✓] Sent to reservations: {'reservation_id': 7342, 'branch_id': 102, 'customer_name': 'Michael Marshall', 'phone_number': '670-273-9170', 'reservation_date': '2025-07-18', 'reservation_time': '21:40', 'guests_count': 8, 'is_confirmed': False}
[2025-07-18T19:54:03.896+0000] {subprocess.py:93} INFO - [✓] Sent to reservations: {'reservation_id': 2175, 'branch_id': 102, 'customer_name': 'Daniel Peters', 'phone_number': '659-936-6101x55928', 'reservation_date': '2025-07-18', 'reservation_time': '20:33', 'guests_count': 1, 'is_confirmed': True}
[2025-07-18T19:54:03.896+0000] {subprocess.py:93} INFO - [✓] Sent to checkins: {'checkin_id': 3396, 'customer_name': 'Ashley Guerrero', 'phone_number': '+1-217-756-1459x16463', 'branch_id': 102, 'table_id': 201, 'is_prebooked': False, 'checkin_date': '2025-07-18', 'checkin_time': '18:12', 'guests_count': 4, 'shift_manager': 'Brian Rodgers'}
[2025-07-18T19:54:03.897+0000] {subprocess.py:93} INFO - [✓] Sent to checkins: {'checkin_id': 2992, 'customer_name': 'Jeffrey Adams', 'phone_number': '(780)329-3561', 'branch_id': 101, 'table_id': 204, 'is_prebooked': False, 'checkin_date': '2025-07-18', 'checkin_time': '17:56', 'guests_count': 4, 'shift_manager': 'Eric Johnson'}
[2025-07-18T19:54:03.897+0000] {subprocess.py:93} INFO - [✓] Sent to checkins: {'checkin_id': 6848, 'customer_name': 'Robert Richardson', 'phone_number': '205.961.5311x502', 'branch_id': 101, 'table_id': 208, 'is_prebooked': False, 'checkin_date': '2025-07-18', 'checkin_time': '18:40', 'guests_count': 3, 'shift_manager': 'James Boone'}
[2025-07-18T19:54:03.897+0000] {subprocess.py:93} INFO - [✓] Sent to feedback: {'feedback_id': 7984, 'branch_id': 102, 'customer_name': 'Ashley Barber', 'phone_number': '(235)277-7104', 'feedback_text': 'Institution nothing radio improve seat decade street.', 'rating': 1, 'dining_date': '2025-07-18', 'dining_time': '18:16', 'submission_time': '2025-07-18T19:54:00'}
[2025-07-18T19:54:03.897+0000] {subprocess.py:93} INFO - [✓] Sent to feedback: {'feedback_id': 1699, 'branch_id': 102, 'customer_name': 'Joy Padilla', 'phone_number': '+1-324-831-9254x6398', 'feedback_text': 'Think onto executive whom somebody everyone hot system.', 'rating': 3, 'dining_date': '2025-07-18', 'dining_time': '19:54', 'submission_time': '2025-07-18T19:54:00'}
[2025-07-18T19:54:03.897+0000] {subprocess.py:93} INFO - [✓] Sent to feedback: {'feedback_id': 8786, 'branch_id': 102, 'customer_name': 'Maria Martinez', 'phone_number': '557-621-3517', 'feedback_text': 'Anyone medical process term record other more yes.', 'rating': 2, 'dining_date': '2025-07-18', 'dining_time': '18:03', 'submission_time': '2025-07-18T19:54:00'}
[2025-07-18T19:54:03.897+0000] {subprocess.py:93} INFO - ✅ All messages sent.
[2025-07-18T19:54:03.970+0000] {subprocess.py:97} INFO - Command exited with return code 0
[2025-07-18T19:54:03.995+0000] {taskinstance.py:1400} INFO - Marking task as SUCCESS. dag_id=restaurant_pipeline, task_id=send_to_kafka, execution_date=20250718T195200, start_date=20250718T195401, end_date=20250718T195403
[2025-07-18T19:54:04.017+0000] {local_task_job_runner.py:228} INFO - Task exited with return code 0
[2025-07-18T19:54:04.046+0000] {taskinstance.py:2778} INFO - 1 downstream tasks scheduled from follow-on schedule check
