[2025-07-19T19:51:00.637+0000] {taskinstance.py:1159} INFO - Dependencies all met for dep_context=non-requeueable deps ti=<TaskInstance: restaurant_pipeline.send_to_kafka scheduled__2025-07-19T19:48:00+00:00 [queued]>
[2025-07-19T19:51:00.642+0000] {taskinstance.py:1159} INFO - Dependencies all met for dep_context=requeueable deps ti=<TaskInstance: restaurant_pipeline.send_to_kafka scheduled__2025-07-19T19:48:00+00:00 [queued]>
[2025-07-19T19:51:00.642+0000] {taskinstance.py:1361} INFO - Starting attempt 1 of 1
[2025-07-19T19:51:00.649+0000] {taskinstance.py:1382} INFO - Executing <Task(BashOperator): send_to_kafka> on 2025-07-19 19:48:00+00:00
[2025-07-19T19:51:00.651+0000] {standard_task_runner.py:57} INFO - Started process 2757 to run task
[2025-07-19T19:51:00.654+0000] {standard_task_runner.py:84} INFO - Running: ['***', 'tasks', 'run', 'restaurant_pipeline', 'send_to_kafka', 'scheduled__2025-07-19T19:48:00+00:00', '--job-id', '1138', '--raw', '--subdir', 'DAGS_FOLDER/restaurant_pipeline.py', '--cfg-path', '/tmp/tmp6lnk41tw']
[2025-07-19T19:51:00.656+0000] {standard_task_runner.py:85} INFO - Job 1138: Subtask send_to_kafka
[2025-07-19T19:51:00.684+0000] {task_command.py:416} INFO - Running <TaskInstance: restaurant_pipeline.send_to_kafka scheduled__2025-07-19T19:48:00+00:00 [running]> on host e3f5d8fc4eef
[2025-07-19T19:51:00.728+0000] {taskinstance.py:1662} INFO - Exporting env vars: AIRFLOW_CTX_DAG_OWNER='moran' AIRFLOW_CTX_DAG_ID='restaurant_pipeline' AIRFLOW_CTX_TASK_ID='send_to_kafka' AIRFLOW_CTX_EXECUTION_DATE='2025-07-19T19:48:00+00:00' AIRFLOW_CTX_TRY_NUMBER='1' AIRFLOW_CTX_DAG_RUN_ID='scheduled__2025-07-19T19:48:00+00:00'
[2025-07-19T19:51:00.729+0000] {subprocess.py:63} INFO - Tmp dir root location: /tmp
[2025-07-19T19:51:00.729+0000] {subprocess.py:75} INFO - Running command: ['/bin/bash', '-c', 'python /opt/streaming/producer.py']
[2025-07-19T19:51:00.734+0000] {subprocess.py:86} INFO - Output:
[2025-07-19T19:51:03.061+0000] {subprocess.py:93} INFO - [✓] Sent to reservations: {'reservation_id': 8956, 'branch_id': 102, 'customer_name': 'Samantha Rhodes', 'phone_number': '+1-739-735-5264', 'reservation_date': '2025-07-19', 'reservation_time': '21:19', 'guests_count': 4, 'is_confirmed': True}
[2025-07-19T19:51:03.062+0000] {subprocess.py:93} INFO - [✓] Sent to reservations: {'reservation_id': 8813, 'branch_id': 102, 'customer_name': 'Robert Shepherd', 'phone_number': '(399)664-3604x014', 'reservation_date': '2025-07-19', 'reservation_time': '21:32', 'guests_count': 3, 'is_confirmed': False}
[2025-07-19T19:51:03.062+0000] {subprocess.py:93} INFO - [✓] Sent to reservations: {'reservation_id': 3198, 'branch_id': 101, 'customer_name': 'Rhonda Hopkins', 'phone_number': '+1-303-994-6122x1230', 'reservation_date': '2025-07-19', 'reservation_time': '21:46', 'guests_count': 1, 'is_confirmed': False}
[2025-07-19T19:51:03.062+0000] {subprocess.py:93} INFO - [✓] Sent to checkins: {'checkin_id': 6951, 'customer_name': 'Jessica Mccall', 'phone_number': '001-362-914-7509x49457', 'branch_id': 101, 'table_id': 205, 'is_prebooked': False, 'checkin_date': '2025-07-19', 'checkin_time': '18:18', 'guests_count': 5, 'shift_manager': 'Robert Johnson'}
[2025-07-19T19:51:03.062+0000] {subprocess.py:93} INFO - [✓] Sent to checkins: {'checkin_id': 4142, 'customer_name': 'Sarah Sparks', 'phone_number': '001-364-250-2030x222', 'branch_id': 101, 'table_id': 210, 'is_prebooked': True, 'checkin_date': '2025-07-19', 'checkin_time': '18:58', 'guests_count': 5, 'shift_manager': 'Karen Miller'}
[2025-07-19T19:51:03.063+0000] {subprocess.py:93} INFO - [✓] Sent to checkins: {'checkin_id': 9736, 'customer_name': 'Robert Fields', 'phone_number': '369.357.0134x850', 'branch_id': 101, 'table_id': 210, 'is_prebooked': False, 'checkin_date': '2025-07-19', 'checkin_time': '18:31', 'guests_count': 4, 'shift_manager': 'Lindsey Ryan'}
[2025-07-19T19:51:03.063+0000] {subprocess.py:93} INFO - [✓] Sent to feedback: {'feedback_id': 9425, 'branch_id': 101, 'customer_name': 'Sandra Maldonado', 'phone_number': '001-788-657-8930x804', 'feedback_text': 'Forward window drug half budget.', 'rating': 4, 'dining_date': '2025-07-19', 'dining_time': '18:36', 'submission_time': '2025-07-19T19:50:59'}
[2025-07-19T19:51:03.064+0000] {subprocess.py:93} INFO - [✓] Sent to feedback: {'feedback_id': 5012, 'branch_id': 102, 'customer_name': 'Stephanie Brown', 'phone_number': '(489)774-7182', 'feedback_text': 'Will home whatever hear.', 'rating': 2, 'dining_date': '2025-07-19', 'dining_time': '18:33', 'submission_time': '2025-07-19T19:50:59'}
[2025-07-19T19:51:03.064+0000] {subprocess.py:93} INFO - [✓] Sent to feedback: {'feedback_id': 8444, 'branch_id': 101, 'customer_name': 'Tyler Robinson', 'phone_number': '+1-685-934-3883', 'feedback_text': 'Still manager difficult possible quite low together school.', 'rating': 2, 'dining_date': '2025-07-19', 'dining_time': '17:50', 'submission_time': '2025-07-19T19:50:59'}
[2025-07-19T19:51:03.064+0000] {subprocess.py:93} INFO - ✅ All messages sent.
[2025-07-19T19:51:03.110+0000] {subprocess.py:97} INFO - Command exited with return code 0
[2025-07-19T19:51:03.128+0000] {taskinstance.py:1400} INFO - Marking task as SUCCESS. dag_id=restaurant_pipeline, task_id=send_to_kafka, execution_date=20250719T194800, start_date=20250719T195100, end_date=20250719T195103
[2025-07-19T19:51:03.156+0000] {local_task_job_runner.py:228} INFO - Task exited with return code 0
[2025-07-19T19:51:03.184+0000] {taskinstance.py:2778} INFO - 1 downstream tasks scheduled from follow-on schedule check
