[2025-07-18T15:34:01.850+0000] {taskinstance.py:1159} INFO - Dependencies all met for dep_context=non-requeueable deps ti=<TaskInstance: restaurant_pipeline.send_to_kafka scheduled__2025-07-18T15:32:00+00:00 [queued]>
[2025-07-18T15:34:01.854+0000] {taskinstance.py:1159} INFO - Dependencies all met for dep_context=requeueable deps ti=<TaskInstance: restaurant_pipeline.send_to_kafka scheduled__2025-07-18T15:32:00+00:00 [queued]>
[2025-07-18T15:34:01.854+0000] {taskinstance.py:1361} INFO - Starting attempt 1 of 1
[2025-07-18T15:34:01.860+0000] {taskinstance.py:1382} INFO - Executing <Task(BashOperator): send_to_kafka> on 2025-07-18 15:32:00+00:00
[2025-07-18T15:34:01.862+0000] {standard_task_runner.py:57} INFO - Started process 468 to run task
[2025-07-18T15:34:01.864+0000] {standard_task_runner.py:84} INFO - Running: ['***', 'tasks', 'run', 'restaurant_pipeline', 'send_to_kafka', 'scheduled__2025-07-18T15:32:00+00:00', '--job-id', '113', '--raw', '--subdir', 'DAGS_FOLDER/restaurant_pipeline.py', '--cfg-path', '/tmp/tmpg1srao8d']
[2025-07-18T15:34:01.865+0000] {standard_task_runner.py:85} INFO - Job 113: Subtask send_to_kafka
[2025-07-18T15:34:01.888+0000] {task_command.py:416} INFO - Running <TaskInstance: restaurant_pipeline.send_to_kafka scheduled__2025-07-18T15:32:00+00:00 [running]> on host 9bcfb43e0ab7
[2025-07-18T15:34:01.924+0000] {taskinstance.py:1662} INFO - Exporting env vars: AIRFLOW_CTX_DAG_OWNER='moran' AIRFLOW_CTX_DAG_ID='restaurant_pipeline' AIRFLOW_CTX_TASK_ID='send_to_kafka' AIRFLOW_CTX_EXECUTION_DATE='2025-07-18T15:32:00+00:00' AIRFLOW_CTX_TRY_NUMBER='1' AIRFLOW_CTX_DAG_RUN_ID='scheduled__2025-07-18T15:32:00+00:00'
[2025-07-18T15:34:01.924+0000] {subprocess.py:63} INFO - Tmp dir root location: /tmp
[2025-07-18T15:34:01.925+0000] {subprocess.py:75} INFO - Running command: ['/bin/bash', '-c', 'python /opt/streaming/producer.py']
[2025-07-18T15:34:01.930+0000] {subprocess.py:86} INFO - Output:
[2025-07-18T15:34:04.174+0000] {subprocess.py:93} INFO - [✓] Sent to reservations: {'reservation_id': 2771, 'branch_id': 102, 'customer_name': 'Amanda Cooper', 'phone_number': '+1-807-802-0365x35964', 'reservation_date': '2025-07-18', 'reservation_time': '17:11', 'guests_count': 5, 'is_confirmed': True}
[2025-07-18T15:34:04.175+0000] {subprocess.py:93} INFO - [✓] Sent to reservations: {'reservation_id': 1218, 'branch_id': 101, 'customer_name': 'Gene Gonzalez', 'phone_number': '478-363-9334', 'reservation_date': '2025-07-18', 'reservation_time': '15:50', 'guests_count': 2, 'is_confirmed': False}
[2025-07-18T15:34:04.180+0000] {subprocess.py:93} INFO - [✓] Sent to reservations: {'reservation_id': 7295, 'branch_id': 101, 'customer_name': 'Diane Hernandez', 'phone_number': '001-904-260-1187x36408', 'reservation_date': '2025-07-18', 'reservation_time': '17:26', 'guests_count': 8, 'is_confirmed': False}
[2025-07-18T15:34:04.181+0000] {subprocess.py:93} INFO - [✓] Sent to checkins: {'checkin_id': 1728, 'customer_name': 'Allison Powell', 'phone_number': '327-930-1532x59173', 'branch_id': 101, 'table_id': 208, 'is_prebooked': False, 'checkin_date': '2025-07-18', 'checkin_time': '15:25', 'guests_count': 6, 'shift_manager': 'Cassandra Trevino'}
[2025-07-18T15:34:04.182+0000] {subprocess.py:93} INFO - [✓] Sent to checkins: {'checkin_id': 7194, 'customer_name': 'Valerie Patrick', 'phone_number': '804-439-9117', 'branch_id': 102, 'table_id': 205, 'is_prebooked': False, 'checkin_date': '2025-07-18', 'checkin_time': '15:06', 'guests_count': 6, 'shift_manager': 'Brandon Williams'}
[2025-07-18T15:34:04.187+0000] {subprocess.py:93} INFO - [✓] Sent to checkins: {'checkin_id': 8941, 'customer_name': 'Mark Edwards', 'phone_number': '957-685-2798x5217', 'branch_id': 102, 'table_id': 204, 'is_prebooked': False, 'checkin_date': '2025-07-18', 'checkin_time': '14:13', 'guests_count': 5, 'shift_manager': 'Andrew Green'}
[2025-07-18T15:34:04.188+0000] {subprocess.py:93} INFO - [✓] Sent to feedback: {'feedback_id': 7744, 'branch_id': 101, 'customer_name': 'Kevin Martinez', 'phone_number': '794.823.5765x6183', 'feedback_text': 'Almost hotel gas purpose effect race environmental.', 'rating': 1, 'dining_date': '2025-07-18', 'dining_time': '14:26', 'submission_time': '2025-07-18T15:34:00'}
[2025-07-18T15:34:04.190+0000] {subprocess.py:93} INFO - [✓] Sent to feedback: {'feedback_id': 3024, 'branch_id': 102, 'customer_name': 'John Pierce', 'phone_number': '808.286.3959', 'feedback_text': 'Couple size visit reflect behind simply.', 'rating': 4, 'dining_date': '2025-07-18', 'dining_time': '13:56', 'submission_time': '2025-07-18T15:34:00'}
[2025-07-18T15:34:04.191+0000] {subprocess.py:93} INFO - [✓] Sent to feedback: {'feedback_id': 4642, 'branch_id': 101, 'customer_name': 'Kevin Bruce', 'phone_number': '+1-821-805-2791x298', 'feedback_text': 'Action staff say kid activity dream wrong.', 'rating': 5, 'dining_date': '2025-07-18', 'dining_time': '13:46', 'submission_time': '2025-07-18T15:34:00'}
[2025-07-18T15:34:04.192+0000] {subprocess.py:93} INFO - ✅ All messages sent.
[2025-07-18T15:34:04.240+0000] {subprocess.py:97} INFO - Command exited with return code 0
[2025-07-18T15:34:04.279+0000] {taskinstance.py:1400} INFO - Marking task as SUCCESS. dag_id=restaurant_pipeline, task_id=send_to_kafka, execution_date=20250718T153200, start_date=20250718T153401, end_date=20250718T153404
[2025-07-18T15:34:04.309+0000] {local_task_job_runner.py:228} INFO - Task exited with return code 0
[2025-07-18T15:34:04.348+0000] {taskinstance.py:2778} INFO - 1 downstream tasks scheduled from follow-on schedule check
