[2025-07-18T15:21:33.581+0000] {taskinstance.py:1159} INFO - Dependencies all met for dep_context=non-requeueable deps ti=<TaskInstance: restaurant_pipeline.send_to_kafka manual__2025-07-18T15:21:31.773377+00:00 [queued]>
[2025-07-18T15:21:33.585+0000] {taskinstance.py:1159} INFO - Dependencies all met for dep_context=requeueable deps ti=<TaskInstance: restaurant_pipeline.send_to_kafka manual__2025-07-18T15:21:31.773377+00:00 [queued]>
[2025-07-18T15:21:33.586+0000] {taskinstance.py:1361} INFO - Starting attempt 1 of 1
[2025-07-18T15:21:33.591+0000] {taskinstance.py:1382} INFO - Executing <Task(BashOperator): send_to_kafka> on 2025-07-18 15:21:31.773377+00:00
[2025-07-18T15:21:33.593+0000] {standard_task_runner.py:57} INFO - Started process 235 to run task
[2025-07-18T15:21:33.596+0000] {standard_task_runner.py:84} INFO - Running: ['***', 'tasks', 'run', 'restaurant_pipeline', 'send_to_kafka', 'manual__2025-07-18T15:21:31.773377+00:00', '--job-id', '92', '--raw', '--subdir', 'DAGS_FOLDER/restaurant_pipeline.py', '--cfg-path', '/tmp/tmp9dk3qrav']
[2025-07-18T15:21:33.598+0000] {standard_task_runner.py:85} INFO - Job 92: Subtask send_to_kafka
[2025-07-18T15:21:33.622+0000] {task_command.py:416} INFO - Running <TaskInstance: restaurant_pipeline.send_to_kafka manual__2025-07-18T15:21:31.773377+00:00 [running]> on host 9bcfb43e0ab7
[2025-07-18T15:21:33.656+0000] {taskinstance.py:1662} INFO - Exporting env vars: AIRFLOW_CTX_DAG_OWNER='moran' AIRFLOW_CTX_DAG_ID='restaurant_pipeline' AIRFLOW_CTX_TASK_ID='send_to_kafka' AIRFLOW_CTX_EXECUTION_DATE='2025-07-18T15:21:31.773377+00:00' AIRFLOW_CTX_TRY_NUMBER='1' AIRFLOW_CTX_DAG_RUN_ID='manual__2025-07-18T15:21:31.773377+00:00'
[2025-07-18T15:21:33.656+0000] {subprocess.py:63} INFO - Tmp dir root location: /tmp
[2025-07-18T15:21:33.657+0000] {subprocess.py:75} INFO - Running command: ['/bin/bash', '-c', 'python /opt/streaming/producer.py']
[2025-07-18T15:21:33.661+0000] {subprocess.py:86} INFO - Output:
[2025-07-18T15:21:35.900+0000] {subprocess.py:93} INFO - [✓] Sent to reservations: {'reservation_id': 8645, 'branch_id': 101, 'customer_name': 'John Bradley', 'phone_number': '225-853-0970', 'reservation_date': '2025-07-18', 'reservation_time': '16:01', 'guests_count': 3, 'is_confirmed': False}
[2025-07-18T15:21:35.901+0000] {subprocess.py:93} INFO - [✓] Sent to reservations: {'reservation_id': 2015, 'branch_id': 101, 'customer_name': 'Adam Medina', 'phone_number': '(817)474-4702', 'reservation_date': '2025-07-18', 'reservation_time': '15:34', 'guests_count': 7, 'is_confirmed': False}
[2025-07-18T15:21:35.901+0000] {subprocess.py:93} INFO - [✓] Sent to reservations: {'reservation_id': 6421, 'branch_id': 101, 'customer_name': 'Bryan Hale', 'phone_number': '(271)378-5015x091', 'reservation_date': '2025-07-18', 'reservation_time': '15:34', 'guests_count': 3, 'is_confirmed': True}
[2025-07-18T15:21:35.902+0000] {subprocess.py:93} INFO - [✓] Sent to checkins: {'checkin_id': 7340, 'customer_name': 'Anthony Bailey Jr.', 'phone_number': '(937)495-7249', 'branch_id': 102, 'table_id': 201, 'is_prebooked': True, 'checkin_date': '2025-07-18', 'checkin_time': '13:50', 'guests_count': 2, 'shift_manager': 'Janice Moore'}
[2025-07-18T15:21:35.902+0000] {subprocess.py:93} INFO - [✓] Sent to checkins: {'checkin_id': 7379, 'customer_name': 'Dr. William Cain', 'phone_number': '+1-750-766-3138', 'branch_id': 102, 'table_id': 208, 'is_prebooked': False, 'checkin_date': '2025-07-18', 'checkin_time': '14:02', 'guests_count': 5, 'shift_manager': 'Jesse Hebert'}
[2025-07-18T15:21:35.902+0000] {subprocess.py:93} INFO - [✓] Sent to checkins: {'checkin_id': 4945, 'customer_name': 'James Simmons', 'phone_number': '(342)520-8384x80387', 'branch_id': 101, 'table_id': 200, 'is_prebooked': True, 'checkin_date': '2025-07-18', 'checkin_time': '14:18', 'guests_count': 2, 'shift_manager': 'Lisa Williams'}
[2025-07-18T15:21:35.903+0000] {subprocess.py:93} INFO - [✓] Sent to feedback: {'feedback_id': 3547, 'branch_id': 101, 'customer_name': 'Dalton Hess', 'phone_number': '001-319-836-5386x405', 'feedback_text': 'Nice room however former keep.', 'rating': 2, 'dining_date': '2025-07-18', 'dining_time': '13:56', 'submission_time': '2025-07-18T15:21:32'}
[2025-07-18T15:21:35.903+0000] {subprocess.py:93} INFO - [✓] Sent to feedback: {'feedback_id': 7544, 'branch_id': 101, 'customer_name': 'Crystal White', 'phone_number': '001-887-219-2208x522', 'feedback_text': 'Others time center ground several establish inside scientist.', 'rating': 5, 'dining_date': '2025-07-18', 'dining_time': '15:19', 'submission_time': '2025-07-18T15:21:32'}
[2025-07-18T15:21:35.904+0000] {subprocess.py:93} INFO - [✓] Sent to feedback: {'feedback_id': 9582, 'branch_id': 101, 'customer_name': 'Dr. John Gregory', 'phone_number': '(619)839-6674', 'feedback_text': 'Stuff paper realize kind explain.', 'rating': 3, 'dining_date': '2025-07-18', 'dining_time': '15:15', 'submission_time': '2025-07-18T15:21:32'}
[2025-07-18T15:21:35.904+0000] {subprocess.py:93} INFO - ✅ All messages sent.
[2025-07-18T15:21:35.937+0000] {subprocess.py:97} INFO - Command exited with return code 0
[2025-07-18T15:21:35.956+0000] {taskinstance.py:1400} INFO - Marking task as SUCCESS. dag_id=restaurant_pipeline, task_id=send_to_kafka, execution_date=20250718T152131, start_date=20250718T152133, end_date=20250718T152135
[2025-07-18T15:21:35.967+0000] {local_task_job_runner.py:228} INFO - Task exited with return code 0
[2025-07-18T15:21:35.995+0000] {taskinstance.py:2778} INFO - 1 downstream tasks scheduled from follow-on schedule check
