[2025-07-18T19:08:27.089+0000] {taskinstance.py:1159} INFO - Dependencies all met for dep_context=non-requeueable deps ti=<TaskInstance: restaurant_pipeline.send_to_kafka manual__2025-07-18T19:06:38.472902+00:00 [queued]>
[2025-07-18T19:08:27.093+0000] {taskinstance.py:1159} INFO - Dependencies all met for dep_context=requeueable deps ti=<TaskInstance: restaurant_pipeline.send_to_kafka manual__2025-07-18T19:06:38.472902+00:00 [queued]>
[2025-07-18T19:08:27.093+0000] {taskinstance.py:1361} INFO - Starting attempt 1 of 1
[2025-07-18T19:08:27.099+0000] {taskinstance.py:1382} INFO - Executing <Task(BashOperator): send_to_kafka> on 2025-07-18 19:06:38.472902+00:00
[2025-07-18T19:08:27.101+0000] {standard_task_runner.py:57} INFO - Started process 4399 to run task
[2025-07-18T19:08:27.103+0000] {standard_task_runner.py:84} INFO - Running: ['***', 'tasks', 'run', 'restaurant_pipeline', 'send_to_kafka', 'manual__2025-07-18T19:06:38.472902+00:00', '--job-id', '470', '--raw', '--subdir', 'DAGS_FOLDER/restaurant_pipeline.py', '--cfg-path', '/tmp/tmp4bjehn69']
[2025-07-18T19:08:27.104+0000] {standard_task_runner.py:85} INFO - Job 470: Subtask send_to_kafka
[2025-07-18T19:08:27.125+0000] {task_command.py:416} INFO - Running <TaskInstance: restaurant_pipeline.send_to_kafka manual__2025-07-18T19:06:38.472902+00:00 [running]> on host 9bcfb43e0ab7
[2025-07-18T19:08:27.159+0000] {taskinstance.py:1662} INFO - Exporting env vars: AIRFLOW_CTX_DAG_OWNER='moran' AIRFLOW_CTX_DAG_ID='restaurant_pipeline' AIRFLOW_CTX_TASK_ID='send_to_kafka' AIRFLOW_CTX_EXECUTION_DATE='2025-07-18T19:06:38.472902+00:00' AIRFLOW_CTX_TRY_NUMBER='1' AIRFLOW_CTX_DAG_RUN_ID='manual__2025-07-18T19:06:38.472902+00:00'
[2025-07-18T19:08:27.160+0000] {subprocess.py:63} INFO - Tmp dir root location: /tmp
[2025-07-18T19:08:27.160+0000] {subprocess.py:75} INFO - Running command: ['/bin/bash', '-c', 'python /opt/streaming/producer.py']
[2025-07-18T19:08:27.164+0000] {subprocess.py:86} INFO - Output:
[2025-07-18T19:08:29.437+0000] {subprocess.py:93} INFO - [✓] Sent to reservations: {'reservation_id': 9593, 'branch_id': 101, 'customer_name': 'Catherine Frederick', 'phone_number': '220.261.6514', 'reservation_date': '2025-07-18', 'reservation_time': '20:21', 'guests_count': 2, 'is_confirmed': True}
[2025-07-18T19:08:29.443+0000] {subprocess.py:93} INFO - [✓] Sent to reservations: {'reservation_id': 3176, 'branch_id': 102, 'customer_name': 'Jessica Schneider', 'phone_number': '001-339-483-7266x38348', 'reservation_date': '2025-07-18', 'reservation_time': '20:00', 'guests_count': 4, 'is_confirmed': False}
[2025-07-18T19:08:29.444+0000] {subprocess.py:93} INFO - [✓] Sent to reservations: {'reservation_id': 5185, 'branch_id': 101, 'customer_name': 'Mckenzie Mathis', 'phone_number': '832.555.9727', 'reservation_date': '2025-07-18', 'reservation_time': '19:27', 'guests_count': 8, 'is_confirmed': True}
[2025-07-18T19:08:29.444+0000] {subprocess.py:93} INFO - [✓] Sent to checkins: {'checkin_id': 6731, 'customer_name': 'Alexis Craig', 'phone_number': '712.930.8748', 'branch_id': 101, 'table_id': 206, 'is_prebooked': True, 'checkin_date': '2025-07-18', 'checkin_time': '17:58', 'guests_count': 1, 'shift_manager': 'Ivan Schultz'}
[2025-07-18T19:08:29.444+0000] {subprocess.py:93} INFO - [✓] Sent to checkins: {'checkin_id': 9717, 'customer_name': 'Stephanie Randall', 'phone_number': '779.541.6101x47347', 'branch_id': 101, 'table_id': 209, 'is_prebooked': True, 'checkin_date': '2025-07-18', 'checkin_time': '17:46', 'guests_count': 4, 'shift_manager': 'Ryan Jimenez'}
[2025-07-18T19:08:29.445+0000] {subprocess.py:93} INFO - [✓] Sent to checkins: {'checkin_id': 4867, 'customer_name': 'Tara Gutierrez', 'phone_number': '(482)870-6302x45588', 'branch_id': 101, 'table_id': 200, 'is_prebooked': True, 'checkin_date': '2025-07-18', 'checkin_time': '19:05', 'guests_count': 6, 'shift_manager': 'Mark Williams'}
[2025-07-18T19:08:29.445+0000] {subprocess.py:93} INFO - [✓] Sent to feedback: {'feedback_id': 9813, 'branch_id': 102, 'customer_name': 'Joseph Walker', 'phone_number': '001-349-767-1347x16054', 'feedback_text': 'Service sometimes try remain.', 'rating': 3, 'dining_date': '2025-07-18', 'dining_time': '18:42', 'submission_time': '2025-07-18T19:08:26'}
[2025-07-18T19:08:29.445+0000] {subprocess.py:93} INFO - [✓] Sent to feedback: {'feedback_id': 2243, 'branch_id': 102, 'customer_name': 'Sarah Bullock', 'phone_number': '+1-364-567-6359x72572', 'feedback_text': 'Soon item say pull race toward dinner.', 'rating': 1, 'dining_date': '2025-07-18', 'dining_time': '17:13', 'submission_time': '2025-07-18T19:08:26'}
[2025-07-18T19:08:29.445+0000] {subprocess.py:93} INFO - [✓] Sent to feedback: {'feedback_id': 5643, 'branch_id': 102, 'customer_name': 'Victoria Jones', 'phone_number': '546-405-7858', 'feedback_text': 'Short I century fast.', 'rating': 5, 'dining_date': '2025-07-18', 'dining_time': '17:17', 'submission_time': '2025-07-18T19:08:26'}
[2025-07-18T19:08:29.446+0000] {subprocess.py:93} INFO - ✅ All messages sent.
[2025-07-18T19:08:29.493+0000] {subprocess.py:97} INFO - Command exited with return code 0
[2025-07-18T19:08:29.511+0000] {taskinstance.py:1400} INFO - Marking task as SUCCESS. dag_id=restaurant_pipeline, task_id=send_to_kafka, execution_date=20250718T190638, start_date=20250718T190827, end_date=20250718T190829
[2025-07-18T19:08:29.559+0000] {local_task_job_runner.py:228} INFO - Task exited with return code 0
[2025-07-18T19:08:29.587+0000] {taskinstance.py:2778} INFO - 1 downstream tasks scheduled from follow-on schedule check
