[2025-07-18T19:00:38.872+0000] {taskinstance.py:1159} INFO - Dependencies all met for dep_context=non-requeueable deps ti=<TaskInstance: restaurant_pipeline.send_to_kafka scheduled__2025-07-18T18:58:00+00:00 [queued]>
[2025-07-18T19:00:38.876+0000] {taskinstance.py:1159} INFO - Dependencies all met for dep_context=requeueable deps ti=<TaskInstance: restaurant_pipeline.send_to_kafka scheduled__2025-07-18T18:58:00+00:00 [queued]>
[2025-07-18T19:00:38.876+0000] {taskinstance.py:1361} INFO - Starting attempt 1 of 1
[2025-07-18T19:00:38.881+0000] {taskinstance.py:1382} INFO - Executing <Task(BashOperator): send_to_kafka> on 2025-07-18 18:58:00+00:00
[2025-07-18T19:00:38.883+0000] {standard_task_runner.py:57} INFO - Started process 4179 to run task
[2025-07-18T19:00:38.885+0000] {standard_task_runner.py:84} INFO - Running: ['***', 'tasks', 'run', 'restaurant_pipeline', 'send_to_kafka', 'scheduled__2025-07-18T18:58:00+00:00', '--job-id', '450', '--raw', '--subdir', 'DAGS_FOLDER/restaurant_pipeline.py', '--cfg-path', '/tmp/tmpn2sq3on5']
[2025-07-18T19:00:38.887+0000] {standard_task_runner.py:85} INFO - Job 450: Subtask send_to_kafka
[2025-07-18T19:00:38.912+0000] {task_command.py:416} INFO - Running <TaskInstance: restaurant_pipeline.send_to_kafka scheduled__2025-07-18T18:58:00+00:00 [running]> on host 9bcfb43e0ab7
[2025-07-18T19:00:38.950+0000] {taskinstance.py:1662} INFO - Exporting env vars: AIRFLOW_CTX_DAG_OWNER='moran' AIRFLOW_CTX_DAG_ID='restaurant_pipeline' AIRFLOW_CTX_TASK_ID='send_to_kafka' AIRFLOW_CTX_EXECUTION_DATE='2025-07-18T18:58:00+00:00' AIRFLOW_CTX_TRY_NUMBER='1' AIRFLOW_CTX_DAG_RUN_ID='scheduled__2025-07-18T18:58:00+00:00'
[2025-07-18T19:00:38.950+0000] {subprocess.py:63} INFO - Tmp dir root location: /tmp
[2025-07-18T19:00:38.951+0000] {subprocess.py:75} INFO - Running command: ['/bin/bash', '-c', 'python /opt/streaming/producer.py']
[2025-07-18T19:00:38.955+0000] {subprocess.py:86} INFO - Output:
[2025-07-18T19:00:41.199+0000] {subprocess.py:93} INFO - [✓] Sent to reservations: {'reservation_id': 7738, 'branch_id': 102, 'customer_name': 'Vincent Booker', 'phone_number': '+1-200-992-5428x033', 'reservation_date': '2025-07-18', 'reservation_time': '19:53', 'guests_count': 4, 'is_confirmed': True}
[2025-07-18T19:00:41.203+0000] {subprocess.py:93} INFO - [✓] Sent to reservations: {'reservation_id': 8971, 'branch_id': 102, 'customer_name': 'David Freeman', 'phone_number': '(623)880-6108', 'reservation_date': '2025-07-18', 'reservation_time': '20:01', 'guests_count': 8, 'is_confirmed': False}
[2025-07-18T19:00:41.204+0000] {subprocess.py:93} INFO - [✓] Sent to reservations: {'reservation_id': 7233, 'branch_id': 102, 'customer_name': 'Katie Cook', 'phone_number': '7643169356', 'reservation_date': '2025-07-18', 'reservation_time': '19:31', 'guests_count': 4, 'is_confirmed': False}
[2025-07-18T19:00:41.206+0000] {subprocess.py:93} INFO - [✓] Sent to checkins: {'checkin_id': 6279, 'customer_name': 'Terry Schroeder', 'phone_number': '(997)693-5759', 'branch_id': 102, 'table_id': 208, 'is_prebooked': True, 'checkin_date': '2025-07-18', 'checkin_time': '18:34', 'guests_count': 6, 'shift_manager': 'Kenneth Butler'}
[2025-07-18T19:00:41.206+0000] {subprocess.py:93} INFO - [✓] Sent to checkins: {'checkin_id': 9786, 'customer_name': 'Justin Smith', 'phone_number': '(375)563-2917', 'branch_id': 102, 'table_id': 205, 'is_prebooked': False, 'checkin_date': '2025-07-18', 'checkin_time': '18:57', 'guests_count': 3, 'shift_manager': 'Maria Myers'}
[2025-07-18T19:00:41.206+0000] {subprocess.py:93} INFO - [✓] Sent to checkins: {'checkin_id': 2600, 'customer_name': 'James Nunez', 'phone_number': '521.923.2963x16760', 'branch_id': 102, 'table_id': 207, 'is_prebooked': False, 'checkin_date': '2025-07-18', 'checkin_time': '17:41', 'guests_count': 4, 'shift_manager': 'Anthony Brooks'}
[2025-07-18T19:00:41.207+0000] {subprocess.py:93} INFO - [✓] Sent to feedback: {'feedback_id': 5382, 'branch_id': 102, 'customer_name': 'Christopher Johnson', 'phone_number': '3986542104', 'feedback_text': 'They box bill business.', 'rating': 5, 'dining_date': '2025-07-18', 'dining_time': '18:53', 'submission_time': '2025-07-18T19:00:37'}
[2025-07-18T19:00:41.207+0000] {subprocess.py:93} INFO - [✓] Sent to feedback: {'feedback_id': 3348, 'branch_id': 101, 'customer_name': 'Angelica Kaufman', 'phone_number': '001-576-310-4087x204', 'feedback_text': 'Eye billion maybe natural.', 'rating': 2, 'dining_date': '2025-07-18', 'dining_time': '18:02', 'submission_time': '2025-07-18T19:00:37'}
[2025-07-18T19:00:41.207+0000] {subprocess.py:93} INFO - [✓] Sent to feedback: {'feedback_id': 4263, 'branch_id': 101, 'customer_name': 'David Morales', 'phone_number': '522-725-1012x056', 'feedback_text': 'Capital score deep determine hot.', 'rating': 3, 'dining_date': '2025-07-18', 'dining_time': '17:13', 'submission_time': '2025-07-18T19:00:37'}
[2025-07-18T19:00:41.207+0000] {subprocess.py:93} INFO - ✅ All messages sent.
[2025-07-18T19:00:41.234+0000] {subprocess.py:97} INFO - Command exited with return code 0
[2025-07-18T19:00:41.249+0000] {taskinstance.py:1400} INFO - Marking task as SUCCESS. dag_id=restaurant_pipeline, task_id=send_to_kafka, execution_date=20250718T185800, start_date=20250718T190038, end_date=20250718T190041
[2025-07-18T19:00:41.258+0000] {local_task_job_runner.py:228} INFO - Task exited with return code 0
[2025-07-18T19:00:41.283+0000] {taskinstance.py:2778} INFO - 1 downstream tasks scheduled from follow-on schedule check
