[2025-07-18T18:47:01.172+0000] {taskinstance.py:1159} INFO - Dependencies all met for dep_context=non-requeueable deps ti=<TaskInstance: restaurant_pipeline.send_to_kafka scheduled__2025-07-18T18:44:00+00:00 [queued]>
[2025-07-18T18:47:01.176+0000] {taskinstance.py:1159} INFO - Dependencies all met for dep_context=requeueable deps ti=<TaskInstance: restaurant_pipeline.send_to_kafka scheduled__2025-07-18T18:44:00+00:00 [queued]>
[2025-07-18T18:47:01.176+0000] {taskinstance.py:1361} INFO - Starting attempt 1 of 1
[2025-07-18T18:47:01.182+0000] {taskinstance.py:1382} INFO - Executing <Task(BashOperator): send_to_kafka> on 2025-07-18 18:44:00+00:00
[2025-07-18T18:47:01.184+0000] {standard_task_runner.py:57} INFO - Started process 3812 to run task
[2025-07-18T18:47:01.186+0000] {standard_task_runner.py:84} INFO - Running: ['***', 'tasks', 'run', 'restaurant_pipeline', 'send_to_kafka', 'scheduled__2025-07-18T18:44:00+00:00', '--job-id', '417', '--raw', '--subdir', 'DAGS_FOLDER/restaurant_pipeline.py', '--cfg-path', '/tmp/tmp9mtcz0zd']
[2025-07-18T18:47:01.188+0000] {standard_task_runner.py:85} INFO - Job 417: Subtask send_to_kafka
[2025-07-18T18:47:01.211+0000] {task_command.py:416} INFO - Running <TaskInstance: restaurant_pipeline.send_to_kafka scheduled__2025-07-18T18:44:00+00:00 [running]> on host 9bcfb43e0ab7
[2025-07-18T18:47:01.246+0000] {taskinstance.py:1662} INFO - Exporting env vars: AIRFLOW_CTX_DAG_OWNER='moran' AIRFLOW_CTX_DAG_ID='restaurant_pipeline' AIRFLOW_CTX_TASK_ID='send_to_kafka' AIRFLOW_CTX_EXECUTION_DATE='2025-07-18T18:44:00+00:00' AIRFLOW_CTX_TRY_NUMBER='1' AIRFLOW_CTX_DAG_RUN_ID='scheduled__2025-07-18T18:44:00+00:00'
[2025-07-18T18:47:01.247+0000] {subprocess.py:63} INFO - Tmp dir root location: /tmp
[2025-07-18T18:47:01.247+0000] {subprocess.py:75} INFO - Running command: ['/bin/bash', '-c', 'python /opt/streaming/producer.py']
[2025-07-18T18:47:01.251+0000] {subprocess.py:86} INFO - Output:
[2025-07-18T18:47:03.504+0000] {subprocess.py:93} INFO - [✓] Sent to reservations: {'reservation_id': 3842, 'branch_id': 102, 'customer_name': 'Todd Williams', 'phone_number': '+1-829-679-5906x0064', 'reservation_date': '2025-07-18', 'reservation_time': '20:15', 'guests_count': 5, 'is_confirmed': True}
[2025-07-18T18:47:03.508+0000] {subprocess.py:93} INFO - [✓] Sent to reservations: {'reservation_id': 6694, 'branch_id': 102, 'customer_name': 'Daniel Mcmahon', 'phone_number': '+1-701-479-3981x69168', 'reservation_date': '2025-07-18', 'reservation_time': '20:21', 'guests_count': 7, 'is_confirmed': True}
[2025-07-18T18:47:03.510+0000] {subprocess.py:93} INFO - [✓] Sent to reservations: {'reservation_id': 2787, 'branch_id': 101, 'customer_name': 'Dawn Aguirre', 'phone_number': '576-273-3006', 'reservation_date': '2025-07-18', 'reservation_time': '20:40', 'guests_count': 7, 'is_confirmed': True}
[2025-07-18T18:47:03.512+0000] {subprocess.py:93} INFO - [✓] Sent to checkins: {'checkin_id': 9788, 'customer_name': 'Beverly Jones', 'phone_number': '752.642.1447x0536', 'branch_id': 102, 'table_id': 210, 'is_prebooked': False, 'checkin_date': '2025-07-18', 'checkin_time': '17:00', 'guests_count': 6, 'shift_manager': 'Andrea Nguyen'}
[2025-07-18T18:47:03.513+0000] {subprocess.py:93} INFO - [✓] Sent to checkins: {'checkin_id': 4068, 'customer_name': 'Sharon Burns', 'phone_number': '(885)810-1231', 'branch_id': 101, 'table_id': 207, 'is_prebooked': True, 'checkin_date': '2025-07-18', 'checkin_time': '17:10', 'guests_count': 4, 'shift_manager': 'Brenda Kemp'}
[2025-07-18T18:47:03.516+0000] {subprocess.py:93} INFO - [✓] Sent to checkins: {'checkin_id': 5831, 'customer_name': 'Christopher Shannon', 'phone_number': '+1-208-750-5809x603', 'branch_id': 101, 'table_id': 210, 'is_prebooked': True, 'checkin_date': '2025-07-18', 'checkin_time': '18:04', 'guests_count': 3, 'shift_manager': 'Matthew Sanchez'}
[2025-07-18T18:47:03.517+0000] {subprocess.py:93} INFO - [✓] Sent to feedback: {'feedback_id': 1423, 'branch_id': 101, 'customer_name': 'John Moreno', 'phone_number': '(289)758-5092', 'feedback_text': 'Foreign western particularly pay dog while seek.', 'rating': 4, 'dining_date': '2025-07-18', 'dining_time': '17:17', 'submission_time': '2025-07-18T18:47:00'}
[2025-07-18T18:47:03.518+0000] {subprocess.py:93} INFO - [✓] Sent to feedback: {'feedback_id': 3650, 'branch_id': 102, 'customer_name': 'Megan Parker', 'phone_number': '001-391-724-0447', 'feedback_text': 'Water total study say.', 'rating': 1, 'dining_date': '2025-07-18', 'dining_time': '17:48', 'submission_time': '2025-07-18T18:47:00'}
[2025-07-18T18:47:03.519+0000] {subprocess.py:93} INFO - [✓] Sent to feedback: {'feedback_id': 6803, 'branch_id': 101, 'customer_name': 'Sandra Johnson', 'phone_number': '+1-688-324-2907x8611', 'feedback_text': 'Rock mind federal a weight.', 'rating': 2, 'dining_date': '2025-07-18', 'dining_time': '16:52', 'submission_time': '2025-07-18T18:47:00'}
[2025-07-18T18:47:03.520+0000] {subprocess.py:93} INFO - ✅ All messages sent.
[2025-07-18T18:47:03.551+0000] {subprocess.py:97} INFO - Command exited with return code 0
[2025-07-18T18:47:03.569+0000] {taskinstance.py:1400} INFO - Marking task as SUCCESS. dag_id=restaurant_pipeline, task_id=send_to_kafka, execution_date=20250718T184400, start_date=20250718T184701, end_date=20250718T184703
[2025-07-18T18:47:03.604+0000] {local_task_job_runner.py:228} INFO - Task exited with return code 0
[2025-07-18T18:47:03.633+0000] {taskinstance.py:2778} INFO - 1 downstream tasks scheduled from follow-on schedule check
