[2025-07-18T16:53:11.731+0000] {taskinstance.py:1159} INFO - Dependencies all met for dep_context=non-requeueable deps ti=<TaskInstance: restaurant_pipeline.bronze_to_silver scheduled__2025-07-18T16:50:00+00:00 [queued]>
[2025-07-18T16:53:11.735+0000] {taskinstance.py:1159} INFO - Dependencies all met for dep_context=requeueable deps ti=<TaskInstance: restaurant_pipeline.bronze_to_silver scheduled__2025-07-18T16:50:00+00:00 [queued]>
[2025-07-18T16:53:11.736+0000] {taskinstance.py:1361} INFO - Starting attempt 1 of 1
[2025-07-18T16:53:11.743+0000] {taskinstance.py:1382} INFO - Executing <Task(BashOperator): bronze_to_silver> on 2025-07-18 16:50:00+00:00
[2025-07-18T16:53:11.745+0000] {standard_task_runner.py:57} INFO - Started process 2016 to run task
[2025-07-18T16:53:11.747+0000] {standard_task_runner.py:84} INFO - Running: ['***', 'tasks', 'run', 'restaurant_pipeline', 'bronze_to_silver', 'scheduled__2025-07-18T16:50:00+00:00', '--job-id', '247', '--raw', '--subdir', 'DAGS_FOLDER/restaurant_pipeline.py', '--cfg-path', '/tmp/tmpkldh1q4g']
[2025-07-18T16:53:11.748+0000] {standard_task_runner.py:85} INFO - Job 247: Subtask bronze_to_silver
[2025-07-18T16:53:11.779+0000] {task_command.py:416} INFO - Running <TaskInstance: restaurant_pipeline.bronze_to_silver scheduled__2025-07-18T16:50:00+00:00 [running]> on host 9bcfb43e0ab7
[2025-07-18T16:53:11.819+0000] {taskinstance.py:1662} INFO - Exporting env vars: AIRFLOW_CTX_DAG_OWNER='moran' AIRFLOW_CTX_DAG_ID='restaurant_pipeline' AIRFLOW_CTX_TASK_ID='bronze_to_silver' AIRFLOW_CTX_EXECUTION_DATE='2025-07-18T16:50:00+00:00' AIRFLOW_CTX_TRY_NUMBER='1' AIRFLOW_CTX_DAG_RUN_ID='scheduled__2025-07-18T16:50:00+00:00'
[2025-07-18T16:53:11.820+0000] {subprocess.py:63} INFO - Tmp dir root location: /tmp
[2025-07-18T16:53:11.820+0000] {subprocess.py:75} INFO - Running command: ['/bin/bash', '-c', 'docker exec spark-iceberg spark-submit /home/iceberg/spark/bronze_to_silver.py']
[2025-07-18T16:53:11.825+0000] {subprocess.py:86} INFO - Output:
[2025-07-18T16:53:13.398+0000] {subprocess.py:93} INFO - 25/07/18 16:53:13 INFO SparkContext: Running Spark version 3.5.6
[2025-07-18T16:53:13.401+0000] {subprocess.py:93} INFO - 25/07/18 16:53:13 INFO SparkContext: OS info Linux, 6.10.14-linuxkit, aarch64
[2025-07-18T16:53:13.404+0000] {subprocess.py:93} INFO - 25/07/18 16:53:13 INFO SparkContext: Java version 17.0.15
[2025-07-18T16:53:13.434+0000] {subprocess.py:93} INFO - 25/07/18 16:53:13 INFO ResourceUtils: ==============================================================
[2025-07-18T16:53:13.435+0000] {subprocess.py:93} INFO - 25/07/18 16:53:13 INFO ResourceUtils: No custom resources configured for spark.driver.
[2025-07-18T16:53:13.435+0000] {subprocess.py:93} INFO - 25/07/18 16:53:13 INFO ResourceUtils: ==============================================================
[2025-07-18T16:53:13.436+0000] {subprocess.py:93} INFO - 25/07/18 16:53:13 INFO SparkContext: Submitted application: BronzeToSilver
[2025-07-18T16:53:13.459+0000] {subprocess.py:93} INFO - 25/07/18 16:53:13 INFO ResourceProfile: Default ResourceProfile created, executor resources: Map(cores -> name: cores, amount: 1, script: , vendor: , memory -> name: memory, amount: 1024, script: , vendor: , offHeap -> name: offHeap, amount: 0, script: , vendor: ), task resources: Map(cpus -> name: cpus, amount: 1.0)
[2025-07-18T16:53:13.464+0000] {subprocess.py:93} INFO - 25/07/18 16:53:13 INFO ResourceProfile: Limiting resource is cpu
[2025-07-18T16:53:13.464+0000] {subprocess.py:93} INFO - 25/07/18 16:53:13 INFO ResourceProfileManager: Added ResourceProfile id: 0
[2025-07-18T16:53:13.493+0000] {subprocess.py:93} INFO - 25/07/18 16:53:13 INFO SecurityManager: Changing view acls to: root,spark
[2025-07-18T16:53:13.495+0000] {subprocess.py:93} INFO - 25/07/18 16:53:13 INFO SecurityManager: Changing modify acls to: root,spark
[2025-07-18T16:53:13.495+0000] {subprocess.py:93} INFO - 25/07/18 16:53:13 INFO SecurityManager: Changing view acls groups to:
[2025-07-18T16:53:13.496+0000] {subprocess.py:93} INFO - 25/07/18 16:53:13 INFO SecurityManager: Changing modify acls groups to:
[2025-07-18T16:53:13.496+0000] {subprocess.py:93} INFO - 25/07/18 16:53:13 INFO SecurityManager: SecurityManager: authentication disabled; ui acls disabled; users with view permissions: root, spark; groups with view permissions: EMPTY; users with modify permissions: root, spark; groups with modify permissions: EMPTY
[2025-07-18T16:53:13.541+0000] {subprocess.py:93} INFO - 25/07/18 16:53:13 WARN NativeCodeLoader: Unable to load native-hadoop library for your platform... using builtin-java classes where applicable
[2025-07-18T16:53:13.781+0000] {subprocess.py:93} INFO - 25/07/18 16:53:13 INFO Utils: Successfully started service 'sparkDriver' on port 34547.
[2025-07-18T16:53:13.801+0000] {subprocess.py:93} INFO - 25/07/18 16:53:13 INFO SparkEnv: Registering MapOutputTracker
[2025-07-18T16:53:13.819+0000] {subprocess.py:93} INFO - 25/07/18 16:53:13 INFO SparkEnv: Registering BlockManagerMaster
[2025-07-18T16:53:13.833+0000] {subprocess.py:93} INFO - 25/07/18 16:53:13 INFO BlockManagerMasterEndpoint: Using org.apache.spark.storage.DefaultTopologyMapper for getting topology information
[2025-07-18T16:53:13.833+0000] {subprocess.py:93} INFO - 25/07/18 16:53:13 INFO BlockManagerMasterEndpoint: BlockManagerMasterEndpoint up
[2025-07-18T16:53:13.833+0000] {subprocess.py:93} INFO - 25/07/18 16:53:13 INFO SparkEnv: Registering BlockManagerMasterHeartbeat
[2025-07-18T16:53:13.844+0000] {subprocess.py:93} INFO - 25/07/18 16:53:13 INFO DiskBlockManager: Created local directory at /tmp/blockmgr-7fa5f649-a525-4254-bc50-682b0b2e9e8d
[2025-07-18T16:53:13.851+0000] {subprocess.py:93} INFO - 25/07/18 16:53:13 INFO MemoryStore: MemoryStore started with capacity 434.4 MiB
[2025-07-18T16:53:13.859+0000] {subprocess.py:93} INFO - 25/07/18 16:53:13 INFO SparkEnv: Registering OutputCommitCoordinator
[2025-07-18T16:53:13.927+0000] {subprocess.py:93} INFO - 25/07/18 16:53:13 INFO JettyUtils: Start Jetty 0.0.0.0:4040 for SparkUI
[2025-07-18T16:53:13.964+0000] {subprocess.py:93} INFO - 25/07/18 16:53:13 INFO Utils: Successfully started service 'SparkUI' on port 4040.
[2025-07-18T16:53:14.024+0000] {subprocess.py:93} INFO - 25/07/18 16:53:14 INFO Executor: Starting executor ID driver on host 77cb57a6bd53
[2025-07-18T16:53:14.024+0000] {subprocess.py:93} INFO - 25/07/18 16:53:14 INFO Executor: OS info Linux, 6.10.14-linuxkit, aarch64
[2025-07-18T16:53:14.024+0000] {subprocess.py:93} INFO - 25/07/18 16:53:14 INFO Executor: Java version 17.0.15
[2025-07-18T16:53:14.028+0000] {subprocess.py:93} INFO - 25/07/18 16:53:14 INFO Executor: Starting executor with user classpath (userClassPathFirst = false): ''
[2025-07-18T16:53:14.029+0000] {subprocess.py:93} INFO - 25/07/18 16:53:14 INFO Executor: Created or updated repl class loader org.apache.spark.util.MutableURLClassLoader@70f6d301 for default.
[2025-07-18T16:53:14.039+0000] {subprocess.py:93} INFO - 25/07/18 16:53:14 INFO Utils: Successfully started service 'org.apache.spark.network.netty.NettyBlockTransferService' on port 33035.
[2025-07-18T16:53:14.039+0000] {subprocess.py:93} INFO - 25/07/18 16:53:14 INFO NettyBlockTransferService: Server created on 77cb57a6bd53:33035
[2025-07-18T16:53:14.040+0000] {subprocess.py:93} INFO - 25/07/18 16:53:14 INFO BlockManager: Using org.apache.spark.storage.RandomBlockReplicationPolicy for block replication policy
[2025-07-18T16:53:14.048+0000] {subprocess.py:93} INFO - 25/07/18 16:53:14 INFO BlockManagerMaster: Registering BlockManager BlockManagerId(driver, 77cb57a6bd53, 33035, None)
[2025-07-18T16:53:14.053+0000] {subprocess.py:93} INFO - 25/07/18 16:53:14 INFO BlockManagerMasterEndpoint: Registering block manager 77cb57a6bd53:33035 with 434.4 MiB RAM, BlockManagerId(driver, 77cb57a6bd53, 33035, None)
[2025-07-18T16:53:14.053+0000] {subprocess.py:93} INFO - 25/07/18 16:53:14 INFO BlockManagerMaster: Registered BlockManager BlockManagerId(driver, 77cb57a6bd53, 33035, None)
[2025-07-18T16:53:14.054+0000] {subprocess.py:93} INFO - 25/07/18 16:53:14 INFO BlockManager: Initialized BlockManager: BlockManagerId(driver, 77cb57a6bd53, 33035, None)
[2025-07-18T16:53:14.323+0000] {subprocess.py:93} INFO - 25/07/18 16:53:14 INFO SharedState: Setting hive.metastore.warehouse.dir ('null') to the value of spark.sql.warehouse.dir.
[2025-07-18T16:53:14.326+0000] {subprocess.py:93} INFO - 25/07/18 16:53:14 INFO SharedState: Warehouse path is 'file:/app/spark-warehouse'.
[2025-07-18T16:53:15.014+0000] {subprocess.py:93} INFO - 25/07/18 16:53:15 WARN MetricsConfig: Cannot locate configuration: tried hadoop-metrics2-s3a-file-system.properties,hadoop-metrics2.properties
[2025-07-18T16:53:15.022+0000] {subprocess.py:93} INFO - 25/07/18 16:53:15 INFO MetricsSystemImpl: Scheduled Metric snapshot period at 10 second(s).
[2025-07-18T16:53:15.022+0000] {subprocess.py:93} INFO - 25/07/18 16:53:15 INFO MetricsSystemImpl: s3a-file-system metrics system started
[2025-07-18T16:53:15.750+0000] {subprocess.py:93} INFO - 25/07/18 16:53:15 INFO BaseMetastoreCatalog: Table loaded by catalog: my_catalog.bronze.Reservations_raw
[2025-07-18T16:53:15.970+0000] {subprocess.py:93} INFO - 25/07/18 16:53:15 INFO BaseMetastoreCatalog: Table loaded by catalog: my_catalog.bronze.Checkins_raw
[2025-07-18T16:53:16.018+0000] {subprocess.py:93} INFO - 25/07/18 16:53:16 INFO BaseMetastoreCatalog: Table loaded by catalog: my_catalog.bronze.Feedback_raw
[2025-07-18T16:53:16.232+0000] {subprocess.py:93} INFO - Traceback (most recent call last):
[2025-07-18T16:53:16.232+0000] {subprocess.py:93} INFO -   File "/home/iceberg/spark/bronze_to_silver.py", line 25, in <module>
[2025-07-18T16:53:16.232+0000] {subprocess.py:93} INFO -     customers_df = spark.table("my_catalog.silver.customers")
[2025-07-18T16:53:16.232+0000] {subprocess.py:93} INFO -                    ^^^^^^^^^^^^^^^^^^^^^^^^^^^^^^^^^^^^^^^^^^
[2025-07-18T16:53:16.233+0000] {subprocess.py:93} INFO -   File "/opt/bitnami/spark/python/lib/pyspark.zip/pyspark/sql/session.py", line 1667, in table
[2025-07-18T16:53:16.233+0000] {subprocess.py:93} INFO -   File "/opt/bitnami/spark/python/lib/py4j-0.10.9.7-src.zip/py4j/java_gateway.py", line 1322, in __call__
[2025-07-18T16:53:16.233+0000] {subprocess.py:93} INFO -   File "/opt/bitnami/spark/python/lib/pyspark.zip/pyspark/errors/exceptions/captured.py", line 185, in deco
[2025-07-18T16:53:16.237+0000] {subprocess.py:93} INFO - pyspark.errors.exceptions.captured.AnalysisException: [TABLE_OR_VIEW_NOT_FOUND] The table or view `my_catalog`.`silver`.`customers` cannot be found. Verify the spelling and correctness of the schema and catalog.
[2025-07-18T16:53:16.238+0000] {subprocess.py:93} INFO - If you did not qualify the name with a schema, verify the current_schema() output, or qualify the name with the correct schema and catalog.
[2025-07-18T16:53:16.238+0000] {subprocess.py:93} INFO - To tolerate the error on drop use DROP VIEW IF EXISTS or DROP TABLE IF EXISTS.;
[2025-07-18T16:53:16.238+0000] {subprocess.py:93} INFO - 'UnresolvedRelation [my_catalog, silver, customers], [], false
[2025-07-18T16:53:16.238+0000] {subprocess.py:93} INFO - 
[2025-07-18T16:53:16.259+0000] {subprocess.py:93} INFO - 25/07/18 16:53:16 INFO SparkContext: Invoking stop() from shutdown hook
[2025-07-18T16:53:16.260+0000] {subprocess.py:93} INFO - 25/07/18 16:53:16 INFO SparkContext: SparkContext is stopping with exitCode 0.
[2025-07-18T16:53:16.266+0000] {subprocess.py:93} INFO - 25/07/18 16:53:16 INFO SparkUI: Stopped Spark web UI at http://77cb57a6bd53:4040
[2025-07-18T16:53:16.272+0000] {subprocess.py:93} INFO - 25/07/18 16:53:16 INFO MapOutputTrackerMasterEndpoint: MapOutputTrackerMasterEndpoint stopped!
[2025-07-18T16:53:16.280+0000] {subprocess.py:93} INFO - 25/07/18 16:53:16 INFO MemoryStore: MemoryStore cleared
[2025-07-18T16:53:16.280+0000] {subprocess.py:93} INFO - 25/07/18 16:53:16 INFO BlockManager: BlockManager stopped
[2025-07-18T16:53:16.283+0000] {subprocess.py:93} INFO - 25/07/18 16:53:16 INFO BlockManagerMaster: BlockManagerMaster stopped
[2025-07-18T16:53:16.285+0000] {subprocess.py:93} INFO - 25/07/18 16:53:16 INFO OutputCommitCoordinator$OutputCommitCoordinatorEndpoint: OutputCommitCoordinator stopped!
[2025-07-18T16:53:16.293+0000] {subprocess.py:93} INFO - 25/07/18 16:53:16 INFO SparkContext: Successfully stopped SparkContext
[2025-07-18T16:53:16.294+0000] {subprocess.py:93} INFO - 25/07/18 16:53:16 INFO ShutdownHookManager: Shutdown hook called
[2025-07-18T16:53:16.294+0000] {subprocess.py:93} INFO - 25/07/18 16:53:16 INFO ShutdownHookManager: Deleting directory /tmp/spark-1d711dfb-9397-4823-a431-9962603c5e27/pyspark-2e44f273-2dc7-481a-b1b3-206d6bfa83f7
[2025-07-18T16:53:16.294+0000] {subprocess.py:93} INFO - 25/07/18 16:53:16 INFO ShutdownHookManager: Deleting directory /tmp/spark-6ccd9cc7-4f16-4c56-ba88-ca557a7be4ce
[2025-07-18T16:53:16.295+0000] {subprocess.py:93} INFO - 25/07/18 16:53:16 INFO ShutdownHookManager: Deleting directory /tmp/spark-1d711dfb-9397-4823-a431-9962603c5e27
[2025-07-18T16:53:16.299+0000] {subprocess.py:93} INFO - 25/07/18 16:53:16 INFO MetricsSystemImpl: Stopping s3a-file-system metrics system...
[2025-07-18T16:53:16.299+0000] {subprocess.py:93} INFO - 25/07/18 16:53:16 INFO MetricsSystemImpl: s3a-file-system metrics system stopped.
[2025-07-18T16:53:16.300+0000] {subprocess.py:93} INFO - 25/07/18 16:53:16 INFO MetricsSystemImpl: s3a-file-system metrics system shutdown complete.
[2025-07-18T16:53:16.331+0000] {subprocess.py:97} INFO - Command exited with return code 1
[2025-07-18T16:53:16.348+0000] {taskinstance.py:1937} ERROR - Task failed with exception
Traceback (most recent call last):
  File "/home/airflow/.local/lib/python3.8/site-packages/airflow/operators/bash.py", line 210, in execute
    raise AirflowException(
airflow.exceptions.AirflowException: Bash command failed. The command returned a non-zero exit code 1.
[2025-07-18T16:53:16.353+0000] {taskinstance.py:1400} INFO - Marking task as FAILED. dag_id=restaurant_pipeline, task_id=bronze_to_silver, execution_date=20250718T165000, start_date=20250718T165311, end_date=20250718T165316
[2025-07-18T16:53:16.361+0000] {standard_task_runner.py:104} ERROR - Failed to execute job 247 for task bronze_to_silver (Bash command failed. The command returned a non-zero exit code 1.; 2016)
[2025-07-18T16:53:16.404+0000] {local_task_job_runner.py:228} INFO - Task exited with return code 1
[2025-07-18T16:53:16.431+0000] {taskinstance.py:2778} INFO - 0 downstream tasks scheduled from follow-on schedule check
