[2025-07-19T14:32:03.166+0000] {taskinstance.py:1159} INFO - Dependencies all met for dep_context=non-requeueable deps ti=<TaskInstance: restaurant_pipeline.send_to_kafka scheduled__2025-07-19T14:30:00+00:00 [queued]>
[2025-07-19T14:32:03.174+0000] {taskinstance.py:1159} INFO - Dependencies all met for dep_context=requeueable deps ti=<TaskInstance: restaurant_pipeline.send_to_kafka scheduled__2025-07-19T14:30:00+00:00 [queued]>
[2025-07-19T14:32:03.174+0000] {taskinstance.py:1361} INFO - Starting attempt 1 of 1
[2025-07-19T14:32:03.180+0000] {taskinstance.py:1382} INFO - Executing <Task(BashOperator): send_to_kafka> on 2025-07-19 14:30:00+00:00
[2025-07-19T14:32:03.182+0000] {standard_task_runner.py:57} INFO - Started process 180 to run task
[2025-07-19T14:32:03.184+0000] {standard_task_runner.py:84} INFO - Running: ['***', 'tasks', 'run', 'restaurant_pipeline', 'send_to_kafka', 'scheduled__2025-07-19T14:30:00+00:00', '--job-id', '804', '--raw', '--subdir', 'DAGS_FOLDER/restaurant_pipeline.py', '--cfg-path', '/tmp/tmpu4_dczzd']
[2025-07-19T14:32:03.186+0000] {standard_task_runner.py:85} INFO - Job 804: Subtask send_to_kafka
[2025-07-19T14:32:03.215+0000] {task_command.py:416} INFO - Running <TaskInstance: restaurant_pipeline.send_to_kafka scheduled__2025-07-19T14:30:00+00:00 [running]> on host f7187f834462
[2025-07-19T14:32:03.263+0000] {taskinstance.py:1662} INFO - Exporting env vars: AIRFLOW_CTX_DAG_OWNER='moran' AIRFLOW_CTX_DAG_ID='restaurant_pipeline' AIRFLOW_CTX_TASK_ID='send_to_kafka' AIRFLOW_CTX_EXECUTION_DATE='2025-07-19T14:30:00+00:00' AIRFLOW_CTX_TRY_NUMBER='1' AIRFLOW_CTX_DAG_RUN_ID='scheduled__2025-07-19T14:30:00+00:00'
[2025-07-19T14:32:03.264+0000] {subprocess.py:63} INFO - Tmp dir root location: /tmp
[2025-07-19T14:32:03.264+0000] {subprocess.py:75} INFO - Running command: ['/bin/bash', '-c', 'python /opt/streaming/producer.py']
[2025-07-19T14:32:03.270+0000] {subprocess.py:86} INFO - Output:
[2025-07-19T14:32:05.948+0000] {subprocess.py:93} INFO - [✓] Sent to reservations: {'reservation_id': 3095, 'branch_id': 101, 'customer_name': 'Samantha White', 'phone_number': '+1-758-444-0196x847', 'reservation_date': '2025-07-19', 'reservation_time': '16:08', 'guests_count': 5, 'is_confirmed': True}
[2025-07-19T14:32:05.948+0000] {subprocess.py:93} INFO - [✓] Sent to reservations: {'reservation_id': 7838, 'branch_id': 102, 'customer_name': 'Loretta Ball', 'phone_number': '(401)630-7308x607', 'reservation_date': '2025-07-19', 'reservation_time': '15:52', 'guests_count': 6, 'is_confirmed': False}
[2025-07-19T14:32:05.949+0000] {subprocess.py:93} INFO - [✓] Sent to reservations: {'reservation_id': 4404, 'branch_id': 101, 'customer_name': 'John Williams', 'phone_number': '001-309-819-0541x00300', 'reservation_date': '2025-07-19', 'reservation_time': '16:15', 'guests_count': 6, 'is_confirmed': True}
[2025-07-19T14:32:05.949+0000] {subprocess.py:93} INFO - [✓] Sent to checkins: {'checkin_id': 5809, 'customer_name': 'Angela Rodriguez', 'phone_number': '890.497.3146', 'branch_id': 102, 'table_id': 205, 'is_prebooked': True, 'checkin_date': '2025-07-19', 'checkin_time': '13:55', 'guests_count': 4, 'shift_manager': 'Alexandra Brown'}
[2025-07-19T14:32:05.949+0000] {subprocess.py:93} INFO - [✓] Sent to checkins: {'checkin_id': 3137, 'customer_name': 'Gina Waters', 'phone_number': '788.600.6214', 'branch_id': 101, 'table_id': 202, 'is_prebooked': True, 'checkin_date': '2025-07-19', 'checkin_time': '12:59', 'guests_count': 2, 'shift_manager': 'Johnny Webb'}
[2025-07-19T14:32:05.949+0000] {subprocess.py:93} INFO - [✓] Sent to checkins: {'checkin_id': 4792, 'customer_name': 'Kenneth Jacobs', 'phone_number': '+1-891-718-6929', 'branch_id': 102, 'table_id': 205, 'is_prebooked': False, 'checkin_date': '2025-07-19', 'checkin_time': '13:34', 'guests_count': 4, 'shift_manager': 'Vanessa Lowery'}
[2025-07-19T14:32:05.949+0000] {subprocess.py:93} INFO - [✓] Sent to feedback: {'feedback_id': 5271, 'branch_id': 101, 'customer_name': 'Tabitha Lopez', 'phone_number': '(860)445-7724x54925', 'feedback_text': 'Person such energy simply single part.', 'rating': 2, 'dining_date': '2025-07-19', 'dining_time': '13:07', 'submission_time': '2025-07-19T14:32:02'}
[2025-07-19T14:32:05.949+0000] {subprocess.py:93} INFO - [✓] Sent to feedback: {'feedback_id': 2472, 'branch_id': 101, 'customer_name': 'Tara Schultz', 'phone_number': '+1-713-429-5839x7528', 'feedback_text': 'Process responsibility be election run answer born rest.', 'rating': 2, 'dining_date': '2025-07-19', 'dining_time': '14:25', 'submission_time': '2025-07-19T14:32:02'}
[2025-07-19T14:32:05.950+0000] {subprocess.py:93} INFO - [✓] Sent to feedback: {'feedback_id': 4242, 'branch_id': 102, 'customer_name': 'Alyssa Robbins', 'phone_number': '001-833-461-9564x646', 'feedback_text': 'Ago with support Mrs raise fish son.', 'rating': 4, 'dining_date': '2025-07-19', 'dining_time': '13:46', 'submission_time': '2025-07-19T14:32:02'}
[2025-07-19T14:32:05.950+0000] {subprocess.py:93} INFO - ✅ All messages sent.
[2025-07-19T14:32:05.985+0000] {subprocess.py:97} INFO - Command exited with return code 0
[2025-07-19T14:32:05.997+0000] {taskinstance.py:1400} INFO - Marking task as SUCCESS. dag_id=restaurant_pipeline, task_id=send_to_kafka, execution_date=20250719T143000, start_date=20250719T143203, end_date=20250719T143205
[2025-07-19T14:32:06.010+0000] {local_task_job_runner.py:228} INFO - Task exited with return code 0
[2025-07-19T14:32:06.039+0000] {taskinstance.py:2778} INFO - 1 downstream tasks scheduled from follow-on schedule check
