[2025-07-18T18:52:10.029+0000] {taskinstance.py:1159} INFO - Dependencies all met for dep_context=non-requeueable deps ti=<TaskInstance: restaurant_pipeline.silver_to_gold scheduled__2025-07-18T18:48:00+00:00 [queued]>
[2025-07-18T18:52:10.035+0000] {taskinstance.py:1159} INFO - Dependencies all met for dep_context=requeueable deps ti=<TaskInstance: restaurant_pipeline.silver_to_gold scheduled__2025-07-18T18:48:00+00:00 [queued]>
[2025-07-18T18:52:10.035+0000] {taskinstance.py:1361} INFO - Starting attempt 1 of 1
[2025-07-18T18:52:10.043+0000] {taskinstance.py:1382} INFO - Executing <Task(BashOperator): silver_to_gold> on 2025-07-18 18:48:00+00:00
[2025-07-18T18:52:10.046+0000] {standard_task_runner.py:57} INFO - Started process 3938 to run task
[2025-07-18T18:52:10.049+0000] {standard_task_runner.py:84} INFO - Running: ['***', 'tasks', 'run', 'restaurant_pipeline', 'silver_to_gold', 'scheduled__2025-07-18T18:48:00+00:00', '--job-id', '428', '--raw', '--subdir', 'DAGS_FOLDER/restaurant_pipeline.py', '--cfg-path', '/tmp/tmpc9bq6sjk']
[2025-07-18T18:52:10.051+0000] {standard_task_runner.py:85} INFO - Job 428: Subtask silver_to_gold
[2025-07-18T18:52:10.080+0000] {task_command.py:416} INFO - Running <TaskInstance: restaurant_pipeline.silver_to_gold scheduled__2025-07-18T18:48:00+00:00 [running]> on host 9bcfb43e0ab7
[2025-07-18T18:52:10.118+0000] {taskinstance.py:1662} INFO - Exporting env vars: AIRFLOW_CTX_DAG_OWNER='moran' AIRFLOW_CTX_DAG_ID='restaurant_pipeline' AIRFLOW_CTX_TASK_ID='silver_to_gold' AIRFLOW_CTX_EXECUTION_DATE='2025-07-18T18:48:00+00:00' AIRFLOW_CTX_TRY_NUMBER='1' AIRFLOW_CTX_DAG_RUN_ID='scheduled__2025-07-18T18:48:00+00:00'
[2025-07-18T18:52:10.119+0000] {subprocess.py:63} INFO - Tmp dir root location: /tmp
[2025-07-18T18:52:10.120+0000] {subprocess.py:75} INFO - Running command: ['/bin/bash', '-c', 'docker exec spark-iceberg spark-submit /home/iceberg/spark/silver_to_gold.py']
[2025-07-18T18:52:10.124+0000] {subprocess.py:86} INFO - Output:
[2025-07-18T18:52:12.023+0000] {subprocess.py:93} INFO - 25/07/18 18:52:12 INFO SparkContext: Running Spark version 3.5.6
[2025-07-18T18:52:12.025+0000] {subprocess.py:93} INFO - 25/07/18 18:52:12 INFO SparkContext: OS info Linux, 6.10.14-linuxkit, aarch64
[2025-07-18T18:52:12.025+0000] {subprocess.py:93} INFO - 25/07/18 18:52:12 INFO SparkContext: Java version 17.0.15
[2025-07-18T18:52:12.041+0000] {subprocess.py:93} INFO - 25/07/18 18:52:12 INFO ResourceUtils: ==============================================================
[2025-07-18T18:52:12.041+0000] {subprocess.py:93} INFO - 25/07/18 18:52:12 INFO ResourceUtils: No custom resources configured for spark.driver.
[2025-07-18T18:52:12.041+0000] {subprocess.py:93} INFO - 25/07/18 18:52:12 INFO ResourceUtils: ==============================================================
[2025-07-18T18:52:12.041+0000] {subprocess.py:93} INFO - 25/07/18 18:52:12 INFO SparkContext: Submitted application: SilverToGold
[2025-07-18T18:52:12.057+0000] {subprocess.py:93} INFO - 25/07/18 18:52:12 INFO ResourceProfile: Default ResourceProfile created, executor resources: Map(cores -> name: cores, amount: 1, script: , vendor: , memory -> name: memory, amount: 1024, script: , vendor: , offHeap -> name: offHeap, amount: 0, script: , vendor: ), task resources: Map(cpus -> name: cpus, amount: 1.0)
[2025-07-18T18:52:12.057+0000] {subprocess.py:93} INFO - 25/07/18 18:52:12 INFO ResourceProfile: Limiting resource is cpu
[2025-07-18T18:52:12.057+0000] {subprocess.py:93} INFO - 25/07/18 18:52:12 INFO ResourceProfileManager: Added ResourceProfile id: 0
[2025-07-18T18:52:12.086+0000] {subprocess.py:93} INFO - 25/07/18 18:52:12 INFO SecurityManager: Changing view acls to: root,spark
[2025-07-18T18:52:12.086+0000] {subprocess.py:93} INFO - 25/07/18 18:52:12 INFO SecurityManager: Changing modify acls to: root,spark
[2025-07-18T18:52:12.086+0000] {subprocess.py:93} INFO - 25/07/18 18:52:12 INFO SecurityManager: Changing view acls groups to:
[2025-07-18T18:52:12.086+0000] {subprocess.py:93} INFO - 25/07/18 18:52:12 INFO SecurityManager: Changing modify acls groups to:
[2025-07-18T18:52:12.086+0000] {subprocess.py:93} INFO - 25/07/18 18:52:12 INFO SecurityManager: SecurityManager: authentication disabled; ui acls disabled; users with view permissions: root, spark; groups with view permissions: EMPTY; users with modify permissions: root, spark; groups with modify permissions: EMPTY
[2025-07-18T18:52:12.114+0000] {subprocess.py:93} INFO - 25/07/18 18:52:12 WARN NativeCodeLoader: Unable to load native-hadoop library for your platform... using builtin-java classes where applicable
[2025-07-18T18:52:12.268+0000] {subprocess.py:93} INFO - 25/07/18 18:52:12 INFO Utils: Successfully started service 'sparkDriver' on port 45441.
[2025-07-18T18:52:12.285+0000] {subprocess.py:93} INFO - 25/07/18 18:52:12 INFO SparkEnv: Registering MapOutputTracker
[2025-07-18T18:52:12.306+0000] {subprocess.py:93} INFO - 25/07/18 18:52:12 INFO SparkEnv: Registering BlockManagerMaster
[2025-07-18T18:52:12.317+0000] {subprocess.py:93} INFO - 25/07/18 18:52:12 INFO BlockManagerMasterEndpoint: Using org.apache.spark.storage.DefaultTopologyMapper for getting topology information
[2025-07-18T18:52:12.317+0000] {subprocess.py:93} INFO - 25/07/18 18:52:12 INFO BlockManagerMasterEndpoint: BlockManagerMasterEndpoint up
[2025-07-18T18:52:12.319+0000] {subprocess.py:93} INFO - 25/07/18 18:52:12 INFO SparkEnv: Registering BlockManagerMasterHeartbeat
[2025-07-18T18:52:12.336+0000] {subprocess.py:93} INFO - 25/07/18 18:52:12 INFO DiskBlockManager: Created local directory at /tmp/blockmgr-289fc9f0-b2b3-45e7-9591-d6dfff6bc9dc
[2025-07-18T18:52:12.343+0000] {subprocess.py:93} INFO - 25/07/18 18:52:12 INFO MemoryStore: MemoryStore started with capacity 434.4 MiB
[2025-07-18T18:52:12.351+0000] {subprocess.py:93} INFO - 25/07/18 18:52:12 INFO SparkEnv: Registering OutputCommitCoordinator
[2025-07-18T18:52:12.421+0000] {subprocess.py:93} INFO - 25/07/18 18:52:12 INFO JettyUtils: Start Jetty 0.0.0.0:4040 for SparkUI
[2025-07-18T18:52:12.453+0000] {subprocess.py:93} INFO - 25/07/18 18:52:12 INFO Utils: Successfully started service 'SparkUI' on port 4040.
[2025-07-18T18:52:12.499+0000] {subprocess.py:93} INFO - 25/07/18 18:52:12 INFO Executor: Starting executor ID driver on host 77cb57a6bd53
[2025-07-18T18:52:12.499+0000] {subprocess.py:93} INFO - 25/07/18 18:52:12 INFO Executor: OS info Linux, 6.10.14-linuxkit, aarch64
[2025-07-18T18:52:12.499+0000] {subprocess.py:93} INFO - 25/07/18 18:52:12 INFO Executor: Java version 17.0.15
[2025-07-18T18:52:12.502+0000] {subprocess.py:93} INFO - 25/07/18 18:52:12 INFO Executor: Starting executor with user classpath (userClassPathFirst = false): ''
[2025-07-18T18:52:12.502+0000] {subprocess.py:93} INFO - 25/07/18 18:52:12 INFO Executor: Created or updated repl class loader org.apache.spark.util.MutableURLClassLoader@105a9a3f for default.
[2025-07-18T18:52:12.519+0000] {subprocess.py:93} INFO - 25/07/18 18:52:12 INFO Utils: Successfully started service 'org.apache.spark.network.netty.NettyBlockTransferService' on port 43047.
[2025-07-18T18:52:12.519+0000] {subprocess.py:93} INFO - 25/07/18 18:52:12 INFO NettyBlockTransferService: Server created on 77cb57a6bd53:43047
[2025-07-18T18:52:12.520+0000] {subprocess.py:93} INFO - 25/07/18 18:52:12 INFO BlockManager: Using org.apache.spark.storage.RandomBlockReplicationPolicy for block replication policy
[2025-07-18T18:52:12.522+0000] {subprocess.py:93} INFO - 25/07/18 18:52:12 INFO BlockManagerMaster: Registering BlockManager BlockManagerId(driver, 77cb57a6bd53, 43047, None)
[2025-07-18T18:52:12.524+0000] {subprocess.py:93} INFO - 25/07/18 18:52:12 INFO BlockManagerMasterEndpoint: Registering block manager 77cb57a6bd53:43047 with 434.4 MiB RAM, BlockManagerId(driver, 77cb57a6bd53, 43047, None)
[2025-07-18T18:52:12.525+0000] {subprocess.py:93} INFO - 25/07/18 18:52:12 INFO BlockManagerMaster: Registered BlockManager BlockManagerId(driver, 77cb57a6bd53, 43047, None)
[2025-07-18T18:52:12.526+0000] {subprocess.py:93} INFO - 25/07/18 18:52:12 INFO BlockManager: Initialized BlockManager: BlockManagerId(driver, 77cb57a6bd53, 43047, None)
[2025-07-18T18:52:12.749+0000] {subprocess.py:93} INFO - 25/07/18 18:52:12 INFO SharedState: Setting hive.metastore.warehouse.dir ('null') to the value of spark.sql.warehouse.dir.
[2025-07-18T18:52:12.753+0000] {subprocess.py:93} INFO - 25/07/18 18:52:12 INFO SharedState: Warehouse path is 'file:/app/spark-warehouse'.
[2025-07-18T18:52:13.403+0000] {subprocess.py:93} INFO - 25/07/18 18:52:13 WARN MetricsConfig: Cannot locate configuration: tried hadoop-metrics2-s3a-file-system.properties,hadoop-metrics2.properties
[2025-07-18T18:52:13.410+0000] {subprocess.py:93} INFO - 25/07/18 18:52:13 INFO MetricsSystemImpl: Scheduled Metric snapshot period at 10 second(s).
[2025-07-18T18:52:13.410+0000] {subprocess.py:93} INFO - 25/07/18 18:52:13 INFO MetricsSystemImpl: s3a-file-system metrics system started
[2025-07-18T18:52:14.039+0000] {subprocess.py:93} INFO - 25/07/18 18:52:14 INFO BaseMetastoreCatalog: Table loaded by catalog: my_catalog.silver.customers
[2025-07-18T18:52:14.467+0000] {subprocess.py:93} INFO - Traceback (most recent call last):
[2025-07-18T18:52:14.468+0000] {subprocess.py:93} INFO -   File "/home/iceberg/spark/silver_to_gold.py", line 24, in <module>
[2025-07-18T18:52:14.468+0000] {subprocess.py:93} INFO -     scd2_branch = spark.table("my_catalog.silver.scd2_branch")
[2025-07-18T18:52:14.468+0000] {subprocess.py:93} INFO -                   ^^^^^^^^^^^^^^^^^^^^^^^^^^^^^^^^^^^^^^^^^^^^
[2025-07-18T18:52:14.468+0000] {subprocess.py:93} INFO -   File "/opt/bitnami/spark/python/lib/pyspark.zip/pyspark/sql/session.py", line 1667, in table
[2025-07-18T18:52:14.468+0000] {subprocess.py:93} INFO -   File "/opt/bitnami/spark/python/lib/py4j-0.10.9.7-src.zip/py4j/java_gateway.py", line 1322, in __call__
[2025-07-18T18:52:14.468+0000] {subprocess.py:93} INFO -   File "/opt/bitnami/spark/python/lib/pyspark.zip/pyspark/errors/exceptions/captured.py", line 185, in deco
[2025-07-18T18:52:14.480+0000] {subprocess.py:93} INFO - pyspark.errors.exceptions.captured.AnalysisException: [TABLE_OR_VIEW_NOT_FOUND] The table or view `my_catalog`.`silver`.`scd2_branch` cannot be found. Verify the spelling and correctness of the schema and catalog.
[2025-07-18T18:52:14.480+0000] {subprocess.py:93} INFO - If you did not qualify the name with a schema, verify the current_schema() output, or qualify the name with the correct schema and catalog.
[2025-07-18T18:52:14.480+0000] {subprocess.py:93} INFO - To tolerate the error on drop use DROP VIEW IF EXISTS or DROP TABLE IF EXISTS.;
[2025-07-18T18:52:14.480+0000] {subprocess.py:93} INFO - 'UnresolvedRelation [my_catalog, silver, scd2_branch], [], false
[2025-07-18T18:52:14.480+0000] {subprocess.py:93} INFO - 
[2025-07-18T18:52:14.498+0000] {subprocess.py:93} INFO - 25/07/18 18:52:14 INFO SparkContext: Invoking stop() from shutdown hook
[2025-07-18T18:52:14.498+0000] {subprocess.py:93} INFO - 25/07/18 18:52:14 INFO SparkContext: SparkContext is stopping with exitCode 0.
[2025-07-18T18:52:14.506+0000] {subprocess.py:93} INFO - 25/07/18 18:52:14 INFO SparkUI: Stopped Spark web UI at http://77cb57a6bd53:4040
[2025-07-18T18:52:14.514+0000] {subprocess.py:93} INFO - 25/07/18 18:52:14 INFO MapOutputTrackerMasterEndpoint: MapOutputTrackerMasterEndpoint stopped!
[2025-07-18T18:52:14.522+0000] {subprocess.py:93} INFO - 25/07/18 18:52:14 INFO MemoryStore: MemoryStore cleared
[2025-07-18T18:52:14.523+0000] {subprocess.py:93} INFO - 25/07/18 18:52:14 INFO BlockManager: BlockManager stopped
[2025-07-18T18:52:14.527+0000] {subprocess.py:93} INFO - 25/07/18 18:52:14 INFO BlockManagerMaster: BlockManagerMaster stopped
[2025-07-18T18:52:14.528+0000] {subprocess.py:93} INFO - 25/07/18 18:52:14 INFO OutputCommitCoordinator$OutputCommitCoordinatorEndpoint: OutputCommitCoordinator stopped!
[2025-07-18T18:52:14.535+0000] {subprocess.py:93} INFO - 25/07/18 18:52:14 INFO SparkContext: Successfully stopped SparkContext
[2025-07-18T18:52:14.535+0000] {subprocess.py:93} INFO - 25/07/18 18:52:14 INFO ShutdownHookManager: Shutdown hook called
[2025-07-18T18:52:14.536+0000] {subprocess.py:93} INFO - 25/07/18 18:52:14 INFO ShutdownHookManager: Deleting directory /tmp/spark-7857515a-2f58-4466-ad29-eec18b9fce7f
[2025-07-18T18:52:14.537+0000] {subprocess.py:93} INFO - 25/07/18 18:52:14 INFO ShutdownHookManager: Deleting directory /tmp/spark-bb015131-079a-41f7-a1d0-fd69a01585d2
[2025-07-18T18:52:14.540+0000] {subprocess.py:93} INFO - 25/07/18 18:52:14 INFO ShutdownHookManager: Deleting directory /tmp/spark-bb015131-079a-41f7-a1d0-fd69a01585d2/pyspark-2de93256-4024-483f-86d2-5d02f9f456ce
[2025-07-18T18:52:14.542+0000] {subprocess.py:93} INFO - 25/07/18 18:52:14 INFO MetricsSystemImpl: Stopping s3a-file-system metrics system...
[2025-07-18T18:52:14.543+0000] {subprocess.py:93} INFO - 25/07/18 18:52:14 INFO MetricsSystemImpl: s3a-file-system metrics system stopped.
[2025-07-18T18:52:14.543+0000] {subprocess.py:93} INFO - 25/07/18 18:52:14 INFO MetricsSystemImpl: s3a-file-system metrics system shutdown complete.
[2025-07-18T18:52:14.590+0000] {subprocess.py:97} INFO - Command exited with return code 1
[2025-07-18T18:52:14.602+0000] {taskinstance.py:1937} ERROR - Task failed with exception
Traceback (most recent call last):
  File "/home/airflow/.local/lib/python3.8/site-packages/airflow/operators/bash.py", line 210, in execute
    raise AirflowException(
airflow.exceptions.AirflowException: Bash command failed. The command returned a non-zero exit code 1.
[2025-07-18T18:52:14.606+0000] {taskinstance.py:1400} INFO - Marking task as FAILED. dag_id=restaurant_pipeline, task_id=silver_to_gold, execution_date=20250718T184800, start_date=20250718T185210, end_date=20250718T185214
[2025-07-18T18:52:14.617+0000] {standard_task_runner.py:104} ERROR - Failed to execute job 428 for task silver_to_gold (Bash command failed. The command returned a non-zero exit code 1.; 3938)
[2025-07-18T18:52:14.622+0000] {local_task_job_runner.py:228} INFO - Task exited with return code 1
[2025-07-18T18:52:14.659+0000] {taskinstance.py:2778} INFO - 0 downstream tasks scheduled from follow-on schedule check
