[2025-07-19T21:35:10.809+0000] {taskinstance.py:1159} INFO - Dependencies all met for dep_context=non-requeueable deps ti=<TaskInstance: restaurant_pipeline.send_to_kafka scheduled__2025-07-19T21:32:00+00:00 [queued]>
[2025-07-19T21:35:10.813+0000] {taskinstance.py:1159} INFO - Dependencies all met for dep_context=requeueable deps ti=<TaskInstance: restaurant_pipeline.send_to_kafka scheduled__2025-07-19T21:32:00+00:00 [queued]>
[2025-07-19T21:35:10.813+0000] {taskinstance.py:1361} INFO - Starting attempt 1 of 1
[2025-07-19T21:35:10.820+0000] {taskinstance.py:1382} INFO - Executing <Task(BashOperator): send_to_kafka> on 2025-07-19 21:32:00+00:00
[2025-07-19T21:35:10.823+0000] {standard_task_runner.py:57} INFO - Started process 4538 to run task
[2025-07-19T21:35:10.825+0000] {standard_task_runner.py:84} INFO - Running: ['***', 'tasks', 'run', 'restaurant_pipeline', 'send_to_kafka', 'scheduled__2025-07-19T21:32:00+00:00', '--job-id', '1254', '--raw', '--subdir', 'DAGS_FOLDER/restaurant_pipeline.py', '--cfg-path', '/tmp/tmpwtysqasg']
[2025-07-19T21:35:10.826+0000] {standard_task_runner.py:85} INFO - Job 1254: Subtask send_to_kafka
[2025-07-19T21:35:10.856+0000] {task_command.py:416} INFO - Running <TaskInstance: restaurant_pipeline.send_to_kafka scheduled__2025-07-19T21:32:00+00:00 [running]> on host e3f5d8fc4eef
[2025-07-19T21:35:10.901+0000] {taskinstance.py:1662} INFO - Exporting env vars: AIRFLOW_CTX_DAG_OWNER='moran' AIRFLOW_CTX_DAG_ID='restaurant_pipeline' AIRFLOW_CTX_TASK_ID='send_to_kafka' AIRFLOW_CTX_EXECUTION_DATE='2025-07-19T21:32:00+00:00' AIRFLOW_CTX_TRY_NUMBER='1' AIRFLOW_CTX_DAG_RUN_ID='scheduled__2025-07-19T21:32:00+00:00'
[2025-07-19T21:35:10.902+0000] {subprocess.py:63} INFO - Tmp dir root location: /tmp
[2025-07-19T21:35:10.903+0000] {subprocess.py:75} INFO - Running command: ['/bin/bash', '-c', 'python /opt/streaming/producer.py']
[2025-07-19T21:35:10.908+0000] {subprocess.py:86} INFO - Output:
[2025-07-19T21:35:13.272+0000] {subprocess.py:93} INFO - [✓] Sent to reservations: {'reservation_id': 6098, 'branch_id': 101, 'customer_name': 'Jonathan Moody', 'phone_number': '+1-661-546-4015x5831', 'reservation_date': '2025-07-19', 'reservation_time': '23:09', 'guests_count': 3, 'is_confirmed': True}
[2025-07-19T21:35:13.273+0000] {subprocess.py:93} INFO - [✓] Sent to reservations: {'reservation_id': 4024, 'branch_id': 101, 'customer_name': 'Sarah Peters', 'phone_number': '001-312-955-5382x47251', 'reservation_date': '2025-07-19', 'reservation_time': '22:43', 'guests_count': 2, 'is_confirmed': False}
[2025-07-19T21:35:13.274+0000] {subprocess.py:93} INFO - [✓] Sent to reservations: {'reservation_id': 2575, 'branch_id': 101, 'customer_name': 'Peter Williams', 'phone_number': '792.422.9604x566', 'reservation_date': '2025-07-19', 'reservation_time': '23:33', 'guests_count': 3, 'is_confirmed': False}
[2025-07-19T21:35:13.274+0000] {subprocess.py:93} INFO - [✓] Sent to checkins: {'checkin_id': 6605, 'customer_name': 'Robert Joseph', 'phone_number': '(232)316-3209', 'branch_id': 102, 'table_id': 210, 'is_prebooked': False, 'checkin_date': '2025-07-19', 'checkin_time': '19:36', 'guests_count': 5, 'shift_manager': 'Kyle Bond DDS'}
[2025-07-19T21:35:13.274+0000] {subprocess.py:93} INFO - [✓] Sent to checkins: {'checkin_id': 6070, 'customer_name': 'Shirley Evans', 'phone_number': '001-708-715-9392x2467', 'branch_id': 101, 'table_id': 202, 'is_prebooked': True, 'checkin_date': '2025-07-19', 'checkin_time': '20:06', 'guests_count': 6, 'shift_manager': 'Mark Green'}
[2025-07-19T21:35:13.275+0000] {subprocess.py:93} INFO - [✓] Sent to checkins: {'checkin_id': 5373, 'customer_name': 'Cynthia Gibson', 'phone_number': '001-611-829-5439x562', 'branch_id': 101, 'table_id': 204, 'is_prebooked': False, 'checkin_date': '2025-07-19', 'checkin_time': '20:34', 'guests_count': 5, 'shift_manager': 'Helen Dunlap'}
[2025-07-19T21:35:13.275+0000] {subprocess.py:93} INFO - [✓] Sent to feedback: {'feedback_id': 2650, 'branch_id': 102, 'customer_name': 'Melvin Martinez', 'phone_number': '(254)229-6206x130', 'feedback_text': 'Stock daughter bad since note country.', 'rating': 3, 'dining_date': '2025-07-19', 'dining_time': '21:11', 'submission_time': '2025-07-19T21:35:10'}
[2025-07-19T21:35:13.276+0000] {subprocess.py:93} INFO - [✓] Sent to feedback: {'feedback_id': 8149, 'branch_id': 101, 'customer_name': 'Benjamin Ortiz', 'phone_number': '+1-600-970-6118', 'feedback_text': 'Reveal election sometimes yard think.', 'rating': 3, 'dining_date': '2025-07-19', 'dining_time': '20:26', 'submission_time': '2025-07-19T21:35:10'}
[2025-07-19T21:35:13.276+0000] {subprocess.py:93} INFO - [✓] Sent to feedback: {'feedback_id': 8177, 'branch_id': 102, 'customer_name': 'Matthew Davis', 'phone_number': '(454)321-5096', 'feedback_text': 'Event reflect identify today still probably throw.', 'rating': 2, 'dining_date': '2025-07-19', 'dining_time': '19:47', 'submission_time': '2025-07-19T21:35:10'}
[2025-07-19T21:35:13.276+0000] {subprocess.py:93} INFO - ✅ All messages sent.
[2025-07-19T21:35:13.326+0000] {subprocess.py:97} INFO - Command exited with return code 0
[2025-07-19T21:35:13.347+0000] {taskinstance.py:1400} INFO - Marking task as SUCCESS. dag_id=restaurant_pipeline, task_id=send_to_kafka, execution_date=20250719T213200, start_date=20250719T213510, end_date=20250719T213513
[2025-07-19T21:35:13.364+0000] {local_task_job_runner.py:228} INFO - Task exited with return code 0
[2025-07-19T21:35:13.404+0000] {taskinstance.py:2778} INFO - 1 downstream tasks scheduled from follow-on schedule check
