[2025-07-18T17:40:01.864+0000] {taskinstance.py:1159} INFO - Dependencies all met for dep_context=non-requeueable deps ti=<TaskInstance: restaurant_pipeline.send_to_kafka scheduled__2025-07-18T17:38:00+00:00 [queued]>
[2025-07-18T17:40:01.874+0000] {taskinstance.py:1159} INFO - Dependencies all met for dep_context=requeueable deps ti=<TaskInstance: restaurant_pipeline.send_to_kafka scheduled__2025-07-18T17:38:00+00:00 [queued]>
[2025-07-18T17:40:01.874+0000] {taskinstance.py:1361} INFO - Starting attempt 1 of 1
[2025-07-18T17:40:01.883+0000] {taskinstance.py:1382} INFO - Executing <Task(BashOperator): send_to_kafka> on 2025-07-18 17:38:00+00:00
[2025-07-18T17:40:01.887+0000] {standard_task_runner.py:57} INFO - Started process 2676 to run task
[2025-07-18T17:40:01.890+0000] {standard_task_runner.py:84} INFO - Running: ['***', 'tasks', 'run', 'restaurant_pipeline', 'send_to_kafka', 'scheduled__2025-07-18T17:38:00+00:00', '--job-id', '309', '--raw', '--subdir', 'DAGS_FOLDER/restaurant_pipeline.py', '--cfg-path', '/tmp/tmp0ui2bdt6']
[2025-07-18T17:40:01.893+0000] {standard_task_runner.py:85} INFO - Job 309: Subtask send_to_kafka
[2025-07-18T17:40:01.920+0000] {task_command.py:416} INFO - Running <TaskInstance: restaurant_pipeline.send_to_kafka scheduled__2025-07-18T17:38:00+00:00 [running]> on host 9bcfb43e0ab7
[2025-07-18T17:40:01.954+0000] {taskinstance.py:1662} INFO - Exporting env vars: AIRFLOW_CTX_DAG_OWNER='moran' AIRFLOW_CTX_DAG_ID='restaurant_pipeline' AIRFLOW_CTX_TASK_ID='send_to_kafka' AIRFLOW_CTX_EXECUTION_DATE='2025-07-18T17:38:00+00:00' AIRFLOW_CTX_TRY_NUMBER='1' AIRFLOW_CTX_DAG_RUN_ID='scheduled__2025-07-18T17:38:00+00:00'
[2025-07-18T17:40:01.955+0000] {subprocess.py:63} INFO - Tmp dir root location: /tmp
[2025-07-18T17:40:01.955+0000] {subprocess.py:75} INFO - Running command: ['/bin/bash', '-c', 'python /opt/streaming/producer.py']
[2025-07-18T17:40:01.959+0000] {subprocess.py:86} INFO - Output:
[2025-07-18T17:40:04.206+0000] {subprocess.py:93} INFO - [✓] Sent to reservations: {'reservation_id': 1728, 'branch_id': 101, 'customer_name': 'Amanda Smith', 'phone_number': '+1-918-330-2666x7306', 'reservation_date': '2025-07-18', 'reservation_time': '19:12', 'guests_count': 7, 'is_confirmed': False}
[2025-07-18T17:40:04.212+0000] {subprocess.py:93} INFO - [✓] Sent to reservations: {'reservation_id': 2908, 'branch_id': 101, 'customer_name': 'Pam Wright', 'phone_number': '(560)578-4732x6841', 'reservation_date': '2025-07-18', 'reservation_time': '18:20', 'guests_count': 2, 'is_confirmed': True}
[2025-07-18T17:40:04.212+0000] {subprocess.py:93} INFO - [✓] Sent to reservations: {'reservation_id': 7952, 'branch_id': 102, 'customer_name': 'Haley Morales', 'phone_number': '3822156182', 'reservation_date': '2025-07-18', 'reservation_time': '19:03', 'guests_count': 2, 'is_confirmed': True}
[2025-07-18T17:40:04.213+0000] {subprocess.py:93} INFO - [✓] Sent to checkins: {'checkin_id': 6639, 'customer_name': 'Angela Parrish', 'phone_number': '001-437-820-9342x284', 'branch_id': 102, 'table_id': 205, 'is_prebooked': False, 'checkin_date': '2025-07-18', 'checkin_time': '16:07', 'guests_count': 5, 'shift_manager': 'Kelly Fischer'}
[2025-07-18T17:40:04.213+0000] {subprocess.py:93} INFO - [✓] Sent to checkins: {'checkin_id': 8295, 'customer_name': 'Laura Lam', 'phone_number': '001-388-854-9184x645', 'branch_id': 102, 'table_id': 204, 'is_prebooked': False, 'checkin_date': '2025-07-18', 'checkin_time': '16:03', 'guests_count': 1, 'shift_manager': 'Linda Shah'}
[2025-07-18T17:40:04.213+0000] {subprocess.py:93} INFO - [✓] Sent to checkins: {'checkin_id': 7914, 'customer_name': 'Heather Phillips', 'phone_number': '7109654691', 'branch_id': 102, 'table_id': 207, 'is_prebooked': True, 'checkin_date': '2025-07-18', 'checkin_time': '16:45', 'guests_count': 3, 'shift_manager': 'Michael Romero'}
[2025-07-18T17:40:04.213+0000] {subprocess.py:93} INFO - [✓] Sent to feedback: {'feedback_id': 3339, 'branch_id': 102, 'customer_name': 'Vanessa Carter', 'phone_number': '+1-820-966-4612', 'feedback_text': 'Assume claim game south.', 'rating': 1, 'dining_date': '2025-07-18', 'dining_time': '16:20', 'submission_time': '2025-07-18T17:40:00'}
[2025-07-18T17:40:04.214+0000] {subprocess.py:93} INFO - [✓] Sent to feedback: {'feedback_id': 2963, 'branch_id': 102, 'customer_name': 'Daniel Roy', 'phone_number': '820-414-3127', 'feedback_text': 'Administration be trial yet.', 'rating': 1, 'dining_date': '2025-07-18', 'dining_time': '16:15', 'submission_time': '2025-07-18T17:40:00'}
[2025-07-18T17:40:04.214+0000] {subprocess.py:93} INFO - [✓] Sent to feedback: {'feedback_id': 1873, 'branch_id': 102, 'customer_name': 'Lynn Brewer', 'phone_number': '(863)384-4583', 'feedback_text': 'Affect base benefit cell line memory kid.', 'rating': 3, 'dining_date': '2025-07-18', 'dining_time': '15:53', 'submission_time': '2025-07-18T17:40:00'}
[2025-07-18T17:40:04.214+0000] {subprocess.py:93} INFO - ✅ All messages sent.
[2025-07-18T17:40:04.258+0000] {subprocess.py:97} INFO - Command exited with return code 0
[2025-07-18T17:40:04.278+0000] {taskinstance.py:1400} INFO - Marking task as SUCCESS. dag_id=restaurant_pipeline, task_id=send_to_kafka, execution_date=20250718T173800, start_date=20250718T174001, end_date=20250718T174004
[2025-07-18T17:40:04.294+0000] {local_task_job_runner.py:228} INFO - Task exited with return code 0
[2025-07-18T17:40:04.319+0000] {taskinstance.py:2778} INFO - 1 downstream tasks scheduled from follow-on schedule check
