[2025-07-18T16:44:01.522+0000] {taskinstance.py:1159} INFO - Dependencies all met for dep_context=non-requeueable deps ti=<TaskInstance: restaurant_pipeline.send_to_kafka scheduled__2025-07-18T16:42:00+00:00 [queued]>
[2025-07-18T16:44:01.529+0000] {taskinstance.py:1159} INFO - Dependencies all met for dep_context=requeueable deps ti=<TaskInstance: restaurant_pipeline.send_to_kafka scheduled__2025-07-18T16:42:00+00:00 [queued]>
[2025-07-18T16:44:01.530+0000] {taskinstance.py:1361} INFO - Starting attempt 1 of 1
[2025-07-18T16:44:01.536+0000] {taskinstance.py:1382} INFO - Executing <Task(BashOperator): send_to_kafka> on 2025-07-18 16:42:00+00:00
[2025-07-18T16:44:01.539+0000] {standard_task_runner.py:57} INFO - Started process 1802 to run task
[2025-07-18T16:44:01.542+0000] {standard_task_runner.py:84} INFO - Running: ['***', 'tasks', 'run', 'restaurant_pipeline', 'send_to_kafka', 'scheduled__2025-07-18T16:42:00+00:00', '--job-id', '229', '--raw', '--subdir', 'DAGS_FOLDER/restaurant_pipeline.py', '--cfg-path', '/tmp/tmpyrj27aq7']
[2025-07-18T16:44:01.544+0000] {standard_task_runner.py:85} INFO - Job 229: Subtask send_to_kafka
[2025-07-18T16:44:01.571+0000] {task_command.py:416} INFO - Running <TaskInstance: restaurant_pipeline.send_to_kafka scheduled__2025-07-18T16:42:00+00:00 [running]> on host 9bcfb43e0ab7
[2025-07-18T16:44:01.610+0000] {taskinstance.py:1662} INFO - Exporting env vars: AIRFLOW_CTX_DAG_OWNER='moran' AIRFLOW_CTX_DAG_ID='restaurant_pipeline' AIRFLOW_CTX_TASK_ID='send_to_kafka' AIRFLOW_CTX_EXECUTION_DATE='2025-07-18T16:42:00+00:00' AIRFLOW_CTX_TRY_NUMBER='1' AIRFLOW_CTX_DAG_RUN_ID='scheduled__2025-07-18T16:42:00+00:00'
[2025-07-18T16:44:01.610+0000] {subprocess.py:63} INFO - Tmp dir root location: /tmp
[2025-07-18T16:44:01.611+0000] {subprocess.py:75} INFO - Running command: ['/bin/bash', '-c', 'python /opt/streaming/producer.py']
[2025-07-18T16:44:01.615+0000] {subprocess.py:86} INFO - Output:
[2025-07-18T16:44:03.910+0000] {subprocess.py:93} INFO - [✓] Sent to reservations: {'reservation_id': 3439, 'branch_id': 101, 'customer_name': 'Dawn Dunn', 'phone_number': '350.886.3231', 'reservation_date': '2025-07-18', 'reservation_time': '18:01', 'guests_count': 6, 'is_confirmed': False}
[2025-07-18T16:44:03.912+0000] {subprocess.py:93} INFO - [✓] Sent to reservations: {'reservation_id': 9231, 'branch_id': 102, 'customer_name': 'Melissa Silva', 'phone_number': '(856)981-0782x99899', 'reservation_date': '2025-07-18', 'reservation_time': '18:39', 'guests_count': 8, 'is_confirmed': False}
[2025-07-18T16:44:03.912+0000] {subprocess.py:93} INFO - [✓] Sent to reservations: {'reservation_id': 9100, 'branch_id': 102, 'customer_name': 'Garrett Gutierrez', 'phone_number': '001-323-500-6245x7173', 'reservation_date': '2025-07-18', 'reservation_time': '17:42', 'guests_count': 6, 'is_confirmed': False}
[2025-07-18T16:44:03.913+0000] {subprocess.py:93} INFO - [✓] Sent to checkins: {'checkin_id': 4239, 'customer_name': 'Eric Bell', 'phone_number': '+1-284-689-6750', 'branch_id': 101, 'table_id': 201, 'is_prebooked': True, 'checkin_date': '2025-07-18', 'checkin_time': '14:50', 'guests_count': 2, 'shift_manager': 'Omar Ali'}
[2025-07-18T16:44:03.913+0000] {subprocess.py:93} INFO - [✓] Sent to checkins: {'checkin_id': 6749, 'customer_name': 'David Jackson', 'phone_number': '8579917562', 'branch_id': 102, 'table_id': 202, 'is_prebooked': False, 'checkin_date': '2025-07-18', 'checkin_time': '16:02', 'guests_count': 1, 'shift_manager': 'Vincent Green'}
[2025-07-18T16:44:03.913+0000] {subprocess.py:93} INFO - [✓] Sent to checkins: {'checkin_id': 2377, 'customer_name': 'Kenneth Golden', 'phone_number': '+1-316-527-1233x16777', 'branch_id': 101, 'table_id': 207, 'is_prebooked': False, 'checkin_date': '2025-07-18', 'checkin_time': '15:16', 'guests_count': 1, 'shift_manager': 'Mrs. Cassandra Scott'}
[2025-07-18T16:44:03.913+0000] {subprocess.py:93} INFO - [✓] Sent to feedback: {'feedback_id': 5254, 'branch_id': 101, 'customer_name': 'Amanda Smith', 'phone_number': '8652371898', 'feedback_text': 'Simple less his outside for join.', 'rating': 2, 'dining_date': '2025-07-18', 'dining_time': '15:13', 'submission_time': '2025-07-18T16:44:00'}
[2025-07-18T16:44:03.914+0000] {subprocess.py:93} INFO - [✓] Sent to feedback: {'feedback_id': 6432, 'branch_id': 102, 'customer_name': 'Michael Hamilton', 'phone_number': '576.863.9517', 'feedback_text': 'Buy law glass add campaign.', 'rating': 5, 'dining_date': '2025-07-18', 'dining_time': '16:12', 'submission_time': '2025-07-18T16:44:00'}
[2025-07-18T16:44:03.914+0000] {subprocess.py:93} INFO - [✓] Sent to feedback: {'feedback_id': 9320, 'branch_id': 102, 'customer_name': 'Heather Gomez', 'phone_number': '(730)864-4279x31186', 'feedback_text': 'Know reveal plant magazine sure along.', 'rating': 1, 'dining_date': '2025-07-18', 'dining_time': '15:09', 'submission_time': '2025-07-18T16:44:00'}
[2025-07-18T16:44:03.914+0000] {subprocess.py:93} INFO - ✅ All messages sent.
[2025-07-18T16:44:03.982+0000] {subprocess.py:97} INFO - Command exited with return code 0
[2025-07-18T16:44:04.019+0000] {taskinstance.py:1400} INFO - Marking task as SUCCESS. dag_id=restaurant_pipeline, task_id=send_to_kafka, execution_date=20250718T164200, start_date=20250718T164401, end_date=20250718T164404
[2025-07-18T16:44:04.073+0000] {local_task_job_runner.py:228} INFO - Task exited with return code 0
[2025-07-18T16:44:04.133+0000] {taskinstance.py:2778} INFO - 1 downstream tasks scheduled from follow-on schedule check
