[2025-07-18T15:38:04.883+0000] {taskinstance.py:1159} INFO - Dependencies all met for dep_context=non-requeueable deps ti=<TaskInstance: restaurant_pipeline.stream_to_bronze scheduled__2025-07-18T15:36:00+00:00 [queued]>
[2025-07-18T15:38:04.889+0000] {taskinstance.py:1159} INFO - Dependencies all met for dep_context=requeueable deps ti=<TaskInstance: restaurant_pipeline.stream_to_bronze scheduled__2025-07-18T15:36:00+00:00 [queued]>
[2025-07-18T15:38:04.890+0000] {taskinstance.py:1361} INFO - Starting attempt 1 of 1
[2025-07-18T15:38:04.899+0000] {taskinstance.py:1382} INFO - Executing <Task(BashOperator): stream_to_bronze> on 2025-07-18 15:36:00+00:00
[2025-07-18T15:38:04.902+0000] {standard_task_runner.py:57} INFO - Started process 545 to run task
[2025-07-18T15:38:04.905+0000] {standard_task_runner.py:84} INFO - Running: ['***', 'tasks', 'run', 'restaurant_pipeline', 'stream_to_bronze', 'scheduled__2025-07-18T15:36:00+00:00', '--job-id', '120', '--raw', '--subdir', 'DAGS_FOLDER/restaurant_pipeline.py', '--cfg-path', '/tmp/tmpogqbj7w1']
[2025-07-18T15:38:04.907+0000] {standard_task_runner.py:85} INFO - Job 120: Subtask stream_to_bronze
[2025-07-18T15:38:04.931+0000] {task_command.py:416} INFO - Running <TaskInstance: restaurant_pipeline.stream_to_bronze scheduled__2025-07-18T15:36:00+00:00 [running]> on host 9bcfb43e0ab7
[2025-07-18T15:38:04.967+0000] {taskinstance.py:1662} INFO - Exporting env vars: AIRFLOW_CTX_DAG_OWNER='moran' AIRFLOW_CTX_DAG_ID='restaurant_pipeline' AIRFLOW_CTX_TASK_ID='stream_to_bronze' AIRFLOW_CTX_EXECUTION_DATE='2025-07-18T15:36:00+00:00' AIRFLOW_CTX_TRY_NUMBER='1' AIRFLOW_CTX_DAG_RUN_ID='scheduled__2025-07-18T15:36:00+00:00'
[2025-07-18T15:38:04.968+0000] {subprocess.py:63} INFO - Tmp dir root location: /tmp
[2025-07-18T15:38:04.968+0000] {subprocess.py:75} INFO - Running command: ['/bin/bash', '-c', 'docker exec spark-iceberg spark-submit /home/iceberg/spark/stream_to_bronze.py']
[2025-07-18T15:38:04.973+0000] {subprocess.py:86} INFO - Output:
[2025-07-18T15:38:06.435+0000] {subprocess.py:93} INFO - 25/07/18 15:38:06 INFO SparkContext: Running Spark version 3.5.6
[2025-07-18T15:38:06.436+0000] {subprocess.py:93} INFO - 25/07/18 15:38:06 INFO SparkContext: OS info Linux, 6.10.14-linuxkit, aarch64
[2025-07-18T15:38:06.436+0000] {subprocess.py:93} INFO - 25/07/18 15:38:06 INFO SparkContext: Java version 17.0.15
[2025-07-18T15:38:06.447+0000] {subprocess.py:93} INFO - 25/07/18 15:38:06 INFO ResourceUtils: ==============================================================
[2025-07-18T15:38:06.448+0000] {subprocess.py:93} INFO - 25/07/18 15:38:06 INFO ResourceUtils: No custom resources configured for spark.driver.
[2025-07-18T15:38:06.448+0000] {subprocess.py:93} INFO - 25/07/18 15:38:06 INFO ResourceUtils: ==============================================================
[2025-07-18T15:38:06.448+0000] {subprocess.py:93} INFO - 25/07/18 15:38:06 INFO SparkContext: Submitted application: StreamToBronze
[2025-07-18T15:38:06.458+0000] {subprocess.py:93} INFO - 25/07/18 15:38:06 INFO ResourceProfile: Default ResourceProfile created, executor resources: Map(cores -> name: cores, amount: 1, script: , vendor: , memory -> name: memory, amount: 1024, script: , vendor: , offHeap -> name: offHeap, amount: 0, script: , vendor: ), task resources: Map(cpus -> name: cpus, amount: 1.0)
[2025-07-18T15:38:06.462+0000] {subprocess.py:93} INFO - 25/07/18 15:38:06 INFO ResourceProfile: Limiting resource is cpu
[2025-07-18T15:38:06.462+0000] {subprocess.py:93} INFO - 25/07/18 15:38:06 INFO ResourceProfileManager: Added ResourceProfile id: 0
[2025-07-18T15:38:06.485+0000] {subprocess.py:93} INFO - 25/07/18 15:38:06 INFO SecurityManager: Changing view acls to: root,spark
[2025-07-18T15:38:06.485+0000] {subprocess.py:93} INFO - 25/07/18 15:38:06 INFO SecurityManager: Changing modify acls to: root,spark
[2025-07-18T15:38:06.486+0000] {subprocess.py:93} INFO - 25/07/18 15:38:06 INFO SecurityManager: Changing view acls groups to:
[2025-07-18T15:38:06.486+0000] {subprocess.py:93} INFO - 25/07/18 15:38:06 INFO SecurityManager: Changing modify acls groups to:
[2025-07-18T15:38:06.486+0000] {subprocess.py:93} INFO - 25/07/18 15:38:06 INFO SecurityManager: SecurityManager: authentication disabled; ui acls disabled; users with view permissions: root, spark; groups with view permissions: EMPTY; users with modify permissions: root, spark; groups with modify permissions: EMPTY
[2025-07-18T15:38:06.512+0000] {subprocess.py:93} INFO - 25/07/18 15:38:06 WARN NativeCodeLoader: Unable to load native-hadoop library for your platform... using builtin-java classes where applicable
[2025-07-18T15:38:06.631+0000] {subprocess.py:93} INFO - 25/07/18 15:38:06 INFO Utils: Successfully started service 'sparkDriver' on port 41539.
[2025-07-18T15:38:06.645+0000] {subprocess.py:93} INFO - 25/07/18 15:38:06 INFO SparkEnv: Registering MapOutputTracker
[2025-07-18T15:38:06.662+0000] {subprocess.py:93} INFO - 25/07/18 15:38:06 INFO SparkEnv: Registering BlockManagerMaster
[2025-07-18T15:38:06.675+0000] {subprocess.py:93} INFO - 25/07/18 15:38:06 INFO BlockManagerMasterEndpoint: Using org.apache.spark.storage.DefaultTopologyMapper for getting topology information
[2025-07-18T15:38:06.675+0000] {subprocess.py:93} INFO - 25/07/18 15:38:06 INFO BlockManagerMasterEndpoint: BlockManagerMasterEndpoint up
[2025-07-18T15:38:06.677+0000] {subprocess.py:93} INFO - 25/07/18 15:38:06 INFO SparkEnv: Registering BlockManagerMasterHeartbeat
[2025-07-18T15:38:06.688+0000] {subprocess.py:93} INFO - 25/07/18 15:38:06 INFO DiskBlockManager: Created local directory at /tmp/blockmgr-ed4737c1-ed33-4eb6-b39e-6b21502d1696
[2025-07-18T15:38:06.694+0000] {subprocess.py:93} INFO - 25/07/18 15:38:06 INFO MemoryStore: MemoryStore started with capacity 434.4 MiB
[2025-07-18T15:38:06.702+0000] {subprocess.py:93} INFO - 25/07/18 15:38:06 INFO SparkEnv: Registering OutputCommitCoordinator
[2025-07-18T15:38:06.762+0000] {subprocess.py:93} INFO - 25/07/18 15:38:06 INFO JettyUtils: Start Jetty 0.0.0.0:4040 for SparkUI
[2025-07-18T15:38:06.793+0000] {subprocess.py:93} INFO - 25/07/18 15:38:06 WARN Utils: Service 'SparkUI' could not bind on port 4040. Attempting port 4041.
[2025-07-18T15:38:06.798+0000] {subprocess.py:93} INFO - 25/07/18 15:38:06 INFO Utils: Successfully started service 'SparkUI' on port 4041.
[2025-07-18T15:38:06.850+0000] {subprocess.py:93} INFO - 25/07/18 15:38:06 INFO Executor: Starting executor ID driver on host 77cb57a6bd53
[2025-07-18T15:38:06.850+0000] {subprocess.py:93} INFO - 25/07/18 15:38:06 INFO Executor: OS info Linux, 6.10.14-linuxkit, aarch64
[2025-07-18T15:38:06.850+0000] {subprocess.py:93} INFO - 25/07/18 15:38:06 INFO Executor: Java version 17.0.15
[2025-07-18T15:38:06.853+0000] {subprocess.py:93} INFO - 25/07/18 15:38:06 INFO Executor: Starting executor with user classpath (userClassPathFirst = false): ''
[2025-07-18T15:38:06.853+0000] {subprocess.py:93} INFO - 25/07/18 15:38:06 INFO Executor: Created or updated repl class loader org.apache.spark.util.MutableURLClassLoader@6820b75d for default.
[2025-07-18T15:38:06.863+0000] {subprocess.py:93} INFO - 25/07/18 15:38:06 INFO Utils: Successfully started service 'org.apache.spark.network.netty.NettyBlockTransferService' on port 35085.
[2025-07-18T15:38:06.863+0000] {subprocess.py:93} INFO - 25/07/18 15:38:06 INFO NettyBlockTransferService: Server created on 77cb57a6bd53:35085
[2025-07-18T15:38:06.863+0000] {subprocess.py:93} INFO - 25/07/18 15:38:06 INFO BlockManager: Using org.apache.spark.storage.RandomBlockReplicationPolicy for block replication policy
[2025-07-18T15:38:06.871+0000] {subprocess.py:93} INFO - 25/07/18 15:38:06 INFO BlockManagerMaster: Registering BlockManager BlockManagerId(driver, 77cb57a6bd53, 35085, None)
[2025-07-18T15:38:06.877+0000] {subprocess.py:93} INFO - 25/07/18 15:38:06 INFO BlockManagerMasterEndpoint: Registering block manager 77cb57a6bd53:35085 with 434.4 MiB RAM, BlockManagerId(driver, 77cb57a6bd53, 35085, None)
[2025-07-18T15:38:06.879+0000] {subprocess.py:93} INFO - 25/07/18 15:38:06 INFO BlockManagerMaster: Registered BlockManager BlockManagerId(driver, 77cb57a6bd53, 35085, None)
[2025-07-18T15:38:06.880+0000] {subprocess.py:93} INFO - 25/07/18 15:38:06 INFO BlockManager: Initialized BlockManager: BlockManagerId(driver, 77cb57a6bd53, 35085, None)
[2025-07-18T15:38:07.114+0000] {subprocess.py:93} INFO - 25/07/18 15:38:07 INFO SharedState: Setting hive.metastore.warehouse.dir ('null') to the value of spark.sql.warehouse.dir.
[2025-07-18T15:38:07.118+0000] {subprocess.py:93} INFO - 25/07/18 15:38:07 INFO SharedState: Warehouse path is 'file:/app/spark-warehouse'.
[2025-07-18T15:38:08.202+0000] {subprocess.py:93} INFO - 25/07/18 15:38:08 WARN MetricsConfig: Cannot locate configuration: tried hadoop-metrics2-s3a-file-system.properties,hadoop-metrics2.properties
[2025-07-18T15:38:08.213+0000] {subprocess.py:93} INFO - 25/07/18 15:38:08 INFO MetricsSystemImpl: Scheduled Metric snapshot period at 10 second(s).
[2025-07-18T15:38:08.214+0000] {subprocess.py:93} INFO - 25/07/18 15:38:08 INFO MetricsSystemImpl: s3a-file-system metrics system started
[2025-07-18T15:38:08.992+0000] {subprocess.py:93} INFO - 25/07/18 15:38:08 INFO BaseMetastoreCatalog: Table loaded by catalog: my_catalog.bronze.Reservations_raw
[2025-07-18T15:38:09.016+0000] {subprocess.py:93} INFO - 25/07/18 15:38:09 INFO StateStoreCoordinatorRef: Registered StateStoreCoordinator endpoint
[2025-07-18T15:38:09.050+0000] {subprocess.py:93} INFO - 25/07/18 15:38:09 INFO ResolveWriteToStream: Checkpoint root /tmp/checkpoints/reservations resolved to file:/tmp/checkpoints/reservations.
[2025-07-18T15:38:09.051+0000] {subprocess.py:93} INFO - 25/07/18 15:38:09 WARN ResolveWriteToStream: spark.sql.adaptive.enabled is not supported in streaming DataFrames/Datasets and will be disabled.
[2025-07-18T15:38:09.171+0000] {subprocess.py:93} INFO - 25/07/18 15:38:09 INFO MicroBatchExecution: Starting [id = 0314df7c-5598-4928-8d91-374ee67989d1, runId = a2b06ca0-7361-415b-9abd-1526e4979825]. Use file:/tmp/checkpoints/reservations to store the query checkpoint.
[2025-07-18T15:38:09.178+0000] {subprocess.py:93} INFO - 25/07/18 15:38:09 INFO MicroBatchExecution: Reading table [org.apache.spark.sql.kafka010.KafkaSourceProvider$KafkaTable@34d258e8] from DataSourceV2 named 'kafka' [org.apache.spark.sql.kafka010.KafkaSourceProvider@9ddc043]
[2025-07-18T15:38:09.221+0000] {subprocess.py:93} INFO - 25/07/18 15:38:09 INFO OffsetSeqLog: BatchIds found from listing: 0, 1, 2, 3, 4, 5, 6, 7, 8, 9, 10, 11, 12, 13, 14, 15, 16, 17, 18
[2025-07-18T15:38:09.234+0000] {subprocess.py:93} INFO - 25/07/18 15:38:09 INFO OffsetSeqLog: Getting latest batch 18
[2025-07-18T15:38:09.267+0000] {subprocess.py:93} INFO - 25/07/18 15:38:09 INFO OffsetSeqLog: BatchIds found from listing: 0, 1, 2, 3, 4, 5, 6, 7, 8, 9, 10, 11, 12, 13, 14, 15, 16, 17, 18
[2025-07-18T15:38:09.268+0000] {subprocess.py:93} INFO - 25/07/18 15:38:09 INFO OffsetSeqLog: Getting latest batch 18
[2025-07-18T15:38:09.275+0000] {subprocess.py:93} INFO - 25/07/18 15:38:09 INFO CommitLog: BatchIds found from listing: 0, 1, 2, 3, 4, 5, 6, 7, 8, 9, 10, 11, 12, 13, 14, 15, 16, 17, 18
[2025-07-18T15:38:09.276+0000] {subprocess.py:93} INFO - 25/07/18 15:38:09 INFO CommitLog: Getting latest batch 18
[2025-07-18T15:38:09.280+0000] {subprocess.py:93} INFO - 25/07/18 15:38:09 INFO MicroBatchExecution: Resuming at batch 19 with committed offsets {KafkaV2[Subscribe[reservations]]: {"reservations":{"0":63}}} and available offsets {KafkaV2[Subscribe[reservations]]: {"reservations":{"0":63}}}
[2025-07-18T15:38:09.282+0000] {subprocess.py:93} INFO - 25/07/18 15:38:09 INFO MicroBatchExecution: Stream started from {KafkaV2[Subscribe[reservations]]: {"reservations":{"0":63}}}
[2025-07-18T15:38:09.318+0000] {subprocess.py:93} INFO - 25/07/18 15:38:09 INFO BaseMetastoreCatalog: Table loaded by catalog: my_catalog.bronze.Checkins_raw
[2025-07-18T15:38:09.319+0000] {subprocess.py:93} INFO - 25/07/18 15:38:09 INFO AdminClientConfig: AdminClientConfig values:
[2025-07-18T15:38:09.320+0000] {subprocess.py:93} INFO - 	auto.include.jmx.reporter = true
[2025-07-18T15:38:09.320+0000] {subprocess.py:93} INFO - 	bootstrap.servers = [kafka:9092]
[2025-07-18T15:38:09.321+0000] {subprocess.py:93} INFO - 	client.dns.lookup = use_all_dns_ips
[2025-07-18T15:38:09.321+0000] {subprocess.py:93} INFO - 	client.id =
[2025-07-18T15:38:09.322+0000] {subprocess.py:93} INFO - 	connections.max.idle.ms = 300000
[2025-07-18T15:38:09.323+0000] {subprocess.py:93} INFO - 	default.api.timeout.ms = 60000
[2025-07-18T15:38:09.323+0000] {subprocess.py:93} INFO - 	metadata.max.age.ms = 300000
[2025-07-18T15:38:09.324+0000] {subprocess.py:93} INFO - 	metric.reporters = []
[2025-07-18T15:38:09.324+0000] {subprocess.py:93} INFO - 	metrics.num.samples = 2
[2025-07-18T15:38:09.325+0000] {subprocess.py:93} INFO - 	metrics.recording.level = INFO
[2025-07-18T15:38:09.325+0000] {subprocess.py:93} INFO - 	metrics.sample.window.ms = 30000
[2025-07-18T15:38:09.326+0000] {subprocess.py:93} INFO - 	receive.buffer.bytes = 65536
[2025-07-18T15:38:09.326+0000] {subprocess.py:93} INFO - 	reconnect.backoff.max.ms = 1000
[2025-07-18T15:38:09.326+0000] {subprocess.py:93} INFO - 	reconnect.backoff.ms = 50
[2025-07-18T15:38:09.327+0000] {subprocess.py:93} INFO - 	request.timeout.ms = 30000
[2025-07-18T15:38:09.327+0000] {subprocess.py:93} INFO - 	retries = 2147483647
[2025-07-18T15:38:09.328+0000] {subprocess.py:93} INFO - 	retry.backoff.ms = 100
[2025-07-18T15:38:09.328+0000] {subprocess.py:93} INFO - 	sasl.client.callback.handler.class = null
[2025-07-18T15:38:09.331+0000] {subprocess.py:93} INFO - 	sasl.jaas.config = null
[2025-07-18T15:38:09.331+0000] {subprocess.py:93} INFO - 	sasl.kerberos.kinit.cmd = /usr/bin/kinit
[2025-07-18T15:38:09.332+0000] {subprocess.py:93} INFO - 	sasl.kerberos.min.time.before.relogin = 60000
[2025-07-18T15:38:09.333+0000] {subprocess.py:93} INFO - 	sasl.kerberos.service.name = null
[2025-07-18T15:38:09.333+0000] {subprocess.py:93} INFO - 	sasl.kerberos.ticket.renew.jitter = 0.05
[2025-07-18T15:38:09.334+0000] {subprocess.py:93} INFO - 	sasl.kerberos.ticket.renew.window.factor = 0.8
[2025-07-18T15:38:09.336+0000] {subprocess.py:93} INFO - 	sasl.login.callback.handler.class = null
[2025-07-18T15:38:09.336+0000] {subprocess.py:93} INFO - 	sasl.login.class = null
[2025-07-18T15:38:09.336+0000] {subprocess.py:93} INFO - 	sasl.login.connect.timeout.ms = null
[2025-07-18T15:38:09.337+0000] {subprocess.py:93} INFO - 	sasl.login.read.timeout.ms = null
[2025-07-18T15:38:09.337+0000] {subprocess.py:93} INFO - 	sasl.login.refresh.buffer.seconds = 300
[2025-07-18T15:38:09.337+0000] {subprocess.py:93} INFO - 	sasl.login.refresh.min.period.seconds = 60
[2025-07-18T15:38:09.338+0000] {subprocess.py:93} INFO - 	sasl.login.refresh.window.factor = 0.8
[2025-07-18T15:38:09.338+0000] {subprocess.py:93} INFO - 	sasl.login.refresh.window.jitter = 0.05
[2025-07-18T15:38:09.338+0000] {subprocess.py:93} INFO - 	sasl.login.retry.backoff.max.ms = 10000
[2025-07-18T15:38:09.339+0000] {subprocess.py:93} INFO - 	sasl.login.retry.backoff.ms = 100
[2025-07-18T15:38:09.339+0000] {subprocess.py:93} INFO - 	sasl.mechanism = GSSAPI
[2025-07-18T15:38:09.339+0000] {subprocess.py:93} INFO - 	sasl.oauthbearer.clock.skew.seconds = 30
[2025-07-18T15:38:09.340+0000] {subprocess.py:93} INFO - 	sasl.oauthbearer.expected.audience = null
[2025-07-18T15:38:09.340+0000] {subprocess.py:93} INFO - 	sasl.oauthbearer.expected.issuer = null
[2025-07-18T15:38:09.341+0000] {subprocess.py:93} INFO - 	sasl.oauthbearer.jwks.endpoint.refresh.ms = 3600000
[2025-07-18T15:38:09.342+0000] {subprocess.py:93} INFO - 	sasl.oauthbearer.jwks.endpoint.retry.backoff.max.ms = 10000
[2025-07-18T15:38:09.342+0000] {subprocess.py:93} INFO - 	sasl.oauthbearer.jwks.endpoint.retry.backoff.ms = 100
[2025-07-18T15:38:09.342+0000] {subprocess.py:93} INFO - 	sasl.oauthbearer.jwks.endpoint.url = null
[2025-07-18T15:38:09.343+0000] {subprocess.py:93} INFO - 	sasl.oauthbearer.scope.claim.name = scope
[2025-07-18T15:38:09.343+0000] {subprocess.py:93} INFO - 	sasl.oauthbearer.sub.claim.name = sub
[2025-07-18T15:38:09.343+0000] {subprocess.py:93} INFO - 	sasl.oauthbearer.token.endpoint.url = null
[2025-07-18T15:38:09.345+0000] {subprocess.py:93} INFO - 	security.protocol = PLAINTEXT
[2025-07-18T15:38:09.346+0000] {subprocess.py:93} INFO - 	security.providers = null
[2025-07-18T15:38:09.346+0000] {subprocess.py:93} INFO - 	send.buffer.bytes = 131072
[2025-07-18T15:38:09.346+0000] {subprocess.py:93} INFO - 	socket.connection.setup.timeout.max.ms = 30000
[2025-07-18T15:38:09.347+0000] {subprocess.py:93} INFO - 	socket.connection.setup.timeout.ms = 10000
[2025-07-18T15:38:09.348+0000] {subprocess.py:93} INFO - 	ssl.cipher.suites = null
[2025-07-18T15:38:09.349+0000] {subprocess.py:93} INFO - 	ssl.enabled.protocols = [TLSv1.2, TLSv1.3]
[2025-07-18T15:38:09.350+0000] {subprocess.py:93} INFO - 	ssl.endpoint.identification.algorithm = https
[2025-07-18T15:38:09.351+0000] {subprocess.py:93} INFO - 	ssl.engine.factory.class = null
[2025-07-18T15:38:09.352+0000] {subprocess.py:93} INFO - 	ssl.key.password = null
[2025-07-18T15:38:09.352+0000] {subprocess.py:93} INFO - 	ssl.keymanager.algorithm = SunX509
[2025-07-18T15:38:09.353+0000] {subprocess.py:93} INFO - 	ssl.keystore.certificate.chain = null
[2025-07-18T15:38:09.354+0000] {subprocess.py:93} INFO - 	ssl.keystore.key = null
[2025-07-18T15:38:09.356+0000] {subprocess.py:93} INFO - 	ssl.keystore.location = null
[2025-07-18T15:38:09.357+0000] {subprocess.py:93} INFO - 	ssl.keystore.password = null
[2025-07-18T15:38:09.359+0000] {subprocess.py:93} INFO - 	ssl.keystore.type = JKS
[2025-07-18T15:38:09.359+0000] {subprocess.py:93} INFO - 	ssl.protocol = TLSv1.3
[2025-07-18T15:38:09.361+0000] {subprocess.py:93} INFO - 	ssl.provider = null
[2025-07-18T15:38:09.362+0000] {subprocess.py:93} INFO - 	ssl.secure.random.implementation = null
[2025-07-18T15:38:09.362+0000] {subprocess.py:93} INFO - 	ssl.trustmanager.algorithm = PKIX
[2025-07-18T15:38:09.363+0000] {subprocess.py:93} INFO - 	ssl.truststore.certificates = null
[2025-07-18T15:38:09.363+0000] {subprocess.py:93} INFO - 	ssl.truststore.location = null
[2025-07-18T15:38:09.363+0000] {subprocess.py:93} INFO - 	ssl.truststore.password = null
[2025-07-18T15:38:09.364+0000] {subprocess.py:93} INFO - 	ssl.truststore.type = JKS
[2025-07-18T15:38:09.365+0000] {subprocess.py:93} INFO - 
[2025-07-18T15:38:09.365+0000] {subprocess.py:93} INFO - 25/07/18 15:38:09 INFO ResolveWriteToStream: Checkpoint root /tmp/checkpoints/checkins resolved to file:/tmp/checkpoints/checkins.
[2025-07-18T15:38:09.365+0000] {subprocess.py:93} INFO - 25/07/18 15:38:09 WARN ResolveWriteToStream: spark.sql.adaptive.enabled is not supported in streaming DataFrames/Datasets and will be disabled.
[2025-07-18T15:38:09.366+0000] {subprocess.py:93} INFO - 25/07/18 15:38:09 INFO MicroBatchExecution: Starting [id = a9a9b3af-d3c2-4704-81e0-4163831ae683, runId = 102fb48d-f266-48ba-bc24-a7a8d1e13c07]. Use file:/tmp/checkpoints/checkins to store the query checkpoint.
[2025-07-18T15:38:09.366+0000] {subprocess.py:93} INFO - 25/07/18 15:38:09 INFO MicroBatchExecution: Reading table [org.apache.spark.sql.kafka010.KafkaSourceProvider$KafkaTable@7696aff6] from DataSourceV2 named 'kafka' [org.apache.spark.sql.kafka010.KafkaSourceProvider@78515e8c]
[2025-07-18T15:38:09.366+0000] {subprocess.py:93} INFO - 25/07/18 15:38:09 INFO OffsetSeqLog: BatchIds found from listing: 0, 1, 2, 3, 4, 5, 6, 7, 8, 9, 10, 11, 12, 13, 14, 15, 16, 17, 18, 19, 20
[2025-07-18T15:38:09.366+0000] {subprocess.py:93} INFO - 25/07/18 15:38:09 INFO OffsetSeqLog: Getting latest batch 20
[2025-07-18T15:38:09.366+0000] {subprocess.py:93} INFO - 25/07/18 15:38:09 INFO OffsetSeqLog: BatchIds found from listing: 0, 1, 2, 3, 4, 5, 6, 7, 8, 9, 10, 11, 12, 13, 14, 15, 16, 17, 18, 19, 20
[2025-07-18T15:38:09.366+0000] {subprocess.py:93} INFO - 25/07/18 15:38:09 INFO OffsetSeqLog: Getting latest batch 20
[2025-07-18T15:38:09.366+0000] {subprocess.py:93} INFO - 25/07/18 15:38:09 INFO CommitLog: BatchIds found from listing: 0, 1, 2, 3, 4, 5, 6, 7, 8, 9, 10, 11, 12, 13, 14, 15, 16, 17, 18, 19, 20
[2025-07-18T15:38:09.367+0000] {subprocess.py:93} INFO - 25/07/18 15:38:09 INFO CommitLog: Getting latest batch 20
[2025-07-18T15:38:09.367+0000] {subprocess.py:93} INFO - 25/07/18 15:38:09 INFO MicroBatchExecution: Resuming at batch 21 with committed offsets {KafkaV2[Subscribe[checkins]]: {"checkins":{"0":63}}} and available offsets {KafkaV2[Subscribe[checkins]]: {"checkins":{"0":63}}}
[2025-07-18T15:38:09.368+0000] {subprocess.py:93} INFO - 25/07/18 15:38:09 INFO MicroBatchExecution: Stream started from {KafkaV2[Subscribe[checkins]]: {"checkins":{"0":63}}}
[2025-07-18T15:38:09.368+0000] {subprocess.py:93} INFO - 25/07/18 15:38:09 INFO AdminClientConfig: AdminClientConfig values:
[2025-07-18T15:38:09.369+0000] {subprocess.py:93} INFO - 	auto.include.jmx.reporter = true
[2025-07-18T15:38:09.369+0000] {subprocess.py:93} INFO - 	bootstrap.servers = [kafka:9092]
[2025-07-18T15:38:09.369+0000] {subprocess.py:93} INFO - 	client.dns.lookup = use_all_dns_ips
[2025-07-18T15:38:09.370+0000] {subprocess.py:93} INFO - 	client.id =
[2025-07-18T15:38:09.371+0000] {subprocess.py:93} INFO - 	connections.max.idle.ms = 300000
[2025-07-18T15:38:09.371+0000] {subprocess.py:93} INFO - 	default.api.timeout.ms = 60000
[2025-07-18T15:38:09.372+0000] {subprocess.py:93} INFO - 	metadata.max.age.ms = 300000
[2025-07-18T15:38:09.372+0000] {subprocess.py:93} INFO - 	metric.reporters = []
[2025-07-18T15:38:09.372+0000] {subprocess.py:93} INFO - 	metrics.num.samples = 2
[2025-07-18T15:38:09.372+0000] {subprocess.py:93} INFO - 	metrics.recording.level = INFO
[2025-07-18T15:38:09.372+0000] {subprocess.py:93} INFO - 	metrics.sample.window.ms = 30000
[2025-07-18T15:38:09.373+0000] {subprocess.py:93} INFO - 	receive.buffer.bytes = 65536
[2025-07-18T15:38:09.373+0000] {subprocess.py:93} INFO - 	reconnect.backoff.max.ms = 1000
[2025-07-18T15:38:09.373+0000] {subprocess.py:93} INFO - 	reconnect.backoff.ms = 50
[2025-07-18T15:38:09.374+0000] {subprocess.py:93} INFO - 	request.timeout.ms = 30000
[2025-07-18T15:38:09.374+0000] {subprocess.py:93} INFO - 	retries = 2147483647
[2025-07-18T15:38:09.374+0000] {subprocess.py:93} INFO - 	retry.backoff.ms = 100
[2025-07-18T15:38:09.375+0000] {subprocess.py:93} INFO - 	sasl.client.callback.handler.class = null
[2025-07-18T15:38:09.375+0000] {subprocess.py:93} INFO - 	sasl.jaas.config = null
[2025-07-18T15:38:09.375+0000] {subprocess.py:93} INFO - 	sasl.kerberos.kinit.cmd = /usr/bin/kinit
[2025-07-18T15:38:09.375+0000] {subprocess.py:93} INFO - 	sasl.kerberos.min.time.before.relogin = 60000
[2025-07-18T15:38:09.376+0000] {subprocess.py:93} INFO - 	sasl.kerberos.service.name = null
[2025-07-18T15:38:09.376+0000] {subprocess.py:93} INFO - 	sasl.kerberos.ticket.renew.jitter = 0.05
[2025-07-18T15:38:09.376+0000] {subprocess.py:93} INFO - 	sasl.kerberos.ticket.renew.window.factor = 0.8
[2025-07-18T15:38:09.376+0000] {subprocess.py:93} INFO - 	sasl.login.callback.handler.class = null
[2025-07-18T15:38:09.377+0000] {subprocess.py:93} INFO - 	sasl.login.class = null
[2025-07-18T15:38:09.378+0000] {subprocess.py:93} INFO - 	sasl.login.connect.timeout.ms = null
[2025-07-18T15:38:09.378+0000] {subprocess.py:93} INFO - 	sasl.login.read.timeout.ms = null
[2025-07-18T15:38:09.379+0000] {subprocess.py:93} INFO - 	sasl.login.refresh.buffer.seconds = 300
[2025-07-18T15:38:09.379+0000] {subprocess.py:93} INFO - 	sasl.login.refresh.min.period.seconds = 60
[2025-07-18T15:38:09.380+0000] {subprocess.py:93} INFO - 	sasl.login.refresh.window.factor = 0.8
[2025-07-18T15:38:09.380+0000] {subprocess.py:93} INFO - 	sasl.login.refresh.window.jitter = 0.05
[2025-07-18T15:38:09.380+0000] {subprocess.py:93} INFO - 	sasl.login.retry.backoff.max.ms = 10000
[2025-07-18T15:38:09.381+0000] {subprocess.py:93} INFO - 	sasl.login.retry.backoff.ms = 100
[2025-07-18T15:38:09.381+0000] {subprocess.py:93} INFO - 	sasl.mechanism = GSSAPI
[2025-07-18T15:38:09.381+0000] {subprocess.py:93} INFO - 	sasl.oauthbearer.clock.skew.seconds = 30
[2025-07-18T15:38:09.382+0000] {subprocess.py:93} INFO - 	sasl.oauthbearer.expected.audience = null
[2025-07-18T15:38:09.382+0000] {subprocess.py:93} INFO - 	sasl.oauthbearer.expected.issuer = null
[2025-07-18T15:38:09.382+0000] {subprocess.py:93} INFO - 	sasl.oauthbearer.jwks.endpoint.refresh.ms = 3600000
[2025-07-18T15:38:09.383+0000] {subprocess.py:93} INFO - 	sasl.oauthbearer.jwks.endpoint.retry.backoff.max.ms = 10000
[2025-07-18T15:38:09.383+0000] {subprocess.py:93} INFO - 	sasl.oauthbearer.jwks.endpoint.retry.backoff.ms = 100
[2025-07-18T15:38:09.384+0000] {subprocess.py:93} INFO - 	sasl.oauthbearer.jwks.endpoint.url = null
[2025-07-18T15:38:09.384+0000] {subprocess.py:93} INFO - 	sasl.oauthbearer.scope.claim.name = scope
[2025-07-18T15:38:09.384+0000] {subprocess.py:93} INFO - 	sasl.oauthbearer.sub.claim.name = sub
[2025-07-18T15:38:09.385+0000] {subprocess.py:93} INFO - 	sasl.oauthbearer.token.endpoint.url = null
[2025-07-18T15:38:09.385+0000] {subprocess.py:93} INFO - 	security.protocol = PLAINTEXT
[2025-07-18T15:38:09.386+0000] {subprocess.py:93} INFO - 	security.providers = null
[2025-07-18T15:38:09.386+0000] {subprocess.py:93} INFO - 	send.buffer.bytes = 131072
[2025-07-18T15:38:09.387+0000] {subprocess.py:93} INFO - 	socket.connection.setup.timeout.max.ms = 30000
[2025-07-18T15:38:09.388+0000] {subprocess.py:93} INFO - 	socket.connection.setup.timeout.ms = 10000
[2025-07-18T15:38:09.389+0000] {subprocess.py:93} INFO - 	ssl.cipher.suites = null
[2025-07-18T15:38:09.390+0000] {subprocess.py:93} INFO - 	ssl.enabled.protocols = [TLSv1.2, TLSv1.3]
[2025-07-18T15:38:09.391+0000] {subprocess.py:93} INFO - 	ssl.endpoint.identification.algorithm = https
[2025-07-18T15:38:09.391+0000] {subprocess.py:93} INFO - 	ssl.engine.factory.class = null
[2025-07-18T15:38:09.392+0000] {subprocess.py:93} INFO - 	ssl.key.password = null
[2025-07-18T15:38:09.392+0000] {subprocess.py:93} INFO - 	ssl.keymanager.algorithm = SunX509
[2025-07-18T15:38:09.392+0000] {subprocess.py:93} INFO - 	ssl.keystore.certificate.chain = null
[2025-07-18T15:38:09.393+0000] {subprocess.py:93} INFO - 	ssl.keystore.key = null
[2025-07-18T15:38:09.393+0000] {subprocess.py:93} INFO - 	ssl.keystore.location = null
[2025-07-18T15:38:09.393+0000] {subprocess.py:93} INFO - 	ssl.keystore.password = null
[2025-07-18T15:38:09.393+0000] {subprocess.py:93} INFO - 	ssl.keystore.type = JKS
[2025-07-18T15:38:09.394+0000] {subprocess.py:93} INFO - 	ssl.protocol = TLSv1.3
[2025-07-18T15:38:09.394+0000] {subprocess.py:93} INFO - 	ssl.provider = null
[2025-07-18T15:38:09.394+0000] {subprocess.py:93} INFO - 	ssl.secure.random.implementation = null
[2025-07-18T15:38:09.394+0000] {subprocess.py:93} INFO - 	ssl.trustmanager.algorithm = PKIX
[2025-07-18T15:38:09.394+0000] {subprocess.py:93} INFO - 	ssl.truststore.certificates = null
[2025-07-18T15:38:09.394+0000] {subprocess.py:93} INFO - 	ssl.truststore.location = null
[2025-07-18T15:38:09.395+0000] {subprocess.py:93} INFO - 	ssl.truststore.password = null
[2025-07-18T15:38:09.395+0000] {subprocess.py:93} INFO - 	ssl.truststore.type = JKS
[2025-07-18T15:38:09.396+0000] {subprocess.py:93} INFO - 
[2025-07-18T15:38:09.396+0000] {subprocess.py:93} INFO - 25/07/18 15:38:09 INFO AdminClientConfig: These configurations '[key.deserializer, value.deserializer, enable.auto.commit, max.poll.records, auto.offset.reset]' were supplied but are not used yet.
[2025-07-18T15:38:09.396+0000] {subprocess.py:93} INFO - 25/07/18 15:38:09 INFO AdminClientConfig: These configurations '[key.deserializer, value.deserializer, enable.auto.commit, max.poll.records, auto.offset.reset]' were supplied but are not used yet.
[2025-07-18T15:38:09.397+0000] {subprocess.py:93} INFO - 25/07/18 15:38:09 INFO AppInfoParser: Kafka version: 3.5.1
[2025-07-18T15:38:09.397+0000] {subprocess.py:93} INFO - 25/07/18 15:38:09 INFO AppInfoParser: Kafka commitId: 2c6fb6c54472e90a
[2025-07-18T15:38:09.397+0000] {subprocess.py:93} INFO - 25/07/18 15:38:09 INFO AppInfoParser: Kafka startTimeMs: 1752853089382
[2025-07-18T15:38:09.398+0000] {subprocess.py:93} INFO - 25/07/18 15:38:09 INFO AppInfoParser: Kafka version: 3.5.1
[2025-07-18T15:38:09.398+0000] {subprocess.py:93} INFO - 25/07/18 15:38:09 INFO AppInfoParser: Kafka commitId: 2c6fb6c54472e90a
[2025-07-18T15:38:09.398+0000] {subprocess.py:93} INFO - 25/07/18 15:38:09 INFO AppInfoParser: Kafka startTimeMs: 1752853089382
[2025-07-18T15:38:09.482+0000] {subprocess.py:93} INFO - 25/07/18 15:38:09 INFO BaseMetastoreCatalog: Table loaded by catalog: my_catalog.bronze.Feedback_raw
[2025-07-18T15:38:09.495+0000] {subprocess.py:93} INFO - 25/07/18 15:38:09 INFO ResolveWriteToStream: Checkpoint root /tmp/checkpoints/feedback resolved to file:/tmp/checkpoints/feedback.
[2025-07-18T15:38:09.497+0000] {subprocess.py:93} INFO - 25/07/18 15:38:09 WARN ResolveWriteToStream: spark.sql.adaptive.enabled is not supported in streaming DataFrames/Datasets and will be disabled.
[2025-07-18T15:38:09.508+0000] {subprocess.py:93} INFO - 25/07/18 15:38:09 INFO MicroBatchExecution: Starting [id = d3aff090-24bc-4a1c-938f-fc839231598c, runId = 0aa0a48c-147d-4370-a1b2-8d7c935bab9d]. Use file:/tmp/checkpoints/feedback to store the query checkpoint.
[2025-07-18T15:38:09.509+0000] {subprocess.py:93} INFO - 25/07/18 15:38:09 INFO MicroBatchExecution: Reading table [org.apache.spark.sql.kafka010.KafkaSourceProvider$KafkaTable@19a1775d] from DataSourceV2 named 'kafka' [org.apache.spark.sql.kafka010.KafkaSourceProvider@17669bc1]
[2025-07-18T15:38:09.510+0000] {subprocess.py:93} INFO - 25/07/18 15:38:09 INFO OffsetSeqLog: BatchIds found from listing: 0, 1, 2, 3, 4, 5, 6, 7, 8, 9, 10, 11, 12, 13, 14, 15, 16, 17, 18
[2025-07-18T15:38:09.511+0000] {subprocess.py:93} INFO - 25/07/18 15:38:09 INFO OffsetSeqLog: Getting latest batch 18
[2025-07-18T15:38:09.513+0000] {subprocess.py:93} INFO - 25/07/18 15:38:09 INFO OffsetSeqLog: BatchIds found from listing: 0, 1, 2, 3, 4, 5, 6, 7, 8, 9, 10, 11, 12, 13, 14, 15, 16, 17, 18
[2025-07-18T15:38:09.514+0000] {subprocess.py:93} INFO - 25/07/18 15:38:09 INFO OffsetSeqLog: Getting latest batch 18
[2025-07-18T15:38:09.525+0000] {subprocess.py:93} INFO - 25/07/18 15:38:09 INFO CommitLog: BatchIds found from listing: 0, 1, 2, 3, 4, 5, 6, 7, 8, 9, 10, 11, 12, 13, 14, 15, 16, 17, 18
[2025-07-18T15:38:09.528+0000] {subprocess.py:93} INFO - 25/07/18 15:38:09 INFO CommitLog: Getting latest batch 18
[2025-07-18T15:38:09.528+0000] {subprocess.py:93} INFO - 25/07/18 15:38:09 INFO MicroBatchExecution: Resuming at batch 19 with committed offsets {KafkaV2[Subscribe[feedback]]: {"feedback":{"0":63}}} and available offsets {KafkaV2[Subscribe[feedback]]: {"feedback":{"0":63}}}
[2025-07-18T15:38:09.529+0000] {subprocess.py:93} INFO - 25/07/18 15:38:09 INFO MicroBatchExecution: Stream started from {KafkaV2[Subscribe[feedback]]: {"feedback":{"0":63}}}
[2025-07-18T15:38:09.531+0000] {subprocess.py:93} INFO - 25/07/18 15:38:09 INFO AdminClientConfig: AdminClientConfig values:
[2025-07-18T15:38:09.532+0000] {subprocess.py:93} INFO - 	auto.include.jmx.reporter = true
[2025-07-18T15:38:09.532+0000] {subprocess.py:93} INFO - 	bootstrap.servers = [kafka:9092]
[2025-07-18T15:38:09.534+0000] {subprocess.py:93} INFO - 	client.dns.lookup = use_all_dns_ips
[2025-07-18T15:38:09.535+0000] {subprocess.py:93} INFO - 	client.id =
[2025-07-18T15:38:09.536+0000] {subprocess.py:93} INFO - 	connections.max.idle.ms = 300000
[2025-07-18T15:38:09.536+0000] {subprocess.py:93} INFO - 	default.api.timeout.ms = 60000
[2025-07-18T15:38:09.536+0000] {subprocess.py:93} INFO - 	metadata.max.age.ms = 300000
[2025-07-18T15:38:09.536+0000] {subprocess.py:93} INFO - 	metric.reporters = []
[2025-07-18T15:38:09.537+0000] {subprocess.py:93} INFO - 	metrics.num.samples = 2
[2025-07-18T15:38:09.537+0000] {subprocess.py:93} INFO - 	metrics.recording.level = INFO
[2025-07-18T15:38:09.537+0000] {subprocess.py:93} INFO - 	metrics.sample.window.ms = 30000
[2025-07-18T15:38:09.538+0000] {subprocess.py:93} INFO - 	receive.buffer.bytes = 65536
[2025-07-18T15:38:09.538+0000] {subprocess.py:93} INFO - 	reconnect.backoff.max.ms = 1000
[2025-07-18T15:38:09.539+0000] {subprocess.py:93} INFO - 	reconnect.backoff.ms = 50
[2025-07-18T15:38:09.540+0000] {subprocess.py:93} INFO - 	request.timeout.ms = 30000
[2025-07-18T15:38:09.540+0000] {subprocess.py:93} INFO - 	retries = 2147483647
[2025-07-18T15:38:09.541+0000] {subprocess.py:93} INFO - 	retry.backoff.ms = 100
[2025-07-18T15:38:09.541+0000] {subprocess.py:93} INFO - 	sasl.client.callback.handler.class = null
[2025-07-18T15:38:09.542+0000] {subprocess.py:93} INFO - 	sasl.jaas.config = null
[2025-07-18T15:38:09.542+0000] {subprocess.py:93} INFO - 	sasl.kerberos.kinit.cmd = /usr/bin/kinit
[2025-07-18T15:38:09.542+0000] {subprocess.py:93} INFO - 	sasl.kerberos.min.time.before.relogin = 60000
[2025-07-18T15:38:09.542+0000] {subprocess.py:93} INFO - 	sasl.kerberos.service.name = null
[2025-07-18T15:38:09.542+0000] {subprocess.py:93} INFO - 	sasl.kerberos.ticket.renew.jitter = 0.05
[2025-07-18T15:38:09.543+0000] {subprocess.py:93} INFO - 	sasl.kerberos.ticket.renew.window.factor = 0.8
[2025-07-18T15:38:09.543+0000] {subprocess.py:93} INFO - 	sasl.login.callback.handler.class = null
[2025-07-18T15:38:09.544+0000] {subprocess.py:93} INFO - 	sasl.login.class = null
[2025-07-18T15:38:09.544+0000] {subprocess.py:93} INFO - 	sasl.login.connect.timeout.ms = null
[2025-07-18T15:38:09.544+0000] {subprocess.py:93} INFO - 	sasl.login.read.timeout.ms = null
[2025-07-18T15:38:09.544+0000] {subprocess.py:93} INFO - 	sasl.login.refresh.buffer.seconds = 300
[2025-07-18T15:38:09.545+0000] {subprocess.py:93} INFO - 	sasl.login.refresh.min.period.seconds = 60
[2025-07-18T15:38:09.545+0000] {subprocess.py:93} INFO - 	sasl.login.refresh.window.factor = 0.8
[2025-07-18T15:38:09.546+0000] {subprocess.py:93} INFO - 	sasl.login.refresh.window.jitter = 0.05
[2025-07-18T15:38:09.546+0000] {subprocess.py:93} INFO - 	sasl.login.retry.backoff.max.ms = 10000
[2025-07-18T15:38:09.546+0000] {subprocess.py:93} INFO - 	sasl.login.retry.backoff.ms = 100
[2025-07-18T15:38:09.547+0000] {subprocess.py:93} INFO - 	sasl.mechanism = GSSAPI
[2025-07-18T15:38:09.547+0000] {subprocess.py:93} INFO - 	sasl.oauthbearer.clock.skew.seconds = 30
[2025-07-18T15:38:09.547+0000] {subprocess.py:93} INFO - 	sasl.oauthbearer.expected.audience = null
[2025-07-18T15:38:09.547+0000] {subprocess.py:93} INFO - 	sasl.oauthbearer.expected.issuer = null
[2025-07-18T15:38:09.548+0000] {subprocess.py:93} INFO - 	sasl.oauthbearer.jwks.endpoint.refresh.ms = 3600000
[2025-07-18T15:38:09.548+0000] {subprocess.py:93} INFO - 	sasl.oauthbearer.jwks.endpoint.retry.backoff.max.ms = 10000
[2025-07-18T15:38:09.548+0000] {subprocess.py:93} INFO - 	sasl.oauthbearer.jwks.endpoint.retry.backoff.ms = 100
[2025-07-18T15:38:09.548+0000] {subprocess.py:93} INFO - 	sasl.oauthbearer.jwks.endpoint.url = null
[2025-07-18T15:38:09.548+0000] {subprocess.py:93} INFO - 	sasl.oauthbearer.scope.claim.name = scope
[2025-07-18T15:38:09.549+0000] {subprocess.py:93} INFO - 	sasl.oauthbearer.sub.claim.name = sub
[2025-07-18T15:38:09.549+0000] {subprocess.py:93} INFO - 	sasl.oauthbearer.token.endpoint.url = null
[2025-07-18T15:38:09.550+0000] {subprocess.py:93} INFO - 	security.protocol = PLAINTEXT
[2025-07-18T15:38:09.550+0000] {subprocess.py:93} INFO - 	security.providers = null
[2025-07-18T15:38:09.551+0000] {subprocess.py:93} INFO - 	send.buffer.bytes = 131072
[2025-07-18T15:38:09.552+0000] {subprocess.py:93} INFO - 	socket.connection.setup.timeout.max.ms = 30000
[2025-07-18T15:38:09.553+0000] {subprocess.py:93} INFO - 	socket.connection.setup.timeout.ms = 10000
[2025-07-18T15:38:09.554+0000] {subprocess.py:93} INFO - 	ssl.cipher.suites = null
[2025-07-18T15:38:09.554+0000] {subprocess.py:93} INFO - 	ssl.enabled.protocols = [TLSv1.2, TLSv1.3]
[2025-07-18T15:38:09.554+0000] {subprocess.py:93} INFO - 	ssl.endpoint.identification.algorithm = https
[2025-07-18T15:38:09.554+0000] {subprocess.py:93} INFO - 	ssl.engine.factory.class = null
[2025-07-18T15:38:09.555+0000] {subprocess.py:93} INFO - 	ssl.key.password = null
[2025-07-18T15:38:09.555+0000] {subprocess.py:93} INFO - 	ssl.keymanager.algorithm = SunX509
[2025-07-18T15:38:09.555+0000] {subprocess.py:93} INFO - 	ssl.keystore.certificate.chain = null
[2025-07-18T15:38:09.556+0000] {subprocess.py:93} INFO - 	ssl.keystore.key = null
[2025-07-18T15:38:09.556+0000] {subprocess.py:93} INFO - 	ssl.keystore.location = null
[2025-07-18T15:38:09.556+0000] {subprocess.py:93} INFO - 	ssl.keystore.password = null
[2025-07-18T15:38:09.557+0000] {subprocess.py:93} INFO - 	ssl.keystore.type = JKS
[2025-07-18T15:38:09.557+0000] {subprocess.py:93} INFO - 	ssl.protocol = TLSv1.3
[2025-07-18T15:38:09.558+0000] {subprocess.py:93} INFO - 	ssl.provider = null
[2025-07-18T15:38:09.559+0000] {subprocess.py:93} INFO - 	ssl.secure.random.implementation = null
[2025-07-18T15:38:09.559+0000] {subprocess.py:93} INFO - 	ssl.trustmanager.algorithm = PKIX
[2025-07-18T15:38:09.559+0000] {subprocess.py:93} INFO - 	ssl.truststore.certificates = null
[2025-07-18T15:38:09.559+0000] {subprocess.py:93} INFO - 	ssl.truststore.location = null
[2025-07-18T15:38:09.560+0000] {subprocess.py:93} INFO - 	ssl.truststore.password = null
[2025-07-18T15:38:09.560+0000] {subprocess.py:93} INFO - 	ssl.truststore.type = JKS
[2025-07-18T15:38:09.560+0000] {subprocess.py:93} INFO - 
[2025-07-18T15:38:09.560+0000] {subprocess.py:93} INFO - 25/07/18 15:38:09 INFO AdminClientConfig: These configurations '[key.deserializer, value.deserializer, enable.auto.commit, max.poll.records, auto.offset.reset]' were supplied but are not used yet.
[2025-07-18T15:38:09.560+0000] {subprocess.py:93} INFO - 25/07/18 15:38:09 INFO AppInfoParser: Kafka version: 3.5.1
[2025-07-18T15:38:09.561+0000] {subprocess.py:93} INFO - 25/07/18 15:38:09 INFO AppInfoParser: Kafka commitId: 2c6fb6c54472e90a
[2025-07-18T15:38:09.561+0000] {subprocess.py:93} INFO - 25/07/18 15:38:09 INFO AppInfoParser: Kafka startTimeMs: 1752853089539
[2025-07-18T15:38:19.710+0000] {subprocess.py:93} INFO - 25/07/18 15:38:19 INFO MicroBatchExecution: Streaming query has been idle and waiting for new data more than 10000 ms.
[2025-07-18T15:38:19.711+0000] {subprocess.py:93} INFO - 25/07/18 15:38:19 INFO MicroBatchExecution: Streaming query has been idle and waiting for new data more than 10000 ms.
[2025-07-18T15:38:19.711+0000] {subprocess.py:93} INFO - 25/07/18 15:38:19 INFO MicroBatchExecution: Streaming query has been idle and waiting for new data more than 10000 ms.
[2025-07-18T15:38:29.711+0000] {subprocess.py:93} INFO - 25/07/18 15:38:29 INFO MicroBatchExecution: Streaming query has been idle and waiting for new data more than 10000 ms.
[2025-07-18T15:38:29.711+0000] {subprocess.py:93} INFO - 25/07/18 15:38:29 INFO MicroBatchExecution: Streaming query has been idle and waiting for new data more than 10000 ms.
[2025-07-18T15:38:29.712+0000] {subprocess.py:93} INFO - 25/07/18 15:38:29 INFO MicroBatchExecution: Streaming query has been idle and waiting for new data more than 10000 ms.
[2025-07-18T15:38:39.713+0000] {subprocess.py:93} INFO - 25/07/18 15:38:39 INFO MicroBatchExecution: Streaming query has been idle and waiting for new data more than 10000 ms.
[2025-07-18T15:38:39.714+0000] {subprocess.py:93} INFO - 25/07/18 15:38:39 INFO MicroBatchExecution: Streaming query has been idle and waiting for new data more than 10000 ms.
[2025-07-18T15:38:39.714+0000] {subprocess.py:93} INFO - 25/07/18 15:38:39 INFO MicroBatchExecution: Streaming query has been idle and waiting for new data more than 10000 ms.
[2025-07-18T15:38:49.727+0000] {subprocess.py:93} INFO - 25/07/18 15:38:49 INFO MicroBatchExecution: Streaming query has been idle and waiting for new data more than 10000 ms.
[2025-07-18T15:38:49.730+0000] {subprocess.py:93} INFO - 25/07/18 15:38:49 INFO MicroBatchExecution: Streaming query has been idle and waiting for new data more than 10000 ms.
[2025-07-18T15:38:49.731+0000] {subprocess.py:93} INFO - 25/07/18 15:38:49 INFO MicroBatchExecution: Streaming query has been idle and waiting for new data more than 10000 ms.
[2025-07-18T15:38:59.732+0000] {subprocess.py:93} INFO - 25/07/18 15:38:59 INFO MicroBatchExecution: Streaming query has been idle and waiting for new data more than 10000 ms.
[2025-07-18T15:38:59.734+0000] {subprocess.py:93} INFO - 25/07/18 15:38:59 INFO MicroBatchExecution: Streaming query has been idle and waiting for new data more than 10000 ms.
[2025-07-18T15:38:59.736+0000] {subprocess.py:93} INFO - 25/07/18 15:38:59 INFO MicroBatchExecution: Streaming query has been idle and waiting for new data more than 10000 ms.
[2025-07-18T15:39:09.737+0000] {subprocess.py:93} INFO - 25/07/18 15:39:09 INFO MicroBatchExecution: Streaming query has been idle and waiting for new data more than 10000 ms.
[2025-07-18T15:39:09.739+0000] {subprocess.py:93} INFO - 25/07/18 15:39:09 INFO MicroBatchExecution: Streaming query has been idle and waiting for new data more than 10000 ms.
[2025-07-18T15:39:09.739+0000] {subprocess.py:93} INFO - 25/07/18 15:39:09 INFO MicroBatchExecution: Streaming query has been idle and waiting for new data more than 10000 ms.
[2025-07-18T15:39:19.741+0000] {subprocess.py:93} INFO - 25/07/18 15:39:19 INFO MicroBatchExecution: Streaming query has been idle and waiting for new data more than 10000 ms.
[2025-07-18T15:39:19.742+0000] {subprocess.py:93} INFO - 25/07/18 15:39:19 INFO MicroBatchExecution: Streaming query has been idle and waiting for new data more than 10000 ms.
[2025-07-18T15:39:19.742+0000] {subprocess.py:93} INFO - 25/07/18 15:39:19 INFO MicroBatchExecution: Streaming query has been idle and waiting for new data more than 10000 ms.
[2025-07-18T15:39:29.742+0000] {subprocess.py:93} INFO - 25/07/18 15:39:29 INFO MicroBatchExecution: Streaming query has been idle and waiting for new data more than 10000 ms.
[2025-07-18T15:39:29.745+0000] {subprocess.py:93} INFO - 25/07/18 15:39:29 INFO MicroBatchExecution: Streaming query has been idle and waiting for new data more than 10000 ms.
[2025-07-18T15:39:29.745+0000] {subprocess.py:93} INFO - 25/07/18 15:39:29 INFO MicroBatchExecution: Streaming query has been idle and waiting for new data more than 10000 ms.
[2025-07-18T15:39:39.747+0000] {subprocess.py:93} INFO - 25/07/18 15:39:39 INFO MicroBatchExecution: Streaming query has been idle and waiting for new data more than 10000 ms.
[2025-07-18T15:39:39.748+0000] {subprocess.py:93} INFO - 25/07/18 15:39:39 INFO MicroBatchExecution: Streaming query has been idle and waiting for new data more than 10000 ms.
[2025-07-18T15:39:39.749+0000] {subprocess.py:93} INFO - 25/07/18 15:39:39 INFO MicroBatchExecution: Streaming query has been idle and waiting for new data more than 10000 ms.
[2025-07-18T15:39:49.749+0000] {subprocess.py:93} INFO - 25/07/18 15:39:49 INFO MicroBatchExecution: Streaming query has been idle and waiting for new data more than 10000 ms.
[2025-07-18T15:39:49.750+0000] {subprocess.py:93} INFO - 25/07/18 15:39:49 INFO MicroBatchExecution: Streaming query has been idle and waiting for new data more than 10000 ms.
[2025-07-18T15:39:49.750+0000] {subprocess.py:93} INFO - 25/07/18 15:39:49 INFO MicroBatchExecution: Streaming query has been idle and waiting for new data more than 10000 ms.
[2025-07-18T15:39:59.754+0000] {subprocess.py:93} INFO - 25/07/18 15:39:59 INFO MicroBatchExecution: Streaming query has been idle and waiting for new data more than 10000 ms.
[2025-07-18T15:39:59.758+0000] {subprocess.py:93} INFO - 25/07/18 15:39:59 INFO MicroBatchExecution: Streaming query has been idle and waiting for new data more than 10000 ms.
[2025-07-18T15:39:59.762+0000] {subprocess.py:93} INFO - 25/07/18 15:39:59 INFO MicroBatchExecution: Streaming query has been idle and waiting for new data more than 10000 ms.
[2025-07-18T15:40:02.214+0000] {subprocess.py:93} INFO - 25/07/18 15:40:02 INFO CheckpointFileManager: Writing atomically to file:/tmp/checkpoints/reservations/offsets/19 using temp file file:/tmp/checkpoints/reservations/offsets/.19.37cee792-9614-45fc-9fbb-2fe65cde11f5.tmp
[2025-07-18T15:40:02.244+0000] {subprocess.py:93} INFO - 25/07/18 15:40:02 WARN CheckpointFileManager: Failed to rename temp file file:/tmp/checkpoints/reservations/offsets/.19.37cee792-9614-45fc-9fbb-2fe65cde11f5.tmp to file:/tmp/checkpoints/reservations/offsets/19 because file exists
[2025-07-18T15:40:02.245+0000] {subprocess.py:93} INFO - org.apache.hadoop.fs.FileAlreadyExistsException: Rename destination file:/tmp/checkpoints/reservations/offsets/19 already exists.
[2025-07-18T15:40:02.246+0000] {subprocess.py:93} INFO - 	at org.apache.hadoop.fs.AbstractFileSystem.renameInternal(AbstractFileSystem.java:770)
[2025-07-18T15:40:02.246+0000] {subprocess.py:93} INFO - 	at org.apache.hadoop.fs.AbstractFileSystem.rename(AbstractFileSystem.java:720)
[2025-07-18T15:40:02.246+0000] {subprocess.py:93} INFO - 	at org.apache.hadoop.fs.ChecksumFs.renameInternal(ChecksumFs.java:489)
[2025-07-18T15:40:02.246+0000] {subprocess.py:93} INFO - 	at org.apache.hadoop.fs.AbstractFileSystem.rename(AbstractFileSystem.java:720)
[2025-07-18T15:40:02.247+0000] {subprocess.py:93} INFO - 	at org.apache.hadoop.fs.FileContext.rename(FileContext.java:1036)
[2025-07-18T15:40:02.247+0000] {subprocess.py:93} INFO - 	at org.apache.spark.sql.execution.streaming.FileContextBasedCheckpointFileManager.renameTempFile(CheckpointFileManager.scala:372)
[2025-07-18T15:40:02.247+0000] {subprocess.py:93} INFO - 	at org.apache.spark.sql.execution.streaming.CheckpointFileManager$RenameBasedFSDataOutputStream.close(CheckpointFileManager.scala:154)
[2025-07-18T15:40:02.247+0000] {subprocess.py:93} INFO - 	at org.apache.spark.sql.execution.streaming.HDFSMetadataLog.write(HDFSMetadataLog.scala:204)
[2025-07-18T15:40:02.248+0000] {subprocess.py:93} INFO - 	at org.apache.spark.sql.execution.streaming.HDFSMetadataLog.addNewBatchByStream(HDFSMetadataLog.scala:237)
[2025-07-18T15:40:02.248+0000] {subprocess.py:93} INFO - 	at org.apache.spark.sql.execution.streaming.HDFSMetadataLog.add(HDFSMetadataLog.scala:130)
[2025-07-18T15:40:02.248+0000] {subprocess.py:93} INFO - 	at org.apache.spark.sql.execution.streaming.MicroBatchExecution.markMicroBatchStart(MicroBatchExecution.scala:764)
[2025-07-18T15:40:02.248+0000] {subprocess.py:93} INFO - 	at org.apache.spark.sql.execution.streaming.MicroBatchExecution.$anonfun$constructNextBatch$13(MicroBatchExecution.scala:536)
[2025-07-18T15:40:02.248+0000] {subprocess.py:93} INFO - 	at scala.runtime.java8.JFunction0$mcV$sp.apply(JFunction0$mcV$sp.java:23)
[2025-07-18T15:40:02.249+0000] {subprocess.py:93} INFO - 	at org.apache.spark.sql.execution.streaming.ProgressReporter.reportTimeTaken(ProgressReporter.scala:427)
[2025-07-18T15:40:02.250+0000] {subprocess.py:93} INFO - 	at org.apache.spark.sql.execution.streaming.ProgressReporter.reportTimeTaken$(ProgressReporter.scala:425)
[2025-07-18T15:40:02.250+0000] {subprocess.py:93} INFO - 	at org.apache.spark.sql.execution.streaming.StreamExecution.reportTimeTaken(StreamExecution.scala:67)
[2025-07-18T15:40:02.252+0000] {subprocess.py:93} INFO - 	at org.apache.spark.sql.execution.streaming.MicroBatchExecution.$anonfun$constructNextBatch$1(MicroBatchExecution.scala:535)
[2025-07-18T15:40:02.252+0000] {subprocess.py:93} INFO - 	at scala.runtime.java8.JFunction0$mcZ$sp.apply(JFunction0$mcZ$sp.java:23)
[2025-07-18T15:40:02.252+0000] {subprocess.py:93} INFO - 	at org.apache.spark.sql.execution.streaming.MicroBatchExecution.withProgressLocked(MicroBatchExecution.scala:810)
[2025-07-18T15:40:02.253+0000] {subprocess.py:93} INFO - 	at org.apache.spark.sql.execution.streaming.MicroBatchExecution.constructNextBatch(MicroBatchExecution.scala:475)
[2025-07-18T15:40:02.254+0000] {subprocess.py:93} INFO - 	at org.apache.spark.sql.execution.streaming.MicroBatchExecution.$anonfun$runActivatedStream$2(MicroBatchExecution.scala:268)
[2025-07-18T15:40:02.254+0000] {subprocess.py:93} INFO - 	at scala.runtime.java8.JFunction0$mcV$sp.apply(JFunction0$mcV$sp.java:23)
[2025-07-18T15:40:02.255+0000] {subprocess.py:93} INFO - 	at org.apache.spark.sql.execution.streaming.ProgressReporter.reportTimeTaken(ProgressReporter.scala:427)
[2025-07-18T15:40:02.255+0000] {subprocess.py:93} INFO - 	at org.apache.spark.sql.execution.streaming.ProgressReporter.reportTimeTaken$(ProgressReporter.scala:425)
[2025-07-18T15:40:02.255+0000] {subprocess.py:93} INFO - 	at org.apache.spark.sql.execution.streaming.StreamExecution.reportTimeTaken(StreamExecution.scala:67)
[2025-07-18T15:40:02.256+0000] {subprocess.py:93} INFO - 	at org.apache.spark.sql.execution.streaming.MicroBatchExecution.$anonfun$runActivatedStream$1(MicroBatchExecution.scala:249)
[2025-07-18T15:40:02.257+0000] {subprocess.py:93} INFO - 	at org.apache.spark.sql.execution.streaming.ProcessingTimeExecutor.execute(TriggerExecutor.scala:67)
[2025-07-18T15:40:02.257+0000] {subprocess.py:93} INFO - 	at org.apache.spark.sql.execution.streaming.MicroBatchExecution.runActivatedStream(MicroBatchExecution.scala:239)
[2025-07-18T15:40:02.258+0000] {subprocess.py:93} INFO - 	at org.apache.spark.sql.execution.streaming.StreamExecution.$anonfun$runStream$1(StreamExecution.scala:311)
[2025-07-18T15:40:02.258+0000] {subprocess.py:93} INFO - 	at scala.runtime.java8.JFunction0$mcV$sp.apply(JFunction0$mcV$sp.java:23)
[2025-07-18T15:40:02.259+0000] {subprocess.py:93} INFO - 	at org.apache.spark.sql.SparkSession.withActive(SparkSession.scala:900)
[2025-07-18T15:40:02.259+0000] {subprocess.py:93} INFO - 	at org.apache.spark.sql.execution.streaming.StreamExecution.org$apache$spark$sql$execution$streaming$StreamExecution$$runStream(StreamExecution.scala:289)
[2025-07-18T15:40:02.259+0000] {subprocess.py:93} INFO - 	at org.apache.spark.sql.execution.streaming.StreamExecution$$anon$1.$anonfun$run$1(StreamExecution.scala:211)
[2025-07-18T15:40:02.259+0000] {subprocess.py:93} INFO - 	at scala.runtime.java8.JFunction0$mcV$sp.apply(JFunction0$mcV$sp.java:23)
[2025-07-18T15:40:02.260+0000] {subprocess.py:93} INFO - 	at org.apache.spark.JobArtifactSet$.withActiveJobArtifactState(JobArtifactSet.scala:94)
[2025-07-18T15:40:02.260+0000] {subprocess.py:93} INFO - 	at org.apache.spark.sql.execution.streaming.StreamExecution$$anon$1.run(StreamExecution.scala:211)
[2025-07-18T15:40:02.542+0000] {subprocess.py:93} INFO - 25/07/18 15:40:02 ERROR MicroBatchExecution: Query [id = 0314df7c-5598-4928-8d91-374ee67989d1, runId = a2b06ca0-7361-415b-9abd-1526e4979825] terminated with error
[2025-07-18T15:40:02.543+0000] {subprocess.py:93} INFO - org.apache.spark.SparkConcurrentModificationException: Multiple streaming queries are concurrently using file:/tmp/checkpoints/reservations/offsets.
[2025-07-18T15:40:02.543+0000] {subprocess.py:93} INFO - 	at org.apache.spark.sql.errors.QueryExecutionErrors$.multiStreamingQueriesUsingPathConcurrentlyError(QueryExecutionErrors.scala:1858)
[2025-07-18T15:40:02.543+0000] {subprocess.py:93} INFO - 	at org.apache.spark.sql.execution.streaming.HDFSMetadataLog.write(HDFSMetadataLog.scala:210)
[2025-07-18T15:40:02.544+0000] {subprocess.py:93} INFO - 	at org.apache.spark.sql.execution.streaming.HDFSMetadataLog.addNewBatchByStream(HDFSMetadataLog.scala:237)
[2025-07-18T15:40:02.544+0000] {subprocess.py:93} INFO - 	at org.apache.spark.sql.execution.streaming.HDFSMetadataLog.add(HDFSMetadataLog.scala:130)
[2025-07-18T15:40:02.544+0000] {subprocess.py:93} INFO - 	at org.apache.spark.sql.execution.streaming.MicroBatchExecution.markMicroBatchStart(MicroBatchExecution.scala:764)
[2025-07-18T15:40:02.544+0000] {subprocess.py:93} INFO - 	at org.apache.spark.sql.execution.streaming.MicroBatchExecution.$anonfun$constructNextBatch$13(MicroBatchExecution.scala:536)
[2025-07-18T15:40:02.544+0000] {subprocess.py:93} INFO - 	at scala.runtime.java8.JFunction0$mcV$sp.apply(JFunction0$mcV$sp.java:23)
[2025-07-18T15:40:02.545+0000] {subprocess.py:93} INFO - 	at org.apache.spark.sql.execution.streaming.ProgressReporter.reportTimeTaken(ProgressReporter.scala:427)
[2025-07-18T15:40:02.545+0000] {subprocess.py:93} INFO - 	at org.apache.spark.sql.execution.streaming.ProgressReporter.reportTimeTaken$(ProgressReporter.scala:425)
[2025-07-18T15:40:02.545+0000] {subprocess.py:93} INFO - 	at org.apache.spark.sql.execution.streaming.StreamExecution.reportTimeTaken(StreamExecution.scala:67)
[2025-07-18T15:40:02.545+0000] {subprocess.py:93} INFO - 	at org.apache.spark.sql.execution.streaming.MicroBatchExecution.$anonfun$constructNextBatch$1(MicroBatchExecution.scala:535)
[2025-07-18T15:40:02.545+0000] {subprocess.py:93} INFO - 	at scala.runtime.java8.JFunction0$mcZ$sp.apply(JFunction0$mcZ$sp.java:23)
[2025-07-18T15:40:02.546+0000] {subprocess.py:93} INFO - 	at org.apache.spark.sql.execution.streaming.MicroBatchExecution.withProgressLocked(MicroBatchExecution.scala:810)
[2025-07-18T15:40:02.546+0000] {subprocess.py:93} INFO - 	at org.apache.spark.sql.execution.streaming.MicroBatchExecution.constructNextBatch(MicroBatchExecution.scala:475)
[2025-07-18T15:40:02.546+0000] {subprocess.py:93} INFO - 	at org.apache.spark.sql.execution.streaming.MicroBatchExecution.$anonfun$runActivatedStream$2(MicroBatchExecution.scala:268)
[2025-07-18T15:40:02.547+0000] {subprocess.py:93} INFO - 	at scala.runtime.java8.JFunction0$mcV$sp.apply(JFunction0$mcV$sp.java:23)
[2025-07-18T15:40:02.548+0000] {subprocess.py:93} INFO - 	at org.apache.spark.sql.execution.streaming.ProgressReporter.reportTimeTaken(ProgressReporter.scala:427)
[2025-07-18T15:40:02.548+0000] {subprocess.py:93} INFO - 	at org.apache.spark.sql.execution.streaming.ProgressReporter.reportTimeTaken$(ProgressReporter.scala:425)
[2025-07-18T15:40:02.548+0000] {subprocess.py:93} INFO - 	at org.apache.spark.sql.execution.streaming.StreamExecution.reportTimeTaken(StreamExecution.scala:67)
[2025-07-18T15:40:02.548+0000] {subprocess.py:93} INFO - 	at org.apache.spark.sql.execution.streaming.MicroBatchExecution.$anonfun$runActivatedStream$1(MicroBatchExecution.scala:249)
[2025-07-18T15:40:02.549+0000] {subprocess.py:93} INFO - 	at org.apache.spark.sql.execution.streaming.ProcessingTimeExecutor.execute(TriggerExecutor.scala:67)
[2025-07-18T15:40:02.549+0000] {subprocess.py:93} INFO - 	at org.apache.spark.sql.execution.streaming.MicroBatchExecution.runActivatedStream(MicroBatchExecution.scala:239)
[2025-07-18T15:40:02.549+0000] {subprocess.py:93} INFO - 	at org.apache.spark.sql.execution.streaming.StreamExecution.$anonfun$runStream$1(StreamExecution.scala:311)
[2025-07-18T15:40:02.549+0000] {subprocess.py:93} INFO - 	at scala.runtime.java8.JFunction0$mcV$sp.apply(JFunction0$mcV$sp.java:23)
[2025-07-18T15:40:02.550+0000] {subprocess.py:93} INFO - 	at org.apache.spark.sql.SparkSession.withActive(SparkSession.scala:900)
[2025-07-18T15:40:02.550+0000] {subprocess.py:93} INFO - 	at org.apache.spark.sql.execution.streaming.StreamExecution.org$apache$spark$sql$execution$streaming$StreamExecution$$runStream(StreamExecution.scala:289)
[2025-07-18T15:40:02.551+0000] {subprocess.py:93} INFO - 	at org.apache.spark.sql.execution.streaming.StreamExecution$$anon$1.$anonfun$run$1(StreamExecution.scala:211)
[2025-07-18T15:40:02.552+0000] {subprocess.py:93} INFO - 	at scala.runtime.java8.JFunction0$mcV$sp.apply(JFunction0$mcV$sp.java:23)
[2025-07-18T15:40:02.553+0000] {subprocess.py:93} INFO - 	at org.apache.spark.JobArtifactSet$.withActiveJobArtifactState(JobArtifactSet.scala:94)
[2025-07-18T15:40:02.554+0000] {subprocess.py:93} INFO - 	at org.apache.spark.sql.execution.streaming.StreamExecution$$anon$1.run(StreamExecution.scala:211)
[2025-07-18T15:40:02.555+0000] {subprocess.py:93} INFO - Caused by: org.apache.hadoop.fs.FileAlreadyExistsException: Rename destination file:/tmp/checkpoints/reservations/offsets/19 already exists.
[2025-07-18T15:40:02.556+0000] {subprocess.py:93} INFO - 	at org.apache.hadoop.fs.AbstractFileSystem.renameInternal(AbstractFileSystem.java:770)
[2025-07-18T15:40:02.559+0000] {subprocess.py:93} INFO - 	at org.apache.hadoop.fs.AbstractFileSystem.rename(AbstractFileSystem.java:720)
[2025-07-18T15:40:02.560+0000] {subprocess.py:93} INFO - 	at org.apache.hadoop.fs.ChecksumFs.renameInternal(ChecksumFs.java:489)
[2025-07-18T15:40:02.560+0000] {subprocess.py:93} INFO - 	at org.apache.hadoop.fs.AbstractFileSystem.rename(AbstractFileSystem.java:720)
[2025-07-18T15:40:02.561+0000] {subprocess.py:93} INFO - 	at org.apache.hadoop.fs.FileContext.rename(FileContext.java:1036)
[2025-07-18T15:40:02.562+0000] {subprocess.py:93} INFO - 	at org.apache.spark.sql.execution.streaming.FileContextBasedCheckpointFileManager.renameTempFile(CheckpointFileManager.scala:372)
[2025-07-18T15:40:02.562+0000] {subprocess.py:93} INFO - 	at org.apache.spark.sql.execution.streaming.CheckpointFileManager$RenameBasedFSDataOutputStream.close(CheckpointFileManager.scala:154)
[2025-07-18T15:40:02.562+0000] {subprocess.py:93} INFO - 	at org.apache.spark.sql.execution.streaming.HDFSMetadataLog.write(HDFSMetadataLog.scala:204)
[2025-07-18T15:40:02.562+0000] {subprocess.py:93} INFO - 	... 28 more
[2025-07-18T15:40:02.563+0000] {subprocess.py:93} INFO - 25/07/18 15:40:02 INFO AppInfoParser: App info kafka.admin.client for adminclient-1 unregistered
[2025-07-18T15:40:02.565+0000] {subprocess.py:93} INFO - 25/07/18 15:40:02 INFO Metrics: Metrics scheduler closed
[2025-07-18T15:40:02.565+0000] {subprocess.py:93} INFO - 25/07/18 15:40:02 INFO Metrics: Closing reporter org.apache.kafka.common.metrics.JmxReporter
[2025-07-18T15:40:02.566+0000] {subprocess.py:93} INFO - 25/07/18 15:40:02 INFO Metrics: Metrics reporters closed
[2025-07-18T15:40:02.567+0000] {subprocess.py:93} INFO - 25/07/18 15:40:02 INFO MicroBatchExecution: Async log purge executor pool for query [id = 0314df7c-5598-4928-8d91-374ee67989d1, runId = a2b06ca0-7361-415b-9abd-1526e4979825] has been shutdown
[2025-07-18T15:40:02.651+0000] {subprocess.py:93} INFO - Traceback (most recent call last):
[2025-07-18T15:40:02.652+0000] {subprocess.py:93} INFO -   File "/home/iceberg/spark/stream_to_bronze.py", line 94, in <module>
[2025-07-18T15:40:02.653+0000] {subprocess.py:93} INFO -     spark.streams.awaitAnyTermination()
[2025-07-18T15:40:02.654+0000] {subprocess.py:93} INFO -   File "/opt/bitnami/spark/python/lib/pyspark.zip/pyspark/sql/streaming/query.py", line 596, in awaitAnyTermination
[2025-07-18T15:40:02.655+0000] {subprocess.py:93} INFO -   File "/opt/bitnami/spark/python/lib/py4j-0.10.9.7-src.zip/py4j/java_gateway.py", line 1322, in __call__
[2025-07-18T15:40:02.655+0000] {subprocess.py:93} INFO -   File "/opt/bitnami/spark/python/lib/pyspark.zip/pyspark/errors/exceptions/captured.py", line 185, in deco
[2025-07-18T15:40:02.668+0000] {subprocess.py:93} INFO - pyspark.errors.exceptions.captured.StreamingQueryException: [STREAM_FAILED] Query [id = 0314df7c-5598-4928-8d91-374ee67989d1, runId = a2b06ca0-7361-415b-9abd-1526e4979825] terminated with exception: Multiple streaming queries are concurrently using file:/tmp/checkpoints/reservations/offsets.
[2025-07-18T15:40:02.758+0000] {subprocess.py:93} INFO - 25/07/18 15:40:02 INFO SparkContext: Invoking stop() from shutdown hook
[2025-07-18T15:40:02.759+0000] {subprocess.py:93} INFO - 25/07/18 15:40:02 INFO SparkContext: SparkContext is stopping with exitCode 0.
[2025-07-18T15:40:02.779+0000] {subprocess.py:93} INFO - 25/07/18 15:40:02 INFO SparkUI: Stopped Spark web UI at http://77cb57a6bd53:4041
[2025-07-18T15:40:02.789+0000] {subprocess.py:93} INFO - 25/07/18 15:40:02 INFO CheckpointFileManager: Writing atomically to file:/tmp/checkpoints/checkins/offsets/21 using temp file file:/tmp/checkpoints/checkins/offsets/.21.5a47894e-2f7d-44d2-8931-38a1d5577120.tmp
[2025-07-18T15:40:02.800+0000] {subprocess.py:93} INFO - 25/07/18 15:40:02 INFO MapOutputTrackerMasterEndpoint: MapOutputTrackerMasterEndpoint stopped!
[2025-07-18T15:40:02.828+0000] {subprocess.py:93} INFO - 25/07/18 15:40:02 WARN CheckpointFileManager: Failed to rename temp file file:/tmp/checkpoints/checkins/offsets/.21.5a47894e-2f7d-44d2-8931-38a1d5577120.tmp to file:/tmp/checkpoints/checkins/offsets/21 because file exists
[2025-07-18T15:40:02.829+0000] {subprocess.py:93} INFO - org.apache.hadoop.fs.FileAlreadyExistsException: rename destination file:/tmp/checkpoints/checkins/offsets/21 already exists.
[2025-07-18T15:40:02.831+0000] {subprocess.py:93} INFO - 	at org.apache.hadoop.fs.FileSystem.rename(FileSystem.java:1600)
[2025-07-18T15:40:02.832+0000] {subprocess.py:93} INFO - 	at org.apache.hadoop.fs.DelegateToFileSystem.renameInternal(DelegateToFileSystem.java:206)
[2025-07-18T15:40:02.834+0000] {subprocess.py:93} INFO - 	at org.apache.hadoop.fs.AbstractFileSystem.renameInternal(AbstractFileSystem.java:790)
[2025-07-18T15:40:02.834+0000] {subprocess.py:93} INFO - 	at org.apache.hadoop.fs.AbstractFileSystem.rename(AbstractFileSystem.java:720)
[2025-07-18T15:40:02.836+0000] {subprocess.py:93} INFO - 	at org.apache.hadoop.fs.ChecksumFs.renameInternal(ChecksumFs.java:489)
[2025-07-18T15:40:02.837+0000] {subprocess.py:93} INFO - 	at org.apache.hadoop.fs.AbstractFileSystem.rename(AbstractFileSystem.java:720)
[2025-07-18T15:40:02.837+0000] {subprocess.py:93} INFO - 	at org.apache.hadoop.fs.FileContext.rename(FileContext.java:1036)
[2025-07-18T15:40:02.837+0000] {subprocess.py:93} INFO - 	at org.apache.spark.sql.execution.streaming.FileContextBasedCheckpointFileManager.renameTempFile(CheckpointFileManager.scala:372)
[2025-07-18T15:40:02.839+0000] {subprocess.py:93} INFO - 	at org.apache.spark.sql.execution.streaming.CheckpointFileManager$RenameBasedFSDataOutputStream.close(CheckpointFileManager.scala:154)
[2025-07-18T15:40:02.839+0000] {subprocess.py:93} INFO - 	at org.apache.spark.sql.execution.streaming.HDFSMetadataLog.write(HDFSMetadataLog.scala:204)
[2025-07-18T15:40:02.840+0000] {subprocess.py:93} INFO - 	at org.apache.spark.sql.execution.streaming.HDFSMetadataLog.addNewBatchByStream(HDFSMetadataLog.scala:237)
[2025-07-18T15:40:02.840+0000] {subprocess.py:93} INFO - 	at org.apache.spark.sql.execution.streaming.HDFSMetadataLog.add(HDFSMetadataLog.scala:130)
[2025-07-18T15:40:02.841+0000] {subprocess.py:93} INFO - 	at org.apache.spark.sql.execution.streaming.MicroBatchExecution.markMicroBatchStart(MicroBatchExecution.scala:764)
[2025-07-18T15:40:02.841+0000] {subprocess.py:93} INFO - 	at org.apache.spark.sql.execution.streaming.MicroBatchExecution.$anonfun$constructNextBatch$13(MicroBatchExecution.scala:536)
[2025-07-18T15:40:02.841+0000] {subprocess.py:93} INFO - 	at scala.runtime.java8.JFunction0$mcV$sp.apply(JFunction0$mcV$sp.java:23)
[2025-07-18T15:40:02.842+0000] {subprocess.py:93} INFO - 	at org.apache.spark.sql.execution.streaming.ProgressReporter.reportTimeTaken(ProgressReporter.scala:427)
[2025-07-18T15:40:02.842+0000] {subprocess.py:93} INFO - 	at org.apache.spark.sql.execution.streaming.ProgressReporter.reportTimeTaken$(ProgressReporter.scala:425)
[2025-07-18T15:40:02.842+0000] {subprocess.py:93} INFO - 	at org.apache.spark.sql.execution.streaming.StreamExecution.reportTimeTaken(StreamExecution.scala:67)
[2025-07-18T15:40:02.843+0000] {subprocess.py:93} INFO - 	at org.apache.spark.sql.execution.streaming.MicroBatchExecution.$anonfun$constructNextBatch$1(MicroBatchExecution.scala:535)
[2025-07-18T15:40:02.844+0000] {subprocess.py:93} INFO - 	at scala.runtime.java8.JFunction0$mcZ$sp.apply(JFunction0$mcZ$sp.java:23)
[2025-07-18T15:40:02.844+0000] {subprocess.py:93} INFO - 	at org.apache.spark.sql.execution.streaming.MicroBatchExecution.withProgressLocked(MicroBatchExecution.scala:810)
[2025-07-18T15:40:02.844+0000] {subprocess.py:93} INFO - 	at org.apache.spark.sql.execution.streaming.MicroBatchExecution.constructNextBatch(MicroBatchExecution.scala:475)
[2025-07-18T15:40:02.845+0000] {subprocess.py:93} INFO - 	at org.apache.spark.sql.execution.streaming.MicroBatchExecution.$anonfun$runActivatedStream$2(MicroBatchExecution.scala:268)
[2025-07-18T15:40:02.846+0000] {subprocess.py:93} INFO - 	at scala.runtime.java8.JFunction0$mcV$sp.apply(JFunction0$mcV$sp.java:23)
[2025-07-18T15:40:02.850+0000] {subprocess.py:93} INFO - 	at org.apache.spark.sql.execution.streaming.ProgressReporter.reportTimeTaken(ProgressReporter.scala:427)
[2025-07-18T15:40:02.853+0000] {subprocess.py:93} INFO - 	at org.apache.spark.sql.execution.streaming.ProgressReporter.reportTimeTaken$(ProgressReporter.scala:425)
[2025-07-18T15:40:02.855+0000] {subprocess.py:93} INFO - 	at org.apache.spark.sql.execution.streaming.StreamExecution.reportTimeTaken(StreamExecution.scala:67)
[2025-07-18T15:40:02.856+0000] {subprocess.py:93} INFO - 	at org.apache.spark.sql.execution.streaming.MicroBatchExecution.$anonfun$runActivatedStream$1(MicroBatchExecution.scala:249)
[2025-07-18T15:40:02.857+0000] {subprocess.py:93} INFO - 	at org.apache.spark.sql.execution.streaming.ProcessingTimeExecutor.execute(TriggerExecutor.scala:67)
[2025-07-18T15:40:02.858+0000] {subprocess.py:93} INFO - 	at org.apache.spark.sql.execution.streaming.MicroBatchExecution.runActivatedStream(MicroBatchExecution.scala:239)
[2025-07-18T15:40:02.859+0000] {subprocess.py:93} INFO - 	at org.apache.spark.sql.execution.streaming.StreamExecution.$anonfun$runStream$1(StreamExecution.scala:311)
[2025-07-18T15:40:02.859+0000] {subprocess.py:93} INFO - 	at scala.runtime.java8.JFunction0$mcV$sp.apply(JFunction0$mcV$sp.java:23)
[2025-07-18T15:40:02.860+0000] {subprocess.py:93} INFO - 	at org.apache.spark.sql.SparkSession.withActive(SparkSession.scala:900)
[2025-07-18T15:40:02.861+0000] {subprocess.py:93} INFO - 	at org.apache.spark.sql.execution.streaming.StreamExecution.org$apache$spark$sql$execution$streaming$StreamExecution$$runStream(StreamExecution.scala:289)
[2025-07-18T15:40:02.861+0000] {subprocess.py:93} INFO - 	at org.apache.spark.sql.execution.streaming.StreamExecution$$anon$1.$anonfun$run$1(StreamExecution.scala:211)
[2025-07-18T15:40:02.861+0000] {subprocess.py:93} INFO - 	at scala.runtime.java8.JFunction0$mcV$sp.apply(JFunction0$mcV$sp.java:23)
[2025-07-18T15:40:02.861+0000] {subprocess.py:93} INFO - 	at org.apache.spark.JobArtifactSet$.withActiveJobArtifactState(JobArtifactSet.scala:94)
[2025-07-18T15:40:02.862+0000] {subprocess.py:93} INFO - 	at org.apache.spark.sql.execution.streaming.StreamExecution$$anon$1.run(StreamExecution.scala:211)
[2025-07-18T15:40:02.862+0000] {subprocess.py:93} INFO - 25/07/18 15:40:02 INFO MemoryStore: MemoryStore cleared
[2025-07-18T15:40:02.862+0000] {subprocess.py:93} INFO - 25/07/18 15:40:02 ERROR MicroBatchExecution: Query [id = a9a9b3af-d3c2-4704-81e0-4163831ae683, runId = 102fb48d-f266-48ba-bc24-a7a8d1e13c07] terminated with error
[2025-07-18T15:40:02.863+0000] {subprocess.py:93} INFO - org.apache.spark.SparkConcurrentModificationException: Multiple streaming queries are concurrently using file:/tmp/checkpoints/checkins/offsets.
[2025-07-18T15:40:02.864+0000] {subprocess.py:93} INFO - 	at org.apache.spark.sql.errors.QueryExecutionErrors$.multiStreamingQueriesUsingPathConcurrentlyError(QueryExecutionErrors.scala:1858)
[2025-07-18T15:40:02.864+0000] {subprocess.py:93} INFO - 	at org.apache.spark.sql.execution.streaming.HDFSMetadataLog.write(HDFSMetadataLog.scala:210)
[2025-07-18T15:40:02.865+0000] {subprocess.py:93} INFO - 	at org.apache.spark.sql.execution.streaming.HDFSMetadataLog.addNewBatchByStream(HDFSMetadataLog.scala:237)
[2025-07-18T15:40:02.866+0000] {subprocess.py:93} INFO - 	at org.apache.spark.sql.execution.streaming.HDFSMetadataLog.add(HDFSMetadataLog.scala:130)
[2025-07-18T15:40:02.866+0000] {subprocess.py:93} INFO - 	at org.apache.spark.sql.execution.streaming.MicroBatchExecution.markMicroBatchStart(MicroBatchExecution.scala:764)
[2025-07-18T15:40:02.866+0000] {subprocess.py:93} INFO - 	at org.apache.spark.sql.execution.streaming.MicroBatchExecution.$anonfun$constructNextBatch$13(MicroBatchExecution.scala:536)
[2025-07-18T15:40:02.867+0000] {subprocess.py:93} INFO - 	at scala.runtime.java8.JFunction0$mcV$sp.apply(JFunction0$mcV$sp.java:23)
[2025-07-18T15:40:02.868+0000] {subprocess.py:93} INFO - 	at org.apache.spark.sql.execution.streaming.ProgressReporter.reportTimeTaken(ProgressReporter.scala:427)
[2025-07-18T15:40:02.870+0000] {subprocess.py:93} INFO - 	at org.apache.spark.sql.execution.streaming.ProgressReporter.reportTimeTaken$(ProgressReporter.scala:425)
[2025-07-18T15:40:02.872+0000] {subprocess.py:93} INFO - 	at org.apache.spark.sql.execution.streaming.StreamExecution.reportTimeTaken(StreamExecution.scala:67)
[2025-07-18T15:40:02.874+0000] {subprocess.py:93} INFO - 	at org.apache.spark.sql.execution.streaming.MicroBatchExecution.$anonfun$constructNextBatch$1(MicroBatchExecution.scala:535)
[2025-07-18T15:40:02.875+0000] {subprocess.py:93} INFO - 	at scala.runtime.java8.JFunction0$mcZ$sp.apply(JFunction0$mcZ$sp.java:23)
[2025-07-18T15:40:02.876+0000] {subprocess.py:93} INFO - 	at org.apache.spark.sql.execution.streaming.MicroBatchExecution.withProgressLocked(MicroBatchExecution.scala:810)
[2025-07-18T15:40:02.877+0000] {subprocess.py:93} INFO - 	at org.apache.spark.sql.execution.streaming.MicroBatchExecution.constructNextBatch(MicroBatchExecution.scala:475)
[2025-07-18T15:40:02.878+0000] {subprocess.py:93} INFO - 	at org.apache.spark.sql.execution.streaming.MicroBatchExecution.$anonfun$runActivatedStream$2(MicroBatchExecution.scala:268)
[2025-07-18T15:40:02.879+0000] {subprocess.py:93} INFO - 	at scala.runtime.java8.JFunction0$mcV$sp.apply(JFunction0$mcV$sp.java:23)
[2025-07-18T15:40:02.880+0000] {subprocess.py:93} INFO - 	at org.apache.spark.sql.execution.streaming.ProgressReporter.reportTimeTaken(ProgressReporter.scala:427)
[2025-07-18T15:40:02.880+0000] {subprocess.py:93} INFO - 	at org.apache.spark.sql.execution.streaming.ProgressReporter.reportTimeTaken$(ProgressReporter.scala:425)
[2025-07-18T15:40:02.881+0000] {subprocess.py:93} INFO - 	at org.apache.spark.sql.execution.streaming.StreamExecution.reportTimeTaken(StreamExecution.scala:67)
[2025-07-18T15:40:02.883+0000] {subprocess.py:93} INFO - 	at org.apache.spark.sql.execution.streaming.MicroBatchExecution.$anonfun$runActivatedStream$1(MicroBatchExecution.scala:249)
[2025-07-18T15:40:02.884+0000] {subprocess.py:93} INFO - 	at org.apache.spark.sql.execution.streaming.ProcessingTimeExecutor.execute(TriggerExecutor.scala:67)
[2025-07-18T15:40:02.885+0000] {subprocess.py:93} INFO - 	at org.apache.spark.sql.execution.streaming.MicroBatchExecution.runActivatedStream(MicroBatchExecution.scala:239)
[2025-07-18T15:40:02.885+0000] {subprocess.py:93} INFO - 	at org.apache.spark.sql.execution.streaming.StreamExecution.$anonfun$runStream$1(StreamExecution.scala:311)
[2025-07-18T15:40:02.886+0000] {subprocess.py:93} INFO - 	at scala.runtime.java8.JFunction0$mcV$sp.apply(JFunction0$mcV$sp.java:23)
[2025-07-18T15:40:02.886+0000] {subprocess.py:93} INFO - 	at org.apache.spark.sql.SparkSession.withActive(SparkSession.scala:900)
[2025-07-18T15:40:02.886+0000] {subprocess.py:93} INFO - 	at org.apache.spark.sql.execution.streaming.StreamExecution.org$apache$spark$sql$execution$streaming$StreamExecution$$runStream(StreamExecution.scala:289)
[2025-07-18T15:40:02.886+0000] {subprocess.py:93} INFO - 	at org.apache.spark.sql.execution.streaming.StreamExecution$$anon$1.$anonfun$run$1(StreamExecution.scala:211)
[2025-07-18T15:40:02.886+0000] {subprocess.py:93} INFO - 	at scala.runtime.java8.JFunction0$mcV$sp.apply(JFunction0$mcV$sp.java:23)
[2025-07-18T15:40:02.887+0000] {subprocess.py:93} INFO - 	at org.apache.spark.JobArtifactSet$.withActiveJobArtifactState(JobArtifactSet.scala:94)
[2025-07-18T15:40:02.888+0000] {subprocess.py:93} INFO - 	at org.apache.spark.sql.execution.streaming.StreamExecution$$anon$1.run(StreamExecution.scala:211)
[2025-07-18T15:40:02.889+0000] {subprocess.py:93} INFO - Caused by: org.apache.hadoop.fs.FileAlreadyExistsException: rename destination file:/tmp/checkpoints/checkins/offsets/21 already exists.
[2025-07-18T15:40:02.891+0000] {subprocess.py:93} INFO - 	at org.apache.hadoop.fs.FileSystem.rename(FileSystem.java:1600)
[2025-07-18T15:40:02.891+0000] {subprocess.py:93} INFO - 	at org.apache.hadoop.fs.DelegateToFileSystem.renameInternal(DelegateToFileSystem.java:206)
[2025-07-18T15:40:02.891+0000] {subprocess.py:93} INFO - 	at org.apache.hadoop.fs.AbstractFileSystem.renameInternal(AbstractFileSystem.java:790)
[2025-07-18T15:40:02.891+0000] {subprocess.py:93} INFO - 	at org.apache.hadoop.fs.AbstractFileSystem.rename(AbstractFileSystem.java:720)
[2025-07-18T15:40:02.892+0000] {subprocess.py:93} INFO - 	at org.apache.hadoop.fs.ChecksumFs.renameInternal(ChecksumFs.java:489)
[2025-07-18T15:40:02.892+0000] {subprocess.py:93} INFO - 	at org.apache.hadoop.fs.AbstractFileSystem.rename(AbstractFileSystem.java:720)
[2025-07-18T15:40:02.892+0000] {subprocess.py:93} INFO - 	at org.apache.hadoop.fs.FileContext.rename(FileContext.java:1036)
[2025-07-18T15:40:02.892+0000] {subprocess.py:93} INFO - 	at org.apache.spark.sql.execution.streaming.FileContextBasedCheckpointFileManager.renameTempFile(CheckpointFileManager.scala:372)
[2025-07-18T15:40:02.892+0000] {subprocess.py:93} INFO - 	at org.apache.spark.sql.execution.streaming.CheckpointFileManager$RenameBasedFSDataOutputStream.close(CheckpointFileManager.scala:154)
[2025-07-18T15:40:02.893+0000] {subprocess.py:93} INFO - 	at org.apache.spark.sql.execution.streaming.HDFSMetadataLog.write(HDFSMetadataLog.scala:204)
[2025-07-18T15:40:02.893+0000] {subprocess.py:93} INFO - 	... 28 more
[2025-07-18T15:40:02.893+0000] {subprocess.py:93} INFO - 25/07/18 15:40:02 INFO AppInfoParser: App info kafka.admin.client for adminclient-2 unregistered
[2025-07-18T15:40:02.893+0000] {subprocess.py:93} INFO - 25/07/18 15:40:02 INFO BlockManager: BlockManager stopped
[2025-07-18T15:40:02.893+0000] {subprocess.py:93} INFO - 25/07/18 15:40:02 INFO Metrics: Metrics scheduler closed
[2025-07-18T15:40:02.893+0000] {subprocess.py:93} INFO - 25/07/18 15:40:02 INFO Metrics: Closing reporter org.apache.kafka.common.metrics.JmxReporter
[2025-07-18T15:40:02.893+0000] {subprocess.py:93} INFO - 25/07/18 15:40:02 INFO Metrics: Metrics reporters closed
[2025-07-18T15:40:02.893+0000] {subprocess.py:93} INFO - 25/07/18 15:40:02 INFO MicroBatchExecution: Async log purge executor pool for query [id = a9a9b3af-d3c2-4704-81e0-4163831ae683, runId = 102fb48d-f266-48ba-bc24-a7a8d1e13c07] has been shutdown
[2025-07-18T15:40:02.893+0000] {subprocess.py:93} INFO - 25/07/18 15:40:02 INFO BlockManagerMaster: BlockManagerMaster stopped
[2025-07-18T15:40:02.894+0000] {subprocess.py:93} INFO - 25/07/18 15:40:02 INFO OutputCommitCoordinator$OutputCommitCoordinatorEndpoint: OutputCommitCoordinator stopped!
[2025-07-18T15:40:02.894+0000] {subprocess.py:93} INFO - 25/07/18 15:40:02 INFO SparkContext: Successfully stopped SparkContext
[2025-07-18T15:40:02.894+0000] {subprocess.py:93} INFO - 25/07/18 15:40:02 INFO ShutdownHookManager: Shutdown hook called
[2025-07-18T15:40:02.894+0000] {subprocess.py:93} INFO - 25/07/18 15:40:02 INFO ShutdownHookManager: Deleting directory /tmp/spark-436b21f0-08c3-4047-8e98-58fae6369474/pyspark-0409b8a6-9fcc-4bc1-9d04-1579fcd435c7
[2025-07-18T15:40:02.896+0000] {subprocess.py:93} INFO - 25/07/18 15:40:02 INFO ShutdownHookManager: Deleting directory /tmp/spark-3cb08e6f-03e5-43b6-81f2-b5aecedb8f43
[2025-07-18T15:40:02.901+0000] {subprocess.py:93} INFO - 25/07/18 15:40:02 INFO ShutdownHookManager: Deleting directory /tmp/spark-436b21f0-08c3-4047-8e98-58fae6369474
[2025-07-18T15:40:02.908+0000] {subprocess.py:93} INFO - 25/07/18 15:40:02 INFO MetricsSystemImpl: Stopping s3a-file-system metrics system...
[2025-07-18T15:40:02.909+0000] {subprocess.py:93} INFO - 25/07/18 15:40:02 INFO MetricsSystemImpl: s3a-file-system metrics system stopped.
[2025-07-18T15:40:02.909+0000] {subprocess.py:93} INFO - 25/07/18 15:40:02 INFO MetricsSystemImpl: s3a-file-system metrics system shutdown complete.
[2025-07-18T15:40:03.313+0000] {subprocess.py:97} INFO - Command exited with return code 1
[2025-07-18T15:40:03.339+0000] {taskinstance.py:1937} ERROR - Task failed with exception
Traceback (most recent call last):
  File "/home/airflow/.local/lib/python3.8/site-packages/airflow/operators/bash.py", line 210, in execute
    raise AirflowException(
airflow.exceptions.AirflowException: Bash command failed. The command returned a non-zero exit code 1.
[2025-07-18T15:40:03.351+0000] {taskinstance.py:1400} INFO - Marking task as FAILED. dag_id=restaurant_pipeline, task_id=stream_to_bronze, execution_date=20250718T153600, start_date=20250718T153804, end_date=20250718T154003
[2025-07-18T15:40:03.406+0000] {standard_task_runner.py:104} ERROR - Failed to execute job 120 for task stream_to_bronze (Bash command failed. The command returned a non-zero exit code 1.; 545)
[2025-07-18T15:40:03.421+0000] {local_task_job_runner.py:228} INFO - Task exited with return code 1
[2025-07-18T15:40:03.522+0000] {taskinstance.py:2778} INFO - 0 downstream tasks scheduled from follow-on schedule check
