[2025-07-18T15:10:01.988+0000] {taskinstance.py:1159} INFO - Dependencies all met for dep_context=non-requeueable deps ti=<TaskInstance: restaurant_pipeline.send_to_kafka scheduled__2025-07-18T15:08:00+00:00 [queued]>
[2025-07-18T15:10:01.992+0000] {taskinstance.py:1159} INFO - Dependencies all met for dep_context=requeueable deps ti=<TaskInstance: restaurant_pipeline.send_to_kafka scheduled__2025-07-18T15:08:00+00:00 [queued]>
[2025-07-18T15:10:01.992+0000] {taskinstance.py:1361} INFO - Starting attempt 1 of 1
[2025-07-18T15:10:01.998+0000] {taskinstance.py:1382} INFO - Executing <Task(BashOperator): send_to_kafka> on 2025-07-18 15:08:00+00:00
[2025-07-18T15:10:02.001+0000] {standard_task_runner.py:57} INFO - Started process 214 to run task
[2025-07-18T15:10:02.003+0000] {standard_task_runner.py:84} INFO - Running: ['***', 'tasks', 'run', 'restaurant_pipeline', 'send_to_kafka', 'scheduled__2025-07-18T15:08:00+00:00', '--job-id', '64', '--raw', '--subdir', 'DAGS_FOLDER/restaurant_pipeline.py', '--cfg-path', '/tmp/tmp8jzf4ys8']
[2025-07-18T15:10:02.005+0000] {standard_task_runner.py:85} INFO - Job 64: Subtask send_to_kafka
[2025-07-18T15:10:02.035+0000] {task_command.py:416} INFO - Running <TaskInstance: restaurant_pipeline.send_to_kafka scheduled__2025-07-18T15:08:00+00:00 [running]> on host 87071fdea595
[2025-07-18T15:10:02.075+0000] {taskinstance.py:1662} INFO - Exporting env vars: AIRFLOW_CTX_DAG_OWNER='moran' AIRFLOW_CTX_DAG_ID='restaurant_pipeline' AIRFLOW_CTX_TASK_ID='send_to_kafka' AIRFLOW_CTX_EXECUTION_DATE='2025-07-18T15:08:00+00:00' AIRFLOW_CTX_TRY_NUMBER='1' AIRFLOW_CTX_DAG_RUN_ID='scheduled__2025-07-18T15:08:00+00:00'
[2025-07-18T15:10:02.076+0000] {subprocess.py:63} INFO - Tmp dir root location: /tmp
[2025-07-18T15:10:02.077+0000] {subprocess.py:75} INFO - Running command: ['/bin/bash', '-c', 'python /opt/streaming/producer.py']
[2025-07-18T15:10:02.082+0000] {subprocess.py:86} INFO - Output:
[2025-07-18T15:10:04.351+0000] {subprocess.py:93} INFO - [✓] Sent to reservations: {'reservation_id': 6868, 'branch_id': 101, 'customer_name': 'Tina Nelson', 'phone_number': '001-965-349-4451x65685', 'reservation_date': '2025-07-18', 'reservation_time': '16:00', 'guests_count': 1, 'is_confirmed': False}
[2025-07-18T15:10:04.354+0000] {subprocess.py:93} INFO - [✓] Sent to reservations: {'reservation_id': 3273, 'branch_id': 102, 'customer_name': 'Katherine Wiley', 'phone_number': '(599)576-7716x43347', 'reservation_date': '2025-07-18', 'reservation_time': '15:41', 'guests_count': 3, 'is_confirmed': True}
[2025-07-18T15:10:04.354+0000] {subprocess.py:93} INFO - [✓] Sent to reservations: {'reservation_id': 9185, 'branch_id': 102, 'customer_name': 'Joshua Murphy', 'phone_number': '(375)904-1076x4325', 'reservation_date': '2025-07-18', 'reservation_time': '16:16', 'guests_count': 6, 'is_confirmed': True}
[2025-07-18T15:10:04.354+0000] {subprocess.py:93} INFO - [✓] Sent to checkins: {'checkin_id': 5991, 'customer_name': 'Hailey Weber', 'phone_number': '(343)737-7012', 'branch_id': 102, 'table_id': 208, 'is_prebooked': True, 'checkin_date': '2025-07-18', 'checkin_time': '14:51', 'guests_count': 5, 'shift_manager': 'Angel Bentley'}
[2025-07-18T15:10:04.355+0000] {subprocess.py:93} INFO - [✓] Sent to checkins: {'checkin_id': 6684, 'customer_name': 'Evan Roberts', 'phone_number': '493.734.5554x7043', 'branch_id': 102, 'table_id': 204, 'is_prebooked': False, 'checkin_date': '2025-07-18', 'checkin_time': '14:42', 'guests_count': 2, 'shift_manager': 'Jeanette Brown'}
[2025-07-18T15:10:04.356+0000] {subprocess.py:93} INFO - [✓] Sent to checkins: {'checkin_id': 7441, 'customer_name': 'Craig Austin', 'phone_number': '+1-322-374-8646', 'branch_id': 101, 'table_id': 200, 'is_prebooked': False, 'checkin_date': '2025-07-18', 'checkin_time': '14:27', 'guests_count': 2, 'shift_manager': 'Mrs. Lindsey Francis MD'}
[2025-07-18T15:10:04.357+0000] {subprocess.py:93} INFO - [✓] Sent to feedback: {'feedback_id': 9320, 'branch_id': 102, 'customer_name': 'Rita Herrera', 'phone_number': '001-304-715-3120x6406', 'feedback_text': 'Light source view total road card.', 'rating': 4, 'dining_date': '2025-07-18', 'dining_time': '14:08', 'submission_time': '2025-07-18T15:10:01'}
[2025-07-18T15:10:04.360+0000] {subprocess.py:93} INFO - [✓] Sent to feedback: {'feedback_id': 9435, 'branch_id': 102, 'customer_name': 'Nancy Pierce', 'phone_number': '332-567-0890', 'feedback_text': 'I quickly baby take write.', 'rating': 1, 'dining_date': '2025-07-18', 'dining_time': '13:47', 'submission_time': '2025-07-18T15:10:01'}
[2025-07-18T15:10:04.361+0000] {subprocess.py:93} INFO - [✓] Sent to feedback: {'feedback_id': 5565, 'branch_id': 101, 'customer_name': 'Judith Benitez', 'phone_number': '5638880806', 'feedback_text': 'Ten sense alone little money energy.', 'rating': 4, 'dining_date': '2025-07-18', 'dining_time': '13:32', 'submission_time': '2025-07-18T15:10:01'}
[2025-07-18T15:10:04.361+0000] {subprocess.py:93} INFO - ✅ All messages sent.
[2025-07-18T15:10:04.416+0000] {subprocess.py:97} INFO - Command exited with return code 0
[2025-07-18T15:10:04.438+0000] {taskinstance.py:1400} INFO - Marking task as SUCCESS. dag_id=restaurant_pipeline, task_id=send_to_kafka, execution_date=20250718T150800, start_date=20250718T151001, end_date=20250718T151004
[2025-07-18T15:10:04.467+0000] {local_task_job_runner.py:228} INFO - Task exited with return code 0
[2025-07-18T15:10:04.506+0000] {taskinstance.py:2778} INFO - 1 downstream tasks scheduled from follow-on schedule check
