[2025-07-19T20:55:03.736+0000] {taskinstance.py:1159} INFO - Dependencies all met for dep_context=non-requeueable deps ti=<TaskInstance: restaurant_pipeline.send_to_kafka scheduled__2025-07-19T20:52:00+00:00 [queued]>
[2025-07-19T20:55:03.743+0000] {taskinstance.py:1159} INFO - Dependencies all met for dep_context=requeueable deps ti=<TaskInstance: restaurant_pipeline.send_to_kafka scheduled__2025-07-19T20:52:00+00:00 [queued]>
[2025-07-19T20:55:03.744+0000] {taskinstance.py:1361} INFO - Starting attempt 1 of 1
[2025-07-19T20:55:03.751+0000] {taskinstance.py:1382} INFO - Executing <Task(BashOperator): send_to_kafka> on 2025-07-19 20:52:00+00:00
[2025-07-19T20:55:03.754+0000] {standard_task_runner.py:57} INFO - Started process 3910 to run task
[2025-07-19T20:55:03.755+0000] {standard_task_runner.py:84} INFO - Running: ['***', 'tasks', 'run', 'restaurant_pipeline', 'send_to_kafka', 'scheduled__2025-07-19T20:52:00+00:00', '--job-id', '1218', '--raw', '--subdir', 'DAGS_FOLDER/restaurant_pipeline.py', '--cfg-path', '/tmp/tmp72_n6obo']
[2025-07-19T20:55:03.757+0000] {standard_task_runner.py:85} INFO - Job 1218: Subtask send_to_kafka
[2025-07-19T20:55:03.784+0000] {task_command.py:416} INFO - Running <TaskInstance: restaurant_pipeline.send_to_kafka scheduled__2025-07-19T20:52:00+00:00 [running]> on host e3f5d8fc4eef
[2025-07-19T20:55:03.824+0000] {taskinstance.py:1662} INFO - Exporting env vars: AIRFLOW_CTX_DAG_OWNER='moran' AIRFLOW_CTX_DAG_ID='restaurant_pipeline' AIRFLOW_CTX_TASK_ID='send_to_kafka' AIRFLOW_CTX_EXECUTION_DATE='2025-07-19T20:52:00+00:00' AIRFLOW_CTX_TRY_NUMBER='1' AIRFLOW_CTX_DAG_RUN_ID='scheduled__2025-07-19T20:52:00+00:00'
[2025-07-19T20:55:03.824+0000] {subprocess.py:63} INFO - Tmp dir root location: /tmp
[2025-07-19T20:55:03.825+0000] {subprocess.py:75} INFO - Running command: ['/bin/bash', '-c', 'python /opt/streaming/producer.py']
[2025-07-19T20:55:03.830+0000] {subprocess.py:86} INFO - Output:
[2025-07-19T20:55:06.087+0000] {subprocess.py:93} INFO - [✓] Sent to reservations: {'reservation_id': 4150, 'branch_id': 102, 'customer_name': 'Darrell Marsh', 'phone_number': '(587)878-4488x09892', 'reservation_date': '2025-07-19', 'reservation_time': '21:21', 'guests_count': 8, 'is_confirmed': False}
[2025-07-19T20:55:06.089+0000] {subprocess.py:93} INFO - [✓] Sent to reservations: {'reservation_id': 6493, 'branch_id': 101, 'customer_name': 'Rhonda Vazquez', 'phone_number': '969.349.6144', 'reservation_date': '2025-07-19', 'reservation_time': '21:29', 'guests_count': 2, 'is_confirmed': False}
[2025-07-19T20:55:06.091+0000] {subprocess.py:93} INFO - [✓] Sent to reservations: {'reservation_id': 3270, 'branch_id': 101, 'customer_name': 'Melvin Thompson', 'phone_number': '+1-218-920-7075x12032', 'reservation_date': '2025-07-19', 'reservation_time': '22:51', 'guests_count': 8, 'is_confirmed': False}
[2025-07-19T20:55:06.092+0000] {subprocess.py:93} INFO - [✓] Sent to checkins: {'checkin_id': 2028, 'customer_name': 'Amy Davis', 'phone_number': '240.674.3278', 'branch_id': 101, 'table_id': 210, 'is_prebooked': True, 'checkin_date': '2025-07-19', 'checkin_time': '18:58', 'guests_count': 2, 'shift_manager': 'Karen Collins'}
[2025-07-19T20:55:06.094+0000] {subprocess.py:93} INFO - [✓] Sent to checkins: {'checkin_id': 6558, 'customer_name': 'Evan Riley', 'phone_number': '+1-751-387-6719', 'branch_id': 102, 'table_id': 201, 'is_prebooked': True, 'checkin_date': '2025-07-19', 'checkin_time': '18:58', 'guests_count': 2, 'shift_manager': 'Julie Hartman'}
[2025-07-19T20:55:06.094+0000] {subprocess.py:93} INFO - [✓] Sent to checkins: {'checkin_id': 8565, 'customer_name': 'Allison Rogers', 'phone_number': '677-442-3399', 'branch_id': 102, 'table_id': 201, 'is_prebooked': False, 'checkin_date': '2025-07-19', 'checkin_time': '19:22', 'guests_count': 1, 'shift_manager': 'Matthew Leblanc'}
[2025-07-19T20:55:06.095+0000] {subprocess.py:93} INFO - [✓] Sent to feedback: {'feedback_id': 6756, 'branch_id': 102, 'customer_name': 'Daniel Jones', 'phone_number': '324-256-6130x64590', 'feedback_text': 'Shake answer big stay.', 'rating': 1, 'dining_date': '2025-07-19', 'dining_time': '20:02', 'submission_time': '2025-07-19T20:55:02'}
[2025-07-19T20:55:06.095+0000] {subprocess.py:93} INFO - [✓] Sent to feedback: {'feedback_id': 3738, 'branch_id': 102, 'customer_name': 'Megan Evans', 'phone_number': '001-934-701-2153x337', 'feedback_text': 'His sell character election mean.', 'rating': 1, 'dining_date': '2025-07-19', 'dining_time': '19:11', 'submission_time': '2025-07-19T20:55:02'}
[2025-07-19T20:55:06.095+0000] {subprocess.py:93} INFO - [✓] Sent to feedback: {'feedback_id': 8936, 'branch_id': 102, 'customer_name': 'Marie Ball', 'phone_number': '+1-610-829-6607', 'feedback_text': 'Stay or thing range address challenge page.', 'rating': 4, 'dining_date': '2025-07-19', 'dining_time': '19:10', 'submission_time': '2025-07-19T20:55:02'}
[2025-07-19T20:55:06.096+0000] {subprocess.py:93} INFO - ✅ All messages sent.
[2025-07-19T20:55:06.146+0000] {subprocess.py:97} INFO - Command exited with return code 0
[2025-07-19T20:55:06.167+0000] {taskinstance.py:1400} INFO - Marking task as SUCCESS. dag_id=restaurant_pipeline, task_id=send_to_kafka, execution_date=20250719T205200, start_date=20250719T205503, end_date=20250719T205506
[2025-07-19T20:55:06.216+0000] {local_task_job_runner.py:228} INFO - Task exited with return code 0
[2025-07-19T20:55:06.247+0000] {taskinstance.py:2778} INFO - 1 downstream tasks scheduled from follow-on schedule check
