[2025-07-18T20:14:02.075+0000] {taskinstance.py:1159} INFO - Dependencies all met for dep_context=non-requeueable deps ti=<TaskInstance: restaurant_pipeline.send_to_kafka scheduled__2025-07-18T20:12:00+00:00 [queued]>
[2025-07-18T20:14:02.080+0000] {taskinstance.py:1159} INFO - Dependencies all met for dep_context=requeueable deps ti=<TaskInstance: restaurant_pipeline.send_to_kafka scheduled__2025-07-18T20:12:00+00:00 [queued]>
[2025-07-18T20:14:02.081+0000] {taskinstance.py:1361} INFO - Starting attempt 1 of 1
[2025-07-18T20:14:02.090+0000] {taskinstance.py:1382} INFO - Executing <Task(BashOperator): send_to_kafka> on 2025-07-18 20:12:00+00:00
[2025-07-18T20:14:02.093+0000] {standard_task_runner.py:57} INFO - Started process 5913 to run task
[2025-07-18T20:14:02.096+0000] {standard_task_runner.py:84} INFO - Running: ['***', 'tasks', 'run', 'restaurant_pipeline', 'send_to_kafka', 'scheduled__2025-07-18T20:12:00+00:00', '--job-id', '602', '--raw', '--subdir', 'DAGS_FOLDER/restaurant_pipeline.py', '--cfg-path', '/tmp/tmpomotf4y9']
[2025-07-18T20:14:02.098+0000] {standard_task_runner.py:85} INFO - Job 602: Subtask send_to_kafka
[2025-07-18T20:14:02.128+0000] {task_command.py:416} INFO - Running <TaskInstance: restaurant_pipeline.send_to_kafka scheduled__2025-07-18T20:12:00+00:00 [running]> on host 9bcfb43e0ab7
[2025-07-18T20:14:02.201+0000] {taskinstance.py:1662} INFO - Exporting env vars: AIRFLOW_CTX_DAG_OWNER='moran' AIRFLOW_CTX_DAG_ID='restaurant_pipeline' AIRFLOW_CTX_TASK_ID='send_to_kafka' AIRFLOW_CTX_EXECUTION_DATE='2025-07-18T20:12:00+00:00' AIRFLOW_CTX_TRY_NUMBER='1' AIRFLOW_CTX_DAG_RUN_ID='scheduled__2025-07-18T20:12:00+00:00'
[2025-07-18T20:14:02.203+0000] {subprocess.py:63} INFO - Tmp dir root location: /tmp
[2025-07-18T20:14:02.204+0000] {subprocess.py:75} INFO - Running command: ['/bin/bash', '-c', 'python /opt/streaming/producer.py']
[2025-07-18T20:14:02.218+0000] {subprocess.py:86} INFO - Output:
[2025-07-18T20:14:04.558+0000] {subprocess.py:93} INFO - [✓] Sent to reservations: {'reservation_id': 2137, 'branch_id': 102, 'customer_name': 'Jennifer Moore', 'phone_number': '9437447775', 'reservation_date': '2025-07-18', 'reservation_time': '21:41', 'guests_count': 3, 'is_confirmed': False}
[2025-07-18T20:14:04.559+0000] {subprocess.py:93} INFO - [✓] Sent to reservations: {'reservation_id': 3285, 'branch_id': 102, 'customer_name': 'Jennifer Valdez', 'phone_number': '001-622-945-5721x604', 'reservation_date': '2025-07-18', 'reservation_time': '21:12', 'guests_count': 4, 'is_confirmed': False}
[2025-07-18T20:14:04.560+0000] {subprocess.py:93} INFO - [✓] Sent to reservations: {'reservation_id': 4579, 'branch_id': 101, 'customer_name': 'Shelly Mayer', 'phone_number': '451.759.2616x3013', 'reservation_date': '2025-07-18', 'reservation_time': '20:35', 'guests_count': 6, 'is_confirmed': True}
[2025-07-18T20:14:04.560+0000] {subprocess.py:93} INFO - [✓] Sent to checkins: {'checkin_id': 2909, 'customer_name': 'Mr. Ryan Romero', 'phone_number': '315.392.5566', 'branch_id': 101, 'table_id': 205, 'is_prebooked': True, 'checkin_date': '2025-07-18', 'checkin_time': '19:37', 'guests_count': 5, 'shift_manager': 'Natalie Stone'}
[2025-07-18T20:14:04.560+0000] {subprocess.py:93} INFO - [✓] Sent to checkins: {'checkin_id': 8145, 'customer_name': 'Dennis Martin', 'phone_number': '(958)418-6771x7825', 'branch_id': 101, 'table_id': 201, 'is_prebooked': False, 'checkin_date': '2025-07-18', 'checkin_time': '19:30', 'guests_count': 1, 'shift_manager': 'Robin Powers'}
[2025-07-18T20:14:04.561+0000] {subprocess.py:93} INFO - [✓] Sent to checkins: {'checkin_id': 9238, 'customer_name': 'Anthony Harris', 'phone_number': '230-960-2447', 'branch_id': 102, 'table_id': 201, 'is_prebooked': False, 'checkin_date': '2025-07-18', 'checkin_time': '18:44', 'guests_count': 1, 'shift_manager': 'Jose Stewart'}
[2025-07-18T20:14:04.561+0000] {subprocess.py:93} INFO - [✓] Sent to feedback: {'feedback_id': 1844, 'branch_id': 102, 'customer_name': 'Tonya Brown', 'phone_number': '280-416-5472', 'feedback_text': 'Participant door per peace person.', 'rating': 1, 'dining_date': '2025-07-18', 'dining_time': '20:11', 'submission_time': '2025-07-18T20:14:01'}
[2025-07-18T20:14:04.561+0000] {subprocess.py:93} INFO - [✓] Sent to feedback: {'feedback_id': 4876, 'branch_id': 102, 'customer_name': 'Dr. Sandra Payne', 'phone_number': '(525)358-6308x182', 'feedback_text': 'Even car take various go.', 'rating': 3, 'dining_date': '2025-07-18', 'dining_time': '19:42', 'submission_time': '2025-07-18T20:14:01'}
[2025-07-18T20:14:04.562+0000] {subprocess.py:93} INFO - [✓] Sent to feedback: {'feedback_id': 5264, 'branch_id': 101, 'customer_name': 'Mark Brown', 'phone_number': '(330)774-7833', 'feedback_text': 'Yard line national although anyone.', 'rating': 2, 'dining_date': '2025-07-18', 'dining_time': '19:10', 'submission_time': '2025-07-18T20:14:01'}
[2025-07-18T20:14:04.562+0000] {subprocess.py:93} INFO - ✅ All messages sent.
[2025-07-18T20:14:04.611+0000] {subprocess.py:97} INFO - Command exited with return code 0
[2025-07-18T20:14:04.631+0000] {taskinstance.py:1400} INFO - Marking task as SUCCESS. dag_id=restaurant_pipeline, task_id=send_to_kafka, execution_date=20250718T201200, start_date=20250718T201402, end_date=20250718T201404
[2025-07-18T20:14:04.642+0000] {local_task_job_runner.py:228} INFO - Task exited with return code 0
[2025-07-18T20:14:04.667+0000] {taskinstance.py:2778} INFO - 1 downstream tasks scheduled from follow-on schedule check
