[2025-07-18T15:26:02.351+0000] {taskinstance.py:1159} INFO - Dependencies all met for dep_context=non-requeueable deps ti=<TaskInstance: restaurant_pipeline.send_to_kafka scheduled__2025-07-18T15:24:00+00:00 [queued]>
[2025-07-18T15:26:02.356+0000] {taskinstance.py:1159} INFO - Dependencies all met for dep_context=requeueable deps ti=<TaskInstance: restaurant_pipeline.send_to_kafka scheduled__2025-07-18T15:24:00+00:00 [queued]>
[2025-07-18T15:26:02.356+0000] {taskinstance.py:1361} INFO - Starting attempt 1 of 1
[2025-07-18T15:26:02.364+0000] {taskinstance.py:1382} INFO - Executing <Task(BashOperator): send_to_kafka> on 2025-07-18 15:24:00+00:00
[2025-07-18T15:26:02.367+0000] {standard_task_runner.py:57} INFO - Started process 329 to run task
[2025-07-18T15:26:02.369+0000] {standard_task_runner.py:84} INFO - Running: ['***', 'tasks', 'run', 'restaurant_pipeline', 'send_to_kafka', 'scheduled__2025-07-18T15:24:00+00:00', '--job-id', '101', '--raw', '--subdir', 'DAGS_FOLDER/restaurant_pipeline.py', '--cfg-path', '/tmp/tmpcmghkums']
[2025-07-18T15:26:02.372+0000] {standard_task_runner.py:85} INFO - Job 101: Subtask send_to_kafka
[2025-07-18T15:26:02.403+0000] {task_command.py:416} INFO - Running <TaskInstance: restaurant_pipeline.send_to_kafka scheduled__2025-07-18T15:24:00+00:00 [running]> on host 9bcfb43e0ab7
[2025-07-18T15:26:02.455+0000] {taskinstance.py:1662} INFO - Exporting env vars: AIRFLOW_CTX_DAG_OWNER='moran' AIRFLOW_CTX_DAG_ID='restaurant_pipeline' AIRFLOW_CTX_TASK_ID='send_to_kafka' AIRFLOW_CTX_EXECUTION_DATE='2025-07-18T15:24:00+00:00' AIRFLOW_CTX_TRY_NUMBER='1' AIRFLOW_CTX_DAG_RUN_ID='scheduled__2025-07-18T15:24:00+00:00'
[2025-07-18T15:26:02.457+0000] {subprocess.py:63} INFO - Tmp dir root location: /tmp
[2025-07-18T15:26:02.457+0000] {subprocess.py:75} INFO - Running command: ['/bin/bash', '-c', 'python /opt/streaming/producer.py']
[2025-07-18T15:26:02.464+0000] {subprocess.py:86} INFO - Output:
[2025-07-18T15:26:04.765+0000] {subprocess.py:93} INFO - [✓] Sent to reservations: {'reservation_id': 7222, 'branch_id': 102, 'customer_name': 'Ian Shaw', 'phone_number': '(997)929-6442', 'reservation_date': '2025-07-18', 'reservation_time': '17:17', 'guests_count': 3, 'is_confirmed': False}
[2025-07-18T15:26:04.766+0000] {subprocess.py:93} INFO - [✓] Sent to reservations: {'reservation_id': 9112, 'branch_id': 102, 'customer_name': 'Jane Jones', 'phone_number': '(242)213-9545', 'reservation_date': '2025-07-18', 'reservation_time': '15:44', 'guests_count': 5, 'is_confirmed': True}
[2025-07-18T15:26:04.767+0000] {subprocess.py:93} INFO - [✓] Sent to reservations: {'reservation_id': 9391, 'branch_id': 101, 'customer_name': 'Miss Erica Hamilton', 'phone_number': '225-539-8269x987', 'reservation_date': '2025-07-18', 'reservation_time': '17:03', 'guests_count': 7, 'is_confirmed': False}
[2025-07-18T15:26:04.767+0000] {subprocess.py:93} INFO - [✓] Sent to checkins: {'checkin_id': 3947, 'customer_name': 'Arthur Wright', 'phone_number': '417-297-8775', 'branch_id': 102, 'table_id': 201, 'is_prebooked': False, 'checkin_date': '2025-07-18', 'checkin_time': '14:24', 'guests_count': 4, 'shift_manager': 'Julie Edwards'}
[2025-07-18T15:26:04.767+0000] {subprocess.py:93} INFO - [✓] Sent to checkins: {'checkin_id': 5988, 'customer_name': 'Kathy Wise', 'phone_number': '+1-228-982-8996x198', 'branch_id': 102, 'table_id': 210, 'is_prebooked': True, 'checkin_date': '2025-07-18', 'checkin_time': '13:30', 'guests_count': 2, 'shift_manager': 'Diana Moore'}
[2025-07-18T15:26:04.768+0000] {subprocess.py:93} INFO - [✓] Sent to checkins: {'checkin_id': 1469, 'customer_name': 'Carly Gallagher', 'phone_number': '487.346.8790x262', 'branch_id': 101, 'table_id': 207, 'is_prebooked': True, 'checkin_date': '2025-07-18', 'checkin_time': '14:12', 'guests_count': 2, 'shift_manager': 'James Roberts'}
[2025-07-18T15:26:04.768+0000] {subprocess.py:93} INFO - [✓] Sent to feedback: {'feedback_id': 4781, 'branch_id': 101, 'customer_name': 'Ricardo Taylor', 'phone_number': '2166928328', 'feedback_text': 'Friend owner action.', 'rating': 2, 'dining_date': '2025-07-18', 'dining_time': '15:26', 'submission_time': '2025-07-18T15:26:01'}
[2025-07-18T15:26:04.768+0000] {subprocess.py:93} INFO - [✓] Sent to feedback: {'feedback_id': 4117, 'branch_id': 101, 'customer_name': 'Gabriel Ball', 'phone_number': '431.465.2192x34877', 'feedback_text': 'Item involve keep bar quite including agree.', 'rating': 4, 'dining_date': '2025-07-18', 'dining_time': '14:22', 'submission_time': '2025-07-18T15:26:01'}
[2025-07-18T15:26:04.769+0000] {subprocess.py:93} INFO - [✓] Sent to feedback: {'feedback_id': 8947, 'branch_id': 101, 'customer_name': 'Anthony Johnson', 'phone_number': '(203)814-7505', 'feedback_text': 'Available process read hour long brother morning exist.', 'rating': 1, 'dining_date': '2025-07-18', 'dining_time': '15:22', 'submission_time': '2025-07-18T15:26:01'}
[2025-07-18T15:26:04.769+0000] {subprocess.py:93} INFO - ✅ All messages sent.
[2025-07-18T15:26:04.813+0000] {subprocess.py:97} INFO - Command exited with return code 0
[2025-07-18T15:26:04.832+0000] {taskinstance.py:1400} INFO - Marking task as SUCCESS. dag_id=restaurant_pipeline, task_id=send_to_kafka, execution_date=20250718T152400, start_date=20250718T152602, end_date=20250718T152604
[2025-07-18T15:26:04.844+0000] {local_task_job_runner.py:228} INFO - Task exited with return code 0
[2025-07-18T15:26:04.871+0000] {taskinstance.py:2778} INFO - 1 downstream tasks scheduled from follow-on schedule check
