[2025-07-19T22:04:28.066+0000] {taskinstance.py:1159} INFO - Dependencies all met for dep_context=non-requeueable deps ti=<TaskInstance: restaurant_pipeline.send_to_kafka scheduled__2025-07-19T22:02:00+00:00 [queued]>
[2025-07-19T22:04:28.071+0000] {taskinstance.py:1159} INFO - Dependencies all met for dep_context=requeueable deps ti=<TaskInstance: restaurant_pipeline.send_to_kafka scheduled__2025-07-19T22:02:00+00:00 [queued]>
[2025-07-19T22:04:28.071+0000] {taskinstance.py:1361} INFO - Starting attempt 1 of 1
[2025-07-19T22:04:28.076+0000] {taskinstance.py:1382} INFO - Executing <Task(BashOperator): send_to_kafka> on 2025-07-19 22:02:00+00:00
[2025-07-19T22:04:28.079+0000] {standard_task_runner.py:57} INFO - Started process 4981 to run task
[2025-07-19T22:04:28.081+0000] {standard_task_runner.py:84} INFO - Running: ['***', 'tasks', 'run', 'restaurant_pipeline', 'send_to_kafka', 'scheduled__2025-07-19T22:02:00+00:00', '--job-id', '1278', '--raw', '--subdir', 'DAGS_FOLDER/restaurant_pipeline.py', '--cfg-path', '/tmp/tmpiro7biar']
[2025-07-19T22:04:28.083+0000] {standard_task_runner.py:85} INFO - Job 1278: Subtask send_to_kafka
[2025-07-19T22:04:28.107+0000] {task_command.py:416} INFO - Running <TaskInstance: restaurant_pipeline.send_to_kafka scheduled__2025-07-19T22:02:00+00:00 [running]> on host e3f5d8fc4eef
[2025-07-19T22:04:28.156+0000] {taskinstance.py:1662} INFO - Exporting env vars: AIRFLOW_CTX_DAG_OWNER='moran' AIRFLOW_CTX_DAG_ID='restaurant_pipeline' AIRFLOW_CTX_TASK_ID='send_to_kafka' AIRFLOW_CTX_EXECUTION_DATE='2025-07-19T22:02:00+00:00' AIRFLOW_CTX_TRY_NUMBER='1' AIRFLOW_CTX_DAG_RUN_ID='scheduled__2025-07-19T22:02:00+00:00'
[2025-07-19T22:04:28.157+0000] {subprocess.py:63} INFO - Tmp dir root location: /tmp
[2025-07-19T22:04:28.157+0000] {subprocess.py:75} INFO - Running command: ['/bin/bash', '-c', 'python /opt/streaming/producer.py']
[2025-07-19T22:04:28.163+0000] {subprocess.py:86} INFO - Output:
[2025-07-19T22:04:30.512+0000] {subprocess.py:93} INFO - [✓] Sent to reservations: {'reservation_id': 4560, 'branch_id': 101, 'customer_name': 'Matthew Williams', 'phone_number': '001-598-308-3062x9160', 'reservation_date': '2025-07-19', 'reservation_time': '23:35', 'guests_count': 5, 'is_confirmed': True}
[2025-07-19T22:04:30.513+0000] {subprocess.py:93} INFO - [✓] Sent to reservations: {'reservation_id': 5547, 'branch_id': 101, 'customer_name': 'Jacob Stewart', 'phone_number': '+1-569-628-9514', 'reservation_date': '2025-07-19', 'reservation_time': '23:07', 'guests_count': 5, 'is_confirmed': True}
[2025-07-19T22:04:30.513+0000] {subprocess.py:93} INFO - [✓] Sent to reservations: {'reservation_id': 4058, 'branch_id': 101, 'customer_name': 'Carolyn Woodward', 'phone_number': '001-671-738-3196x8244', 'reservation_date': '2025-07-19', 'reservation_time': '22:58', 'guests_count': 7, 'is_confirmed': True}
[2025-07-19T22:04:30.514+0000] {subprocess.py:93} INFO - [✓] Sent to checkins: {'checkin_id': 7292, 'customer_name': 'Yvette Terry', 'phone_number': '001-632-914-0506', 'branch_id': 101, 'table_id': 204, 'is_prebooked': True, 'checkin_date': '2025-07-19', 'checkin_time': '21:01', 'guests_count': 6, 'shift_manager': 'Monique Tyler'}
[2025-07-19T22:04:30.515+0000] {subprocess.py:93} INFO - [✓] Sent to checkins: {'checkin_id': 5125, 'customer_name': 'Luis Rodriguez', 'phone_number': '(753)869-5128', 'branch_id': 101, 'table_id': 203, 'is_prebooked': False, 'checkin_date': '2025-07-19', 'checkin_time': '21:17', 'guests_count': 6, 'shift_manager': 'Sherri Dawson'}
[2025-07-19T22:04:30.515+0000] {subprocess.py:93} INFO - [✓] Sent to checkins: {'checkin_id': 9469, 'customer_name': 'Terri Diaz', 'phone_number': '+1-708-480-9731x9822', 'branch_id': 102, 'table_id': 204, 'is_prebooked': False, 'checkin_date': '2025-07-19', 'checkin_time': '21:53', 'guests_count': 1, 'shift_manager': 'Annette Mcdaniel'}
[2025-07-19T22:04:30.516+0000] {subprocess.py:93} INFO - [✓] Sent to feedback: {'feedback_id': 7303, 'branch_id': 102, 'customer_name': 'Elizabeth Williams', 'phone_number': '3619832299', 'feedback_text': 'Own thus grow lose agree shake more.', 'rating': 1, 'dining_date': '2025-07-19', 'dining_time': '21:17', 'submission_time': '2025-07-19T22:04:27'}
[2025-07-19T22:04:30.518+0000] {subprocess.py:93} INFO - [✓] Sent to feedback: {'feedback_id': 3750, 'branch_id': 102, 'customer_name': 'Glenn Sanders', 'phone_number': '(674)893-0001', 'feedback_text': 'Someone like land election.', 'rating': 1, 'dining_date': '2025-07-19', 'dining_time': '21:16', 'submission_time': '2025-07-19T22:04:27'}
[2025-07-19T22:04:30.519+0000] {subprocess.py:93} INFO - [✓] Sent to feedback: {'feedback_id': 6395, 'branch_id': 101, 'customer_name': 'Daniel Reynolds', 'phone_number': '001-409-573-3400x286', 'feedback_text': 'Hour would deal responsibility.', 'rating': 4, 'dining_date': '2025-07-19', 'dining_time': '21:56', 'submission_time': '2025-07-19T22:04:27'}
[2025-07-19T22:04:30.519+0000] {subprocess.py:93} INFO - ✅ All messages sent.
[2025-07-19T22:04:30.576+0000] {subprocess.py:97} INFO - Command exited with return code 0
[2025-07-19T22:04:30.607+0000] {taskinstance.py:1400} INFO - Marking task as SUCCESS. dag_id=restaurant_pipeline, task_id=send_to_kafka, execution_date=20250719T220200, start_date=20250719T220428, end_date=20250719T220430
[2025-07-19T22:04:30.641+0000] {local_task_job_runner.py:228} INFO - Task exited with return code 0
[2025-07-19T22:04:30.675+0000] {taskinstance.py:2778} INFO - 1 downstream tasks scheduled from follow-on schedule check
