[2025-07-18T17:34:34.521+0000] {taskinstance.py:1159} INFO - Dependencies all met for dep_context=non-requeueable deps ti=<TaskInstance: restaurant_pipeline.send_to_kafka scheduled__2025-07-18T17:32:00+00:00 [queued]>
[2025-07-18T17:34:34.525+0000] {taskinstance.py:1159} INFO - Dependencies all met for dep_context=requeueable deps ti=<TaskInstance: restaurant_pipeline.send_to_kafka scheduled__2025-07-18T17:32:00+00:00 [queued]>
[2025-07-18T17:34:34.525+0000] {taskinstance.py:1361} INFO - Starting attempt 1 of 1
[2025-07-18T17:34:34.531+0000] {taskinstance.py:1382} INFO - Executing <Task(BashOperator): send_to_kafka> on 2025-07-18 17:32:00+00:00
[2025-07-18T17:34:34.533+0000] {standard_task_runner.py:57} INFO - Started process 2542 to run task
[2025-07-18T17:34:34.534+0000] {standard_task_runner.py:84} INFO - Running: ['***', 'tasks', 'run', 'restaurant_pipeline', 'send_to_kafka', 'scheduled__2025-07-18T17:32:00+00:00', '--job-id', '297', '--raw', '--subdir', 'DAGS_FOLDER/restaurant_pipeline.py', '--cfg-path', '/tmp/tmpcd761ufa']
[2025-07-18T17:34:34.536+0000] {standard_task_runner.py:85} INFO - Job 297: Subtask send_to_kafka
[2025-07-18T17:34:34.558+0000] {task_command.py:416} INFO - Running <TaskInstance: restaurant_pipeline.send_to_kafka scheduled__2025-07-18T17:32:00+00:00 [running]> on host 9bcfb43e0ab7
[2025-07-18T17:34:34.593+0000] {taskinstance.py:1662} INFO - Exporting env vars: AIRFLOW_CTX_DAG_OWNER='moran' AIRFLOW_CTX_DAG_ID='restaurant_pipeline' AIRFLOW_CTX_TASK_ID='send_to_kafka' AIRFLOW_CTX_EXECUTION_DATE='2025-07-18T17:32:00+00:00' AIRFLOW_CTX_TRY_NUMBER='1' AIRFLOW_CTX_DAG_RUN_ID='scheduled__2025-07-18T17:32:00+00:00'
[2025-07-18T17:34:34.594+0000] {subprocess.py:63} INFO - Tmp dir root location: /tmp
[2025-07-18T17:34:34.594+0000] {subprocess.py:75} INFO - Running command: ['/bin/bash', '-c', 'python /opt/streaming/producer.py']
[2025-07-18T17:34:34.598+0000] {subprocess.py:86} INFO - Output:
[2025-07-18T17:34:36.839+0000] {subprocess.py:93} INFO - [✓] Sent to reservations: {'reservation_id': 4660, 'branch_id': 101, 'customer_name': 'Larry Hernandez', 'phone_number': '001-886-441-4849x070', 'reservation_date': '2025-07-18', 'reservation_time': '19:21', 'guests_count': 4, 'is_confirmed': True}
[2025-07-18T17:34:36.843+0000] {subprocess.py:93} INFO - [✓] Sent to reservations: {'reservation_id': 5268, 'branch_id': 102, 'customer_name': 'Cynthia Burton', 'phone_number': '+1-989-538-3364', 'reservation_date': '2025-07-18', 'reservation_time': '18:31', 'guests_count': 6, 'is_confirmed': False}
[2025-07-18T17:34:36.846+0000] {subprocess.py:93} INFO - [✓] Sent to reservations: {'reservation_id': 7697, 'branch_id': 102, 'customer_name': 'Christopher Mccarthy', 'phone_number': '(712)451-7068', 'reservation_date': '2025-07-18', 'reservation_time': '17:50', 'guests_count': 5, 'is_confirmed': False}
[2025-07-18T17:34:36.848+0000] {subprocess.py:93} INFO - [✓] Sent to checkins: {'checkin_id': 4406, 'customer_name': 'Shawn Holmes', 'phone_number': '305-374-7599', 'branch_id': 101, 'table_id': 205, 'is_prebooked': False, 'checkin_date': '2025-07-18', 'checkin_time': '16:35', 'guests_count': 5, 'shift_manager': 'Courtney Mason'}
[2025-07-18T17:34:36.848+0000] {subprocess.py:93} INFO - [✓] Sent to checkins: {'checkin_id': 4706, 'customer_name': 'Melanie Hardin', 'phone_number': '+1-530-935-4089x431', 'branch_id': 102, 'table_id': 210, 'is_prebooked': False, 'checkin_date': '2025-07-18', 'checkin_time': '17:27', 'guests_count': 3, 'shift_manager': 'Bradley Turner'}
[2025-07-18T17:34:36.848+0000] {subprocess.py:93} INFO - [✓] Sent to checkins: {'checkin_id': 4203, 'customer_name': 'David Carter', 'phone_number': '+1-670-540-5116x62988', 'branch_id': 101, 'table_id': 201, 'is_prebooked': True, 'checkin_date': '2025-07-18', 'checkin_time': '17:09', 'guests_count': 1, 'shift_manager': 'Joshua Anderson'}
[2025-07-18T17:34:36.848+0000] {subprocess.py:93} INFO - [✓] Sent to feedback: {'feedback_id': 7772, 'branch_id': 102, 'customer_name': 'Timothy Thompson', 'phone_number': '202.303.6582', 'feedback_text': 'Lot project population economy fear person.', 'rating': 2, 'dining_date': '2025-07-18', 'dining_time': '17:34', 'submission_time': '2025-07-18T17:34:33'}
[2025-07-18T17:34:36.849+0000] {subprocess.py:93} INFO - [✓] Sent to feedback: {'feedback_id': 3155, 'branch_id': 101, 'customer_name': 'Hannah Flores', 'phone_number': '(679)288-1451', 'feedback_text': 'Plan wife someone.', 'rating': 2, 'dining_date': '2025-07-18', 'dining_time': '17:21', 'submission_time': '2025-07-18T17:34:33'}
[2025-07-18T17:34:36.849+0000] {subprocess.py:93} INFO - [✓] Sent to feedback: {'feedback_id': 6527, 'branch_id': 101, 'customer_name': 'Felicia Russell', 'phone_number': '(208)446-7856x39715', 'feedback_text': 'Rather collection family thousand.', 'rating': 5, 'dining_date': '2025-07-18', 'dining_time': '17:09', 'submission_time': '2025-07-18T17:34:33'}
[2025-07-18T17:34:36.849+0000] {subprocess.py:93} INFO - ✅ All messages sent.
[2025-07-18T17:34:36.882+0000] {subprocess.py:97} INFO - Command exited with return code 0
[2025-07-18T17:34:36.899+0000] {taskinstance.py:1400} INFO - Marking task as SUCCESS. dag_id=restaurant_pipeline, task_id=send_to_kafka, execution_date=20250718T173200, start_date=20250718T173434, end_date=20250718T173436
[2025-07-18T17:34:36.944+0000] {local_task_job_runner.py:228} INFO - Task exited with return code 0
[2025-07-18T17:34:36.972+0000] {taskinstance.py:2778} INFO - 1 downstream tasks scheduled from follow-on schedule check
