[2025-07-18T15:46:01.308+0000] {taskinstance.py:1159} INFO - Dependencies all met for dep_context=non-requeueable deps ti=<TaskInstance: restaurant_pipeline.send_to_kafka scheduled__2025-07-18T15:44:00+00:00 [queued]>
[2025-07-18T15:46:01.313+0000] {taskinstance.py:1159} INFO - Dependencies all met for dep_context=requeueable deps ti=<TaskInstance: restaurant_pipeline.send_to_kafka scheduled__2025-07-18T15:44:00+00:00 [queued]>
[2025-07-18T15:46:01.313+0000] {taskinstance.py:1361} INFO - Starting attempt 1 of 1
[2025-07-18T15:46:01.318+0000] {taskinstance.py:1382} INFO - Executing <Task(BashOperator): send_to_kafka> on 2025-07-18 15:44:00+00:00
[2025-07-18T15:46:01.321+0000] {standard_task_runner.py:57} INFO - Started process 687 to run task
[2025-07-18T15:46:01.323+0000] {standard_task_runner.py:84} INFO - Running: ['***', 'tasks', 'run', 'restaurant_pipeline', 'send_to_kafka', 'scheduled__2025-07-18T15:44:00+00:00', '--job-id', '131', '--raw', '--subdir', 'DAGS_FOLDER/restaurant_pipeline.py', '--cfg-path', '/tmp/tmpxzhn0hwh']
[2025-07-18T15:46:01.325+0000] {standard_task_runner.py:85} INFO - Job 131: Subtask send_to_kafka
[2025-07-18T15:46:01.348+0000] {task_command.py:416} INFO - Running <TaskInstance: restaurant_pipeline.send_to_kafka scheduled__2025-07-18T15:44:00+00:00 [running]> on host 9bcfb43e0ab7
[2025-07-18T15:46:01.385+0000] {taskinstance.py:1662} INFO - Exporting env vars: AIRFLOW_CTX_DAG_OWNER='moran' AIRFLOW_CTX_DAG_ID='restaurant_pipeline' AIRFLOW_CTX_TASK_ID='send_to_kafka' AIRFLOW_CTX_EXECUTION_DATE='2025-07-18T15:44:00+00:00' AIRFLOW_CTX_TRY_NUMBER='1' AIRFLOW_CTX_DAG_RUN_ID='scheduled__2025-07-18T15:44:00+00:00'
[2025-07-18T15:46:01.386+0000] {subprocess.py:63} INFO - Tmp dir root location: /tmp
[2025-07-18T15:46:01.386+0000] {subprocess.py:75} INFO - Running command: ['/bin/bash', '-c', 'python /opt/streaming/producer.py']
[2025-07-18T15:46:01.391+0000] {subprocess.py:86} INFO - Output:
[2025-07-18T15:46:03.630+0000] {subprocess.py:93} INFO - [✓] Sent to reservations: {'reservation_id': 7944, 'branch_id': 101, 'customer_name': 'Taylor Jensen', 'phone_number': '(854)778-8312', 'reservation_date': '2025-07-18', 'reservation_time': '16:08', 'guests_count': 4, 'is_confirmed': False}
[2025-07-18T15:46:03.631+0000] {subprocess.py:93} INFO - [✓] Sent to reservations: {'reservation_id': 3274, 'branch_id': 101, 'customer_name': 'Catherine Wiggins', 'phone_number': '+1-911-607-6122x692', 'reservation_date': '2025-07-18', 'reservation_time': '16:19', 'guests_count': 2, 'is_confirmed': True}
[2025-07-18T15:46:03.632+0000] {subprocess.py:93} INFO - [✓] Sent to reservations: {'reservation_id': 9330, 'branch_id': 101, 'customer_name': 'Maria Henderson', 'phone_number': '625-482-3976', 'reservation_date': '2025-07-18', 'reservation_time': '16:20', 'guests_count': 1, 'is_confirmed': False}
[2025-07-18T15:46:03.634+0000] {subprocess.py:93} INFO - [✓] Sent to checkins: {'checkin_id': 2659, 'customer_name': 'Wendy Moreno', 'phone_number': '001-360-752-4057x53843', 'branch_id': 101, 'table_id': 202, 'is_prebooked': True, 'checkin_date': '2025-07-18', 'checkin_time': '13:59', 'guests_count': 2, 'shift_manager': 'Julie Martinez'}
[2025-07-18T15:46:03.638+0000] {subprocess.py:93} INFO - [✓] Sent to checkins: {'checkin_id': 7780, 'customer_name': 'Susan Marshall', 'phone_number': '4724525864', 'branch_id': 101, 'table_id': 205, 'is_prebooked': True, 'checkin_date': '2025-07-18', 'checkin_time': '15:05', 'guests_count': 4, 'shift_manager': 'Lisa Heath'}
[2025-07-18T15:46:03.639+0000] {subprocess.py:93} INFO - [✓] Sent to checkins: {'checkin_id': 6516, 'customer_name': 'Matthew Davis', 'phone_number': '(919)311-9416x85231', 'branch_id': 101, 'table_id': 203, 'is_prebooked': False, 'checkin_date': '2025-07-18', 'checkin_time': '14:25', 'guests_count': 6, 'shift_manager': 'Joshua Nelson'}
[2025-07-18T15:46:03.640+0000] {subprocess.py:93} INFO - [✓] Sent to feedback: {'feedback_id': 7545, 'branch_id': 102, 'customer_name': 'Amy Carson', 'phone_number': '+1-600-967-0796x918', 'feedback_text': 'Candidate physical far care billion bar nation.', 'rating': 4, 'dining_date': '2025-07-18', 'dining_time': '15:26', 'submission_time': '2025-07-18T15:46:00'}
[2025-07-18T15:46:03.645+0000] {subprocess.py:93} INFO - [✓] Sent to feedback: {'feedback_id': 1026, 'branch_id': 101, 'customer_name': 'Amber Holt', 'phone_number': '744.701.6189x4342', 'feedback_text': 'Southern heavy mission represent.', 'rating': 4, 'dining_date': '2025-07-18', 'dining_time': '15:22', 'submission_time': '2025-07-18T15:46:00'}
[2025-07-18T15:46:03.654+0000] {subprocess.py:93} INFO - [✓] Sent to feedback: {'feedback_id': 3600, 'branch_id': 102, 'customer_name': 'Tammy Mccoy', 'phone_number': '580-344-5879x63426', 'feedback_text': 'Keep that job respond.', 'rating': 1, 'dining_date': '2025-07-18', 'dining_time': '14:23', 'submission_time': '2025-07-18T15:46:00'}
[2025-07-18T15:46:03.664+0000] {subprocess.py:93} INFO - ✅ All messages sent.
[2025-07-18T15:46:03.724+0000] {subprocess.py:97} INFO - Command exited with return code 0
[2025-07-18T15:46:03.771+0000] {taskinstance.py:1400} INFO - Marking task as SUCCESS. dag_id=restaurant_pipeline, task_id=send_to_kafka, execution_date=20250718T154400, start_date=20250718T154601, end_date=20250718T154603
[2025-07-18T15:46:03.804+0000] {local_task_job_runner.py:228} INFO - Task exited with return code 0
[2025-07-18T15:46:03.842+0000] {taskinstance.py:2778} INFO - 1 downstream tasks scheduled from follow-on schedule check
