[2025-07-19T19:29:09.016+0000] {taskinstance.py:1159} INFO - Dependencies all met for dep_context=non-requeueable deps ti=<TaskInstance: restaurant_pipeline.send_to_kafka scheduled__2025-07-19T19:26:00+00:00 [queued]>
[2025-07-19T19:29:09.020+0000] {taskinstance.py:1159} INFO - Dependencies all met for dep_context=requeueable deps ti=<TaskInstance: restaurant_pipeline.send_to_kafka scheduled__2025-07-19T19:26:00+00:00 [queued]>
[2025-07-19T19:29:09.020+0000] {taskinstance.py:1361} INFO - Starting attempt 1 of 1
[2025-07-19T19:29:09.025+0000] {taskinstance.py:1382} INFO - Executing <Task(BashOperator): send_to_kafka> on 2025-07-19 19:26:00+00:00
[2025-07-19T19:29:09.027+0000] {standard_task_runner.py:57} INFO - Started process 2333 to run task
[2025-07-19T19:29:09.030+0000] {standard_task_runner.py:84} INFO - Running: ['***', 'tasks', 'run', 'restaurant_pipeline', 'send_to_kafka', 'scheduled__2025-07-19T19:26:00+00:00', '--job-id', '1106', '--raw', '--subdir', 'DAGS_FOLDER/restaurant_pipeline.py', '--cfg-path', '/tmp/tmpif74fzkg']
[2025-07-19T19:29:09.031+0000] {standard_task_runner.py:85} INFO - Job 1106: Subtask send_to_kafka
[2025-07-19T19:29:09.054+0000] {task_command.py:416} INFO - Running <TaskInstance: restaurant_pipeline.send_to_kafka scheduled__2025-07-19T19:26:00+00:00 [running]> on host e3f5d8fc4eef
[2025-07-19T19:29:09.093+0000] {taskinstance.py:1662} INFO - Exporting env vars: AIRFLOW_CTX_DAG_OWNER='moran' AIRFLOW_CTX_DAG_ID='restaurant_pipeline' AIRFLOW_CTX_TASK_ID='send_to_kafka' AIRFLOW_CTX_EXECUTION_DATE='2025-07-19T19:26:00+00:00' AIRFLOW_CTX_TRY_NUMBER='1' AIRFLOW_CTX_DAG_RUN_ID='scheduled__2025-07-19T19:26:00+00:00'
[2025-07-19T19:29:09.093+0000] {subprocess.py:63} INFO - Tmp dir root location: /tmp
[2025-07-19T19:29:09.094+0000] {subprocess.py:75} INFO - Running command: ['/bin/bash', '-c', 'python /opt/streaming/producer.py']
[2025-07-19T19:29:09.098+0000] {subprocess.py:86} INFO - Output:
[2025-07-19T19:29:11.349+0000] {subprocess.py:93} INFO - [✓] Sent to reservations: {'reservation_id': 5748, 'branch_id': 101, 'customer_name': 'William Hunt', 'phone_number': '319.241.3618x16575', 'reservation_date': '2025-07-19', 'reservation_time': '21:19', 'guests_count': 6, 'is_confirmed': True}
[2025-07-19T19:29:11.352+0000] {subprocess.py:93} INFO - [✓] Sent to reservations: {'reservation_id': 7519, 'branch_id': 101, 'customer_name': 'James Brown', 'phone_number': '585-285-4842', 'reservation_date': '2025-07-19', 'reservation_time': '20:04', 'guests_count': 2, 'is_confirmed': False}
[2025-07-19T19:29:11.353+0000] {subprocess.py:93} INFO - [✓] Sent to reservations: {'reservation_id': 7737, 'branch_id': 102, 'customer_name': 'Angela Baker', 'phone_number': '944-339-7004x9693', 'reservation_date': '2025-07-19', 'reservation_time': '20:32', 'guests_count': 8, 'is_confirmed': True}
[2025-07-19T19:29:11.354+0000] {subprocess.py:93} INFO - [✓] Sent to checkins: {'checkin_id': 1105, 'customer_name': 'Daniel Jordan', 'phone_number': '9705296263', 'branch_id': 101, 'table_id': 203, 'is_prebooked': False, 'checkin_date': '2025-07-19', 'checkin_time': '17:51', 'guests_count': 4, 'shift_manager': 'Sean Dawson'}
[2025-07-19T19:29:11.355+0000] {subprocess.py:93} INFO - [✓] Sent to checkins: {'checkin_id': 4035, 'customer_name': 'Casey Hutchinson', 'phone_number': '9184656987', 'branch_id': 101, 'table_id': 204, 'is_prebooked': True, 'checkin_date': '2025-07-19', 'checkin_time': '17:31', 'guests_count': 6, 'shift_manager': 'Jill Richardson'}
[2025-07-19T19:29:11.359+0000] {subprocess.py:93} INFO - [✓] Sent to checkins: {'checkin_id': 8484, 'customer_name': 'Kenneth Sosa', 'phone_number': '2202229168', 'branch_id': 102, 'table_id': 202, 'is_prebooked': False, 'checkin_date': '2025-07-19', 'checkin_time': '18:00', 'guests_count': 2, 'shift_manager': 'Sean Johnson'}
[2025-07-19T19:29:11.359+0000] {subprocess.py:93} INFO - [✓] Sent to feedback: {'feedback_id': 6652, 'branch_id': 101, 'customer_name': 'Linda Smith', 'phone_number': '857.598.9679x89851', 'feedback_text': 'Market treatment fight analysis action skin agreement.', 'rating': 1, 'dining_date': '2025-07-19', 'dining_time': '19:01', 'submission_time': '2025-07-19T19:29:08'}
[2025-07-19T19:29:11.360+0000] {subprocess.py:93} INFO - [✓] Sent to feedback: {'feedback_id': 1102, 'branch_id': 101, 'customer_name': 'Felicia Cisneros', 'phone_number': '441-301-3582x008', 'feedback_text': 'Black imagine may east suggest vote leg.', 'rating': 4, 'dining_date': '2025-07-19', 'dining_time': '18:00', 'submission_time': '2025-07-19T19:29:08'}
[2025-07-19T19:29:11.360+0000] {subprocess.py:93} INFO - [✓] Sent to feedback: {'feedback_id': 6295, 'branch_id': 101, 'customer_name': 'Kayla Martin', 'phone_number': '927.879.4635x052', 'feedback_text': 'Paper for large camera.', 'rating': 5, 'dining_date': '2025-07-19', 'dining_time': '18:10', 'submission_time': '2025-07-19T19:29:08'}
[2025-07-19T19:29:11.360+0000] {subprocess.py:93} INFO - ✅ All messages sent.
[2025-07-19T19:29:11.402+0000] {subprocess.py:97} INFO - Command exited with return code 0
[2025-07-19T19:29:11.423+0000] {taskinstance.py:1400} INFO - Marking task as SUCCESS. dag_id=restaurant_pipeline, task_id=send_to_kafka, execution_date=20250719T192600, start_date=20250719T192909, end_date=20250719T192911
[2025-07-19T19:29:11.456+0000] {local_task_job_runner.py:228} INFO - Task exited with return code 0
[2025-07-19T19:29:11.483+0000] {taskinstance.py:2778} INFO - 1 downstream tasks scheduled from follow-on schedule check
