[2025-07-19T21:14:49.539+0000] {taskinstance.py:1159} INFO - Dependencies all met for dep_context=non-requeueable deps ti=<TaskInstance: restaurant_pipeline.send_to_kafka scheduled__2025-07-19T21:12:00+00:00 [queued]>
[2025-07-19T21:14:49.543+0000] {taskinstance.py:1159} INFO - Dependencies all met for dep_context=requeueable deps ti=<TaskInstance: restaurant_pipeline.send_to_kafka scheduled__2025-07-19T21:12:00+00:00 [queued]>
[2025-07-19T21:14:49.543+0000] {taskinstance.py:1361} INFO - Starting attempt 1 of 1
[2025-07-19T21:14:49.549+0000] {taskinstance.py:1382} INFO - Executing <Task(BashOperator): send_to_kafka> on 2025-07-19 21:12:00+00:00
[2025-07-19T21:14:49.551+0000] {standard_task_runner.py:57} INFO - Started process 4232 to run task
[2025-07-19T21:14:49.553+0000] {standard_task_runner.py:84} INFO - Running: ['***', 'tasks', 'run', 'restaurant_pipeline', 'send_to_kafka', 'scheduled__2025-07-19T21:12:00+00:00', '--job-id', '1238', '--raw', '--subdir', 'DAGS_FOLDER/restaurant_pipeline.py', '--cfg-path', '/tmp/tmpzsujg3iu']
[2025-07-19T21:14:49.555+0000] {standard_task_runner.py:85} INFO - Job 1238: Subtask send_to_kafka
[2025-07-19T21:14:49.578+0000] {task_command.py:416} INFO - Running <TaskInstance: restaurant_pipeline.send_to_kafka scheduled__2025-07-19T21:12:00+00:00 [running]> on host e3f5d8fc4eef
[2025-07-19T21:14:49.617+0000] {taskinstance.py:1662} INFO - Exporting env vars: AIRFLOW_CTX_DAG_OWNER='moran' AIRFLOW_CTX_DAG_ID='restaurant_pipeline' AIRFLOW_CTX_TASK_ID='send_to_kafka' AIRFLOW_CTX_EXECUTION_DATE='2025-07-19T21:12:00+00:00' AIRFLOW_CTX_TRY_NUMBER='1' AIRFLOW_CTX_DAG_RUN_ID='scheduled__2025-07-19T21:12:00+00:00'
[2025-07-19T21:14:49.619+0000] {subprocess.py:63} INFO - Tmp dir root location: /tmp
[2025-07-19T21:14:49.620+0000] {subprocess.py:75} INFO - Running command: ['/bin/bash', '-c', 'python /opt/streaming/producer.py']
[2025-07-19T21:14:49.624+0000] {subprocess.py:86} INFO - Output:
[2025-07-19T21:14:51.895+0000] {subprocess.py:93} INFO - [✓] Sent to reservations: {'reservation_id': 7577, 'branch_id': 102, 'customer_name': 'Larry Conway', 'phone_number': '608-687-9728x43934', 'reservation_date': '2025-07-19', 'reservation_time': '21:26', 'guests_count': 1, 'is_confirmed': False}
[2025-07-19T21:14:51.896+0000] {subprocess.py:93} INFO - [✓] Sent to reservations: {'reservation_id': 7969, 'branch_id': 101, 'customer_name': 'Douglas Adams', 'phone_number': '+1-524-334-2269x087', 'reservation_date': '2025-07-19', 'reservation_time': '22:20', 'guests_count': 4, 'is_confirmed': False}
[2025-07-19T21:14:51.896+0000] {subprocess.py:93} INFO - [✓] Sent to reservations: {'reservation_id': 5175, 'branch_id': 102, 'customer_name': 'Michelle Woods', 'phone_number': '325-307-2876', 'reservation_date': '2025-07-19', 'reservation_time': '22:11', 'guests_count': 4, 'is_confirmed': False}
[2025-07-19T21:14:51.897+0000] {subprocess.py:93} INFO - [✓] Sent to checkins: {'checkin_id': 6483, 'customer_name': 'Timothy Delgado', 'phone_number': '591.591.8977x6951', 'branch_id': 101, 'table_id': 205, 'is_prebooked': True, 'checkin_date': '2025-07-19', 'checkin_time': '19:42', 'guests_count': 4, 'shift_manager': 'Jillian Long'}
[2025-07-19T21:14:51.897+0000] {subprocess.py:93} INFO - [✓] Sent to checkins: {'checkin_id': 1933, 'customer_name': 'Mike Brady', 'phone_number': '+1-507-560-9827x2515', 'branch_id': 101, 'table_id': 200, 'is_prebooked': True, 'checkin_date': '2025-07-19', 'checkin_time': '19:39', 'guests_count': 1, 'shift_manager': 'Michelle Smith'}
[2025-07-19T21:14:51.897+0000] {subprocess.py:93} INFO - [✓] Sent to checkins: {'checkin_id': 2251, 'customer_name': 'Justin Wheeler', 'phone_number': '(869)247-0537x62285', 'branch_id': 101, 'table_id': 209, 'is_prebooked': False, 'checkin_date': '2025-07-19', 'checkin_time': '20:22', 'guests_count': 2, 'shift_manager': 'Lisa Wilkins'}
[2025-07-19T21:14:51.897+0000] {subprocess.py:93} INFO - [✓] Sent to feedback: {'feedback_id': 2849, 'branch_id': 101, 'customer_name': 'Andrew Morris', 'phone_number': '(763)406-6552x24430', 'feedback_text': 'Discussion I movie.', 'rating': 3, 'dining_date': '2025-07-19', 'dining_time': '20:03', 'submission_time': '2025-07-19T21:14:48'}
[2025-07-19T21:14:51.898+0000] {subprocess.py:93} INFO - [✓] Sent to feedback: {'feedback_id': 9503, 'branch_id': 101, 'customer_name': 'Amanda Pope', 'phone_number': '956.747.7990x43518', 'feedback_text': 'Leader ready age process laugh two would cold.', 'rating': 2, 'dining_date': '2025-07-19', 'dining_time': '20:28', 'submission_time': '2025-07-19T21:14:48'}
[2025-07-19T21:14:51.898+0000] {subprocess.py:93} INFO - [✓] Sent to feedback: {'feedback_id': 7352, 'branch_id': 101, 'customer_name': 'Nicholas Cruz', 'phone_number': '(481)415-4601x3536', 'feedback_text': 'Through down fact television mind.', 'rating': 2, 'dining_date': '2025-07-19', 'dining_time': '21:08', 'submission_time': '2025-07-19T21:14:48'}
[2025-07-19T21:14:51.898+0000] {subprocess.py:93} INFO - ✅ All messages sent.
[2025-07-19T21:14:51.965+0000] {subprocess.py:97} INFO - Command exited with return code 0
[2025-07-19T21:14:51.985+0000] {taskinstance.py:1400} INFO - Marking task as SUCCESS. dag_id=restaurant_pipeline, task_id=send_to_kafka, execution_date=20250719T211200, start_date=20250719T211449, end_date=20250719T211451
[2025-07-19T21:14:52.018+0000] {local_task_job_runner.py:228} INFO - Task exited with return code 0
[2025-07-19T21:14:52.046+0000] {taskinstance.py:2778} INFO - 1 downstream tasks scheduled from follow-on schedule check
