[2025-07-18T18:15:18.377+0000] {taskinstance.py:1159} INFO - Dependencies all met for dep_context=non-requeueable deps ti=<TaskInstance: restaurant_pipeline.send_to_kafka manual__2025-07-18T18:14:01.477077+00:00 [queued]>
[2025-07-18T18:15:18.382+0000] {taskinstance.py:1159} INFO - Dependencies all met for dep_context=requeueable deps ti=<TaskInstance: restaurant_pipeline.send_to_kafka manual__2025-07-18T18:14:01.477077+00:00 [queued]>
[2025-07-18T18:15:18.382+0000] {taskinstance.py:1361} INFO - Starting attempt 1 of 1
[2025-07-18T18:15:18.389+0000] {taskinstance.py:1382} INFO - Executing <Task(BashOperator): send_to_kafka> on 2025-07-18 18:14:01.477077+00:00
[2025-07-18T18:15:18.392+0000] {standard_task_runner.py:57} INFO - Started process 3007 to run task
[2025-07-18T18:15:18.394+0000] {standard_task_runner.py:84} INFO - Running: ['***', 'tasks', 'run', 'restaurant_pipeline', 'send_to_kafka', 'manual__2025-07-18T18:14:01.477077+00:00', '--job-id', '341', '--raw', '--subdir', 'DAGS_FOLDER/restaurant_pipeline.py', '--cfg-path', '/tmp/tmpmg43m17v']
[2025-07-18T18:15:18.396+0000] {standard_task_runner.py:85} INFO - Job 341: Subtask send_to_kafka
[2025-07-18T18:15:18.423+0000] {task_command.py:416} INFO - Running <TaskInstance: restaurant_pipeline.send_to_kafka manual__2025-07-18T18:14:01.477077+00:00 [running]> on host 9bcfb43e0ab7
[2025-07-18T18:15:18.466+0000] {taskinstance.py:1662} INFO - Exporting env vars: AIRFLOW_CTX_DAG_OWNER='moran' AIRFLOW_CTX_DAG_ID='restaurant_pipeline' AIRFLOW_CTX_TASK_ID='send_to_kafka' AIRFLOW_CTX_EXECUTION_DATE='2025-07-18T18:14:01.477077+00:00' AIRFLOW_CTX_TRY_NUMBER='1' AIRFLOW_CTX_DAG_RUN_ID='manual__2025-07-18T18:14:01.477077+00:00'
[2025-07-18T18:15:18.467+0000] {subprocess.py:63} INFO - Tmp dir root location: /tmp
[2025-07-18T18:15:18.468+0000] {subprocess.py:75} INFO - Running command: ['/bin/bash', '-c', 'python /opt/streaming/producer.py']
[2025-07-18T18:15:18.472+0000] {subprocess.py:86} INFO - Output:
[2025-07-18T18:15:20.743+0000] {subprocess.py:93} INFO - [✓] Sent to reservations: {'reservation_id': 4776, 'branch_id': 102, 'customer_name': 'Elizabeth Garcia', 'phone_number': '9639193760', 'reservation_date': '2025-07-18', 'reservation_time': '20:10', 'guests_count': 7, 'is_confirmed': True}
[2025-07-18T18:15:20.747+0000] {subprocess.py:93} INFO - [✓] Sent to reservations: {'reservation_id': 1142, 'branch_id': 101, 'customer_name': 'Roger Larsen', 'phone_number': '4018251476', 'reservation_date': '2025-07-18', 'reservation_time': '18:47', 'guests_count': 1, 'is_confirmed': True}
[2025-07-18T18:15:20.747+0000] {subprocess.py:93} INFO - [✓] Sent to reservations: {'reservation_id': 9852, 'branch_id': 102, 'customer_name': 'Megan Davis', 'phone_number': '+1-839-954-3652x73565', 'reservation_date': '2025-07-18', 'reservation_time': '19:56', 'guests_count': 1, 'is_confirmed': True}
[2025-07-18T18:15:20.747+0000] {subprocess.py:93} INFO - [✓] Sent to checkins: {'checkin_id': 8840, 'customer_name': 'Cheyenne Pope', 'phone_number': '(908)828-1333', 'branch_id': 102, 'table_id': 204, 'is_prebooked': False, 'checkin_date': '2025-07-18', 'checkin_time': '17:45', 'guests_count': 4, 'shift_manager': 'Dawn Scott'}
[2025-07-18T18:15:20.747+0000] {subprocess.py:93} INFO - [✓] Sent to checkins: {'checkin_id': 6082, 'customer_name': 'Robin Dyer', 'phone_number': '(957)313-7734x467', 'branch_id': 101, 'table_id': 202, 'is_prebooked': False, 'checkin_date': '2025-07-18', 'checkin_time': '16:50', 'guests_count': 5, 'shift_manager': 'Ann Rosales'}
[2025-07-18T18:15:20.747+0000] {subprocess.py:93} INFO - [✓] Sent to checkins: {'checkin_id': 9259, 'customer_name': 'Robin Bennett', 'phone_number': '8068874815', 'branch_id': 101, 'table_id': 204, 'is_prebooked': True, 'checkin_date': '2025-07-18', 'checkin_time': '16:58', 'guests_count': 4, 'shift_manager': 'Darrell Proctor'}
[2025-07-18T18:15:20.747+0000] {subprocess.py:93} INFO - [✓] Sent to feedback: {'feedback_id': 6056, 'branch_id': 101, 'customer_name': 'Charles Delgado', 'phone_number': '319-518-6197x6002', 'feedback_text': 'Table special where tree.', 'rating': 3, 'dining_date': '2025-07-18', 'dining_time': '17:24', 'submission_time': '2025-07-18T18:15:17'}
[2025-07-18T18:15:20.748+0000] {subprocess.py:93} INFO - [✓] Sent to feedback: {'feedback_id': 1977, 'branch_id': 101, 'customer_name': 'Diana Wong', 'phone_number': '+1-364-600-1789x594', 'feedback_text': 'Interesting better property.', 'rating': 1, 'dining_date': '2025-07-18', 'dining_time': '17:26', 'submission_time': '2025-07-18T18:15:17'}
[2025-07-18T18:15:20.748+0000] {subprocess.py:93} INFO - [✓] Sent to feedback: {'feedback_id': 1392, 'branch_id': 102, 'customer_name': 'Thomas Fields', 'phone_number': '(718)264-0675x381', 'feedback_text': 'Good maintain foot speak assume my.', 'rating': 4, 'dining_date': '2025-07-18', 'dining_time': '18:03', 'submission_time': '2025-07-18T18:15:17'}
[2025-07-18T18:15:20.748+0000] {subprocess.py:93} INFO - ✅ All messages sent.
[2025-07-18T18:15:20.772+0000] {subprocess.py:97} INFO - Command exited with return code 0
[2025-07-18T18:15:20.787+0000] {taskinstance.py:1400} INFO - Marking task as SUCCESS. dag_id=restaurant_pipeline, task_id=send_to_kafka, execution_date=20250718T181401, start_date=20250718T181518, end_date=20250718T181520
[2025-07-18T18:15:20.802+0000] {local_task_job_runner.py:228} INFO - Task exited with return code 0
[2025-07-18T18:15:20.827+0000] {taskinstance.py:2778} INFO - 1 downstream tasks scheduled from follow-on schedule check
