[2025-07-18T16:40:01.905+0000] {taskinstance.py:1159} INFO - Dependencies all met for dep_context=non-requeueable deps ti=<TaskInstance: restaurant_pipeline.send_to_kafka scheduled__2025-07-18T16:38:00+00:00 [queued]>
[2025-07-18T16:40:01.908+0000] {taskinstance.py:1159} INFO - Dependencies all met for dep_context=requeueable deps ti=<TaskInstance: restaurant_pipeline.send_to_kafka scheduled__2025-07-18T16:38:00+00:00 [queued]>
[2025-07-18T16:40:01.909+0000] {taskinstance.py:1361} INFO - Starting attempt 1 of 1
[2025-07-18T16:40:01.915+0000] {taskinstance.py:1382} INFO - Executing <Task(BashOperator): send_to_kafka> on 2025-07-18 16:38:00+00:00
[2025-07-18T16:40:01.917+0000] {standard_task_runner.py:57} INFO - Started process 1712 to run task
[2025-07-18T16:40:01.918+0000] {standard_task_runner.py:84} INFO - Running: ['***', 'tasks', 'run', 'restaurant_pipeline', 'send_to_kafka', 'scheduled__2025-07-18T16:38:00+00:00', '--job-id', '221', '--raw', '--subdir', 'DAGS_FOLDER/restaurant_pipeline.py', '--cfg-path', '/tmp/tmpd7i4yrb8']
[2025-07-18T16:40:01.920+0000] {standard_task_runner.py:85} INFO - Job 221: Subtask send_to_kafka
[2025-07-18T16:40:01.944+0000] {task_command.py:416} INFO - Running <TaskInstance: restaurant_pipeline.send_to_kafka scheduled__2025-07-18T16:38:00+00:00 [running]> on host 9bcfb43e0ab7
[2025-07-18T16:40:01.981+0000] {taskinstance.py:1662} INFO - Exporting env vars: AIRFLOW_CTX_DAG_OWNER='moran' AIRFLOW_CTX_DAG_ID='restaurant_pipeline' AIRFLOW_CTX_TASK_ID='send_to_kafka' AIRFLOW_CTX_EXECUTION_DATE='2025-07-18T16:38:00+00:00' AIRFLOW_CTX_TRY_NUMBER='1' AIRFLOW_CTX_DAG_RUN_ID='scheduled__2025-07-18T16:38:00+00:00'
[2025-07-18T16:40:01.981+0000] {subprocess.py:63} INFO - Tmp dir root location: /tmp
[2025-07-18T16:40:01.982+0000] {subprocess.py:75} INFO - Running command: ['/bin/bash', '-c', 'python /opt/streaming/producer.py']
[2025-07-18T16:40:01.986+0000] {subprocess.py:86} INFO - Output:
[2025-07-18T16:40:04.230+0000] {subprocess.py:93} INFO - [✓] Sent to reservations: {'reservation_id': 6074, 'branch_id': 102, 'customer_name': 'Brett Gregory', 'phone_number': '798-928-5799', 'reservation_date': '2025-07-18', 'reservation_time': '17:21', 'guests_count': 2, 'is_confirmed': False}
[2025-07-18T16:40:04.235+0000] {subprocess.py:93} INFO - [✓] Sent to reservations: {'reservation_id': 5282, 'branch_id': 102, 'customer_name': 'Amy Lopez', 'phone_number': '001-394-413-3758x7475', 'reservation_date': '2025-07-18', 'reservation_time': '17:57', 'guests_count': 1, 'is_confirmed': True}
[2025-07-18T16:40:04.235+0000] {subprocess.py:93} INFO - [✓] Sent to reservations: {'reservation_id': 6297, 'branch_id': 102, 'customer_name': 'Eric Salinas', 'phone_number': '001-550-708-0773x2362', 'reservation_date': '2025-07-18', 'reservation_time': '16:50', 'guests_count': 4, 'is_confirmed': False}
[2025-07-18T16:40:04.235+0000] {subprocess.py:93} INFO - [✓] Sent to checkins: {'checkin_id': 4377, 'customer_name': 'Matthew Johnson', 'phone_number': '+1-462-212-4152x9562', 'branch_id': 101, 'table_id': 209, 'is_prebooked': True, 'checkin_date': '2025-07-18', 'checkin_time': '14:59', 'guests_count': 3, 'shift_manager': 'Charles Wells'}
[2025-07-18T16:40:04.235+0000] {subprocess.py:93} INFO - [✓] Sent to checkins: {'checkin_id': 3269, 'customer_name': 'Dylan Bartlett', 'phone_number': '(576)778-5714', 'branch_id': 101, 'table_id': 201, 'is_prebooked': False, 'checkin_date': '2025-07-18', 'checkin_time': '15:56', 'guests_count': 3, 'shift_manager': 'Glen Washington'}
[2025-07-18T16:40:04.235+0000] {subprocess.py:93} INFO - [✓] Sent to checkins: {'checkin_id': 1281, 'customer_name': 'Susan Davidson', 'phone_number': '5967811583', 'branch_id': 102, 'table_id': 209, 'is_prebooked': False, 'checkin_date': '2025-07-18', 'checkin_time': '16:29', 'guests_count': 4, 'shift_manager': 'Sherry Kane'}
[2025-07-18T16:40:04.235+0000] {subprocess.py:93} INFO - [✓] Sent to feedback: {'feedback_id': 2854, 'branch_id': 101, 'customer_name': 'Justin Johnson', 'phone_number': '214.925.2102x244', 'feedback_text': 'Tough herself usually door unit.', 'rating': 5, 'dining_date': '2025-07-18', 'dining_time': '15:22', 'submission_time': '2025-07-18T16:40:01'}
[2025-07-18T16:40:04.238+0000] {subprocess.py:93} INFO - [✓] Sent to feedback: {'feedback_id': 1504, 'branch_id': 102, 'customer_name': 'Heather Bell', 'phone_number': '001-955-366-5679', 'feedback_text': 'Its become respond design cut.', 'rating': 4, 'dining_date': '2025-07-18', 'dining_time': '14:42', 'submission_time': '2025-07-18T16:40:01'}
[2025-07-18T16:40:04.238+0000] {subprocess.py:93} INFO - [✓] Sent to feedback: {'feedback_id': 4232, 'branch_id': 101, 'customer_name': 'Matthew Austin', 'phone_number': '7607087812', 'feedback_text': 'Off term again money last.', 'rating': 3, 'dining_date': '2025-07-18', 'dining_time': '14:44', 'submission_time': '2025-07-18T16:40:01'}
[2025-07-18T16:40:04.238+0000] {subprocess.py:93} INFO - ✅ All messages sent.
[2025-07-18T16:40:04.289+0000] {subprocess.py:97} INFO - Command exited with return code 0
[2025-07-18T16:40:04.317+0000] {taskinstance.py:1400} INFO - Marking task as SUCCESS. dag_id=restaurant_pipeline, task_id=send_to_kafka, execution_date=20250718T163800, start_date=20250718T164001, end_date=20250718T164004
[2025-07-18T16:40:04.361+0000] {local_task_job_runner.py:228} INFO - Task exited with return code 0
[2025-07-18T16:40:04.397+0000] {taskinstance.py:2778} INFO - 1 downstream tasks scheduled from follow-on schedule check
