[2025-07-18T17:09:02.761+0000] {taskinstance.py:1159} INFO - Dependencies all met for dep_context=non-requeueable deps ti=<TaskInstance: restaurant_pipeline.send_to_kafka scheduled__2025-07-18T17:06:00+00:00 [queued]>
[2025-07-18T17:09:02.783+0000] {taskinstance.py:1159} INFO - Dependencies all met for dep_context=requeueable deps ti=<TaskInstance: restaurant_pipeline.send_to_kafka scheduled__2025-07-18T17:06:00+00:00 [queued]>
[2025-07-18T17:09:02.786+0000] {taskinstance.py:1361} INFO - Starting attempt 1 of 1
[2025-07-18T17:09:02.813+0000] {taskinstance.py:1382} INFO - Executing <Task(BashOperator): send_to_kafka> on 2025-07-18 17:06:00+00:00
[2025-07-18T17:09:02.822+0000] {standard_task_runner.py:57} INFO - Started process 2202 to run task
[2025-07-18T17:09:02.826+0000] {standard_task_runner.py:84} INFO - Running: ['***', 'tasks', 'run', 'restaurant_pipeline', 'send_to_kafka', 'scheduled__2025-07-18T17:06:00+00:00', '--job-id', '265', '--raw', '--subdir', 'DAGS_FOLDER/restaurant_pipeline.py', '--cfg-path', '/tmp/tmplp75t3lg']
[2025-07-18T17:09:02.829+0000] {standard_task_runner.py:85} INFO - Job 265: Subtask send_to_kafka
[2025-07-18T17:09:02.905+0000] {task_command.py:416} INFO - Running <TaskInstance: restaurant_pipeline.send_to_kafka scheduled__2025-07-18T17:06:00+00:00 [running]> on host 9bcfb43e0ab7
[2025-07-18T17:09:03.005+0000] {taskinstance.py:1662} INFO - Exporting env vars: AIRFLOW_CTX_DAG_OWNER='moran' AIRFLOW_CTX_DAG_ID='restaurant_pipeline' AIRFLOW_CTX_TASK_ID='send_to_kafka' AIRFLOW_CTX_EXECUTION_DATE='2025-07-18T17:06:00+00:00' AIRFLOW_CTX_TRY_NUMBER='1' AIRFLOW_CTX_DAG_RUN_ID='scheduled__2025-07-18T17:06:00+00:00'
[2025-07-18T17:09:03.006+0000] {subprocess.py:63} INFO - Tmp dir root location: /tmp
[2025-07-18T17:09:03.006+0000] {subprocess.py:75} INFO - Running command: ['/bin/bash', '-c', 'python /opt/streaming/producer.py']
[2025-07-18T17:09:03.012+0000] {subprocess.py:86} INFO - Output:
[2025-07-18T17:09:05.268+0000] {subprocess.py:93} INFO - [✓] Sent to reservations: {'reservation_id': 2219, 'branch_id': 102, 'customer_name': 'Alan Blake', 'phone_number': '+1-655-760-7180x69981', 'reservation_date': '2025-07-18', 'reservation_time': '18:37', 'guests_count': 6, 'is_confirmed': True}
[2025-07-18T17:09:05.268+0000] {subprocess.py:93} INFO - [✓] Sent to reservations: {'reservation_id': 9509, 'branch_id': 102, 'customer_name': 'Jennifer Parker', 'phone_number': '6969756376', 'reservation_date': '2025-07-18', 'reservation_time': '18:37', 'guests_count': 5, 'is_confirmed': True}
[2025-07-18T17:09:05.268+0000] {subprocess.py:93} INFO - [✓] Sent to reservations: {'reservation_id': 8147, 'branch_id': 101, 'customer_name': 'Melissa Williamson', 'phone_number': '355.967.5383x4371', 'reservation_date': '2025-07-18', 'reservation_time': '19:07', 'guests_count': 8, 'is_confirmed': False}
[2025-07-18T17:09:05.269+0000] {subprocess.py:93} INFO - [✓] Sent to checkins: {'checkin_id': 8772, 'customer_name': 'Drew Gomez', 'phone_number': '001-260-894-2527x7059', 'branch_id': 102, 'table_id': 205, 'is_prebooked': False, 'checkin_date': '2025-07-18', 'checkin_time': '16:54', 'guests_count': 6, 'shift_manager': 'Charles Walker'}
[2025-07-18T17:09:05.269+0000] {subprocess.py:93} INFO - [✓] Sent to checkins: {'checkin_id': 1846, 'customer_name': 'Tony Flowers', 'phone_number': '857.773.4818x7993', 'branch_id': 102, 'table_id': 203, 'is_prebooked': False, 'checkin_date': '2025-07-18', 'checkin_time': '15:45', 'guests_count': 2, 'shift_manager': 'Dana Jones'}
[2025-07-18T17:09:05.269+0000] {subprocess.py:93} INFO - [✓] Sent to checkins: {'checkin_id': 6247, 'customer_name': 'Elizabeth Fisher', 'phone_number': '842.654.3905', 'branch_id': 101, 'table_id': 201, 'is_prebooked': True, 'checkin_date': '2025-07-18', 'checkin_time': '16:49', 'guests_count': 5, 'shift_manager': 'Andrew Kane'}
[2025-07-18T17:09:05.269+0000] {subprocess.py:93} INFO - [✓] Sent to feedback: {'feedback_id': 9348, 'branch_id': 101, 'customer_name': 'Mark Smith MD', 'phone_number': '(287)617-6981x38883', 'feedback_text': 'Push floor policy company growth reflect.', 'rating': 4, 'dining_date': '2025-07-18', 'dining_time': '16:14', 'submission_time': '2025-07-18T17:09:01'}
[2025-07-18T17:09:05.270+0000] {subprocess.py:93} INFO - [✓] Sent to feedback: {'feedback_id': 1312, 'branch_id': 102, 'customer_name': 'Deanna Vasquez', 'phone_number': '419.985.6741', 'feedback_text': 'Something suggest quickly coach current friend.', 'rating': 3, 'dining_date': '2025-07-18', 'dining_time': '16:34', 'submission_time': '2025-07-18T17:09:01'}
[2025-07-18T17:09:05.270+0000] {subprocess.py:93} INFO - [✓] Sent to feedback: {'feedback_id': 3614, 'branch_id': 101, 'customer_name': 'Shannon Davis', 'phone_number': '(713)317-1345', 'feedback_text': 'Part song any million coach record sure late.', 'rating': 3, 'dining_date': '2025-07-18', 'dining_time': '15:57', 'submission_time': '2025-07-18T17:09:01'}
[2025-07-18T17:09:05.270+0000] {subprocess.py:93} INFO - ✅ All messages sent.
[2025-07-18T17:09:05.295+0000] {subprocess.py:97} INFO - Command exited with return code 0
[2025-07-18T17:09:05.310+0000] {taskinstance.py:1400} INFO - Marking task as SUCCESS. dag_id=restaurant_pipeline, task_id=send_to_kafka, execution_date=20250718T170600, start_date=20250718T170902, end_date=20250718T170905
[2025-07-18T17:09:05.351+0000] {local_task_job_runner.py:228} INFO - Task exited with return code 0
[2025-07-18T17:09:05.382+0000] {taskinstance.py:2778} INFO - 1 downstream tasks scheduled from follow-on schedule check
