[2025-07-18T15:22:04.962+0000] {taskinstance.py:1159} INFO - Dependencies all met for dep_context=non-requeueable deps ti=<TaskInstance: restaurant_pipeline.stream_to_bronze scheduled__2025-07-18T15:20:00+00:00 [queued]>
[2025-07-18T15:22:04.966+0000] {taskinstance.py:1159} INFO - Dependencies all met for dep_context=requeueable deps ti=<TaskInstance: restaurant_pipeline.stream_to_bronze scheduled__2025-07-18T15:20:00+00:00 [queued]>
[2025-07-18T15:22:04.966+0000] {taskinstance.py:1361} INFO - Starting attempt 1 of 1
[2025-07-18T15:22:04.972+0000] {taskinstance.py:1382} INFO - Executing <Task(BashOperator): stream_to_bronze> on 2025-07-18 15:20:00+00:00
[2025-07-18T15:22:04.974+0000] {standard_task_runner.py:57} INFO - Started process 261 to run task
[2025-07-18T15:22:04.976+0000] {standard_task_runner.py:84} INFO - Running: ['***', 'tasks', 'run', 'restaurant_pipeline', 'stream_to_bronze', 'scheduled__2025-07-18T15:20:00+00:00', '--job-id', '96', '--raw', '--subdir', 'DAGS_FOLDER/restaurant_pipeline.py', '--cfg-path', '/tmp/tmpt6d2ukg9']
[2025-07-18T15:22:04.977+0000] {standard_task_runner.py:85} INFO - Job 96: Subtask stream_to_bronze
[2025-07-18T15:22:05.000+0000] {task_command.py:416} INFO - Running <TaskInstance: restaurant_pipeline.stream_to_bronze scheduled__2025-07-18T15:20:00+00:00 [running]> on host 9bcfb43e0ab7
[2025-07-18T15:22:05.036+0000] {taskinstance.py:1662} INFO - Exporting env vars: AIRFLOW_CTX_DAG_OWNER='moran' AIRFLOW_CTX_DAG_ID='restaurant_pipeline' AIRFLOW_CTX_TASK_ID='stream_to_bronze' AIRFLOW_CTX_EXECUTION_DATE='2025-07-18T15:20:00+00:00' AIRFLOW_CTX_TRY_NUMBER='1' AIRFLOW_CTX_DAG_RUN_ID='scheduled__2025-07-18T15:20:00+00:00'
[2025-07-18T15:22:05.037+0000] {subprocess.py:63} INFO - Tmp dir root location: /tmp
[2025-07-18T15:22:05.037+0000] {subprocess.py:75} INFO - Running command: ['/bin/bash', '-c', 'docker exec spark-iceberg spark-submit /home/iceberg/spark/stream_to_bronze.py']
[2025-07-18T15:22:05.043+0000] {subprocess.py:86} INFO - Output:
[2025-07-18T15:22:06.989+0000] {subprocess.py:93} INFO - 25/07/18 15:22:06 INFO SparkContext: Running Spark version 3.5.6
[2025-07-18T15:22:06.991+0000] {subprocess.py:93} INFO - 25/07/18 15:22:06 INFO SparkContext: OS info Linux, 6.10.14-linuxkit, aarch64
[2025-07-18T15:22:06.991+0000] {subprocess.py:93} INFO - 25/07/18 15:22:06 INFO SparkContext: Java version 17.0.15
[2025-07-18T15:22:07.010+0000] {subprocess.py:93} INFO - 25/07/18 15:22:07 INFO ResourceUtils: ==============================================================
[2025-07-18T15:22:07.010+0000] {subprocess.py:93} INFO - 25/07/18 15:22:07 INFO ResourceUtils: No custom resources configured for spark.driver.
[2025-07-18T15:22:07.011+0000] {subprocess.py:93} INFO - 25/07/18 15:22:07 INFO ResourceUtils: ==============================================================
[2025-07-18T15:22:07.011+0000] {subprocess.py:93} INFO - 25/07/18 15:22:07 INFO SparkContext: Submitted application: StreamToBronze
[2025-07-18T15:22:07.020+0000] {subprocess.py:93} INFO - 25/07/18 15:22:07 INFO ResourceProfile: Default ResourceProfile created, executor resources: Map(cores -> name: cores, amount: 1, script: , vendor: , memory -> name: memory, amount: 1024, script: , vendor: , offHeap -> name: offHeap, amount: 0, script: , vendor: ), task resources: Map(cpus -> name: cpus, amount: 1.0)
[2025-07-18T15:22:07.026+0000] {subprocess.py:93} INFO - 25/07/18 15:22:07 INFO ResourceProfile: Limiting resource is cpu
[2025-07-18T15:22:07.026+0000] {subprocess.py:93} INFO - 25/07/18 15:22:07 INFO ResourceProfileManager: Added ResourceProfile id: 0
[2025-07-18T15:22:07.054+0000] {subprocess.py:93} INFO - 25/07/18 15:22:07 INFO SecurityManager: Changing view acls to: root,spark
[2025-07-18T15:22:07.055+0000] {subprocess.py:93} INFO - 25/07/18 15:22:07 INFO SecurityManager: Changing modify acls to: root,spark
[2025-07-18T15:22:07.055+0000] {subprocess.py:93} INFO - 25/07/18 15:22:07 INFO SecurityManager: Changing view acls groups to:
[2025-07-18T15:22:07.055+0000] {subprocess.py:93} INFO - 25/07/18 15:22:07 INFO SecurityManager: Changing modify acls groups to:
[2025-07-18T15:22:07.055+0000] {subprocess.py:93} INFO - 25/07/18 15:22:07 INFO SecurityManager: SecurityManager: authentication disabled; ui acls disabled; users with view permissions: root, spark; groups with view permissions: EMPTY; users with modify permissions: root, spark; groups with modify permissions: EMPTY
[2025-07-18T15:22:07.083+0000] {subprocess.py:93} INFO - 25/07/18 15:22:07 WARN NativeCodeLoader: Unable to load native-hadoop library for your platform... using builtin-java classes where applicable
[2025-07-18T15:22:07.201+0000] {subprocess.py:93} INFO - 25/07/18 15:22:07 INFO Utils: Successfully started service 'sparkDriver' on port 33007.
[2025-07-18T15:22:07.213+0000] {subprocess.py:93} INFO - 25/07/18 15:22:07 INFO SparkEnv: Registering MapOutputTracker
[2025-07-18T15:22:07.234+0000] {subprocess.py:93} INFO - 25/07/18 15:22:07 INFO SparkEnv: Registering BlockManagerMaster
[2025-07-18T15:22:07.247+0000] {subprocess.py:93} INFO - 25/07/18 15:22:07 INFO BlockManagerMasterEndpoint: Using org.apache.spark.storage.DefaultTopologyMapper for getting topology information
[2025-07-18T15:22:07.247+0000] {subprocess.py:93} INFO - 25/07/18 15:22:07 INFO BlockManagerMasterEndpoint: BlockManagerMasterEndpoint up
[2025-07-18T15:22:07.249+0000] {subprocess.py:93} INFO - 25/07/18 15:22:07 INFO SparkEnv: Registering BlockManagerMasterHeartbeat
[2025-07-18T15:22:07.261+0000] {subprocess.py:93} INFO - 25/07/18 15:22:07 INFO DiskBlockManager: Created local directory at /tmp/blockmgr-8184d71f-fb4f-42b1-a984-ff0803bd0d90
[2025-07-18T15:22:07.267+0000] {subprocess.py:93} INFO - 25/07/18 15:22:07 INFO MemoryStore: MemoryStore started with capacity 434.4 MiB
[2025-07-18T15:22:07.277+0000] {subprocess.py:93} INFO - 25/07/18 15:22:07 INFO SparkEnv: Registering OutputCommitCoordinator
[2025-07-18T15:22:07.336+0000] {subprocess.py:93} INFO - 25/07/18 15:22:07 INFO JettyUtils: Start Jetty 0.0.0.0:4040 for SparkUI
[2025-07-18T15:22:07.364+0000] {subprocess.py:93} INFO - 25/07/18 15:22:07 WARN Utils: Service 'SparkUI' could not bind on port 4040. Attempting port 4041.
[2025-07-18T15:22:07.368+0000] {subprocess.py:93} INFO - 25/07/18 15:22:07 INFO Utils: Successfully started service 'SparkUI' on port 4041.
[2025-07-18T15:22:07.423+0000] {subprocess.py:93} INFO - 25/07/18 15:22:07 INFO Executor: Starting executor ID driver on host 77cb57a6bd53
[2025-07-18T15:22:07.423+0000] {subprocess.py:93} INFO - 25/07/18 15:22:07 INFO Executor: OS info Linux, 6.10.14-linuxkit, aarch64
[2025-07-18T15:22:07.423+0000] {subprocess.py:93} INFO - 25/07/18 15:22:07 INFO Executor: Java version 17.0.15
[2025-07-18T15:22:07.426+0000] {subprocess.py:93} INFO - 25/07/18 15:22:07 INFO Executor: Starting executor with user classpath (userClassPathFirst = false): ''
[2025-07-18T15:22:07.427+0000] {subprocess.py:93} INFO - 25/07/18 15:22:07 INFO Executor: Created or updated repl class loader org.apache.spark.util.MutableURLClassLoader@a68c248 for default.
[2025-07-18T15:22:07.435+0000] {subprocess.py:93} INFO - 25/07/18 15:22:07 INFO Utils: Successfully started service 'org.apache.spark.network.netty.NettyBlockTransferService' on port 39085.
[2025-07-18T15:22:07.435+0000] {subprocess.py:93} INFO - 25/07/18 15:22:07 INFO NettyBlockTransferService: Server created on 77cb57a6bd53:39085
[2025-07-18T15:22:07.436+0000] {subprocess.py:93} INFO - 25/07/18 15:22:07 INFO BlockManager: Using org.apache.spark.storage.RandomBlockReplicationPolicy for block replication policy
[2025-07-18T15:22:07.442+0000] {subprocess.py:93} INFO - 25/07/18 15:22:07 INFO BlockManagerMaster: Registering BlockManager BlockManagerId(driver, 77cb57a6bd53, 39085, None)
[2025-07-18T15:22:07.444+0000] {subprocess.py:93} INFO - 25/07/18 15:22:07 INFO BlockManagerMasterEndpoint: Registering block manager 77cb57a6bd53:39085 with 434.4 MiB RAM, BlockManagerId(driver, 77cb57a6bd53, 39085, None)
[2025-07-18T15:22:07.448+0000] {subprocess.py:93} INFO - 25/07/18 15:22:07 INFO BlockManagerMaster: Registered BlockManager BlockManagerId(driver, 77cb57a6bd53, 39085, None)
[2025-07-18T15:22:07.448+0000] {subprocess.py:93} INFO - 25/07/18 15:22:07 INFO BlockManager: Initialized BlockManager: BlockManagerId(driver, 77cb57a6bd53, 39085, None)
[2025-07-18T15:22:07.672+0000] {subprocess.py:93} INFO - 25/07/18 15:22:07 INFO SharedState: Setting hive.metastore.warehouse.dir ('null') to the value of spark.sql.warehouse.dir.
[2025-07-18T15:22:07.677+0000] {subprocess.py:93} INFO - 25/07/18 15:22:07 INFO SharedState: Warehouse path is 'file:/app/spark-warehouse'.
[2025-07-18T15:22:08.738+0000] {subprocess.py:93} INFO - 25/07/18 15:22:08 WARN MetricsConfig: Cannot locate configuration: tried hadoop-metrics2-s3a-file-system.properties,hadoop-metrics2.properties
[2025-07-18T15:22:08.745+0000] {subprocess.py:93} INFO - 25/07/18 15:22:08 INFO MetricsSystemImpl: Scheduled Metric snapshot period at 10 second(s).
[2025-07-18T15:22:08.746+0000] {subprocess.py:93} INFO - 25/07/18 15:22:08 INFO MetricsSystemImpl: s3a-file-system metrics system started
[2025-07-18T15:22:09.351+0000] {subprocess.py:93} INFO - 25/07/18 15:22:09 INFO BaseMetastoreCatalog: Table loaded by catalog: my_catalog.bronze.Reservations_raw
[2025-07-18T15:22:09.377+0000] {subprocess.py:93} INFO - 25/07/18 15:22:09 INFO StateStoreCoordinatorRef: Registered StateStoreCoordinator endpoint
[2025-07-18T15:22:09.426+0000] {subprocess.py:93} INFO - 25/07/18 15:22:09 INFO ResolveWriteToStream: Checkpoint root /tmp/checkpoints/reservations resolved to file:/tmp/checkpoints/reservations.
[2025-07-18T15:22:09.427+0000] {subprocess.py:93} INFO - 25/07/18 15:22:09 WARN ResolveWriteToStream: spark.sql.adaptive.enabled is not supported in streaming DataFrames/Datasets and will be disabled.
[2025-07-18T15:22:09.553+0000] {subprocess.py:93} INFO - 25/07/18 15:22:09 INFO MicroBatchExecution: Starting [id = 0314df7c-5598-4928-8d91-374ee67989d1, runId = 38089bf2-9347-44b2-99c6-71bcb751a1bf]. Use file:/tmp/checkpoints/reservations to store the query checkpoint.
[2025-07-18T15:22:09.579+0000] {subprocess.py:93} INFO - 25/07/18 15:22:09 INFO MicroBatchExecution: Reading table [org.apache.spark.sql.kafka010.KafkaSourceProvider$KafkaTable@8f8061b] from DataSourceV2 named 'kafka' [org.apache.spark.sql.kafka010.KafkaSourceProvider@2d99be6b]
[2025-07-18T15:22:09.659+0000] {subprocess.py:93} INFO - 25/07/18 15:22:09 INFO OffsetSeqLog: BatchIds found from listing: 0, 1, 2
[2025-07-18T15:22:09.675+0000] {subprocess.py:93} INFO - 25/07/18 15:22:09 INFO OffsetSeqLog: Getting latest batch 2
[2025-07-18T15:22:09.697+0000] {subprocess.py:93} INFO - 25/07/18 15:22:09 INFO OffsetSeqLog: BatchIds found from listing: 0, 1, 2
[2025-07-18T15:22:09.698+0000] {subprocess.py:93} INFO - 25/07/18 15:22:09 INFO OffsetSeqLog: Getting latest batch 2
[2025-07-18T15:22:09.708+0000] {subprocess.py:93} INFO - 25/07/18 15:22:09 INFO CommitLog: BatchIds found from listing: 0, 1, 2
[2025-07-18T15:22:09.710+0000] {subprocess.py:93} INFO - 25/07/18 15:22:09 INFO CommitLog: Getting latest batch 2
[2025-07-18T15:22:09.718+0000] {subprocess.py:93} INFO - 25/07/18 15:22:09 INFO MicroBatchExecution: Resuming at batch 3 with committed offsets {KafkaV2[Subscribe[reservations]]: {"reservations":{"0":39}}} and available offsets {KafkaV2[Subscribe[reservations]]: {"reservations":{"0":39}}}
[2025-07-18T15:22:09.719+0000] {subprocess.py:93} INFO - 25/07/18 15:22:09 INFO MicroBatchExecution: Stream started from {KafkaV2[Subscribe[reservations]]: {"reservations":{"0":39}}}
[2025-07-18T15:22:09.750+0000] {subprocess.py:93} INFO - 25/07/18 15:22:09 INFO BaseMetastoreCatalog: Table loaded by catalog: my_catalog.bronze.Checkins_raw
[2025-07-18T15:22:09.762+0000] {subprocess.py:93} INFO - 25/07/18 15:22:09 INFO ResolveWriteToStream: Checkpoint root /tmp/checkpoints/checkins resolved to file:/tmp/checkpoints/checkins.
[2025-07-18T15:22:09.763+0000] {subprocess.py:93} INFO - 25/07/18 15:22:09 WARN ResolveWriteToStream: spark.sql.adaptive.enabled is not supported in streaming DataFrames/Datasets and will be disabled.
[2025-07-18T15:22:09.779+0000] {subprocess.py:93} INFO - 25/07/18 15:22:09 INFO AdminClientConfig: AdminClientConfig values:
[2025-07-18T15:22:09.779+0000] {subprocess.py:93} INFO - 	auto.include.jmx.reporter = true
[2025-07-18T15:22:09.779+0000] {subprocess.py:93} INFO - 	bootstrap.servers = [kafka:9092]
[2025-07-18T15:22:09.779+0000] {subprocess.py:93} INFO - 	client.dns.lookup = use_all_dns_ips
[2025-07-18T15:22:09.779+0000] {subprocess.py:93} INFO - 	client.id =
[2025-07-18T15:22:09.781+0000] {subprocess.py:93} INFO - 	connections.max.idle.ms = 300000
[2025-07-18T15:22:09.781+0000] {subprocess.py:93} INFO - 	default.api.timeout.ms = 60000
[2025-07-18T15:22:09.782+0000] {subprocess.py:93} INFO - 	metadata.max.age.ms = 300000
[2025-07-18T15:22:09.782+0000] {subprocess.py:93} INFO - 	metric.reporters = []
[2025-07-18T15:22:09.782+0000] {subprocess.py:93} INFO - 	metrics.num.samples = 2
[2025-07-18T15:22:09.782+0000] {subprocess.py:93} INFO - 	metrics.recording.level = INFO
[2025-07-18T15:22:09.782+0000] {subprocess.py:93} INFO - 	metrics.sample.window.ms = 30000
[2025-07-18T15:22:09.782+0000] {subprocess.py:93} INFO - 	receive.buffer.bytes = 65536
[2025-07-18T15:22:09.782+0000] {subprocess.py:93} INFO - 	reconnect.backoff.max.ms = 1000
[2025-07-18T15:22:09.782+0000] {subprocess.py:93} INFO - 	reconnect.backoff.ms = 50
[2025-07-18T15:22:09.782+0000] {subprocess.py:93} INFO - 	request.timeout.ms = 30000
[2025-07-18T15:22:09.782+0000] {subprocess.py:93} INFO - 	retries = 2147483647
[2025-07-18T15:22:09.782+0000] {subprocess.py:93} INFO - 	retry.backoff.ms = 100
[2025-07-18T15:22:09.783+0000] {subprocess.py:93} INFO - 	sasl.client.callback.handler.class = null
[2025-07-18T15:22:09.783+0000] {subprocess.py:93} INFO - 	sasl.jaas.config = null
[2025-07-18T15:22:09.783+0000] {subprocess.py:93} INFO - 	sasl.kerberos.kinit.cmd = /usr/bin/kinit
[2025-07-18T15:22:09.783+0000] {subprocess.py:93} INFO - 	sasl.kerberos.min.time.before.relogin = 60000
[2025-07-18T15:22:09.783+0000] {subprocess.py:93} INFO - 	sasl.kerberos.service.name = null
[2025-07-18T15:22:09.783+0000] {subprocess.py:93} INFO - 	sasl.kerberos.ticket.renew.jitter = 0.05
[2025-07-18T15:22:09.783+0000] {subprocess.py:93} INFO - 	sasl.kerberos.ticket.renew.window.factor = 0.8
[2025-07-18T15:22:09.784+0000] {subprocess.py:93} INFO - 	sasl.login.callback.handler.class = null
[2025-07-18T15:22:09.784+0000] {subprocess.py:93} INFO - 	sasl.login.class = null
[2025-07-18T15:22:09.784+0000] {subprocess.py:93} INFO - 	sasl.login.connect.timeout.ms = null
[2025-07-18T15:22:09.784+0000] {subprocess.py:93} INFO - 	sasl.login.read.timeout.ms = null
[2025-07-18T15:22:09.784+0000] {subprocess.py:93} INFO - 	sasl.login.refresh.buffer.seconds = 300
[2025-07-18T15:22:09.784+0000] {subprocess.py:93} INFO - 	sasl.login.refresh.min.period.seconds = 60
[2025-07-18T15:22:09.784+0000] {subprocess.py:93} INFO - 	sasl.login.refresh.window.factor = 0.8
[2025-07-18T15:22:09.784+0000] {subprocess.py:93} INFO - 	sasl.login.refresh.window.jitter = 0.05
[2025-07-18T15:22:09.785+0000] {subprocess.py:93} INFO - 	sasl.login.retry.backoff.max.ms = 10000
[2025-07-18T15:22:09.785+0000] {subprocess.py:93} INFO - 	sasl.login.retry.backoff.ms = 100
[2025-07-18T15:22:09.785+0000] {subprocess.py:93} INFO - 	sasl.mechanism = GSSAPI
[2025-07-18T15:22:09.786+0000] {subprocess.py:93} INFO - 	sasl.oauthbearer.clock.skew.seconds = 30
[2025-07-18T15:22:09.787+0000] {subprocess.py:93} INFO - 	sasl.oauthbearer.expected.audience = null
[2025-07-18T15:22:09.787+0000] {subprocess.py:93} INFO - 	sasl.oauthbearer.expected.issuer = null
[2025-07-18T15:22:09.787+0000] {subprocess.py:93} INFO - 	sasl.oauthbearer.jwks.endpoint.refresh.ms = 3600000
[2025-07-18T15:22:09.787+0000] {subprocess.py:93} INFO - 	sasl.oauthbearer.jwks.endpoint.retry.backoff.max.ms = 10000
[2025-07-18T15:22:09.788+0000] {subprocess.py:93} INFO - 	sasl.oauthbearer.jwks.endpoint.retry.backoff.ms = 100
[2025-07-18T15:22:09.788+0000] {subprocess.py:93} INFO - 	sasl.oauthbearer.jwks.endpoint.url = null
[2025-07-18T15:22:09.788+0000] {subprocess.py:93} INFO - 	sasl.oauthbearer.scope.claim.name = scope
[2025-07-18T15:22:09.788+0000] {subprocess.py:93} INFO - 	sasl.oauthbearer.sub.claim.name = sub
[2025-07-18T15:22:09.789+0000] {subprocess.py:93} INFO - 	sasl.oauthbearer.token.endpoint.url = null
[2025-07-18T15:22:09.789+0000] {subprocess.py:93} INFO - 	security.protocol = PLAINTEXT
[2025-07-18T15:22:09.789+0000] {subprocess.py:93} INFO - 	security.providers = null
[2025-07-18T15:22:09.789+0000] {subprocess.py:93} INFO - 	send.buffer.bytes = 131072
[2025-07-18T15:22:09.789+0000] {subprocess.py:93} INFO - 	socket.connection.setup.timeout.max.ms = 30000
[2025-07-18T15:22:09.789+0000] {subprocess.py:93} INFO - 	socket.connection.setup.timeout.ms = 10000
[2025-07-18T15:22:09.789+0000] {subprocess.py:93} INFO - 	ssl.cipher.suites = null
[2025-07-18T15:22:09.789+0000] {subprocess.py:93} INFO - 	ssl.enabled.protocols = [TLSv1.2, TLSv1.3]
[2025-07-18T15:22:09.789+0000] {subprocess.py:93} INFO - 	ssl.endpoint.identification.algorithm = https
[2025-07-18T15:22:09.791+0000] {subprocess.py:93} INFO - 	ssl.engine.factory.class = null
[2025-07-18T15:22:09.791+0000] {subprocess.py:93} INFO - 	ssl.key.password = null
[2025-07-18T15:22:09.792+0000] {subprocess.py:93} INFO - 	ssl.keymanager.algorithm = SunX509
[2025-07-18T15:22:09.792+0000] {subprocess.py:93} INFO - 	ssl.keystore.certificate.chain = null
[2025-07-18T15:22:09.794+0000] {subprocess.py:93} INFO - 	ssl.keystore.key = null
[2025-07-18T15:22:09.796+0000] {subprocess.py:93} INFO - 	ssl.keystore.location = null
[2025-07-18T15:22:09.801+0000] {subprocess.py:93} INFO - 	ssl.keystore.password = null
[2025-07-18T15:22:09.801+0000] {subprocess.py:93} INFO - 	ssl.keystore.type = JKS
[2025-07-18T15:22:09.801+0000] {subprocess.py:93} INFO - 	ssl.protocol = TLSv1.3
[2025-07-18T15:22:09.802+0000] {subprocess.py:93} INFO - 	ssl.provider = null
[2025-07-18T15:22:09.802+0000] {subprocess.py:93} INFO - 	ssl.secure.random.implementation = null
[2025-07-18T15:22:09.802+0000] {subprocess.py:93} INFO - 	ssl.trustmanager.algorithm = PKIX
[2025-07-18T15:22:09.803+0000] {subprocess.py:93} INFO - 	ssl.truststore.certificates = null
[2025-07-18T15:22:09.803+0000] {subprocess.py:93} INFO - 	ssl.truststore.location = null
[2025-07-18T15:22:09.803+0000] {subprocess.py:93} INFO - 	ssl.truststore.password = null
[2025-07-18T15:22:09.803+0000] {subprocess.py:93} INFO - 	ssl.truststore.type = JKS
[2025-07-18T15:22:09.804+0000] {subprocess.py:93} INFO - 
[2025-07-18T15:22:09.804+0000] {subprocess.py:93} INFO - 25/07/18 15:22:09 INFO MicroBatchExecution: Starting [id = a9a9b3af-d3c2-4704-81e0-4163831ae683, runId = 9ecc18f6-1285-4472-9bfb-fac49a26a467]. Use file:/tmp/checkpoints/checkins to store the query checkpoint.
[2025-07-18T15:22:09.804+0000] {subprocess.py:93} INFO - 25/07/18 15:22:09 INFO MicroBatchExecution: Reading table [org.apache.spark.sql.kafka010.KafkaSourceProvider$KafkaTable@336df942] from DataSourceV2 named 'kafka' [org.apache.spark.sql.kafka010.KafkaSourceProvider@3daa1087]
[2025-07-18T15:22:09.804+0000] {subprocess.py:93} INFO - 25/07/18 15:22:09 INFO OffsetSeqLog: BatchIds found from listing: 0, 1, 2
[2025-07-18T15:22:09.805+0000] {subprocess.py:93} INFO - 25/07/18 15:22:09 INFO OffsetSeqLog: Getting latest batch 2
[2025-07-18T15:22:09.805+0000] {subprocess.py:93} INFO - 25/07/18 15:22:09 INFO OffsetSeqLog: BatchIds found from listing: 0, 1, 2
[2025-07-18T15:22:09.805+0000] {subprocess.py:93} INFO - 25/07/18 15:22:09 INFO OffsetSeqLog: Getting latest batch 2
[2025-07-18T15:22:09.809+0000] {subprocess.py:93} INFO - 25/07/18 15:22:09 INFO CommitLog: BatchIds found from listing: 0, 1, 2
[2025-07-18T15:22:09.810+0000] {subprocess.py:93} INFO - 25/07/18 15:22:09 INFO CommitLog: Getting latest batch 2
[2025-07-18T15:22:09.813+0000] {subprocess.py:93} INFO - 25/07/18 15:22:09 INFO MicroBatchExecution: Resuming at batch 3 with committed offsets {KafkaV2[Subscribe[checkins]]: {"checkins":{"0":39}}} and available offsets {KafkaV2[Subscribe[checkins]]: {"checkins":{"0":39}}}
[2025-07-18T15:22:09.814+0000] {subprocess.py:93} INFO - 25/07/18 15:22:09 INFO MicroBatchExecution: Stream started from {KafkaV2[Subscribe[checkins]]: {"checkins":{"0":39}}}
[2025-07-18T15:22:09.820+0000] {subprocess.py:93} INFO - 25/07/18 15:22:09 INFO AdminClientConfig: AdminClientConfig values:
[2025-07-18T15:22:09.820+0000] {subprocess.py:93} INFO - 	auto.include.jmx.reporter = true
[2025-07-18T15:22:09.822+0000] {subprocess.py:93} INFO - 	bootstrap.servers = [kafka:9092]
[2025-07-18T15:22:09.822+0000] {subprocess.py:93} INFO - 	client.dns.lookup = use_all_dns_ips
[2025-07-18T15:22:09.822+0000] {subprocess.py:93} INFO - 	client.id =
[2025-07-18T15:22:09.823+0000] {subprocess.py:93} INFO - 	connections.max.idle.ms = 300000
[2025-07-18T15:22:09.823+0000] {subprocess.py:93} INFO - 	default.api.timeout.ms = 60000
[2025-07-18T15:22:09.824+0000] {subprocess.py:93} INFO - 	metadata.max.age.ms = 300000
[2025-07-18T15:22:09.824+0000] {subprocess.py:93} INFO - 	metric.reporters = []
[2025-07-18T15:22:09.824+0000] {subprocess.py:93} INFO - 	metrics.num.samples = 2
[2025-07-18T15:22:09.824+0000] {subprocess.py:93} INFO - 	metrics.recording.level = INFO
[2025-07-18T15:22:09.825+0000] {subprocess.py:93} INFO - 	metrics.sample.window.ms = 30000
[2025-07-18T15:22:09.828+0000] {subprocess.py:93} INFO - 	receive.buffer.bytes = 65536
[2025-07-18T15:22:09.832+0000] {subprocess.py:93} INFO - 	reconnect.backoff.max.ms = 1000
[2025-07-18T15:22:09.832+0000] {subprocess.py:93} INFO - 	reconnect.backoff.ms = 50
[2025-07-18T15:22:09.832+0000] {subprocess.py:93} INFO - 	request.timeout.ms = 30000
[2025-07-18T15:22:09.832+0000] {subprocess.py:93} INFO - 	retries = 2147483647
[2025-07-18T15:22:09.833+0000] {subprocess.py:93} INFO - 	retry.backoff.ms = 100
[2025-07-18T15:22:09.833+0000] {subprocess.py:93} INFO - 	sasl.client.callback.handler.class = null
[2025-07-18T15:22:09.833+0000] {subprocess.py:93} INFO - 	sasl.jaas.config = null
[2025-07-18T15:22:09.833+0000] {subprocess.py:93} INFO - 	sasl.kerberos.kinit.cmd = /usr/bin/kinit
[2025-07-18T15:22:09.833+0000] {subprocess.py:93} INFO - 	sasl.kerberos.min.time.before.relogin = 60000
[2025-07-18T15:22:09.833+0000] {subprocess.py:93} INFO - 	sasl.kerberos.service.name = null
[2025-07-18T15:22:09.833+0000] {subprocess.py:93} INFO - 	sasl.kerberos.ticket.renew.jitter = 0.05
[2025-07-18T15:22:09.833+0000] {subprocess.py:93} INFO - 	sasl.kerberos.ticket.renew.window.factor = 0.8
[2025-07-18T15:22:09.834+0000] {subprocess.py:93} INFO - 	sasl.login.callback.handler.class = null
[2025-07-18T15:22:09.834+0000] {subprocess.py:93} INFO - 	sasl.login.class = null
[2025-07-18T15:22:09.834+0000] {subprocess.py:93} INFO - 	sasl.login.connect.timeout.ms = null
[2025-07-18T15:22:09.834+0000] {subprocess.py:93} INFO - 	sasl.login.read.timeout.ms = null
[2025-07-18T15:22:09.834+0000] {subprocess.py:93} INFO - 	sasl.login.refresh.buffer.seconds = 300
[2025-07-18T15:22:09.835+0000] {subprocess.py:93} INFO - 	sasl.login.refresh.min.period.seconds = 60
[2025-07-18T15:22:09.836+0000] {subprocess.py:93} INFO - 	sasl.login.refresh.window.factor = 0.8
[2025-07-18T15:22:09.836+0000] {subprocess.py:93} INFO - 	sasl.login.refresh.window.jitter = 0.05
[2025-07-18T15:22:09.837+0000] {subprocess.py:93} INFO - 	sasl.login.retry.backoff.max.ms = 10000
[2025-07-18T15:22:09.837+0000] {subprocess.py:93} INFO - 	sasl.login.retry.backoff.ms = 100
[2025-07-18T15:22:09.837+0000] {subprocess.py:93} INFO - 	sasl.mechanism = GSSAPI
[2025-07-18T15:22:09.838+0000] {subprocess.py:93} INFO - 	sasl.oauthbearer.clock.skew.seconds = 30
[2025-07-18T15:22:09.838+0000] {subprocess.py:93} INFO - 	sasl.oauthbearer.expected.audience = null
[2025-07-18T15:22:09.838+0000] {subprocess.py:93} INFO - 	sasl.oauthbearer.expected.issuer = null
[2025-07-18T15:22:09.839+0000] {subprocess.py:93} INFO - 	sasl.oauthbearer.jwks.endpoint.refresh.ms = 3600000
[2025-07-18T15:22:09.839+0000] {subprocess.py:93} INFO - 	sasl.oauthbearer.jwks.endpoint.retry.backoff.max.ms = 10000
[2025-07-18T15:22:09.840+0000] {subprocess.py:93} INFO - 	sasl.oauthbearer.jwks.endpoint.retry.backoff.ms = 100
[2025-07-18T15:22:09.841+0000] {subprocess.py:93} INFO - 	sasl.oauthbearer.jwks.endpoint.url = null
[2025-07-18T15:22:09.841+0000] {subprocess.py:93} INFO - 	sasl.oauthbearer.scope.claim.name = scope
[2025-07-18T15:22:09.842+0000] {subprocess.py:93} INFO - 	sasl.oauthbearer.sub.claim.name = sub
[2025-07-18T15:22:09.842+0000] {subprocess.py:93} INFO - 	sasl.oauthbearer.token.endpoint.url = null
[2025-07-18T15:22:09.843+0000] {subprocess.py:93} INFO - 	security.protocol = PLAINTEXT
[2025-07-18T15:22:09.844+0000] {subprocess.py:93} INFO - 	security.providers = null
[2025-07-18T15:22:09.845+0000] {subprocess.py:93} INFO - 	send.buffer.bytes = 131072
[2025-07-18T15:22:09.845+0000] {subprocess.py:93} INFO - 	socket.connection.setup.timeout.max.ms = 30000
[2025-07-18T15:22:09.845+0000] {subprocess.py:93} INFO - 	socket.connection.setup.timeout.ms = 10000
[2025-07-18T15:22:09.846+0000] {subprocess.py:93} INFO - 	ssl.cipher.suites = null
[2025-07-18T15:22:09.846+0000] {subprocess.py:93} INFO - 	ssl.enabled.protocols = [TLSv1.2, TLSv1.3]
[2025-07-18T15:22:09.847+0000] {subprocess.py:93} INFO - 	ssl.endpoint.identification.algorithm = https
[2025-07-18T15:22:09.847+0000] {subprocess.py:93} INFO - 	ssl.engine.factory.class = null
[2025-07-18T15:22:09.848+0000] {subprocess.py:93} INFO - 	ssl.key.password = null
[2025-07-18T15:22:09.849+0000] {subprocess.py:93} INFO - 	ssl.keymanager.algorithm = SunX509
[2025-07-18T15:22:09.849+0000] {subprocess.py:93} INFO - 	ssl.keystore.certificate.chain = null
[2025-07-18T15:22:09.849+0000] {subprocess.py:93} INFO - 	ssl.keystore.key = null
[2025-07-18T15:22:09.850+0000] {subprocess.py:93} INFO - 	ssl.keystore.location = null
[2025-07-18T15:22:09.850+0000] {subprocess.py:93} INFO - 	ssl.keystore.password = null
[2025-07-18T15:22:09.851+0000] {subprocess.py:93} INFO - 	ssl.keystore.type = JKS
[2025-07-18T15:22:09.851+0000] {subprocess.py:93} INFO - 	ssl.protocol = TLSv1.3
[2025-07-18T15:22:09.851+0000] {subprocess.py:93} INFO - 	ssl.provider = null
[2025-07-18T15:22:09.851+0000] {subprocess.py:93} INFO - 	ssl.secure.random.implementation = null
[2025-07-18T15:22:09.852+0000] {subprocess.py:93} INFO - 	ssl.trustmanager.algorithm = PKIX
[2025-07-18T15:22:09.852+0000] {subprocess.py:93} INFO - 	ssl.truststore.certificates = null
[2025-07-18T15:22:09.852+0000] {subprocess.py:93} INFO - 	ssl.truststore.location = null
[2025-07-18T15:22:09.852+0000] {subprocess.py:93} INFO - 	ssl.truststore.password = null
[2025-07-18T15:22:09.852+0000] {subprocess.py:93} INFO - 	ssl.truststore.type = JKS
[2025-07-18T15:22:09.853+0000] {subprocess.py:93} INFO - 
[2025-07-18T15:22:09.886+0000] {subprocess.py:93} INFO - 25/07/18 15:22:09 INFO AdminClientConfig: These configurations '[key.deserializer, value.deserializer, enable.auto.commit, max.poll.records, auto.offset.reset]' were supplied but are not used yet.
[2025-07-18T15:22:09.887+0000] {subprocess.py:93} INFO - 25/07/18 15:22:09 INFO AdminClientConfig: These configurations '[key.deserializer, value.deserializer, enable.auto.commit, max.poll.records, auto.offset.reset]' were supplied but are not used yet.
[2025-07-18T15:22:09.888+0000] {subprocess.py:93} INFO - 25/07/18 15:22:09 INFO AppInfoParser: Kafka version: 3.5.1
[2025-07-18T15:22:09.888+0000] {subprocess.py:93} INFO - 25/07/18 15:22:09 INFO AppInfoParser: Kafka commitId: 2c6fb6c54472e90a
[2025-07-18T15:22:09.889+0000] {subprocess.py:93} INFO - 25/07/18 15:22:09 INFO AppInfoParser: Kafka startTimeMs: 1752852129884
[2025-07-18T15:22:09.889+0000] {subprocess.py:93} INFO - 25/07/18 15:22:09 INFO AppInfoParser: Kafka version: 3.5.1
[2025-07-18T15:22:09.889+0000] {subprocess.py:93} INFO - 25/07/18 15:22:09 INFO AppInfoParser: Kafka commitId: 2c6fb6c54472e90a
[2025-07-18T15:22:09.890+0000] {subprocess.py:93} INFO - 25/07/18 15:22:09 INFO AppInfoParser: Kafka startTimeMs: 1752852129884
[2025-07-18T15:22:09.960+0000] {subprocess.py:93} INFO - 25/07/18 15:22:09 INFO BaseMetastoreCatalog: Table loaded by catalog: my_catalog.bronze.Feedback_raw
[2025-07-18T15:22:09.962+0000] {subprocess.py:93} INFO - 25/07/18 15:22:09 INFO ResolveWriteToStream: Checkpoint root /tmp/checkpoints/feedback resolved to file:/tmp/checkpoints/feedback.
[2025-07-18T15:22:09.964+0000] {subprocess.py:93} INFO - 25/07/18 15:22:09 WARN ResolveWriteToStream: spark.sql.adaptive.enabled is not supported in streaming DataFrames/Datasets and will be disabled.
[2025-07-18T15:22:09.968+0000] {subprocess.py:93} INFO - 25/07/18 15:22:09 INFO MicroBatchExecution: Starting [id = d3aff090-24bc-4a1c-938f-fc839231598c, runId = a408ac30-200e-477f-8afb-4de46b7f5d46]. Use file:/tmp/checkpoints/feedback to store the query checkpoint.
[2025-07-18T15:22:09.972+0000] {subprocess.py:93} INFO - 25/07/18 15:22:09 INFO MicroBatchExecution: Reading table [org.apache.spark.sql.kafka010.KafkaSourceProvider$KafkaTable@29880a8b] from DataSourceV2 named 'kafka' [org.apache.spark.sql.kafka010.KafkaSourceProvider@274fe012]
[2025-07-18T15:22:09.977+0000] {subprocess.py:93} INFO - 25/07/18 15:22:09 INFO OffsetSeqLog: BatchIds found from listing: 0, 1, 2, 3
[2025-07-18T15:22:09.977+0000] {subprocess.py:93} INFO - 25/07/18 15:22:09 INFO OffsetSeqLog: Getting latest batch 3
[2025-07-18T15:22:09.978+0000] {subprocess.py:93} INFO - 25/07/18 15:22:09 INFO OffsetSeqLog: BatchIds found from listing: 0, 1, 2, 3
[2025-07-18T15:22:09.979+0000] {subprocess.py:93} INFO - 25/07/18 15:22:09 INFO OffsetSeqLog: Getting latest batch 3
[2025-07-18T15:22:09.991+0000] {subprocess.py:93} INFO - 25/07/18 15:22:09 INFO CommitLog: BatchIds found from listing: 0, 1, 2, 3
[2025-07-18T15:22:09.993+0000] {subprocess.py:93} INFO - 25/07/18 15:22:09 INFO CommitLog: Getting latest batch 3
[2025-07-18T15:22:09.997+0000] {subprocess.py:93} INFO - 25/07/18 15:22:09 INFO MicroBatchExecution: Resuming at batch 4 with committed offsets {KafkaV2[Subscribe[feedback]]: {"feedback":{"0":39}}} and available offsets {KafkaV2[Subscribe[feedback]]: {"feedback":{"0":39}}}
[2025-07-18T15:22:09.998+0000] {subprocess.py:93} INFO - 25/07/18 15:22:09 INFO MicroBatchExecution: Stream started from {KafkaV2[Subscribe[feedback]]: {"feedback":{"0":39}}}
[2025-07-18T15:22:10.001+0000] {subprocess.py:93} INFO - 25/07/18 15:22:09 INFO AdminClientConfig: AdminClientConfig values:
[2025-07-18T15:22:10.001+0000] {subprocess.py:93} INFO - 	auto.include.jmx.reporter = true
[2025-07-18T15:22:10.002+0000] {subprocess.py:93} INFO - 	bootstrap.servers = [kafka:9092]
[2025-07-18T15:22:10.003+0000] {subprocess.py:93} INFO - 	client.dns.lookup = use_all_dns_ips
[2025-07-18T15:22:10.004+0000] {subprocess.py:93} INFO - 	client.id =
[2025-07-18T15:22:10.004+0000] {subprocess.py:93} INFO - 	connections.max.idle.ms = 300000
[2025-07-18T15:22:10.004+0000] {subprocess.py:93} INFO - 	default.api.timeout.ms = 60000
[2025-07-18T15:22:10.004+0000] {subprocess.py:93} INFO - 	metadata.max.age.ms = 300000
[2025-07-18T15:22:10.005+0000] {subprocess.py:93} INFO - 	metric.reporters = []
[2025-07-18T15:22:10.005+0000] {subprocess.py:93} INFO - 	metrics.num.samples = 2
[2025-07-18T15:22:10.006+0000] {subprocess.py:93} INFO - 	metrics.recording.level = INFO
[2025-07-18T15:22:10.006+0000] {subprocess.py:93} INFO - 	metrics.sample.window.ms = 30000
[2025-07-18T15:22:10.007+0000] {subprocess.py:93} INFO - 	receive.buffer.bytes = 65536
[2025-07-18T15:22:10.007+0000] {subprocess.py:93} INFO - 	reconnect.backoff.max.ms = 1000
[2025-07-18T15:22:10.008+0000] {subprocess.py:93} INFO - 	reconnect.backoff.ms = 50
[2025-07-18T15:22:10.008+0000] {subprocess.py:93} INFO - 	request.timeout.ms = 30000
[2025-07-18T15:22:10.009+0000] {subprocess.py:93} INFO - 	retries = 2147483647
[2025-07-18T15:22:10.010+0000] {subprocess.py:93} INFO - 	retry.backoff.ms = 100
[2025-07-18T15:22:10.010+0000] {subprocess.py:93} INFO - 	sasl.client.callback.handler.class = null
[2025-07-18T15:22:10.011+0000] {subprocess.py:93} INFO - 	sasl.jaas.config = null
[2025-07-18T15:22:10.012+0000] {subprocess.py:93} INFO - 	sasl.kerberos.kinit.cmd = /usr/bin/kinit
[2025-07-18T15:22:10.014+0000] {subprocess.py:93} INFO - 	sasl.kerberos.min.time.before.relogin = 60000
[2025-07-18T15:22:10.019+0000] {subprocess.py:93} INFO - 	sasl.kerberos.service.name = null
[2025-07-18T15:22:10.019+0000] {subprocess.py:93} INFO - 	sasl.kerberos.ticket.renew.jitter = 0.05
[2025-07-18T15:22:10.023+0000] {subprocess.py:93} INFO - 	sasl.kerberos.ticket.renew.window.factor = 0.8
[2025-07-18T15:22:10.025+0000] {subprocess.py:93} INFO - 	sasl.login.callback.handler.class = null
[2025-07-18T15:22:10.025+0000] {subprocess.py:93} INFO - 	sasl.login.class = null
[2025-07-18T15:22:10.025+0000] {subprocess.py:93} INFO - 	sasl.login.connect.timeout.ms = null
[2025-07-18T15:22:10.025+0000] {subprocess.py:93} INFO - 	sasl.login.read.timeout.ms = null
[2025-07-18T15:22:10.025+0000] {subprocess.py:93} INFO - 	sasl.login.refresh.buffer.seconds = 300
[2025-07-18T15:22:10.025+0000] {subprocess.py:93} INFO - 	sasl.login.refresh.min.period.seconds = 60
[2025-07-18T15:22:10.025+0000] {subprocess.py:93} INFO - 	sasl.login.refresh.window.factor = 0.8
[2025-07-18T15:22:10.025+0000] {subprocess.py:93} INFO - 	sasl.login.refresh.window.jitter = 0.05
[2025-07-18T15:22:10.026+0000] {subprocess.py:93} INFO - 	sasl.login.retry.backoff.max.ms = 10000
[2025-07-18T15:22:10.026+0000] {subprocess.py:93} INFO - 	sasl.login.retry.backoff.ms = 100
[2025-07-18T15:22:10.026+0000] {subprocess.py:93} INFO - 	sasl.mechanism = GSSAPI
[2025-07-18T15:22:10.026+0000] {subprocess.py:93} INFO - 	sasl.oauthbearer.clock.skew.seconds = 30
[2025-07-18T15:22:10.026+0000] {subprocess.py:93} INFO - 	sasl.oauthbearer.expected.audience = null
[2025-07-18T15:22:10.026+0000] {subprocess.py:93} INFO - 	sasl.oauthbearer.expected.issuer = null
[2025-07-18T15:22:10.026+0000] {subprocess.py:93} INFO - 	sasl.oauthbearer.jwks.endpoint.refresh.ms = 3600000
[2025-07-18T15:22:10.026+0000] {subprocess.py:93} INFO - 	sasl.oauthbearer.jwks.endpoint.retry.backoff.max.ms = 10000
[2025-07-18T15:22:10.027+0000] {subprocess.py:93} INFO - 	sasl.oauthbearer.jwks.endpoint.retry.backoff.ms = 100
[2025-07-18T15:22:10.027+0000] {subprocess.py:93} INFO - 	sasl.oauthbearer.jwks.endpoint.url = null
[2025-07-18T15:22:10.027+0000] {subprocess.py:93} INFO - 	sasl.oauthbearer.scope.claim.name = scope
[2025-07-18T15:22:10.027+0000] {subprocess.py:93} INFO - 	sasl.oauthbearer.sub.claim.name = sub
[2025-07-18T15:22:10.028+0000] {subprocess.py:93} INFO - 	sasl.oauthbearer.token.endpoint.url = null
[2025-07-18T15:22:10.028+0000] {subprocess.py:93} INFO - 	security.protocol = PLAINTEXT
[2025-07-18T15:22:10.029+0000] {subprocess.py:93} INFO - 	security.providers = null
[2025-07-18T15:22:10.029+0000] {subprocess.py:93} INFO - 	send.buffer.bytes = 131072
[2025-07-18T15:22:10.029+0000] {subprocess.py:93} INFO - 	socket.connection.setup.timeout.max.ms = 30000
[2025-07-18T15:22:10.029+0000] {subprocess.py:93} INFO - 	socket.connection.setup.timeout.ms = 10000
[2025-07-18T15:22:10.029+0000] {subprocess.py:93} INFO - 	ssl.cipher.suites = null
[2025-07-18T15:22:10.030+0000] {subprocess.py:93} INFO - 	ssl.enabled.protocols = [TLSv1.2, TLSv1.3]
[2025-07-18T15:22:10.030+0000] {subprocess.py:93} INFO - 	ssl.endpoint.identification.algorithm = https
[2025-07-18T15:22:10.030+0000] {subprocess.py:93} INFO - 	ssl.engine.factory.class = null
[2025-07-18T15:22:10.031+0000] {subprocess.py:93} INFO - 	ssl.key.password = null
[2025-07-18T15:22:10.031+0000] {subprocess.py:93} INFO - 	ssl.keymanager.algorithm = SunX509
[2025-07-18T15:22:10.032+0000] {subprocess.py:93} INFO - 	ssl.keystore.certificate.chain = null
[2025-07-18T15:22:10.032+0000] {subprocess.py:93} INFO - 	ssl.keystore.key = null
[2025-07-18T15:22:10.032+0000] {subprocess.py:93} INFO - 	ssl.keystore.location = null
[2025-07-18T15:22:10.032+0000] {subprocess.py:93} INFO - 	ssl.keystore.password = null
[2025-07-18T15:22:10.033+0000] {subprocess.py:93} INFO - 	ssl.keystore.type = JKS
[2025-07-18T15:22:10.033+0000] {subprocess.py:93} INFO - 	ssl.protocol = TLSv1.3
[2025-07-18T15:22:10.033+0000] {subprocess.py:93} INFO - 	ssl.provider = null
[2025-07-18T15:22:10.034+0000] {subprocess.py:93} INFO - 	ssl.secure.random.implementation = null
[2025-07-18T15:22:10.034+0000] {subprocess.py:93} INFO - 	ssl.trustmanager.algorithm = PKIX
[2025-07-18T15:22:10.034+0000] {subprocess.py:93} INFO - 	ssl.truststore.certificates = null
[2025-07-18T15:22:10.035+0000] {subprocess.py:93} INFO - 	ssl.truststore.location = null
[2025-07-18T15:22:10.036+0000] {subprocess.py:93} INFO - 	ssl.truststore.password = null
[2025-07-18T15:22:10.036+0000] {subprocess.py:93} INFO - 	ssl.truststore.type = JKS
[2025-07-18T15:22:10.037+0000] {subprocess.py:93} INFO - 
[2025-07-18T15:22:10.037+0000] {subprocess.py:93} INFO - 25/07/18 15:22:10 INFO AdminClientConfig: These configurations '[key.deserializer, value.deserializer, enable.auto.commit, max.poll.records, auto.offset.reset]' were supplied but are not used yet.
[2025-07-18T15:22:10.037+0000] {subprocess.py:93} INFO - 25/07/18 15:22:10 INFO AppInfoParser: Kafka version: 3.5.1
[2025-07-18T15:22:10.038+0000] {subprocess.py:93} INFO - 25/07/18 15:22:10 INFO AppInfoParser: Kafka commitId: 2c6fb6c54472e90a
[2025-07-18T15:22:10.038+0000] {subprocess.py:93} INFO - 25/07/18 15:22:10 INFO AppInfoParser: Kafka startTimeMs: 1752852130004
[2025-07-18T15:22:20.401+0000] {subprocess.py:93} INFO - 25/07/18 15:22:20 INFO MicroBatchExecution: Streaming query has been idle and waiting for new data more than 10000 ms.
[2025-07-18T15:22:20.403+0000] {subprocess.py:93} INFO - 25/07/18 15:22:20 INFO MicroBatchExecution: Streaming query has been idle and waiting for new data more than 10000 ms.
[2025-07-18T15:22:20.403+0000] {subprocess.py:93} INFO - 25/07/18 15:22:20 INFO MicroBatchExecution: Streaming query has been idle and waiting for new data more than 10000 ms.
[2025-07-18T15:22:30.404+0000] {subprocess.py:93} INFO - 25/07/18 15:22:30 INFO MicroBatchExecution: Streaming query has been idle and waiting for new data more than 10000 ms.
[2025-07-18T15:22:30.406+0000] {subprocess.py:93} INFO - 25/07/18 15:22:30 INFO MicroBatchExecution: Streaming query has been idle and waiting for new data more than 10000 ms.
[2025-07-18T15:22:30.407+0000] {subprocess.py:93} INFO - 25/07/18 15:22:30 INFO MicroBatchExecution: Streaming query has been idle and waiting for new data more than 10000 ms.
[2025-07-18T15:22:40.407+0000] {subprocess.py:93} INFO - 25/07/18 15:22:40 INFO MicroBatchExecution: Streaming query has been idle and waiting for new data more than 10000 ms.
[2025-07-18T15:22:40.409+0000] {subprocess.py:93} INFO - 25/07/18 15:22:40 INFO MicroBatchExecution: Streaming query has been idle and waiting for new data more than 10000 ms.
[2025-07-18T15:22:40.409+0000] {subprocess.py:93} INFO - 25/07/18 15:22:40 INFO MicroBatchExecution: Streaming query has been idle and waiting for new data more than 10000 ms.
[2025-07-18T15:22:50.409+0000] {subprocess.py:93} INFO - 25/07/18 15:22:50 INFO MicroBatchExecution: Streaming query has been idle and waiting for new data more than 10000 ms.
[2025-07-18T15:22:50.410+0000] {subprocess.py:93} INFO - 25/07/18 15:22:50 INFO MicroBatchExecution: Streaming query has been idle and waiting for new data more than 10000 ms.
[2025-07-18T15:22:50.411+0000] {subprocess.py:93} INFO - 25/07/18 15:22:50 INFO MicroBatchExecution: Streaming query has been idle and waiting for new data more than 10000 ms.
[2025-07-18T15:23:00.420+0000] {subprocess.py:93} INFO - 25/07/18 15:23:00 INFO MicroBatchExecution: Streaming query has been idle and waiting for new data more than 10000 ms.
[2025-07-18T15:23:00.423+0000] {subprocess.py:93} INFO - 25/07/18 15:23:00 INFO MicroBatchExecution: Streaming query has been idle and waiting for new data more than 10000 ms.
[2025-07-18T15:23:00.423+0000] {subprocess.py:93} INFO - 25/07/18 15:23:00 INFO MicroBatchExecution: Streaming query has been idle and waiting for new data more than 10000 ms.
[2025-07-18T15:23:10.423+0000] {subprocess.py:93} INFO - 25/07/18 15:23:10 INFO MicroBatchExecution: Streaming query has been idle and waiting for new data more than 10000 ms.
[2025-07-18T15:23:10.431+0000] {subprocess.py:93} INFO - 25/07/18 15:23:10 INFO MicroBatchExecution: Streaming query has been idle and waiting for new data more than 10000 ms.
[2025-07-18T15:23:10.434+0000] {subprocess.py:93} INFO - 25/07/18 15:23:10 INFO MicroBatchExecution: Streaming query has been idle and waiting for new data more than 10000 ms.
[2025-07-18T15:23:20.425+0000] {subprocess.py:93} INFO - 25/07/18 15:23:20 INFO MicroBatchExecution: Streaming query has been idle and waiting for new data more than 10000 ms.
[2025-07-18T15:23:20.437+0000] {subprocess.py:93} INFO - 25/07/18 15:23:20 INFO MicroBatchExecution: Streaming query has been idle and waiting for new data more than 10000 ms.
[2025-07-18T15:23:20.437+0000] {subprocess.py:93} INFO - 25/07/18 15:23:20 INFO MicroBatchExecution: Streaming query has been idle and waiting for new data more than 10000 ms.
[2025-07-18T15:23:30.429+0000] {subprocess.py:93} INFO - 25/07/18 15:23:30 INFO MicroBatchExecution: Streaming query has been idle and waiting for new data more than 10000 ms.
[2025-07-18T15:23:30.440+0000] {subprocess.py:93} INFO - 25/07/18 15:23:30 INFO MicroBatchExecution: Streaming query has been idle and waiting for new data more than 10000 ms.
[2025-07-18T15:23:30.441+0000] {subprocess.py:93} INFO - 25/07/18 15:23:30 INFO MicroBatchExecution: Streaming query has been idle and waiting for new data more than 10000 ms.
[2025-07-18T15:23:40.431+0000] {subprocess.py:93} INFO - 25/07/18 15:23:40 INFO MicroBatchExecution: Streaming query has been idle and waiting for new data more than 10000 ms.
[2025-07-18T15:23:40.442+0000] {subprocess.py:93} INFO - 25/07/18 15:23:40 INFO MicroBatchExecution: Streaming query has been idle and waiting for new data more than 10000 ms.
[2025-07-18T15:23:40.442+0000] {subprocess.py:93} INFO - 25/07/18 15:23:40 INFO MicroBatchExecution: Streaming query has been idle and waiting for new data more than 10000 ms.
[2025-07-18T15:23:50.435+0000] {subprocess.py:93} INFO - 25/07/18 15:23:50 INFO MicroBatchExecution: Streaming query has been idle and waiting for new data more than 10000 ms.
[2025-07-18T15:23:50.448+0000] {subprocess.py:93} INFO - 25/07/18 15:23:50 INFO MicroBatchExecution: Streaming query has been idle and waiting for new data more than 10000 ms.
[2025-07-18T15:23:50.449+0000] {subprocess.py:93} INFO - 25/07/18 15:23:50 INFO MicroBatchExecution: Streaming query has been idle and waiting for new data more than 10000 ms.
[2025-07-18T15:24:00.441+0000] {subprocess.py:93} INFO - 25/07/18 15:24:00 INFO MicroBatchExecution: Streaming query has been idle and waiting for new data more than 10000 ms.
[2025-07-18T15:24:00.454+0000] {subprocess.py:93} INFO - 25/07/18 15:24:00 INFO MicroBatchExecution: Streaming query has been idle and waiting for new data more than 10000 ms.
[2025-07-18T15:24:00.454+0000] {subprocess.py:93} INFO - 25/07/18 15:24:00 INFO MicroBatchExecution: Streaming query has been idle and waiting for new data more than 10000 ms.
[2025-07-18T15:24:02.742+0000] {subprocess.py:93} INFO - 25/07/18 15:24:02 INFO CheckpointFileManager: Writing atomically to file:/tmp/checkpoints/reservations/offsets/3 using temp file file:/tmp/checkpoints/reservations/offsets/.3.5a760cd2-035f-46a3-b07d-5fd0c923049d.tmp
[2025-07-18T15:24:02.754+0000] {subprocess.py:93} INFO - 25/07/18 15:24:02 WARN CheckpointFileManager: Failed to rename temp file file:/tmp/checkpoints/reservations/offsets/.3.5a760cd2-035f-46a3-b07d-5fd0c923049d.tmp to file:/tmp/checkpoints/reservations/offsets/3 because file exists
[2025-07-18T15:24:02.755+0000] {subprocess.py:93} INFO - org.apache.hadoop.fs.FileAlreadyExistsException: Rename destination file:/tmp/checkpoints/reservations/offsets/3 already exists.
[2025-07-18T15:24:02.756+0000] {subprocess.py:93} INFO - 	at org.apache.hadoop.fs.AbstractFileSystem.renameInternal(AbstractFileSystem.java:770)
[2025-07-18T15:24:02.756+0000] {subprocess.py:93} INFO - 	at org.apache.hadoop.fs.AbstractFileSystem.rename(AbstractFileSystem.java:720)
[2025-07-18T15:24:02.757+0000] {subprocess.py:93} INFO - 	at org.apache.hadoop.fs.ChecksumFs.renameInternal(ChecksumFs.java:489)
[2025-07-18T15:24:02.757+0000] {subprocess.py:93} INFO - 	at org.apache.hadoop.fs.AbstractFileSystem.rename(AbstractFileSystem.java:720)
[2025-07-18T15:24:02.757+0000] {subprocess.py:93} INFO - 	at org.apache.hadoop.fs.FileContext.rename(FileContext.java:1036)
[2025-07-18T15:24:02.758+0000] {subprocess.py:93} INFO - 	at org.apache.spark.sql.execution.streaming.FileContextBasedCheckpointFileManager.renameTempFile(CheckpointFileManager.scala:372)
[2025-07-18T15:24:02.758+0000] {subprocess.py:93} INFO - 	at org.apache.spark.sql.execution.streaming.CheckpointFileManager$RenameBasedFSDataOutputStream.close(CheckpointFileManager.scala:154)
[2025-07-18T15:24:02.759+0000] {subprocess.py:93} INFO - 	at org.apache.spark.sql.execution.streaming.HDFSMetadataLog.write(HDFSMetadataLog.scala:204)
[2025-07-18T15:24:02.759+0000] {subprocess.py:93} INFO - 	at org.apache.spark.sql.execution.streaming.HDFSMetadataLog.addNewBatchByStream(HDFSMetadataLog.scala:237)
[2025-07-18T15:24:02.759+0000] {subprocess.py:93} INFO - 	at org.apache.spark.sql.execution.streaming.HDFSMetadataLog.add(HDFSMetadataLog.scala:130)
[2025-07-18T15:24:02.759+0000] {subprocess.py:93} INFO - 	at org.apache.spark.sql.execution.streaming.MicroBatchExecution.markMicroBatchStart(MicroBatchExecution.scala:764)
[2025-07-18T15:24:02.759+0000] {subprocess.py:93} INFO - 	at org.apache.spark.sql.execution.streaming.MicroBatchExecution.$anonfun$constructNextBatch$13(MicroBatchExecution.scala:536)
[2025-07-18T15:24:02.760+0000] {subprocess.py:93} INFO - 	at scala.runtime.java8.JFunction0$mcV$sp.apply(JFunction0$mcV$sp.java:23)
[2025-07-18T15:24:02.760+0000] {subprocess.py:93} INFO - 	at org.apache.spark.sql.execution.streaming.ProgressReporter.reportTimeTaken(ProgressReporter.scala:427)
[2025-07-18T15:24:02.760+0000] {subprocess.py:93} INFO - 	at org.apache.spark.sql.execution.streaming.ProgressReporter.reportTimeTaken$(ProgressReporter.scala:425)
[2025-07-18T15:24:02.760+0000] {subprocess.py:93} INFO - 	at org.apache.spark.sql.execution.streaming.StreamExecution.reportTimeTaken(StreamExecution.scala:67)
[2025-07-18T15:24:02.761+0000] {subprocess.py:93} INFO - 	at org.apache.spark.sql.execution.streaming.MicroBatchExecution.$anonfun$constructNextBatch$1(MicroBatchExecution.scala:535)
[2025-07-18T15:24:02.761+0000] {subprocess.py:93} INFO - 	at scala.runtime.java8.JFunction0$mcZ$sp.apply(JFunction0$mcZ$sp.java:23)
[2025-07-18T15:24:02.761+0000] {subprocess.py:93} INFO - 	at org.apache.spark.sql.execution.streaming.MicroBatchExecution.withProgressLocked(MicroBatchExecution.scala:810)
[2025-07-18T15:24:02.761+0000] {subprocess.py:93} INFO - 	at org.apache.spark.sql.execution.streaming.MicroBatchExecution.constructNextBatch(MicroBatchExecution.scala:475)
[2025-07-18T15:24:02.761+0000] {subprocess.py:93} INFO - 	at org.apache.spark.sql.execution.streaming.MicroBatchExecution.$anonfun$runActivatedStream$2(MicroBatchExecution.scala:268)
[2025-07-18T15:24:02.762+0000] {subprocess.py:93} INFO - 	at scala.runtime.java8.JFunction0$mcV$sp.apply(JFunction0$mcV$sp.java:23)
[2025-07-18T15:24:02.762+0000] {subprocess.py:93} INFO - 	at org.apache.spark.sql.execution.streaming.ProgressReporter.reportTimeTaken(ProgressReporter.scala:427)
[2025-07-18T15:24:02.762+0000] {subprocess.py:93} INFO - 	at org.apache.spark.sql.execution.streaming.ProgressReporter.reportTimeTaken$(ProgressReporter.scala:425)
[2025-07-18T15:24:02.762+0000] {subprocess.py:93} INFO - 	at org.apache.spark.sql.execution.streaming.StreamExecution.reportTimeTaken(StreamExecution.scala:67)
[2025-07-18T15:24:02.762+0000] {subprocess.py:93} INFO - 	at org.apache.spark.sql.execution.streaming.MicroBatchExecution.$anonfun$runActivatedStream$1(MicroBatchExecution.scala:249)
[2025-07-18T15:24:02.762+0000] {subprocess.py:93} INFO - 	at org.apache.spark.sql.execution.streaming.ProcessingTimeExecutor.execute(TriggerExecutor.scala:67)
[2025-07-18T15:24:02.763+0000] {subprocess.py:93} INFO - 	at org.apache.spark.sql.execution.streaming.MicroBatchExecution.runActivatedStream(MicroBatchExecution.scala:239)
[2025-07-18T15:24:02.763+0000] {subprocess.py:93} INFO - 	at org.apache.spark.sql.execution.streaming.StreamExecution.$anonfun$runStream$1(StreamExecution.scala:311)
[2025-07-18T15:24:02.763+0000] {subprocess.py:93} INFO - 	at scala.runtime.java8.JFunction0$mcV$sp.apply(JFunction0$mcV$sp.java:23)
[2025-07-18T15:24:02.763+0000] {subprocess.py:93} INFO - 	at org.apache.spark.sql.SparkSession.withActive(SparkSession.scala:900)
[2025-07-18T15:24:02.763+0000] {subprocess.py:93} INFO - 	at org.apache.spark.sql.execution.streaming.StreamExecution.org$apache$spark$sql$execution$streaming$StreamExecution$$runStream(StreamExecution.scala:289)
[2025-07-18T15:24:02.764+0000] {subprocess.py:93} INFO - 	at org.apache.spark.sql.execution.streaming.StreamExecution$$anon$1.$anonfun$run$1(StreamExecution.scala:211)
[2025-07-18T15:24:02.764+0000] {subprocess.py:93} INFO - 	at scala.runtime.java8.JFunction0$mcV$sp.apply(JFunction0$mcV$sp.java:23)
[2025-07-18T15:24:02.764+0000] {subprocess.py:93} INFO - 	at org.apache.spark.JobArtifactSet$.withActiveJobArtifactState(JobArtifactSet.scala:94)
[2025-07-18T15:24:02.764+0000] {subprocess.py:93} INFO - 	at org.apache.spark.sql.execution.streaming.StreamExecution$$anon$1.run(StreamExecution.scala:211)
[2025-07-18T15:24:03.150+0000] {subprocess.py:93} INFO - 25/07/18 15:24:03 ERROR MicroBatchExecution: Query [id = 0314df7c-5598-4928-8d91-374ee67989d1, runId = 38089bf2-9347-44b2-99c6-71bcb751a1bf] terminated with error
[2025-07-18T15:24:03.151+0000] {subprocess.py:93} INFO - org.apache.spark.SparkConcurrentModificationException: Multiple streaming queries are concurrently using file:/tmp/checkpoints/reservations/offsets.
[2025-07-18T15:24:03.151+0000] {subprocess.py:93} INFO - 	at org.apache.spark.sql.errors.QueryExecutionErrors$.multiStreamingQueriesUsingPathConcurrentlyError(QueryExecutionErrors.scala:1858)
[2025-07-18T15:24:03.152+0000] {subprocess.py:93} INFO - 	at org.apache.spark.sql.execution.streaming.HDFSMetadataLog.write(HDFSMetadataLog.scala:210)
[2025-07-18T15:24:03.152+0000] {subprocess.py:93} INFO - 	at org.apache.spark.sql.execution.streaming.HDFSMetadataLog.addNewBatchByStream(HDFSMetadataLog.scala:237)
[2025-07-18T15:24:03.152+0000] {subprocess.py:93} INFO - 	at org.apache.spark.sql.execution.streaming.HDFSMetadataLog.add(HDFSMetadataLog.scala:130)
[2025-07-18T15:24:03.153+0000] {subprocess.py:93} INFO - 	at org.apache.spark.sql.execution.streaming.MicroBatchExecution.markMicroBatchStart(MicroBatchExecution.scala:764)
[2025-07-18T15:24:03.153+0000] {subprocess.py:93} INFO - 	at org.apache.spark.sql.execution.streaming.MicroBatchExecution.$anonfun$constructNextBatch$13(MicroBatchExecution.scala:536)
[2025-07-18T15:24:03.153+0000] {subprocess.py:93} INFO - 	at scala.runtime.java8.JFunction0$mcV$sp.apply(JFunction0$mcV$sp.java:23)
[2025-07-18T15:24:03.154+0000] {subprocess.py:93} INFO - 	at org.apache.spark.sql.execution.streaming.ProgressReporter.reportTimeTaken(ProgressReporter.scala:427)
[2025-07-18T15:24:03.155+0000] {subprocess.py:93} INFO - 	at org.apache.spark.sql.execution.streaming.ProgressReporter.reportTimeTaken$(ProgressReporter.scala:425)
[2025-07-18T15:24:03.157+0000] {subprocess.py:93} INFO - 	at org.apache.spark.sql.execution.streaming.StreamExecution.reportTimeTaken(StreamExecution.scala:67)
[2025-07-18T15:24:03.158+0000] {subprocess.py:93} INFO - 	at org.apache.spark.sql.execution.streaming.MicroBatchExecution.$anonfun$constructNextBatch$1(MicroBatchExecution.scala:535)
[2025-07-18T15:24:03.158+0000] {subprocess.py:93} INFO - 	at scala.runtime.java8.JFunction0$mcZ$sp.apply(JFunction0$mcZ$sp.java:23)
[2025-07-18T15:24:03.159+0000] {subprocess.py:93} INFO - 	at org.apache.spark.sql.execution.streaming.MicroBatchExecution.withProgressLocked(MicroBatchExecution.scala:810)
[2025-07-18T15:24:03.159+0000] {subprocess.py:93} INFO - 	at org.apache.spark.sql.execution.streaming.MicroBatchExecution.constructNextBatch(MicroBatchExecution.scala:475)
[2025-07-18T15:24:03.159+0000] {subprocess.py:93} INFO - 	at org.apache.spark.sql.execution.streaming.MicroBatchExecution.$anonfun$runActivatedStream$2(MicroBatchExecution.scala:268)
[2025-07-18T15:24:03.160+0000] {subprocess.py:93} INFO - 	at scala.runtime.java8.JFunction0$mcV$sp.apply(JFunction0$mcV$sp.java:23)
[2025-07-18T15:24:03.160+0000] {subprocess.py:93} INFO - 	at org.apache.spark.sql.execution.streaming.ProgressReporter.reportTimeTaken(ProgressReporter.scala:427)
[2025-07-18T15:24:03.160+0000] {subprocess.py:93} INFO - 	at org.apache.spark.sql.execution.streaming.ProgressReporter.reportTimeTaken$(ProgressReporter.scala:425)
[2025-07-18T15:24:03.161+0000] {subprocess.py:93} INFO - 	at org.apache.spark.sql.execution.streaming.StreamExecution.reportTimeTaken(StreamExecution.scala:67)
[2025-07-18T15:24:03.161+0000] {subprocess.py:93} INFO - 	at org.apache.spark.sql.execution.streaming.MicroBatchExecution.$anonfun$runActivatedStream$1(MicroBatchExecution.scala:249)
[2025-07-18T15:24:03.162+0000] {subprocess.py:93} INFO - 	at org.apache.spark.sql.execution.streaming.ProcessingTimeExecutor.execute(TriggerExecutor.scala:67)
[2025-07-18T15:24:03.163+0000] {subprocess.py:93} INFO - 	at org.apache.spark.sql.execution.streaming.MicroBatchExecution.runActivatedStream(MicroBatchExecution.scala:239)
[2025-07-18T15:24:03.163+0000] {subprocess.py:93} INFO - 	at org.apache.spark.sql.execution.streaming.StreamExecution.$anonfun$runStream$1(StreamExecution.scala:311)
[2025-07-18T15:24:03.164+0000] {subprocess.py:93} INFO - 	at scala.runtime.java8.JFunction0$mcV$sp.apply(JFunction0$mcV$sp.java:23)
[2025-07-18T15:24:03.164+0000] {subprocess.py:93} INFO - 	at org.apache.spark.sql.SparkSession.withActive(SparkSession.scala:900)
[2025-07-18T15:24:03.165+0000] {subprocess.py:93} INFO - 	at org.apache.spark.sql.execution.streaming.StreamExecution.org$apache$spark$sql$execution$streaming$StreamExecution$$runStream(StreamExecution.scala:289)
[2025-07-18T15:24:03.166+0000] {subprocess.py:93} INFO - 	at org.apache.spark.sql.execution.streaming.StreamExecution$$anon$1.$anonfun$run$1(StreamExecution.scala:211)
[2025-07-18T15:24:03.167+0000] {subprocess.py:93} INFO - 	at scala.runtime.java8.JFunction0$mcV$sp.apply(JFunction0$mcV$sp.java:23)
[2025-07-18T15:24:03.167+0000] {subprocess.py:93} INFO - 	at org.apache.spark.JobArtifactSet$.withActiveJobArtifactState(JobArtifactSet.scala:94)
[2025-07-18T15:24:03.167+0000] {subprocess.py:93} INFO - 	at org.apache.spark.sql.execution.streaming.StreamExecution$$anon$1.run(StreamExecution.scala:211)
[2025-07-18T15:24:03.167+0000] {subprocess.py:93} INFO - Caused by: org.apache.hadoop.fs.FileAlreadyExistsException: Rename destination file:/tmp/checkpoints/reservations/offsets/3 already exists.
[2025-07-18T15:24:03.168+0000] {subprocess.py:93} INFO - 	at org.apache.hadoop.fs.AbstractFileSystem.renameInternal(AbstractFileSystem.java:770)
[2025-07-18T15:24:03.168+0000] {subprocess.py:93} INFO - 	at org.apache.hadoop.fs.AbstractFileSystem.rename(AbstractFileSystem.java:720)
[2025-07-18T15:24:03.168+0000] {subprocess.py:93} INFO - 	at org.apache.hadoop.fs.ChecksumFs.renameInternal(ChecksumFs.java:489)
[2025-07-18T15:24:03.168+0000] {subprocess.py:93} INFO - 	at org.apache.hadoop.fs.AbstractFileSystem.rename(AbstractFileSystem.java:720)
[2025-07-18T15:24:03.169+0000] {subprocess.py:93} INFO - 	at org.apache.hadoop.fs.FileContext.rename(FileContext.java:1036)
[2025-07-18T15:24:03.169+0000] {subprocess.py:93} INFO - 	at org.apache.spark.sql.execution.streaming.FileContextBasedCheckpointFileManager.renameTempFile(CheckpointFileManager.scala:372)
[2025-07-18T15:24:03.170+0000] {subprocess.py:93} INFO - 	at org.apache.spark.sql.execution.streaming.CheckpointFileManager$RenameBasedFSDataOutputStream.close(CheckpointFileManager.scala:154)
[2025-07-18T15:24:03.170+0000] {subprocess.py:93} INFO - 	at org.apache.spark.sql.execution.streaming.HDFSMetadataLog.write(HDFSMetadataLog.scala:204)
[2025-07-18T15:24:03.171+0000] {subprocess.py:93} INFO - 	... 28 more
[2025-07-18T15:24:03.173+0000] {subprocess.py:93} INFO - 25/07/18 15:24:03 INFO AppInfoParser: App info kafka.admin.client for adminclient-1 unregistered
[2025-07-18T15:24:03.177+0000] {subprocess.py:93} INFO - 25/07/18 15:24:03 INFO Metrics: Metrics scheduler closed
[2025-07-18T15:24:03.179+0000] {subprocess.py:93} INFO - 25/07/18 15:24:03 INFO Metrics: Closing reporter org.apache.kafka.common.metrics.JmxReporter
[2025-07-18T15:24:03.180+0000] {subprocess.py:93} INFO - 25/07/18 15:24:03 INFO Metrics: Metrics reporters closed
[2025-07-18T15:24:03.183+0000] {subprocess.py:93} INFO - 25/07/18 15:24:03 INFO MicroBatchExecution: Async log purge executor pool for query [id = 0314df7c-5598-4928-8d91-374ee67989d1, runId = 38089bf2-9347-44b2-99c6-71bcb751a1bf] has been shutdown
[2025-07-18T15:24:03.282+0000] {subprocess.py:93} INFO - Traceback (most recent call last):
[2025-07-18T15:24:03.285+0000] {subprocess.py:93} INFO -   File "/home/iceberg/spark/stream_to_bronze.py", line 94, in <module>
[2025-07-18T15:24:03.287+0000] {subprocess.py:93} INFO -     spark.streams.awaitAnyTermination()
[2025-07-18T15:24:03.288+0000] {subprocess.py:93} INFO -   File "/opt/bitnami/spark/python/lib/pyspark.zip/pyspark/sql/streaming/query.py", line 596, in awaitAnyTermination
[2025-07-18T15:24:03.294+0000] {subprocess.py:93} INFO -   File "/opt/bitnami/spark/python/lib/py4j-0.10.9.7-src.zip/py4j/java_gateway.py", line 1322, in __call__
[2025-07-18T15:24:03.300+0000] {subprocess.py:93} INFO -   File "/opt/bitnami/spark/python/lib/pyspark.zip/pyspark/errors/exceptions/captured.py", line 185, in deco
[2025-07-18T15:24:03.310+0000] {subprocess.py:93} INFO - pyspark.errors.exceptions.captured.StreamingQueryException: [STREAM_FAILED] Query [id = 0314df7c-5598-4928-8d91-374ee67989d1, runId = 38089bf2-9347-44b2-99c6-71bcb751a1bf] terminated with exception: Multiple streaming queries are concurrently using file:/tmp/checkpoints/reservations/offsets.
[2025-07-18T15:24:03.359+0000] {subprocess.py:93} INFO - 25/07/18 15:24:03 INFO CheckpointFileManager: Writing atomically to file:/tmp/checkpoints/checkins/offsets/3 using temp file file:/tmp/checkpoints/checkins/offsets/.3.51445930-c60a-4337-8b10-8c1bc9381572.tmp
[2025-07-18T15:24:03.460+0000] {subprocess.py:93} INFO - 25/07/18 15:24:03 INFO SparkContext: Invoking stop() from shutdown hook
[2025-07-18T15:24:03.461+0000] {subprocess.py:93} INFO - 25/07/18 15:24:03 INFO SparkContext: SparkContext is stopping with exitCode 0.
[2025-07-18T15:24:03.482+0000] {subprocess.py:93} INFO - 25/07/18 15:24:03 INFO SparkUI: Stopped Spark web UI at http://77cb57a6bd53:4041
[2025-07-18T15:24:03.489+0000] {subprocess.py:93} INFO - 25/07/18 15:24:03 INFO CheckpointFileManager: Renamed temp file file:/tmp/checkpoints/checkins/offsets/.3.51445930-c60a-4337-8b10-8c1bc9381572.tmp to file:/tmp/checkpoints/checkins/offsets/3
[2025-07-18T15:24:03.490+0000] {subprocess.py:93} INFO - 25/07/18 15:24:03 INFO MicroBatchExecution: Committed offsets for batch 3. Metadata OffsetSeqMetadata(0,1752852243331,Map(spark.sql.streaming.stateStore.providerClass -> org.apache.spark.sql.execution.streaming.state.HDFSBackedStateStoreProvider, spark.sql.streaming.join.stateFormatVersion -> 2, spark.sql.streaming.stateStore.compression.codec -> lz4, spark.sql.optimizer.pruneFiltersCanPruneStreamingSubplan -> false, spark.sql.streaming.stateStore.rocksdb.formatVersion -> 5, spark.sql.streaming.statefulOperator.useStrictDistribution -> true, spark.sql.streaming.flatMapGroupsWithState.stateFormatVersion -> 2, spark.sql.streaming.multipleWatermarkPolicy -> min, spark.sql.streaming.aggregation.stateFormatVersion -> 2, spark.sql.shuffle.partitions -> 200))
[2025-07-18T15:24:03.571+0000] {subprocess.py:93} INFO - 25/07/18 15:24:03 INFO MapOutputTrackerMasterEndpoint: MapOutputTrackerMasterEndpoint stopped!
[2025-07-18T15:24:03.629+0000] {subprocess.py:93} INFO - 25/07/18 15:24:03 INFO MemoryStore: MemoryStore cleared
[2025-07-18T15:24:03.630+0000] {subprocess.py:93} INFO - 25/07/18 15:24:03 INFO BlockManager: BlockManager stopped
[2025-07-18T15:24:03.638+0000] {subprocess.py:93} INFO - 25/07/18 15:24:03 INFO BlockManagerMaster: BlockManagerMaster stopped
[2025-07-18T15:24:03.650+0000] {subprocess.py:93} INFO - 25/07/18 15:24:03 INFO OutputCommitCoordinator$OutputCommitCoordinatorEndpoint: OutputCommitCoordinator stopped!
[2025-07-18T15:24:03.675+0000] {subprocess.py:93} INFO - 25/07/18 15:24:03 INFO SparkContext: Successfully stopped SparkContext
[2025-07-18T15:24:03.676+0000] {subprocess.py:93} INFO - 25/07/18 15:24:03 INFO ShutdownHookManager: Shutdown hook called
[2025-07-18T15:24:03.678+0000] {subprocess.py:93} INFO - 25/07/18 15:24:03 INFO ShutdownHookManager: Deleting directory /tmp/spark-ad670d9d-a069-4a3f-a911-9cecde720a21
[2025-07-18T15:24:03.685+0000] {subprocess.py:93} INFO - 25/07/18 15:24:03 INFO ShutdownHookManager: Deleting directory /tmp/spark-b8bcd7cf-8bd3-44df-8377-659352fb7d28
[2025-07-18T15:24:03.689+0000] {subprocess.py:93} INFO - 25/07/18 15:24:03 INFO ShutdownHookManager: Deleting directory /tmp/spark-ad670d9d-a069-4a3f-a911-9cecde720a21/pyspark-6697098e-04a8-4cd4-a2ef-9157dfe2740c
[2025-07-18T15:24:03.703+0000] {subprocess.py:93} INFO - 25/07/18 15:24:03 INFO MetricsSystemImpl: Stopping s3a-file-system metrics system...
[2025-07-18T15:24:03.705+0000] {subprocess.py:93} INFO - 25/07/18 15:24:03 INFO MetricsSystemImpl: s3a-file-system metrics system stopped.
[2025-07-18T15:24:03.706+0000] {subprocess.py:93} INFO - 25/07/18 15:24:03 INFO MetricsSystemImpl: s3a-file-system metrics system shutdown complete.
[2025-07-18T15:24:04.105+0000] {subprocess.py:97} INFO - Command exited with return code 1
[2025-07-18T15:24:04.119+0000] {taskinstance.py:1937} ERROR - Task failed with exception
Traceback (most recent call last):
  File "/home/airflow/.local/lib/python3.8/site-packages/airflow/operators/bash.py", line 210, in execute
    raise AirflowException(
airflow.exceptions.AirflowException: Bash command failed. The command returned a non-zero exit code 1.
[2025-07-18T15:24:04.123+0000] {taskinstance.py:1400} INFO - Marking task as FAILED. dag_id=restaurant_pipeline, task_id=stream_to_bronze, execution_date=20250718T152000, start_date=20250718T152204, end_date=20250718T152404
[2025-07-18T15:24:04.132+0000] {standard_task_runner.py:104} ERROR - Failed to execute job 96 for task stream_to_bronze (Bash command failed. The command returned a non-zero exit code 1.; 261)
[2025-07-18T15:24:04.174+0000] {local_task_job_runner.py:228} INFO - Task exited with return code 1
[2025-07-18T15:24:04.209+0000] {taskinstance.py:2778} INFO - 0 downstream tasks scheduled from follow-on schedule check
