[2025-07-19T18:53:25.822+0000] {taskinstance.py:1159} INFO - Dependencies all met for dep_context=non-requeueable deps ti=<TaskInstance: restaurant_pipeline.send_to_kafka scheduled__2025-07-19T18:50:00+00:00 [queued]>
[2025-07-19T18:53:25.826+0000] {taskinstance.py:1159} INFO - Dependencies all met for dep_context=requeueable deps ti=<TaskInstance: restaurant_pipeline.send_to_kafka scheduled__2025-07-19T18:50:00+00:00 [queued]>
[2025-07-19T18:53:25.826+0000] {taskinstance.py:1361} INFO - Starting attempt 1 of 1
[2025-07-19T18:53:25.831+0000] {taskinstance.py:1382} INFO - Executing <Task(BashOperator): send_to_kafka> on 2025-07-19 18:50:00+00:00
[2025-07-19T18:53:25.833+0000] {standard_task_runner.py:57} INFO - Started process 1558 to run task
[2025-07-19T18:53:25.835+0000] {standard_task_runner.py:84} INFO - Running: ['***', 'tasks', 'run', 'restaurant_pipeline', 'send_to_kafka', 'scheduled__2025-07-19T18:50:00+00:00', '--job-id', '1043', '--raw', '--subdir', 'DAGS_FOLDER/restaurant_pipeline.py', '--cfg-path', '/tmp/tmpcohbnuz5']
[2025-07-19T18:53:25.836+0000] {standard_task_runner.py:85} INFO - Job 1043: Subtask send_to_kafka
[2025-07-19T18:53:25.861+0000] {task_command.py:416} INFO - Running <TaskInstance: restaurant_pipeline.send_to_kafka scheduled__2025-07-19T18:50:00+00:00 [running]> on host e3f5d8fc4eef
[2025-07-19T18:53:25.898+0000] {taskinstance.py:1662} INFO - Exporting env vars: AIRFLOW_CTX_DAG_OWNER='moran' AIRFLOW_CTX_DAG_ID='restaurant_pipeline' AIRFLOW_CTX_TASK_ID='send_to_kafka' AIRFLOW_CTX_EXECUTION_DATE='2025-07-19T18:50:00+00:00' AIRFLOW_CTX_TRY_NUMBER='1' AIRFLOW_CTX_DAG_RUN_ID='scheduled__2025-07-19T18:50:00+00:00'
[2025-07-19T18:53:25.898+0000] {subprocess.py:63} INFO - Tmp dir root location: /tmp
[2025-07-19T18:53:25.899+0000] {subprocess.py:75} INFO - Running command: ['/bin/bash', '-c', 'python /opt/streaming/producer.py']
[2025-07-19T18:53:25.902+0000] {subprocess.py:86} INFO - Output:
[2025-07-19T18:53:28.146+0000] {subprocess.py:93} INFO - [✓] Sent to reservations: {'reservation_id': 1831, 'branch_id': 102, 'customer_name': 'Joseph Coleman', 'phone_number': '371.543.1376x138', 'reservation_date': '2025-07-19', 'reservation_time': '19:48', 'guests_count': 7, 'is_confirmed': True}
[2025-07-19T18:53:28.147+0000] {subprocess.py:93} INFO - [✓] Sent to reservations: {'reservation_id': 4236, 'branch_id': 101, 'customer_name': 'Gavin Lin', 'phone_number': '+1-789-427-4881x19999', 'reservation_date': '2025-07-19', 'reservation_time': '19:33', 'guests_count': 8, 'is_confirmed': True}
[2025-07-19T18:53:28.148+0000] {subprocess.py:93} INFO - [✓] Sent to reservations: {'reservation_id': 5451, 'branch_id': 101, 'customer_name': 'Anthony Walls', 'phone_number': '968-759-9250x37856', 'reservation_date': '2025-07-19', 'reservation_time': '20:02', 'guests_count': 8, 'is_confirmed': True}
[2025-07-19T18:53:28.148+0000] {subprocess.py:93} INFO - [✓] Sent to checkins: {'checkin_id': 5002, 'customer_name': 'Nicole Cook', 'phone_number': '(432)508-8467x896', 'branch_id': 102, 'table_id': 201, 'is_prebooked': True, 'checkin_date': '2025-07-19', 'checkin_time': '17:29', 'guests_count': 1, 'shift_manager': 'Nicholas Christian'}
[2025-07-19T18:53:28.148+0000] {subprocess.py:93} INFO - [✓] Sent to checkins: {'checkin_id': 7887, 'customer_name': 'John Ray', 'phone_number': '(922)991-7451x061', 'branch_id': 101, 'table_id': 201, 'is_prebooked': True, 'checkin_date': '2025-07-19', 'checkin_time': '17:25', 'guests_count': 1, 'shift_manager': 'Levi Curry'}
[2025-07-19T18:53:28.149+0000] {subprocess.py:93} INFO - [✓] Sent to checkins: {'checkin_id': 2468, 'customer_name': 'Jeremy Young', 'phone_number': '+1-770-513-4651x7952', 'branch_id': 102, 'table_id': 201, 'is_prebooked': False, 'checkin_date': '2025-07-19', 'checkin_time': '18:04', 'guests_count': 4, 'shift_manager': 'Andrew Burns'}
[2025-07-19T18:53:28.149+0000] {subprocess.py:93} INFO - [✓] Sent to feedback: {'feedback_id': 9662, 'branch_id': 101, 'customer_name': 'Diane Moore', 'phone_number': '(797)956-2436x0495', 'feedback_text': 'Real back agency discuss.', 'rating': 2, 'dining_date': '2025-07-19', 'dining_time': '17:36', 'submission_time': '2025-07-19T18:53:24'}
[2025-07-19T18:53:28.149+0000] {subprocess.py:93} INFO - [✓] Sent to feedback: {'feedback_id': 8597, 'branch_id': 102, 'customer_name': 'Joseph Russell', 'phone_number': '(519)787-0075x50831', 'feedback_text': 'Of cup social education.', 'rating': 4, 'dining_date': '2025-07-19', 'dining_time': '18:36', 'submission_time': '2025-07-19T18:53:24'}
[2025-07-19T18:53:28.150+0000] {subprocess.py:93} INFO - [✓] Sent to feedback: {'feedback_id': 4903, 'branch_id': 102, 'customer_name': 'Sean Williams', 'phone_number': '525.527.1139', 'feedback_text': 'Others but entire newspaper.', 'rating': 3, 'dining_date': '2025-07-19', 'dining_time': '18:07', 'submission_time': '2025-07-19T18:53:24'}
[2025-07-19T18:53:28.150+0000] {subprocess.py:93} INFO - ✅ All messages sent.
[2025-07-19T18:53:28.196+0000] {subprocess.py:97} INFO - Command exited with return code 0
[2025-07-19T18:53:28.214+0000] {taskinstance.py:1400} INFO - Marking task as SUCCESS. dag_id=restaurant_pipeline, task_id=send_to_kafka, execution_date=20250719T185000, start_date=20250719T185325, end_date=20250719T185328
[2025-07-19T18:53:28.260+0000] {local_task_job_runner.py:228} INFO - Task exited with return code 0
[2025-07-19T18:53:28.286+0000] {taskinstance.py:2778} INFO - 1 downstream tasks scheduled from follow-on schedule check
