[2025-07-18T18:56:20.853+0000] {taskinstance.py:1159} INFO - Dependencies all met for dep_context=non-requeueable deps ti=<TaskInstance: restaurant_pipeline.silver_to_gold scheduled__2025-07-18T18:52:00+00:00 [queued]>
[2025-07-18T18:56:20.857+0000] {taskinstance.py:1159} INFO - Dependencies all met for dep_context=requeueable deps ti=<TaskInstance: restaurant_pipeline.silver_to_gold scheduled__2025-07-18T18:52:00+00:00 [queued]>
[2025-07-18T18:56:20.857+0000] {taskinstance.py:1361} INFO - Starting attempt 1 of 1
[2025-07-18T18:56:20.864+0000] {taskinstance.py:1382} INFO - Executing <Task(BashOperator): silver_to_gold> on 2025-07-18 18:52:00+00:00
[2025-07-18T18:56:20.866+0000] {standard_task_runner.py:57} INFO - Started process 4052 to run task
[2025-07-18T18:56:20.868+0000] {standard_task_runner.py:84} INFO - Running: ['***', 'tasks', 'run', 'restaurant_pipeline', 'silver_to_gold', 'scheduled__2025-07-18T18:52:00+00:00', '--job-id', '438', '--raw', '--subdir', 'DAGS_FOLDER/restaurant_pipeline.py', '--cfg-path', '/tmp/tmpflzmtr7p']
[2025-07-18T18:56:20.870+0000] {standard_task_runner.py:85} INFO - Job 438: Subtask silver_to_gold
[2025-07-18T18:56:20.899+0000] {task_command.py:416} INFO - Running <TaskInstance: restaurant_pipeline.silver_to_gold scheduled__2025-07-18T18:52:00+00:00 [running]> on host 9bcfb43e0ab7
[2025-07-18T18:56:20.936+0000] {taskinstance.py:1662} INFO - Exporting env vars: AIRFLOW_CTX_DAG_OWNER='moran' AIRFLOW_CTX_DAG_ID='restaurant_pipeline' AIRFLOW_CTX_TASK_ID='silver_to_gold' AIRFLOW_CTX_EXECUTION_DATE='2025-07-18T18:52:00+00:00' AIRFLOW_CTX_TRY_NUMBER='1' AIRFLOW_CTX_DAG_RUN_ID='scheduled__2025-07-18T18:52:00+00:00'
[2025-07-18T18:56:20.936+0000] {subprocess.py:63} INFO - Tmp dir root location: /tmp
[2025-07-18T18:56:20.937+0000] {subprocess.py:75} INFO - Running command: ['/bin/bash', '-c', 'docker exec spark-iceberg spark-submit /home/iceberg/spark/silver_to_gold.py']
[2025-07-18T18:56:20.941+0000] {subprocess.py:86} INFO - Output:
[2025-07-18T18:56:22.840+0000] {subprocess.py:93} INFO - 25/07/18 18:56:22 INFO SparkContext: Running Spark version 3.5.6
[2025-07-18T18:56:22.842+0000] {subprocess.py:93} INFO - 25/07/18 18:56:22 INFO SparkContext: OS info Linux, 6.10.14-linuxkit, aarch64
[2025-07-18T18:56:22.842+0000] {subprocess.py:93} INFO - 25/07/18 18:56:22 INFO SparkContext: Java version 17.0.15
[2025-07-18T18:56:22.856+0000] {subprocess.py:93} INFO - 25/07/18 18:56:22 INFO ResourceUtils: ==============================================================
[2025-07-18T18:56:22.856+0000] {subprocess.py:93} INFO - 25/07/18 18:56:22 INFO ResourceUtils: No custom resources configured for spark.driver.
[2025-07-18T18:56:22.856+0000] {subprocess.py:93} INFO - 25/07/18 18:56:22 INFO ResourceUtils: ==============================================================
[2025-07-18T18:56:22.856+0000] {subprocess.py:93} INFO - 25/07/18 18:56:22 INFO SparkContext: Submitted application: SilverToGold
[2025-07-18T18:56:22.865+0000] {subprocess.py:93} INFO - 25/07/18 18:56:22 INFO ResourceProfile: Default ResourceProfile created, executor resources: Map(cores -> name: cores, amount: 1, script: , vendor: , memory -> name: memory, amount: 1024, script: , vendor: , offHeap -> name: offHeap, amount: 0, script: , vendor: ), task resources: Map(cpus -> name: cpus, amount: 1.0)
[2025-07-18T18:56:22.869+0000] {subprocess.py:93} INFO - 25/07/18 18:56:22 INFO ResourceProfile: Limiting resource is cpu
[2025-07-18T18:56:22.870+0000] {subprocess.py:93} INFO - 25/07/18 18:56:22 INFO ResourceProfileManager: Added ResourceProfile id: 0
[2025-07-18T18:56:22.893+0000] {subprocess.py:93} INFO - 25/07/18 18:56:22 INFO SecurityManager: Changing view acls to: root,spark
[2025-07-18T18:56:22.893+0000] {subprocess.py:93} INFO - 25/07/18 18:56:22 INFO SecurityManager: Changing modify acls to: root,spark
[2025-07-18T18:56:22.894+0000] {subprocess.py:93} INFO - 25/07/18 18:56:22 INFO SecurityManager: Changing view acls groups to:
[2025-07-18T18:56:22.894+0000] {subprocess.py:93} INFO - 25/07/18 18:56:22 INFO SecurityManager: Changing modify acls groups to:
[2025-07-18T18:56:22.894+0000] {subprocess.py:93} INFO - 25/07/18 18:56:22 INFO SecurityManager: SecurityManager: authentication disabled; ui acls disabled; users with view permissions: root, spark; groups with view permissions: EMPTY; users with modify permissions: root, spark; groups with modify permissions: EMPTY
[2025-07-18T18:56:22.928+0000] {subprocess.py:93} INFO - 25/07/18 18:56:22 WARN NativeCodeLoader: Unable to load native-hadoop library for your platform... using builtin-java classes where applicable
[2025-07-18T18:56:23.058+0000] {subprocess.py:93} INFO - 25/07/18 18:56:23 INFO Utils: Successfully started service 'sparkDriver' on port 39827.
[2025-07-18T18:56:23.083+0000] {subprocess.py:93} INFO - 25/07/18 18:56:23 INFO SparkEnv: Registering MapOutputTracker
[2025-07-18T18:56:23.114+0000] {subprocess.py:93} INFO - 25/07/18 18:56:23 INFO SparkEnv: Registering BlockManagerMaster
[2025-07-18T18:56:23.129+0000] {subprocess.py:93} INFO - 25/07/18 18:56:23 INFO BlockManagerMasterEndpoint: Using org.apache.spark.storage.DefaultTopologyMapper for getting topology information
[2025-07-18T18:56:23.129+0000] {subprocess.py:93} INFO - 25/07/18 18:56:23 INFO BlockManagerMasterEndpoint: BlockManagerMasterEndpoint up
[2025-07-18T18:56:23.132+0000] {subprocess.py:93} INFO - 25/07/18 18:56:23 INFO SparkEnv: Registering BlockManagerMasterHeartbeat
[2025-07-18T18:56:23.148+0000] {subprocess.py:93} INFO - 25/07/18 18:56:23 INFO DiskBlockManager: Created local directory at /tmp/blockmgr-cafc0fbf-ad8d-444e-8c60-d7b2d06c814f
[2025-07-18T18:56:23.154+0000] {subprocess.py:93} INFO - 25/07/18 18:56:23 INFO MemoryStore: MemoryStore started with capacity 434.4 MiB
[2025-07-18T18:56:23.161+0000] {subprocess.py:93} INFO - 25/07/18 18:56:23 INFO SparkEnv: Registering OutputCommitCoordinator
[2025-07-18T18:56:23.232+0000] {subprocess.py:93} INFO - 25/07/18 18:56:23 INFO JettyUtils: Start Jetty 0.0.0.0:4040 for SparkUI
[2025-07-18T18:56:23.269+0000] {subprocess.py:93} INFO - 25/07/18 18:56:23 INFO Utils: Successfully started service 'SparkUI' on port 4040.
[2025-07-18T18:56:23.327+0000] {subprocess.py:93} INFO - 25/07/18 18:56:23 INFO Executor: Starting executor ID driver on host 77cb57a6bd53
[2025-07-18T18:56:23.328+0000] {subprocess.py:93} INFO - 25/07/18 18:56:23 INFO Executor: OS info Linux, 6.10.14-linuxkit, aarch64
[2025-07-18T18:56:23.328+0000] {subprocess.py:93} INFO - 25/07/18 18:56:23 INFO Executor: Java version 17.0.15
[2025-07-18T18:56:23.331+0000] {subprocess.py:93} INFO - 25/07/18 18:56:23 INFO Executor: Starting executor with user classpath (userClassPathFirst = false): ''
[2025-07-18T18:56:23.332+0000] {subprocess.py:93} INFO - 25/07/18 18:56:23 INFO Executor: Created or updated repl class loader org.apache.spark.util.MutableURLClassLoader@3375217a for default.
[2025-07-18T18:56:23.342+0000] {subprocess.py:93} INFO - 25/07/18 18:56:23 INFO Utils: Successfully started service 'org.apache.spark.network.netty.NettyBlockTransferService' on port 38037.
[2025-07-18T18:56:23.342+0000] {subprocess.py:93} INFO - 25/07/18 18:56:23 INFO NettyBlockTransferService: Server created on 77cb57a6bd53:38037
[2025-07-18T18:56:23.343+0000] {subprocess.py:93} INFO - 25/07/18 18:56:23 INFO BlockManager: Using org.apache.spark.storage.RandomBlockReplicationPolicy for block replication policy
[2025-07-18T18:56:23.350+0000] {subprocess.py:93} INFO - 25/07/18 18:56:23 INFO BlockManagerMaster: Registering BlockManager BlockManagerId(driver, 77cb57a6bd53, 38037, None)
[2025-07-18T18:56:23.352+0000] {subprocess.py:93} INFO - 25/07/18 18:56:23 INFO BlockManagerMasterEndpoint: Registering block manager 77cb57a6bd53:38037 with 434.4 MiB RAM, BlockManagerId(driver, 77cb57a6bd53, 38037, None)
[2025-07-18T18:56:23.355+0000] {subprocess.py:93} INFO - 25/07/18 18:56:23 INFO BlockManagerMaster: Registered BlockManager BlockManagerId(driver, 77cb57a6bd53, 38037, None)
[2025-07-18T18:56:23.356+0000] {subprocess.py:93} INFO - 25/07/18 18:56:23 INFO BlockManager: Initialized BlockManager: BlockManagerId(driver, 77cb57a6bd53, 38037, None)
[2025-07-18T18:56:23.580+0000] {subprocess.py:93} INFO - 25/07/18 18:56:23 INFO SharedState: Setting hive.metastore.warehouse.dir ('null') to the value of spark.sql.warehouse.dir.
[2025-07-18T18:56:23.584+0000] {subprocess.py:93} INFO - 25/07/18 18:56:23 INFO SharedState: Warehouse path is 'file:/app/spark-warehouse'.
[2025-07-18T18:56:24.332+0000] {subprocess.py:93} INFO - 25/07/18 18:56:24 WARN MetricsConfig: Cannot locate configuration: tried hadoop-metrics2-s3a-file-system.properties,hadoop-metrics2.properties
[2025-07-18T18:56:24.339+0000] {subprocess.py:93} INFO - 25/07/18 18:56:24 INFO MetricsSystemImpl: Scheduled Metric snapshot period at 10 second(s).
[2025-07-18T18:56:24.340+0000] {subprocess.py:93} INFO - 25/07/18 18:56:24 INFO MetricsSystemImpl: s3a-file-system metrics system started
[2025-07-18T18:56:25.685+0000] {subprocess.py:93} INFO - 25/07/18 18:56:25 INFO BaseMetastoreCatalog: Table properties set at catalog level through catalog properties: {}
[2025-07-18T18:56:25.780+0000] {subprocess.py:93} INFO - 25/07/18 18:56:25 INFO BaseMetastoreCatalog: Table properties enforced at catalog level through catalog properties: {}
[2025-07-18T18:56:26.143+0000] {subprocess.py:93} INFO - 25/07/18 18:56:26 INFO HadoopTableOperations: Committed a new metadata file s3a://warehouse/silver/scd2_branch/metadata/v1.metadata.json
[2025-07-18T18:56:26.332+0000] {subprocess.py:93} INFO - 25/07/18 18:56:26 INFO BaseMetastoreCatalog: Table loaded by catalog: my_catalog.silver.customers
[2025-07-18T18:56:26.471+0000] {subprocess.py:93} INFO - Traceback (most recent call last):
[2025-07-18T18:56:26.472+0000] {subprocess.py:93} INFO -   File "/home/iceberg/spark/silver_to_gold.py", line 40, in <module>
[2025-07-18T18:56:26.472+0000] {subprocess.py:93} INFO -     tables = spark.table("my_catalog.silver.table")
[2025-07-18T18:56:26.472+0000] {subprocess.py:93} INFO -              ^^^^^^^^^^^^^^^^^^^^^^^^^^^^^^^^^^^^^^
[2025-07-18T18:56:26.472+0000] {subprocess.py:93} INFO -   File "/opt/bitnami/spark/python/lib/pyspark.zip/pyspark/sql/session.py", line 1667, in table
[2025-07-18T18:56:26.473+0000] {subprocess.py:93} INFO -   File "/opt/bitnami/spark/python/lib/py4j-0.10.9.7-src.zip/py4j/java_gateway.py", line 1322, in __call__
[2025-07-18T18:56:26.473+0000] {subprocess.py:93} INFO -   File "/opt/bitnami/spark/python/lib/pyspark.zip/pyspark/errors/exceptions/captured.py", line 185, in deco
[2025-07-18T18:56:26.477+0000] {subprocess.py:93} INFO - pyspark.errors.exceptions.captured.AnalysisException: [TABLE_OR_VIEW_NOT_FOUND] The table or view `my_catalog`.`silver`.`table` cannot be found. Verify the spelling and correctness of the schema and catalog.
[2025-07-18T18:56:26.478+0000] {subprocess.py:93} INFO - If you did not qualify the name with a schema, verify the current_schema() output, or qualify the name with the correct schema and catalog.
[2025-07-18T18:56:26.478+0000] {subprocess.py:93} INFO - To tolerate the error on drop use DROP VIEW IF EXISTS or DROP TABLE IF EXISTS.;
[2025-07-18T18:56:26.478+0000] {subprocess.py:93} INFO - 'UnresolvedRelation [my_catalog, silver, table], [], false
[2025-07-18T18:56:26.478+0000] {subprocess.py:93} INFO - 
[2025-07-18T18:56:26.501+0000] {subprocess.py:93} INFO - 25/07/18 18:56:26 INFO SparkContext: Invoking stop() from shutdown hook
[2025-07-18T18:56:26.501+0000] {subprocess.py:93} INFO - 25/07/18 18:56:26 INFO SparkContext: SparkContext is stopping with exitCode 0.
[2025-07-18T18:56:26.508+0000] {subprocess.py:93} INFO - 25/07/18 18:56:26 INFO SparkUI: Stopped Spark web UI at http://77cb57a6bd53:4040
[2025-07-18T18:56:26.515+0000] {subprocess.py:93} INFO - 25/07/18 18:56:26 INFO MapOutputTrackerMasterEndpoint: MapOutputTrackerMasterEndpoint stopped!
[2025-07-18T18:56:26.523+0000] {subprocess.py:93} INFO - 25/07/18 18:56:26 INFO MemoryStore: MemoryStore cleared
[2025-07-18T18:56:26.524+0000] {subprocess.py:93} INFO - 25/07/18 18:56:26 INFO BlockManager: BlockManager stopped
[2025-07-18T18:56:26.528+0000] {subprocess.py:93} INFO - 25/07/18 18:56:26 INFO BlockManagerMaster: BlockManagerMaster stopped
[2025-07-18T18:56:26.531+0000] {subprocess.py:93} INFO - 25/07/18 18:56:26 INFO OutputCommitCoordinator$OutputCommitCoordinatorEndpoint: OutputCommitCoordinator stopped!
[2025-07-18T18:56:26.537+0000] {subprocess.py:93} INFO - 25/07/18 18:56:26 INFO SparkContext: Successfully stopped SparkContext
[2025-07-18T18:56:26.537+0000] {subprocess.py:93} INFO - 25/07/18 18:56:26 INFO ShutdownHookManager: Shutdown hook called
[2025-07-18T18:56:26.538+0000] {subprocess.py:93} INFO - 25/07/18 18:56:26 INFO ShutdownHookManager: Deleting directory /tmp/spark-d0c87ddc-55cf-4ee2-99e4-b71b585f6264
[2025-07-18T18:56:26.540+0000] {subprocess.py:93} INFO - 25/07/18 18:56:26 INFO ShutdownHookManager: Deleting directory /tmp/spark-d0c87ddc-55cf-4ee2-99e4-b71b585f6264/pyspark-78568417-0d5e-4ba1-b22b-afce93752cd2
[2025-07-18T18:56:26.542+0000] {subprocess.py:93} INFO - 25/07/18 18:56:26 INFO ShutdownHookManager: Deleting directory /tmp/spark-13497308-90d7-4d88-bf32-13eaedb3bf31
[2025-07-18T18:56:26.550+0000] {subprocess.py:93} INFO - 25/07/18 18:56:26 INFO MetricsSystemImpl: Stopping s3a-file-system metrics system...
[2025-07-18T18:56:26.550+0000] {subprocess.py:93} INFO - 25/07/18 18:56:26 INFO MetricsSystemImpl: s3a-file-system metrics system stopped.
[2025-07-18T18:56:26.550+0000] {subprocess.py:93} INFO - 25/07/18 18:56:26 INFO MetricsSystemImpl: s3a-file-system metrics system shutdown complete.
[2025-07-18T18:56:26.583+0000] {subprocess.py:97} INFO - Command exited with return code 1
[2025-07-18T18:56:26.592+0000] {taskinstance.py:1937} ERROR - Task failed with exception
Traceback (most recent call last):
  File "/home/airflow/.local/lib/python3.8/site-packages/airflow/operators/bash.py", line 210, in execute
    raise AirflowException(
airflow.exceptions.AirflowException: Bash command failed. The command returned a non-zero exit code 1.
[2025-07-18T18:56:26.593+0000] {taskinstance.py:1400} INFO - Marking task as FAILED. dag_id=restaurant_pipeline, task_id=silver_to_gold, execution_date=20250718T185200, start_date=20250718T185620, end_date=20250718T185626
[2025-07-18T18:56:26.600+0000] {standard_task_runner.py:104} ERROR - Failed to execute job 438 for task silver_to_gold (Bash command failed. The command returned a non-zero exit code 1.; 4052)
[2025-07-18T18:56:26.613+0000] {local_task_job_runner.py:228} INFO - Task exited with return code 1
[2025-07-18T18:56:26.633+0000] {taskinstance.py:2778} INFO - 0 downstream tasks scheduled from follow-on schedule check
