[2025-07-18T18:07:31.032+0000] {taskinstance.py:1159} INFO - Dependencies all met for dep_context=non-requeueable deps ti=<TaskInstance: restaurant_pipeline.send_to_kafka manual__2025-07-18T18:06:06.833599+00:00 [queued]>
[2025-07-18T18:07:31.036+0000] {taskinstance.py:1159} INFO - Dependencies all met for dep_context=requeueable deps ti=<TaskInstance: restaurant_pipeline.send_to_kafka manual__2025-07-18T18:06:06.833599+00:00 [queued]>
[2025-07-18T18:07:31.037+0000] {taskinstance.py:1361} INFO - Starting attempt 1 of 1
[2025-07-18T18:07:31.042+0000] {taskinstance.py:1382} INFO - Executing <Task(BashOperator): send_to_kafka> on 2025-07-18 18:06:06.833599+00:00
[2025-07-18T18:07:31.044+0000] {standard_task_runner.py:57} INFO - Started process 2803 to run task
[2025-07-18T18:07:31.046+0000] {standard_task_runner.py:84} INFO - Running: ['***', 'tasks', 'run', 'restaurant_pipeline', 'send_to_kafka', 'manual__2025-07-18T18:06:06.833599+00:00', '--job-id', '321', '--raw', '--subdir', 'DAGS_FOLDER/restaurant_pipeline.py', '--cfg-path', '/tmp/tmpq7ymq3if']
[2025-07-18T18:07:31.048+0000] {standard_task_runner.py:85} INFO - Job 321: Subtask send_to_kafka
[2025-07-18T18:07:31.069+0000] {task_command.py:416} INFO - Running <TaskInstance: restaurant_pipeline.send_to_kafka manual__2025-07-18T18:06:06.833599+00:00 [running]> on host 9bcfb43e0ab7
[2025-07-18T18:07:31.103+0000] {taskinstance.py:1662} INFO - Exporting env vars: AIRFLOW_CTX_DAG_OWNER='moran' AIRFLOW_CTX_DAG_ID='restaurant_pipeline' AIRFLOW_CTX_TASK_ID='send_to_kafka' AIRFLOW_CTX_EXECUTION_DATE='2025-07-18T18:06:06.833599+00:00' AIRFLOW_CTX_TRY_NUMBER='1' AIRFLOW_CTX_DAG_RUN_ID='manual__2025-07-18T18:06:06.833599+00:00'
[2025-07-18T18:07:31.104+0000] {subprocess.py:63} INFO - Tmp dir root location: /tmp
[2025-07-18T18:07:31.104+0000] {subprocess.py:75} INFO - Running command: ['/bin/bash', '-c', 'python /opt/streaming/producer.py']
[2025-07-18T18:07:31.108+0000] {subprocess.py:86} INFO - Output:
[2025-07-18T18:07:33.340+0000] {subprocess.py:93} INFO - [✓] Sent to reservations: {'reservation_id': 8664, 'branch_id': 101, 'customer_name': 'Douglas Guerra', 'phone_number': '412-980-7367x88219', 'reservation_date': '2025-07-18', 'reservation_time': '19:58', 'guests_count': 5, 'is_confirmed': True}
[2025-07-18T18:07:33.341+0000] {subprocess.py:93} INFO - [✓] Sent to reservations: {'reservation_id': 8450, 'branch_id': 101, 'customer_name': 'Manuel Stewart', 'phone_number': '001-696-590-0183x5918', 'reservation_date': '2025-07-18', 'reservation_time': '18:54', 'guests_count': 1, 'is_confirmed': True}
[2025-07-18T18:07:33.341+0000] {subprocess.py:93} INFO - [✓] Sent to reservations: {'reservation_id': 5333, 'branch_id': 102, 'customer_name': 'Michael Peters', 'phone_number': '841.662.8650x6990', 'reservation_date': '2025-07-18', 'reservation_time': '18:58', 'guests_count': 3, 'is_confirmed': False}
[2025-07-18T18:07:33.341+0000] {subprocess.py:93} INFO - [✓] Sent to checkins: {'checkin_id': 1080, 'customer_name': 'Donna Mcdonald', 'phone_number': '+1-649-675-4289x922', 'branch_id': 102, 'table_id': 200, 'is_prebooked': False, 'checkin_date': '2025-07-18', 'checkin_time': '17:51', 'guests_count': 6, 'shift_manager': 'David Brooks'}
[2025-07-18T18:07:33.341+0000] {subprocess.py:93} INFO - [✓] Sent to checkins: {'checkin_id': 3059, 'customer_name': 'Jessica Powell', 'phone_number': '(873)507-2053', 'branch_id': 102, 'table_id': 202, 'is_prebooked': False, 'checkin_date': '2025-07-18', 'checkin_time': '17:55', 'guests_count': 2, 'shift_manager': 'Kimberly Gould'}
[2025-07-18T18:07:33.341+0000] {subprocess.py:93} INFO - [✓] Sent to checkins: {'checkin_id': 4524, 'customer_name': 'Caitlyn Jones', 'phone_number': '001-606-878-5538x013', 'branch_id': 102, 'table_id': 204, 'is_prebooked': False, 'checkin_date': '2025-07-18', 'checkin_time': '17:44', 'guests_count': 6, 'shift_manager': 'Shannon Scott'}
[2025-07-18T18:07:33.341+0000] {subprocess.py:93} INFO - [✓] Sent to feedback: {'feedback_id': 9343, 'branch_id': 102, 'customer_name': 'Sabrina Huynh', 'phone_number': '482.562.3791', 'feedback_text': 'Say office other number contain hear.', 'rating': 1, 'dining_date': '2025-07-18', 'dining_time': '16:55', 'submission_time': '2025-07-18T18:07:30'}
[2025-07-18T18:07:33.342+0000] {subprocess.py:93} INFO - [✓] Sent to feedback: {'feedback_id': 8299, 'branch_id': 102, 'customer_name': 'Dustin Griffin', 'phone_number': '660-437-7172', 'feedback_text': 'Sit person economic.', 'rating': 3, 'dining_date': '2025-07-18', 'dining_time': '18:07', 'submission_time': '2025-07-18T18:07:30'}
[2025-07-18T18:07:33.342+0000] {subprocess.py:93} INFO - [✓] Sent to feedback: {'feedback_id': 5602, 'branch_id': 101, 'customer_name': 'Julie Mccormick', 'phone_number': '893-907-3074x251', 'feedback_text': 'And response any car.', 'rating': 4, 'dining_date': '2025-07-18', 'dining_time': '17:43', 'submission_time': '2025-07-18T18:07:30'}
[2025-07-18T18:07:33.342+0000] {subprocess.py:93} INFO - ✅ All messages sent.
[2025-07-18T18:07:33.373+0000] {subprocess.py:97} INFO - Command exited with return code 0
[2025-07-18T18:07:33.388+0000] {taskinstance.py:1400} INFO - Marking task as SUCCESS. dag_id=restaurant_pipeline, task_id=send_to_kafka, execution_date=20250718T180606, start_date=20250718T180731, end_date=20250718T180733
[2025-07-18T18:07:33.404+0000] {local_task_job_runner.py:228} INFO - Task exited with return code 0
[2025-07-18T18:07:33.448+0000] {taskinstance.py:2778} INFO - 1 downstream tasks scheduled from follow-on schedule check
