[2025-07-18T16:34:02.248+0000] {taskinstance.py:1159} INFO - Dependencies all met for dep_context=non-requeueable deps ti=<TaskInstance: restaurant_pipeline.send_to_kafka scheduled__2025-07-18T16:32:00+00:00 [queued]>
[2025-07-18T16:34:02.258+0000] {taskinstance.py:1159} INFO - Dependencies all met for dep_context=requeueable deps ti=<TaskInstance: restaurant_pipeline.send_to_kafka scheduled__2025-07-18T16:32:00+00:00 [queued]>
[2025-07-18T16:34:02.259+0000] {taskinstance.py:1361} INFO - Starting attempt 1 of 1
[2025-07-18T16:34:02.268+0000] {taskinstance.py:1382} INFO - Executing <Task(BashOperator): send_to_kafka> on 2025-07-18 16:32:00+00:00
[2025-07-18T16:34:02.271+0000] {standard_task_runner.py:57} INFO - Started process 1575 to run task
[2025-07-18T16:34:02.278+0000] {standard_task_runner.py:84} INFO - Running: ['***', 'tasks', 'run', 'restaurant_pipeline', 'send_to_kafka', 'scheduled__2025-07-18T16:32:00+00:00', '--job-id', '208', '--raw', '--subdir', 'DAGS_FOLDER/restaurant_pipeline.py', '--cfg-path', '/tmp/tmp9ev827og']
[2025-07-18T16:34:02.282+0000] {standard_task_runner.py:85} INFO - Job 208: Subtask send_to_kafka
[2025-07-18T16:34:02.324+0000] {task_command.py:416} INFO - Running <TaskInstance: restaurant_pipeline.send_to_kafka scheduled__2025-07-18T16:32:00+00:00 [running]> on host 9bcfb43e0ab7
[2025-07-18T16:34:02.370+0000] {taskinstance.py:1662} INFO - Exporting env vars: AIRFLOW_CTX_DAG_OWNER='moran' AIRFLOW_CTX_DAG_ID='restaurant_pipeline' AIRFLOW_CTX_TASK_ID='send_to_kafka' AIRFLOW_CTX_EXECUTION_DATE='2025-07-18T16:32:00+00:00' AIRFLOW_CTX_TRY_NUMBER='1' AIRFLOW_CTX_DAG_RUN_ID='scheduled__2025-07-18T16:32:00+00:00'
[2025-07-18T16:34:02.370+0000] {subprocess.py:63} INFO - Tmp dir root location: /tmp
[2025-07-18T16:34:02.371+0000] {subprocess.py:75} INFO - Running command: ['/bin/bash', '-c', 'python /opt/streaming/producer.py']
[2025-07-18T16:34:02.375+0000] {subprocess.py:86} INFO - Output:
[2025-07-18T16:34:04.669+0000] {subprocess.py:93} INFO - [✓] Sent to reservations: {'reservation_id': 6211, 'branch_id': 102, 'customer_name': 'Casey Dorsey', 'phone_number': '(932)560-6638', 'reservation_date': '2025-07-18', 'reservation_time': '17:53', 'guests_count': 4, 'is_confirmed': False}
[2025-07-18T16:34:04.675+0000] {subprocess.py:93} INFO - [✓] Sent to reservations: {'reservation_id': 5701, 'branch_id': 102, 'customer_name': 'Jill King', 'phone_number': '001-454-616-4504x30127', 'reservation_date': '2025-07-18', 'reservation_time': '17:21', 'guests_count': 7, 'is_confirmed': True}
[2025-07-18T16:34:04.679+0000] {subprocess.py:93} INFO - [✓] Sent to reservations: {'reservation_id': 1463, 'branch_id': 102, 'customer_name': 'Arthur Banks', 'phone_number': '944-679-5566', 'reservation_date': '2025-07-18', 'reservation_time': '17:01', 'guests_count': 3, 'is_confirmed': True}
[2025-07-18T16:34:04.679+0000] {subprocess.py:93} INFO - [✓] Sent to checkins: {'checkin_id': 4259, 'customer_name': 'Rebecca Garcia', 'phone_number': '(933)226-9071x54211', 'branch_id': 101, 'table_id': 208, 'is_prebooked': False, 'checkin_date': '2025-07-18', 'checkin_time': '15:30', 'guests_count': 1, 'shift_manager': 'Elizabeth Wright'}
[2025-07-18T16:34:04.679+0000] {subprocess.py:93} INFO - [✓] Sent to checkins: {'checkin_id': 2593, 'customer_name': 'Michael Murray', 'phone_number': '001-500-689-4999x563', 'branch_id': 102, 'table_id': 210, 'is_prebooked': False, 'checkin_date': '2025-07-18', 'checkin_time': '15:31', 'guests_count': 4, 'shift_manager': 'Evan Wells'}
[2025-07-18T16:34:04.680+0000] {subprocess.py:93} INFO - [✓] Sent to checkins: {'checkin_id': 1044, 'customer_name': 'Dylan Butler', 'phone_number': '469-867-9663', 'branch_id': 101, 'table_id': 204, 'is_prebooked': True, 'checkin_date': '2025-07-18', 'checkin_time': '15:43', 'guests_count': 6, 'shift_manager': 'Jeanne Roberts'}
[2025-07-18T16:34:04.680+0000] {subprocess.py:93} INFO - [✓] Sent to feedback: {'feedback_id': 6184, 'branch_id': 101, 'customer_name': 'Amanda Gross', 'phone_number': '505-200-8658x9251', 'feedback_text': 'Which building need by might pass.', 'rating': 1, 'dining_date': '2025-07-18', 'dining_time': '14:42', 'submission_time': '2025-07-18T16:34:01'}
[2025-07-18T16:34:04.680+0000] {subprocess.py:93} INFO - [✓] Sent to feedback: {'feedback_id': 7554, 'branch_id': 101, 'customer_name': 'Bryan Ward', 'phone_number': '764-479-0512x372', 'feedback_text': 'One pass what.', 'rating': 4, 'dining_date': '2025-07-18', 'dining_time': '15:30', 'submission_time': '2025-07-18T16:34:01'}
[2025-07-18T16:34:04.681+0000] {subprocess.py:93} INFO - [✓] Sent to feedback: {'feedback_id': 8275, 'branch_id': 102, 'customer_name': 'Jessica Johnson', 'phone_number': '276-926-4521x33563', 'feedback_text': 'Bring protect church tax would present.', 'rating': 2, 'dining_date': '2025-07-18', 'dining_time': '16:27', 'submission_time': '2025-07-18T16:34:01'}
[2025-07-18T16:34:04.682+0000] {subprocess.py:93} INFO - ✅ All messages sent.
[2025-07-18T16:34:04.898+0000] {subprocess.py:97} INFO - Command exited with return code 0
[2025-07-18T16:34:05.005+0000] {taskinstance.py:1400} INFO - Marking task as SUCCESS. dag_id=restaurant_pipeline, task_id=send_to_kafka, execution_date=20250718T163200, start_date=20250718T163402, end_date=20250718T163405
[2025-07-18T16:34:05.077+0000] {local_task_job_runner.py:228} INFO - Task exited with return code 0
[2025-07-18T16:34:05.150+0000] {taskinstance.py:2778} INFO - 1 downstream tasks scheduled from follow-on schedule check
