[2025-07-19T19:03:46.489+0000] {taskinstance.py:1159} INFO - Dependencies all met for dep_context=non-requeueable deps ti=<TaskInstance: restaurant_pipeline.send_to_kafka scheduled__2025-07-19T19:00:00+00:00 [queued]>
[2025-07-19T19:03:46.493+0000] {taskinstance.py:1159} INFO - Dependencies all met for dep_context=requeueable deps ti=<TaskInstance: restaurant_pipeline.send_to_kafka scheduled__2025-07-19T19:00:00+00:00 [queued]>
[2025-07-19T19:03:46.493+0000] {taskinstance.py:1361} INFO - Starting attempt 1 of 1
[2025-07-19T19:03:46.498+0000] {taskinstance.py:1382} INFO - Executing <Task(BashOperator): send_to_kafka> on 2025-07-19 19:00:00+00:00
[2025-07-19T19:03:46.501+0000] {standard_task_runner.py:57} INFO - Started process 1791 to run task
[2025-07-19T19:03:46.502+0000] {standard_task_runner.py:84} INFO - Running: ['***', 'tasks', 'run', 'restaurant_pipeline', 'send_to_kafka', 'scheduled__2025-07-19T19:00:00+00:00', '--job-id', '1062', '--raw', '--subdir', 'DAGS_FOLDER/restaurant_pipeline.py', '--cfg-path', '/tmp/tmpa72ktu4m']
[2025-07-19T19:03:46.504+0000] {standard_task_runner.py:85} INFO - Job 1062: Subtask send_to_kafka
[2025-07-19T19:03:46.525+0000] {task_command.py:416} INFO - Running <TaskInstance: restaurant_pipeline.send_to_kafka scheduled__2025-07-19T19:00:00+00:00 [running]> on host e3f5d8fc4eef
[2025-07-19T19:03:46.561+0000] {taskinstance.py:1662} INFO - Exporting env vars: AIRFLOW_CTX_DAG_OWNER='moran' AIRFLOW_CTX_DAG_ID='restaurant_pipeline' AIRFLOW_CTX_TASK_ID='send_to_kafka' AIRFLOW_CTX_EXECUTION_DATE='2025-07-19T19:00:00+00:00' AIRFLOW_CTX_TRY_NUMBER='1' AIRFLOW_CTX_DAG_RUN_ID='scheduled__2025-07-19T19:00:00+00:00'
[2025-07-19T19:03:46.561+0000] {subprocess.py:63} INFO - Tmp dir root location: /tmp
[2025-07-19T19:03:46.562+0000] {subprocess.py:75} INFO - Running command: ['/bin/bash', '-c', 'python /opt/streaming/producer.py']
[2025-07-19T19:03:46.566+0000] {subprocess.py:86} INFO - Output:
[2025-07-19T19:03:48.799+0000] {subprocess.py:93} INFO - [✓] Sent to reservations: {'reservation_id': 3897, 'branch_id': 102, 'customer_name': 'Jennifer Jackson', 'phone_number': '+1-221-302-1864x880', 'reservation_date': '2025-07-19', 'reservation_time': '19:40', 'guests_count': 7, 'is_confirmed': False}
[2025-07-19T19:03:48.805+0000] {subprocess.py:93} INFO - [✓] Sent to reservations: {'reservation_id': 1194, 'branch_id': 102, 'customer_name': 'Matthew Watson', 'phone_number': '+1-608-552-6356x63286', 'reservation_date': '2025-07-19', 'reservation_time': '20:24', 'guests_count': 5, 'is_confirmed': True}
[2025-07-19T19:03:48.806+0000] {subprocess.py:93} INFO - [✓] Sent to reservations: {'reservation_id': 4971, 'branch_id': 102, 'customer_name': 'Mathew Miller', 'phone_number': '001-489-625-4744x587', 'reservation_date': '2025-07-19', 'reservation_time': '20:28', 'guests_count': 3, 'is_confirmed': True}
[2025-07-19T19:03:48.807+0000] {subprocess.py:93} INFO - [✓] Sent to checkins: {'checkin_id': 9138, 'customer_name': 'Michael Thomas', 'phone_number': '814-593-8496x21528', 'branch_id': 101, 'table_id': 209, 'is_prebooked': False, 'checkin_date': '2025-07-19', 'checkin_time': '18:30', 'guests_count': 4, 'shift_manager': 'Tom Parker'}
[2025-07-19T19:03:48.809+0000] {subprocess.py:93} INFO - [✓] Sent to checkins: {'checkin_id': 9240, 'customer_name': 'Juan Marsh', 'phone_number': '001-567-786-9443', 'branch_id': 101, 'table_id': 202, 'is_prebooked': True, 'checkin_date': '2025-07-19', 'checkin_time': '17:40', 'guests_count': 1, 'shift_manager': 'Jacob Clarke'}
[2025-07-19T19:03:48.811+0000] {subprocess.py:93} INFO - [✓] Sent to checkins: {'checkin_id': 7597, 'customer_name': 'Wayne Allison', 'phone_number': '450.517.1079x11731', 'branch_id': 101, 'table_id': 208, 'is_prebooked': True, 'checkin_date': '2025-07-19', 'checkin_time': '17:52', 'guests_count': 4, 'shift_manager': 'Joseph Lewis'}
[2025-07-19T19:03:48.813+0000] {subprocess.py:93} INFO - [✓] Sent to feedback: {'feedback_id': 2253, 'branch_id': 102, 'customer_name': 'Jennifer Phelps', 'phone_number': '692-991-8989', 'feedback_text': 'Citizen see believe analysis.', 'rating': 2, 'dining_date': '2025-07-19', 'dining_time': '17:03', 'submission_time': '2025-07-19T19:03:45'}
[2025-07-19T19:03:48.813+0000] {subprocess.py:93} INFO - [✓] Sent to feedback: {'feedback_id': 4438, 'branch_id': 102, 'customer_name': 'Noah George', 'phone_number': '+1-880-335-4963x517', 'feedback_text': 'Picture less talk adult.', 'rating': 5, 'dining_date': '2025-07-19', 'dining_time': '18:14', 'submission_time': '2025-07-19T19:03:45'}
[2025-07-19T19:03:48.814+0000] {subprocess.py:93} INFO - [✓] Sent to feedback: {'feedback_id': 7491, 'branch_id': 101, 'customer_name': 'Teresa Frye', 'phone_number': '731.865.0881', 'feedback_text': 'Recently high inside begin agree.', 'rating': 3, 'dining_date': '2025-07-19', 'dining_time': '17:57', 'submission_time': '2025-07-19T19:03:45'}
[2025-07-19T19:03:48.814+0000] {subprocess.py:93} INFO - ✅ All messages sent.
[2025-07-19T19:03:48.854+0000] {subprocess.py:97} INFO - Command exited with return code 0
[2025-07-19T19:03:48.874+0000] {taskinstance.py:1400} INFO - Marking task as SUCCESS. dag_id=restaurant_pipeline, task_id=send_to_kafka, execution_date=20250719T190000, start_date=20250719T190346, end_date=20250719T190348
[2025-07-19T19:03:48.919+0000] {local_task_job_runner.py:228} INFO - Task exited with return code 0
[2025-07-19T19:03:48.947+0000] {taskinstance.py:2778} INFO - 1 downstream tasks scheduled from follow-on schedule check
