[2025-07-19T21:02:09.840+0000] {taskinstance.py:1159} INFO - Dependencies all met for dep_context=non-requeueable deps ti=<TaskInstance: restaurant_pipeline.send_to_kafka scheduled__2025-07-19T21:00:00+00:00 [queued]>
[2025-07-19T21:02:09.845+0000] {taskinstance.py:1159} INFO - Dependencies all met for dep_context=requeueable deps ti=<TaskInstance: restaurant_pipeline.send_to_kafka scheduled__2025-07-19T21:00:00+00:00 [queued]>
[2025-07-19T21:02:09.845+0000] {taskinstance.py:1361} INFO - Starting attempt 1 of 1
[2025-07-19T21:02:09.851+0000] {taskinstance.py:1382} INFO - Executing <Task(BashOperator): send_to_kafka> on 2025-07-19 21:00:00+00:00
[2025-07-19T21:02:09.854+0000] {standard_task_runner.py:57} INFO - Started process 4031 to run task
[2025-07-19T21:02:09.856+0000] {standard_task_runner.py:84} INFO - Running: ['***', 'tasks', 'run', 'restaurant_pipeline', 'send_to_kafka', 'scheduled__2025-07-19T21:00:00+00:00', '--job-id', '1226', '--raw', '--subdir', 'DAGS_FOLDER/restaurant_pipeline.py', '--cfg-path', '/tmp/tmp3gl7_3_o']
[2025-07-19T21:02:09.858+0000] {standard_task_runner.py:85} INFO - Job 1226: Subtask send_to_kafka
[2025-07-19T21:02:09.886+0000] {task_command.py:416} INFO - Running <TaskInstance: restaurant_pipeline.send_to_kafka scheduled__2025-07-19T21:00:00+00:00 [running]> on host e3f5d8fc4eef
[2025-07-19T21:02:09.938+0000] {taskinstance.py:1662} INFO - Exporting env vars: AIRFLOW_CTX_DAG_OWNER='moran' AIRFLOW_CTX_DAG_ID='restaurant_pipeline' AIRFLOW_CTX_TASK_ID='send_to_kafka' AIRFLOW_CTX_EXECUTION_DATE='2025-07-19T21:00:00+00:00' AIRFLOW_CTX_TRY_NUMBER='1' AIRFLOW_CTX_DAG_RUN_ID='scheduled__2025-07-19T21:00:00+00:00'
[2025-07-19T21:02:09.939+0000] {subprocess.py:63} INFO - Tmp dir root location: /tmp
[2025-07-19T21:02:09.940+0000] {subprocess.py:75} INFO - Running command: ['/bin/bash', '-c', 'python /opt/streaming/producer.py']
[2025-07-19T21:02:09.946+0000] {subprocess.py:86} INFO - Output:
[2025-07-19T21:02:12.269+0000] {subprocess.py:93} INFO - [✓] Sent to reservations: {'reservation_id': 1926, 'branch_id': 102, 'customer_name': 'Diana Alvarado', 'phone_number': '436.777.7457x3332', 'reservation_date': '2025-07-19', 'reservation_time': '22:21', 'guests_count': 8, 'is_confirmed': False}
[2025-07-19T21:02:12.273+0000] {subprocess.py:93} INFO - [✓] Sent to reservations: {'reservation_id': 5019, 'branch_id': 102, 'customer_name': 'Linda Stewart', 'phone_number': '850.430.9178x66335', 'reservation_date': '2025-07-19', 'reservation_time': '22:53', 'guests_count': 8, 'is_confirmed': True}
[2025-07-19T21:02:12.276+0000] {subprocess.py:93} INFO - [✓] Sent to reservations: {'reservation_id': 7604, 'branch_id': 101, 'customer_name': 'Joseph Adams', 'phone_number': '485.565.2378x5945', 'reservation_date': '2025-07-19', 'reservation_time': '21:43', 'guests_count': 6, 'is_confirmed': False}
[2025-07-19T21:02:12.276+0000] {subprocess.py:93} INFO - [✓] Sent to checkins: {'checkin_id': 4569, 'customer_name': 'Willie Ward', 'phone_number': '001-815-308-4054x429', 'branch_id': 102, 'table_id': 205, 'is_prebooked': False, 'checkin_date': '2025-07-19', 'checkin_time': '19:50', 'guests_count': 3, 'shift_manager': 'Lisa Jackson'}
[2025-07-19T21:02:12.277+0000] {subprocess.py:93} INFO - [✓] Sent to checkins: {'checkin_id': 9849, 'customer_name': 'Arthur Anderson', 'phone_number': '679-747-7573x87346', 'branch_id': 102, 'table_id': 205, 'is_prebooked': True, 'checkin_date': '2025-07-19', 'checkin_time': '19:44', 'guests_count': 4, 'shift_manager': 'Michael Gomez'}
[2025-07-19T21:02:12.277+0000] {subprocess.py:93} INFO - [✓] Sent to checkins: {'checkin_id': 2952, 'customer_name': 'Carol Navarro', 'phone_number': '(304)280-0047x0728', 'branch_id': 102, 'table_id': 210, 'is_prebooked': False, 'checkin_date': '2025-07-19', 'checkin_time': '20:33', 'guests_count': 5, 'shift_manager': 'Raymond Mcbride'}
[2025-07-19T21:02:12.277+0000] {subprocess.py:93} INFO - [✓] Sent to feedback: {'feedback_id': 6808, 'branch_id': 102, 'customer_name': 'Ryan Medina', 'phone_number': '+1-922-676-0969x3192', 'feedback_text': 'Education history military.', 'rating': 3, 'dining_date': '2025-07-19', 'dining_time': '19:38', 'submission_time': '2025-07-19T21:02:08'}
[2025-07-19T21:02:12.277+0000] {subprocess.py:93} INFO - [✓] Sent to feedback: {'feedback_id': 8924, 'branch_id': 101, 'customer_name': 'Michelle Olsen', 'phone_number': '625.761.7258x5776', 'feedback_text': 'That scene she cause hear back.', 'rating': 2, 'dining_date': '2025-07-19', 'dining_time': '19:23', 'submission_time': '2025-07-19T21:02:08'}
[2025-07-19T21:02:12.277+0000] {subprocess.py:93} INFO - [✓] Sent to feedback: {'feedback_id': 3533, 'branch_id': 101, 'customer_name': 'Laura Reynolds', 'phone_number': '462.262.2926', 'feedback_text': 'Everyone draw grow issue value.', 'rating': 3, 'dining_date': '2025-07-19', 'dining_time': '20:29', 'submission_time': '2025-07-19T21:02:08'}
[2025-07-19T21:02:12.278+0000] {subprocess.py:93} INFO - ✅ All messages sent.
[2025-07-19T21:02:12.306+0000] {subprocess.py:97} INFO - Command exited with return code 0
[2025-07-19T21:02:12.325+0000] {taskinstance.py:1400} INFO - Marking task as SUCCESS. dag_id=restaurant_pipeline, task_id=send_to_kafka, execution_date=20250719T210000, start_date=20250719T210209, end_date=20250719T210212
[2025-07-19T21:02:12.356+0000] {local_task_job_runner.py:228} INFO - Task exited with return code 0
[2025-07-19T21:02:12.384+0000] {taskinstance.py:2778} INFO - 1 downstream tasks scheduled from follow-on schedule check
