[2025-07-19T21:05:54.539+0000] {taskinstance.py:1159} INFO - Dependencies all met for dep_context=non-requeueable deps ti=<TaskInstance: restaurant_pipeline.send_to_kafka scheduled__2025-07-19T21:02:00+00:00 [queued]>
[2025-07-19T21:05:54.544+0000] {taskinstance.py:1159} INFO - Dependencies all met for dep_context=requeueable deps ti=<TaskInstance: restaurant_pipeline.send_to_kafka scheduled__2025-07-19T21:02:00+00:00 [queued]>
[2025-07-19T21:05:54.545+0000] {taskinstance.py:1361} INFO - Starting attempt 1 of 1
[2025-07-19T21:05:54.551+0000] {taskinstance.py:1382} INFO - Executing <Task(BashOperator): send_to_kafka> on 2025-07-19 21:02:00+00:00
[2025-07-19T21:05:54.554+0000] {standard_task_runner.py:57} INFO - Started process 4092 to run task
[2025-07-19T21:05:54.558+0000] {standard_task_runner.py:84} INFO - Running: ['***', 'tasks', 'run', 'restaurant_pipeline', 'send_to_kafka', 'scheduled__2025-07-19T21:02:00+00:00', '--job-id', '1230', '--raw', '--subdir', 'DAGS_FOLDER/restaurant_pipeline.py', '--cfg-path', '/tmp/tmpjewjpcv2']
[2025-07-19T21:05:54.561+0000] {standard_task_runner.py:85} INFO - Job 1230: Subtask send_to_kafka
[2025-07-19T21:05:54.631+0000] {task_command.py:416} INFO - Running <TaskInstance: restaurant_pipeline.send_to_kafka scheduled__2025-07-19T21:02:00+00:00 [running]> on host e3f5d8fc4eef
[2025-07-19T21:05:54.682+0000] {taskinstance.py:1662} INFO - Exporting env vars: AIRFLOW_CTX_DAG_OWNER='moran' AIRFLOW_CTX_DAG_ID='restaurant_pipeline' AIRFLOW_CTX_TASK_ID='send_to_kafka' AIRFLOW_CTX_EXECUTION_DATE='2025-07-19T21:02:00+00:00' AIRFLOW_CTX_TRY_NUMBER='1' AIRFLOW_CTX_DAG_RUN_ID='scheduled__2025-07-19T21:02:00+00:00'
[2025-07-19T21:05:54.683+0000] {subprocess.py:63} INFO - Tmp dir root location: /tmp
[2025-07-19T21:05:54.684+0000] {subprocess.py:75} INFO - Running command: ['/bin/bash', '-c', 'python /opt/streaming/producer.py']
[2025-07-19T21:05:54.692+0000] {subprocess.py:86} INFO - Output:
[2025-07-19T21:05:57.186+0000] {subprocess.py:93} INFO - [✓] Sent to reservations: {'reservation_id': 4132, 'branch_id': 102, 'customer_name': 'Alec Pena', 'phone_number': '580-587-7440x00111', 'reservation_date': '2025-07-19', 'reservation_time': '21:51', 'guests_count': 5, 'is_confirmed': True}
[2025-07-19T21:05:57.187+0000] {subprocess.py:93} INFO - [✓] Sent to reservations: {'reservation_id': 3672, 'branch_id': 102, 'customer_name': 'Amy Rodriguez', 'phone_number': '(738)780-9718', 'reservation_date': '2025-07-19', 'reservation_time': '22:11', 'guests_count': 5, 'is_confirmed': False}
[2025-07-19T21:05:57.187+0000] {subprocess.py:93} INFO - [✓] Sent to reservations: {'reservation_id': 4708, 'branch_id': 102, 'customer_name': 'Erica Jordan', 'phone_number': '855.205.9781x900', 'reservation_date': '2025-07-19', 'reservation_time': '21:46', 'guests_count': 8, 'is_confirmed': True}
[2025-07-19T21:05:57.188+0000] {subprocess.py:93} INFO - [✓] Sent to checkins: {'checkin_id': 4802, 'customer_name': 'Deborah Montoya', 'phone_number': '(271)854-0058', 'branch_id': 102, 'table_id': 206, 'is_prebooked': True, 'checkin_date': '2025-07-19', 'checkin_time': '19:45', 'guests_count': 5, 'shift_manager': 'Lori Kirk'}
[2025-07-19T21:05:57.188+0000] {subprocess.py:93} INFO - [✓] Sent to checkins: {'checkin_id': 5936, 'customer_name': 'Marvin Cantu', 'phone_number': '001-564-521-4517x00594', 'branch_id': 101, 'table_id': 204, 'is_prebooked': False, 'checkin_date': '2025-07-19', 'checkin_time': '20:23', 'guests_count': 1, 'shift_manager': 'Zachary Hammond'}
[2025-07-19T21:05:57.189+0000] {subprocess.py:93} INFO - [✓] Sent to checkins: {'checkin_id': 1060, 'customer_name': 'Donna Glover', 'phone_number': '(577)574-1106x07583', 'branch_id': 102, 'table_id': 204, 'is_prebooked': False, 'checkin_date': '2025-07-19', 'checkin_time': '20:23', 'guests_count': 4, 'shift_manager': 'Alex Mata'}
[2025-07-19T21:05:57.189+0000] {subprocess.py:93} INFO - [✓] Sent to feedback: {'feedback_id': 5586, 'branch_id': 101, 'customer_name': 'Jessica Obrien', 'phone_number': '974.719.8289', 'feedback_text': 'Song perhaps kind include machine compare.', 'rating': 5, 'dining_date': '2025-07-19', 'dining_time': '20:35', 'submission_time': '2025-07-19T21:05:54'}
[2025-07-19T21:05:57.189+0000] {subprocess.py:93} INFO - [✓] Sent to feedback: {'feedback_id': 4312, 'branch_id': 101, 'customer_name': 'Sheryl Smith', 'phone_number': '+1-260-751-2721x8544', 'feedback_text': 'Able laugh newspaper radio lay star create.', 'rating': 2, 'dining_date': '2025-07-19', 'dining_time': '20:37', 'submission_time': '2025-07-19T21:05:54'}
[2025-07-19T21:05:57.190+0000] {subprocess.py:93} INFO - [✓] Sent to feedback: {'feedback_id': 9791, 'branch_id': 101, 'customer_name': 'Lisa Rivera', 'phone_number': '6972939656', 'feedback_text': 'Professor debate nice week.', 'rating': 4, 'dining_date': '2025-07-19', 'dining_time': '20:31', 'submission_time': '2025-07-19T21:05:54'}
[2025-07-19T21:05:57.190+0000] {subprocess.py:93} INFO - ✅ All messages sent.
[2025-07-19T21:05:57.227+0000] {subprocess.py:97} INFO - Command exited with return code 0
[2025-07-19T21:05:57.243+0000] {taskinstance.py:1400} INFO - Marking task as SUCCESS. dag_id=restaurant_pipeline, task_id=send_to_kafka, execution_date=20250719T210200, start_date=20250719T210554, end_date=20250719T210557
[2025-07-19T21:05:57.286+0000] {local_task_job_runner.py:228} INFO - Task exited with return code 0
[2025-07-19T21:05:57.313+0000] {taskinstance.py:2778} INFO - 1 downstream tasks scheduled from follow-on schedule check
