[2025-07-19T19:36:57.437+0000] {taskinstance.py:1159} INFO - Dependencies all met for dep_context=non-requeueable deps ti=<TaskInstance: restaurant_pipeline.send_to_kafka scheduled__2025-07-19T19:34:00+00:00 [queued]>
[2025-07-19T19:36:57.441+0000] {taskinstance.py:1159} INFO - Dependencies all met for dep_context=requeueable deps ti=<TaskInstance: restaurant_pipeline.send_to_kafka scheduled__2025-07-19T19:34:00+00:00 [queued]>
[2025-07-19T19:36:57.441+0000] {taskinstance.py:1361} INFO - Starting attempt 1 of 1
[2025-07-19T19:36:57.447+0000] {taskinstance.py:1382} INFO - Executing <Task(BashOperator): send_to_kafka> on 2025-07-19 19:34:00+00:00
[2025-07-19T19:36:57.449+0000] {standard_task_runner.py:57} INFO - Started process 2486 to run task
[2025-07-19T19:36:57.451+0000] {standard_task_runner.py:84} INFO - Running: ['***', 'tasks', 'run', 'restaurant_pipeline', 'send_to_kafka', 'scheduled__2025-07-19T19:34:00+00:00', '--job-id', '1118', '--raw', '--subdir', 'DAGS_FOLDER/restaurant_pipeline.py', '--cfg-path', '/tmp/tmpfd_2n6zs']
[2025-07-19T19:36:57.452+0000] {standard_task_runner.py:85} INFO - Job 1118: Subtask send_to_kafka
[2025-07-19T19:36:57.474+0000] {task_command.py:416} INFO - Running <TaskInstance: restaurant_pipeline.send_to_kafka scheduled__2025-07-19T19:34:00+00:00 [running]> on host e3f5d8fc4eef
[2025-07-19T19:36:57.510+0000] {taskinstance.py:1662} INFO - Exporting env vars: AIRFLOW_CTX_DAG_OWNER='moran' AIRFLOW_CTX_DAG_ID='restaurant_pipeline' AIRFLOW_CTX_TASK_ID='send_to_kafka' AIRFLOW_CTX_EXECUTION_DATE='2025-07-19T19:34:00+00:00' AIRFLOW_CTX_TRY_NUMBER='1' AIRFLOW_CTX_DAG_RUN_ID='scheduled__2025-07-19T19:34:00+00:00'
[2025-07-19T19:36:57.511+0000] {subprocess.py:63} INFO - Tmp dir root location: /tmp
[2025-07-19T19:36:57.511+0000] {subprocess.py:75} INFO - Running command: ['/bin/bash', '-c', 'python /opt/streaming/producer.py']
[2025-07-19T19:36:57.515+0000] {subprocess.py:86} INFO - Output:
[2025-07-19T19:36:59.767+0000] {subprocess.py:93} INFO - [✓] Sent to reservations: {'reservation_id': 4511, 'branch_id': 101, 'customer_name': 'Alan Elliott', 'phone_number': '(617)454-2826x0425', 'reservation_date': '2025-07-19', 'reservation_time': '20:58', 'guests_count': 2, 'is_confirmed': False}
[2025-07-19T19:36:59.768+0000] {subprocess.py:93} INFO - [✓] Sent to reservations: {'reservation_id': 9080, 'branch_id': 101, 'customer_name': 'Nichole Mcdonald', 'phone_number': '(305)520-5426x3645', 'reservation_date': '2025-07-19', 'reservation_time': '20:09', 'guests_count': 4, 'is_confirmed': True}
[2025-07-19T19:36:59.769+0000] {subprocess.py:93} INFO - [✓] Sent to reservations: {'reservation_id': 4105, 'branch_id': 102, 'customer_name': 'Mr. Brian Murray MD', 'phone_number': '(995)314-4232', 'reservation_date': '2025-07-19', 'reservation_time': '20:26', 'guests_count': 2, 'is_confirmed': False}
[2025-07-19T19:36:59.770+0000] {subprocess.py:93} INFO - [✓] Sent to checkins: {'checkin_id': 8466, 'customer_name': 'Thomas Conrad', 'phone_number': '366-603-6202x00231', 'branch_id': 101, 'table_id': 200, 'is_prebooked': False, 'checkin_date': '2025-07-19', 'checkin_time': '17:45', 'guests_count': 5, 'shift_manager': 'Christopher Ellis'}
[2025-07-19T19:36:59.770+0000] {subprocess.py:93} INFO - [✓] Sent to checkins: {'checkin_id': 9316, 'customer_name': 'Patrick Barron', 'phone_number': '001-286-517-4807x9797', 'branch_id': 101, 'table_id': 210, 'is_prebooked': False, 'checkin_date': '2025-07-19', 'checkin_time': '18:48', 'guests_count': 1, 'shift_manager': 'Ryan Nguyen'}
[2025-07-19T19:36:59.770+0000] {subprocess.py:93} INFO - [✓] Sent to checkins: {'checkin_id': 4920, 'customer_name': 'Heather Butler', 'phone_number': '298.790.3052x8879', 'branch_id': 101, 'table_id': 205, 'is_prebooked': True, 'checkin_date': '2025-07-19', 'checkin_time': '18:15', 'guests_count': 4, 'shift_manager': 'Christy Carter'}
[2025-07-19T19:36:59.771+0000] {subprocess.py:93} INFO - [✓] Sent to feedback: {'feedback_id': 7181, 'branch_id': 102, 'customer_name': 'Justin Garcia', 'phone_number': '787.906.6194x295', 'feedback_text': 'Series together degree of.', 'rating': 4, 'dining_date': '2025-07-19', 'dining_time': '18:54', 'submission_time': '2025-07-19T19:36:56'}
[2025-07-19T19:36:59.771+0000] {subprocess.py:93} INFO - [✓] Sent to feedback: {'feedback_id': 8011, 'branch_id': 102, 'customer_name': 'Mark Prince', 'phone_number': '(996)386-4600x206', 'feedback_text': 'Behind kitchen both far cultural send second cause.', 'rating': 4, 'dining_date': '2025-07-19', 'dining_time': '19:24', 'submission_time': '2025-07-19T19:36:56'}
[2025-07-19T19:36:59.772+0000] {subprocess.py:93} INFO - [✓] Sent to feedback: {'feedback_id': 1500, 'branch_id': 102, 'customer_name': 'Anna Taylor', 'phone_number': '+1-815-720-1374x96758', 'feedback_text': 'Money young still will.', 'rating': 4, 'dining_date': '2025-07-19', 'dining_time': '18:42', 'submission_time': '2025-07-19T19:36:56'}
[2025-07-19T19:36:59.772+0000] {subprocess.py:93} INFO - ✅ All messages sent.
[2025-07-19T19:36:59.819+0000] {subprocess.py:97} INFO - Command exited with return code 0
[2025-07-19T19:36:59.835+0000] {taskinstance.py:1400} INFO - Marking task as SUCCESS. dag_id=restaurant_pipeline, task_id=send_to_kafka, execution_date=20250719T193400, start_date=20250719T193657, end_date=20250719T193659
[2025-07-19T19:36:59.871+0000] {local_task_job_runner.py:228} INFO - Task exited with return code 0
[2025-07-19T19:36:59.898+0000] {taskinstance.py:2778} INFO - 1 downstream tasks scheduled from follow-on schedule check
