[2025-07-19T20:58:35.133+0000] {taskinstance.py:1159} INFO - Dependencies all met for dep_context=non-requeueable deps ti=<TaskInstance: restaurant_pipeline.send_to_kafka scheduled__2025-07-19T20:56:00+00:00 [queued]>
[2025-07-19T20:58:35.137+0000] {taskinstance.py:1159} INFO - Dependencies all met for dep_context=requeueable deps ti=<TaskInstance: restaurant_pipeline.send_to_kafka scheduled__2025-07-19T20:56:00+00:00 [queued]>
[2025-07-19T20:58:35.138+0000] {taskinstance.py:1361} INFO - Starting attempt 1 of 1
[2025-07-19T20:58:35.143+0000] {taskinstance.py:1382} INFO - Executing <Task(BashOperator): send_to_kafka> on 2025-07-19 20:56:00+00:00
[2025-07-19T20:58:35.146+0000] {standard_task_runner.py:57} INFO - Started process 3971 to run task
[2025-07-19T20:58:35.149+0000] {standard_task_runner.py:84} INFO - Running: ['***', 'tasks', 'run', 'restaurant_pipeline', 'send_to_kafka', 'scheduled__2025-07-19T20:56:00+00:00', '--job-id', '1222', '--raw', '--subdir', 'DAGS_FOLDER/restaurant_pipeline.py', '--cfg-path', '/tmp/tmpocccdfnn']
[2025-07-19T20:58:35.151+0000] {standard_task_runner.py:85} INFO - Job 1222: Subtask send_to_kafka
[2025-07-19T20:58:35.176+0000] {task_command.py:416} INFO - Running <TaskInstance: restaurant_pipeline.send_to_kafka scheduled__2025-07-19T20:56:00+00:00 [running]> on host e3f5d8fc4eef
[2025-07-19T20:58:35.217+0000] {taskinstance.py:1662} INFO - Exporting env vars: AIRFLOW_CTX_DAG_OWNER='moran' AIRFLOW_CTX_DAG_ID='restaurant_pipeline' AIRFLOW_CTX_TASK_ID='send_to_kafka' AIRFLOW_CTX_EXECUTION_DATE='2025-07-19T20:56:00+00:00' AIRFLOW_CTX_TRY_NUMBER='1' AIRFLOW_CTX_DAG_RUN_ID='scheduled__2025-07-19T20:56:00+00:00'
[2025-07-19T20:58:35.218+0000] {subprocess.py:63} INFO - Tmp dir root location: /tmp
[2025-07-19T20:58:35.218+0000] {subprocess.py:75} INFO - Running command: ['/bin/bash', '-c', 'python /opt/streaming/producer.py']
[2025-07-19T20:58:35.223+0000] {subprocess.py:86} INFO - Output:
[2025-07-19T20:58:37.494+0000] {subprocess.py:93} INFO - [✓] Sent to reservations: {'reservation_id': 3395, 'branch_id': 102, 'customer_name': 'Timothy Stein', 'phone_number': '3755017363', 'reservation_date': '2025-07-19', 'reservation_time': '22:01', 'guests_count': 3, 'is_confirmed': False}
[2025-07-19T20:58:37.499+0000] {subprocess.py:93} INFO - [✓] Sent to reservations: {'reservation_id': 2698, 'branch_id': 101, 'customer_name': 'Stephen Morse', 'phone_number': '829-685-6815x91497', 'reservation_date': '2025-07-19', 'reservation_time': '21:29', 'guests_count': 1, 'is_confirmed': False}
[2025-07-19T20:58:37.502+0000] {subprocess.py:93} INFO - [✓] Sent to reservations: {'reservation_id': 3602, 'branch_id': 102, 'customer_name': 'John Peters', 'phone_number': '(335)278-3751', 'reservation_date': '2025-07-19', 'reservation_time': '22:38', 'guests_count': 8, 'is_confirmed': False}
[2025-07-19T20:58:37.504+0000] {subprocess.py:93} INFO - [✓] Sent to checkins: {'checkin_id': 7172, 'customer_name': 'Nancy Bell', 'phone_number': '352-688-9594x17803', 'branch_id': 101, 'table_id': 205, 'is_prebooked': False, 'checkin_date': '2025-07-19', 'checkin_time': '20:16', 'guests_count': 5, 'shift_manager': 'Amy Rodriguez'}
[2025-07-19T20:58:37.506+0000] {subprocess.py:93} INFO - [✓] Sent to checkins: {'checkin_id': 2099, 'customer_name': 'Danielle Boyer', 'phone_number': '657.809.6934', 'branch_id': 101, 'table_id': 206, 'is_prebooked': True, 'checkin_date': '2025-07-19', 'checkin_time': '19:57', 'guests_count': 4, 'shift_manager': 'Jonathan Mathews'}
[2025-07-19T20:58:37.507+0000] {subprocess.py:93} INFO - [✓] Sent to checkins: {'checkin_id': 1930, 'customer_name': 'Jenna Jones', 'phone_number': '768.992.6534', 'branch_id': 102, 'table_id': 205, 'is_prebooked': False, 'checkin_date': '2025-07-19', 'checkin_time': '19:15', 'guests_count': 4, 'shift_manager': 'Levi Wall'}
[2025-07-19T20:58:37.507+0000] {subprocess.py:93} INFO - [✓] Sent to feedback: {'feedback_id': 4682, 'branch_id': 102, 'customer_name': 'Jennifer Banks', 'phone_number': '222.702.9064x28962', 'feedback_text': 'College add charge Mrs real against just person.', 'rating': 2, 'dining_date': '2025-07-19', 'dining_time': '20:04', 'submission_time': '2025-07-19T20:58:34'}
[2025-07-19T20:58:37.508+0000] {subprocess.py:93} INFO - [✓] Sent to feedback: {'feedback_id': 6155, 'branch_id': 102, 'customer_name': 'Zachary Johnson', 'phone_number': '650.390.1268x5950', 'feedback_text': 'Year over figure company likely up again.', 'rating': 1, 'dining_date': '2025-07-19', 'dining_time': '19:48', 'submission_time': '2025-07-19T20:58:34'}
[2025-07-19T20:58:37.508+0000] {subprocess.py:93} INFO - [✓] Sent to feedback: {'feedback_id': 3899, 'branch_id': 102, 'customer_name': 'Samantha Herrera', 'phone_number': '936-394-5237x068', 'feedback_text': 'New it me drug down board.', 'rating': 5, 'dining_date': '2025-07-19', 'dining_time': '19:35', 'submission_time': '2025-07-19T20:58:34'}
[2025-07-19T20:58:37.508+0000] {subprocess.py:93} INFO - ✅ All messages sent.
[2025-07-19T20:58:37.542+0000] {subprocess.py:97} INFO - Command exited with return code 0
[2025-07-19T20:58:37.559+0000] {taskinstance.py:1400} INFO - Marking task as SUCCESS. dag_id=restaurant_pipeline, task_id=send_to_kafka, execution_date=20250719T205600, start_date=20250719T205835, end_date=20250719T205837
[2025-07-19T20:58:37.582+0000] {local_task_job_runner.py:228} INFO - Task exited with return code 0
[2025-07-19T20:58:37.608+0000] {taskinstance.py:2778} INFO - 1 downstream tasks scheduled from follow-on schedule check
