[2025-07-19T20:08:41.624+0000] {taskinstance.py:1159} INFO - Dependencies all met for dep_context=non-requeueable deps ti=<TaskInstance: restaurant_pipeline.send_to_kafka scheduled__2025-07-19T20:06:00+00:00 [queued]>
[2025-07-19T20:08:41.627+0000] {taskinstance.py:1159} INFO - Dependencies all met for dep_context=requeueable deps ti=<TaskInstance: restaurant_pipeline.send_to_kafka scheduled__2025-07-19T20:06:00+00:00 [queued]>
[2025-07-19T20:08:41.628+0000] {taskinstance.py:1361} INFO - Starting attempt 1 of 1
[2025-07-19T20:08:41.633+0000] {taskinstance.py:1382} INFO - Executing <Task(BashOperator): send_to_kafka> on 2025-07-19 20:06:00+00:00
[2025-07-19T20:08:41.635+0000] {standard_task_runner.py:57} INFO - Started process 3084 to run task
[2025-07-19T20:08:41.637+0000] {standard_task_runner.py:84} INFO - Running: ['***', 'tasks', 'run', 'restaurant_pipeline', 'send_to_kafka', 'scheduled__2025-07-19T20:06:00+00:00', '--job-id', '1162', '--raw', '--subdir', 'DAGS_FOLDER/restaurant_pipeline.py', '--cfg-path', '/tmp/tmppy56pcrn']
[2025-07-19T20:08:41.639+0000] {standard_task_runner.py:85} INFO - Job 1162: Subtask send_to_kafka
[2025-07-19T20:08:41.663+0000] {task_command.py:416} INFO - Running <TaskInstance: restaurant_pipeline.send_to_kafka scheduled__2025-07-19T20:06:00+00:00 [running]> on host e3f5d8fc4eef
[2025-07-19T20:08:41.700+0000] {taskinstance.py:1662} INFO - Exporting env vars: AIRFLOW_CTX_DAG_OWNER='moran' AIRFLOW_CTX_DAG_ID='restaurant_pipeline' AIRFLOW_CTX_TASK_ID='send_to_kafka' AIRFLOW_CTX_EXECUTION_DATE='2025-07-19T20:06:00+00:00' AIRFLOW_CTX_TRY_NUMBER='1' AIRFLOW_CTX_DAG_RUN_ID='scheduled__2025-07-19T20:06:00+00:00'
[2025-07-19T20:08:41.701+0000] {subprocess.py:63} INFO - Tmp dir root location: /tmp
[2025-07-19T20:08:41.701+0000] {subprocess.py:75} INFO - Running command: ['/bin/bash', '-c', 'python /opt/streaming/producer.py']
[2025-07-19T20:08:41.705+0000] {subprocess.py:86} INFO - Output:
[2025-07-19T20:08:43.972+0000] {subprocess.py:93} INFO - [✓] Sent to reservations: {'reservation_id': 2539, 'branch_id': 102, 'customer_name': 'Thomas Gates', 'phone_number': '(647)839-5437x19638', 'reservation_date': '2025-07-19', 'reservation_time': '20:35', 'guests_count': 5, 'is_confirmed': False}
[2025-07-19T20:08:43.973+0000] {subprocess.py:93} INFO - [✓] Sent to reservations: {'reservation_id': 4065, 'branch_id': 101, 'customer_name': 'Cynthia Paul', 'phone_number': '587-650-6692', 'reservation_date': '2025-07-19', 'reservation_time': '21:37', 'guests_count': 7, 'is_confirmed': True}
[2025-07-19T20:08:43.974+0000] {subprocess.py:93} INFO - [✓] Sent to reservations: {'reservation_id': 8659, 'branch_id': 101, 'customer_name': 'Ashley Martinez', 'phone_number': '5222306746', 'reservation_date': '2025-07-19', 'reservation_time': '21:16', 'guests_count': 7, 'is_confirmed': True}
[2025-07-19T20:08:43.974+0000] {subprocess.py:93} INFO - [✓] Sent to checkins: {'checkin_id': 7114, 'customer_name': 'Ashley Townsend', 'phone_number': '+1-821-880-8724x06882', 'branch_id': 101, 'table_id': 206, 'is_prebooked': False, 'checkin_date': '2025-07-19', 'checkin_time': '20:03', 'guests_count': 6, 'shift_manager': 'Cheryl Singleton'}
[2025-07-19T20:08:43.975+0000] {subprocess.py:93} INFO - [✓] Sent to checkins: {'checkin_id': 4106, 'customer_name': 'Danielle Johnson', 'phone_number': '439-993-2751x5383', 'branch_id': 102, 'table_id': 203, 'is_prebooked': True, 'checkin_date': '2025-07-19', 'checkin_time': '19:45', 'guests_count': 5, 'shift_manager': 'Briana Patton'}
[2025-07-19T20:08:43.975+0000] {subprocess.py:93} INFO - [✓] Sent to checkins: {'checkin_id': 7370, 'customer_name': 'Tamara Gibson', 'phone_number': '688-745-9419x688', 'branch_id': 102, 'table_id': 200, 'is_prebooked': True, 'checkin_date': '2025-07-19', 'checkin_time': '18:53', 'guests_count': 3, 'shift_manager': 'Mary Hunt'}
[2025-07-19T20:08:43.976+0000] {subprocess.py:93} INFO - [✓] Sent to feedback: {'feedback_id': 6596, 'branch_id': 101, 'customer_name': 'Michael Walters', 'phone_number': '913-763-9872x780', 'feedback_text': 'Human accept around.', 'rating': 1, 'dining_date': '2025-07-19', 'dining_time': '20:08', 'submission_time': '2025-07-19T20:08:40'}
[2025-07-19T20:08:43.976+0000] {subprocess.py:93} INFO - [✓] Sent to feedback: {'feedback_id': 6560, 'branch_id': 101, 'customer_name': 'Gary Hughes', 'phone_number': '8893654885', 'feedback_text': 'Clear her issue reason range determine station.', 'rating': 4, 'dining_date': '2025-07-19', 'dining_time': '19:56', 'submission_time': '2025-07-19T20:08:40'}
[2025-07-19T20:08:43.976+0000] {subprocess.py:93} INFO - [✓] Sent to feedback: {'feedback_id': 2231, 'branch_id': 102, 'customer_name': 'Alyssa Walker', 'phone_number': '+1-552-770-2511x603', 'feedback_text': 'Issue per drive perhaps bit sell statement.', 'rating': 1, 'dining_date': '2025-07-19', 'dining_time': '19:09', 'submission_time': '2025-07-19T20:08:40'}
[2025-07-19T20:08:43.977+0000] {subprocess.py:93} INFO - ✅ All messages sent.
[2025-07-19T20:08:44.025+0000] {subprocess.py:97} INFO - Command exited with return code 0
[2025-07-19T20:08:44.046+0000] {taskinstance.py:1400} INFO - Marking task as SUCCESS. dag_id=restaurant_pipeline, task_id=send_to_kafka, execution_date=20250719T200600, start_date=20250719T200841, end_date=20250719T200844
[2025-07-19T20:08:44.095+0000] {local_task_job_runner.py:228} INFO - Task exited with return code 0
[2025-07-19T20:08:44.122+0000] {taskinstance.py:2778} INFO - 1 downstream tasks scheduled from follow-on schedule check
