[2025-07-19T19:57:04.553+0000] {taskinstance.py:1159} INFO - Dependencies all met for dep_context=non-requeueable deps ti=<TaskInstance: restaurant_pipeline.send_to_kafka scheduled__2025-07-19T19:54:00+00:00 [queued]>
[2025-07-19T19:57:04.558+0000] {taskinstance.py:1159} INFO - Dependencies all met for dep_context=requeueable deps ti=<TaskInstance: restaurant_pipeline.send_to_kafka scheduled__2025-07-19T19:54:00+00:00 [queued]>
[2025-07-19T19:57:04.558+0000] {taskinstance.py:1361} INFO - Starting attempt 1 of 1
[2025-07-19T19:57:04.566+0000] {taskinstance.py:1382} INFO - Executing <Task(BashOperator): send_to_kafka> on 2025-07-19 19:54:00+00:00
[2025-07-19T19:57:04.569+0000] {standard_task_runner.py:57} INFO - Started process 2868 to run task
[2025-07-19T19:57:04.571+0000] {standard_task_runner.py:84} INFO - Running: ['***', 'tasks', 'run', 'restaurant_pipeline', 'send_to_kafka', 'scheduled__2025-07-19T19:54:00+00:00', '--job-id', '1146', '--raw', '--subdir', 'DAGS_FOLDER/restaurant_pipeline.py', '--cfg-path', '/tmp/tmp6ddrmafl']
[2025-07-19T19:57:04.574+0000] {standard_task_runner.py:85} INFO - Job 1146: Subtask send_to_kafka
[2025-07-19T19:57:04.602+0000] {task_command.py:416} INFO - Running <TaskInstance: restaurant_pipeline.send_to_kafka scheduled__2025-07-19T19:54:00+00:00 [running]> on host e3f5d8fc4eef
[2025-07-19T19:57:04.643+0000] {taskinstance.py:1662} INFO - Exporting env vars: AIRFLOW_CTX_DAG_OWNER='moran' AIRFLOW_CTX_DAG_ID='restaurant_pipeline' AIRFLOW_CTX_TASK_ID='send_to_kafka' AIRFLOW_CTX_EXECUTION_DATE='2025-07-19T19:54:00+00:00' AIRFLOW_CTX_TRY_NUMBER='1' AIRFLOW_CTX_DAG_RUN_ID='scheduled__2025-07-19T19:54:00+00:00'
[2025-07-19T19:57:04.643+0000] {subprocess.py:63} INFO - Tmp dir root location: /tmp
[2025-07-19T19:57:04.644+0000] {subprocess.py:75} INFO - Running command: ['/bin/bash', '-c', 'python /opt/streaming/producer.py']
[2025-07-19T19:57:04.649+0000] {subprocess.py:86} INFO - Output:
[2025-07-19T19:57:06.988+0000] {subprocess.py:93} INFO - [✓] Sent to reservations: {'reservation_id': 3955, 'branch_id': 101, 'customer_name': 'Michelle Mitchell', 'phone_number': '(568)420-9955x416', 'reservation_date': '2025-07-19', 'reservation_time': '21:31', 'guests_count': 2, 'is_confirmed': False}
[2025-07-19T19:57:06.994+0000] {subprocess.py:93} INFO - [✓] Sent to reservations: {'reservation_id': 1500, 'branch_id': 102, 'customer_name': 'Barbara Clark', 'phone_number': '001-738-947-8623', 'reservation_date': '2025-07-19', 'reservation_time': '21:19', 'guests_count': 8, 'is_confirmed': True}
[2025-07-19T19:57:06.995+0000] {subprocess.py:93} INFO - [✓] Sent to reservations: {'reservation_id': 4651, 'branch_id': 102, 'customer_name': 'Matthew Lawson', 'phone_number': '373-947-2373x395', 'reservation_date': '2025-07-19', 'reservation_time': '20:14', 'guests_count': 2, 'is_confirmed': True}
[2025-07-19T19:57:06.995+0000] {subprocess.py:93} INFO - [✓] Sent to checkins: {'checkin_id': 3172, 'customer_name': 'Rodney Bauer', 'phone_number': '(242)551-6271', 'branch_id': 101, 'table_id': 209, 'is_prebooked': False, 'checkin_date': '2025-07-19', 'checkin_time': '19:08', 'guests_count': 1, 'shift_manager': 'Kristy Wilcox'}
[2025-07-19T19:57:06.996+0000] {subprocess.py:93} INFO - [✓] Sent to checkins: {'checkin_id': 4839, 'customer_name': 'Michael Carter DDS', 'phone_number': '705-536-8337x6659', 'branch_id': 102, 'table_id': 204, 'is_prebooked': False, 'checkin_date': '2025-07-19', 'checkin_time': '19:35', 'guests_count': 4, 'shift_manager': 'William Young'}
[2025-07-19T19:57:06.997+0000] {subprocess.py:93} INFO - [✓] Sent to checkins: {'checkin_id': 5266, 'customer_name': 'Rodney Santos', 'phone_number': '931-875-6400', 'branch_id': 101, 'table_id': 209, 'is_prebooked': False, 'checkin_date': '2025-07-19', 'checkin_time': '19:01', 'guests_count': 6, 'shift_manager': 'Mary Patton'}
[2025-07-19T19:57:06.999+0000] {subprocess.py:93} INFO - [✓] Sent to feedback: {'feedback_id': 6884, 'branch_id': 102, 'customer_name': 'Rebecca Mccormick', 'phone_number': '+1-342-930-7204x1899', 'feedback_text': 'Feel box agreement democratic computer best teacher.', 'rating': 2, 'dining_date': '2025-07-19', 'dining_time': '19:47', 'submission_time': '2025-07-19T19:57:03'}
[2025-07-19T19:57:07.000+0000] {subprocess.py:93} INFO - [✓] Sent to feedback: {'feedback_id': 2393, 'branch_id': 102, 'customer_name': 'Alicia Jones', 'phone_number': '227.484.6487x494', 'feedback_text': 'History eye matter hospital blood station.', 'rating': 2, 'dining_date': '2025-07-19', 'dining_time': '19:27', 'submission_time': '2025-07-19T19:57:03'}
[2025-07-19T19:57:07.000+0000] {subprocess.py:93} INFO - [✓] Sent to feedback: {'feedback_id': 5331, 'branch_id': 102, 'customer_name': 'Evelyn Moore', 'phone_number': '812-864-8812', 'feedback_text': 'Individual family design daughter.', 'rating': 1, 'dining_date': '2025-07-19', 'dining_time': '19:29', 'submission_time': '2025-07-19T19:57:03'}
[2025-07-19T19:57:07.000+0000] {subprocess.py:93} INFO - ✅ All messages sent.
[2025-07-19T19:57:07.029+0000] {subprocess.py:97} INFO - Command exited with return code 0
[2025-07-19T19:57:07.043+0000] {taskinstance.py:1400} INFO - Marking task as SUCCESS. dag_id=restaurant_pipeline, task_id=send_to_kafka, execution_date=20250719T195400, start_date=20250719T195704, end_date=20250719T195707
[2025-07-19T19:57:07.067+0000] {local_task_job_runner.py:228} INFO - Task exited with return code 0
[2025-07-19T19:57:07.095+0000] {taskinstance.py:2778} INFO - 1 downstream tasks scheduled from follow-on schedule check
