[2025-07-19T19:48:07.457+0000] {taskinstance.py:1159} INFO - Dependencies all met for dep_context=non-requeueable deps ti=<TaskInstance: restaurant_pipeline.send_to_kafka scheduled__2025-07-19T19:46:00+00:00 [queued]>
[2025-07-19T19:48:07.461+0000] {taskinstance.py:1159} INFO - Dependencies all met for dep_context=requeueable deps ti=<TaskInstance: restaurant_pipeline.send_to_kafka scheduled__2025-07-19T19:46:00+00:00 [queued]>
[2025-07-19T19:48:07.461+0000] {taskinstance.py:1361} INFO - Starting attempt 1 of 1
[2025-07-19T19:48:07.466+0000] {taskinstance.py:1382} INFO - Executing <Task(BashOperator): send_to_kafka> on 2025-07-19 19:46:00+00:00
[2025-07-19T19:48:07.469+0000] {standard_task_runner.py:57} INFO - Started process 2699 to run task
[2025-07-19T19:48:07.471+0000] {standard_task_runner.py:84} INFO - Running: ['***', 'tasks', 'run', 'restaurant_pipeline', 'send_to_kafka', 'scheduled__2025-07-19T19:46:00+00:00', '--job-id', '1134', '--raw', '--subdir', 'DAGS_FOLDER/restaurant_pipeline.py', '--cfg-path', '/tmp/tmpn9dpxhaj']
[2025-07-19T19:48:07.473+0000] {standard_task_runner.py:85} INFO - Job 1134: Subtask send_to_kafka
[2025-07-19T19:48:07.494+0000] {task_command.py:416} INFO - Running <TaskInstance: restaurant_pipeline.send_to_kafka scheduled__2025-07-19T19:46:00+00:00 [running]> on host e3f5d8fc4eef
[2025-07-19T19:48:07.532+0000] {taskinstance.py:1662} INFO - Exporting env vars: AIRFLOW_CTX_DAG_OWNER='moran' AIRFLOW_CTX_DAG_ID='restaurant_pipeline' AIRFLOW_CTX_TASK_ID='send_to_kafka' AIRFLOW_CTX_EXECUTION_DATE='2025-07-19T19:46:00+00:00' AIRFLOW_CTX_TRY_NUMBER='1' AIRFLOW_CTX_DAG_RUN_ID='scheduled__2025-07-19T19:46:00+00:00'
[2025-07-19T19:48:07.533+0000] {subprocess.py:63} INFO - Tmp dir root location: /tmp
[2025-07-19T19:48:07.533+0000] {subprocess.py:75} INFO - Running command: ['/bin/bash', '-c', 'python /opt/streaming/producer.py']
[2025-07-19T19:48:07.538+0000] {subprocess.py:86} INFO - Output:
[2025-07-19T19:48:09.794+0000] {subprocess.py:93} INFO - [✓] Sent to reservations: {'reservation_id': 7312, 'branch_id': 101, 'customer_name': 'Deborah Davis', 'phone_number': '001-477-654-0936', 'reservation_date': '2025-07-19', 'reservation_time': '21:27', 'guests_count': 4, 'is_confirmed': False}
[2025-07-19T19:48:09.796+0000] {subprocess.py:93} INFO - [✓] Sent to reservations: {'reservation_id': 4807, 'branch_id': 101, 'customer_name': 'Craig Turner', 'phone_number': '669.768.2441x25769', 'reservation_date': '2025-07-19', 'reservation_time': '21:05', 'guests_count': 4, 'is_confirmed': True}
[2025-07-19T19:48:09.796+0000] {subprocess.py:93} INFO - [✓] Sent to reservations: {'reservation_id': 7672, 'branch_id': 102, 'customer_name': 'Samuel Combs', 'phone_number': '+1-824-315-3890x6511', 'reservation_date': '2025-07-19', 'reservation_time': '21:26', 'guests_count': 7, 'is_confirmed': False}
[2025-07-19T19:48:09.796+0000] {subprocess.py:93} INFO - [✓] Sent to checkins: {'checkin_id': 2789, 'customer_name': 'Maria Kim', 'phone_number': '(208)834-9705x41447', 'branch_id': 101, 'table_id': 206, 'is_prebooked': True, 'checkin_date': '2025-07-19', 'checkin_time': '17:57', 'guests_count': 3, 'shift_manager': 'Andrea Roman'}
[2025-07-19T19:48:09.797+0000] {subprocess.py:93} INFO - [✓] Sent to checkins: {'checkin_id': 3950, 'customer_name': 'William Perez', 'phone_number': '001-906-523-1242x493', 'branch_id': 101, 'table_id': 202, 'is_prebooked': False, 'checkin_date': '2025-07-19', 'checkin_time': '18:39', 'guests_count': 1, 'shift_manager': 'Brian Sanford'}
[2025-07-19T19:48:09.797+0000] {subprocess.py:93} INFO - [✓] Sent to checkins: {'checkin_id': 6438, 'customer_name': 'William Clements DDS', 'phone_number': '958-552-4897x48855', 'branch_id': 102, 'table_id': 210, 'is_prebooked': False, 'checkin_date': '2025-07-19', 'checkin_time': '18:40', 'guests_count': 2, 'shift_manager': 'Karen Mccoy'}
[2025-07-19T19:48:09.797+0000] {subprocess.py:93} INFO - [✓] Sent to feedback: {'feedback_id': 2204, 'branch_id': 102, 'customer_name': 'Sarah Hall', 'phone_number': '(666)419-4079x127', 'feedback_text': 'Card effect pick owner end film.', 'rating': 2, 'dining_date': '2025-07-19', 'dining_time': '18:41', 'submission_time': '2025-07-19T19:48:06'}
[2025-07-19T19:48:09.798+0000] {subprocess.py:93} INFO - [✓] Sent to feedback: {'feedback_id': 7723, 'branch_id': 101, 'customer_name': 'Wanda Jensen', 'phone_number': '401-452-2455x847', 'feedback_text': 'Agent today successful foot stay out.', 'rating': 2, 'dining_date': '2025-07-19', 'dining_time': '19:07', 'submission_time': '2025-07-19T19:48:06'}
[2025-07-19T19:48:09.798+0000] {subprocess.py:93} INFO - [✓] Sent to feedback: {'feedback_id': 2200, 'branch_id': 101, 'customer_name': 'Robert Hanson', 'phone_number': '+1-309-773-9183x579', 'feedback_text': 'Place kind image effort measure.', 'rating': 2, 'dining_date': '2025-07-19', 'dining_time': '19:04', 'submission_time': '2025-07-19T19:48:06'}
[2025-07-19T19:48:09.798+0000] {subprocess.py:93} INFO - ✅ All messages sent.
[2025-07-19T19:48:09.850+0000] {subprocess.py:97} INFO - Command exited with return code 0
[2025-07-19T19:48:09.867+0000] {taskinstance.py:1400} INFO - Marking task as SUCCESS. dag_id=restaurant_pipeline, task_id=send_to_kafka, execution_date=20250719T194600, start_date=20250719T194807, end_date=20250719T194809
[2025-07-19T19:48:09.879+0000] {local_task_job_runner.py:228} INFO - Task exited with return code 0
[2025-07-19T19:48:09.904+0000] {taskinstance.py:2778} INFO - 1 downstream tasks scheduled from follow-on schedule check
