[2025-07-19T22:09:38.745+0000] {taskinstance.py:1159} INFO - Dependencies all met for dep_context=non-requeueable deps ti=<TaskInstance: restaurant_pipeline.send_to_kafka scheduled__2025-07-19T22:06:00+00:00 [queued]>
[2025-07-19T22:09:38.750+0000] {taskinstance.py:1159} INFO - Dependencies all met for dep_context=requeueable deps ti=<TaskInstance: restaurant_pipeline.send_to_kafka scheduled__2025-07-19T22:06:00+00:00 [queued]>
[2025-07-19T22:09:38.750+0000] {taskinstance.py:1361} INFO - Starting attempt 1 of 1
[2025-07-19T22:09:38.757+0000] {taskinstance.py:1382} INFO - Executing <Task(BashOperator): send_to_kafka> on 2025-07-19 22:06:00+00:00
[2025-07-19T22:09:38.760+0000] {standard_task_runner.py:57} INFO - Started process 5058 to run task
[2025-07-19T22:09:38.762+0000] {standard_task_runner.py:84} INFO - Running: ['***', 'tasks', 'run', 'restaurant_pipeline', 'send_to_kafka', 'scheduled__2025-07-19T22:06:00+00:00', '--job-id', '1282', '--raw', '--subdir', 'DAGS_FOLDER/restaurant_pipeline.py', '--cfg-path', '/tmp/tmpgzrtyk80']
[2025-07-19T22:09:38.764+0000] {standard_task_runner.py:85} INFO - Job 1282: Subtask send_to_kafka
[2025-07-19T22:09:38.790+0000] {task_command.py:416} INFO - Running <TaskInstance: restaurant_pipeline.send_to_kafka scheduled__2025-07-19T22:06:00+00:00 [running]> on host e3f5d8fc4eef
[2025-07-19T22:09:38.831+0000] {taskinstance.py:1662} INFO - Exporting env vars: AIRFLOW_CTX_DAG_OWNER='moran' AIRFLOW_CTX_DAG_ID='restaurant_pipeline' AIRFLOW_CTX_TASK_ID='send_to_kafka' AIRFLOW_CTX_EXECUTION_DATE='2025-07-19T22:06:00+00:00' AIRFLOW_CTX_TRY_NUMBER='1' AIRFLOW_CTX_DAG_RUN_ID='scheduled__2025-07-19T22:06:00+00:00'
[2025-07-19T22:09:38.832+0000] {subprocess.py:63} INFO - Tmp dir root location: /tmp
[2025-07-19T22:09:38.832+0000] {subprocess.py:75} INFO - Running command: ['/bin/bash', '-c', 'python /opt/streaming/producer.py']
[2025-07-19T22:09:38.838+0000] {subprocess.py:86} INFO - Output:
[2025-07-19T22:09:41.446+0000] {subprocess.py:93} INFO - [✓] Sent to reservations: {'reservation_id': 1868, 'branch_id': 101, 'customer_name': 'Desiree Murphy', 'phone_number': '507-626-6024', 'reservation_date': '2025-07-19', 'reservation_time': '23:53', 'guests_count': 5, 'is_confirmed': True}
[2025-07-19T22:09:41.448+0000] {subprocess.py:93} INFO - [✓] Sent to reservations: {'reservation_id': 4732, 'branch_id': 102, 'customer_name': 'Cheryl Curry', 'phone_number': '001-936-359-8398', 'reservation_date': '2025-07-19', 'reservation_time': '23:22', 'guests_count': 5, 'is_confirmed': True}
[2025-07-19T22:09:41.448+0000] {subprocess.py:93} INFO - [✓] Sent to reservations: {'reservation_id': 3560, 'branch_id': 102, 'customer_name': 'Alvin Mcdonald', 'phone_number': '(282)575-4456', 'reservation_date': '2025-07-19', 'reservation_time': '23:35', 'guests_count': 2, 'is_confirmed': True}
[2025-07-19T22:09:41.448+0000] {subprocess.py:93} INFO - [✓] Sent to checkins: {'checkin_id': 5275, 'customer_name': 'Justin Juarez', 'phone_number': '852-449-3068x986', 'branch_id': 102, 'table_id': 210, 'is_prebooked': True, 'checkin_date': '2025-07-19', 'checkin_time': '21:31', 'guests_count': 5, 'shift_manager': 'William Logan'}
[2025-07-19T22:09:41.449+0000] {subprocess.py:93} INFO - [✓] Sent to checkins: {'checkin_id': 4488, 'customer_name': 'Jade White', 'phone_number': '720-726-8444', 'branch_id': 102, 'table_id': 203, 'is_prebooked': True, 'checkin_date': '2025-07-19', 'checkin_time': '20:55', 'guests_count': 6, 'shift_manager': 'Steven Park'}
[2025-07-19T22:09:41.449+0000] {subprocess.py:93} INFO - [✓] Sent to checkins: {'checkin_id': 9794, 'customer_name': 'Edward Lara', 'phone_number': '+1-669-883-5868x1832', 'branch_id': 102, 'table_id': 210, 'is_prebooked': False, 'checkin_date': '2025-07-19', 'checkin_time': '20:28', 'guests_count': 2, 'shift_manager': 'Christopher Harris'}
[2025-07-19T22:09:41.449+0000] {subprocess.py:93} INFO - [✓] Sent to feedback: {'feedback_id': 6981, 'branch_id': 101, 'customer_name': 'Erica Reyes', 'phone_number': '666.203.6833', 'feedback_text': 'Base management out feeling student.', 'rating': 4, 'dining_date': '2025-07-19', 'dining_time': '22:05', 'submission_time': '2025-07-19T22:09:37'}
[2025-07-19T22:09:41.450+0000] {subprocess.py:93} INFO - [✓] Sent to feedback: {'feedback_id': 9796, 'branch_id': 101, 'customer_name': 'Bryan Rodriguez', 'phone_number': '479-747-8943x04138', 'feedback_text': 'Someone late prevent itself tonight.', 'rating': 3, 'dining_date': '2025-07-19', 'dining_time': '21:42', 'submission_time': '2025-07-19T22:09:37'}
[2025-07-19T22:09:41.450+0000] {subprocess.py:93} INFO - [✓] Sent to feedback: {'feedback_id': 7149, 'branch_id': 102, 'customer_name': 'Grace Nunez', 'phone_number': '(832)412-0769x587', 'feedback_text': 'Well interesting toward hit.', 'rating': 4, 'dining_date': '2025-07-19', 'dining_time': '21:58', 'submission_time': '2025-07-19T22:09:37'}
[2025-07-19T22:09:41.450+0000] {subprocess.py:93} INFO - ✅ All messages sent.
[2025-07-19T22:09:41.500+0000] {subprocess.py:97} INFO - Command exited with return code 0
[2025-07-19T22:09:41.520+0000] {taskinstance.py:1400} INFO - Marking task as SUCCESS. dag_id=restaurant_pipeline, task_id=send_to_kafka, execution_date=20250719T220600, start_date=20250719T220938, end_date=20250719T220941
[2025-07-19T22:09:41.549+0000] {local_task_job_runner.py:228} INFO - Task exited with return code 0
[2025-07-19T22:09:41.580+0000] {taskinstance.py:2778} INFO - 1 downstream tasks scheduled from follow-on schedule check
