[2025-07-18T19:18:19.968+0000] {taskinstance.py:1159} INFO - Dependencies all met for dep_context=non-requeueable deps ti=<TaskInstance: restaurant_pipeline.send_to_kafka scheduled__2025-07-18T19:16:00+00:00 [queued]>
[2025-07-18T19:18:19.973+0000] {taskinstance.py:1159} INFO - Dependencies all met for dep_context=requeueable deps ti=<TaskInstance: restaurant_pipeline.send_to_kafka scheduled__2025-07-18T19:16:00+00:00 [queued]>
[2025-07-18T19:18:19.973+0000] {taskinstance.py:1361} INFO - Starting attempt 1 of 1
[2025-07-18T19:18:19.981+0000] {taskinstance.py:1382} INFO - Executing <Task(BashOperator): send_to_kafka> on 2025-07-18 19:16:00+00:00
[2025-07-18T19:18:19.984+0000] {standard_task_runner.py:57} INFO - Started process 4673 to run task
[2025-07-18T19:18:19.987+0000] {standard_task_runner.py:84} INFO - Running: ['***', 'tasks', 'run', 'restaurant_pipeline', 'send_to_kafka', 'scheduled__2025-07-18T19:16:00+00:00', '--job-id', '495', '--raw', '--subdir', 'DAGS_FOLDER/restaurant_pipeline.py', '--cfg-path', '/tmp/tmpkp4y7ywq']
[2025-07-18T19:18:19.990+0000] {standard_task_runner.py:85} INFO - Job 495: Subtask send_to_kafka
[2025-07-18T19:18:20.026+0000] {task_command.py:416} INFO - Running <TaskInstance: restaurant_pipeline.send_to_kafka scheduled__2025-07-18T19:16:00+00:00 [running]> on host 9bcfb43e0ab7
[2025-07-18T19:18:20.099+0000] {taskinstance.py:1662} INFO - Exporting env vars: AIRFLOW_CTX_DAG_OWNER='moran' AIRFLOW_CTX_DAG_ID='restaurant_pipeline' AIRFLOW_CTX_TASK_ID='send_to_kafka' AIRFLOW_CTX_EXECUTION_DATE='2025-07-18T19:16:00+00:00' AIRFLOW_CTX_TRY_NUMBER='1' AIRFLOW_CTX_DAG_RUN_ID='scheduled__2025-07-18T19:16:00+00:00'
[2025-07-18T19:18:20.102+0000] {subprocess.py:63} INFO - Tmp dir root location: /tmp
[2025-07-18T19:18:20.104+0000] {subprocess.py:75} INFO - Running command: ['/bin/bash', '-c', 'python /opt/streaming/producer.py']
[2025-07-18T19:18:20.110+0000] {subprocess.py:86} INFO - Output:
[2025-07-18T19:18:22.469+0000] {subprocess.py:93} INFO - [✓] Sent to reservations: {'reservation_id': 3551, 'branch_id': 101, 'customer_name': 'Jeffrey Villarreal', 'phone_number': '801-573-9087', 'reservation_date': '2025-07-18', 'reservation_time': '20:02', 'guests_count': 1, 'is_confirmed': True}
[2025-07-18T19:18:22.472+0000] {subprocess.py:93} INFO - [✓] Sent to reservations: {'reservation_id': 1047, 'branch_id': 101, 'customer_name': 'Christian Leon', 'phone_number': '7667427079', 'reservation_date': '2025-07-18', 'reservation_time': '21:17', 'guests_count': 8, 'is_confirmed': True}
[2025-07-18T19:18:22.475+0000] {subprocess.py:93} INFO - [✓] Sent to reservations: {'reservation_id': 6183, 'branch_id': 102, 'customer_name': 'Michael Mcmillan', 'phone_number': '3199573604', 'reservation_date': '2025-07-18', 'reservation_time': '19:47', 'guests_count': 1, 'is_confirmed': True}
[2025-07-18T19:18:22.475+0000] {subprocess.py:93} INFO - [✓] Sent to checkins: {'checkin_id': 9437, 'customer_name': 'Jonathan Jones', 'phone_number': '+1-457-281-9798', 'branch_id': 102, 'table_id': 206, 'is_prebooked': False, 'checkin_date': '2025-07-18', 'checkin_time': '17:43', 'guests_count': 2, 'shift_manager': 'Matthew Mendez'}
[2025-07-18T19:18:22.479+0000] {subprocess.py:93} INFO - [✓] Sent to checkins: {'checkin_id': 3738, 'customer_name': 'John Bartlett', 'phone_number': '+1-986-749-6656', 'branch_id': 101, 'table_id': 210, 'is_prebooked': True, 'checkin_date': '2025-07-18', 'checkin_time': '18:37', 'guests_count': 5, 'shift_manager': 'Catherine Mitchell'}
[2025-07-18T19:18:22.480+0000] {subprocess.py:93} INFO - [✓] Sent to checkins: {'checkin_id': 6518, 'customer_name': 'Raymond Hayes', 'phone_number': '529-766-2961x44431', 'branch_id': 101, 'table_id': 204, 'is_prebooked': False, 'checkin_date': '2025-07-18', 'checkin_time': '17:51', 'guests_count': 5, 'shift_manager': 'Ryan Bell'}
[2025-07-18T19:18:22.480+0000] {subprocess.py:93} INFO - [✓] Sent to feedback: {'feedback_id': 2961, 'branch_id': 102, 'customer_name': 'Todd White', 'phone_number': '+1-765-488-3339x64379', 'feedback_text': 'Cold you west speak institution deal order region.', 'rating': 2, 'dining_date': '2025-07-18', 'dining_time': '18:27', 'submission_time': '2025-07-18T19:18:19'}
[2025-07-18T19:18:22.480+0000] {subprocess.py:93} INFO - [✓] Sent to feedback: {'feedback_id': 9025, 'branch_id': 102, 'customer_name': 'Linda Powell', 'phone_number': '718.457.1766', 'feedback_text': 'Natural other radio once.', 'rating': 5, 'dining_date': '2025-07-18', 'dining_time': '18:41', 'submission_time': '2025-07-18T19:18:19'}
[2025-07-18T19:18:22.480+0000] {subprocess.py:93} INFO - [✓] Sent to feedback: {'feedback_id': 6403, 'branch_id': 101, 'customer_name': 'Katherine Fowler', 'phone_number': '+1-578-485-4201', 'feedback_text': 'Tell five factor try notice factor camera.', 'rating': 3, 'dining_date': '2025-07-18', 'dining_time': '18:45', 'submission_time': '2025-07-18T19:18:19'}
[2025-07-18T19:18:22.480+0000] {subprocess.py:93} INFO - ✅ All messages sent.
[2025-07-18T19:18:22.501+0000] {subprocess.py:97} INFO - Command exited with return code 0
[2025-07-18T19:18:22.516+0000] {taskinstance.py:1400} INFO - Marking task as SUCCESS. dag_id=restaurant_pipeline, task_id=send_to_kafka, execution_date=20250718T191600, start_date=20250718T191819, end_date=20250718T191822
[2025-07-18T19:18:22.551+0000] {local_task_job_runner.py:228} INFO - Task exited with return code 0
[2025-07-18T19:18:22.578+0000] {taskinstance.py:2778} INFO - 1 downstream tasks scheduled from follow-on schedule check
