[2025-07-18T15:54:05.381+0000] {taskinstance.py:1159} INFO - Dependencies all met for dep_context=non-requeueable deps ti=<TaskInstance: restaurant_pipeline.stream_to_bronze scheduled__2025-07-18T15:52:00+00:00 [queued]>
[2025-07-18T15:54:05.386+0000] {taskinstance.py:1159} INFO - Dependencies all met for dep_context=requeueable deps ti=<TaskInstance: restaurant_pipeline.stream_to_bronze scheduled__2025-07-18T15:52:00+00:00 [queued]>
[2025-07-18T15:54:05.387+0000] {taskinstance.py:1361} INFO - Starting attempt 1 of 1
[2025-07-18T15:54:05.394+0000] {taskinstance.py:1382} INFO - Executing <Task(BashOperator): stream_to_bronze> on 2025-07-18 15:52:00+00:00
[2025-07-18T15:54:05.397+0000] {standard_task_runner.py:57} INFO - Started process 837 to run task
[2025-07-18T15:54:05.399+0000] {standard_task_runner.py:84} INFO - Running: ['***', 'tasks', 'run', 'restaurant_pipeline', 'stream_to_bronze', 'scheduled__2025-07-18T15:52:00+00:00', '--job-id', '144', '--raw', '--subdir', 'DAGS_FOLDER/restaurant_pipeline.py', '--cfg-path', '/tmp/tmpgxuks5nh']
[2025-07-18T15:54:05.400+0000] {standard_task_runner.py:85} INFO - Job 144: Subtask stream_to_bronze
[2025-07-18T15:54:05.424+0000] {task_command.py:416} INFO - Running <TaskInstance: restaurant_pipeline.stream_to_bronze scheduled__2025-07-18T15:52:00+00:00 [running]> on host 9bcfb43e0ab7
[2025-07-18T15:54:05.460+0000] {taskinstance.py:1662} INFO - Exporting env vars: AIRFLOW_CTX_DAG_OWNER='moran' AIRFLOW_CTX_DAG_ID='restaurant_pipeline' AIRFLOW_CTX_TASK_ID='stream_to_bronze' AIRFLOW_CTX_EXECUTION_DATE='2025-07-18T15:52:00+00:00' AIRFLOW_CTX_TRY_NUMBER='1' AIRFLOW_CTX_DAG_RUN_ID='scheduled__2025-07-18T15:52:00+00:00'
[2025-07-18T15:54:05.461+0000] {subprocess.py:63} INFO - Tmp dir root location: /tmp
[2025-07-18T15:54:05.461+0000] {subprocess.py:75} INFO - Running command: ['/bin/bash', '-c', 'docker exec spark-iceberg spark-submit /home/iceberg/spark/stream_to_bronze.py']
[2025-07-18T15:54:05.466+0000] {subprocess.py:86} INFO - Output:
[2025-07-18T15:54:06.861+0000] {subprocess.py:93} INFO - 25/07/18 15:54:06 INFO SparkContext: Running Spark version 3.5.6
[2025-07-18T15:54:06.863+0000] {subprocess.py:93} INFO - 25/07/18 15:54:06 INFO SparkContext: OS info Linux, 6.10.14-linuxkit, aarch64
[2025-07-18T15:54:06.864+0000] {subprocess.py:93} INFO - 25/07/18 15:54:06 INFO SparkContext: Java version 17.0.15
[2025-07-18T15:54:06.879+0000] {subprocess.py:93} INFO - 25/07/18 15:54:06 INFO ResourceUtils: ==============================================================
[2025-07-18T15:54:06.880+0000] {subprocess.py:93} INFO - 25/07/18 15:54:06 INFO ResourceUtils: No custom resources configured for spark.driver.
[2025-07-18T15:54:06.884+0000] {subprocess.py:93} INFO - 25/07/18 15:54:06 INFO ResourceUtils: ==============================================================
[2025-07-18T15:54:06.884+0000] {subprocess.py:93} INFO - 25/07/18 15:54:06 INFO SparkContext: Submitted application: StreamToBronze
[2025-07-18T15:54:06.893+0000] {subprocess.py:93} INFO - 25/07/18 15:54:06 INFO ResourceProfile: Default ResourceProfile created, executor resources: Map(cores -> name: cores, amount: 1, script: , vendor: , memory -> name: memory, amount: 1024, script: , vendor: , offHeap -> name: offHeap, amount: 0, script: , vendor: ), task resources: Map(cpus -> name: cpus, amount: 1.0)
[2025-07-18T15:54:06.898+0000] {subprocess.py:93} INFO - 25/07/18 15:54:06 INFO ResourceProfile: Limiting resource is cpu
[2025-07-18T15:54:06.899+0000] {subprocess.py:93} INFO - 25/07/18 15:54:06 INFO ResourceProfileManager: Added ResourceProfile id: 0
[2025-07-18T15:54:06.926+0000] {subprocess.py:93} INFO - 25/07/18 15:54:06 INFO SecurityManager: Changing view acls to: root,spark
[2025-07-18T15:54:06.926+0000] {subprocess.py:93} INFO - 25/07/18 15:54:06 INFO SecurityManager: Changing modify acls to: root,spark
[2025-07-18T15:54:06.926+0000] {subprocess.py:93} INFO - 25/07/18 15:54:06 INFO SecurityManager: Changing view acls groups to:
[2025-07-18T15:54:06.926+0000] {subprocess.py:93} INFO - 25/07/18 15:54:06 INFO SecurityManager: Changing modify acls groups to:
[2025-07-18T15:54:06.927+0000] {subprocess.py:93} INFO - 25/07/18 15:54:06 INFO SecurityManager: SecurityManager: authentication disabled; ui acls disabled; users with view permissions: root, spark; groups with view permissions: EMPTY; users with modify permissions: root, spark; groups with modify permissions: EMPTY
[2025-07-18T15:54:06.956+0000] {subprocess.py:93} INFO - 25/07/18 15:54:06 WARN NativeCodeLoader: Unable to load native-hadoop library for your platform... using builtin-java classes where applicable
[2025-07-18T15:54:07.094+0000] {subprocess.py:93} INFO - 25/07/18 15:54:07 INFO Utils: Successfully started service 'sparkDriver' on port 35461.
[2025-07-18T15:54:07.111+0000] {subprocess.py:93} INFO - 25/07/18 15:54:07 INFO SparkEnv: Registering MapOutputTracker
[2025-07-18T15:54:07.133+0000] {subprocess.py:93} INFO - 25/07/18 15:54:07 INFO SparkEnv: Registering BlockManagerMaster
[2025-07-18T15:54:07.146+0000] {subprocess.py:93} INFO - 25/07/18 15:54:07 INFO BlockManagerMasterEndpoint: Using org.apache.spark.storage.DefaultTopologyMapper for getting topology information
[2025-07-18T15:54:07.147+0000] {subprocess.py:93} INFO - 25/07/18 15:54:07 INFO BlockManagerMasterEndpoint: BlockManagerMasterEndpoint up
[2025-07-18T15:54:07.148+0000] {subprocess.py:93} INFO - 25/07/18 15:54:07 INFO SparkEnv: Registering BlockManagerMasterHeartbeat
[2025-07-18T15:54:07.160+0000] {subprocess.py:93} INFO - 25/07/18 15:54:07 INFO DiskBlockManager: Created local directory at /tmp/blockmgr-c1c07169-f485-41f1-bb46-5dcb7462e495
[2025-07-18T15:54:07.166+0000] {subprocess.py:93} INFO - 25/07/18 15:54:07 INFO MemoryStore: MemoryStore started with capacity 434.4 MiB
[2025-07-18T15:54:07.174+0000] {subprocess.py:93} INFO - 25/07/18 15:54:07 INFO SparkEnv: Registering OutputCommitCoordinator
[2025-07-18T15:54:07.247+0000] {subprocess.py:93} INFO - 25/07/18 15:54:07 INFO JettyUtils: Start Jetty 0.0.0.0:4040 for SparkUI
[2025-07-18T15:54:07.282+0000] {subprocess.py:93} INFO - 25/07/18 15:54:07 WARN Utils: Service 'SparkUI' could not bind on port 4040. Attempting port 4041.
[2025-07-18T15:54:07.286+0000] {subprocess.py:93} INFO - 25/07/18 15:54:07 INFO Utils: Successfully started service 'SparkUI' on port 4041.
[2025-07-18T15:54:07.343+0000] {subprocess.py:93} INFO - 25/07/18 15:54:07 INFO Executor: Starting executor ID driver on host 77cb57a6bd53
[2025-07-18T15:54:07.343+0000] {subprocess.py:93} INFO - 25/07/18 15:54:07 INFO Executor: OS info Linux, 6.10.14-linuxkit, aarch64
[2025-07-18T15:54:07.343+0000] {subprocess.py:93} INFO - 25/07/18 15:54:07 INFO Executor: Java version 17.0.15
[2025-07-18T15:54:07.347+0000] {subprocess.py:93} INFO - 25/07/18 15:54:07 INFO Executor: Starting executor with user classpath (userClassPathFirst = false): ''
[2025-07-18T15:54:07.347+0000] {subprocess.py:93} INFO - 25/07/18 15:54:07 INFO Executor: Created or updated repl class loader org.apache.spark.util.MutableURLClassLoader@ce4d93b for default.
[2025-07-18T15:54:07.356+0000] {subprocess.py:93} INFO - 25/07/18 15:54:07 INFO Utils: Successfully started service 'org.apache.spark.network.netty.NettyBlockTransferService' on port 40283.
[2025-07-18T15:54:07.357+0000] {subprocess.py:93} INFO - 25/07/18 15:54:07 INFO NettyBlockTransferService: Server created on 77cb57a6bd53:40283
[2025-07-18T15:54:07.358+0000] {subprocess.py:93} INFO - 25/07/18 15:54:07 INFO BlockManager: Using org.apache.spark.storage.RandomBlockReplicationPolicy for block replication policy
[2025-07-18T15:54:07.365+0000] {subprocess.py:93} INFO - 25/07/18 15:54:07 INFO BlockManagerMaster: Registering BlockManager BlockManagerId(driver, 77cb57a6bd53, 40283, None)
[2025-07-18T15:54:07.370+0000] {subprocess.py:93} INFO - 25/07/18 15:54:07 INFO BlockManagerMasterEndpoint: Registering block manager 77cb57a6bd53:40283 with 434.4 MiB RAM, BlockManagerId(driver, 77cb57a6bd53, 40283, None)
[2025-07-18T15:54:07.372+0000] {subprocess.py:93} INFO - 25/07/18 15:54:07 INFO BlockManagerMaster: Registered BlockManager BlockManagerId(driver, 77cb57a6bd53, 40283, None)
[2025-07-18T15:54:07.372+0000] {subprocess.py:93} INFO - 25/07/18 15:54:07 INFO BlockManager: Initialized BlockManager: BlockManagerId(driver, 77cb57a6bd53, 40283, None)
[2025-07-18T15:54:07.599+0000] {subprocess.py:93} INFO - 25/07/18 15:54:07 INFO SharedState: Setting hive.metastore.warehouse.dir ('null') to the value of spark.sql.warehouse.dir.
[2025-07-18T15:54:07.602+0000] {subprocess.py:93} INFO - 25/07/18 15:54:07 INFO SharedState: Warehouse path is 'file:/app/spark-warehouse'.
[2025-07-18T15:54:08.801+0000] {subprocess.py:93} INFO - 25/07/18 15:54:08 WARN MetricsConfig: Cannot locate configuration: tried hadoop-metrics2-s3a-file-system.properties,hadoop-metrics2.properties
[2025-07-18T15:54:08.808+0000] {subprocess.py:93} INFO - 25/07/18 15:54:08 INFO MetricsSystemImpl: Scheduled Metric snapshot period at 10 second(s).
[2025-07-18T15:54:08.808+0000] {subprocess.py:93} INFO - 25/07/18 15:54:08 INFO MetricsSystemImpl: s3a-file-system metrics system started
[2025-07-18T15:54:09.451+0000] {subprocess.py:93} INFO - 25/07/18 15:54:09 INFO BaseMetastoreCatalog: Table loaded by catalog: my_catalog.bronze.Reservations_raw
[2025-07-18T15:54:09.461+0000] {subprocess.py:93} INFO - 25/07/18 15:54:09 INFO StateStoreCoordinatorRef: Registered StateStoreCoordinator endpoint
[2025-07-18T15:54:09.485+0000] {subprocess.py:93} INFO - 25/07/18 15:54:09 INFO ResolveWriteToStream: Checkpoint root /tmp/checkpoints/reservations resolved to file:/tmp/checkpoints/reservations.
[2025-07-18T15:54:09.485+0000] {subprocess.py:93} INFO - 25/07/18 15:54:09 WARN ResolveWriteToStream: spark.sql.adaptive.enabled is not supported in streaming DataFrames/Datasets and will be disabled.
[2025-07-18T15:54:09.548+0000] {subprocess.py:93} INFO - 25/07/18 15:54:09 INFO MicroBatchExecution: Starting [id = 0314df7c-5598-4928-8d91-374ee67989d1, runId = dd84b416-4666-45de-a4a8-065cd68d7748]. Use file:/tmp/checkpoints/reservations to store the query checkpoint.
[2025-07-18T15:54:09.556+0000] {subprocess.py:93} INFO - 25/07/18 15:54:09 INFO MicroBatchExecution: Reading table [org.apache.spark.sql.kafka010.KafkaSourceProvider$KafkaTable@43860fff] from DataSourceV2 named 'kafka' [org.apache.spark.sql.kafka010.KafkaSourceProvider@4e34a1c5]
[2025-07-18T15:54:09.590+0000] {subprocess.py:93} INFO - 25/07/18 15:54:09 INFO OffsetSeqLog: BatchIds found from listing: 0, 1, 2, 3, 4, 5, 6, 7, 8, 9, 10, 11, 12, 13, 14, 15, 16, 17, 18, 19, 20, 21, 22, 23, 24, 25, 26, 27, 28, 29, 30, 31, 32, 33, 34
[2025-07-18T15:54:09.598+0000] {subprocess.py:93} INFO - 25/07/18 15:54:09 INFO OffsetSeqLog: Getting latest batch 34
[2025-07-18T15:54:09.619+0000] {subprocess.py:93} INFO - 25/07/18 15:54:09 INFO OffsetSeqLog: BatchIds found from listing: 0, 1, 2, 3, 4, 5, 6, 7, 8, 9, 10, 11, 12, 13, 14, 15, 16, 17, 18, 19, 20, 21, 22, 23, 24, 25, 26, 27, 28, 29, 30, 31, 32, 33, 34
[2025-07-18T15:54:09.620+0000] {subprocess.py:93} INFO - 25/07/18 15:54:09 INFO OffsetSeqLog: Getting latest batch 34
[2025-07-18T15:54:09.628+0000] {subprocess.py:93} INFO - 25/07/18 15:54:09 INFO CommitLog: BatchIds found from listing: 0, 1, 2, 3, 4, 5, 6, 7, 8, 9, 10, 11, 12, 13, 14, 15, 16, 17, 18, 19, 20, 21, 22, 23, 24, 25, 26, 27, 28, 29, 30, 31, 32, 33, 34
[2025-07-18T15:54:09.628+0000] {subprocess.py:93} INFO - 25/07/18 15:54:09 INFO CommitLog: Getting latest batch 34
[2025-07-18T15:54:09.632+0000] {subprocess.py:93} INFO - 25/07/18 15:54:09 INFO MicroBatchExecution: Resuming at batch 35 with committed offsets {KafkaV2[Subscribe[reservations]]: {"reservations":{"0":87}}} and available offsets {KafkaV2[Subscribe[reservations]]: {"reservations":{"0":87}}}
[2025-07-18T15:54:09.633+0000] {subprocess.py:93} INFO - 25/07/18 15:54:09 INFO MicroBatchExecution: Stream started from {KafkaV2[Subscribe[reservations]]: {"reservations":{"0":87}}}
[2025-07-18T15:54:09.650+0000] {subprocess.py:93} INFO - 25/07/18 15:54:09 INFO BaseMetastoreCatalog: Table loaded by catalog: my_catalog.bronze.Checkins_raw
[2025-07-18T15:54:09.652+0000] {subprocess.py:93} INFO - 25/07/18 15:54:09 INFO ResolveWriteToStream: Checkpoint root /tmp/checkpoints/checkins resolved to file:/tmp/checkpoints/checkins.
[2025-07-18T15:54:09.652+0000] {subprocess.py:93} INFO - 25/07/18 15:54:09 WARN ResolveWriteToStream: spark.sql.adaptive.enabled is not supported in streaming DataFrames/Datasets and will be disabled.
[2025-07-18T15:54:09.659+0000] {subprocess.py:93} INFO - 25/07/18 15:54:09 INFO MicroBatchExecution: Starting [id = a9a9b3af-d3c2-4704-81e0-4163831ae683, runId = 0e575a97-379e-4a3b-a857-9f61cbabecc5]. Use file:/tmp/checkpoints/checkins to store the query checkpoint.
[2025-07-18T15:54:09.661+0000] {subprocess.py:93} INFO - 25/07/18 15:54:09 INFO MicroBatchExecution: Reading table [org.apache.spark.sql.kafka010.KafkaSourceProvider$KafkaTable@74f91bb0] from DataSourceV2 named 'kafka' [org.apache.spark.sql.kafka010.KafkaSourceProvider@7a3eea87]
[2025-07-18T15:54:09.663+0000] {subprocess.py:93} INFO - 25/07/18 15:54:09 INFO AdminClientConfig: AdminClientConfig values:
[2025-07-18T15:54:09.663+0000] {subprocess.py:93} INFO - 	auto.include.jmx.reporter = true
[2025-07-18T15:54:09.664+0000] {subprocess.py:93} INFO - 	bootstrap.servers = [kafka:9092]
[2025-07-18T15:54:09.664+0000] {subprocess.py:93} INFO - 	client.dns.lookup = use_all_dns_ips
[2025-07-18T15:54:09.665+0000] {subprocess.py:93} INFO - 	client.id =
[2025-07-18T15:54:09.666+0000] {subprocess.py:93} INFO - 	connections.max.idle.ms = 300000
[2025-07-18T15:54:09.666+0000] {subprocess.py:93} INFO - 	default.api.timeout.ms = 60000
[2025-07-18T15:54:09.666+0000] {subprocess.py:93} INFO - 	metadata.max.age.ms = 300000
[2025-07-18T15:54:09.667+0000] {subprocess.py:93} INFO - 	metric.reporters = []
[2025-07-18T15:54:09.667+0000] {subprocess.py:93} INFO - 	metrics.num.samples = 2
[2025-07-18T15:54:09.667+0000] {subprocess.py:93} INFO - 	metrics.recording.level = INFO
[2025-07-18T15:54:09.668+0000] {subprocess.py:93} INFO - 	metrics.sample.window.ms = 30000
[2025-07-18T15:54:09.668+0000] {subprocess.py:93} INFO - 	receive.buffer.bytes = 65536
[2025-07-18T15:54:09.668+0000] {subprocess.py:93} INFO - 	reconnect.backoff.max.ms = 1000
[2025-07-18T15:54:09.669+0000] {subprocess.py:93} INFO - 	reconnect.backoff.ms = 50
[2025-07-18T15:54:09.669+0000] {subprocess.py:93} INFO - 	request.timeout.ms = 30000
[2025-07-18T15:54:09.670+0000] {subprocess.py:93} INFO - 	retries = 2147483647
[2025-07-18T15:54:09.670+0000] {subprocess.py:93} INFO - 	retry.backoff.ms = 100
[2025-07-18T15:54:09.670+0000] {subprocess.py:93} INFO - 	sasl.client.callback.handler.class = null
[2025-07-18T15:54:09.671+0000] {subprocess.py:93} INFO - 	sasl.jaas.config = null
[2025-07-18T15:54:09.671+0000] {subprocess.py:93} INFO - 	sasl.kerberos.kinit.cmd = /usr/bin/kinit
[2025-07-18T15:54:09.672+0000] {subprocess.py:93} INFO - 	sasl.kerberos.min.time.before.relogin = 60000
[2025-07-18T15:54:09.672+0000] {subprocess.py:93} INFO - 	sasl.kerberos.service.name = null
[2025-07-18T15:54:09.672+0000] {subprocess.py:93} INFO - 	sasl.kerberos.ticket.renew.jitter = 0.05
[2025-07-18T15:54:09.674+0000] {subprocess.py:93} INFO - 	sasl.kerberos.ticket.renew.window.factor = 0.8
[2025-07-18T15:54:09.674+0000] {subprocess.py:93} INFO - 	sasl.login.callback.handler.class = null
[2025-07-18T15:54:09.675+0000] {subprocess.py:93} INFO - 	sasl.login.class = null
[2025-07-18T15:54:09.675+0000] {subprocess.py:93} INFO - 	sasl.login.connect.timeout.ms = null
[2025-07-18T15:54:09.675+0000] {subprocess.py:93} INFO - 	sasl.login.read.timeout.ms = null
[2025-07-18T15:54:09.676+0000] {subprocess.py:93} INFO - 	sasl.login.refresh.buffer.seconds = 300
[2025-07-18T15:54:09.676+0000] {subprocess.py:93} INFO - 	sasl.login.refresh.min.period.seconds = 60
[2025-07-18T15:54:09.676+0000] {subprocess.py:93} INFO - 	sasl.login.refresh.window.factor = 0.8
[2025-07-18T15:54:09.677+0000] {subprocess.py:93} INFO - 	sasl.login.refresh.window.jitter = 0.05
[2025-07-18T15:54:09.677+0000] {subprocess.py:93} INFO - 	sasl.login.retry.backoff.max.ms = 10000
[2025-07-18T15:54:09.678+0000] {subprocess.py:93} INFO - 	sasl.login.retry.backoff.ms = 100
[2025-07-18T15:54:09.679+0000] {subprocess.py:93} INFO - 	sasl.mechanism = GSSAPI
[2025-07-18T15:54:09.683+0000] {subprocess.py:93} INFO - 	sasl.oauthbearer.clock.skew.seconds = 30
[2025-07-18T15:54:09.683+0000] {subprocess.py:93} INFO - 	sasl.oauthbearer.expected.audience = null
[2025-07-18T15:54:09.683+0000] {subprocess.py:93} INFO - 	sasl.oauthbearer.expected.issuer = null
[2025-07-18T15:54:09.683+0000] {subprocess.py:93} INFO - 	sasl.oauthbearer.jwks.endpoint.refresh.ms = 3600000
[2025-07-18T15:54:09.684+0000] {subprocess.py:93} INFO - 	sasl.oauthbearer.jwks.endpoint.retry.backoff.max.ms = 10000
[2025-07-18T15:54:09.684+0000] {subprocess.py:93} INFO - 	sasl.oauthbearer.jwks.endpoint.retry.backoff.ms = 100
[2025-07-18T15:54:09.684+0000] {subprocess.py:93} INFO - 	sasl.oauthbearer.jwks.endpoint.url = null
[2025-07-18T15:54:09.684+0000] {subprocess.py:93} INFO - 	sasl.oauthbearer.scope.claim.name = scope
[2025-07-18T15:54:09.684+0000] {subprocess.py:93} INFO - 	sasl.oauthbearer.sub.claim.name = sub
[2025-07-18T15:54:09.684+0000] {subprocess.py:93} INFO - 	sasl.oauthbearer.token.endpoint.url = null
[2025-07-18T15:54:09.684+0000] {subprocess.py:93} INFO - 	security.protocol = PLAINTEXT
[2025-07-18T15:54:09.684+0000] {subprocess.py:93} INFO - 	security.providers = null
[2025-07-18T15:54:09.684+0000] {subprocess.py:93} INFO - 	send.buffer.bytes = 131072
[2025-07-18T15:54:09.684+0000] {subprocess.py:93} INFO - 	socket.connection.setup.timeout.max.ms = 30000
[2025-07-18T15:54:09.685+0000] {subprocess.py:93} INFO - 	socket.connection.setup.timeout.ms = 10000
[2025-07-18T15:54:09.685+0000] {subprocess.py:93} INFO - 	ssl.cipher.suites = null
[2025-07-18T15:54:09.685+0000] {subprocess.py:93} INFO - 	ssl.enabled.protocols = [TLSv1.2, TLSv1.3]
[2025-07-18T15:54:09.685+0000] {subprocess.py:93} INFO - 	ssl.endpoint.identification.algorithm = https
[2025-07-18T15:54:09.685+0000] {subprocess.py:93} INFO - 	ssl.engine.factory.class = null
[2025-07-18T15:54:09.685+0000] {subprocess.py:93} INFO - 	ssl.key.password = null
[2025-07-18T15:54:09.685+0000] {subprocess.py:93} INFO - 	ssl.keymanager.algorithm = SunX509
[2025-07-18T15:54:09.686+0000] {subprocess.py:93} INFO - 	ssl.keystore.certificate.chain = null
[2025-07-18T15:54:09.686+0000] {subprocess.py:93} INFO - 	ssl.keystore.key = null
[2025-07-18T15:54:09.686+0000] {subprocess.py:93} INFO - 	ssl.keystore.location = null
[2025-07-18T15:54:09.686+0000] {subprocess.py:93} INFO - 	ssl.keystore.password = null
[2025-07-18T15:54:09.686+0000] {subprocess.py:93} INFO - 	ssl.keystore.type = JKS
[2025-07-18T15:54:09.686+0000] {subprocess.py:93} INFO - 	ssl.protocol = TLSv1.3
[2025-07-18T15:54:09.686+0000] {subprocess.py:93} INFO - 	ssl.provider = null
[2025-07-18T15:54:09.687+0000] {subprocess.py:93} INFO - 	ssl.secure.random.implementation = null
[2025-07-18T15:54:09.687+0000] {subprocess.py:93} INFO - 	ssl.trustmanager.algorithm = PKIX
[2025-07-18T15:54:09.687+0000] {subprocess.py:93} INFO - 	ssl.truststore.certificates = null
[2025-07-18T15:54:09.687+0000] {subprocess.py:93} INFO - 	ssl.truststore.location = null
[2025-07-18T15:54:09.687+0000] {subprocess.py:93} INFO - 	ssl.truststore.password = null
[2025-07-18T15:54:09.687+0000] {subprocess.py:93} INFO - 	ssl.truststore.type = JKS
[2025-07-18T15:54:09.687+0000] {subprocess.py:93} INFO - 
[2025-07-18T15:54:09.688+0000] {subprocess.py:93} INFO - 25/07/18 15:54:09 INFO OffsetSeqLog: BatchIds found from listing: 0, 1, 2, 3, 4, 5, 6, 7, 8, 9, 10, 11, 12, 13, 14, 15, 16, 17, 18, 19, 20, 21, 22, 23, 24, 25, 26, 27, 28, 29, 30, 31, 32, 33, 34, 35, 36, 37, 38, 39, 40
[2025-07-18T15:54:09.688+0000] {subprocess.py:93} INFO - 25/07/18 15:54:09 INFO OffsetSeqLog: Getting latest batch 40
[2025-07-18T15:54:09.688+0000] {subprocess.py:93} INFO - 25/07/18 15:54:09 INFO OffsetSeqLog: BatchIds found from listing: 0, 1, 2, 3, 4, 5, 6, 7, 8, 9, 10, 11, 12, 13, 14, 15, 16, 17, 18, 19, 20, 21, 22, 23, 24, 25, 26, 27, 28, 29, 30, 31, 32, 33, 34, 35, 36, 37, 38, 39, 40
[2025-07-18T15:54:09.688+0000] {subprocess.py:93} INFO - 25/07/18 15:54:09 INFO OffsetSeqLog: Getting latest batch 40
[2025-07-18T15:54:09.688+0000] {subprocess.py:93} INFO - 25/07/18 15:54:09 INFO CommitLog: BatchIds found from listing: 0, 1, 2, 3, 4, 5, 6, 7, 8, 9, 10, 11, 12, 13, 14, 15, 16, 17, 18, 19, 20, 21, 22, 23, 24, 25, 26, 27, 28, 29, 30, 31, 32, 33, 34, 35, 36, 37, 38, 39, 40
[2025-07-18T15:54:09.689+0000] {subprocess.py:93} INFO - 25/07/18 15:54:09 INFO CommitLog: Getting latest batch 40
[2025-07-18T15:54:09.689+0000] {subprocess.py:93} INFO - 25/07/18 15:54:09 INFO MicroBatchExecution: Resuming at batch 41 with committed offsets {KafkaV2[Subscribe[checkins]]: {"checkins":{"0":87}}} and available offsets {KafkaV2[Subscribe[checkins]]: {"checkins":{"0":87}}}
[2025-07-18T15:54:09.689+0000] {subprocess.py:93} INFO - 25/07/18 15:54:09 INFO MicroBatchExecution: Stream started from {KafkaV2[Subscribe[checkins]]: {"checkins":{"0":87}}}
[2025-07-18T15:54:09.689+0000] {subprocess.py:93} INFO - 25/07/18 15:54:09 INFO AdminClientConfig: AdminClientConfig values:
[2025-07-18T15:54:09.689+0000] {subprocess.py:93} INFO - 	auto.include.jmx.reporter = true
[2025-07-18T15:54:09.689+0000] {subprocess.py:93} INFO - 	bootstrap.servers = [kafka:9092]
[2025-07-18T15:54:09.690+0000] {subprocess.py:93} INFO - 	client.dns.lookup = use_all_dns_ips
[2025-07-18T15:54:09.690+0000] {subprocess.py:93} INFO - 	client.id =
[2025-07-18T15:54:09.690+0000] {subprocess.py:93} INFO - 	connections.max.idle.ms = 300000
[2025-07-18T15:54:09.690+0000] {subprocess.py:93} INFO - 	default.api.timeout.ms = 60000
[2025-07-18T15:54:09.690+0000] {subprocess.py:93} INFO - 	metadata.max.age.ms = 300000
[2025-07-18T15:54:09.690+0000] {subprocess.py:93} INFO - 	metric.reporters = []
[2025-07-18T15:54:09.691+0000] {subprocess.py:93} INFO - 	metrics.num.samples = 2
[2025-07-18T15:54:09.691+0000] {subprocess.py:93} INFO - 	metrics.recording.level = INFO
[2025-07-18T15:54:09.691+0000] {subprocess.py:93} INFO - 	metrics.sample.window.ms = 30000
[2025-07-18T15:54:09.691+0000] {subprocess.py:93} INFO - 	receive.buffer.bytes = 65536
[2025-07-18T15:54:09.691+0000] {subprocess.py:93} INFO - 	reconnect.backoff.max.ms = 1000
[2025-07-18T15:54:09.692+0000] {subprocess.py:93} INFO - 	reconnect.backoff.ms = 50
[2025-07-18T15:54:09.692+0000] {subprocess.py:93} INFO - 	request.timeout.ms = 30000
[2025-07-18T15:54:09.692+0000] {subprocess.py:93} INFO - 	retries = 2147483647
[2025-07-18T15:54:09.692+0000] {subprocess.py:93} INFO - 	retry.backoff.ms = 100
[2025-07-18T15:54:09.692+0000] {subprocess.py:93} INFO - 	sasl.client.callback.handler.class = null
[2025-07-18T15:54:09.692+0000] {subprocess.py:93} INFO - 	sasl.jaas.config = null
[2025-07-18T15:54:09.693+0000] {subprocess.py:93} INFO - 	sasl.kerberos.kinit.cmd = /usr/bin/kinit
[2025-07-18T15:54:09.693+0000] {subprocess.py:93} INFO - 	sasl.kerberos.min.time.before.relogin = 60000
[2025-07-18T15:54:09.693+0000] {subprocess.py:93} INFO - 	sasl.kerberos.service.name = null
[2025-07-18T15:54:09.693+0000] {subprocess.py:93} INFO - 	sasl.kerberos.ticket.renew.jitter = 0.05
[2025-07-18T15:54:09.694+0000] {subprocess.py:93} INFO - 	sasl.kerberos.ticket.renew.window.factor = 0.8
[2025-07-18T15:54:09.694+0000] {subprocess.py:93} INFO - 	sasl.login.callback.handler.class = null
[2025-07-18T15:54:09.694+0000] {subprocess.py:93} INFO - 	sasl.login.class = null
[2025-07-18T15:54:09.695+0000] {subprocess.py:93} INFO - 	sasl.login.connect.timeout.ms = null
[2025-07-18T15:54:09.695+0000] {subprocess.py:93} INFO - 	sasl.login.read.timeout.ms = null
[2025-07-18T15:54:09.695+0000] {subprocess.py:93} INFO - 	sasl.login.refresh.buffer.seconds = 300
[2025-07-18T15:54:09.695+0000] {subprocess.py:93} INFO - 	sasl.login.refresh.min.period.seconds = 60
[2025-07-18T15:54:09.695+0000] {subprocess.py:93} INFO - 	sasl.login.refresh.window.factor = 0.8
[2025-07-18T15:54:09.695+0000] {subprocess.py:93} INFO - 	sasl.login.refresh.window.jitter = 0.05
[2025-07-18T15:54:09.695+0000] {subprocess.py:93} INFO - 	sasl.login.retry.backoff.max.ms = 10000
[2025-07-18T15:54:09.695+0000] {subprocess.py:93} INFO - 	sasl.login.retry.backoff.ms = 100
[2025-07-18T15:54:09.695+0000] {subprocess.py:93} INFO - 	sasl.mechanism = GSSAPI
[2025-07-18T15:54:09.696+0000] {subprocess.py:93} INFO - 	sasl.oauthbearer.clock.skew.seconds = 30
[2025-07-18T15:54:09.696+0000] {subprocess.py:93} INFO - 	sasl.oauthbearer.expected.audience = null
[2025-07-18T15:54:09.696+0000] {subprocess.py:93} INFO - 	sasl.oauthbearer.expected.issuer = null
[2025-07-18T15:54:09.696+0000] {subprocess.py:93} INFO - 	sasl.oauthbearer.jwks.endpoint.refresh.ms = 3600000
[2025-07-18T15:54:09.696+0000] {subprocess.py:93} INFO - 	sasl.oauthbearer.jwks.endpoint.retry.backoff.max.ms = 10000
[2025-07-18T15:54:09.696+0000] {subprocess.py:93} INFO - 	sasl.oauthbearer.jwks.endpoint.retry.backoff.ms = 100
[2025-07-18T15:54:09.696+0000] {subprocess.py:93} INFO - 	sasl.oauthbearer.jwks.endpoint.url = null
[2025-07-18T15:54:09.697+0000] {subprocess.py:93} INFO - 	sasl.oauthbearer.scope.claim.name = scope
[2025-07-18T15:54:09.697+0000] {subprocess.py:93} INFO - 	sasl.oauthbearer.sub.claim.name = sub
[2025-07-18T15:54:09.697+0000] {subprocess.py:93} INFO - 	sasl.oauthbearer.token.endpoint.url = null
[2025-07-18T15:54:09.697+0000] {subprocess.py:93} INFO - 	security.protocol = PLAINTEXT
[2025-07-18T15:54:09.698+0000] {subprocess.py:93} INFO - 	security.providers = null
[2025-07-18T15:54:09.698+0000] {subprocess.py:93} INFO - 	send.buffer.bytes = 131072
[2025-07-18T15:54:09.698+0000] {subprocess.py:93} INFO - 	socket.connection.setup.timeout.max.ms = 30000
[2025-07-18T15:54:09.698+0000] {subprocess.py:93} INFO - 	socket.connection.setup.timeout.ms = 10000
[2025-07-18T15:54:09.698+0000] {subprocess.py:93} INFO - 	ssl.cipher.suites = null
[2025-07-18T15:54:09.698+0000] {subprocess.py:93} INFO - 	ssl.enabled.protocols = [TLSv1.2, TLSv1.3]
[2025-07-18T15:54:09.699+0000] {subprocess.py:93} INFO - 	ssl.endpoint.identification.algorithm = https
[2025-07-18T15:54:09.699+0000] {subprocess.py:93} INFO - 	ssl.engine.factory.class = null
[2025-07-18T15:54:09.699+0000] {subprocess.py:93} INFO - 	ssl.key.password = null
[2025-07-18T15:54:09.700+0000] {subprocess.py:93} INFO - 	ssl.keymanager.algorithm = SunX509
[2025-07-18T15:54:09.700+0000] {subprocess.py:93} INFO - 	ssl.keystore.certificate.chain = null
[2025-07-18T15:54:09.700+0000] {subprocess.py:93} INFO - 	ssl.keystore.key = null
[2025-07-18T15:54:09.700+0000] {subprocess.py:93} INFO - 	ssl.keystore.location = null
[2025-07-18T15:54:09.700+0000] {subprocess.py:93} INFO - 	ssl.keystore.password = null
[2025-07-18T15:54:09.700+0000] {subprocess.py:93} INFO - 	ssl.keystore.type = JKS
[2025-07-18T15:54:09.700+0000] {subprocess.py:93} INFO - 	ssl.protocol = TLSv1.3
[2025-07-18T15:54:09.700+0000] {subprocess.py:93} INFO - 	ssl.provider = null
[2025-07-18T15:54:09.701+0000] {subprocess.py:93} INFO - 	ssl.secure.random.implementation = null
[2025-07-18T15:54:09.701+0000] {subprocess.py:93} INFO - 	ssl.trustmanager.algorithm = PKIX
[2025-07-18T15:54:09.701+0000] {subprocess.py:93} INFO - 	ssl.truststore.certificates = null
[2025-07-18T15:54:09.701+0000] {subprocess.py:93} INFO - 	ssl.truststore.location = null
[2025-07-18T15:54:09.702+0000] {subprocess.py:93} INFO - 	ssl.truststore.password = null
[2025-07-18T15:54:09.702+0000] {subprocess.py:93} INFO - 	ssl.truststore.type = JKS
[2025-07-18T15:54:09.702+0000] {subprocess.py:93} INFO - 
[2025-07-18T15:54:09.714+0000] {subprocess.py:93} INFO - 25/07/18 15:54:09 INFO AdminClientConfig: These configurations '[key.deserializer, value.deserializer, enable.auto.commit, max.poll.records, auto.offset.reset]' were supplied but are not used yet.
[2025-07-18T15:54:09.715+0000] {subprocess.py:93} INFO - 25/07/18 15:54:09 INFO AdminClientConfig: These configurations '[key.deserializer, value.deserializer, enable.auto.commit, max.poll.records, auto.offset.reset]' were supplied but are not used yet.
[2025-07-18T15:54:09.717+0000] {subprocess.py:93} INFO - 25/07/18 15:54:09 INFO AppInfoParser: Kafka version: 3.5.1
[2025-07-18T15:54:09.717+0000] {subprocess.py:93} INFO - 25/07/18 15:54:09 INFO AppInfoParser: Kafka commitId: 2c6fb6c54472e90a
[2025-07-18T15:54:09.717+0000] {subprocess.py:93} INFO - 25/07/18 15:54:09 INFO AppInfoParser: Kafka startTimeMs: 1752854049713
[2025-07-18T15:54:09.719+0000] {subprocess.py:93} INFO - 25/07/18 15:54:09 INFO AppInfoParser: Kafka version: 3.5.1
[2025-07-18T15:54:09.720+0000] {subprocess.py:93} INFO - 25/07/18 15:54:09 INFO AppInfoParser: Kafka commitId: 2c6fb6c54472e90a
[2025-07-18T15:54:09.720+0000] {subprocess.py:93} INFO - 25/07/18 15:54:09 INFO AppInfoParser: Kafka startTimeMs: 1752854049713
[2025-07-18T15:54:09.743+0000] {subprocess.py:93} INFO - 25/07/18 15:54:09 INFO BaseMetastoreCatalog: Table loaded by catalog: my_catalog.bronze.Feedback_raw
[2025-07-18T15:54:09.747+0000] {subprocess.py:93} INFO - 25/07/18 15:54:09 INFO ResolveWriteToStream: Checkpoint root /tmp/checkpoints/feedback resolved to file:/tmp/checkpoints/feedback.
[2025-07-18T15:54:09.748+0000] {subprocess.py:93} INFO - 25/07/18 15:54:09 WARN ResolveWriteToStream: spark.sql.adaptive.enabled is not supported in streaming DataFrames/Datasets and will be disabled.
[2025-07-18T15:54:09.752+0000] {subprocess.py:93} INFO - 25/07/18 15:54:09 INFO MicroBatchExecution: Starting [id = d3aff090-24bc-4a1c-938f-fc839231598c, runId = 166d4b04-ea05-44dc-ae9c-89d6d21f1351]. Use file:/tmp/checkpoints/feedback to store the query checkpoint.
[2025-07-18T15:54:09.753+0000] {subprocess.py:93} INFO - 25/07/18 15:54:09 INFO MicroBatchExecution: Reading table [org.apache.spark.sql.kafka010.KafkaSourceProvider$KafkaTable@74e8486c] from DataSourceV2 named 'kafka' [org.apache.spark.sql.kafka010.KafkaSourceProvider@7a2fb959]
[2025-07-18T15:54:09.756+0000] {subprocess.py:93} INFO - 25/07/18 15:54:09 INFO OffsetSeqLog: BatchIds found from listing: 0, 1, 2, 3, 4, 5, 6, 7, 8, 9, 10, 11, 12, 13, 14, 15, 16, 17, 18, 19, 20, 21, 22, 23, 24, 25, 26, 27, 28, 29, 30, 31, 32, 33, 34, 35, 36, 37, 38, 39
[2025-07-18T15:54:09.757+0000] {subprocess.py:93} INFO - 25/07/18 15:54:09 INFO OffsetSeqLog: Getting latest batch 39
[2025-07-18T15:54:09.761+0000] {subprocess.py:93} INFO - 25/07/18 15:54:09 INFO OffsetSeqLog: BatchIds found from listing: 0, 1, 2, 3, 4, 5, 6, 7, 8, 9, 10, 11, 12, 13, 14, 15, 16, 17, 18, 19, 20, 21, 22, 23, 24, 25, 26, 27, 28, 29, 30, 31, 32, 33, 34, 35, 36, 37, 38, 39
[2025-07-18T15:54:09.762+0000] {subprocess.py:93} INFO - 25/07/18 15:54:09 INFO OffsetSeqLog: Getting latest batch 39
[2025-07-18T15:54:09.764+0000] {subprocess.py:93} INFO - 25/07/18 15:54:09 INFO CommitLog: BatchIds found from listing: 0, 1, 2, 3, 4, 5, 6, 7, 8, 9, 10, 11, 12, 13, 14, 15, 16, 17, 18, 19, 20, 21, 22, 23, 24, 25, 26, 27, 28, 29, 30, 31, 32, 33, 34, 35, 36, 37, 38, 39
[2025-07-18T15:54:09.765+0000] {subprocess.py:93} INFO - 25/07/18 15:54:09 INFO CommitLog: Getting latest batch 39
[2025-07-18T15:54:09.766+0000] {subprocess.py:93} INFO - 25/07/18 15:54:09 INFO MicroBatchExecution: Resuming at batch 40 with committed offsets {KafkaV2[Subscribe[feedback]]: {"feedback":{"0":87}}} and available offsets {KafkaV2[Subscribe[feedback]]: {"feedback":{"0":87}}}
[2025-07-18T15:54:09.766+0000] {subprocess.py:93} INFO - 25/07/18 15:54:09 INFO MicroBatchExecution: Stream started from {KafkaV2[Subscribe[feedback]]: {"feedback":{"0":87}}}
[2025-07-18T15:54:09.768+0000] {subprocess.py:93} INFO - 25/07/18 15:54:09 INFO AdminClientConfig: AdminClientConfig values:
[2025-07-18T15:54:09.768+0000] {subprocess.py:93} INFO - 	auto.include.jmx.reporter = true
[2025-07-18T15:54:09.768+0000] {subprocess.py:93} INFO - 	bootstrap.servers = [kafka:9092]
[2025-07-18T15:54:09.768+0000] {subprocess.py:93} INFO - 	client.dns.lookup = use_all_dns_ips
[2025-07-18T15:54:09.768+0000] {subprocess.py:93} INFO - 	client.id =
[2025-07-18T15:54:09.768+0000] {subprocess.py:93} INFO - 	connections.max.idle.ms = 300000
[2025-07-18T15:54:09.769+0000] {subprocess.py:93} INFO - 	default.api.timeout.ms = 60000
[2025-07-18T15:54:09.769+0000] {subprocess.py:93} INFO - 	metadata.max.age.ms = 300000
[2025-07-18T15:54:09.769+0000] {subprocess.py:93} INFO - 	metric.reporters = []
[2025-07-18T15:54:09.769+0000] {subprocess.py:93} INFO - 	metrics.num.samples = 2
[2025-07-18T15:54:09.770+0000] {subprocess.py:93} INFO - 	metrics.recording.level = INFO
[2025-07-18T15:54:09.770+0000] {subprocess.py:93} INFO - 	metrics.sample.window.ms = 30000
[2025-07-18T15:54:09.770+0000] {subprocess.py:93} INFO - 	receive.buffer.bytes = 65536
[2025-07-18T15:54:09.770+0000] {subprocess.py:93} INFO - 	reconnect.backoff.max.ms = 1000
[2025-07-18T15:54:09.770+0000] {subprocess.py:93} INFO - 	reconnect.backoff.ms = 50
[2025-07-18T15:54:09.770+0000] {subprocess.py:93} INFO - 	request.timeout.ms = 30000
[2025-07-18T15:54:09.770+0000] {subprocess.py:93} INFO - 	retries = 2147483647
[2025-07-18T15:54:09.770+0000] {subprocess.py:93} INFO - 	retry.backoff.ms = 100
[2025-07-18T15:54:09.770+0000] {subprocess.py:93} INFO - 	sasl.client.callback.handler.class = null
[2025-07-18T15:54:09.770+0000] {subprocess.py:93} INFO - 	sasl.jaas.config = null
[2025-07-18T15:54:09.770+0000] {subprocess.py:93} INFO - 	sasl.kerberos.kinit.cmd = /usr/bin/kinit
[2025-07-18T15:54:09.770+0000] {subprocess.py:93} INFO - 	sasl.kerberos.min.time.before.relogin = 60000
[2025-07-18T15:54:09.771+0000] {subprocess.py:93} INFO - 	sasl.kerberos.service.name = null
[2025-07-18T15:54:09.771+0000] {subprocess.py:93} INFO - 	sasl.kerberos.ticket.renew.jitter = 0.05
[2025-07-18T15:54:09.771+0000] {subprocess.py:93} INFO - 	sasl.kerberos.ticket.renew.window.factor = 0.8
[2025-07-18T15:54:09.771+0000] {subprocess.py:93} INFO - 	sasl.login.callback.handler.class = null
[2025-07-18T15:54:09.771+0000] {subprocess.py:93} INFO - 	sasl.login.class = null
[2025-07-18T15:54:09.771+0000] {subprocess.py:93} INFO - 	sasl.login.connect.timeout.ms = null
[2025-07-18T15:54:09.771+0000] {subprocess.py:93} INFO - 	sasl.login.read.timeout.ms = null
[2025-07-18T15:54:09.771+0000] {subprocess.py:93} INFO - 	sasl.login.refresh.buffer.seconds = 300
[2025-07-18T15:54:09.771+0000] {subprocess.py:93} INFO - 	sasl.login.refresh.min.period.seconds = 60
[2025-07-18T15:54:09.772+0000] {subprocess.py:93} INFO - 	sasl.login.refresh.window.factor = 0.8
[2025-07-18T15:54:09.772+0000] {subprocess.py:93} INFO - 	sasl.login.refresh.window.jitter = 0.05
[2025-07-18T15:54:09.772+0000] {subprocess.py:93} INFO - 	sasl.login.retry.backoff.max.ms = 10000
[2025-07-18T15:54:09.772+0000] {subprocess.py:93} INFO - 	sasl.login.retry.backoff.ms = 100
[2025-07-18T15:54:09.772+0000] {subprocess.py:93} INFO - 	sasl.mechanism = GSSAPI
[2025-07-18T15:54:09.772+0000] {subprocess.py:93} INFO - 	sasl.oauthbearer.clock.skew.seconds = 30
[2025-07-18T15:54:09.772+0000] {subprocess.py:93} INFO - 	sasl.oauthbearer.expected.audience = null
[2025-07-18T15:54:09.772+0000] {subprocess.py:93} INFO - 	sasl.oauthbearer.expected.issuer = null
[2025-07-18T15:54:09.772+0000] {subprocess.py:93} INFO - 	sasl.oauthbearer.jwks.endpoint.refresh.ms = 3600000
[2025-07-18T15:54:09.772+0000] {subprocess.py:93} INFO - 	sasl.oauthbearer.jwks.endpoint.retry.backoff.max.ms = 10000
[2025-07-18T15:54:09.772+0000] {subprocess.py:93} INFO - 	sasl.oauthbearer.jwks.endpoint.retry.backoff.ms = 100
[2025-07-18T15:54:09.772+0000] {subprocess.py:93} INFO - 	sasl.oauthbearer.jwks.endpoint.url = null
[2025-07-18T15:54:09.772+0000] {subprocess.py:93} INFO - 	sasl.oauthbearer.scope.claim.name = scope
[2025-07-18T15:54:09.772+0000] {subprocess.py:93} INFO - 	sasl.oauthbearer.sub.claim.name = sub
[2025-07-18T15:54:09.773+0000] {subprocess.py:93} INFO - 	sasl.oauthbearer.token.endpoint.url = null
[2025-07-18T15:54:09.773+0000] {subprocess.py:93} INFO - 	security.protocol = PLAINTEXT
[2025-07-18T15:54:09.773+0000] {subprocess.py:93} INFO - 	security.providers = null
[2025-07-18T15:54:09.773+0000] {subprocess.py:93} INFO - 	send.buffer.bytes = 131072
[2025-07-18T15:54:09.773+0000] {subprocess.py:93} INFO - 	socket.connection.setup.timeout.max.ms = 30000
[2025-07-18T15:54:09.773+0000] {subprocess.py:93} INFO - 	socket.connection.setup.timeout.ms = 10000
[2025-07-18T15:54:09.773+0000] {subprocess.py:93} INFO - 	ssl.cipher.suites = null
[2025-07-18T15:54:09.773+0000] {subprocess.py:93} INFO - 	ssl.enabled.protocols = [TLSv1.2, TLSv1.3]
[2025-07-18T15:54:09.773+0000] {subprocess.py:93} INFO - 	ssl.endpoint.identification.algorithm = https
[2025-07-18T15:54:09.773+0000] {subprocess.py:93} INFO - 	ssl.engine.factory.class = null
[2025-07-18T15:54:09.773+0000] {subprocess.py:93} INFO - 	ssl.key.password = null
[2025-07-18T15:54:09.773+0000] {subprocess.py:93} INFO - 	ssl.keymanager.algorithm = SunX509
[2025-07-18T15:54:09.773+0000] {subprocess.py:93} INFO - 	ssl.keystore.certificate.chain = null
[2025-07-18T15:54:09.774+0000] {subprocess.py:93} INFO - 	ssl.keystore.key = null
[2025-07-18T15:54:09.774+0000] {subprocess.py:93} INFO - 	ssl.keystore.location = null
[2025-07-18T15:54:09.774+0000] {subprocess.py:93} INFO - 	ssl.keystore.password = null
[2025-07-18T15:54:09.774+0000] {subprocess.py:93} INFO - 	ssl.keystore.type = JKS
[2025-07-18T15:54:09.774+0000] {subprocess.py:93} INFO - 	ssl.protocol = TLSv1.3
[2025-07-18T15:54:09.774+0000] {subprocess.py:93} INFO - 	ssl.provider = null
[2025-07-18T15:54:09.774+0000] {subprocess.py:93} INFO - 	ssl.secure.random.implementation = null
[2025-07-18T15:54:09.774+0000] {subprocess.py:93} INFO - 	ssl.trustmanager.algorithm = PKIX
[2025-07-18T15:54:09.774+0000] {subprocess.py:93} INFO - 	ssl.truststore.certificates = null
[2025-07-18T15:54:09.774+0000] {subprocess.py:93} INFO - 	ssl.truststore.location = null
[2025-07-18T15:54:09.774+0000] {subprocess.py:93} INFO - 	ssl.truststore.password = null
[2025-07-18T15:54:09.774+0000] {subprocess.py:93} INFO - 	ssl.truststore.type = JKS
[2025-07-18T15:54:09.774+0000] {subprocess.py:93} INFO - 
[2025-07-18T15:54:09.774+0000] {subprocess.py:93} INFO - 25/07/18 15:54:09 INFO AdminClientConfig: These configurations '[key.deserializer, value.deserializer, enable.auto.commit, max.poll.records, auto.offset.reset]' were supplied but are not used yet.
[2025-07-18T15:54:09.775+0000] {subprocess.py:93} INFO - 25/07/18 15:54:09 INFO AppInfoParser: Kafka version: 3.5.1
[2025-07-18T15:54:09.775+0000] {subprocess.py:93} INFO - 25/07/18 15:54:09 INFO AppInfoParser: Kafka commitId: 2c6fb6c54472e90a
[2025-07-18T15:54:09.775+0000] {subprocess.py:93} INFO - 25/07/18 15:54:09 INFO AppInfoParser: Kafka startTimeMs: 1752854049768
[2025-07-18T15:54:19.916+0000] {subprocess.py:93} INFO - 25/07/18 15:54:19 INFO MicroBatchExecution: Streaming query has been idle and waiting for new data more than 10000 ms.
[2025-07-18T15:54:19.922+0000] {subprocess.py:93} INFO - 25/07/18 15:54:19 INFO MicroBatchExecution: Streaming query has been idle and waiting for new data more than 10000 ms.
[2025-07-18T15:54:19.922+0000] {subprocess.py:93} INFO - 25/07/18 15:54:19 INFO MicroBatchExecution: Streaming query has been idle and waiting for new data more than 10000 ms.
[2025-07-18T15:54:29.923+0000] {subprocess.py:93} INFO - 25/07/18 15:54:29 INFO MicroBatchExecution: Streaming query has been idle and waiting for new data more than 10000 ms.
[2025-07-18T15:54:29.924+0000] {subprocess.py:93} INFO - 25/07/18 15:54:29 INFO MicroBatchExecution: Streaming query has been idle and waiting for new data more than 10000 ms.
[2025-07-18T15:54:29.925+0000] {subprocess.py:93} INFO - 25/07/18 15:54:29 INFO MicroBatchExecution: Streaming query has been idle and waiting for new data more than 10000 ms.
[2025-07-18T15:54:39.936+0000] {subprocess.py:93} INFO - 25/07/18 15:54:39 INFO MicroBatchExecution: Streaming query has been idle and waiting for new data more than 10000 ms.
[2025-07-18T15:54:39.937+0000] {subprocess.py:93} INFO - 25/07/18 15:54:39 INFO MicroBatchExecution: Streaming query has been idle and waiting for new data more than 10000 ms.
[2025-07-18T15:54:39.937+0000] {subprocess.py:93} INFO - 25/07/18 15:54:39 INFO MicroBatchExecution: Streaming query has been idle and waiting for new data more than 10000 ms.
[2025-07-18T15:54:49.944+0000] {subprocess.py:93} INFO - 25/07/18 15:54:49 INFO MicroBatchExecution: Streaming query has been idle and waiting for new data more than 10000 ms.
[2025-07-18T15:54:49.944+0000] {subprocess.py:93} INFO - 25/07/18 15:54:49 INFO MicroBatchExecution: Streaming query has been idle and waiting for new data more than 10000 ms.
[2025-07-18T15:54:49.945+0000] {subprocess.py:93} INFO - 25/07/18 15:54:49 INFO MicroBatchExecution: Streaming query has been idle and waiting for new data more than 10000 ms.
[2025-07-18T15:54:59.954+0000] {subprocess.py:93} INFO - 25/07/18 15:54:59 INFO MicroBatchExecution: Streaming query has been idle and waiting for new data more than 10000 ms.
[2025-07-18T15:54:59.955+0000] {subprocess.py:93} INFO - 25/07/18 15:54:59 INFO MicroBatchExecution: Streaming query has been idle and waiting for new data more than 10000 ms.
[2025-07-18T15:54:59.955+0000] {subprocess.py:93} INFO - 25/07/18 15:54:59 INFO MicroBatchExecution: Streaming query has been idle and waiting for new data more than 10000 ms.
[2025-07-18T15:55:09.965+0000] {subprocess.py:93} INFO - 25/07/18 15:55:09 INFO MicroBatchExecution: Streaming query has been idle and waiting for new data more than 10000 ms.
[2025-07-18T15:55:09.966+0000] {subprocess.py:93} INFO - 25/07/18 15:55:09 INFO MicroBatchExecution: Streaming query has been idle and waiting for new data more than 10000 ms.
[2025-07-18T15:55:09.966+0000] {subprocess.py:93} INFO - 25/07/18 15:55:09 INFO MicroBatchExecution: Streaming query has been idle and waiting for new data more than 10000 ms.
[2025-07-18T15:55:19.966+0000] {subprocess.py:93} INFO - 25/07/18 15:55:19 INFO MicroBatchExecution: Streaming query has been idle and waiting for new data more than 10000 ms.
[2025-07-18T15:55:19.966+0000] {subprocess.py:93} INFO - 25/07/18 15:55:19 INFO MicroBatchExecution: Streaming query has been idle and waiting for new data more than 10000 ms.
[2025-07-18T15:55:19.967+0000] {subprocess.py:93} INFO - 25/07/18 15:55:19 INFO MicroBatchExecution: Streaming query has been idle and waiting for new data more than 10000 ms.
[2025-07-18T15:55:29.967+0000] {subprocess.py:93} INFO - 25/07/18 15:55:29 INFO MicroBatchExecution: Streaming query has been idle and waiting for new data more than 10000 ms.
[2025-07-18T15:55:29.969+0000] {subprocess.py:93} INFO - 25/07/18 15:55:29 INFO MicroBatchExecution: Streaming query has been idle and waiting for new data more than 10000 ms.
[2025-07-18T15:55:29.969+0000] {subprocess.py:93} INFO - 25/07/18 15:55:29 INFO MicroBatchExecution: Streaming query has been idle and waiting for new data more than 10000 ms.
[2025-07-18T15:55:39.970+0000] {subprocess.py:93} INFO - 25/07/18 15:55:39 INFO MicroBatchExecution: Streaming query has been idle and waiting for new data more than 10000 ms.
[2025-07-18T15:55:39.971+0000] {subprocess.py:93} INFO - 25/07/18 15:55:39 INFO MicroBatchExecution: Streaming query has been idle and waiting for new data more than 10000 ms.
[2025-07-18T15:55:39.971+0000] {subprocess.py:93} INFO - 25/07/18 15:55:39 INFO MicroBatchExecution: Streaming query has been idle and waiting for new data more than 10000 ms.
[2025-07-18T15:55:49.982+0000] {subprocess.py:93} INFO - 25/07/18 15:55:49 INFO MicroBatchExecution: Streaming query has been idle and waiting for new data more than 10000 ms.
[2025-07-18T15:55:49.983+0000] {subprocess.py:93} INFO - 25/07/18 15:55:49 INFO MicroBatchExecution: Streaming query has been idle and waiting for new data more than 10000 ms.
[2025-07-18T15:55:49.984+0000] {subprocess.py:93} INFO - 25/07/18 15:55:49 INFO MicroBatchExecution: Streaming query has been idle and waiting for new data more than 10000 ms.
[2025-07-18T15:55:59.985+0000] {subprocess.py:93} INFO - 25/07/18 15:55:59 INFO MicroBatchExecution: Streaming query has been idle and waiting for new data more than 10000 ms.
[2025-07-18T15:55:59.986+0000] {subprocess.py:93} INFO - 25/07/18 15:55:59 INFO MicroBatchExecution: Streaming query has been idle and waiting for new data more than 10000 ms.
[2025-07-18T15:55:59.986+0000] {subprocess.py:93} INFO - 25/07/18 15:55:59 INFO MicroBatchExecution: Streaming query has been idle and waiting for new data more than 10000 ms.
[2025-07-18T15:56:01.903+0000] {subprocess.py:93} INFO - 25/07/18 15:56:01 INFO CheckpointFileManager: Writing atomically to file:/tmp/checkpoints/reservations/offsets/35 using temp file file:/tmp/checkpoints/reservations/offsets/.35.320a66eb-c1ae-48e9-9718-6fc7af950ce7.tmp
[2025-07-18T15:56:01.918+0000] {subprocess.py:93} INFO - 25/07/18 15:56:01 WARN CheckpointFileManager: Failed to rename temp file file:/tmp/checkpoints/reservations/offsets/.35.320a66eb-c1ae-48e9-9718-6fc7af950ce7.tmp to file:/tmp/checkpoints/reservations/offsets/35 because file exists
[2025-07-18T15:56:01.918+0000] {subprocess.py:93} INFO - org.apache.hadoop.fs.FileAlreadyExistsException: Rename destination file:/tmp/checkpoints/reservations/offsets/35 already exists.
[2025-07-18T15:56:01.918+0000] {subprocess.py:93} INFO - 	at org.apache.hadoop.fs.AbstractFileSystem.renameInternal(AbstractFileSystem.java:770)
[2025-07-18T15:56:01.919+0000] {subprocess.py:93} INFO - 	at org.apache.hadoop.fs.AbstractFileSystem.rename(AbstractFileSystem.java:720)
[2025-07-18T15:56:01.919+0000] {subprocess.py:93} INFO - 	at org.apache.hadoop.fs.ChecksumFs.renameInternal(ChecksumFs.java:489)
[2025-07-18T15:56:01.919+0000] {subprocess.py:93} INFO - 	at org.apache.hadoop.fs.AbstractFileSystem.rename(AbstractFileSystem.java:720)
[2025-07-18T15:56:01.919+0000] {subprocess.py:93} INFO - 	at org.apache.hadoop.fs.FileContext.rename(FileContext.java:1036)
[2025-07-18T15:56:01.919+0000] {subprocess.py:93} INFO - 	at org.apache.spark.sql.execution.streaming.FileContextBasedCheckpointFileManager.renameTempFile(CheckpointFileManager.scala:372)
[2025-07-18T15:56:01.919+0000] {subprocess.py:93} INFO - 	at org.apache.spark.sql.execution.streaming.CheckpointFileManager$RenameBasedFSDataOutputStream.close(CheckpointFileManager.scala:154)
[2025-07-18T15:56:01.919+0000] {subprocess.py:93} INFO - 	at org.apache.spark.sql.execution.streaming.HDFSMetadataLog.write(HDFSMetadataLog.scala:204)
[2025-07-18T15:56:01.919+0000] {subprocess.py:93} INFO - 	at org.apache.spark.sql.execution.streaming.HDFSMetadataLog.addNewBatchByStream(HDFSMetadataLog.scala:237)
[2025-07-18T15:56:01.919+0000] {subprocess.py:93} INFO - 	at org.apache.spark.sql.execution.streaming.HDFSMetadataLog.add(HDFSMetadataLog.scala:130)
[2025-07-18T15:56:01.919+0000] {subprocess.py:93} INFO - 	at org.apache.spark.sql.execution.streaming.MicroBatchExecution.markMicroBatchStart(MicroBatchExecution.scala:764)
[2025-07-18T15:56:01.919+0000] {subprocess.py:93} INFO - 	at org.apache.spark.sql.execution.streaming.MicroBatchExecution.$anonfun$constructNextBatch$13(MicroBatchExecution.scala:536)
[2025-07-18T15:56:01.919+0000] {subprocess.py:93} INFO - 	at scala.runtime.java8.JFunction0$mcV$sp.apply(JFunction0$mcV$sp.java:23)
[2025-07-18T15:56:01.919+0000] {subprocess.py:93} INFO - 	at org.apache.spark.sql.execution.streaming.ProgressReporter.reportTimeTaken(ProgressReporter.scala:427)
[2025-07-18T15:56:01.920+0000] {subprocess.py:93} INFO - 	at org.apache.spark.sql.execution.streaming.ProgressReporter.reportTimeTaken$(ProgressReporter.scala:425)
[2025-07-18T15:56:01.920+0000] {subprocess.py:93} INFO - 	at org.apache.spark.sql.execution.streaming.StreamExecution.reportTimeTaken(StreamExecution.scala:67)
[2025-07-18T15:56:01.920+0000] {subprocess.py:93} INFO - 	at org.apache.spark.sql.execution.streaming.MicroBatchExecution.$anonfun$constructNextBatch$1(MicroBatchExecution.scala:535)
[2025-07-18T15:56:01.920+0000] {subprocess.py:93} INFO - 	at scala.runtime.java8.JFunction0$mcZ$sp.apply(JFunction0$mcZ$sp.java:23)
[2025-07-18T15:56:01.920+0000] {subprocess.py:93} INFO - 	at org.apache.spark.sql.execution.streaming.MicroBatchExecution.withProgressLocked(MicroBatchExecution.scala:810)
[2025-07-18T15:56:01.920+0000] {subprocess.py:93} INFO - 	at org.apache.spark.sql.execution.streaming.MicroBatchExecution.constructNextBatch(MicroBatchExecution.scala:475)
[2025-07-18T15:56:01.920+0000] {subprocess.py:93} INFO - 	at org.apache.spark.sql.execution.streaming.MicroBatchExecution.$anonfun$runActivatedStream$2(MicroBatchExecution.scala:268)
[2025-07-18T15:56:01.920+0000] {subprocess.py:93} INFO - 	at scala.runtime.java8.JFunction0$mcV$sp.apply(JFunction0$mcV$sp.java:23)
[2025-07-18T15:56:01.921+0000] {subprocess.py:93} INFO - 	at org.apache.spark.sql.execution.streaming.ProgressReporter.reportTimeTaken(ProgressReporter.scala:427)
[2025-07-18T15:56:01.921+0000] {subprocess.py:93} INFO - 	at org.apache.spark.sql.execution.streaming.ProgressReporter.reportTimeTaken$(ProgressReporter.scala:425)
[2025-07-18T15:56:01.922+0000] {subprocess.py:93} INFO - 	at org.apache.spark.sql.execution.streaming.StreamExecution.reportTimeTaken(StreamExecution.scala:67)
[2025-07-18T15:56:01.923+0000] {subprocess.py:93} INFO - 	at org.apache.spark.sql.execution.streaming.MicroBatchExecution.$anonfun$runActivatedStream$1(MicroBatchExecution.scala:249)
[2025-07-18T15:56:01.924+0000] {subprocess.py:93} INFO - 	at org.apache.spark.sql.execution.streaming.ProcessingTimeExecutor.execute(TriggerExecutor.scala:67)
[2025-07-18T15:56:01.924+0000] {subprocess.py:93} INFO - 	at org.apache.spark.sql.execution.streaming.MicroBatchExecution.runActivatedStream(MicroBatchExecution.scala:239)
[2025-07-18T15:56:01.925+0000] {subprocess.py:93} INFO - 	at org.apache.spark.sql.execution.streaming.StreamExecution.$anonfun$runStream$1(StreamExecution.scala:311)
[2025-07-18T15:56:01.925+0000] {subprocess.py:93} INFO - 	at scala.runtime.java8.JFunction0$mcV$sp.apply(JFunction0$mcV$sp.java:23)
[2025-07-18T15:56:01.925+0000] {subprocess.py:93} INFO - 	at org.apache.spark.sql.SparkSession.withActive(SparkSession.scala:900)
[2025-07-18T15:56:01.925+0000] {subprocess.py:93} INFO - 	at org.apache.spark.sql.execution.streaming.StreamExecution.org$apache$spark$sql$execution$streaming$StreamExecution$$runStream(StreamExecution.scala:289)
[2025-07-18T15:56:01.925+0000] {subprocess.py:93} INFO - 	at org.apache.spark.sql.execution.streaming.StreamExecution$$anon$1.$anonfun$run$1(StreamExecution.scala:211)
[2025-07-18T15:56:01.926+0000] {subprocess.py:93} INFO - 	at scala.runtime.java8.JFunction0$mcV$sp.apply(JFunction0$mcV$sp.java:23)
[2025-07-18T15:56:01.926+0000] {subprocess.py:93} INFO - 	at org.apache.spark.JobArtifactSet$.withActiveJobArtifactState(JobArtifactSet.scala:94)
[2025-07-18T15:56:01.926+0000] {subprocess.py:93} INFO - 	at org.apache.spark.sql.execution.streaming.StreamExecution$$anon$1.run(StreamExecution.scala:211)
[2025-07-18T15:56:02.128+0000] {subprocess.py:93} INFO - 25/07/18 15:56:02 ERROR MicroBatchExecution: Query [id = 0314df7c-5598-4928-8d91-374ee67989d1, runId = dd84b416-4666-45de-a4a8-065cd68d7748] terminated with error
[2025-07-18T15:56:02.128+0000] {subprocess.py:93} INFO - org.apache.spark.SparkConcurrentModificationException: Multiple streaming queries are concurrently using file:/tmp/checkpoints/reservations/offsets.
[2025-07-18T15:56:02.129+0000] {subprocess.py:93} INFO - 	at org.apache.spark.sql.errors.QueryExecutionErrors$.multiStreamingQueriesUsingPathConcurrentlyError(QueryExecutionErrors.scala:1858)
[2025-07-18T15:56:02.129+0000] {subprocess.py:93} INFO - 	at org.apache.spark.sql.execution.streaming.HDFSMetadataLog.write(HDFSMetadataLog.scala:210)
[2025-07-18T15:56:02.129+0000] {subprocess.py:93} INFO - 	at org.apache.spark.sql.execution.streaming.HDFSMetadataLog.addNewBatchByStream(HDFSMetadataLog.scala:237)
[2025-07-18T15:56:02.129+0000] {subprocess.py:93} INFO - 	at org.apache.spark.sql.execution.streaming.HDFSMetadataLog.add(HDFSMetadataLog.scala:130)
[2025-07-18T15:56:02.130+0000] {subprocess.py:93} INFO - 	at org.apache.spark.sql.execution.streaming.MicroBatchExecution.markMicroBatchStart(MicroBatchExecution.scala:764)
[2025-07-18T15:56:02.130+0000] {subprocess.py:93} INFO - 	at org.apache.spark.sql.execution.streaming.MicroBatchExecution.$anonfun$constructNextBatch$13(MicroBatchExecution.scala:536)
[2025-07-18T15:56:02.130+0000] {subprocess.py:93} INFO - 	at scala.runtime.java8.JFunction0$mcV$sp.apply(JFunction0$mcV$sp.java:23)
[2025-07-18T15:56:02.131+0000] {subprocess.py:93} INFO - 	at org.apache.spark.sql.execution.streaming.ProgressReporter.reportTimeTaken(ProgressReporter.scala:427)
[2025-07-18T15:56:02.132+0000] {subprocess.py:93} INFO - 	at org.apache.spark.sql.execution.streaming.ProgressReporter.reportTimeTaken$(ProgressReporter.scala:425)
[2025-07-18T15:56:02.132+0000] {subprocess.py:93} INFO - 	at org.apache.spark.sql.execution.streaming.StreamExecution.reportTimeTaken(StreamExecution.scala:67)
[2025-07-18T15:56:02.133+0000] {subprocess.py:93} INFO - 	at org.apache.spark.sql.execution.streaming.MicroBatchExecution.$anonfun$constructNextBatch$1(MicroBatchExecution.scala:535)
[2025-07-18T15:56:02.133+0000] {subprocess.py:93} INFO - 	at scala.runtime.java8.JFunction0$mcZ$sp.apply(JFunction0$mcZ$sp.java:23)
[2025-07-18T15:56:02.134+0000] {subprocess.py:93} INFO - 	at org.apache.spark.sql.execution.streaming.MicroBatchExecution.withProgressLocked(MicroBatchExecution.scala:810)
[2025-07-18T15:56:02.134+0000] {subprocess.py:93} INFO - 	at org.apache.spark.sql.execution.streaming.MicroBatchExecution.constructNextBatch(MicroBatchExecution.scala:475)
[2025-07-18T15:56:02.135+0000] {subprocess.py:93} INFO - 	at org.apache.spark.sql.execution.streaming.MicroBatchExecution.$anonfun$runActivatedStream$2(MicroBatchExecution.scala:268)
[2025-07-18T15:56:02.135+0000] {subprocess.py:93} INFO - 	at scala.runtime.java8.JFunction0$mcV$sp.apply(JFunction0$mcV$sp.java:23)
[2025-07-18T15:56:02.136+0000] {subprocess.py:93} INFO - 	at org.apache.spark.sql.execution.streaming.ProgressReporter.reportTimeTaken(ProgressReporter.scala:427)
[2025-07-18T15:56:02.136+0000] {subprocess.py:93} INFO - 	at org.apache.spark.sql.execution.streaming.ProgressReporter.reportTimeTaken$(ProgressReporter.scala:425)
[2025-07-18T15:56:02.137+0000] {subprocess.py:93} INFO - 	at org.apache.spark.sql.execution.streaming.StreamExecution.reportTimeTaken(StreamExecution.scala:67)
[2025-07-18T15:56:02.138+0000] {subprocess.py:93} INFO - 	at org.apache.spark.sql.execution.streaming.MicroBatchExecution.$anonfun$runActivatedStream$1(MicroBatchExecution.scala:249)
[2025-07-18T15:56:02.140+0000] {subprocess.py:93} INFO - 	at org.apache.spark.sql.execution.streaming.ProcessingTimeExecutor.execute(TriggerExecutor.scala:67)
[2025-07-18T15:56:02.140+0000] {subprocess.py:93} INFO - 	at org.apache.spark.sql.execution.streaming.MicroBatchExecution.runActivatedStream(MicroBatchExecution.scala:239)
[2025-07-18T15:56:02.140+0000] {subprocess.py:93} INFO - 	at org.apache.spark.sql.execution.streaming.StreamExecution.$anonfun$runStream$1(StreamExecution.scala:311)
[2025-07-18T15:56:02.141+0000] {subprocess.py:93} INFO - 	at scala.runtime.java8.JFunction0$mcV$sp.apply(JFunction0$mcV$sp.java:23)
[2025-07-18T15:56:02.144+0000] {subprocess.py:93} INFO - 	at org.apache.spark.sql.SparkSession.withActive(SparkSession.scala:900)
[2025-07-18T15:56:02.145+0000] {subprocess.py:93} INFO - 	at org.apache.spark.sql.execution.streaming.StreamExecution.org$apache$spark$sql$execution$streaming$StreamExecution$$runStream(StreamExecution.scala:289)
[2025-07-18T15:56:02.145+0000] {subprocess.py:93} INFO - 	at org.apache.spark.sql.execution.streaming.StreamExecution$$anon$1.$anonfun$run$1(StreamExecution.scala:211)
[2025-07-18T15:56:02.146+0000] {subprocess.py:93} INFO - 	at scala.runtime.java8.JFunction0$mcV$sp.apply(JFunction0$mcV$sp.java:23)
[2025-07-18T15:56:02.146+0000] {subprocess.py:93} INFO - 	at org.apache.spark.JobArtifactSet$.withActiveJobArtifactState(JobArtifactSet.scala:94)
[2025-07-18T15:56:02.146+0000] {subprocess.py:93} INFO - 	at org.apache.spark.sql.execution.streaming.StreamExecution$$anon$1.run(StreamExecution.scala:211)
[2025-07-18T15:56:02.146+0000] {subprocess.py:93} INFO - Caused by: org.apache.hadoop.fs.FileAlreadyExistsException: Rename destination file:/tmp/checkpoints/reservations/offsets/35 already exists.
[2025-07-18T15:56:02.147+0000] {subprocess.py:93} INFO - 	at org.apache.hadoop.fs.AbstractFileSystem.renameInternal(AbstractFileSystem.java:770)
[2025-07-18T15:56:02.147+0000] {subprocess.py:93} INFO - 	at org.apache.hadoop.fs.AbstractFileSystem.rename(AbstractFileSystem.java:720)
[2025-07-18T15:56:02.148+0000] {subprocess.py:93} INFO - 	at org.apache.hadoop.fs.ChecksumFs.renameInternal(ChecksumFs.java:489)
[2025-07-18T15:56:02.148+0000] {subprocess.py:93} INFO - 	at org.apache.hadoop.fs.AbstractFileSystem.rename(AbstractFileSystem.java:720)
[2025-07-18T15:56:02.149+0000] {subprocess.py:93} INFO - 	at org.apache.hadoop.fs.FileContext.rename(FileContext.java:1036)
[2025-07-18T15:56:02.149+0000] {subprocess.py:93} INFO - 	at org.apache.spark.sql.execution.streaming.FileContextBasedCheckpointFileManager.renameTempFile(CheckpointFileManager.scala:372)
[2025-07-18T15:56:02.149+0000] {subprocess.py:93} INFO - 	at org.apache.spark.sql.execution.streaming.CheckpointFileManager$RenameBasedFSDataOutputStream.close(CheckpointFileManager.scala:154)
[2025-07-18T15:56:02.150+0000] {subprocess.py:93} INFO - 	at org.apache.spark.sql.execution.streaming.HDFSMetadataLog.write(HDFSMetadataLog.scala:204)
[2025-07-18T15:56:02.150+0000] {subprocess.py:93} INFO - 	... 28 more
[2025-07-18T15:56:02.150+0000] {subprocess.py:93} INFO - 25/07/18 15:56:02 INFO AppInfoParser: App info kafka.admin.client for adminclient-1 unregistered
[2025-07-18T15:56:02.150+0000] {subprocess.py:93} INFO - 25/07/18 15:56:02 INFO Metrics: Metrics scheduler closed
[2025-07-18T15:56:02.150+0000] {subprocess.py:93} INFO - 25/07/18 15:56:02 INFO Metrics: Closing reporter org.apache.kafka.common.metrics.JmxReporter
[2025-07-18T15:56:02.151+0000] {subprocess.py:93} INFO - 25/07/18 15:56:02 INFO Metrics: Metrics reporters closed
[2025-07-18T15:56:02.151+0000] {subprocess.py:93} INFO - 25/07/18 15:56:02 INFO MicroBatchExecution: Async log purge executor pool for query [id = 0314df7c-5598-4928-8d91-374ee67989d1, runId = dd84b416-4666-45de-a4a8-065cd68d7748] has been shutdown
[2025-07-18T15:56:02.190+0000] {subprocess.py:93} INFO - Traceback (most recent call last):
[2025-07-18T15:56:02.190+0000] {subprocess.py:93} INFO -   File "/home/iceberg/spark/stream_to_bronze.py", line 94, in <module>
[2025-07-18T15:56:02.191+0000] {subprocess.py:93} INFO -     spark.streams.awaitAnyTermination()
[2025-07-18T15:56:02.192+0000] {subprocess.py:93} INFO -   File "/opt/bitnami/spark/python/lib/pyspark.zip/pyspark/sql/streaming/query.py", line 596, in awaitAnyTermination
[2025-07-18T15:56:02.192+0000] {subprocess.py:93} INFO -   File "/opt/bitnami/spark/python/lib/py4j-0.10.9.7-src.zip/py4j/java_gateway.py", line 1322, in __call__
[2025-07-18T15:56:02.192+0000] {subprocess.py:93} INFO -   File "/opt/bitnami/spark/python/lib/pyspark.zip/pyspark/errors/exceptions/captured.py", line 185, in deco
[2025-07-18T15:56:02.200+0000] {subprocess.py:93} INFO - pyspark.errors.exceptions.captured.StreamingQueryException: [STREAM_FAILED] Query [id = 0314df7c-5598-4928-8d91-374ee67989d1, runId = dd84b416-4666-45de-a4a8-065cd68d7748] terminated with exception: Multiple streaming queries are concurrently using file:/tmp/checkpoints/reservations/offsets.
[2025-07-18T15:56:02.232+0000] {subprocess.py:93} INFO - 25/07/18 15:56:02 INFO SparkContext: Invoking stop() from shutdown hook
[2025-07-18T15:56:02.233+0000] {subprocess.py:93} INFO - 25/07/18 15:56:02 INFO SparkContext: SparkContext is stopping with exitCode 0.
[2025-07-18T15:56:02.243+0000] {subprocess.py:93} INFO - 25/07/18 15:56:02 INFO SparkUI: Stopped Spark web UI at http://77cb57a6bd53:4041
[2025-07-18T15:56:02.253+0000] {subprocess.py:93} INFO - 25/07/18 15:56:02 INFO MapOutputTrackerMasterEndpoint: MapOutputTrackerMasterEndpoint stopped!
[2025-07-18T15:56:02.263+0000] {subprocess.py:93} INFO - 25/07/18 15:56:02 INFO MemoryStore: MemoryStore cleared
[2025-07-18T15:56:02.264+0000] {subprocess.py:93} INFO - 25/07/18 15:56:02 INFO BlockManager: BlockManager stopped
[2025-07-18T15:56:02.270+0000] {subprocess.py:93} INFO - 25/07/18 15:56:02 INFO BlockManagerMaster: BlockManagerMaster stopped
[2025-07-18T15:56:02.275+0000] {subprocess.py:93} INFO - 25/07/18 15:56:02 INFO OutputCommitCoordinator$OutputCommitCoordinatorEndpoint: OutputCommitCoordinator stopped!
[2025-07-18T15:56:02.287+0000] {subprocess.py:93} INFO - 25/07/18 15:56:02 INFO SparkContext: Successfully stopped SparkContext
[2025-07-18T15:56:02.287+0000] {subprocess.py:93} INFO - 25/07/18 15:56:02 INFO ShutdownHookManager: Shutdown hook called
[2025-07-18T15:56:02.287+0000] {subprocess.py:93} INFO - 25/07/18 15:56:02 INFO ShutdownHookManager: Deleting directory /tmp/spark-a41b692e-1e0f-4438-8f2d-4638f00e43c0
[2025-07-18T15:56:02.289+0000] {subprocess.py:93} INFO - 25/07/18 15:56:02 INFO ShutdownHookManager: Deleting directory /tmp/spark-eab40320-609b-4c0e-b58d-f55878798532/pyspark-4f15248b-9398-4bd7-bab1-b82f67f7b0b0
[2025-07-18T15:56:02.293+0000] {subprocess.py:93} INFO - 25/07/18 15:56:02 INFO ShutdownHookManager: Deleting directory /tmp/spark-eab40320-609b-4c0e-b58d-f55878798532
[2025-07-18T15:56:02.299+0000] {subprocess.py:93} INFO - 25/07/18 15:56:02 INFO MetricsSystemImpl: Stopping s3a-file-system metrics system...
[2025-07-18T15:56:02.300+0000] {subprocess.py:93} INFO - 25/07/18 15:56:02 INFO MetricsSystemImpl: s3a-file-system metrics system stopped.
[2025-07-18T15:56:02.301+0000] {subprocess.py:93} INFO - 25/07/18 15:56:02 INFO MetricsSystemImpl: s3a-file-system metrics system shutdown complete.
[2025-07-18T15:56:02.683+0000] {subprocess.py:97} INFO - Command exited with return code 1
[2025-07-18T15:56:02.700+0000] {taskinstance.py:1937} ERROR - Task failed with exception
Traceback (most recent call last):
  File "/home/airflow/.local/lib/python3.8/site-packages/airflow/operators/bash.py", line 210, in execute
    raise AirflowException(
airflow.exceptions.AirflowException: Bash command failed. The command returned a non-zero exit code 1.
[2025-07-18T15:56:02.704+0000] {taskinstance.py:1400} INFO - Marking task as FAILED. dag_id=restaurant_pipeline, task_id=stream_to_bronze, execution_date=20250718T155200, start_date=20250718T155405, end_date=20250718T155602
[2025-07-18T15:56:02.717+0000] {standard_task_runner.py:104} ERROR - Failed to execute job 144 for task stream_to_bronze (Bash command failed. The command returned a non-zero exit code 1.; 837)
[2025-07-18T15:56:02.725+0000] {local_task_job_runner.py:228} INFO - Task exited with return code 1
[2025-07-18T15:56:02.753+0000] {taskinstance.py:2778} INFO - 0 downstream tasks scheduled from follow-on schedule check
