[2025-07-18T17:00:35.283+0000] {taskinstance.py:1159} INFO - Dependencies all met for dep_context=non-requeueable deps ti=<TaskInstance: restaurant_pipeline.send_to_kafka scheduled__2025-07-18T16:58:00+00:00 [queued]>
[2025-07-18T17:00:35.291+0000] {taskinstance.py:1159} INFO - Dependencies all met for dep_context=requeueable deps ti=<TaskInstance: restaurant_pipeline.send_to_kafka scheduled__2025-07-18T16:58:00+00:00 [queued]>
[2025-07-18T17:00:35.292+0000] {taskinstance.py:1361} INFO - Starting attempt 1 of 1
[2025-07-18T17:00:35.299+0000] {taskinstance.py:1382} INFO - Executing <Task(BashOperator): send_to_kafka> on 2025-07-18 16:58:00+00:00
[2025-07-18T17:00:35.303+0000] {standard_task_runner.py:57} INFO - Started process 2079 to run task
[2025-07-18T17:00:35.305+0000] {standard_task_runner.py:84} INFO - Running: ['***', 'tasks', 'run', 'restaurant_pipeline', 'send_to_kafka', 'scheduled__2025-07-18T16:58:00+00:00', '--job-id', '253', '--raw', '--subdir', 'DAGS_FOLDER/restaurant_pipeline.py', '--cfg-path', '/tmp/tmpssvjznlq']
[2025-07-18T17:00:35.307+0000] {standard_task_runner.py:85} INFO - Job 253: Subtask send_to_kafka
[2025-07-18T17:00:35.346+0000] {task_command.py:416} INFO - Running <TaskInstance: restaurant_pipeline.send_to_kafka scheduled__2025-07-18T16:58:00+00:00 [running]> on host 9bcfb43e0ab7
[2025-07-18T17:00:35.400+0000] {taskinstance.py:1662} INFO - Exporting env vars: AIRFLOW_CTX_DAG_OWNER='moran' AIRFLOW_CTX_DAG_ID='restaurant_pipeline' AIRFLOW_CTX_TASK_ID='send_to_kafka' AIRFLOW_CTX_EXECUTION_DATE='2025-07-18T16:58:00+00:00' AIRFLOW_CTX_TRY_NUMBER='1' AIRFLOW_CTX_DAG_RUN_ID='scheduled__2025-07-18T16:58:00+00:00'
[2025-07-18T17:00:35.401+0000] {subprocess.py:63} INFO - Tmp dir root location: /tmp
[2025-07-18T17:00:35.402+0000] {subprocess.py:75} INFO - Running command: ['/bin/bash', '-c', 'python /opt/streaming/producer.py']
[2025-07-18T17:00:35.408+0000] {subprocess.py:86} INFO - Output:
[2025-07-18T17:00:37.675+0000] {subprocess.py:93} INFO - [✓] Sent to reservations: {'reservation_id': 2309, 'branch_id': 102, 'customer_name': 'Steven Webb', 'phone_number': '702.356.1477', 'reservation_date': '2025-07-18', 'reservation_time': '18:55', 'guests_count': 2, 'is_confirmed': False}
[2025-07-18T17:00:37.675+0000] {subprocess.py:93} INFO - [✓] Sent to reservations: {'reservation_id': 8550, 'branch_id': 101, 'customer_name': 'Darryl Rice', 'phone_number': '001-234-907-0263x68222', 'reservation_date': '2025-07-18', 'reservation_time': '18:53', 'guests_count': 6, 'is_confirmed': False}
[2025-07-18T17:00:37.676+0000] {subprocess.py:93} INFO - [✓] Sent to reservations: {'reservation_id': 6452, 'branch_id': 102, 'customer_name': 'Christian Price', 'phone_number': '+1-942-721-7914', 'reservation_date': '2025-07-18', 'reservation_time': '17:27', 'guests_count': 5, 'is_confirmed': True}
[2025-07-18T17:00:37.676+0000] {subprocess.py:93} INFO - [✓] Sent to checkins: {'checkin_id': 2596, 'customer_name': 'Chad Steele', 'phone_number': '(419)627-4401x7521', 'branch_id': 101, 'table_id': 208, 'is_prebooked': False, 'checkin_date': '2025-07-18', 'checkin_time': '16:51', 'guests_count': 3, 'shift_manager': 'Christopher Gallegos'}
[2025-07-18T17:00:37.676+0000] {subprocess.py:93} INFO - [✓] Sent to checkins: {'checkin_id': 8362, 'customer_name': 'Shannon Henry', 'phone_number': '788-736-7957', 'branch_id': 102, 'table_id': 201, 'is_prebooked': False, 'checkin_date': '2025-07-18', 'checkin_time': '15:37', 'guests_count': 5, 'shift_manager': 'Latoya Shelton'}
[2025-07-18T17:00:37.676+0000] {subprocess.py:93} INFO - [✓] Sent to checkins: {'checkin_id': 4332, 'customer_name': 'Debra Phillips', 'phone_number': '(945)831-3138x42262', 'branch_id': 102, 'table_id': 200, 'is_prebooked': False, 'checkin_date': '2025-07-18', 'checkin_time': '16:43', 'guests_count': 3, 'shift_manager': 'Lauren Espinoza'}
[2025-07-18T17:00:37.676+0000] {subprocess.py:93} INFO - [✓] Sent to feedback: {'feedback_id': 9261, 'branch_id': 101, 'customer_name': 'Todd Casey', 'phone_number': '(919)545-3733x290', 'feedback_text': 'Value table dark physical herself major suffer.', 'rating': 3, 'dining_date': '2025-07-18', 'dining_time': '16:54', 'submission_time': '2025-07-18T17:00:34'}
[2025-07-18T17:00:37.676+0000] {subprocess.py:93} INFO - [✓] Sent to feedback: {'feedback_id': 1334, 'branch_id': 101, 'customer_name': 'Linda Sweeney', 'phone_number': '001-549-492-5524x3182', 'feedback_text': 'Open be whatever huge product.', 'rating': 1, 'dining_date': '2025-07-18', 'dining_time': '15:12', 'submission_time': '2025-07-18T17:00:34'}
[2025-07-18T17:00:37.676+0000] {subprocess.py:93} INFO - [✓] Sent to feedback: {'feedback_id': 9713, 'branch_id': 102, 'customer_name': 'Paul Brown', 'phone_number': '504-520-1137', 'feedback_text': 'Over might him.', 'rating': 3, 'dining_date': '2025-07-18', 'dining_time': '16:47', 'submission_time': '2025-07-18T17:00:34'}
[2025-07-18T17:00:37.676+0000] {subprocess.py:93} INFO - ✅ All messages sent.
[2025-07-18T17:00:37.709+0000] {subprocess.py:97} INFO - Command exited with return code 0
[2025-07-18T17:00:37.725+0000] {taskinstance.py:1400} INFO - Marking task as SUCCESS. dag_id=restaurant_pipeline, task_id=send_to_kafka, execution_date=20250718T165800, start_date=20250718T170035, end_date=20250718T170037
[2025-07-18T17:00:37.753+0000] {local_task_job_runner.py:228} INFO - Task exited with return code 0
[2025-07-18T17:00:37.780+0000] {taskinstance.py:2778} INFO - 1 downstream tasks scheduled from follow-on schedule check
