[2025-07-19T19:42:28.181+0000] {taskinstance.py:1159} INFO - Dependencies all met for dep_context=non-requeueable deps ti=<TaskInstance: restaurant_pipeline.send_to_kafka scheduled__2025-07-19T19:40:00+00:00 [queued]>
[2025-07-19T19:42:28.185+0000] {taskinstance.py:1159} INFO - Dependencies all met for dep_context=requeueable deps ti=<TaskInstance: restaurant_pipeline.send_to_kafka scheduled__2025-07-19T19:40:00+00:00 [queued]>
[2025-07-19T19:42:28.186+0000] {taskinstance.py:1361} INFO - Starting attempt 1 of 1
[2025-07-19T19:42:28.191+0000] {taskinstance.py:1382} INFO - Executing <Task(BashOperator): send_to_kafka> on 2025-07-19 19:40:00+00:00
[2025-07-19T19:42:28.194+0000] {standard_task_runner.py:57} INFO - Started process 2592 to run task
[2025-07-19T19:42:28.196+0000] {standard_task_runner.py:84} INFO - Running: ['***', 'tasks', 'run', 'restaurant_pipeline', 'send_to_kafka', 'scheduled__2025-07-19T19:40:00+00:00', '--job-id', '1126', '--raw', '--subdir', 'DAGS_FOLDER/restaurant_pipeline.py', '--cfg-path', '/tmp/tmpymj3e8pa']
[2025-07-19T19:42:28.197+0000] {standard_task_runner.py:85} INFO - Job 1126: Subtask send_to_kafka
[2025-07-19T19:42:28.222+0000] {task_command.py:416} INFO - Running <TaskInstance: restaurant_pipeline.send_to_kafka scheduled__2025-07-19T19:40:00+00:00 [running]> on host e3f5d8fc4eef
[2025-07-19T19:42:28.260+0000] {taskinstance.py:1662} INFO - Exporting env vars: AIRFLOW_CTX_DAG_OWNER='moran' AIRFLOW_CTX_DAG_ID='restaurant_pipeline' AIRFLOW_CTX_TASK_ID='send_to_kafka' AIRFLOW_CTX_EXECUTION_DATE='2025-07-19T19:40:00+00:00' AIRFLOW_CTX_TRY_NUMBER='1' AIRFLOW_CTX_DAG_RUN_ID='scheduled__2025-07-19T19:40:00+00:00'
[2025-07-19T19:42:28.260+0000] {subprocess.py:63} INFO - Tmp dir root location: /tmp
[2025-07-19T19:42:28.261+0000] {subprocess.py:75} INFO - Running command: ['/bin/bash', '-c', 'python /opt/streaming/producer.py']
[2025-07-19T19:42:28.265+0000] {subprocess.py:86} INFO - Output:
[2025-07-19T19:42:30.564+0000] {subprocess.py:93} INFO - [✓] Sent to reservations: {'reservation_id': 2577, 'branch_id': 102, 'customer_name': 'John Robertson', 'phone_number': '780.642.8371x68330', 'reservation_date': '2025-07-19', 'reservation_time': '20:03', 'guests_count': 5, 'is_confirmed': False}
[2025-07-19T19:42:30.565+0000] {subprocess.py:93} INFO - [✓] Sent to reservations: {'reservation_id': 6952, 'branch_id': 101, 'customer_name': 'Jasmine Moon', 'phone_number': '+1-831-830-3554', 'reservation_date': '2025-07-19', 'reservation_time': '20:14', 'guests_count': 5, 'is_confirmed': False}
[2025-07-19T19:42:30.565+0000] {subprocess.py:93} INFO - [✓] Sent to reservations: {'reservation_id': 3181, 'branch_id': 102, 'customer_name': 'Elizabeth Hensley', 'phone_number': '(581)283-6821', 'reservation_date': '2025-07-19', 'reservation_time': '21:38', 'guests_count': 2, 'is_confirmed': False}
[2025-07-19T19:42:30.565+0000] {subprocess.py:93} INFO - [✓] Sent to checkins: {'checkin_id': 3102, 'customer_name': 'Maria Fernandez', 'phone_number': '(361)602-3664', 'branch_id': 102, 'table_id': 205, 'is_prebooked': True, 'checkin_date': '2025-07-19', 'checkin_time': '18:48', 'guests_count': 5, 'shift_manager': 'Robert Hansen'}
[2025-07-19T19:42:30.566+0000] {subprocess.py:93} INFO - [✓] Sent to checkins: {'checkin_id': 9629, 'customer_name': 'Lori Madden', 'phone_number': '001-226-980-8603x810', 'branch_id': 101, 'table_id': 200, 'is_prebooked': True, 'checkin_date': '2025-07-19', 'checkin_time': '19:24', 'guests_count': 4, 'shift_manager': 'Tracey Stephens'}
[2025-07-19T19:42:30.566+0000] {subprocess.py:93} INFO - [✓] Sent to checkins: {'checkin_id': 4944, 'customer_name': 'Scott Lane', 'phone_number': '001-564-769-8364x32165', 'branch_id': 101, 'table_id': 202, 'is_prebooked': False, 'checkin_date': '2025-07-19', 'checkin_time': '18:24', 'guests_count': 1, 'shift_manager': 'Kayla Barnes'}
[2025-07-19T19:42:30.566+0000] {subprocess.py:93} INFO - [✓] Sent to feedback: {'feedback_id': 7124, 'branch_id': 101, 'customer_name': 'Sheila King', 'phone_number': '+1-599-594-2613x692', 'feedback_text': 'Page subject including activity.', 'rating': 5, 'dining_date': '2025-07-19', 'dining_time': '17:49', 'submission_time': '2025-07-19T19:42:27'}
[2025-07-19T19:42:30.567+0000] {subprocess.py:93} INFO - [✓] Sent to feedback: {'feedback_id': 1852, 'branch_id': 101, 'customer_name': 'Patrick Johnson', 'phone_number': '(614)484-3885', 'feedback_text': 'Surface house wrong defense quite.', 'rating': 3, 'dining_date': '2025-07-19', 'dining_time': '18:56', 'submission_time': '2025-07-19T19:42:27'}
[2025-07-19T19:42:30.567+0000] {subprocess.py:93} INFO - [✓] Sent to feedback: {'feedback_id': 4000, 'branch_id': 101, 'customer_name': 'George Reeves', 'phone_number': '327-623-3543', 'feedback_text': 'Good name bill goal similar once art.', 'rating': 1, 'dining_date': '2025-07-19', 'dining_time': '18:28', 'submission_time': '2025-07-19T19:42:27'}
[2025-07-19T19:42:30.567+0000] {subprocess.py:93} INFO - ✅ All messages sent.
[2025-07-19T19:42:30.603+0000] {subprocess.py:97} INFO - Command exited with return code 0
[2025-07-19T19:42:30.624+0000] {taskinstance.py:1400} INFO - Marking task as SUCCESS. dag_id=restaurant_pipeline, task_id=send_to_kafka, execution_date=20250719T194000, start_date=20250719T194228, end_date=20250719T194230
[2025-07-19T19:42:30.652+0000] {local_task_job_runner.py:228} INFO - Task exited with return code 0
[2025-07-19T19:42:30.680+0000] {taskinstance.py:2778} INFO - 1 downstream tasks scheduled from follow-on schedule check
