[2025-07-18T16:27:47.365+0000] {taskinstance.py:1159} INFO - Dependencies all met for dep_context=non-requeueable deps ti=<TaskInstance: restaurant_pipeline.stream_to_bronze scheduled__2025-07-18T16:20:00+00:00 [queued]>
[2025-07-18T16:27:47.390+0000] {taskinstance.py:1159} INFO - Dependencies all met for dep_context=requeueable deps ti=<TaskInstance: restaurant_pipeline.stream_to_bronze scheduled__2025-07-18T16:20:00+00:00 [queued]>
[2025-07-18T16:27:47.392+0000] {taskinstance.py:1361} INFO - Starting attempt 2 of 2
[2025-07-18T16:27:47.438+0000] {taskinstance.py:1382} INFO - Executing <Task(BashOperator): stream_to_bronze> on 2025-07-18 16:20:00+00:00
[2025-07-18T16:27:47.443+0000] {standard_task_runner.py:57} INFO - Started process 1454 to run task
[2025-07-18T16:27:47.448+0000] {standard_task_runner.py:84} INFO - Running: ['***', 'tasks', 'run', 'restaurant_pipeline', 'stream_to_bronze', 'scheduled__2025-07-18T16:20:00+00:00', '--job-id', '197', '--raw', '--subdir', 'DAGS_FOLDER/restaurant_pipeline.py', '--cfg-path', '/tmp/tmps6xq5hi8']
[2025-07-18T16:27:47.450+0000] {standard_task_runner.py:85} INFO - Job 197: Subtask stream_to_bronze
[2025-07-18T16:27:47.542+0000] {task_command.py:416} INFO - Running <TaskInstance: restaurant_pipeline.stream_to_bronze scheduled__2025-07-18T16:20:00+00:00 [running]> on host 9bcfb43e0ab7
[2025-07-18T16:27:47.678+0000] {taskinstance.py:1662} INFO - Exporting env vars: AIRFLOW_CTX_DAG_OWNER='moran' AIRFLOW_CTX_DAG_ID='restaurant_pipeline' AIRFLOW_CTX_TASK_ID='stream_to_bronze' AIRFLOW_CTX_EXECUTION_DATE='2025-07-18T16:20:00+00:00' AIRFLOW_CTX_TRY_NUMBER='2' AIRFLOW_CTX_DAG_RUN_ID='scheduled__2025-07-18T16:20:00+00:00'
[2025-07-18T16:27:47.686+0000] {subprocess.py:63} INFO - Tmp dir root location: /tmp
[2025-07-18T16:27:47.690+0000] {subprocess.py:75} INFO - Running command: ['/bin/bash', '-c', "docker exec -e AIRFLOW_CTX_DAG_RUN_ID='scheduled__2025-07-18T16:20:00+00:00' spark-iceberg spark-submit /home/iceberg/spark/stream_to_bronze.py"]
[2025-07-18T16:27:47.706+0000] {subprocess.py:86} INFO - Output:
[2025-07-18T16:27:53.319+0000] {subprocess.py:93} INFO - 25/07/18 16:27:53 INFO SparkContext: Running Spark version 3.5.6
[2025-07-18T16:27:53.323+0000] {subprocess.py:93} INFO - 25/07/18 16:27:53 INFO SparkContext: OS info Linux, 6.10.14-linuxkit, aarch64
[2025-07-18T16:27:53.324+0000] {subprocess.py:93} INFO - 25/07/18 16:27:53 INFO SparkContext: Java version 17.0.15
[2025-07-18T16:27:53.382+0000] {subprocess.py:93} INFO - 25/07/18 16:27:53 INFO ResourceUtils: ==============================================================
[2025-07-18T16:27:53.386+0000] {subprocess.py:93} INFO - 25/07/18 16:27:53 INFO ResourceUtils: No custom resources configured for spark.driver.
[2025-07-18T16:27:53.389+0000] {subprocess.py:93} INFO - 25/07/18 16:27:53 INFO ResourceUtils: ==============================================================
[2025-07-18T16:27:53.389+0000] {subprocess.py:93} INFO - 25/07/18 16:27:53 INFO SparkContext: Submitted application: StreamToBronze
[2025-07-18T16:27:53.457+0000] {subprocess.py:93} INFO - 25/07/18 16:27:53 INFO ResourceProfile: Default ResourceProfile created, executor resources: Map(cores -> name: cores, amount: 1, script: , vendor: , memory -> name: memory, amount: 1024, script: , vendor: , offHeap -> name: offHeap, amount: 0, script: , vendor: ), task resources: Map(cpus -> name: cpus, amount: 1.0)
[2025-07-18T16:27:53.461+0000] {subprocess.py:93} INFO - 25/07/18 16:27:53 INFO ResourceProfile: Limiting resource is cpu
[2025-07-18T16:27:53.461+0000] {subprocess.py:93} INFO - 25/07/18 16:27:53 INFO ResourceProfileManager: Added ResourceProfile id: 0
[2025-07-18T16:27:53.503+0000] {subprocess.py:93} INFO - 25/07/18 16:27:53 INFO SecurityManager: Changing view acls to: root,spark
[2025-07-18T16:27:53.503+0000] {subprocess.py:93} INFO - 25/07/18 16:27:53 INFO SecurityManager: Changing modify acls to: root,spark
[2025-07-18T16:27:53.504+0000] {subprocess.py:93} INFO - 25/07/18 16:27:53 INFO SecurityManager: Changing view acls groups to:
[2025-07-18T16:27:53.505+0000] {subprocess.py:93} INFO - 25/07/18 16:27:53 INFO SecurityManager: Changing modify acls groups to:
[2025-07-18T16:27:53.505+0000] {subprocess.py:93} INFO - 25/07/18 16:27:53 INFO SecurityManager: SecurityManager: authentication disabled; ui acls disabled; users with view permissions: root, spark; groups with view permissions: EMPTY; users with modify permissions: root, spark; groups with modify permissions: EMPTY
[2025-07-18T16:27:53.551+0000] {subprocess.py:93} INFO - 25/07/18 16:27:53 WARN NativeCodeLoader: Unable to load native-hadoop library for your platform... using builtin-java classes where applicable
[2025-07-18T16:27:53.801+0000] {subprocess.py:93} INFO - 25/07/18 16:27:53 INFO Utils: Successfully started service 'sparkDriver' on port 36629.
[2025-07-18T16:27:53.917+0000] {subprocess.py:93} INFO - 25/07/18 16:27:53 INFO SparkEnv: Registering MapOutputTracker
[2025-07-18T16:27:54.001+0000] {subprocess.py:93} INFO - 25/07/18 16:27:53 INFO SparkEnv: Registering BlockManagerMaster
[2025-07-18T16:27:54.031+0000] {subprocess.py:93} INFO - 25/07/18 16:27:54 INFO BlockManagerMasterEndpoint: Using org.apache.spark.storage.DefaultTopologyMapper for getting topology information
[2025-07-18T16:27:54.033+0000] {subprocess.py:93} INFO - 25/07/18 16:27:54 INFO BlockManagerMasterEndpoint: BlockManagerMasterEndpoint up
[2025-07-18T16:27:54.039+0000] {subprocess.py:93} INFO - 25/07/18 16:27:54 INFO SparkEnv: Registering BlockManagerMasterHeartbeat
[2025-07-18T16:27:54.069+0000] {subprocess.py:93} INFO - 25/07/18 16:27:54 INFO DiskBlockManager: Created local directory at /tmp/blockmgr-8b740572-0f72-4fbb-81e2-4e212ef70173
[2025-07-18T16:27:54.094+0000] {subprocess.py:93} INFO - 25/07/18 16:27:54 INFO MemoryStore: MemoryStore started with capacity 434.4 MiB
[2025-07-18T16:27:54.145+0000] {subprocess.py:93} INFO - 25/07/18 16:27:54 INFO SparkEnv: Registering OutputCommitCoordinator
[2025-07-18T16:27:54.475+0000] {subprocess.py:93} INFO - 25/07/18 16:27:54 INFO JettyUtils: Start Jetty 0.0.0.0:4040 for SparkUI
[2025-07-18T16:27:54.587+0000] {subprocess.py:93} INFO - 25/07/18 16:27:54 WARN Utils: Service 'SparkUI' could not bind on port 4040. Attempting port 4041.
[2025-07-18T16:27:54.588+0000] {subprocess.py:93} INFO - 25/07/18 16:27:54 WARN Utils: Service 'SparkUI' could not bind on port 4041. Attempting port 4042.
[2025-07-18T16:27:54.589+0000] {subprocess.py:93} INFO - 25/07/18 16:27:54 WARN Utils: Service 'SparkUI' could not bind on port 4042. Attempting port 4043.
[2025-07-18T16:27:54.590+0000] {subprocess.py:93} INFO - 25/07/18 16:27:54 WARN Utils: Service 'SparkUI' could not bind on port 4043. Attempting port 4044.
[2025-07-18T16:27:54.590+0000] {subprocess.py:93} INFO - 25/07/18 16:27:54 WARN Utils: Service 'SparkUI' could not bind on port 4044. Attempting port 4045.
[2025-07-18T16:27:54.610+0000] {subprocess.py:93} INFO - 25/07/18 16:27:54 INFO Utils: Successfully started service 'SparkUI' on port 4045.
[2025-07-18T16:27:54.761+0000] {subprocess.py:93} INFO - 25/07/18 16:27:54 INFO Executor: Starting executor ID driver on host 77cb57a6bd53
[2025-07-18T16:27:54.765+0000] {subprocess.py:93} INFO - 25/07/18 16:27:54 INFO Executor: OS info Linux, 6.10.14-linuxkit, aarch64
[2025-07-18T16:27:54.765+0000] {subprocess.py:93} INFO - 25/07/18 16:27:54 INFO Executor: Java version 17.0.15
[2025-07-18T16:27:54.767+0000] {subprocess.py:93} INFO - 25/07/18 16:27:54 INFO Executor: Starting executor with user classpath (userClassPathFirst = false): ''
[2025-07-18T16:27:54.769+0000] {subprocess.py:93} INFO - 25/07/18 16:27:54 INFO Executor: Created or updated repl class loader org.apache.spark.util.MutableURLClassLoader@635cce78 for default.
[2025-07-18T16:27:54.833+0000] {subprocess.py:93} INFO - 25/07/18 16:27:54 INFO Utils: Successfully started service 'org.apache.spark.network.netty.NettyBlockTransferService' on port 40445.
[2025-07-18T16:27:54.834+0000] {subprocess.py:93} INFO - 25/07/18 16:27:54 INFO NettyBlockTransferService: Server created on 77cb57a6bd53:40445
[2025-07-18T16:27:54.847+0000] {subprocess.py:93} INFO - 25/07/18 16:27:54 INFO BlockManager: Using org.apache.spark.storage.RandomBlockReplicationPolicy for block replication policy
[2025-07-18T16:27:54.867+0000] {subprocess.py:93} INFO - 25/07/18 16:27:54 INFO BlockManagerMaster: Registering BlockManager BlockManagerId(driver, 77cb57a6bd53, 40445, None)
[2025-07-18T16:27:54.873+0000] {subprocess.py:93} INFO - 25/07/18 16:27:54 INFO BlockManagerMasterEndpoint: Registering block manager 77cb57a6bd53:40445 with 434.4 MiB RAM, BlockManagerId(driver, 77cb57a6bd53, 40445, None)
[2025-07-18T16:27:54.878+0000] {subprocess.py:93} INFO - 25/07/18 16:27:54 INFO BlockManagerMaster: Registered BlockManager BlockManagerId(driver, 77cb57a6bd53, 40445, None)
[2025-07-18T16:27:54.880+0000] {subprocess.py:93} INFO - 25/07/18 16:27:54 INFO BlockManager: Initialized BlockManager: BlockManagerId(driver, 77cb57a6bd53, 40445, None)
[2025-07-18T16:27:55.507+0000] {subprocess.py:93} INFO - 25/07/18 16:27:55 INFO SharedState: Setting hive.metastore.warehouse.dir ('null') to the value of spark.sql.warehouse.dir.
[2025-07-18T16:27:55.514+0000] {subprocess.py:93} INFO - 25/07/18 16:27:55 INFO SharedState: Warehouse path is 'file:/app/spark-warehouse'.
[2025-07-18T16:27:57.040+0000] {subprocess.py:93} INFO - 25/07/18 16:27:57 WARN MetricsConfig: Cannot locate configuration: tried hadoop-metrics2-s3a-file-system.properties,hadoop-metrics2.properties
[2025-07-18T16:27:57.064+0000] {subprocess.py:93} INFO - 25/07/18 16:27:57 INFO MetricsSystemImpl: Scheduled Metric snapshot period at 10 second(s).
[2025-07-18T16:27:57.064+0000] {subprocess.py:93} INFO - 25/07/18 16:27:57 INFO MetricsSystemImpl: s3a-file-system metrics system started
[2025-07-18T16:27:58.276+0000] {subprocess.py:93} INFO - 25/07/18 16:27:58 INFO BaseMetastoreCatalog: Table loaded by catalog: my_catalog.bronze.Reservations_raw
[2025-07-18T16:27:58.303+0000] {subprocess.py:93} INFO - 25/07/18 16:27:58 INFO StateStoreCoordinatorRef: Registered StateStoreCoordinator endpoint
[2025-07-18T16:27:58.355+0000] {subprocess.py:93} INFO - 25/07/18 16:27:58 INFO ResolveWriteToStream: Checkpoint root /tmp/checkpoints/reservations/scheduled__2025-07-18T16:20:00+00:00 resolved to file:/tmp/checkpoints/reservations/scheduled__2025-07-18T16:20:00+00:00.
[2025-07-18T16:27:58.355+0000] {subprocess.py:93} INFO - 25/07/18 16:27:58 WARN ResolveWriteToStream: spark.sql.adaptive.enabled is not supported in streaming DataFrames/Datasets and will be disabled.
[2025-07-18T16:27:58.548+0000] {subprocess.py:93} INFO - 25/07/18 16:27:58 INFO MicroBatchExecution: Starting [id = 942d00dd-1767-4abf-932b-5078dbff6bdf, runId = 8b600f5b-fc59-471b-8dbe-ce2d7b9732f5]. Use file:/tmp/checkpoints/reservations/scheduled__2025-07-18T16:20:00+00:00 to store the query checkpoint.
[2025-07-18T16:27:58.572+0000] {subprocess.py:93} INFO - 25/07/18 16:27:58 INFO MicroBatchExecution: Reading table [org.apache.spark.sql.kafka010.KafkaSourceProvider$KafkaTable@34708647] from DataSourceV2 named 'kafka' [org.apache.spark.sql.kafka010.KafkaSourceProvider@787e84ea]
[2025-07-18T16:27:58.682+0000] {subprocess.py:93} INFO - 25/07/18 16:27:58 INFO OffsetSeqLog: BatchIds found from listing: 0, 1
[2025-07-18T16:27:58.740+0000] {subprocess.py:93} INFO - 25/07/18 16:27:58 INFO OffsetSeqLog: Getting latest batch 1
[2025-07-18T16:27:58.812+0000] {subprocess.py:93} INFO - 25/07/18 16:27:58 INFO OffsetSeqLog: BatchIds found from listing: 0, 1
[2025-07-18T16:27:58.814+0000] {subprocess.py:93} INFO - 25/07/18 16:27:58 INFO OffsetSeqLog: Getting latest batch 1
[2025-07-18T16:27:58.842+0000] {subprocess.py:93} INFO - 25/07/18 16:27:58 INFO CommitLog: BatchIds found from listing: 0
[2025-07-18T16:27:58.845+0000] {subprocess.py:93} INFO - 25/07/18 16:27:58 INFO CommitLog: Getting latest batch 0
[2025-07-18T16:27:58.877+0000] {subprocess.py:93} INFO - 25/07/18 16:27:58 INFO MicroBatchExecution: Resuming at batch 1 with committed offsets {KafkaV2[Subscribe[reservations]]: {"reservations":{"0":135}}} and available offsets {KafkaV2[Subscribe[reservations]]: {"reservations":{"0":136}}}
[2025-07-18T16:27:58.877+0000] {subprocess.py:93} INFO - 25/07/18 16:27:58 INFO MicroBatchExecution: Stream started from {KafkaV2[Subscribe[reservations]]: {"reservations":{"0":135}}}
[2025-07-18T16:27:58.888+0000] {subprocess.py:93} INFO - 25/07/18 16:27:58 INFO BaseMetastoreCatalog: Table loaded by catalog: my_catalog.bronze.Checkins_raw
[2025-07-18T16:27:58.895+0000] {subprocess.py:93} INFO - 25/07/18 16:27:58 INFO ResolveWriteToStream: Checkpoint root /tmp/checkpoints/checkins/scheduled__2025-07-18T16:20:00+00:00 resolved to file:/tmp/checkpoints/checkins/scheduled__2025-07-18T16:20:00+00:00.
[2025-07-18T16:27:58.897+0000] {subprocess.py:93} INFO - 25/07/18 16:27:58 WARN ResolveWriteToStream: spark.sql.adaptive.enabled is not supported in streaming DataFrames/Datasets and will be disabled.
[2025-07-18T16:27:58.916+0000] {subprocess.py:93} INFO - 25/07/18 16:27:58 INFO MicroBatchExecution: Starting [id = 7065a5b7-6f8c-4d35-97c7-f9714ab7d386, runId = bf37f9a9-a4cf-46c2-a89e-1fc7a6b83321]. Use file:/tmp/checkpoints/checkins/scheduled__2025-07-18T16:20:00+00:00 to store the query checkpoint.
[2025-07-18T16:27:58.924+0000] {subprocess.py:93} INFO - 25/07/18 16:27:58 INFO MicroBatchExecution: Reading table [org.apache.spark.sql.kafka010.KafkaSourceProvider$KafkaTable@29ab3c23] from DataSourceV2 named 'kafka' [org.apache.spark.sql.kafka010.KafkaSourceProvider@276cd6be]
[2025-07-18T16:27:58.932+0000] {subprocess.py:93} INFO - 25/07/18 16:27:58 INFO OffsetSeqLog: BatchIds found from listing: 0, 1
[2025-07-18T16:27:58.934+0000] {subprocess.py:93} INFO - 25/07/18 16:27:58 INFO OffsetSeqLog: Getting latest batch 1
[2025-07-18T16:27:58.936+0000] {subprocess.py:93} INFO - 25/07/18 16:27:58 INFO OffsetSeqLog: BatchIds found from listing: 0, 1
[2025-07-18T16:27:58.938+0000] {subprocess.py:93} INFO - 25/07/18 16:27:58 INFO OffsetSeqLog: Getting latest batch 1
[2025-07-18T16:27:58.940+0000] {subprocess.py:93} INFO - 25/07/18 16:27:58 INFO CommitLog: BatchIds found from listing: 0
[2025-07-18T16:27:58.941+0000] {subprocess.py:93} INFO - 25/07/18 16:27:58 INFO CommitLog: Getting latest batch 0
[2025-07-18T16:27:58.945+0000] {subprocess.py:93} INFO - 25/07/18 16:27:58 INFO MicroBatchExecution: Resuming at batch 1 with committed offsets {KafkaV2[Subscribe[checkins]]: {"checkins":{"0":135}}} and available offsets {KafkaV2[Subscribe[checkins]]: {"checkins":{"0":136}}}
[2025-07-18T16:27:58.946+0000] {subprocess.py:93} INFO - 25/07/18 16:27:58 INFO MicroBatchExecution: Stream started from {KafkaV2[Subscribe[checkins]]: {"checkins":{"0":135}}}
[2025-07-18T16:27:59.233+0000] {subprocess.py:93} INFO - 25/07/18 16:27:59 INFO BaseMetastoreCatalog: Table loaded by catalog: my_catalog.bronze.Feedback_raw
[2025-07-18T16:27:59.246+0000] {subprocess.py:93} INFO - 25/07/18 16:27:59 INFO ResolveWriteToStream: Checkpoint root /tmp/checkpoints/feedback/scheduled__2025-07-18T16:20:00+00:00 resolved to file:/tmp/checkpoints/feedback/scheduled__2025-07-18T16:20:00+00:00.
[2025-07-18T16:27:59.248+0000] {subprocess.py:93} INFO - 25/07/18 16:27:59 WARN ResolveWriteToStream: spark.sql.adaptive.enabled is not supported in streaming DataFrames/Datasets and will be disabled.
[2025-07-18T16:27:59.259+0000] {subprocess.py:93} INFO - 25/07/18 16:27:59 INFO MicroBatchExecution: Starting [id = 7f8f8718-483a-45d7-b8e0-a70003484e7f, runId = 3622b5d7-ce4e-464c-b0ef-182fdd28566b]. Use file:/tmp/checkpoints/feedback/scheduled__2025-07-18T16:20:00+00:00 to store the query checkpoint.
[2025-07-18T16:27:59.262+0000] {subprocess.py:93} INFO - 25/07/18 16:27:59 INFO MicroBatchExecution: Reading table [org.apache.spark.sql.kafka010.KafkaSourceProvider$KafkaTable@32e7ab88] from DataSourceV2 named 'kafka' [org.apache.spark.sql.kafka010.KafkaSourceProvider@3c20427c]
[2025-07-18T16:27:59.268+0000] {subprocess.py:93} INFO - 25/07/18 16:27:59 INFO OffsetSeqLog: BatchIds found from listing: 0, 1, 2
[2025-07-18T16:27:59.271+0000] {subprocess.py:93} INFO - 25/07/18 16:27:59 INFO OffsetSeqLog: Getting latest batch 2
[2025-07-18T16:27:59.283+0000] {subprocess.py:93} INFO - 25/07/18 16:27:59 INFO OffsetSeqLog: BatchIds found from listing: 0, 1, 2
[2025-07-18T16:27:59.285+0000] {subprocess.py:93} INFO - 25/07/18 16:27:59 INFO OffsetSeqLog: Getting latest batch 2
[2025-07-18T16:27:59.296+0000] {subprocess.py:93} INFO - 25/07/18 16:27:59 INFO CommitLog: BatchIds found from listing: 0, 1
[2025-07-18T16:27:59.297+0000] {subprocess.py:93} INFO - 25/07/18 16:27:59 INFO CommitLog: Getting latest batch 1
[2025-07-18T16:27:59.300+0000] {subprocess.py:93} INFO - 25/07/18 16:27:59 INFO MicroBatchExecution: Resuming at batch 2 with committed offsets {KafkaV2[Subscribe[feedback]]: {"feedback":{"0":136}}} and available offsets {KafkaV2[Subscribe[feedback]]: {"feedback":{"0":138}}}
[2025-07-18T16:27:59.302+0000] {subprocess.py:93} INFO - 25/07/18 16:27:59 INFO MicroBatchExecution: Stream started from {KafkaV2[Subscribe[feedback]]: {"feedback":{"0":136}}}
[2025-07-18T16:28:00.522+0000] {subprocess.py:93} INFO - 25/07/18 16:28:00 INFO SparkWrite: Requesting 0 bytes advisory partition size for table my_catalog.bronze.Reservations_raw
[2025-07-18T16:28:00.525+0000] {subprocess.py:93} INFO - 25/07/18 16:28:00 INFO SparkWrite: Requesting UnspecifiedDistribution as write distribution for table my_catalog.bronze.Reservations_raw
[2025-07-18T16:28:00.526+0000] {subprocess.py:93} INFO - 25/07/18 16:28:00 INFO SparkWrite: Requesting 0 bytes advisory partition size for table my_catalog.bronze.Checkins_raw
[2025-07-18T16:28:00.544+0000] {subprocess.py:93} INFO - 25/07/18 16:28:00 INFO SparkWrite: Requesting 0 bytes advisory partition size for table my_catalog.bronze.Feedback_raw
[2025-07-18T16:28:00.546+0000] {subprocess.py:93} INFO - 25/07/18 16:28:00 INFO SparkWrite: Requesting UnspecifiedDistribution as write distribution for table my_catalog.bronze.Feedback_raw
[2025-07-18T16:28:00.549+0000] {subprocess.py:93} INFO - 25/07/18 16:28:00 INFO SparkWrite: Requesting UnspecifiedDistribution as write distribution for table my_catalog.bronze.Checkins_raw
[2025-07-18T16:28:00.566+0000] {subprocess.py:93} INFO - 25/07/18 16:28:00 INFO SparkWrite: Requesting [] as write ordering for table my_catalog.bronze.Checkins_raw
[2025-07-18T16:28:00.569+0000] {subprocess.py:93} INFO - 25/07/18 16:28:00 INFO SparkWrite: Requesting [] as write ordering for table my_catalog.bronze.Reservations_raw
[2025-07-18T16:28:00.572+0000] {subprocess.py:93} INFO - 25/07/18 16:28:00 INFO SparkWrite: Requesting [] as write ordering for table my_catalog.bronze.Feedback_raw
[2025-07-18T16:28:02.231+0000] {subprocess.py:93} INFO - 25/07/18 16:28:02 INFO KafkaOffsetReaderAdmin: Partitions added: Map()
[2025-07-18T16:28:02.239+0000] {subprocess.py:93} INFO - 25/07/18 16:28:02 INFO KafkaOffsetReaderAdmin: Partitions added: Map()
[2025-07-18T16:28:02.258+0000] {subprocess.py:93} INFO - 25/07/18 16:28:02 INFO KafkaOffsetReaderAdmin: Partitions added: Map()
[2025-07-18T16:28:02.606+0000] {subprocess.py:93} INFO - 25/07/18 16:28:02 INFO KafkaOffsetReaderAdmin: Partitions added: Map()
[2025-07-18T16:28:02.608+0000] {subprocess.py:93} INFO - 25/07/18 16:28:02 INFO KafkaOffsetReaderAdmin: Partitions added: Map()
[2025-07-18T16:28:02.612+0000] {subprocess.py:93} INFO - 25/07/18 16:28:02 INFO KafkaOffsetReaderAdmin: Partitions added: Map()
[2025-07-18T16:28:02.625+0000] {local_task_job_runner.py:294} WARNING - State of this instance has been externally set to failed. Terminating instance.
[2025-07-18T16:28:02.629+0000] {process_utils.py:131} INFO - Sending 15 to group 1454. PIDs of all processes in the group: [1455, 1454]
[2025-07-18T16:28:02.632+0000] {process_utils.py:86} INFO - Sending the signal 15 to group 1454
[2025-07-18T16:28:02.633+0000] {taskinstance.py:1632} ERROR - Received SIGTERM. Terminating subprocesses.
[2025-07-18T16:28:02.633+0000] {subprocess.py:104} INFO - Sending SIGTERM signal to process group
[2025-07-18T16:28:02.836+0000] {process_utils.py:79} INFO - Process psutil.Process(pid=1454, status='terminated', exitcode=0, started='16:27:47') (1454) terminated with exit code 0
[2025-07-18T16:28:02.838+0000] {process_utils.py:79} INFO - Process psutil.Process(pid=1455, status='terminated', started='16:27:47') (1455) terminated with exit code None
