[2025-07-18T15:40:01.579+0000] {taskinstance.py:1159} INFO - Dependencies all met for dep_context=non-requeueable deps ti=<TaskInstance: restaurant_pipeline.send_to_kafka scheduled__2025-07-18T15:38:00+00:00 [queued]>
[2025-07-18T15:40:01.584+0000] {taskinstance.py:1159} INFO - Dependencies all met for dep_context=requeueable deps ti=<TaskInstance: restaurant_pipeline.send_to_kafka scheduled__2025-07-18T15:38:00+00:00 [queued]>
[2025-07-18T15:40:01.584+0000] {taskinstance.py:1361} INFO - Starting attempt 1 of 1
[2025-07-18T15:40:01.589+0000] {taskinstance.py:1382} INFO - Executing <Task(BashOperator): send_to_kafka> on 2025-07-18 15:38:00+00:00
[2025-07-18T15:40:01.592+0000] {standard_task_runner.py:57} INFO - Started process 576 to run task
[2025-07-18T15:40:01.594+0000] {standard_task_runner.py:84} INFO - Running: ['***', 'tasks', 'run', 'restaurant_pipeline', 'send_to_kafka', 'scheduled__2025-07-18T15:38:00+00:00', '--job-id', '122', '--raw', '--subdir', 'DAGS_FOLDER/restaurant_pipeline.py', '--cfg-path', '/tmp/tmp1l88_nb1']
[2025-07-18T15:40:01.596+0000] {standard_task_runner.py:85} INFO - Job 122: Subtask send_to_kafka
[2025-07-18T15:40:01.621+0000] {task_command.py:416} INFO - Running <TaskInstance: restaurant_pipeline.send_to_kafka scheduled__2025-07-18T15:38:00+00:00 [running]> on host 9bcfb43e0ab7
[2025-07-18T15:40:01.663+0000] {taskinstance.py:1662} INFO - Exporting env vars: AIRFLOW_CTX_DAG_OWNER='moran' AIRFLOW_CTX_DAG_ID='restaurant_pipeline' AIRFLOW_CTX_TASK_ID='send_to_kafka' AIRFLOW_CTX_EXECUTION_DATE='2025-07-18T15:38:00+00:00' AIRFLOW_CTX_TRY_NUMBER='1' AIRFLOW_CTX_DAG_RUN_ID='scheduled__2025-07-18T15:38:00+00:00'
[2025-07-18T15:40:01.665+0000] {subprocess.py:63} INFO - Tmp dir root location: /tmp
[2025-07-18T15:40:01.666+0000] {subprocess.py:75} INFO - Running command: ['/bin/bash', '-c', 'python /opt/streaming/producer.py']
[2025-07-18T15:40:01.673+0000] {subprocess.py:86} INFO - Output:
[2025-07-18T15:40:04.016+0000] {subprocess.py:93} INFO - [✓] Sent to reservations: {'reservation_id': 1241, 'branch_id': 101, 'customer_name': 'Dana Mitchell', 'phone_number': '660.594.6235', 'reservation_date': '2025-07-18', 'reservation_time': '16:53', 'guests_count': 6, 'is_confirmed': False}
[2025-07-18T15:40:04.023+0000] {subprocess.py:93} INFO - [✓] Sent to reservations: {'reservation_id': 9767, 'branch_id': 101, 'customer_name': 'Terry Hardy', 'phone_number': '419.442.8795x7560', 'reservation_date': '2025-07-18', 'reservation_time': '16:51', 'guests_count': 4, 'is_confirmed': True}
[2025-07-18T15:40:04.026+0000] {subprocess.py:93} INFO - [✓] Sent to reservations: {'reservation_id': 3102, 'branch_id': 102, 'customer_name': 'Lori Kelly', 'phone_number': '285.498.8047x4038', 'reservation_date': '2025-07-18', 'reservation_time': '16:21', 'guests_count': 3, 'is_confirmed': True}
[2025-07-18T15:40:04.027+0000] {subprocess.py:93} INFO - [✓] Sent to checkins: {'checkin_id': 4598, 'customer_name': 'Anthony Bowman', 'phone_number': '(452)403-7580', 'branch_id': 102, 'table_id': 209, 'is_prebooked': False, 'checkin_date': '2025-07-18', 'checkin_time': '15:09', 'guests_count': 1, 'shift_manager': 'Wanda Guerrero'}
[2025-07-18T15:40:04.027+0000] {subprocess.py:93} INFO - [✓] Sent to checkins: {'checkin_id': 9550, 'customer_name': 'Brenda Nixon', 'phone_number': '731.933.5623x560', 'branch_id': 102, 'table_id': 208, 'is_prebooked': True, 'checkin_date': '2025-07-18', 'checkin_time': '13:54', 'guests_count': 4, 'shift_manager': 'Matthew Mendez'}
[2025-07-18T15:40:04.028+0000] {subprocess.py:93} INFO - [✓] Sent to checkins: {'checkin_id': 7052, 'customer_name': 'Kayla Griffin', 'phone_number': '+1-516-903-6435x894', 'branch_id': 101, 'table_id': 201, 'is_prebooked': True, 'checkin_date': '2025-07-18', 'checkin_time': '15:20', 'guests_count': 2, 'shift_manager': 'Jonathan Barber'}
[2025-07-18T15:40:04.031+0000] {subprocess.py:93} INFO - [✓] Sent to feedback: {'feedback_id': 9230, 'branch_id': 101, 'customer_name': 'Mrs. Melissa Phelps', 'phone_number': '001-975-236-2405x426', 'feedback_text': 'Would behind message.', 'rating': 4, 'dining_date': '2025-07-18', 'dining_time': '15:06', 'submission_time': '2025-07-18T15:40:00'}
[2025-07-18T15:40:04.032+0000] {subprocess.py:93} INFO - [✓] Sent to feedback: {'feedback_id': 7284, 'branch_id': 102, 'customer_name': 'Christina Miller', 'phone_number': '+1-974-238-6193x5576', 'feedback_text': 'Control worry attorney smile success determine compare.', 'rating': 1, 'dining_date': '2025-07-18', 'dining_time': '14:00', 'submission_time': '2025-07-18T15:40:00'}
[2025-07-18T15:40:04.033+0000] {subprocess.py:93} INFO - [✓] Sent to feedback: {'feedback_id': 5830, 'branch_id': 101, 'customer_name': 'Dana Wong', 'phone_number': '465-797-9625', 'feedback_text': 'Allow social first large project.', 'rating': 1, 'dining_date': '2025-07-18', 'dining_time': '14:24', 'submission_time': '2025-07-18T15:40:00'}
[2025-07-18T15:40:04.033+0000] {subprocess.py:93} INFO - ✅ All messages sent.
[2025-07-18T15:40:04.128+0000] {subprocess.py:97} INFO - Command exited with return code 0
[2025-07-18T15:40:04.194+0000] {taskinstance.py:1400} INFO - Marking task as SUCCESS. dag_id=restaurant_pipeline, task_id=send_to_kafka, execution_date=20250718T153800, start_date=20250718T154001, end_date=20250718T154004
[2025-07-18T15:40:04.252+0000] {local_task_job_runner.py:228} INFO - Task exited with return code 0
[2025-07-18T15:40:04.320+0000] {taskinstance.py:2778} INFO - 1 downstream tasks scheduled from follow-on schedule check
