[2025-07-19T18:18:01.460+0000] {taskinstance.py:1159} INFO - Dependencies all met for dep_context=non-requeueable deps ti=<TaskInstance: restaurant_pipeline.send_to_kafka scheduled__2025-07-19T18:16:00+00:00 [queued]>
[2025-07-19T18:18:01.464+0000] {taskinstance.py:1159} INFO - Dependencies all met for dep_context=requeueable deps ti=<TaskInstance: restaurant_pipeline.send_to_kafka scheduled__2025-07-19T18:16:00+00:00 [queued]>
[2025-07-19T18:18:01.464+0000] {taskinstance.py:1361} INFO - Starting attempt 1 of 1
[2025-07-19T18:18:01.469+0000] {taskinstance.py:1382} INFO - Executing <Task(BashOperator): send_to_kafka> on 2025-07-19 18:16:00+00:00
[2025-07-19T18:18:01.471+0000] {standard_task_runner.py:57} INFO - Started process 643 to run task
[2025-07-19T18:18:01.473+0000] {standard_task_runner.py:84} INFO - Running: ['***', 'tasks', 'run', 'restaurant_pipeline', 'send_to_kafka', 'scheduled__2025-07-19T18:16:00+00:00', '--job-id', '964', '--raw', '--subdir', 'DAGS_FOLDER/restaurant_pipeline.py', '--cfg-path', '/tmp/tmp39micn_g']
[2025-07-19T18:18:01.474+0000] {standard_task_runner.py:85} INFO - Job 964: Subtask send_to_kafka
[2025-07-19T18:18:01.494+0000] {task_command.py:416} INFO - Running <TaskInstance: restaurant_pipeline.send_to_kafka scheduled__2025-07-19T18:16:00+00:00 [running]> on host e3f5d8fc4eef
[2025-07-19T18:18:01.530+0000] {taskinstance.py:1662} INFO - Exporting env vars: AIRFLOW_CTX_DAG_OWNER='moran' AIRFLOW_CTX_DAG_ID='restaurant_pipeline' AIRFLOW_CTX_TASK_ID='send_to_kafka' AIRFLOW_CTX_EXECUTION_DATE='2025-07-19T18:16:00+00:00' AIRFLOW_CTX_TRY_NUMBER='1' AIRFLOW_CTX_DAG_RUN_ID='scheduled__2025-07-19T18:16:00+00:00'
[2025-07-19T18:18:01.530+0000] {subprocess.py:63} INFO - Tmp dir root location: /tmp
[2025-07-19T18:18:01.531+0000] {subprocess.py:75} INFO - Running command: ['/bin/bash', '-c', 'python /opt/streaming/producer.py']
[2025-07-19T18:18:01.534+0000] {subprocess.py:86} INFO - Output:
[2025-07-19T18:18:03.744+0000] {subprocess.py:93} INFO - [✓] Sent to reservations: {'reservation_id': 2206, 'branch_id': 101, 'customer_name': 'Caroline Nielsen', 'phone_number': '977-795-8289x872', 'reservation_date': '2025-07-19', 'reservation_time': '19:11', 'guests_count': 2, 'is_confirmed': True}
[2025-07-19T18:18:03.749+0000] {subprocess.py:93} INFO - [✓] Sent to reservations: {'reservation_id': 3468, 'branch_id': 102, 'customer_name': 'Derrick Holden', 'phone_number': '(514)818-9524', 'reservation_date': '2025-07-19', 'reservation_time': '19:16', 'guests_count': 1, 'is_confirmed': True}
[2025-07-19T18:18:03.750+0000] {subprocess.py:93} INFO - [✓] Sent to reservations: {'reservation_id': 2324, 'branch_id': 101, 'customer_name': 'Daniel Phillips', 'phone_number': '456.500.4310x292', 'reservation_date': '2025-07-19', 'reservation_time': '18:31', 'guests_count': 3, 'is_confirmed': True}
[2025-07-19T18:18:03.750+0000] {subprocess.py:93} INFO - [✓] Sent to checkins: {'checkin_id': 1926, 'customer_name': 'Pamela Hughes', 'phone_number': '(303)780-6120', 'branch_id': 101, 'table_id': 210, 'is_prebooked': False, 'checkin_date': '2025-07-19', 'checkin_time': '18:13', 'guests_count': 1, 'shift_manager': 'Sandra Mccullough'}
[2025-07-19T18:18:03.751+0000] {subprocess.py:93} INFO - [✓] Sent to checkins: {'checkin_id': 6174, 'customer_name': 'Tonya Howard PhD', 'phone_number': '+1-476-346-5443', 'branch_id': 101, 'table_id': 205, 'is_prebooked': True, 'checkin_date': '2025-07-19', 'checkin_time': '16:27', 'guests_count': 1, 'shift_manager': 'Samantha Hensley'}
[2025-07-19T18:18:03.751+0000] {subprocess.py:93} INFO - [✓] Sent to checkins: {'checkin_id': 8075, 'customer_name': 'Robert Burke', 'phone_number': '(483)963-0467', 'branch_id': 101, 'table_id': 205, 'is_prebooked': True, 'checkin_date': '2025-07-19', 'checkin_time': '16:51', 'guests_count': 6, 'shift_manager': 'Tammy Wagner'}
[2025-07-19T18:18:03.751+0000] {subprocess.py:93} INFO - [✓] Sent to feedback: {'feedback_id': 6559, 'branch_id': 102, 'customer_name': 'Nicole Strickland', 'phone_number': '616-625-4096', 'feedback_text': 'Short tough care lay age.', 'rating': 4, 'dining_date': '2025-07-19', 'dining_time': '16:25', 'submission_time': '2025-07-19T18:18:00'}
[2025-07-19T18:18:03.752+0000] {subprocess.py:93} INFO - [✓] Sent to feedback: {'feedback_id': 2483, 'branch_id': 102, 'customer_name': 'Juan Barrera', 'phone_number': '+1-385-719-5054x13737', 'feedback_text': 'Growth more majority fly finish similar.', 'rating': 5, 'dining_date': '2025-07-19', 'dining_time': '17:19', 'submission_time': '2025-07-19T18:18:00'}
[2025-07-19T18:18:03.752+0000] {subprocess.py:93} INFO - [✓] Sent to feedback: {'feedback_id': 2195, 'branch_id': 101, 'customer_name': 'Jacob Harper', 'phone_number': '(944)760-5034x246', 'feedback_text': 'Fact nor study to do member.', 'rating': 3, 'dining_date': '2025-07-19', 'dining_time': '16:49', 'submission_time': '2025-07-19T18:18:00'}
[2025-07-19T18:18:03.752+0000] {subprocess.py:93} INFO - ✅ All messages sent.
[2025-07-19T18:18:03.795+0000] {subprocess.py:97} INFO - Command exited with return code 0
[2025-07-19T18:18:03.813+0000] {taskinstance.py:1400} INFO - Marking task as SUCCESS. dag_id=restaurant_pipeline, task_id=send_to_kafka, execution_date=20250719T181600, start_date=20250719T181801, end_date=20250719T181803
[2025-07-19T18:18:03.835+0000] {local_task_job_runner.py:228} INFO - Task exited with return code 0
[2025-07-19T18:18:03.861+0000] {taskinstance.py:2778} INFO - 1 downstream tasks scheduled from follow-on schedule check
