[2025-07-19T18:04:02.197+0000] {taskinstance.py:1159} INFO - Dependencies all met for dep_context=non-requeueable deps ti=<TaskInstance: restaurant_pipeline.send_to_kafka scheduled__2025-07-19T18:02:00+00:00 [queued]>
[2025-07-19T18:04:02.201+0000] {taskinstance.py:1159} INFO - Dependencies all met for dep_context=requeueable deps ti=<TaskInstance: restaurant_pipeline.send_to_kafka scheduled__2025-07-19T18:02:00+00:00 [queued]>
[2025-07-19T18:04:02.201+0000] {taskinstance.py:1361} INFO - Starting attempt 1 of 1
[2025-07-19T18:04:02.206+0000] {taskinstance.py:1382} INFO - Executing <Task(BashOperator): send_to_kafka> on 2025-07-19 18:02:00+00:00
[2025-07-19T18:04:02.208+0000] {standard_task_runner.py:57} INFO - Started process 271 to run task
[2025-07-19T18:04:02.209+0000] {standard_task_runner.py:84} INFO - Running: ['***', 'tasks', 'run', 'restaurant_pipeline', 'send_to_kafka', 'scheduled__2025-07-19T18:02:00+00:00', '--job-id', '923', '--raw', '--subdir', 'DAGS_FOLDER/restaurant_pipeline.py', '--cfg-path', '/tmp/tmpwww1vpec']
[2025-07-19T18:04:02.211+0000] {standard_task_runner.py:85} INFO - Job 923: Subtask send_to_kafka
[2025-07-19T18:04:02.231+0000] {task_command.py:416} INFO - Running <TaskInstance: restaurant_pipeline.send_to_kafka scheduled__2025-07-19T18:02:00+00:00 [running]> on host e3f5d8fc4eef
[2025-07-19T18:04:02.266+0000] {taskinstance.py:1662} INFO - Exporting env vars: AIRFLOW_CTX_DAG_EMAIL='your@email.com' AIRFLOW_CTX_DAG_OWNER='moran' AIRFLOW_CTX_DAG_ID='restaurant_pipeline' AIRFLOW_CTX_TASK_ID='send_to_kafka' AIRFLOW_CTX_EXECUTION_DATE='2025-07-19T18:02:00+00:00' AIRFLOW_CTX_TRY_NUMBER='1' AIRFLOW_CTX_DAG_RUN_ID='scheduled__2025-07-19T18:02:00+00:00'
[2025-07-19T18:04:02.266+0000] {subprocess.py:63} INFO - Tmp dir root location: /tmp
[2025-07-19T18:04:02.267+0000] {subprocess.py:75} INFO - Running command: ['/bin/bash', '-c', 'python /opt/streaming/producer.py']
[2025-07-19T18:04:02.270+0000] {subprocess.py:86} INFO - Output:
[2025-07-19T18:04:04.477+0000] {subprocess.py:93} INFO - [✓] Sent to reservations: {'reservation_id': 6352, 'branch_id': 102, 'customer_name': 'Dustin Marshall Jr.', 'phone_number': '8189242455', 'reservation_date': '2025-07-19', 'reservation_time': '19:20', 'guests_count': 7, 'is_confirmed': True}
[2025-07-19T18:04:04.485+0000] {subprocess.py:93} INFO - [✓] Sent to reservations: {'reservation_id': 3850, 'branch_id': 101, 'customer_name': 'Douglas Hayes', 'phone_number': '738.797.6816', 'reservation_date': '2025-07-19', 'reservation_time': '19:31', 'guests_count': 3, 'is_confirmed': False}
[2025-07-19T18:04:04.486+0000] {subprocess.py:93} INFO - [✓] Sent to reservations: {'reservation_id': 9329, 'branch_id': 102, 'customer_name': 'Mitchell Harris', 'phone_number': '001-447-439-1532x47770', 'reservation_date': '2025-07-19', 'reservation_time': '19:36', 'guests_count': 3, 'is_confirmed': True}
[2025-07-19T18:04:04.486+0000] {subprocess.py:93} INFO - [✓] Sent to checkins: {'checkin_id': 6393, 'customer_name': 'Richard Dunn', 'phone_number': '+1-832-645-3457x13742', 'branch_id': 102, 'table_id': 206, 'is_prebooked': True, 'checkin_date': '2025-07-19', 'checkin_time': '16:16', 'guests_count': 6, 'shift_manager': 'David Cruz'}
[2025-07-19T18:04:04.487+0000] {subprocess.py:93} INFO - [✓] Sent to checkins: {'checkin_id': 9791, 'customer_name': 'Mary Murphy', 'phone_number': '7368829459', 'branch_id': 102, 'table_id': 204, 'is_prebooked': False, 'checkin_date': '2025-07-19', 'checkin_time': '17:23', 'guests_count': 3, 'shift_manager': 'Tiffany Hicks'}
[2025-07-19T18:04:04.488+0000] {subprocess.py:93} INFO - [✓] Sent to checkins: {'checkin_id': 7759, 'customer_name': 'Noah Wyatt', 'phone_number': '(778)640-7296x870', 'branch_id': 102, 'table_id': 208, 'is_prebooked': False, 'checkin_date': '2025-07-19', 'checkin_time': '17:03', 'guests_count': 4, 'shift_manager': 'Jaime Thomas'}
[2025-07-19T18:04:04.488+0000] {subprocess.py:93} INFO - [✓] Sent to feedback: {'feedback_id': 5731, 'branch_id': 102, 'customer_name': 'Keith Harrington', 'phone_number': '(563)228-0684x5379', 'feedback_text': 'Company determine step address state.', 'rating': 2, 'dining_date': '2025-07-19', 'dining_time': '16:44', 'submission_time': '2025-07-19T18:04:01'}
[2025-07-19T18:04:04.492+0000] {subprocess.py:93} INFO - [✓] Sent to feedback: {'feedback_id': 9654, 'branch_id': 101, 'customer_name': 'Jared Meyer', 'phone_number': '654-967-3378x4356', 'feedback_text': 'They tonight necessary send area toward.', 'rating': 5, 'dining_date': '2025-07-19', 'dining_time': '16:28', 'submission_time': '2025-07-19T18:04:01'}
[2025-07-19T18:04:04.493+0000] {subprocess.py:93} INFO - [✓] Sent to feedback: {'feedback_id': 3699, 'branch_id': 101, 'customer_name': 'Kelsey Potter', 'phone_number': '468.868.6678', 'feedback_text': 'Only agency weight clear serve home.', 'rating': 4, 'dining_date': '2025-07-19', 'dining_time': '17:40', 'submission_time': '2025-07-19T18:04:01'}
[2025-07-19T18:04:04.494+0000] {subprocess.py:93} INFO - ✅ All messages sent.
[2025-07-19T18:04:04.528+0000] {subprocess.py:97} INFO - Command exited with return code 0
[2025-07-19T18:04:04.545+0000] {taskinstance.py:1400} INFO - Marking task as SUCCESS. dag_id=restaurant_pipeline, task_id=send_to_kafka, execution_date=20250719T180200, start_date=20250719T180402, end_date=20250719T180404
[2025-07-19T18:04:04.576+0000] {local_task_job_runner.py:228} INFO - Task exited with return code 0
[2025-07-19T18:04:04.602+0000] {taskinstance.py:2778} INFO - 0 downstream tasks scheduled from follow-on schedule check
