[2025-07-18T18:16:26.888+0000] {taskinstance.py:1159} INFO - Dependencies all met for dep_context=non-requeueable deps ti=<TaskInstance: restaurant_pipeline.bronze_to_silver manual__2025-07-18T18:14:01.477077+00:00 [queued]>
[2025-07-18T18:16:26.893+0000] {taskinstance.py:1159} INFO - Dependencies all met for dep_context=requeueable deps ti=<TaskInstance: restaurant_pipeline.bronze_to_silver manual__2025-07-18T18:14:01.477077+00:00 [queued]>
[2025-07-18T18:16:26.893+0000] {taskinstance.py:1361} INFO - Starting attempt 1 of 1
[2025-07-18T18:16:26.900+0000] {taskinstance.py:1382} INFO - Executing <Task(BashOperator): bronze_to_silver> on 2025-07-18 18:14:01.477077+00:00
[2025-07-18T18:16:26.903+0000] {standard_task_runner.py:57} INFO - Started process 3032 to run task
[2025-07-18T18:16:26.906+0000] {standard_task_runner.py:84} INFO - Running: ['***', 'tasks', 'run', 'restaurant_pipeline', 'bronze_to_silver', 'manual__2025-07-18T18:14:01.477077+00:00', '--job-id', '343', '--raw', '--subdir', 'DAGS_FOLDER/restaurant_pipeline.py', '--cfg-path', '/tmp/tmpxf3mu6hi']
[2025-07-18T18:16:26.908+0000] {standard_task_runner.py:85} INFO - Job 343: Subtask bronze_to_silver
[2025-07-18T18:16:26.938+0000] {task_command.py:416} INFO - Running <TaskInstance: restaurant_pipeline.bronze_to_silver manual__2025-07-18T18:14:01.477077+00:00 [running]> on host 9bcfb43e0ab7
[2025-07-18T18:16:26.977+0000] {taskinstance.py:1662} INFO - Exporting env vars: AIRFLOW_CTX_DAG_OWNER='moran' AIRFLOW_CTX_DAG_ID='restaurant_pipeline' AIRFLOW_CTX_TASK_ID='bronze_to_silver' AIRFLOW_CTX_EXECUTION_DATE='2025-07-18T18:14:01.477077+00:00' AIRFLOW_CTX_TRY_NUMBER='1' AIRFLOW_CTX_DAG_RUN_ID='manual__2025-07-18T18:14:01.477077+00:00'
[2025-07-18T18:16:26.978+0000] {subprocess.py:63} INFO - Tmp dir root location: /tmp
[2025-07-18T18:16:26.978+0000] {subprocess.py:75} INFO - Running command: ['/bin/bash', '-c', 'docker exec spark-iceberg spark-submit /home/iceberg/spark/bronze_to_silver.py']
[2025-07-18T18:16:26.983+0000] {subprocess.py:86} INFO - Output:
[2025-07-18T18:16:28.524+0000] {subprocess.py:93} INFO - 25/07/18 18:16:28 INFO SparkContext: Running Spark version 3.5.6
[2025-07-18T18:16:28.526+0000] {subprocess.py:93} INFO - 25/07/18 18:16:28 INFO SparkContext: OS info Linux, 6.10.14-linuxkit, aarch64
[2025-07-18T18:16:28.527+0000] {subprocess.py:93} INFO - 25/07/18 18:16:28 INFO SparkContext: Java version 17.0.15
[2025-07-18T18:16:28.551+0000] {subprocess.py:93} INFO - 25/07/18 18:16:28 INFO ResourceUtils: ==============================================================
[2025-07-18T18:16:28.551+0000] {subprocess.py:93} INFO - 25/07/18 18:16:28 INFO ResourceUtils: No custom resources configured for spark.driver.
[2025-07-18T18:16:28.552+0000] {subprocess.py:93} INFO - 25/07/18 18:16:28 INFO ResourceUtils: ==============================================================
[2025-07-18T18:16:28.553+0000] {subprocess.py:93} INFO - 25/07/18 18:16:28 INFO SparkContext: Submitted application: BronzeToSilver
[2025-07-18T18:16:28.572+0000] {subprocess.py:93} INFO - 25/07/18 18:16:28 INFO ResourceProfile: Default ResourceProfile created, executor resources: Map(cores -> name: cores, amount: 1, script: , vendor: , memory -> name: memory, amount: 1024, script: , vendor: , offHeap -> name: offHeap, amount: 0, script: , vendor: ), task resources: Map(cpus -> name: cpus, amount: 1.0)
[2025-07-18T18:16:28.579+0000] {subprocess.py:93} INFO - 25/07/18 18:16:28 INFO ResourceProfile: Limiting resource is cpu
[2025-07-18T18:16:28.580+0000] {subprocess.py:93} INFO - 25/07/18 18:16:28 INFO ResourceProfileManager: Added ResourceProfile id: 0
[2025-07-18T18:16:28.611+0000] {subprocess.py:93} INFO - 25/07/18 18:16:28 INFO SecurityManager: Changing view acls to: root,spark
[2025-07-18T18:16:28.611+0000] {subprocess.py:93} INFO - 25/07/18 18:16:28 INFO SecurityManager: Changing modify acls to: root,spark
[2025-07-18T18:16:28.612+0000] {subprocess.py:93} INFO - 25/07/18 18:16:28 INFO SecurityManager: Changing view acls groups to:
[2025-07-18T18:16:28.612+0000] {subprocess.py:93} INFO - 25/07/18 18:16:28 INFO SecurityManager: Changing modify acls groups to:
[2025-07-18T18:16:28.612+0000] {subprocess.py:93} INFO - 25/07/18 18:16:28 INFO SecurityManager: SecurityManager: authentication disabled; ui acls disabled; users with view permissions: root, spark; groups with view permissions: EMPTY; users with modify permissions: root, spark; groups with modify permissions: EMPTY
[2025-07-18T18:16:28.664+0000] {subprocess.py:93} INFO - 25/07/18 18:16:28 WARN NativeCodeLoader: Unable to load native-hadoop library for your platform... using builtin-java classes where applicable
[2025-07-18T18:16:28.898+0000] {subprocess.py:93} INFO - 25/07/18 18:16:28 INFO Utils: Successfully started service 'sparkDriver' on port 44897.
[2025-07-18T18:16:28.921+0000] {subprocess.py:93} INFO - 25/07/18 18:16:28 INFO SparkEnv: Registering MapOutputTracker
[2025-07-18T18:16:28.943+0000] {subprocess.py:93} INFO - 25/07/18 18:16:28 INFO SparkEnv: Registering BlockManagerMaster
[2025-07-18T18:16:28.957+0000] {subprocess.py:93} INFO - 25/07/18 18:16:28 INFO BlockManagerMasterEndpoint: Using org.apache.spark.storage.DefaultTopologyMapper for getting topology information
[2025-07-18T18:16:28.957+0000] {subprocess.py:93} INFO - 25/07/18 18:16:28 INFO BlockManagerMasterEndpoint: BlockManagerMasterEndpoint up
[2025-07-18T18:16:28.960+0000] {subprocess.py:93} INFO - 25/07/18 18:16:28 INFO SparkEnv: Registering BlockManagerMasterHeartbeat
[2025-07-18T18:16:28.983+0000] {subprocess.py:93} INFO - 25/07/18 18:16:28 INFO DiskBlockManager: Created local directory at /tmp/blockmgr-4f3e871d-3ce1-4c5f-9fe3-f8725b2dc574
[2025-07-18T18:16:28.990+0000] {subprocess.py:93} INFO - 25/07/18 18:16:28 INFO MemoryStore: MemoryStore started with capacity 434.4 MiB
[2025-07-18T18:16:29.004+0000] {subprocess.py:93} INFO - 25/07/18 18:16:29 INFO SparkEnv: Registering OutputCommitCoordinator
[2025-07-18T18:16:29.081+0000] {subprocess.py:93} INFO - 25/07/18 18:16:29 INFO JettyUtils: Start Jetty 0.0.0.0:4040 for SparkUI
[2025-07-18T18:16:29.133+0000] {subprocess.py:93} INFO - 25/07/18 18:16:29 INFO Utils: Successfully started service 'SparkUI' on port 4040.
[2025-07-18T18:16:29.260+0000] {subprocess.py:93} INFO - 25/07/18 18:16:29 INFO Executor: Starting executor ID driver on host 77cb57a6bd53
[2025-07-18T18:16:29.261+0000] {subprocess.py:93} INFO - 25/07/18 18:16:29 INFO Executor: OS info Linux, 6.10.14-linuxkit, aarch64
[2025-07-18T18:16:29.262+0000] {subprocess.py:93} INFO - 25/07/18 18:16:29 INFO Executor: Java version 17.0.15
[2025-07-18T18:16:29.263+0000] {subprocess.py:93} INFO - 25/07/18 18:16:29 INFO Executor: Starting executor with user classpath (userClassPathFirst = false): ''
[2025-07-18T18:16:29.264+0000] {subprocess.py:93} INFO - 25/07/18 18:16:29 INFO Executor: Created or updated repl class loader org.apache.spark.util.MutableURLClassLoader@71e89df for default.
[2025-07-18T18:16:29.283+0000] {subprocess.py:93} INFO - 25/07/18 18:16:29 INFO Utils: Successfully started service 'org.apache.spark.network.netty.NettyBlockTransferService' on port 38963.
[2025-07-18T18:16:29.286+0000] {subprocess.py:93} INFO - 25/07/18 18:16:29 INFO NettyBlockTransferService: Server created on 77cb57a6bd53:38963
[2025-07-18T18:16:29.296+0000] {subprocess.py:93} INFO - 25/07/18 18:16:29 INFO BlockManager: Using org.apache.spark.storage.RandomBlockReplicationPolicy for block replication policy
[2025-07-18T18:16:29.301+0000] {subprocess.py:93} INFO - 25/07/18 18:16:29 INFO BlockManagerMaster: Registering BlockManager BlockManagerId(driver, 77cb57a6bd53, 38963, None)
[2025-07-18T18:16:29.307+0000] {subprocess.py:93} INFO - 25/07/18 18:16:29 INFO BlockManagerMasterEndpoint: Registering block manager 77cb57a6bd53:38963 with 434.4 MiB RAM, BlockManagerId(driver, 77cb57a6bd53, 38963, None)
[2025-07-18T18:16:29.311+0000] {subprocess.py:93} INFO - 25/07/18 18:16:29 INFO BlockManagerMaster: Registered BlockManager BlockManagerId(driver, 77cb57a6bd53, 38963, None)
[2025-07-18T18:16:29.312+0000] {subprocess.py:93} INFO - 25/07/18 18:16:29 INFO BlockManager: Initialized BlockManager: BlockManagerId(driver, 77cb57a6bd53, 38963, None)
[2025-07-18T18:16:29.669+0000] {subprocess.py:93} INFO - 25/07/18 18:16:29 INFO SharedState: Setting hive.metastore.warehouse.dir ('null') to the value of spark.sql.warehouse.dir.
[2025-07-18T18:16:29.673+0000] {subprocess.py:93} INFO - 25/07/18 18:16:29 INFO SharedState: Warehouse path is 'file:/app/spark-warehouse'.
[2025-07-18T18:16:30.344+0000] {subprocess.py:93} INFO - 25/07/18 18:16:30 WARN MetricsConfig: Cannot locate configuration: tried hadoop-metrics2-s3a-file-system.properties,hadoop-metrics2.properties
[2025-07-18T18:16:30.351+0000] {subprocess.py:93} INFO - 25/07/18 18:16:30 INFO MetricsSystemImpl: Scheduled Metric snapshot period at 10 second(s).
[2025-07-18T18:16:30.351+0000] {subprocess.py:93} INFO - 25/07/18 18:16:30 INFO MetricsSystemImpl: s3a-file-system metrics system started
[2025-07-18T18:16:30.989+0000] {subprocess.py:93} INFO - 25/07/18 18:16:30 INFO BaseMetastoreCatalog: Table loaded by catalog: my_catalog.bronze.Reservations_raw
[2025-07-18T18:16:31.257+0000] {subprocess.py:93} INFO - 25/07/18 18:16:31 INFO BaseMetastoreCatalog: Table loaded by catalog: my_catalog.bronze.Checkins_raw
[2025-07-18T18:16:31.302+0000] {subprocess.py:93} INFO - 25/07/18 18:16:31 INFO BaseMetastoreCatalog: Table loaded by catalog: my_catalog.bronze.Feedback_raw
[2025-07-18T18:16:31.730+0000] {subprocess.py:93} INFO - Traceback (most recent call last):
[2025-07-18T18:16:31.730+0000] {subprocess.py:93} INFO -   File "/home/iceberg/spark/bronze_to_silver.py", line 45, in <module>
[2025-07-18T18:16:31.731+0000] {subprocess.py:93} INFO -     customers_df.write.format("iceberg").mode("overwrite").save(customers_table)
[2025-07-18T18:16:31.731+0000] {subprocess.py:93} INFO -   File "/opt/bitnami/spark/python/lib/pyspark.zip/pyspark/sql/readwriter.py", line 1463, in save
[2025-07-18T18:16:31.731+0000] {subprocess.py:93} INFO -   File "/opt/bitnami/spark/python/lib/py4j-0.10.9.7-src.zip/py4j/java_gateway.py", line 1322, in __call__
[2025-07-18T18:16:31.731+0000] {subprocess.py:93} INFO -   File "/opt/bitnami/spark/python/lib/pyspark.zip/pyspark/errors/exceptions/captured.py", line 185, in deco
[2025-07-18T18:16:31.738+0000] {subprocess.py:93} INFO - pyspark.errors.exceptions.captured.AnalysisException: [TABLE_OR_VIEW_NOT_FOUND] The table or view silver.customers cannot be found. Verify the spelling and correctness of the schema and catalog.
[2025-07-18T18:16:31.738+0000] {subprocess.py:93} INFO - If you did not qualify the name with a schema, verify the current_schema() output, or qualify the name with the correct schema and catalog.
[2025-07-18T18:16:31.739+0000] {subprocess.py:93} INFO - To tolerate the error on drop use DROP VIEW IF EXISTS or DROP TABLE IF EXISTS.
[2025-07-18T18:16:31.753+0000] {subprocess.py:93} INFO - 25/07/18 18:16:31 INFO SparkContext: Invoking stop() from shutdown hook
[2025-07-18T18:16:31.754+0000] {subprocess.py:93} INFO - 25/07/18 18:16:31 INFO SparkContext: SparkContext is stopping with exitCode 0.
[2025-07-18T18:16:31.759+0000] {subprocess.py:93} INFO - 25/07/18 18:16:31 INFO SparkUI: Stopped Spark web UI at http://77cb57a6bd53:4040
[2025-07-18T18:16:31.765+0000] {subprocess.py:93} INFO - 25/07/18 18:16:31 INFO MapOutputTrackerMasterEndpoint: MapOutputTrackerMasterEndpoint stopped!
[2025-07-18T18:16:31.774+0000] {subprocess.py:93} INFO - 25/07/18 18:16:31 INFO MemoryStore: MemoryStore cleared
[2025-07-18T18:16:31.775+0000] {subprocess.py:93} INFO - 25/07/18 18:16:31 INFO BlockManager: BlockManager stopped
[2025-07-18T18:16:31.775+0000] {subprocess.py:93} INFO - 25/07/18 18:16:31 INFO BlockManagerMaster: BlockManagerMaster stopped
[2025-07-18T18:16:31.777+0000] {subprocess.py:93} INFO - 25/07/18 18:16:31 INFO OutputCommitCoordinator$OutputCommitCoordinatorEndpoint: OutputCommitCoordinator stopped!
[2025-07-18T18:16:31.781+0000] {subprocess.py:93} INFO - 25/07/18 18:16:31 INFO SparkContext: Successfully stopped SparkContext
[2025-07-18T18:16:31.782+0000] {subprocess.py:93} INFO - 25/07/18 18:16:31 INFO ShutdownHookManager: Shutdown hook called
[2025-07-18T18:16:31.782+0000] {subprocess.py:93} INFO - 25/07/18 18:16:31 INFO ShutdownHookManager: Deleting directory /tmp/spark-bceb4278-ab64-4861-aff6-5c6f35a83dfd/pyspark-41e2d141-9efb-4c8c-87b5-25a9297fe21c
[2025-07-18T18:16:31.783+0000] {subprocess.py:93} INFO - 25/07/18 18:16:31 INFO ShutdownHookManager: Deleting directory /tmp/spark-bceb4278-ab64-4861-aff6-5c6f35a83dfd
[2025-07-18T18:16:31.785+0000] {subprocess.py:93} INFO - 25/07/18 18:16:31 INFO ShutdownHookManager: Deleting directory /tmp/spark-209aa396-bda0-4c13-a1d2-3249614d11ac
[2025-07-18T18:16:31.787+0000] {subprocess.py:93} INFO - 25/07/18 18:16:31 INFO MetricsSystemImpl: Stopping s3a-file-system metrics system...
[2025-07-18T18:16:31.787+0000] {subprocess.py:93} INFO - 25/07/18 18:16:31 INFO MetricsSystemImpl: s3a-file-system metrics system stopped.
[2025-07-18T18:16:31.788+0000] {subprocess.py:93} INFO - 25/07/18 18:16:31 INFO MetricsSystemImpl: s3a-file-system metrics system shutdown complete.
[2025-07-18T18:16:31.823+0000] {subprocess.py:97} INFO - Command exited with return code 1
[2025-07-18T18:16:31.832+0000] {taskinstance.py:1937} ERROR - Task failed with exception
Traceback (most recent call last):
  File "/home/airflow/.local/lib/python3.8/site-packages/airflow/operators/bash.py", line 210, in execute
    raise AirflowException(
airflow.exceptions.AirflowException: Bash command failed. The command returned a non-zero exit code 1.
[2025-07-18T18:16:31.834+0000] {taskinstance.py:1400} INFO - Marking task as FAILED. dag_id=restaurant_pipeline, task_id=bronze_to_silver, execution_date=20250718T181401, start_date=20250718T181626, end_date=20250718T181631
[2025-07-18T18:16:31.840+0000] {standard_task_runner.py:104} ERROR - Failed to execute job 343 for task bronze_to_silver (Bash command failed. The command returned a non-zero exit code 1.; 3032)
[2025-07-18T18:16:31.848+0000] {local_task_job_runner.py:228} INFO - Task exited with return code 1
[2025-07-18T18:16:31.873+0000] {taskinstance.py:2778} INFO - 0 downstream tasks scheduled from follow-on schedule check
