[2025-07-19T20:51:27.114+0000] {taskinstance.py:1159} INFO - Dependencies all met for dep_context=non-requeueable deps ti=<TaskInstance: restaurant_pipeline.send_to_kafka scheduled__2025-07-19T20:48:00+00:00 [queued]>
[2025-07-19T20:51:27.118+0000] {taskinstance.py:1159} INFO - Dependencies all met for dep_context=requeueable deps ti=<TaskInstance: restaurant_pipeline.send_to_kafka scheduled__2025-07-19T20:48:00+00:00 [queued]>
[2025-07-19T20:51:27.119+0000] {taskinstance.py:1361} INFO - Starting attempt 1 of 1
[2025-07-19T20:51:27.128+0000] {taskinstance.py:1382} INFO - Executing <Task(BashOperator): send_to_kafka> on 2025-07-19 20:48:00+00:00
[2025-07-19T20:51:27.131+0000] {standard_task_runner.py:57} INFO - Started process 3849 to run task
[2025-07-19T20:51:27.134+0000] {standard_task_runner.py:84} INFO - Running: ['***', 'tasks', 'run', 'restaurant_pipeline', 'send_to_kafka', 'scheduled__2025-07-19T20:48:00+00:00', '--job-id', '1214', '--raw', '--subdir', 'DAGS_FOLDER/restaurant_pipeline.py', '--cfg-path', '/tmp/tmplvnqdq1u']
[2025-07-19T20:51:27.136+0000] {standard_task_runner.py:85} INFO - Job 1214: Subtask send_to_kafka
[2025-07-19T20:51:27.164+0000] {task_command.py:416} INFO - Running <TaskInstance: restaurant_pipeline.send_to_kafka scheduled__2025-07-19T20:48:00+00:00 [running]> on host e3f5d8fc4eef
[2025-07-19T20:51:27.214+0000] {taskinstance.py:1662} INFO - Exporting env vars: AIRFLOW_CTX_DAG_OWNER='moran' AIRFLOW_CTX_DAG_ID='restaurant_pipeline' AIRFLOW_CTX_TASK_ID='send_to_kafka' AIRFLOW_CTX_EXECUTION_DATE='2025-07-19T20:48:00+00:00' AIRFLOW_CTX_TRY_NUMBER='1' AIRFLOW_CTX_DAG_RUN_ID='scheduled__2025-07-19T20:48:00+00:00'
[2025-07-19T20:51:27.215+0000] {subprocess.py:63} INFO - Tmp dir root location: /tmp
[2025-07-19T20:51:27.215+0000] {subprocess.py:75} INFO - Running command: ['/bin/bash', '-c', 'python /opt/streaming/producer.py']
[2025-07-19T20:51:27.219+0000] {subprocess.py:86} INFO - Output:
[2025-07-19T20:51:29.486+0000] {subprocess.py:93} INFO - [✓] Sent to reservations: {'reservation_id': 9565, 'branch_id': 102, 'customer_name': 'Kathleen Lamb', 'phone_number': '598.404.5549x73466', 'reservation_date': '2025-07-19', 'reservation_time': '22:06', 'guests_count': 5, 'is_confirmed': False}
[2025-07-19T20:51:29.487+0000] {subprocess.py:93} INFO - [✓] Sent to reservations: {'reservation_id': 9121, 'branch_id': 101, 'customer_name': 'John Atkinson', 'phone_number': '(307)928-9897x012', 'reservation_date': '2025-07-19', 'reservation_time': '21:38', 'guests_count': 5, 'is_confirmed': False}
[2025-07-19T20:51:29.488+0000] {subprocess.py:93} INFO - [✓] Sent to reservations: {'reservation_id': 2811, 'branch_id': 102, 'customer_name': 'Raymond Eaton', 'phone_number': '001-652-426-1014', 'reservation_date': '2025-07-19', 'reservation_time': '22:49', 'guests_count': 2, 'is_confirmed': False}
[2025-07-19T20:51:29.489+0000] {subprocess.py:93} INFO - [✓] Sent to checkins: {'checkin_id': 1446, 'customer_name': 'Mr. Peter Young', 'phone_number': '(923)689-7924x29928', 'branch_id': 101, 'table_id': 200, 'is_prebooked': True, 'checkin_date': '2025-07-19', 'checkin_time': '19:27', 'guests_count': 1, 'shift_manager': 'Shannon Cross'}
[2025-07-19T20:51:29.489+0000] {subprocess.py:93} INFO - [✓] Sent to checkins: {'checkin_id': 5230, 'customer_name': 'Beth Guzman', 'phone_number': '001-957-784-8443x92946', 'branch_id': 101, 'table_id': 201, 'is_prebooked': False, 'checkin_date': '2025-07-19', 'checkin_time': '19:29', 'guests_count': 1, 'shift_manager': 'Janice Hunt'}
[2025-07-19T20:51:29.490+0000] {subprocess.py:93} INFO - [✓] Sent to checkins: {'checkin_id': 9704, 'customer_name': 'Alan Kerr', 'phone_number': '205.785.5753x3289', 'branch_id': 101, 'table_id': 200, 'is_prebooked': True, 'checkin_date': '2025-07-19', 'checkin_time': '19:52', 'guests_count': 4, 'shift_manager': 'William Knight'}
[2025-07-19T20:51:29.491+0000] {subprocess.py:93} INFO - [✓] Sent to feedback: {'feedback_id': 9281, 'branch_id': 102, 'customer_name': 'Joseph Doyle', 'phone_number': '450.450.4553x43412', 'feedback_text': 'Off seat strategy school me chance goal.', 'rating': 2, 'dining_date': '2025-07-19', 'dining_time': '20:20', 'submission_time': '2025-07-19T20:51:26'}
[2025-07-19T20:51:29.492+0000] {subprocess.py:93} INFO - [✓] Sent to feedback: {'feedback_id': 3929, 'branch_id': 102, 'customer_name': 'James House', 'phone_number': '+1-608-680-2935x03083', 'feedback_text': 'Community teacher vote matter.', 'rating': 3, 'dining_date': '2025-07-19', 'dining_time': '19:43', 'submission_time': '2025-07-19T20:51:26'}
[2025-07-19T20:51:29.492+0000] {subprocess.py:93} INFO - [✓] Sent to feedback: {'feedback_id': 5049, 'branch_id': 102, 'customer_name': 'Tara Neal', 'phone_number': '+1-484-519-9606x53132', 'feedback_text': 'International let drug activity special.', 'rating': 1, 'dining_date': '2025-07-19', 'dining_time': '18:56', 'submission_time': '2025-07-19T20:51:26'}
[2025-07-19T20:51:29.493+0000] {subprocess.py:93} INFO - ✅ All messages sent.
[2025-07-19T20:51:29.541+0000] {subprocess.py:97} INFO - Command exited with return code 0
[2025-07-19T20:51:29.562+0000] {taskinstance.py:1400} INFO - Marking task as SUCCESS. dag_id=restaurant_pipeline, task_id=send_to_kafka, execution_date=20250719T204800, start_date=20250719T205127, end_date=20250719T205129
[2025-07-19T20:51:29.592+0000] {local_task_job_runner.py:228} INFO - Task exited with return code 0
[2025-07-19T20:51:29.621+0000] {taskinstance.py:2778} INFO - 1 downstream tasks scheduled from follow-on schedule check
