[2025-07-18T19:44:18.469+0000] {taskinstance.py:1159} INFO - Dependencies all met for dep_context=non-requeueable deps ti=<TaskInstance: restaurant_pipeline.send_to_kafka scheduled__2025-07-18T19:42:00+00:00 [queued]>
[2025-07-18T19:44:18.473+0000] {taskinstance.py:1159} INFO - Dependencies all met for dep_context=requeueable deps ti=<TaskInstance: restaurant_pipeline.send_to_kafka scheduled__2025-07-18T19:42:00+00:00 [queued]>
[2025-07-18T19:44:18.473+0000] {taskinstance.py:1361} INFO - Starting attempt 1 of 1
[2025-07-18T19:44:18.479+0000] {taskinstance.py:1382} INFO - Executing <Task(BashOperator): send_to_kafka> on 2025-07-18 19:42:00+00:00
[2025-07-18T19:44:18.481+0000] {standard_task_runner.py:57} INFO - Started process 5354 to run task
[2025-07-18T19:44:18.483+0000] {standard_task_runner.py:84} INFO - Running: ['***', 'tasks', 'run', 'restaurant_pipeline', 'send_to_kafka', 'scheduled__2025-07-18T19:42:00+00:00', '--job-id', '555', '--raw', '--subdir', 'DAGS_FOLDER/restaurant_pipeline.py', '--cfg-path', '/tmp/tmpgb1ofof_']
[2025-07-18T19:44:18.484+0000] {standard_task_runner.py:85} INFO - Job 555: Subtask send_to_kafka
[2025-07-18T19:44:18.508+0000] {task_command.py:416} INFO - Running <TaskInstance: restaurant_pipeline.send_to_kafka scheduled__2025-07-18T19:42:00+00:00 [running]> on host 9bcfb43e0ab7
[2025-07-18T19:44:18.545+0000] {taskinstance.py:1662} INFO - Exporting env vars: AIRFLOW_CTX_DAG_OWNER='moran' AIRFLOW_CTX_DAG_ID='restaurant_pipeline' AIRFLOW_CTX_TASK_ID='send_to_kafka' AIRFLOW_CTX_EXECUTION_DATE='2025-07-18T19:42:00+00:00' AIRFLOW_CTX_TRY_NUMBER='1' AIRFLOW_CTX_DAG_RUN_ID='scheduled__2025-07-18T19:42:00+00:00'
[2025-07-18T19:44:18.546+0000] {subprocess.py:63} INFO - Tmp dir root location: /tmp
[2025-07-18T19:44:18.546+0000] {subprocess.py:75} INFO - Running command: ['/bin/bash', '-c', 'python /opt/streaming/producer.py']
[2025-07-18T19:44:18.550+0000] {subprocess.py:86} INFO - Output:
[2025-07-18T19:44:20.771+0000] {subprocess.py:93} INFO - [✓] Sent to reservations: {'reservation_id': 4355, 'branch_id': 101, 'customer_name': 'Samantha Miller', 'phone_number': '+1-444-414-2257x08323', 'reservation_date': '2025-07-18', 'reservation_time': '20:40', 'guests_count': 6, 'is_confirmed': False}
[2025-07-18T19:44:20.779+0000] {subprocess.py:93} INFO - [✓] Sent to reservations: {'reservation_id': 1993, 'branch_id': 101, 'customer_name': 'Tina Hess', 'phone_number': '(854)972-2746x6086', 'reservation_date': '2025-07-18', 'reservation_time': '20:45', 'guests_count': 1, 'is_confirmed': False}
[2025-07-18T19:44:20.781+0000] {subprocess.py:93} INFO - [✓] Sent to reservations: {'reservation_id': 7261, 'branch_id': 102, 'customer_name': 'Danielle Patton', 'phone_number': '696.758.2433', 'reservation_date': '2025-07-18', 'reservation_time': '21:21', 'guests_count': 7, 'is_confirmed': True}
[2025-07-18T19:44:20.782+0000] {subprocess.py:93} INFO - [✓] Sent to checkins: {'checkin_id': 6285, 'customer_name': 'James Russo', 'phone_number': '3935273264', 'branch_id': 101, 'table_id': 205, 'is_prebooked': False, 'checkin_date': '2025-07-18', 'checkin_time': '17:46', 'guests_count': 3, 'shift_manager': 'Heather Walsh MD'}
[2025-07-18T19:44:20.783+0000] {subprocess.py:93} INFO - [✓] Sent to checkins: {'checkin_id': 5609, 'customer_name': 'Melissa Carey', 'phone_number': '671.615.3748x956', 'branch_id': 102, 'table_id': 204, 'is_prebooked': False, 'checkin_date': '2025-07-18', 'checkin_time': '19:12', 'guests_count': 3, 'shift_manager': 'Kathryn Wilson'}
[2025-07-18T19:44:20.784+0000] {subprocess.py:93} INFO - [✓] Sent to checkins: {'checkin_id': 8425, 'customer_name': 'Mr. Joseph Rice', 'phone_number': '281.321.9580', 'branch_id': 102, 'table_id': 206, 'is_prebooked': True, 'checkin_date': '2025-07-18', 'checkin_time': '18:39', 'guests_count': 3, 'shift_manager': 'Mary Garza'}
[2025-07-18T19:44:20.785+0000] {subprocess.py:93} INFO - [✓] Sent to feedback: {'feedback_id': 9248, 'branch_id': 102, 'customer_name': 'Kevin Wallace', 'phone_number': '8235113799', 'feedback_text': 'Home environmental play none technology citizen.', 'rating': 1, 'dining_date': '2025-07-18', 'dining_time': '18:37', 'submission_time': '2025-07-18T19:44:17'}
[2025-07-18T19:44:20.786+0000] {subprocess.py:93} INFO - [✓] Sent to feedback: {'feedback_id': 8698, 'branch_id': 102, 'customer_name': 'Richard Garcia', 'phone_number': '(475)526-4057x893', 'feedback_text': 'Use network animal difficult know catch meeting.', 'rating': 4, 'dining_date': '2025-07-18', 'dining_time': '18:49', 'submission_time': '2025-07-18T19:44:17'}
[2025-07-18T19:44:20.789+0000] {subprocess.py:93} INFO - [✓] Sent to feedback: {'feedback_id': 9195, 'branch_id': 101, 'customer_name': 'Kevin Graham', 'phone_number': '+1-452-475-4951', 'feedback_text': 'People address heart cup return.', 'rating': 3, 'dining_date': '2025-07-18', 'dining_time': '19:10', 'submission_time': '2025-07-18T19:44:17'}
[2025-07-18T19:44:20.791+0000] {subprocess.py:93} INFO - ✅ All messages sent.
[2025-07-18T19:44:20.828+0000] {subprocess.py:97} INFO - Command exited with return code 0
[2025-07-18T19:44:20.848+0000] {taskinstance.py:1400} INFO - Marking task as SUCCESS. dag_id=restaurant_pipeline, task_id=send_to_kafka, execution_date=20250718T194200, start_date=20250718T194418, end_date=20250718T194420
[2025-07-18T19:44:20.861+0000] {local_task_job_runner.py:228} INFO - Task exited with return code 0
[2025-07-18T19:44:20.886+0000] {taskinstance.py:2778} INFO - 1 downstream tasks scheduled from follow-on schedule check
