[2025-07-19T14:38:05.463+0000] {taskinstance.py:1159} INFO - Dependencies all met for dep_context=non-requeueable deps ti=<TaskInstance: restaurant_pipeline.stream_to_bronze scheduled__2025-07-19T14:36:00+00:00 [queued]>
[2025-07-19T14:38:05.467+0000] {taskinstance.py:1159} INFO - Dependencies all met for dep_context=requeueable deps ti=<TaskInstance: restaurant_pipeline.stream_to_bronze scheduled__2025-07-19T14:36:00+00:00 [queued]>
[2025-07-19T14:38:05.467+0000] {taskinstance.py:1361} INFO - Starting attempt 1 of 1
[2025-07-19T14:38:05.473+0000] {taskinstance.py:1382} INFO - Executing <Task(BashOperator): stream_to_bronze> on 2025-07-19 14:36:00+00:00
[2025-07-19T14:38:05.475+0000] {standard_task_runner.py:57} INFO - Started process 202 to run task
[2025-07-19T14:38:05.477+0000] {standard_task_runner.py:84} INFO - Running: ['***', 'tasks', 'run', 'restaurant_pipeline', 'stream_to_bronze', 'scheduled__2025-07-19T14:36:00+00:00', '--job-id', '814', '--raw', '--subdir', 'DAGS_FOLDER/restaurant_pipeline.py', '--cfg-path', '/tmp/tmpfm6cu3z6']
[2025-07-19T14:38:05.478+0000] {standard_task_runner.py:85} INFO - Job 814: Subtask stream_to_bronze
[2025-07-19T14:38:05.499+0000] {task_command.py:416} INFO - Running <TaskInstance: restaurant_pipeline.stream_to_bronze scheduled__2025-07-19T14:36:00+00:00 [running]> on host 28e8e04e957d
[2025-07-19T14:38:05.537+0000] {taskinstance.py:1662} INFO - Exporting env vars: AIRFLOW_CTX_DAG_OWNER='moran' AIRFLOW_CTX_DAG_ID='restaurant_pipeline' AIRFLOW_CTX_TASK_ID='stream_to_bronze' AIRFLOW_CTX_EXECUTION_DATE='2025-07-19T14:36:00+00:00' AIRFLOW_CTX_TRY_NUMBER='1' AIRFLOW_CTX_DAG_RUN_ID='scheduled__2025-07-19T14:36:00+00:00'
[2025-07-19T14:38:05.538+0000] {subprocess.py:63} INFO - Tmp dir root location: /tmp
[2025-07-19T14:38:05.538+0000] {subprocess.py:75} INFO - Running command: ['/bin/bash', '-c', "docker exec -e AIRFLOW_CTX_DAG_RUN_ID='scheduled__2025-07-19T14:36:00+00:00' spark-iceberg spark-submit /home/iceberg/spark/stream_to_bronze.py"]
[2025-07-19T14:38:05.542+0000] {subprocess.py:86} INFO - Output:
[2025-07-19T14:38:06.978+0000] {subprocess.py:93} INFO - 25/07/19 14:38:06 INFO SparkContext: Running Spark version 3.5.6
[2025-07-19T14:38:06.979+0000] {subprocess.py:93} INFO - 25/07/19 14:38:06 INFO SparkContext: OS info Linux, 6.10.14-linuxkit, aarch64
[2025-07-19T14:38:06.979+0000] {subprocess.py:93} INFO - 25/07/19 14:38:06 INFO SparkContext: Java version 17.0.15
[2025-07-19T14:38:06.993+0000] {subprocess.py:93} INFO - 25/07/19 14:38:06 INFO ResourceUtils: ==============================================================
[2025-07-19T14:38:06.993+0000] {subprocess.py:93} INFO - 25/07/19 14:38:06 INFO ResourceUtils: No custom resources configured for spark.driver.
[2025-07-19T14:38:06.993+0000] {subprocess.py:93} INFO - 25/07/19 14:38:06 INFO ResourceUtils: ==============================================================
[2025-07-19T14:38:06.994+0000] {subprocess.py:93} INFO - 25/07/19 14:38:06 INFO SparkContext: Submitted application: StreamToBronze
[2025-07-19T14:38:07.002+0000] {subprocess.py:93} INFO - 25/07/19 14:38:07 INFO ResourceProfile: Default ResourceProfile created, executor resources: Map(cores -> name: cores, amount: 1, script: , vendor: , memory -> name: memory, amount: 1024, script: , vendor: , offHeap -> name: offHeap, amount: 0, script: , vendor: ), task resources: Map(cpus -> name: cpus, amount: 1.0)
[2025-07-19T14:38:07.006+0000] {subprocess.py:93} INFO - 25/07/19 14:38:07 INFO ResourceProfile: Limiting resource is cpu
[2025-07-19T14:38:07.007+0000] {subprocess.py:93} INFO - 25/07/19 14:38:07 INFO ResourceProfileManager: Added ResourceProfile id: 0
[2025-07-19T14:38:07.027+0000] {subprocess.py:93} INFO - 25/07/19 14:38:07 INFO SecurityManager: Changing view acls to: root,spark
[2025-07-19T14:38:07.027+0000] {subprocess.py:93} INFO - 25/07/19 14:38:07 INFO SecurityManager: Changing modify acls to: root,spark
[2025-07-19T14:38:07.027+0000] {subprocess.py:93} INFO - 25/07/19 14:38:07 INFO SecurityManager: Changing view acls groups to:
[2025-07-19T14:38:07.027+0000] {subprocess.py:93} INFO - 25/07/19 14:38:07 INFO SecurityManager: Changing modify acls groups to:
[2025-07-19T14:38:07.027+0000] {subprocess.py:93} INFO - 25/07/19 14:38:07 INFO SecurityManager: SecurityManager: authentication disabled; ui acls disabled; users with view permissions: root, spark; groups with view permissions: EMPTY; users with modify permissions: root, spark; groups with modify permissions: EMPTY
[2025-07-19T14:38:07.056+0000] {subprocess.py:93} INFO - 25/07/19 14:38:07 WARN NativeCodeLoader: Unable to load native-hadoop library for your platform... using builtin-java classes where applicable
[2025-07-19T14:38:07.177+0000] {subprocess.py:93} INFO - 25/07/19 14:38:07 INFO Utils: Successfully started service 'sparkDriver' on port 41743.
[2025-07-19T14:38:07.190+0000] {subprocess.py:93} INFO - 25/07/19 14:38:07 INFO SparkEnv: Registering MapOutputTracker
[2025-07-19T14:38:07.210+0000] {subprocess.py:93} INFO - 25/07/19 14:38:07 INFO SparkEnv: Registering BlockManagerMaster
[2025-07-19T14:38:07.222+0000] {subprocess.py:93} INFO - 25/07/19 14:38:07 INFO BlockManagerMasterEndpoint: Using org.apache.spark.storage.DefaultTopologyMapper for getting topology information
[2025-07-19T14:38:07.223+0000] {subprocess.py:93} INFO - 25/07/19 14:38:07 INFO BlockManagerMasterEndpoint: BlockManagerMasterEndpoint up
[2025-07-19T14:38:07.226+0000] {subprocess.py:93} INFO - 25/07/19 14:38:07 INFO SparkEnv: Registering BlockManagerMasterHeartbeat
[2025-07-19T14:38:07.236+0000] {subprocess.py:93} INFO - 25/07/19 14:38:07 INFO DiskBlockManager: Created local directory at /tmp/blockmgr-c0af2c42-1ffb-48e0-b932-64c109e531f3
[2025-07-19T14:38:07.242+0000] {subprocess.py:93} INFO - 25/07/19 14:38:07 INFO MemoryStore: MemoryStore started with capacity 434.4 MiB
[2025-07-19T14:38:07.249+0000] {subprocess.py:93} INFO - 25/07/19 14:38:07 INFO SparkEnv: Registering OutputCommitCoordinator
[2025-07-19T14:38:07.305+0000] {subprocess.py:93} INFO - 25/07/19 14:38:07 INFO JettyUtils: Start Jetty 0.0.0.0:4040 for SparkUI
[2025-07-19T14:38:07.331+0000] {subprocess.py:93} INFO - 25/07/19 14:38:07 INFO Utils: Successfully started service 'SparkUI' on port 4040.
[2025-07-19T14:38:07.378+0000] {subprocess.py:93} INFO - 25/07/19 14:38:07 INFO Executor: Starting executor ID driver on host ed7b546796fe
[2025-07-19T14:38:07.378+0000] {subprocess.py:93} INFO - 25/07/19 14:38:07 INFO Executor: OS info Linux, 6.10.14-linuxkit, aarch64
[2025-07-19T14:38:07.378+0000] {subprocess.py:93} INFO - 25/07/19 14:38:07 INFO Executor: Java version 17.0.15
[2025-07-19T14:38:07.382+0000] {subprocess.py:93} INFO - 25/07/19 14:38:07 INFO Executor: Starting executor with user classpath (userClassPathFirst = false): ''
[2025-07-19T14:38:07.382+0000] {subprocess.py:93} INFO - 25/07/19 14:38:07 INFO Executor: Created or updated repl class loader org.apache.spark.util.MutableURLClassLoader@3d610b3c for default.
[2025-07-19T14:38:07.390+0000] {subprocess.py:93} INFO - 25/07/19 14:38:07 INFO Utils: Successfully started service 'org.apache.spark.network.netty.NettyBlockTransferService' on port 39083.
[2025-07-19T14:38:07.390+0000] {subprocess.py:93} INFO - 25/07/19 14:38:07 INFO NettyBlockTransferService: Server created on ed7b546796fe:39083
[2025-07-19T14:38:07.390+0000] {subprocess.py:93} INFO - 25/07/19 14:38:07 INFO BlockManager: Using org.apache.spark.storage.RandomBlockReplicationPolicy for block replication policy
[2025-07-19T14:38:07.395+0000] {subprocess.py:93} INFO - 25/07/19 14:38:07 INFO BlockManagerMaster: Registering BlockManager BlockManagerId(driver, ed7b546796fe, 39083, None)
[2025-07-19T14:38:07.397+0000] {subprocess.py:93} INFO - 25/07/19 14:38:07 INFO BlockManagerMasterEndpoint: Registering block manager ed7b546796fe:39083 with 434.4 MiB RAM, BlockManagerId(driver, ed7b546796fe, 39083, None)
[2025-07-19T14:38:07.398+0000] {subprocess.py:93} INFO - 25/07/19 14:38:07 INFO BlockManagerMaster: Registered BlockManager BlockManagerId(driver, ed7b546796fe, 39083, None)
[2025-07-19T14:38:07.401+0000] {subprocess.py:93} INFO - 25/07/19 14:38:07 INFO BlockManager: Initialized BlockManager: BlockManagerId(driver, ed7b546796fe, 39083, None)
[2025-07-19T14:38:07.614+0000] {subprocess.py:93} INFO - 25/07/19 14:38:07 INFO SharedState: Setting hive.metastore.warehouse.dir ('null') to the value of spark.sql.warehouse.dir.
[2025-07-19T14:38:07.617+0000] {subprocess.py:93} INFO - 25/07/19 14:38:07 INFO SharedState: Warehouse path is 'file:/app/spark-warehouse'.
[2025-07-19T14:38:08.595+0000] {subprocess.py:93} INFO - 25/07/19 14:38:08 WARN MetricsConfig: Cannot locate configuration: tried hadoop-metrics2-s3a-file-system.properties,hadoop-metrics2.properties
[2025-07-19T14:38:08.602+0000] {subprocess.py:93} INFO - 25/07/19 14:38:08 INFO MetricsSystemImpl: Scheduled Metric snapshot period at 10 second(s).
[2025-07-19T14:38:08.602+0000] {subprocess.py:93} INFO - 25/07/19 14:38:08 INFO MetricsSystemImpl: s3a-file-system metrics system started
