[2025-07-18T15:32:02.384+0000] {taskinstance.py:1159} INFO - Dependencies all met for dep_context=non-requeueable deps ti=<TaskInstance: restaurant_pipeline.send_to_kafka scheduled__2025-07-18T15:30:00+00:00 [queued]>
[2025-07-18T15:32:02.388+0000] {taskinstance.py:1159} INFO - Dependencies all met for dep_context=requeueable deps ti=<TaskInstance: restaurant_pipeline.send_to_kafka scheduled__2025-07-18T15:30:00+00:00 [queued]>
[2025-07-18T15:32:02.388+0000] {taskinstance.py:1361} INFO - Starting attempt 1 of 1
[2025-07-18T15:32:02.394+0000] {taskinstance.py:1382} INFO - Executing <Task(BashOperator): send_to_kafka> on 2025-07-18 15:30:00+00:00
[2025-07-18T15:32:02.397+0000] {standard_task_runner.py:57} INFO - Started process 437 to run task
[2025-07-18T15:32:02.399+0000] {standard_task_runner.py:84} INFO - Running: ['***', 'tasks', 'run', 'restaurant_pipeline', 'send_to_kafka', 'scheduled__2025-07-18T15:30:00+00:00', '--job-id', '110', '--raw', '--subdir', 'DAGS_FOLDER/restaurant_pipeline.py', '--cfg-path', '/tmp/tmp5lj9crj5']
[2025-07-18T15:32:02.400+0000] {standard_task_runner.py:85} INFO - Job 110: Subtask send_to_kafka
[2025-07-18T15:32:02.424+0000] {task_command.py:416} INFO - Running <TaskInstance: restaurant_pipeline.send_to_kafka scheduled__2025-07-18T15:30:00+00:00 [running]> on host 9bcfb43e0ab7
[2025-07-18T15:32:02.460+0000] {taskinstance.py:1662} INFO - Exporting env vars: AIRFLOW_CTX_DAG_OWNER='moran' AIRFLOW_CTX_DAG_ID='restaurant_pipeline' AIRFLOW_CTX_TASK_ID='send_to_kafka' AIRFLOW_CTX_EXECUTION_DATE='2025-07-18T15:30:00+00:00' AIRFLOW_CTX_TRY_NUMBER='1' AIRFLOW_CTX_DAG_RUN_ID='scheduled__2025-07-18T15:30:00+00:00'
[2025-07-18T15:32:02.461+0000] {subprocess.py:63} INFO - Tmp dir root location: /tmp
[2025-07-18T15:32:02.461+0000] {subprocess.py:75} INFO - Running command: ['/bin/bash', '-c', 'python /opt/streaming/producer.py']
[2025-07-18T15:32:02.467+0000] {subprocess.py:86} INFO - Output:
[2025-07-18T15:32:04.727+0000] {subprocess.py:93} INFO - [✓] Sent to reservations: {'reservation_id': 6659, 'branch_id': 101, 'customer_name': 'Jake Hernandez', 'phone_number': '(759)373-7498', 'reservation_date': '2025-07-18', 'reservation_time': '16:43', 'guests_count': 6, 'is_confirmed': False}
[2025-07-18T15:32:04.738+0000] {subprocess.py:93} INFO - [✓] Sent to reservations: {'reservation_id': 6020, 'branch_id': 102, 'customer_name': 'Laurie Weber', 'phone_number': '708.846.4994', 'reservation_date': '2025-07-18', 'reservation_time': '16:53', 'guests_count': 6, 'is_confirmed': True}
[2025-07-18T15:32:04.739+0000] {subprocess.py:93} INFO - [✓] Sent to reservations: {'reservation_id': 3025, 'branch_id': 102, 'customer_name': 'Monica Stein', 'phone_number': '920-396-4444', 'reservation_date': '2025-07-18', 'reservation_time': '15:53', 'guests_count': 6, 'is_confirmed': True}
[2025-07-18T15:32:04.740+0000] {subprocess.py:93} INFO - [✓] Sent to checkins: {'checkin_id': 9092, 'customer_name': 'Charles Terry', 'phone_number': '+1-585-638-5744', 'branch_id': 102, 'table_id': 201, 'is_prebooked': True, 'checkin_date': '2025-07-18', 'checkin_time': '14:34', 'guests_count': 3, 'shift_manager': 'Melissa Ferguson'}
[2025-07-18T15:32:04.742+0000] {subprocess.py:93} INFO - [✓] Sent to checkins: {'checkin_id': 6626, 'customer_name': 'Erik Hoffman', 'phone_number': '981.231.8313x412', 'branch_id': 101, 'table_id': 203, 'is_prebooked': False, 'checkin_date': '2025-07-18', 'checkin_time': '13:56', 'guests_count': 6, 'shift_manager': 'Nicolas Gomez'}
[2025-07-18T15:32:04.743+0000] {subprocess.py:93} INFO - [✓] Sent to checkins: {'checkin_id': 4089, 'customer_name': 'Gina Cisneros', 'phone_number': '464-304-1065', 'branch_id': 101, 'table_id': 200, 'is_prebooked': False, 'checkin_date': '2025-07-18', 'checkin_time': '13:57', 'guests_count': 2, 'shift_manager': 'Joseph Bates'}
[2025-07-18T15:32:04.747+0000] {subprocess.py:93} INFO - [✓] Sent to feedback: {'feedback_id': 7534, 'branch_id': 101, 'customer_name': 'Elizabeth Robbins', 'phone_number': '835-919-6765x49599', 'feedback_text': 'Free along all open.', 'rating': 4, 'dining_date': '2025-07-18', 'dining_time': '14:44', 'submission_time': '2025-07-18T15:32:01'}
[2025-07-18T15:32:04.750+0000] {subprocess.py:93} INFO - [✓] Sent to feedback: {'feedback_id': 5549, 'branch_id': 102, 'customer_name': 'James Marshall', 'phone_number': '+1-533-524-2096x711', 'feedback_text': 'Against win pay door character seat.', 'rating': 3, 'dining_date': '2025-07-18', 'dining_time': '14:05', 'submission_time': '2025-07-18T15:32:01'}
[2025-07-18T15:32:04.751+0000] {subprocess.py:93} INFO - [✓] Sent to feedback: {'feedback_id': 2584, 'branch_id': 102, 'customer_name': 'Deborah Miller', 'phone_number': '(821)454-4609', 'feedback_text': 'Ready ten culture open interview stay.', 'rating': 1, 'dining_date': '2025-07-18', 'dining_time': '13:39', 'submission_time': '2025-07-18T15:32:01'}
[2025-07-18T15:32:04.751+0000] {subprocess.py:93} INFO - ✅ All messages sent.
[2025-07-18T15:32:04.779+0000] {subprocess.py:97} INFO - Command exited with return code 0
[2025-07-18T15:32:04.805+0000] {taskinstance.py:1400} INFO - Marking task as SUCCESS. dag_id=restaurant_pipeline, task_id=send_to_kafka, execution_date=20250718T153000, start_date=20250718T153202, end_date=20250718T153204
[2025-07-18T15:32:04.846+0000] {local_task_job_runner.py:228} INFO - Task exited with return code 0
[2025-07-18T15:32:04.878+0000] {taskinstance.py:2778} INFO - 1 downstream tasks scheduled from follow-on schedule check
