[2025-07-18T15:58:04.298+0000] {taskinstance.py:1159} INFO - Dependencies all met for dep_context=non-requeueable deps ti=<TaskInstance: restaurant_pipeline.stream_to_bronze scheduled__2025-07-18T15:56:00+00:00 [queued]>
[2025-07-18T15:58:04.304+0000] {taskinstance.py:1159} INFO - Dependencies all met for dep_context=requeueable deps ti=<TaskInstance: restaurant_pipeline.stream_to_bronze scheduled__2025-07-18T15:56:00+00:00 [queued]>
[2025-07-18T15:58:04.304+0000] {taskinstance.py:1361} INFO - Starting attempt 1 of 1
[2025-07-18T15:58:04.312+0000] {taskinstance.py:1382} INFO - Executing <Task(BashOperator): stream_to_bronze> on 2025-07-18 15:56:00+00:00
[2025-07-18T15:58:04.314+0000] {standard_task_runner.py:57} INFO - Started process 912 to run task
[2025-07-18T15:58:04.316+0000] {standard_task_runner.py:84} INFO - Running: ['***', 'tasks', 'run', 'restaurant_pipeline', 'stream_to_bronze', 'scheduled__2025-07-18T15:56:00+00:00', '--job-id', '150', '--raw', '--subdir', 'DAGS_FOLDER/restaurant_pipeline.py', '--cfg-path', '/tmp/tmpybfbybzs']
[2025-07-18T15:58:04.318+0000] {standard_task_runner.py:85} INFO - Job 150: Subtask stream_to_bronze
[2025-07-18T15:58:04.343+0000] {task_command.py:416} INFO - Running <TaskInstance: restaurant_pipeline.stream_to_bronze scheduled__2025-07-18T15:56:00+00:00 [running]> on host 9bcfb43e0ab7
[2025-07-18T15:58:04.381+0000] {taskinstance.py:1662} INFO - Exporting env vars: AIRFLOW_CTX_DAG_OWNER='moran' AIRFLOW_CTX_DAG_ID='restaurant_pipeline' AIRFLOW_CTX_TASK_ID='stream_to_bronze' AIRFLOW_CTX_EXECUTION_DATE='2025-07-18T15:56:00+00:00' AIRFLOW_CTX_TRY_NUMBER='1' AIRFLOW_CTX_DAG_RUN_ID='scheduled__2025-07-18T15:56:00+00:00'
[2025-07-18T15:58:04.382+0000] {subprocess.py:63} INFO - Tmp dir root location: /tmp
[2025-07-18T15:58:04.383+0000] {subprocess.py:75} INFO - Running command: ['/bin/bash', '-c', 'docker exec spark-iceberg spark-submit /home/iceberg/spark/stream_to_bronze.py']
[2025-07-18T15:58:04.387+0000] {subprocess.py:86} INFO - Output:
[2025-07-18T15:58:05.742+0000] {subprocess.py:93} INFO - 25/07/18 15:58:05 INFO SparkContext: Running Spark version 3.5.6
[2025-07-18T15:58:05.744+0000] {subprocess.py:93} INFO - 25/07/18 15:58:05 INFO SparkContext: OS info Linux, 6.10.14-linuxkit, aarch64
[2025-07-18T15:58:05.746+0000] {subprocess.py:93} INFO - 25/07/18 15:58:05 INFO SparkContext: Java version 17.0.15
[2025-07-18T15:58:05.757+0000] {subprocess.py:93} INFO - 25/07/18 15:58:05 INFO ResourceUtils: ==============================================================
[2025-07-18T15:58:05.757+0000] {subprocess.py:93} INFO - 25/07/18 15:58:05 INFO ResourceUtils: No custom resources configured for spark.driver.
[2025-07-18T15:58:05.758+0000] {subprocess.py:93} INFO - 25/07/18 15:58:05 INFO ResourceUtils: ==============================================================
[2025-07-18T15:58:05.758+0000] {subprocess.py:93} INFO - 25/07/18 15:58:05 INFO SparkContext: Submitted application: StreamToBronze
[2025-07-18T15:58:05.767+0000] {subprocess.py:93} INFO - 25/07/18 15:58:05 INFO ResourceProfile: Default ResourceProfile created, executor resources: Map(cores -> name: cores, amount: 1, script: , vendor: , memory -> name: memory, amount: 1024, script: , vendor: , offHeap -> name: offHeap, amount: 0, script: , vendor: ), task resources: Map(cpus -> name: cpus, amount: 1.0)
[2025-07-18T15:58:05.771+0000] {subprocess.py:93} INFO - 25/07/18 15:58:05 INFO ResourceProfile: Limiting resource is cpu
[2025-07-18T15:58:05.771+0000] {subprocess.py:93} INFO - 25/07/18 15:58:05 INFO ResourceProfileManager: Added ResourceProfile id: 0
[2025-07-18T15:58:05.793+0000] {subprocess.py:93} INFO - 25/07/18 15:58:05 INFO SecurityManager: Changing view acls to: root,spark
[2025-07-18T15:58:05.794+0000] {subprocess.py:93} INFO - 25/07/18 15:58:05 INFO SecurityManager: Changing modify acls to: root,spark
[2025-07-18T15:58:05.794+0000] {subprocess.py:93} INFO - 25/07/18 15:58:05 INFO SecurityManager: Changing view acls groups to:
[2025-07-18T15:58:05.794+0000] {subprocess.py:93} INFO - 25/07/18 15:58:05 INFO SecurityManager: Changing modify acls groups to:
[2025-07-18T15:58:05.794+0000] {subprocess.py:93} INFO - 25/07/18 15:58:05 INFO SecurityManager: SecurityManager: authentication disabled; ui acls disabled; users with view permissions: root, spark; groups with view permissions: EMPTY; users with modify permissions: root, spark; groups with modify permissions: EMPTY
[2025-07-18T15:58:05.822+0000] {subprocess.py:93} INFO - 25/07/18 15:58:05 WARN NativeCodeLoader: Unable to load native-hadoop library for your platform... using builtin-java classes where applicable
[2025-07-18T15:58:05.939+0000] {subprocess.py:93} INFO - 25/07/18 15:58:05 INFO Utils: Successfully started service 'sparkDriver' on port 41901.
[2025-07-18T15:58:05.953+0000] {subprocess.py:93} INFO - 25/07/18 15:58:05 INFO SparkEnv: Registering MapOutputTracker
[2025-07-18T15:58:05.971+0000] {subprocess.py:93} INFO - 25/07/18 15:58:05 INFO SparkEnv: Registering BlockManagerMaster
[2025-07-18T15:58:05.981+0000] {subprocess.py:93} INFO - 25/07/18 15:58:05 INFO BlockManagerMasterEndpoint: Using org.apache.spark.storage.DefaultTopologyMapper for getting topology information
[2025-07-18T15:58:05.981+0000] {subprocess.py:93} INFO - 25/07/18 15:58:05 INFO BlockManagerMasterEndpoint: BlockManagerMasterEndpoint up
[2025-07-18T15:58:05.983+0000] {subprocess.py:93} INFO - 25/07/18 15:58:05 INFO SparkEnv: Registering BlockManagerMasterHeartbeat
[2025-07-18T15:58:06.000+0000] {subprocess.py:93} INFO - 25/07/18 15:58:05 INFO DiskBlockManager: Created local directory at /tmp/blockmgr-5eb3d024-dd96-41ac-835d-30d0330dfb8b
[2025-07-18T15:58:06.008+0000] {subprocess.py:93} INFO - 25/07/18 15:58:06 INFO MemoryStore: MemoryStore started with capacity 434.4 MiB
[2025-07-18T15:58:06.016+0000] {subprocess.py:93} INFO - 25/07/18 15:58:06 INFO SparkEnv: Registering OutputCommitCoordinator
[2025-07-18T15:58:06.092+0000] {subprocess.py:93} INFO - 25/07/18 15:58:06 INFO JettyUtils: Start Jetty 0.0.0.0:4040 for SparkUI
[2025-07-18T15:58:06.141+0000] {subprocess.py:93} INFO - 25/07/18 15:58:06 WARN Utils: Service 'SparkUI' could not bind on port 4040. Attempting port 4041.
[2025-07-18T15:58:06.151+0000] {subprocess.py:93} INFO - 25/07/18 15:58:06 INFO Utils: Successfully started service 'SparkUI' on port 4041.
[2025-07-18T15:58:06.238+0000] {subprocess.py:93} INFO - 25/07/18 15:58:06 INFO Executor: Starting executor ID driver on host 77cb57a6bd53
[2025-07-18T15:58:06.241+0000] {subprocess.py:93} INFO - 25/07/18 15:58:06 INFO Executor: OS info Linux, 6.10.14-linuxkit, aarch64
[2025-07-18T15:58:06.242+0000] {subprocess.py:93} INFO - 25/07/18 15:58:06 INFO Executor: Java version 17.0.15
[2025-07-18T15:58:06.248+0000] {subprocess.py:93} INFO - 25/07/18 15:58:06 INFO Executor: Starting executor with user classpath (userClassPathFirst = false): ''
[2025-07-18T15:58:06.249+0000] {subprocess.py:93} INFO - 25/07/18 15:58:06 INFO Executor: Created or updated repl class loader org.apache.spark.util.MutableURLClassLoader@71ac3a69 for default.
[2025-07-18T15:58:06.265+0000] {subprocess.py:93} INFO - 25/07/18 15:58:06 INFO Utils: Successfully started service 'org.apache.spark.network.netty.NettyBlockTransferService' on port 33591.
[2025-07-18T15:58:06.266+0000] {subprocess.py:93} INFO - 25/07/18 15:58:06 INFO NettyBlockTransferService: Server created on 77cb57a6bd53:33591
[2025-07-18T15:58:06.266+0000] {subprocess.py:93} INFO - 25/07/18 15:58:06 INFO BlockManager: Using org.apache.spark.storage.RandomBlockReplicationPolicy for block replication policy
[2025-07-18T15:58:06.279+0000] {subprocess.py:93} INFO - 25/07/18 15:58:06 INFO BlockManagerMaster: Registering BlockManager BlockManagerId(driver, 77cb57a6bd53, 33591, None)
[2025-07-18T15:58:06.283+0000] {subprocess.py:93} INFO - 25/07/18 15:58:06 INFO BlockManagerMasterEndpoint: Registering block manager 77cb57a6bd53:33591 with 434.4 MiB RAM, BlockManagerId(driver, 77cb57a6bd53, 33591, None)
[2025-07-18T15:58:06.285+0000] {subprocess.py:93} INFO - 25/07/18 15:58:06 INFO BlockManagerMaster: Registered BlockManager BlockManagerId(driver, 77cb57a6bd53, 33591, None)
[2025-07-18T15:58:06.286+0000] {subprocess.py:93} INFO - 25/07/18 15:58:06 INFO BlockManager: Initialized BlockManager: BlockManagerId(driver, 77cb57a6bd53, 33591, None)
[2025-07-18T15:58:06.619+0000] {subprocess.py:93} INFO - 25/07/18 15:58:06 INFO SharedState: Setting hive.metastore.warehouse.dir ('null') to the value of spark.sql.warehouse.dir.
[2025-07-18T15:58:06.624+0000] {subprocess.py:93} INFO - 25/07/18 15:58:06 INFO SharedState: Warehouse path is 'file:/app/spark-warehouse'.
[2025-07-18T15:58:07.642+0000] {subprocess.py:93} INFO - 25/07/18 15:58:07 WARN MetricsConfig: Cannot locate configuration: tried hadoop-metrics2-s3a-file-system.properties,hadoop-metrics2.properties
[2025-07-18T15:58:07.651+0000] {subprocess.py:93} INFO - 25/07/18 15:58:07 INFO MetricsSystemImpl: Scheduled Metric snapshot period at 10 second(s).
[2025-07-18T15:58:07.652+0000] {subprocess.py:93} INFO - 25/07/18 15:58:07 INFO MetricsSystemImpl: s3a-file-system metrics system started
[2025-07-18T15:58:08.515+0000] {subprocess.py:93} INFO - 25/07/18 15:58:08 INFO BaseMetastoreCatalog: Table loaded by catalog: my_catalog.bronze.Reservations_raw
[2025-07-18T15:58:08.528+0000] {subprocess.py:93} INFO - 25/07/18 15:58:08 INFO StateStoreCoordinatorRef: Registered StateStoreCoordinator endpoint
[2025-07-18T15:58:08.554+0000] {subprocess.py:93} INFO - 25/07/18 15:58:08 INFO ResolveWriteToStream: Checkpoint root /tmp/checkpoints/reservations resolved to file:/tmp/checkpoints/reservations.
[2025-07-18T15:58:08.555+0000] {subprocess.py:93} INFO - 25/07/18 15:58:08 WARN ResolveWriteToStream: spark.sql.adaptive.enabled is not supported in streaming DataFrames/Datasets and will be disabled.
[2025-07-18T15:58:08.619+0000] {subprocess.py:93} INFO - 25/07/18 15:58:08 INFO MicroBatchExecution: Starting [id = 0314df7c-5598-4928-8d91-374ee67989d1, runId = b5d7a77c-f387-4cad-9ef0-f66a22438e19]. Use file:/tmp/checkpoints/reservations to store the query checkpoint.
[2025-07-18T15:58:08.625+0000] {subprocess.py:93} INFO - 25/07/18 15:58:08 INFO MicroBatchExecution: Reading table [org.apache.spark.sql.kafka010.KafkaSourceProvider$KafkaTable@5ab0912c] from DataSourceV2 named 'kafka' [org.apache.spark.sql.kafka010.KafkaSourceProvider@5766c338]
[2025-07-18T15:58:08.658+0000] {subprocess.py:93} INFO - 25/07/18 15:58:08 INFO OffsetSeqLog: BatchIds found from listing: 0, 1, 2, 3, 4, 5, 6, 7, 8, 9, 10, 11, 12, 13, 14, 15, 16, 17, 18, 19, 20, 21, 22, 23, 24, 25, 26, 27, 28, 29, 30, 31, 32, 33, 34, 35, 36, 37, 38, 39
[2025-07-18T15:58:08.665+0000] {subprocess.py:93} INFO - 25/07/18 15:58:08 INFO OffsetSeqLog: Getting latest batch 39
[2025-07-18T15:58:08.684+0000] {subprocess.py:93} INFO - 25/07/18 15:58:08 INFO OffsetSeqLog: BatchIds found from listing: 0, 1, 2, 3, 4, 5, 6, 7, 8, 9, 10, 11, 12, 13, 14, 15, 16, 17, 18, 19, 20, 21, 22, 23, 24, 25, 26, 27, 28, 29, 30, 31, 32, 33, 34, 35, 36, 37, 38, 39
[2025-07-18T15:58:08.684+0000] {subprocess.py:93} INFO - 25/07/18 15:58:08 INFO OffsetSeqLog: Getting latest batch 39
[2025-07-18T15:58:08.692+0000] {subprocess.py:93} INFO - 25/07/18 15:58:08 INFO BaseMetastoreCatalog: Table loaded by catalog: my_catalog.bronze.Checkins_raw
[2025-07-18T15:58:08.693+0000] {subprocess.py:93} INFO - 25/07/18 15:58:08 INFO CommitLog: BatchIds found from listing: 0, 1, 2, 3, 4, 5, 6, 7, 8, 9, 10, 11, 12, 13, 14, 15, 16, 17, 18, 19, 20, 21, 22, 23, 24, 25, 26, 27, 28, 29, 30, 31, 32, 33, 34, 35, 36, 37, 38, 39
[2025-07-18T15:58:08.693+0000] {subprocess.py:93} INFO - 25/07/18 15:58:08 INFO CommitLog: Getting latest batch 39
[2025-07-18T15:58:08.695+0000] {subprocess.py:93} INFO - 25/07/18 15:58:08 INFO ResolveWriteToStream: Checkpoint root /tmp/checkpoints/checkins resolved to file:/tmp/checkpoints/checkins.
[2025-07-18T15:58:08.695+0000] {subprocess.py:93} INFO - 25/07/18 15:58:08 WARN ResolveWriteToStream: spark.sql.adaptive.enabled is not supported in streaming DataFrames/Datasets and will be disabled.
[2025-07-18T15:58:08.695+0000] {subprocess.py:93} INFO - 25/07/18 15:58:08 INFO MicroBatchExecution: Resuming at batch 40 with committed offsets {KafkaV2[Subscribe[reservations]]: {"reservations":{"0":93}}} and available offsets {KafkaV2[Subscribe[reservations]]: {"reservations":{"0":93}}}
[2025-07-18T15:58:08.696+0000] {subprocess.py:93} INFO - 25/07/18 15:58:08 INFO MicroBatchExecution: Stream started from {KafkaV2[Subscribe[reservations]]: {"reservations":{"0":93}}}
[2025-07-18T15:58:08.700+0000] {subprocess.py:93} INFO - 25/07/18 15:58:08 INFO MicroBatchExecution: Starting [id = a9a9b3af-d3c2-4704-81e0-4163831ae683, runId = d5ebb306-86f6-49d0-9391-bb18b87d5baf]. Use file:/tmp/checkpoints/checkins to store the query checkpoint.
[2025-07-18T15:58:08.703+0000] {subprocess.py:93} INFO - 25/07/18 15:58:08 INFO MicroBatchExecution: Reading table [org.apache.spark.sql.kafka010.KafkaSourceProvider$KafkaTable@3a456130] from DataSourceV2 named 'kafka' [org.apache.spark.sql.kafka010.KafkaSourceProvider@348289d0]
[2025-07-18T15:58:08.706+0000] {subprocess.py:93} INFO - 25/07/18 15:58:08 INFO OffsetSeqLog: BatchIds found from listing: 0, 1, 2, 3, 4, 5, 6, 7, 8, 9, 10, 11, 12, 13, 14, 15, 16, 17, 18, 19, 20, 21, 22, 23, 24, 25, 26, 27, 28, 29, 30, 31, 32, 33, 34, 35, 36, 37, 38, 39, 40, 41, 42, 43, 44, 45
[2025-07-18T15:58:08.707+0000] {subprocess.py:93} INFO - 25/07/18 15:58:08 INFO OffsetSeqLog: Getting latest batch 45
[2025-07-18T15:58:08.711+0000] {subprocess.py:93} INFO - 25/07/18 15:58:08 INFO OffsetSeqLog: BatchIds found from listing: 0, 1, 2, 3, 4, 5, 6, 7, 8, 9, 10, 11, 12, 13, 14, 15, 16, 17, 18, 19, 20, 21, 22, 23, 24, 25, 26, 27, 28, 29, 30, 31, 32, 33, 34, 35, 36, 37, 38, 39, 40, 41, 42, 43, 44, 45
[2025-07-18T15:58:08.711+0000] {subprocess.py:93} INFO - 25/07/18 15:58:08 INFO OffsetSeqLog: Getting latest batch 45
[2025-07-18T15:58:08.715+0000] {subprocess.py:93} INFO - 25/07/18 15:58:08 INFO CommitLog: BatchIds found from listing: 0, 1, 2, 3, 4, 5, 6, 7, 8, 9, 10, 11, 12, 13, 14, 15, 16, 17, 18, 19, 20, 21, 22, 23, 24, 25, 26, 27, 28, 29, 30, 31, 32, 33, 34, 35, 36, 37, 38, 39, 40, 41, 42, 43, 44, 45
[2025-07-18T15:58:08.716+0000] {subprocess.py:93} INFO - 25/07/18 15:58:08 INFO CommitLog: Getting latest batch 45
[2025-07-18T15:58:08.717+0000] {subprocess.py:93} INFO - 25/07/18 15:58:08 INFO MicroBatchExecution: Resuming at batch 46 with committed offsets {KafkaV2[Subscribe[checkins]]: {"checkins":{"0":93}}} and available offsets {KafkaV2[Subscribe[checkins]]: {"checkins":{"0":93}}}
[2025-07-18T15:58:08.717+0000] {subprocess.py:93} INFO - 25/07/18 15:58:08 INFO MicroBatchExecution: Stream started from {KafkaV2[Subscribe[checkins]]: {"checkins":{"0":93}}}
[2025-07-18T15:58:08.724+0000] {subprocess.py:93} INFO - 25/07/18 15:58:08 INFO AdminClientConfig: AdminClientConfig values:
[2025-07-18T15:58:08.725+0000] {subprocess.py:93} INFO - 	auto.include.jmx.reporter = true
[2025-07-18T15:58:08.725+0000] {subprocess.py:93} INFO - 	bootstrap.servers = [kafka:9092]
[2025-07-18T15:58:08.725+0000] {subprocess.py:93} INFO - 	client.dns.lookup = use_all_dns_ips
[2025-07-18T15:58:08.725+0000] {subprocess.py:93} INFO - 	client.id =
[2025-07-18T15:58:08.725+0000] {subprocess.py:93} INFO - 	connections.max.idle.ms = 300000
[2025-07-18T15:58:08.726+0000] {subprocess.py:93} INFO - 	default.api.timeout.ms = 60000
[2025-07-18T15:58:08.726+0000] {subprocess.py:93} INFO - 	metadata.max.age.ms = 300000
[2025-07-18T15:58:08.726+0000] {subprocess.py:93} INFO - 	metric.reporters = []
[2025-07-18T15:58:08.726+0000] {subprocess.py:93} INFO - 	metrics.num.samples = 2
[2025-07-18T15:58:08.727+0000] {subprocess.py:93} INFO - 	metrics.recording.level = INFO
[2025-07-18T15:58:08.727+0000] {subprocess.py:93} INFO - 	metrics.sample.window.ms = 30000
[2025-07-18T15:58:08.727+0000] {subprocess.py:93} INFO - 	receive.buffer.bytes = 65536
[2025-07-18T15:58:08.727+0000] {subprocess.py:93} INFO - 	reconnect.backoff.max.ms = 1000
[2025-07-18T15:58:08.727+0000] {subprocess.py:93} INFO - 	reconnect.backoff.ms = 50
[2025-07-18T15:58:08.727+0000] {subprocess.py:93} INFO - 	request.timeout.ms = 30000
[2025-07-18T15:58:08.728+0000] {subprocess.py:93} INFO - 	retries = 2147483647
[2025-07-18T15:58:08.728+0000] {subprocess.py:93} INFO - 	retry.backoff.ms = 100
[2025-07-18T15:58:08.728+0000] {subprocess.py:93} INFO - 	sasl.client.callback.handler.class = null
[2025-07-18T15:58:08.728+0000] {subprocess.py:93} INFO - 	sasl.jaas.config = null
[2025-07-18T15:58:08.729+0000] {subprocess.py:93} INFO - 	sasl.kerberos.kinit.cmd = /usr/bin/kinit
[2025-07-18T15:58:08.729+0000] {subprocess.py:93} INFO - 	sasl.kerberos.min.time.before.relogin = 60000
[2025-07-18T15:58:08.729+0000] {subprocess.py:93} INFO - 	sasl.kerberos.service.name = null
[2025-07-18T15:58:08.729+0000] {subprocess.py:93} INFO - 	sasl.kerberos.ticket.renew.jitter = 0.05
[2025-07-18T15:58:08.730+0000] {subprocess.py:93} INFO - 	sasl.kerberos.ticket.renew.window.factor = 0.8
[2025-07-18T15:58:08.730+0000] {subprocess.py:93} INFO - 	sasl.login.callback.handler.class = null
[2025-07-18T15:58:08.730+0000] {subprocess.py:93} INFO - 	sasl.login.class = null
[2025-07-18T15:58:08.730+0000] {subprocess.py:93} INFO - 	sasl.login.connect.timeout.ms = null
[2025-07-18T15:58:08.731+0000] {subprocess.py:93} INFO - 	sasl.login.read.timeout.ms = null
[2025-07-18T15:58:08.731+0000] {subprocess.py:93} INFO - 	sasl.login.refresh.buffer.seconds = 300
[2025-07-18T15:58:08.731+0000] {subprocess.py:93} INFO - 	sasl.login.refresh.min.period.seconds = 60
[2025-07-18T15:58:08.731+0000] {subprocess.py:93} INFO - 	sasl.login.refresh.window.factor = 0.8
[2025-07-18T15:58:08.732+0000] {subprocess.py:93} INFO - 	sasl.login.refresh.window.jitter = 0.05
[2025-07-18T15:58:08.732+0000] {subprocess.py:93} INFO - 	sasl.login.retry.backoff.max.ms = 10000
[2025-07-18T15:58:08.732+0000] {subprocess.py:93} INFO - 	sasl.login.retry.backoff.ms = 100
[2025-07-18T15:58:08.732+0000] {subprocess.py:93} INFO - 	sasl.mechanism = GSSAPI
[2025-07-18T15:58:08.733+0000] {subprocess.py:93} INFO - 	sasl.oauthbearer.clock.skew.seconds = 30
[2025-07-18T15:58:08.733+0000] {subprocess.py:93} INFO - 	sasl.oauthbearer.expected.audience = null
[2025-07-18T15:58:08.733+0000] {subprocess.py:93} INFO - 	sasl.oauthbearer.expected.issuer = null
[2025-07-18T15:58:08.733+0000] {subprocess.py:93} INFO - 	sasl.oauthbearer.jwks.endpoint.refresh.ms = 3600000
[2025-07-18T15:58:08.733+0000] {subprocess.py:93} INFO - 	sasl.oauthbearer.jwks.endpoint.retry.backoff.max.ms = 10000
[2025-07-18T15:58:08.734+0000] {subprocess.py:93} INFO - 	sasl.oauthbearer.jwks.endpoint.retry.backoff.ms = 100
[2025-07-18T15:58:08.734+0000] {subprocess.py:93} INFO - 	sasl.oauthbearer.jwks.endpoint.url = null
[2025-07-18T15:58:08.734+0000] {subprocess.py:93} INFO - 	sasl.oauthbearer.scope.claim.name = scope
[2025-07-18T15:58:08.734+0000] {subprocess.py:93} INFO - 	sasl.oauthbearer.sub.claim.name = sub
[2025-07-18T15:58:08.734+0000] {subprocess.py:93} INFO - 	sasl.oauthbearer.token.endpoint.url = null
[2025-07-18T15:58:08.735+0000] {subprocess.py:93} INFO - 	security.protocol = PLAINTEXT
[2025-07-18T15:58:08.735+0000] {subprocess.py:93} INFO - 	security.providers = null
[2025-07-18T15:58:08.735+0000] {subprocess.py:93} INFO - 	send.buffer.bytes = 131072
[2025-07-18T15:58:08.735+0000] {subprocess.py:93} INFO - 	socket.connection.setup.timeout.max.ms = 30000
[2025-07-18T15:58:08.736+0000] {subprocess.py:93} INFO - 	socket.connection.setup.timeout.ms = 10000
[2025-07-18T15:58:08.736+0000] {subprocess.py:93} INFO - 	ssl.cipher.suites = null
[2025-07-18T15:58:08.736+0000] {subprocess.py:93} INFO - 	ssl.enabled.protocols = [TLSv1.2, TLSv1.3]
[2025-07-18T15:58:08.736+0000] {subprocess.py:93} INFO - 	ssl.endpoint.identification.algorithm = https
[2025-07-18T15:58:08.737+0000] {subprocess.py:93} INFO - 	ssl.engine.factory.class = null
[2025-07-18T15:58:08.737+0000] {subprocess.py:93} INFO - 	ssl.key.password = null
[2025-07-18T15:58:08.737+0000] {subprocess.py:93} INFO - 	ssl.keymanager.algorithm = SunX509
[2025-07-18T15:58:08.737+0000] {subprocess.py:93} INFO - 	ssl.keystore.certificate.chain = null
[2025-07-18T15:58:08.737+0000] {subprocess.py:93} INFO - 	ssl.keystore.key = null
[2025-07-18T15:58:08.737+0000] {subprocess.py:93} INFO - 	ssl.keystore.location = null
[2025-07-18T15:58:08.738+0000] {subprocess.py:93} INFO - 	ssl.keystore.password = null
[2025-07-18T15:58:08.738+0000] {subprocess.py:93} INFO - 	ssl.keystore.type = JKS
[2025-07-18T15:58:08.738+0000] {subprocess.py:93} INFO - 	ssl.protocol = TLSv1.3
[2025-07-18T15:58:08.738+0000] {subprocess.py:93} INFO - 	ssl.provider = null
[2025-07-18T15:58:08.739+0000] {subprocess.py:93} INFO - 	ssl.secure.random.implementation = null
[2025-07-18T15:58:08.739+0000] {subprocess.py:93} INFO - 	ssl.trustmanager.algorithm = PKIX
[2025-07-18T15:58:08.739+0000] {subprocess.py:93} INFO - 	ssl.truststore.certificates = null
[2025-07-18T15:58:08.739+0000] {subprocess.py:93} INFO - 	ssl.truststore.location = null
[2025-07-18T15:58:08.739+0000] {subprocess.py:93} INFO - 	ssl.truststore.password = null
[2025-07-18T15:58:08.739+0000] {subprocess.py:93} INFO - 	ssl.truststore.type = JKS
[2025-07-18T15:58:08.740+0000] {subprocess.py:93} INFO - 
[2025-07-18T15:58:08.740+0000] {subprocess.py:93} INFO - 25/07/18 15:58:08 INFO AdminClientConfig: AdminClientConfig values:
[2025-07-18T15:58:08.740+0000] {subprocess.py:93} INFO - 	auto.include.jmx.reporter = true
[2025-07-18T15:58:08.740+0000] {subprocess.py:93} INFO - 	bootstrap.servers = [kafka:9092]
[2025-07-18T15:58:08.740+0000] {subprocess.py:93} INFO - 	client.dns.lookup = use_all_dns_ips
[2025-07-18T15:58:08.740+0000] {subprocess.py:93} INFO - 	client.id =
[2025-07-18T15:58:08.741+0000] {subprocess.py:93} INFO - 	connections.max.idle.ms = 300000
[2025-07-18T15:58:08.741+0000] {subprocess.py:93} INFO - 	default.api.timeout.ms = 60000
[2025-07-18T15:58:08.741+0000] {subprocess.py:93} INFO - 	metadata.max.age.ms = 300000
[2025-07-18T15:58:08.741+0000] {subprocess.py:93} INFO - 	metric.reporters = []
[2025-07-18T15:58:08.741+0000] {subprocess.py:93} INFO - 	metrics.num.samples = 2
[2025-07-18T15:58:08.742+0000] {subprocess.py:93} INFO - 	metrics.recording.level = INFO
[2025-07-18T15:58:08.742+0000] {subprocess.py:93} INFO - 	metrics.sample.window.ms = 30000
[2025-07-18T15:58:08.742+0000] {subprocess.py:93} INFO - 	receive.buffer.bytes = 65536
[2025-07-18T15:58:08.742+0000] {subprocess.py:93} INFO - 	reconnect.backoff.max.ms = 1000
[2025-07-18T15:58:08.742+0000] {subprocess.py:93} INFO - 	reconnect.backoff.ms = 50
[2025-07-18T15:58:08.743+0000] {subprocess.py:93} INFO - 	request.timeout.ms = 30000
[2025-07-18T15:58:08.743+0000] {subprocess.py:93} INFO - 	retries = 2147483647
[2025-07-18T15:58:08.743+0000] {subprocess.py:93} INFO - 	retry.backoff.ms = 100
[2025-07-18T15:58:08.744+0000] {subprocess.py:93} INFO - 	sasl.client.callback.handler.class = null
[2025-07-18T15:58:08.744+0000] {subprocess.py:93} INFO - 	sasl.jaas.config = null
[2025-07-18T15:58:08.745+0000] {subprocess.py:93} INFO - 	sasl.kerberos.kinit.cmd = /usr/bin/kinit
[2025-07-18T15:58:08.746+0000] {subprocess.py:93} INFO - 	sasl.kerberos.min.time.before.relogin = 60000
[2025-07-18T15:58:08.746+0000] {subprocess.py:93} INFO - 	sasl.kerberos.service.name = null
[2025-07-18T15:58:08.746+0000] {subprocess.py:93} INFO - 	sasl.kerberos.ticket.renew.jitter = 0.05
[2025-07-18T15:58:08.746+0000] {subprocess.py:93} INFO - 	sasl.kerberos.ticket.renew.window.factor = 0.8
[2025-07-18T15:58:08.747+0000] {subprocess.py:93} INFO - 	sasl.login.callback.handler.class = null
[2025-07-18T15:58:08.747+0000] {subprocess.py:93} INFO - 	sasl.login.class = null
[2025-07-18T15:58:08.747+0000] {subprocess.py:93} INFO - 	sasl.login.connect.timeout.ms = null
[2025-07-18T15:58:08.747+0000] {subprocess.py:93} INFO - 	sasl.login.read.timeout.ms = null
[2025-07-18T15:58:08.748+0000] {subprocess.py:93} INFO - 	sasl.login.refresh.buffer.seconds = 300
[2025-07-18T15:58:08.748+0000] {subprocess.py:93} INFO - 	sasl.login.refresh.min.period.seconds = 60
[2025-07-18T15:58:08.748+0000] {subprocess.py:93} INFO - 	sasl.login.refresh.window.factor = 0.8
[2025-07-18T15:58:08.749+0000] {subprocess.py:93} INFO - 	sasl.login.refresh.window.jitter = 0.05
[2025-07-18T15:58:08.749+0000] {subprocess.py:93} INFO - 	sasl.login.retry.backoff.max.ms = 10000
[2025-07-18T15:58:08.749+0000] {subprocess.py:93} INFO - 	sasl.login.retry.backoff.ms = 100
[2025-07-18T15:58:08.749+0000] {subprocess.py:93} INFO - 	sasl.mechanism = GSSAPI
[2025-07-18T15:58:08.749+0000] {subprocess.py:93} INFO - 	sasl.oauthbearer.clock.skew.seconds = 30
[2025-07-18T15:58:08.749+0000] {subprocess.py:93} INFO - 	sasl.oauthbearer.expected.audience = null
[2025-07-18T15:58:08.750+0000] {subprocess.py:93} INFO - 	sasl.oauthbearer.expected.issuer = null
[2025-07-18T15:58:08.750+0000] {subprocess.py:93} INFO - 	sasl.oauthbearer.jwks.endpoint.refresh.ms = 3600000
[2025-07-18T15:58:08.750+0000] {subprocess.py:93} INFO - 	sasl.oauthbearer.jwks.endpoint.retry.backoff.max.ms = 10000
[2025-07-18T15:58:08.750+0000] {subprocess.py:93} INFO - 	sasl.oauthbearer.jwks.endpoint.retry.backoff.ms = 100
[2025-07-18T15:58:08.750+0000] {subprocess.py:93} INFO - 	sasl.oauthbearer.jwks.endpoint.url = null
[2025-07-18T15:58:08.751+0000] {subprocess.py:93} INFO - 	sasl.oauthbearer.scope.claim.name = scope
[2025-07-18T15:58:08.751+0000] {subprocess.py:93} INFO - 	sasl.oauthbearer.sub.claim.name = sub
[2025-07-18T15:58:08.751+0000] {subprocess.py:93} INFO - 	sasl.oauthbearer.token.endpoint.url = null
[2025-07-18T15:58:08.751+0000] {subprocess.py:93} INFO - 	security.protocol = PLAINTEXT
[2025-07-18T15:58:08.751+0000] {subprocess.py:93} INFO - 	security.providers = null
[2025-07-18T15:58:08.751+0000] {subprocess.py:93} INFO - 	send.buffer.bytes = 131072
[2025-07-18T15:58:08.752+0000] {subprocess.py:93} INFO - 	socket.connection.setup.timeout.max.ms = 30000
[2025-07-18T15:58:08.752+0000] {subprocess.py:93} INFO - 	socket.connection.setup.timeout.ms = 10000
[2025-07-18T15:58:08.752+0000] {subprocess.py:93} INFO - 	ssl.cipher.suites = null
[2025-07-18T15:58:08.752+0000] {subprocess.py:93} INFO - 	ssl.enabled.protocols = [TLSv1.2, TLSv1.3]
[2025-07-18T15:58:08.752+0000] {subprocess.py:93} INFO - 	ssl.endpoint.identification.algorithm = https
[2025-07-18T15:58:08.752+0000] {subprocess.py:93} INFO - 	ssl.engine.factory.class = null
[2025-07-18T15:58:08.752+0000] {subprocess.py:93} INFO - 	ssl.key.password = null
[2025-07-18T15:58:08.753+0000] {subprocess.py:93} INFO - 	ssl.keymanager.algorithm = SunX509
[2025-07-18T15:58:08.753+0000] {subprocess.py:93} INFO - 	ssl.keystore.certificate.chain = null
[2025-07-18T15:58:08.753+0000] {subprocess.py:93} INFO - 	ssl.keystore.key = null
[2025-07-18T15:58:08.753+0000] {subprocess.py:93} INFO - 	ssl.keystore.location = null
[2025-07-18T15:58:08.753+0000] {subprocess.py:93} INFO - 	ssl.keystore.password = null
[2025-07-18T15:58:08.754+0000] {subprocess.py:93} INFO - 	ssl.keystore.type = JKS
[2025-07-18T15:58:08.754+0000] {subprocess.py:93} INFO - 	ssl.protocol = TLSv1.3
[2025-07-18T15:58:08.754+0000] {subprocess.py:93} INFO - 	ssl.provider = null
[2025-07-18T15:58:08.754+0000] {subprocess.py:93} INFO - 	ssl.secure.random.implementation = null
[2025-07-18T15:58:08.755+0000] {subprocess.py:93} INFO - 	ssl.trustmanager.algorithm = PKIX
[2025-07-18T15:58:08.755+0000] {subprocess.py:93} INFO - 	ssl.truststore.certificates = null
[2025-07-18T15:58:08.755+0000] {subprocess.py:93} INFO - 	ssl.truststore.location = null
[2025-07-18T15:58:08.755+0000] {subprocess.py:93} INFO - 	ssl.truststore.password = null
[2025-07-18T15:58:08.756+0000] {subprocess.py:93} INFO - 	ssl.truststore.type = JKS
[2025-07-18T15:58:08.756+0000] {subprocess.py:93} INFO - 
[2025-07-18T15:58:08.770+0000] {subprocess.py:93} INFO - 25/07/18 15:58:08 INFO AdminClientConfig: These configurations '[key.deserializer, value.deserializer, enable.auto.commit, max.poll.records, auto.offset.reset]' were supplied but are not used yet.
[2025-07-18T15:58:08.770+0000] {subprocess.py:93} INFO - 25/07/18 15:58:08 INFO AdminClientConfig: These configurations '[key.deserializer, value.deserializer, enable.auto.commit, max.poll.records, auto.offset.reset]' were supplied but are not used yet.
[2025-07-18T15:58:08.773+0000] {subprocess.py:93} INFO - 25/07/18 15:58:08 INFO AppInfoParser: Kafka version: 3.5.1
[2025-07-18T15:58:08.773+0000] {subprocess.py:93} INFO - 25/07/18 15:58:08 INFO AppInfoParser: Kafka commitId: 2c6fb6c54472e90a
[2025-07-18T15:58:08.774+0000] {subprocess.py:93} INFO - 25/07/18 15:58:08 INFO AppInfoParser: Kafka startTimeMs: 1752854288769
[2025-07-18T15:58:08.774+0000] {subprocess.py:93} INFO - 25/07/18 15:58:08 INFO BaseMetastoreCatalog: Table loaded by catalog: my_catalog.bronze.Feedback_raw
[2025-07-18T15:58:08.775+0000] {subprocess.py:93} INFO - 25/07/18 15:58:08 INFO AppInfoParser: Kafka version: 3.5.1
[2025-07-18T15:58:08.776+0000] {subprocess.py:93} INFO - 25/07/18 15:58:08 INFO AppInfoParser: Kafka commitId: 2c6fb6c54472e90a
[2025-07-18T15:58:08.776+0000] {subprocess.py:93} INFO - 25/07/18 15:58:08 INFO AppInfoParser: Kafka startTimeMs: 1752854288769
[2025-07-18T15:58:08.776+0000] {subprocess.py:93} INFO - 25/07/18 15:58:08 INFO ResolveWriteToStream: Checkpoint root /tmp/checkpoints/feedback resolved to file:/tmp/checkpoints/feedback.
[2025-07-18T15:58:08.776+0000] {subprocess.py:93} INFO - 25/07/18 15:58:08 WARN ResolveWriteToStream: spark.sql.adaptive.enabled is not supported in streaming DataFrames/Datasets and will be disabled.
[2025-07-18T15:58:08.780+0000] {subprocess.py:93} INFO - 25/07/18 15:58:08 INFO MicroBatchExecution: Starting [id = d3aff090-24bc-4a1c-938f-fc839231598c, runId = f692014d-56cf-4018-a157-9c0d404bb17d]. Use file:/tmp/checkpoints/feedback to store the query checkpoint.
[2025-07-18T15:58:08.781+0000] {subprocess.py:93} INFO - 25/07/18 15:58:08 INFO MicroBatchExecution: Reading table [org.apache.spark.sql.kafka010.KafkaSourceProvider$KafkaTable@5ce55c54] from DataSourceV2 named 'kafka' [org.apache.spark.sql.kafka010.KafkaSourceProvider@5222a860]
[2025-07-18T15:58:08.785+0000] {subprocess.py:93} INFO - 25/07/18 15:58:08 INFO OffsetSeqLog: BatchIds found from listing: 0, 1, 2, 3, 4, 5, 6, 7, 8, 9, 10, 11, 12, 13, 14, 15, 16, 17, 18, 19, 20, 21, 22, 23, 24, 25, 26, 27, 28, 29, 30, 31, 32, 33, 34, 35, 36, 37, 38, 39, 40, 41, 42, 43, 44, 45
[2025-07-18T15:58:08.786+0000] {subprocess.py:93} INFO - 25/07/18 15:58:08 INFO OffsetSeqLog: Getting latest batch 45
[2025-07-18T15:58:08.788+0000] {subprocess.py:93} INFO - 25/07/18 15:58:08 INFO OffsetSeqLog: BatchIds found from listing: 0, 1, 2, 3, 4, 5, 6, 7, 8, 9, 10, 11, 12, 13, 14, 15, 16, 17, 18, 19, 20, 21, 22, 23, 24, 25, 26, 27, 28, 29, 30, 31, 32, 33, 34, 35, 36, 37, 38, 39, 40, 41, 42, 43, 44, 45
[2025-07-18T15:58:08.788+0000] {subprocess.py:93} INFO - 25/07/18 15:58:08 INFO OffsetSeqLog: Getting latest batch 45
[2025-07-18T15:58:08.792+0000] {subprocess.py:93} INFO - 25/07/18 15:58:08 INFO CommitLog: BatchIds found from listing: 0, 1, 2, 3, 4, 5, 6, 7, 8, 9, 10, 11, 12, 13, 14, 15, 16, 17, 18, 19, 20, 21, 22, 23, 24, 25, 26, 27, 28, 29, 30, 31, 32, 33, 34, 35, 36, 37, 38, 39, 40, 41, 42, 43, 44, 45
[2025-07-18T15:58:08.792+0000] {subprocess.py:93} INFO - 25/07/18 15:58:08 INFO CommitLog: Getting latest batch 45
[2025-07-18T15:58:08.793+0000] {subprocess.py:93} INFO - 25/07/18 15:58:08 INFO MicroBatchExecution: Resuming at batch 46 with committed offsets {KafkaV2[Subscribe[feedback]]: {"feedback":{"0":93}}} and available offsets {KafkaV2[Subscribe[feedback]]: {"feedback":{"0":93}}}
[2025-07-18T15:58:08.793+0000] {subprocess.py:93} INFO - 25/07/18 15:58:08 INFO MicroBatchExecution: Stream started from {KafkaV2[Subscribe[feedback]]: {"feedback":{"0":93}}}
[2025-07-18T15:58:08.794+0000] {subprocess.py:93} INFO - 25/07/18 15:58:08 INFO AdminClientConfig: AdminClientConfig values:
[2025-07-18T15:58:08.795+0000] {subprocess.py:93} INFO - 	auto.include.jmx.reporter = true
[2025-07-18T15:58:08.795+0000] {subprocess.py:93} INFO - 	bootstrap.servers = [kafka:9092]
[2025-07-18T15:58:08.796+0000] {subprocess.py:93} INFO - 	client.dns.lookup = use_all_dns_ips
[2025-07-18T15:58:08.796+0000] {subprocess.py:93} INFO - 	client.id =
[2025-07-18T15:58:08.797+0000] {subprocess.py:93} INFO - 	connections.max.idle.ms = 300000
[2025-07-18T15:58:08.797+0000] {subprocess.py:93} INFO - 	default.api.timeout.ms = 60000
[2025-07-18T15:58:08.797+0000] {subprocess.py:93} INFO - 	metadata.max.age.ms = 300000
[2025-07-18T15:58:08.797+0000] {subprocess.py:93} INFO - 	metric.reporters = []
[2025-07-18T15:58:08.798+0000] {subprocess.py:93} INFO - 	metrics.num.samples = 2
[2025-07-18T15:58:08.798+0000] {subprocess.py:93} INFO - 	metrics.recording.level = INFO
[2025-07-18T15:58:08.798+0000] {subprocess.py:93} INFO - 	metrics.sample.window.ms = 30000
[2025-07-18T15:58:08.798+0000] {subprocess.py:93} INFO - 	receive.buffer.bytes = 65536
[2025-07-18T15:58:08.798+0000] {subprocess.py:93} INFO - 	reconnect.backoff.max.ms = 1000
[2025-07-18T15:58:08.798+0000] {subprocess.py:93} INFO - 	reconnect.backoff.ms = 50
[2025-07-18T15:58:08.799+0000] {subprocess.py:93} INFO - 	request.timeout.ms = 30000
[2025-07-18T15:58:08.799+0000] {subprocess.py:93} INFO - 	retries = 2147483647
[2025-07-18T15:58:08.799+0000] {subprocess.py:93} INFO - 	retry.backoff.ms = 100
[2025-07-18T15:58:08.799+0000] {subprocess.py:93} INFO - 	sasl.client.callback.handler.class = null
[2025-07-18T15:58:08.799+0000] {subprocess.py:93} INFO - 	sasl.jaas.config = null
[2025-07-18T15:58:08.799+0000] {subprocess.py:93} INFO - 	sasl.kerberos.kinit.cmd = /usr/bin/kinit
[2025-07-18T15:58:08.799+0000] {subprocess.py:93} INFO - 	sasl.kerberos.min.time.before.relogin = 60000
[2025-07-18T15:58:08.799+0000] {subprocess.py:93} INFO - 	sasl.kerberos.service.name = null
[2025-07-18T15:58:08.799+0000] {subprocess.py:93} INFO - 	sasl.kerberos.ticket.renew.jitter = 0.05
[2025-07-18T15:58:08.799+0000] {subprocess.py:93} INFO - 	sasl.kerberos.ticket.renew.window.factor = 0.8
[2025-07-18T15:58:08.799+0000] {subprocess.py:93} INFO - 	sasl.login.callback.handler.class = null
[2025-07-18T15:58:08.799+0000] {subprocess.py:93} INFO - 	sasl.login.class = null
[2025-07-18T15:58:08.799+0000] {subprocess.py:93} INFO - 	sasl.login.connect.timeout.ms = null
[2025-07-18T15:58:08.799+0000] {subprocess.py:93} INFO - 	sasl.login.read.timeout.ms = null
[2025-07-18T15:58:08.799+0000] {subprocess.py:93} INFO - 	sasl.login.refresh.buffer.seconds = 300
[2025-07-18T15:58:08.800+0000] {subprocess.py:93} INFO - 	sasl.login.refresh.min.period.seconds = 60
[2025-07-18T15:58:08.800+0000] {subprocess.py:93} INFO - 	sasl.login.refresh.window.factor = 0.8
[2025-07-18T15:58:08.800+0000] {subprocess.py:93} INFO - 	sasl.login.refresh.window.jitter = 0.05
[2025-07-18T15:58:08.800+0000] {subprocess.py:93} INFO - 	sasl.login.retry.backoff.max.ms = 10000
[2025-07-18T15:58:08.800+0000] {subprocess.py:93} INFO - 	sasl.login.retry.backoff.ms = 100
[2025-07-18T15:58:08.800+0000] {subprocess.py:93} INFO - 	sasl.mechanism = GSSAPI
[2025-07-18T15:58:08.800+0000] {subprocess.py:93} INFO - 	sasl.oauthbearer.clock.skew.seconds = 30
[2025-07-18T15:58:08.800+0000] {subprocess.py:93} INFO - 	sasl.oauthbearer.expected.audience = null
[2025-07-18T15:58:08.800+0000] {subprocess.py:93} INFO - 	sasl.oauthbearer.expected.issuer = null
[2025-07-18T15:58:08.800+0000] {subprocess.py:93} INFO - 	sasl.oauthbearer.jwks.endpoint.refresh.ms = 3600000
[2025-07-18T15:58:08.800+0000] {subprocess.py:93} INFO - 	sasl.oauthbearer.jwks.endpoint.retry.backoff.max.ms = 10000
[2025-07-18T15:58:08.800+0000] {subprocess.py:93} INFO - 	sasl.oauthbearer.jwks.endpoint.retry.backoff.ms = 100
[2025-07-18T15:58:08.800+0000] {subprocess.py:93} INFO - 	sasl.oauthbearer.jwks.endpoint.url = null
[2025-07-18T15:58:08.801+0000] {subprocess.py:93} INFO - 	sasl.oauthbearer.scope.claim.name = scope
[2025-07-18T15:58:08.801+0000] {subprocess.py:93} INFO - 	sasl.oauthbearer.sub.claim.name = sub
[2025-07-18T15:58:08.801+0000] {subprocess.py:93} INFO - 	sasl.oauthbearer.token.endpoint.url = null
[2025-07-18T15:58:08.801+0000] {subprocess.py:93} INFO - 	security.protocol = PLAINTEXT
[2025-07-18T15:58:08.801+0000] {subprocess.py:93} INFO - 	security.providers = null
[2025-07-18T15:58:08.801+0000] {subprocess.py:93} INFO - 	send.buffer.bytes = 131072
[2025-07-18T15:58:08.801+0000] {subprocess.py:93} INFO - 	socket.connection.setup.timeout.max.ms = 30000
[2025-07-18T15:58:08.801+0000] {subprocess.py:93} INFO - 	socket.connection.setup.timeout.ms = 10000
[2025-07-18T15:58:08.801+0000] {subprocess.py:93} INFO - 	ssl.cipher.suites = null
[2025-07-18T15:58:08.801+0000] {subprocess.py:93} INFO - 	ssl.enabled.protocols = [TLSv1.2, TLSv1.3]
[2025-07-18T15:58:08.801+0000] {subprocess.py:93} INFO - 	ssl.endpoint.identification.algorithm = https
[2025-07-18T15:58:08.801+0000] {subprocess.py:93} INFO - 	ssl.engine.factory.class = null
[2025-07-18T15:58:08.801+0000] {subprocess.py:93} INFO - 	ssl.key.password = null
[2025-07-18T15:58:08.801+0000] {subprocess.py:93} INFO - 	ssl.keymanager.algorithm = SunX509
[2025-07-18T15:58:08.802+0000] {subprocess.py:93} INFO - 	ssl.keystore.certificate.chain = null
[2025-07-18T15:58:08.802+0000] {subprocess.py:93} INFO - 	ssl.keystore.key = null
[2025-07-18T15:58:08.802+0000] {subprocess.py:93} INFO - 	ssl.keystore.location = null
[2025-07-18T15:58:08.802+0000] {subprocess.py:93} INFO - 	ssl.keystore.password = null
[2025-07-18T15:58:08.802+0000] {subprocess.py:93} INFO - 	ssl.keystore.type = JKS
[2025-07-18T15:58:08.802+0000] {subprocess.py:93} INFO - 	ssl.protocol = TLSv1.3
[2025-07-18T15:58:08.802+0000] {subprocess.py:93} INFO - 	ssl.provider = null
[2025-07-18T15:58:08.802+0000] {subprocess.py:93} INFO - 	ssl.secure.random.implementation = null
[2025-07-18T15:58:08.802+0000] {subprocess.py:93} INFO - 	ssl.trustmanager.algorithm = PKIX
[2025-07-18T15:58:08.802+0000] {subprocess.py:93} INFO - 	ssl.truststore.certificates = null
[2025-07-18T15:58:08.802+0000] {subprocess.py:93} INFO - 	ssl.truststore.location = null
[2025-07-18T15:58:08.802+0000] {subprocess.py:93} INFO - 	ssl.truststore.password = null
[2025-07-18T15:58:08.802+0000] {subprocess.py:93} INFO - 	ssl.truststore.type = JKS
[2025-07-18T15:58:08.802+0000] {subprocess.py:93} INFO - 
[2025-07-18T15:58:08.802+0000] {subprocess.py:93} INFO - 25/07/18 15:58:08 INFO AdminClientConfig: These configurations '[key.deserializer, value.deserializer, enable.auto.commit, max.poll.records, auto.offset.reset]' were supplied but are not used yet.
[2025-07-18T15:58:08.803+0000] {subprocess.py:93} INFO - 25/07/18 15:58:08 INFO AppInfoParser: Kafka version: 3.5.1
[2025-07-18T15:58:08.803+0000] {subprocess.py:93} INFO - 25/07/18 15:58:08 INFO AppInfoParser: Kafka commitId: 2c6fb6c54472e90a
[2025-07-18T15:58:08.803+0000] {subprocess.py:93} INFO - 25/07/18 15:58:08 INFO AppInfoParser: Kafka startTimeMs: 1752854288796
[2025-07-18T15:58:18.968+0000] {subprocess.py:93} INFO - 25/07/18 15:58:18 INFO MicroBatchExecution: Streaming query has been idle and waiting for new data more than 10000 ms.
[2025-07-18T15:58:18.969+0000] {subprocess.py:93} INFO - 25/07/18 15:58:18 INFO MicroBatchExecution: Streaming query has been idle and waiting for new data more than 10000 ms.
[2025-07-18T15:58:18.970+0000] {subprocess.py:93} INFO - 25/07/18 15:58:18 INFO MicroBatchExecution: Streaming query has been idle and waiting for new data more than 10000 ms.
[2025-07-18T15:58:28.983+0000] {subprocess.py:93} INFO - 25/07/18 15:58:28 INFO MicroBatchExecution: Streaming query has been idle and waiting for new data more than 10000 ms.
[2025-07-18T15:58:28.984+0000] {subprocess.py:93} INFO - 25/07/18 15:58:28 INFO MicroBatchExecution: Streaming query has been idle and waiting for new data more than 10000 ms.
[2025-07-18T15:58:28.984+0000] {subprocess.py:93} INFO - 25/07/18 15:58:28 INFO MicroBatchExecution: Streaming query has been idle and waiting for new data more than 10000 ms.
[2025-07-18T15:58:38.988+0000] {subprocess.py:93} INFO - 25/07/18 15:58:38 INFO MicroBatchExecution: Streaming query has been idle and waiting for new data more than 10000 ms.
[2025-07-18T15:58:38.990+0000] {subprocess.py:93} INFO - 25/07/18 15:58:38 INFO MicroBatchExecution: Streaming query has been idle and waiting for new data more than 10000 ms.
[2025-07-18T15:58:38.990+0000] {subprocess.py:93} INFO - 25/07/18 15:58:38 INFO MicroBatchExecution: Streaming query has been idle and waiting for new data more than 10000 ms.
[2025-07-18T15:58:48.997+0000] {subprocess.py:93} INFO - 25/07/18 15:58:48 INFO MicroBatchExecution: Streaming query has been idle and waiting for new data more than 10000 ms.
[2025-07-18T15:58:48.998+0000] {subprocess.py:93} INFO - 25/07/18 15:58:48 INFO MicroBatchExecution: Streaming query has been idle and waiting for new data more than 10000 ms.
[2025-07-18T15:58:48.998+0000] {subprocess.py:93} INFO - 25/07/18 15:58:48 INFO MicroBatchExecution: Streaming query has been idle and waiting for new data more than 10000 ms.
[2025-07-18T15:58:59.009+0000] {subprocess.py:93} INFO - 25/07/18 15:58:59 INFO MicroBatchExecution: Streaming query has been idle and waiting for new data more than 10000 ms.
[2025-07-18T15:58:59.009+0000] {subprocess.py:93} INFO - 25/07/18 15:58:59 INFO MicroBatchExecution: Streaming query has been idle and waiting for new data more than 10000 ms.
[2025-07-18T15:58:59.010+0000] {subprocess.py:93} INFO - 25/07/18 15:58:59 INFO MicroBatchExecution: Streaming query has been idle and waiting for new data more than 10000 ms.
[2025-07-18T15:59:09.018+0000] {subprocess.py:93} INFO - 25/07/18 15:59:09 INFO MicroBatchExecution: Streaming query has been idle and waiting for new data more than 10000 ms.
[2025-07-18T15:59:09.019+0000] {subprocess.py:93} INFO - 25/07/18 15:59:09 INFO MicroBatchExecution: Streaming query has been idle and waiting for new data more than 10000 ms.
[2025-07-18T15:59:09.020+0000] {subprocess.py:93} INFO - 25/07/18 15:59:09 INFO MicroBatchExecution: Streaming query has been idle and waiting for new data more than 10000 ms.
[2025-07-18T15:59:19.019+0000] {subprocess.py:93} INFO - 25/07/18 15:59:19 INFO MicroBatchExecution: Streaming query has been idle and waiting for new data more than 10000 ms.
[2025-07-18T15:59:19.020+0000] {subprocess.py:93} INFO - 25/07/18 15:59:19 INFO MicroBatchExecution: Streaming query has been idle and waiting for new data more than 10000 ms.
[2025-07-18T15:59:19.020+0000] {subprocess.py:93} INFO - 25/07/18 15:59:19 INFO MicroBatchExecution: Streaming query has been idle and waiting for new data more than 10000 ms.
[2025-07-18T15:59:29.019+0000] {subprocess.py:93} INFO - 25/07/18 15:59:29 INFO MicroBatchExecution: Streaming query has been idle and waiting for new data more than 10000 ms.
[2025-07-18T15:59:29.020+0000] {subprocess.py:93} INFO - 25/07/18 15:59:29 INFO MicroBatchExecution: Streaming query has been idle and waiting for new data more than 10000 ms.
[2025-07-18T15:59:29.020+0000] {subprocess.py:93} INFO - 25/07/18 15:59:29 INFO MicroBatchExecution: Streaming query has been idle and waiting for new data more than 10000 ms.
[2025-07-18T15:59:39.029+0000] {subprocess.py:93} INFO - 25/07/18 15:59:39 INFO MicroBatchExecution: Streaming query has been idle and waiting for new data more than 10000 ms.
[2025-07-18T15:59:39.031+0000] {subprocess.py:93} INFO - 25/07/18 15:59:39 INFO MicroBatchExecution: Streaming query has been idle and waiting for new data more than 10000 ms.
[2025-07-18T15:59:39.031+0000] {subprocess.py:93} INFO - 25/07/18 15:59:39 INFO MicroBatchExecution: Streaming query has been idle and waiting for new data more than 10000 ms.
[2025-07-18T15:59:49.031+0000] {subprocess.py:93} INFO - 25/07/18 15:59:49 INFO MicroBatchExecution: Streaming query has been idle and waiting for new data more than 10000 ms.
[2025-07-18T15:59:49.032+0000] {subprocess.py:93} INFO - 25/07/18 15:59:49 INFO MicroBatchExecution: Streaming query has been idle and waiting for new data more than 10000 ms.
[2025-07-18T15:59:49.032+0000] {subprocess.py:93} INFO - 25/07/18 15:59:49 INFO MicroBatchExecution: Streaming query has been idle and waiting for new data more than 10000 ms.
[2025-07-18T15:59:59.036+0000] {subprocess.py:93} INFO - 25/07/18 15:59:59 INFO MicroBatchExecution: Streaming query has been idle and waiting for new data more than 10000 ms.
[2025-07-18T15:59:59.037+0000] {subprocess.py:93} INFO - 25/07/18 15:59:59 INFO MicroBatchExecution: Streaming query has been idle and waiting for new data more than 10000 ms.
[2025-07-18T15:59:59.037+0000] {subprocess.py:93} INFO - 25/07/18 15:59:59 INFO MicroBatchExecution: Streaming query has been idle and waiting for new data more than 10000 ms.
[2025-07-18T16:00:02.068+0000] {subprocess.py:93} INFO - 25/07/18 16:00:02 INFO CheckpointFileManager: Writing atomically to file:/tmp/checkpoints/reservations/offsets/40 using temp file file:/tmp/checkpoints/reservations/offsets/.40.4594b534-678f-4906-b4aa-db1d15498d5e.tmp
[2025-07-18T16:00:02.090+0000] {subprocess.py:93} INFO - 25/07/18 16:00:02 WARN CheckpointFileManager: Failed to rename temp file file:/tmp/checkpoints/reservations/offsets/.40.4594b534-678f-4906-b4aa-db1d15498d5e.tmp to file:/tmp/checkpoints/reservations/offsets/40 because file exists
[2025-07-18T16:00:02.091+0000] {subprocess.py:93} INFO - org.apache.hadoop.fs.FileAlreadyExistsException: Rename destination file:/tmp/checkpoints/reservations/offsets/40 already exists.
[2025-07-18T16:00:02.091+0000] {subprocess.py:93} INFO - 	at org.apache.hadoop.fs.AbstractFileSystem.renameInternal(AbstractFileSystem.java:770)
[2025-07-18T16:00:02.092+0000] {subprocess.py:93} INFO - 	at org.apache.hadoop.fs.AbstractFileSystem.rename(AbstractFileSystem.java:720)
[2025-07-18T16:00:02.092+0000] {subprocess.py:93} INFO - 	at org.apache.hadoop.fs.ChecksumFs.renameInternal(ChecksumFs.java:489)
[2025-07-18T16:00:02.092+0000] {subprocess.py:93} INFO - 	at org.apache.hadoop.fs.AbstractFileSystem.rename(AbstractFileSystem.java:720)
[2025-07-18T16:00:02.093+0000] {subprocess.py:93} INFO - 	at org.apache.hadoop.fs.FileContext.rename(FileContext.java:1036)
[2025-07-18T16:00:02.093+0000] {subprocess.py:93} INFO - 	at org.apache.spark.sql.execution.streaming.FileContextBasedCheckpointFileManager.renameTempFile(CheckpointFileManager.scala:372)
[2025-07-18T16:00:02.093+0000] {subprocess.py:93} INFO - 	at org.apache.spark.sql.execution.streaming.CheckpointFileManager$RenameBasedFSDataOutputStream.close(CheckpointFileManager.scala:154)
[2025-07-18T16:00:02.093+0000] {subprocess.py:93} INFO - 	at org.apache.spark.sql.execution.streaming.HDFSMetadataLog.write(HDFSMetadataLog.scala:204)
[2025-07-18T16:00:02.094+0000] {subprocess.py:93} INFO - 	at org.apache.spark.sql.execution.streaming.HDFSMetadataLog.addNewBatchByStream(HDFSMetadataLog.scala:237)
[2025-07-18T16:00:02.094+0000] {subprocess.py:93} INFO - 	at org.apache.spark.sql.execution.streaming.HDFSMetadataLog.add(HDFSMetadataLog.scala:130)
[2025-07-18T16:00:02.094+0000] {subprocess.py:93} INFO - 	at org.apache.spark.sql.execution.streaming.MicroBatchExecution.markMicroBatchStart(MicroBatchExecution.scala:764)
[2025-07-18T16:00:02.096+0000] {subprocess.py:93} INFO - 	at org.apache.spark.sql.execution.streaming.MicroBatchExecution.$anonfun$constructNextBatch$13(MicroBatchExecution.scala:536)
[2025-07-18T16:00:02.098+0000] {subprocess.py:93} INFO - 	at scala.runtime.java8.JFunction0$mcV$sp.apply(JFunction0$mcV$sp.java:23)
[2025-07-18T16:00:02.103+0000] {subprocess.py:93} INFO - 	at org.apache.spark.sql.execution.streaming.ProgressReporter.reportTimeTaken(ProgressReporter.scala:427)
[2025-07-18T16:00:02.104+0000] {subprocess.py:93} INFO - 	at org.apache.spark.sql.execution.streaming.ProgressReporter.reportTimeTaken$(ProgressReporter.scala:425)
[2025-07-18T16:00:02.107+0000] {subprocess.py:93} INFO - 	at org.apache.spark.sql.execution.streaming.StreamExecution.reportTimeTaken(StreamExecution.scala:67)
[2025-07-18T16:00:02.108+0000] {subprocess.py:93} INFO - 	at org.apache.spark.sql.execution.streaming.MicroBatchExecution.$anonfun$constructNextBatch$1(MicroBatchExecution.scala:535)
[2025-07-18T16:00:02.113+0000] {subprocess.py:93} INFO - 	at scala.runtime.java8.JFunction0$mcZ$sp.apply(JFunction0$mcZ$sp.java:23)
[2025-07-18T16:00:02.118+0000] {subprocess.py:93} INFO - 	at org.apache.spark.sql.execution.streaming.MicroBatchExecution.withProgressLocked(MicroBatchExecution.scala:810)
[2025-07-18T16:00:02.120+0000] {subprocess.py:93} INFO - 	at org.apache.spark.sql.execution.streaming.MicroBatchExecution.constructNextBatch(MicroBatchExecution.scala:475)
[2025-07-18T16:00:02.123+0000] {subprocess.py:93} INFO - 	at org.apache.spark.sql.execution.streaming.MicroBatchExecution.$anonfun$runActivatedStream$2(MicroBatchExecution.scala:268)
[2025-07-18T16:00:02.124+0000] {subprocess.py:93} INFO - 	at scala.runtime.java8.JFunction0$mcV$sp.apply(JFunction0$mcV$sp.java:23)
[2025-07-18T16:00:02.125+0000] {subprocess.py:93} INFO - 	at org.apache.spark.sql.execution.streaming.ProgressReporter.reportTimeTaken(ProgressReporter.scala:427)
[2025-07-18T16:00:02.127+0000] {subprocess.py:93} INFO - 	at org.apache.spark.sql.execution.streaming.ProgressReporter.reportTimeTaken$(ProgressReporter.scala:425)
[2025-07-18T16:00:02.129+0000] {subprocess.py:93} INFO - 	at org.apache.spark.sql.execution.streaming.StreamExecution.reportTimeTaken(StreamExecution.scala:67)
[2025-07-18T16:00:02.130+0000] {subprocess.py:93} INFO - 	at org.apache.spark.sql.execution.streaming.MicroBatchExecution.$anonfun$runActivatedStream$1(MicroBatchExecution.scala:249)
[2025-07-18T16:00:02.132+0000] {subprocess.py:93} INFO - 	at org.apache.spark.sql.execution.streaming.ProcessingTimeExecutor.execute(TriggerExecutor.scala:67)
[2025-07-18T16:00:02.134+0000] {subprocess.py:93} INFO - 	at org.apache.spark.sql.execution.streaming.MicroBatchExecution.runActivatedStream(MicroBatchExecution.scala:239)
[2025-07-18T16:00:02.140+0000] {subprocess.py:93} INFO - 	at org.apache.spark.sql.execution.streaming.StreamExecution.$anonfun$runStream$1(StreamExecution.scala:311)
[2025-07-18T16:00:02.143+0000] {subprocess.py:93} INFO - 	at scala.runtime.java8.JFunction0$mcV$sp.apply(JFunction0$mcV$sp.java:23)
[2025-07-18T16:00:02.145+0000] {subprocess.py:93} INFO - 	at org.apache.spark.sql.SparkSession.withActive(SparkSession.scala:900)
[2025-07-18T16:00:02.147+0000] {subprocess.py:93} INFO - 	at org.apache.spark.sql.execution.streaming.StreamExecution.org$apache$spark$sql$execution$streaming$StreamExecution$$runStream(StreamExecution.scala:289)
[2025-07-18T16:00:02.147+0000] {subprocess.py:93} INFO - 	at org.apache.spark.sql.execution.streaming.StreamExecution$$anon$1.$anonfun$run$1(StreamExecution.scala:211)
[2025-07-18T16:00:02.147+0000] {subprocess.py:93} INFO - 	at scala.runtime.java8.JFunction0$mcV$sp.apply(JFunction0$mcV$sp.java:23)
[2025-07-18T16:00:02.148+0000] {subprocess.py:93} INFO - 	at org.apache.spark.JobArtifactSet$.withActiveJobArtifactState(JobArtifactSet.scala:94)
[2025-07-18T16:00:02.148+0000] {subprocess.py:93} INFO - 	at org.apache.spark.sql.execution.streaming.StreamExecution$$anon$1.run(StreamExecution.scala:211)
[2025-07-18T16:00:02.655+0000] {subprocess.py:93} INFO - 25/07/18 16:00:02 ERROR MicroBatchExecution: Query [id = 0314df7c-5598-4928-8d91-374ee67989d1, runId = b5d7a77c-f387-4cad-9ef0-f66a22438e19] terminated with error
[2025-07-18T16:00:02.667+0000] {subprocess.py:93} INFO - org.apache.spark.SparkConcurrentModificationException: Multiple streaming queries are concurrently using file:/tmp/checkpoints/reservations/offsets.
[2025-07-18T16:00:02.671+0000] {subprocess.py:93} INFO - 	at org.apache.spark.sql.errors.QueryExecutionErrors$.multiStreamingQueriesUsingPathConcurrentlyError(QueryExecutionErrors.scala:1858)
[2025-07-18T16:00:02.672+0000] {subprocess.py:93} INFO - 	at org.apache.spark.sql.execution.streaming.HDFSMetadataLog.write(HDFSMetadataLog.scala:210)
[2025-07-18T16:00:02.676+0000] {subprocess.py:93} INFO - 	at org.apache.spark.sql.execution.streaming.HDFSMetadataLog.addNewBatchByStream(HDFSMetadataLog.scala:237)
[2025-07-18T16:00:02.679+0000] {subprocess.py:93} INFO - 	at org.apache.spark.sql.execution.streaming.HDFSMetadataLog.add(HDFSMetadataLog.scala:130)
[2025-07-18T16:00:02.688+0000] {subprocess.py:93} INFO - 	at org.apache.spark.sql.execution.streaming.MicroBatchExecution.markMicroBatchStart(MicroBatchExecution.scala:764)
[2025-07-18T16:00:02.689+0000] {subprocess.py:93} INFO - 	at org.apache.spark.sql.execution.streaming.MicroBatchExecution.$anonfun$constructNextBatch$13(MicroBatchExecution.scala:536)
[2025-07-18T16:00:02.690+0000] {subprocess.py:93} INFO - 	at scala.runtime.java8.JFunction0$mcV$sp.apply(JFunction0$mcV$sp.java:23)
[2025-07-18T16:00:02.696+0000] {subprocess.py:93} INFO - 	at org.apache.spark.sql.execution.streaming.ProgressReporter.reportTimeTaken(ProgressReporter.scala:427)
[2025-07-18T16:00:02.697+0000] {subprocess.py:93} INFO - 	at org.apache.spark.sql.execution.streaming.ProgressReporter.reportTimeTaken$(ProgressReporter.scala:425)
[2025-07-18T16:00:02.698+0000] {subprocess.py:93} INFO - 	at org.apache.spark.sql.execution.streaming.StreamExecution.reportTimeTaken(StreamExecution.scala:67)
[2025-07-18T16:00:02.698+0000] {subprocess.py:93} INFO - 	at org.apache.spark.sql.execution.streaming.MicroBatchExecution.$anonfun$constructNextBatch$1(MicroBatchExecution.scala:535)
[2025-07-18T16:00:02.698+0000] {subprocess.py:93} INFO - 	at scala.runtime.java8.JFunction0$mcZ$sp.apply(JFunction0$mcZ$sp.java:23)
[2025-07-18T16:00:02.699+0000] {subprocess.py:93} INFO - 	at org.apache.spark.sql.execution.streaming.MicroBatchExecution.withProgressLocked(MicroBatchExecution.scala:810)
[2025-07-18T16:00:02.699+0000] {subprocess.py:93} INFO - 	at org.apache.spark.sql.execution.streaming.MicroBatchExecution.constructNextBatch(MicroBatchExecution.scala:475)
[2025-07-18T16:00:02.700+0000] {subprocess.py:93} INFO - 	at org.apache.spark.sql.execution.streaming.MicroBatchExecution.$anonfun$runActivatedStream$2(MicroBatchExecution.scala:268)
[2025-07-18T16:00:02.700+0000] {subprocess.py:93} INFO - 	at scala.runtime.java8.JFunction0$mcV$sp.apply(JFunction0$mcV$sp.java:23)
[2025-07-18T16:00:02.702+0000] {subprocess.py:93} INFO - 	at org.apache.spark.sql.execution.streaming.ProgressReporter.reportTimeTaken(ProgressReporter.scala:427)
[2025-07-18T16:00:02.702+0000] {subprocess.py:93} INFO - 	at org.apache.spark.sql.execution.streaming.ProgressReporter.reportTimeTaken$(ProgressReporter.scala:425)
[2025-07-18T16:00:02.703+0000] {subprocess.py:93} INFO - 	at org.apache.spark.sql.execution.streaming.StreamExecution.reportTimeTaken(StreamExecution.scala:67)
[2025-07-18T16:00:02.704+0000] {subprocess.py:93} INFO - 	at org.apache.spark.sql.execution.streaming.MicroBatchExecution.$anonfun$runActivatedStream$1(MicroBatchExecution.scala:249)
[2025-07-18T16:00:02.705+0000] {subprocess.py:93} INFO - 	at org.apache.spark.sql.execution.streaming.ProcessingTimeExecutor.execute(TriggerExecutor.scala:67)
[2025-07-18T16:00:02.706+0000] {subprocess.py:93} INFO - 	at org.apache.spark.sql.execution.streaming.MicroBatchExecution.runActivatedStream(MicroBatchExecution.scala:239)
[2025-07-18T16:00:02.706+0000] {subprocess.py:93} INFO - 	at org.apache.spark.sql.execution.streaming.StreamExecution.$anonfun$runStream$1(StreamExecution.scala:311)
[2025-07-18T16:00:02.707+0000] {subprocess.py:93} INFO - 	at scala.runtime.java8.JFunction0$mcV$sp.apply(JFunction0$mcV$sp.java:23)
[2025-07-18T16:00:02.708+0000] {subprocess.py:93} INFO - 	at org.apache.spark.sql.SparkSession.withActive(SparkSession.scala:900)
[2025-07-18T16:00:02.709+0000] {subprocess.py:93} INFO - 	at org.apache.spark.sql.execution.streaming.StreamExecution.org$apache$spark$sql$execution$streaming$StreamExecution$$runStream(StreamExecution.scala:289)
[2025-07-18T16:00:02.709+0000] {subprocess.py:93} INFO - 	at org.apache.spark.sql.execution.streaming.StreamExecution$$anon$1.$anonfun$run$1(StreamExecution.scala:211)
[2025-07-18T16:00:02.709+0000] {subprocess.py:93} INFO - 	at scala.runtime.java8.JFunction0$mcV$sp.apply(JFunction0$mcV$sp.java:23)
[2025-07-18T16:00:02.710+0000] {subprocess.py:93} INFO - 	at org.apache.spark.JobArtifactSet$.withActiveJobArtifactState(JobArtifactSet.scala:94)
[2025-07-18T16:00:02.711+0000] {subprocess.py:93} INFO - 	at org.apache.spark.sql.execution.streaming.StreamExecution$$anon$1.run(StreamExecution.scala:211)
[2025-07-18T16:00:02.711+0000] {subprocess.py:93} INFO - Caused by: org.apache.hadoop.fs.FileAlreadyExistsException: Rename destination file:/tmp/checkpoints/reservations/offsets/40 already exists.
[2025-07-18T16:00:02.712+0000] {subprocess.py:93} INFO - 	at org.apache.hadoop.fs.AbstractFileSystem.renameInternal(AbstractFileSystem.java:770)
[2025-07-18T16:00:02.712+0000] {subprocess.py:93} INFO - 	at org.apache.hadoop.fs.AbstractFileSystem.rename(AbstractFileSystem.java:720)
[2025-07-18T16:00:02.716+0000] {subprocess.py:93} INFO - 	at org.apache.hadoop.fs.ChecksumFs.renameInternal(ChecksumFs.java:489)
[2025-07-18T16:00:02.717+0000] {subprocess.py:93} INFO - 	at org.apache.hadoop.fs.AbstractFileSystem.rename(AbstractFileSystem.java:720)
[2025-07-18T16:00:02.718+0000] {subprocess.py:93} INFO - 	at org.apache.hadoop.fs.FileContext.rename(FileContext.java:1036)
[2025-07-18T16:00:02.718+0000] {subprocess.py:93} INFO - 	at org.apache.spark.sql.execution.streaming.FileContextBasedCheckpointFileManager.renameTempFile(CheckpointFileManager.scala:372)
[2025-07-18T16:00:02.719+0000] {subprocess.py:93} INFO - 	at org.apache.spark.sql.execution.streaming.CheckpointFileManager$RenameBasedFSDataOutputStream.close(CheckpointFileManager.scala:154)
[2025-07-18T16:00:02.719+0000] {subprocess.py:93} INFO - 	at org.apache.spark.sql.execution.streaming.HDFSMetadataLog.write(HDFSMetadataLog.scala:204)
[2025-07-18T16:00:02.720+0000] {subprocess.py:93} INFO - 	... 28 more
[2025-07-18T16:00:02.720+0000] {subprocess.py:93} INFO - 25/07/18 16:00:02 INFO AppInfoParser: App info kafka.admin.client for adminclient-2 unregistered
[2025-07-18T16:00:02.721+0000] {subprocess.py:93} INFO - 25/07/18 16:00:02 INFO Metrics: Metrics scheduler closed
[2025-07-18T16:00:02.723+0000] {subprocess.py:93} INFO - 25/07/18 16:00:02 INFO Metrics: Closing reporter org.apache.kafka.common.metrics.JmxReporter
[2025-07-18T16:00:02.725+0000] {subprocess.py:93} INFO - 25/07/18 16:00:02 INFO Metrics: Metrics reporters closed
[2025-07-18T16:00:02.726+0000] {subprocess.py:93} INFO - 25/07/18 16:00:02 INFO MicroBatchExecution: Async log purge executor pool for query [id = 0314df7c-5598-4928-8d91-374ee67989d1, runId = b5d7a77c-f387-4cad-9ef0-f66a22438e19] has been shutdown
[2025-07-18T16:00:02.727+0000] {subprocess.py:93} INFO - 25/07/18 16:00:02 INFO CheckpointFileManager: Writing atomically to file:/tmp/checkpoints/checkins/offsets/46 using temp file file:/tmp/checkpoints/checkins/offsets/.46.37267db2-3a4b-4c5d-acfb-98ff63d50943.tmp
[2025-07-18T16:00:02.729+0000] {subprocess.py:93} INFO - 25/07/18 16:00:02 WARN CheckpointFileManager: Failed to rename temp file file:/tmp/checkpoints/checkins/offsets/.46.37267db2-3a4b-4c5d-acfb-98ff63d50943.tmp to file:/tmp/checkpoints/checkins/offsets/46 because file exists
[2025-07-18T16:00:02.729+0000] {subprocess.py:93} INFO - org.apache.hadoop.fs.FileAlreadyExistsException: rename destination file:/tmp/checkpoints/checkins/offsets/46 already exists.
[2025-07-18T16:00:02.730+0000] {subprocess.py:93} INFO - 	at org.apache.hadoop.fs.FileSystem.rename(FileSystem.java:1600)
[2025-07-18T16:00:02.730+0000] {subprocess.py:93} INFO - 	at org.apache.hadoop.fs.DelegateToFileSystem.renameInternal(DelegateToFileSystem.java:206)
[2025-07-18T16:00:02.731+0000] {subprocess.py:93} INFO - 	at org.apache.hadoop.fs.AbstractFileSystem.renameInternal(AbstractFileSystem.java:790)
[2025-07-18T16:00:02.732+0000] {subprocess.py:93} INFO - 	at org.apache.hadoop.fs.AbstractFileSystem.rename(AbstractFileSystem.java:720)
[2025-07-18T16:00:02.732+0000] {subprocess.py:93} INFO - 	at org.apache.hadoop.fs.ChecksumFs.renameInternal(ChecksumFs.java:489)
[2025-07-18T16:00:02.733+0000] {subprocess.py:93} INFO - 	at org.apache.hadoop.fs.AbstractFileSystem.rename(AbstractFileSystem.java:720)
[2025-07-18T16:00:02.736+0000] {subprocess.py:93} INFO - 	at org.apache.hadoop.fs.FileContext.rename(FileContext.java:1036)
[2025-07-18T16:00:02.738+0000] {subprocess.py:93} INFO - 	at org.apache.spark.sql.execution.streaming.FileContextBasedCheckpointFileManager.renameTempFile(CheckpointFileManager.scala:372)
[2025-07-18T16:00:02.740+0000] {subprocess.py:93} INFO - 	at org.apache.spark.sql.execution.streaming.CheckpointFileManager$RenameBasedFSDataOutputStream.close(CheckpointFileManager.scala:154)
[2025-07-18T16:00:02.741+0000] {subprocess.py:93} INFO - 	at org.apache.spark.sql.execution.streaming.HDFSMetadataLog.write(HDFSMetadataLog.scala:204)
[2025-07-18T16:00:02.749+0000] {subprocess.py:93} INFO - 	at org.apache.spark.sql.execution.streaming.HDFSMetadataLog.addNewBatchByStream(HDFSMetadataLog.scala:237)
[2025-07-18T16:00:02.750+0000] {subprocess.py:93} INFO - 	at org.apache.spark.sql.execution.streaming.HDFSMetadataLog.add(HDFSMetadataLog.scala:130)
[2025-07-18T16:00:02.751+0000] {subprocess.py:93} INFO - 	at org.apache.spark.sql.execution.streaming.MicroBatchExecution.markMicroBatchStart(MicroBatchExecution.scala:764)
[2025-07-18T16:00:02.752+0000] {subprocess.py:93} INFO - 	at org.apache.spark.sql.execution.streaming.MicroBatchExecution.$anonfun$constructNextBatch$13(MicroBatchExecution.scala:536)
[2025-07-18T16:00:02.757+0000] {subprocess.py:93} INFO - 	at scala.runtime.java8.JFunction0$mcV$sp.apply(JFunction0$mcV$sp.java:23)
[2025-07-18T16:00:02.757+0000] {subprocess.py:93} INFO - 	at org.apache.spark.sql.execution.streaming.ProgressReporter.reportTimeTaken(ProgressReporter.scala:427)
[2025-07-18T16:00:02.758+0000] {subprocess.py:93} INFO - 	at org.apache.spark.sql.execution.streaming.ProgressReporter.reportTimeTaken$(ProgressReporter.scala:425)
[2025-07-18T16:00:02.758+0000] {subprocess.py:93} INFO - 	at org.apache.spark.sql.execution.streaming.StreamExecution.reportTimeTaken(StreamExecution.scala:67)
[2025-07-18T16:00:02.758+0000] {subprocess.py:93} INFO - 	at org.apache.spark.sql.execution.streaming.MicroBatchExecution.$anonfun$constructNextBatch$1(MicroBatchExecution.scala:535)
[2025-07-18T16:00:02.758+0000] {subprocess.py:93} INFO - 	at scala.runtime.java8.JFunction0$mcZ$sp.apply(JFunction0$mcZ$sp.java:23)
[2025-07-18T16:00:02.759+0000] {subprocess.py:93} INFO - 	at org.apache.spark.sql.execution.streaming.MicroBatchExecution.withProgressLocked(MicroBatchExecution.scala:810)
[2025-07-18T16:00:02.759+0000] {subprocess.py:93} INFO - 	at org.apache.spark.sql.execution.streaming.MicroBatchExecution.constructNextBatch(MicroBatchExecution.scala:475)
[2025-07-18T16:00:02.760+0000] {subprocess.py:93} INFO - 	at org.apache.spark.sql.execution.streaming.MicroBatchExecution.$anonfun$runActivatedStream$2(MicroBatchExecution.scala:268)
[2025-07-18T16:00:02.760+0000] {subprocess.py:93} INFO - 	at scala.runtime.java8.JFunction0$mcV$sp.apply(JFunction0$mcV$sp.java:23)
[2025-07-18T16:00:02.761+0000] {subprocess.py:93} INFO - 	at org.apache.spark.sql.execution.streaming.ProgressReporter.reportTimeTaken(ProgressReporter.scala:427)
[2025-07-18T16:00:02.761+0000] {subprocess.py:93} INFO - 	at org.apache.spark.sql.execution.streaming.ProgressReporter.reportTimeTaken$(ProgressReporter.scala:425)
[2025-07-18T16:00:02.762+0000] {subprocess.py:93} INFO - 	at org.apache.spark.sql.execution.streaming.StreamExecution.reportTimeTaken(StreamExecution.scala:67)
[2025-07-18T16:00:02.763+0000] {subprocess.py:93} INFO - 	at org.apache.spark.sql.execution.streaming.MicroBatchExecution.$anonfun$runActivatedStream$1(MicroBatchExecution.scala:249)
[2025-07-18T16:00:02.763+0000] {subprocess.py:93} INFO - 	at org.apache.spark.sql.execution.streaming.ProcessingTimeExecutor.execute(TriggerExecutor.scala:67)
[2025-07-18T16:00:02.763+0000] {subprocess.py:93} INFO - 	at org.apache.spark.sql.execution.streaming.MicroBatchExecution.runActivatedStream(MicroBatchExecution.scala:239)
[2025-07-18T16:00:02.764+0000] {subprocess.py:93} INFO - 	at org.apache.spark.sql.execution.streaming.StreamExecution.$anonfun$runStream$1(StreamExecution.scala:311)
[2025-07-18T16:00:02.764+0000] {subprocess.py:93} INFO - 	at scala.runtime.java8.JFunction0$mcV$sp.apply(JFunction0$mcV$sp.java:23)
[2025-07-18T16:00:02.765+0000] {subprocess.py:93} INFO - 	at org.apache.spark.sql.SparkSession.withActive(SparkSession.scala:900)
[2025-07-18T16:00:02.765+0000] {subprocess.py:93} INFO - 	at org.apache.spark.sql.execution.streaming.StreamExecution.org$apache$spark$sql$execution$streaming$StreamExecution$$runStream(StreamExecution.scala:289)
[2025-07-18T16:00:02.766+0000] {subprocess.py:93} INFO - 	at org.apache.spark.sql.execution.streaming.StreamExecution$$anon$1.$anonfun$run$1(StreamExecution.scala:211)
[2025-07-18T16:00:02.766+0000] {subprocess.py:93} INFO - 	at scala.runtime.java8.JFunction0$mcV$sp.apply(JFunction0$mcV$sp.java:23)
[2025-07-18T16:00:02.766+0000] {subprocess.py:93} INFO - 	at org.apache.spark.JobArtifactSet$.withActiveJobArtifactState(JobArtifactSet.scala:94)
[2025-07-18T16:00:02.767+0000] {subprocess.py:93} INFO - 	at org.apache.spark.sql.execution.streaming.StreamExecution$$anon$1.run(StreamExecution.scala:211)
[2025-07-18T16:00:02.768+0000] {subprocess.py:93} INFO - 25/07/18 16:00:02 ERROR MicroBatchExecution: Query [id = a9a9b3af-d3c2-4704-81e0-4163831ae683, runId = d5ebb306-86f6-49d0-9391-bb18b87d5baf] terminated with error
[2025-07-18T16:00:02.768+0000] {subprocess.py:93} INFO - org.apache.spark.SparkConcurrentModificationException: Multiple streaming queries are concurrently using file:/tmp/checkpoints/checkins/offsets.
[2025-07-18T16:00:02.769+0000] {subprocess.py:93} INFO - 	at org.apache.spark.sql.errors.QueryExecutionErrors$.multiStreamingQueriesUsingPathConcurrentlyError(QueryExecutionErrors.scala:1858)
[2025-07-18T16:00:02.769+0000] {subprocess.py:93} INFO - 	at org.apache.spark.sql.execution.streaming.HDFSMetadataLog.write(HDFSMetadataLog.scala:210)
[2025-07-18T16:00:02.770+0000] {subprocess.py:93} INFO - 	at org.apache.spark.sql.execution.streaming.HDFSMetadataLog.addNewBatchByStream(HDFSMetadataLog.scala:237)
[2025-07-18T16:00:02.770+0000] {subprocess.py:93} INFO - 	at org.apache.spark.sql.execution.streaming.HDFSMetadataLog.add(HDFSMetadataLog.scala:130)
[2025-07-18T16:00:02.770+0000] {subprocess.py:93} INFO - 	at org.apache.spark.sql.execution.streaming.MicroBatchExecution.markMicroBatchStart(MicroBatchExecution.scala:764)
[2025-07-18T16:00:02.771+0000] {subprocess.py:93} INFO - 	at org.apache.spark.sql.execution.streaming.MicroBatchExecution.$anonfun$constructNextBatch$13(MicroBatchExecution.scala:536)
[2025-07-18T16:00:02.771+0000] {subprocess.py:93} INFO - 	at scala.runtime.java8.JFunction0$mcV$sp.apply(JFunction0$mcV$sp.java:23)
[2025-07-18T16:00:02.819+0000] {subprocess.py:93} INFO - 	at org.apache.spark.sql.execution.streaming.ProgressReporter.reportTimeTaken(ProgressReporter.scala:427)
[2025-07-18T16:00:02.819+0000] {subprocess.py:93} INFO - 	at org.apache.spark.sql.execution.streaming.ProgressReporter.reportTimeTaken$(ProgressReporter.scala:425)
[2025-07-18T16:00:02.820+0000] {subprocess.py:93} INFO - 	at org.apache.spark.sql.execution.streaming.StreamExecution.reportTimeTaken(StreamExecution.scala:67)
[2025-07-18T16:00:02.821+0000] {subprocess.py:93} INFO - 	at org.apache.spark.sql.execution.streaming.MicroBatchExecution.$anonfun$constructNextBatch$1(MicroBatchExecution.scala:535)
[2025-07-18T16:00:02.823+0000] {subprocess.py:93} INFO - 	at scala.runtime.java8.JFunction0$mcZ$sp.apply(JFunction0$mcZ$sp.java:23)
[2025-07-18T16:00:02.824+0000] {subprocess.py:93} INFO - 	at org.apache.spark.sql.execution.streaming.MicroBatchExecution.withProgressLocked(MicroBatchExecution.scala:810)
[2025-07-18T16:00:02.824+0000] {subprocess.py:93} INFO - 	at org.apache.spark.sql.execution.streaming.MicroBatchExecution.constructNextBatch(MicroBatchExecution.scala:475)
[2025-07-18T16:00:02.825+0000] {subprocess.py:93} INFO - 	at org.apache.spark.sql.execution.streaming.MicroBatchExecution.$anonfun$runActivatedStream$2(MicroBatchExecution.scala:268)
[2025-07-18T16:00:02.825+0000] {subprocess.py:93} INFO - 	at scala.runtime.java8.JFunction0$mcV$sp.apply(JFunction0$mcV$sp.java:23)
[2025-07-18T16:00:02.826+0000] {subprocess.py:93} INFO - 	at org.apache.spark.sql.execution.streaming.ProgressReporter.reportTimeTaken(ProgressReporter.scala:427)
[2025-07-18T16:00:02.826+0000] {subprocess.py:93} INFO - 	at org.apache.spark.sql.execution.streaming.ProgressReporter.reportTimeTaken$(ProgressReporter.scala:425)
[2025-07-18T16:00:02.826+0000] {subprocess.py:93} INFO - 	at org.apache.spark.sql.execution.streaming.StreamExecution.reportTimeTaken(StreamExecution.scala:67)
[2025-07-18T16:00:02.827+0000] {subprocess.py:93} INFO - 	at org.apache.spark.sql.execution.streaming.MicroBatchExecution.$anonfun$runActivatedStream$1(MicroBatchExecution.scala:249)
[2025-07-18T16:00:02.827+0000] {subprocess.py:93} INFO - 	at org.apache.spark.sql.execution.streaming.ProcessingTimeExecutor.execute(TriggerExecutor.scala:67)
[2025-07-18T16:00:02.828+0000] {subprocess.py:93} INFO - 	at org.apache.spark.sql.execution.streaming.MicroBatchExecution.runActivatedStream(MicroBatchExecution.scala:239)
[2025-07-18T16:00:02.829+0000] {subprocess.py:93} INFO - 	at org.apache.spark.sql.execution.streaming.StreamExecution.$anonfun$runStream$1(StreamExecution.scala:311)
[2025-07-18T16:00:02.830+0000] {subprocess.py:93} INFO - 	at scala.runtime.java8.JFunction0$mcV$sp.apply(JFunction0$mcV$sp.java:23)
[2025-07-18T16:00:02.831+0000] {subprocess.py:93} INFO - 	at org.apache.spark.sql.SparkSession.withActive(SparkSession.scala:900)
[2025-07-18T16:00:02.835+0000] {subprocess.py:93} INFO - 	at org.apache.spark.sql.execution.streaming.StreamExecution.org$apache$spark$sql$execution$streaming$StreamExecution$$runStream(StreamExecution.scala:289)
[2025-07-18T16:00:02.835+0000] {subprocess.py:93} INFO - 	at org.apache.spark.sql.execution.streaming.StreamExecution$$anon$1.$anonfun$run$1(StreamExecution.scala:211)
[2025-07-18T16:00:02.835+0000] {subprocess.py:93} INFO - 	at scala.runtime.java8.JFunction0$mcV$sp.apply(JFunction0$mcV$sp.java:23)
[2025-07-18T16:00:02.835+0000] {subprocess.py:93} INFO - 	at org.apache.spark.JobArtifactSet$.withActiveJobArtifactState(JobArtifactSet.scala:94)
[2025-07-18T16:00:02.836+0000] {subprocess.py:93} INFO - 	at org.apache.spark.sql.execution.streaming.StreamExecution$$anon$1.run(StreamExecution.scala:211)
[2025-07-18T16:00:02.836+0000] {subprocess.py:93} INFO - Caused by: org.apache.hadoop.fs.FileAlreadyExistsException: rename destination file:/tmp/checkpoints/checkins/offsets/46 already exists.
[2025-07-18T16:00:02.836+0000] {subprocess.py:93} INFO - 	at org.apache.hadoop.fs.FileSystem.rename(FileSystem.java:1600)
[2025-07-18T16:00:02.836+0000] {subprocess.py:93} INFO - 	at org.apache.hadoop.fs.DelegateToFileSystem.renameInternal(DelegateToFileSystem.java:206)
[2025-07-18T16:00:02.836+0000] {subprocess.py:93} INFO - 	at org.apache.hadoop.fs.AbstractFileSystem.renameInternal(AbstractFileSystem.java:790)
[2025-07-18T16:00:02.836+0000] {subprocess.py:93} INFO - 	at org.apache.hadoop.fs.AbstractFileSystem.rename(AbstractFileSystem.java:720)
[2025-07-18T16:00:02.836+0000] {subprocess.py:93} INFO - 	at org.apache.hadoop.fs.ChecksumFs.renameInternal(ChecksumFs.java:489)
[2025-07-18T16:00:02.836+0000] {subprocess.py:93} INFO - 	at org.apache.hadoop.fs.AbstractFileSystem.rename(AbstractFileSystem.java:720)
[2025-07-18T16:00:02.836+0000] {subprocess.py:93} INFO - 	at org.apache.hadoop.fs.FileContext.rename(FileContext.java:1036)
[2025-07-18T16:00:02.836+0000] {subprocess.py:93} INFO - 	at org.apache.spark.sql.execution.streaming.FileContextBasedCheckpointFileManager.renameTempFile(CheckpointFileManager.scala:372)
[2025-07-18T16:00:02.837+0000] {subprocess.py:93} INFO - 	at org.apache.spark.sql.execution.streaming.CheckpointFileManager$RenameBasedFSDataOutputStream.close(CheckpointFileManager.scala:154)
[2025-07-18T16:00:02.837+0000] {subprocess.py:93} INFO - 	at org.apache.spark.sql.execution.streaming.HDFSMetadataLog.write(HDFSMetadataLog.scala:204)
[2025-07-18T16:00:02.837+0000] {subprocess.py:93} INFO - 	... 28 more
[2025-07-18T16:00:02.837+0000] {subprocess.py:93} INFO - 25/07/18 16:00:02 INFO AppInfoParser: App info kafka.admin.client for adminclient-1 unregistered
[2025-07-18T16:00:02.837+0000] {subprocess.py:93} INFO - 25/07/18 16:00:02 INFO Metrics: Metrics scheduler closed
[2025-07-18T16:00:02.837+0000] {subprocess.py:93} INFO - 25/07/18 16:00:02 INFO Metrics: Closing reporter org.apache.kafka.common.metrics.JmxReporter
[2025-07-18T16:00:02.837+0000] {subprocess.py:93} INFO - 25/07/18 16:00:02 INFO Metrics: Metrics reporters closed
[2025-07-18T16:00:02.838+0000] {subprocess.py:93} INFO - 25/07/18 16:00:02 INFO MicroBatchExecution: Async log purge executor pool for query [id = a9a9b3af-d3c2-4704-81e0-4163831ae683, runId = d5ebb306-86f6-49d0-9391-bb18b87d5baf] has been shutdown
[2025-07-18T16:00:02.868+0000] {subprocess.py:93} INFO - Traceback (most recent call last):
[2025-07-18T16:00:02.871+0000] {subprocess.py:93} INFO -   File "/home/iceberg/spark/stream_to_bronze.py", line 94, in <module>
[2025-07-18T16:00:02.872+0000] {subprocess.py:93} INFO -     output_path="my_catalog.bronze.Feedback_raw"
[2025-07-18T16:00:02.885+0000] {subprocess.py:93} INFO - ^^^^^^^^^^^^^^^^^^^^^^^^^^^^^^^^^^^
[2025-07-18T16:00:02.892+0000] {subprocess.py:93} INFO -   File "/opt/bitnami/spark/python/lib/pyspark.zip/pyspark/sql/streaming/query.py", line 596, in awaitAnyTermination
[2025-07-18T16:00:02.892+0000] {subprocess.py:93} INFO -   File "/opt/bitnami/spark/python/lib/py4j-0.10.9.7-src.zip/py4j/java_gateway.py", line 1322, in __call__
[2025-07-18T16:00:02.893+0000] {subprocess.py:93} INFO -   File "/opt/bitnami/spark/python/lib/pyspark.zip/pyspark/errors/exceptions/captured.py", line 185, in deco
[2025-07-18T16:00:02.893+0000] {subprocess.py:93} INFO - pyspark.errors.exceptions.captured.StreamingQueryException: [STREAM_FAILED] Query [id = 0314df7c-5598-4928-8d91-374ee67989d1, runId = b5d7a77c-f387-4cad-9ef0-f66a22438e19] terminated with exception: Multiple streaming queries are concurrently using file:/tmp/checkpoints/reservations/offsets.
[2025-07-18T16:00:02.943+0000] {subprocess.py:93} INFO - 25/07/18 16:00:02 INFO SparkContext: Invoking stop() from shutdown hook
[2025-07-18T16:00:02.944+0000] {subprocess.py:93} INFO - 25/07/18 16:00:02 INFO SparkContext: SparkContext is stopping with exitCode 0.
[2025-07-18T16:00:02.955+0000] {subprocess.py:93} INFO - 25/07/18 16:00:02 INFO SparkUI: Stopped Spark web UI at http://77cb57a6bd53:4041
[2025-07-18T16:00:02.971+0000] {subprocess.py:93} INFO - 25/07/18 16:00:02 INFO MapOutputTrackerMasterEndpoint: MapOutputTrackerMasterEndpoint stopped!
[2025-07-18T16:00:02.988+0000] {subprocess.py:93} INFO - 25/07/18 16:00:02 INFO MemoryStore: MemoryStore cleared
[2025-07-18T16:00:02.990+0000] {subprocess.py:93} INFO - 25/07/18 16:00:02 INFO BlockManager: BlockManager stopped
[2025-07-18T16:00:02.993+0000] {subprocess.py:93} INFO - 25/07/18 16:00:02 INFO BlockManagerMaster: BlockManagerMaster stopped
[2025-07-18T16:00:02.999+0000] {subprocess.py:93} INFO - 25/07/18 16:00:02 INFO OutputCommitCoordinator$OutputCommitCoordinatorEndpoint: OutputCommitCoordinator stopped!
[2025-07-18T16:00:03.042+0000] {subprocess.py:93} INFO - 25/07/18 16:00:03 INFO SparkContext: Successfully stopped SparkContext
[2025-07-18T16:00:03.045+0000] {subprocess.py:93} INFO - 25/07/18 16:00:03 INFO ShutdownHookManager: Shutdown hook called
[2025-07-18T16:00:03.048+0000] {subprocess.py:93} INFO - 25/07/18 16:00:03 INFO ShutdownHookManager: Deleting directory /tmp/spark-02fa27c3-f1ad-46ba-babd-4f09fc274e92
[2025-07-18T16:00:03.051+0000] {subprocess.py:93} INFO - 25/07/18 16:00:03 INFO ShutdownHookManager: Deleting directory /tmp/spark-292cef8f-8f4c-47b4-b924-8165061bd70b/pyspark-8d4e889d-3c5c-45ee-a8dd-81905896c38e
[2025-07-18T16:00:03.067+0000] {subprocess.py:93} INFO - 25/07/18 16:00:03 INFO ShutdownHookManager: Deleting directory /tmp/spark-292cef8f-8f4c-47b4-b924-8165061bd70b
[2025-07-18T16:00:03.084+0000] {subprocess.py:93} INFO - 25/07/18 16:00:03 INFO MetricsSystemImpl: Stopping s3a-file-system metrics system...
[2025-07-18T16:00:03.084+0000] {subprocess.py:93} INFO - 25/07/18 16:00:03 INFO MetricsSystemImpl: s3a-file-system metrics system stopped.
[2025-07-18T16:00:03.086+0000] {subprocess.py:93} INFO - 25/07/18 16:00:03 INFO MetricsSystemImpl: s3a-file-system metrics system shutdown complete.
[2025-07-18T16:00:03.462+0000] {subprocess.py:97} INFO - Command exited with return code 1
[2025-07-18T16:00:03.478+0000] {taskinstance.py:1937} ERROR - Task failed with exception
Traceback (most recent call last):
  File "/home/airflow/.local/lib/python3.8/site-packages/airflow/operators/bash.py", line 210, in execute
    raise AirflowException(
airflow.exceptions.AirflowException: Bash command failed. The command returned a non-zero exit code 1.
[2025-07-18T16:00:03.482+0000] {taskinstance.py:1400} INFO - Marking task as FAILED. dag_id=restaurant_pipeline, task_id=stream_to_bronze, execution_date=20250718T155600, start_date=20250718T155804, end_date=20250718T160003
[2025-07-18T16:00:03.492+0000] {standard_task_runner.py:104} ERROR - Failed to execute job 150 for task stream_to_bronze (Bash command failed. The command returned a non-zero exit code 1.; 912)
[2025-07-18T16:00:03.520+0000] {local_task_job_runner.py:228} INFO - Task exited with return code 1
[2025-07-18T16:00:03.551+0000] {taskinstance.py:2778} INFO - 0 downstream tasks scheduled from follow-on schedule check
