[2025-07-18T18:18:09.246+0000] {taskinstance.py:1159} INFO - Dependencies all met for dep_context=non-requeueable deps ti=<TaskInstance: restaurant_pipeline.bronze_to_silver scheduled__2025-07-18T18:14:00+00:00 [queued]>
[2025-07-18T18:18:09.250+0000] {taskinstance.py:1159} INFO - Dependencies all met for dep_context=requeueable deps ti=<TaskInstance: restaurant_pipeline.bronze_to_silver scheduled__2025-07-18T18:14:00+00:00 [queued]>
[2025-07-18T18:18:09.250+0000] {taskinstance.py:1361} INFO - Starting attempt 1 of 1
[2025-07-18T18:18:09.255+0000] {taskinstance.py:1382} INFO - Executing <Task(BashOperator): bronze_to_silver> on 2025-07-18 18:14:00+00:00
[2025-07-18T18:18:09.258+0000] {standard_task_runner.py:57} INFO - Started process 3077 to run task
[2025-07-18T18:18:09.260+0000] {standard_task_runner.py:84} INFO - Running: ['***', 'tasks', 'run', 'restaurant_pipeline', 'bronze_to_silver', 'scheduled__2025-07-18T18:14:00+00:00', '--job-id', '347', '--raw', '--subdir', 'DAGS_FOLDER/restaurant_pipeline.py', '--cfg-path', '/tmp/tmpuo877lph']
[2025-07-18T18:18:09.262+0000] {standard_task_runner.py:85} INFO - Job 347: Subtask bronze_to_silver
[2025-07-18T18:18:09.288+0000] {task_command.py:416} INFO - Running <TaskInstance: restaurant_pipeline.bronze_to_silver scheduled__2025-07-18T18:14:00+00:00 [running]> on host 9bcfb43e0ab7
[2025-07-18T18:18:09.325+0000] {taskinstance.py:1662} INFO - Exporting env vars: AIRFLOW_CTX_DAG_OWNER='moran' AIRFLOW_CTX_DAG_ID='restaurant_pipeline' AIRFLOW_CTX_TASK_ID='bronze_to_silver' AIRFLOW_CTX_EXECUTION_DATE='2025-07-18T18:14:00+00:00' AIRFLOW_CTX_TRY_NUMBER='1' AIRFLOW_CTX_DAG_RUN_ID='scheduled__2025-07-18T18:14:00+00:00'
[2025-07-18T18:18:09.326+0000] {subprocess.py:63} INFO - Tmp dir root location: /tmp
[2025-07-18T18:18:09.326+0000] {subprocess.py:75} INFO - Running command: ['/bin/bash', '-c', 'docker exec spark-iceberg spark-submit /home/iceberg/spark/bronze_to_silver.py']
[2025-07-18T18:18:09.330+0000] {subprocess.py:86} INFO - Output:
[2025-07-18T18:18:10.754+0000] {subprocess.py:93} INFO - 25/07/18 18:18:10 INFO SparkContext: Running Spark version 3.5.6
[2025-07-18T18:18:10.756+0000] {subprocess.py:93} INFO - 25/07/18 18:18:10 INFO SparkContext: OS info Linux, 6.10.14-linuxkit, aarch64
[2025-07-18T18:18:10.756+0000] {subprocess.py:93} INFO - 25/07/18 18:18:10 INFO SparkContext: Java version 17.0.15
[2025-07-18T18:18:10.770+0000] {subprocess.py:93} INFO - 25/07/18 18:18:10 INFO ResourceUtils: ==============================================================
[2025-07-18T18:18:10.771+0000] {subprocess.py:93} INFO - 25/07/18 18:18:10 INFO ResourceUtils: No custom resources configured for spark.driver.
[2025-07-18T18:18:10.772+0000] {subprocess.py:93} INFO - 25/07/18 18:18:10 INFO ResourceUtils: ==============================================================
[2025-07-18T18:18:10.772+0000] {subprocess.py:93} INFO - 25/07/18 18:18:10 INFO SparkContext: Submitted application: BronzeToSilver
[2025-07-18T18:18:10.781+0000] {subprocess.py:93} INFO - 25/07/18 18:18:10 INFO ResourceProfile: Default ResourceProfile created, executor resources: Map(cores -> name: cores, amount: 1, script: , vendor: , memory -> name: memory, amount: 1024, script: , vendor: , offHeap -> name: offHeap, amount: 0, script: , vendor: ), task resources: Map(cpus -> name: cpus, amount: 1.0)
[2025-07-18T18:18:10.785+0000] {subprocess.py:93} INFO - 25/07/18 18:18:10 INFO ResourceProfile: Limiting resource is cpu
[2025-07-18T18:18:10.786+0000] {subprocess.py:93} INFO - 25/07/18 18:18:10 INFO ResourceProfileManager: Added ResourceProfile id: 0
[2025-07-18T18:18:10.811+0000] {subprocess.py:93} INFO - 25/07/18 18:18:10 INFO SecurityManager: Changing view acls to: root,spark
[2025-07-18T18:18:10.812+0000] {subprocess.py:93} INFO - 25/07/18 18:18:10 INFO SecurityManager: Changing modify acls to: root,spark
[2025-07-18T18:18:10.812+0000] {subprocess.py:93} INFO - 25/07/18 18:18:10 INFO SecurityManager: Changing view acls groups to:
[2025-07-18T18:18:10.812+0000] {subprocess.py:93} INFO - 25/07/18 18:18:10 INFO SecurityManager: Changing modify acls groups to:
[2025-07-18T18:18:10.812+0000] {subprocess.py:93} INFO - 25/07/18 18:18:10 INFO SecurityManager: SecurityManager: authentication disabled; ui acls disabled; users with view permissions: root, spark; groups with view permissions: EMPTY; users with modify permissions: root, spark; groups with modify permissions: EMPTY
[2025-07-18T18:18:10.844+0000] {subprocess.py:93} INFO - 25/07/18 18:18:10 WARN NativeCodeLoader: Unable to load native-hadoop library for your platform... using builtin-java classes where applicable
[2025-07-18T18:18:10.978+0000] {subprocess.py:93} INFO - 25/07/18 18:18:10 INFO Utils: Successfully started service 'sparkDriver' on port 43753.
[2025-07-18T18:18:10.994+0000] {subprocess.py:93} INFO - 25/07/18 18:18:10 INFO SparkEnv: Registering MapOutputTracker
[2025-07-18T18:18:11.017+0000] {subprocess.py:93} INFO - 25/07/18 18:18:11 INFO SparkEnv: Registering BlockManagerMaster
[2025-07-18T18:18:11.033+0000] {subprocess.py:93} INFO - 25/07/18 18:18:11 INFO BlockManagerMasterEndpoint: Using org.apache.spark.storage.DefaultTopologyMapper for getting topology information
[2025-07-18T18:18:11.033+0000] {subprocess.py:93} INFO - 25/07/18 18:18:11 INFO BlockManagerMasterEndpoint: BlockManagerMasterEndpoint up
[2025-07-18T18:18:11.043+0000] {subprocess.py:93} INFO - 25/07/18 18:18:11 INFO SparkEnv: Registering BlockManagerMasterHeartbeat
[2025-07-18T18:18:11.065+0000] {subprocess.py:93} INFO - 25/07/18 18:18:11 INFO DiskBlockManager: Created local directory at /tmp/blockmgr-626267a3-aeb2-4d5c-a9c4-ef33229b76ee
[2025-07-18T18:18:11.083+0000] {subprocess.py:93} INFO - 25/07/18 18:18:11 INFO MemoryStore: MemoryStore started with capacity 434.4 MiB
[2025-07-18T18:18:11.091+0000] {subprocess.py:93} INFO - 25/07/18 18:18:11 INFO SparkEnv: Registering OutputCommitCoordinator
[2025-07-18T18:18:11.147+0000] {subprocess.py:93} INFO - 25/07/18 18:18:11 INFO JettyUtils: Start Jetty 0.0.0.0:4040 for SparkUI
[2025-07-18T18:18:11.175+0000] {subprocess.py:93} INFO - 25/07/18 18:18:11 INFO Utils: Successfully started service 'SparkUI' on port 4040.
[2025-07-18T18:18:11.224+0000] {subprocess.py:93} INFO - 25/07/18 18:18:11 INFO Executor: Starting executor ID driver on host 77cb57a6bd53
[2025-07-18T18:18:11.224+0000] {subprocess.py:93} INFO - 25/07/18 18:18:11 INFO Executor: OS info Linux, 6.10.14-linuxkit, aarch64
[2025-07-18T18:18:11.224+0000] {subprocess.py:93} INFO - 25/07/18 18:18:11 INFO Executor: Java version 17.0.15
[2025-07-18T18:18:11.228+0000] {subprocess.py:93} INFO - 25/07/18 18:18:11 INFO Executor: Starting executor with user classpath (userClassPathFirst = false): ''
[2025-07-18T18:18:11.228+0000] {subprocess.py:93} INFO - 25/07/18 18:18:11 INFO Executor: Created or updated repl class loader org.apache.spark.util.MutableURLClassLoader@f7f7d8 for default.
[2025-07-18T18:18:11.238+0000] {subprocess.py:93} INFO - 25/07/18 18:18:11 INFO Utils: Successfully started service 'org.apache.spark.network.netty.NettyBlockTransferService' on port 44171.
[2025-07-18T18:18:11.238+0000] {subprocess.py:93} INFO - 25/07/18 18:18:11 INFO NettyBlockTransferService: Server created on 77cb57a6bd53:44171
[2025-07-18T18:18:11.239+0000] {subprocess.py:93} INFO - 25/07/18 18:18:11 INFO BlockManager: Using org.apache.spark.storage.RandomBlockReplicationPolicy for block replication policy
[2025-07-18T18:18:11.247+0000] {subprocess.py:93} INFO - 25/07/18 18:18:11 INFO BlockManagerMaster: Registering BlockManager BlockManagerId(driver, 77cb57a6bd53, 44171, None)
[2025-07-18T18:18:11.252+0000] {subprocess.py:93} INFO - 25/07/18 18:18:11 INFO BlockManagerMasterEndpoint: Registering block manager 77cb57a6bd53:44171 with 434.4 MiB RAM, BlockManagerId(driver, 77cb57a6bd53, 44171, None)
[2025-07-18T18:18:11.258+0000] {subprocess.py:93} INFO - 25/07/18 18:18:11 INFO BlockManagerMaster: Registered BlockManager BlockManagerId(driver, 77cb57a6bd53, 44171, None)
[2025-07-18T18:18:11.259+0000] {subprocess.py:93} INFO - 25/07/18 18:18:11 INFO BlockManager: Initialized BlockManager: BlockManagerId(driver, 77cb57a6bd53, 44171, None)
[2025-07-18T18:18:11.510+0000] {subprocess.py:93} INFO - 25/07/18 18:18:11 INFO SharedState: Setting hive.metastore.warehouse.dir ('null') to the value of spark.sql.warehouse.dir.
[2025-07-18T18:18:11.525+0000] {subprocess.py:93} INFO - 25/07/18 18:18:11 INFO SharedState: Warehouse path is 'file:/app/spark-warehouse'.
[2025-07-18T18:18:12.339+0000] {subprocess.py:93} INFO - 25/07/18 18:18:12 WARN MetricsConfig: Cannot locate configuration: tried hadoop-metrics2-s3a-file-system.properties,hadoop-metrics2.properties
[2025-07-18T18:18:12.347+0000] {subprocess.py:93} INFO - 25/07/18 18:18:12 INFO MetricsSystemImpl: Scheduled Metric snapshot period at 10 second(s).
[2025-07-18T18:18:12.348+0000] {subprocess.py:93} INFO - 25/07/18 18:18:12 INFO MetricsSystemImpl: s3a-file-system metrics system started
[2025-07-18T18:18:12.962+0000] {subprocess.py:93} INFO - 25/07/18 18:18:12 INFO BaseMetastoreCatalog: Table loaded by catalog: my_catalog.bronze.Reservations_raw
[2025-07-18T18:18:13.181+0000] {subprocess.py:93} INFO - 25/07/18 18:18:13 INFO BaseMetastoreCatalog: Table loaded by catalog: my_catalog.bronze.Checkins_raw
[2025-07-18T18:18:13.220+0000] {subprocess.py:93} INFO - 25/07/18 18:18:13 INFO BaseMetastoreCatalog: Table loaded by catalog: my_catalog.bronze.Feedback_raw
[2025-07-18T18:18:13.593+0000] {subprocess.py:93} INFO - Traceback (most recent call last):
[2025-07-18T18:18:13.593+0000] {subprocess.py:93} INFO -   File "/home/iceberg/spark/bronze_to_silver.py", line 45, in <module>
[2025-07-18T18:18:13.593+0000] {subprocess.py:93} INFO -     customers_df.write.format("iceberg").mode("overwrite").save(customers_table)
[2025-07-18T18:18:13.593+0000] {subprocess.py:93} INFO -   File "/opt/bitnami/spark/python/lib/pyspark.zip/pyspark/sql/readwriter.py", line 1463, in save
[2025-07-18T18:18:13.594+0000] {subprocess.py:93} INFO -   File "/opt/bitnami/spark/python/lib/py4j-0.10.9.7-src.zip/py4j/java_gateway.py", line 1322, in __call__
[2025-07-18T18:18:13.594+0000] {subprocess.py:93} INFO -   File "/opt/bitnami/spark/python/lib/pyspark.zip/pyspark/errors/exceptions/captured.py", line 185, in deco
[2025-07-18T18:18:13.602+0000] {subprocess.py:93} INFO - pyspark.errors.exceptions.captured.AnalysisException: [TABLE_OR_VIEW_NOT_FOUND] The table or view silver.customers cannot be found. Verify the spelling and correctness of the schema and catalog.
[2025-07-18T18:18:13.603+0000] {subprocess.py:93} INFO - If you did not qualify the name with a schema, verify the current_schema() output, or qualify the name with the correct schema and catalog.
[2025-07-18T18:18:13.604+0000] {subprocess.py:93} INFO - To tolerate the error on drop use DROP VIEW IF EXISTS or DROP TABLE IF EXISTS.
[2025-07-18T18:18:13.626+0000] {subprocess.py:93} INFO - 25/07/18 18:18:13 INFO SparkContext: Invoking stop() from shutdown hook
[2025-07-18T18:18:13.626+0000] {subprocess.py:93} INFO - 25/07/18 18:18:13 INFO SparkContext: SparkContext is stopping with exitCode 0.
[2025-07-18T18:18:13.634+0000] {subprocess.py:93} INFO - 25/07/18 18:18:13 INFO SparkUI: Stopped Spark web UI at http://77cb57a6bd53:4040
[2025-07-18T18:18:13.641+0000] {subprocess.py:93} INFO - 25/07/18 18:18:13 INFO MapOutputTrackerMasterEndpoint: MapOutputTrackerMasterEndpoint stopped!
[2025-07-18T18:18:13.649+0000] {subprocess.py:93} INFO - 25/07/18 18:18:13 INFO MemoryStore: MemoryStore cleared
[2025-07-18T18:18:13.650+0000] {subprocess.py:93} INFO - 25/07/18 18:18:13 INFO BlockManager: BlockManager stopped
[2025-07-18T18:18:13.653+0000] {subprocess.py:93} INFO - 25/07/18 18:18:13 INFO BlockManagerMaster: BlockManagerMaster stopped
[2025-07-18T18:18:13.655+0000] {subprocess.py:93} INFO - 25/07/18 18:18:13 INFO OutputCommitCoordinator$OutputCommitCoordinatorEndpoint: OutputCommitCoordinator stopped!
[2025-07-18T18:18:13.661+0000] {subprocess.py:93} INFO - 25/07/18 18:18:13 INFO SparkContext: Successfully stopped SparkContext
[2025-07-18T18:18:13.661+0000] {subprocess.py:93} INFO - 25/07/18 18:18:13 INFO ShutdownHookManager: Shutdown hook called
[2025-07-18T18:18:13.661+0000] {subprocess.py:93} INFO - 25/07/18 18:18:13 INFO ShutdownHookManager: Deleting directory /tmp/spark-cda9bbfb-e244-4166-bcde-d550c545c44b
[2025-07-18T18:18:13.662+0000] {subprocess.py:93} INFO - 25/07/18 18:18:13 INFO ShutdownHookManager: Deleting directory /tmp/spark-cda9bbfb-e244-4166-bcde-d550c545c44b/pyspark-a8b37206-f5c7-4340-8944-80c51744c0ef
[2025-07-18T18:18:13.663+0000] {subprocess.py:93} INFO - 25/07/18 18:18:13 INFO ShutdownHookManager: Deleting directory /tmp/spark-323a0e78-c6b5-4079-93f6-27947147117d
[2025-07-18T18:18:13.666+0000] {subprocess.py:93} INFO - 25/07/18 18:18:13 INFO MetricsSystemImpl: Stopping s3a-file-system metrics system...
[2025-07-18T18:18:13.666+0000] {subprocess.py:93} INFO - 25/07/18 18:18:13 INFO MetricsSystemImpl: s3a-file-system metrics system stopped.
[2025-07-18T18:18:13.666+0000] {subprocess.py:93} INFO - 25/07/18 18:18:13 INFO MetricsSystemImpl: s3a-file-system metrics system shutdown complete.
[2025-07-18T18:18:13.726+0000] {subprocess.py:97} INFO - Command exited with return code 1
[2025-07-18T18:18:13.733+0000] {taskinstance.py:1937} ERROR - Task failed with exception
Traceback (most recent call last):
  File "/home/airflow/.local/lib/python3.8/site-packages/airflow/operators/bash.py", line 210, in execute
    raise AirflowException(
airflow.exceptions.AirflowException: Bash command failed. The command returned a non-zero exit code 1.
[2025-07-18T18:18:13.735+0000] {taskinstance.py:1400} INFO - Marking task as FAILED. dag_id=restaurant_pipeline, task_id=bronze_to_silver, execution_date=20250718T181400, start_date=20250718T181809, end_date=20250718T181813
[2025-07-18T18:18:13.741+0000] {standard_task_runner.py:104} ERROR - Failed to execute job 347 for task bronze_to_silver (Bash command failed. The command returned a non-zero exit code 1.; 3077)
[2025-07-18T18:18:13.762+0000] {local_task_job_runner.py:228} INFO - Task exited with return code 1
[2025-07-18T18:18:13.786+0000] {taskinstance.py:2778} INFO - 0 downstream tasks scheduled from follow-on schedule check
