[2025-07-18T19:10:08.133+0000] {taskinstance.py:1159} INFO - Dependencies all met for dep_context=non-requeueable deps ti=<TaskInstance: restaurant_pipeline.silver_to_gold manual__2025-07-18T19:06:38.472902+00:00 [queued]>
[2025-07-18T19:10:08.143+0000] {taskinstance.py:1159} INFO - Dependencies all met for dep_context=requeueable deps ti=<TaskInstance: restaurant_pipeline.silver_to_gold manual__2025-07-18T19:06:38.472902+00:00 [queued]>
[2025-07-18T19:10:08.144+0000] {taskinstance.py:1361} INFO - Starting attempt 1 of 1
[2025-07-18T19:10:08.154+0000] {taskinstance.py:1382} INFO - Executing <Task(BashOperator): silver_to_gold> on 2025-07-18 19:06:38.472902+00:00
[2025-07-18T19:10:08.157+0000] {standard_task_runner.py:57} INFO - Started process 4438 to run task
[2025-07-18T19:10:08.163+0000] {standard_task_runner.py:84} INFO - Running: ['***', 'tasks', 'run', 'restaurant_pipeline', 'silver_to_gold', 'manual__2025-07-18T19:06:38.472902+00:00', '--job-id', '473', '--raw', '--subdir', 'DAGS_FOLDER/restaurant_pipeline.py', '--cfg-path', '/tmp/tmpyr58z64g']
[2025-07-18T19:10:08.165+0000] {standard_task_runner.py:85} INFO - Job 473: Subtask silver_to_gold
[2025-07-18T19:10:08.206+0000] {task_command.py:416} INFO - Running <TaskInstance: restaurant_pipeline.silver_to_gold manual__2025-07-18T19:06:38.472902+00:00 [running]> on host 9bcfb43e0ab7
[2025-07-18T19:10:08.293+0000] {taskinstance.py:1662} INFO - Exporting env vars: AIRFLOW_CTX_DAG_OWNER='moran' AIRFLOW_CTX_DAG_ID='restaurant_pipeline' AIRFLOW_CTX_TASK_ID='silver_to_gold' AIRFLOW_CTX_EXECUTION_DATE='2025-07-18T19:06:38.472902+00:00' AIRFLOW_CTX_TRY_NUMBER='1' AIRFLOW_CTX_DAG_RUN_ID='manual__2025-07-18T19:06:38.472902+00:00'
[2025-07-18T19:10:08.295+0000] {subprocess.py:63} INFO - Tmp dir root location: /tmp
[2025-07-18T19:10:08.297+0000] {subprocess.py:75} INFO - Running command: ['/bin/bash', '-c', 'docker exec spark-iceberg spark-submit /home/iceberg/spark/silver_to_gold.py']
[2025-07-18T19:10:08.307+0000] {subprocess.py:86} INFO - Output:
[2025-07-18T19:10:09.796+0000] {subprocess.py:93} INFO - 25/07/18 19:10:09 INFO SparkContext: Running Spark version 3.5.6
[2025-07-18T19:10:09.798+0000] {subprocess.py:93} INFO - 25/07/18 19:10:09 INFO SparkContext: OS info Linux, 6.10.14-linuxkit, aarch64
[2025-07-18T19:10:09.798+0000] {subprocess.py:93} INFO - 25/07/18 19:10:09 INFO SparkContext: Java version 17.0.15
[2025-07-18T19:10:09.817+0000] {subprocess.py:93} INFO - 25/07/18 19:10:09 INFO ResourceUtils: ==============================================================
[2025-07-18T19:10:09.817+0000] {subprocess.py:93} INFO - 25/07/18 19:10:09 INFO ResourceUtils: No custom resources configured for spark.driver.
[2025-07-18T19:10:09.818+0000] {subprocess.py:93} INFO - 25/07/18 19:10:09 INFO ResourceUtils: ==============================================================
[2025-07-18T19:10:09.818+0000] {subprocess.py:93} INFO - 25/07/18 19:10:09 INFO SparkContext: Submitted application: SilverToGold
[2025-07-18T19:10:09.835+0000] {subprocess.py:93} INFO - 25/07/18 19:10:09 INFO ResourceProfile: Default ResourceProfile created, executor resources: Map(cores -> name: cores, amount: 1, script: , vendor: , memory -> name: memory, amount: 1024, script: , vendor: , offHeap -> name: offHeap, amount: 0, script: , vendor: ), task resources: Map(cpus -> name: cpus, amount: 1.0)
[2025-07-18T19:10:09.841+0000] {subprocess.py:93} INFO - 25/07/18 19:10:09 INFO ResourceProfile: Limiting resource is cpu
[2025-07-18T19:10:09.841+0000] {subprocess.py:93} INFO - 25/07/18 19:10:09 INFO ResourceProfileManager: Added ResourceProfile id: 0
[2025-07-18T19:10:09.871+0000] {subprocess.py:93} INFO - 25/07/18 19:10:09 INFO SecurityManager: Changing view acls to: root,spark
[2025-07-18T19:10:09.871+0000] {subprocess.py:93} INFO - 25/07/18 19:10:09 INFO SecurityManager: Changing modify acls to: root,spark
[2025-07-18T19:10:09.871+0000] {subprocess.py:93} INFO - 25/07/18 19:10:09 INFO SecurityManager: Changing view acls groups to:
[2025-07-18T19:10:09.871+0000] {subprocess.py:93} INFO - 25/07/18 19:10:09 INFO SecurityManager: Changing modify acls groups to:
[2025-07-18T19:10:09.872+0000] {subprocess.py:93} INFO - 25/07/18 19:10:09 INFO SecurityManager: SecurityManager: authentication disabled; ui acls disabled; users with view permissions: root, spark; groups with view permissions: EMPTY; users with modify permissions: root, spark; groups with modify permissions: EMPTY
[2025-07-18T19:10:09.905+0000] {subprocess.py:93} INFO - 25/07/18 19:10:09 WARN NativeCodeLoader: Unable to load native-hadoop library for your platform... using builtin-java classes where applicable
[2025-07-18T19:10:10.036+0000] {subprocess.py:93} INFO - 25/07/18 19:10:10 INFO Utils: Successfully started service 'sparkDriver' on port 44571.
[2025-07-18T19:10:10.054+0000] {subprocess.py:93} INFO - 25/07/18 19:10:10 INFO SparkEnv: Registering MapOutputTracker
[2025-07-18T19:10:10.076+0000] {subprocess.py:93} INFO - 25/07/18 19:10:10 INFO SparkEnv: Registering BlockManagerMaster
[2025-07-18T19:10:10.085+0000] {subprocess.py:93} INFO - 25/07/18 19:10:10 INFO BlockManagerMasterEndpoint: Using org.apache.spark.storage.DefaultTopologyMapper for getting topology information
[2025-07-18T19:10:10.087+0000] {subprocess.py:93} INFO - 25/07/18 19:10:10 INFO BlockManagerMasterEndpoint: BlockManagerMasterEndpoint up
[2025-07-18T19:10:10.089+0000] {subprocess.py:93} INFO - 25/07/18 19:10:10 INFO SparkEnv: Registering BlockManagerMasterHeartbeat
[2025-07-18T19:10:10.111+0000] {subprocess.py:93} INFO - 25/07/18 19:10:10 INFO DiskBlockManager: Created local directory at /tmp/blockmgr-6d925c84-8167-47d2-929c-3a0ab931155d
[2025-07-18T19:10:10.126+0000] {subprocess.py:93} INFO - 25/07/18 19:10:10 INFO MemoryStore: MemoryStore started with capacity 434.4 MiB
[2025-07-18T19:10:10.126+0000] {subprocess.py:93} INFO - 25/07/18 19:10:10 INFO SparkEnv: Registering OutputCommitCoordinator
[2025-07-18T19:10:10.196+0000] {subprocess.py:93} INFO - 25/07/18 19:10:10 INFO JettyUtils: Start Jetty 0.0.0.0:4040 for SparkUI
[2025-07-18T19:10:10.229+0000] {subprocess.py:93} INFO - 25/07/18 19:10:10 INFO Utils: Successfully started service 'SparkUI' on port 4040.
[2025-07-18T19:10:10.286+0000] {subprocess.py:93} INFO - 25/07/18 19:10:10 INFO Executor: Starting executor ID driver on host 77cb57a6bd53
[2025-07-18T19:10:10.286+0000] {subprocess.py:93} INFO - 25/07/18 19:10:10 INFO Executor: OS info Linux, 6.10.14-linuxkit, aarch64
[2025-07-18T19:10:10.286+0000] {subprocess.py:93} INFO - 25/07/18 19:10:10 INFO Executor: Java version 17.0.15
[2025-07-18T19:10:10.289+0000] {subprocess.py:93} INFO - 25/07/18 19:10:10 INFO Executor: Starting executor with user classpath (userClassPathFirst = false): ''
[2025-07-18T19:10:10.289+0000] {subprocess.py:93} INFO - 25/07/18 19:10:10 INFO Executor: Created or updated repl class loader org.apache.spark.util.MutableURLClassLoader@538d9dc1 for default.
[2025-07-18T19:10:10.300+0000] {subprocess.py:93} INFO - 25/07/18 19:10:10 INFO Utils: Successfully started service 'org.apache.spark.network.netty.NettyBlockTransferService' on port 39205.
[2025-07-18T19:10:10.300+0000] {subprocess.py:93} INFO - 25/07/18 19:10:10 INFO NettyBlockTransferService: Server created on 77cb57a6bd53:39205
[2025-07-18T19:10:10.301+0000] {subprocess.py:93} INFO - 25/07/18 19:10:10 INFO BlockManager: Using org.apache.spark.storage.RandomBlockReplicationPolicy for block replication policy
[2025-07-18T19:10:10.306+0000] {subprocess.py:93} INFO - 25/07/18 19:10:10 INFO BlockManagerMaster: Registering BlockManager BlockManagerId(driver, 77cb57a6bd53, 39205, None)
[2025-07-18T19:10:10.308+0000] {subprocess.py:93} INFO - 25/07/18 19:10:10 INFO BlockManagerMasterEndpoint: Registering block manager 77cb57a6bd53:39205 with 434.4 MiB RAM, BlockManagerId(driver, 77cb57a6bd53, 39205, None)
[2025-07-18T19:10:10.309+0000] {subprocess.py:93} INFO - 25/07/18 19:10:10 INFO BlockManagerMaster: Registered BlockManager BlockManagerId(driver, 77cb57a6bd53, 39205, None)
[2025-07-18T19:10:10.313+0000] {subprocess.py:93} INFO - 25/07/18 19:10:10 INFO BlockManager: Initialized BlockManager: BlockManagerId(driver, 77cb57a6bd53, 39205, None)
[2025-07-18T19:10:10.612+0000] {subprocess.py:93} INFO - 25/07/18 19:10:10 INFO SharedState: Setting hive.metastore.warehouse.dir ('null') to the value of spark.sql.warehouse.dir.
[2025-07-18T19:10:10.617+0000] {subprocess.py:93} INFO - 25/07/18 19:10:10 INFO SharedState: Warehouse path is 'file:/app/spark-warehouse'.
[2025-07-18T19:10:11.272+0000] {subprocess.py:93} INFO - 25/07/18 19:10:11 WARN MetricsConfig: Cannot locate configuration: tried hadoop-metrics2-s3a-file-system.properties,hadoop-metrics2.properties
[2025-07-18T19:10:11.280+0000] {subprocess.py:93} INFO - 25/07/18 19:10:11 INFO MetricsSystemImpl: Scheduled Metric snapshot period at 10 second(s).
[2025-07-18T19:10:11.280+0000] {subprocess.py:93} INFO - 25/07/18 19:10:11 INFO MetricsSystemImpl: s3a-file-system metrics system started
[2025-07-18T19:10:12.780+0000] {subprocess.py:93} INFO - 25/07/18 19:10:12 INFO BaseMetastoreCatalog: Table loaded by catalog: my_catalog.silver.scd2_branch
[2025-07-18T19:10:12.818+0000] {subprocess.py:93} INFO - 25/07/18 19:10:12 INFO BaseMetastoreCatalog: Table loaded by catalog: my_catalog.silver.table
[2025-07-18T19:10:12.865+0000] {subprocess.py:93} INFO - 25/07/18 19:10:12 INFO BaseMetastoreCatalog: Table loaded by catalog: my_catalog.silver.customers
[2025-07-18T19:10:12.960+0000] {subprocess.py:93} INFO - 25/07/18 19:10:12 INFO BaseMetastoreCatalog: Table loaded by catalog: my_catalog.silver.reservations_cleaned
[2025-07-18T19:10:12.991+0000] {subprocess.py:93} INFO - 25/07/18 19:10:12 INFO BaseMetastoreCatalog: Table loaded by catalog: my_catalog.silver.checkins_cleaned
[2025-07-18T19:10:13.021+0000] {subprocess.py:93} INFO - 25/07/18 19:10:13 INFO BaseMetastoreCatalog: Table loaded by catalog: my_catalog.silver.feedback_cleaned
[2025-07-18T19:10:13.745+0000] {subprocess.py:93} INFO - Traceback (most recent call last):
[2025-07-18T19:10:13.745+0000] {subprocess.py:93} INFO -   File "/home/iceberg/spark/silver_to_gold.py", line 188, in <module>
[2025-07-18T19:10:13.746+0000] {subprocess.py:93} INFO -     fact_reservations_df.write.format("iceberg").mode("append").save("my_catalog.gold.fact_reservations")
[2025-07-18T19:10:13.746+0000] {subprocess.py:93} INFO -   File "/opt/bitnami/spark/python/lib/pyspark.zip/pyspark/sql/readwriter.py", line 1463, in save
[2025-07-18T19:10:13.746+0000] {subprocess.py:93} INFO -   File "/opt/bitnami/spark/python/lib/py4j-0.10.9.7-src.zip/py4j/java_gateway.py", line 1322, in __call__
[2025-07-18T19:10:13.746+0000] {subprocess.py:93} INFO -   File "/opt/bitnami/spark/python/lib/pyspark.zip/pyspark/errors/exceptions/captured.py", line 185, in deco
[2025-07-18T19:10:13.750+0000] {subprocess.py:93} INFO - pyspark.errors.exceptions.captured.AnalysisException: [TABLE_OR_VIEW_NOT_FOUND] The table or view gold.fact_reservations cannot be found. Verify the spelling and correctness of the schema and catalog.
[2025-07-18T19:10:13.751+0000] {subprocess.py:93} INFO - If you did not qualify the name with a schema, verify the current_schema() output, or qualify the name with the correct schema and catalog.
[2025-07-18T19:10:13.751+0000] {subprocess.py:93} INFO - To tolerate the error on drop use DROP VIEW IF EXISTS or DROP TABLE IF EXISTS.
[2025-07-18T19:10:13.770+0000] {subprocess.py:93} INFO - 25/07/18 19:10:13 INFO SparkContext: Invoking stop() from shutdown hook
[2025-07-18T19:10:13.770+0000] {subprocess.py:93} INFO - 25/07/18 19:10:13 INFO SparkContext: SparkContext is stopping with exitCode 0.
[2025-07-18T19:10:13.776+0000] {subprocess.py:93} INFO - 25/07/18 19:10:13 INFO SparkUI: Stopped Spark web UI at http://77cb57a6bd53:4040
[2025-07-18T19:10:13.782+0000] {subprocess.py:93} INFO - 25/07/18 19:10:13 INFO MapOutputTrackerMasterEndpoint: MapOutputTrackerMasterEndpoint stopped!
[2025-07-18T19:10:13.789+0000] {subprocess.py:93} INFO - 25/07/18 19:10:13 INFO MemoryStore: MemoryStore cleared
[2025-07-18T19:10:13.790+0000] {subprocess.py:93} INFO - 25/07/18 19:10:13 INFO BlockManager: BlockManager stopped
[2025-07-18T19:10:13.793+0000] {subprocess.py:93} INFO - 25/07/18 19:10:13 INFO BlockManagerMaster: BlockManagerMaster stopped
[2025-07-18T19:10:13.794+0000] {subprocess.py:93} INFO - 25/07/18 19:10:13 INFO OutputCommitCoordinator$OutputCommitCoordinatorEndpoint: OutputCommitCoordinator stopped!
[2025-07-18T19:10:13.798+0000] {subprocess.py:93} INFO - 25/07/18 19:10:13 INFO SparkContext: Successfully stopped SparkContext
[2025-07-18T19:10:13.799+0000] {subprocess.py:93} INFO - 25/07/18 19:10:13 INFO ShutdownHookManager: Shutdown hook called
[2025-07-18T19:10:13.800+0000] {subprocess.py:93} INFO - 25/07/18 19:10:13 INFO ShutdownHookManager: Deleting directory /tmp/spark-533f46a8-9928-4c2e-88bc-1aa116d728db
[2025-07-18T19:10:13.801+0000] {subprocess.py:93} INFO - 25/07/18 19:10:13 INFO ShutdownHookManager: Deleting directory /tmp/spark-5a158cdd-6e46-40ae-814d-c6d280c463bd
[2025-07-18T19:10:13.803+0000] {subprocess.py:93} INFO - 25/07/18 19:10:13 INFO ShutdownHookManager: Deleting directory /tmp/spark-533f46a8-9928-4c2e-88bc-1aa116d728db/pyspark-7204504a-03f2-4d87-8fe9-3886c0e352bd
[2025-07-18T19:10:13.805+0000] {subprocess.py:93} INFO - 25/07/18 19:10:13 INFO MetricsSystemImpl: Stopping s3a-file-system metrics system...
[2025-07-18T19:10:13.806+0000] {subprocess.py:93} INFO - 25/07/18 19:10:13 INFO MetricsSystemImpl: s3a-file-system metrics system stopped.
[2025-07-18T19:10:13.806+0000] {subprocess.py:93} INFO - 25/07/18 19:10:13 INFO MetricsSystemImpl: s3a-file-system metrics system shutdown complete.
[2025-07-18T19:10:13.840+0000] {subprocess.py:97} INFO - Command exited with return code 1
[2025-07-18T19:10:13.847+0000] {taskinstance.py:1937} ERROR - Task failed with exception
Traceback (most recent call last):
  File "/home/airflow/.local/lib/python3.8/site-packages/airflow/operators/bash.py", line 210, in execute
    raise AirflowException(
airflow.exceptions.AirflowException: Bash command failed. The command returned a non-zero exit code 1.
[2025-07-18T19:10:13.849+0000] {taskinstance.py:1400} INFO - Marking task as FAILED. dag_id=restaurant_pipeline, task_id=silver_to_gold, execution_date=20250718T190638, start_date=20250718T191008, end_date=20250718T191013
[2025-07-18T19:10:13.857+0000] {standard_task_runner.py:104} ERROR - Failed to execute job 473 for task silver_to_gold (Bash command failed. The command returned a non-zero exit code 1.; 4438)
[2025-07-18T19:10:13.886+0000] {local_task_job_runner.py:228} INFO - Task exited with return code 1
[2025-07-18T19:10:13.906+0000] {taskinstance.py:2778} INFO - 0 downstream tasks scheduled from follow-on schedule check
