[2025-07-18T20:06:01.805+0000] {taskinstance.py:1159} INFO - Dependencies all met for dep_context=non-requeueable deps ti=<TaskInstance: restaurant_pipeline.send_to_kafka scheduled__2025-07-18T20:04:00+00:00 [queued]>
[2025-07-18T20:06:01.808+0000] {taskinstance.py:1159} INFO - Dependencies all met for dep_context=requeueable deps ti=<TaskInstance: restaurant_pipeline.send_to_kafka scheduled__2025-07-18T20:04:00+00:00 [queued]>
[2025-07-18T20:06:01.809+0000] {taskinstance.py:1361} INFO - Starting attempt 1 of 1
[2025-07-18T20:06:01.814+0000] {taskinstance.py:1382} INFO - Executing <Task(BashOperator): send_to_kafka> on 2025-07-18 20:04:00+00:00
[2025-07-18T20:06:01.816+0000] {standard_task_runner.py:57} INFO - Started process 5773 to run task
[2025-07-18T20:06:01.818+0000] {standard_task_runner.py:84} INFO - Running: ['***', 'tasks', 'run', 'restaurant_pipeline', 'send_to_kafka', 'scheduled__2025-07-18T20:04:00+00:00', '--job-id', '590', '--raw', '--subdir', 'DAGS_FOLDER/restaurant_pipeline.py', '--cfg-path', '/tmp/tmpxe6je56n']
[2025-07-18T20:06:01.820+0000] {standard_task_runner.py:85} INFO - Job 590: Subtask send_to_kafka
[2025-07-18T20:06:01.841+0000] {task_command.py:416} INFO - Running <TaskInstance: restaurant_pipeline.send_to_kafka scheduled__2025-07-18T20:04:00+00:00 [running]> on host 9bcfb43e0ab7
[2025-07-18T20:06:01.878+0000] {taskinstance.py:1662} INFO - Exporting env vars: AIRFLOW_CTX_DAG_OWNER='moran' AIRFLOW_CTX_DAG_ID='restaurant_pipeline' AIRFLOW_CTX_TASK_ID='send_to_kafka' AIRFLOW_CTX_EXECUTION_DATE='2025-07-18T20:04:00+00:00' AIRFLOW_CTX_TRY_NUMBER='1' AIRFLOW_CTX_DAG_RUN_ID='scheduled__2025-07-18T20:04:00+00:00'
[2025-07-18T20:06:01.879+0000] {subprocess.py:63} INFO - Tmp dir root location: /tmp
[2025-07-18T20:06:01.879+0000] {subprocess.py:75} INFO - Running command: ['/bin/bash', '-c', 'python /opt/streaming/producer.py']
[2025-07-18T20:06:01.883+0000] {subprocess.py:86} INFO - Output:
[2025-07-18T20:06:04.156+0000] {subprocess.py:93} INFO - [✓] Sent to reservations: {'reservation_id': 3958, 'branch_id': 101, 'customer_name': 'Curtis Paul', 'phone_number': '(520)897-4007', 'reservation_date': '2025-07-18', 'reservation_time': '21:57', 'guests_count': 6, 'is_confirmed': False}
[2025-07-18T20:06:04.159+0000] {subprocess.py:93} INFO - [✓] Sent to reservations: {'reservation_id': 5833, 'branch_id': 102, 'customer_name': 'Katherine Wilson', 'phone_number': '+1-209-778-6808x856', 'reservation_date': '2025-07-18', 'reservation_time': '21:08', 'guests_count': 3, 'is_confirmed': True}
[2025-07-18T20:06:04.160+0000] {subprocess.py:93} INFO - [✓] Sent to reservations: {'reservation_id': 8225, 'branch_id': 101, 'customer_name': 'Sierra Bell', 'phone_number': '929.704.9299x6293', 'reservation_date': '2025-07-18', 'reservation_time': '21:14', 'guests_count': 3, 'is_confirmed': False}
[2025-07-18T20:06:04.160+0000] {subprocess.py:93} INFO - [✓] Sent to checkins: {'checkin_id': 7862, 'customer_name': 'Steven Hernandez', 'phone_number': '509-674-5887x97800', 'branch_id': 101, 'table_id': 207, 'is_prebooked': True, 'checkin_date': '2025-07-18', 'checkin_time': '19:53', 'guests_count': 2, 'shift_manager': 'Monica Hampton'}
[2025-07-18T20:06:04.161+0000] {subprocess.py:93} INFO - [✓] Sent to checkins: {'checkin_id': 7518, 'customer_name': 'Debra Wilkerson', 'phone_number': '(469)317-1967x342', 'branch_id': 101, 'table_id': 200, 'is_prebooked': True, 'checkin_date': '2025-07-18', 'checkin_time': '18:49', 'guests_count': 5, 'shift_manager': 'Christopher Shea'}
[2025-07-18T20:06:04.161+0000] {subprocess.py:93} INFO - [✓] Sent to checkins: {'checkin_id': 4296, 'customer_name': 'Angela Matthews', 'phone_number': '655-581-0950x5927', 'branch_id': 101, 'table_id': 200, 'is_prebooked': True, 'checkin_date': '2025-07-18', 'checkin_time': '18:35', 'guests_count': 1, 'shift_manager': 'Pamela Vang'}
[2025-07-18T20:06:04.162+0000] {subprocess.py:93} INFO - [✓] Sent to feedback: {'feedback_id': 7121, 'branch_id': 101, 'customer_name': 'Ronald Smith', 'phone_number': '(663)652-3203x8983', 'feedback_text': 'Describe executive rest offer commercial when.', 'rating': 4, 'dining_date': '2025-07-18', 'dining_time': '19:48', 'submission_time': '2025-07-18T20:06:00'}
[2025-07-18T20:06:04.162+0000] {subprocess.py:93} INFO - [✓] Sent to feedback: {'feedback_id': 4679, 'branch_id': 101, 'customer_name': 'Stephen Evans', 'phone_number': '(225)579-0824x0628', 'feedback_text': 'Player break detail rock play.', 'rating': 5, 'dining_date': '2025-07-18', 'dining_time': '18:16', 'submission_time': '2025-07-18T20:06:00'}
[2025-07-18T20:06:04.162+0000] {subprocess.py:93} INFO - [✓] Sent to feedback: {'feedback_id': 7632, 'branch_id': 102, 'customer_name': 'Kristin Mora', 'phone_number': '885-482-5621', 'feedback_text': 'Such state project unit trouble under vote.', 'rating': 2, 'dining_date': '2025-07-18', 'dining_time': '18:12', 'submission_time': '2025-07-18T20:06:00'}
[2025-07-18T20:06:04.163+0000] {subprocess.py:93} INFO - ✅ All messages sent.
[2025-07-18T20:06:04.212+0000] {subprocess.py:97} INFO - Command exited with return code 0
[2025-07-18T20:06:04.231+0000] {taskinstance.py:1400} INFO - Marking task as SUCCESS. dag_id=restaurant_pipeline, task_id=send_to_kafka, execution_date=20250718T200400, start_date=20250718T200601, end_date=20250718T200604
[2025-07-18T20:06:04.241+0000] {local_task_job_runner.py:228} INFO - Task exited with return code 0
[2025-07-18T20:06:04.266+0000] {taskinstance.py:2778} INFO - 1 downstream tasks scheduled from follow-on schedule check
