[2025-07-18T16:48:02.295+0000] {taskinstance.py:1159} INFO - Dependencies all met for dep_context=non-requeueable deps ti=<TaskInstance: restaurant_pipeline.send_to_kafka scheduled__2025-07-18T16:46:00+00:00 [queued]>
[2025-07-18T16:48:02.299+0000] {taskinstance.py:1159} INFO - Dependencies all met for dep_context=requeueable deps ti=<TaskInstance: restaurant_pipeline.send_to_kafka scheduled__2025-07-18T16:46:00+00:00 [queued]>
[2025-07-18T16:48:02.300+0000] {taskinstance.py:1361} INFO - Starting attempt 1 of 1
[2025-07-18T16:48:02.305+0000] {taskinstance.py:1382} INFO - Executing <Task(BashOperator): send_to_kafka> on 2025-07-18 16:46:00+00:00
[2025-07-18T16:48:02.307+0000] {standard_task_runner.py:57} INFO - Started process 1894 to run task
[2025-07-18T16:48:02.309+0000] {standard_task_runner.py:84} INFO - Running: ['***', 'tasks', 'run', 'restaurant_pipeline', 'send_to_kafka', 'scheduled__2025-07-18T16:46:00+00:00', '--job-id', '237', '--raw', '--subdir', 'DAGS_FOLDER/restaurant_pipeline.py', '--cfg-path', '/tmp/tmpbnupl7_2']
[2025-07-18T16:48:02.311+0000] {standard_task_runner.py:85} INFO - Job 237: Subtask send_to_kafka
[2025-07-18T16:48:02.335+0000] {task_command.py:416} INFO - Running <TaskInstance: restaurant_pipeline.send_to_kafka scheduled__2025-07-18T16:46:00+00:00 [running]> on host 9bcfb43e0ab7
[2025-07-18T16:48:02.372+0000] {taskinstance.py:1662} INFO - Exporting env vars: AIRFLOW_CTX_DAG_OWNER='moran' AIRFLOW_CTX_DAG_ID='restaurant_pipeline' AIRFLOW_CTX_TASK_ID='send_to_kafka' AIRFLOW_CTX_EXECUTION_DATE='2025-07-18T16:46:00+00:00' AIRFLOW_CTX_TRY_NUMBER='1' AIRFLOW_CTX_DAG_RUN_ID='scheduled__2025-07-18T16:46:00+00:00'
[2025-07-18T16:48:02.372+0000] {subprocess.py:63} INFO - Tmp dir root location: /tmp
[2025-07-18T16:48:02.373+0000] {subprocess.py:75} INFO - Running command: ['/bin/bash', '-c', 'python /opt/streaming/producer.py']
[2025-07-18T16:48:02.377+0000] {subprocess.py:86} INFO - Output:
[2025-07-18T16:48:04.663+0000] {subprocess.py:93} INFO - [✓] Sent to reservations: {'reservation_id': 8755, 'branch_id': 101, 'customer_name': 'George Howard', 'phone_number': '+1-773-476-5270x0908', 'reservation_date': '2025-07-18', 'reservation_time': '17:32', 'guests_count': 7, 'is_confirmed': True}
[2025-07-18T16:48:04.668+0000] {subprocess.py:93} INFO - [✓] Sent to reservations: {'reservation_id': 7198, 'branch_id': 101, 'customer_name': 'Shaun Gross', 'phone_number': '(405)687-6379', 'reservation_date': '2025-07-18', 'reservation_time': '16:58', 'guests_count': 4, 'is_confirmed': False}
[2025-07-18T16:48:04.669+0000] {subprocess.py:93} INFO - [✓] Sent to reservations: {'reservation_id': 3017, 'branch_id': 102, 'customer_name': 'Clifford Velazquez', 'phone_number': '(588)760-4733x4255', 'reservation_date': '2025-07-18', 'reservation_time': '18:33', 'guests_count': 5, 'is_confirmed': False}
[2025-07-18T16:48:04.671+0000] {subprocess.py:93} INFO - [✓] Sent to checkins: {'checkin_id': 4443, 'customer_name': 'Debra Barnett', 'phone_number': '880-724-4043x35737', 'branch_id': 101, 'table_id': 210, 'is_prebooked': True, 'checkin_date': '2025-07-18', 'checkin_time': '16:13', 'guests_count': 2, 'shift_manager': 'Jerry Baker'}
[2025-07-18T16:48:04.672+0000] {subprocess.py:93} INFO - [✓] Sent to checkins: {'checkin_id': 9364, 'customer_name': 'Vickie Hall', 'phone_number': '260.541.8281x330', 'branch_id': 102, 'table_id': 207, 'is_prebooked': False, 'checkin_date': '2025-07-18', 'checkin_time': '16:27', 'guests_count': 2, 'shift_manager': 'Marissa Stone'}
[2025-07-18T16:48:04.673+0000] {subprocess.py:93} INFO - [✓] Sent to checkins: {'checkin_id': 1098, 'customer_name': 'Kevin Fowler', 'phone_number': '4849694579', 'branch_id': 101, 'table_id': 210, 'is_prebooked': False, 'checkin_date': '2025-07-18', 'checkin_time': '15:12', 'guests_count': 2, 'shift_manager': 'Michael Gonzales'}
[2025-07-18T16:48:04.678+0000] {subprocess.py:93} INFO - [✓] Sent to feedback: {'feedback_id': 1597, 'branch_id': 102, 'customer_name': 'Kristen Lowe', 'phone_number': '001-628-628-4692x05685', 'feedback_text': 'Plan western speech say call type tend.', 'rating': 2, 'dining_date': '2025-07-18', 'dining_time': '15:13', 'submission_time': '2025-07-18T16:48:01'}
[2025-07-18T16:48:04.683+0000] {subprocess.py:93} INFO - [✓] Sent to feedback: {'feedback_id': 1180, 'branch_id': 101, 'customer_name': 'Alexander Lewis', 'phone_number': '(344)223-6591x8692', 'feedback_text': 'Court service five sing only.', 'rating': 3, 'dining_date': '2025-07-18', 'dining_time': '16:34', 'submission_time': '2025-07-18T16:48:01'}
[2025-07-18T16:48:04.684+0000] {subprocess.py:93} INFO - [✓] Sent to feedback: {'feedback_id': 5602, 'branch_id': 101, 'customer_name': 'Johnny Williams', 'phone_number': '(299)266-5095', 'feedback_text': 'Congress young opportunity.', 'rating': 5, 'dining_date': '2025-07-18', 'dining_time': '15:08', 'submission_time': '2025-07-18T16:48:01'}
[2025-07-18T16:48:04.685+0000] {subprocess.py:93} INFO - ✅ All messages sent.
[2025-07-18T16:48:04.745+0000] {subprocess.py:97} INFO - Command exited with return code 0
[2025-07-18T16:48:04.818+0000] {taskinstance.py:1400} INFO - Marking task as SUCCESS. dag_id=restaurant_pipeline, task_id=send_to_kafka, execution_date=20250718T164600, start_date=20250718T164802, end_date=20250718T164804
[2025-07-18T16:48:04.877+0000] {local_task_job_runner.py:228} INFO - Task exited with return code 0
[2025-07-18T16:48:04.940+0000] {taskinstance.py:2778} INFO - 1 downstream tasks scheduled from follow-on schedule check
