[2025-07-19T18:10:28.442+0000] {taskinstance.py:1159} INFO - Dependencies all met for dep_context=non-requeueable deps ti=<TaskInstance: restaurant_pipeline.stream_to_bronze scheduled__2025-07-19T18:08:00+00:00 [queued]>
[2025-07-19T18:10:28.458+0000] {taskinstance.py:1159} INFO - Dependencies all met for dep_context=requeueable deps ti=<TaskInstance: restaurant_pipeline.stream_to_bronze scheduled__2025-07-19T18:08:00+00:00 [queued]>
[2025-07-19T18:10:28.459+0000] {taskinstance.py:1361} INFO - Starting attempt 1 of 1
[2025-07-19T18:10:28.470+0000] {taskinstance.py:1382} INFO - Executing <Task(BashOperator): stream_to_bronze> on 2025-07-19 18:08:00+00:00
[2025-07-19T18:10:28.472+0000] {standard_task_runner.py:57} INFO - Started process 455 to run task
[2025-07-19T18:10:28.474+0000] {standard_task_runner.py:84} INFO - Running: ['***', 'tasks', 'run', 'restaurant_pipeline', 'stream_to_bronze', 'scheduled__2025-07-19T18:08:00+00:00', '--job-id', '945', '--raw', '--subdir', 'DAGS_FOLDER/restaurant_pipeline.py', '--cfg-path', '/tmp/tmps393bzpx']
[2025-07-19T18:10:28.476+0000] {standard_task_runner.py:85} INFO - Job 945: Subtask stream_to_bronze
[2025-07-19T18:10:28.501+0000] {task_command.py:416} INFO - Running <TaskInstance: restaurant_pipeline.stream_to_bronze scheduled__2025-07-19T18:08:00+00:00 [running]> on host e3f5d8fc4eef
[2025-07-19T18:10:28.541+0000] {taskinstance.py:1662} INFO - Exporting env vars: AIRFLOW_CTX_DAG_OWNER='moran' AIRFLOW_CTX_DAG_ID='restaurant_pipeline' AIRFLOW_CTX_TASK_ID='stream_to_bronze' AIRFLOW_CTX_EXECUTION_DATE='2025-07-19T18:08:00+00:00' AIRFLOW_CTX_TRY_NUMBER='1' AIRFLOW_CTX_DAG_RUN_ID='scheduled__2025-07-19T18:08:00+00:00'
[2025-07-19T18:10:28.541+0000] {subprocess.py:63} INFO - Tmp dir root location: /tmp
[2025-07-19T18:10:28.542+0000] {subprocess.py:75} INFO - Running command: ['/bin/bash', '-c', "docker exec -e AIRFLOW_CTX_DAG_RUN_ID='scheduled__2025-07-19T18:08:00+00:00' spark-iceberg spark-submit /home/iceberg/spark/stream_to_bronze.py"]
[2025-07-19T18:10:28.547+0000] {subprocess.py:86} INFO - Output:
[2025-07-19T18:10:30.040+0000] {subprocess.py:93} INFO - 25/07/19 18:10:30 INFO SparkContext: Running Spark version 3.5.6
[2025-07-19T18:10:30.041+0000] {subprocess.py:93} INFO - 25/07/19 18:10:30 INFO SparkContext: OS info Linux, 6.10.14-linuxkit, aarch64
[2025-07-19T18:10:30.041+0000] {subprocess.py:93} INFO - 25/07/19 18:10:30 INFO SparkContext: Java version 17.0.15
[2025-07-19T18:10:30.056+0000] {subprocess.py:93} INFO - 25/07/19 18:10:30 INFO ResourceUtils: ==============================================================
[2025-07-19T18:10:30.057+0000] {subprocess.py:93} INFO - 25/07/19 18:10:30 INFO ResourceUtils: No custom resources configured for spark.driver.
[2025-07-19T18:10:30.057+0000] {subprocess.py:93} INFO - 25/07/19 18:10:30 INFO ResourceUtils: ==============================================================
[2025-07-19T18:10:30.057+0000] {subprocess.py:93} INFO - 25/07/19 18:10:30 INFO SparkContext: Submitted application: StreamToBronze
[2025-07-19T18:10:30.068+0000] {subprocess.py:93} INFO - 25/07/19 18:10:30 INFO ResourceProfile: Default ResourceProfile created, executor resources: Map(cores -> name: cores, amount: 1, script: , vendor: , memory -> name: memory, amount: 1024, script: , vendor: , offHeap -> name: offHeap, amount: 0, script: , vendor: ), task resources: Map(cpus -> name: cpus, amount: 1.0)
[2025-07-19T18:10:30.072+0000] {subprocess.py:93} INFO - 25/07/19 18:10:30 INFO ResourceProfile: Limiting resource is cpu
[2025-07-19T18:10:30.072+0000] {subprocess.py:93} INFO - 25/07/19 18:10:30 INFO ResourceProfileManager: Added ResourceProfile id: 0
[2025-07-19T18:10:30.095+0000] {subprocess.py:93} INFO - 25/07/19 18:10:30 INFO SecurityManager: Changing view acls to: root,spark
[2025-07-19T18:10:30.096+0000] {subprocess.py:93} INFO - 25/07/19 18:10:30 INFO SecurityManager: Changing modify acls to: root,spark
[2025-07-19T18:10:30.096+0000] {subprocess.py:93} INFO - 25/07/19 18:10:30 INFO SecurityManager: Changing view acls groups to:
[2025-07-19T18:10:30.096+0000] {subprocess.py:93} INFO - 25/07/19 18:10:30 INFO SecurityManager: Changing modify acls groups to:
[2025-07-19T18:10:30.096+0000] {subprocess.py:93} INFO - 25/07/19 18:10:30 INFO SecurityManager: SecurityManager: authentication disabled; ui acls disabled; users with view permissions: root, spark; groups with view permissions: EMPTY; users with modify permissions: root, spark; groups with modify permissions: EMPTY
[2025-07-19T18:10:30.124+0000] {subprocess.py:93} INFO - 25/07/19 18:10:30 WARN NativeCodeLoader: Unable to load native-hadoop library for your platform... using builtin-java classes where applicable
[2025-07-19T18:10:30.255+0000] {subprocess.py:93} INFO - 25/07/19 18:10:30 INFO Utils: Successfully started service 'sparkDriver' on port 40809.
[2025-07-19T18:10:30.264+0000] {subprocess.py:93} INFO - 25/07/19 18:10:30 INFO SparkEnv: Registering MapOutputTracker
[2025-07-19T18:10:30.285+0000] {subprocess.py:93} INFO - 25/07/19 18:10:30 INFO SparkEnv: Registering BlockManagerMaster
[2025-07-19T18:10:30.299+0000] {subprocess.py:93} INFO - 25/07/19 18:10:30 INFO BlockManagerMasterEndpoint: Using org.apache.spark.storage.DefaultTopologyMapper for getting topology information
[2025-07-19T18:10:30.300+0000] {subprocess.py:93} INFO - 25/07/19 18:10:30 INFO BlockManagerMasterEndpoint: BlockManagerMasterEndpoint up
[2025-07-19T18:10:30.303+0000] {subprocess.py:93} INFO - 25/07/19 18:10:30 INFO SparkEnv: Registering BlockManagerMasterHeartbeat
[2025-07-19T18:10:30.316+0000] {subprocess.py:93} INFO - 25/07/19 18:10:30 INFO DiskBlockManager: Created local directory at /tmp/blockmgr-9f45ea22-faf4-40c1-bcc9-f0de5f664272
[2025-07-19T18:10:30.322+0000] {subprocess.py:93} INFO - 25/07/19 18:10:30 INFO MemoryStore: MemoryStore started with capacity 434.4 MiB
[2025-07-19T18:10:30.329+0000] {subprocess.py:93} INFO - 25/07/19 18:10:30 INFO SparkEnv: Registering OutputCommitCoordinator
[2025-07-19T18:10:30.382+0000] {subprocess.py:93} INFO - 25/07/19 18:10:30 INFO JettyUtils: Start Jetty 0.0.0.0:4040 for SparkUI
[2025-07-19T18:10:30.404+0000] {subprocess.py:93} INFO - 25/07/19 18:10:30 WARN Utils: Service 'SparkUI' could not bind on port 4040. Attempting port 4041.
[2025-07-19T18:10:30.407+0000] {subprocess.py:93} INFO - 25/07/19 18:10:30 INFO Utils: Successfully started service 'SparkUI' on port 4041.
[2025-07-19T18:10:30.453+0000] {subprocess.py:93} INFO - 25/07/19 18:10:30 INFO Executor: Starting executor ID driver on host 8b44f3d35cfa
[2025-07-19T18:10:30.453+0000] {subprocess.py:93} INFO - 25/07/19 18:10:30 INFO Executor: OS info Linux, 6.10.14-linuxkit, aarch64
[2025-07-19T18:10:30.453+0000] {subprocess.py:93} INFO - 25/07/19 18:10:30 INFO Executor: Java version 17.0.15
[2025-07-19T18:10:30.456+0000] {subprocess.py:93} INFO - 25/07/19 18:10:30 INFO Executor: Starting executor with user classpath (userClassPathFirst = false): ''
[2025-07-19T18:10:30.456+0000] {subprocess.py:93} INFO - 25/07/19 18:10:30 INFO Executor: Created or updated repl class loader org.apache.spark.util.MutableURLClassLoader@5ca04690 for default.
[2025-07-19T18:10:30.465+0000] {subprocess.py:93} INFO - 25/07/19 18:10:30 INFO Utils: Successfully started service 'org.apache.spark.network.netty.NettyBlockTransferService' on port 42429.
[2025-07-19T18:10:30.465+0000] {subprocess.py:93} INFO - 25/07/19 18:10:30 INFO NettyBlockTransferService: Server created on 8b44f3d35cfa:42429
[2025-07-19T18:10:30.466+0000] {subprocess.py:93} INFO - 25/07/19 18:10:30 INFO BlockManager: Using org.apache.spark.storage.RandomBlockReplicationPolicy for block replication policy
[2025-07-19T18:10:30.472+0000] {subprocess.py:93} INFO - 25/07/19 18:10:30 INFO BlockManagerMaster: Registering BlockManager BlockManagerId(driver, 8b44f3d35cfa, 42429, None)
[2025-07-19T18:10:30.478+0000] {subprocess.py:93} INFO - 25/07/19 18:10:30 INFO BlockManagerMasterEndpoint: Registering block manager 8b44f3d35cfa:42429 with 434.4 MiB RAM, BlockManagerId(driver, 8b44f3d35cfa, 42429, None)
[2025-07-19T18:10:30.479+0000] {subprocess.py:93} INFO - 25/07/19 18:10:30 INFO BlockManagerMaster: Registered BlockManager BlockManagerId(driver, 8b44f3d35cfa, 42429, None)
[2025-07-19T18:10:30.479+0000] {subprocess.py:93} INFO - 25/07/19 18:10:30 INFO BlockManager: Initialized BlockManager: BlockManagerId(driver, 8b44f3d35cfa, 42429, None)
[2025-07-19T18:10:30.690+0000] {subprocess.py:93} INFO - 25/07/19 18:10:30 INFO SharedState: Setting hive.metastore.warehouse.dir ('null') to the value of spark.sql.warehouse.dir.
[2025-07-19T18:10:30.693+0000] {subprocess.py:93} INFO - 25/07/19 18:10:30 INFO SharedState: Warehouse path is 'file:/app/spark-warehouse'.
[2025-07-19T18:10:31.571+0000] {subprocess.py:93} INFO - 25/07/19 18:10:31 WARN MetricsConfig: Cannot locate configuration: tried hadoop-metrics2-s3a-file-system.properties,hadoop-metrics2.properties
[2025-07-19T18:10:31.578+0000] {subprocess.py:93} INFO - 25/07/19 18:10:31 INFO MetricsSystemImpl: Scheduled Metric snapshot period at 10 second(s).
[2025-07-19T18:10:31.578+0000] {subprocess.py:93} INFO - 25/07/19 18:10:31 INFO MetricsSystemImpl: s3a-file-system metrics system started
[2025-07-19T18:10:32.121+0000] {subprocess.py:93} INFO - 25/07/19 18:10:32 INFO BaseMetastoreCatalog: Table loaded by catalog: my_catalog.bronze.Reservations_raw
[2025-07-19T18:10:32.130+0000] {subprocess.py:93} INFO - 25/07/19 18:10:32 INFO StateStoreCoordinatorRef: Registered StateStoreCoordinator endpoint
[2025-07-19T18:10:32.157+0000] {subprocess.py:93} INFO - 25/07/19 18:10:32 INFO ResolveWriteToStream: Checkpoint root /tmp/checkpoints/reservations/scheduled__2025-07-19T18:08:00+00:00 resolved to file:/tmp/checkpoints/reservations/scheduled__2025-07-19T18:08:00+00:00.
[2025-07-19T18:10:32.157+0000] {subprocess.py:93} INFO - 25/07/19 18:10:32 WARN ResolveWriteToStream: spark.sql.adaptive.enabled is not supported in streaming DataFrames/Datasets and will be disabled.
[2025-07-19T18:10:32.185+0000] {subprocess.py:93} INFO - 25/07/19 18:10:32 INFO CheckpointFileManager: Writing atomically to file:/tmp/checkpoints/reservations/scheduled__2025-07-19T18:08:00+00:00/metadata using temp file file:/tmp/checkpoints/reservations/scheduled__2025-07-19T18:08:00+00:00/.metadata.c8ef2ddc-2492-439a-9a52-5649206f4712.tmp
[2025-07-19T18:10:32.225+0000] {subprocess.py:93} INFO - 25/07/19 18:10:32 INFO CheckpointFileManager: Renamed temp file file:/tmp/checkpoints/reservations/scheduled__2025-07-19T18:08:00+00:00/.metadata.c8ef2ddc-2492-439a-9a52-5649206f4712.tmp to file:/tmp/checkpoints/reservations/scheduled__2025-07-19T18:08:00+00:00/metadata
[2025-07-19T18:10:32.243+0000] {subprocess.py:93} INFO - 25/07/19 18:10:32 INFO MicroBatchExecution: Starting [id = 82541427-0234-443d-a241-fbe2db231467, runId = b5fa4583-3b11-4912-8cd2-b95089a342e5]. Use file:/tmp/checkpoints/reservations/scheduled__2025-07-19T18:08:00+00:00 to store the query checkpoint.
[2025-07-19T18:10:32.253+0000] {subprocess.py:93} INFO - 25/07/19 18:10:32 INFO MicroBatchExecution: Reading table [org.apache.spark.sql.kafka010.KafkaSourceProvider$KafkaTable@5f6040b0] from DataSourceV2 named 'kafka' [org.apache.spark.sql.kafka010.KafkaSourceProvider@c92f82a]
[2025-07-19T18:10:32.275+0000] {subprocess.py:93} INFO - 25/07/19 18:10:32 INFO OffsetSeqLog: BatchIds found from listing:
[2025-07-19T18:10:32.278+0000] {subprocess.py:93} INFO - 25/07/19 18:10:32 INFO OffsetSeqLog: BatchIds found from listing:
[2025-07-19T18:10:32.279+0000] {subprocess.py:93} INFO - 25/07/19 18:10:32 INFO MicroBatchExecution: Starting new streaming query.
[2025-07-19T18:10:32.280+0000] {subprocess.py:93} INFO - 25/07/19 18:10:32 INFO MicroBatchExecution: Stream started from {}
[2025-07-19T18:10:32.356+0000] {subprocess.py:93} INFO - 25/07/19 18:10:32 INFO BaseMetastoreCatalog: Table loaded by catalog: my_catalog.bronze.Checkins_raw
[2025-07-19T18:10:32.357+0000] {subprocess.py:93} INFO - 25/07/19 18:10:32 INFO ResolveWriteToStream: Checkpoint root /tmp/checkpoints/checkins/scheduled__2025-07-19T18:08:00+00:00 resolved to file:/tmp/checkpoints/checkins/scheduled__2025-07-19T18:08:00+00:00.
[2025-07-19T18:10:32.358+0000] {subprocess.py:93} INFO - 25/07/19 18:10:32 WARN ResolveWriteToStream: spark.sql.adaptive.enabled is not supported in streaming DataFrames/Datasets and will be disabled.
[2025-07-19T18:10:32.370+0000] {subprocess.py:93} INFO - 25/07/19 18:10:32 INFO CheckpointFileManager: Writing atomically to file:/tmp/checkpoints/checkins/scheduled__2025-07-19T18:08:00+00:00/metadata using temp file file:/tmp/checkpoints/checkins/scheduled__2025-07-19T18:08:00+00:00/.metadata.83795345-58cf-49c5-baf7-784878b33e67.tmp
[2025-07-19T18:10:32.376+0000] {subprocess.py:93} INFO - 25/07/19 18:10:32 INFO CheckpointFileManager: Renamed temp file file:/tmp/checkpoints/checkins/scheduled__2025-07-19T18:08:00+00:00/.metadata.83795345-58cf-49c5-baf7-784878b33e67.tmp to file:/tmp/checkpoints/checkins/scheduled__2025-07-19T18:08:00+00:00/metadata
[2025-07-19T18:10:32.383+0000] {subprocess.py:93} INFO - 25/07/19 18:10:32 INFO MicroBatchExecution: Starting [id = 388eeac0-7d94-47c5-9d66-5b0c24819e84, runId = 9a5f0c51-7a5e-4ad6-9a66-95a04dc4f848]. Use file:/tmp/checkpoints/checkins/scheduled__2025-07-19T18:08:00+00:00 to store the query checkpoint.
[2025-07-19T18:10:32.384+0000] {subprocess.py:93} INFO - 25/07/19 18:10:32 INFO MicroBatchExecution: Reading table [org.apache.spark.sql.kafka010.KafkaSourceProvider$KafkaTable@63419a40] from DataSourceV2 named 'kafka' [org.apache.spark.sql.kafka010.KafkaSourceProvider@6d866980]
[2025-07-19T18:10:32.385+0000] {subprocess.py:93} INFO - 25/07/19 18:10:32 INFO OffsetSeqLog: BatchIds found from listing:
[2025-07-19T18:10:32.385+0000] {subprocess.py:93} INFO - 25/07/19 18:10:32 INFO OffsetSeqLog: BatchIds found from listing:
[2025-07-19T18:10:32.386+0000] {subprocess.py:93} INFO - 25/07/19 18:10:32 INFO MicroBatchExecution: Starting new streaming query.
[2025-07-19T18:10:32.386+0000] {subprocess.py:93} INFO - 25/07/19 18:10:32 INFO MicroBatchExecution: Stream started from {}
[2025-07-19T18:10:32.453+0000] {subprocess.py:93} INFO - 25/07/19 18:10:32 INFO AdminClientConfig: AdminClientConfig values:
[2025-07-19T18:10:32.454+0000] {subprocess.py:93} INFO - 	auto.include.jmx.reporter = true
[2025-07-19T18:10:32.454+0000] {subprocess.py:93} INFO - 	bootstrap.servers = [kafka:9092]
[2025-07-19T18:10:32.454+0000] {subprocess.py:93} INFO - 	client.dns.lookup = use_all_dns_ips
[2025-07-19T18:10:32.455+0000] {subprocess.py:93} INFO - 	client.id =
[2025-07-19T18:10:32.455+0000] {subprocess.py:93} INFO - 	connections.max.idle.ms = 300000
[2025-07-19T18:10:32.455+0000] {subprocess.py:93} INFO - 	default.api.timeout.ms = 60000
[2025-07-19T18:10:32.456+0000] {subprocess.py:93} INFO - 	metadata.max.age.ms = 300000
[2025-07-19T18:10:32.456+0000] {subprocess.py:93} INFO - 	metric.reporters = []
[2025-07-19T18:10:32.456+0000] {subprocess.py:93} INFO - 	metrics.num.samples = 2
[2025-07-19T18:10:32.457+0000] {subprocess.py:93} INFO - 	metrics.recording.level = INFO
[2025-07-19T18:10:32.457+0000] {subprocess.py:93} INFO - 	metrics.sample.window.ms = 30000
[2025-07-19T18:10:32.457+0000] {subprocess.py:93} INFO - 	receive.buffer.bytes = 65536
[2025-07-19T18:10:32.458+0000] {subprocess.py:93} INFO - 	reconnect.backoff.max.ms = 1000
[2025-07-19T18:10:32.458+0000] {subprocess.py:93} INFO - 	reconnect.backoff.ms = 50
[2025-07-19T18:10:32.459+0000] {subprocess.py:93} INFO - 	request.timeout.ms = 30000
[2025-07-19T18:10:32.459+0000] {subprocess.py:93} INFO - 	retries = 2147483647
[2025-07-19T18:10:32.459+0000] {subprocess.py:93} INFO - 	retry.backoff.ms = 100
[2025-07-19T18:10:32.460+0000] {subprocess.py:93} INFO - 	sasl.client.callback.handler.class = null
[2025-07-19T18:10:32.460+0000] {subprocess.py:93} INFO - 	sasl.jaas.config = null
[2025-07-19T18:10:32.460+0000] {subprocess.py:93} INFO - 	sasl.kerberos.kinit.cmd = /usr/bin/kinit
[2025-07-19T18:10:32.461+0000] {subprocess.py:93} INFO - 	sasl.kerberos.min.time.before.relogin = 60000
[2025-07-19T18:10:32.461+0000] {subprocess.py:93} INFO - 	sasl.kerberos.service.name = null
[2025-07-19T18:10:32.461+0000] {subprocess.py:93} INFO - 	sasl.kerberos.ticket.renew.jitter = 0.05
[2025-07-19T18:10:32.461+0000] {subprocess.py:93} INFO - 	sasl.kerberos.ticket.renew.window.factor = 0.8
[2025-07-19T18:10:32.462+0000] {subprocess.py:93} INFO - 	sasl.login.callback.handler.class = null
[2025-07-19T18:10:32.462+0000] {subprocess.py:93} INFO - 	sasl.login.class = null
[2025-07-19T18:10:32.462+0000] {subprocess.py:93} INFO - 	sasl.login.connect.timeout.ms = null
[2025-07-19T18:10:32.463+0000] {subprocess.py:93} INFO - 	sasl.login.read.timeout.ms = null
[2025-07-19T18:10:32.463+0000] {subprocess.py:93} INFO - 	sasl.login.refresh.buffer.seconds = 300
[2025-07-19T18:10:32.464+0000] {subprocess.py:93} INFO - 	sasl.login.refresh.min.period.seconds = 60
[2025-07-19T18:10:32.464+0000] {subprocess.py:93} INFO - 	sasl.login.refresh.window.factor = 0.8
[2025-07-19T18:10:32.464+0000] {subprocess.py:93} INFO - 	sasl.login.refresh.window.jitter = 0.05
[2025-07-19T18:10:32.464+0000] {subprocess.py:93} INFO - 	sasl.login.retry.backoff.max.ms = 10000
[2025-07-19T18:10:32.465+0000] {subprocess.py:93} INFO - 	sasl.login.retry.backoff.ms = 100
[2025-07-19T18:10:32.465+0000] {subprocess.py:93} INFO - 	sasl.mechanism = GSSAPI
[2025-07-19T18:10:32.466+0000] {subprocess.py:93} INFO - 	sasl.oauthbearer.clock.skew.seconds = 30
[2025-07-19T18:10:32.466+0000] {subprocess.py:93} INFO - 	sasl.oauthbearer.expected.audience = null
[2025-07-19T18:10:32.467+0000] {subprocess.py:93} INFO - 	sasl.oauthbearer.expected.issuer = null
[2025-07-19T18:10:32.467+0000] {subprocess.py:93} INFO - 	sasl.oauthbearer.jwks.endpoint.refresh.ms = 3600000
[2025-07-19T18:10:32.468+0000] {subprocess.py:93} INFO - 	sasl.oauthbearer.jwks.endpoint.retry.backoff.max.ms = 10000
[2025-07-19T18:10:32.469+0000] {subprocess.py:93} INFO - 	sasl.oauthbearer.jwks.endpoint.retry.backoff.ms = 100
[2025-07-19T18:10:32.469+0000] {subprocess.py:93} INFO - 	sasl.oauthbearer.jwks.endpoint.url = null
[2025-07-19T18:10:32.470+0000] {subprocess.py:93} INFO - 	sasl.oauthbearer.scope.claim.name = scope
[2025-07-19T18:10:32.470+0000] {subprocess.py:93} INFO - 	sasl.oauthbearer.sub.claim.name = sub
[2025-07-19T18:10:32.470+0000] {subprocess.py:93} INFO - 	sasl.oauthbearer.token.endpoint.url = null
[2025-07-19T18:10:32.470+0000] {subprocess.py:93} INFO - 	security.protocol = PLAINTEXT
[2025-07-19T18:10:32.471+0000] {subprocess.py:93} INFO - 	security.providers = null
[2025-07-19T18:10:32.471+0000] {subprocess.py:93} INFO - 	send.buffer.bytes = 131072
[2025-07-19T18:10:32.471+0000] {subprocess.py:93} INFO - 	socket.connection.setup.timeout.max.ms = 30000
[2025-07-19T18:10:32.472+0000] {subprocess.py:93} INFO - 	socket.connection.setup.timeout.ms = 10000
[2025-07-19T18:10:32.472+0000] {subprocess.py:93} INFO - 	ssl.cipher.suites = null
[2025-07-19T18:10:32.472+0000] {subprocess.py:93} INFO - 	ssl.enabled.protocols = [TLSv1.2, TLSv1.3]
[2025-07-19T18:10:32.472+0000] {subprocess.py:93} INFO - 	ssl.endpoint.identification.algorithm = https
[2025-07-19T18:10:32.473+0000] {subprocess.py:93} INFO - 	ssl.engine.factory.class = null
[2025-07-19T18:10:32.473+0000] {subprocess.py:93} INFO - 	ssl.key.password = null
[2025-07-19T18:10:32.473+0000] {subprocess.py:93} INFO - 	ssl.keymanager.algorithm = SunX509
[2025-07-19T18:10:32.473+0000] {subprocess.py:93} INFO - 	ssl.keystore.certificate.chain = null
[2025-07-19T18:10:32.474+0000] {subprocess.py:93} INFO - 	ssl.keystore.key = null
[2025-07-19T18:10:32.474+0000] {subprocess.py:93} INFO - 	ssl.keystore.location = null
[2025-07-19T18:10:32.474+0000] {subprocess.py:93} INFO - 	ssl.keystore.password = null
[2025-07-19T18:10:32.474+0000] {subprocess.py:93} INFO - 	ssl.keystore.type = JKS
[2025-07-19T18:10:32.474+0000] {subprocess.py:93} INFO - 	ssl.protocol = TLSv1.3
[2025-07-19T18:10:32.474+0000] {subprocess.py:93} INFO - 	ssl.provider = null
[2025-07-19T18:10:32.474+0000] {subprocess.py:93} INFO - 	ssl.secure.random.implementation = null
[2025-07-19T18:10:32.474+0000] {subprocess.py:93} INFO - 	ssl.trustmanager.algorithm = PKIX
[2025-07-19T18:10:32.475+0000] {subprocess.py:93} INFO - 	ssl.truststore.certificates = null
[2025-07-19T18:10:32.475+0000] {subprocess.py:93} INFO - 	ssl.truststore.location = null
[2025-07-19T18:10:32.475+0000] {subprocess.py:93} INFO - 	ssl.truststore.password = null
[2025-07-19T18:10:32.475+0000] {subprocess.py:93} INFO - 	ssl.truststore.type = JKS
[2025-07-19T18:10:32.475+0000] {subprocess.py:93} INFO - 
[2025-07-19T18:10:32.475+0000] {subprocess.py:93} INFO - 25/07/19 18:10:32 INFO AdminClientConfig: AdminClientConfig values:
[2025-07-19T18:10:32.475+0000] {subprocess.py:93} INFO - 	auto.include.jmx.reporter = true
[2025-07-19T18:10:32.476+0000] {subprocess.py:93} INFO - 	bootstrap.servers = [kafka:9092]
[2025-07-19T18:10:32.476+0000] {subprocess.py:93} INFO - 	client.dns.lookup = use_all_dns_ips
[2025-07-19T18:10:32.476+0000] {subprocess.py:93} INFO - 	client.id =
[2025-07-19T18:10:32.476+0000] {subprocess.py:93} INFO - 	connections.max.idle.ms = 300000
[2025-07-19T18:10:32.476+0000] {subprocess.py:93} INFO - 	default.api.timeout.ms = 60000
[2025-07-19T18:10:32.476+0000] {subprocess.py:93} INFO - 	metadata.max.age.ms = 300000
[2025-07-19T18:10:32.476+0000] {subprocess.py:93} INFO - 	metric.reporters = []
[2025-07-19T18:10:32.476+0000] {subprocess.py:93} INFO - 	metrics.num.samples = 2
[2025-07-19T18:10:32.477+0000] {subprocess.py:93} INFO - 	metrics.recording.level = INFO
[2025-07-19T18:10:32.477+0000] {subprocess.py:93} INFO - 	metrics.sample.window.ms = 30000
[2025-07-19T18:10:32.477+0000] {subprocess.py:93} INFO - 	receive.buffer.bytes = 65536
[2025-07-19T18:10:32.477+0000] {subprocess.py:93} INFO - 	reconnect.backoff.max.ms = 1000
[2025-07-19T18:10:32.477+0000] {subprocess.py:93} INFO - 	reconnect.backoff.ms = 50
[2025-07-19T18:10:32.477+0000] {subprocess.py:93} INFO - 	request.timeout.ms = 30000
[2025-07-19T18:10:32.477+0000] {subprocess.py:93} INFO - 	retries = 2147483647
[2025-07-19T18:10:32.477+0000] {subprocess.py:93} INFO - 	retry.backoff.ms = 100
[2025-07-19T18:10:32.477+0000] {subprocess.py:93} INFO - 	sasl.client.callback.handler.class = null
[2025-07-19T18:10:32.478+0000] {subprocess.py:93} INFO - 	sasl.jaas.config = null
[2025-07-19T18:10:32.478+0000] {subprocess.py:93} INFO - 	sasl.kerberos.kinit.cmd = /usr/bin/kinit
[2025-07-19T18:10:32.478+0000] {subprocess.py:93} INFO - 	sasl.kerberos.min.time.before.relogin = 60000
[2025-07-19T18:10:32.478+0000] {subprocess.py:93} INFO - 	sasl.kerberos.service.name = null
[2025-07-19T18:10:32.478+0000] {subprocess.py:93} INFO - 	sasl.kerberos.ticket.renew.jitter = 0.05
[2025-07-19T18:10:32.478+0000] {subprocess.py:93} INFO - 	sasl.kerberos.ticket.renew.window.factor = 0.8
[2025-07-19T18:10:32.478+0000] {subprocess.py:93} INFO - 	sasl.login.callback.handler.class = null
[2025-07-19T18:10:32.479+0000] {subprocess.py:93} INFO - 	sasl.login.class = null
[2025-07-19T18:10:32.479+0000] {subprocess.py:93} INFO - 	sasl.login.connect.timeout.ms = null
[2025-07-19T18:10:32.479+0000] {subprocess.py:93} INFO - 	sasl.login.read.timeout.ms = null
[2025-07-19T18:10:32.479+0000] {subprocess.py:93} INFO - 	sasl.login.refresh.buffer.seconds = 300
[2025-07-19T18:10:32.479+0000] {subprocess.py:93} INFO - 	sasl.login.refresh.min.period.seconds = 60
[2025-07-19T18:10:32.479+0000] {subprocess.py:93} INFO - 	sasl.login.refresh.window.factor = 0.8
[2025-07-19T18:10:32.479+0000] {subprocess.py:93} INFO - 	sasl.login.refresh.window.jitter = 0.05
[2025-07-19T18:10:32.479+0000] {subprocess.py:93} INFO - 	sasl.login.retry.backoff.max.ms = 10000
[2025-07-19T18:10:32.479+0000] {subprocess.py:93} INFO - 	sasl.login.retry.backoff.ms = 100
[2025-07-19T18:10:32.480+0000] {subprocess.py:93} INFO - 	sasl.mechanism = GSSAPI
[2025-07-19T18:10:32.480+0000] {subprocess.py:93} INFO - 	sasl.oauthbearer.clock.skew.seconds = 30
[2025-07-19T18:10:32.480+0000] {subprocess.py:93} INFO - 	sasl.oauthbearer.expected.audience = null
[2025-07-19T18:10:32.480+0000] {subprocess.py:93} INFO - 	sasl.oauthbearer.expected.issuer = null
[2025-07-19T18:10:32.480+0000] {subprocess.py:93} INFO - 	sasl.oauthbearer.jwks.endpoint.refresh.ms = 3600000
[2025-07-19T18:10:32.480+0000] {subprocess.py:93} INFO - 	sasl.oauthbearer.jwks.endpoint.retry.backoff.max.ms = 10000
[2025-07-19T18:10:32.480+0000] {subprocess.py:93} INFO - 	sasl.oauthbearer.jwks.endpoint.retry.backoff.ms = 100
[2025-07-19T18:10:32.481+0000] {subprocess.py:93} INFO - 	sasl.oauthbearer.jwks.endpoint.url = null
[2025-07-19T18:10:32.481+0000] {subprocess.py:93} INFO - 	sasl.oauthbearer.scope.claim.name = scope
[2025-07-19T18:10:32.481+0000] {subprocess.py:93} INFO - 	sasl.oauthbearer.sub.claim.name = sub
[2025-07-19T18:10:32.481+0000] {subprocess.py:93} INFO - 	sasl.oauthbearer.token.endpoint.url = null
[2025-07-19T18:10:32.481+0000] {subprocess.py:93} INFO - 	security.protocol = PLAINTEXT
[2025-07-19T18:10:32.481+0000] {subprocess.py:93} INFO - 	security.providers = null
[2025-07-19T18:10:32.481+0000] {subprocess.py:93} INFO - 	send.buffer.bytes = 131072
[2025-07-19T18:10:32.481+0000] {subprocess.py:93} INFO - 	socket.connection.setup.timeout.max.ms = 30000
[2025-07-19T18:10:32.481+0000] {subprocess.py:93} INFO - 	socket.connection.setup.timeout.ms = 10000
[2025-07-19T18:10:32.481+0000] {subprocess.py:93} INFO - 	ssl.cipher.suites = null
[2025-07-19T18:10:32.481+0000] {subprocess.py:93} INFO - 	ssl.enabled.protocols = [TLSv1.2, TLSv1.3]
[2025-07-19T18:10:32.482+0000] {subprocess.py:93} INFO - 	ssl.endpoint.identification.algorithm = https
[2025-07-19T18:10:32.482+0000] {subprocess.py:93} INFO - 	ssl.engine.factory.class = null
[2025-07-19T18:10:32.482+0000] {subprocess.py:93} INFO - 	ssl.key.password = null
[2025-07-19T18:10:32.482+0000] {subprocess.py:93} INFO - 	ssl.keymanager.algorithm = SunX509
[2025-07-19T18:10:32.482+0000] {subprocess.py:93} INFO - 	ssl.keystore.certificate.chain = null
[2025-07-19T18:10:32.482+0000] {subprocess.py:93} INFO - 	ssl.keystore.key = null
[2025-07-19T18:10:32.482+0000] {subprocess.py:93} INFO - 	ssl.keystore.location = null
[2025-07-19T18:10:32.482+0000] {subprocess.py:93} INFO - 	ssl.keystore.password = null
[2025-07-19T18:10:32.482+0000] {subprocess.py:93} INFO - 	ssl.keystore.type = JKS
[2025-07-19T18:10:32.483+0000] {subprocess.py:93} INFO - 	ssl.protocol = TLSv1.3
[2025-07-19T18:10:32.483+0000] {subprocess.py:93} INFO - 	ssl.provider = null
[2025-07-19T18:10:32.483+0000] {subprocess.py:93} INFO - 	ssl.secure.random.implementation = null
[2025-07-19T18:10:32.483+0000] {subprocess.py:93} INFO - 	ssl.trustmanager.algorithm = PKIX
[2025-07-19T18:10:32.483+0000] {subprocess.py:93} INFO - 	ssl.truststore.certificates = null
[2025-07-19T18:10:32.483+0000] {subprocess.py:93} INFO - 	ssl.truststore.location = null
[2025-07-19T18:10:32.483+0000] {subprocess.py:93} INFO - 	ssl.truststore.password = null
[2025-07-19T18:10:32.483+0000] {subprocess.py:93} INFO - 	ssl.truststore.type = JKS
[2025-07-19T18:10:32.484+0000] {subprocess.py:93} INFO - 
[2025-07-19T18:10:32.484+0000] {subprocess.py:93} INFO - 25/07/19 18:10:32 INFO BaseMetastoreCatalog: Table loaded by catalog: my_catalog.bronze.Feedback_raw
[2025-07-19T18:10:32.484+0000] {subprocess.py:93} INFO - 25/07/19 18:10:32 INFO ResolveWriteToStream: Checkpoint root /tmp/checkpoints/feedback/scheduled__2025-07-19T18:08:00+00:00 resolved to file:/tmp/checkpoints/feedback/scheduled__2025-07-19T18:08:00+00:00.
[2025-07-19T18:10:32.484+0000] {subprocess.py:93} INFO - 25/07/19 18:10:32 WARN ResolveWriteToStream: spark.sql.adaptive.enabled is not supported in streaming DataFrames/Datasets and will be disabled.
[2025-07-19T18:10:32.484+0000] {subprocess.py:93} INFO - 25/07/19 18:10:32 INFO CheckpointFileManager: Writing atomically to file:/tmp/checkpoints/feedback/scheduled__2025-07-19T18:08:00+00:00/metadata using temp file file:/tmp/checkpoints/feedback/scheduled__2025-07-19T18:08:00+00:00/.metadata.3bba1c30-a997-4b86-bfe6-21ebf8222f94.tmp
[2025-07-19T18:10:32.484+0000] {subprocess.py:93} INFO - 25/07/19 18:10:32 INFO CheckpointFileManager: Renamed temp file file:/tmp/checkpoints/feedback/scheduled__2025-07-19T18:08:00+00:00/.metadata.3bba1c30-a997-4b86-bfe6-21ebf8222f94.tmp to file:/tmp/checkpoints/feedback/scheduled__2025-07-19T18:08:00+00:00/metadata
[2025-07-19T18:10:32.495+0000] {subprocess.py:93} INFO - 25/07/19 18:10:32 INFO MicroBatchExecution: Starting [id = 3e6ea9a8-1918-4adb-a31a-0548e5905da7, runId = 5bb62a1f-8850-43f8-a162-8c373982bd61]. Use file:/tmp/checkpoints/feedback/scheduled__2025-07-19T18:08:00+00:00 to store the query checkpoint.
[2025-07-19T18:10:32.496+0000] {subprocess.py:93} INFO - 25/07/19 18:10:32 INFO MicroBatchExecution: Reading table [org.apache.spark.sql.kafka010.KafkaSourceProvider$KafkaTable@3f390fc6] from DataSourceV2 named 'kafka' [org.apache.spark.sql.kafka010.KafkaSourceProvider@31fee789]
[2025-07-19T18:10:32.496+0000] {subprocess.py:93} INFO - 25/07/19 18:10:32 INFO OffsetSeqLog: BatchIds found from listing:
[2025-07-19T18:10:32.496+0000] {subprocess.py:93} INFO - 25/07/19 18:10:32 INFO OffsetSeqLog: BatchIds found from listing:
[2025-07-19T18:10:32.496+0000] {subprocess.py:93} INFO - 25/07/19 18:10:32 INFO MicroBatchExecution: Starting new streaming query.
[2025-07-19T18:10:32.497+0000] {subprocess.py:93} INFO - 25/07/19 18:10:32 INFO MicroBatchExecution: Stream started from {}
[2025-07-19T18:10:32.497+0000] {subprocess.py:93} INFO - 25/07/19 18:10:32 INFO AdminClientConfig: These configurations '[key.deserializer, value.deserializer, enable.auto.commit, max.poll.records, auto.offset.reset]' were supplied but are not used yet.
[2025-07-19T18:10:32.497+0000] {subprocess.py:93} INFO - 25/07/19 18:10:32 INFO AdminClientConfig: These configurations '[key.deserializer, value.deserializer, enable.auto.commit, max.poll.records, auto.offset.reset]' were supplied but are not used yet.
[2025-07-19T18:10:32.498+0000] {subprocess.py:93} INFO - 25/07/19 18:10:32 INFO AppInfoParser: Kafka version: 3.5.1
[2025-07-19T18:10:32.498+0000] {subprocess.py:93} INFO - 25/07/19 18:10:32 INFO AppInfoParser: Kafka commitId: 2c6fb6c54472e90a
[2025-07-19T18:10:32.498+0000] {subprocess.py:93} INFO - 25/07/19 18:10:32 INFO AppInfoParser: Kafka startTimeMs: 1752948632496
[2025-07-19T18:10:32.499+0000] {subprocess.py:93} INFO - 25/07/19 18:10:32 INFO AppInfoParser: Kafka version: 3.5.1
[2025-07-19T18:10:32.501+0000] {subprocess.py:93} INFO - 25/07/19 18:10:32 INFO AppInfoParser: Kafka commitId: 2c6fb6c54472e90a
[2025-07-19T18:10:32.501+0000] {subprocess.py:93} INFO - 25/07/19 18:10:32 INFO AppInfoParser: Kafka startTimeMs: 1752948632496
[2025-07-19T18:10:32.502+0000] {subprocess.py:93} INFO - 25/07/19 18:10:32 INFO AdminClientConfig: AdminClientConfig values:
[2025-07-19T18:10:32.502+0000] {subprocess.py:93} INFO - 	auto.include.jmx.reporter = true
[2025-07-19T18:10:32.503+0000] {subprocess.py:93} INFO - 	bootstrap.servers = [kafka:9092]
[2025-07-19T18:10:32.503+0000] {subprocess.py:93} INFO - 	client.dns.lookup = use_all_dns_ips
[2025-07-19T18:10:32.503+0000] {subprocess.py:93} INFO - 	client.id =
[2025-07-19T18:10:32.503+0000] {subprocess.py:93} INFO - 	connections.max.idle.ms = 300000
[2025-07-19T18:10:32.504+0000] {subprocess.py:93} INFO - 	default.api.timeout.ms = 60000
[2025-07-19T18:10:32.504+0000] {subprocess.py:93} INFO - 	metadata.max.age.ms = 300000
[2025-07-19T18:10:32.504+0000] {subprocess.py:93} INFO - 	metric.reporters = []
[2025-07-19T18:10:32.504+0000] {subprocess.py:93} INFO - 	metrics.num.samples = 2
[2025-07-19T18:10:32.504+0000] {subprocess.py:93} INFO - 	metrics.recording.level = INFO
[2025-07-19T18:10:32.505+0000] {subprocess.py:93} INFO - 	metrics.sample.window.ms = 30000
[2025-07-19T18:10:32.505+0000] {subprocess.py:93} INFO - 	receive.buffer.bytes = 65536
[2025-07-19T18:10:32.505+0000] {subprocess.py:93} INFO - 	reconnect.backoff.max.ms = 1000
[2025-07-19T18:10:32.505+0000] {subprocess.py:93} INFO - 	reconnect.backoff.ms = 50
[2025-07-19T18:10:32.505+0000] {subprocess.py:93} INFO - 	request.timeout.ms = 30000
[2025-07-19T18:10:32.505+0000] {subprocess.py:93} INFO - 	retries = 2147483647
[2025-07-19T18:10:32.505+0000] {subprocess.py:93} INFO - 	retry.backoff.ms = 100
[2025-07-19T18:10:32.506+0000] {subprocess.py:93} INFO - 	sasl.client.callback.handler.class = null
[2025-07-19T18:10:32.506+0000] {subprocess.py:93} INFO - 	sasl.jaas.config = null
[2025-07-19T18:10:32.506+0000] {subprocess.py:93} INFO - 	sasl.kerberos.kinit.cmd = /usr/bin/kinit
[2025-07-19T18:10:32.506+0000] {subprocess.py:93} INFO - 	sasl.kerberos.min.time.before.relogin = 60000
[2025-07-19T18:10:32.506+0000] {subprocess.py:93} INFO - 	sasl.kerberos.service.name = null
[2025-07-19T18:10:32.506+0000] {subprocess.py:93} INFO - 	sasl.kerberos.ticket.renew.jitter = 0.05
[2025-07-19T18:10:32.507+0000] {subprocess.py:93} INFO - 	sasl.kerberos.ticket.renew.window.factor = 0.8
[2025-07-19T18:10:32.507+0000] {subprocess.py:93} INFO - 	sasl.login.callback.handler.class = null
[2025-07-19T18:10:32.507+0000] {subprocess.py:93} INFO - 	sasl.login.class = null
[2025-07-19T18:10:32.507+0000] {subprocess.py:93} INFO - 	sasl.login.connect.timeout.ms = null
[2025-07-19T18:10:32.507+0000] {subprocess.py:93} INFO - 	sasl.login.read.timeout.ms = null
[2025-07-19T18:10:32.508+0000] {subprocess.py:93} INFO - 	sasl.login.refresh.buffer.seconds = 300
[2025-07-19T18:10:32.508+0000] {subprocess.py:93} INFO - 	sasl.login.refresh.min.period.seconds = 60
[2025-07-19T18:10:32.508+0000] {subprocess.py:93} INFO - 	sasl.login.refresh.window.factor = 0.8
[2025-07-19T18:10:32.508+0000] {subprocess.py:93} INFO - 	sasl.login.refresh.window.jitter = 0.05
[2025-07-19T18:10:32.509+0000] {subprocess.py:93} INFO - 	sasl.login.retry.backoff.max.ms = 10000
[2025-07-19T18:10:32.509+0000] {subprocess.py:93} INFO - 	sasl.login.retry.backoff.ms = 100
[2025-07-19T18:10:32.509+0000] {subprocess.py:93} INFO - 	sasl.mechanism = GSSAPI
[2025-07-19T18:10:32.509+0000] {subprocess.py:93} INFO - 	sasl.oauthbearer.clock.skew.seconds = 30
[2025-07-19T18:10:32.510+0000] {subprocess.py:93} INFO - 	sasl.oauthbearer.expected.audience = null
[2025-07-19T18:10:32.510+0000] {subprocess.py:93} INFO - 	sasl.oauthbearer.expected.issuer = null
[2025-07-19T18:10:32.510+0000] {subprocess.py:93} INFO - 	sasl.oauthbearer.jwks.endpoint.refresh.ms = 3600000
[2025-07-19T18:10:32.510+0000] {subprocess.py:93} INFO - 	sasl.oauthbearer.jwks.endpoint.retry.backoff.max.ms = 10000
[2025-07-19T18:10:32.510+0000] {subprocess.py:93} INFO - 	sasl.oauthbearer.jwks.endpoint.retry.backoff.ms = 100
[2025-07-19T18:10:32.511+0000] {subprocess.py:93} INFO - 	sasl.oauthbearer.jwks.endpoint.url = null
[2025-07-19T18:10:32.511+0000] {subprocess.py:93} INFO - 	sasl.oauthbearer.scope.claim.name = scope
[2025-07-19T18:10:32.511+0000] {subprocess.py:93} INFO - 	sasl.oauthbearer.sub.claim.name = sub
[2025-07-19T18:10:32.511+0000] {subprocess.py:93} INFO - 	sasl.oauthbearer.token.endpoint.url = null
[2025-07-19T18:10:32.511+0000] {subprocess.py:93} INFO - 	security.protocol = PLAINTEXT
[2025-07-19T18:10:32.511+0000] {subprocess.py:93} INFO - 	security.providers = null
[2025-07-19T18:10:32.511+0000] {subprocess.py:93} INFO - 	send.buffer.bytes = 131072
[2025-07-19T18:10:32.511+0000] {subprocess.py:93} INFO - 	socket.connection.setup.timeout.max.ms = 30000
[2025-07-19T18:10:32.511+0000] {subprocess.py:93} INFO - 	socket.connection.setup.timeout.ms = 10000
[2025-07-19T18:10:32.512+0000] {subprocess.py:93} INFO - 	ssl.cipher.suites = null
[2025-07-19T18:10:32.512+0000] {subprocess.py:93} INFO - 	ssl.enabled.protocols = [TLSv1.2, TLSv1.3]
[2025-07-19T18:10:32.512+0000] {subprocess.py:93} INFO - 	ssl.endpoint.identification.algorithm = https
[2025-07-19T18:10:32.512+0000] {subprocess.py:93} INFO - 	ssl.engine.factory.class = null
[2025-07-19T18:10:32.512+0000] {subprocess.py:93} INFO - 	ssl.key.password = null
[2025-07-19T18:10:32.512+0000] {subprocess.py:93} INFO - 	ssl.keymanager.algorithm = SunX509
[2025-07-19T18:10:32.512+0000] {subprocess.py:93} INFO - 	ssl.keystore.certificate.chain = null
[2025-07-19T18:10:32.512+0000] {subprocess.py:93} INFO - 	ssl.keystore.key = null
[2025-07-19T18:10:32.512+0000] {subprocess.py:93} INFO - 	ssl.keystore.location = null
[2025-07-19T18:10:32.512+0000] {subprocess.py:93} INFO - 	ssl.keystore.password = null
[2025-07-19T18:10:32.512+0000] {subprocess.py:93} INFO - 	ssl.keystore.type = JKS
[2025-07-19T18:10:32.512+0000] {subprocess.py:93} INFO - 	ssl.protocol = TLSv1.3
[2025-07-19T18:10:32.512+0000] {subprocess.py:93} INFO - 	ssl.provider = null
[2025-07-19T18:10:32.512+0000] {subprocess.py:93} INFO - 	ssl.secure.random.implementation = null
[2025-07-19T18:10:32.513+0000] {subprocess.py:93} INFO - 	ssl.trustmanager.algorithm = PKIX
[2025-07-19T18:10:32.513+0000] {subprocess.py:93} INFO - 	ssl.truststore.certificates = null
[2025-07-19T18:10:32.513+0000] {subprocess.py:93} INFO - 	ssl.truststore.location = null
[2025-07-19T18:10:32.513+0000] {subprocess.py:93} INFO - 	ssl.truststore.password = null
[2025-07-19T18:10:32.513+0000] {subprocess.py:93} INFO - 	ssl.truststore.type = JKS
[2025-07-19T18:10:32.513+0000] {subprocess.py:93} INFO - 
[2025-07-19T18:10:32.513+0000] {subprocess.py:93} INFO - 25/07/19 18:10:32 INFO AdminClientConfig: These configurations '[key.deserializer, value.deserializer, enable.auto.commit, max.poll.records, auto.offset.reset]' were supplied but are not used yet.
[2025-07-19T18:10:32.513+0000] {subprocess.py:93} INFO - 25/07/19 18:10:32 INFO AppInfoParser: Kafka version: 3.5.1
[2025-07-19T18:10:32.513+0000] {subprocess.py:93} INFO - 25/07/19 18:10:32 INFO AppInfoParser: Kafka commitId: 2c6fb6c54472e90a
[2025-07-19T18:10:32.513+0000] {subprocess.py:93} INFO - 25/07/19 18:10:32 INFO AppInfoParser: Kafka startTimeMs: 1752948632501
[2025-07-19T18:10:32.671+0000] {subprocess.py:93} INFO - 25/07/19 18:10:32 INFO CheckpointFileManager: Writing atomically to file:/tmp/checkpoints/checkins/scheduled__2025-07-19T18:08:00+00:00/sources/0/0 using temp file file:/tmp/checkpoints/checkins/scheduled__2025-07-19T18:08:00+00:00/sources/0/.0.30351083-9aeb-4e75-b9fd-150c2dfe3cc4.tmp
[2025-07-19T18:10:32.671+0000] {subprocess.py:93} INFO - 25/07/19 18:10:32 INFO CheckpointFileManager: Writing atomically to file:/tmp/checkpoints/reservations/scheduled__2025-07-19T18:08:00+00:00/sources/0/0 using temp file file:/tmp/checkpoints/reservations/scheduled__2025-07-19T18:08:00+00:00/sources/0/.0.a64a006d-f4b2-4faf-85a4-b511072313f5.tmp
[2025-07-19T18:10:32.671+0000] {subprocess.py:93} INFO - 25/07/19 18:10:32 INFO CheckpointFileManager: Writing atomically to file:/tmp/checkpoints/feedback/scheduled__2025-07-19T18:08:00+00:00/sources/0/0 using temp file file:/tmp/checkpoints/feedback/scheduled__2025-07-19T18:08:00+00:00/sources/0/.0.8826fc0c-d08a-4c98-8f6a-8b0759c5afbd.tmp
[2025-07-19T18:10:32.682+0000] {subprocess.py:93} INFO - 25/07/19 18:10:32 INFO CheckpointFileManager: Renamed temp file file:/tmp/checkpoints/reservations/scheduled__2025-07-19T18:08:00+00:00/sources/0/.0.a64a006d-f4b2-4faf-85a4-b511072313f5.tmp to file:/tmp/checkpoints/reservations/scheduled__2025-07-19T18:08:00+00:00/sources/0/0
[2025-07-19T18:10:32.682+0000] {subprocess.py:93} INFO - 25/07/19 18:10:32 INFO KafkaMicroBatchStream: Initial offsets: {"reservations":{"0":0}}
[2025-07-19T18:10:32.684+0000] {subprocess.py:93} INFO - 25/07/19 18:10:32 INFO CheckpointFileManager: Renamed temp file file:/tmp/checkpoints/checkins/scheduled__2025-07-19T18:08:00+00:00/sources/0/.0.30351083-9aeb-4e75-b9fd-150c2dfe3cc4.tmp to file:/tmp/checkpoints/checkins/scheduled__2025-07-19T18:08:00+00:00/sources/0/0
[2025-07-19T18:10:32.685+0000] {subprocess.py:93} INFO - 25/07/19 18:10:32 INFO KafkaMicroBatchStream: Initial offsets: {"checkins":{"0":0}}
[2025-07-19T18:10:32.685+0000] {subprocess.py:93} INFO - 25/07/19 18:10:32 INFO CheckpointFileManager: Renamed temp file file:/tmp/checkpoints/feedback/scheduled__2025-07-19T18:08:00+00:00/sources/0/.0.8826fc0c-d08a-4c98-8f6a-8b0759c5afbd.tmp to file:/tmp/checkpoints/feedback/scheduled__2025-07-19T18:08:00+00:00/sources/0/0
[2025-07-19T18:10:32.686+0000] {subprocess.py:93} INFO - 25/07/19 18:10:32 INFO KafkaMicroBatchStream: Initial offsets: {"feedback":{"0":0}}
[2025-07-19T18:10:32.697+0000] {subprocess.py:93} INFO - 25/07/19 18:10:32 INFO CheckpointFileManager: Writing atomically to file:/tmp/checkpoints/checkins/scheduled__2025-07-19T18:08:00+00:00/offsets/0 using temp file file:/tmp/checkpoints/checkins/scheduled__2025-07-19T18:08:00+00:00/offsets/.0.72355315-c03e-424d-a56a-a605c7bf6f13.tmp
[2025-07-19T18:10:32.698+0000] {subprocess.py:93} INFO - 25/07/19 18:10:32 INFO CheckpointFileManager: Writing atomically to file:/tmp/checkpoints/reservations/scheduled__2025-07-19T18:08:00+00:00/offsets/0 using temp file file:/tmp/checkpoints/reservations/scheduled__2025-07-19T18:08:00+00:00/offsets/.0.a867cc51-dc1c-402c-a914-f4695c615183.tmp
[2025-07-19T18:10:32.698+0000] {subprocess.py:93} INFO - 25/07/19 18:10:32 INFO CheckpointFileManager: Writing atomically to file:/tmp/checkpoints/feedback/scheduled__2025-07-19T18:08:00+00:00/offsets/0 using temp file file:/tmp/checkpoints/feedback/scheduled__2025-07-19T18:08:00+00:00/offsets/.0.c24b1ef3-bb54-4ad9-99e0-bcbb4c5bcaed.tmp
[2025-07-19T18:10:32.715+0000] {subprocess.py:93} INFO - 25/07/19 18:10:32 INFO CheckpointFileManager: Renamed temp file file:/tmp/checkpoints/checkins/scheduled__2025-07-19T18:08:00+00:00/offsets/.0.72355315-c03e-424d-a56a-a605c7bf6f13.tmp to file:/tmp/checkpoints/checkins/scheduled__2025-07-19T18:08:00+00:00/offsets/0
[2025-07-19T18:10:32.715+0000] {subprocess.py:93} INFO - 25/07/19 18:10:32 INFO CheckpointFileManager: Renamed temp file file:/tmp/checkpoints/reservations/scheduled__2025-07-19T18:08:00+00:00/offsets/.0.a867cc51-dc1c-402c-a914-f4695c615183.tmp to file:/tmp/checkpoints/reservations/scheduled__2025-07-19T18:08:00+00:00/offsets/0
[2025-07-19T18:10:32.715+0000] {subprocess.py:93} INFO - 25/07/19 18:10:32 INFO CheckpointFileManager: Renamed temp file file:/tmp/checkpoints/feedback/scheduled__2025-07-19T18:08:00+00:00/offsets/.0.c24b1ef3-bb54-4ad9-99e0-bcbb4c5bcaed.tmp to file:/tmp/checkpoints/feedback/scheduled__2025-07-19T18:08:00+00:00/offsets/0
[2025-07-19T18:10:32.715+0000] {subprocess.py:93} INFO - 25/07/19 18:10:32 INFO MicroBatchExecution: Committed offsets for batch 0. Metadata OffsetSeqMetadata(0,1752948632691,Map(spark.sql.streaming.stateStore.providerClass -> org.apache.spark.sql.execution.streaming.state.HDFSBackedStateStoreProvider, spark.sql.streaming.join.stateFormatVersion -> 2, spark.sql.streaming.stateStore.compression.codec -> lz4, spark.sql.optimizer.pruneFiltersCanPruneStreamingSubplan -> false, spark.sql.streaming.stateStore.rocksdb.formatVersion -> 5, spark.sql.streaming.statefulOperator.useStrictDistribution -> true, spark.sql.streaming.flatMapGroupsWithState.stateFormatVersion -> 2, spark.sql.streaming.multipleWatermarkPolicy -> min, spark.sql.streaming.aggregation.stateFormatVersion -> 2, spark.sql.shuffle.partitions -> 200))
[2025-07-19T18:10:32.716+0000] {subprocess.py:93} INFO - 25/07/19 18:10:32 INFO MicroBatchExecution: Committed offsets for batch 0. Metadata OffsetSeqMetadata(0,1752948632691,Map(spark.sql.streaming.stateStore.providerClass -> org.apache.spark.sql.execution.streaming.state.HDFSBackedStateStoreProvider, spark.sql.streaming.join.stateFormatVersion -> 2, spark.sql.streaming.stateStore.compression.codec -> lz4, spark.sql.optimizer.pruneFiltersCanPruneStreamingSubplan -> false, spark.sql.streaming.stateStore.rocksdb.formatVersion -> 5, spark.sql.streaming.statefulOperator.useStrictDistribution -> true, spark.sql.streaming.flatMapGroupsWithState.stateFormatVersion -> 2, spark.sql.streaming.multipleWatermarkPolicy -> min, spark.sql.streaming.aggregation.stateFormatVersion -> 2, spark.sql.shuffle.partitions -> 200))
[2025-07-19T18:10:32.716+0000] {subprocess.py:93} INFO - 25/07/19 18:10:32 INFO MicroBatchExecution: Committed offsets for batch 0. Metadata OffsetSeqMetadata(0,1752948632691,Map(spark.sql.streaming.stateStore.providerClass -> org.apache.spark.sql.execution.streaming.state.HDFSBackedStateStoreProvider, spark.sql.streaming.join.stateFormatVersion -> 2, spark.sql.streaming.stateStore.compression.codec -> lz4, spark.sql.optimizer.pruneFiltersCanPruneStreamingSubplan -> false, spark.sql.streaming.stateStore.rocksdb.formatVersion -> 5, spark.sql.streaming.statefulOperator.useStrictDistribution -> true, spark.sql.streaming.flatMapGroupsWithState.stateFormatVersion -> 2, spark.sql.streaming.multipleWatermarkPolicy -> min, spark.sql.streaming.aggregation.stateFormatVersion -> 2, spark.sql.shuffle.partitions -> 200))
[2025-07-19T18:10:32.864+0000] {subprocess.py:93} INFO - 25/07/19 18:10:32 ERROR MicroBatchExecution: Query [id = 388eeac0-7d94-47c5-9d66-5b0c24819e84, runId = 9a5f0c51-7a5e-4ad6-9a66-95a04dc4f848] terminated with error
[2025-07-19T18:10:32.864+0000] {subprocess.py:93} INFO - java.lang.IllegalArgumentException: Field checkin_timestamp not found in source schema
[2025-07-19T18:10:32.864+0000] {subprocess.py:93} INFO - 	at org.apache.iceberg.types.ReassignIds.field(ReassignIds.java:114)
[2025-07-19T18:10:32.865+0000] {subprocess.py:93} INFO - 	at org.apache.iceberg.types.ReassignIds.field(ReassignIds.java:27)
[2025-07-19T18:10:32.865+0000] {subprocess.py:93} INFO - 	at org.apache.iceberg.types.TypeUtil$VisitFieldFuture.get(TypeUtil.java:629)
[2025-07-19T18:10:32.866+0000] {subprocess.py:93} INFO - 	at org.apache.iceberg.relocated.com.google.common.collect.Iterators$6.transform(Iterators.java:829)
[2025-07-19T18:10:32.866+0000] {subprocess.py:93} INFO - 	at org.apache.iceberg.relocated.com.google.common.collect.TransformedIterator.next(TransformedIterator.java:52)
[2025-07-19T18:10:32.867+0000] {subprocess.py:93} INFO - 	at org.apache.iceberg.relocated.com.google.common.collect.Iterators.addAll(Iterators.java:367)
[2025-07-19T18:10:32.867+0000] {subprocess.py:93} INFO - 	at org.apache.iceberg.relocated.com.google.common.collect.Lists.newArrayList(Lists.java:146)
[2025-07-19T18:10:32.867+0000] {subprocess.py:93} INFO - 	at org.apache.iceberg.relocated.com.google.common.collect.Lists.newArrayList(Lists.java:132)
[2025-07-19T18:10:32.867+0000] {subprocess.py:93} INFO - 	at org.apache.iceberg.types.ReassignIds.struct(ReassignIds.java:77)
[2025-07-19T18:10:32.868+0000] {subprocess.py:93} INFO - 	at org.apache.iceberg.types.ReassignIds.struct(ReassignIds.java:27)
[2025-07-19T18:10:32.868+0000] {subprocess.py:93} INFO - 	at org.apache.iceberg.types.TypeUtil.visit(TypeUtil.java:661)
[2025-07-19T18:10:32.868+0000] {subprocess.py:93} INFO - 	at org.apache.iceberg.types.TypeUtil$VisitFuture.get(TypeUtil.java:614)
[2025-07-19T18:10:32.868+0000] {subprocess.py:93} INFO - 	at org.apache.iceberg.types.ReassignIds.schema(ReassignIds.java:47)
[2025-07-19T18:10:32.869+0000] {subprocess.py:93} INFO - 	at org.apache.iceberg.types.ReassignIds.schema(ReassignIds.java:27)
[2025-07-19T18:10:32.869+0000] {subprocess.py:93} INFO - 	at org.apache.iceberg.types.TypeUtil.visit(TypeUtil.java:634)
[2025-07-19T18:10:32.869+0000] {subprocess.py:93} INFO - 	at org.apache.iceberg.types.TypeUtil.reassignIds(TypeUtil.java:339)
[2025-07-19T18:10:32.869+0000] {subprocess.py:93} INFO - 	at org.apache.iceberg.spark.SparkSchemaUtil.convert(SparkSchemaUtil.java:187)
[2025-07-19T18:10:32.869+0000] {subprocess.py:93} INFO - 	at org.apache.iceberg.spark.source.SparkWriteBuilder.validateOrMergeWriteSchema(SparkWriteBuilder.java:195)
[2025-07-19T18:10:32.869+0000] {subprocess.py:93} INFO - 	at org.apache.iceberg.spark.source.SparkWriteBuilder.build(SparkWriteBuilder.java:120)
[2025-07-19T18:10:32.869+0000] {subprocess.py:93} INFO - 	at org.apache.spark.sql.execution.datasources.v2.V2Writes$.org$apache$spark$sql$execution$datasources$v2$V2Writes$$buildWriteForMicroBatch(V2Writes.scala:121)
[2025-07-19T18:10:32.869+0000] {subprocess.py:93} INFO - 	at org.apache.spark.sql.execution.datasources.v2.V2Writes$$anonfun$apply$1.applyOrElse(V2Writes.scala:92)
[2025-07-19T18:10:32.869+0000] {subprocess.py:93} INFO - 	at org.apache.spark.sql.execution.datasources.v2.V2Writes$$anonfun$apply$1.applyOrElse(V2Writes.scala:44)
[2025-07-19T18:10:32.869+0000] {subprocess.py:93} INFO - 	at org.apache.spark.sql.catalyst.trees.TreeNode.$anonfun$transformDownWithPruning$1(TreeNode.scala:461)
[2025-07-19T18:10:32.869+0000] {subprocess.py:93} INFO - 	at org.apache.spark.sql.catalyst.trees.CurrentOrigin$.withOrigin(origin.scala:76)
[2025-07-19T18:10:32.869+0000] {subprocess.py:93} INFO - 	at org.apache.spark.sql.catalyst.trees.TreeNode.transformDownWithPruning(TreeNode.scala:461)
[2025-07-19T18:10:32.870+0000] {subprocess.py:93} INFO - 	at org.apache.spark.sql.catalyst.plans.logical.LogicalPlan.org$apache$spark$sql$catalyst$plans$logical$AnalysisHelper$$super$transformDownWithPruning(LogicalPlan.scala:32)
[2025-07-19T18:10:32.870+0000] {subprocess.py:93} INFO - 	at org.apache.spark.sql.catalyst.plans.logical.AnalysisHelper.transformDownWithPruning(AnalysisHelper.scala:267)
[2025-07-19T18:10:32.870+0000] {subprocess.py:93} INFO - 	at org.apache.spark.sql.catalyst.plans.logical.AnalysisHelper.transformDownWithPruning$(AnalysisHelper.scala:263)
[2025-07-19T18:10:32.871+0000] {subprocess.py:93} INFO - 	at org.apache.spark.sql.catalyst.plans.logical.LogicalPlan.transformDownWithPruning(LogicalPlan.scala:32)
[2025-07-19T18:10:32.871+0000] {subprocess.py:93} INFO - 	at org.apache.spark.sql.catalyst.plans.logical.LogicalPlan.transformDownWithPruning(LogicalPlan.scala:32)
[2025-07-19T18:10:32.872+0000] {subprocess.py:93} INFO - 	at org.apache.spark.sql.catalyst.trees.TreeNode.transformDown(TreeNode.scala:437)
[2025-07-19T18:10:32.872+0000] {subprocess.py:93} INFO - 	at org.apache.spark.sql.execution.datasources.v2.V2Writes$.apply(V2Writes.scala:44)
[2025-07-19T18:10:32.872+0000] {subprocess.py:93} INFO - 	at org.apache.spark.sql.execution.datasources.v2.V2Writes$.apply(V2Writes.scala:40)
[2025-07-19T18:10:32.873+0000] {subprocess.py:93} INFO - 	at org.apache.spark.sql.catalyst.rules.RuleExecutor.$anonfun$execute$2(RuleExecutor.scala:222)
[2025-07-19T18:10:32.873+0000] {subprocess.py:93} INFO - 	at scala.collection.LinearSeqOptimized.foldLeft(LinearSeqOptimized.scala:126)
[2025-07-19T18:10:32.873+0000] {subprocess.py:93} INFO - 	at scala.collection.LinearSeqOptimized.foldLeft$(LinearSeqOptimized.scala:122)
[2025-07-19T18:10:32.873+0000] {subprocess.py:93} INFO - 	at scala.collection.immutable.List.foldLeft(List.scala:91)
[2025-07-19T18:10:32.873+0000] {subprocess.py:93} INFO - 	at org.apache.spark.sql.catalyst.rules.RuleExecutor.$anonfun$execute$1(RuleExecutor.scala:219)
[2025-07-19T18:10:32.873+0000] {subprocess.py:93} INFO - 	at org.apache.spark.sql.catalyst.rules.RuleExecutor.$anonfun$execute$1$adapted(RuleExecutor.scala:211)
[2025-07-19T18:10:32.874+0000] {subprocess.py:93} INFO - 	at scala.collection.immutable.List.foreach(List.scala:431)
[2025-07-19T18:10:32.874+0000] {subprocess.py:93} INFO - 	at org.apache.spark.sql.catalyst.rules.RuleExecutor.execute(RuleExecutor.scala:211)
[2025-07-19T18:10:32.874+0000] {subprocess.py:93} INFO - 	at org.apache.spark.sql.catalyst.rules.RuleExecutor.$anonfun$executeAndTrack$1(RuleExecutor.scala:182)
[2025-07-19T18:10:32.874+0000] {subprocess.py:93} INFO - 	at org.apache.spark.sql.catalyst.QueryPlanningTracker$.withTracker(QueryPlanningTracker.scala:89)
[2025-07-19T18:10:32.874+0000] {subprocess.py:93} INFO - 	at org.apache.spark.sql.catalyst.rules.RuleExecutor.executeAndTrack(RuleExecutor.scala:182)
[2025-07-19T18:10:32.874+0000] {subprocess.py:93} INFO - 	at org.apache.spark.sql.execution.streaming.IncrementalExecution.$anonfun$optimizedPlan$1(IncrementalExecution.scala:92)
[2025-07-19T18:10:32.874+0000] {subprocess.py:93} INFO - 	at org.apache.spark.sql.catalyst.QueryPlanningTracker.measurePhase(QueryPlanningTracker.scala:138)
[2025-07-19T18:10:32.874+0000] {subprocess.py:93} INFO - 	at org.apache.spark.sql.execution.QueryExecution.$anonfun$executePhase$2(QueryExecution.scala:219)
[2025-07-19T18:10:32.874+0000] {subprocess.py:93} INFO - 	at org.apache.spark.sql.execution.QueryExecution$.withInternalError(QueryExecution.scala:546)
[2025-07-19T18:10:32.874+0000] {subprocess.py:93} INFO - 	at org.apache.spark.sql.execution.QueryExecution.$anonfun$executePhase$1(QueryExecution.scala:219)
[2025-07-19T18:10:32.874+0000] {subprocess.py:93} INFO - 	at org.apache.spark.sql.SparkSession.withActive(SparkSession.scala:900)
[2025-07-19T18:10:32.875+0000] {subprocess.py:93} INFO - 	at org.apache.spark.sql.execution.QueryExecution.executePhase(QueryExecution.scala:218)
[2025-07-19T18:10:32.875+0000] {subprocess.py:93} INFO - 	at org.apache.spark.sql.execution.streaming.IncrementalExecution.optimizedPlan$lzycompute(IncrementalExecution.scala:84)
[2025-07-19T18:10:32.875+0000] {subprocess.py:93} INFO - 	at org.apache.spark.sql.execution.streaming.IncrementalExecution.optimizedPlan(IncrementalExecution.scala:84)
[2025-07-19T18:10:32.875+0000] {subprocess.py:93} INFO - 	at org.apache.spark.sql.execution.QueryExecution.assertOptimized(QueryExecution.scala:162)
[2025-07-19T18:10:32.875+0000] {subprocess.py:93} INFO - 	at org.apache.spark.sql.execution.QueryExecution.executedPlan$lzycompute(QueryExecution.scala:182)
[2025-07-19T18:10:32.875+0000] {subprocess.py:93} INFO - 	at org.apache.spark.sql.execution.QueryExecution.executedPlan(QueryExecution.scala:179)
[2025-07-19T18:10:32.875+0000] {subprocess.py:93} INFO - 	at org.apache.spark.sql.execution.streaming.MicroBatchExecution.$anonfun$runBatch$15(MicroBatchExecution.scala:720)
[2025-07-19T18:10:32.875+0000] {subprocess.py:93} INFO - 	at org.apache.spark.sql.execution.streaming.ProgressReporter.reportTimeTaken(ProgressReporter.scala:427)
[2025-07-19T18:10:32.876+0000] {subprocess.py:93} INFO - 	at org.apache.spark.sql.execution.streaming.ProgressReporter.reportTimeTaken$(ProgressReporter.scala:425)
[2025-07-19T18:10:32.876+0000] {subprocess.py:93} INFO - 	at org.apache.spark.sql.execution.streaming.StreamExecution.reportTimeTaken(StreamExecution.scala:67)
[2025-07-19T18:10:32.876+0000] {subprocess.py:93} INFO - 	at org.apache.spark.sql.execution.streaming.MicroBatchExecution.runBatch(MicroBatchExecution.scala:708)
[2025-07-19T18:10:32.876+0000] {subprocess.py:93} INFO - 	at org.apache.spark.sql.execution.streaming.MicroBatchExecution.$anonfun$runActivatedStream$2(MicroBatchExecution.scala:286)
[2025-07-19T18:10:32.876+0000] {subprocess.py:93} INFO - 	at scala.runtime.java8.JFunction0$mcV$sp.apply(JFunction0$mcV$sp.java:23)
[2025-07-19T18:10:32.876+0000] {subprocess.py:93} INFO - 	at org.apache.spark.sql.execution.streaming.ProgressReporter.reportTimeTaken(ProgressReporter.scala:427)
[2025-07-19T18:10:32.876+0000] {subprocess.py:93} INFO - 	at org.apache.spark.sql.execution.streaming.ProgressReporter.reportTimeTaken$(ProgressReporter.scala:425)
[2025-07-19T18:10:32.877+0000] {subprocess.py:93} INFO - 	at org.apache.spark.sql.execution.streaming.StreamExecution.reportTimeTaken(StreamExecution.scala:67)
[2025-07-19T18:10:32.877+0000] {subprocess.py:93} INFO - 	at org.apache.spark.sql.execution.streaming.MicroBatchExecution.$anonfun$runActivatedStream$1(MicroBatchExecution.scala:249)
[2025-07-19T18:10:32.877+0000] {subprocess.py:93} INFO - 	at org.apache.spark.sql.execution.streaming.ProcessingTimeExecutor.execute(TriggerExecutor.scala:67)
[2025-07-19T18:10:32.877+0000] {subprocess.py:93} INFO - 	at org.apache.spark.sql.execution.streaming.MicroBatchExecution.runActivatedStream(MicroBatchExecution.scala:239)
[2025-07-19T18:10:32.878+0000] {subprocess.py:93} INFO - 	at org.apache.spark.sql.execution.streaming.StreamExecution.$anonfun$runStream$1(StreamExecution.scala:311)
[2025-07-19T18:10:32.878+0000] {subprocess.py:93} INFO - 	at scala.runtime.java8.JFunction0$mcV$sp.apply(JFunction0$mcV$sp.java:23)
[2025-07-19T18:10:32.878+0000] {subprocess.py:93} INFO - 	at org.apache.spark.sql.SparkSession.withActive(SparkSession.scala:900)
[2025-07-19T18:10:32.878+0000] {subprocess.py:93} INFO - 	at org.apache.spark.sql.execution.streaming.StreamExecution.org$apache$spark$sql$execution$streaming$StreamExecution$$runStream(StreamExecution.scala:289)
[2025-07-19T18:10:32.878+0000] {subprocess.py:93} INFO - 	at org.apache.spark.sql.execution.streaming.StreamExecution$$anon$1.$anonfun$run$1(StreamExecution.scala:211)
[2025-07-19T18:10:32.878+0000] {subprocess.py:93} INFO - 	at scala.runtime.java8.JFunction0$mcV$sp.apply(JFunction0$mcV$sp.java:23)
[2025-07-19T18:10:32.879+0000] {subprocess.py:93} INFO - 	at org.apache.spark.JobArtifactSet$.withActiveJobArtifactState(JobArtifactSet.scala:94)
[2025-07-19T18:10:32.879+0000] {subprocess.py:93} INFO - 	at org.apache.spark.sql.execution.streaming.StreamExecution$$anon$1.run(StreamExecution.scala:211)
[2025-07-19T18:10:32.880+0000] {subprocess.py:93} INFO - 25/07/19 18:10:32 INFO AppInfoParser: App info kafka.admin.client for adminclient-1 unregistered
[2025-07-19T18:10:32.881+0000] {subprocess.py:93} INFO - 25/07/19 18:10:32 INFO Metrics: Metrics scheduler closed
[2025-07-19T18:10:32.881+0000] {subprocess.py:93} INFO - 25/07/19 18:10:32 INFO Metrics: Closing reporter org.apache.kafka.common.metrics.JmxReporter
[2025-07-19T18:10:32.881+0000] {subprocess.py:93} INFO - 25/07/19 18:10:32 INFO Metrics: Metrics reporters closed
[2025-07-19T18:10:32.882+0000] {subprocess.py:93} INFO - 25/07/19 18:10:32 INFO MicroBatchExecution: Async log purge executor pool for query [id = 388eeac0-7d94-47c5-9d66-5b0c24819e84, runId = 9a5f0c51-7a5e-4ad6-9a66-95a04dc4f848] has been shutdown
[2025-07-19T18:10:32.882+0000] {subprocess.py:93} INFO - 25/07/19 18:10:32 INFO SparkWrite: Requesting 0 bytes advisory partition size for table my_catalog.bronze.Feedback_raw
[2025-07-19T18:10:32.882+0000] {subprocess.py:93} INFO - 25/07/19 18:10:32 INFO SparkWrite: Requesting 0 bytes advisory partition size for table my_catalog.bronze.Reservations_raw
[2025-07-19T18:10:32.882+0000] {subprocess.py:93} INFO - 25/07/19 18:10:32 INFO SparkWrite: Requesting UnspecifiedDistribution as write distribution for table my_catalog.bronze.Feedback_raw
[2025-07-19T18:10:32.883+0000] {subprocess.py:93} INFO - 25/07/19 18:10:32 INFO SparkWrite: Requesting UnspecifiedDistribution as write distribution for table my_catalog.bronze.Reservations_raw
[2025-07-19T18:10:32.883+0000] {subprocess.py:93} INFO - 25/07/19 18:10:32 INFO SparkWrite: Requesting [] as write ordering for table my_catalog.bronze.Feedback_raw
[2025-07-19T18:10:32.883+0000] {subprocess.py:93} INFO - 25/07/19 18:10:32 INFO SparkWrite: Requesting [] as write ordering for table my_catalog.bronze.Reservations_raw
[2025-07-19T18:10:32.930+0000] {subprocess.py:93} INFO - Traceback (most recent call last):
[2025-07-19T18:10:32.930+0000] {subprocess.py:93} INFO -   File "/home/iceberg/spark/stream_to_bronze.py", line 116, in <module>
[2025-07-19T18:10:32.931+0000] {subprocess.py:93} INFO -     spark.streams.awaitAnyTermination(timeout=60)
[2025-07-19T18:10:32.932+0000] {subprocess.py:93} INFO -   File "/opt/bitnami/spark/python/lib/pyspark.zip/pyspark/sql/streaming/query.py", line 594, in awaitAnyTermination
[2025-07-19T18:10:32.932+0000] {subprocess.py:93} INFO -   File "/opt/bitnami/spark/python/lib/py4j-0.10.9.7-src.zip/py4j/java_gateway.py", line 1322, in __call__
[2025-07-19T18:10:32.932+0000] {subprocess.py:93} INFO -   File "/opt/bitnami/spark/python/lib/pyspark.zip/pyspark/errors/exceptions/captured.py", line 185, in deco
[2025-07-19T18:10:32.940+0000] {subprocess.py:93} INFO - pyspark.errors.exceptions.captured.StreamingQueryException: [STREAM_FAILED] Query [id = 388eeac0-7d94-47c5-9d66-5b0c24819e84, runId = 9a5f0c51-7a5e-4ad6-9a66-95a04dc4f848] terminated with exception: Field checkin_timestamp not found in source schema
[2025-07-19T18:10:32.979+0000] {subprocess.py:93} INFO - 25/07/19 18:10:32 INFO SparkContext: Invoking stop() from shutdown hook
[2025-07-19T18:10:32.980+0000] {subprocess.py:93} INFO - 25/07/19 18:10:32 INFO SparkContext: SparkContext is stopping with exitCode 0.
[2025-07-19T18:10:32.995+0000] {subprocess.py:93} INFO - 25/07/19 18:10:32 INFO SparkUI: Stopped Spark web UI at http://8b44f3d35cfa:4041
[2025-07-19T18:10:33.009+0000] {subprocess.py:93} INFO - 25/07/19 18:10:33 INFO MapOutputTrackerMasterEndpoint: MapOutputTrackerMasterEndpoint stopped!
[2025-07-19T18:10:33.018+0000] {subprocess.py:93} INFO - 25/07/19 18:10:33 INFO MemoryStore: MemoryStore cleared
[2025-07-19T18:10:33.018+0000] {subprocess.py:93} INFO - 25/07/19 18:10:33 INFO BlockManager: BlockManager stopped
[2025-07-19T18:10:33.022+0000] {subprocess.py:93} INFO - 25/07/19 18:10:33 INFO BlockManagerMaster: BlockManagerMaster stopped
[2025-07-19T18:10:33.023+0000] {subprocess.py:93} INFO - 25/07/19 18:10:33 INFO OutputCommitCoordinator$OutputCommitCoordinatorEndpoint: OutputCommitCoordinator stopped!
[2025-07-19T18:10:33.032+0000] {subprocess.py:93} INFO - 25/07/19 18:10:33 INFO SparkContext: Successfully stopped SparkContext
[2025-07-19T18:10:33.032+0000] {subprocess.py:93} INFO - 25/07/19 18:10:33 INFO ShutdownHookManager: Shutdown hook called
[2025-07-19T18:10:33.032+0000] {subprocess.py:93} INFO - 25/07/19 18:10:33 INFO ShutdownHookManager: Deleting directory /tmp/spark-f29d026c-5480-43af-801c-83d6f63b2e64
[2025-07-19T18:10:33.034+0000] {subprocess.py:93} INFO - 25/07/19 18:10:33 INFO ShutdownHookManager: Deleting directory /tmp/spark-df39fcf6-463b-432c-8c70-a9fe641713f2
[2025-07-19T18:10:33.034+0000] {subprocess.py:93} INFO - 25/07/19 18:10:33 INFO ShutdownHookManager: Deleting directory /tmp/spark-df39fcf6-463b-432c-8c70-a9fe641713f2/pyspark-8adaeb7d-9e19-44d3-abcd-ed1319d0db21
[2025-07-19T18:10:33.037+0000] {subprocess.py:93} INFO - 25/07/19 18:10:33 INFO MetricsSystemImpl: Stopping s3a-file-system metrics system...
[2025-07-19T18:10:33.037+0000] {subprocess.py:93} INFO - 25/07/19 18:10:33 INFO MetricsSystemImpl: s3a-file-system metrics system stopped.
[2025-07-19T18:10:33.037+0000] {subprocess.py:93} INFO - 25/07/19 18:10:33 INFO MetricsSystemImpl: s3a-file-system metrics system shutdown complete.
[2025-07-19T18:10:33.432+0000] {subprocess.py:97} INFO - Command exited with return code 1
[2025-07-19T18:10:33.439+0000] {taskinstance.py:1937} ERROR - Task failed with exception
Traceback (most recent call last):
  File "/home/airflow/.local/lib/python3.8/site-packages/airflow/operators/bash.py", line 210, in execute
    raise AirflowException(
airflow.exceptions.AirflowException: Bash command failed. The command returned a non-zero exit code 1.
[2025-07-19T18:10:33.442+0000] {taskinstance.py:1400} INFO - Marking task as FAILED. dag_id=restaurant_pipeline, task_id=stream_to_bronze, execution_date=20250719T180800, start_date=20250719T181028, end_date=20250719T181033
[2025-07-19T18:10:33.449+0000] {standard_task_runner.py:104} ERROR - Failed to execute job 945 for task stream_to_bronze (Bash command failed. The command returned a non-zero exit code 1.; 455)
[2025-07-19T18:10:33.466+0000] {local_task_job_runner.py:228} INFO - Task exited with return code 1
[2025-07-19T18:10:33.500+0000] {taskinstance.py:2778} INFO - 0 downstream tasks scheduled from follow-on schedule check
