[2025-07-19T19:07:56.613+0000] {taskinstance.py:1159} INFO - Dependencies all met for dep_context=non-requeueable deps ti=<TaskInstance: restaurant_pipeline.send_to_kafka scheduled__2025-07-19T19:04:00+00:00 [queued]>
[2025-07-19T19:07:56.617+0000] {taskinstance.py:1159} INFO - Dependencies all met for dep_context=requeueable deps ti=<TaskInstance: restaurant_pipeline.send_to_kafka scheduled__2025-07-19T19:04:00+00:00 [queued]>
[2025-07-19T19:07:56.617+0000] {taskinstance.py:1361} INFO - Starting attempt 1 of 1
[2025-07-19T19:07:56.622+0000] {taskinstance.py:1382} INFO - Executing <Task(BashOperator): send_to_kafka> on 2025-07-19 19:04:00+00:00
[2025-07-19T19:07:56.624+0000] {standard_task_runner.py:57} INFO - Started process 1886 to run task
[2025-07-19T19:07:56.626+0000] {standard_task_runner.py:84} INFO - Running: ['***', 'tasks', 'run', 'restaurant_pipeline', 'send_to_kafka', 'scheduled__2025-07-19T19:04:00+00:00', '--job-id', '1070', '--raw', '--subdir', 'DAGS_FOLDER/restaurant_pipeline.py', '--cfg-path', '/tmp/tmpjpll6fzo']
[2025-07-19T19:07:56.627+0000] {standard_task_runner.py:85} INFO - Job 1070: Subtask send_to_kafka
[2025-07-19T19:07:56.649+0000] {task_command.py:416} INFO - Running <TaskInstance: restaurant_pipeline.send_to_kafka scheduled__2025-07-19T19:04:00+00:00 [running]> on host e3f5d8fc4eef
[2025-07-19T19:07:56.684+0000] {taskinstance.py:1662} INFO - Exporting env vars: AIRFLOW_CTX_DAG_OWNER='moran' AIRFLOW_CTX_DAG_ID='restaurant_pipeline' AIRFLOW_CTX_TASK_ID='send_to_kafka' AIRFLOW_CTX_EXECUTION_DATE='2025-07-19T19:04:00+00:00' AIRFLOW_CTX_TRY_NUMBER='1' AIRFLOW_CTX_DAG_RUN_ID='scheduled__2025-07-19T19:04:00+00:00'
[2025-07-19T19:07:56.685+0000] {subprocess.py:63} INFO - Tmp dir root location: /tmp
[2025-07-19T19:07:56.685+0000] {subprocess.py:75} INFO - Running command: ['/bin/bash', '-c', 'python /opt/streaming/producer.py']
[2025-07-19T19:07:56.689+0000] {subprocess.py:86} INFO - Output:
[2025-07-19T19:07:58.937+0000] {subprocess.py:93} INFO - [✓] Sent to reservations: {'reservation_id': 6353, 'branch_id': 101, 'customer_name': 'Kelly Garcia', 'phone_number': '001-448-697-8698x87178', 'reservation_date': '2025-07-19', 'reservation_time': '21:03', 'guests_count': 2, 'is_confirmed': False}
[2025-07-19T19:07:58.942+0000] {subprocess.py:93} INFO - [✓] Sent to reservations: {'reservation_id': 3056, 'branch_id': 101, 'customer_name': 'Jacqueline Morgan', 'phone_number': '368-961-9833', 'reservation_date': '2025-07-19', 'reservation_time': '19:29', 'guests_count': 5, 'is_confirmed': True}
[2025-07-19T19:07:58.942+0000] {subprocess.py:93} INFO - [✓] Sent to reservations: {'reservation_id': 3913, 'branch_id': 102, 'customer_name': 'Rodney Young', 'phone_number': '(972)394-2390x1013', 'reservation_date': '2025-07-19', 'reservation_time': '20:41', 'guests_count': 7, 'is_confirmed': True}
[2025-07-19T19:07:58.943+0000] {subprocess.py:93} INFO - [✓] Sent to checkins: {'checkin_id': 2580, 'customer_name': 'Jason Swanson', 'phone_number': '(484)544-3624x26721', 'branch_id': 101, 'table_id': 207, 'is_prebooked': False, 'checkin_date': '2025-07-19', 'checkin_time': '18:30', 'guests_count': 2, 'shift_manager': 'Carlos Hayes'}
[2025-07-19T19:07:58.944+0000] {subprocess.py:93} INFO - [✓] Sent to checkins: {'checkin_id': 2963, 'customer_name': 'Brenda Schultz', 'phone_number': '437.570.5259x0097', 'branch_id': 102, 'table_id': 202, 'is_prebooked': False, 'checkin_date': '2025-07-19', 'checkin_time': '18:01', 'guests_count': 1, 'shift_manager': 'Morgan Johnson'}
[2025-07-19T19:07:58.947+0000] {subprocess.py:93} INFO - [✓] Sent to checkins: {'checkin_id': 2201, 'customer_name': 'Melissa Alvarez', 'phone_number': '+1-522-573-3978x325', 'branch_id': 102, 'table_id': 207, 'is_prebooked': False, 'checkin_date': '2025-07-19', 'checkin_time': '18:27', 'guests_count': 4, 'shift_manager': 'Alexis Brown'}
[2025-07-19T19:07:58.948+0000] {subprocess.py:93} INFO - [✓] Sent to feedback: {'feedback_id': 8473, 'branch_id': 102, 'customer_name': 'Garrett Gross', 'phone_number': '3936644218', 'feedback_text': 'Feeling rate color now.', 'rating': 3, 'dining_date': '2025-07-19', 'dining_time': '18:06', 'submission_time': '2025-07-19T19:07:56'}
[2025-07-19T19:07:58.948+0000] {subprocess.py:93} INFO - [✓] Sent to feedback: {'feedback_id': 9269, 'branch_id': 101, 'customer_name': 'Denise Boyd', 'phone_number': '(967)247-1524', 'feedback_text': 'Investment food include choice.', 'rating': 4, 'dining_date': '2025-07-19', 'dining_time': '18:55', 'submission_time': '2025-07-19T19:07:56'}
[2025-07-19T19:07:58.948+0000] {subprocess.py:93} INFO - [✓] Sent to feedback: {'feedback_id': 3645, 'branch_id': 101, 'customer_name': 'Kathleen Lynn', 'phone_number': '818.474.0995x444', 'feedback_text': 'White town need avoid call raise tell.', 'rating': 4, 'dining_date': '2025-07-19', 'dining_time': '19:04', 'submission_time': '2025-07-19T19:07:56'}
[2025-07-19T19:07:58.948+0000] {subprocess.py:93} INFO - ✅ All messages sent.
[2025-07-19T19:07:58.989+0000] {subprocess.py:97} INFO - Command exited with return code 0
[2025-07-19T19:07:59.008+0000] {taskinstance.py:1400} INFO - Marking task as SUCCESS. dag_id=restaurant_pipeline, task_id=send_to_kafka, execution_date=20250719T190400, start_date=20250719T190756, end_date=20250719T190759
[2025-07-19T19:07:59.040+0000] {local_task_job_runner.py:228} INFO - Task exited with return code 0
[2025-07-19T19:07:59.065+0000] {taskinstance.py:2778} INFO - 1 downstream tasks scheduled from follow-on schedule check
