[2025-07-19T18:02:02.243+0000] {taskinstance.py:1159} INFO - Dependencies all met for dep_context=non-requeueable deps ti=<TaskInstance: restaurant_pipeline.send_to_kafka scheduled__2025-07-19T18:00:00+00:00 [queued]>
[2025-07-19T18:02:02.246+0000] {taskinstance.py:1159} INFO - Dependencies all met for dep_context=requeueable deps ti=<TaskInstance: restaurant_pipeline.send_to_kafka scheduled__2025-07-19T18:00:00+00:00 [queued]>
[2025-07-19T18:02:02.247+0000] {taskinstance.py:1361} INFO - Starting attempt 1 of 1
[2025-07-19T18:02:02.252+0000] {taskinstance.py:1382} INFO - Executing <Task(BashOperator): send_to_kafka> on 2025-07-19 18:00:00+00:00
[2025-07-19T18:02:02.253+0000] {standard_task_runner.py:57} INFO - Started process 218 to run task
[2025-07-19T18:02:02.255+0000] {standard_task_runner.py:84} INFO - Running: ['***', 'tasks', 'run', 'restaurant_pipeline', 'send_to_kafka', 'scheduled__2025-07-19T18:00:00+00:00', '--job-id', '917', '--raw', '--subdir', 'DAGS_FOLDER/restaurant_pipeline.py', '--cfg-path', '/tmp/tmpvcdjmwe1']
[2025-07-19T18:02:02.256+0000] {standard_task_runner.py:85} INFO - Job 917: Subtask send_to_kafka
[2025-07-19T18:02:02.277+0000] {task_command.py:416} INFO - Running <TaskInstance: restaurant_pipeline.send_to_kafka scheduled__2025-07-19T18:00:00+00:00 [running]> on host e3f5d8fc4eef
[2025-07-19T18:02:02.313+0000] {taskinstance.py:1662} INFO - Exporting env vars: AIRFLOW_CTX_DAG_EMAIL='your@email.com' AIRFLOW_CTX_DAG_OWNER='moran' AIRFLOW_CTX_DAG_ID='restaurant_pipeline' AIRFLOW_CTX_TASK_ID='send_to_kafka' AIRFLOW_CTX_EXECUTION_DATE='2025-07-19T18:00:00+00:00' AIRFLOW_CTX_TRY_NUMBER='1' AIRFLOW_CTX_DAG_RUN_ID='scheduled__2025-07-19T18:00:00+00:00'
[2025-07-19T18:02:02.313+0000] {subprocess.py:63} INFO - Tmp dir root location: /tmp
[2025-07-19T18:02:02.314+0000] {subprocess.py:75} INFO - Running command: ['/bin/bash', '-c', 'python /opt/streaming/producer.py']
[2025-07-19T18:02:02.317+0000] {subprocess.py:86} INFO - Output:
[2025-07-19T18:02:04.536+0000] {subprocess.py:93} INFO - [✓] Sent to reservations: {'reservation_id': 8314, 'branch_id': 101, 'customer_name': 'Adrienne Brown', 'phone_number': '(692)566-5778x471', 'reservation_date': '2025-07-19', 'reservation_time': '19:14', 'guests_count': 2, 'is_confirmed': False}
[2025-07-19T18:02:04.542+0000] {subprocess.py:93} INFO - [✓] Sent to reservations: {'reservation_id': 1627, 'branch_id': 102, 'customer_name': 'Jack Oliver', 'phone_number': '(488)955-3534', 'reservation_date': '2025-07-19', 'reservation_time': '19:19', 'guests_count': 5, 'is_confirmed': True}
[2025-07-19T18:02:04.543+0000] {subprocess.py:93} INFO - [✓] Sent to reservations: {'reservation_id': 8464, 'branch_id': 102, 'customer_name': 'Shaun Thomas', 'phone_number': '296.879.2668', 'reservation_date': '2025-07-19', 'reservation_time': '19:14', 'guests_count': 4, 'is_confirmed': True}
[2025-07-19T18:02:04.543+0000] {subprocess.py:93} INFO - [✓] Sent to checkins: {'checkin_id': 5186, 'customer_name': 'Trevor Kelly', 'phone_number': '+1-968-379-4546x02778', 'branch_id': 101, 'table_id': 203, 'is_prebooked': True, 'checkin_date': '2025-07-19', 'checkin_time': '17:02', 'guests_count': 2, 'shift_manager': 'Adrian White'}
[2025-07-19T18:02:04.543+0000] {subprocess.py:93} INFO - [✓] Sent to checkins: {'checkin_id': 5612, 'customer_name': 'Stacey Henry', 'phone_number': '9674212295', 'branch_id': 102, 'table_id': 203, 'is_prebooked': False, 'checkin_date': '2025-07-19', 'checkin_time': '16:52', 'guests_count': 3, 'shift_manager': 'Dean Nelson'}
[2025-07-19T18:02:04.544+0000] {subprocess.py:93} INFO - [✓] Sent to checkins: {'checkin_id': 5897, 'customer_name': 'April Martinez', 'phone_number': '001-569-342-7416x76122', 'branch_id': 102, 'table_id': 205, 'is_prebooked': False, 'checkin_date': '2025-07-19', 'checkin_time': '17:20', 'guests_count': 1, 'shift_manager': 'Michael Rose'}
[2025-07-19T18:02:04.544+0000] {subprocess.py:93} INFO - [✓] Sent to feedback: {'feedback_id': 4292, 'branch_id': 102, 'customer_name': 'Trevor Carrillo', 'phone_number': '587-512-9885x035', 'feedback_text': 'Away series offer teach expert top.', 'rating': 1, 'dining_date': '2025-07-19', 'dining_time': '16:21', 'submission_time': '2025-07-19T18:02:01'}
[2025-07-19T18:02:04.544+0000] {subprocess.py:93} INFO - [✓] Sent to feedback: {'feedback_id': 6666, 'branch_id': 101, 'customer_name': 'Lynn Sanchez', 'phone_number': '001-503-946-2649x832', 'feedback_text': 'Want various report air civil lawyer blood.', 'rating': 2, 'dining_date': '2025-07-19', 'dining_time': '16:36', 'submission_time': '2025-07-19T18:02:01'}
[2025-07-19T18:02:04.544+0000] {subprocess.py:93} INFO - [✓] Sent to feedback: {'feedback_id': 4209, 'branch_id': 101, 'customer_name': 'Brandon Morrison', 'phone_number': '+1-437-240-4010x17147', 'feedback_text': 'Agent ability baby bar sing.', 'rating': 4, 'dining_date': '2025-07-19', 'dining_time': '16:34', 'submission_time': '2025-07-19T18:02:01'}
[2025-07-19T18:02:04.544+0000] {subprocess.py:93} INFO - ✅ All messages sent.
[2025-07-19T18:02:04.573+0000] {subprocess.py:97} INFO - Command exited with return code 0
[2025-07-19T18:02:04.586+0000] {taskinstance.py:1400} INFO - Marking task as SUCCESS. dag_id=restaurant_pipeline, task_id=send_to_kafka, execution_date=20250719T180000, start_date=20250719T180202, end_date=20250719T180204
[2025-07-19T18:02:04.635+0000] {local_task_job_runner.py:228} INFO - Task exited with return code 0
[2025-07-19T18:02:04.671+0000] {taskinstance.py:2778} INFO - 1 downstream tasks scheduled from follow-on schedule check
