[2025-07-18T18:08:55.743+0000] {taskinstance.py:1159} INFO - Dependencies all met for dep_context=non-requeueable deps ti=<TaskInstance: restaurant_pipeline.send_to_kafka scheduled__2025-07-18T18:06:00+00:00 [queued]>
[2025-07-18T18:08:55.746+0000] {taskinstance.py:1159} INFO - Dependencies all met for dep_context=requeueable deps ti=<TaskInstance: restaurant_pipeline.send_to_kafka scheduled__2025-07-18T18:06:00+00:00 [queued]>
[2025-07-18T18:08:55.746+0000] {taskinstance.py:1361} INFO - Starting attempt 1 of 1
[2025-07-18T18:08:55.752+0000] {taskinstance.py:1382} INFO - Executing <Task(BashOperator): send_to_kafka> on 2025-07-18 18:06:00+00:00
[2025-07-18T18:08:55.754+0000] {standard_task_runner.py:57} INFO - Started process 2844 to run task
[2025-07-18T18:08:55.756+0000] {standard_task_runner.py:84} INFO - Running: ['***', 'tasks', 'run', 'restaurant_pipeline', 'send_to_kafka', 'scheduled__2025-07-18T18:06:00+00:00', '--job-id', '325', '--raw', '--subdir', 'DAGS_FOLDER/restaurant_pipeline.py', '--cfg-path', '/tmp/tmp_7rmwihq']
[2025-07-18T18:08:55.757+0000] {standard_task_runner.py:85} INFO - Job 325: Subtask send_to_kafka
[2025-07-18T18:08:55.783+0000] {task_command.py:416} INFO - Running <TaskInstance: restaurant_pipeline.send_to_kafka scheduled__2025-07-18T18:06:00+00:00 [running]> on host 9bcfb43e0ab7
[2025-07-18T18:08:55.829+0000] {taskinstance.py:1662} INFO - Exporting env vars: AIRFLOW_CTX_DAG_OWNER='moran' AIRFLOW_CTX_DAG_ID='restaurant_pipeline' AIRFLOW_CTX_TASK_ID='send_to_kafka' AIRFLOW_CTX_EXECUTION_DATE='2025-07-18T18:06:00+00:00' AIRFLOW_CTX_TRY_NUMBER='1' AIRFLOW_CTX_DAG_RUN_ID='scheduled__2025-07-18T18:06:00+00:00'
[2025-07-18T18:08:55.830+0000] {subprocess.py:63} INFO - Tmp dir root location: /tmp
[2025-07-18T18:08:55.830+0000] {subprocess.py:75} INFO - Running command: ['/bin/bash', '-c', 'python /opt/streaming/producer.py']
[2025-07-18T18:08:55.836+0000] {subprocess.py:86} INFO - Output:
[2025-07-18T18:08:58.139+0000] {subprocess.py:93} INFO - [✓] Sent to reservations: {'reservation_id': 2667, 'branch_id': 101, 'customer_name': 'Jeremy Harris', 'phone_number': '+1-214-568-8693x51368', 'reservation_date': '2025-07-18', 'reservation_time': '18:21', 'guests_count': 8, 'is_confirmed': True}
[2025-07-18T18:08:58.146+0000] {subprocess.py:93} INFO - [✓] Sent to reservations: {'reservation_id': 7584, 'branch_id': 102, 'customer_name': 'Andrew Wright', 'phone_number': '9825950429', 'reservation_date': '2025-07-18', 'reservation_time': '18:52', 'guests_count': 5, 'is_confirmed': True}
[2025-07-18T18:08:58.148+0000] {subprocess.py:93} INFO - [✓] Sent to reservations: {'reservation_id': 6537, 'branch_id': 102, 'customer_name': 'Lisa Cooke', 'phone_number': '(455)841-1172', 'reservation_date': '2025-07-18', 'reservation_time': '19:11', 'guests_count': 7, 'is_confirmed': False}
[2025-07-18T18:08:58.150+0000] {subprocess.py:93} INFO - [✓] Sent to checkins: {'checkin_id': 5709, 'customer_name': 'Jordan Johnson', 'phone_number': '(417)305-4101', 'branch_id': 101, 'table_id': 203, 'is_prebooked': False, 'checkin_date': '2025-07-18', 'checkin_time': '16:15', 'guests_count': 2, 'shift_manager': 'Dylan Wise'}
[2025-07-18T18:08:58.150+0000] {subprocess.py:93} INFO - [✓] Sent to checkins: {'checkin_id': 6267, 'customer_name': 'Michael Salazar', 'phone_number': '274-773-2642x0590', 'branch_id': 102, 'table_id': 202, 'is_prebooked': False, 'checkin_date': '2025-07-18', 'checkin_time': '17:47', 'guests_count': 5, 'shift_manager': 'Nicholas Morales'}
[2025-07-18T18:08:58.151+0000] {subprocess.py:93} INFO - [✓] Sent to checkins: {'checkin_id': 1452, 'customer_name': 'Laura Johnson', 'phone_number': '+1-623-552-5673', 'branch_id': 102, 'table_id': 205, 'is_prebooked': True, 'checkin_date': '2025-07-18', 'checkin_time': '17:22', 'guests_count': 6, 'shift_manager': 'Bradley Ward'}
[2025-07-18T18:08:58.151+0000] {subprocess.py:93} INFO - [✓] Sent to feedback: {'feedback_id': 4420, 'branch_id': 102, 'customer_name': 'Ashley Bryant', 'phone_number': '8046665958', 'feedback_text': 'Employee gun small religious.', 'rating': 3, 'dining_date': '2025-07-18', 'dining_time': '16:51', 'submission_time': '2025-07-18T18:08:55'}
[2025-07-18T18:08:58.151+0000] {subprocess.py:93} INFO - [✓] Sent to feedback: {'feedback_id': 4740, 'branch_id': 102, 'customer_name': 'Jacqueline Ho', 'phone_number': '+1-346-672-5216x269', 'feedback_text': 'Herself Republican week sure with road manage.', 'rating': 1, 'dining_date': '2025-07-18', 'dining_time': '18:07', 'submission_time': '2025-07-18T18:08:55'}
[2025-07-18T18:08:58.152+0000] {subprocess.py:93} INFO - [✓] Sent to feedback: {'feedback_id': 4603, 'branch_id': 101, 'customer_name': 'Joel Hughes', 'phone_number': '(624)395-9646x108', 'feedback_text': 'Shoulder speak third we.', 'rating': 2, 'dining_date': '2025-07-18', 'dining_time': '17:51', 'submission_time': '2025-07-18T18:08:55'}
[2025-07-18T18:08:58.153+0000] {subprocess.py:93} INFO - ✅ All messages sent.
[2025-07-18T18:08:58.193+0000] {subprocess.py:97} INFO - Command exited with return code 0
[2025-07-18T18:08:58.214+0000] {taskinstance.py:1400} INFO - Marking task as SUCCESS. dag_id=restaurant_pipeline, task_id=send_to_kafka, execution_date=20250718T180600, start_date=20250718T180855, end_date=20250718T180858
[2025-07-18T18:08:58.232+0000] {local_task_job_runner.py:228} INFO - Task exited with return code 0
[2025-07-18T18:08:58.259+0000] {taskinstance.py:2778} INFO - 1 downstream tasks scheduled from follow-on schedule check
