[2025-07-19T19:12:18.791+0000] {taskinstance.py:1159} INFO - Dependencies all met for dep_context=non-requeueable deps ti=<TaskInstance: restaurant_pipeline.send_to_kafka scheduled__2025-07-19T19:10:00+00:00 [queued]>
[2025-07-19T19:12:18.794+0000] {taskinstance.py:1159} INFO - Dependencies all met for dep_context=requeueable deps ti=<TaskInstance: restaurant_pipeline.send_to_kafka scheduled__2025-07-19T19:10:00+00:00 [queued]>
[2025-07-19T19:12:18.795+0000] {taskinstance.py:1361} INFO - Starting attempt 1 of 1
[2025-07-19T19:12:18.800+0000] {taskinstance.py:1382} INFO - Executing <Task(BashOperator): send_to_kafka> on 2025-07-19 19:10:00+00:00
[2025-07-19T19:12:18.802+0000] {standard_task_runner.py:57} INFO - Started process 1980 to run task
[2025-07-19T19:12:18.804+0000] {standard_task_runner.py:84} INFO - Running: ['***', 'tasks', 'run', 'restaurant_pipeline', 'send_to_kafka', 'scheduled__2025-07-19T19:10:00+00:00', '--job-id', '1078', '--raw', '--subdir', 'DAGS_FOLDER/restaurant_pipeline.py', '--cfg-path', '/tmp/tmp63opo_6k']
[2025-07-19T19:12:18.805+0000] {standard_task_runner.py:85} INFO - Job 1078: Subtask send_to_kafka
[2025-07-19T19:12:18.827+0000] {task_command.py:416} INFO - Running <TaskInstance: restaurant_pipeline.send_to_kafka scheduled__2025-07-19T19:10:00+00:00 [running]> on host e3f5d8fc4eef
[2025-07-19T19:12:18.863+0000] {taskinstance.py:1662} INFO - Exporting env vars: AIRFLOW_CTX_DAG_OWNER='moran' AIRFLOW_CTX_DAG_ID='restaurant_pipeline' AIRFLOW_CTX_TASK_ID='send_to_kafka' AIRFLOW_CTX_EXECUTION_DATE='2025-07-19T19:10:00+00:00' AIRFLOW_CTX_TRY_NUMBER='1' AIRFLOW_CTX_DAG_RUN_ID='scheduled__2025-07-19T19:10:00+00:00'
[2025-07-19T19:12:18.864+0000] {subprocess.py:63} INFO - Tmp dir root location: /tmp
[2025-07-19T19:12:18.864+0000] {subprocess.py:75} INFO - Running command: ['/bin/bash', '-c', 'python /opt/streaming/producer.py']
[2025-07-19T19:12:18.868+0000] {subprocess.py:86} INFO - Output:
[2025-07-19T19:12:21.127+0000] {subprocess.py:93} INFO - [✓] Sent to reservations: {'reservation_id': 8721, 'branch_id': 101, 'customer_name': 'Steven Cortez', 'phone_number': '273.472.8468x0580', 'reservation_date': '2025-07-19', 'reservation_time': '20:43', 'guests_count': 5, 'is_confirmed': True}
[2025-07-19T19:12:21.128+0000] {subprocess.py:93} INFO - [✓] Sent to reservations: {'reservation_id': 2409, 'branch_id': 102, 'customer_name': 'Shelly Wilkinson', 'phone_number': '272-250-6757', 'reservation_date': '2025-07-19', 'reservation_time': '19:43', 'guests_count': 3, 'is_confirmed': False}
[2025-07-19T19:12:21.129+0000] {subprocess.py:93} INFO - [✓] Sent to reservations: {'reservation_id': 7792, 'branch_id': 101, 'customer_name': 'Mallory Martin', 'phone_number': '+1-859-312-5075x0499', 'reservation_date': '2025-07-19', 'reservation_time': '20:51', 'guests_count': 3, 'is_confirmed': True}
[2025-07-19T19:12:21.129+0000] {subprocess.py:93} INFO - [✓] Sent to checkins: {'checkin_id': 5919, 'customer_name': 'Roger Mullins', 'phone_number': '8509241662', 'branch_id': 102, 'table_id': 200, 'is_prebooked': True, 'checkin_date': '2025-07-19', 'checkin_time': '17:16', 'guests_count': 2, 'shift_manager': 'Karen Gonzalez'}
[2025-07-19T19:12:21.130+0000] {subprocess.py:93} INFO - [✓] Sent to checkins: {'checkin_id': 5128, 'customer_name': 'Kimberly Ingram', 'phone_number': '852.986.9933x963', 'branch_id': 101, 'table_id': 208, 'is_prebooked': True, 'checkin_date': '2025-07-19', 'checkin_time': '17:56', 'guests_count': 1, 'shift_manager': 'Jeremy Galvan'}
[2025-07-19T19:12:21.130+0000] {subprocess.py:93} INFO - [✓] Sent to checkins: {'checkin_id': 1951, 'customer_name': 'Mrs. Rebecca Dougherty', 'phone_number': '911-491-1992x63628', 'branch_id': 101, 'table_id': 210, 'is_prebooked': False, 'checkin_date': '2025-07-19', 'checkin_time': '17:25', 'guests_count': 3, 'shift_manager': 'Jessica Riley'}
[2025-07-19T19:12:21.130+0000] {subprocess.py:93} INFO - [✓] Sent to feedback: {'feedback_id': 8745, 'branch_id': 101, 'customer_name': 'Amanda Andrews', 'phone_number': '244.323.6291x17920', 'feedback_text': 'Order point majority attention accept.', 'rating': 5, 'dining_date': '2025-07-19', 'dining_time': '19:12', 'submission_time': '2025-07-19T19:12:17'}
[2025-07-19T19:12:21.131+0000] {subprocess.py:93} INFO - [✓] Sent to feedback: {'feedback_id': 4698, 'branch_id': 102, 'customer_name': 'Edward Castro', 'phone_number': '433-582-0439', 'feedback_text': 'Stay something nation president.', 'rating': 2, 'dining_date': '2025-07-19', 'dining_time': '18:42', 'submission_time': '2025-07-19T19:12:17'}
[2025-07-19T19:12:21.131+0000] {subprocess.py:93} INFO - [✓] Sent to feedback: {'feedback_id': 5414, 'branch_id': 101, 'customer_name': 'Aaron Mccoy', 'phone_number': '750.749.5410x25651', 'feedback_text': 'Head cell since must action.', 'rating': 5, 'dining_date': '2025-07-19', 'dining_time': '18:21', 'submission_time': '2025-07-19T19:12:17'}
[2025-07-19T19:12:21.132+0000] {subprocess.py:93} INFO - ✅ All messages sent.
[2025-07-19T19:12:21.179+0000] {subprocess.py:97} INFO - Command exited with return code 0
[2025-07-19T19:12:21.197+0000] {taskinstance.py:1400} INFO - Marking task as SUCCESS. dag_id=restaurant_pipeline, task_id=send_to_kafka, execution_date=20250719T191000, start_date=20250719T191218, end_date=20250719T191221
[2025-07-19T19:12:21.213+0000] {local_task_job_runner.py:228} INFO - Task exited with return code 0
[2025-07-19T19:12:21.239+0000] {taskinstance.py:2778} INFO - 1 downstream tasks scheduled from follow-on schedule check
