[2025-07-19T18:12:03.176+0000] {taskinstance.py:1159} INFO - Dependencies all met for dep_context=non-requeueable deps ti=<TaskInstance: restaurant_pipeline.stream_to_bronze manual__2025-07-19T18:11:58.834958+00:00 [queued]>
[2025-07-19T18:12:03.180+0000] {taskinstance.py:1159} INFO - Dependencies all met for dep_context=requeueable deps ti=<TaskInstance: restaurant_pipeline.stream_to_bronze manual__2025-07-19T18:11:58.834958+00:00 [queued]>
[2025-07-19T18:12:03.180+0000] {taskinstance.py:1361} INFO - Starting attempt 1 of 1
[2025-07-19T18:12:03.185+0000] {taskinstance.py:1382} INFO - Executing <Task(BashOperator): stream_to_bronze> on 2025-07-19 18:11:58.834958+00:00
[2025-07-19T18:12:03.187+0000] {standard_task_runner.py:57} INFO - Started process 488 to run task
[2025-07-19T18:12:03.189+0000] {standard_task_runner.py:84} INFO - Running: ['***', 'tasks', 'run', 'restaurant_pipeline', 'stream_to_bronze', 'manual__2025-07-19T18:11:58.834958+00:00', '--job-id', '948', '--raw', '--subdir', 'DAGS_FOLDER/restaurant_pipeline.py', '--cfg-path', '/tmp/tmpb6z9bcq2']
[2025-07-19T18:12:03.190+0000] {standard_task_runner.py:85} INFO - Job 948: Subtask stream_to_bronze
[2025-07-19T18:12:03.209+0000] {task_command.py:416} INFO - Running <TaskInstance: restaurant_pipeline.stream_to_bronze manual__2025-07-19T18:11:58.834958+00:00 [running]> on host e3f5d8fc4eef
[2025-07-19T18:12:03.244+0000] {taskinstance.py:1662} INFO - Exporting env vars: AIRFLOW_CTX_DAG_OWNER='moran' AIRFLOW_CTX_DAG_ID='restaurant_pipeline' AIRFLOW_CTX_TASK_ID='stream_to_bronze' AIRFLOW_CTX_EXECUTION_DATE='2025-07-19T18:11:58.834958+00:00' AIRFLOW_CTX_TRY_NUMBER='1' AIRFLOW_CTX_DAG_RUN_ID='manual__2025-07-19T18:11:58.834958+00:00'
[2025-07-19T18:12:03.244+0000] {subprocess.py:63} INFO - Tmp dir root location: /tmp
[2025-07-19T18:12:03.245+0000] {subprocess.py:75} INFO - Running command: ['/bin/bash', '-c', "docker exec -e AIRFLOW_CTX_DAG_RUN_ID='manual__2025-07-19T18:11:58.834958+00:00' spark-iceberg spark-submit /home/iceberg/spark/stream_to_bronze.py"]
[2025-07-19T18:12:03.248+0000] {subprocess.py:86} INFO - Output:
[2025-07-19T18:12:04.516+0000] {subprocess.py:93} INFO - 25/07/19 18:12:04 INFO SparkContext: Running Spark version 3.5.6
[2025-07-19T18:12:04.517+0000] {subprocess.py:93} INFO - 25/07/19 18:12:04 INFO SparkContext: OS info Linux, 6.10.14-linuxkit, aarch64
[2025-07-19T18:12:04.518+0000] {subprocess.py:93} INFO - 25/07/19 18:12:04 INFO SparkContext: Java version 17.0.15
[2025-07-19T18:12:04.530+0000] {subprocess.py:93} INFO - 25/07/19 18:12:04 INFO ResourceUtils: ==============================================================
[2025-07-19T18:12:04.531+0000] {subprocess.py:93} INFO - 25/07/19 18:12:04 INFO ResourceUtils: No custom resources configured for spark.driver.
[2025-07-19T18:12:04.531+0000] {subprocess.py:93} INFO - 25/07/19 18:12:04 INFO ResourceUtils: ==============================================================
[2025-07-19T18:12:04.531+0000] {subprocess.py:93} INFO - 25/07/19 18:12:04 INFO SparkContext: Submitted application: StreamToBronze
[2025-07-19T18:12:04.540+0000] {subprocess.py:93} INFO - 25/07/19 18:12:04 INFO ResourceProfile: Default ResourceProfile created, executor resources: Map(cores -> name: cores, amount: 1, script: , vendor: , memory -> name: memory, amount: 1024, script: , vendor: , offHeap -> name: offHeap, amount: 0, script: , vendor: ), task resources: Map(cpus -> name: cpus, amount: 1.0)
[2025-07-19T18:12:04.544+0000] {subprocess.py:93} INFO - 25/07/19 18:12:04 INFO ResourceProfile: Limiting resource is cpu
[2025-07-19T18:12:04.544+0000] {subprocess.py:93} INFO - 25/07/19 18:12:04 INFO ResourceProfileManager: Added ResourceProfile id: 0
[2025-07-19T18:12:04.566+0000] {subprocess.py:93} INFO - 25/07/19 18:12:04 INFO SecurityManager: Changing view acls to: root,spark
[2025-07-19T18:12:04.566+0000] {subprocess.py:93} INFO - 25/07/19 18:12:04 INFO SecurityManager: Changing modify acls to: root,spark
[2025-07-19T18:12:04.566+0000] {subprocess.py:93} INFO - 25/07/19 18:12:04 INFO SecurityManager: Changing view acls groups to:
[2025-07-19T18:12:04.566+0000] {subprocess.py:93} INFO - 25/07/19 18:12:04 INFO SecurityManager: Changing modify acls groups to:
[2025-07-19T18:12:04.567+0000] {subprocess.py:93} INFO - 25/07/19 18:12:04 INFO SecurityManager: SecurityManager: authentication disabled; ui acls disabled; users with view permissions: root, spark; groups with view permissions: EMPTY; users with modify permissions: root, spark; groups with modify permissions: EMPTY
[2025-07-19T18:12:04.595+0000] {subprocess.py:93} INFO - 25/07/19 18:12:04 WARN NativeCodeLoader: Unable to load native-hadoop library for your platform... using builtin-java classes where applicable
[2025-07-19T18:12:04.718+0000] {subprocess.py:93} INFO - 25/07/19 18:12:04 INFO Utils: Successfully started service 'sparkDriver' on port 46363.
[2025-07-19T18:12:04.730+0000] {subprocess.py:93} INFO - 25/07/19 18:12:04 INFO SparkEnv: Registering MapOutputTracker
[2025-07-19T18:12:04.751+0000] {subprocess.py:93} INFO - 25/07/19 18:12:04 INFO SparkEnv: Registering BlockManagerMaster
[2025-07-19T18:12:04.758+0000] {subprocess.py:93} INFO - 25/07/19 18:12:04 INFO BlockManagerMasterEndpoint: Using org.apache.spark.storage.DefaultTopologyMapper for getting topology information
[2025-07-19T18:12:04.758+0000] {subprocess.py:93} INFO - 25/07/19 18:12:04 INFO BlockManagerMasterEndpoint: BlockManagerMasterEndpoint up
[2025-07-19T18:12:04.760+0000] {subprocess.py:93} INFO - 25/07/19 18:12:04 INFO SparkEnv: Registering BlockManagerMasterHeartbeat
[2025-07-19T18:12:04.770+0000] {subprocess.py:93} INFO - 25/07/19 18:12:04 INFO DiskBlockManager: Created local directory at /tmp/blockmgr-3b79a041-eb77-47c0-a586-49f7c7e7b9ec
[2025-07-19T18:12:04.776+0000] {subprocess.py:93} INFO - 25/07/19 18:12:04 INFO MemoryStore: MemoryStore started with capacity 434.4 MiB
[2025-07-19T18:12:04.783+0000] {subprocess.py:93} INFO - 25/07/19 18:12:04 INFO SparkEnv: Registering OutputCommitCoordinator
[2025-07-19T18:12:04.836+0000] {subprocess.py:93} INFO - 25/07/19 18:12:04 INFO JettyUtils: Start Jetty 0.0.0.0:4040 for SparkUI
[2025-07-19T18:12:04.865+0000] {subprocess.py:93} INFO - 25/07/19 18:12:04 WARN Utils: Service 'SparkUI' could not bind on port 4040. Attempting port 4041.
[2025-07-19T18:12:04.867+0000] {subprocess.py:93} INFO - 25/07/19 18:12:04 INFO Utils: Successfully started service 'SparkUI' on port 4041.
[2025-07-19T18:12:04.934+0000] {subprocess.py:93} INFO - 25/07/19 18:12:04 INFO Executor: Starting executor ID driver on host 8b44f3d35cfa
[2025-07-19T18:12:04.934+0000] {subprocess.py:93} INFO - 25/07/19 18:12:04 INFO Executor: OS info Linux, 6.10.14-linuxkit, aarch64
[2025-07-19T18:12:04.934+0000] {subprocess.py:93} INFO - 25/07/19 18:12:04 INFO Executor: Java version 17.0.15
[2025-07-19T18:12:04.937+0000] {subprocess.py:93} INFO - 25/07/19 18:12:04 INFO Executor: Starting executor with user classpath (userClassPathFirst = false): ''
[2025-07-19T18:12:04.937+0000] {subprocess.py:93} INFO - 25/07/19 18:12:04 INFO Executor: Created or updated repl class loader org.apache.spark.util.MutableURLClassLoader@172f4538 for default.
[2025-07-19T18:12:04.952+0000] {subprocess.py:93} INFO - 25/07/19 18:12:04 INFO Utils: Successfully started service 'org.apache.spark.network.netty.NettyBlockTransferService' on port 35945.
[2025-07-19T18:12:04.952+0000] {subprocess.py:93} INFO - 25/07/19 18:12:04 INFO NettyBlockTransferService: Server created on 8b44f3d35cfa:35945
[2025-07-19T18:12:04.953+0000] {subprocess.py:93} INFO - 25/07/19 18:12:04 INFO BlockManager: Using org.apache.spark.storage.RandomBlockReplicationPolicy for block replication policy
[2025-07-19T18:12:04.957+0000] {subprocess.py:93} INFO - 25/07/19 18:12:04 INFO BlockManagerMaster: Registering BlockManager BlockManagerId(driver, 8b44f3d35cfa, 35945, None)
[2025-07-19T18:12:04.957+0000] {subprocess.py:93} INFO - 25/07/19 18:12:04 INFO BlockManagerMasterEndpoint: Registering block manager 8b44f3d35cfa:35945 with 434.4 MiB RAM, BlockManagerId(driver, 8b44f3d35cfa, 35945, None)
[2025-07-19T18:12:04.957+0000] {subprocess.py:93} INFO - 25/07/19 18:12:04 INFO BlockManagerMaster: Registered BlockManager BlockManagerId(driver, 8b44f3d35cfa, 35945, None)
[2025-07-19T18:12:04.958+0000] {subprocess.py:93} INFO - 25/07/19 18:12:04 INFO BlockManager: Initialized BlockManager: BlockManagerId(driver, 8b44f3d35cfa, 35945, None)
[2025-07-19T18:12:05.162+0000] {subprocess.py:93} INFO - 25/07/19 18:12:05 INFO SharedState: Setting hive.metastore.warehouse.dir ('null') to the value of spark.sql.warehouse.dir.
[2025-07-19T18:12:05.165+0000] {subprocess.py:93} INFO - 25/07/19 18:12:05 INFO SharedState: Warehouse path is 'file:/app/spark-warehouse'.
[2025-07-19T18:12:06.051+0000] {subprocess.py:93} INFO - 25/07/19 18:12:06 WARN MetricsConfig: Cannot locate configuration: tried hadoop-metrics2-s3a-file-system.properties,hadoop-metrics2.properties
[2025-07-19T18:12:06.057+0000] {subprocess.py:93} INFO - 25/07/19 18:12:06 INFO MetricsSystemImpl: Scheduled Metric snapshot period at 10 second(s).
[2025-07-19T18:12:06.058+0000] {subprocess.py:93} INFO - 25/07/19 18:12:06 INFO MetricsSystemImpl: s3a-file-system metrics system started
[2025-07-19T18:12:06.595+0000] {subprocess.py:93} INFO - 25/07/19 18:12:06 INFO BaseMetastoreCatalog: Table loaded by catalog: my_catalog.bronze.Reservations_raw
[2025-07-19T18:12:06.600+0000] {subprocess.py:93} INFO - 25/07/19 18:12:06 INFO StateStoreCoordinatorRef: Registered StateStoreCoordinator endpoint
[2025-07-19T18:12:06.627+0000] {subprocess.py:93} INFO - 25/07/19 18:12:06 INFO ResolveWriteToStream: Checkpoint root /tmp/checkpoints/reservations/manual__2025-07-19T18:11:58.834958+00:00 resolved to file:/tmp/checkpoints/reservations/manual__2025-07-19T18:11:58.834958+00:00.
[2025-07-19T18:12:06.627+0000] {subprocess.py:93} INFO - 25/07/19 18:12:06 WARN ResolveWriteToStream: spark.sql.adaptive.enabled is not supported in streaming DataFrames/Datasets and will be disabled.
[2025-07-19T18:12:06.655+0000] {subprocess.py:93} INFO - 25/07/19 18:12:06 INFO CheckpointFileManager: Writing atomically to file:/tmp/checkpoints/reservations/manual__2025-07-19T18:11:58.834958+00:00/metadata using temp file file:/tmp/checkpoints/reservations/manual__2025-07-19T18:11:58.834958+00:00/.metadata.300a1067-ba71-499f-a5a1-fde7c995d7ac.tmp
[2025-07-19T18:12:06.686+0000] {subprocess.py:93} INFO - 25/07/19 18:12:06 INFO CheckpointFileManager: Renamed temp file file:/tmp/checkpoints/reservations/manual__2025-07-19T18:11:58.834958+00:00/.metadata.300a1067-ba71-499f-a5a1-fde7c995d7ac.tmp to file:/tmp/checkpoints/reservations/manual__2025-07-19T18:11:58.834958+00:00/metadata
[2025-07-19T18:12:06.703+0000] {subprocess.py:93} INFO - 25/07/19 18:12:06 INFO MicroBatchExecution: Starting [id = f977a9f1-b69e-4298-b97c-e9449612c043, runId = 29ce85a8-f42b-4cec-b3b3-87ab0abea60c]. Use file:/tmp/checkpoints/reservations/manual__2025-07-19T18:11:58.834958+00:00 to store the query checkpoint.
[2025-07-19T18:12:06.704+0000] {subprocess.py:93} INFO - 25/07/19 18:12:06 INFO MicroBatchExecution: Reading table [org.apache.spark.sql.kafka010.KafkaSourceProvider$KafkaTable@10badc89] from DataSourceV2 named 'kafka' [org.apache.spark.sql.kafka010.KafkaSourceProvider@2086f535]
[2025-07-19T18:12:06.725+0000] {subprocess.py:93} INFO - 25/07/19 18:12:06 INFO OffsetSeqLog: BatchIds found from listing:
[2025-07-19T18:12:06.726+0000] {subprocess.py:93} INFO - 25/07/19 18:12:06 INFO OffsetSeqLog: BatchIds found from listing:
[2025-07-19T18:12:06.726+0000] {subprocess.py:93} INFO - 25/07/19 18:12:06 INFO MicroBatchExecution: Starting new streaming query.
[2025-07-19T18:12:06.729+0000] {subprocess.py:93} INFO - 25/07/19 18:12:06 INFO MicroBatchExecution: Stream started from {}
[2025-07-19T18:12:06.803+0000] {subprocess.py:93} INFO - 25/07/19 18:12:06 INFO BaseMetastoreCatalog: Table loaded by catalog: my_catalog.bronze.Checkins_raw
[2025-07-19T18:12:06.806+0000] {subprocess.py:93} INFO - 25/07/19 18:12:06 INFO ResolveWriteToStream: Checkpoint root /tmp/checkpoints/checkins/manual__2025-07-19T18:11:58.834958+00:00 resolved to file:/tmp/checkpoints/checkins/manual__2025-07-19T18:11:58.834958+00:00.
[2025-07-19T18:12:06.807+0000] {subprocess.py:93} INFO - 25/07/19 18:12:06 WARN ResolveWriteToStream: spark.sql.adaptive.enabled is not supported in streaming DataFrames/Datasets and will be disabled.
[2025-07-19T18:12:06.812+0000] {subprocess.py:93} INFO - 25/07/19 18:12:06 INFO CheckpointFileManager: Writing atomically to file:/tmp/checkpoints/checkins/manual__2025-07-19T18:11:58.834958+00:00/metadata using temp file file:/tmp/checkpoints/checkins/manual__2025-07-19T18:11:58.834958+00:00/.metadata.7dbe5c6a-c327-4767-863e-382ae88a18d7.tmp
[2025-07-19T18:12:06.823+0000] {subprocess.py:93} INFO - 25/07/19 18:12:06 INFO CheckpointFileManager: Renamed temp file file:/tmp/checkpoints/checkins/manual__2025-07-19T18:11:58.834958+00:00/.metadata.7dbe5c6a-c327-4767-863e-382ae88a18d7.tmp to file:/tmp/checkpoints/checkins/manual__2025-07-19T18:11:58.834958+00:00/metadata
[2025-07-19T18:12:06.831+0000] {subprocess.py:93} INFO - 25/07/19 18:12:06 INFO MicroBatchExecution: Starting [id = 77e931fb-b286-40a7-b7f0-aae125ace00d, runId = cd7e5bdb-0477-4d43-b7ec-282d2fd2c344]. Use file:/tmp/checkpoints/checkins/manual__2025-07-19T18:11:58.834958+00:00 to store the query checkpoint.
[2025-07-19T18:12:06.832+0000] {subprocess.py:93} INFO - 25/07/19 18:12:06 INFO MicroBatchExecution: Reading table [org.apache.spark.sql.kafka010.KafkaSourceProvider$KafkaTable@9cbb5d3] from DataSourceV2 named 'kafka' [org.apache.spark.sql.kafka010.KafkaSourceProvider@70c5b42]
[2025-07-19T18:12:06.833+0000] {subprocess.py:93} INFO - 25/07/19 18:12:06 INFO OffsetSeqLog: BatchIds found from listing:
[2025-07-19T18:12:06.834+0000] {subprocess.py:93} INFO - 25/07/19 18:12:06 INFO OffsetSeqLog: BatchIds found from listing:
[2025-07-19T18:12:06.834+0000] {subprocess.py:93} INFO - 25/07/19 18:12:06 INFO MicroBatchExecution: Starting new streaming query.
[2025-07-19T18:12:06.835+0000] {subprocess.py:93} INFO - 25/07/19 18:12:06 INFO MicroBatchExecution: Stream started from {}
[2025-07-19T18:12:06.925+0000] {subprocess.py:93} INFO - 25/07/19 18:12:06 INFO AdminClientConfig: AdminClientConfig values:
[2025-07-19T18:12:06.926+0000] {subprocess.py:93} INFO - 	auto.include.jmx.reporter = true
[2025-07-19T18:12:06.926+0000] {subprocess.py:93} INFO - 	bootstrap.servers = [kafka:9092]
[2025-07-19T18:12:06.926+0000] {subprocess.py:93} INFO - 	client.dns.lookup = use_all_dns_ips
[2025-07-19T18:12:06.926+0000] {subprocess.py:93} INFO - 	client.id =
[2025-07-19T18:12:06.926+0000] {subprocess.py:93} INFO - 	connections.max.idle.ms = 300000
[2025-07-19T18:12:06.926+0000] {subprocess.py:93} INFO - 	default.api.timeout.ms = 60000
[2025-07-19T18:12:06.926+0000] {subprocess.py:93} INFO - 	metadata.max.age.ms = 300000
[2025-07-19T18:12:06.927+0000] {subprocess.py:93} INFO - 	metric.reporters = []
[2025-07-19T18:12:06.927+0000] {subprocess.py:93} INFO - 	metrics.num.samples = 2
[2025-07-19T18:12:06.927+0000] {subprocess.py:93} INFO - 	metrics.recording.level = INFO
[2025-07-19T18:12:06.927+0000] {subprocess.py:93} INFO - 	metrics.sample.window.ms = 30000
[2025-07-19T18:12:06.927+0000] {subprocess.py:93} INFO - 	receive.buffer.bytes = 65536
[2025-07-19T18:12:06.928+0000] {subprocess.py:93} INFO - 	reconnect.backoff.max.ms = 1000
[2025-07-19T18:12:06.929+0000] {subprocess.py:93} INFO - 	reconnect.backoff.ms = 50
[2025-07-19T18:12:06.929+0000] {subprocess.py:93} INFO - 	request.timeout.ms = 30000
[2025-07-19T18:12:06.929+0000] {subprocess.py:93} INFO - 	retries = 2147483647
[2025-07-19T18:12:06.930+0000] {subprocess.py:93} INFO - 	retry.backoff.ms = 100
[2025-07-19T18:12:06.930+0000] {subprocess.py:93} INFO - 	sasl.client.callback.handler.class = null
[2025-07-19T18:12:06.930+0000] {subprocess.py:93} INFO - 	sasl.jaas.config = null
[2025-07-19T18:12:06.931+0000] {subprocess.py:93} INFO - 	sasl.kerberos.kinit.cmd = /usr/bin/kinit
[2025-07-19T18:12:06.931+0000] {subprocess.py:93} INFO - 	sasl.kerberos.min.time.before.relogin = 60000
[2025-07-19T18:12:06.931+0000] {subprocess.py:93} INFO - 	sasl.kerberos.service.name = null
[2025-07-19T18:12:06.932+0000] {subprocess.py:93} INFO - 	sasl.kerberos.ticket.renew.jitter = 0.05
[2025-07-19T18:12:06.932+0000] {subprocess.py:93} INFO - 	sasl.kerberos.ticket.renew.window.factor = 0.8
[2025-07-19T18:12:06.932+0000] {subprocess.py:93} INFO - 	sasl.login.callback.handler.class = null
[2025-07-19T18:12:06.932+0000] {subprocess.py:93} INFO - 	sasl.login.class = null
[2025-07-19T18:12:06.932+0000] {subprocess.py:93} INFO - 	sasl.login.connect.timeout.ms = null
[2025-07-19T18:12:06.933+0000] {subprocess.py:93} INFO - 	sasl.login.read.timeout.ms = null
[2025-07-19T18:12:06.933+0000] {subprocess.py:93} INFO - 	sasl.login.refresh.buffer.seconds = 300
[2025-07-19T18:12:06.933+0000] {subprocess.py:93} INFO - 	sasl.login.refresh.min.period.seconds = 60
[2025-07-19T18:12:06.933+0000] {subprocess.py:93} INFO - 	sasl.login.refresh.window.factor = 0.8
[2025-07-19T18:12:06.933+0000] {subprocess.py:93} INFO - 	sasl.login.refresh.window.jitter = 0.05
[2025-07-19T18:12:06.933+0000] {subprocess.py:93} INFO - 	sasl.login.retry.backoff.max.ms = 10000
[2025-07-19T18:12:06.934+0000] {subprocess.py:93} INFO - 	sasl.login.retry.backoff.ms = 100
[2025-07-19T18:12:06.934+0000] {subprocess.py:93} INFO - 	sasl.mechanism = GSSAPI
[2025-07-19T18:12:06.934+0000] {subprocess.py:93} INFO - 	sasl.oauthbearer.clock.skew.seconds = 30
[2025-07-19T18:12:06.934+0000] {subprocess.py:93} INFO - 	sasl.oauthbearer.expected.audience = null
[2025-07-19T18:12:06.934+0000] {subprocess.py:93} INFO - 	sasl.oauthbearer.expected.issuer = null
[2025-07-19T18:12:06.934+0000] {subprocess.py:93} INFO - 	sasl.oauthbearer.jwks.endpoint.refresh.ms = 3600000
[2025-07-19T18:12:06.935+0000] {subprocess.py:93} INFO - 	sasl.oauthbearer.jwks.endpoint.retry.backoff.max.ms = 10000
[2025-07-19T18:12:06.935+0000] {subprocess.py:93} INFO - 	sasl.oauthbearer.jwks.endpoint.retry.backoff.ms = 100
[2025-07-19T18:12:06.935+0000] {subprocess.py:93} INFO - 	sasl.oauthbearer.jwks.endpoint.url = null
[2025-07-19T18:12:06.935+0000] {subprocess.py:93} INFO - 	sasl.oauthbearer.scope.claim.name = scope
[2025-07-19T18:12:06.935+0000] {subprocess.py:93} INFO - 	sasl.oauthbearer.sub.claim.name = sub
[2025-07-19T18:12:06.935+0000] {subprocess.py:93} INFO - 	sasl.oauthbearer.token.endpoint.url = null
[2025-07-19T18:12:06.935+0000] {subprocess.py:93} INFO - 	security.protocol = PLAINTEXT
[2025-07-19T18:12:06.936+0000] {subprocess.py:93} INFO - 	security.providers = null
[2025-07-19T18:12:06.936+0000] {subprocess.py:93} INFO - 	send.buffer.bytes = 131072
[2025-07-19T18:12:06.936+0000] {subprocess.py:93} INFO - 	socket.connection.setup.timeout.max.ms = 30000
[2025-07-19T18:12:06.936+0000] {subprocess.py:93} INFO - 	socket.connection.setup.timeout.ms = 10000
[2025-07-19T18:12:06.936+0000] {subprocess.py:93} INFO - 	ssl.cipher.suites = null
[2025-07-19T18:12:06.936+0000] {subprocess.py:93} INFO - 	ssl.enabled.protocols = [TLSv1.2, TLSv1.3]
[2025-07-19T18:12:06.937+0000] {subprocess.py:93} INFO - 	ssl.endpoint.identification.algorithm = https
[2025-07-19T18:12:06.937+0000] {subprocess.py:93} INFO - 	ssl.engine.factory.class = null
[2025-07-19T18:12:06.937+0000] {subprocess.py:93} INFO - 	ssl.key.password = null
[2025-07-19T18:12:06.937+0000] {subprocess.py:93} INFO - 	ssl.keymanager.algorithm = SunX509
[2025-07-19T18:12:06.937+0000] {subprocess.py:93} INFO - 	ssl.keystore.certificate.chain = null
[2025-07-19T18:12:06.937+0000] {subprocess.py:93} INFO - 	ssl.keystore.key = null
[2025-07-19T18:12:06.937+0000] {subprocess.py:93} INFO - 	ssl.keystore.location = null
[2025-07-19T18:12:06.938+0000] {subprocess.py:93} INFO - 	ssl.keystore.password = null
[2025-07-19T18:12:06.938+0000] {subprocess.py:93} INFO - 	ssl.keystore.type = JKS
[2025-07-19T18:12:06.938+0000] {subprocess.py:93} INFO - 	ssl.protocol = TLSv1.3
[2025-07-19T18:12:06.938+0000] {subprocess.py:93} INFO - 	ssl.provider = null
[2025-07-19T18:12:06.938+0000] {subprocess.py:93} INFO - 	ssl.secure.random.implementation = null
[2025-07-19T18:12:06.938+0000] {subprocess.py:93} INFO - 	ssl.trustmanager.algorithm = PKIX
[2025-07-19T18:12:06.938+0000] {subprocess.py:93} INFO - 	ssl.truststore.certificates = null
[2025-07-19T18:12:06.938+0000] {subprocess.py:93} INFO - 	ssl.truststore.location = null
[2025-07-19T18:12:06.939+0000] {subprocess.py:93} INFO - 	ssl.truststore.password = null
[2025-07-19T18:12:06.939+0000] {subprocess.py:93} INFO - 	ssl.truststore.type = JKS
[2025-07-19T18:12:06.939+0000] {subprocess.py:93} INFO - 
[2025-07-19T18:12:06.939+0000] {subprocess.py:93} INFO - 25/07/19 18:12:06 INFO AdminClientConfig: AdminClientConfig values:
[2025-07-19T18:12:06.939+0000] {subprocess.py:93} INFO - 	auto.include.jmx.reporter = true
[2025-07-19T18:12:06.939+0000] {subprocess.py:93} INFO - 	bootstrap.servers = [kafka:9092]
[2025-07-19T18:12:06.939+0000] {subprocess.py:93} INFO - 	client.dns.lookup = use_all_dns_ips
[2025-07-19T18:12:06.940+0000] {subprocess.py:93} INFO - 	client.id =
[2025-07-19T18:12:06.940+0000] {subprocess.py:93} INFO - 	connections.max.idle.ms = 300000
[2025-07-19T18:12:06.940+0000] {subprocess.py:93} INFO - 	default.api.timeout.ms = 60000
[2025-07-19T18:12:06.940+0000] {subprocess.py:93} INFO - 	metadata.max.age.ms = 300000
[2025-07-19T18:12:06.940+0000] {subprocess.py:93} INFO - 	metric.reporters = []
[2025-07-19T18:12:06.940+0000] {subprocess.py:93} INFO - 	metrics.num.samples = 2
[2025-07-19T18:12:06.940+0000] {subprocess.py:93} INFO - 	metrics.recording.level = INFO
[2025-07-19T18:12:06.940+0000] {subprocess.py:93} INFO - 	metrics.sample.window.ms = 30000
[2025-07-19T18:12:06.941+0000] {subprocess.py:93} INFO - 	receive.buffer.bytes = 65536
[2025-07-19T18:12:06.941+0000] {subprocess.py:93} INFO - 	reconnect.backoff.max.ms = 1000
[2025-07-19T18:12:06.941+0000] {subprocess.py:93} INFO - 	reconnect.backoff.ms = 50
[2025-07-19T18:12:06.941+0000] {subprocess.py:93} INFO - 	request.timeout.ms = 30000
[2025-07-19T18:12:06.941+0000] {subprocess.py:93} INFO - 	retries = 2147483647
[2025-07-19T18:12:06.941+0000] {subprocess.py:93} INFO - 	retry.backoff.ms = 100
[2025-07-19T18:12:06.941+0000] {subprocess.py:93} INFO - 	sasl.client.callback.handler.class = null
[2025-07-19T18:12:06.942+0000] {subprocess.py:93} INFO - 	sasl.jaas.config = null
[2025-07-19T18:12:06.942+0000] {subprocess.py:93} INFO - 	sasl.kerberos.kinit.cmd = /usr/bin/kinit
[2025-07-19T18:12:06.942+0000] {subprocess.py:93} INFO - 	sasl.kerberos.min.time.before.relogin = 60000
[2025-07-19T18:12:06.942+0000] {subprocess.py:93} INFO - 	sasl.kerberos.service.name = null
[2025-07-19T18:12:06.942+0000] {subprocess.py:93} INFO - 	sasl.kerberos.ticket.renew.jitter = 0.05
[2025-07-19T18:12:06.943+0000] {subprocess.py:93} INFO - 	sasl.kerberos.ticket.renew.window.factor = 0.8
[2025-07-19T18:12:06.943+0000] {subprocess.py:93} INFO - 	sasl.login.callback.handler.class = null
[2025-07-19T18:12:06.943+0000] {subprocess.py:93} INFO - 	sasl.login.class = null
[2025-07-19T18:12:06.943+0000] {subprocess.py:93} INFO - 	sasl.login.connect.timeout.ms = null
[2025-07-19T18:12:06.943+0000] {subprocess.py:93} INFO - 	sasl.login.read.timeout.ms = null
[2025-07-19T18:12:06.943+0000] {subprocess.py:93} INFO - 	sasl.login.refresh.buffer.seconds = 300
[2025-07-19T18:12:06.944+0000] {subprocess.py:93} INFO - 	sasl.login.refresh.min.period.seconds = 60
[2025-07-19T18:12:06.944+0000] {subprocess.py:93} INFO - 	sasl.login.refresh.window.factor = 0.8
[2025-07-19T18:12:06.944+0000] {subprocess.py:93} INFO - 	sasl.login.refresh.window.jitter = 0.05
[2025-07-19T18:12:06.944+0000] {subprocess.py:93} INFO - 	sasl.login.retry.backoff.max.ms = 10000
[2025-07-19T18:12:06.944+0000] {subprocess.py:93} INFO - 	sasl.login.retry.backoff.ms = 100
[2025-07-19T18:12:06.945+0000] {subprocess.py:93} INFO - 	sasl.mechanism = GSSAPI
[2025-07-19T18:12:06.945+0000] {subprocess.py:93} INFO - 	sasl.oauthbearer.clock.skew.seconds = 30
[2025-07-19T18:12:06.946+0000] {subprocess.py:93} INFO - 	sasl.oauthbearer.expected.audience = null
[2025-07-19T18:12:06.946+0000] {subprocess.py:93} INFO - 	sasl.oauthbearer.expected.issuer = null
[2025-07-19T18:12:06.947+0000] {subprocess.py:93} INFO - 	sasl.oauthbearer.jwks.endpoint.refresh.ms = 3600000
[2025-07-19T18:12:06.947+0000] {subprocess.py:93} INFO - 	sasl.oauthbearer.jwks.endpoint.retry.backoff.max.ms = 10000
[2025-07-19T18:12:06.947+0000] {subprocess.py:93} INFO - 	sasl.oauthbearer.jwks.endpoint.retry.backoff.ms = 100
[2025-07-19T18:12:06.948+0000] {subprocess.py:93} INFO - 	sasl.oauthbearer.jwks.endpoint.url = null
[2025-07-19T18:12:06.948+0000] {subprocess.py:93} INFO - 	sasl.oauthbearer.scope.claim.name = scope
[2025-07-19T18:12:06.948+0000] {subprocess.py:93} INFO - 	sasl.oauthbearer.sub.claim.name = sub
[2025-07-19T18:12:06.948+0000] {subprocess.py:93} INFO - 	sasl.oauthbearer.token.endpoint.url = null
[2025-07-19T18:12:06.948+0000] {subprocess.py:93} INFO - 	security.protocol = PLAINTEXT
[2025-07-19T18:12:06.948+0000] {subprocess.py:93} INFO - 	security.providers = null
[2025-07-19T18:12:06.949+0000] {subprocess.py:93} INFO - 	send.buffer.bytes = 131072
[2025-07-19T18:12:06.949+0000] {subprocess.py:93} INFO - 	socket.connection.setup.timeout.max.ms = 30000
[2025-07-19T18:12:06.949+0000] {subprocess.py:93} INFO - 	socket.connection.setup.timeout.ms = 10000
[2025-07-19T18:12:06.950+0000] {subprocess.py:93} INFO - 	ssl.cipher.suites = null
[2025-07-19T18:12:06.950+0000] {subprocess.py:93} INFO - 	ssl.enabled.protocols = [TLSv1.2, TLSv1.3]
[2025-07-19T18:12:06.950+0000] {subprocess.py:93} INFO - 	ssl.endpoint.identification.algorithm = https
[2025-07-19T18:12:06.950+0000] {subprocess.py:93} INFO - 	ssl.engine.factory.class = null
[2025-07-19T18:12:06.950+0000] {subprocess.py:93} INFO - 	ssl.key.password = null
[2025-07-19T18:12:06.951+0000] {subprocess.py:93} INFO - 	ssl.keymanager.algorithm = SunX509
[2025-07-19T18:12:06.951+0000] {subprocess.py:93} INFO - 	ssl.keystore.certificate.chain = null
[2025-07-19T18:12:06.951+0000] {subprocess.py:93} INFO - 	ssl.keystore.key = null
[2025-07-19T18:12:06.952+0000] {subprocess.py:93} INFO - 	ssl.keystore.location = null
[2025-07-19T18:12:06.952+0000] {subprocess.py:93} INFO - 	ssl.keystore.password = null
[2025-07-19T18:12:06.952+0000] {subprocess.py:93} INFO - 	ssl.keystore.type = JKS
[2025-07-19T18:12:06.953+0000] {subprocess.py:93} INFO - 	ssl.protocol = TLSv1.3
[2025-07-19T18:12:06.953+0000] {subprocess.py:93} INFO - 	ssl.provider = null
[2025-07-19T18:12:06.954+0000] {subprocess.py:93} INFO - 	ssl.secure.random.implementation = null
[2025-07-19T18:12:06.954+0000] {subprocess.py:93} INFO - 	ssl.trustmanager.algorithm = PKIX
[2025-07-19T18:12:06.955+0000] {subprocess.py:93} INFO - 	ssl.truststore.certificates = null
[2025-07-19T18:12:06.955+0000] {subprocess.py:93} INFO - 	ssl.truststore.location = null
[2025-07-19T18:12:06.956+0000] {subprocess.py:93} INFO - 	ssl.truststore.password = null
[2025-07-19T18:12:06.956+0000] {subprocess.py:93} INFO - 	ssl.truststore.type = JKS
[2025-07-19T18:12:06.957+0000] {subprocess.py:93} INFO - 
[2025-07-19T18:12:06.957+0000] {subprocess.py:93} INFO - 25/07/19 18:12:06 INFO BaseMetastoreCatalog: Table loaded by catalog: my_catalog.bronze.Feedback_raw
[2025-07-19T18:12:06.957+0000] {subprocess.py:93} INFO - 25/07/19 18:12:06 INFO ResolveWriteToStream: Checkpoint root /tmp/checkpoints/feedback/manual__2025-07-19T18:11:58.834958+00:00 resolved to file:/tmp/checkpoints/feedback/manual__2025-07-19T18:11:58.834958+00:00.
[2025-07-19T18:12:06.957+0000] {subprocess.py:93} INFO - 25/07/19 18:12:06 WARN ResolveWriteToStream: spark.sql.adaptive.enabled is not supported in streaming DataFrames/Datasets and will be disabled.
[2025-07-19T18:12:06.957+0000] {subprocess.py:93} INFO - 25/07/19 18:12:06 INFO CheckpointFileManager: Writing atomically to file:/tmp/checkpoints/feedback/manual__2025-07-19T18:11:58.834958+00:00/metadata using temp file file:/tmp/checkpoints/feedback/manual__2025-07-19T18:11:58.834958+00:00/.metadata.00c10b8c-5804-44a2-9ccd-1d141dde429b.tmp
[2025-07-19T18:12:06.958+0000] {subprocess.py:93} INFO - 25/07/19 18:12:06 INFO CheckpointFileManager: Renamed temp file file:/tmp/checkpoints/feedback/manual__2025-07-19T18:11:58.834958+00:00/.metadata.00c10b8c-5804-44a2-9ccd-1d141dde429b.tmp to file:/tmp/checkpoints/feedback/manual__2025-07-19T18:11:58.834958+00:00/metadata
[2025-07-19T18:12:06.958+0000] {subprocess.py:93} INFO - 25/07/19 18:12:06 INFO MicroBatchExecution: Starting [id = d9e21cdf-9819-4868-8f16-defe55b28762, runId = c350d411-ed67-4529-ba76-895b31d6d0dc]. Use file:/tmp/checkpoints/feedback/manual__2025-07-19T18:11:58.834958+00:00 to store the query checkpoint.
[2025-07-19T18:12:06.958+0000] {subprocess.py:93} INFO - 25/07/19 18:12:06 INFO MicroBatchExecution: Reading table [org.apache.spark.sql.kafka010.KafkaSourceProvider$KafkaTable@7afe3e47] from DataSourceV2 named 'kafka' [org.apache.spark.sql.kafka010.KafkaSourceProvider@7439ceb0]
[2025-07-19T18:12:06.959+0000] {subprocess.py:93} INFO - 25/07/19 18:12:06 INFO OffsetSeqLog: BatchIds found from listing:
[2025-07-19T18:12:06.959+0000] {subprocess.py:93} INFO - 25/07/19 18:12:06 INFO OffsetSeqLog: BatchIds found from listing:
[2025-07-19T18:12:06.959+0000] {subprocess.py:93} INFO - 25/07/19 18:12:06 INFO MicroBatchExecution: Starting new streaming query.
[2025-07-19T18:12:06.959+0000] {subprocess.py:93} INFO - 25/07/19 18:12:06 INFO MicroBatchExecution: Stream started from {}
[2025-07-19T18:12:06.961+0000] {subprocess.py:93} INFO - 25/07/19 18:12:06 INFO AdminClientConfig: AdminClientConfig values:
[2025-07-19T18:12:06.961+0000] {subprocess.py:93} INFO - 	auto.include.jmx.reporter = true
[2025-07-19T18:12:06.961+0000] {subprocess.py:93} INFO - 	bootstrap.servers = [kafka:9092]
[2025-07-19T18:12:06.961+0000] {subprocess.py:93} INFO - 	client.dns.lookup = use_all_dns_ips
[2025-07-19T18:12:06.961+0000] {subprocess.py:93} INFO - 	client.id =
[2025-07-19T18:12:06.961+0000] {subprocess.py:93} INFO - 	connections.max.idle.ms = 300000
[2025-07-19T18:12:06.961+0000] {subprocess.py:93} INFO - 	default.api.timeout.ms = 60000
[2025-07-19T18:12:06.962+0000] {subprocess.py:93} INFO - 	metadata.max.age.ms = 300000
[2025-07-19T18:12:06.962+0000] {subprocess.py:93} INFO - 	metric.reporters = []
[2025-07-19T18:12:06.962+0000] {subprocess.py:93} INFO - 	metrics.num.samples = 2
[2025-07-19T18:12:06.962+0000] {subprocess.py:93} INFO - 	metrics.recording.level = INFO
[2025-07-19T18:12:06.962+0000] {subprocess.py:93} INFO - 	metrics.sample.window.ms = 30000
[2025-07-19T18:12:06.962+0000] {subprocess.py:93} INFO - 	receive.buffer.bytes = 65536
[2025-07-19T18:12:06.962+0000] {subprocess.py:93} INFO - 	reconnect.backoff.max.ms = 1000
[2025-07-19T18:12:06.962+0000] {subprocess.py:93} INFO - 	reconnect.backoff.ms = 50
[2025-07-19T18:12:06.962+0000] {subprocess.py:93} INFO - 	request.timeout.ms = 30000
[2025-07-19T18:12:06.962+0000] {subprocess.py:93} INFO - 	retries = 2147483647
[2025-07-19T18:12:06.962+0000] {subprocess.py:93} INFO - 	retry.backoff.ms = 100
[2025-07-19T18:12:06.963+0000] {subprocess.py:93} INFO - 	sasl.client.callback.handler.class = null
[2025-07-19T18:12:06.963+0000] {subprocess.py:93} INFO - 	sasl.jaas.config = null
[2025-07-19T18:12:06.963+0000] {subprocess.py:93} INFO - 	sasl.kerberos.kinit.cmd = /usr/bin/kinit
[2025-07-19T18:12:06.963+0000] {subprocess.py:93} INFO - 	sasl.kerberos.min.time.before.relogin = 60000
[2025-07-19T18:12:06.963+0000] {subprocess.py:93} INFO - 	sasl.kerberos.service.name = null
[2025-07-19T18:12:06.963+0000] {subprocess.py:93} INFO - 	sasl.kerberos.ticket.renew.jitter = 0.05
[2025-07-19T18:12:06.963+0000] {subprocess.py:93} INFO - 	sasl.kerberos.ticket.renew.window.factor = 0.8
[2025-07-19T18:12:06.963+0000] {subprocess.py:93} INFO - 	sasl.login.callback.handler.class = null
[2025-07-19T18:12:06.963+0000] {subprocess.py:93} INFO - 	sasl.login.class = null
[2025-07-19T18:12:06.963+0000] {subprocess.py:93} INFO - 	sasl.login.connect.timeout.ms = null
[2025-07-19T18:12:06.963+0000] {subprocess.py:93} INFO - 	sasl.login.read.timeout.ms = null
[2025-07-19T18:12:06.963+0000] {subprocess.py:93} INFO - 	sasl.login.refresh.buffer.seconds = 300
[2025-07-19T18:12:06.963+0000] {subprocess.py:93} INFO - 	sasl.login.refresh.min.period.seconds = 60
[2025-07-19T18:12:06.963+0000] {subprocess.py:93} INFO - 	sasl.login.refresh.window.factor = 0.8
[2025-07-19T18:12:06.963+0000] {subprocess.py:93} INFO - 	sasl.login.refresh.window.jitter = 0.05
[2025-07-19T18:12:06.964+0000] {subprocess.py:93} INFO - 	sasl.login.retry.backoff.max.ms = 10000
[2025-07-19T18:12:06.964+0000] {subprocess.py:93} INFO - 	sasl.login.retry.backoff.ms = 100
[2025-07-19T18:12:06.964+0000] {subprocess.py:93} INFO - 	sasl.mechanism = GSSAPI
[2025-07-19T18:12:06.964+0000] {subprocess.py:93} INFO - 	sasl.oauthbearer.clock.skew.seconds = 30
[2025-07-19T18:12:06.964+0000] {subprocess.py:93} INFO - 	sasl.oauthbearer.expected.audience = null
[2025-07-19T18:12:06.964+0000] {subprocess.py:93} INFO - 	sasl.oauthbearer.expected.issuer = null
[2025-07-19T18:12:06.964+0000] {subprocess.py:93} INFO - 	sasl.oauthbearer.jwks.endpoint.refresh.ms = 3600000
[2025-07-19T18:12:06.964+0000] {subprocess.py:93} INFO - 	sasl.oauthbearer.jwks.endpoint.retry.backoff.max.ms = 10000
[2025-07-19T18:12:06.964+0000] {subprocess.py:93} INFO - 	sasl.oauthbearer.jwks.endpoint.retry.backoff.ms = 100
[2025-07-19T18:12:06.965+0000] {subprocess.py:93} INFO - 	sasl.oauthbearer.jwks.endpoint.url = null
[2025-07-19T18:12:06.965+0000] {subprocess.py:93} INFO - 	sasl.oauthbearer.scope.claim.name = scope
[2025-07-19T18:12:06.965+0000] {subprocess.py:93} INFO - 	sasl.oauthbearer.sub.claim.name = sub
[2025-07-19T18:12:06.965+0000] {subprocess.py:93} INFO - 	sasl.oauthbearer.token.endpoint.url = null
[2025-07-19T18:12:06.965+0000] {subprocess.py:93} INFO - 	security.protocol = PLAINTEXT
[2025-07-19T18:12:06.965+0000] {subprocess.py:93} INFO - 	security.providers = null
[2025-07-19T18:12:06.965+0000] {subprocess.py:93} INFO - 	send.buffer.bytes = 131072
[2025-07-19T18:12:06.965+0000] {subprocess.py:93} INFO - 	socket.connection.setup.timeout.max.ms = 30000
[2025-07-19T18:12:06.965+0000] {subprocess.py:93} INFO - 	socket.connection.setup.timeout.ms = 10000
[2025-07-19T18:12:06.965+0000] {subprocess.py:93} INFO - 	ssl.cipher.suites = null
[2025-07-19T18:12:06.966+0000] {subprocess.py:93} INFO - 	ssl.enabled.protocols = [TLSv1.2, TLSv1.3]
[2025-07-19T18:12:06.966+0000] {subprocess.py:93} INFO - 	ssl.endpoint.identification.algorithm = https
[2025-07-19T18:12:06.966+0000] {subprocess.py:93} INFO - 	ssl.engine.factory.class = null
[2025-07-19T18:12:06.966+0000] {subprocess.py:93} INFO - 	ssl.key.password = null
[2025-07-19T18:12:06.966+0000] {subprocess.py:93} INFO - 	ssl.keymanager.algorithm = SunX509
[2025-07-19T18:12:06.966+0000] {subprocess.py:93} INFO - 	ssl.keystore.certificate.chain = null
[2025-07-19T18:12:06.966+0000] {subprocess.py:93} INFO - 	ssl.keystore.key = null
[2025-07-19T18:12:06.966+0000] {subprocess.py:93} INFO - 	ssl.keystore.location = null
[2025-07-19T18:12:06.966+0000] {subprocess.py:93} INFO - 	ssl.keystore.password = null
[2025-07-19T18:12:06.967+0000] {subprocess.py:93} INFO - 	ssl.keystore.type = JKS
[2025-07-19T18:12:06.967+0000] {subprocess.py:93} INFO - 	ssl.protocol = TLSv1.3
[2025-07-19T18:12:06.967+0000] {subprocess.py:93} INFO - 	ssl.provider = null
[2025-07-19T18:12:06.967+0000] {subprocess.py:93} INFO - 	ssl.secure.random.implementation = null
[2025-07-19T18:12:06.967+0000] {subprocess.py:93} INFO - 	ssl.trustmanager.algorithm = PKIX
[2025-07-19T18:12:06.967+0000] {subprocess.py:93} INFO - 	ssl.truststore.certificates = null
[2025-07-19T18:12:06.968+0000] {subprocess.py:93} INFO - 	ssl.truststore.location = null
[2025-07-19T18:12:06.968+0000] {subprocess.py:93} INFO - 	ssl.truststore.password = null
[2025-07-19T18:12:06.969+0000] {subprocess.py:93} INFO - 	ssl.truststore.type = JKS
[2025-07-19T18:12:06.969+0000] {subprocess.py:93} INFO - 
[2025-07-19T18:12:06.969+0000] {subprocess.py:93} INFO - 25/07/19 18:12:06 INFO AdminClientConfig: These configurations '[key.deserializer, value.deserializer, enable.auto.commit, max.poll.records, auto.offset.reset]' were supplied but are not used yet.
[2025-07-19T18:12:06.969+0000] {subprocess.py:93} INFO - 25/07/19 18:12:06 INFO AdminClientConfig: These configurations '[key.deserializer, value.deserializer, enable.auto.commit, max.poll.records, auto.offset.reset]' were supplied but are not used yet.
[2025-07-19T18:12:06.969+0000] {subprocess.py:93} INFO - 25/07/19 18:12:06 INFO AdminClientConfig: These configurations '[key.deserializer, value.deserializer, enable.auto.commit, max.poll.records, auto.offset.reset]' were supplied but are not used yet.
[2025-07-19T18:12:06.969+0000] {subprocess.py:93} INFO - 25/07/19 18:12:06 INFO AppInfoParser: Kafka version: 3.5.1
[2025-07-19T18:12:06.970+0000] {subprocess.py:93} INFO - 25/07/19 18:12:06 INFO AppInfoParser: Kafka commitId: 2c6fb6c54472e90a
[2025-07-19T18:12:06.970+0000] {subprocess.py:93} INFO - 25/07/19 18:12:06 INFO AppInfoParser: Kafka startTimeMs: 1752948726965
[2025-07-19T18:12:06.970+0000] {subprocess.py:93} INFO - 25/07/19 18:12:06 INFO AppInfoParser: Kafka version: 3.5.1
[2025-07-19T18:12:06.971+0000] {subprocess.py:93} INFO - 25/07/19 18:12:06 INFO AppInfoParser: Kafka commitId: 2c6fb6c54472e90a
[2025-07-19T18:12:06.971+0000] {subprocess.py:93} INFO - 25/07/19 18:12:06 INFO AppInfoParser: Kafka startTimeMs: 1752948726965
[2025-07-19T18:12:06.971+0000] {subprocess.py:93} INFO - 25/07/19 18:12:06 INFO AppInfoParser: Kafka version: 3.5.1
[2025-07-19T18:12:06.971+0000] {subprocess.py:93} INFO - 25/07/19 18:12:06 INFO AppInfoParser: Kafka commitId: 2c6fb6c54472e90a
[2025-07-19T18:12:06.971+0000] {subprocess.py:93} INFO - 25/07/19 18:12:06 INFO AppInfoParser: Kafka startTimeMs: 1752948726965
[2025-07-19T18:12:07.127+0000] {subprocess.py:93} INFO - 25/07/19 18:12:07 INFO CheckpointFileManager: Writing atomically to file:/tmp/checkpoints/reservations/manual__2025-07-19T18:11:58.834958+00:00/sources/0/0 using temp file file:/tmp/checkpoints/reservations/manual__2025-07-19T18:11:58.834958+00:00/sources/0/.0.a7b5e983-1e30-46bf-a3c0-ec711d46f2a8.tmp
[2025-07-19T18:12:07.128+0000] {subprocess.py:93} INFO - 25/07/19 18:12:07 INFO CheckpointFileManager: Writing atomically to file:/tmp/checkpoints/checkins/manual__2025-07-19T18:11:58.834958+00:00/sources/0/0 using temp file file:/tmp/checkpoints/checkins/manual__2025-07-19T18:11:58.834958+00:00/sources/0/.0.83a81000-42c3-4e7b-9836-c95a333feebe.tmp
[2025-07-19T18:12:07.128+0000] {subprocess.py:93} INFO - 25/07/19 18:12:07 INFO CheckpointFileManager: Writing atomically to file:/tmp/checkpoints/feedback/manual__2025-07-19T18:11:58.834958+00:00/sources/0/0 using temp file file:/tmp/checkpoints/feedback/manual__2025-07-19T18:11:58.834958+00:00/sources/0/.0.3efc5db2-e62d-4d47-9df7-68cce93a854d.tmp
[2025-07-19T18:12:07.137+0000] {subprocess.py:93} INFO - 25/07/19 18:12:07 INFO CheckpointFileManager: Renamed temp file file:/tmp/checkpoints/reservations/manual__2025-07-19T18:11:58.834958+00:00/sources/0/.0.a7b5e983-1e30-46bf-a3c0-ec711d46f2a8.tmp to file:/tmp/checkpoints/reservations/manual__2025-07-19T18:11:58.834958+00:00/sources/0/0
[2025-07-19T18:12:07.138+0000] {subprocess.py:93} INFO - 25/07/19 18:12:07 INFO CheckpointFileManager: Renamed temp file file:/tmp/checkpoints/feedback/manual__2025-07-19T18:11:58.834958+00:00/sources/0/.0.3efc5db2-e62d-4d47-9df7-68cce93a854d.tmp to file:/tmp/checkpoints/feedback/manual__2025-07-19T18:11:58.834958+00:00/sources/0/0
[2025-07-19T18:12:07.138+0000] {subprocess.py:93} INFO - 25/07/19 18:12:07 INFO KafkaMicroBatchStream: Initial offsets: {"reservations":{"0":0}}
[2025-07-19T18:12:07.138+0000] {subprocess.py:93} INFO - 25/07/19 18:12:07 INFO KafkaMicroBatchStream: Initial offsets: {"feedback":{"0":0}}
[2025-07-19T18:12:07.138+0000] {subprocess.py:93} INFO - 25/07/19 18:12:07 INFO CheckpointFileManager: Renamed temp file file:/tmp/checkpoints/checkins/manual__2025-07-19T18:11:58.834958+00:00/sources/0/.0.83a81000-42c3-4e7b-9836-c95a333feebe.tmp to file:/tmp/checkpoints/checkins/manual__2025-07-19T18:11:58.834958+00:00/sources/0/0
[2025-07-19T18:12:07.138+0000] {subprocess.py:93} INFO - 25/07/19 18:12:07 INFO KafkaMicroBatchStream: Initial offsets: {"checkins":{"0":0}}
[2025-07-19T18:12:07.151+0000] {subprocess.py:93} INFO - 25/07/19 18:12:07 INFO CheckpointFileManager: Writing atomically to file:/tmp/checkpoints/feedback/manual__2025-07-19T18:11:58.834958+00:00/offsets/0 using temp file file:/tmp/checkpoints/feedback/manual__2025-07-19T18:11:58.834958+00:00/offsets/.0.0f6b9bd5-2a22-4abe-bab0-1fc683a4b6bb.tmp
[2025-07-19T18:12:07.152+0000] {subprocess.py:93} INFO - 25/07/19 18:12:07 INFO CheckpointFileManager: Writing atomically to file:/tmp/checkpoints/reservations/manual__2025-07-19T18:11:58.834958+00:00/offsets/0 using temp file file:/tmp/checkpoints/reservations/manual__2025-07-19T18:11:58.834958+00:00/offsets/.0.314d51e7-e8bf-41dd-b1f6-adb1c7b45127.tmp
[2025-07-19T18:12:07.152+0000] {subprocess.py:93} INFO - 25/07/19 18:12:07 INFO CheckpointFileManager: Writing atomically to file:/tmp/checkpoints/checkins/manual__2025-07-19T18:11:58.834958+00:00/offsets/0 using temp file file:/tmp/checkpoints/checkins/manual__2025-07-19T18:11:58.834958+00:00/offsets/.0.078bab1e-52b5-4768-9d61-602d4d9e317d.tmp
[2025-07-19T18:12:07.177+0000] {subprocess.py:93} INFO - 25/07/19 18:12:07 INFO CheckpointFileManager: Renamed temp file file:/tmp/checkpoints/checkins/manual__2025-07-19T18:11:58.834958+00:00/offsets/.0.078bab1e-52b5-4768-9d61-602d4d9e317d.tmp to file:/tmp/checkpoints/checkins/manual__2025-07-19T18:11:58.834958+00:00/offsets/0
[2025-07-19T18:12:07.177+0000] {subprocess.py:93} INFO - 25/07/19 18:12:07 INFO MicroBatchExecution: Committed offsets for batch 0. Metadata OffsetSeqMetadata(0,1752948727144,Map(spark.sql.streaming.stateStore.providerClass -> org.apache.spark.sql.execution.streaming.state.HDFSBackedStateStoreProvider, spark.sql.streaming.join.stateFormatVersion -> 2, spark.sql.streaming.stateStore.compression.codec -> lz4, spark.sql.optimizer.pruneFiltersCanPruneStreamingSubplan -> false, spark.sql.streaming.stateStore.rocksdb.formatVersion -> 5, spark.sql.streaming.statefulOperator.useStrictDistribution -> true, spark.sql.streaming.flatMapGroupsWithState.stateFormatVersion -> 2, spark.sql.streaming.multipleWatermarkPolicy -> min, spark.sql.streaming.aggregation.stateFormatVersion -> 2, spark.sql.shuffle.partitions -> 200))
[2025-07-19T18:12:07.180+0000] {subprocess.py:93} INFO - 25/07/19 18:12:07 INFO CheckpointFileManager: Renamed temp file file:/tmp/checkpoints/reservations/manual__2025-07-19T18:11:58.834958+00:00/offsets/.0.314d51e7-e8bf-41dd-b1f6-adb1c7b45127.tmp to file:/tmp/checkpoints/reservations/manual__2025-07-19T18:11:58.834958+00:00/offsets/0
[2025-07-19T18:12:07.181+0000] {subprocess.py:93} INFO - 25/07/19 18:12:07 INFO MicroBatchExecution: Committed offsets for batch 0. Metadata OffsetSeqMetadata(0,1752948727144,Map(spark.sql.streaming.stateStore.providerClass -> org.apache.spark.sql.execution.streaming.state.HDFSBackedStateStoreProvider, spark.sql.streaming.join.stateFormatVersion -> 2, spark.sql.streaming.stateStore.compression.codec -> lz4, spark.sql.optimizer.pruneFiltersCanPruneStreamingSubplan -> false, spark.sql.streaming.stateStore.rocksdb.formatVersion -> 5, spark.sql.streaming.statefulOperator.useStrictDistribution -> true, spark.sql.streaming.flatMapGroupsWithState.stateFormatVersion -> 2, spark.sql.streaming.multipleWatermarkPolicy -> min, spark.sql.streaming.aggregation.stateFormatVersion -> 2, spark.sql.shuffle.partitions -> 200))
[2025-07-19T18:12:07.183+0000] {subprocess.py:93} INFO - 25/07/19 18:12:07 INFO CheckpointFileManager: Renamed temp file file:/tmp/checkpoints/feedback/manual__2025-07-19T18:11:58.834958+00:00/offsets/.0.0f6b9bd5-2a22-4abe-bab0-1fc683a4b6bb.tmp to file:/tmp/checkpoints/feedback/manual__2025-07-19T18:11:58.834958+00:00/offsets/0
[2025-07-19T18:12:07.184+0000] {subprocess.py:93} INFO - 25/07/19 18:12:07 INFO MicroBatchExecution: Committed offsets for batch 0. Metadata OffsetSeqMetadata(0,1752948727144,Map(spark.sql.streaming.stateStore.providerClass -> org.apache.spark.sql.execution.streaming.state.HDFSBackedStateStoreProvider, spark.sql.streaming.join.stateFormatVersion -> 2, spark.sql.streaming.stateStore.compression.codec -> lz4, spark.sql.optimizer.pruneFiltersCanPruneStreamingSubplan -> false, spark.sql.streaming.stateStore.rocksdb.formatVersion -> 5, spark.sql.streaming.statefulOperator.useStrictDistribution -> true, spark.sql.streaming.flatMapGroupsWithState.stateFormatVersion -> 2, spark.sql.streaming.multipleWatermarkPolicy -> min, spark.sql.streaming.aggregation.stateFormatVersion -> 2, spark.sql.shuffle.partitions -> 200))
[2025-07-19T18:12:07.326+0000] {subprocess.py:93} INFO - 25/07/19 18:12:07 ERROR MicroBatchExecution: Query [id = 77e931fb-b286-40a7-b7f0-aae125ace00d, runId = cd7e5bdb-0477-4d43-b7ec-282d2fd2c344] terminated with error
[2025-07-19T18:12:07.328+0000] {subprocess.py:93} INFO - java.lang.IllegalArgumentException: Field checkin_timestamp not found in source schema
[2025-07-19T18:12:07.329+0000] {subprocess.py:93} INFO - 	at org.apache.iceberg.types.ReassignIds.field(ReassignIds.java:114)
[2025-07-19T18:12:07.329+0000] {subprocess.py:93} INFO - 	at org.apache.iceberg.types.ReassignIds.field(ReassignIds.java:27)
[2025-07-19T18:12:07.330+0000] {subprocess.py:93} INFO - 	at org.apache.iceberg.types.TypeUtil$VisitFieldFuture.get(TypeUtil.java:629)
[2025-07-19T18:12:07.330+0000] {subprocess.py:93} INFO - 	at org.apache.iceberg.relocated.com.google.common.collect.Iterators$6.transform(Iterators.java:829)
[2025-07-19T18:12:07.330+0000] {subprocess.py:93} INFO - 	at org.apache.iceberg.relocated.com.google.common.collect.TransformedIterator.next(TransformedIterator.java:52)
[2025-07-19T18:12:07.331+0000] {subprocess.py:93} INFO - 	at org.apache.iceberg.relocated.com.google.common.collect.Iterators.addAll(Iterators.java:367)
[2025-07-19T18:12:07.331+0000] {subprocess.py:93} INFO - 	at org.apache.iceberg.relocated.com.google.common.collect.Lists.newArrayList(Lists.java:146)
[2025-07-19T18:12:07.331+0000] {subprocess.py:93} INFO - 	at org.apache.iceberg.relocated.com.google.common.collect.Lists.newArrayList(Lists.java:132)
[2025-07-19T18:12:07.332+0000] {subprocess.py:93} INFO - 	at org.apache.iceberg.types.ReassignIds.struct(ReassignIds.java:77)
[2025-07-19T18:12:07.332+0000] {subprocess.py:93} INFO - 	at org.apache.iceberg.types.ReassignIds.struct(ReassignIds.java:27)
[2025-07-19T18:12:07.333+0000] {subprocess.py:93} INFO - 	at org.apache.iceberg.types.TypeUtil.visit(TypeUtil.java:661)
[2025-07-19T18:12:07.333+0000] {subprocess.py:93} INFO - 	at org.apache.iceberg.types.TypeUtil$VisitFuture.get(TypeUtil.java:614)
[2025-07-19T18:12:07.335+0000] {subprocess.py:93} INFO - 	at org.apache.iceberg.types.ReassignIds.schema(ReassignIds.java:47)
[2025-07-19T18:12:07.336+0000] {subprocess.py:93} INFO - 	at org.apache.iceberg.types.ReassignIds.schema(ReassignIds.java:27)
[2025-07-19T18:12:07.336+0000] {subprocess.py:93} INFO - 	at org.apache.iceberg.types.TypeUtil.visit(TypeUtil.java:634)
[2025-07-19T18:12:07.337+0000] {subprocess.py:93} INFO - 	at org.apache.iceberg.types.TypeUtil.reassignIds(TypeUtil.java:339)
[2025-07-19T18:12:07.337+0000] {subprocess.py:93} INFO - 	at org.apache.iceberg.spark.SparkSchemaUtil.convert(SparkSchemaUtil.java:187)
[2025-07-19T18:12:07.338+0000] {subprocess.py:93} INFO - 	at org.apache.iceberg.spark.source.SparkWriteBuilder.validateOrMergeWriteSchema(SparkWriteBuilder.java:195)
[2025-07-19T18:12:07.338+0000] {subprocess.py:93} INFO - 	at org.apache.iceberg.spark.source.SparkWriteBuilder.build(SparkWriteBuilder.java:120)
[2025-07-19T18:12:07.338+0000] {subprocess.py:93} INFO - 	at org.apache.spark.sql.execution.datasources.v2.V2Writes$.org$apache$spark$sql$execution$datasources$v2$V2Writes$$buildWriteForMicroBatch(V2Writes.scala:121)
[2025-07-19T18:12:07.339+0000] {subprocess.py:93} INFO - 	at org.apache.spark.sql.execution.datasources.v2.V2Writes$$anonfun$apply$1.applyOrElse(V2Writes.scala:92)
[2025-07-19T18:12:07.339+0000] {subprocess.py:93} INFO - 	at org.apache.spark.sql.execution.datasources.v2.V2Writes$$anonfun$apply$1.applyOrElse(V2Writes.scala:44)
[2025-07-19T18:12:07.339+0000] {subprocess.py:93} INFO - 	at org.apache.spark.sql.catalyst.trees.TreeNode.$anonfun$transformDownWithPruning$1(TreeNode.scala:461)
[2025-07-19T18:12:07.339+0000] {subprocess.py:93} INFO - 	at org.apache.spark.sql.catalyst.trees.CurrentOrigin$.withOrigin(origin.scala:76)
[2025-07-19T18:12:07.340+0000] {subprocess.py:93} INFO - 	at org.apache.spark.sql.catalyst.trees.TreeNode.transformDownWithPruning(TreeNode.scala:461)
[2025-07-19T18:12:07.340+0000] {subprocess.py:93} INFO - 	at org.apache.spark.sql.catalyst.plans.logical.LogicalPlan.org$apache$spark$sql$catalyst$plans$logical$AnalysisHelper$$super$transformDownWithPruning(LogicalPlan.scala:32)
[2025-07-19T18:12:07.341+0000] {subprocess.py:93} INFO - 	at org.apache.spark.sql.catalyst.plans.logical.AnalysisHelper.transformDownWithPruning(AnalysisHelper.scala:267)
[2025-07-19T18:12:07.343+0000] {subprocess.py:93} INFO - 	at org.apache.spark.sql.catalyst.plans.logical.AnalysisHelper.transformDownWithPruning$(AnalysisHelper.scala:263)
[2025-07-19T18:12:07.344+0000] {subprocess.py:93} INFO - 	at org.apache.spark.sql.catalyst.plans.logical.LogicalPlan.transformDownWithPruning(LogicalPlan.scala:32)
[2025-07-19T18:12:07.344+0000] {subprocess.py:93} INFO - 	at org.apache.spark.sql.catalyst.plans.logical.LogicalPlan.transformDownWithPruning(LogicalPlan.scala:32)
[2025-07-19T18:12:07.344+0000] {subprocess.py:93} INFO - 	at org.apache.spark.sql.catalyst.trees.TreeNode.transformDown(TreeNode.scala:437)
[2025-07-19T18:12:07.345+0000] {subprocess.py:93} INFO - 	at org.apache.spark.sql.execution.datasources.v2.V2Writes$.apply(V2Writes.scala:44)
[2025-07-19T18:12:07.345+0000] {subprocess.py:93} INFO - 	at org.apache.spark.sql.execution.datasources.v2.V2Writes$.apply(V2Writes.scala:40)
[2025-07-19T18:12:07.345+0000] {subprocess.py:93} INFO - 	at org.apache.spark.sql.catalyst.rules.RuleExecutor.$anonfun$execute$2(RuleExecutor.scala:222)
[2025-07-19T18:12:07.345+0000] {subprocess.py:93} INFO - 	at scala.collection.LinearSeqOptimized.foldLeft(LinearSeqOptimized.scala:126)
[2025-07-19T18:12:07.345+0000] {subprocess.py:93} INFO - 	at scala.collection.LinearSeqOptimized.foldLeft$(LinearSeqOptimized.scala:122)
[2025-07-19T18:12:07.346+0000] {subprocess.py:93} INFO - 	at scala.collection.immutable.List.foldLeft(List.scala:91)
[2025-07-19T18:12:07.346+0000] {subprocess.py:93} INFO - 	at org.apache.spark.sql.catalyst.rules.RuleExecutor.$anonfun$execute$1(RuleExecutor.scala:219)
[2025-07-19T18:12:07.346+0000] {subprocess.py:93} INFO - 	at org.apache.spark.sql.catalyst.rules.RuleExecutor.$anonfun$execute$1$adapted(RuleExecutor.scala:211)
[2025-07-19T18:12:07.347+0000] {subprocess.py:93} INFO - 	at scala.collection.immutable.List.foreach(List.scala:431)
[2025-07-19T18:12:07.347+0000] {subprocess.py:93} INFO - 	at org.apache.spark.sql.catalyst.rules.RuleExecutor.execute(RuleExecutor.scala:211)
[2025-07-19T18:12:07.347+0000] {subprocess.py:93} INFO - 	at org.apache.spark.sql.catalyst.rules.RuleExecutor.$anonfun$executeAndTrack$1(RuleExecutor.scala:182)
[2025-07-19T18:12:07.347+0000] {subprocess.py:93} INFO - 	at org.apache.spark.sql.catalyst.QueryPlanningTracker$.withTracker(QueryPlanningTracker.scala:89)
[2025-07-19T18:12:07.347+0000] {subprocess.py:93} INFO - 	at org.apache.spark.sql.catalyst.rules.RuleExecutor.executeAndTrack(RuleExecutor.scala:182)
[2025-07-19T18:12:07.347+0000] {subprocess.py:93} INFO - 	at org.apache.spark.sql.execution.streaming.IncrementalExecution.$anonfun$optimizedPlan$1(IncrementalExecution.scala:92)
[2025-07-19T18:12:07.348+0000] {subprocess.py:93} INFO - 	at org.apache.spark.sql.catalyst.QueryPlanningTracker.measurePhase(QueryPlanningTracker.scala:138)
[2025-07-19T18:12:07.348+0000] {subprocess.py:93} INFO - 	at org.apache.spark.sql.execution.QueryExecution.$anonfun$executePhase$2(QueryExecution.scala:219)
[2025-07-19T18:12:07.349+0000] {subprocess.py:93} INFO - 	at org.apache.spark.sql.execution.QueryExecution$.withInternalError(QueryExecution.scala:546)
[2025-07-19T18:12:07.349+0000] {subprocess.py:93} INFO - 	at org.apache.spark.sql.execution.QueryExecution.$anonfun$executePhase$1(QueryExecution.scala:219)
[2025-07-19T18:12:07.349+0000] {subprocess.py:93} INFO - 	at org.apache.spark.sql.SparkSession.withActive(SparkSession.scala:900)
[2025-07-19T18:12:07.349+0000] {subprocess.py:93} INFO - 	at org.apache.spark.sql.execution.QueryExecution.executePhase(QueryExecution.scala:218)
[2025-07-19T18:12:07.349+0000] {subprocess.py:93} INFO - 	at org.apache.spark.sql.execution.streaming.IncrementalExecution.optimizedPlan$lzycompute(IncrementalExecution.scala:84)
[2025-07-19T18:12:07.350+0000] {subprocess.py:93} INFO - 	at org.apache.spark.sql.execution.streaming.IncrementalExecution.optimizedPlan(IncrementalExecution.scala:84)
[2025-07-19T18:12:07.350+0000] {subprocess.py:93} INFO - 	at org.apache.spark.sql.execution.QueryExecution.assertOptimized(QueryExecution.scala:162)
[2025-07-19T18:12:07.350+0000] {subprocess.py:93} INFO - 	at org.apache.spark.sql.execution.QueryExecution.executedPlan$lzycompute(QueryExecution.scala:182)
[2025-07-19T18:12:07.350+0000] {subprocess.py:93} INFO - 	at org.apache.spark.sql.execution.QueryExecution.executedPlan(QueryExecution.scala:179)
[2025-07-19T18:12:07.350+0000] {subprocess.py:93} INFO - 	at org.apache.spark.sql.execution.streaming.MicroBatchExecution.$anonfun$runBatch$15(MicroBatchExecution.scala:720)
[2025-07-19T18:12:07.350+0000] {subprocess.py:93} INFO - 	at org.apache.spark.sql.execution.streaming.ProgressReporter.reportTimeTaken(ProgressReporter.scala:427)
[2025-07-19T18:12:07.350+0000] {subprocess.py:93} INFO - 	at org.apache.spark.sql.execution.streaming.ProgressReporter.reportTimeTaken$(ProgressReporter.scala:425)
[2025-07-19T18:12:07.350+0000] {subprocess.py:93} INFO - 	at org.apache.spark.sql.execution.streaming.StreamExecution.reportTimeTaken(StreamExecution.scala:67)
[2025-07-19T18:12:07.350+0000] {subprocess.py:93} INFO - 	at org.apache.spark.sql.execution.streaming.MicroBatchExecution.runBatch(MicroBatchExecution.scala:708)
[2025-07-19T18:12:07.351+0000] {subprocess.py:93} INFO - 	at org.apache.spark.sql.execution.streaming.MicroBatchExecution.$anonfun$runActivatedStream$2(MicroBatchExecution.scala:286)
[2025-07-19T18:12:07.351+0000] {subprocess.py:93} INFO - 	at scala.runtime.java8.JFunction0$mcV$sp.apply(JFunction0$mcV$sp.java:23)
[2025-07-19T18:12:07.351+0000] {subprocess.py:93} INFO - 	at org.apache.spark.sql.execution.streaming.ProgressReporter.reportTimeTaken(ProgressReporter.scala:427)
[2025-07-19T18:12:07.351+0000] {subprocess.py:93} INFO - 	at org.apache.spark.sql.execution.streaming.ProgressReporter.reportTimeTaken$(ProgressReporter.scala:425)
[2025-07-19T18:12:07.351+0000] {subprocess.py:93} INFO - 	at org.apache.spark.sql.execution.streaming.StreamExecution.reportTimeTaken(StreamExecution.scala:67)
[2025-07-19T18:12:07.351+0000] {subprocess.py:93} INFO - 	at org.apache.spark.sql.execution.streaming.MicroBatchExecution.$anonfun$runActivatedStream$1(MicroBatchExecution.scala:249)
[2025-07-19T18:12:07.351+0000] {subprocess.py:93} INFO - 	at org.apache.spark.sql.execution.streaming.ProcessingTimeExecutor.execute(TriggerExecutor.scala:67)
[2025-07-19T18:12:07.351+0000] {subprocess.py:93} INFO - 	at org.apache.spark.sql.execution.streaming.MicroBatchExecution.runActivatedStream(MicroBatchExecution.scala:239)
[2025-07-19T18:12:07.351+0000] {subprocess.py:93} INFO - 	at org.apache.spark.sql.execution.streaming.StreamExecution.$anonfun$runStream$1(StreamExecution.scala:311)
[2025-07-19T18:12:07.351+0000] {subprocess.py:93} INFO - 	at scala.runtime.java8.JFunction0$mcV$sp.apply(JFunction0$mcV$sp.java:23)
[2025-07-19T18:12:07.351+0000] {subprocess.py:93} INFO - 	at org.apache.spark.sql.SparkSession.withActive(SparkSession.scala:900)
[2025-07-19T18:12:07.352+0000] {subprocess.py:93} INFO - 	at org.apache.spark.sql.execution.streaming.StreamExecution.org$apache$spark$sql$execution$streaming$StreamExecution$$runStream(StreamExecution.scala:289)
[2025-07-19T18:12:07.352+0000] {subprocess.py:93} INFO - 	at org.apache.spark.sql.execution.streaming.StreamExecution$$anon$1.$anonfun$run$1(StreamExecution.scala:211)
[2025-07-19T18:12:07.352+0000] {subprocess.py:93} INFO - 	at scala.runtime.java8.JFunction0$mcV$sp.apply(JFunction0$mcV$sp.java:23)
[2025-07-19T18:12:07.352+0000] {subprocess.py:93} INFO - 	at org.apache.spark.JobArtifactSet$.withActiveJobArtifactState(JobArtifactSet.scala:94)
[2025-07-19T18:12:07.352+0000] {subprocess.py:93} INFO - 	at org.apache.spark.sql.execution.streaming.StreamExecution$$anon$1.run(StreamExecution.scala:211)
[2025-07-19T18:12:07.352+0000] {subprocess.py:93} INFO - 25/07/19 18:12:07 INFO AppInfoParser: App info kafka.admin.client for adminclient-2 unregistered
[2025-07-19T18:12:07.352+0000] {subprocess.py:93} INFO - 25/07/19 18:12:07 INFO Metrics: Metrics scheduler closed
[2025-07-19T18:12:07.352+0000] {subprocess.py:93} INFO - 25/07/19 18:12:07 INFO Metrics: Closing reporter org.apache.kafka.common.metrics.JmxReporter
[2025-07-19T18:12:07.352+0000] {subprocess.py:93} INFO - 25/07/19 18:12:07 INFO Metrics: Metrics reporters closed
[2025-07-19T18:12:07.352+0000] {subprocess.py:93} INFO - 25/07/19 18:12:07 INFO MicroBatchExecution: Async log purge executor pool for query [id = 77e931fb-b286-40a7-b7f0-aae125ace00d, runId = cd7e5bdb-0477-4d43-b7ec-282d2fd2c344] has been shutdown
[2025-07-19T18:12:07.352+0000] {subprocess.py:93} INFO - 25/07/19 18:12:07 INFO SparkWrite: Requesting 0 bytes advisory partition size for table my_catalog.bronze.Reservations_raw
[2025-07-19T18:12:07.353+0000] {subprocess.py:93} INFO - 25/07/19 18:12:07 INFO SparkWrite: Requesting 0 bytes advisory partition size for table my_catalog.bronze.Feedback_raw
[2025-07-19T18:12:07.353+0000] {subprocess.py:93} INFO - 25/07/19 18:12:07 INFO SparkWrite: Requesting UnspecifiedDistribution as write distribution for table my_catalog.bronze.Reservations_raw
[2025-07-19T18:12:07.353+0000] {subprocess.py:93} INFO - 25/07/19 18:12:07 INFO SparkWrite: Requesting UnspecifiedDistribution as write distribution for table my_catalog.bronze.Feedback_raw
[2025-07-19T18:12:07.353+0000] {subprocess.py:93} INFO - 25/07/19 18:12:07 INFO SparkWrite: Requesting [] as write ordering for table my_catalog.bronze.Reservations_raw
[2025-07-19T18:12:07.353+0000] {subprocess.py:93} INFO - 25/07/19 18:12:07 INFO SparkWrite: Requesting [] as write ordering for table my_catalog.bronze.Feedback_raw
[2025-07-19T18:12:07.400+0000] {subprocess.py:93} INFO - Traceback (most recent call last):
[2025-07-19T18:12:07.401+0000] {subprocess.py:93} INFO -   File "/home/iceberg/spark/stream_to_bronze.py", line 116, in <module>
[2025-07-19T18:12:07.401+0000] {subprocess.py:93} INFO -     spark.streams.awaitAnyTermination(timeout=60)
[2025-07-19T18:12:07.402+0000] {subprocess.py:93} INFO -   File "/opt/bitnami/spark/python/lib/pyspark.zip/pyspark/sql/streaming/query.py", line 594, in awaitAnyTermination
[2025-07-19T18:12:07.402+0000] {subprocess.py:93} INFO -   File "/opt/bitnami/spark/python/lib/py4j-0.10.9.7-src.zip/py4j/java_gateway.py", line 1322, in __call__
[2025-07-19T18:12:07.403+0000] {subprocess.py:93} INFO -   File "/opt/bitnami/spark/python/lib/pyspark.zip/pyspark/errors/exceptions/captured.py", line 185, in deco
[2025-07-19T18:12:07.411+0000] {subprocess.py:93} INFO - pyspark.errors.exceptions.captured.StreamingQueryException: [STREAM_FAILED] Query [id = 77e931fb-b286-40a7-b7f0-aae125ace00d, runId = cd7e5bdb-0477-4d43-b7ec-282d2fd2c344] terminated with exception: Field checkin_timestamp not found in source schema
[2025-07-19T18:12:07.440+0000] {subprocess.py:93} INFO - 25/07/19 18:12:07 INFO SparkContext: Invoking stop() from shutdown hook
[2025-07-19T18:12:07.440+0000] {subprocess.py:93} INFO - 25/07/19 18:12:07 INFO SparkContext: SparkContext is stopping with exitCode 0.
[2025-07-19T18:12:07.446+0000] {subprocess.py:93} INFO - 25/07/19 18:12:07 INFO SparkUI: Stopped Spark web UI at http://8b44f3d35cfa:4041
[2025-07-19T18:12:07.464+0000] {subprocess.py:93} INFO - 25/07/19 18:12:07 INFO MapOutputTrackerMasterEndpoint: MapOutputTrackerMasterEndpoint stopped!
[2025-07-19T18:12:07.480+0000] {subprocess.py:93} INFO - 25/07/19 18:12:07 INFO MemoryStore: MemoryStore cleared
[2025-07-19T18:12:07.480+0000] {subprocess.py:93} INFO - 25/07/19 18:12:07 INFO BlockManager: BlockManager stopped
[2025-07-19T18:12:07.482+0000] {subprocess.py:93} INFO - 25/07/19 18:12:07 INFO BlockManagerMaster: BlockManagerMaster stopped
[2025-07-19T18:12:07.485+0000] {subprocess.py:93} INFO - 25/07/19 18:12:07 INFO OutputCommitCoordinator$OutputCommitCoordinatorEndpoint: OutputCommitCoordinator stopped!
[2025-07-19T18:12:07.493+0000] {subprocess.py:93} INFO - 25/07/19 18:12:07 INFO SparkContext: Successfully stopped SparkContext
[2025-07-19T18:12:07.493+0000] {subprocess.py:93} INFO - 25/07/19 18:12:07 INFO ShutdownHookManager: Shutdown hook called
[2025-07-19T18:12:07.494+0000] {subprocess.py:93} INFO - 25/07/19 18:12:07 INFO ShutdownHookManager: Deleting directory /tmp/spark-fe08c8f2-1647-450a-9e03-4e60a2c7e768
[2025-07-19T18:12:07.494+0000] {subprocess.py:93} INFO - 25/07/19 18:12:07 INFO ShutdownHookManager: Deleting directory /tmp/spark-fe08c8f2-1647-450a-9e03-4e60a2c7e768/pyspark-c2c560c1-b102-4fe2-ad1e-db36ae6cfeab
[2025-07-19T18:12:07.494+0000] {subprocess.py:93} INFO - 25/07/19 18:12:07 INFO ShutdownHookManager: Deleting directory /tmp/spark-181f4194-ba13-41f1-b067-02a44f09acfa
[2025-07-19T18:12:07.494+0000] {subprocess.py:93} INFO - 25/07/19 18:12:07 INFO MetricsSystemImpl: Stopping s3a-file-system metrics system...
[2025-07-19T18:12:07.494+0000] {subprocess.py:93} INFO - 25/07/19 18:12:07 INFO MetricsSystemImpl: s3a-file-system metrics system stopped.
[2025-07-19T18:12:07.494+0000] {subprocess.py:93} INFO - 25/07/19 18:12:07 INFO MetricsSystemImpl: s3a-file-system metrics system shutdown complete.
[2025-07-19T18:12:07.884+0000] {subprocess.py:97} INFO - Command exited with return code 1
[2025-07-19T18:12:07.894+0000] {taskinstance.py:1937} ERROR - Task failed with exception
Traceback (most recent call last):
  File "/home/airflow/.local/lib/python3.8/site-packages/airflow/operators/bash.py", line 210, in execute
    raise AirflowException(
airflow.exceptions.AirflowException: Bash command failed. The command returned a non-zero exit code 1.
[2025-07-19T18:12:07.897+0000] {taskinstance.py:1400} INFO - Marking task as FAILED. dag_id=restaurant_pipeline, task_id=stream_to_bronze, execution_date=20250719T181158, start_date=20250719T181203, end_date=20250719T181207
[2025-07-19T18:12:07.907+0000] {standard_task_runner.py:104} ERROR - Failed to execute job 948 for task stream_to_bronze (Bash command failed. The command returned a non-zero exit code 1.; 488)
[2025-07-19T18:12:07.923+0000] {local_task_job_runner.py:228} INFO - Task exited with return code 1
[2025-07-19T18:12:07.952+0000] {taskinstance.py:2778} INFO - 0 downstream tasks scheduled from follow-on schedule check
