[2025-07-18T19:58:01.609+0000] {taskinstance.py:1159} INFO - Dependencies all met for dep_context=non-requeueable deps ti=<TaskInstance: restaurant_pipeline.send_to_kafka scheduled__2025-07-18T19:56:00+00:00 [queued]>
[2025-07-18T19:58:01.615+0000] {taskinstance.py:1159} INFO - Dependencies all met for dep_context=requeueable deps ti=<TaskInstance: restaurant_pipeline.send_to_kafka scheduled__2025-07-18T19:56:00+00:00 [queued]>
[2025-07-18T19:58:01.615+0000] {taskinstance.py:1361} INFO - Starting attempt 1 of 1
[2025-07-18T19:58:01.624+0000] {taskinstance.py:1382} INFO - Executing <Task(BashOperator): send_to_kafka> on 2025-07-18 19:56:00+00:00
[2025-07-18T19:58:01.626+0000] {standard_task_runner.py:57} INFO - Started process 5626 to run task
[2025-07-18T19:58:01.628+0000] {standard_task_runner.py:84} INFO - Running: ['***', 'tasks', 'run', 'restaurant_pipeline', 'send_to_kafka', 'scheduled__2025-07-18T19:56:00+00:00', '--job-id', '578', '--raw', '--subdir', 'DAGS_FOLDER/restaurant_pipeline.py', '--cfg-path', '/tmp/tmph8c4i_qv']
[2025-07-18T19:58:01.630+0000] {standard_task_runner.py:85} INFO - Job 578: Subtask send_to_kafka
[2025-07-18T19:58:01.656+0000] {task_command.py:416} INFO - Running <TaskInstance: restaurant_pipeline.send_to_kafka scheduled__2025-07-18T19:56:00+00:00 [running]> on host 9bcfb43e0ab7
[2025-07-18T19:58:01.695+0000] {taskinstance.py:1662} INFO - Exporting env vars: AIRFLOW_CTX_DAG_OWNER='moran' AIRFLOW_CTX_DAG_ID='restaurant_pipeline' AIRFLOW_CTX_TASK_ID='send_to_kafka' AIRFLOW_CTX_EXECUTION_DATE='2025-07-18T19:56:00+00:00' AIRFLOW_CTX_TRY_NUMBER='1' AIRFLOW_CTX_DAG_RUN_ID='scheduled__2025-07-18T19:56:00+00:00'
[2025-07-18T19:58:01.696+0000] {subprocess.py:63} INFO - Tmp dir root location: /tmp
[2025-07-18T19:58:01.696+0000] {subprocess.py:75} INFO - Running command: ['/bin/bash', '-c', 'python /opt/streaming/producer.py']
[2025-07-18T19:58:01.701+0000] {subprocess.py:86} INFO - Output:
[2025-07-18T19:58:03.970+0000] {subprocess.py:93} INFO - [✓] Sent to reservations: {'reservation_id': 9445, 'branch_id': 101, 'customer_name': 'Kimberly Phillips', 'phone_number': '912.490.2135', 'reservation_date': '2025-07-18', 'reservation_time': '20:33', 'guests_count': 3, 'is_confirmed': True}
[2025-07-18T19:58:03.974+0000] {subprocess.py:93} INFO - [✓] Sent to reservations: {'reservation_id': 2575, 'branch_id': 102, 'customer_name': 'Carrie Moore', 'phone_number': '001-493-791-8725x7365', 'reservation_date': '2025-07-18', 'reservation_time': '21:51', 'guests_count': 2, 'is_confirmed': True}
[2025-07-18T19:58:03.976+0000] {subprocess.py:93} INFO - [✓] Sent to reservations: {'reservation_id': 8158, 'branch_id': 101, 'customer_name': 'Marc Wallace', 'phone_number': '001-437-891-1942x14761', 'reservation_date': '2025-07-18', 'reservation_time': '21:01', 'guests_count': 6, 'is_confirmed': False}
[2025-07-18T19:58:03.977+0000] {subprocess.py:93} INFO - [✓] Sent to checkins: {'checkin_id': 9004, 'customer_name': 'Adrienne Lynch', 'phone_number': '8739955553', 'branch_id': 102, 'table_id': 206, 'is_prebooked': True, 'checkin_date': '2025-07-18', 'checkin_time': '18:15', 'guests_count': 1, 'shift_manager': 'Carrie Strickland'}
[2025-07-18T19:58:03.977+0000] {subprocess.py:93} INFO - [✓] Sent to checkins: {'checkin_id': 8166, 'customer_name': 'Timothy Walker', 'phone_number': '+1-918-949-7939x121', 'branch_id': 102, 'table_id': 206, 'is_prebooked': True, 'checkin_date': '2025-07-18', 'checkin_time': '19:55', 'guests_count': 4, 'shift_manager': 'Ashley Stephens'}
[2025-07-18T19:58:03.980+0000] {subprocess.py:93} INFO - [✓] Sent to checkins: {'checkin_id': 2630, 'customer_name': 'Melinda Roberts', 'phone_number': '8816717283', 'branch_id': 102, 'table_id': 210, 'is_prebooked': True, 'checkin_date': '2025-07-18', 'checkin_time': '19:21', 'guests_count': 3, 'shift_manager': 'Jasmine Norman'}
[2025-07-18T19:58:03.984+0000] {subprocess.py:93} INFO - [✓] Sent to feedback: {'feedback_id': 8978, 'branch_id': 102, 'customer_name': 'William Lewis', 'phone_number': '644-756-1630x6235', 'feedback_text': 'Expect brother account minute.', 'rating': 1, 'dining_date': '2025-07-18', 'dining_time': '19:40', 'submission_time': '2025-07-18T19:58:00'}
[2025-07-18T19:58:03.984+0000] {subprocess.py:93} INFO - [✓] Sent to feedback: {'feedback_id': 6707, 'branch_id': 101, 'customer_name': 'Mr. Stephen Harris', 'phone_number': '+1-498-584-4963', 'feedback_text': 'International career under with.', 'rating': 3, 'dining_date': '2025-07-18', 'dining_time': '18:59', 'submission_time': '2025-07-18T19:58:00'}
[2025-07-18T19:58:03.984+0000] {subprocess.py:93} INFO - [✓] Sent to feedback: {'feedback_id': 8296, 'branch_id': 101, 'customer_name': 'Tracie Fleming', 'phone_number': '665.763.1198', 'feedback_text': 'Born expert really.', 'rating': 5, 'dining_date': '2025-07-18', 'dining_time': '19:14', 'submission_time': '2025-07-18T19:58:00'}
[2025-07-18T19:58:03.984+0000] {subprocess.py:93} INFO - ✅ All messages sent.
[2025-07-18T19:58:04.003+0000] {subprocess.py:97} INFO - Command exited with return code 0
[2025-07-18T19:58:04.018+0000] {taskinstance.py:1400} INFO - Marking task as SUCCESS. dag_id=restaurant_pipeline, task_id=send_to_kafka, execution_date=20250718T195600, start_date=20250718T195801, end_date=20250718T195804
[2025-07-18T19:58:04.039+0000] {local_task_job_runner.py:228} INFO - Task exited with return code 0
[2025-07-18T19:58:04.065+0000] {taskinstance.py:2778} INFO - 1 downstream tasks scheduled from follow-on schedule check
