[2025-07-18T18:56:28.808+0000] {taskinstance.py:1159} INFO - Dependencies all met for dep_context=non-requeueable deps ti=<TaskInstance: restaurant_pipeline.send_to_kafka manual__2025-07-18T18:55:47.833299+00:00 [queued]>
[2025-07-18T18:56:28.813+0000] {taskinstance.py:1159} INFO - Dependencies all met for dep_context=requeueable deps ti=<TaskInstance: restaurant_pipeline.send_to_kafka manual__2025-07-18T18:55:47.833299+00:00 [queued]>
[2025-07-18T18:56:28.813+0000] {taskinstance.py:1361} INFO - Starting attempt 1 of 1
[2025-07-18T18:56:28.821+0000] {taskinstance.py:1382} INFO - Executing <Task(BashOperator): send_to_kafka> on 2025-07-18 18:55:47.833299+00:00
[2025-07-18T18:56:28.823+0000] {standard_task_runner.py:57} INFO - Started process 4063 to run task
[2025-07-18T18:56:28.826+0000] {standard_task_runner.py:84} INFO - Running: ['***', 'tasks', 'run', 'restaurant_pipeline', 'send_to_kafka', 'manual__2025-07-18T18:55:47.833299+00:00', '--job-id', '440', '--raw', '--subdir', 'DAGS_FOLDER/restaurant_pipeline.py', '--cfg-path', '/tmp/tmpc5i1_a62']
[2025-07-18T18:56:28.828+0000] {standard_task_runner.py:85} INFO - Job 440: Subtask send_to_kafka
[2025-07-18T18:56:28.857+0000] {task_command.py:416} INFO - Running <TaskInstance: restaurant_pipeline.send_to_kafka manual__2025-07-18T18:55:47.833299+00:00 [running]> on host 9bcfb43e0ab7
[2025-07-18T18:56:28.894+0000] {taskinstance.py:1662} INFO - Exporting env vars: AIRFLOW_CTX_DAG_OWNER='moran' AIRFLOW_CTX_DAG_ID='restaurant_pipeline' AIRFLOW_CTX_TASK_ID='send_to_kafka' AIRFLOW_CTX_EXECUTION_DATE='2025-07-18T18:55:47.833299+00:00' AIRFLOW_CTX_TRY_NUMBER='1' AIRFLOW_CTX_DAG_RUN_ID='manual__2025-07-18T18:55:47.833299+00:00'
[2025-07-18T18:56:28.895+0000] {subprocess.py:63} INFO - Tmp dir root location: /tmp
[2025-07-18T18:56:28.895+0000] {subprocess.py:75} INFO - Running command: ['/bin/bash', '-c', 'python /opt/streaming/producer.py']
[2025-07-18T18:56:28.900+0000] {subprocess.py:86} INFO - Output:
[2025-07-18T18:56:31.165+0000] {subprocess.py:93} INFO - [✓] Sent to reservations: {'reservation_id': 7865, 'branch_id': 102, 'customer_name': 'Kiara Williamson', 'phone_number': '341.449.0595x23384', 'reservation_date': '2025-07-18', 'reservation_time': '20:10', 'guests_count': 2, 'is_confirmed': True}
[2025-07-18T18:56:31.169+0000] {subprocess.py:93} INFO - [✓] Sent to reservations: {'reservation_id': 4731, 'branch_id': 101, 'customer_name': 'Jessica Escobar', 'phone_number': '495.657.4517x81957', 'reservation_date': '2025-07-18', 'reservation_time': '20:04', 'guests_count': 2, 'is_confirmed': False}
[2025-07-18T18:56:31.170+0000] {subprocess.py:93} INFO - [✓] Sent to reservations: {'reservation_id': 1643, 'branch_id': 102, 'customer_name': 'Alexander Miller', 'phone_number': '508-316-4970', 'reservation_date': '2025-07-18', 'reservation_time': '20:33', 'guests_count': 5, 'is_confirmed': True}
[2025-07-18T18:56:31.171+0000] {subprocess.py:93} INFO - [✓] Sent to checkins: {'checkin_id': 7766, 'customer_name': 'Jennifer Mcclain', 'phone_number': '(318)425-1899', 'branch_id': 102, 'table_id': 210, 'is_prebooked': False, 'checkin_date': '2025-07-18', 'checkin_time': '18:25', 'guests_count': 3, 'shift_manager': 'Nicholas Brennan II'}
[2025-07-18T18:56:31.173+0000] {subprocess.py:93} INFO - [✓] Sent to checkins: {'checkin_id': 2919, 'customer_name': 'Jaime King', 'phone_number': '3562876836', 'branch_id': 101, 'table_id': 200, 'is_prebooked': True, 'checkin_date': '2025-07-18', 'checkin_time': '17:34', 'guests_count': 3, 'shift_manager': 'Brian Macdonald'}
[2025-07-18T18:56:31.174+0000] {subprocess.py:93} INFO - [✓] Sent to checkins: {'checkin_id': 1944, 'customer_name': 'Sherri Livingston', 'phone_number': '(782)270-5743x969', 'branch_id': 102, 'table_id': 203, 'is_prebooked': False, 'checkin_date': '2025-07-18', 'checkin_time': '18:14', 'guests_count': 6, 'shift_manager': 'Andrew Olson'}
[2025-07-18T18:56:31.175+0000] {subprocess.py:93} INFO - [✓] Sent to feedback: {'feedback_id': 8668, 'branch_id': 101, 'customer_name': 'William Chan', 'phone_number': '(731)945-4355x9848', 'feedback_text': 'Camera south build food rise this.', 'rating': 5, 'dining_date': '2025-07-18', 'dining_time': '17:10', 'submission_time': '2025-07-18T18:56:27'}
[2025-07-18T18:56:31.179+0000] {subprocess.py:93} INFO - [✓] Sent to feedback: {'feedback_id': 6362, 'branch_id': 102, 'customer_name': 'Alex Martinez MD', 'phone_number': '963-689-6802', 'feedback_text': 'Seem energy project than no record page.', 'rating': 3, 'dining_date': '2025-07-18', 'dining_time': '17:58', 'submission_time': '2025-07-18T18:56:27'}
[2025-07-18T18:56:31.179+0000] {subprocess.py:93} INFO - [✓] Sent to feedback: {'feedback_id': 4755, 'branch_id': 101, 'customer_name': 'Christine Green', 'phone_number': '(789)452-6506x15639', 'feedback_text': 'Approach institution speech deal full television.', 'rating': 3, 'dining_date': '2025-07-18', 'dining_time': '17:58', 'submission_time': '2025-07-18T18:56:27'}
[2025-07-18T18:56:31.180+0000] {subprocess.py:93} INFO - ✅ All messages sent.
[2025-07-18T18:56:31.220+0000] {subprocess.py:97} INFO - Command exited with return code 0
[2025-07-18T18:56:31.239+0000] {taskinstance.py:1400} INFO - Marking task as SUCCESS. dag_id=restaurant_pipeline, task_id=send_to_kafka, execution_date=20250718T185547, start_date=20250718T185628, end_date=20250718T185631
[2025-07-18T18:56:31.255+0000] {local_task_job_runner.py:228} INFO - Task exited with return code 0
[2025-07-18T18:56:31.281+0000] {taskinstance.py:2778} INFO - 1 downstream tasks scheduled from follow-on schedule check
