[2025-07-18T18:54:03.641+0000] {taskinstance.py:1159} INFO - Dependencies all met for dep_context=non-requeueable deps ti=<TaskInstance: restaurant_pipeline.silver_to_gold manual__2025-07-18T18:51:28.767167+00:00 [queued]>
[2025-07-18T18:54:03.645+0000] {taskinstance.py:1159} INFO - Dependencies all met for dep_context=requeueable deps ti=<TaskInstance: restaurant_pipeline.silver_to_gold manual__2025-07-18T18:51:28.767167+00:00 [queued]>
[2025-07-18T18:54:03.645+0000] {taskinstance.py:1361} INFO - Starting attempt 1 of 1
[2025-07-18T18:54:03.652+0000] {taskinstance.py:1382} INFO - Executing <Task(BashOperator): silver_to_gold> on 2025-07-18 18:51:28.767167+00:00
[2025-07-18T18:54:03.654+0000] {standard_task_runner.py:57} INFO - Started process 3995 to run task
[2025-07-18T18:54:03.657+0000] {standard_task_runner.py:84} INFO - Running: ['***', 'tasks', 'run', 'restaurant_pipeline', 'silver_to_gold', 'manual__2025-07-18T18:51:28.767167+00:00', '--job-id', '433', '--raw', '--subdir', 'DAGS_FOLDER/restaurant_pipeline.py', '--cfg-path', '/tmp/tmpmjsjijst']
[2025-07-18T18:54:03.658+0000] {standard_task_runner.py:85} INFO - Job 433: Subtask silver_to_gold
[2025-07-18T18:54:03.688+0000] {task_command.py:416} INFO - Running <TaskInstance: restaurant_pipeline.silver_to_gold manual__2025-07-18T18:51:28.767167+00:00 [running]> on host 9bcfb43e0ab7
[2025-07-18T18:54:03.741+0000] {taskinstance.py:1662} INFO - Exporting env vars: AIRFLOW_CTX_DAG_OWNER='moran' AIRFLOW_CTX_DAG_ID='restaurant_pipeline' AIRFLOW_CTX_TASK_ID='silver_to_gold' AIRFLOW_CTX_EXECUTION_DATE='2025-07-18T18:51:28.767167+00:00' AIRFLOW_CTX_TRY_NUMBER='1' AIRFLOW_CTX_DAG_RUN_ID='manual__2025-07-18T18:51:28.767167+00:00'
[2025-07-18T18:54:03.742+0000] {subprocess.py:63} INFO - Tmp dir root location: /tmp
[2025-07-18T18:54:03.743+0000] {subprocess.py:75} INFO - Running command: ['/bin/bash', '-c', 'docker exec spark-iceberg spark-submit /home/iceberg/spark/silver_to_gold.py']
[2025-07-18T18:54:03.748+0000] {subprocess.py:86} INFO - Output:
[2025-07-18T18:54:05.667+0000] {subprocess.py:93} INFO - 25/07/18 18:54:05 INFO SparkContext: Running Spark version 3.5.6
[2025-07-18T18:54:05.668+0000] {subprocess.py:93} INFO - 25/07/18 18:54:05 INFO SparkContext: OS info Linux, 6.10.14-linuxkit, aarch64
[2025-07-18T18:54:05.668+0000] {subprocess.py:93} INFO - 25/07/18 18:54:05 INFO SparkContext: Java version 17.0.15
[2025-07-18T18:54:05.692+0000] {subprocess.py:93} INFO - 25/07/18 18:54:05 INFO ResourceUtils: ==============================================================
[2025-07-18T18:54:05.692+0000] {subprocess.py:93} INFO - 25/07/18 18:54:05 INFO ResourceUtils: No custom resources configured for spark.driver.
[2025-07-18T18:54:05.693+0000] {subprocess.py:93} INFO - 25/07/18 18:54:05 INFO ResourceUtils: ==============================================================
[2025-07-18T18:54:05.693+0000] {subprocess.py:93} INFO - 25/07/18 18:54:05 INFO SparkContext: Submitted application: SilverToGold
[2025-07-18T18:54:05.704+0000] {subprocess.py:93} INFO - 25/07/18 18:54:05 INFO ResourceProfile: Default ResourceProfile created, executor resources: Map(cores -> name: cores, amount: 1, script: , vendor: , memory -> name: memory, amount: 1024, script: , vendor: , offHeap -> name: offHeap, amount: 0, script: , vendor: ), task resources: Map(cpus -> name: cpus, amount: 1.0)
[2025-07-18T18:54:05.710+0000] {subprocess.py:93} INFO - 25/07/18 18:54:05 INFO ResourceProfile: Limiting resource is cpu
[2025-07-18T18:54:05.710+0000] {subprocess.py:93} INFO - 25/07/18 18:54:05 INFO ResourceProfileManager: Added ResourceProfile id: 0
[2025-07-18T18:54:05.736+0000] {subprocess.py:93} INFO - 25/07/18 18:54:05 INFO SecurityManager: Changing view acls to: root,spark
[2025-07-18T18:54:05.737+0000] {subprocess.py:93} INFO - 25/07/18 18:54:05 INFO SecurityManager: Changing modify acls to: root,spark
[2025-07-18T18:54:05.737+0000] {subprocess.py:93} INFO - 25/07/18 18:54:05 INFO SecurityManager: Changing view acls groups to:
[2025-07-18T18:54:05.737+0000] {subprocess.py:93} INFO - 25/07/18 18:54:05 INFO SecurityManager: Changing modify acls groups to:
[2025-07-18T18:54:05.738+0000] {subprocess.py:93} INFO - 25/07/18 18:54:05 INFO SecurityManager: SecurityManager: authentication disabled; ui acls disabled; users with view permissions: root, spark; groups with view permissions: EMPTY; users with modify permissions: root, spark; groups with modify permissions: EMPTY
[2025-07-18T18:54:05.767+0000] {subprocess.py:93} INFO - 25/07/18 18:54:05 WARN NativeCodeLoader: Unable to load native-hadoop library for your platform... using builtin-java classes where applicable
[2025-07-18T18:54:05.930+0000] {subprocess.py:93} INFO - 25/07/18 18:54:05 INFO Utils: Successfully started service 'sparkDriver' on port 33315.
[2025-07-18T18:54:05.953+0000] {subprocess.py:93} INFO - 25/07/18 18:54:05 INFO SparkEnv: Registering MapOutputTracker
[2025-07-18T18:54:05.999+0000] {subprocess.py:93} INFO - 25/07/18 18:54:05 INFO SparkEnv: Registering BlockManagerMaster
[2025-07-18T18:54:06.010+0000] {subprocess.py:93} INFO - 25/07/18 18:54:06 INFO BlockManagerMasterEndpoint: Using org.apache.spark.storage.DefaultTopologyMapper for getting topology information
[2025-07-18T18:54:06.011+0000] {subprocess.py:93} INFO - 25/07/18 18:54:06 INFO BlockManagerMasterEndpoint: BlockManagerMasterEndpoint up
[2025-07-18T18:54:06.014+0000] {subprocess.py:93} INFO - 25/07/18 18:54:06 INFO SparkEnv: Registering BlockManagerMasterHeartbeat
[2025-07-18T18:54:06.033+0000] {subprocess.py:93} INFO - 25/07/18 18:54:06 INFO DiskBlockManager: Created local directory at /tmp/blockmgr-12f412c7-97c3-441f-8db4-760ccfabebc5
[2025-07-18T18:54:06.043+0000] {subprocess.py:93} INFO - 25/07/18 18:54:06 INFO MemoryStore: MemoryStore started with capacity 434.4 MiB
[2025-07-18T18:54:06.053+0000] {subprocess.py:93} INFO - 25/07/18 18:54:06 INFO SparkEnv: Registering OutputCommitCoordinator
[2025-07-18T18:54:06.141+0000] {subprocess.py:93} INFO - 25/07/18 18:54:06 INFO JettyUtils: Start Jetty 0.0.0.0:4040 for SparkUI
[2025-07-18T18:54:06.200+0000] {subprocess.py:93} INFO - 25/07/18 18:54:06 INFO Utils: Successfully started service 'SparkUI' on port 4040.
[2025-07-18T18:54:06.309+0000] {subprocess.py:93} INFO - 25/07/18 18:54:06 INFO Executor: Starting executor ID driver on host 77cb57a6bd53
[2025-07-18T18:54:06.309+0000] {subprocess.py:93} INFO - 25/07/18 18:54:06 INFO Executor: OS info Linux, 6.10.14-linuxkit, aarch64
[2025-07-18T18:54:06.309+0000] {subprocess.py:93} INFO - 25/07/18 18:54:06 INFO Executor: Java version 17.0.15
[2025-07-18T18:54:06.314+0000] {subprocess.py:93} INFO - 25/07/18 18:54:06 INFO Executor: Starting executor with user classpath (userClassPathFirst = false): ''
[2025-07-18T18:54:06.317+0000] {subprocess.py:93} INFO - 25/07/18 18:54:06 INFO Executor: Created or updated repl class loader org.apache.spark.util.MutableURLClassLoader@5f5b91fb for default.
[2025-07-18T18:54:06.342+0000] {subprocess.py:93} INFO - 25/07/18 18:54:06 INFO Utils: Successfully started service 'org.apache.spark.network.netty.NettyBlockTransferService' on port 41463.
[2025-07-18T18:54:06.343+0000] {subprocess.py:93} INFO - 25/07/18 18:54:06 INFO NettyBlockTransferService: Server created on 77cb57a6bd53:41463
[2025-07-18T18:54:06.344+0000] {subprocess.py:93} INFO - 25/07/18 18:54:06 INFO BlockManager: Using org.apache.spark.storage.RandomBlockReplicationPolicy for block replication policy
[2025-07-18T18:54:06.366+0000] {subprocess.py:93} INFO - 25/07/18 18:54:06 INFO BlockManagerMaster: Registering BlockManager BlockManagerId(driver, 77cb57a6bd53, 41463, None)
[2025-07-18T18:54:06.368+0000] {subprocess.py:93} INFO - 25/07/18 18:54:06 INFO BlockManagerMasterEndpoint: Registering block manager 77cb57a6bd53:41463 with 434.4 MiB RAM, BlockManagerId(driver, 77cb57a6bd53, 41463, None)
[2025-07-18T18:54:06.376+0000] {subprocess.py:93} INFO - 25/07/18 18:54:06 INFO BlockManagerMaster: Registered BlockManager BlockManagerId(driver, 77cb57a6bd53, 41463, None)
[2025-07-18T18:54:06.380+0000] {subprocess.py:93} INFO - 25/07/18 18:54:06 INFO BlockManager: Initialized BlockManager: BlockManagerId(driver, 77cb57a6bd53, 41463, None)
[2025-07-18T18:54:06.916+0000] {subprocess.py:93} INFO - 25/07/18 18:54:06 INFO SharedState: Setting hive.metastore.warehouse.dir ('null') to the value of spark.sql.warehouse.dir.
[2025-07-18T18:54:06.922+0000] {subprocess.py:93} INFO - 25/07/18 18:54:06 INFO SharedState: Warehouse path is 'file:/app/spark-warehouse'.
[2025-07-18T18:54:07.590+0000] {subprocess.py:93} INFO - 25/07/18 18:54:07 WARN MetricsConfig: Cannot locate configuration: tried hadoop-metrics2-s3a-file-system.properties,hadoop-metrics2.properties
[2025-07-18T18:54:07.599+0000] {subprocess.py:93} INFO - 25/07/18 18:54:07 INFO MetricsSystemImpl: Scheduled Metric snapshot period at 10 second(s).
[2025-07-18T18:54:07.600+0000] {subprocess.py:93} INFO - 25/07/18 18:54:07 INFO MetricsSystemImpl: s3a-file-system metrics system started
[2025-07-18T18:54:08.234+0000] {subprocess.py:93} INFO - 25/07/18 18:54:08 INFO BaseMetastoreCatalog: Table loaded by catalog: my_catalog.silver.customers
[2025-07-18T18:54:08.740+0000] {subprocess.py:93} INFO - Traceback (most recent call last):
[2025-07-18T18:54:08.740+0000] {subprocess.py:93} INFO -   File "/home/iceberg/spark/silver_to_gold.py", line 24, in <module>
[2025-07-18T18:54:08.740+0000] {subprocess.py:93} INFO -     scd2_branch = spark.table("my_catalog.silver.scd2_branch")
[2025-07-18T18:54:08.741+0000] {subprocess.py:93} INFO -                   ^^^^^^^^^^^^^^^^^^^^^^^^^^^^^^^^^^^^^^^^^^^^
[2025-07-18T18:54:08.741+0000] {subprocess.py:93} INFO -   File "/opt/bitnami/spark/python/lib/pyspark.zip/pyspark/sql/session.py", line 1667, in table
[2025-07-18T18:54:08.742+0000] {subprocess.py:93} INFO -   File "/opt/bitnami/spark/python/lib/py4j-0.10.9.7-src.zip/py4j/java_gateway.py", line 1322, in __call__
[2025-07-18T18:54:08.742+0000] {subprocess.py:93} INFO -   File "/opt/bitnami/spark/python/lib/pyspark.zip/pyspark/errors/exceptions/captured.py", line 185, in deco
[2025-07-18T18:54:08.749+0000] {subprocess.py:93} INFO - pyspark.errors.exceptions.captured.AnalysisException: [TABLE_OR_VIEW_NOT_FOUND] The table or view `my_catalog`.`silver`.`scd2_branch` cannot be found. Verify the spelling and correctness of the schema and catalog.
[2025-07-18T18:54:08.749+0000] {subprocess.py:93} INFO - If you did not qualify the name with a schema, verify the current_schema() output, or qualify the name with the correct schema and catalog.
[2025-07-18T18:54:08.749+0000] {subprocess.py:93} INFO - To tolerate the error on drop use DROP VIEW IF EXISTS or DROP TABLE IF EXISTS.;
[2025-07-18T18:54:08.749+0000] {subprocess.py:93} INFO - 'UnresolvedRelation [my_catalog, silver, scd2_branch], [], false
[2025-07-18T18:54:08.749+0000] {subprocess.py:93} INFO - 
[2025-07-18T18:54:08.773+0000] {subprocess.py:93} INFO - 25/07/18 18:54:08 INFO SparkContext: Invoking stop() from shutdown hook
[2025-07-18T18:54:08.773+0000] {subprocess.py:93} INFO - 25/07/18 18:54:08 INFO SparkContext: SparkContext is stopping with exitCode 0.
[2025-07-18T18:54:08.781+0000] {subprocess.py:93} INFO - 25/07/18 18:54:08 INFO SparkUI: Stopped Spark web UI at http://77cb57a6bd53:4040
[2025-07-18T18:54:08.788+0000] {subprocess.py:93} INFO - 25/07/18 18:54:08 INFO MapOutputTrackerMasterEndpoint: MapOutputTrackerMasterEndpoint stopped!
[2025-07-18T18:54:08.798+0000] {subprocess.py:93} INFO - 25/07/18 18:54:08 INFO MemoryStore: MemoryStore cleared
[2025-07-18T18:54:08.800+0000] {subprocess.py:93} INFO - 25/07/18 18:54:08 INFO BlockManager: BlockManager stopped
[2025-07-18T18:54:08.802+0000] {subprocess.py:93} INFO - 25/07/18 18:54:08 INFO BlockManagerMaster: BlockManagerMaster stopped
[2025-07-18T18:54:08.805+0000] {subprocess.py:93} INFO - 25/07/18 18:54:08 INFO OutputCommitCoordinator$OutputCommitCoordinatorEndpoint: OutputCommitCoordinator stopped!
[2025-07-18T18:54:08.819+0000] {subprocess.py:93} INFO - 25/07/18 18:54:08 INFO SparkContext: Successfully stopped SparkContext
[2025-07-18T18:54:08.819+0000] {subprocess.py:93} INFO - 25/07/18 18:54:08 INFO ShutdownHookManager: Shutdown hook called
[2025-07-18T18:54:08.820+0000] {subprocess.py:93} INFO - 25/07/18 18:54:08 INFO ShutdownHookManager: Deleting directory /tmp/spark-af547b9c-1109-40e0-8180-3c29f2715784
[2025-07-18T18:54:08.821+0000] {subprocess.py:93} INFO - 25/07/18 18:54:08 INFO ShutdownHookManager: Deleting directory /tmp/spark-ec4842a1-8765-4534-9293-895a5d9b0dd1/pyspark-49303a80-1063-4117-8b6c-9c14d08203e6
[2025-07-18T18:54:08.823+0000] {subprocess.py:93} INFO - 25/07/18 18:54:08 INFO ShutdownHookManager: Deleting directory /tmp/spark-ec4842a1-8765-4534-9293-895a5d9b0dd1
[2025-07-18T18:54:08.826+0000] {subprocess.py:93} INFO - 25/07/18 18:54:08 INFO MetricsSystemImpl: Stopping s3a-file-system metrics system...
[2025-07-18T18:54:08.827+0000] {subprocess.py:93} INFO - 25/07/18 18:54:08 INFO MetricsSystemImpl: s3a-file-system metrics system stopped.
[2025-07-18T18:54:08.827+0000] {subprocess.py:93} INFO - 25/07/18 18:54:08 INFO MetricsSystemImpl: s3a-file-system metrics system shutdown complete.
[2025-07-18T18:54:08.875+0000] {subprocess.py:97} INFO - Command exited with return code 1
[2025-07-18T18:54:08.885+0000] {taskinstance.py:1937} ERROR - Task failed with exception
Traceback (most recent call last):
  File "/home/airflow/.local/lib/python3.8/site-packages/airflow/operators/bash.py", line 210, in execute
    raise AirflowException(
airflow.exceptions.AirflowException: Bash command failed. The command returned a non-zero exit code 1.
[2025-07-18T18:54:08.887+0000] {taskinstance.py:1400} INFO - Marking task as FAILED. dag_id=restaurant_pipeline, task_id=silver_to_gold, execution_date=20250718T185128, start_date=20250718T185403, end_date=20250718T185408
[2025-07-18T18:54:08.896+0000] {standard_task_runner.py:104} ERROR - Failed to execute job 433 for task silver_to_gold (Bash command failed. The command returned a non-zero exit code 1.; 3995)
[2025-07-18T18:54:08.904+0000] {local_task_job_runner.py:228} INFO - Task exited with return code 1
[2025-07-18T18:54:08.926+0000] {taskinstance.py:2778} INFO - 0 downstream tasks scheduled from follow-on schedule check
