[2025-07-18T19:20:24.248+0000] {taskinstance.py:1159} INFO - Dependencies all met for dep_context=non-requeueable deps ti=<TaskInstance: restaurant_pipeline.send_to_kafka scheduled__2025-07-18T19:18:00+00:00 [queued]>
[2025-07-18T19:20:24.252+0000] {taskinstance.py:1159} INFO - Dependencies all met for dep_context=requeueable deps ti=<TaskInstance: restaurant_pipeline.send_to_kafka scheduled__2025-07-18T19:18:00+00:00 [queued]>
[2025-07-18T19:20:24.252+0000] {taskinstance.py:1361} INFO - Starting attempt 1 of 1
[2025-07-18T19:20:24.257+0000] {taskinstance.py:1382} INFO - Executing <Task(BashOperator): send_to_kafka> on 2025-07-18 19:18:00+00:00
[2025-07-18T19:20:24.260+0000] {standard_task_runner.py:57} INFO - Started process 4728 to run task
[2025-07-18T19:20:24.262+0000] {standard_task_runner.py:84} INFO - Running: ['***', 'tasks', 'run', 'restaurant_pipeline', 'send_to_kafka', 'scheduled__2025-07-18T19:18:00+00:00', '--job-id', '500', '--raw', '--subdir', 'DAGS_FOLDER/restaurant_pipeline.py', '--cfg-path', '/tmp/tmpkb5ay84m']
[2025-07-18T19:20:24.263+0000] {standard_task_runner.py:85} INFO - Job 500: Subtask send_to_kafka
[2025-07-18T19:20:24.287+0000] {task_command.py:416} INFO - Running <TaskInstance: restaurant_pipeline.send_to_kafka scheduled__2025-07-18T19:18:00+00:00 [running]> on host 9bcfb43e0ab7
[2025-07-18T19:20:24.329+0000] {taskinstance.py:1662} INFO - Exporting env vars: AIRFLOW_CTX_DAG_OWNER='moran' AIRFLOW_CTX_DAG_ID='restaurant_pipeline' AIRFLOW_CTX_TASK_ID='send_to_kafka' AIRFLOW_CTX_EXECUTION_DATE='2025-07-18T19:18:00+00:00' AIRFLOW_CTX_TRY_NUMBER='1' AIRFLOW_CTX_DAG_RUN_ID='scheduled__2025-07-18T19:18:00+00:00'
[2025-07-18T19:20:24.330+0000] {subprocess.py:63} INFO - Tmp dir root location: /tmp
[2025-07-18T19:20:24.331+0000] {subprocess.py:75} INFO - Running command: ['/bin/bash', '-c', 'python /opt/streaming/producer.py']
[2025-07-18T19:20:24.335+0000] {subprocess.py:86} INFO - Output:
[2025-07-18T19:20:26.587+0000] {subprocess.py:93} INFO - [✓] Sent to reservations: {'reservation_id': 2881, 'branch_id': 102, 'customer_name': 'Troy Holmes', 'phone_number': '(935)994-8064x09843', 'reservation_date': '2025-07-18', 'reservation_time': '20:46', 'guests_count': 8, 'is_confirmed': False}
[2025-07-18T19:20:26.595+0000] {subprocess.py:93} INFO - [✓] Sent to reservations: {'reservation_id': 2497, 'branch_id': 101, 'customer_name': 'Amber Yates', 'phone_number': '+1-411-587-7912x916', 'reservation_date': '2025-07-18', 'reservation_time': '19:58', 'guests_count': 3, 'is_confirmed': True}
[2025-07-18T19:20:26.595+0000] {subprocess.py:93} INFO - [✓] Sent to reservations: {'reservation_id': 1982, 'branch_id': 101, 'customer_name': 'George Delacruz', 'phone_number': '911-986-9825', 'reservation_date': '2025-07-18', 'reservation_time': '21:20', 'guests_count': 5, 'is_confirmed': True}
[2025-07-18T19:20:26.595+0000] {subprocess.py:93} INFO - [✓] Sent to checkins: {'checkin_id': 3366, 'customer_name': 'Gerald Miller', 'phone_number': '+1-632-394-3669x650', 'branch_id': 101, 'table_id': 209, 'is_prebooked': True, 'checkin_date': '2025-07-18', 'checkin_time': '19:17', 'guests_count': 3, 'shift_manager': 'Alexandria Pena MD'}
[2025-07-18T19:20:26.595+0000] {subprocess.py:93} INFO - [✓] Sent to checkins: {'checkin_id': 8274, 'customer_name': 'Denise Haynes', 'phone_number': '4009120806', 'branch_id': 102, 'table_id': 206, 'is_prebooked': False, 'checkin_date': '2025-07-18', 'checkin_time': '18:05', 'guests_count': 2, 'shift_manager': 'Tanner Mcconnell'}
[2025-07-18T19:20:26.595+0000] {subprocess.py:93} INFO - [✓] Sent to checkins: {'checkin_id': 5160, 'customer_name': 'Kimberly Nelson', 'phone_number': '539.647.8284', 'branch_id': 101, 'table_id': 209, 'is_prebooked': False, 'checkin_date': '2025-07-18', 'checkin_time': '19:12', 'guests_count': 5, 'shift_manager': 'Abigail Frost'}
[2025-07-18T19:20:26.595+0000] {subprocess.py:93} INFO - [✓] Sent to feedback: {'feedback_id': 8988, 'branch_id': 102, 'customer_name': 'Kim Atkinson', 'phone_number': '367.590.6495x59035', 'feedback_text': 'Leave beat alone development level anyone in.', 'rating': 2, 'dining_date': '2025-07-18', 'dining_time': '19:12', 'submission_time': '2025-07-18T19:20:23'}
[2025-07-18T19:20:26.596+0000] {subprocess.py:93} INFO - [✓] Sent to feedback: {'feedback_id': 5086, 'branch_id': 102, 'customer_name': 'Michael Shields', 'phone_number': '(608)983-4665', 'feedback_text': 'Field bit per.', 'rating': 4, 'dining_date': '2025-07-18', 'dining_time': '18:31', 'submission_time': '2025-07-18T19:20:23'}
[2025-07-18T19:20:26.596+0000] {subprocess.py:93} INFO - [✓] Sent to feedback: {'feedback_id': 9907, 'branch_id': 102, 'customer_name': 'Steven Crawford', 'phone_number': '6932745858', 'feedback_text': 'Adult mean season just interesting world state.', 'rating': 5, 'dining_date': '2025-07-18', 'dining_time': '18:17', 'submission_time': '2025-07-18T19:20:23'}
[2025-07-18T19:20:26.596+0000] {subprocess.py:93} INFO - ✅ All messages sent.
[2025-07-18T19:20:26.623+0000] {subprocess.py:97} INFO - Command exited with return code 0
[2025-07-18T19:20:26.641+0000] {taskinstance.py:1400} INFO - Marking task as SUCCESS. dag_id=restaurant_pipeline, task_id=send_to_kafka, execution_date=20250718T191800, start_date=20250718T192024, end_date=20250718T192026
[2025-07-18T19:20:26.684+0000] {local_task_job_runner.py:228} INFO - Task exited with return code 0
[2025-07-18T19:20:26.752+0000] {taskinstance.py:2778} INFO - 1 downstream tasks scheduled from follow-on schedule check
