[2025-07-19T17:52:01.688+0000] {taskinstance.py:1159} INFO - Dependencies all met for dep_context=non-requeueable deps ti=<TaskInstance: restaurant_pipeline.send_to_kafka scheduled__2025-07-19T17:50:00+00:00 [queued]>
[2025-07-19T17:52:01.692+0000] {taskinstance.py:1159} INFO - Dependencies all met for dep_context=requeueable deps ti=<TaskInstance: restaurant_pipeline.send_to_kafka scheduled__2025-07-19T17:50:00+00:00 [queued]>
[2025-07-19T17:52:01.692+0000] {taskinstance.py:1361} INFO - Starting attempt 1 of 1
[2025-07-19T17:52:01.697+0000] {taskinstance.py:1382} INFO - Executing <Task(BashOperator): send_to_kafka> on 2025-07-19 17:50:00+00:00
[2025-07-19T17:52:01.699+0000] {standard_task_runner.py:57} INFO - Started process 237 to run task
[2025-07-19T17:52:01.701+0000] {standard_task_runner.py:84} INFO - Running: ['***', 'tasks', 'run', 'restaurant_pipeline', 'send_to_kafka', 'scheduled__2025-07-19T17:50:00+00:00', '--job-id', '901', '--raw', '--subdir', 'DAGS_FOLDER/restaurant_pipeline.py', '--cfg-path', '/tmp/tmpk8ci09sc']
[2025-07-19T17:52:01.702+0000] {standard_task_runner.py:85} INFO - Job 901: Subtask send_to_kafka
[2025-07-19T17:52:01.729+0000] {task_command.py:416} INFO - Running <TaskInstance: restaurant_pipeline.send_to_kafka scheduled__2025-07-19T17:50:00+00:00 [running]> on host 03593c79cc17
[2025-07-19T17:52:01.774+0000] {taskinstance.py:1662} INFO - Exporting env vars: AIRFLOW_CTX_DAG_EMAIL='your@email.com' AIRFLOW_CTX_DAG_OWNER='moran' AIRFLOW_CTX_DAG_ID='restaurant_pipeline' AIRFLOW_CTX_TASK_ID='send_to_kafka' AIRFLOW_CTX_EXECUTION_DATE='2025-07-19T17:50:00+00:00' AIRFLOW_CTX_TRY_NUMBER='1' AIRFLOW_CTX_DAG_RUN_ID='scheduled__2025-07-19T17:50:00+00:00'
[2025-07-19T17:52:01.775+0000] {subprocess.py:63} INFO - Tmp dir root location: /tmp
[2025-07-19T17:52:01.775+0000] {subprocess.py:75} INFO - Running command: ['/bin/bash', '-c', 'python /opt/streaming/producer.py']
[2025-07-19T17:52:01.778+0000] {subprocess.py:86} INFO - Output:
[2025-07-19T17:52:04.014+0000] {subprocess.py:93} INFO - [✓] Sent to reservations: {'reservation_id': 1200, 'branch_id': 102, 'customer_name': 'Jacob Powers III', 'phone_number': '457-738-6627x1373', 'reservation_date': '2025-07-19', 'reservation_time': '19:21', 'guests_count': 6, 'is_confirmed': True}
[2025-07-19T17:52:04.015+0000] {subprocess.py:93} INFO - [✓] Sent to reservations: {'reservation_id': 1465, 'branch_id': 102, 'customer_name': 'Amber Esparza', 'phone_number': '4903793257', 'reservation_date': '2025-07-19', 'reservation_time': '19:41', 'guests_count': 7, 'is_confirmed': True}
[2025-07-19T17:52:04.015+0000] {subprocess.py:93} INFO - [✓] Sent to reservations: {'reservation_id': 2790, 'branch_id': 102, 'customer_name': 'Amanda Fletcher', 'phone_number': '001-899-206-7375x7787', 'reservation_date': '2025-07-19', 'reservation_time': '18:14', 'guests_count': 6, 'is_confirmed': False}
[2025-07-19T17:52:04.016+0000] {subprocess.py:93} INFO - [✓] Sent to checkins: {'checkin_id': 5583, 'customer_name': 'Lauren Walker', 'phone_number': '+1-561-203-3352x9353', 'branch_id': 101, 'table_id': 202, 'is_prebooked': True, 'checkin_date': '2025-07-19', 'checkin_time': '17:40', 'guests_count': 6, 'shift_manager': 'William Nolan'}
[2025-07-19T17:52:04.016+0000] {subprocess.py:93} INFO - [✓] Sent to checkins: {'checkin_id': 4761, 'customer_name': 'Jason Gonzalez', 'phone_number': '001-544-628-1926x40367', 'branch_id': 101, 'table_id': 203, 'is_prebooked': False, 'checkin_date': '2025-07-19', 'checkin_time': '15:52', 'guests_count': 4, 'shift_manager': 'Todd Lucero'}
[2025-07-19T17:52:04.016+0000] {subprocess.py:93} INFO - [✓] Sent to checkins: {'checkin_id': 2318, 'customer_name': 'Joshua Costa', 'phone_number': '+1-926-905-5653x87656', 'branch_id': 101, 'table_id': 208, 'is_prebooked': True, 'checkin_date': '2025-07-19', 'checkin_time': '17:51', 'guests_count': 1, 'shift_manager': 'Roberto Thomas'}
[2025-07-19T17:52:04.016+0000] {subprocess.py:93} INFO - [✓] Sent to feedback: {'feedback_id': 7271, 'branch_id': 101, 'customer_name': 'Yvonne Webb', 'phone_number': '495.924.7396', 'feedback_text': 'Audience beyond attention community life.', 'rating': 1, 'dining_date': '2025-07-19', 'dining_time': '17:13', 'submission_time': '2025-07-19T17:52:00'}
[2025-07-19T17:52:04.017+0000] {subprocess.py:93} INFO - [✓] Sent to feedback: {'feedback_id': 8163, 'branch_id': 101, 'customer_name': 'Lindsay Duffy', 'phone_number': '(812)880-7222', 'feedback_text': 'Fine station baby after see.', 'rating': 2, 'dining_date': '2025-07-19', 'dining_time': '16:09', 'submission_time': '2025-07-19T17:52:00'}
[2025-07-19T17:52:04.017+0000] {subprocess.py:93} INFO - [✓] Sent to feedback: {'feedback_id': 1660, 'branch_id': 102, 'customer_name': 'Joseph Morgan', 'phone_number': '558.912.4204x9176', 'feedback_text': 'Term out expect community indicate wait make.', 'rating': 1, 'dining_date': '2025-07-19', 'dining_time': '16:13', 'submission_time': '2025-07-19T17:52:00'}
[2025-07-19T17:52:04.018+0000] {subprocess.py:93} INFO - ✅ All messages sent.
[2025-07-19T17:52:04.062+0000] {subprocess.py:97} INFO - Command exited with return code 0
[2025-07-19T17:52:04.080+0000] {taskinstance.py:1400} INFO - Marking task as SUCCESS. dag_id=restaurant_pipeline, task_id=send_to_kafka, execution_date=20250719T175000, start_date=20250719T175201, end_date=20250719T175204
[2025-07-19T17:52:04.103+0000] {local_task_job_runner.py:228} INFO - Task exited with return code 0
[2025-07-19T17:52:04.130+0000] {taskinstance.py:2778} INFO - 1 downstream tasks scheduled from follow-on schedule check
