[2025-07-18T19:02:18.328+0000] {taskinstance.py:1159} INFO - Dependencies all met for dep_context=non-requeueable deps ti=<TaskInstance: restaurant_pipeline.silver_to_gold scheduled__2025-07-18T18:58:00+00:00 [queued]>
[2025-07-18T19:02:18.334+0000] {taskinstance.py:1159} INFO - Dependencies all met for dep_context=requeueable deps ti=<TaskInstance: restaurant_pipeline.silver_to_gold scheduled__2025-07-18T18:58:00+00:00 [queued]>
[2025-07-18T19:02:18.335+0000] {taskinstance.py:1361} INFO - Starting attempt 1 of 1
[2025-07-18T19:02:18.344+0000] {taskinstance.py:1382} INFO - Executing <Task(BashOperator): silver_to_gold> on 2025-07-18 18:58:00+00:00
[2025-07-18T19:02:18.347+0000] {standard_task_runner.py:57} INFO - Started process 4218 to run task
[2025-07-18T19:02:18.349+0000] {standard_task_runner.py:84} INFO - Running: ['***', 'tasks', 'run', 'restaurant_pipeline', 'silver_to_gold', 'scheduled__2025-07-18T18:58:00+00:00', '--job-id', '453', '--raw', '--subdir', 'DAGS_FOLDER/restaurant_pipeline.py', '--cfg-path', '/tmp/tmp0uj5sd78']
[2025-07-18T19:02:18.351+0000] {standard_task_runner.py:85} INFO - Job 453: Subtask silver_to_gold
[2025-07-18T19:02:18.403+0000] {task_command.py:416} INFO - Running <TaskInstance: restaurant_pipeline.silver_to_gold scheduled__2025-07-18T18:58:00+00:00 [running]> on host 9bcfb43e0ab7
[2025-07-18T19:02:18.460+0000] {taskinstance.py:1662} INFO - Exporting env vars: AIRFLOW_CTX_DAG_OWNER='moran' AIRFLOW_CTX_DAG_ID='restaurant_pipeline' AIRFLOW_CTX_TASK_ID='silver_to_gold' AIRFLOW_CTX_EXECUTION_DATE='2025-07-18T18:58:00+00:00' AIRFLOW_CTX_TRY_NUMBER='1' AIRFLOW_CTX_DAG_RUN_ID='scheduled__2025-07-18T18:58:00+00:00'
[2025-07-18T19:02:18.461+0000] {subprocess.py:63} INFO - Tmp dir root location: /tmp
[2025-07-18T19:02:18.463+0000] {subprocess.py:75} INFO - Running command: ['/bin/bash', '-c', 'docker exec spark-iceberg spark-submit /home/iceberg/spark/silver_to_gold.py']
[2025-07-18T19:02:18.471+0000] {subprocess.py:86} INFO - Output:
[2025-07-18T19:02:20.139+0000] {subprocess.py:93} INFO - 25/07/18 19:02:20 INFO SparkContext: Running Spark version 3.5.6
[2025-07-18T19:02:20.140+0000] {subprocess.py:93} INFO - 25/07/18 19:02:20 INFO SparkContext: OS info Linux, 6.10.14-linuxkit, aarch64
[2025-07-18T19:02:20.140+0000] {subprocess.py:93} INFO - 25/07/18 19:02:20 INFO SparkContext: Java version 17.0.15
[2025-07-18T19:02:20.154+0000] {subprocess.py:93} INFO - 25/07/18 19:02:20 INFO ResourceUtils: ==============================================================
[2025-07-18T19:02:20.154+0000] {subprocess.py:93} INFO - 25/07/18 19:02:20 INFO ResourceUtils: No custom resources configured for spark.driver.
[2025-07-18T19:02:20.154+0000] {subprocess.py:93} INFO - 25/07/18 19:02:20 INFO ResourceUtils: ==============================================================
[2025-07-18T19:02:20.154+0000] {subprocess.py:93} INFO - 25/07/18 19:02:20 INFO SparkContext: Submitted application: SilverToGold
[2025-07-18T19:02:20.163+0000] {subprocess.py:93} INFO - 25/07/18 19:02:20 INFO ResourceProfile: Default ResourceProfile created, executor resources: Map(cores -> name: cores, amount: 1, script: , vendor: , memory -> name: memory, amount: 1024, script: , vendor: , offHeap -> name: offHeap, amount: 0, script: , vendor: ), task resources: Map(cpus -> name: cpus, amount: 1.0)
[2025-07-18T19:02:20.167+0000] {subprocess.py:93} INFO - 25/07/18 19:02:20 INFO ResourceProfile: Limiting resource is cpu
[2025-07-18T19:02:20.168+0000] {subprocess.py:93} INFO - 25/07/18 19:02:20 INFO ResourceProfileManager: Added ResourceProfile id: 0
[2025-07-18T19:02:20.193+0000] {subprocess.py:93} INFO - 25/07/18 19:02:20 INFO SecurityManager: Changing view acls to: root,spark
[2025-07-18T19:02:20.194+0000] {subprocess.py:93} INFO - 25/07/18 19:02:20 INFO SecurityManager: Changing modify acls to: root,spark
[2025-07-18T19:02:20.194+0000] {subprocess.py:93} INFO - 25/07/18 19:02:20 INFO SecurityManager: Changing view acls groups to:
[2025-07-18T19:02:20.194+0000] {subprocess.py:93} INFO - 25/07/18 19:02:20 INFO SecurityManager: Changing modify acls groups to:
[2025-07-18T19:02:20.194+0000] {subprocess.py:93} INFO - 25/07/18 19:02:20 INFO SecurityManager: SecurityManager: authentication disabled; ui acls disabled; users with view permissions: root, spark; groups with view permissions: EMPTY; users with modify permissions: root, spark; groups with modify permissions: EMPTY
[2025-07-18T19:02:20.228+0000] {subprocess.py:93} INFO - 25/07/18 19:02:20 WARN NativeCodeLoader: Unable to load native-hadoop library for your platform... using builtin-java classes where applicable
[2025-07-18T19:02:20.375+0000] {subprocess.py:93} INFO - 25/07/18 19:02:20 INFO Utils: Successfully started service 'sparkDriver' on port 41799.
[2025-07-18T19:02:20.383+0000] {subprocess.py:93} INFO - 25/07/18 19:02:20 INFO SparkEnv: Registering MapOutputTracker
[2025-07-18T19:02:20.403+0000] {subprocess.py:93} INFO - 25/07/18 19:02:20 INFO SparkEnv: Registering BlockManagerMaster
[2025-07-18T19:02:20.416+0000] {subprocess.py:93} INFO - 25/07/18 19:02:20 INFO BlockManagerMasterEndpoint: Using org.apache.spark.storage.DefaultTopologyMapper for getting topology information
[2025-07-18T19:02:20.416+0000] {subprocess.py:93} INFO - 25/07/18 19:02:20 INFO BlockManagerMasterEndpoint: BlockManagerMasterEndpoint up
[2025-07-18T19:02:20.420+0000] {subprocess.py:93} INFO - 25/07/18 19:02:20 INFO SparkEnv: Registering BlockManagerMasterHeartbeat
[2025-07-18T19:02:20.432+0000] {subprocess.py:93} INFO - 25/07/18 19:02:20 INFO DiskBlockManager: Created local directory at /tmp/blockmgr-d1f37f71-0f9f-4382-bf9a-7cae07a42ca0
[2025-07-18T19:02:20.439+0000] {subprocess.py:93} INFO - 25/07/18 19:02:20 INFO MemoryStore: MemoryStore started with capacity 434.4 MiB
[2025-07-18T19:02:20.446+0000] {subprocess.py:93} INFO - 25/07/18 19:02:20 INFO SparkEnv: Registering OutputCommitCoordinator
[2025-07-18T19:02:20.508+0000] {subprocess.py:93} INFO - 25/07/18 19:02:20 INFO JettyUtils: Start Jetty 0.0.0.0:4040 for SparkUI
[2025-07-18T19:02:20.541+0000] {subprocess.py:93} INFO - 25/07/18 19:02:20 INFO Utils: Successfully started service 'SparkUI' on port 4040.
[2025-07-18T19:02:20.597+0000] {subprocess.py:93} INFO - 25/07/18 19:02:20 INFO Executor: Starting executor ID driver on host 77cb57a6bd53
[2025-07-18T19:02:20.597+0000] {subprocess.py:93} INFO - 25/07/18 19:02:20 INFO Executor: OS info Linux, 6.10.14-linuxkit, aarch64
[2025-07-18T19:02:20.597+0000] {subprocess.py:93} INFO - 25/07/18 19:02:20 INFO Executor: Java version 17.0.15
[2025-07-18T19:02:20.600+0000] {subprocess.py:93} INFO - 25/07/18 19:02:20 INFO Executor: Starting executor with user classpath (userClassPathFirst = false): ''
[2025-07-18T19:02:20.601+0000] {subprocess.py:93} INFO - 25/07/18 19:02:20 INFO Executor: Created or updated repl class loader org.apache.spark.util.MutableURLClassLoader@7d1a4765 for default.
[2025-07-18T19:02:20.611+0000] {subprocess.py:93} INFO - 25/07/18 19:02:20 INFO Utils: Successfully started service 'org.apache.spark.network.netty.NettyBlockTransferService' on port 36433.
[2025-07-18T19:02:20.611+0000] {subprocess.py:93} INFO - 25/07/18 19:02:20 INFO NettyBlockTransferService: Server created on 77cb57a6bd53:36433
[2025-07-18T19:02:20.611+0000] {subprocess.py:93} INFO - 25/07/18 19:02:20 INFO BlockManager: Using org.apache.spark.storage.RandomBlockReplicationPolicy for block replication policy
[2025-07-18T19:02:20.619+0000] {subprocess.py:93} INFO - 25/07/18 19:02:20 INFO BlockManagerMaster: Registering BlockManager BlockManagerId(driver, 77cb57a6bd53, 36433, None)
[2025-07-18T19:02:20.624+0000] {subprocess.py:93} INFO - 25/07/18 19:02:20 INFO BlockManagerMasterEndpoint: Registering block manager 77cb57a6bd53:36433 with 434.4 MiB RAM, BlockManagerId(driver, 77cb57a6bd53, 36433, None)
[2025-07-18T19:02:20.625+0000] {subprocess.py:93} INFO - 25/07/18 19:02:20 INFO BlockManagerMaster: Registered BlockManager BlockManagerId(driver, 77cb57a6bd53, 36433, None)
[2025-07-18T19:02:20.626+0000] {subprocess.py:93} INFO - 25/07/18 19:02:20 INFO BlockManager: Initialized BlockManager: BlockManagerId(driver, 77cb57a6bd53, 36433, None)
[2025-07-18T19:02:20.912+0000] {subprocess.py:93} INFO - 25/07/18 19:02:20 INFO SharedState: Setting hive.metastore.warehouse.dir ('null') to the value of spark.sql.warehouse.dir.
[2025-07-18T19:02:20.931+0000] {subprocess.py:93} INFO - 25/07/18 19:02:20 INFO SharedState: Warehouse path is 'file:/app/spark-warehouse'.
[2025-07-18T19:02:21.868+0000] {subprocess.py:93} INFO - 25/07/18 19:02:21 WARN MetricsConfig: Cannot locate configuration: tried hadoop-metrics2-s3a-file-system.properties,hadoop-metrics2.properties
[2025-07-18T19:02:21.874+0000] {subprocess.py:93} INFO - 25/07/18 19:02:21 INFO MetricsSystemImpl: Scheduled Metric snapshot period at 10 second(s).
[2025-07-18T19:02:21.875+0000] {subprocess.py:93} INFO - 25/07/18 19:02:21 INFO MetricsSystemImpl: s3a-file-system metrics system started
[2025-07-18T19:02:22.888+0000] {subprocess.py:93} INFO - 25/07/18 19:02:22 INFO BaseMetastoreCatalog: Table loaded by catalog: my_catalog.silver.scd2_branch
[2025-07-18T19:02:22.940+0000] {subprocess.py:93} INFO - 25/07/18 19:02:22 INFO BaseMetastoreCatalog: Table loaded by catalog: my_catalog.silver.table
[2025-07-18T19:02:22.993+0000] {subprocess.py:93} INFO - 25/07/18 19:02:22 INFO BaseMetastoreCatalog: Table loaded by catalog: my_catalog.silver.customers
[2025-07-18T19:02:23.093+0000] {subprocess.py:93} INFO - 25/07/18 19:02:23 INFO BaseMetastoreCatalog: Table loaded by catalog: my_catalog.silver.reservations_cleaned
[2025-07-18T19:02:23.128+0000] {subprocess.py:93} INFO - 25/07/18 19:02:23 INFO BaseMetastoreCatalog: Table loaded by catalog: my_catalog.silver.checkins_cleaned
[2025-07-18T19:02:23.158+0000] {subprocess.py:93} INFO - 25/07/18 19:02:23 INFO BaseMetastoreCatalog: Table loaded by catalog: my_catalog.silver.feedback_cleaned
[2025-07-18T19:02:23.878+0000] {subprocess.py:93} INFO - Traceback (most recent call last):
[2025-07-18T19:02:23.879+0000] {subprocess.py:93} INFO -   File "/home/iceberg/spark/silver_to_gold.py", line 188, in <module>
[2025-07-18T19:02:23.879+0000] {subprocess.py:93} INFO -     fact_reservations_df.write.format("iceberg").mode("append").save("my_catalog.gold.fact_reservations")
[2025-07-18T19:02:23.879+0000] {subprocess.py:93} INFO -   File "/opt/bitnami/spark/python/lib/pyspark.zip/pyspark/sql/readwriter.py", line 1463, in save
[2025-07-18T19:02:23.879+0000] {subprocess.py:93} INFO -   File "/opt/bitnami/spark/python/lib/py4j-0.10.9.7-src.zip/py4j/java_gateway.py", line 1322, in __call__
[2025-07-18T19:02:23.880+0000] {subprocess.py:93} INFO -   File "/opt/bitnami/spark/python/lib/pyspark.zip/pyspark/errors/exceptions/captured.py", line 185, in deco
[2025-07-18T19:02:23.886+0000] {subprocess.py:93} INFO - pyspark.errors.exceptions.captured.AnalysisException: [TABLE_OR_VIEW_NOT_FOUND] The table or view gold.fact_reservations cannot be found. Verify the spelling and correctness of the schema and catalog.
[2025-07-18T19:02:23.886+0000] {subprocess.py:93} INFO - If you did not qualify the name with a schema, verify the current_schema() output, or qualify the name with the correct schema and catalog.
[2025-07-18T19:02:23.887+0000] {subprocess.py:93} INFO - To tolerate the error on drop use DROP VIEW IF EXISTS or DROP TABLE IF EXISTS.
[2025-07-18T19:02:23.914+0000] {subprocess.py:93} INFO - 25/07/18 19:02:23 INFO SparkContext: Invoking stop() from shutdown hook
[2025-07-18T19:02:23.914+0000] {subprocess.py:93} INFO - 25/07/18 19:02:23 INFO SparkContext: SparkContext is stopping with exitCode 0.
[2025-07-18T19:02:23.921+0000] {subprocess.py:93} INFO - 25/07/18 19:02:23 INFO SparkUI: Stopped Spark web UI at http://77cb57a6bd53:4040
[2025-07-18T19:02:23.929+0000] {subprocess.py:93} INFO - 25/07/18 19:02:23 INFO MapOutputTrackerMasterEndpoint: MapOutputTrackerMasterEndpoint stopped!
[2025-07-18T19:02:23.941+0000] {subprocess.py:93} INFO - 25/07/18 19:02:23 INFO MemoryStore: MemoryStore cleared
[2025-07-18T19:02:23.941+0000] {subprocess.py:93} INFO - 25/07/18 19:02:23 INFO BlockManager: BlockManager stopped
[2025-07-18T19:02:23.952+0000] {subprocess.py:93} INFO - 25/07/18 19:02:23 INFO BlockManagerMaster: BlockManagerMaster stopped
[2025-07-18T19:02:23.958+0000] {subprocess.py:93} INFO - 25/07/18 19:02:23 INFO OutputCommitCoordinator$OutputCommitCoordinatorEndpoint: OutputCommitCoordinator stopped!
[2025-07-18T19:02:23.969+0000] {subprocess.py:93} INFO - 25/07/18 19:02:23 INFO SparkContext: Successfully stopped SparkContext
[2025-07-18T19:02:23.970+0000] {subprocess.py:93} INFO - 25/07/18 19:02:23 INFO ShutdownHookManager: Shutdown hook called
[2025-07-18T19:02:23.970+0000] {subprocess.py:93} INFO - 25/07/18 19:02:23 INFO ShutdownHookManager: Deleting directory /tmp/spark-b1cedd50-b608-407f-9192-b867962c0553
[2025-07-18T19:02:23.973+0000] {subprocess.py:93} INFO - 25/07/18 19:02:23 INFO ShutdownHookManager: Deleting directory /tmp/spark-eba27d79-c596-4a33-80b0-1839531ef740
[2025-07-18T19:02:23.979+0000] {subprocess.py:93} INFO - 25/07/18 19:02:23 INFO ShutdownHookManager: Deleting directory /tmp/spark-b1cedd50-b608-407f-9192-b867962c0553/pyspark-2b143230-0d4a-4ed2-8acc-c9896657f0a1
[2025-07-18T19:02:23.984+0000] {subprocess.py:93} INFO - 25/07/18 19:02:23 INFO MetricsSystemImpl: Stopping s3a-file-system metrics system...
[2025-07-18T19:02:23.985+0000] {subprocess.py:93} INFO - 25/07/18 19:02:23 INFO MetricsSystemImpl: s3a-file-system metrics system stopped.
[2025-07-18T19:02:23.985+0000] {subprocess.py:93} INFO - 25/07/18 19:02:23 INFO MetricsSystemImpl: s3a-file-system metrics system shutdown complete.
[2025-07-18T19:02:24.018+0000] {subprocess.py:97} INFO - Command exited with return code 1
[2025-07-18T19:02:24.028+0000] {taskinstance.py:1937} ERROR - Task failed with exception
Traceback (most recent call last):
  File "/home/airflow/.local/lib/python3.8/site-packages/airflow/operators/bash.py", line 210, in execute
    raise AirflowException(
airflow.exceptions.AirflowException: Bash command failed. The command returned a non-zero exit code 1.
[2025-07-18T19:02:24.031+0000] {taskinstance.py:1400} INFO - Marking task as FAILED. dag_id=restaurant_pipeline, task_id=silver_to_gold, execution_date=20250718T185800, start_date=20250718T190218, end_date=20250718T190224
[2025-07-18T19:02:24.040+0000] {standard_task_runner.py:104} ERROR - Failed to execute job 453 for task silver_to_gold (Bash command failed. The command returned a non-zero exit code 1.; 4218)
[2025-07-18T19:02:24.055+0000] {local_task_job_runner.py:228} INFO - Task exited with return code 1
[2025-07-18T19:02:24.084+0000] {taskinstance.py:2778} INFO - 0 downstream tasks scheduled from follow-on schedule check
