[2025-07-18T18:18:15.652+0000] {taskinstance.py:1159} INFO - Dependencies all met for dep_context=non-requeueable deps ti=<TaskInstance: restaurant_pipeline.send_to_kafka scheduled__2025-07-18T18:16:00+00:00 [queued]>
[2025-07-18T18:18:15.657+0000] {taskinstance.py:1159} INFO - Dependencies all met for dep_context=requeueable deps ti=<TaskInstance: restaurant_pipeline.send_to_kafka scheduled__2025-07-18T18:16:00+00:00 [queued]>
[2025-07-18T18:18:15.658+0000] {taskinstance.py:1361} INFO - Starting attempt 1 of 1
[2025-07-18T18:18:15.665+0000] {taskinstance.py:1382} INFO - Executing <Task(BashOperator): send_to_kafka> on 2025-07-18 18:16:00+00:00
[2025-07-18T18:18:15.667+0000] {standard_task_runner.py:57} INFO - Started process 3089 to run task
[2025-07-18T18:18:15.670+0000] {standard_task_runner.py:84} INFO - Running: ['***', 'tasks', 'run', 'restaurant_pipeline', 'send_to_kafka', 'scheduled__2025-07-18T18:16:00+00:00', '--job-id', '349', '--raw', '--subdir', 'DAGS_FOLDER/restaurant_pipeline.py', '--cfg-path', '/tmp/tmphmq4k62n']
[2025-07-18T18:18:15.672+0000] {standard_task_runner.py:85} INFO - Job 349: Subtask send_to_kafka
[2025-07-18T18:18:15.703+0000] {task_command.py:416} INFO - Running <TaskInstance: restaurant_pipeline.send_to_kafka scheduled__2025-07-18T18:16:00+00:00 [running]> on host 9bcfb43e0ab7
[2025-07-18T18:18:15.752+0000] {taskinstance.py:1662} INFO - Exporting env vars: AIRFLOW_CTX_DAG_OWNER='moran' AIRFLOW_CTX_DAG_ID='restaurant_pipeline' AIRFLOW_CTX_TASK_ID='send_to_kafka' AIRFLOW_CTX_EXECUTION_DATE='2025-07-18T18:16:00+00:00' AIRFLOW_CTX_TRY_NUMBER='1' AIRFLOW_CTX_DAG_RUN_ID='scheduled__2025-07-18T18:16:00+00:00'
[2025-07-18T18:18:15.753+0000] {subprocess.py:63} INFO - Tmp dir root location: /tmp
[2025-07-18T18:18:15.754+0000] {subprocess.py:75} INFO - Running command: ['/bin/bash', '-c', 'python /opt/streaming/producer.py']
[2025-07-18T18:18:15.759+0000] {subprocess.py:86} INFO - Output:
[2025-07-18T18:18:18.031+0000] {subprocess.py:93} INFO - [✓] Sent to reservations: {'reservation_id': 8967, 'branch_id': 101, 'customer_name': 'Michael Mitchell', 'phone_number': '7014335882', 'reservation_date': '2025-07-18', 'reservation_time': '20:03', 'guests_count': 2, 'is_confirmed': False}
[2025-07-18T18:18:18.033+0000] {subprocess.py:93} INFO - [✓] Sent to reservations: {'reservation_id': 9766, 'branch_id': 101, 'customer_name': 'Andrew Villanueva', 'phone_number': '366-522-9952', 'reservation_date': '2025-07-18', 'reservation_time': '19:23', 'guests_count': 7, 'is_confirmed': False}
[2025-07-18T18:18:18.033+0000] {subprocess.py:93} INFO - [✓] Sent to reservations: {'reservation_id': 7301, 'branch_id': 101, 'customer_name': 'Dustin Brewer', 'phone_number': '3814730114', 'reservation_date': '2025-07-18', 'reservation_time': '19:50', 'guests_count': 4, 'is_confirmed': False}
[2025-07-18T18:18:18.034+0000] {subprocess.py:93} INFO - [✓] Sent to checkins: {'checkin_id': 8788, 'customer_name': 'James Turner', 'phone_number': '+1-450-257-3565x07717', 'branch_id': 101, 'table_id': 206, 'is_prebooked': False, 'checkin_date': '2025-07-18', 'checkin_time': '17:14', 'guests_count': 5, 'shift_manager': 'Mark Hall'}
[2025-07-18T18:18:18.034+0000] {subprocess.py:93} INFO - [✓] Sent to checkins: {'checkin_id': 6303, 'customer_name': 'Samantha Russell', 'phone_number': '(779)935-5782', 'branch_id': 101, 'table_id': 204, 'is_prebooked': True, 'checkin_date': '2025-07-18', 'checkin_time': '18:09', 'guests_count': 3, 'shift_manager': 'Carol Clark'}
[2025-07-18T18:18:18.035+0000] {subprocess.py:93} INFO - [✓] Sent to checkins: {'checkin_id': 5581, 'customer_name': 'Kathryn Wright', 'phone_number': '+1-500-702-0753', 'branch_id': 102, 'table_id': 204, 'is_prebooked': True, 'checkin_date': '2025-07-18', 'checkin_time': '17:58', 'guests_count': 1, 'shift_manager': 'Jordan Conner'}
[2025-07-18T18:18:18.035+0000] {subprocess.py:93} INFO - [✓] Sent to feedback: {'feedback_id': 8544, 'branch_id': 102, 'customer_name': 'Lisa Garrett', 'phone_number': '973.575.4377', 'feedback_text': 'Practice far system information industry myself.', 'rating': 1, 'dining_date': '2025-07-18', 'dining_time': '18:04', 'submission_time': '2025-07-18T18:18:15'}
[2025-07-18T18:18:18.037+0000] {subprocess.py:93} INFO - [✓] Sent to feedback: {'feedback_id': 8338, 'branch_id': 102, 'customer_name': 'Brian Armstrong', 'phone_number': '001-651-564-8156x83204', 'feedback_text': 'Politics voice hair Mrs how.', 'rating': 5, 'dining_date': '2025-07-18', 'dining_time': '16:42', 'submission_time': '2025-07-18T18:18:15'}
[2025-07-18T18:18:18.037+0000] {subprocess.py:93} INFO - [✓] Sent to feedback: {'feedback_id': 5459, 'branch_id': 102, 'customer_name': 'Robert Lawrence', 'phone_number': '(726)503-5524x278', 'feedback_text': 'Feel hard TV bill mind chance check.', 'rating': 3, 'dining_date': '2025-07-18', 'dining_time': '16:29', 'submission_time': '2025-07-18T18:18:15'}
[2025-07-18T18:18:18.038+0000] {subprocess.py:93} INFO - ✅ All messages sent.
[2025-07-18T18:18:18.083+0000] {subprocess.py:97} INFO - Command exited with return code 0
[2025-07-18T18:18:18.103+0000] {taskinstance.py:1400} INFO - Marking task as SUCCESS. dag_id=restaurant_pipeline, task_id=send_to_kafka, execution_date=20250718T181600, start_date=20250718T181815, end_date=20250718T181818
[2025-07-18T18:18:18.123+0000] {local_task_job_runner.py:228} INFO - Task exited with return code 0
[2025-07-18T18:18:18.148+0000] {taskinstance.py:2778} INFO - 1 downstream tasks scheduled from follow-on schedule check
