[2025-07-19T18:12:00.239+0000] {taskinstance.py:1159} INFO - Dependencies all met for dep_context=non-requeueable deps ti=<TaskInstance: restaurant_pipeline.send_to_kafka manual__2025-07-19T18:11:58.834958+00:00 [queued]>
[2025-07-19T18:12:00.242+0000] {taskinstance.py:1159} INFO - Dependencies all met for dep_context=requeueable deps ti=<TaskInstance: restaurant_pipeline.send_to_kafka manual__2025-07-19T18:11:58.834958+00:00 [queued]>
[2025-07-19T18:12:00.242+0000] {taskinstance.py:1361} INFO - Starting attempt 1 of 1
[2025-07-19T18:12:00.248+0000] {taskinstance.py:1382} INFO - Executing <Task(BashOperator): send_to_kafka> on 2025-07-19 18:11:58.834958+00:00
[2025-07-19T18:12:00.250+0000] {standard_task_runner.py:57} INFO - Started process 483 to run task
[2025-07-19T18:12:00.251+0000] {standard_task_runner.py:84} INFO - Running: ['***', 'tasks', 'run', 'restaurant_pipeline', 'send_to_kafka', 'manual__2025-07-19T18:11:58.834958+00:00', '--job-id', '947', '--raw', '--subdir', 'DAGS_FOLDER/restaurant_pipeline.py', '--cfg-path', '/tmp/tmpbulw8ng_']
[2025-07-19T18:12:00.252+0000] {standard_task_runner.py:85} INFO - Job 947: Subtask send_to_kafka
[2025-07-19T18:12:00.272+0000] {task_command.py:416} INFO - Running <TaskInstance: restaurant_pipeline.send_to_kafka manual__2025-07-19T18:11:58.834958+00:00 [running]> on host e3f5d8fc4eef
[2025-07-19T18:12:00.306+0000] {taskinstance.py:1662} INFO - Exporting env vars: AIRFLOW_CTX_DAG_OWNER='moran' AIRFLOW_CTX_DAG_ID='restaurant_pipeline' AIRFLOW_CTX_TASK_ID='send_to_kafka' AIRFLOW_CTX_EXECUTION_DATE='2025-07-19T18:11:58.834958+00:00' AIRFLOW_CTX_TRY_NUMBER='1' AIRFLOW_CTX_DAG_RUN_ID='manual__2025-07-19T18:11:58.834958+00:00'
[2025-07-19T18:12:00.307+0000] {subprocess.py:63} INFO - Tmp dir root location: /tmp
[2025-07-19T18:12:00.307+0000] {subprocess.py:75} INFO - Running command: ['/bin/bash', '-c', 'python /opt/streaming/producer.py']
[2025-07-19T18:12:00.311+0000] {subprocess.py:86} INFO - Output:
[2025-07-19T18:12:02.528+0000] {subprocess.py:93} INFO - [✓] Sent to reservations: {'reservation_id': 2518, 'branch_id': 101, 'customer_name': 'Matthew Johnson', 'phone_number': '397-544-6204x764', 'reservation_date': '2025-07-19', 'reservation_time': '18:41', 'guests_count': 6, 'is_confirmed': False}
[2025-07-19T18:12:02.534+0000] {subprocess.py:93} INFO - [✓] Sent to reservations: {'reservation_id': 7583, 'branch_id': 101, 'customer_name': 'Stephen Jackson', 'phone_number': '+1-507-316-3957', 'reservation_date': '2025-07-19', 'reservation_time': '18:34', 'guests_count': 4, 'is_confirmed': False}
[2025-07-19T18:12:02.536+0000] {subprocess.py:93} INFO - [✓] Sent to reservations: {'reservation_id': 6319, 'branch_id': 101, 'customer_name': 'Jennifer West', 'phone_number': '+1-836-537-9815x0103', 'reservation_date': '2025-07-19', 'reservation_time': '18:28', 'guests_count': 6, 'is_confirmed': True}
[2025-07-19T18:12:02.536+0000] {subprocess.py:93} INFO - [✓] Sent to checkins: {'checkin_id': 4748, 'customer_name': 'Katherine Herrera', 'phone_number': '978-306-7311', 'branch_id': 101, 'table_id': 203, 'is_prebooked': True, 'checkin_date': '2025-07-19', 'checkin_time': '17:56', 'guests_count': 1, 'shift_manager': 'Anthony Ball'}
[2025-07-19T18:12:02.537+0000] {subprocess.py:93} INFO - [✓] Sent to checkins: {'checkin_id': 9829, 'customer_name': 'William Blankenship', 'phone_number': '977.554.0693x47011', 'branch_id': 102, 'table_id': 208, 'is_prebooked': True, 'checkin_date': '2025-07-19', 'checkin_time': '16:40', 'guests_count': 5, 'shift_manager': 'Wayne Hernandez'}
[2025-07-19T18:12:02.537+0000] {subprocess.py:93} INFO - [✓] Sent to checkins: {'checkin_id': 4980, 'customer_name': 'Emily Holt', 'phone_number': '728-361-3513x6401', 'branch_id': 101, 'table_id': 201, 'is_prebooked': True, 'checkin_date': '2025-07-19', 'checkin_time': '18:10', 'guests_count': 2, 'shift_manager': 'Kimberly Wong'}
[2025-07-19T18:12:02.537+0000] {subprocess.py:93} INFO - [✓] Sent to feedback: {'feedback_id': 2545, 'branch_id': 101, 'customer_name': 'Jennifer Shepard', 'phone_number': '(747)300-1797x060', 'feedback_text': 'Human most book according sometimes.', 'rating': 5, 'dining_date': '2025-07-19', 'dining_time': '18:08', 'submission_time': '2025-07-19T18:11:59'}
[2025-07-19T18:12:02.538+0000] {subprocess.py:93} INFO - [✓] Sent to feedback: {'feedback_id': 5270, 'branch_id': 101, 'customer_name': 'Jeffrey Gonzalez', 'phone_number': '225.653.2625x0537', 'feedback_text': 'Prepare door style.', 'rating': 4, 'dining_date': '2025-07-19', 'dining_time': '17:37', 'submission_time': '2025-07-19T18:11:59'}
[2025-07-19T18:12:02.540+0000] {subprocess.py:93} INFO - [✓] Sent to feedback: {'feedback_id': 3861, 'branch_id': 102, 'customer_name': 'Cody Garcia', 'phone_number': '+1-293-947-8706x32421', 'feedback_text': 'Responsibility feeling country policy.', 'rating': 2, 'dining_date': '2025-07-19', 'dining_time': '17:44', 'submission_time': '2025-07-19T18:11:59'}
[2025-07-19T18:12:02.541+0000] {subprocess.py:93} INFO - ✅ All messages sent.
[2025-07-19T18:12:02.577+0000] {subprocess.py:97} INFO - Command exited with return code 0
[2025-07-19T18:12:02.594+0000] {taskinstance.py:1400} INFO - Marking task as SUCCESS. dag_id=restaurant_pipeline, task_id=send_to_kafka, execution_date=20250719T181158, start_date=20250719T181200, end_date=20250719T181202
[2025-07-19T18:12:02.638+0000] {local_task_job_runner.py:228} INFO - Task exited with return code 0
[2025-07-19T18:12:02.665+0000] {taskinstance.py:2778} INFO - 1 downstream tasks scheduled from follow-on schedule check
