[2025-07-18T18:24:43.914+0000] {taskinstance.py:1159} INFO - Dependencies all met for dep_context=non-requeueable deps ti=<TaskInstance: restaurant_pipeline.bronze_to_silver manual__2025-07-18T18:23:33.261115+00:00 [queued]>
[2025-07-18T18:24:43.920+0000] {taskinstance.py:1159} INFO - Dependencies all met for dep_context=requeueable deps ti=<TaskInstance: restaurant_pipeline.bronze_to_silver manual__2025-07-18T18:23:33.261115+00:00 [queued]>
[2025-07-18T18:24:43.921+0000] {taskinstance.py:1361} INFO - Starting attempt 1 of 1
[2025-07-18T18:24:43.929+0000] {taskinstance.py:1382} INFO - Executing <Task(BashOperator): bronze_to_silver> on 2025-07-18 18:23:33.261115+00:00
[2025-07-18T18:24:43.931+0000] {standard_task_runner.py:57} INFO - Started process 3246 to run task
[2025-07-18T18:24:43.936+0000] {standard_task_runner.py:84} INFO - Running: ['***', 'tasks', 'run', 'restaurant_pipeline', 'bronze_to_silver', 'manual__2025-07-18T18:23:33.261115+00:00', '--job-id', '363', '--raw', '--subdir', 'DAGS_FOLDER/restaurant_pipeline.py', '--cfg-path', '/tmp/tmpbgdzkb5y']
[2025-07-18T18:24:43.938+0000] {standard_task_runner.py:85} INFO - Job 363: Subtask bronze_to_silver
[2025-07-18T18:24:43.975+0000] {task_command.py:416} INFO - Running <TaskInstance: restaurant_pipeline.bronze_to_silver manual__2025-07-18T18:23:33.261115+00:00 [running]> on host 9bcfb43e0ab7
[2025-07-18T18:24:44.029+0000] {taskinstance.py:1662} INFO - Exporting env vars: AIRFLOW_CTX_DAG_OWNER='moran' AIRFLOW_CTX_DAG_ID='restaurant_pipeline' AIRFLOW_CTX_TASK_ID='bronze_to_silver' AIRFLOW_CTX_EXECUTION_DATE='2025-07-18T18:23:33.261115+00:00' AIRFLOW_CTX_TRY_NUMBER='1' AIRFLOW_CTX_DAG_RUN_ID='manual__2025-07-18T18:23:33.261115+00:00'
[2025-07-18T18:24:44.029+0000] {subprocess.py:63} INFO - Tmp dir root location: /tmp
[2025-07-18T18:24:44.031+0000] {subprocess.py:75} INFO - Running command: ['/bin/bash', '-c', 'docker exec spark-iceberg spark-submit /home/iceberg/spark/bronze_to_silver.py']
[2025-07-18T18:24:44.036+0000] {subprocess.py:86} INFO - Output:
[2025-07-18T18:24:45.652+0000] {subprocess.py:93} INFO - 25/07/18 18:24:45 INFO SparkContext: Running Spark version 3.5.6
[2025-07-18T18:24:45.654+0000] {subprocess.py:93} INFO - 25/07/18 18:24:45 INFO SparkContext: OS info Linux, 6.10.14-linuxkit, aarch64
[2025-07-18T18:24:45.655+0000] {subprocess.py:93} INFO - 25/07/18 18:24:45 INFO SparkContext: Java version 17.0.15
[2025-07-18T18:24:45.670+0000] {subprocess.py:93} INFO - 25/07/18 18:24:45 INFO ResourceUtils: ==============================================================
[2025-07-18T18:24:45.670+0000] {subprocess.py:93} INFO - 25/07/18 18:24:45 INFO ResourceUtils: No custom resources configured for spark.driver.
[2025-07-18T18:24:45.670+0000] {subprocess.py:93} INFO - 25/07/18 18:24:45 INFO ResourceUtils: ==============================================================
[2025-07-18T18:24:45.670+0000] {subprocess.py:93} INFO - 25/07/18 18:24:45 INFO SparkContext: Submitted application: BronzeToSilver
[2025-07-18T18:24:45.680+0000] {subprocess.py:93} INFO - 25/07/18 18:24:45 INFO ResourceProfile: Default ResourceProfile created, executor resources: Map(cores -> name: cores, amount: 1, script: , vendor: , memory -> name: memory, amount: 1024, script: , vendor: , offHeap -> name: offHeap, amount: 0, script: , vendor: ), task resources: Map(cpus -> name: cpus, amount: 1.0)
[2025-07-18T18:24:45.685+0000] {subprocess.py:93} INFO - 25/07/18 18:24:45 INFO ResourceProfile: Limiting resource is cpu
[2025-07-18T18:24:45.685+0000] {subprocess.py:93} INFO - 25/07/18 18:24:45 INFO ResourceProfileManager: Added ResourceProfile id: 0
[2025-07-18T18:24:45.713+0000] {subprocess.py:93} INFO - 25/07/18 18:24:45 INFO SecurityManager: Changing view acls to: root,spark
[2025-07-18T18:24:45.713+0000] {subprocess.py:93} INFO - 25/07/18 18:24:45 INFO SecurityManager: Changing modify acls to: root,spark
[2025-07-18T18:24:45.713+0000] {subprocess.py:93} INFO - 25/07/18 18:24:45 INFO SecurityManager: Changing view acls groups to:
[2025-07-18T18:24:45.713+0000] {subprocess.py:93} INFO - 25/07/18 18:24:45 INFO SecurityManager: Changing modify acls groups to:
[2025-07-18T18:24:45.714+0000] {subprocess.py:93} INFO - 25/07/18 18:24:45 INFO SecurityManager: SecurityManager: authentication disabled; ui acls disabled; users with view permissions: root, spark; groups with view permissions: EMPTY; users with modify permissions: root, spark; groups with modify permissions: EMPTY
[2025-07-18T18:24:45.747+0000] {subprocess.py:93} INFO - 25/07/18 18:24:45 WARN NativeCodeLoader: Unable to load native-hadoop library for your platform... using builtin-java classes where applicable
[2025-07-18T18:24:45.872+0000] {subprocess.py:93} INFO - 25/07/18 18:24:45 INFO Utils: Successfully started service 'sparkDriver' on port 44689.
[2025-07-18T18:24:45.887+0000] {subprocess.py:93} INFO - 25/07/18 18:24:45 INFO SparkEnv: Registering MapOutputTracker
[2025-07-18T18:24:45.906+0000] {subprocess.py:93} INFO - 25/07/18 18:24:45 INFO SparkEnv: Registering BlockManagerMaster
[2025-07-18T18:24:45.918+0000] {subprocess.py:93} INFO - 25/07/18 18:24:45 INFO BlockManagerMasterEndpoint: Using org.apache.spark.storage.DefaultTopologyMapper for getting topology information
[2025-07-18T18:24:45.921+0000] {subprocess.py:93} INFO - 25/07/18 18:24:45 INFO BlockManagerMasterEndpoint: BlockManagerMasterEndpoint up
[2025-07-18T18:24:45.922+0000] {subprocess.py:93} INFO - 25/07/18 18:24:45 INFO SparkEnv: Registering BlockManagerMasterHeartbeat
[2025-07-18T18:24:45.933+0000] {subprocess.py:93} INFO - 25/07/18 18:24:45 INFO DiskBlockManager: Created local directory at /tmp/blockmgr-a0bf9582-24fb-45ba-8e8f-452e69e137f0
[2025-07-18T18:24:45.939+0000] {subprocess.py:93} INFO - 25/07/18 18:24:45 INFO MemoryStore: MemoryStore started with capacity 434.4 MiB
[2025-07-18T18:24:45.946+0000] {subprocess.py:93} INFO - 25/07/18 18:24:45 INFO SparkEnv: Registering OutputCommitCoordinator
[2025-07-18T18:24:46.001+0000] {subprocess.py:93} INFO - 25/07/18 18:24:46 INFO JettyUtils: Start Jetty 0.0.0.0:4040 for SparkUI
[2025-07-18T18:24:46.034+0000] {subprocess.py:93} INFO - 25/07/18 18:24:46 INFO Utils: Successfully started service 'SparkUI' on port 4040.
[2025-07-18T18:24:46.089+0000] {subprocess.py:93} INFO - 25/07/18 18:24:46 INFO Executor: Starting executor ID driver on host 77cb57a6bd53
[2025-07-18T18:24:46.089+0000] {subprocess.py:93} INFO - 25/07/18 18:24:46 INFO Executor: OS info Linux, 6.10.14-linuxkit, aarch64
[2025-07-18T18:24:46.089+0000] {subprocess.py:93} INFO - 25/07/18 18:24:46 INFO Executor: Java version 17.0.15
[2025-07-18T18:24:46.093+0000] {subprocess.py:93} INFO - 25/07/18 18:24:46 INFO Executor: Starting executor with user classpath (userClassPathFirst = false): ''
[2025-07-18T18:24:46.093+0000] {subprocess.py:93} INFO - 25/07/18 18:24:46 INFO Executor: Created or updated repl class loader org.apache.spark.util.MutableURLClassLoader@66a92f6f for default.
[2025-07-18T18:24:46.104+0000] {subprocess.py:93} INFO - 25/07/18 18:24:46 INFO Utils: Successfully started service 'org.apache.spark.network.netty.NettyBlockTransferService' on port 37833.
[2025-07-18T18:24:46.104+0000] {subprocess.py:93} INFO - 25/07/18 18:24:46 INFO NettyBlockTransferService: Server created on 77cb57a6bd53:37833
[2025-07-18T18:24:46.104+0000] {subprocess.py:93} INFO - 25/07/18 18:24:46 INFO BlockManager: Using org.apache.spark.storage.RandomBlockReplicationPolicy for block replication policy
[2025-07-18T18:24:46.112+0000] {subprocess.py:93} INFO - 25/07/18 18:24:46 INFO BlockManagerMaster: Registering BlockManager BlockManagerId(driver, 77cb57a6bd53, 37833, None)
[2025-07-18T18:24:46.116+0000] {subprocess.py:93} INFO - 25/07/18 18:24:46 INFO BlockManagerMasterEndpoint: Registering block manager 77cb57a6bd53:37833 with 434.4 MiB RAM, BlockManagerId(driver, 77cb57a6bd53, 37833, None)
[2025-07-18T18:24:46.117+0000] {subprocess.py:93} INFO - 25/07/18 18:24:46 INFO BlockManagerMaster: Registered BlockManager BlockManagerId(driver, 77cb57a6bd53, 37833, None)
[2025-07-18T18:24:46.120+0000] {subprocess.py:93} INFO - 25/07/18 18:24:46 INFO BlockManager: Initialized BlockManager: BlockManagerId(driver, 77cb57a6bd53, 37833, None)
[2025-07-18T18:24:46.363+0000] {subprocess.py:93} INFO - 25/07/18 18:24:46 INFO SharedState: Setting hive.metastore.warehouse.dir ('null') to the value of spark.sql.warehouse.dir.
[2025-07-18T18:24:46.370+0000] {subprocess.py:93} INFO - 25/07/18 18:24:46 INFO SharedState: Warehouse path is 'file:/app/spark-warehouse'.
[2025-07-18T18:24:46.958+0000] {subprocess.py:93} INFO - 25/07/18 18:24:46 WARN MetricsConfig: Cannot locate configuration: tried hadoop-metrics2-s3a-file-system.properties,hadoop-metrics2.properties
[2025-07-18T18:24:46.965+0000] {subprocess.py:93} INFO - 25/07/18 18:24:46 INFO MetricsSystemImpl: Scheduled Metric snapshot period at 10 second(s).
[2025-07-18T18:24:46.965+0000] {subprocess.py:93} INFO - 25/07/18 18:24:46 INFO MetricsSystemImpl: s3a-file-system metrics system started
[2025-07-18T18:24:47.619+0000] {subprocess.py:93} INFO - 25/07/18 18:24:47 INFO BaseMetastoreCatalog: Table loaded by catalog: my_catalog.bronze.Reservations_raw
[2025-07-18T18:24:47.967+0000] {subprocess.py:93} INFO - 25/07/18 18:24:47 INFO BaseMetastoreCatalog: Table loaded by catalog: my_catalog.bronze.Checkins_raw
[2025-07-18T18:24:48.062+0000] {subprocess.py:93} INFO - 25/07/18 18:24:48 INFO BaseMetastoreCatalog: Table loaded by catalog: my_catalog.bronze.Feedback_raw
[2025-07-18T18:24:48.585+0000] {subprocess.py:93} INFO - Traceback (most recent call last):
[2025-07-18T18:24:48.586+0000] {subprocess.py:93} INFO -   File "/home/iceberg/spark/bronze_to_silver.py", line 45, in <module>
[2025-07-18T18:24:48.586+0000] {subprocess.py:93} INFO -     customers_df.write.format("iceberg").mode("overwrite").save(customers_table)
[2025-07-18T18:24:48.586+0000] {subprocess.py:93} INFO -   File "/opt/bitnami/spark/python/lib/pyspark.zip/pyspark/sql/readwriter.py", line 1463, in save
[2025-07-18T18:24:48.586+0000] {subprocess.py:93} INFO -   File "/opt/bitnami/spark/python/lib/py4j-0.10.9.7-src.zip/py4j/java_gateway.py", line 1322, in __call__
[2025-07-18T18:24:48.587+0000] {subprocess.py:93} INFO -   File "/opt/bitnami/spark/python/lib/pyspark.zip/pyspark/errors/exceptions/captured.py", line 185, in deco
[2025-07-18T18:24:48.593+0000] {subprocess.py:93} INFO - pyspark.errors.exceptions.captured.AnalysisException: [TABLE_OR_VIEW_NOT_FOUND] The table or view silver.customers cannot be found. Verify the spelling and correctness of the schema and catalog.
[2025-07-18T18:24:48.593+0000] {subprocess.py:93} INFO - If you did not qualify the name with a schema, verify the current_schema() output, or qualify the name with the correct schema and catalog.
[2025-07-18T18:24:48.594+0000] {subprocess.py:93} INFO - To tolerate the error on drop use DROP VIEW IF EXISTS or DROP TABLE IF EXISTS.
[2025-07-18T18:24:48.608+0000] {subprocess.py:93} INFO - 25/07/18 18:24:48 INFO SparkContext: Invoking stop() from shutdown hook
[2025-07-18T18:24:48.608+0000] {subprocess.py:93} INFO - 25/07/18 18:24:48 INFO SparkContext: SparkContext is stopping with exitCode 0.
[2025-07-18T18:24:48.614+0000] {subprocess.py:93} INFO - 25/07/18 18:24:48 INFO SparkUI: Stopped Spark web UI at http://77cb57a6bd53:4040
[2025-07-18T18:24:48.621+0000] {subprocess.py:93} INFO - 25/07/18 18:24:48 INFO MapOutputTrackerMasterEndpoint: MapOutputTrackerMasterEndpoint stopped!
[2025-07-18T18:24:48.628+0000] {subprocess.py:93} INFO - 25/07/18 18:24:48 INFO MemoryStore: MemoryStore cleared
[2025-07-18T18:24:48.629+0000] {subprocess.py:93} INFO - 25/07/18 18:24:48 INFO BlockManager: BlockManager stopped
[2025-07-18T18:24:48.632+0000] {subprocess.py:93} INFO - 25/07/18 18:24:48 INFO BlockManagerMaster: BlockManagerMaster stopped
[2025-07-18T18:24:48.633+0000] {subprocess.py:93} INFO - 25/07/18 18:24:48 INFO OutputCommitCoordinator$OutputCommitCoordinatorEndpoint: OutputCommitCoordinator stopped!
[2025-07-18T18:24:48.637+0000] {subprocess.py:93} INFO - 25/07/18 18:24:48 INFO SparkContext: Successfully stopped SparkContext
[2025-07-18T18:24:48.637+0000] {subprocess.py:93} INFO - 25/07/18 18:24:48 INFO ShutdownHookManager: Shutdown hook called
[2025-07-18T18:24:48.638+0000] {subprocess.py:93} INFO - 25/07/18 18:24:48 INFO ShutdownHookManager: Deleting directory /tmp/spark-c621b2c2-4ed3-493d-844e-1f8adcab8acc
[2025-07-18T18:24:48.639+0000] {subprocess.py:93} INFO - 25/07/18 18:24:48 INFO ShutdownHookManager: Deleting directory /tmp/spark-7560c880-4578-4034-857e-58206d2303fb/pyspark-d5b8b47d-d250-497b-b868-81448df3ea50
[2025-07-18T18:24:48.640+0000] {subprocess.py:93} INFO - 25/07/18 18:24:48 INFO ShutdownHookManager: Deleting directory /tmp/spark-7560c880-4578-4034-857e-58206d2303fb
[2025-07-18T18:24:48.643+0000] {subprocess.py:93} INFO - 25/07/18 18:24:48 INFO MetricsSystemImpl: Stopping s3a-file-system metrics system...
[2025-07-18T18:24:48.643+0000] {subprocess.py:93} INFO - 25/07/18 18:24:48 INFO MetricsSystemImpl: s3a-file-system metrics system stopped.
[2025-07-18T18:24:48.643+0000] {subprocess.py:93} INFO - 25/07/18 18:24:48 INFO MetricsSystemImpl: s3a-file-system metrics system shutdown complete.
[2025-07-18T18:24:48.684+0000] {subprocess.py:97} INFO - Command exited with return code 1
[2025-07-18T18:24:48.691+0000] {taskinstance.py:1937} ERROR - Task failed with exception
Traceback (most recent call last):
  File "/home/airflow/.local/lib/python3.8/site-packages/airflow/operators/bash.py", line 210, in execute
    raise AirflowException(
airflow.exceptions.AirflowException: Bash command failed. The command returned a non-zero exit code 1.
[2025-07-18T18:24:48.693+0000] {taskinstance.py:1400} INFO - Marking task as FAILED. dag_id=restaurant_pipeline, task_id=bronze_to_silver, execution_date=20250718T182333, start_date=20250718T182443, end_date=20250718T182448
[2025-07-18T18:24:48.700+0000] {standard_task_runner.py:104} ERROR - Failed to execute job 363 for task bronze_to_silver (Bash command failed. The command returned a non-zero exit code 1.; 3246)
[2025-07-18T18:24:48.719+0000] {local_task_job_runner.py:228} INFO - Task exited with return code 1
[2025-07-18T18:24:48.744+0000] {taskinstance.py:2778} INFO - 0 downstream tasks scheduled from follow-on schedule check
