[2025-07-18T16:27:57.801+0000] {taskinstance.py:1159} INFO - Dependencies all met for dep_context=non-requeueable deps ti=<TaskInstance: restaurant_pipeline.send_to_kafka manual__2025-07-18T16:26:57.296031+00:00 [queued]>
[2025-07-18T16:27:57.809+0000] {taskinstance.py:1159} INFO - Dependencies all met for dep_context=requeueable deps ti=<TaskInstance: restaurant_pipeline.send_to_kafka manual__2025-07-18T16:26:57.296031+00:00 [queued]>
[2025-07-18T16:27:57.810+0000] {taskinstance.py:1361} INFO - Starting attempt 1 of 1
[2025-07-18T16:27:57.819+0000] {taskinstance.py:1382} INFO - Executing <Task(BashOperator): send_to_kafka> on 2025-07-18 16:26:57.296031+00:00
[2025-07-18T16:27:57.822+0000] {standard_task_runner.py:57} INFO - Started process 1465 to run task
[2025-07-18T16:27:57.825+0000] {standard_task_runner.py:84} INFO - Running: ['***', 'tasks', 'run', 'restaurant_pipeline', 'send_to_kafka', 'manual__2025-07-18T16:26:57.296031+00:00', '--job-id', '199', '--raw', '--subdir', 'DAGS_FOLDER/restaurant_pipeline.py', '--cfg-path', '/tmp/tmp0jceanoe']
[2025-07-18T16:27:57.827+0000] {standard_task_runner.py:85} INFO - Job 199: Subtask send_to_kafka
[2025-07-18T16:27:57.876+0000] {task_command.py:416} INFO - Running <TaskInstance: restaurant_pipeline.send_to_kafka manual__2025-07-18T16:26:57.296031+00:00 [running]> on host 9bcfb43e0ab7
[2025-07-18T16:27:57.959+0000] {taskinstance.py:1662} INFO - Exporting env vars: AIRFLOW_CTX_DAG_OWNER='moran' AIRFLOW_CTX_DAG_ID='restaurant_pipeline' AIRFLOW_CTX_TASK_ID='send_to_kafka' AIRFLOW_CTX_EXECUTION_DATE='2025-07-18T16:26:57.296031+00:00' AIRFLOW_CTX_TRY_NUMBER='1' AIRFLOW_CTX_DAG_RUN_ID='manual__2025-07-18T16:26:57.296031+00:00'
[2025-07-18T16:27:57.965+0000] {subprocess.py:63} INFO - Tmp dir root location: /tmp
[2025-07-18T16:27:57.966+0000] {subprocess.py:75} INFO - Running command: ['/bin/bash', '-c', 'python /opt/streaming/producer.py']
[2025-07-18T16:27:57.974+0000] {subprocess.py:86} INFO - Output:
[2025-07-18T16:28:01.074+0000] {subprocess.py:93} INFO - [✓] Sent to reservations: {'reservation_id': 9909, 'branch_id': 101, 'customer_name': 'James Townsend', 'phone_number': '9402586613', 'reservation_date': '2025-07-18', 'reservation_time': '18:17', 'guests_count': 8, 'is_confirmed': False}
[2025-07-18T16:28:01.086+0000] {subprocess.py:93} INFO - [✓] Sent to reservations: {'reservation_id': 5438, 'branch_id': 102, 'customer_name': 'Brandon Baker', 'phone_number': '457.390.0186', 'reservation_date': '2025-07-18', 'reservation_time': '17:28', 'guests_count': 1, 'is_confirmed': True}
[2025-07-18T16:28:01.102+0000] {subprocess.py:93} INFO - [✓] Sent to reservations: {'reservation_id': 3544, 'branch_id': 101, 'customer_name': 'Sandra Hall', 'phone_number': '6456552650', 'reservation_date': '2025-07-18', 'reservation_time': '17:34', 'guests_count': 6, 'is_confirmed': False}
[2025-07-18T16:28:01.114+0000] {subprocess.py:93} INFO - [✓] Sent to checkins: {'checkin_id': 9978, 'customer_name': 'Cindy Bryant', 'phone_number': '+1-337-248-8422x0791', 'branch_id': 102, 'table_id': 209, 'is_prebooked': True, 'checkin_date': '2025-07-18', 'checkin_time': '14:55', 'guests_count': 5, 'shift_manager': 'Vanessa Brown'}
[2025-07-18T16:28:01.116+0000] {subprocess.py:93} INFO - [✓] Sent to checkins: {'checkin_id': 6038, 'customer_name': 'Vincent Davidson', 'phone_number': '971-376-2937', 'branch_id': 101, 'table_id': 208, 'is_prebooked': True, 'checkin_date': '2025-07-18', 'checkin_time': '15:48', 'guests_count': 3, 'shift_manager': 'Nicole Johnson'}
[2025-07-18T16:28:01.118+0000] {subprocess.py:93} INFO - [✓] Sent to checkins: {'checkin_id': 8617, 'customer_name': 'James Norris', 'phone_number': '+1-406-403-0513', 'branch_id': 102, 'table_id': 208, 'is_prebooked': True, 'checkin_date': '2025-07-18', 'checkin_time': '15:13', 'guests_count': 5, 'shift_manager': 'Sharon Brown'}
[2025-07-18T16:28:01.123+0000] {subprocess.py:93} INFO - [✓] Sent to feedback: {'feedback_id': 2105, 'branch_id': 102, 'customer_name': 'Manuel Ramsey', 'phone_number': '(902)328-0974x10392', 'feedback_text': 'Continue sit tonight east.', 'rating': 2, 'dining_date': '2025-07-18', 'dining_time': '15:33', 'submission_time': '2025-07-18T16:27:57'}
[2025-07-18T16:28:01.127+0000] {subprocess.py:93} INFO - [✓] Sent to feedback: {'feedback_id': 9347, 'branch_id': 101, 'customer_name': 'Veronica Chavez', 'phone_number': '+1-474-790-8707x39360', 'feedback_text': 'Billion report station son practice throughout.', 'rating': 2, 'dining_date': '2025-07-18', 'dining_time': '15:57', 'submission_time': '2025-07-18T16:27:57'}
[2025-07-18T16:28:01.128+0000] {subprocess.py:93} INFO - [✓] Sent to feedback: {'feedback_id': 2233, 'branch_id': 102, 'customer_name': 'Kenneth Mclaughlin', 'phone_number': '679.845.8230x2817', 'feedback_text': 'Better recently herself audience nice.', 'rating': 4, 'dining_date': '2025-07-18', 'dining_time': '15:52', 'submission_time': '2025-07-18T16:27:57'}
[2025-07-18T16:28:01.131+0000] {subprocess.py:93} INFO - ✅ All messages sent.
[2025-07-18T16:28:01.442+0000] {subprocess.py:97} INFO - Command exited with return code 0
[2025-07-18T16:28:01.810+0000] {taskinstance.py:1400} INFO - Marking task as SUCCESS. dag_id=restaurant_pipeline, task_id=send_to_kafka, execution_date=20250718T162657, start_date=20250718T162757, end_date=20250718T162801
[2025-07-18T16:28:01.965+0000] {local_task_job_runner.py:228} INFO - Task exited with return code 0
[2025-07-18T16:28:02.220+0000] {taskinstance.py:2778} INFO - 1 downstream tasks scheduled from follow-on schedule check
