[2025-07-19T21:54:19.878+0000] {taskinstance.py:1159} INFO - Dependencies all met for dep_context=non-requeueable deps ti=<TaskInstance: restaurant_pipeline.send_to_kafka scheduled__2025-07-19T21:52:00+00:00 [queued]>
[2025-07-19T21:54:19.886+0000] {taskinstance.py:1159} INFO - Dependencies all met for dep_context=requeueable deps ti=<TaskInstance: restaurant_pipeline.send_to_kafka scheduled__2025-07-19T21:52:00+00:00 [queued]>
[2025-07-19T21:54:19.886+0000] {taskinstance.py:1361} INFO - Starting attempt 1 of 1
[2025-07-19T21:54:19.894+0000] {taskinstance.py:1382} INFO - Executing <Task(BashOperator): send_to_kafka> on 2025-07-19 21:52:00+00:00
[2025-07-19T21:54:19.896+0000] {standard_task_runner.py:57} INFO - Started process 4831 to run task
[2025-07-19T21:54:19.898+0000] {standard_task_runner.py:84} INFO - Running: ['***', 'tasks', 'run', 'restaurant_pipeline', 'send_to_kafka', 'scheduled__2025-07-19T21:52:00+00:00', '--job-id', '1270', '--raw', '--subdir', 'DAGS_FOLDER/restaurant_pipeline.py', '--cfg-path', '/tmp/tmpoo3yptks']
[2025-07-19T21:54:19.900+0000] {standard_task_runner.py:85} INFO - Job 1270: Subtask send_to_kafka
[2025-07-19T21:54:19.924+0000] {task_command.py:416} INFO - Running <TaskInstance: restaurant_pipeline.send_to_kafka scheduled__2025-07-19T21:52:00+00:00 [running]> on host e3f5d8fc4eef
[2025-07-19T21:54:19.963+0000] {taskinstance.py:1662} INFO - Exporting env vars: AIRFLOW_CTX_DAG_OWNER='moran' AIRFLOW_CTX_DAG_ID='restaurant_pipeline' AIRFLOW_CTX_TASK_ID='send_to_kafka' AIRFLOW_CTX_EXECUTION_DATE='2025-07-19T21:52:00+00:00' AIRFLOW_CTX_TRY_NUMBER='1' AIRFLOW_CTX_DAG_RUN_ID='scheduled__2025-07-19T21:52:00+00:00'
[2025-07-19T21:54:19.964+0000] {subprocess.py:63} INFO - Tmp dir root location: /tmp
[2025-07-19T21:54:19.964+0000] {subprocess.py:75} INFO - Running command: ['/bin/bash', '-c', 'python /opt/streaming/producer.py']
[2025-07-19T21:54:19.969+0000] {subprocess.py:86} INFO - Output:
[2025-07-19T21:54:22.245+0000] {subprocess.py:93} INFO - [✓] Sent to reservations: {'reservation_id': 3602, 'branch_id': 101, 'customer_name': 'Vanessa Nelson', 'phone_number': '4658657995', 'reservation_date': '2025-07-19', 'reservation_time': '23:46', 'guests_count': 7, 'is_confirmed': True}
[2025-07-19T21:54:22.249+0000] {subprocess.py:93} INFO - [✓] Sent to reservations: {'reservation_id': 9049, 'branch_id': 101, 'customer_name': 'Mr. James Curtis', 'phone_number': '461-359-2193x80741', 'reservation_date': '2025-07-19', 'reservation_time': '23:44', 'guests_count': 6, 'is_confirmed': True}
[2025-07-19T21:54:22.250+0000] {subprocess.py:93} INFO - [✓] Sent to reservations: {'reservation_id': 8030, 'branch_id': 101, 'customer_name': 'Henry Edwards', 'phone_number': '614.355.4158', 'reservation_date': '2025-07-19', 'reservation_time': '22:29', 'guests_count': 7, 'is_confirmed': True}
[2025-07-19T21:54:22.252+0000] {subprocess.py:93} INFO - [✓] Sent to checkins: {'checkin_id': 5018, 'customer_name': 'Diana Torres', 'phone_number': '375.874.8966', 'branch_id': 101, 'table_id': 200, 'is_prebooked': True, 'checkin_date': '2025-07-19', 'checkin_time': '21:39', 'guests_count': 3, 'shift_manager': 'Alexander Nicholson'}
[2025-07-19T21:54:22.252+0000] {subprocess.py:93} INFO - [✓] Sent to checkins: {'checkin_id': 7994, 'customer_name': 'Andrew Barnett', 'phone_number': '640.503.3636x5332', 'branch_id': 101, 'table_id': 202, 'is_prebooked': True, 'checkin_date': '2025-07-19', 'checkin_time': '21:21', 'guests_count': 1, 'shift_manager': 'Joyce Castaneda'}
[2025-07-19T21:54:22.252+0000] {subprocess.py:93} INFO - [✓] Sent to checkins: {'checkin_id': 7974, 'customer_name': 'Margaret Miranda', 'phone_number': '852-397-8484x3873', 'branch_id': 102, 'table_id': 200, 'is_prebooked': True, 'checkin_date': '2025-07-19', 'checkin_time': '21:21', 'guests_count': 6, 'shift_manager': 'Harry Hill'}
[2025-07-19T21:54:22.253+0000] {subprocess.py:93} INFO - [✓] Sent to feedback: {'feedback_id': 4018, 'branch_id': 101, 'customer_name': 'Darlene Good', 'phone_number': '897-818-9181', 'feedback_text': 'Student rate property break manager person reflect.', 'rating': 5, 'dining_date': '2025-07-19', 'dining_time': '20:17', 'submission_time': '2025-07-19T21:54:19'}
[2025-07-19T21:54:22.253+0000] {subprocess.py:93} INFO - [✓] Sent to feedback: {'feedback_id': 5000, 'branch_id': 102, 'customer_name': 'Kyle Webb', 'phone_number': '001-228-460-0793x491', 'feedback_text': 'Discuss another manage provide food.', 'rating': 3, 'dining_date': '2025-07-19', 'dining_time': '20:06', 'submission_time': '2025-07-19T21:54:19'}
[2025-07-19T21:54:22.253+0000] {subprocess.py:93} INFO - [✓] Sent to feedback: {'feedback_id': 8270, 'branch_id': 102, 'customer_name': 'George Williams', 'phone_number': '762.919.3582x273', 'feedback_text': 'Enter information catch hundred.', 'rating': 5, 'dining_date': '2025-07-19', 'dining_time': '21:13', 'submission_time': '2025-07-19T21:54:19'}
[2025-07-19T21:54:22.253+0000] {subprocess.py:93} INFO - ✅ All messages sent.
[2025-07-19T21:54:22.277+0000] {subprocess.py:97} INFO - Command exited with return code 0
[2025-07-19T21:54:22.309+0000] {taskinstance.py:1400} INFO - Marking task as SUCCESS. dag_id=restaurant_pipeline, task_id=send_to_kafka, execution_date=20250719T215200, start_date=20250719T215419, end_date=20250719T215422
[2025-07-19T21:54:22.352+0000] {local_task_job_runner.py:228} INFO - Task exited with return code 0
[2025-07-19T21:54:22.379+0000] {taskinstance.py:2778} INFO - 1 downstream tasks scheduled from follow-on schedule check
