[2025-07-18T18:19:24.417+0000] {taskinstance.py:1159} INFO - Dependencies all met for dep_context=non-requeueable deps ti=<TaskInstance: restaurant_pipeline.bronze_to_silver scheduled__2025-07-18T18:16:00+00:00 [queued]>
[2025-07-18T18:19:24.421+0000] {taskinstance.py:1159} INFO - Dependencies all met for dep_context=requeueable deps ti=<TaskInstance: restaurant_pipeline.bronze_to_silver scheduled__2025-07-18T18:16:00+00:00 [queued]>
[2025-07-18T18:19:24.421+0000] {taskinstance.py:1361} INFO - Starting attempt 1 of 1
[2025-07-18T18:19:24.428+0000] {taskinstance.py:1382} INFO - Executing <Task(BashOperator): bronze_to_silver> on 2025-07-18 18:16:00+00:00
[2025-07-18T18:19:24.431+0000] {standard_task_runner.py:57} INFO - Started process 3113 to run task
[2025-07-18T18:19:24.433+0000] {standard_task_runner.py:84} INFO - Running: ['***', 'tasks', 'run', 'restaurant_pipeline', 'bronze_to_silver', 'scheduled__2025-07-18T18:16:00+00:00', '--job-id', '351', '--raw', '--subdir', 'DAGS_FOLDER/restaurant_pipeline.py', '--cfg-path', '/tmp/tmpwgi6_yyp']
[2025-07-18T18:19:24.435+0000] {standard_task_runner.py:85} INFO - Job 351: Subtask bronze_to_silver
[2025-07-18T18:19:24.462+0000] {task_command.py:416} INFO - Running <TaskInstance: restaurant_pipeline.bronze_to_silver scheduled__2025-07-18T18:16:00+00:00 [running]> on host 9bcfb43e0ab7
[2025-07-18T18:19:24.502+0000] {taskinstance.py:1662} INFO - Exporting env vars: AIRFLOW_CTX_DAG_OWNER='moran' AIRFLOW_CTX_DAG_ID='restaurant_pipeline' AIRFLOW_CTX_TASK_ID='bronze_to_silver' AIRFLOW_CTX_EXECUTION_DATE='2025-07-18T18:16:00+00:00' AIRFLOW_CTX_TRY_NUMBER='1' AIRFLOW_CTX_DAG_RUN_ID='scheduled__2025-07-18T18:16:00+00:00'
[2025-07-18T18:19:24.503+0000] {subprocess.py:63} INFO - Tmp dir root location: /tmp
[2025-07-18T18:19:24.503+0000] {subprocess.py:75} INFO - Running command: ['/bin/bash', '-c', 'docker exec spark-iceberg spark-submit /home/iceberg/spark/bronze_to_silver.py']
[2025-07-18T18:19:24.507+0000] {subprocess.py:86} INFO - Output:
[2025-07-18T18:19:26.198+0000] {subprocess.py:93} INFO - 25/07/18 18:19:26 INFO SparkContext: Running Spark version 3.5.6
[2025-07-18T18:19:26.199+0000] {subprocess.py:93} INFO - 25/07/18 18:19:26 INFO SparkContext: OS info Linux, 6.10.14-linuxkit, aarch64
[2025-07-18T18:19:26.199+0000] {subprocess.py:93} INFO - 25/07/18 18:19:26 INFO SparkContext: Java version 17.0.15
[2025-07-18T18:19:26.212+0000] {subprocess.py:93} INFO - 25/07/18 18:19:26 INFO ResourceUtils: ==============================================================
[2025-07-18T18:19:26.212+0000] {subprocess.py:93} INFO - 25/07/18 18:19:26 INFO ResourceUtils: No custom resources configured for spark.driver.
[2025-07-18T18:19:26.212+0000] {subprocess.py:93} INFO - 25/07/18 18:19:26 INFO ResourceUtils: ==============================================================
[2025-07-18T18:19:26.212+0000] {subprocess.py:93} INFO - 25/07/18 18:19:26 INFO SparkContext: Submitted application: BronzeToSilver
[2025-07-18T18:19:26.222+0000] {subprocess.py:93} INFO - 25/07/18 18:19:26 INFO ResourceProfile: Default ResourceProfile created, executor resources: Map(cores -> name: cores, amount: 1, script: , vendor: , memory -> name: memory, amount: 1024, script: , vendor: , offHeap -> name: offHeap, amount: 0, script: , vendor: ), task resources: Map(cpus -> name: cpus, amount: 1.0)
[2025-07-18T18:19:26.226+0000] {subprocess.py:93} INFO - 25/07/18 18:19:26 INFO ResourceProfile: Limiting resource is cpu
[2025-07-18T18:19:26.226+0000] {subprocess.py:93} INFO - 25/07/18 18:19:26 INFO ResourceProfileManager: Added ResourceProfile id: 0
[2025-07-18T18:19:26.251+0000] {subprocess.py:93} INFO - 25/07/18 18:19:26 INFO SecurityManager: Changing view acls to: root,spark
[2025-07-18T18:19:26.251+0000] {subprocess.py:93} INFO - 25/07/18 18:19:26 INFO SecurityManager: Changing modify acls to: root,spark
[2025-07-18T18:19:26.252+0000] {subprocess.py:93} INFO - 25/07/18 18:19:26 INFO SecurityManager: Changing view acls groups to:
[2025-07-18T18:19:26.252+0000] {subprocess.py:93} INFO - 25/07/18 18:19:26 INFO SecurityManager: Changing modify acls groups to:
[2025-07-18T18:19:26.252+0000] {subprocess.py:93} INFO - 25/07/18 18:19:26 INFO SecurityManager: SecurityManager: authentication disabled; ui acls disabled; users with view permissions: root, spark; groups with view permissions: EMPTY; users with modify permissions: root, spark; groups with modify permissions: EMPTY
[2025-07-18T18:19:26.281+0000] {subprocess.py:93} INFO - 25/07/18 18:19:26 WARN NativeCodeLoader: Unable to load native-hadoop library for your platform... using builtin-java classes where applicable
[2025-07-18T18:19:26.399+0000] {subprocess.py:93} INFO - 25/07/18 18:19:26 INFO Utils: Successfully started service 'sparkDriver' on port 46149.
[2025-07-18T18:19:26.410+0000] {subprocess.py:93} INFO - 25/07/18 18:19:26 INFO SparkEnv: Registering MapOutputTracker
[2025-07-18T18:19:26.434+0000] {subprocess.py:93} INFO - 25/07/18 18:19:26 INFO SparkEnv: Registering BlockManagerMaster
[2025-07-18T18:19:26.442+0000] {subprocess.py:93} INFO - 25/07/18 18:19:26 INFO BlockManagerMasterEndpoint: Using org.apache.spark.storage.DefaultTopologyMapper for getting topology information
[2025-07-18T18:19:26.442+0000] {subprocess.py:93} INFO - 25/07/18 18:19:26 INFO BlockManagerMasterEndpoint: BlockManagerMasterEndpoint up
[2025-07-18T18:19:26.444+0000] {subprocess.py:93} INFO - 25/07/18 18:19:26 INFO SparkEnv: Registering BlockManagerMasterHeartbeat
[2025-07-18T18:19:26.457+0000] {subprocess.py:93} INFO - 25/07/18 18:19:26 INFO DiskBlockManager: Created local directory at /tmp/blockmgr-4709f3e8-a1b2-4090-92b3-a9936fa5ae23
[2025-07-18T18:19:26.464+0000] {subprocess.py:93} INFO - 25/07/18 18:19:26 INFO MemoryStore: MemoryStore started with capacity 434.4 MiB
[2025-07-18T18:19:26.472+0000] {subprocess.py:93} INFO - 25/07/18 18:19:26 INFO SparkEnv: Registering OutputCommitCoordinator
[2025-07-18T18:19:26.528+0000] {subprocess.py:93} INFO - 25/07/18 18:19:26 INFO JettyUtils: Start Jetty 0.0.0.0:4040 for SparkUI
[2025-07-18T18:19:26.556+0000] {subprocess.py:93} INFO - 25/07/18 18:19:26 INFO Utils: Successfully started service 'SparkUI' on port 4040.
[2025-07-18T18:19:26.600+0000] {subprocess.py:93} INFO - 25/07/18 18:19:26 INFO Executor: Starting executor ID driver on host 77cb57a6bd53
[2025-07-18T18:19:26.601+0000] {subprocess.py:93} INFO - 25/07/18 18:19:26 INFO Executor: OS info Linux, 6.10.14-linuxkit, aarch64
[2025-07-18T18:19:26.601+0000] {subprocess.py:93} INFO - 25/07/18 18:19:26 INFO Executor: Java version 17.0.15
[2025-07-18T18:19:26.604+0000] {subprocess.py:93} INFO - 25/07/18 18:19:26 INFO Executor: Starting executor with user classpath (userClassPathFirst = false): ''
[2025-07-18T18:19:26.604+0000] {subprocess.py:93} INFO - 25/07/18 18:19:26 INFO Executor: Created or updated repl class loader org.apache.spark.util.MutableURLClassLoader@5bbf32aa for default.
[2025-07-18T18:19:26.614+0000] {subprocess.py:93} INFO - 25/07/18 18:19:26 INFO Utils: Successfully started service 'org.apache.spark.network.netty.NettyBlockTransferService' on port 39401.
[2025-07-18T18:19:26.614+0000] {subprocess.py:93} INFO - 25/07/18 18:19:26 INFO NettyBlockTransferService: Server created on 77cb57a6bd53:39401
[2025-07-18T18:19:26.615+0000] {subprocess.py:93} INFO - 25/07/18 18:19:26 INFO BlockManager: Using org.apache.spark.storage.RandomBlockReplicationPolicy for block replication policy
[2025-07-18T18:19:26.621+0000] {subprocess.py:93} INFO - 25/07/18 18:19:26 INFO BlockManagerMaster: Registering BlockManager BlockManagerId(driver, 77cb57a6bd53, 39401, None)
[2025-07-18T18:19:26.623+0000] {subprocess.py:93} INFO - 25/07/18 18:19:26 INFO BlockManagerMasterEndpoint: Registering block manager 77cb57a6bd53:39401 with 434.4 MiB RAM, BlockManagerId(driver, 77cb57a6bd53, 39401, None)
[2025-07-18T18:19:26.627+0000] {subprocess.py:93} INFO - 25/07/18 18:19:26 INFO BlockManagerMaster: Registered BlockManager BlockManagerId(driver, 77cb57a6bd53, 39401, None)
[2025-07-18T18:19:26.627+0000] {subprocess.py:93} INFO - 25/07/18 18:19:26 INFO BlockManager: Initialized BlockManager: BlockManagerId(driver, 77cb57a6bd53, 39401, None)
[2025-07-18T18:19:26.847+0000] {subprocess.py:93} INFO - 25/07/18 18:19:26 INFO SharedState: Setting hive.metastore.warehouse.dir ('null') to the value of spark.sql.warehouse.dir.
[2025-07-18T18:19:26.851+0000] {subprocess.py:93} INFO - 25/07/18 18:19:26 INFO SharedState: Warehouse path is 'file:/app/spark-warehouse'.
[2025-07-18T18:19:27.408+0000] {subprocess.py:93} INFO - 25/07/18 18:19:27 WARN MetricsConfig: Cannot locate configuration: tried hadoop-metrics2-s3a-file-system.properties,hadoop-metrics2.properties
[2025-07-18T18:19:27.415+0000] {subprocess.py:93} INFO - 25/07/18 18:19:27 INFO MetricsSystemImpl: Scheduled Metric snapshot period at 10 second(s).
[2025-07-18T18:19:27.416+0000] {subprocess.py:93} INFO - 25/07/18 18:19:27 INFO MetricsSystemImpl: s3a-file-system metrics system started
[2025-07-18T18:19:28.014+0000] {subprocess.py:93} INFO - 25/07/18 18:19:28 INFO BaseMetastoreCatalog: Table loaded by catalog: my_catalog.bronze.Reservations_raw
[2025-07-18T18:19:28.229+0000] {subprocess.py:93} INFO - 25/07/18 18:19:28 INFO BaseMetastoreCatalog: Table loaded by catalog: my_catalog.bronze.Checkins_raw
[2025-07-18T18:19:28.280+0000] {subprocess.py:93} INFO - 25/07/18 18:19:28 INFO BaseMetastoreCatalog: Table loaded by catalog: my_catalog.bronze.Feedback_raw
[2025-07-18T18:19:28.879+0000] {subprocess.py:93} INFO - Traceback (most recent call last):
[2025-07-18T18:19:28.879+0000] {subprocess.py:93} INFO -   File "/home/iceberg/spark/bronze_to_silver.py", line 45, in <module>
[2025-07-18T18:19:28.879+0000] {subprocess.py:93} INFO -     customers_df.write.format("iceberg").mode("overwrite").save(customers_table)
[2025-07-18T18:19:28.880+0000] {subprocess.py:93} INFO -   File "/opt/bitnami/spark/python/lib/pyspark.zip/pyspark/sql/readwriter.py", line 1463, in save
[2025-07-18T18:19:28.880+0000] {subprocess.py:93} INFO -   File "/opt/bitnami/spark/python/lib/py4j-0.10.9.7-src.zip/py4j/java_gateway.py", line 1322, in __call__
[2025-07-18T18:19:28.880+0000] {subprocess.py:93} INFO -   File "/opt/bitnami/spark/python/lib/pyspark.zip/pyspark/errors/exceptions/captured.py", line 185, in deco
[2025-07-18T18:19:28.885+0000] {subprocess.py:93} INFO - pyspark.errors.exceptions.captured.AnalysisException: [TABLE_OR_VIEW_NOT_FOUND] The table or view silver.customers cannot be found. Verify the spelling and correctness of the schema and catalog.
[2025-07-18T18:19:28.885+0000] {subprocess.py:93} INFO - If you did not qualify the name with a schema, verify the current_schema() output, or qualify the name with the correct schema and catalog.
[2025-07-18T18:19:28.885+0000] {subprocess.py:93} INFO - To tolerate the error on drop use DROP VIEW IF EXISTS or DROP TABLE IF EXISTS.
[2025-07-18T18:19:28.913+0000] {subprocess.py:93} INFO - 25/07/18 18:19:28 INFO SparkContext: Invoking stop() from shutdown hook
[2025-07-18T18:19:28.914+0000] {subprocess.py:93} INFO - 25/07/18 18:19:28 INFO SparkContext: SparkContext is stopping with exitCode 0.
[2025-07-18T18:19:28.923+0000] {subprocess.py:93} INFO - 25/07/18 18:19:28 INFO SparkUI: Stopped Spark web UI at http://77cb57a6bd53:4040
[2025-07-18T18:19:28.933+0000] {subprocess.py:93} INFO - 25/07/18 18:19:28 INFO MapOutputTrackerMasterEndpoint: MapOutputTrackerMasterEndpoint stopped!
[2025-07-18T18:19:28.941+0000] {subprocess.py:93} INFO - 25/07/18 18:19:28 INFO MemoryStore: MemoryStore cleared
[2025-07-18T18:19:28.941+0000] {subprocess.py:93} INFO - 25/07/18 18:19:28 INFO BlockManager: BlockManager stopped
[2025-07-18T18:19:28.943+0000] {subprocess.py:93} INFO - 25/07/18 18:19:28 INFO BlockManagerMaster: BlockManagerMaster stopped
[2025-07-18T18:19:28.945+0000] {subprocess.py:93} INFO - 25/07/18 18:19:28 INFO OutputCommitCoordinator$OutputCommitCoordinatorEndpoint: OutputCommitCoordinator stopped!
[2025-07-18T18:19:28.950+0000] {subprocess.py:93} INFO - 25/07/18 18:19:28 INFO SparkContext: Successfully stopped SparkContext
[2025-07-18T18:19:28.951+0000] {subprocess.py:93} INFO - 25/07/18 18:19:28 INFO ShutdownHookManager: Shutdown hook called
[2025-07-18T18:19:28.952+0000] {subprocess.py:93} INFO - 25/07/18 18:19:28 INFO ShutdownHookManager: Deleting directory /tmp/spark-da690084-d4dc-4f45-900f-8d03d1ff8b26/pyspark-761ef35c-816c-4fc3-8ca0-6eb98d8fe540
[2025-07-18T18:19:28.953+0000] {subprocess.py:93} INFO - 25/07/18 18:19:28 INFO ShutdownHookManager: Deleting directory /tmp/spark-a7fd1723-84c0-42a6-bf14-ea18f451b84e
[2025-07-18T18:19:28.955+0000] {subprocess.py:93} INFO - 25/07/18 18:19:28 INFO ShutdownHookManager: Deleting directory /tmp/spark-da690084-d4dc-4f45-900f-8d03d1ff8b26
[2025-07-18T18:19:28.957+0000] {subprocess.py:93} INFO - 25/07/18 18:19:28 INFO MetricsSystemImpl: Stopping s3a-file-system metrics system...
[2025-07-18T18:19:28.958+0000] {subprocess.py:93} INFO - 25/07/18 18:19:28 INFO MetricsSystemImpl: s3a-file-system metrics system stopped.
[2025-07-18T18:19:28.958+0000] {subprocess.py:93} INFO - 25/07/18 18:19:28 INFO MetricsSystemImpl: s3a-file-system metrics system shutdown complete.
[2025-07-18T18:19:29.005+0000] {subprocess.py:97} INFO - Command exited with return code 1
[2025-07-18T18:19:29.016+0000] {taskinstance.py:1937} ERROR - Task failed with exception
Traceback (most recent call last):
  File "/home/airflow/.local/lib/python3.8/site-packages/airflow/operators/bash.py", line 210, in execute
    raise AirflowException(
airflow.exceptions.AirflowException: Bash command failed. The command returned a non-zero exit code 1.
[2025-07-18T18:19:29.019+0000] {taskinstance.py:1400} INFO - Marking task as FAILED. dag_id=restaurant_pipeline, task_id=bronze_to_silver, execution_date=20250718T181600, start_date=20250718T181924, end_date=20250718T181929
[2025-07-18T18:19:29.028+0000] {standard_task_runner.py:104} ERROR - Failed to execute job 351 for task bronze_to_silver (Bash command failed. The command returned a non-zero exit code 1.; 3113)
[2025-07-18T18:19:29.054+0000] {local_task_job_runner.py:228} INFO - Task exited with return code 1
[2025-07-18T18:19:29.085+0000] {taskinstance.py:2778} INFO - 0 downstream tasks scheduled from follow-on schedule check
