[2025-07-18T20:48:01.660+0000] {taskinstance.py:1159} INFO - Dependencies all met for dep_context=non-requeueable deps ti=<TaskInstance: restaurant_pipeline.send_to_kafka scheduled__2025-07-18T20:46:00+00:00 [queued]>
[2025-07-18T20:48:01.668+0000] {taskinstance.py:1159} INFO - Dependencies all met for dep_context=requeueable deps ti=<TaskInstance: restaurant_pipeline.send_to_kafka scheduled__2025-07-18T20:46:00+00:00 [queued]>
[2025-07-18T20:48:01.670+0000] {taskinstance.py:1361} INFO - Starting attempt 1 of 1
[2025-07-18T20:48:01.681+0000] {taskinstance.py:1382} INFO - Executing <Task(BashOperator): send_to_kafka> on 2025-07-18 20:46:00+00:00
[2025-07-18T20:48:01.685+0000] {standard_task_runner.py:57} INFO - Started process 6505 to run task
[2025-07-18T20:48:01.688+0000] {standard_task_runner.py:84} INFO - Running: ['***', 'tasks', 'run', 'restaurant_pipeline', 'send_to_kafka', 'scheduled__2025-07-18T20:46:00+00:00', '--job-id', '653', '--raw', '--subdir', 'DAGS_FOLDER/restaurant_pipeline.py', '--cfg-path', '/tmp/tmposnyn1r0']
[2025-07-18T20:48:01.691+0000] {standard_task_runner.py:85} INFO - Job 653: Subtask send_to_kafka
[2025-07-18T20:48:01.728+0000] {task_command.py:416} INFO - Running <TaskInstance: restaurant_pipeline.send_to_kafka scheduled__2025-07-18T20:46:00+00:00 [running]> on host 9bcfb43e0ab7
[2025-07-18T20:48:01.773+0000] {taskinstance.py:1662} INFO - Exporting env vars: AIRFLOW_CTX_DAG_OWNER='moran' AIRFLOW_CTX_DAG_ID='restaurant_pipeline' AIRFLOW_CTX_TASK_ID='send_to_kafka' AIRFLOW_CTX_EXECUTION_DATE='2025-07-18T20:46:00+00:00' AIRFLOW_CTX_TRY_NUMBER='1' AIRFLOW_CTX_DAG_RUN_ID='scheduled__2025-07-18T20:46:00+00:00'
[2025-07-18T20:48:01.774+0000] {subprocess.py:63} INFO - Tmp dir root location: /tmp
[2025-07-18T20:48:01.774+0000] {subprocess.py:75} INFO - Running command: ['/bin/bash', '-c', 'python /opt/streaming/producer.py']
[2025-07-18T20:48:01.778+0000] {subprocess.py:86} INFO - Output:
[2025-07-18T20:48:03.995+0000] {subprocess.py:93} INFO - [✓] Sent to reservations: {'reservation_id': 4532, 'branch_id': 102, 'customer_name': 'Erin Rodgers', 'phone_number': '(715)335-9217x991', 'reservation_date': '2025-07-18', 'reservation_time': '20:58', 'guests_count': 4, 'is_confirmed': False}
[2025-07-18T20:48:03.999+0000] {subprocess.py:93} INFO - [✓] Sent to reservations: {'reservation_id': 5852, 'branch_id': 102, 'customer_name': 'Christine Garcia', 'phone_number': '800.656.6157x906', 'reservation_date': '2025-07-18', 'reservation_time': '22:47', 'guests_count': 1, 'is_confirmed': False}
[2025-07-18T20:48:04.002+0000] {subprocess.py:93} INFO - [✓] Sent to reservations: {'reservation_id': 6230, 'branch_id': 102, 'customer_name': 'Julian Joseph', 'phone_number': '+1-921-534-6082x9607', 'reservation_date': '2025-07-18', 'reservation_time': '21:00', 'guests_count': 6, 'is_confirmed': True}
[2025-07-18T20:48:04.003+0000] {subprocess.py:93} INFO - [✓] Sent to checkins: {'checkin_id': 4281, 'customer_name': 'Christine Lee', 'phone_number': '799.901.8547', 'branch_id': 102, 'table_id': 202, 'is_prebooked': True, 'checkin_date': '2025-07-18', 'checkin_time': '20:26', 'guests_count': 5, 'shift_manager': 'Amy Hernandez'}
[2025-07-18T20:48:04.004+0000] {subprocess.py:93} INFO - [✓] Sent to checkins: {'checkin_id': 7153, 'customer_name': 'Daniel Barry', 'phone_number': '234-761-4963x827', 'branch_id': 101, 'table_id': 201, 'is_prebooked': False, 'checkin_date': '2025-07-18', 'checkin_time': '20:15', 'guests_count': 4, 'shift_manager': 'Amanda Rosales'}
[2025-07-18T20:48:04.006+0000] {subprocess.py:93} INFO - [✓] Sent to checkins: {'checkin_id': 3952, 'customer_name': 'Jorge Huerta', 'phone_number': '(374)386-8215x4261', 'branch_id': 102, 'table_id': 206, 'is_prebooked': False, 'checkin_date': '2025-07-18', 'checkin_time': '19:23', 'guests_count': 1, 'shift_manager': 'Elizabeth Hunter'}
[2025-07-18T20:48:04.006+0000] {subprocess.py:93} INFO - [✓] Sent to feedback: {'feedback_id': 8859, 'branch_id': 102, 'customer_name': 'Erika Adkins', 'phone_number': '419-670-4442x348', 'feedback_text': 'Class land share start attorney financial no.', 'rating': 5, 'dining_date': '2025-07-18', 'dining_time': '19:20', 'submission_time': '2025-07-18T20:48:00'}
[2025-07-18T20:48:04.007+0000] {subprocess.py:93} INFO - [✓] Sent to feedback: {'feedback_id': 9176, 'branch_id': 102, 'customer_name': 'Donald Fowler', 'phone_number': '(202)732-4306x759', 'feedback_text': 'Score agency activity analysis that likely year.', 'rating': 1, 'dining_date': '2025-07-18', 'dining_time': '20:05', 'submission_time': '2025-07-18T20:48:00'}
[2025-07-18T20:48:04.007+0000] {subprocess.py:93} INFO - [✓] Sent to feedback: {'feedback_id': 4432, 'branch_id': 101, 'customer_name': 'Lee Ayala Jr.', 'phone_number': '447-530-4104x461', 'feedback_text': 'Add why part than citizen.', 'rating': 5, 'dining_date': '2025-07-18', 'dining_time': '20:27', 'submission_time': '2025-07-18T20:48:00'}
[2025-07-18T20:48:04.007+0000] {subprocess.py:93} INFO - ✅ All messages sent.
[2025-07-18T20:48:04.045+0000] {subprocess.py:97} INFO - Command exited with return code 0
[2025-07-18T20:48:04.060+0000] {taskinstance.py:1400} INFO - Marking task as SUCCESS. dag_id=restaurant_pipeline, task_id=send_to_kafka, execution_date=20250718T204600, start_date=20250718T204801, end_date=20250718T204804
[2025-07-18T20:48:04.103+0000] {local_task_job_runner.py:228} INFO - Task exited with return code 0
[2025-07-18T20:48:04.131+0000] {taskinstance.py:2778} INFO - 1 downstream tasks scheduled from follow-on schedule check
