[2025-07-18T15:17:54.221+0000] {taskinstance.py:1159} INFO - Dependencies all met for dep_context=non-requeueable deps ti=<TaskInstance: restaurant_pipeline.send_to_kafka manual__2025-07-18T15:17:52.830381+00:00 [queued]>
[2025-07-18T15:17:54.225+0000] {taskinstance.py:1159} INFO - Dependencies all met for dep_context=requeueable deps ti=<TaskInstance: restaurant_pipeline.send_to_kafka manual__2025-07-18T15:17:52.830381+00:00 [queued]>
[2025-07-18T15:17:54.225+0000] {taskinstance.py:1361} INFO - Starting attempt 1 of 1
[2025-07-18T15:17:54.231+0000] {taskinstance.py:1382} INFO - Executing <Task(BashOperator): send_to_kafka> on 2025-07-18 15:17:52.830381+00:00
[2025-07-18T15:17:54.233+0000] {standard_task_runner.py:57} INFO - Started process 344 to run task
[2025-07-18T15:17:54.235+0000] {standard_task_runner.py:84} INFO - Running: ['***', 'tasks', 'run', 'restaurant_pipeline', 'send_to_kafka', 'manual__2025-07-18T15:17:52.830381+00:00', '--job-id', '79', '--raw', '--subdir', 'DAGS_FOLDER/restaurant_pipeline.py', '--cfg-path', '/tmp/tmpzrwnndie']
[2025-07-18T15:17:54.237+0000] {standard_task_runner.py:85} INFO - Job 79: Subtask send_to_kafka
[2025-07-18T15:17:54.258+0000] {task_command.py:416} INFO - Running <TaskInstance: restaurant_pipeline.send_to_kafka manual__2025-07-18T15:17:52.830381+00:00 [running]> on host 87071fdea595
[2025-07-18T15:17:54.296+0000] {taskinstance.py:1662} INFO - Exporting env vars: AIRFLOW_CTX_DAG_OWNER='moran' AIRFLOW_CTX_DAG_ID='restaurant_pipeline' AIRFLOW_CTX_TASK_ID='send_to_kafka' AIRFLOW_CTX_EXECUTION_DATE='2025-07-18T15:17:52.830381+00:00' AIRFLOW_CTX_TRY_NUMBER='1' AIRFLOW_CTX_DAG_RUN_ID='manual__2025-07-18T15:17:52.830381+00:00'
[2025-07-18T15:17:54.297+0000] {subprocess.py:63} INFO - Tmp dir root location: /tmp
[2025-07-18T15:17:54.297+0000] {subprocess.py:75} INFO - Running command: ['/bin/bash', '-c', 'python /opt/streaming/producer.py']
[2025-07-18T15:17:54.302+0000] {subprocess.py:86} INFO - Output:
[2025-07-18T15:17:56.565+0000] {subprocess.py:93} INFO - [✓] Sent to reservations: {'reservation_id': 9547, 'branch_id': 101, 'customer_name': 'Jennifer Copeland', 'phone_number': '(756)623-8426x097', 'reservation_date': '2025-07-18', 'reservation_time': '16:18', 'guests_count': 7, 'is_confirmed': True}
[2025-07-18T15:17:56.565+0000] {subprocess.py:93} INFO - [✓] Sent to reservations: {'reservation_id': 7435, 'branch_id': 102, 'customer_name': 'Spencer Ross', 'phone_number': '9583173442', 'reservation_date': '2025-07-18', 'reservation_time': '17:11', 'guests_count': 7, 'is_confirmed': True}
[2025-07-18T15:17:56.566+0000] {subprocess.py:93} INFO - [✓] Sent to reservations: {'reservation_id': 6034, 'branch_id': 101, 'customer_name': 'Sydney Ferrell', 'phone_number': '(976)262-1505x5064', 'reservation_date': '2025-07-18', 'reservation_time': '16:07', 'guests_count': 5, 'is_confirmed': True}
[2025-07-18T15:17:56.566+0000] {subprocess.py:93} INFO - [✓] Sent to checkins: {'checkin_id': 4287, 'customer_name': 'Alexis Ramos', 'phone_number': '820.309.0807', 'branch_id': 101, 'table_id': 200, 'is_prebooked': False, 'checkin_date': '2025-07-18', 'checkin_time': '14:31', 'guests_count': 3, 'shift_manager': 'Lisa Mathis'}
[2025-07-18T15:17:56.566+0000] {subprocess.py:93} INFO - [✓] Sent to checkins: {'checkin_id': 1527, 'customer_name': 'Eddie Stein', 'phone_number': '+1-791-264-5337', 'branch_id': 102, 'table_id': 205, 'is_prebooked': False, 'checkin_date': '2025-07-18', 'checkin_time': '13:57', 'guests_count': 4, 'shift_manager': 'Kevin Garner'}
[2025-07-18T15:17:56.566+0000] {subprocess.py:93} INFO - [✓] Sent to checkins: {'checkin_id': 7374, 'customer_name': 'Angelica Smith', 'phone_number': '001-938-536-6738x571', 'branch_id': 101, 'table_id': 204, 'is_prebooked': True, 'checkin_date': '2025-07-18', 'checkin_time': '13:33', 'guests_count': 3, 'shift_manager': 'Stephanie Walker'}
[2025-07-18T15:17:56.566+0000] {subprocess.py:93} INFO - [✓] Sent to feedback: {'feedback_id': 8688, 'branch_id': 101, 'customer_name': 'Robin Cordova MD', 'phone_number': '+1-351-779-5495', 'feedback_text': 'Those than imagine mission.', 'rating': 3, 'dining_date': '2025-07-18', 'dining_time': '14:43', 'submission_time': '2025-07-18T15:17:53'}
[2025-07-18T15:17:56.566+0000] {subprocess.py:93} INFO - [✓] Sent to feedback: {'feedback_id': 6628, 'branch_id': 102, 'customer_name': 'Melissa Schneider', 'phone_number': '345.876.4775', 'feedback_text': 'Military person hold interview our art learn.', 'rating': 5, 'dining_date': '2025-07-18', 'dining_time': '13:46', 'submission_time': '2025-07-18T15:17:53'}
[2025-07-18T15:17:56.566+0000] {subprocess.py:93} INFO - [✓] Sent to feedback: {'feedback_id': 7302, 'branch_id': 101, 'customer_name': 'Bethany Perez', 'phone_number': '315.293.6952', 'feedback_text': 'South age modern project.', 'rating': 3, 'dining_date': '2025-07-18', 'dining_time': '14:35', 'submission_time': '2025-07-18T15:17:53'}
[2025-07-18T15:17:56.567+0000] {subprocess.py:93} INFO - ✅ All messages sent.
[2025-07-18T15:17:56.601+0000] {subprocess.py:97} INFO - Command exited with return code 0
[2025-07-18T15:17:56.620+0000] {taskinstance.py:1400} INFO - Marking task as SUCCESS. dag_id=restaurant_pipeline, task_id=send_to_kafka, execution_date=20250718T151752, start_date=20250718T151754, end_date=20250718T151756
[2025-07-18T15:17:56.655+0000] {local_task_job_runner.py:228} INFO - Task exited with return code 0
[2025-07-18T15:17:56.682+0000] {taskinstance.py:2778} INFO - 1 downstream tasks scheduled from follow-on schedule check
