[2025-07-19T19:21:42.947+0000] {taskinstance.py:1159} INFO - Dependencies all met for dep_context=non-requeueable deps ti=<TaskInstance: restaurant_pipeline.send_to_kafka scheduled__2025-07-19T19:18:00+00:00 [queued]>
[2025-07-19T19:21:42.951+0000] {taskinstance.py:1159} INFO - Dependencies all met for dep_context=requeueable deps ti=<TaskInstance: restaurant_pipeline.send_to_kafka scheduled__2025-07-19T19:18:00+00:00 [queued]>
[2025-07-19T19:21:42.951+0000] {taskinstance.py:1361} INFO - Starting attempt 1 of 1
[2025-07-19T19:21:42.957+0000] {taskinstance.py:1382} INFO - Executing <Task(BashOperator): send_to_kafka> on 2025-07-19 19:18:00+00:00
[2025-07-19T19:21:42.960+0000] {standard_task_runner.py:57} INFO - Started process 2181 to run task
[2025-07-19T19:21:42.962+0000] {standard_task_runner.py:84} INFO - Running: ['***', 'tasks', 'run', 'restaurant_pipeline', 'send_to_kafka', 'scheduled__2025-07-19T19:18:00+00:00', '--job-id', '1094', '--raw', '--subdir', 'DAGS_FOLDER/restaurant_pipeline.py', '--cfg-path', '/tmp/tmpduzebi3d']
[2025-07-19T19:21:42.964+0000] {standard_task_runner.py:85} INFO - Job 1094: Subtask send_to_kafka
[2025-07-19T19:21:42.986+0000] {task_command.py:416} INFO - Running <TaskInstance: restaurant_pipeline.send_to_kafka scheduled__2025-07-19T19:18:00+00:00 [running]> on host e3f5d8fc4eef
[2025-07-19T19:21:43.031+0000] {taskinstance.py:1662} INFO - Exporting env vars: AIRFLOW_CTX_DAG_OWNER='moran' AIRFLOW_CTX_DAG_ID='restaurant_pipeline' AIRFLOW_CTX_TASK_ID='send_to_kafka' AIRFLOW_CTX_EXECUTION_DATE='2025-07-19T19:18:00+00:00' AIRFLOW_CTX_TRY_NUMBER='1' AIRFLOW_CTX_DAG_RUN_ID='scheduled__2025-07-19T19:18:00+00:00'
[2025-07-19T19:21:43.031+0000] {subprocess.py:63} INFO - Tmp dir root location: /tmp
[2025-07-19T19:21:43.032+0000] {subprocess.py:75} INFO - Running command: ['/bin/bash', '-c', 'python /opt/streaming/producer.py']
[2025-07-19T19:21:43.036+0000] {subprocess.py:86} INFO - Output:
[2025-07-19T19:21:45.266+0000] {subprocess.py:93} INFO - [✓] Sent to reservations: {'reservation_id': 8732, 'branch_id': 101, 'customer_name': 'Brad Freeman', 'phone_number': '+1-435-314-0434x5897', 'reservation_date': '2025-07-19', 'reservation_time': '20:44', 'guests_count': 3, 'is_confirmed': False}
[2025-07-19T19:21:45.268+0000] {subprocess.py:93} INFO - [✓] Sent to reservations: {'reservation_id': 5101, 'branch_id': 102, 'customer_name': 'Todd Chavez', 'phone_number': '958.325.5540', 'reservation_date': '2025-07-19', 'reservation_time': '19:50', 'guests_count': 2, 'is_confirmed': False}
[2025-07-19T19:21:45.268+0000] {subprocess.py:93} INFO - [✓] Sent to reservations: {'reservation_id': 3341, 'branch_id': 102, 'customer_name': 'Emily Boyle', 'phone_number': '619.460.8676x566', 'reservation_date': '2025-07-19', 'reservation_time': '20:48', 'guests_count': 4, 'is_confirmed': True}
[2025-07-19T19:21:45.269+0000] {subprocess.py:93} INFO - [✓] Sent to checkins: {'checkin_id': 9549, 'customer_name': 'Kyle Rodriguez', 'phone_number': '001-652-667-8910x00437', 'branch_id': 102, 'table_id': 207, 'is_prebooked': True, 'checkin_date': '2025-07-19', 'checkin_time': '17:55', 'guests_count': 4, 'shift_manager': 'Meghan Vasquez'}
[2025-07-19T19:21:45.269+0000] {subprocess.py:93} INFO - [✓] Sent to checkins: {'checkin_id': 4717, 'customer_name': 'Jill Payne', 'phone_number': '633-600-4460x3021', 'branch_id': 102, 'table_id': 202, 'is_prebooked': False, 'checkin_date': '2025-07-19', 'checkin_time': '18:47', 'guests_count': 4, 'shift_manager': 'Bonnie Foster'}
[2025-07-19T19:21:45.270+0000] {subprocess.py:93} INFO - [✓] Sent to checkins: {'checkin_id': 7295, 'customer_name': 'Michael Martin', 'phone_number': '9168495408', 'branch_id': 102, 'table_id': 209, 'is_prebooked': False, 'checkin_date': '2025-07-19', 'checkin_time': '17:35', 'guests_count': 4, 'shift_manager': 'Richard Graham'}
[2025-07-19T19:21:45.270+0000] {subprocess.py:93} INFO - [✓] Sent to feedback: {'feedback_id': 1995, 'branch_id': 101, 'customer_name': 'Joseph Villanueva', 'phone_number': '(773)991-7045x301', 'feedback_text': 'Hit station market.', 'rating': 5, 'dining_date': '2025-07-19', 'dining_time': '18:26', 'submission_time': '2025-07-19T19:21:41'}
[2025-07-19T19:21:45.271+0000] {subprocess.py:93} INFO - [✓] Sent to feedback: {'feedback_id': 2162, 'branch_id': 101, 'customer_name': 'Emma Davenport', 'phone_number': '868.654.9613x287', 'feedback_text': 'Research example however should half travel.', 'rating': 1, 'dining_date': '2025-07-19', 'dining_time': '18:44', 'submission_time': '2025-07-19T19:21:41'}
[2025-07-19T19:21:45.271+0000] {subprocess.py:93} INFO - [✓] Sent to feedback: {'feedback_id': 3858, 'branch_id': 102, 'customer_name': 'William Oconnor', 'phone_number': '338-220-9693x7589', 'feedback_text': 'Year pull teacher simply manage.', 'rating': 5, 'dining_date': '2025-07-19', 'dining_time': '17:37', 'submission_time': '2025-07-19T19:21:41'}
[2025-07-19T19:21:45.272+0000] {subprocess.py:93} INFO - ✅ All messages sent.
[2025-07-19T19:21:45.315+0000] {subprocess.py:97} INFO - Command exited with return code 0
[2025-07-19T19:21:45.335+0000] {taskinstance.py:1400} INFO - Marking task as SUCCESS. dag_id=restaurant_pipeline, task_id=send_to_kafka, execution_date=20250719T191800, start_date=20250719T192142, end_date=20250719T192145
[2025-07-19T19:21:45.357+0000] {local_task_job_runner.py:228} INFO - Task exited with return code 0
[2025-07-19T19:21:45.384+0000] {taskinstance.py:2778} INFO - 1 downstream tasks scheduled from follow-on schedule check
