[2025-07-18T18:33:37.806+0000] {taskinstance.py:1159} INFO - Dependencies all met for dep_context=non-requeueable deps ti=<TaskInstance: restaurant_pipeline.send_to_kafka manual__2025-07-18T18:32:41.003754+00:00 [queued]>
[2025-07-18T18:33:37.811+0000] {taskinstance.py:1159} INFO - Dependencies all met for dep_context=requeueable deps ti=<TaskInstance: restaurant_pipeline.send_to_kafka manual__2025-07-18T18:32:41.003754+00:00 [queued]>
[2025-07-18T18:33:37.811+0000] {taskinstance.py:1361} INFO - Starting attempt 1 of 1
[2025-07-18T18:33:37.819+0000] {taskinstance.py:1382} INFO - Executing <Task(BashOperator): send_to_kafka> on 2025-07-18 18:32:41.003754+00:00
[2025-07-18T18:33:37.821+0000] {standard_task_runner.py:57} INFO - Started process 3472 to run task
[2025-07-18T18:33:37.823+0000] {standard_task_runner.py:84} INFO - Running: ['***', 'tasks', 'run', 'restaurant_pipeline', 'send_to_kafka', 'manual__2025-07-18T18:32:41.003754+00:00', '--job-id', '385', '--raw', '--subdir', 'DAGS_FOLDER/restaurant_pipeline.py', '--cfg-path', '/tmp/tmpzdf2ml14']
[2025-07-18T18:33:37.825+0000] {standard_task_runner.py:85} INFO - Job 385: Subtask send_to_kafka
[2025-07-18T18:33:37.847+0000] {task_command.py:416} INFO - Running <TaskInstance: restaurant_pipeline.send_to_kafka manual__2025-07-18T18:32:41.003754+00:00 [running]> on host 9bcfb43e0ab7
[2025-07-18T18:33:37.883+0000] {taskinstance.py:1662} INFO - Exporting env vars: AIRFLOW_CTX_DAG_OWNER='moran' AIRFLOW_CTX_DAG_ID='restaurant_pipeline' AIRFLOW_CTX_TASK_ID='send_to_kafka' AIRFLOW_CTX_EXECUTION_DATE='2025-07-18T18:32:41.003754+00:00' AIRFLOW_CTX_TRY_NUMBER='1' AIRFLOW_CTX_DAG_RUN_ID='manual__2025-07-18T18:32:41.003754+00:00'
[2025-07-18T18:33:37.883+0000] {subprocess.py:63} INFO - Tmp dir root location: /tmp
[2025-07-18T18:33:37.884+0000] {subprocess.py:75} INFO - Running command: ['/bin/bash', '-c', 'python /opt/streaming/producer.py']
[2025-07-18T18:33:37.887+0000] {subprocess.py:86} INFO - Output:
[2025-07-18T18:33:40.146+0000] {subprocess.py:93} INFO - [✓] Sent to reservations: {'reservation_id': 3060, 'branch_id': 102, 'customer_name': 'Michelle Moore', 'phone_number': '001-376-957-3595x215', 'reservation_date': '2025-07-18', 'reservation_time': '20:07', 'guests_count': 6, 'is_confirmed': True}
[2025-07-18T18:33:40.147+0000] {subprocess.py:93} INFO - [✓] Sent to reservations: {'reservation_id': 5031, 'branch_id': 102, 'customer_name': 'Andrea Cunningham', 'phone_number': '(972)201-0961x713', 'reservation_date': '2025-07-18', 'reservation_time': '18:53', 'guests_count': 4, 'is_confirmed': False}
[2025-07-18T18:33:40.148+0000] {subprocess.py:93} INFO - [✓] Sent to reservations: {'reservation_id': 7338, 'branch_id': 102, 'customer_name': 'Courtney Gill', 'phone_number': '308.607.0005x17258', 'reservation_date': '2025-07-18', 'reservation_time': '20:20', 'guests_count': 1, 'is_confirmed': False}
[2025-07-18T18:33:40.148+0000] {subprocess.py:93} INFO - [✓] Sent to checkins: {'checkin_id': 1556, 'customer_name': 'Tyrone Larsen', 'phone_number': '(673)608-8861', 'branch_id': 102, 'table_id': 200, 'is_prebooked': True, 'checkin_date': '2025-07-18', 'checkin_time': '16:33', 'guests_count': 3, 'shift_manager': 'Robert Reynolds'}
[2025-07-18T18:33:40.148+0000] {subprocess.py:93} INFO - [✓] Sent to checkins: {'checkin_id': 5349, 'customer_name': 'Mario Chambers', 'phone_number': '724.716.0323x6438', 'branch_id': 101, 'table_id': 206, 'is_prebooked': False, 'checkin_date': '2025-07-18', 'checkin_time': '18:32', 'guests_count': 4, 'shift_manager': 'Kimberly Schaefer'}
[2025-07-18T18:33:40.149+0000] {subprocess.py:93} INFO - [✓] Sent to checkins: {'checkin_id': 4354, 'customer_name': 'Terry Shields', 'phone_number': '+1-551-255-0779x69447', 'branch_id': 102, 'table_id': 200, 'is_prebooked': True, 'checkin_date': '2025-07-18', 'checkin_time': '17:54', 'guests_count': 2, 'shift_manager': 'Tracy Peterson'}
[2025-07-18T18:33:40.149+0000] {subprocess.py:93} INFO - [✓] Sent to feedback: {'feedback_id': 8660, 'branch_id': 101, 'customer_name': 'Jennifer Montoya', 'phone_number': '+1-291-917-0453x737', 'feedback_text': 'Turn no tough safe free which suffer.', 'rating': 1, 'dining_date': '2025-07-18', 'dining_time': '18:13', 'submission_time': '2025-07-18T18:33:36'}
[2025-07-18T18:33:40.149+0000] {subprocess.py:93} INFO - [✓] Sent to feedback: {'feedback_id': 1575, 'branch_id': 102, 'customer_name': 'David Davis', 'phone_number': '(856)292-0446', 'feedback_text': 'Soldier me down dream finally million.', 'rating': 1, 'dining_date': '2025-07-18', 'dining_time': '16:55', 'submission_time': '2025-07-18T18:33:36'}
[2025-07-18T18:33:40.150+0000] {subprocess.py:93} INFO - [✓] Sent to feedback: {'feedback_id': 1896, 'branch_id': 101, 'customer_name': 'Rebecca Thompson', 'phone_number': '001-966-782-2325x563', 'feedback_text': 'Specific sign reveal note drug however thing other.', 'rating': 5, 'dining_date': '2025-07-18', 'dining_time': '16:53', 'submission_time': '2025-07-18T18:33:36'}
[2025-07-18T18:33:40.150+0000] {subprocess.py:93} INFO - ✅ All messages sent.
[2025-07-18T18:33:40.198+0000] {subprocess.py:97} INFO - Command exited with return code 0
[2025-07-18T18:33:40.218+0000] {taskinstance.py:1400} INFO - Marking task as SUCCESS. dag_id=restaurant_pipeline, task_id=send_to_kafka, execution_date=20250718T183241, start_date=20250718T183337, end_date=20250718T183340
[2025-07-18T18:33:40.245+0000] {local_task_job_runner.py:228} INFO - Task exited with return code 0
[2025-07-18T18:33:40.271+0000] {taskinstance.py:2778} INFO - 1 downstream tasks scheduled from follow-on schedule check
