[2025-07-18T19:46:21.732+0000] {taskinstance.py:1159} INFO - Dependencies all met for dep_context=non-requeueable deps ti=<TaskInstance: restaurant_pipeline.send_to_kafka scheduled__2025-07-18T19:44:00+00:00 [queued]>
[2025-07-18T19:46:21.738+0000] {taskinstance.py:1159} INFO - Dependencies all met for dep_context=requeueable deps ti=<TaskInstance: restaurant_pipeline.send_to_kafka scheduled__2025-07-18T19:44:00+00:00 [queued]>
[2025-07-18T19:46:21.739+0000] {taskinstance.py:1361} INFO - Starting attempt 1 of 1
[2025-07-18T19:46:21.746+0000] {taskinstance.py:1382} INFO - Executing <Task(BashOperator): send_to_kafka> on 2025-07-18 19:44:00+00:00
[2025-07-18T19:46:21.749+0000] {standard_task_runner.py:57} INFO - Started process 5411 to run task
[2025-07-18T19:46:21.751+0000] {standard_task_runner.py:84} INFO - Running: ['***', 'tasks', 'run', 'restaurant_pipeline', 'send_to_kafka', 'scheduled__2025-07-18T19:44:00+00:00', '--job-id', '560', '--raw', '--subdir', 'DAGS_FOLDER/restaurant_pipeline.py', '--cfg-path', '/tmp/tmp2_0q311s']
[2025-07-18T19:46:21.753+0000] {standard_task_runner.py:85} INFO - Job 560: Subtask send_to_kafka
[2025-07-18T19:46:21.804+0000] {task_command.py:416} INFO - Running <TaskInstance: restaurant_pipeline.send_to_kafka scheduled__2025-07-18T19:44:00+00:00 [running]> on host 9bcfb43e0ab7
[2025-07-18T19:46:21.844+0000] {taskinstance.py:1662} INFO - Exporting env vars: AIRFLOW_CTX_DAG_OWNER='moran' AIRFLOW_CTX_DAG_ID='restaurant_pipeline' AIRFLOW_CTX_TASK_ID='send_to_kafka' AIRFLOW_CTX_EXECUTION_DATE='2025-07-18T19:44:00+00:00' AIRFLOW_CTX_TRY_NUMBER='1' AIRFLOW_CTX_DAG_RUN_ID='scheduled__2025-07-18T19:44:00+00:00'
[2025-07-18T19:46:21.844+0000] {subprocess.py:63} INFO - Tmp dir root location: /tmp
[2025-07-18T19:46:21.845+0000] {subprocess.py:75} INFO - Running command: ['/bin/bash', '-c', 'python /opt/streaming/producer.py']
[2025-07-18T19:46:21.849+0000] {subprocess.py:86} INFO - Output:
[2025-07-18T19:46:24.092+0000] {subprocess.py:93} INFO - [✓] Sent to reservations: {'reservation_id': 6360, 'branch_id': 101, 'customer_name': 'Robert Waters', 'phone_number': '001-933-572-6010', 'reservation_date': '2025-07-18', 'reservation_time': '20:53', 'guests_count': 7, 'is_confirmed': False}
[2025-07-18T19:46:24.095+0000] {subprocess.py:93} INFO - [✓] Sent to reservations: {'reservation_id': 4484, 'branch_id': 102, 'customer_name': 'Nathaniel Meza', 'phone_number': '394-201-6990x11497', 'reservation_date': '2025-07-18', 'reservation_time': '21:06', 'guests_count': 5, 'is_confirmed': True}
[2025-07-18T19:46:24.096+0000] {subprocess.py:93} INFO - [✓] Sent to reservations: {'reservation_id': 8056, 'branch_id': 102, 'customer_name': 'William Hernandez', 'phone_number': '+1-823-765-0011x717', 'reservation_date': '2025-07-18', 'reservation_time': '21:41', 'guests_count': 3, 'is_confirmed': True}
[2025-07-18T19:46:24.096+0000] {subprocess.py:93} INFO - [✓] Sent to checkins: {'checkin_id': 8005, 'customer_name': 'Margaret Williamson', 'phone_number': '001-619-293-4036x370', 'branch_id': 101, 'table_id': 210, 'is_prebooked': False, 'checkin_date': '2025-07-18', 'checkin_time': '17:46', 'guests_count': 3, 'shift_manager': 'Rebecca Kaufman'}
[2025-07-18T19:46:24.096+0000] {subprocess.py:93} INFO - [✓] Sent to checkins: {'checkin_id': 1342, 'customer_name': 'Crystal Jackson', 'phone_number': '308-927-3521', 'branch_id': 101, 'table_id': 205, 'is_prebooked': True, 'checkin_date': '2025-07-18', 'checkin_time': '18:44', 'guests_count': 4, 'shift_manager': 'Heather James'}
[2025-07-18T19:46:24.096+0000] {subprocess.py:93} INFO - [✓] Sent to checkins: {'checkin_id': 9044, 'customer_name': 'Natalie Reese', 'phone_number': '776.848.8758x953', 'branch_id': 102, 'table_id': 202, 'is_prebooked': False, 'checkin_date': '2025-07-18', 'checkin_time': '17:49', 'guests_count': 6, 'shift_manager': 'Gabrielle Phillips'}
[2025-07-18T19:46:24.096+0000] {subprocess.py:93} INFO - [✓] Sent to feedback: {'feedback_id': 2232, 'branch_id': 102, 'customer_name': 'Jennifer Harrison', 'phone_number': '001-426-806-9185x46874', 'feedback_text': 'Class strategy wide much only.', 'rating': 3, 'dining_date': '2025-07-18', 'dining_time': '17:55', 'submission_time': '2025-07-18T19:46:20'}
[2025-07-18T19:46:24.096+0000] {subprocess.py:93} INFO - [✓] Sent to feedback: {'feedback_id': 6264, 'branch_id': 101, 'customer_name': 'Tony Bradley', 'phone_number': '(528)448-7251', 'feedback_text': 'Hope have energy actually beautiful finish.', 'rating': 2, 'dining_date': '2025-07-18', 'dining_time': '18:34', 'submission_time': '2025-07-18T19:46:20'}
[2025-07-18T19:46:24.096+0000] {subprocess.py:93} INFO - [✓] Sent to feedback: {'feedback_id': 2262, 'branch_id': 101, 'customer_name': 'Stephen Rogers', 'phone_number': '+1-442-791-2659', 'feedback_text': 'Partner road fall matter particular including those.', 'rating': 1, 'dining_date': '2025-07-18', 'dining_time': '18:52', 'submission_time': '2025-07-18T19:46:20'}
[2025-07-18T19:46:24.097+0000] {subprocess.py:93} INFO - ✅ All messages sent.
[2025-07-18T19:46:24.131+0000] {subprocess.py:97} INFO - Command exited with return code 0
[2025-07-18T19:46:24.153+0000] {taskinstance.py:1400} INFO - Marking task as SUCCESS. dag_id=restaurant_pipeline, task_id=send_to_kafka, execution_date=20250718T194400, start_date=20250718T194621, end_date=20250718T194624
[2025-07-18T19:46:24.166+0000] {local_task_job_runner.py:228} INFO - Task exited with return code 0
[2025-07-18T19:46:24.205+0000] {taskinstance.py:2778} INFO - 1 downstream tasks scheduled from follow-on schedule check
