[2025-07-18T19:30:21.045+0000] {taskinstance.py:1159} INFO - Dependencies all met for dep_context=non-requeueable deps ti=<TaskInstance: restaurant_pipeline.send_to_kafka scheduled__2025-07-18T19:28:00+00:00 [queued]>
[2025-07-18T19:30:21.049+0000] {taskinstance.py:1159} INFO - Dependencies all met for dep_context=requeueable deps ti=<TaskInstance: restaurant_pipeline.send_to_kafka scheduled__2025-07-18T19:28:00+00:00 [queued]>
[2025-07-18T19:30:21.049+0000] {taskinstance.py:1361} INFO - Starting attempt 1 of 1
[2025-07-18T19:30:21.054+0000] {taskinstance.py:1382} INFO - Executing <Task(BashOperator): send_to_kafka> on 2025-07-18 19:28:00+00:00
[2025-07-18T19:30:21.056+0000] {standard_task_runner.py:57} INFO - Started process 5005 to run task
[2025-07-18T19:30:21.058+0000] {standard_task_runner.py:84} INFO - Running: ['***', 'tasks', 'run', 'restaurant_pipeline', 'send_to_kafka', 'scheduled__2025-07-18T19:28:00+00:00', '--job-id', '525', '--raw', '--subdir', 'DAGS_FOLDER/restaurant_pipeline.py', '--cfg-path', '/tmp/tmpayffbie2']
[2025-07-18T19:30:21.060+0000] {standard_task_runner.py:85} INFO - Job 525: Subtask send_to_kafka
[2025-07-18T19:30:21.082+0000] {task_command.py:416} INFO - Running <TaskInstance: restaurant_pipeline.send_to_kafka scheduled__2025-07-18T19:28:00+00:00 [running]> on host 9bcfb43e0ab7
[2025-07-18T19:30:21.118+0000] {taskinstance.py:1662} INFO - Exporting env vars: AIRFLOW_CTX_DAG_OWNER='moran' AIRFLOW_CTX_DAG_ID='restaurant_pipeline' AIRFLOW_CTX_TASK_ID='send_to_kafka' AIRFLOW_CTX_EXECUTION_DATE='2025-07-18T19:28:00+00:00' AIRFLOW_CTX_TRY_NUMBER='1' AIRFLOW_CTX_DAG_RUN_ID='scheduled__2025-07-18T19:28:00+00:00'
[2025-07-18T19:30:21.119+0000] {subprocess.py:63} INFO - Tmp dir root location: /tmp
[2025-07-18T19:30:21.119+0000] {subprocess.py:75} INFO - Running command: ['/bin/bash', '-c', 'python /opt/streaming/producer.py']
[2025-07-18T19:30:21.123+0000] {subprocess.py:86} INFO - Output:
[2025-07-18T19:30:23.371+0000] {subprocess.py:93} INFO - [✓] Sent to reservations: {'reservation_id': 3162, 'branch_id': 101, 'customer_name': 'Katie Flores', 'phone_number': '3735145983', 'reservation_date': '2025-07-18', 'reservation_time': '21:18', 'guests_count': 4, 'is_confirmed': False}
[2025-07-18T19:30:23.372+0000] {subprocess.py:93} INFO - [✓] Sent to reservations: {'reservation_id': 5501, 'branch_id': 101, 'customer_name': 'Stephanie Nichols', 'phone_number': '(259)361-7757x1432', 'reservation_date': '2025-07-18', 'reservation_time': '21:00', 'guests_count': 4, 'is_confirmed': False}
[2025-07-18T19:30:23.372+0000] {subprocess.py:93} INFO - [✓] Sent to reservations: {'reservation_id': 2486, 'branch_id': 102, 'customer_name': 'Zachary Perry', 'phone_number': '(265)688-2638', 'reservation_date': '2025-07-18', 'reservation_time': '20:00', 'guests_count': 1, 'is_confirmed': True}
[2025-07-18T19:30:23.372+0000] {subprocess.py:93} INFO - [✓] Sent to checkins: {'checkin_id': 9839, 'customer_name': 'Laura Price', 'phone_number': '001-790-952-1066', 'branch_id': 101, 'table_id': 202, 'is_prebooked': True, 'checkin_date': '2025-07-18', 'checkin_time': '18:47', 'guests_count': 4, 'shift_manager': 'Elizabeth Shaw'}
[2025-07-18T19:30:23.372+0000] {subprocess.py:93} INFO - [✓] Sent to checkins: {'checkin_id': 6205, 'customer_name': 'Bryan Hall', 'phone_number': '409-394-3658x611', 'branch_id': 102, 'table_id': 204, 'is_prebooked': False, 'checkin_date': '2025-07-18', 'checkin_time': '18:59', 'guests_count': 1, 'shift_manager': 'Juan Lynn'}
[2025-07-18T19:30:23.372+0000] {subprocess.py:93} INFO - [✓] Sent to checkins: {'checkin_id': 5018, 'customer_name': 'Todd Klein', 'phone_number': '574-666-6551x61138', 'branch_id': 101, 'table_id': 202, 'is_prebooked': False, 'checkin_date': '2025-07-18', 'checkin_time': '19:01', 'guests_count': 5, 'shift_manager': 'Thomas Hunter'}
[2025-07-18T19:30:23.372+0000] {subprocess.py:93} INFO - [✓] Sent to feedback: {'feedback_id': 7494, 'branch_id': 101, 'customer_name': 'Michael Levine', 'phone_number': '9332952448', 'feedback_text': 'Treat hundred necessary heavy girl.', 'rating': 3, 'dining_date': '2025-07-18', 'dining_time': '18:32', 'submission_time': '2025-07-18T19:30:20'}
[2025-07-18T19:30:23.373+0000] {subprocess.py:93} INFO - [✓] Sent to feedback: {'feedback_id': 5071, 'branch_id': 101, 'customer_name': 'Lauren Stevenson', 'phone_number': '344-713-6592x611', 'feedback_text': 'Including old skill nice recent government military walk.', 'rating': 2, 'dining_date': '2025-07-18', 'dining_time': '19:13', 'submission_time': '2025-07-18T19:30:20'}
[2025-07-18T19:30:23.373+0000] {subprocess.py:93} INFO - [✓] Sent to feedback: {'feedback_id': 2499, 'branch_id': 101, 'customer_name': 'Brittany Nelson', 'phone_number': '+1-865-669-0277x0293', 'feedback_text': 'By various even relate politics allow.', 'rating': 1, 'dining_date': '2025-07-18', 'dining_time': '17:55', 'submission_time': '2025-07-18T19:30:20'}
[2025-07-18T19:30:23.373+0000] {subprocess.py:93} INFO - ✅ All messages sent.
[2025-07-18T19:30:23.417+0000] {subprocess.py:97} INFO - Command exited with return code 0
[2025-07-18T19:30:23.443+0000] {taskinstance.py:1400} INFO - Marking task as SUCCESS. dag_id=restaurant_pipeline, task_id=send_to_kafka, execution_date=20250718T192800, start_date=20250718T193021, end_date=20250718T193023
[2025-07-18T19:30:23.486+0000] {local_task_job_runner.py:228} INFO - Task exited with return code 0
[2025-07-18T19:30:23.514+0000] {taskinstance.py:2778} INFO - 1 downstream tasks scheduled from follow-on schedule check
