[2025-07-18T19:04:41.849+0000] {taskinstance.py:1159} INFO - Dependencies all met for dep_context=non-requeueable deps ti=<TaskInstance: restaurant_pipeline.send_to_kafka scheduled__2025-07-18T19:02:00+00:00 [queued]>
[2025-07-18T19:04:41.854+0000] {taskinstance.py:1159} INFO - Dependencies all met for dep_context=requeueable deps ti=<TaskInstance: restaurant_pipeline.send_to_kafka scheduled__2025-07-18T19:02:00+00:00 [queued]>
[2025-07-18T19:04:41.854+0000] {taskinstance.py:1361} INFO - Starting attempt 1 of 1
[2025-07-18T19:04:41.860+0000] {taskinstance.py:1382} INFO - Executing <Task(BashOperator): send_to_kafka> on 2025-07-18 19:02:00+00:00
[2025-07-18T19:04:41.863+0000] {standard_task_runner.py:57} INFO - Started process 4291 to run task
[2025-07-18T19:04:41.866+0000] {standard_task_runner.py:84} INFO - Running: ['***', 'tasks', 'run', 'restaurant_pipeline', 'send_to_kafka', 'scheduled__2025-07-18T19:02:00+00:00', '--job-id', '460', '--raw', '--subdir', 'DAGS_FOLDER/restaurant_pipeline.py', '--cfg-path', '/tmp/tmpsvjy4xmd']
[2025-07-18T19:04:41.868+0000] {standard_task_runner.py:85} INFO - Job 460: Subtask send_to_kafka
[2025-07-18T19:04:41.899+0000] {task_command.py:416} INFO - Running <TaskInstance: restaurant_pipeline.send_to_kafka scheduled__2025-07-18T19:02:00+00:00 [running]> on host 9bcfb43e0ab7
[2025-07-18T19:04:41.949+0000] {taskinstance.py:1662} INFO - Exporting env vars: AIRFLOW_CTX_DAG_OWNER='moran' AIRFLOW_CTX_DAG_ID='restaurant_pipeline' AIRFLOW_CTX_TASK_ID='send_to_kafka' AIRFLOW_CTX_EXECUTION_DATE='2025-07-18T19:02:00+00:00' AIRFLOW_CTX_TRY_NUMBER='1' AIRFLOW_CTX_DAG_RUN_ID='scheduled__2025-07-18T19:02:00+00:00'
[2025-07-18T19:04:41.951+0000] {subprocess.py:63} INFO - Tmp dir root location: /tmp
[2025-07-18T19:04:41.952+0000] {subprocess.py:75} INFO - Running command: ['/bin/bash', '-c', 'python /opt/streaming/producer.py']
[2025-07-18T19:04:41.958+0000] {subprocess.py:86} INFO - Output:
[2025-07-18T19:04:44.459+0000] {subprocess.py:93} INFO - [✓] Sent to reservations: {'reservation_id': 7242, 'branch_id': 101, 'customer_name': 'Joanna Michael', 'phone_number': '782.528.4984x21333', 'reservation_date': '2025-07-18', 'reservation_time': '20:13', 'guests_count': 2, 'is_confirmed': True}
[2025-07-18T19:04:44.466+0000] {subprocess.py:93} INFO - [✓] Sent to reservations: {'reservation_id': 9097, 'branch_id': 102, 'customer_name': 'Jesse Briggs', 'phone_number': '320-894-2514x67937', 'reservation_date': '2025-07-18', 'reservation_time': '20:35', 'guests_count': 4, 'is_confirmed': False}
[2025-07-18T19:04:44.469+0000] {subprocess.py:93} INFO - [✓] Sent to reservations: {'reservation_id': 8855, 'branch_id': 101, 'customer_name': 'Megan Joyce', 'phone_number': '+1-712-226-8374', 'reservation_date': '2025-07-18', 'reservation_time': '20:10', 'guests_count': 3, 'is_confirmed': True}
[2025-07-18T19:04:44.472+0000] {subprocess.py:93} INFO - [✓] Sent to checkins: {'checkin_id': 9405, 'customer_name': 'Theresa Lopez', 'phone_number': '933.990.2018x370', 'branch_id': 101, 'table_id': 202, 'is_prebooked': True, 'checkin_date': '2025-07-18', 'checkin_time': '18:37', 'guests_count': 1, 'shift_manager': 'Donna Mclaughlin'}
[2025-07-18T19:04:44.474+0000] {subprocess.py:93} INFO - [✓] Sent to checkins: {'checkin_id': 5363, 'customer_name': 'Kayla Mccarthy', 'phone_number': '286-552-3771x763', 'branch_id': 102, 'table_id': 200, 'is_prebooked': True, 'checkin_date': '2025-07-18', 'checkin_time': '18:29', 'guests_count': 2, 'shift_manager': 'Tammy Simpson'}
[2025-07-18T19:04:44.477+0000] {subprocess.py:93} INFO - [✓] Sent to checkins: {'checkin_id': 1218, 'customer_name': 'Benjamin Mcmillan', 'phone_number': '980-216-1408x891', 'branch_id': 102, 'table_id': 206, 'is_prebooked': True, 'checkin_date': '2025-07-18', 'checkin_time': '18:46', 'guests_count': 5, 'shift_manager': 'Richard Brady'}
[2025-07-18T19:04:44.477+0000] {subprocess.py:93} INFO - [✓] Sent to feedback: {'feedback_id': 4461, 'branch_id': 102, 'customer_name': 'Shawn Reilly', 'phone_number': '+1-377-377-2780x06615', 'feedback_text': 'Where garden open especially heart much.', 'rating': 3, 'dining_date': '2025-07-18', 'dining_time': '17:16', 'submission_time': '2025-07-18T19:04:40'}
[2025-07-18T19:04:44.478+0000] {subprocess.py:93} INFO - [✓] Sent to feedback: {'feedback_id': 2880, 'branch_id': 102, 'customer_name': 'Francisco Evans', 'phone_number': '482-539-2796x49306', 'feedback_text': 'Mr above support near rather not city someone.', 'rating': 3, 'dining_date': '2025-07-18', 'dining_time': '17:26', 'submission_time': '2025-07-18T19:04:40'}
[2025-07-18T19:04:44.478+0000] {subprocess.py:93} INFO - [✓] Sent to feedback: {'feedback_id': 9119, 'branch_id': 102, 'customer_name': 'David Salazar', 'phone_number': '+1-868-343-4886x416', 'feedback_text': 'Magazine street forget season much.', 'rating': 5, 'dining_date': '2025-07-18', 'dining_time': '17:29', 'submission_time': '2025-07-18T19:04:40'}
[2025-07-18T19:04:44.478+0000] {subprocess.py:93} INFO - ✅ All messages sent.
[2025-07-18T19:04:44.518+0000] {subprocess.py:97} INFO - Command exited with return code 0
[2025-07-18T19:04:44.542+0000] {taskinstance.py:1400} INFO - Marking task as SUCCESS. dag_id=restaurant_pipeline, task_id=send_to_kafka, execution_date=20250718T190200, start_date=20250718T190441, end_date=20250718T190444
[2025-07-18T19:04:44.585+0000] {local_task_job_runner.py:228} INFO - Task exited with return code 0
[2025-07-18T19:04:44.621+0000] {taskinstance.py:2778} INFO - 0 downstream tasks scheduled from follow-on schedule check
