[2025-07-18T15:05:46.276+0000] {taskinstance.py:1159} INFO - Dependencies all met for dep_context=non-requeueable deps ti=<TaskInstance: restaurant_pipeline.send_to_kafka manual__2025-07-18T15:05:44.922899+00:00 [queued]>
[2025-07-18T15:05:46.282+0000] {taskinstance.py:1159} INFO - Dependencies all met for dep_context=requeueable deps ti=<TaskInstance: restaurant_pipeline.send_to_kafka manual__2025-07-18T15:05:44.922899+00:00 [queued]>
[2025-07-18T15:05:46.282+0000] {taskinstance.py:1361} INFO - Starting attempt 1 of 1
[2025-07-18T15:05:46.289+0000] {taskinstance.py:1382} INFO - Executing <Task(BashOperator): send_to_kafka> on 2025-07-18 15:05:44.922899+00:00
[2025-07-18T15:05:46.292+0000] {standard_task_runner.py:57} INFO - Started process 185 to run task
[2025-07-18T15:05:46.294+0000] {standard_task_runner.py:84} INFO - Running: ['***', 'tasks', 'run', 'restaurant_pipeline', 'send_to_kafka', 'manual__2025-07-18T15:05:44.922899+00:00', '--job-id', '51', '--raw', '--subdir', 'DAGS_FOLDER/restaurant_pipeline.py', '--cfg-path', '/tmp/tmpomwice73']
[2025-07-18T15:05:46.296+0000] {standard_task_runner.py:85} INFO - Job 51: Subtask send_to_kafka
[2025-07-18T15:05:46.324+0000] {task_command.py:416} INFO - Running <TaskInstance: restaurant_pipeline.send_to_kafka manual__2025-07-18T15:05:44.922899+00:00 [running]> on host e0f186224651
[2025-07-18T15:05:46.365+0000] {taskinstance.py:1662} INFO - Exporting env vars: AIRFLOW_CTX_DAG_OWNER='moran' AIRFLOW_CTX_DAG_ID='restaurant_pipeline' AIRFLOW_CTX_TASK_ID='send_to_kafka' AIRFLOW_CTX_EXECUTION_DATE='2025-07-18T15:05:44.922899+00:00' AIRFLOW_CTX_TRY_NUMBER='1' AIRFLOW_CTX_DAG_RUN_ID='manual__2025-07-18T15:05:44.922899+00:00'
[2025-07-18T15:05:46.366+0000] {subprocess.py:63} INFO - Tmp dir root location: /tmp
[2025-07-18T15:05:46.366+0000] {subprocess.py:75} INFO - Running command: ['/bin/bash', '-c', 'python /opt/streaming/producer.py']
[2025-07-18T15:05:46.372+0000] {subprocess.py:86} INFO - Output:
[2025-07-18T15:05:49.086+0000] {subprocess.py:93} INFO - [✓] Sent to reservations: {'reservation_id': 2641, 'branch_id': 101, 'customer_name': 'Renee Mayer', 'phone_number': '425.872.1419x29723', 'reservation_date': '2025-07-18', 'reservation_time': '15:41', 'guests_count': 7, 'is_confirmed': True}
[2025-07-18T15:05:49.090+0000] {subprocess.py:93} INFO - [✓] Sent to reservations: {'reservation_id': 4231, 'branch_id': 101, 'customer_name': 'Marco Mcmillan', 'phone_number': '001-524-337-3404x42096', 'reservation_date': '2025-07-18', 'reservation_time': '17:03', 'guests_count': 4, 'is_confirmed': True}
[2025-07-18T15:05:49.092+0000] {subprocess.py:93} INFO - [✓] Sent to reservations: {'reservation_id': 8278, 'branch_id': 101, 'customer_name': 'Bradley Taylor', 'phone_number': '(867)817-6655', 'reservation_date': '2025-07-18', 'reservation_time': '15:33', 'guests_count': 1, 'is_confirmed': True}
[2025-07-18T15:05:49.093+0000] {subprocess.py:93} INFO - [✓] Sent to checkins: {'checkin_id': 4857, 'customer_name': 'Randall Ramos', 'phone_number': '(715)878-3668x01000', 'branch_id': 101, 'table_id': 206, 'is_prebooked': False, 'checkin_date': '2025-07-18', 'checkin_time': '14:33', 'guests_count': 3, 'shift_manager': 'Beth Winters'}
[2025-07-18T15:05:49.097+0000] {subprocess.py:93} INFO - [✓] Sent to checkins: {'checkin_id': 4039, 'customer_name': 'Angel Carrillo', 'phone_number': '(215)687-1115', 'branch_id': 102, 'table_id': 201, 'is_prebooked': True, 'checkin_date': '2025-07-18', 'checkin_time': '14:29', 'guests_count': 2, 'shift_manager': 'Courtney Dunn'}
[2025-07-18T15:05:49.097+0000] {subprocess.py:93} INFO - [✓] Sent to checkins: {'checkin_id': 9165, 'customer_name': 'Bryan Smith', 'phone_number': '483-560-4301', 'branch_id': 101, 'table_id': 200, 'is_prebooked': False, 'checkin_date': '2025-07-18', 'checkin_time': '13:47', 'guests_count': 2, 'shift_manager': 'Tina Gallegos'}
[2025-07-18T15:05:49.097+0000] {subprocess.py:93} INFO - [✓] Sent to feedback: {'feedback_id': 4321, 'branch_id': 102, 'customer_name': 'Brian Jennings', 'phone_number': '839-704-4441', 'feedback_text': 'Son coach matter on senior religious yet.', 'rating': 1, 'dining_date': '2025-07-18', 'dining_time': '14:56', 'submission_time': '2025-07-18T15:05:45'}
[2025-07-18T15:05:49.098+0000] {subprocess.py:93} INFO - [✓] Sent to feedback: {'feedback_id': 1788, 'branch_id': 101, 'customer_name': 'Kevin Thompson', 'phone_number': '(912)917-1794x73793', 'feedback_text': 'Avoid tree be subject.', 'rating': 3, 'dining_date': '2025-07-18', 'dining_time': '14:18', 'submission_time': '2025-07-18T15:05:45'}
[2025-07-18T15:05:49.098+0000] {subprocess.py:93} INFO - [✓] Sent to feedback: {'feedback_id': 3127, 'branch_id': 102, 'customer_name': 'Richard Henry', 'phone_number': '001-817-944-0872', 'feedback_text': 'Everyone air experience operation.', 'rating': 1, 'dining_date': '2025-07-18', 'dining_time': '14:42', 'submission_time': '2025-07-18T15:05:45'}
[2025-07-18T15:05:49.098+0000] {subprocess.py:93} INFO - ✅ All messages sent.
[2025-07-18T15:05:49.119+0000] {subprocess.py:97} INFO - Command exited with return code 0
[2025-07-18T15:05:49.133+0000] {taskinstance.py:1400} INFO - Marking task as SUCCESS. dag_id=restaurant_pipeline, task_id=send_to_kafka, execution_date=20250718T150544, start_date=20250718T150546, end_date=20250718T150549
[2025-07-18T15:05:49.155+0000] {local_task_job_runner.py:228} INFO - Task exited with return code 0
[2025-07-18T15:05:49.180+0000] {taskinstance.py:2778} INFO - 1 downstream tasks scheduled from follow-on schedule check
