[2025-07-18T18:58:16.350+0000] {taskinstance.py:1159} INFO - Dependencies all met for dep_context=non-requeueable deps ti=<TaskInstance: restaurant_pipeline.send_to_kafka manual__2025-07-18T18:55:47.930823+00:00 [queued]>
[2025-07-18T18:58:16.354+0000] {taskinstance.py:1159} INFO - Dependencies all met for dep_context=requeueable deps ti=<TaskInstance: restaurant_pipeline.send_to_kafka manual__2025-07-18T18:55:47.930823+00:00 [queued]>
[2025-07-18T18:58:16.354+0000] {taskinstance.py:1361} INFO - Starting attempt 1 of 1
[2025-07-18T18:58:16.360+0000] {taskinstance.py:1382} INFO - Executing <Task(BashOperator): send_to_kafka> on 2025-07-18 18:55:47.930823+00:00
[2025-07-18T18:58:16.362+0000] {standard_task_runner.py:57} INFO - Started process 4119 to run task
[2025-07-18T18:58:16.364+0000] {standard_task_runner.py:84} INFO - Running: ['***', 'tasks', 'run', 'restaurant_pipeline', 'send_to_kafka', 'manual__2025-07-18T18:55:47.930823+00:00', '--job-id', '445', '--raw', '--subdir', 'DAGS_FOLDER/restaurant_pipeline.py', '--cfg-path', '/tmp/tmp84hno9ef']
[2025-07-18T18:58:16.366+0000] {standard_task_runner.py:85} INFO - Job 445: Subtask send_to_kafka
[2025-07-18T18:58:16.389+0000] {task_command.py:416} INFO - Running <TaskInstance: restaurant_pipeline.send_to_kafka manual__2025-07-18T18:55:47.930823+00:00 [running]> on host 9bcfb43e0ab7
[2025-07-18T18:58:16.425+0000] {taskinstance.py:1662} INFO - Exporting env vars: AIRFLOW_CTX_DAG_OWNER='moran' AIRFLOW_CTX_DAG_ID='restaurant_pipeline' AIRFLOW_CTX_TASK_ID='send_to_kafka' AIRFLOW_CTX_EXECUTION_DATE='2025-07-18T18:55:47.930823+00:00' AIRFLOW_CTX_TRY_NUMBER='1' AIRFLOW_CTX_DAG_RUN_ID='manual__2025-07-18T18:55:47.930823+00:00'
[2025-07-18T18:58:16.426+0000] {subprocess.py:63} INFO - Tmp dir root location: /tmp
[2025-07-18T18:58:16.427+0000] {subprocess.py:75} INFO - Running command: ['/bin/bash', '-c', 'python /opt/streaming/producer.py']
[2025-07-18T18:58:16.432+0000] {subprocess.py:86} INFO - Output:
[2025-07-18T18:58:18.675+0000] {subprocess.py:93} INFO - [✓] Sent to reservations: {'reservation_id': 9274, 'branch_id': 102, 'customer_name': 'Laura Ashley', 'phone_number': '+1-691-888-1559', 'reservation_date': '2025-07-18', 'reservation_time': '19:52', 'guests_count': 5, 'is_confirmed': True}
[2025-07-18T18:58:18.678+0000] {subprocess.py:93} INFO - [✓] Sent to reservations: {'reservation_id': 8046, 'branch_id': 101, 'customer_name': 'Michelle Kemp', 'phone_number': '7669824148', 'reservation_date': '2025-07-18', 'reservation_time': '19:40', 'guests_count': 4, 'is_confirmed': False}
[2025-07-18T18:58:18.679+0000] {subprocess.py:93} INFO - [✓] Sent to reservations: {'reservation_id': 4101, 'branch_id': 101, 'customer_name': 'Miranda Williams', 'phone_number': '546-258-9740x23886', 'reservation_date': '2025-07-18', 'reservation_time': '19:52', 'guests_count': 6, 'is_confirmed': True}
[2025-07-18T18:58:18.679+0000] {subprocess.py:93} INFO - [✓] Sent to checkins: {'checkin_id': 5246, 'customer_name': 'Emma Pittman', 'phone_number': '(560)280-9503', 'branch_id': 102, 'table_id': 207, 'is_prebooked': True, 'checkin_date': '2025-07-18', 'checkin_time': '18:25', 'guests_count': 4, 'shift_manager': 'Joel Stephens'}
[2025-07-18T18:58:18.679+0000] {subprocess.py:93} INFO - [✓] Sent to checkins: {'checkin_id': 5095, 'customer_name': 'Zachary Andrews', 'phone_number': '(266)741-7044', 'branch_id': 101, 'table_id': 204, 'is_prebooked': True, 'checkin_date': '2025-07-18', 'checkin_time': '18:39', 'guests_count': 1, 'shift_manager': 'Thomas Price'}
[2025-07-18T18:58:18.679+0000] {subprocess.py:93} INFO - [✓] Sent to checkins: {'checkin_id': 4611, 'customer_name': 'Heidi Parker', 'phone_number': '(381)982-6130x298', 'branch_id': 102, 'table_id': 204, 'is_prebooked': False, 'checkin_date': '2025-07-18', 'checkin_time': '18:58', 'guests_count': 6, 'shift_manager': 'Nathan Brown'}
[2025-07-18T18:58:18.679+0000] {subprocess.py:93} INFO - [✓] Sent to feedback: {'feedback_id': 3277, 'branch_id': 102, 'customer_name': 'Kathleen Rivera', 'phone_number': '268-906-8078', 'feedback_text': 'Yes special view until size administration.', 'rating': 3, 'dining_date': '2025-07-18', 'dining_time': '17:47', 'submission_time': '2025-07-18T18:58:15'}
[2025-07-18T18:58:18.680+0000] {subprocess.py:93} INFO - [✓] Sent to feedback: {'feedback_id': 2866, 'branch_id': 101, 'customer_name': 'Madison Ball', 'phone_number': '438-472-2977x014', 'feedback_text': 'Likely thing box skill price trip.', 'rating': 3, 'dining_date': '2025-07-18', 'dining_time': '18:33', 'submission_time': '2025-07-18T18:58:15'}
[2025-07-18T18:58:18.680+0000] {subprocess.py:93} INFO - [✓] Sent to feedback: {'feedback_id': 2558, 'branch_id': 102, 'customer_name': 'Melissa Johnson', 'phone_number': '+1-355-530-9520x97496', 'feedback_text': 'Test necessary feeling news.', 'rating': 4, 'dining_date': '2025-07-18', 'dining_time': '18:18', 'submission_time': '2025-07-18T18:58:15'}
[2025-07-18T18:58:18.680+0000] {subprocess.py:93} INFO - ✅ All messages sent.
[2025-07-18T18:58:18.715+0000] {subprocess.py:97} INFO - Command exited with return code 0
[2025-07-18T18:58:18.742+0000] {taskinstance.py:1400} INFO - Marking task as SUCCESS. dag_id=restaurant_pipeline, task_id=send_to_kafka, execution_date=20250718T185547, start_date=20250718T185816, end_date=20250718T185818
[2025-07-18T18:58:18.780+0000] {local_task_job_runner.py:228} INFO - Task exited with return code 0
[2025-07-18T18:58:18.822+0000] {taskinstance.py:2778} INFO - 1 downstream tasks scheduled from follow-on schedule check
