[2025-07-18T17:36:01.527+0000] {taskinstance.py:1159} INFO - Dependencies all met for dep_context=non-requeueable deps ti=<TaskInstance: restaurant_pipeline.send_to_kafka scheduled__2025-07-18T17:34:00+00:00 [queued]>
[2025-07-18T17:36:01.531+0000] {taskinstance.py:1159} INFO - Dependencies all met for dep_context=requeueable deps ti=<TaskInstance: restaurant_pipeline.send_to_kafka scheduled__2025-07-18T17:34:00+00:00 [queued]>
[2025-07-18T17:36:01.532+0000] {taskinstance.py:1361} INFO - Starting attempt 1 of 1
[2025-07-18T17:36:01.538+0000] {taskinstance.py:1382} INFO - Executing <Task(BashOperator): send_to_kafka> on 2025-07-18 17:34:00+00:00
[2025-07-18T17:36:01.540+0000] {standard_task_runner.py:57} INFO - Started process 2584 to run task
[2025-07-18T17:36:01.543+0000] {standard_task_runner.py:84} INFO - Running: ['***', 'tasks', 'run', 'restaurant_pipeline', 'send_to_kafka', 'scheduled__2025-07-18T17:34:00+00:00', '--job-id', '301', '--raw', '--subdir', 'DAGS_FOLDER/restaurant_pipeline.py', '--cfg-path', '/tmp/tmp859mdq1g']
[2025-07-18T17:36:01.545+0000] {standard_task_runner.py:85} INFO - Job 301: Subtask send_to_kafka
[2025-07-18T17:36:01.574+0000] {task_command.py:416} INFO - Running <TaskInstance: restaurant_pipeline.send_to_kafka scheduled__2025-07-18T17:34:00+00:00 [running]> on host 9bcfb43e0ab7
[2025-07-18T17:36:01.617+0000] {taskinstance.py:1662} INFO - Exporting env vars: AIRFLOW_CTX_DAG_OWNER='moran' AIRFLOW_CTX_DAG_ID='restaurant_pipeline' AIRFLOW_CTX_TASK_ID='send_to_kafka' AIRFLOW_CTX_EXECUTION_DATE='2025-07-18T17:34:00+00:00' AIRFLOW_CTX_TRY_NUMBER='1' AIRFLOW_CTX_DAG_RUN_ID='scheduled__2025-07-18T17:34:00+00:00'
[2025-07-18T17:36:01.618+0000] {subprocess.py:63} INFO - Tmp dir root location: /tmp
[2025-07-18T17:36:01.618+0000] {subprocess.py:75} INFO - Running command: ['/bin/bash', '-c', 'python /opt/streaming/producer.py']
[2025-07-18T17:36:01.623+0000] {subprocess.py:86} INFO - Output:
[2025-07-18T17:36:03.994+0000] {subprocess.py:93} INFO - [✓] Sent to reservations: {'reservation_id': 5985, 'branch_id': 102, 'customer_name': 'Lisa Weaver', 'phone_number': '(809)441-5001', 'reservation_date': '2025-07-18', 'reservation_time': '19:30', 'guests_count': 4, 'is_confirmed': False}
[2025-07-18T17:36:03.998+0000] {subprocess.py:93} INFO - [✓] Sent to reservations: {'reservation_id': 5668, 'branch_id': 102, 'customer_name': 'Edward Roberts', 'phone_number': '386.253.2660', 'reservation_date': '2025-07-18', 'reservation_time': '18:42', 'guests_count': 6, 'is_confirmed': False}
[2025-07-18T17:36:03.999+0000] {subprocess.py:93} INFO - [✓] Sent to reservations: {'reservation_id': 7751, 'branch_id': 102, 'customer_name': 'Emily Martinez', 'phone_number': '001-901-823-6552', 'reservation_date': '2025-07-18', 'reservation_time': '18:19', 'guests_count': 3, 'is_confirmed': False}
[2025-07-18T17:36:03.999+0000] {subprocess.py:93} INFO - [✓] Sent to checkins: {'checkin_id': 3764, 'customer_name': 'Nancy Baker', 'phone_number': '366-660-4168', 'branch_id': 101, 'table_id': 209, 'is_prebooked': True, 'checkin_date': '2025-07-18', 'checkin_time': '17:27', 'guests_count': 4, 'shift_manager': 'Maria Williams'}
[2025-07-18T17:36:04.000+0000] {subprocess.py:93} INFO - [✓] Sent to checkins: {'checkin_id': 2148, 'customer_name': 'Jamie Stanley', 'phone_number': '231.608.3711x5855', 'branch_id': 102, 'table_id': 210, 'is_prebooked': True, 'checkin_date': '2025-07-18', 'checkin_time': '16:44', 'guests_count': 2, 'shift_manager': 'Michael Ryan'}
[2025-07-18T17:36:04.001+0000] {subprocess.py:93} INFO - [✓] Sent to checkins: {'checkin_id': 3172, 'customer_name': 'Cynthia Howell', 'phone_number': '(938)875-5310', 'branch_id': 102, 'table_id': 201, 'is_prebooked': True, 'checkin_date': '2025-07-18', 'checkin_time': '16:18', 'guests_count': 2, 'shift_manager': 'Regina Stevenson'}
[2025-07-18T17:36:04.003+0000] {subprocess.py:93} INFO - [✓] Sent to feedback: {'feedback_id': 4863, 'branch_id': 102, 'customer_name': 'Christopher Scott', 'phone_number': '920-454-7677x9003', 'feedback_text': 'Book who decision decide table.', 'rating': 4, 'dining_date': '2025-07-18', 'dining_time': '17:18', 'submission_time': '2025-07-18T17:36:00'}
[2025-07-18T17:36:04.005+0000] {subprocess.py:93} INFO - [✓] Sent to feedback: {'feedback_id': 5485, 'branch_id': 102, 'customer_name': 'Jordan Allen', 'phone_number': '001-509-710-7473x2643', 'feedback_text': 'Up often name very almost.', 'rating': 1, 'dining_date': '2025-07-18', 'dining_time': '15:43', 'submission_time': '2025-07-18T17:36:00'}
[2025-07-18T17:36:04.006+0000] {subprocess.py:93} INFO - [✓] Sent to feedback: {'feedback_id': 5405, 'branch_id': 101, 'customer_name': 'John Sellers', 'phone_number': '+1-652-897-5352', 'feedback_text': 'Final ten defense suddenly fire.', 'rating': 1, 'dining_date': '2025-07-18', 'dining_time': '16:48', 'submission_time': '2025-07-18T17:36:00'}
[2025-07-18T17:36:04.007+0000] {subprocess.py:93} INFO - ✅ All messages sent.
[2025-07-18T17:36:04.034+0000] {subprocess.py:97} INFO - Command exited with return code 0
[2025-07-18T17:36:04.050+0000] {taskinstance.py:1400} INFO - Marking task as SUCCESS. dag_id=restaurant_pipeline, task_id=send_to_kafka, execution_date=20250718T173400, start_date=20250718T173601, end_date=20250718T173604
[2025-07-18T17:36:04.091+0000] {local_task_job_runner.py:228} INFO - Task exited with return code 0
[2025-07-18T17:36:04.121+0000] {taskinstance.py:2778} INFO - 1 downstream tasks scheduled from follow-on schedule check
