[2025-07-18T19:10:17.545+0000] {taskinstance.py:1159} INFO - Dependencies all met for dep_context=non-requeueable deps ti=<TaskInstance: restaurant_pipeline.send_to_kafka scheduled__2025-07-18T19:08:00+00:00 [queued]>
[2025-07-18T19:10:17.549+0000] {taskinstance.py:1159} INFO - Dependencies all met for dep_context=requeueable deps ti=<TaskInstance: restaurant_pipeline.send_to_kafka scheduled__2025-07-18T19:08:00+00:00 [queued]>
[2025-07-18T19:10:17.549+0000] {taskinstance.py:1361} INFO - Starting attempt 1 of 1
[2025-07-18T19:10:17.555+0000] {taskinstance.py:1382} INFO - Executing <Task(BashOperator): send_to_kafka> on 2025-07-18 19:08:00+00:00
[2025-07-18T19:10:17.557+0000] {standard_task_runner.py:57} INFO - Started process 4455 to run task
[2025-07-18T19:10:17.559+0000] {standard_task_runner.py:84} INFO - Running: ['***', 'tasks', 'run', 'restaurant_pipeline', 'send_to_kafka', 'scheduled__2025-07-18T19:08:00+00:00', '--job-id', '475', '--raw', '--subdir', 'DAGS_FOLDER/restaurant_pipeline.py', '--cfg-path', '/tmp/tmp8i35yxoz']
[2025-07-18T19:10:17.561+0000] {standard_task_runner.py:85} INFO - Job 475: Subtask send_to_kafka
[2025-07-18T19:10:17.583+0000] {task_command.py:416} INFO - Running <TaskInstance: restaurant_pipeline.send_to_kafka scheduled__2025-07-18T19:08:00+00:00 [running]> on host 9bcfb43e0ab7
[2025-07-18T19:10:17.618+0000] {taskinstance.py:1662} INFO - Exporting env vars: AIRFLOW_CTX_DAG_OWNER='moran' AIRFLOW_CTX_DAG_ID='restaurant_pipeline' AIRFLOW_CTX_TASK_ID='send_to_kafka' AIRFLOW_CTX_EXECUTION_DATE='2025-07-18T19:08:00+00:00' AIRFLOW_CTX_TRY_NUMBER='1' AIRFLOW_CTX_DAG_RUN_ID='scheduled__2025-07-18T19:08:00+00:00'
[2025-07-18T19:10:17.618+0000] {subprocess.py:63} INFO - Tmp dir root location: /tmp
[2025-07-18T19:10:17.619+0000] {subprocess.py:75} INFO - Running command: ['/bin/bash', '-c', 'python /opt/streaming/producer.py']
[2025-07-18T19:10:17.623+0000] {subprocess.py:86} INFO - Output:
[2025-07-18T19:10:19.880+0000] {subprocess.py:93} INFO - [✓] Sent to reservations: {'reservation_id': 2017, 'branch_id': 101, 'customer_name': 'Samantha Farley', 'phone_number': '(595)836-2377x3007', 'reservation_date': '2025-07-18', 'reservation_time': '20:51', 'guests_count': 7, 'is_confirmed': True}
[2025-07-18T19:10:19.887+0000] {subprocess.py:93} INFO - [✓] Sent to reservations: {'reservation_id': 7911, 'branch_id': 102, 'customer_name': 'Bridget Avila', 'phone_number': '649-249-9999x0161', 'reservation_date': '2025-07-18', 'reservation_time': '19:47', 'guests_count': 3, 'is_confirmed': True}
[2025-07-18T19:10:19.889+0000] {subprocess.py:93} INFO - [✓] Sent to reservations: {'reservation_id': 6648, 'branch_id': 102, 'customer_name': 'Lori Barnes', 'phone_number': '797.869.2144', 'reservation_date': '2025-07-18', 'reservation_time': '19:32', 'guests_count': 6, 'is_confirmed': False}
[2025-07-18T19:10:19.891+0000] {subprocess.py:93} INFO - [✓] Sent to checkins: {'checkin_id': 4537, 'customer_name': 'Cathy Carson', 'phone_number': '+1-620-870-2065x92575', 'branch_id': 101, 'table_id': 203, 'is_prebooked': False, 'checkin_date': '2025-07-18', 'checkin_time': '18:33', 'guests_count': 3, 'shift_manager': 'Jordan Mitchell'}
[2025-07-18T19:10:19.891+0000] {subprocess.py:93} INFO - [✓] Sent to checkins: {'checkin_id': 1884, 'customer_name': 'Patricia Rocha', 'phone_number': '001-365-214-9438x533', 'branch_id': 102, 'table_id': 210, 'is_prebooked': True, 'checkin_date': '2025-07-18', 'checkin_time': '17:29', 'guests_count': 4, 'shift_manager': 'John Owens'}
[2025-07-18T19:10:19.891+0000] {subprocess.py:93} INFO - [✓] Sent to checkins: {'checkin_id': 6356, 'customer_name': 'April White', 'phone_number': '001-318-963-7705x65739', 'branch_id': 101, 'table_id': 203, 'is_prebooked': False, 'checkin_date': '2025-07-18', 'checkin_time': '18:52', 'guests_count': 5, 'shift_manager': 'Andrew Lowe'}
[2025-07-18T19:10:19.891+0000] {subprocess.py:93} INFO - [✓] Sent to feedback: {'feedback_id': 7859, 'branch_id': 101, 'customer_name': 'Tara Hodge', 'phone_number': '(928)784-4145', 'feedback_text': 'Say our owner serious free bank mouth lose.', 'rating': 4, 'dining_date': '2025-07-18', 'dining_time': '17:27', 'submission_time': '2025-07-18T19:10:17'}
[2025-07-18T19:10:19.891+0000] {subprocess.py:93} INFO - [✓] Sent to feedback: {'feedback_id': 6526, 'branch_id': 101, 'customer_name': 'Nicole Mills', 'phone_number': '236-572-7859', 'feedback_text': 'Know so hair couple price about relationship.', 'rating': 4, 'dining_date': '2025-07-18', 'dining_time': '17:27', 'submission_time': '2025-07-18T19:10:17'}
[2025-07-18T19:10:19.891+0000] {subprocess.py:93} INFO - [✓] Sent to feedback: {'feedback_id': 3976, 'branch_id': 102, 'customer_name': 'Bryan Berry', 'phone_number': '273-510-9394x998', 'feedback_text': 'Answer public book program full.', 'rating': 3, 'dining_date': '2025-07-18', 'dining_time': '18:12', 'submission_time': '2025-07-18T19:10:17'}
[2025-07-18T19:10:19.891+0000] {subprocess.py:93} INFO - ✅ All messages sent.
[2025-07-18T19:10:19.912+0000] {subprocess.py:97} INFO - Command exited with return code 0
[2025-07-18T19:10:19.927+0000] {taskinstance.py:1400} INFO - Marking task as SUCCESS. dag_id=restaurant_pipeline, task_id=send_to_kafka, execution_date=20250718T190800, start_date=20250718T191017, end_date=20250718T191019
[2025-07-18T19:10:19.964+0000] {local_task_job_runner.py:228} INFO - Task exited with return code 0
[2025-07-18T19:10:19.990+0000] {taskinstance.py:2778} INFO - 1 downstream tasks scheduled from follow-on schedule check
