[2025-07-19T18:22:01.769+0000] {taskinstance.py:1159} INFO - Dependencies all met for dep_context=non-requeueable deps ti=<TaskInstance: restaurant_pipeline.send_to_kafka scheduled__2025-07-19T18:20:00+00:00 [queued]>
[2025-07-19T18:22:01.773+0000] {taskinstance.py:1159} INFO - Dependencies all met for dep_context=requeueable deps ti=<TaskInstance: restaurant_pipeline.send_to_kafka scheduled__2025-07-19T18:20:00+00:00 [queued]>
[2025-07-19T18:22:01.773+0000] {taskinstance.py:1361} INFO - Starting attempt 1 of 1
[2025-07-19T18:22:01.779+0000] {taskinstance.py:1382} INFO - Executing <Task(BashOperator): send_to_kafka> on 2025-07-19 18:20:00+00:00
[2025-07-19T18:22:01.781+0000] {standard_task_runner.py:57} INFO - Started process 743 to run task
[2025-07-19T18:22:01.783+0000] {standard_task_runner.py:84} INFO - Running: ['***', 'tasks', 'run', 'restaurant_pipeline', 'send_to_kafka', 'scheduled__2025-07-19T18:20:00+00:00', '--job-id', '973', '--raw', '--subdir', 'DAGS_FOLDER/restaurant_pipeline.py', '--cfg-path', '/tmp/tmpe9sy3rqo']
[2025-07-19T18:22:01.784+0000] {standard_task_runner.py:85} INFO - Job 973: Subtask send_to_kafka
[2025-07-19T18:22:01.807+0000] {task_command.py:416} INFO - Running <TaskInstance: restaurant_pipeline.send_to_kafka scheduled__2025-07-19T18:20:00+00:00 [running]> on host e3f5d8fc4eef
[2025-07-19T18:22:01.906+0000] {taskinstance.py:1662} INFO - Exporting env vars: AIRFLOW_CTX_DAG_OWNER='moran' AIRFLOW_CTX_DAG_ID='restaurant_pipeline' AIRFLOW_CTX_TASK_ID='send_to_kafka' AIRFLOW_CTX_EXECUTION_DATE='2025-07-19T18:20:00+00:00' AIRFLOW_CTX_TRY_NUMBER='1' AIRFLOW_CTX_DAG_RUN_ID='scheduled__2025-07-19T18:20:00+00:00'
[2025-07-19T18:22:01.908+0000] {subprocess.py:63} INFO - Tmp dir root location: /tmp
[2025-07-19T18:22:01.909+0000] {subprocess.py:75} INFO - Running command: ['/bin/bash', '-c', 'python /opt/streaming/producer.py']
[2025-07-19T18:22:01.917+0000] {subprocess.py:86} INFO - Output:
[2025-07-19T18:22:04.208+0000] {subprocess.py:93} INFO - [✓] Sent to reservations: {'reservation_id': 7616, 'branch_id': 102, 'customer_name': 'William Phelps', 'phone_number': '217.262.1815x612', 'reservation_date': '2025-07-19', 'reservation_time': '19:53', 'guests_count': 6, 'is_confirmed': True}
[2025-07-19T18:22:04.215+0000] {subprocess.py:93} INFO - [✓] Sent to reservations: {'reservation_id': 3458, 'branch_id': 101, 'customer_name': 'Megan Brennan', 'phone_number': '749.315.0766', 'reservation_date': '2025-07-19', 'reservation_time': '19:13', 'guests_count': 3, 'is_confirmed': False}
[2025-07-19T18:22:04.216+0000] {subprocess.py:93} INFO - [✓] Sent to reservations: {'reservation_id': 5355, 'branch_id': 102, 'customer_name': 'Thomas Kaufman', 'phone_number': '333.376.1285', 'reservation_date': '2025-07-19', 'reservation_time': '19:06', 'guests_count': 5, 'is_confirmed': True}
[2025-07-19T18:22:04.216+0000] {subprocess.py:93} INFO - [✓] Sent to checkins: {'checkin_id': 8707, 'customer_name': 'Daniel Romero', 'phone_number': '+1-894-660-5095x30938', 'branch_id': 102, 'table_id': 203, 'is_prebooked': True, 'checkin_date': '2025-07-19', 'checkin_time': '18:08', 'guests_count': 4, 'shift_manager': 'Heather Murray'}
[2025-07-19T18:22:04.216+0000] {subprocess.py:93} INFO - [✓] Sent to checkins: {'checkin_id': 8304, 'customer_name': 'Andrew Rodriguez', 'phone_number': '644.856.2273', 'branch_id': 101, 'table_id': 201, 'is_prebooked': False, 'checkin_date': '2025-07-19', 'checkin_time': '17:01', 'guests_count': 4, 'shift_manager': 'Ryan Ortiz'}
[2025-07-19T18:22:04.216+0000] {subprocess.py:93} INFO - [✓] Sent to checkins: {'checkin_id': 9673, 'customer_name': 'Tiffany Baker', 'phone_number': '(586)930-0817x21164', 'branch_id': 101, 'table_id': 203, 'is_prebooked': True, 'checkin_date': '2025-07-19', 'checkin_time': '17:40', 'guests_count': 5, 'shift_manager': 'Nicole Wright'}
[2025-07-19T18:22:04.217+0000] {subprocess.py:93} INFO - [✓] Sent to feedback: {'feedback_id': 7391, 'branch_id': 102, 'customer_name': 'Karen Swanson', 'phone_number': '+1-542-901-2720x71291', 'feedback_text': 'Consumer box after letter peace.', 'rating': 3, 'dining_date': '2025-07-19', 'dining_time': '17:24', 'submission_time': '2025-07-19T18:22:00'}
[2025-07-19T18:22:04.217+0000] {subprocess.py:93} INFO - [✓] Sent to feedback: {'feedback_id': 6347, 'branch_id': 101, 'customer_name': 'Angela Lin', 'phone_number': '001-572-281-8675x53774', 'feedback_text': 'More open direction behind over reality.', 'rating': 5, 'dining_date': '2025-07-19', 'dining_time': '17:56', 'submission_time': '2025-07-19T18:22:00'}
[2025-07-19T18:22:04.217+0000] {subprocess.py:93} INFO - [✓] Sent to feedback: {'feedback_id': 9201, 'branch_id': 102, 'customer_name': 'Alexandria Larson', 'phone_number': '851.500.5743x000', 'feedback_text': 'On win gun foreign.', 'rating': 3, 'dining_date': '2025-07-19', 'dining_time': '17:30', 'submission_time': '2025-07-19T18:22:00'}
[2025-07-19T18:22:04.218+0000] {subprocess.py:93} INFO - ✅ All messages sent.
[2025-07-19T18:22:04.261+0000] {subprocess.py:97} INFO - Command exited with return code 0
[2025-07-19T18:22:04.278+0000] {taskinstance.py:1400} INFO - Marking task as SUCCESS. dag_id=restaurant_pipeline, task_id=send_to_kafka, execution_date=20250719T182000, start_date=20250719T182201, end_date=20250719T182204
[2025-07-19T18:22:04.313+0000] {local_task_job_runner.py:228} INFO - Task exited with return code 0
[2025-07-19T18:22:04.341+0000] {taskinstance.py:2778} INFO - 1 downstream tasks scheduled from follow-on schedule check
