[2025-07-18T18:06:05.264+0000] {taskinstance.py:1159} INFO - Dependencies all met for dep_context=non-requeueable deps ti=<TaskInstance: restaurant_pipeline.send_to_kafka scheduled__2025-07-18T18:04:00+00:00 [queued]>
[2025-07-18T18:06:05.268+0000] {taskinstance.py:1159} INFO - Dependencies all met for dep_context=requeueable deps ti=<TaskInstance: restaurant_pipeline.send_to_kafka scheduled__2025-07-18T18:04:00+00:00 [queued]>
[2025-07-18T18:06:05.268+0000] {taskinstance.py:1361} INFO - Starting attempt 1 of 1
[2025-07-18T18:06:05.276+0000] {taskinstance.py:1382} INFO - Executing <Task(BashOperator): send_to_kafka> on 2025-07-18 18:04:00+00:00
[2025-07-18T18:06:05.279+0000] {standard_task_runner.py:57} INFO - Started process 2762 to run task
[2025-07-18T18:06:05.285+0000] {standard_task_runner.py:84} INFO - Running: ['***', 'tasks', 'run', 'restaurant_pipeline', 'send_to_kafka', 'scheduled__2025-07-18T18:04:00+00:00', '--job-id', '317', '--raw', '--subdir', 'DAGS_FOLDER/restaurant_pipeline.py', '--cfg-path', '/tmp/tmpjtg5bzlb']
[2025-07-18T18:06:05.294+0000] {standard_task_runner.py:85} INFO - Job 317: Subtask send_to_kafka
[2025-07-18T18:06:05.336+0000] {task_command.py:416} INFO - Running <TaskInstance: restaurant_pipeline.send_to_kafka scheduled__2025-07-18T18:04:00+00:00 [running]> on host 9bcfb43e0ab7
[2025-07-18T18:06:05.381+0000] {taskinstance.py:1662} INFO - Exporting env vars: AIRFLOW_CTX_DAG_OWNER='moran' AIRFLOW_CTX_DAG_ID='restaurant_pipeline' AIRFLOW_CTX_TASK_ID='send_to_kafka' AIRFLOW_CTX_EXECUTION_DATE='2025-07-18T18:04:00+00:00' AIRFLOW_CTX_TRY_NUMBER='1' AIRFLOW_CTX_DAG_RUN_ID='scheduled__2025-07-18T18:04:00+00:00'
[2025-07-18T18:06:05.382+0000] {subprocess.py:63} INFO - Tmp dir root location: /tmp
[2025-07-18T18:06:05.383+0000] {subprocess.py:75} INFO - Running command: ['/bin/bash', '-c', 'python /opt/streaming/producer.py']
[2025-07-18T18:06:05.387+0000] {subprocess.py:86} INFO - Output:
[2025-07-18T18:06:07.691+0000] {subprocess.py:93} INFO - [✓] Sent to reservations: {'reservation_id': 4154, 'branch_id': 101, 'customer_name': 'Jennifer Hamilton', 'phone_number': '788.440.1410', 'reservation_date': '2025-07-18', 'reservation_time': '18:51', 'guests_count': 4, 'is_confirmed': False}
[2025-07-18T18:06:07.700+0000] {subprocess.py:93} INFO - [✓] Sent to reservations: {'reservation_id': 9066, 'branch_id': 101, 'customer_name': 'Becky Wu', 'phone_number': '+1-448-201-5916x748', 'reservation_date': '2025-07-18', 'reservation_time': '19:10', 'guests_count': 2, 'is_confirmed': False}
[2025-07-18T18:06:07.708+0000] {subprocess.py:93} INFO - [✓] Sent to reservations: {'reservation_id': 9920, 'branch_id': 101, 'customer_name': 'Danielle Holloway', 'phone_number': '(349)943-2365', 'reservation_date': '2025-07-18', 'reservation_time': '19:56', 'guests_count': 6, 'is_confirmed': True}
[2025-07-18T18:06:07.710+0000] {subprocess.py:93} INFO - [✓] Sent to checkins: {'checkin_id': 2680, 'customer_name': 'Amanda Cunningham', 'phone_number': '001-793-403-2634', 'branch_id': 102, 'table_id': 210, 'is_prebooked': True, 'checkin_date': '2025-07-18', 'checkin_time': '16:33', 'guests_count': 6, 'shift_manager': 'Jonathan Wang'}
[2025-07-18T18:06:07.717+0000] {subprocess.py:93} INFO - [✓] Sent to checkins: {'checkin_id': 5703, 'customer_name': 'Tracy Reynolds', 'phone_number': '001-527-510-3766', 'branch_id': 102, 'table_id': 203, 'is_prebooked': True, 'checkin_date': '2025-07-18', 'checkin_time': '17:42', 'guests_count': 5, 'shift_manager': 'Pamela Erickson'}
[2025-07-18T18:06:07.720+0000] {subprocess.py:93} INFO - [✓] Sent to checkins: {'checkin_id': 3731, 'customer_name': 'Nicholas Figueroa', 'phone_number': '001-653-524-2942x6875', 'branch_id': 102, 'table_id': 204, 'is_prebooked': False, 'checkin_date': '2025-07-18', 'checkin_time': '16:50', 'guests_count': 5, 'shift_manager': 'Jennifer Harris'}
[2025-07-18T18:06:07.726+0000] {subprocess.py:93} INFO - [✓] Sent to feedback: {'feedback_id': 4809, 'branch_id': 101, 'customer_name': 'Penny Hernandez', 'phone_number': '(835)301-1829x44984', 'feedback_text': 'Side spend smile senior language policy can.', 'rating': 1, 'dining_date': '2025-07-18', 'dining_time': '17:33', 'submission_time': '2025-07-18T18:06:04'}
[2025-07-18T18:06:07.729+0000] {subprocess.py:93} INFO - [✓] Sent to feedback: {'feedback_id': 8180, 'branch_id': 101, 'customer_name': 'Mr. William Thompson', 'phone_number': '681-348-1582', 'feedback_text': 'Whether development financial forward suffer case age agree.', 'rating': 2, 'dining_date': '2025-07-18', 'dining_time': '18:05', 'submission_time': '2025-07-18T18:06:04'}
[2025-07-18T18:06:07.730+0000] {subprocess.py:93} INFO - [✓] Sent to feedback: {'feedback_id': 9394, 'branch_id': 101, 'customer_name': 'Anna Jones', 'phone_number': '633-277-0928x929', 'feedback_text': 'Before walk room amount.', 'rating': 5, 'dining_date': '2025-07-18', 'dining_time': '17:35', 'submission_time': '2025-07-18T18:06:04'}
[2025-07-18T18:06:07.732+0000] {subprocess.py:93} INFO - ✅ All messages sent.
[2025-07-18T18:06:07.829+0000] {subprocess.py:97} INFO - Command exited with return code 0
[2025-07-18T18:06:07.904+0000] {taskinstance.py:1400} INFO - Marking task as SUCCESS. dag_id=restaurant_pipeline, task_id=send_to_kafka, execution_date=20250718T180400, start_date=20250718T180605, end_date=20250718T180607
[2025-07-18T18:06:07.996+0000] {local_task_job_runner.py:228} INFO - Task exited with return code 0
[2025-07-18T18:06:08.070+0000] {taskinstance.py:2778} INFO - 1 downstream tasks scheduled from follow-on schedule check
