[2025-07-19T18:36:32.011+0000] {taskinstance.py:1159} INFO - Dependencies all met for dep_context=non-requeueable deps ti=<TaskInstance: restaurant_pipeline.send_to_kafka scheduled__2025-07-19T18:34:00+00:00 [queued]>
[2025-07-19T18:36:32.014+0000] {taskinstance.py:1159} INFO - Dependencies all met for dep_context=requeueable deps ti=<TaskInstance: restaurant_pipeline.send_to_kafka scheduled__2025-07-19T18:34:00+00:00 [queued]>
[2025-07-19T18:36:32.015+0000] {taskinstance.py:1361} INFO - Starting attempt 1 of 1
[2025-07-19T18:36:32.020+0000] {taskinstance.py:1382} INFO - Executing <Task(BashOperator): send_to_kafka> on 2025-07-19 18:34:00+00:00
[2025-07-19T18:36:32.022+0000] {standard_task_runner.py:57} INFO - Started process 1137 to run task
[2025-07-19T18:36:32.023+0000] {standard_task_runner.py:84} INFO - Running: ['***', 'tasks', 'run', 'restaurant_pipeline', 'send_to_kafka', 'scheduled__2025-07-19T18:34:00+00:00', '--job-id', '1008', '--raw', '--subdir', 'DAGS_FOLDER/restaurant_pipeline.py', '--cfg-path', '/tmp/tmp6eu4i90e']
[2025-07-19T18:36:32.025+0000] {standard_task_runner.py:85} INFO - Job 1008: Subtask send_to_kafka
[2025-07-19T18:36:32.046+0000] {task_command.py:416} INFO - Running <TaskInstance: restaurant_pipeline.send_to_kafka scheduled__2025-07-19T18:34:00+00:00 [running]> on host e3f5d8fc4eef
[2025-07-19T18:36:32.081+0000] {taskinstance.py:1662} INFO - Exporting env vars: AIRFLOW_CTX_DAG_OWNER='moran' AIRFLOW_CTX_DAG_ID='restaurant_pipeline' AIRFLOW_CTX_TASK_ID='send_to_kafka' AIRFLOW_CTX_EXECUTION_DATE='2025-07-19T18:34:00+00:00' AIRFLOW_CTX_TRY_NUMBER='1' AIRFLOW_CTX_DAG_RUN_ID='scheduled__2025-07-19T18:34:00+00:00'
[2025-07-19T18:36:32.082+0000] {subprocess.py:63} INFO - Tmp dir root location: /tmp
[2025-07-19T18:36:32.082+0000] {subprocess.py:75} INFO - Running command: ['/bin/bash', '-c', 'python /opt/streaming/producer.py']
[2025-07-19T18:36:32.086+0000] {subprocess.py:86} INFO - Output:
[2025-07-19T18:36:34.369+0000] {subprocess.py:93} INFO - [✓] Sent to reservations: {'reservation_id': 5716, 'branch_id': 101, 'customer_name': 'Jesse Collins', 'phone_number': '(628)294-5114', 'reservation_date': '2025-07-19', 'reservation_time': '19:13', 'guests_count': 4, 'is_confirmed': False}
[2025-07-19T18:36:34.370+0000] {subprocess.py:93} INFO - [✓] Sent to reservations: {'reservation_id': 5331, 'branch_id': 101, 'customer_name': 'Karen Ford', 'phone_number': '815.256.4976', 'reservation_date': '2025-07-19', 'reservation_time': '18:55', 'guests_count': 2, 'is_confirmed': False}
[2025-07-19T18:36:34.370+0000] {subprocess.py:93} INFO - [✓] Sent to reservations: {'reservation_id': 8791, 'branch_id': 102, 'customer_name': 'Amber Howe', 'phone_number': '(671)771-7276x5931', 'reservation_date': '2025-07-19', 'reservation_time': '20:02', 'guests_count': 8, 'is_confirmed': True}
[2025-07-19T18:36:34.371+0000] {subprocess.py:93} INFO - [✓] Sent to checkins: {'checkin_id': 3386, 'customer_name': 'Nathan Henson', 'phone_number': '725.522.6099', 'branch_id': 102, 'table_id': 208, 'is_prebooked': False, 'checkin_date': '2025-07-19', 'checkin_time': '16:49', 'guests_count': 2, 'shift_manager': 'Katelyn Ramirez'}
[2025-07-19T18:36:34.371+0000] {subprocess.py:93} INFO - [✓] Sent to checkins: {'checkin_id': 5893, 'customer_name': 'Cynthia Miranda', 'phone_number': '001-696-649-4154x0583', 'branch_id': 101, 'table_id': 210, 'is_prebooked': True, 'checkin_date': '2025-07-19', 'checkin_time': '18:22', 'guests_count': 4, 'shift_manager': 'Jon Perez'}
[2025-07-19T18:36:34.371+0000] {subprocess.py:93} INFO - [✓] Sent to checkins: {'checkin_id': 8950, 'customer_name': 'Derrick Smith', 'phone_number': '001-262-577-7794', 'branch_id': 102, 'table_id': 210, 'is_prebooked': False, 'checkin_date': '2025-07-19', 'checkin_time': '18:30', 'guests_count': 2, 'shift_manager': 'Melissa Fuller'}
[2025-07-19T18:36:34.371+0000] {subprocess.py:93} INFO - [✓] Sent to feedback: {'feedback_id': 1212, 'branch_id': 101, 'customer_name': 'Paul Miller', 'phone_number': '848-768-8689', 'feedback_text': 'War west draw form receive power.', 'rating': 4, 'dining_date': '2025-07-19', 'dining_time': '17:32', 'submission_time': '2025-07-19T18:36:31'}
[2025-07-19T18:36:34.372+0000] {subprocess.py:93} INFO - [✓] Sent to feedback: {'feedback_id': 3574, 'branch_id': 101, 'customer_name': 'Lorraine Frederick', 'phone_number': '(604)454-8807', 'feedback_text': 'Your window sound his per shake.', 'rating': 3, 'dining_date': '2025-07-19', 'dining_time': '18:00', 'submission_time': '2025-07-19T18:36:31'}
[2025-07-19T18:36:34.372+0000] {subprocess.py:93} INFO - [✓] Sent to feedback: {'feedback_id': 4282, 'branch_id': 101, 'customer_name': 'Daniel Guzman', 'phone_number': '742-572-4638', 'feedback_text': 'Idea floor adult note expect federal cell.', 'rating': 2, 'dining_date': '2025-07-19', 'dining_time': '17:52', 'submission_time': '2025-07-19T18:36:31'}
[2025-07-19T18:36:34.372+0000] {subprocess.py:93} INFO - ✅ All messages sent.
[2025-07-19T18:36:34.420+0000] {subprocess.py:97} INFO - Command exited with return code 0
[2025-07-19T18:36:34.437+0000] {taskinstance.py:1400} INFO - Marking task as SUCCESS. dag_id=restaurant_pipeline, task_id=send_to_kafka, execution_date=20250719T183400, start_date=20250719T183632, end_date=20250719T183634
[2025-07-19T18:36:34.470+0000] {local_task_job_runner.py:228} INFO - Task exited with return code 0
[2025-07-19T18:36:34.498+0000] {taskinstance.py:2778} INFO - 1 downstream tasks scheduled from follow-on schedule check
