[2025-07-18T19:04:06.471+0000] {taskinstance.py:1159} INFO - Dependencies all met for dep_context=non-requeueable deps ti=<TaskInstance: restaurant_pipeline.silver_to_gold manual__2025-07-18T19:00:41.350474+00:00 [queued]>
[2025-07-18T19:04:06.476+0000] {taskinstance.py:1159} INFO - Dependencies all met for dep_context=requeueable deps ti=<TaskInstance: restaurant_pipeline.silver_to_gold manual__2025-07-18T19:00:41.350474+00:00 [queued]>
[2025-07-18T19:04:06.476+0000] {taskinstance.py:1361} INFO - Starting attempt 1 of 1
[2025-07-18T19:04:06.482+0000] {taskinstance.py:1382} INFO - Executing <Task(BashOperator): silver_to_gold> on 2025-07-18 19:00:41.350474+00:00
[2025-07-18T19:04:06.485+0000] {standard_task_runner.py:57} INFO - Started process 4270 to run task
[2025-07-18T19:04:06.487+0000] {standard_task_runner.py:84} INFO - Running: ['***', 'tasks', 'run', 'restaurant_pipeline', 'silver_to_gold', 'manual__2025-07-18T19:00:41.350474+00:00', '--job-id', '458', '--raw', '--subdir', 'DAGS_FOLDER/restaurant_pipeline.py', '--cfg-path', '/tmp/tmpor8zl48s']
[2025-07-18T19:04:06.489+0000] {standard_task_runner.py:85} INFO - Job 458: Subtask silver_to_gold
[2025-07-18T19:04:06.517+0000] {task_command.py:416} INFO - Running <TaskInstance: restaurant_pipeline.silver_to_gold manual__2025-07-18T19:00:41.350474+00:00 [running]> on host 9bcfb43e0ab7
[2025-07-18T19:04:06.554+0000] {taskinstance.py:1662} INFO - Exporting env vars: AIRFLOW_CTX_DAG_OWNER='moran' AIRFLOW_CTX_DAG_ID='restaurant_pipeline' AIRFLOW_CTX_TASK_ID='silver_to_gold' AIRFLOW_CTX_EXECUTION_DATE='2025-07-18T19:00:41.350474+00:00' AIRFLOW_CTX_TRY_NUMBER='1' AIRFLOW_CTX_DAG_RUN_ID='manual__2025-07-18T19:00:41.350474+00:00'
[2025-07-18T19:04:06.555+0000] {subprocess.py:63} INFO - Tmp dir root location: /tmp
[2025-07-18T19:04:06.556+0000] {subprocess.py:75} INFO - Running command: ['/bin/bash', '-c', 'docker exec spark-iceberg spark-submit /home/iceberg/spark/silver_to_gold.py']
[2025-07-18T19:04:06.560+0000] {subprocess.py:86} INFO - Output:
[2025-07-18T19:04:08.282+0000] {subprocess.py:93} INFO - 25/07/18 19:04:08 INFO SparkContext: Running Spark version 3.5.6
[2025-07-18T19:04:08.285+0000] {subprocess.py:93} INFO - 25/07/18 19:04:08 INFO SparkContext: OS info Linux, 6.10.14-linuxkit, aarch64
[2025-07-18T19:04:08.286+0000] {subprocess.py:93} INFO - 25/07/18 19:04:08 INFO SparkContext: Java version 17.0.15
[2025-07-18T19:04:08.312+0000] {subprocess.py:93} INFO - 25/07/18 19:04:08 INFO ResourceUtils: ==============================================================
[2025-07-18T19:04:08.314+0000] {subprocess.py:93} INFO - 25/07/18 19:04:08 INFO ResourceUtils: No custom resources configured for spark.driver.
[2025-07-18T19:04:08.316+0000] {subprocess.py:93} INFO - 25/07/18 19:04:08 INFO ResourceUtils: ==============================================================
[2025-07-18T19:04:08.318+0000] {subprocess.py:93} INFO - 25/07/18 19:04:08 INFO SparkContext: Submitted application: SilverToGold
[2025-07-18T19:04:08.340+0000] {subprocess.py:93} INFO - 25/07/18 19:04:08 INFO ResourceProfile: Default ResourceProfile created, executor resources: Map(cores -> name: cores, amount: 1, script: , vendor: , memory -> name: memory, amount: 1024, script: , vendor: , offHeap -> name: offHeap, amount: 0, script: , vendor: ), task resources: Map(cpus -> name: cpus, amount: 1.0)
[2025-07-18T19:04:08.347+0000] {subprocess.py:93} INFO - 25/07/18 19:04:08 INFO ResourceProfile: Limiting resource is cpu
[2025-07-18T19:04:08.347+0000] {subprocess.py:93} INFO - 25/07/18 19:04:08 INFO ResourceProfileManager: Added ResourceProfile id: 0
[2025-07-18T19:04:08.379+0000] {subprocess.py:93} INFO - 25/07/18 19:04:08 INFO SecurityManager: Changing view acls to: root,spark
[2025-07-18T19:04:08.380+0000] {subprocess.py:93} INFO - 25/07/18 19:04:08 INFO SecurityManager: Changing modify acls to: root,spark
[2025-07-18T19:04:08.380+0000] {subprocess.py:93} INFO - 25/07/18 19:04:08 INFO SecurityManager: Changing view acls groups to:
[2025-07-18T19:04:08.380+0000] {subprocess.py:93} INFO - 25/07/18 19:04:08 INFO SecurityManager: Changing modify acls groups to:
[2025-07-18T19:04:08.380+0000] {subprocess.py:93} INFO - 25/07/18 19:04:08 INFO SecurityManager: SecurityManager: authentication disabled; ui acls disabled; users with view permissions: root, spark; groups with view permissions: EMPTY; users with modify permissions: root, spark; groups with modify permissions: EMPTY
[2025-07-18T19:04:08.423+0000] {subprocess.py:93} INFO - 25/07/18 19:04:08 WARN NativeCodeLoader: Unable to load native-hadoop library for your platform... using builtin-java classes where applicable
[2025-07-18T19:04:08.600+0000] {subprocess.py:93} INFO - 25/07/18 19:04:08 INFO Utils: Successfully started service 'sparkDriver' on port 35051.
[2025-07-18T19:04:08.620+0000] {subprocess.py:93} INFO - 25/07/18 19:04:08 INFO SparkEnv: Registering MapOutputTracker
[2025-07-18T19:04:08.643+0000] {subprocess.py:93} INFO - 25/07/18 19:04:08 INFO SparkEnv: Registering BlockManagerMaster
[2025-07-18T19:04:08.652+0000] {subprocess.py:93} INFO - 25/07/18 19:04:08 INFO BlockManagerMasterEndpoint: Using org.apache.spark.storage.DefaultTopologyMapper for getting topology information
[2025-07-18T19:04:08.653+0000] {subprocess.py:93} INFO - 25/07/18 19:04:08 INFO BlockManagerMasterEndpoint: BlockManagerMasterEndpoint up
[2025-07-18T19:04:08.655+0000] {subprocess.py:93} INFO - 25/07/18 19:04:08 INFO SparkEnv: Registering BlockManagerMasterHeartbeat
[2025-07-18T19:04:08.670+0000] {subprocess.py:93} INFO - 25/07/18 19:04:08 INFO DiskBlockManager: Created local directory at /tmp/blockmgr-24744c39-02ca-42e8-b8bf-bfcd46d98f45
[2025-07-18T19:04:08.677+0000] {subprocess.py:93} INFO - 25/07/18 19:04:08 INFO MemoryStore: MemoryStore started with capacity 434.4 MiB
[2025-07-18T19:04:08.684+0000] {subprocess.py:93} INFO - 25/07/18 19:04:08 INFO SparkEnv: Registering OutputCommitCoordinator
[2025-07-18T19:04:08.742+0000] {subprocess.py:93} INFO - 25/07/18 19:04:08 INFO JettyUtils: Start Jetty 0.0.0.0:4040 for SparkUI
[2025-07-18T19:04:08.770+0000] {subprocess.py:93} INFO - 25/07/18 19:04:08 INFO Utils: Successfully started service 'SparkUI' on port 4040.
[2025-07-18T19:04:08.831+0000] {subprocess.py:93} INFO - 25/07/18 19:04:08 INFO Executor: Starting executor ID driver on host 77cb57a6bd53
[2025-07-18T19:04:08.831+0000] {subprocess.py:93} INFO - 25/07/18 19:04:08 INFO Executor: OS info Linux, 6.10.14-linuxkit, aarch64
[2025-07-18T19:04:08.831+0000] {subprocess.py:93} INFO - 25/07/18 19:04:08 INFO Executor: Java version 17.0.15
[2025-07-18T19:04:08.831+0000] {subprocess.py:93} INFO - 25/07/18 19:04:08 INFO Executor: Starting executor with user classpath (userClassPathFirst = false): ''
[2025-07-18T19:04:08.831+0000] {subprocess.py:93} INFO - 25/07/18 19:04:08 INFO Executor: Created or updated repl class loader org.apache.spark.util.MutableURLClassLoader@3f6dc3c5 for default.
[2025-07-18T19:04:08.845+0000] {subprocess.py:93} INFO - 25/07/18 19:04:08 INFO Utils: Successfully started service 'org.apache.spark.network.netty.NettyBlockTransferService' on port 36991.
[2025-07-18T19:04:08.845+0000] {subprocess.py:93} INFO - 25/07/18 19:04:08 INFO NettyBlockTransferService: Server created on 77cb57a6bd53:36991
[2025-07-18T19:04:08.846+0000] {subprocess.py:93} INFO - 25/07/18 19:04:08 INFO BlockManager: Using org.apache.spark.storage.RandomBlockReplicationPolicy for block replication policy
[2025-07-18T19:04:08.850+0000] {subprocess.py:93} INFO - 25/07/18 19:04:08 INFO BlockManagerMaster: Registering BlockManager BlockManagerId(driver, 77cb57a6bd53, 36991, None)
[2025-07-18T19:04:08.851+0000] {subprocess.py:93} INFO - 25/07/18 19:04:08 INFO BlockManagerMasterEndpoint: Registering block manager 77cb57a6bd53:36991 with 434.4 MiB RAM, BlockManagerId(driver, 77cb57a6bd53, 36991, None)
[2025-07-18T19:04:08.853+0000] {subprocess.py:93} INFO - 25/07/18 19:04:08 INFO BlockManagerMaster: Registered BlockManager BlockManagerId(driver, 77cb57a6bd53, 36991, None)
[2025-07-18T19:04:08.853+0000] {subprocess.py:93} INFO - 25/07/18 19:04:08 INFO BlockManager: Initialized BlockManager: BlockManagerId(driver, 77cb57a6bd53, 36991, None)
[2025-07-18T19:04:09.088+0000] {subprocess.py:93} INFO - 25/07/18 19:04:09 INFO SharedState: Setting hive.metastore.warehouse.dir ('null') to the value of spark.sql.warehouse.dir.
[2025-07-18T19:04:09.091+0000] {subprocess.py:93} INFO - 25/07/18 19:04:09 INFO SharedState: Warehouse path is 'file:/app/spark-warehouse'.
[2025-07-18T19:04:09.733+0000] {subprocess.py:93} INFO - 25/07/18 19:04:09 WARN MetricsConfig: Cannot locate configuration: tried hadoop-metrics2-s3a-file-system.properties,hadoop-metrics2.properties
[2025-07-18T19:04:09.740+0000] {subprocess.py:93} INFO - 25/07/18 19:04:09 INFO MetricsSystemImpl: Scheduled Metric snapshot period at 10 second(s).
[2025-07-18T19:04:09.741+0000] {subprocess.py:93} INFO - 25/07/18 19:04:09 INFO MetricsSystemImpl: s3a-file-system metrics system started
[2025-07-18T19:04:10.766+0000] {subprocess.py:93} INFO - 25/07/18 19:04:10 INFO BaseMetastoreCatalog: Table loaded by catalog: my_catalog.silver.scd2_branch
[2025-07-18T19:04:10.804+0000] {subprocess.py:93} INFO - 25/07/18 19:04:10 INFO BaseMetastoreCatalog: Table loaded by catalog: my_catalog.silver.table
[2025-07-18T19:04:10.843+0000] {subprocess.py:93} INFO - 25/07/18 19:04:10 INFO BaseMetastoreCatalog: Table loaded by catalog: my_catalog.silver.customers
[2025-07-18T19:04:10.936+0000] {subprocess.py:93} INFO - 25/07/18 19:04:10 INFO BaseMetastoreCatalog: Table loaded by catalog: my_catalog.silver.reservations_cleaned
[2025-07-18T19:04:10.967+0000] {subprocess.py:93} INFO - 25/07/18 19:04:10 INFO BaseMetastoreCatalog: Table loaded by catalog: my_catalog.silver.checkins_cleaned
[2025-07-18T19:04:10.999+0000] {subprocess.py:93} INFO - 25/07/18 19:04:10 INFO BaseMetastoreCatalog: Table loaded by catalog: my_catalog.silver.feedback_cleaned
[2025-07-18T19:04:11.844+0000] {subprocess.py:93} INFO - Traceback (most recent call last):
[2025-07-18T19:04:11.845+0000] {subprocess.py:93} INFO -   File "/home/iceberg/spark/silver_to_gold.py", line 188, in <module>
[2025-07-18T19:04:11.845+0000] {subprocess.py:93} INFO -     fact_reservations_df.write.format("iceberg").mode("append").save("my_catalog.gold.fact_reservations")
[2025-07-18T19:04:11.845+0000] {subprocess.py:93} INFO -   File "/opt/bitnami/spark/python/lib/pyspark.zip/pyspark/sql/readwriter.py", line 1463, in save
[2025-07-18T19:04:11.847+0000] {subprocess.py:93} INFO -   File "/opt/bitnami/spark/python/lib/py4j-0.10.9.7-src.zip/py4j/java_gateway.py", line 1322, in __call__
[2025-07-18T19:04:11.847+0000] {subprocess.py:93} INFO -   File "/opt/bitnami/spark/python/lib/pyspark.zip/pyspark/errors/exceptions/captured.py", line 185, in deco
[2025-07-18T19:04:11.852+0000] {subprocess.py:93} INFO - pyspark.errors.exceptions.captured.AnalysisException: [TABLE_OR_VIEW_NOT_FOUND] The table or view gold.fact_reservations cannot be found. Verify the spelling and correctness of the schema and catalog.
[2025-07-18T19:04:11.852+0000] {subprocess.py:93} INFO - If you did not qualify the name with a schema, verify the current_schema() output, or qualify the name with the correct schema and catalog.
[2025-07-18T19:04:11.852+0000] {subprocess.py:93} INFO - To tolerate the error on drop use DROP VIEW IF EXISTS or DROP TABLE IF EXISTS.
[2025-07-18T19:04:11.884+0000] {subprocess.py:93} INFO - 25/07/18 19:04:11 INFO SparkContext: Invoking stop() from shutdown hook
[2025-07-18T19:04:11.885+0000] {subprocess.py:93} INFO - 25/07/18 19:04:11 INFO SparkContext: SparkContext is stopping with exitCode 0.
[2025-07-18T19:04:11.895+0000] {subprocess.py:93} INFO - 25/07/18 19:04:11 INFO SparkUI: Stopped Spark web UI at http://77cb57a6bd53:4040
[2025-07-18T19:04:11.905+0000] {subprocess.py:93} INFO - 25/07/18 19:04:11 INFO MapOutputTrackerMasterEndpoint: MapOutputTrackerMasterEndpoint stopped!
[2025-07-18T19:04:11.920+0000] {subprocess.py:93} INFO - 25/07/18 19:04:11 INFO MemoryStore: MemoryStore cleared
[2025-07-18T19:04:11.920+0000] {subprocess.py:93} INFO - 25/07/18 19:04:11 INFO BlockManager: BlockManager stopped
[2025-07-18T19:04:11.922+0000] {subprocess.py:93} INFO - 25/07/18 19:04:11 INFO BlockManagerMaster: BlockManagerMaster stopped
[2025-07-18T19:04:11.925+0000] {subprocess.py:93} INFO - 25/07/18 19:04:11 INFO OutputCommitCoordinator$OutputCommitCoordinatorEndpoint: OutputCommitCoordinator stopped!
[2025-07-18T19:04:11.933+0000] {subprocess.py:93} INFO - 25/07/18 19:04:11 INFO SparkContext: Successfully stopped SparkContext
[2025-07-18T19:04:11.933+0000] {subprocess.py:93} INFO - 25/07/18 19:04:11 INFO ShutdownHookManager: Shutdown hook called
[2025-07-18T19:04:11.933+0000] {subprocess.py:93} INFO - 25/07/18 19:04:11 INFO ShutdownHookManager: Deleting directory /tmp/spark-3c33d3e9-7e01-4ccb-91bb-9da193c02c61
[2025-07-18T19:04:11.937+0000] {subprocess.py:93} INFO - 25/07/18 19:04:11 INFO ShutdownHookManager: Deleting directory /tmp/spark-af89661d-b935-4afa-af5e-d4e10bd12b62
[2025-07-18T19:04:11.940+0000] {subprocess.py:93} INFO - 25/07/18 19:04:11 INFO ShutdownHookManager: Deleting directory /tmp/spark-af89661d-b935-4afa-af5e-d4e10bd12b62/pyspark-c0cb0346-882e-44d8-8596-69d297daaa88
[2025-07-18T19:04:11.944+0000] {subprocess.py:93} INFO - 25/07/18 19:04:11 INFO MetricsSystemImpl: Stopping s3a-file-system metrics system...
[2025-07-18T19:04:11.945+0000] {subprocess.py:93} INFO - 25/07/18 19:04:11 INFO MetricsSystemImpl: s3a-file-system metrics system stopped.
[2025-07-18T19:04:11.946+0000] {subprocess.py:93} INFO - 25/07/18 19:04:11 INFO MetricsSystemImpl: s3a-file-system metrics system shutdown complete.
[2025-07-18T19:04:12.000+0000] {subprocess.py:97} INFO - Command exited with return code 1
[2025-07-18T19:04:12.011+0000] {taskinstance.py:1937} ERROR - Task failed with exception
Traceback (most recent call last):
  File "/home/airflow/.local/lib/python3.8/site-packages/airflow/operators/bash.py", line 210, in execute
    raise AirflowException(
airflow.exceptions.AirflowException: Bash command failed. The command returned a non-zero exit code 1.
[2025-07-18T19:04:12.016+0000] {taskinstance.py:1400} INFO - Marking task as FAILED. dag_id=restaurant_pipeline, task_id=silver_to_gold, execution_date=20250718T190041, start_date=20250718T190406, end_date=20250718T190412
[2025-07-18T19:04:12.046+0000] {standard_task_runner.py:104} ERROR - Failed to execute job 458 for task silver_to_gold (Bash command failed. The command returned a non-zero exit code 1.; 4270)
[2025-07-18T19:04:12.096+0000] {local_task_job_runner.py:228} INFO - Task exited with return code 1
[2025-07-18T19:04:12.121+0000] {taskinstance.py:2778} INFO - 0 downstream tasks scheduled from follow-on schedule check
