[2025-07-18T15:16:02.141+0000] {taskinstance.py:1159} INFO - Dependencies all met for dep_context=non-requeueable deps ti=<TaskInstance: restaurant_pipeline.send_to_kafka scheduled__2025-07-18T15:14:00+00:00 [queued]>
[2025-07-18T15:16:02.145+0000] {taskinstance.py:1159} INFO - Dependencies all met for dep_context=requeueable deps ti=<TaskInstance: restaurant_pipeline.send_to_kafka scheduled__2025-07-18T15:14:00+00:00 [queued]>
[2025-07-18T15:16:02.145+0000] {taskinstance.py:1361} INFO - Starting attempt 1 of 1
[2025-07-18T15:16:02.151+0000] {taskinstance.py:1382} INFO - Executing <Task(BashOperator): send_to_kafka> on 2025-07-18 15:14:00+00:00
[2025-07-18T15:16:02.153+0000] {standard_task_runner.py:57} INFO - Started process 314 to run task
[2025-07-18T15:16:02.155+0000] {standard_task_runner.py:84} INFO - Running: ['***', 'tasks', 'run', 'restaurant_pipeline', 'send_to_kafka', 'scheduled__2025-07-18T15:14:00+00:00', '--job-id', '76', '--raw', '--subdir', 'DAGS_FOLDER/restaurant_pipeline.py', '--cfg-path', '/tmp/tmpm2nz85x5']
[2025-07-18T15:16:02.156+0000] {standard_task_runner.py:85} INFO - Job 76: Subtask send_to_kafka
[2025-07-18T15:16:02.178+0000] {task_command.py:416} INFO - Running <TaskInstance: restaurant_pipeline.send_to_kafka scheduled__2025-07-18T15:14:00+00:00 [running]> on host 87071fdea595
[2025-07-18T15:16:02.212+0000] {taskinstance.py:1662} INFO - Exporting env vars: AIRFLOW_CTX_DAG_OWNER='moran' AIRFLOW_CTX_DAG_ID='restaurant_pipeline' AIRFLOW_CTX_TASK_ID='send_to_kafka' AIRFLOW_CTX_EXECUTION_DATE='2025-07-18T15:14:00+00:00' AIRFLOW_CTX_TRY_NUMBER='1' AIRFLOW_CTX_DAG_RUN_ID='scheduled__2025-07-18T15:14:00+00:00'
[2025-07-18T15:16:02.212+0000] {subprocess.py:63} INFO - Tmp dir root location: /tmp
[2025-07-18T15:16:02.213+0000] {subprocess.py:75} INFO - Running command: ['/bin/bash', '-c', 'python /opt/streaming/producer.py']
[2025-07-18T15:16:02.217+0000] {subprocess.py:86} INFO - Output:
[2025-07-18T15:16:04.474+0000] {subprocess.py:93} INFO - [✓] Sent to reservations: {'reservation_id': 3149, 'branch_id': 102, 'customer_name': 'Christopher Marquez', 'phone_number': '(858)638-9696x7664', 'reservation_date': '2025-07-18', 'reservation_time': '16:16', 'guests_count': 5, 'is_confirmed': True}
[2025-07-18T15:16:04.475+0000] {subprocess.py:93} INFO - [✓] Sent to reservations: {'reservation_id': 2540, 'branch_id': 101, 'customer_name': 'Joshua Thomas', 'phone_number': '001-799-788-0834x09606', 'reservation_date': '2025-07-18', 'reservation_time': '15:44', 'guests_count': 3, 'is_confirmed': False}
[2025-07-18T15:16:04.475+0000] {subprocess.py:93} INFO - [✓] Sent to reservations: {'reservation_id': 2832, 'branch_id': 101, 'customer_name': 'Angela Franco', 'phone_number': '904-975-4504x4105', 'reservation_date': '2025-07-18', 'reservation_time': '16:48', 'guests_count': 1, 'is_confirmed': False}
[2025-07-18T15:16:04.476+0000] {subprocess.py:93} INFO - [✓] Sent to checkins: {'checkin_id': 2385, 'customer_name': 'Gary Wilson', 'phone_number': '(276)213-8135', 'branch_id': 102, 'table_id': 205, 'is_prebooked': True, 'checkin_date': '2025-07-18', 'checkin_time': '13:23', 'guests_count': 3, 'shift_manager': 'Adam Ramirez'}
[2025-07-18T15:16:04.476+0000] {subprocess.py:93} INFO - [✓] Sent to checkins: {'checkin_id': 8103, 'customer_name': 'Tamara Cunningham', 'phone_number': '441-335-2322x4688', 'branch_id': 101, 'table_id': 210, 'is_prebooked': True, 'checkin_date': '2025-07-18', 'checkin_time': '14:10', 'guests_count': 2, 'shift_manager': 'Janet Woodward'}
[2025-07-18T15:16:04.478+0000] {subprocess.py:93} INFO - [✓] Sent to checkins: {'checkin_id': 5600, 'customer_name': 'Jennifer Hale', 'phone_number': '001-798-396-1993x3614', 'branch_id': 102, 'table_id': 201, 'is_prebooked': False, 'checkin_date': '2025-07-18', 'checkin_time': '14:50', 'guests_count': 3, 'shift_manager': 'Susan Lawrence'}
[2025-07-18T15:16:04.479+0000] {subprocess.py:93} INFO - [✓] Sent to feedback: {'feedback_id': 4220, 'branch_id': 101, 'customer_name': 'Lindsey Simpson', 'phone_number': '(499)924-3859', 'feedback_text': 'Time positive sister plan or.', 'rating': 5, 'dining_date': '2025-07-18', 'dining_time': '14:09', 'submission_time': '2025-07-18T15:16:01'}
[2025-07-18T15:16:04.481+0000] {subprocess.py:93} INFO - [✓] Sent to feedback: {'feedback_id': 5618, 'branch_id': 101, 'customer_name': 'Heather Ramirez', 'phone_number': '(948)665-0138', 'feedback_text': 'Special everyone bank reach across one.', 'rating': 4, 'dining_date': '2025-07-18', 'dining_time': '14:40', 'submission_time': '2025-07-18T15:16:01'}
[2025-07-18T15:16:04.482+0000] {subprocess.py:93} INFO - [✓] Sent to feedback: {'feedback_id': 2537, 'branch_id': 101, 'customer_name': 'Zachary Perez', 'phone_number': '432-993-9042x581', 'feedback_text': 'Successful conference half prepare.', 'rating': 3, 'dining_date': '2025-07-18', 'dining_time': '14:35', 'submission_time': '2025-07-18T15:16:01'}
[2025-07-18T15:16:04.482+0000] {subprocess.py:93} INFO - ✅ All messages sent.
[2025-07-18T15:16:04.512+0000] {subprocess.py:97} INFO - Command exited with return code 0
[2025-07-18T15:16:04.540+0000] {taskinstance.py:1400} INFO - Marking task as SUCCESS. dag_id=restaurant_pipeline, task_id=send_to_kafka, execution_date=20250718T151400, start_date=20250718T151602, end_date=20250718T151604
[2025-07-18T15:16:04.569+0000] {local_task_job_runner.py:228} INFO - Task exited with return code 0
[2025-07-18T15:16:04.609+0000] {taskinstance.py:2778} INFO - 1 downstream tasks scheduled from follow-on schedule check
