[2025-07-18T20:28:01.802+0000] {taskinstance.py:1159} INFO - Dependencies all met for dep_context=non-requeueable deps ti=<TaskInstance: restaurant_pipeline.send_to_kafka scheduled__2025-07-18T20:26:00+00:00 [queued]>
[2025-07-18T20:28:01.807+0000] {taskinstance.py:1159} INFO - Dependencies all met for dep_context=requeueable deps ti=<TaskInstance: restaurant_pipeline.send_to_kafka scheduled__2025-07-18T20:26:00+00:00 [queued]>
[2025-07-18T20:28:01.808+0000] {taskinstance.py:1361} INFO - Starting attempt 1 of 1
[2025-07-18T20:28:01.819+0000] {taskinstance.py:1382} INFO - Executing <Task(BashOperator): send_to_kafka> on 2025-07-18 20:26:00+00:00
[2025-07-18T20:28:01.823+0000] {standard_task_runner.py:57} INFO - Started process 6141 to run task
[2025-07-18T20:28:01.827+0000] {standard_task_runner.py:84} INFO - Running: ['***', 'tasks', 'run', 'restaurant_pipeline', 'send_to_kafka', 'scheduled__2025-07-18T20:26:00+00:00', '--job-id', '623', '--raw', '--subdir', 'DAGS_FOLDER/restaurant_pipeline.py', '--cfg-path', '/tmp/tmpyuy31wdw']
[2025-07-18T20:28:01.829+0000] {standard_task_runner.py:85} INFO - Job 623: Subtask send_to_kafka
[2025-07-18T20:28:01.888+0000] {task_command.py:416} INFO - Running <TaskInstance: restaurant_pipeline.send_to_kafka scheduled__2025-07-18T20:26:00+00:00 [running]> on host 9bcfb43e0ab7
[2025-07-18T20:28:01.989+0000] {taskinstance.py:1662} INFO - Exporting env vars: AIRFLOW_CTX_DAG_OWNER='moran' AIRFLOW_CTX_DAG_ID='restaurant_pipeline' AIRFLOW_CTX_TASK_ID='send_to_kafka' AIRFLOW_CTX_EXECUTION_DATE='2025-07-18T20:26:00+00:00' AIRFLOW_CTX_TRY_NUMBER='1' AIRFLOW_CTX_DAG_RUN_ID='scheduled__2025-07-18T20:26:00+00:00'
[2025-07-18T20:28:01.992+0000] {subprocess.py:63} INFO - Tmp dir root location: /tmp
[2025-07-18T20:28:01.994+0000] {subprocess.py:75} INFO - Running command: ['/bin/bash', '-c', 'python /opt/streaming/producer.py']
[2025-07-18T20:28:02.006+0000] {subprocess.py:86} INFO - Output:
[2025-07-18T20:28:04.512+0000] {subprocess.py:93} INFO - [✓] Sent to reservations: {'reservation_id': 7806, 'branch_id': 102, 'customer_name': 'Jennifer Stewart', 'phone_number': '878-256-6216', 'reservation_date': '2025-07-18', 'reservation_time': '21:36', 'guests_count': 4, 'is_confirmed': False}
[2025-07-18T20:28:04.516+0000] {subprocess.py:93} INFO - [✓] Sent to reservations: {'reservation_id': 4754, 'branch_id': 102, 'customer_name': 'Thomas Morgan', 'phone_number': '3832424679', 'reservation_date': '2025-07-18', 'reservation_time': '22:17', 'guests_count': 7, 'is_confirmed': False}
[2025-07-18T20:28:04.518+0000] {subprocess.py:93} INFO - [✓] Sent to reservations: {'reservation_id': 8528, 'branch_id': 102, 'customer_name': 'John Becker', 'phone_number': '222-565-4498', 'reservation_date': '2025-07-18', 'reservation_time': '22:07', 'guests_count': 7, 'is_confirmed': False}
[2025-07-18T20:28:04.518+0000] {subprocess.py:93} INFO - [✓] Sent to checkins: {'checkin_id': 7827, 'customer_name': 'Hannah Pennington', 'phone_number': '432.227.5583', 'branch_id': 102, 'table_id': 200, 'is_prebooked': True, 'checkin_date': '2025-07-18', 'checkin_time': '19:19', 'guests_count': 4, 'shift_manager': 'Jimmy Martin'}
[2025-07-18T20:28:04.519+0000] {subprocess.py:93} INFO - [✓] Sent to checkins: {'checkin_id': 8538, 'customer_name': 'Denise Torres', 'phone_number': '+1-212-710-9018x09635', 'branch_id': 101, 'table_id': 207, 'is_prebooked': False, 'checkin_date': '2025-07-18', 'checkin_time': '20:21', 'guests_count': 5, 'shift_manager': 'John Guerra'}
[2025-07-18T20:28:04.519+0000] {subprocess.py:93} INFO - [✓] Sent to checkins: {'checkin_id': 9986, 'customer_name': 'Maria Diaz', 'phone_number': '(762)808-6816', 'branch_id': 102, 'table_id': 204, 'is_prebooked': True, 'checkin_date': '2025-07-18', 'checkin_time': '18:35', 'guests_count': 3, 'shift_manager': 'Don Curry'}
[2025-07-18T20:28:04.520+0000] {subprocess.py:93} INFO - [✓] Sent to feedback: {'feedback_id': 1369, 'branch_id': 101, 'customer_name': 'Amanda Park', 'phone_number': '2577369301', 'feedback_text': 'Society fund society difference article challenge.', 'rating': 2, 'dining_date': '2025-07-18', 'dining_time': '19:18', 'submission_time': '2025-07-18T20:28:00'}
[2025-07-18T20:28:04.522+0000] {subprocess.py:93} INFO - [✓] Sent to feedback: {'feedback_id': 3070, 'branch_id': 102, 'customer_name': 'Richard Turner', 'phone_number': '+1-770-216-1835x060', 'feedback_text': 'Tree vote whatever lawyer commercial.', 'rating': 2, 'dining_date': '2025-07-18', 'dining_time': '18:49', 'submission_time': '2025-07-18T20:28:00'}
[2025-07-18T20:28:04.523+0000] {subprocess.py:93} INFO - [✓] Sent to feedback: {'feedback_id': 5248, 'branch_id': 102, 'customer_name': 'Jessica Garza', 'phone_number': '318.574.4344x7378', 'feedback_text': 'Note might meeting nor exactly.', 'rating': 3, 'dining_date': '2025-07-18', 'dining_time': '18:38', 'submission_time': '2025-07-18T20:28:00'}
[2025-07-18T20:28:04.524+0000] {subprocess.py:93} INFO - ✅ All messages sent.
[2025-07-18T20:28:04.568+0000] {subprocess.py:97} INFO - Command exited with return code 0
[2025-07-18T20:28:04.588+0000] {taskinstance.py:1400} INFO - Marking task as SUCCESS. dag_id=restaurant_pipeline, task_id=send_to_kafka, execution_date=20250718T202600, start_date=20250718T202801, end_date=20250718T202804
[2025-07-18T20:28:04.639+0000] {local_task_job_runner.py:228} INFO - Task exited with return code 0
[2025-07-18T20:28:04.671+0000] {taskinstance.py:2778} INFO - 0 downstream tasks scheduled from follow-on schedule check
