[2025-07-18T18:45:21.129+0000] {taskinstance.py:1159} INFO - Dependencies all met for dep_context=non-requeueable deps ti=<TaskInstance: restaurant_pipeline.send_to_kafka scheduled__2025-07-18T18:42:00+00:00 [queued]>
[2025-07-18T18:45:21.135+0000] {taskinstance.py:1159} INFO - Dependencies all met for dep_context=requeueable deps ti=<TaskInstance: restaurant_pipeline.send_to_kafka scheduled__2025-07-18T18:42:00+00:00 [queued]>
[2025-07-18T18:45:21.135+0000] {taskinstance.py:1361} INFO - Starting attempt 1 of 1
[2025-07-18T18:45:21.143+0000] {taskinstance.py:1382} INFO - Executing <Task(BashOperator): send_to_kafka> on 2025-07-18 18:42:00+00:00
[2025-07-18T18:45:21.145+0000] {standard_task_runner.py:57} INFO - Started process 3772 to run task
[2025-07-18T18:45:21.148+0000] {standard_task_runner.py:84} INFO - Running: ['***', 'tasks', 'run', 'restaurant_pipeline', 'send_to_kafka', 'scheduled__2025-07-18T18:42:00+00:00', '--job-id', '413', '--raw', '--subdir', 'DAGS_FOLDER/restaurant_pipeline.py', '--cfg-path', '/tmp/tmpxpf295gn']
[2025-07-18T18:45:21.151+0000] {standard_task_runner.py:85} INFO - Job 413: Subtask send_to_kafka
[2025-07-18T18:45:21.185+0000] {task_command.py:416} INFO - Running <TaskInstance: restaurant_pipeline.send_to_kafka scheduled__2025-07-18T18:42:00+00:00 [running]> on host 9bcfb43e0ab7
[2025-07-18T18:45:21.237+0000] {taskinstance.py:1662} INFO - Exporting env vars: AIRFLOW_CTX_DAG_OWNER='moran' AIRFLOW_CTX_DAG_ID='restaurant_pipeline' AIRFLOW_CTX_TASK_ID='send_to_kafka' AIRFLOW_CTX_EXECUTION_DATE='2025-07-18T18:42:00+00:00' AIRFLOW_CTX_TRY_NUMBER='1' AIRFLOW_CTX_DAG_RUN_ID='scheduled__2025-07-18T18:42:00+00:00'
[2025-07-18T18:45:21.238+0000] {subprocess.py:63} INFO - Tmp dir root location: /tmp
[2025-07-18T18:45:21.238+0000] {subprocess.py:75} INFO - Running command: ['/bin/bash', '-c', 'python /opt/streaming/producer.py']
[2025-07-18T18:45:21.244+0000] {subprocess.py:86} INFO - Output:
[2025-07-18T18:45:23.511+0000] {subprocess.py:93} INFO - [✓] Sent to reservations: {'reservation_id': 9669, 'branch_id': 101, 'customer_name': 'Rachel Petty', 'phone_number': '(600)671-4991x957', 'reservation_date': '2025-07-18', 'reservation_time': '19:02', 'guests_count': 1, 'is_confirmed': False}
[2025-07-18T18:45:23.516+0000] {subprocess.py:93} INFO - [✓] Sent to reservations: {'reservation_id': 4474, 'branch_id': 101, 'customer_name': 'Jo Wallace', 'phone_number': '001-986-872-5599x359', 'reservation_date': '2025-07-18', 'reservation_time': '20:10', 'guests_count': 6, 'is_confirmed': True}
[2025-07-18T18:45:23.518+0000] {subprocess.py:93} INFO - [✓] Sent to reservations: {'reservation_id': 4780, 'branch_id': 102, 'customer_name': 'Rebecca Sims', 'phone_number': '212.400.5809', 'reservation_date': '2025-07-18', 'reservation_time': '19:12', 'guests_count': 6, 'is_confirmed': False}
[2025-07-18T18:45:23.520+0000] {subprocess.py:93} INFO - [✓] Sent to checkins: {'checkin_id': 5220, 'customer_name': 'Brian Fisher', 'phone_number': '(315)311-4674', 'branch_id': 102, 'table_id': 209, 'is_prebooked': True, 'checkin_date': '2025-07-18', 'checkin_time': '18:09', 'guests_count': 4, 'shift_manager': 'Belinda James'}
[2025-07-18T18:45:23.520+0000] {subprocess.py:93} INFO - [✓] Sent to checkins: {'checkin_id': 6428, 'customer_name': 'Christopher Alexander', 'phone_number': '+1-438-367-9991x78122', 'branch_id': 102, 'table_id': 206, 'is_prebooked': True, 'checkin_date': '2025-07-18', 'checkin_time': '18:07', 'guests_count': 5, 'shift_manager': 'Hector Obrien'}
[2025-07-18T18:45:23.520+0000] {subprocess.py:93} INFO - [✓] Sent to checkins: {'checkin_id': 5277, 'customer_name': 'Michelle Dorsey', 'phone_number': '(760)934-7916', 'branch_id': 101, 'table_id': 200, 'is_prebooked': True, 'checkin_date': '2025-07-18', 'checkin_time': '18:25', 'guests_count': 1, 'shift_manager': 'Pamela Miller'}
[2025-07-18T18:45:23.521+0000] {subprocess.py:93} INFO - [✓] Sent to feedback: {'feedback_id': 4608, 'branch_id': 102, 'customer_name': 'Justin Schwartz', 'phone_number': '511.930.4358x10296', 'feedback_text': 'Run family including whole.', 'rating': 1, 'dining_date': '2025-07-18', 'dining_time': '16:49', 'submission_time': '2025-07-18T18:45:20'}
[2025-07-18T18:45:23.525+0000] {subprocess.py:93} INFO - [✓] Sent to feedback: {'feedback_id': 8316, 'branch_id': 102, 'customer_name': 'Victoria Jordan', 'phone_number': '(210)820-3525', 'feedback_text': 'Also money minute successful affect born town.', 'rating': 4, 'dining_date': '2025-07-18', 'dining_time': '17:06', 'submission_time': '2025-07-18T18:45:20'}
[2025-07-18T18:45:23.525+0000] {subprocess.py:93} INFO - [✓] Sent to feedback: {'feedback_id': 7568, 'branch_id': 101, 'customer_name': 'Carla West', 'phone_number': '001-623-505-0941', 'feedback_text': 'Factor enough again fight lay piece.', 'rating': 2, 'dining_date': '2025-07-18', 'dining_time': '17:53', 'submission_time': '2025-07-18T18:45:20'}
[2025-07-18T18:45:23.525+0000] {subprocess.py:93} INFO - ✅ All messages sent.
[2025-07-18T18:45:23.576+0000] {subprocess.py:97} INFO - Command exited with return code 0
[2025-07-18T18:45:23.601+0000] {taskinstance.py:1400} INFO - Marking task as SUCCESS. dag_id=restaurant_pipeline, task_id=send_to_kafka, execution_date=20250718T184200, start_date=20250718T184521, end_date=20250718T184523
[2025-07-18T18:45:23.631+0000] {local_task_job_runner.py:228} INFO - Task exited with return code 0
[2025-07-18T18:45:23.662+0000] {taskinstance.py:2778} INFO - 1 downstream tasks scheduled from follow-on schedule check
