[2025-07-19T22:17:31.950+0000] {taskinstance.py:1159} INFO - Dependencies all met for dep_context=non-requeueable deps ti=<TaskInstance: restaurant_pipeline.stream_to_bronze scheduled__2025-07-19T22:14:00+00:00 [queued]>
[2025-07-19T22:17:31.957+0000] {taskinstance.py:1159} INFO - Dependencies all met for dep_context=requeueable deps ti=<TaskInstance: restaurant_pipeline.stream_to_bronze scheduled__2025-07-19T22:14:00+00:00 [queued]>
[2025-07-19T22:17:31.957+0000] {taskinstance.py:1361} INFO - Starting attempt 1 of 1
[2025-07-19T22:17:31.966+0000] {taskinstance.py:1382} INFO - Executing <Task(BashOperator): stream_to_bronze> on 2025-07-19 22:14:00+00:00
[2025-07-19T22:17:31.970+0000] {standard_task_runner.py:57} INFO - Started process 5190 to run task
[2025-07-19T22:17:31.973+0000] {standard_task_runner.py:84} INFO - Running: ['***', 'tasks', 'run', 'restaurant_pipeline', 'stream_to_bronze', 'scheduled__2025-07-19T22:14:00+00:00', '--job-id', '1291', '--raw', '--subdir', 'DAGS_FOLDER/restaurant_pipeline.py', '--cfg-path', '/tmp/tmpfasps94a']
[2025-07-19T22:17:31.975+0000] {standard_task_runner.py:85} INFO - Job 1291: Subtask stream_to_bronze
[2025-07-19T22:17:32.036+0000] {task_command.py:416} INFO - Running <TaskInstance: restaurant_pipeline.stream_to_bronze scheduled__2025-07-19T22:14:00+00:00 [running]> on host e3f5d8fc4eef
[2025-07-19T22:17:32.098+0000] {taskinstance.py:1662} INFO - Exporting env vars: AIRFLOW_CTX_DAG_OWNER='moran' AIRFLOW_CTX_DAG_ID='restaurant_pipeline' AIRFLOW_CTX_TASK_ID='stream_to_bronze' AIRFLOW_CTX_EXECUTION_DATE='2025-07-19T22:14:00+00:00' AIRFLOW_CTX_TRY_NUMBER='1' AIRFLOW_CTX_DAG_RUN_ID='scheduled__2025-07-19T22:14:00+00:00'
[2025-07-19T22:17:32.099+0000] {subprocess.py:63} INFO - Tmp dir root location: /tmp
[2025-07-19T22:17:32.100+0000] {subprocess.py:75} INFO - Running command: ['/bin/bash', '-c', "docker exec -e AIRFLOW_CTX_DAG_RUN_ID='scheduled__2025-07-19T22:14:00+00:00' spark-iceberg spark-submit /home/iceberg/spark/stream_to_bronze.py"]
[2025-07-19T22:17:32.107+0000] {subprocess.py:86} INFO - Output:
[2025-07-19T22:17:32.156+0000] {subprocess.py:93} INFO - Error response from daemon: container 8b44f3d35cfada47c9ef9ac5eb78f81760234d0ef96ab2847dd404d33948565f is not running
[2025-07-19T22:17:32.157+0000] {subprocess.py:97} INFO - Command exited with return code 1
[2025-07-19T22:17:32.167+0000] {taskinstance.py:1937} ERROR - Task failed with exception
Traceback (most recent call last):
  File "/home/airflow/.local/lib/python3.8/site-packages/airflow/operators/bash.py", line 210, in execute
    raise AirflowException(
airflow.exceptions.AirflowException: Bash command failed. The command returned a non-zero exit code 1.
[2025-07-19T22:17:32.170+0000] {taskinstance.py:1400} INFO - Marking task as FAILED. dag_id=restaurant_pipeline, task_id=stream_to_bronze, execution_date=20250719T221400, start_date=20250719T221731, end_date=20250719T221732
[2025-07-19T22:17:32.181+0000] {standard_task_runner.py:104} ERROR - Failed to execute job 1291 for task stream_to_bronze (Bash command failed. The command returned a non-zero exit code 1.; 5190)
[2025-07-19T22:17:32.196+0000] {local_task_job_runner.py:228} INFO - Task exited with return code 1
[2025-07-19T22:17:32.226+0000] {taskinstance.py:2778} INFO - 0 downstream tasks scheduled from follow-on schedule check
