[2025-07-18T15:06:04.508+0000] {taskinstance.py:1159} INFO - Dependencies all met for dep_context=non-requeueable deps ti=<TaskInstance: restaurant_pipeline.stream_to_bronze scheduled__2025-07-18T15:04:00+00:00 [queued]>
[2025-07-18T15:06:04.511+0000] {taskinstance.py:1159} INFO - Dependencies all met for dep_context=requeueable deps ti=<TaskInstance: restaurant_pipeline.stream_to_bronze scheduled__2025-07-18T15:04:00+00:00 [queued]>
[2025-07-18T15:06:04.512+0000] {taskinstance.py:1361} INFO - Starting attempt 1 of 1
[2025-07-18T15:06:04.517+0000] {taskinstance.py:1382} INFO - Executing <Task(BashOperator): stream_to_bronze> on 2025-07-18 15:04:00+00:00
[2025-07-18T15:06:04.519+0000] {standard_task_runner.py:57} INFO - Started process 200 to run task
[2025-07-18T15:06:04.521+0000] {standard_task_runner.py:84} INFO - Running: ['***', 'tasks', 'run', 'restaurant_pipeline', 'stream_to_bronze', 'scheduled__2025-07-18T15:04:00+00:00', '--job-id', '55', '--raw', '--subdir', 'DAGS_FOLDER/restaurant_pipeline.py', '--cfg-path', '/tmp/tmp_bq0hp2c']
[2025-07-18T15:06:04.522+0000] {standard_task_runner.py:85} INFO - Job 55: Subtask stream_to_bronze
[2025-07-18T15:06:04.544+0000] {task_command.py:416} INFO - Running <TaskInstance: restaurant_pipeline.stream_to_bronze scheduled__2025-07-18T15:04:00+00:00 [running]> on host e0f186224651
[2025-07-18T15:06:04.577+0000] {taskinstance.py:1662} INFO - Exporting env vars: AIRFLOW_CTX_DAG_OWNER='moran' AIRFLOW_CTX_DAG_ID='restaurant_pipeline' AIRFLOW_CTX_TASK_ID='stream_to_bronze' AIRFLOW_CTX_EXECUTION_DATE='2025-07-18T15:04:00+00:00' AIRFLOW_CTX_TRY_NUMBER='1' AIRFLOW_CTX_DAG_RUN_ID='scheduled__2025-07-18T15:04:00+00:00'
[2025-07-18T15:06:04.578+0000] {subprocess.py:63} INFO - Tmp dir root location: /tmp
[2025-07-18T15:06:04.578+0000] {subprocess.py:75} INFO - Running command: ['/bin/bash', '-c', 'python /opt/processing/spark/stream_to_bronze.py']
[2025-07-18T15:06:04.583+0000] {subprocess.py:86} INFO - Output:
[2025-07-18T15:06:04.631+0000] {subprocess.py:93} INFO - python: can't open file '/opt/processing/spark/stream_to_bronze.py': [Errno 2] No such file or directory
[2025-07-18T15:06:04.633+0000] {subprocess.py:97} INFO - Command exited with return code 2
[2025-07-18T15:06:04.638+0000] {taskinstance.py:1937} ERROR - Task failed with exception
Traceback (most recent call last):
  File "/home/airflow/.local/lib/python3.8/site-packages/airflow/operators/bash.py", line 210, in execute
    raise AirflowException(
airflow.exceptions.AirflowException: Bash command failed. The command returned a non-zero exit code 2.
[2025-07-18T15:06:04.640+0000] {taskinstance.py:1400} INFO - Marking task as FAILED. dag_id=restaurant_pipeline, task_id=stream_to_bronze, execution_date=20250718T150400, start_date=20250718T150604, end_date=20250718T150604
[2025-07-18T15:06:04.645+0000] {standard_task_runner.py:104} ERROR - Failed to execute job 55 for task stream_to_bronze (Bash command failed. The command returned a non-zero exit code 2.; 200)
[2025-07-18T15:06:04.658+0000] {local_task_job_runner.py:228} INFO - Task exited with return code 1
[2025-07-18T15:06:04.681+0000] {taskinstance.py:2778} INFO - 0 downstream tasks scheduled from follow-on schedule check
