[2025-07-18T18:28:08.545+0000] {taskinstance.py:1159} INFO - Dependencies all met for dep_context=non-requeueable deps ti=<TaskInstance: restaurant_pipeline.send_to_kafka scheduled__2025-07-18T18:26:00+00:00 [queued]>
[2025-07-18T18:28:08.549+0000] {taskinstance.py:1159} INFO - Dependencies all met for dep_context=requeueable deps ti=<TaskInstance: restaurant_pipeline.send_to_kafka scheduled__2025-07-18T18:26:00+00:00 [queued]>
[2025-07-18T18:28:08.549+0000] {taskinstance.py:1361} INFO - Starting attempt 1 of 1
[2025-07-18T18:28:08.555+0000] {taskinstance.py:1382} INFO - Executing <Task(BashOperator): send_to_kafka> on 2025-07-18 18:26:00+00:00
[2025-07-18T18:28:08.557+0000] {standard_task_runner.py:57} INFO - Started process 3344 to run task
[2025-07-18T18:28:08.559+0000] {standard_task_runner.py:84} INFO - Running: ['***', 'tasks', 'run', 'restaurant_pipeline', 'send_to_kafka', 'scheduled__2025-07-18T18:26:00+00:00', '--job-id', '373', '--raw', '--subdir', 'DAGS_FOLDER/restaurant_pipeline.py', '--cfg-path', '/tmp/tmpfztmsg2h']
[2025-07-18T18:28:08.560+0000] {standard_task_runner.py:85} INFO - Job 373: Subtask send_to_kafka
[2025-07-18T18:28:08.583+0000] {task_command.py:416} INFO - Running <TaskInstance: restaurant_pipeline.send_to_kafka scheduled__2025-07-18T18:26:00+00:00 [running]> on host 9bcfb43e0ab7
[2025-07-18T18:28:08.627+0000] {taskinstance.py:1662} INFO - Exporting env vars: AIRFLOW_CTX_DAG_OWNER='moran' AIRFLOW_CTX_DAG_ID='restaurant_pipeline' AIRFLOW_CTX_TASK_ID='send_to_kafka' AIRFLOW_CTX_EXECUTION_DATE='2025-07-18T18:26:00+00:00' AIRFLOW_CTX_TRY_NUMBER='1' AIRFLOW_CTX_DAG_RUN_ID='scheduled__2025-07-18T18:26:00+00:00'
[2025-07-18T18:28:08.628+0000] {subprocess.py:63} INFO - Tmp dir root location: /tmp
[2025-07-18T18:28:08.628+0000] {subprocess.py:75} INFO - Running command: ['/bin/bash', '-c', 'python /opt/streaming/producer.py']
[2025-07-18T18:28:08.632+0000] {subprocess.py:86} INFO - Output:
[2025-07-18T18:28:10.900+0000] {subprocess.py:93} INFO - [✓] Sent to reservations: {'reservation_id': 5351, 'branch_id': 101, 'customer_name': 'Peter Jones', 'phone_number': '(842)942-0109x5991', 'reservation_date': '2025-07-18', 'reservation_time': '19:24', 'guests_count': 7, 'is_confirmed': False}
[2025-07-18T18:28:10.905+0000] {subprocess.py:93} INFO - [✓] Sent to reservations: {'reservation_id': 5546, 'branch_id': 101, 'customer_name': 'Tiffany Graham', 'phone_number': '001-451-833-0490x003', 'reservation_date': '2025-07-18', 'reservation_time': '20:19', 'guests_count': 2, 'is_confirmed': False}
[2025-07-18T18:28:10.907+0000] {subprocess.py:93} INFO - [✓] Sent to reservations: {'reservation_id': 3322, 'branch_id': 101, 'customer_name': 'Christopher Smith', 'phone_number': '+1-518-590-0426x475', 'reservation_date': '2025-07-18', 'reservation_time': '20:23', 'guests_count': 6, 'is_confirmed': False}
[2025-07-18T18:28:10.908+0000] {subprocess.py:93} INFO - [✓] Sent to checkins: {'checkin_id': 7601, 'customer_name': 'Alan Carrillo DDS', 'phone_number': '838-681-3525x9577', 'branch_id': 101, 'table_id': 206, 'is_prebooked': True, 'checkin_date': '2025-07-18', 'checkin_time': '16:56', 'guests_count': 5, 'shift_manager': 'Karen Anderson'}
[2025-07-18T18:28:10.909+0000] {subprocess.py:93} INFO - [✓] Sent to checkins: {'checkin_id': 4732, 'customer_name': 'James Rios', 'phone_number': '001-549-511-8676x42300', 'branch_id': 102, 'table_id': 201, 'is_prebooked': True, 'checkin_date': '2025-07-18', 'checkin_time': '17:51', 'guests_count': 6, 'shift_manager': 'Robert Mitchell'}
[2025-07-18T18:28:10.909+0000] {subprocess.py:93} INFO - [✓] Sent to checkins: {'checkin_id': 6592, 'customer_name': 'Jerry Harris', 'phone_number': '(655)762-7320', 'branch_id': 101, 'table_id': 200, 'is_prebooked': True, 'checkin_date': '2025-07-18', 'checkin_time': '17:41', 'guests_count': 2, 'shift_manager': 'Jose Walters'}
[2025-07-18T18:28:10.909+0000] {subprocess.py:93} INFO - [✓] Sent to feedback: {'feedback_id': 6980, 'branch_id': 102, 'customer_name': 'David Gilbert', 'phone_number': '(888)403-5893x37003', 'feedback_text': 'Often should federal computer down.', 'rating': 2, 'dining_date': '2025-07-18', 'dining_time': '16:58', 'submission_time': '2025-07-18T18:28:07'}
[2025-07-18T18:28:10.909+0000] {subprocess.py:93} INFO - [✓] Sent to feedback: {'feedback_id': 3195, 'branch_id': 101, 'customer_name': 'Susan Jackson', 'phone_number': '+1-358-777-1110x50057', 'feedback_text': 'Miss prevent bag let.', 'rating': 1, 'dining_date': '2025-07-18', 'dining_time': '16:50', 'submission_time': '2025-07-18T18:28:07'}
[2025-07-18T18:28:10.910+0000] {subprocess.py:93} INFO - [✓] Sent to feedback: {'feedback_id': 3195, 'branch_id': 102, 'customer_name': 'Mitchell White', 'phone_number': '405-811-3637', 'feedback_text': 'Material let understand whose well.', 'rating': 3, 'dining_date': '2025-07-18', 'dining_time': '16:29', 'submission_time': '2025-07-18T18:28:07'}
[2025-07-18T18:28:10.910+0000] {subprocess.py:93} INFO - ✅ All messages sent.
[2025-07-18T18:28:10.940+0000] {subprocess.py:97} INFO - Command exited with return code 0
[2025-07-18T18:28:10.958+0000] {taskinstance.py:1400} INFO - Marking task as SUCCESS. dag_id=restaurant_pipeline, task_id=send_to_kafka, execution_date=20250718T182600, start_date=20250718T182808, end_date=20250718T182810
[2025-07-18T18:28:10.970+0000] {local_task_job_runner.py:228} INFO - Task exited with return code 0
[2025-07-18T18:28:10.996+0000] {taskinstance.py:2778} INFO - 1 downstream tasks scheduled from follow-on schedule check
