[2025-07-19T18:26:01.744+0000] {taskinstance.py:1159} INFO - Dependencies all met for dep_context=non-requeueable deps ti=<TaskInstance: restaurant_pipeline.send_to_kafka scheduled__2025-07-19T18:24:00+00:00 [queued]>
[2025-07-19T18:26:01.747+0000] {taskinstance.py:1159} INFO - Dependencies all met for dep_context=requeueable deps ti=<TaskInstance: restaurant_pipeline.send_to_kafka scheduled__2025-07-19T18:24:00+00:00 [queued]>
[2025-07-19T18:26:01.748+0000] {taskinstance.py:1361} INFO - Starting attempt 1 of 1
[2025-07-19T18:26:01.753+0000] {taskinstance.py:1382} INFO - Executing <Task(BashOperator): send_to_kafka> on 2025-07-19 18:24:00+00:00
[2025-07-19T18:26:01.755+0000] {standard_task_runner.py:57} INFO - Started process 855 to run task
[2025-07-19T18:26:01.757+0000] {standard_task_runner.py:84} INFO - Running: ['***', 'tasks', 'run', 'restaurant_pipeline', 'send_to_kafka', 'scheduled__2025-07-19T18:24:00+00:00', '--job-id', '983', '--raw', '--subdir', 'DAGS_FOLDER/restaurant_pipeline.py', '--cfg-path', '/tmp/tmppcxhtk_a']
[2025-07-19T18:26:01.758+0000] {standard_task_runner.py:85} INFO - Job 983: Subtask send_to_kafka
[2025-07-19T18:26:01.779+0000] {task_command.py:416} INFO - Running <TaskInstance: restaurant_pipeline.send_to_kafka scheduled__2025-07-19T18:24:00+00:00 [running]> on host e3f5d8fc4eef
[2025-07-19T18:26:01.814+0000] {taskinstance.py:1662} INFO - Exporting env vars: AIRFLOW_CTX_DAG_OWNER='moran' AIRFLOW_CTX_DAG_ID='restaurant_pipeline' AIRFLOW_CTX_TASK_ID='send_to_kafka' AIRFLOW_CTX_EXECUTION_DATE='2025-07-19T18:24:00+00:00' AIRFLOW_CTX_TRY_NUMBER='1' AIRFLOW_CTX_DAG_RUN_ID='scheduled__2025-07-19T18:24:00+00:00'
[2025-07-19T18:26:01.815+0000] {subprocess.py:63} INFO - Tmp dir root location: /tmp
[2025-07-19T18:26:01.815+0000] {subprocess.py:75} INFO - Running command: ['/bin/bash', '-c', 'python /opt/streaming/producer.py']
[2025-07-19T18:26:01.819+0000] {subprocess.py:86} INFO - Output:
[2025-07-19T18:26:04.030+0000] {subprocess.py:93} INFO - [✓] Sent to reservations: {'reservation_id': 2544, 'branch_id': 101, 'customer_name': 'Jennifer Mckee', 'phone_number': '766.660.2745', 'reservation_date': '2025-07-19', 'reservation_time': '19:55', 'guests_count': 7, 'is_confirmed': True}
[2025-07-19T18:26:04.033+0000] {subprocess.py:93} INFO - [✓] Sent to reservations: {'reservation_id': 9833, 'branch_id': 102, 'customer_name': 'Patricia Jenkins', 'phone_number': '001-779-690-3537x8192', 'reservation_date': '2025-07-19', 'reservation_time': '19:56', 'guests_count': 6, 'is_confirmed': True}
[2025-07-19T18:26:04.034+0000] {subprocess.py:93} INFO - [✓] Sent to reservations: {'reservation_id': 5545, 'branch_id': 101, 'customer_name': 'Jason Mcfarland', 'phone_number': '228.408.5064x9304', 'reservation_date': '2025-07-19', 'reservation_time': '19:53', 'guests_count': 6, 'is_confirmed': False}
[2025-07-19T18:26:04.035+0000] {subprocess.py:93} INFO - [✓] Sent to checkins: {'checkin_id': 7342, 'customer_name': 'Jacob Weaver', 'phone_number': '974.516.4802', 'branch_id': 101, 'table_id': 204, 'is_prebooked': False, 'checkin_date': '2025-07-19', 'checkin_time': '18:13', 'guests_count': 4, 'shift_manager': 'Donald Olsen'}
[2025-07-19T18:26:04.037+0000] {subprocess.py:93} INFO - [✓] Sent to checkins: {'checkin_id': 4404, 'customer_name': 'Morgan Stein', 'phone_number': '001-367-911-6160x98402', 'branch_id': 102, 'table_id': 209, 'is_prebooked': False, 'checkin_date': '2025-07-19', 'checkin_time': '17:24', 'guests_count': 3, 'shift_manager': 'Randy Jones'}
[2025-07-19T18:26:04.038+0000] {subprocess.py:93} INFO - [✓] Sent to checkins: {'checkin_id': 2667, 'customer_name': 'Julia Olson', 'phone_number': '+1-263-804-9401x528', 'branch_id': 102, 'table_id': 202, 'is_prebooked': True, 'checkin_date': '2025-07-19', 'checkin_time': '17:35', 'guests_count': 5, 'shift_manager': 'Robin Hayes'}
[2025-07-19T18:26:04.038+0000] {subprocess.py:93} INFO - [✓] Sent to feedback: {'feedback_id': 2763, 'branch_id': 101, 'customer_name': 'Mr. Jesse Stevens', 'phone_number': '310.888.9927', 'feedback_text': 'Customer election around he leg.', 'rating': 5, 'dining_date': '2025-07-19', 'dining_time': '17:54', 'submission_time': '2025-07-19T18:26:00'}
[2025-07-19T18:26:04.040+0000] {subprocess.py:93} INFO - [✓] Sent to feedback: {'feedback_id': 3343, 'branch_id': 102, 'customer_name': 'Laura Stewart', 'phone_number': '001-455-300-4945', 'feedback_text': 'Measure feeling network even read.', 'rating': 1, 'dining_date': '2025-07-19', 'dining_time': '18:09', 'submission_time': '2025-07-19T18:26:00'}
[2025-07-19T18:26:04.041+0000] {subprocess.py:93} INFO - [✓] Sent to feedback: {'feedback_id': 3284, 'branch_id': 102, 'customer_name': 'Steven Smith', 'phone_number': '001-205-601-2698x692', 'feedback_text': 'White mind approach great.', 'rating': 2, 'dining_date': '2025-07-19', 'dining_time': '16:36', 'submission_time': '2025-07-19T18:26:00'}
[2025-07-19T18:26:04.042+0000] {subprocess.py:93} INFO - ✅ All messages sent.
[2025-07-19T18:26:04.083+0000] {subprocess.py:97} INFO - Command exited with return code 0
[2025-07-19T18:26:04.098+0000] {taskinstance.py:1400} INFO - Marking task as SUCCESS. dag_id=restaurant_pipeline, task_id=send_to_kafka, execution_date=20250719T182400, start_date=20250719T182601, end_date=20250719T182604
[2025-07-19T18:26:04.115+0000] {local_task_job_runner.py:228} INFO - Task exited with return code 0
[2025-07-19T18:26:04.140+0000] {taskinstance.py:2778} INFO - 1 downstream tasks scheduled from follow-on schedule check
