[2025-07-18T20:18:01.626+0000] {taskinstance.py:1159} INFO - Dependencies all met for dep_context=non-requeueable deps ti=<TaskInstance: restaurant_pipeline.send_to_kafka scheduled__2025-07-18T20:16:00+00:00 [queued]>
[2025-07-18T20:18:01.630+0000] {taskinstance.py:1159} INFO - Dependencies all met for dep_context=requeueable deps ti=<TaskInstance: restaurant_pipeline.send_to_kafka scheduled__2025-07-18T20:16:00+00:00 [queued]>
[2025-07-18T20:18:01.630+0000] {taskinstance.py:1361} INFO - Starting attempt 1 of 1
[2025-07-18T20:18:01.636+0000] {taskinstance.py:1382} INFO - Executing <Task(BashOperator): send_to_kafka> on 2025-07-18 20:16:00+00:00
[2025-07-18T20:18:01.638+0000] {standard_task_runner.py:57} INFO - Started process 5986 to run task
[2025-07-18T20:18:01.640+0000] {standard_task_runner.py:84} INFO - Running: ['***', 'tasks', 'run', 'restaurant_pipeline', 'send_to_kafka', 'scheduled__2025-07-18T20:16:00+00:00', '--job-id', '608', '--raw', '--subdir', 'DAGS_FOLDER/restaurant_pipeline.py', '--cfg-path', '/tmp/tmpfs32866i']
[2025-07-18T20:18:01.641+0000] {standard_task_runner.py:85} INFO - Job 608: Subtask send_to_kafka
[2025-07-18T20:18:01.664+0000] {task_command.py:416} INFO - Running <TaskInstance: restaurant_pipeline.send_to_kafka scheduled__2025-07-18T20:16:00+00:00 [running]> on host 9bcfb43e0ab7
[2025-07-18T20:18:01.701+0000] {taskinstance.py:1662} INFO - Exporting env vars: AIRFLOW_CTX_DAG_OWNER='moran' AIRFLOW_CTX_DAG_ID='restaurant_pipeline' AIRFLOW_CTX_TASK_ID='send_to_kafka' AIRFLOW_CTX_EXECUTION_DATE='2025-07-18T20:16:00+00:00' AIRFLOW_CTX_TRY_NUMBER='1' AIRFLOW_CTX_DAG_RUN_ID='scheduled__2025-07-18T20:16:00+00:00'
[2025-07-18T20:18:01.701+0000] {subprocess.py:63} INFO - Tmp dir root location: /tmp
[2025-07-18T20:18:01.702+0000] {subprocess.py:75} INFO - Running command: ['/bin/bash', '-c', 'python /opt/streaming/producer.py']
[2025-07-18T20:18:01.706+0000] {subprocess.py:86} INFO - Output:
[2025-07-18T20:18:03.954+0000] {subprocess.py:93} INFO - [✓] Sent to reservations: {'reservation_id': 3402, 'branch_id': 102, 'customer_name': 'Kathleen Barber', 'phone_number': '908.330.7376', 'reservation_date': '2025-07-18', 'reservation_time': '20:42', 'guests_count': 7, 'is_confirmed': False}
[2025-07-18T20:18:03.960+0000] {subprocess.py:93} INFO - [✓] Sent to reservations: {'reservation_id': 8248, 'branch_id': 102, 'customer_name': 'Lauren Brooks DVM', 'phone_number': '215.735.9772x87231', 'reservation_date': '2025-07-18', 'reservation_time': '20:56', 'guests_count': 8, 'is_confirmed': True}
[2025-07-18T20:18:03.962+0000] {subprocess.py:93} INFO - [✓] Sent to reservations: {'reservation_id': 7872, 'branch_id': 102, 'customer_name': 'Michael Kennedy', 'phone_number': '001-779-807-4002x4908', 'reservation_date': '2025-07-18', 'reservation_time': '22:18', 'guests_count': 6, 'is_confirmed': False}
[2025-07-18T20:18:03.965+0000] {subprocess.py:93} INFO - [✓] Sent to checkins: {'checkin_id': 2622, 'customer_name': 'Robert Stuart', 'phone_number': '998.645.5854x41992', 'branch_id': 102, 'table_id': 205, 'is_prebooked': False, 'checkin_date': '2025-07-18', 'checkin_time': '19:05', 'guests_count': 6, 'shift_manager': 'Danielle Watson'}
[2025-07-18T20:18:03.965+0000] {subprocess.py:93} INFO - [✓] Sent to checkins: {'checkin_id': 8796, 'customer_name': 'Jessica Moore', 'phone_number': '(566)287-2052x24255', 'branch_id': 102, 'table_id': 209, 'is_prebooked': False, 'checkin_date': '2025-07-18', 'checkin_time': '18:28', 'guests_count': 4, 'shift_manager': 'Debra Lee'}
[2025-07-18T20:18:03.966+0000] {subprocess.py:93} INFO - [✓] Sent to checkins: {'checkin_id': 8520, 'customer_name': 'Stacey Kelly', 'phone_number': '+1-607-286-5255', 'branch_id': 101, 'table_id': 210, 'is_prebooked': False, 'checkin_date': '2025-07-18', 'checkin_time': '18:21', 'guests_count': 2, 'shift_manager': 'Christopher Reed'}
[2025-07-18T20:18:03.966+0000] {subprocess.py:93} INFO - [✓] Sent to feedback: {'feedback_id': 2726, 'branch_id': 101, 'customer_name': 'Charles West', 'phone_number': '865.699.3415x11552', 'feedback_text': 'Page hear environmental to remain.', 'rating': 1, 'dining_date': '2025-07-18', 'dining_time': '18:24', 'submission_time': '2025-07-18T20:18:00'}
[2025-07-18T20:18:03.966+0000] {subprocess.py:93} INFO - [✓] Sent to feedback: {'feedback_id': 9816, 'branch_id': 101, 'customer_name': 'Rachel Clark', 'phone_number': '(953)268-1793', 'feedback_text': 'Song hospital author cut bit discussion parent.', 'rating': 3, 'dining_date': '2025-07-18', 'dining_time': '18:32', 'submission_time': '2025-07-18T20:18:00'}
[2025-07-18T20:18:03.966+0000] {subprocess.py:93} INFO - [✓] Sent to feedback: {'feedback_id': 7974, 'branch_id': 102, 'customer_name': 'Dustin Mckinney', 'phone_number': '877.275.5515x0144', 'feedback_text': 'Team friend shoulder miss each only station.', 'rating': 1, 'dining_date': '2025-07-18', 'dining_time': '19:53', 'submission_time': '2025-07-18T20:18:00'}
[2025-07-18T20:18:03.967+0000] {subprocess.py:93} INFO - ✅ All messages sent.
[2025-07-18T20:18:04.007+0000] {subprocess.py:97} INFO - Command exited with return code 0
[2025-07-18T20:18:04.023+0000] {taskinstance.py:1400} INFO - Marking task as SUCCESS. dag_id=restaurant_pipeline, task_id=send_to_kafka, execution_date=20250718T201600, start_date=20250718T201801, end_date=20250718T201804
[2025-07-18T20:18:04.037+0000] {local_task_job_runner.py:228} INFO - Task exited with return code 0
[2025-07-18T20:18:04.062+0000] {taskinstance.py:2778} INFO - 1 downstream tasks scheduled from follow-on schedule check
