[2025-07-19T17:50:00.570+0000] {taskinstance.py:1159} INFO - Dependencies all met for dep_context=non-requeueable deps ti=<TaskInstance: restaurant_pipeline.send_to_kafka scheduled__2025-07-19T17:48:00+00:00 [queued]>
[2025-07-19T17:50:00.573+0000] {taskinstance.py:1159} INFO - Dependencies all met for dep_context=requeueable deps ti=<TaskInstance: restaurant_pipeline.send_to_kafka scheduled__2025-07-19T17:48:00+00:00 [queued]>
[2025-07-19T17:50:00.573+0000] {taskinstance.py:1361} INFO - Starting attempt 1 of 1
[2025-07-19T17:50:00.579+0000] {taskinstance.py:1382} INFO - Executing <Task(BashOperator): send_to_kafka> on 2025-07-19 17:48:00+00:00
[2025-07-19T17:50:00.580+0000] {standard_task_runner.py:57} INFO - Started process 201 to run task
[2025-07-19T17:50:00.582+0000] {standard_task_runner.py:84} INFO - Running: ['***', 'tasks', 'run', 'restaurant_pipeline', 'send_to_kafka', 'scheduled__2025-07-19T17:48:00+00:00', '--job-id', '898', '--raw', '--subdir', 'DAGS_FOLDER/restaurant_pipeline.py', '--cfg-path', '/tmp/tmpak1fbf3t']
[2025-07-19T17:50:00.584+0000] {standard_task_runner.py:85} INFO - Job 898: Subtask send_to_kafka
[2025-07-19T17:50:00.605+0000] {task_command.py:416} INFO - Running <TaskInstance: restaurant_pipeline.send_to_kafka scheduled__2025-07-19T17:48:00+00:00 [running]> on host 03593c79cc17
[2025-07-19T17:50:00.642+0000] {taskinstance.py:1662} INFO - Exporting env vars: AIRFLOW_CTX_DAG_EMAIL='your@email.com' AIRFLOW_CTX_DAG_OWNER='moran' AIRFLOW_CTX_DAG_ID='restaurant_pipeline' AIRFLOW_CTX_TASK_ID='send_to_kafka' AIRFLOW_CTX_EXECUTION_DATE='2025-07-19T17:48:00+00:00' AIRFLOW_CTX_TRY_NUMBER='1' AIRFLOW_CTX_DAG_RUN_ID='scheduled__2025-07-19T17:48:00+00:00'
[2025-07-19T17:50:00.642+0000] {subprocess.py:63} INFO - Tmp dir root location: /tmp
[2025-07-19T17:50:00.643+0000] {subprocess.py:75} INFO - Running command: ['/bin/bash', '-c', 'python /opt/streaming/producer.py']
[2025-07-19T17:50:00.647+0000] {subprocess.py:86} INFO - Output:
[2025-07-19T17:50:02.876+0000] {subprocess.py:93} INFO - [✓] Sent to reservations: {'reservation_id': 6321, 'branch_id': 102, 'customer_name': 'Robert Parsons', 'phone_number': '(306)327-1562x732', 'reservation_date': '2025-07-19', 'reservation_time': '19:07', 'guests_count': 6, 'is_confirmed': True}
[2025-07-19T17:50:02.877+0000] {subprocess.py:93} INFO - [✓] Sent to reservations: {'reservation_id': 1945, 'branch_id': 102, 'customer_name': 'Adrienne Johnson', 'phone_number': '279.980.9776x125', 'reservation_date': '2025-07-19', 'reservation_time': '18:38', 'guests_count': 8, 'is_confirmed': False}
[2025-07-19T17:50:02.879+0000] {subprocess.py:93} INFO - [✓] Sent to reservations: {'reservation_id': 8475, 'branch_id': 101, 'customer_name': 'Michael Donovan', 'phone_number': '+1-533-205-9855', 'reservation_date': '2025-07-19', 'reservation_time': '18:21', 'guests_count': 5, 'is_confirmed': False}
[2025-07-19T17:50:02.880+0000] {subprocess.py:93} INFO - [✓] Sent to checkins: {'checkin_id': 8604, 'customer_name': 'Elizabeth Morris', 'phone_number': '001-828-786-4914x4941', 'branch_id': 102, 'table_id': 209, 'is_prebooked': False, 'checkin_date': '2025-07-19', 'checkin_time': '16:06', 'guests_count': 4, 'shift_manager': 'Courtney Reed'}
[2025-07-19T17:50:02.882+0000] {subprocess.py:93} INFO - [✓] Sent to checkins: {'checkin_id': 7807, 'customer_name': 'Christopher Chan', 'phone_number': '001-619-222-7419x052', 'branch_id': 101, 'table_id': 204, 'is_prebooked': False, 'checkin_date': '2025-07-19', 'checkin_time': '17:12', 'guests_count': 2, 'shift_manager': 'David Ward'}
[2025-07-19T17:50:02.882+0000] {subprocess.py:93} INFO - [✓] Sent to checkins: {'checkin_id': 6990, 'customer_name': 'Glenda Hernandez', 'phone_number': '+1-677-326-9339x646', 'branch_id': 102, 'table_id': 209, 'is_prebooked': False, 'checkin_date': '2025-07-19', 'checkin_time': '17:05', 'guests_count': 4, 'shift_manager': 'Michael Gonzalez'}
[2025-07-19T17:50:02.883+0000] {subprocess.py:93} INFO - [✓] Sent to feedback: {'feedback_id': 3270, 'branch_id': 101, 'customer_name': 'Todd Collins', 'phone_number': '879-299-4938x62145', 'feedback_text': 'Answer here since bank seem.', 'rating': 3, 'dining_date': '2025-07-19', 'dining_time': '16:50', 'submission_time': '2025-07-19T17:50:00'}
[2025-07-19T17:50:02.883+0000] {subprocess.py:93} INFO - [✓] Sent to feedback: {'feedback_id': 2575, 'branch_id': 101, 'customer_name': 'Michelle Parker', 'phone_number': '491-227-0418x274', 'feedback_text': 'Lead fear kitchen serious.', 'rating': 3, 'dining_date': '2025-07-19', 'dining_time': '16:34', 'submission_time': '2025-07-19T17:50:00'}
[2025-07-19T17:50:02.883+0000] {subprocess.py:93} INFO - [✓] Sent to feedback: {'feedback_id': 3634, 'branch_id': 101, 'customer_name': 'Natalie Harrison', 'phone_number': '(438)244-4606x343', 'feedback_text': 'Population despite mean station.', 'rating': 2, 'dining_date': '2025-07-19', 'dining_time': '16:52', 'submission_time': '2025-07-19T17:50:00'}
[2025-07-19T17:50:02.883+0000] {subprocess.py:93} INFO - ✅ All messages sent.
[2025-07-19T17:50:02.912+0000] {subprocess.py:97} INFO - Command exited with return code 0
[2025-07-19T17:50:02.929+0000] {taskinstance.py:1400} INFO - Marking task as SUCCESS. dag_id=restaurant_pipeline, task_id=send_to_kafka, execution_date=20250719T174800, start_date=20250719T175000, end_date=20250719T175002
[2025-07-19T17:50:02.968+0000] {local_task_job_runner.py:228} INFO - Task exited with return code 0
[2025-07-19T17:50:03.000+0000] {taskinstance.py:2778} INFO - 1 downstream tasks scheduled from follow-on schedule check
