[2025-07-18T19:28:21.655+0000] {taskinstance.py:1159} INFO - Dependencies all met for dep_context=non-requeueable deps ti=<TaskInstance: restaurant_pipeline.send_to_kafka scheduled__2025-07-18T19:26:00+00:00 [queued]>
[2025-07-18T19:28:21.661+0000] {taskinstance.py:1159} INFO - Dependencies all met for dep_context=requeueable deps ti=<TaskInstance: restaurant_pipeline.send_to_kafka scheduled__2025-07-18T19:26:00+00:00 [queued]>
[2025-07-18T19:28:21.661+0000] {taskinstance.py:1361} INFO - Starting attempt 1 of 1
[2025-07-18T19:28:21.670+0000] {taskinstance.py:1382} INFO - Executing <Task(BashOperator): send_to_kafka> on 2025-07-18 19:26:00+00:00
[2025-07-18T19:28:21.673+0000] {standard_task_runner.py:57} INFO - Started process 4949 to run task
[2025-07-18T19:28:21.676+0000] {standard_task_runner.py:84} INFO - Running: ['***', 'tasks', 'run', 'restaurant_pipeline', 'send_to_kafka', 'scheduled__2025-07-18T19:26:00+00:00', '--job-id', '520', '--raw', '--subdir', 'DAGS_FOLDER/restaurant_pipeline.py', '--cfg-path', '/tmp/tmp0xbe3kbe']
[2025-07-18T19:28:21.678+0000] {standard_task_runner.py:85} INFO - Job 520: Subtask send_to_kafka
[2025-07-18T19:28:21.712+0000] {task_command.py:416} INFO - Running <TaskInstance: restaurant_pipeline.send_to_kafka scheduled__2025-07-18T19:26:00+00:00 [running]> on host 9bcfb43e0ab7
[2025-07-18T19:28:21.756+0000] {taskinstance.py:1662} INFO - Exporting env vars: AIRFLOW_CTX_DAG_OWNER='moran' AIRFLOW_CTX_DAG_ID='restaurant_pipeline' AIRFLOW_CTX_TASK_ID='send_to_kafka' AIRFLOW_CTX_EXECUTION_DATE='2025-07-18T19:26:00+00:00' AIRFLOW_CTX_TRY_NUMBER='1' AIRFLOW_CTX_DAG_RUN_ID='scheduled__2025-07-18T19:26:00+00:00'
[2025-07-18T19:28:21.757+0000] {subprocess.py:63} INFO - Tmp dir root location: /tmp
[2025-07-18T19:28:21.757+0000] {subprocess.py:75} INFO - Running command: ['/bin/bash', '-c', 'python /opt/streaming/producer.py']
[2025-07-18T19:28:21.762+0000] {subprocess.py:86} INFO - Output:
[2025-07-18T19:28:24.088+0000] {subprocess.py:93} INFO - [✓] Sent to reservations: {'reservation_id': 8086, 'branch_id': 102, 'customer_name': 'Brandon Mclaughlin', 'phone_number': '(541)678-8834x96786', 'reservation_date': '2025-07-18', 'reservation_time': '21:09', 'guests_count': 6, 'is_confirmed': True}
[2025-07-18T19:28:24.092+0000] {subprocess.py:93} INFO - [✓] Sent to reservations: {'reservation_id': 1605, 'branch_id': 102, 'customer_name': 'Christopher Smith', 'phone_number': '3012057980', 'reservation_date': '2025-07-18', 'reservation_time': '19:38', 'guests_count': 8, 'is_confirmed': False}
[2025-07-18T19:28:24.092+0000] {subprocess.py:93} INFO - [✓] Sent to reservations: {'reservation_id': 2446, 'branch_id': 101, 'customer_name': 'Megan Gonzalez', 'phone_number': '5742494829', 'reservation_date': '2025-07-18', 'reservation_time': '20:34', 'guests_count': 6, 'is_confirmed': False}
[2025-07-18T19:28:24.092+0000] {subprocess.py:93} INFO - [✓] Sent to checkins: {'checkin_id': 6719, 'customer_name': 'Wendy Cross', 'phone_number': '644.720.0881x59997', 'branch_id': 101, 'table_id': 209, 'is_prebooked': False, 'checkin_date': '2025-07-18', 'checkin_time': '17:51', 'guests_count': 4, 'shift_manager': 'Marcus Anderson'}
[2025-07-18T19:28:24.092+0000] {subprocess.py:93} INFO - [✓] Sent to checkins: {'checkin_id': 8696, 'customer_name': 'Robert Rivera', 'phone_number': '+1-540-209-7188x018', 'branch_id': 102, 'table_id': 203, 'is_prebooked': True, 'checkin_date': '2025-07-18', 'checkin_time': '17:42', 'guests_count': 1, 'shift_manager': 'Curtis Peters'}
[2025-07-18T19:28:24.092+0000] {subprocess.py:93} INFO - [✓] Sent to checkins: {'checkin_id': 7602, 'customer_name': 'Edwin Mcknight', 'phone_number': '(291)685-3924x5995', 'branch_id': 101, 'table_id': 203, 'is_prebooked': False, 'checkin_date': '2025-07-18', 'checkin_time': '18:33', 'guests_count': 6, 'shift_manager': 'Mr. Mark Yates'}
[2025-07-18T19:28:24.092+0000] {subprocess.py:93} INFO - [✓] Sent to feedback: {'feedback_id': 5971, 'branch_id': 101, 'customer_name': 'John Espinoza', 'phone_number': '755.574.1461', 'feedback_text': 'Analysis affect car.', 'rating': 5, 'dining_date': '2025-07-18', 'dining_time': '18:36', 'submission_time': '2025-07-18T19:28:20'}
[2025-07-18T19:28:24.093+0000] {subprocess.py:93} INFO - [✓] Sent to feedback: {'feedback_id': 1591, 'branch_id': 101, 'customer_name': 'Mary Gutierrez', 'phone_number': '(596)946-4314x516', 'feedback_text': 'Meet value score right stay fear across nature.', 'rating': 1, 'dining_date': '2025-07-18', 'dining_time': '17:37', 'submission_time': '2025-07-18T19:28:20'}
[2025-07-18T19:28:24.093+0000] {subprocess.py:93} INFO - [✓] Sent to feedback: {'feedback_id': 3192, 'branch_id': 102, 'customer_name': 'Reginald Ford', 'phone_number': '979.972.4742x95752', 'feedback_text': 'Social pretty here others light nation material.', 'rating': 3, 'dining_date': '2025-07-18', 'dining_time': '17:49', 'submission_time': '2025-07-18T19:28:20'}
[2025-07-18T19:28:24.093+0000] {subprocess.py:93} INFO - ✅ All messages sent.
[2025-07-18T19:28:24.128+0000] {subprocess.py:97} INFO - Command exited with return code 0
[2025-07-18T19:28:24.148+0000] {taskinstance.py:1400} INFO - Marking task as SUCCESS. dag_id=restaurant_pipeline, task_id=send_to_kafka, execution_date=20250718T192600, start_date=20250718T192821, end_date=20250718T192824
[2025-07-18T19:28:24.188+0000] {local_task_job_runner.py:228} INFO - Task exited with return code 0
[2025-07-18T19:28:24.234+0000] {taskinstance.py:2778} INFO - 0 downstream tasks scheduled from follow-on schedule check
