[2025-07-19T20:06:02.003+0000] {taskinstance.py:1159} INFO - Dependencies all met for dep_context=non-requeueable deps ti=<TaskInstance: restaurant_pipeline.send_to_kafka scheduled__2025-07-19T20:02:00+00:00 [queued]>
[2025-07-19T20:06:02.007+0000] {taskinstance.py:1159} INFO - Dependencies all met for dep_context=requeueable deps ti=<TaskInstance: restaurant_pipeline.send_to_kafka scheduled__2025-07-19T20:02:00+00:00 [queued]>
[2025-07-19T20:06:02.008+0000] {taskinstance.py:1361} INFO - Starting attempt 1 of 1
[2025-07-19T20:06:02.015+0000] {taskinstance.py:1382} INFO - Executing <Task(BashOperator): send_to_kafka> on 2025-07-19 20:02:00+00:00
[2025-07-19T20:06:02.018+0000] {standard_task_runner.py:57} INFO - Started process 3029 to run task
[2025-07-19T20:06:02.021+0000] {standard_task_runner.py:84} INFO - Running: ['***', 'tasks', 'run', 'restaurant_pipeline', 'send_to_kafka', 'scheduled__2025-07-19T20:02:00+00:00', '--job-id', '1158', '--raw', '--subdir', 'DAGS_FOLDER/restaurant_pipeline.py', '--cfg-path', '/tmp/tmp9ibp1gam']
[2025-07-19T20:06:02.023+0000] {standard_task_runner.py:85} INFO - Job 1158: Subtask send_to_kafka
[2025-07-19T20:06:02.046+0000] {task_command.py:416} INFO - Running <TaskInstance: restaurant_pipeline.send_to_kafka scheduled__2025-07-19T20:02:00+00:00 [running]> on host e3f5d8fc4eef
[2025-07-19T20:06:02.089+0000] {taskinstance.py:1662} INFO - Exporting env vars: AIRFLOW_CTX_DAG_OWNER='moran' AIRFLOW_CTX_DAG_ID='restaurant_pipeline' AIRFLOW_CTX_TASK_ID='send_to_kafka' AIRFLOW_CTX_EXECUTION_DATE='2025-07-19T20:02:00+00:00' AIRFLOW_CTX_TRY_NUMBER='1' AIRFLOW_CTX_DAG_RUN_ID='scheduled__2025-07-19T20:02:00+00:00'
[2025-07-19T20:06:02.090+0000] {subprocess.py:63} INFO - Tmp dir root location: /tmp
[2025-07-19T20:06:02.090+0000] {subprocess.py:75} INFO - Running command: ['/bin/bash', '-c', 'python /opt/streaming/producer.py']
[2025-07-19T20:06:02.094+0000] {subprocess.py:86} INFO - Output:
[2025-07-19T20:06:04.329+0000] {subprocess.py:93} INFO - [✓] Sent to reservations: {'reservation_id': 4107, 'branch_id': 102, 'customer_name': 'Judith Carson', 'phone_number': '757.395.5945x216', 'reservation_date': '2025-07-19', 'reservation_time': '21:03', 'guests_count': 6, 'is_confirmed': False}
[2025-07-19T20:06:04.334+0000] {subprocess.py:93} INFO - [✓] Sent to reservations: {'reservation_id': 7489, 'branch_id': 102, 'customer_name': 'Paula Ramos', 'phone_number': '+1-994-329-4209x59478', 'reservation_date': '2025-07-19', 'reservation_time': '20:20', 'guests_count': 4, 'is_confirmed': True}
[2025-07-19T20:06:04.336+0000] {subprocess.py:93} INFO - [✓] Sent to reservations: {'reservation_id': 9067, 'branch_id': 102, 'customer_name': 'Brittany Lee', 'phone_number': '347-863-2209', 'reservation_date': '2025-07-19', 'reservation_time': '20:30', 'guests_count': 7, 'is_confirmed': False}
[2025-07-19T20:06:04.339+0000] {subprocess.py:93} INFO - [✓] Sent to checkins: {'checkin_id': 5330, 'customer_name': 'Alyssa Logan', 'phone_number': '402-370-9358x2363', 'branch_id': 101, 'table_id': 204, 'is_prebooked': False, 'checkin_date': '2025-07-19', 'checkin_time': '18:15', 'guests_count': 3, 'shift_manager': 'Brooke Nixon'}
[2025-07-19T20:06:04.339+0000] {subprocess.py:93} INFO - [✓] Sent to checkins: {'checkin_id': 9104, 'customer_name': 'Matthew Michael', 'phone_number': '561.852.0862', 'branch_id': 101, 'table_id': 204, 'is_prebooked': False, 'checkin_date': '2025-07-19', 'checkin_time': '19:58', 'guests_count': 3, 'shift_manager': 'Denise Baxter'}
[2025-07-19T20:06:04.340+0000] {subprocess.py:93} INFO - [✓] Sent to checkins: {'checkin_id': 4103, 'customer_name': 'Mary Smith', 'phone_number': '652-403-1813', 'branch_id': 101, 'table_id': 208, 'is_prebooked': True, 'checkin_date': '2025-07-19', 'checkin_time': '19:54', 'guests_count': 5, 'shift_manager': 'Stephanie Baxter'}
[2025-07-19T20:06:04.340+0000] {subprocess.py:93} INFO - [✓] Sent to feedback: {'feedback_id': 8524, 'branch_id': 101, 'customer_name': 'Douglas Lewis', 'phone_number': '001-447-417-2912x097', 'feedback_text': 'Ago audience physical leg old pull he.', 'rating': 3, 'dining_date': '2025-07-19', 'dining_time': '19:57', 'submission_time': '2025-07-19T20:06:01'}
[2025-07-19T20:06:04.340+0000] {subprocess.py:93} INFO - [✓] Sent to feedback: {'feedback_id': 2183, 'branch_id': 102, 'customer_name': 'John Cline', 'phone_number': '001-668-468-4359', 'feedback_text': 'Develop soldier hope left create never.', 'rating': 3, 'dining_date': '2025-07-19', 'dining_time': '18:14', 'submission_time': '2025-07-19T20:06:01'}
[2025-07-19T20:06:04.340+0000] {subprocess.py:93} INFO - [✓] Sent to feedback: {'feedback_id': 5533, 'branch_id': 101, 'customer_name': 'Isabel Wilson', 'phone_number': '+1-786-219-7861x30180', 'feedback_text': 'Certain along war necessary move bar authority.', 'rating': 2, 'dining_date': '2025-07-19', 'dining_time': '19:51', 'submission_time': '2025-07-19T20:06:01'}
[2025-07-19T20:06:04.341+0000] {subprocess.py:93} INFO - ✅ All messages sent.
[2025-07-19T20:06:04.381+0000] {subprocess.py:97} INFO - Command exited with return code 0
[2025-07-19T20:06:04.402+0000] {taskinstance.py:1400} INFO - Marking task as SUCCESS. dag_id=restaurant_pipeline, task_id=send_to_kafka, execution_date=20250719T200200, start_date=20250719T200602, end_date=20250719T200604
[2025-07-19T20:06:04.440+0000] {local_task_job_runner.py:228} INFO - Task exited with return code 0
[2025-07-19T20:06:04.488+0000] {taskinstance.py:2778} INFO - 1 downstream tasks scheduled from follow-on schedule check
