[2025-07-19T18:32:07.669+0000] {taskinstance.py:1159} INFO - Dependencies all met for dep_context=non-requeueable deps ti=<TaskInstance: restaurant_pipeline.send_to_kafka scheduled__2025-07-19T18:30:00+00:00 [queued]>
[2025-07-19T18:32:07.672+0000] {taskinstance.py:1159} INFO - Dependencies all met for dep_context=requeueable deps ti=<TaskInstance: restaurant_pipeline.send_to_kafka scheduled__2025-07-19T18:30:00+00:00 [queued]>
[2025-07-19T18:32:07.673+0000] {taskinstance.py:1361} INFO - Starting attempt 1 of 1
[2025-07-19T18:32:07.678+0000] {taskinstance.py:1382} INFO - Executing <Task(BashOperator): send_to_kafka> on 2025-07-19 18:30:00+00:00
[2025-07-19T18:32:07.680+0000] {standard_task_runner.py:57} INFO - Started process 1023 to run task
[2025-07-19T18:32:07.682+0000] {standard_task_runner.py:84} INFO - Running: ['***', 'tasks', 'run', 'restaurant_pipeline', 'send_to_kafka', 'scheduled__2025-07-19T18:30:00+00:00', '--job-id', '998', '--raw', '--subdir', 'DAGS_FOLDER/restaurant_pipeline.py', '--cfg-path', '/tmp/tmpzipudwsd']
[2025-07-19T18:32:07.683+0000] {standard_task_runner.py:85} INFO - Job 998: Subtask send_to_kafka
[2025-07-19T18:32:07.704+0000] {task_command.py:416} INFO - Running <TaskInstance: restaurant_pipeline.send_to_kafka scheduled__2025-07-19T18:30:00+00:00 [running]> on host e3f5d8fc4eef
[2025-07-19T18:32:07.743+0000] {taskinstance.py:1662} INFO - Exporting env vars: AIRFLOW_CTX_DAG_OWNER='moran' AIRFLOW_CTX_DAG_ID='restaurant_pipeline' AIRFLOW_CTX_TASK_ID='send_to_kafka' AIRFLOW_CTX_EXECUTION_DATE='2025-07-19T18:30:00+00:00' AIRFLOW_CTX_TRY_NUMBER='1' AIRFLOW_CTX_DAG_RUN_ID='scheduled__2025-07-19T18:30:00+00:00'
[2025-07-19T18:32:07.743+0000] {subprocess.py:63} INFO - Tmp dir root location: /tmp
[2025-07-19T18:32:07.744+0000] {subprocess.py:75} INFO - Running command: ['/bin/bash', '-c', 'python /opt/streaming/producer.py']
[2025-07-19T18:32:07.748+0000] {subprocess.py:86} INFO - Output:
[2025-07-19T18:32:09.965+0000] {subprocess.py:93} INFO - [✓] Sent to reservations: {'reservation_id': 8186, 'branch_id': 102, 'customer_name': 'Steven Berg', 'phone_number': '719.399.5880', 'reservation_date': '2025-07-19', 'reservation_time': '18:43', 'guests_count': 2, 'is_confirmed': False}
[2025-07-19T18:32:09.970+0000] {subprocess.py:93} INFO - [✓] Sent to reservations: {'reservation_id': 7289, 'branch_id': 101, 'customer_name': 'Benjamin Wilkerson', 'phone_number': '001-414-565-1126x5171', 'reservation_date': '2025-07-19', 'reservation_time': '20:09', 'guests_count': 6, 'is_confirmed': True}
[2025-07-19T18:32:09.975+0000] {subprocess.py:93} INFO - [✓] Sent to reservations: {'reservation_id': 6380, 'branch_id': 102, 'customer_name': 'Tammy Foster', 'phone_number': '001-634-796-5099x145', 'reservation_date': '2025-07-19', 'reservation_time': '20:25', 'guests_count': 2, 'is_confirmed': False}
[2025-07-19T18:32:09.975+0000] {subprocess.py:93} INFO - [✓] Sent to checkins: {'checkin_id': 8971, 'customer_name': 'Anthony George', 'phone_number': '(904)487-4907', 'branch_id': 102, 'table_id': 210, 'is_prebooked': True, 'checkin_date': '2025-07-19', 'checkin_time': '18:25', 'guests_count': 3, 'shift_manager': 'William Jones'}
[2025-07-19T18:32:09.976+0000] {subprocess.py:93} INFO - [✓] Sent to checkins: {'checkin_id': 9214, 'customer_name': 'Dawn Campos', 'phone_number': '(396)542-4880x56233', 'branch_id': 101, 'table_id': 201, 'is_prebooked': False, 'checkin_date': '2025-07-19', 'checkin_time': '18:22', 'guests_count': 4, 'shift_manager': 'Manuel Hernandez'}
[2025-07-19T18:32:09.976+0000] {subprocess.py:93} INFO - [✓] Sent to checkins: {'checkin_id': 7831, 'customer_name': 'Albert Burke', 'phone_number': '683-555-1295x4869', 'branch_id': 102, 'table_id': 210, 'is_prebooked': False, 'checkin_date': '2025-07-19', 'checkin_time': '17:33', 'guests_count': 6, 'shift_manager': 'Gina Fields'}
[2025-07-19T18:32:09.976+0000] {subprocess.py:93} INFO - [✓] Sent to feedback: {'feedback_id': 1445, 'branch_id': 102, 'customer_name': 'Connie Spencer', 'phone_number': '(202)316-0367', 'feedback_text': 'Tv course hot middle including.', 'rating': 4, 'dining_date': '2025-07-19', 'dining_time': '16:49', 'submission_time': '2025-07-19T18:32:06'}
[2025-07-19T18:32:09.976+0000] {subprocess.py:93} INFO - [✓] Sent to feedback: {'feedback_id': 4990, 'branch_id': 101, 'customer_name': 'Sarah Bush', 'phone_number': '956-733-4019x05113', 'feedback_text': 'Worry majority concern sense book leader.', 'rating': 2, 'dining_date': '2025-07-19', 'dining_time': '16:40', 'submission_time': '2025-07-19T18:32:06'}
[2025-07-19T18:32:09.977+0000] {subprocess.py:93} INFO - [✓] Sent to feedback: {'feedback_id': 2445, 'branch_id': 102, 'customer_name': 'Dr. Joseph Brooks MD', 'phone_number': '5635725937', 'feedback_text': 'Until network thought let.', 'rating': 5, 'dining_date': '2025-07-19', 'dining_time': '16:45', 'submission_time': '2025-07-19T18:32:06'}
[2025-07-19T18:32:09.977+0000] {subprocess.py:93} INFO - ✅ All messages sent.
[2025-07-19T18:32:10.015+0000] {subprocess.py:97} INFO - Command exited with return code 0
[2025-07-19T18:32:10.032+0000] {taskinstance.py:1400} INFO - Marking task as SUCCESS. dag_id=restaurant_pipeline, task_id=send_to_kafka, execution_date=20250719T183000, start_date=20250719T183207, end_date=20250719T183210
[2025-07-19T18:32:10.059+0000] {local_task_job_runner.py:228} INFO - Task exited with return code 0
[2025-07-19T18:32:10.084+0000] {taskinstance.py:2778} INFO - 1 downstream tasks scheduled from follow-on schedule check
