[2025-07-19T18:45:44.133+0000] {taskinstance.py:1159} INFO - Dependencies all met for dep_context=non-requeueable deps ti=<TaskInstance: restaurant_pipeline.send_to_kafka scheduled__2025-07-19T18:42:00+00:00 [queued]>
[2025-07-19T18:45:44.137+0000] {taskinstance.py:1159} INFO - Dependencies all met for dep_context=requeueable deps ti=<TaskInstance: restaurant_pipeline.send_to_kafka scheduled__2025-07-19T18:42:00+00:00 [queued]>
[2025-07-19T18:45:44.137+0000] {taskinstance.py:1361} INFO - Starting attempt 1 of 1
[2025-07-19T18:45:44.142+0000] {taskinstance.py:1382} INFO - Executing <Task(BashOperator): send_to_kafka> on 2025-07-19 18:42:00+00:00
[2025-07-19T18:45:44.145+0000] {standard_task_runner.py:57} INFO - Started process 1376 to run task
[2025-07-19T18:45:44.146+0000] {standard_task_runner.py:84} INFO - Running: ['***', 'tasks', 'run', 'restaurant_pipeline', 'send_to_kafka', 'scheduled__2025-07-19T18:42:00+00:00', '--job-id', '1028', '--raw', '--subdir', 'DAGS_FOLDER/restaurant_pipeline.py', '--cfg-path', '/tmp/tmp3l8i9yic']
[2025-07-19T18:45:44.148+0000] {standard_task_runner.py:85} INFO - Job 1028: Subtask send_to_kafka
[2025-07-19T18:45:44.170+0000] {task_command.py:416} INFO - Running <TaskInstance: restaurant_pipeline.send_to_kafka scheduled__2025-07-19T18:42:00+00:00 [running]> on host e3f5d8fc4eef
[2025-07-19T18:45:44.208+0000] {taskinstance.py:1662} INFO - Exporting env vars: AIRFLOW_CTX_DAG_OWNER='moran' AIRFLOW_CTX_DAG_ID='restaurant_pipeline' AIRFLOW_CTX_TASK_ID='send_to_kafka' AIRFLOW_CTX_EXECUTION_DATE='2025-07-19T18:42:00+00:00' AIRFLOW_CTX_TRY_NUMBER='1' AIRFLOW_CTX_DAG_RUN_ID='scheduled__2025-07-19T18:42:00+00:00'
[2025-07-19T18:45:44.208+0000] {subprocess.py:63} INFO - Tmp dir root location: /tmp
[2025-07-19T18:45:44.209+0000] {subprocess.py:75} INFO - Running command: ['/bin/bash', '-c', 'python /opt/streaming/producer.py']
[2025-07-19T18:45:44.213+0000] {subprocess.py:86} INFO - Output:
[2025-07-19T18:45:46.432+0000] {subprocess.py:93} INFO - [✓] Sent to reservations: {'reservation_id': 4924, 'branch_id': 102, 'customer_name': 'Alicia Howard', 'phone_number': '920.970.3878x75563', 'reservation_date': '2025-07-19', 'reservation_time': '20:05', 'guests_count': 2, 'is_confirmed': False}
[2025-07-19T18:45:46.433+0000] {subprocess.py:93} INFO - [✓] Sent to reservations: {'reservation_id': 3946, 'branch_id': 101, 'customer_name': 'Diane Rogers', 'phone_number': '722.629.2615', 'reservation_date': '2025-07-19', 'reservation_time': '20:44', 'guests_count': 7, 'is_confirmed': True}
[2025-07-19T18:45:46.434+0000] {subprocess.py:93} INFO - [✓] Sent to reservations: {'reservation_id': 5448, 'branch_id': 101, 'customer_name': 'Christopher Aguilar', 'phone_number': '001-942-244-0537x894', 'reservation_date': '2025-07-19', 'reservation_time': '19:26', 'guests_count': 7, 'is_confirmed': False}
[2025-07-19T18:45:46.434+0000] {subprocess.py:93} INFO - [✓] Sent to checkins: {'checkin_id': 8455, 'customer_name': 'Megan Dorsey', 'phone_number': '001-601-866-9816x89755', 'branch_id': 102, 'table_id': 200, 'is_prebooked': True, 'checkin_date': '2025-07-19', 'checkin_time': '18:33', 'guests_count': 4, 'shift_manager': 'Michelle Stone'}
[2025-07-19T18:45:46.435+0000] {subprocess.py:93} INFO - [✓] Sent to checkins: {'checkin_id': 8219, 'customer_name': 'George Taylor', 'phone_number': '+1-327-627-5461x96933', 'branch_id': 102, 'table_id': 204, 'is_prebooked': False, 'checkin_date': '2025-07-19', 'checkin_time': '17:17', 'guests_count': 2, 'shift_manager': 'John Frazier'}
[2025-07-19T18:45:46.435+0000] {subprocess.py:93} INFO - [✓] Sent to checkins: {'checkin_id': 3485, 'customer_name': 'Angel Owens', 'phone_number': '+1-739-700-6385', 'branch_id': 101, 'table_id': 206, 'is_prebooked': True, 'checkin_date': '2025-07-19', 'checkin_time': '16:46', 'guests_count': 1, 'shift_manager': 'Kenneth Snow'}
[2025-07-19T18:45:46.436+0000] {subprocess.py:93} INFO - [✓] Sent to feedback: {'feedback_id': 2856, 'branch_id': 101, 'customer_name': 'Michael Berry', 'phone_number': '337.855.6124', 'feedback_text': 'Card series our prevent full.', 'rating': 1, 'dining_date': '2025-07-19', 'dining_time': '18:36', 'submission_time': '2025-07-19T18:45:43'}
[2025-07-19T18:45:46.437+0000] {subprocess.py:93} INFO - [✓] Sent to feedback: {'feedback_id': 9069, 'branch_id': 101, 'customer_name': 'Helen Ballard', 'phone_number': '401.946.2995', 'feedback_text': 'Eight base drive or low great eight stuff.', 'rating': 2, 'dining_date': '2025-07-19', 'dining_time': '18:01', 'submission_time': '2025-07-19T18:45:43'}
[2025-07-19T18:45:46.437+0000] {subprocess.py:93} INFO - [✓] Sent to feedback: {'feedback_id': 8839, 'branch_id': 101, 'customer_name': 'David Butler MD', 'phone_number': '(333)539-0336', 'feedback_text': 'Final town mother well education clear rather.', 'rating': 2, 'dining_date': '2025-07-19', 'dining_time': '18:10', 'submission_time': '2025-07-19T18:45:43'}
[2025-07-19T18:45:46.438+0000] {subprocess.py:93} INFO - ✅ All messages sent.
[2025-07-19T18:45:46.482+0000] {subprocess.py:97} INFO - Command exited with return code 0
[2025-07-19T18:45:46.501+0000] {taskinstance.py:1400} INFO - Marking task as SUCCESS. dag_id=restaurant_pipeline, task_id=send_to_kafka, execution_date=20250719T184200, start_date=20250719T184544, end_date=20250719T184546
[2025-07-19T18:45:46.521+0000] {local_task_job_runner.py:228} INFO - Task exited with return code 0
[2025-07-19T18:45:46.547+0000] {taskinstance.py:2778} INFO - 1 downstream tasks scheduled from follow-on schedule check
