[2025-07-18T20:02:01.867+0000] {taskinstance.py:1159} INFO - Dependencies all met for dep_context=non-requeueable deps ti=<TaskInstance: restaurant_pipeline.send_to_kafka scheduled__2025-07-18T20:00:00+00:00 [queued]>
[2025-07-18T20:02:01.871+0000] {taskinstance.py:1159} INFO - Dependencies all met for dep_context=requeueable deps ti=<TaskInstance: restaurant_pipeline.send_to_kafka scheduled__2025-07-18T20:00:00+00:00 [queued]>
[2025-07-18T20:02:01.872+0000] {taskinstance.py:1361} INFO - Starting attempt 1 of 1
[2025-07-18T20:02:01.877+0000] {taskinstance.py:1382} INFO - Executing <Task(BashOperator): send_to_kafka> on 2025-07-18 20:00:00+00:00
[2025-07-18T20:02:01.879+0000] {standard_task_runner.py:57} INFO - Started process 5698 to run task
[2025-07-18T20:02:01.881+0000] {standard_task_runner.py:84} INFO - Running: ['***', 'tasks', 'run', 'restaurant_pipeline', 'send_to_kafka', 'scheduled__2025-07-18T20:00:00+00:00', '--job-id', '584', '--raw', '--subdir', 'DAGS_FOLDER/restaurant_pipeline.py', '--cfg-path', '/tmp/tmpic2z4_qe']
[2025-07-18T20:02:01.882+0000] {standard_task_runner.py:85} INFO - Job 584: Subtask send_to_kafka
[2025-07-18T20:02:01.904+0000] {task_command.py:416} INFO - Running <TaskInstance: restaurant_pipeline.send_to_kafka scheduled__2025-07-18T20:00:00+00:00 [running]> on host 9bcfb43e0ab7
[2025-07-18T20:02:01.964+0000] {taskinstance.py:1662} INFO - Exporting env vars: AIRFLOW_CTX_DAG_OWNER='moran' AIRFLOW_CTX_DAG_ID='restaurant_pipeline' AIRFLOW_CTX_TASK_ID='send_to_kafka' AIRFLOW_CTX_EXECUTION_DATE='2025-07-18T20:00:00+00:00' AIRFLOW_CTX_TRY_NUMBER='1' AIRFLOW_CTX_DAG_RUN_ID='scheduled__2025-07-18T20:00:00+00:00'
[2025-07-18T20:02:01.969+0000] {subprocess.py:63} INFO - Tmp dir root location: /tmp
[2025-07-18T20:02:01.969+0000] {subprocess.py:75} INFO - Running command: ['/bin/bash', '-c', 'python /opt/streaming/producer.py']
[2025-07-18T20:02:01.974+0000] {subprocess.py:86} INFO - Output:
[2025-07-18T20:02:04.199+0000] {subprocess.py:93} INFO - [✓] Sent to reservations: {'reservation_id': 8755, 'branch_id': 101, 'customer_name': 'Michael Powers', 'phone_number': '2902960938', 'reservation_date': '2025-07-18', 'reservation_time': '20:57', 'guests_count': 8, 'is_confirmed': True}
[2025-07-18T20:02:04.204+0000] {subprocess.py:93} INFO - [✓] Sent to reservations: {'reservation_id': 8474, 'branch_id': 102, 'customer_name': 'David Richardson', 'phone_number': '001-650-928-6869x92991', 'reservation_date': '2025-07-18', 'reservation_time': '21:10', 'guests_count': 1, 'is_confirmed': True}
[2025-07-18T20:02:04.205+0000] {subprocess.py:93} INFO - [✓] Sent to reservations: {'reservation_id': 3733, 'branch_id': 101, 'customer_name': 'Jessica Hughes', 'phone_number': '507.630.9891x21544', 'reservation_date': '2025-07-18', 'reservation_time': '21:45', 'guests_count': 6, 'is_confirmed': True}
[2025-07-18T20:02:04.207+0000] {subprocess.py:93} INFO - [✓] Sent to checkins: {'checkin_id': 7311, 'customer_name': 'Victoria Goodwin', 'phone_number': '764-404-5653x10789', 'branch_id': 101, 'table_id': 205, 'is_prebooked': False, 'checkin_date': '2025-07-18', 'checkin_time': '19:44', 'guests_count': 1, 'shift_manager': 'Jose Zhang'}
[2025-07-18T20:02:04.211+0000] {subprocess.py:93} INFO - [✓] Sent to checkins: {'checkin_id': 7661, 'customer_name': 'Michael Keller', 'phone_number': '9322213634', 'branch_id': 102, 'table_id': 205, 'is_prebooked': True, 'checkin_date': '2025-07-18', 'checkin_time': '18:59', 'guests_count': 6, 'shift_manager': 'Tony Rich'}
[2025-07-18T20:02:04.211+0000] {subprocess.py:93} INFO - [✓] Sent to checkins: {'checkin_id': 6836, 'customer_name': 'Dr. Kevin Hess', 'phone_number': '(610)425-6965x1042', 'branch_id': 101, 'table_id': 207, 'is_prebooked': True, 'checkin_date': '2025-07-18', 'checkin_time': '18:45', 'guests_count': 5, 'shift_manager': 'Johnny Campbell'}
[2025-07-18T20:02:04.211+0000] {subprocess.py:93} INFO - [✓] Sent to feedback: {'feedback_id': 6885, 'branch_id': 101, 'customer_name': 'Grant Pearson', 'phone_number': '(786)755-2356', 'feedback_text': 'Computer body it any still.', 'rating': 5, 'dining_date': '2025-07-18', 'dining_time': '18:35', 'submission_time': '2025-07-18T20:02:00'}
[2025-07-18T20:02:04.212+0000] {subprocess.py:93} INFO - [✓] Sent to feedback: {'feedback_id': 6375, 'branch_id': 102, 'customer_name': 'Roger Harmon Jr.', 'phone_number': '+1-824-737-1354x7141', 'feedback_text': 'Many back finish north reveal.', 'rating': 1, 'dining_date': '2025-07-18', 'dining_time': '19:25', 'submission_time': '2025-07-18T20:02:00'}
[2025-07-18T20:02:04.212+0000] {subprocess.py:93} INFO - [✓] Sent to feedback: {'feedback_id': 1153, 'branch_id': 102, 'customer_name': 'William Hayes', 'phone_number': '001-803-708-0698x5714', 'feedback_text': 'Avoid cost detail main spend.', 'rating': 3, 'dining_date': '2025-07-18', 'dining_time': '19:04', 'submission_time': '2025-07-18T20:02:00'}
[2025-07-18T20:02:04.212+0000] {subprocess.py:93} INFO - ✅ All messages sent.
[2025-07-18T20:02:04.253+0000] {subprocess.py:97} INFO - Command exited with return code 0
[2025-07-18T20:02:04.272+0000] {taskinstance.py:1400} INFO - Marking task as SUCCESS. dag_id=restaurant_pipeline, task_id=send_to_kafka, execution_date=20250718T200000, start_date=20250718T200201, end_date=20250718T200204
[2025-07-18T20:02:04.301+0000] {local_task_job_runner.py:228} INFO - Task exited with return code 0
[2025-07-18T20:02:04.327+0000] {taskinstance.py:2778} INFO - 1 downstream tasks scheduled from follow-on schedule check
