[2025-07-18T15:46:04.502+0000] {taskinstance.py:1159} INFO - Dependencies all met for dep_context=non-requeueable deps ti=<TaskInstance: restaurant_pipeline.stream_to_bronze scheduled__2025-07-18T15:44:00+00:00 [queued]>
[2025-07-18T15:46:04.506+0000] {taskinstance.py:1159} INFO - Dependencies all met for dep_context=requeueable deps ti=<TaskInstance: restaurant_pipeline.stream_to_bronze scheduled__2025-07-18T15:44:00+00:00 [queued]>
[2025-07-18T15:46:04.506+0000] {taskinstance.py:1361} INFO - Starting attempt 1 of 1
[2025-07-18T15:46:04.512+0000] {taskinstance.py:1382} INFO - Executing <Task(BashOperator): stream_to_bronze> on 2025-07-18 15:44:00+00:00
[2025-07-18T15:46:04.515+0000] {standard_task_runner.py:57} INFO - Started process 692 to run task
[2025-07-18T15:46:04.517+0000] {standard_task_runner.py:84} INFO - Running: ['***', 'tasks', 'run', 'restaurant_pipeline', 'stream_to_bronze', 'scheduled__2025-07-18T15:44:00+00:00', '--job-id', '132', '--raw', '--subdir', 'DAGS_FOLDER/restaurant_pipeline.py', '--cfg-path', '/tmp/tmp0rcpczik']
[2025-07-18T15:46:04.518+0000] {standard_task_runner.py:85} INFO - Job 132: Subtask stream_to_bronze
[2025-07-18T15:46:04.542+0000] {task_command.py:416} INFO - Running <TaskInstance: restaurant_pipeline.stream_to_bronze scheduled__2025-07-18T15:44:00+00:00 [running]> on host 9bcfb43e0ab7
[2025-07-18T15:46:04.578+0000] {taskinstance.py:1662} INFO - Exporting env vars: AIRFLOW_CTX_DAG_OWNER='moran' AIRFLOW_CTX_DAG_ID='restaurant_pipeline' AIRFLOW_CTX_TASK_ID='stream_to_bronze' AIRFLOW_CTX_EXECUTION_DATE='2025-07-18T15:44:00+00:00' AIRFLOW_CTX_TRY_NUMBER='1' AIRFLOW_CTX_DAG_RUN_ID='scheduled__2025-07-18T15:44:00+00:00'
[2025-07-18T15:46:04.578+0000] {subprocess.py:63} INFO - Tmp dir root location: /tmp
[2025-07-18T15:46:04.579+0000] {subprocess.py:75} INFO - Running command: ['/bin/bash', '-c', 'docker exec spark-iceberg spark-submit /home/iceberg/spark/stream_to_bronze.py']
[2025-07-18T15:46:04.584+0000] {subprocess.py:86} INFO - Output:
[2025-07-18T15:46:05.995+0000] {subprocess.py:93} INFO - 25/07/18 15:46:05 INFO SparkContext: Running Spark version 3.5.6
[2025-07-18T15:46:05.997+0000] {subprocess.py:93} INFO - 25/07/18 15:46:05 INFO SparkContext: OS info Linux, 6.10.14-linuxkit, aarch64
[2025-07-18T15:46:05.997+0000] {subprocess.py:93} INFO - 25/07/18 15:46:05 INFO SparkContext: Java version 17.0.15
[2025-07-18T15:46:06.011+0000] {subprocess.py:93} INFO - 25/07/18 15:46:06 INFO ResourceUtils: ==============================================================
[2025-07-18T15:46:06.012+0000] {subprocess.py:93} INFO - 25/07/18 15:46:06 INFO ResourceUtils: No custom resources configured for spark.driver.
[2025-07-18T15:46:06.012+0000] {subprocess.py:93} INFO - 25/07/18 15:46:06 INFO ResourceUtils: ==============================================================
[2025-07-18T15:46:06.012+0000] {subprocess.py:93} INFO - 25/07/18 15:46:06 INFO SparkContext: Submitted application: StreamToBronze
[2025-07-18T15:46:06.022+0000] {subprocess.py:93} INFO - 25/07/18 15:46:06 INFO ResourceProfile: Default ResourceProfile created, executor resources: Map(cores -> name: cores, amount: 1, script: , vendor: , memory -> name: memory, amount: 1024, script: , vendor: , offHeap -> name: offHeap, amount: 0, script: , vendor: ), task resources: Map(cpus -> name: cpus, amount: 1.0)
[2025-07-18T15:46:06.026+0000] {subprocess.py:93} INFO - 25/07/18 15:46:06 INFO ResourceProfile: Limiting resource is cpu
[2025-07-18T15:46:06.027+0000] {subprocess.py:93} INFO - 25/07/18 15:46:06 INFO ResourceProfileManager: Added ResourceProfile id: 0
[2025-07-18T15:46:06.053+0000] {subprocess.py:93} INFO - 25/07/18 15:46:06 INFO SecurityManager: Changing view acls to: root,spark
[2025-07-18T15:46:06.053+0000] {subprocess.py:93} INFO - 25/07/18 15:46:06 INFO SecurityManager: Changing modify acls to: root,spark
[2025-07-18T15:46:06.053+0000] {subprocess.py:93} INFO - 25/07/18 15:46:06 INFO SecurityManager: Changing view acls groups to:
[2025-07-18T15:46:06.053+0000] {subprocess.py:93} INFO - 25/07/18 15:46:06 INFO SecurityManager: Changing modify acls groups to:
[2025-07-18T15:46:06.054+0000] {subprocess.py:93} INFO - 25/07/18 15:46:06 INFO SecurityManager: SecurityManager: authentication disabled; ui acls disabled; users with view permissions: root, spark; groups with view permissions: EMPTY; users with modify permissions: root, spark; groups with modify permissions: EMPTY
[2025-07-18T15:46:06.085+0000] {subprocess.py:93} INFO - 25/07/18 15:46:06 WARN NativeCodeLoader: Unable to load native-hadoop library for your platform... using builtin-java classes where applicable
[2025-07-18T15:46:06.211+0000] {subprocess.py:93} INFO - 25/07/18 15:46:06 INFO Utils: Successfully started service 'sparkDriver' on port 38525.
[2025-07-18T15:46:06.228+0000] {subprocess.py:93} INFO - 25/07/18 15:46:06 INFO SparkEnv: Registering MapOutputTracker
[2025-07-18T15:46:06.247+0000] {subprocess.py:93} INFO - 25/07/18 15:46:06 INFO SparkEnv: Registering BlockManagerMaster
[2025-07-18T15:46:06.262+0000] {subprocess.py:93} INFO - 25/07/18 15:46:06 INFO BlockManagerMasterEndpoint: Using org.apache.spark.storage.DefaultTopologyMapper for getting topology information
[2025-07-18T15:46:06.262+0000] {subprocess.py:93} INFO - 25/07/18 15:46:06 INFO BlockManagerMasterEndpoint: BlockManagerMasterEndpoint up
[2025-07-18T15:46:06.263+0000] {subprocess.py:93} INFO - 25/07/18 15:46:06 INFO SparkEnv: Registering BlockManagerMasterHeartbeat
[2025-07-18T15:46:06.276+0000] {subprocess.py:93} INFO - 25/07/18 15:46:06 INFO DiskBlockManager: Created local directory at /tmp/blockmgr-20523069-bcd1-495d-ac28-a556ed938e88
[2025-07-18T15:46:06.282+0000] {subprocess.py:93} INFO - 25/07/18 15:46:06 INFO MemoryStore: MemoryStore started with capacity 434.4 MiB
[2025-07-18T15:46:06.289+0000] {subprocess.py:93} INFO - 25/07/18 15:46:06 INFO SparkEnv: Registering OutputCommitCoordinator
[2025-07-18T15:46:06.349+0000] {subprocess.py:93} INFO - 25/07/18 15:46:06 INFO JettyUtils: Start Jetty 0.0.0.0:4040 for SparkUI
[2025-07-18T15:46:06.376+0000] {subprocess.py:93} INFO - 25/07/18 15:46:06 WARN Utils: Service 'SparkUI' could not bind on port 4040. Attempting port 4041.
[2025-07-18T15:46:06.381+0000] {subprocess.py:93} INFO - 25/07/18 15:46:06 INFO Utils: Successfully started service 'SparkUI' on port 4041.
[2025-07-18T15:46:06.433+0000] {subprocess.py:93} INFO - 25/07/18 15:46:06 INFO Executor: Starting executor ID driver on host 77cb57a6bd53
[2025-07-18T15:46:06.434+0000] {subprocess.py:93} INFO - 25/07/18 15:46:06 INFO Executor: OS info Linux, 6.10.14-linuxkit, aarch64
[2025-07-18T15:46:06.434+0000] {subprocess.py:93} INFO - 25/07/18 15:46:06 INFO Executor: Java version 17.0.15
[2025-07-18T15:46:06.437+0000] {subprocess.py:93} INFO - 25/07/18 15:46:06 INFO Executor: Starting executor with user classpath (userClassPathFirst = false): ''
[2025-07-18T15:46:06.437+0000] {subprocess.py:93} INFO - 25/07/18 15:46:06 INFO Executor: Created or updated repl class loader org.apache.spark.util.MutableURLClassLoader@3070bf9a for default.
[2025-07-18T15:46:06.447+0000] {subprocess.py:93} INFO - 25/07/18 15:46:06 INFO Utils: Successfully started service 'org.apache.spark.network.netty.NettyBlockTransferService' on port 33729.
[2025-07-18T15:46:06.447+0000] {subprocess.py:93} INFO - 25/07/18 15:46:06 INFO NettyBlockTransferService: Server created on 77cb57a6bd53:33729
[2025-07-18T15:46:06.447+0000] {subprocess.py:93} INFO - 25/07/18 15:46:06 INFO BlockManager: Using org.apache.spark.storage.RandomBlockReplicationPolicy for block replication policy
[2025-07-18T15:46:06.455+0000] {subprocess.py:93} INFO - 25/07/18 15:46:06 INFO BlockManagerMaster: Registering BlockManager BlockManagerId(driver, 77cb57a6bd53, 33729, None)
[2025-07-18T15:46:06.459+0000] {subprocess.py:93} INFO - 25/07/18 15:46:06 INFO BlockManagerMasterEndpoint: Registering block manager 77cb57a6bd53:33729 with 434.4 MiB RAM, BlockManagerId(driver, 77cb57a6bd53, 33729, None)
[2025-07-18T15:46:06.460+0000] {subprocess.py:93} INFO - 25/07/18 15:46:06 INFO BlockManagerMaster: Registered BlockManager BlockManagerId(driver, 77cb57a6bd53, 33729, None)
[2025-07-18T15:46:06.460+0000] {subprocess.py:93} INFO - 25/07/18 15:46:06 INFO BlockManager: Initialized BlockManager: BlockManagerId(driver, 77cb57a6bd53, 33729, None)
[2025-07-18T15:46:06.683+0000] {subprocess.py:93} INFO - 25/07/18 15:46:06 INFO SharedState: Setting hive.metastore.warehouse.dir ('null') to the value of spark.sql.warehouse.dir.
[2025-07-18T15:46:06.688+0000] {subprocess.py:93} INFO - 25/07/18 15:46:06 INFO SharedState: Warehouse path is 'file:/app/spark-warehouse'.
[2025-07-18T15:46:07.813+0000] {subprocess.py:93} INFO - 25/07/18 15:46:07 WARN MetricsConfig: Cannot locate configuration: tried hadoop-metrics2-s3a-file-system.properties,hadoop-metrics2.properties
[2025-07-18T15:46:07.819+0000] {subprocess.py:93} INFO - 25/07/18 15:46:07 INFO MetricsSystemImpl: Scheduled Metric snapshot period at 10 second(s).
[2025-07-18T15:46:07.822+0000] {subprocess.py:93} INFO - 25/07/18 15:46:07 INFO MetricsSystemImpl: s3a-file-system metrics system started
[2025-07-18T15:46:08.485+0000] {subprocess.py:93} INFO - 25/07/18 15:46:08 INFO BaseMetastoreCatalog: Table loaded by catalog: my_catalog.bronze.Reservations_raw
[2025-07-18T15:46:08.497+0000] {subprocess.py:93} INFO - 25/07/18 15:46:08 INFO StateStoreCoordinatorRef: Registered StateStoreCoordinator endpoint
[2025-07-18T15:46:08.529+0000] {subprocess.py:93} INFO - 25/07/18 15:46:08 INFO ResolveWriteToStream: Checkpoint root /tmp/checkpoints/reservations resolved to file:/tmp/checkpoints/reservations.
[2025-07-18T15:46:08.530+0000] {subprocess.py:93} INFO - 25/07/18 15:46:08 WARN ResolveWriteToStream: spark.sql.adaptive.enabled is not supported in streaming DataFrames/Datasets and will be disabled.
[2025-07-18T15:46:08.587+0000] {subprocess.py:93} INFO - 25/07/18 15:46:08 INFO MicroBatchExecution: Starting [id = 0314df7c-5598-4928-8d91-374ee67989d1, runId = 0beb4372-ef04-4ba3-a4d5-10812aaca9f9]. Use file:/tmp/checkpoints/reservations to store the query checkpoint.
[2025-07-18T15:46:08.594+0000] {subprocess.py:93} INFO - 25/07/18 15:46:08 INFO MicroBatchExecution: Reading table [org.apache.spark.sql.kafka010.KafkaSourceProvider$KafkaTable@5af2f9eb] from DataSourceV2 named 'kafka' [org.apache.spark.sql.kafka010.KafkaSourceProvider@1e57e539]
[2025-07-18T15:46:08.621+0000] {subprocess.py:93} INFO - 25/07/18 15:46:08 INFO OffsetSeqLog: BatchIds found from listing: 0, 1, 2, 3, 4, 5, 6, 7, 8, 9, 10, 11, 12, 13, 14, 15, 16, 17, 18, 19, 20, 21, 22, 23, 24, 25, 26
[2025-07-18T15:46:08.629+0000] {subprocess.py:93} INFO - 25/07/18 15:46:08 INFO OffsetSeqLog: Getting latest batch 26
[2025-07-18T15:46:08.649+0000] {subprocess.py:93} INFO - 25/07/18 15:46:08 INFO OffsetSeqLog: BatchIds found from listing: 0, 1, 2, 3, 4, 5, 6, 7, 8, 9, 10, 11, 12, 13, 14, 15, 16, 17, 18, 19, 20, 21, 22, 23, 24, 25, 26
[2025-07-18T15:46:08.651+0000] {subprocess.py:93} INFO - 25/07/18 15:46:08 INFO OffsetSeqLog: Getting latest batch 26
[2025-07-18T15:46:08.660+0000] {subprocess.py:93} INFO - 25/07/18 15:46:08 INFO CommitLog: BatchIds found from listing: 0, 1, 2, 3, 4, 5, 6, 7, 8, 9, 10, 11, 12, 13, 14, 15, 16, 17, 18, 19, 20, 21, 22, 23, 24, 25, 26
[2025-07-18T15:46:08.660+0000] {subprocess.py:93} INFO - 25/07/18 15:46:08 INFO CommitLog: Getting latest batch 26
[2025-07-18T15:46:08.665+0000] {subprocess.py:93} INFO - 25/07/18 15:46:08 INFO MicroBatchExecution: Resuming at batch 27 with committed offsets {KafkaV2[Subscribe[reservations]]: {"reservations":{"0":75}}} and available offsets {KafkaV2[Subscribe[reservations]]: {"reservations":{"0":75}}}
[2025-07-18T15:46:08.665+0000] {subprocess.py:93} INFO - 25/07/18 15:46:08 INFO MicroBatchExecution: Stream started from {KafkaV2[Subscribe[reservations]]: {"reservations":{"0":75}}}
[2025-07-18T15:46:08.671+0000] {subprocess.py:93} INFO - 25/07/18 15:46:08 INFO BaseMetastoreCatalog: Table loaded by catalog: my_catalog.bronze.Checkins_raw
[2025-07-18T15:46:08.674+0000] {subprocess.py:93} INFO - 25/07/18 15:46:08 INFO ResolveWriteToStream: Checkpoint root /tmp/checkpoints/checkins resolved to file:/tmp/checkpoints/checkins.
[2025-07-18T15:46:08.674+0000] {subprocess.py:93} INFO - 25/07/18 15:46:08 WARN ResolveWriteToStream: spark.sql.adaptive.enabled is not supported in streaming DataFrames/Datasets and will be disabled.
[2025-07-18T15:46:08.680+0000] {subprocess.py:93} INFO - 25/07/18 15:46:08 INFO MicroBatchExecution: Starting [id = a9a9b3af-d3c2-4704-81e0-4163831ae683, runId = 4c48139b-02e8-4234-8c8f-368a1d13d292]. Use file:/tmp/checkpoints/checkins to store the query checkpoint.
[2025-07-18T15:46:08.681+0000] {subprocess.py:93} INFO - 25/07/18 15:46:08 INFO MicroBatchExecution: Reading table [org.apache.spark.sql.kafka010.KafkaSourceProvider$KafkaTable@5ca7d4bb] from DataSourceV2 named 'kafka' [org.apache.spark.sql.kafka010.KafkaSourceProvider@52603087]
[2025-07-18T15:46:08.687+0000] {subprocess.py:93} INFO - 25/07/18 15:46:08 INFO OffsetSeqLog: BatchIds found from listing: 0, 1, 2, 3, 4, 5, 6, 7, 8, 9, 10, 11, 12, 13, 14, 15, 16, 17, 18, 19, 20, 21, 22, 23, 24, 25, 26, 27, 28, 29
[2025-07-18T15:46:08.692+0000] {subprocess.py:93} INFO - 25/07/18 15:46:08 INFO OffsetSeqLog: Getting latest batch 29
[2025-07-18T15:46:08.693+0000] {subprocess.py:93} INFO - 25/07/18 15:46:08 INFO OffsetSeqLog: BatchIds found from listing: 0, 1, 2, 3, 4, 5, 6, 7, 8, 9, 10, 11, 12, 13, 14, 15, 16, 17, 18, 19, 20, 21, 22, 23, 24, 25, 26, 27, 28, 29
[2025-07-18T15:46:08.694+0000] {subprocess.py:93} INFO - 25/07/18 15:46:08 INFO OffsetSeqLog: Getting latest batch 29
[2025-07-18T15:46:08.694+0000] {subprocess.py:93} INFO - 25/07/18 15:46:08 INFO CommitLog: BatchIds found from listing: 0, 1, 2, 3, 4, 5, 6, 7, 8, 9, 10, 11, 12, 13, 14, 15, 16, 17, 18, 19, 20, 21, 22, 23, 24, 25, 26, 27, 28, 29
[2025-07-18T15:46:08.694+0000] {subprocess.py:93} INFO - 25/07/18 15:46:08 INFO CommitLog: Getting latest batch 29
[2025-07-18T15:46:08.694+0000] {subprocess.py:93} INFO - 25/07/18 15:46:08 INFO MicroBatchExecution: Resuming at batch 30 with committed offsets {KafkaV2[Subscribe[checkins]]: {"checkins":{"0":75}}} and available offsets {KafkaV2[Subscribe[checkins]]: {"checkins":{"0":75}}}
[2025-07-18T15:46:08.694+0000] {subprocess.py:93} INFO - 25/07/18 15:46:08 INFO MicroBatchExecution: Stream started from {KafkaV2[Subscribe[checkins]]: {"checkins":{"0":75}}}
[2025-07-18T15:46:08.699+0000] {subprocess.py:93} INFO - 25/07/18 15:46:08 INFO AdminClientConfig: AdminClientConfig values:
[2025-07-18T15:46:08.699+0000] {subprocess.py:93} INFO - 	auto.include.jmx.reporter = true
[2025-07-18T15:46:08.699+0000] {subprocess.py:93} INFO - 	bootstrap.servers = [kafka:9092]
[2025-07-18T15:46:08.700+0000] {subprocess.py:93} INFO - 	client.dns.lookup = use_all_dns_ips
[2025-07-18T15:46:08.700+0000] {subprocess.py:93} INFO - 	client.id =
[2025-07-18T15:46:08.700+0000] {subprocess.py:93} INFO - 	connections.max.idle.ms = 300000
[2025-07-18T15:46:08.700+0000] {subprocess.py:93} INFO - 	default.api.timeout.ms = 60000
[2025-07-18T15:46:08.700+0000] {subprocess.py:93} INFO - 	metadata.max.age.ms = 300000
[2025-07-18T15:46:08.700+0000] {subprocess.py:93} INFO - 	metric.reporters = []
[2025-07-18T15:46:08.700+0000] {subprocess.py:93} INFO - 	metrics.num.samples = 2
[2025-07-18T15:46:08.700+0000] {subprocess.py:93} INFO - 	metrics.recording.level = INFO
[2025-07-18T15:46:08.700+0000] {subprocess.py:93} INFO - 	metrics.sample.window.ms = 30000
[2025-07-18T15:46:08.700+0000] {subprocess.py:93} INFO - 	receive.buffer.bytes = 65536
[2025-07-18T15:46:08.701+0000] {subprocess.py:93} INFO - 	reconnect.backoff.max.ms = 1000
[2025-07-18T15:46:08.701+0000] {subprocess.py:93} INFO - 	reconnect.backoff.ms = 50
[2025-07-18T15:46:08.701+0000] {subprocess.py:93} INFO - 	request.timeout.ms = 30000
[2025-07-18T15:46:08.701+0000] {subprocess.py:93} INFO - 	retries = 2147483647
[2025-07-18T15:46:08.701+0000] {subprocess.py:93} INFO - 	retry.backoff.ms = 100
[2025-07-18T15:46:08.701+0000] {subprocess.py:93} INFO - 	sasl.client.callback.handler.class = null
[2025-07-18T15:46:08.701+0000] {subprocess.py:93} INFO - 	sasl.jaas.config = null
[2025-07-18T15:46:08.701+0000] {subprocess.py:93} INFO - 	sasl.kerberos.kinit.cmd = /usr/bin/kinit
[2025-07-18T15:46:08.701+0000] {subprocess.py:93} INFO - 	sasl.kerberos.min.time.before.relogin = 60000
[2025-07-18T15:46:08.702+0000] {subprocess.py:93} INFO - 	sasl.kerberos.service.name = null
[2025-07-18T15:46:08.702+0000] {subprocess.py:93} INFO - 	sasl.kerberos.ticket.renew.jitter = 0.05
[2025-07-18T15:46:08.702+0000] {subprocess.py:93} INFO - 	sasl.kerberos.ticket.renew.window.factor = 0.8
[2025-07-18T15:46:08.702+0000] {subprocess.py:93} INFO - 	sasl.login.callback.handler.class = null
[2025-07-18T15:46:08.702+0000] {subprocess.py:93} INFO - 	sasl.login.class = null
[2025-07-18T15:46:08.702+0000] {subprocess.py:93} INFO - 	sasl.login.connect.timeout.ms = null
[2025-07-18T15:46:08.702+0000] {subprocess.py:93} INFO - 	sasl.login.read.timeout.ms = null
[2025-07-18T15:46:08.702+0000] {subprocess.py:93} INFO - 	sasl.login.refresh.buffer.seconds = 300
[2025-07-18T15:46:08.702+0000] {subprocess.py:93} INFO - 	sasl.login.refresh.min.period.seconds = 60
[2025-07-18T15:46:08.703+0000] {subprocess.py:93} INFO - 	sasl.login.refresh.window.factor = 0.8
[2025-07-18T15:46:08.703+0000] {subprocess.py:93} INFO - 	sasl.login.refresh.window.jitter = 0.05
[2025-07-18T15:46:08.703+0000] {subprocess.py:93} INFO - 	sasl.login.retry.backoff.max.ms = 10000
[2025-07-18T15:46:08.703+0000] {subprocess.py:93} INFO - 	sasl.login.retry.backoff.ms = 100
[2025-07-18T15:46:08.703+0000] {subprocess.py:93} INFO - 	sasl.mechanism = GSSAPI
[2025-07-18T15:46:08.703+0000] {subprocess.py:93} INFO - 	sasl.oauthbearer.clock.skew.seconds = 30
[2025-07-18T15:46:08.703+0000] {subprocess.py:93} INFO - 	sasl.oauthbearer.expected.audience = null
[2025-07-18T15:46:08.703+0000] {subprocess.py:93} INFO - 	sasl.oauthbearer.expected.issuer = null
[2025-07-18T15:46:08.703+0000] {subprocess.py:93} INFO - 	sasl.oauthbearer.jwks.endpoint.refresh.ms = 3600000
[2025-07-18T15:46:08.703+0000] {subprocess.py:93} INFO - 	sasl.oauthbearer.jwks.endpoint.retry.backoff.max.ms = 10000
[2025-07-18T15:46:08.703+0000] {subprocess.py:93} INFO - 	sasl.oauthbearer.jwks.endpoint.retry.backoff.ms = 100
[2025-07-18T15:46:08.703+0000] {subprocess.py:93} INFO - 	sasl.oauthbearer.jwks.endpoint.url = null
[2025-07-18T15:46:08.704+0000] {subprocess.py:93} INFO - 	sasl.oauthbearer.scope.claim.name = scope
[2025-07-18T15:46:08.704+0000] {subprocess.py:93} INFO - 	sasl.oauthbearer.sub.claim.name = sub
[2025-07-18T15:46:08.704+0000] {subprocess.py:93} INFO - 	sasl.oauthbearer.token.endpoint.url = null
[2025-07-18T15:46:08.704+0000] {subprocess.py:93} INFO - 	security.protocol = PLAINTEXT
[2025-07-18T15:46:08.704+0000] {subprocess.py:93} INFO - 	security.providers = null
[2025-07-18T15:46:08.704+0000] {subprocess.py:93} INFO - 	send.buffer.bytes = 131072
[2025-07-18T15:46:08.704+0000] {subprocess.py:93} INFO - 	socket.connection.setup.timeout.max.ms = 30000
[2025-07-18T15:46:08.704+0000] {subprocess.py:93} INFO - 	socket.connection.setup.timeout.ms = 10000
[2025-07-18T15:46:08.704+0000] {subprocess.py:93} INFO - 	ssl.cipher.suites = null
[2025-07-18T15:46:08.705+0000] {subprocess.py:93} INFO - 	ssl.enabled.protocols = [TLSv1.2, TLSv1.3]
[2025-07-18T15:46:08.705+0000] {subprocess.py:93} INFO - 	ssl.endpoint.identification.algorithm = https
[2025-07-18T15:46:08.705+0000] {subprocess.py:93} INFO - 	ssl.engine.factory.class = null
[2025-07-18T15:46:08.706+0000] {subprocess.py:93} INFO - 	ssl.key.password = null
[2025-07-18T15:46:08.706+0000] {subprocess.py:93} INFO - 	ssl.keymanager.algorithm = SunX509
[2025-07-18T15:46:08.706+0000] {subprocess.py:93} INFO - 	ssl.keystore.certificate.chain = null
[2025-07-18T15:46:08.706+0000] {subprocess.py:93} INFO - 	ssl.keystore.key = null
[2025-07-18T15:46:08.706+0000] {subprocess.py:93} INFO - 	ssl.keystore.location = null
[2025-07-18T15:46:08.707+0000] {subprocess.py:93} INFO - 	ssl.keystore.password = null
[2025-07-18T15:46:08.707+0000] {subprocess.py:93} INFO - 	ssl.keystore.type = JKS
[2025-07-18T15:46:08.707+0000] {subprocess.py:93} INFO - 	ssl.protocol = TLSv1.3
[2025-07-18T15:46:08.707+0000] {subprocess.py:93} INFO - 	ssl.provider = null
[2025-07-18T15:46:08.707+0000] {subprocess.py:93} INFO - 	ssl.secure.random.implementation = null
[2025-07-18T15:46:08.707+0000] {subprocess.py:93} INFO - 	ssl.trustmanager.algorithm = PKIX
[2025-07-18T15:46:08.707+0000] {subprocess.py:93} INFO - 	ssl.truststore.certificates = null
[2025-07-18T15:46:08.708+0000] {subprocess.py:93} INFO - 	ssl.truststore.location = null
[2025-07-18T15:46:08.708+0000] {subprocess.py:93} INFO - 	ssl.truststore.password = null
[2025-07-18T15:46:08.708+0000] {subprocess.py:93} INFO - 	ssl.truststore.type = JKS
[2025-07-18T15:46:08.708+0000] {subprocess.py:93} INFO - 
[2025-07-18T15:46:08.708+0000] {subprocess.py:93} INFO - 25/07/18 15:46:08 INFO AdminClientConfig: AdminClientConfig values:
[2025-07-18T15:46:08.708+0000] {subprocess.py:93} INFO - 	auto.include.jmx.reporter = true
[2025-07-18T15:46:08.709+0000] {subprocess.py:93} INFO - 	bootstrap.servers = [kafka:9092]
[2025-07-18T15:46:08.709+0000] {subprocess.py:93} INFO - 	client.dns.lookup = use_all_dns_ips
[2025-07-18T15:46:08.709+0000] {subprocess.py:93} INFO - 	client.id =
[2025-07-18T15:46:08.709+0000] {subprocess.py:93} INFO - 	connections.max.idle.ms = 300000
[2025-07-18T15:46:08.709+0000] {subprocess.py:93} INFO - 	default.api.timeout.ms = 60000
[2025-07-18T15:46:08.709+0000] {subprocess.py:93} INFO - 	metadata.max.age.ms = 300000
[2025-07-18T15:46:08.709+0000] {subprocess.py:93} INFO - 	metric.reporters = []
[2025-07-18T15:46:08.709+0000] {subprocess.py:93} INFO - 	metrics.num.samples = 2
[2025-07-18T15:46:08.709+0000] {subprocess.py:93} INFO - 	metrics.recording.level = INFO
[2025-07-18T15:46:08.710+0000] {subprocess.py:93} INFO - 	metrics.sample.window.ms = 30000
[2025-07-18T15:46:08.710+0000] {subprocess.py:93} INFO - 	receive.buffer.bytes = 65536
[2025-07-18T15:46:08.711+0000] {subprocess.py:93} INFO - 	reconnect.backoff.max.ms = 1000
[2025-07-18T15:46:08.711+0000] {subprocess.py:93} INFO - 	reconnect.backoff.ms = 50
[2025-07-18T15:46:08.711+0000] {subprocess.py:93} INFO - 	request.timeout.ms = 30000
[2025-07-18T15:46:08.711+0000] {subprocess.py:93} INFO - 	retries = 2147483647
[2025-07-18T15:46:08.711+0000] {subprocess.py:93} INFO - 	retry.backoff.ms = 100
[2025-07-18T15:46:08.711+0000] {subprocess.py:93} INFO - 	sasl.client.callback.handler.class = null
[2025-07-18T15:46:08.711+0000] {subprocess.py:93} INFO - 	sasl.jaas.config = null
[2025-07-18T15:46:08.711+0000] {subprocess.py:93} INFO - 	sasl.kerberos.kinit.cmd = /usr/bin/kinit
[2025-07-18T15:46:08.712+0000] {subprocess.py:93} INFO - 	sasl.kerberos.min.time.before.relogin = 60000
[2025-07-18T15:46:08.712+0000] {subprocess.py:93} INFO - 	sasl.kerberos.service.name = null
[2025-07-18T15:46:08.712+0000] {subprocess.py:93} INFO - 	sasl.kerberos.ticket.renew.jitter = 0.05
[2025-07-18T15:46:08.712+0000] {subprocess.py:93} INFO - 	sasl.kerberos.ticket.renew.window.factor = 0.8
[2025-07-18T15:46:08.712+0000] {subprocess.py:93} INFO - 	sasl.login.callback.handler.class = null
[2025-07-18T15:46:08.712+0000] {subprocess.py:93} INFO - 	sasl.login.class = null
[2025-07-18T15:46:08.712+0000] {subprocess.py:93} INFO - 	sasl.login.connect.timeout.ms = null
[2025-07-18T15:46:08.712+0000] {subprocess.py:93} INFO - 	sasl.login.read.timeout.ms = null
[2025-07-18T15:46:08.712+0000] {subprocess.py:93} INFO - 	sasl.login.refresh.buffer.seconds = 300
[2025-07-18T15:46:08.712+0000] {subprocess.py:93} INFO - 	sasl.login.refresh.min.period.seconds = 60
[2025-07-18T15:46:08.712+0000] {subprocess.py:93} INFO - 	sasl.login.refresh.window.factor = 0.8
[2025-07-18T15:46:08.713+0000] {subprocess.py:93} INFO - 	sasl.login.refresh.window.jitter = 0.05
[2025-07-18T15:46:08.713+0000] {subprocess.py:93} INFO - 	sasl.login.retry.backoff.max.ms = 10000
[2025-07-18T15:46:08.713+0000] {subprocess.py:93} INFO - 	sasl.login.retry.backoff.ms = 100
[2025-07-18T15:46:08.713+0000] {subprocess.py:93} INFO - 	sasl.mechanism = GSSAPI
[2025-07-18T15:46:08.713+0000] {subprocess.py:93} INFO - 	sasl.oauthbearer.clock.skew.seconds = 30
[2025-07-18T15:46:08.714+0000] {subprocess.py:93} INFO - 	sasl.oauthbearer.expected.audience = null
[2025-07-18T15:46:08.714+0000] {subprocess.py:93} INFO - 	sasl.oauthbearer.expected.issuer = null
[2025-07-18T15:46:08.714+0000] {subprocess.py:93} INFO - 	sasl.oauthbearer.jwks.endpoint.refresh.ms = 3600000
[2025-07-18T15:46:08.714+0000] {subprocess.py:93} INFO - 	sasl.oauthbearer.jwks.endpoint.retry.backoff.max.ms = 10000
[2025-07-18T15:46:08.714+0000] {subprocess.py:93} INFO - 	sasl.oauthbearer.jwks.endpoint.retry.backoff.ms = 100
[2025-07-18T15:46:08.715+0000] {subprocess.py:93} INFO - 	sasl.oauthbearer.jwks.endpoint.url = null
[2025-07-18T15:46:08.715+0000] {subprocess.py:93} INFO - 	sasl.oauthbearer.scope.claim.name = scope
[2025-07-18T15:46:08.715+0000] {subprocess.py:93} INFO - 	sasl.oauthbearer.sub.claim.name = sub
[2025-07-18T15:46:08.715+0000] {subprocess.py:93} INFO - 	sasl.oauthbearer.token.endpoint.url = null
[2025-07-18T15:46:08.715+0000] {subprocess.py:93} INFO - 	security.protocol = PLAINTEXT
[2025-07-18T15:46:08.715+0000] {subprocess.py:93} INFO - 	security.providers = null
[2025-07-18T15:46:08.715+0000] {subprocess.py:93} INFO - 	send.buffer.bytes = 131072
[2025-07-18T15:46:08.716+0000] {subprocess.py:93} INFO - 	socket.connection.setup.timeout.max.ms = 30000
[2025-07-18T15:46:08.716+0000] {subprocess.py:93} INFO - 	socket.connection.setup.timeout.ms = 10000
[2025-07-18T15:46:08.716+0000] {subprocess.py:93} INFO - 	ssl.cipher.suites = null
[2025-07-18T15:46:08.717+0000] {subprocess.py:93} INFO - 	ssl.enabled.protocols = [TLSv1.2, TLSv1.3]
[2025-07-18T15:46:08.717+0000] {subprocess.py:93} INFO - 	ssl.endpoint.identification.algorithm = https
[2025-07-18T15:46:08.717+0000] {subprocess.py:93} INFO - 	ssl.engine.factory.class = null
[2025-07-18T15:46:08.717+0000] {subprocess.py:93} INFO - 	ssl.key.password = null
[2025-07-18T15:46:08.717+0000] {subprocess.py:93} INFO - 	ssl.keymanager.algorithm = SunX509
[2025-07-18T15:46:08.717+0000] {subprocess.py:93} INFO - 	ssl.keystore.certificate.chain = null
[2025-07-18T15:46:08.717+0000] {subprocess.py:93} INFO - 	ssl.keystore.key = null
[2025-07-18T15:46:08.718+0000] {subprocess.py:93} INFO - 	ssl.keystore.location = null
[2025-07-18T15:46:08.719+0000] {subprocess.py:93} INFO - 	ssl.keystore.password = null
[2025-07-18T15:46:08.719+0000] {subprocess.py:93} INFO - 	ssl.keystore.type = JKS
[2025-07-18T15:46:08.719+0000] {subprocess.py:93} INFO - 	ssl.protocol = TLSv1.3
[2025-07-18T15:46:08.720+0000] {subprocess.py:93} INFO - 	ssl.provider = null
[2025-07-18T15:46:08.720+0000] {subprocess.py:93} INFO - 	ssl.secure.random.implementation = null
[2025-07-18T15:46:08.721+0000] {subprocess.py:93} INFO - 	ssl.trustmanager.algorithm = PKIX
[2025-07-18T15:46:08.721+0000] {subprocess.py:93} INFO - 	ssl.truststore.certificates = null
[2025-07-18T15:46:08.721+0000] {subprocess.py:93} INFO - 	ssl.truststore.location = null
[2025-07-18T15:46:08.721+0000] {subprocess.py:93} INFO - 	ssl.truststore.password = null
[2025-07-18T15:46:08.722+0000] {subprocess.py:93} INFO - 	ssl.truststore.type = JKS
[2025-07-18T15:46:08.722+0000] {subprocess.py:93} INFO - 
[2025-07-18T15:46:08.751+0000] {subprocess.py:93} INFO - 25/07/18 15:46:08 INFO AdminClientConfig: These configurations '[key.deserializer, value.deserializer, enable.auto.commit, max.poll.records, auto.offset.reset]' were supplied but are not used yet.
[2025-07-18T15:46:08.753+0000] {subprocess.py:93} INFO - 25/07/18 15:46:08 INFO AdminClientConfig: These configurations '[key.deserializer, value.deserializer, enable.auto.commit, max.poll.records, auto.offset.reset]' were supplied but are not used yet.
[2025-07-18T15:46:08.755+0000] {subprocess.py:93} INFO - 25/07/18 15:46:08 INFO AppInfoParser: Kafka version: 3.5.1
[2025-07-18T15:46:08.756+0000] {subprocess.py:93} INFO - 25/07/18 15:46:08 INFO AppInfoParser: Kafka commitId: 2c6fb6c54472e90a
[2025-07-18T15:46:08.756+0000] {subprocess.py:93} INFO - 25/07/18 15:46:08 INFO AppInfoParser: Kafka startTimeMs: 1752853568749
[2025-07-18T15:46:08.756+0000] {subprocess.py:93} INFO - 25/07/18 15:46:08 INFO AppInfoParser: Kafka version: 3.5.1
[2025-07-18T15:46:08.756+0000] {subprocess.py:93} INFO - 25/07/18 15:46:08 INFO AppInfoParser: Kafka commitId: 2c6fb6c54472e90a
[2025-07-18T15:46:08.756+0000] {subprocess.py:93} INFO - 25/07/18 15:46:08 INFO AppInfoParser: Kafka startTimeMs: 1752853568751
[2025-07-18T15:46:08.761+0000] {subprocess.py:93} INFO - 25/07/18 15:46:08 INFO BaseMetastoreCatalog: Table loaded by catalog: my_catalog.bronze.Feedback_raw
[2025-07-18T15:46:08.765+0000] {subprocess.py:93} INFO - 25/07/18 15:46:08 INFO ResolveWriteToStream: Checkpoint root /tmp/checkpoints/feedback resolved to file:/tmp/checkpoints/feedback.
[2025-07-18T15:46:08.765+0000] {subprocess.py:93} INFO - 25/07/18 15:46:08 WARN ResolveWriteToStream: spark.sql.adaptive.enabled is not supported in streaming DataFrames/Datasets and will be disabled.
[2025-07-18T15:46:08.779+0000] {subprocess.py:93} INFO - 25/07/18 15:46:08 INFO MicroBatchExecution: Starting [id = d3aff090-24bc-4a1c-938f-fc839231598c, runId = d6054cea-8074-4229-ac1b-0e4f63f67922]. Use file:/tmp/checkpoints/feedback to store the query checkpoint.
[2025-07-18T15:46:08.779+0000] {subprocess.py:93} INFO - 25/07/18 15:46:08 INFO MicroBatchExecution: Reading table [org.apache.spark.sql.kafka010.KafkaSourceProvider$KafkaTable@63a2e96e] from DataSourceV2 named 'kafka' [org.apache.spark.sql.kafka010.KafkaSourceProvider@6d651ab2]
[2025-07-18T15:46:08.780+0000] {subprocess.py:93} INFO - 25/07/18 15:46:08 INFO OffsetSeqLog: BatchIds found from listing: 0, 1, 2, 3, 4, 5, 6, 7, 8, 9, 10, 11, 12, 13, 14, 15, 16, 17, 18, 19, 20, 21, 22, 23, 24, 25, 26, 27
[2025-07-18T15:46:08.781+0000] {subprocess.py:93} INFO - 25/07/18 15:46:08 INFO OffsetSeqLog: Getting latest batch 27
[2025-07-18T15:46:08.787+0000] {subprocess.py:93} INFO - 25/07/18 15:46:08 INFO OffsetSeqLog: BatchIds found from listing: 0, 1, 2, 3, 4, 5, 6, 7, 8, 9, 10, 11, 12, 13, 14, 15, 16, 17, 18, 19, 20, 21, 22, 23, 24, 25, 26, 27
[2025-07-18T15:46:08.788+0000] {subprocess.py:93} INFO - 25/07/18 15:46:08 INFO OffsetSeqLog: Getting latest batch 27
[2025-07-18T15:46:08.789+0000] {subprocess.py:93} INFO - 25/07/18 15:46:08 INFO CommitLog: BatchIds found from listing: 0, 1, 2, 3, 4, 5, 6, 7, 8, 9, 10, 11, 12, 13, 14, 15, 16, 17, 18, 19, 20, 21, 22, 23, 24, 25, 26, 27
[2025-07-18T15:46:08.789+0000] {subprocess.py:93} INFO - 25/07/18 15:46:08 INFO CommitLog: Getting latest batch 27
[2025-07-18T15:46:08.789+0000] {subprocess.py:93} INFO - 25/07/18 15:46:08 INFO MicroBatchExecution: Resuming at batch 28 with committed offsets {KafkaV2[Subscribe[feedback]]: {"feedback":{"0":75}}} and available offsets {KafkaV2[Subscribe[feedback]]: {"feedback":{"0":75}}}
[2025-07-18T15:46:08.789+0000] {subprocess.py:93} INFO - 25/07/18 15:46:08 INFO MicroBatchExecution: Stream started from {KafkaV2[Subscribe[feedback]]: {"feedback":{"0":75}}}
[2025-07-18T15:46:08.792+0000] {subprocess.py:93} INFO - 25/07/18 15:46:08 INFO AdminClientConfig: AdminClientConfig values:
[2025-07-18T15:46:08.792+0000] {subprocess.py:93} INFO - 	auto.include.jmx.reporter = true
[2025-07-18T15:46:08.792+0000] {subprocess.py:93} INFO - 	bootstrap.servers = [kafka:9092]
[2025-07-18T15:46:08.793+0000] {subprocess.py:93} INFO - 	client.dns.lookup = use_all_dns_ips
[2025-07-18T15:46:08.793+0000] {subprocess.py:93} INFO - 	client.id =
[2025-07-18T15:46:08.793+0000] {subprocess.py:93} INFO - 	connections.max.idle.ms = 300000
[2025-07-18T15:46:08.793+0000] {subprocess.py:93} INFO - 	default.api.timeout.ms = 60000
[2025-07-18T15:46:08.793+0000] {subprocess.py:93} INFO - 	metadata.max.age.ms = 300000
[2025-07-18T15:46:08.793+0000] {subprocess.py:93} INFO - 	metric.reporters = []
[2025-07-18T15:46:08.794+0000] {subprocess.py:93} INFO - 	metrics.num.samples = 2
[2025-07-18T15:46:08.794+0000] {subprocess.py:93} INFO - 	metrics.recording.level = INFO
[2025-07-18T15:46:08.794+0000] {subprocess.py:93} INFO - 	metrics.sample.window.ms = 30000
[2025-07-18T15:46:08.794+0000] {subprocess.py:93} INFO - 	receive.buffer.bytes = 65536
[2025-07-18T15:46:08.794+0000] {subprocess.py:93} INFO - 	reconnect.backoff.max.ms = 1000
[2025-07-18T15:46:08.794+0000] {subprocess.py:93} INFO - 	reconnect.backoff.ms = 50
[2025-07-18T15:46:08.794+0000] {subprocess.py:93} INFO - 	request.timeout.ms = 30000
[2025-07-18T15:46:08.794+0000] {subprocess.py:93} INFO - 	retries = 2147483647
[2025-07-18T15:46:08.794+0000] {subprocess.py:93} INFO - 	retry.backoff.ms = 100
[2025-07-18T15:46:08.794+0000] {subprocess.py:93} INFO - 	sasl.client.callback.handler.class = null
[2025-07-18T15:46:08.794+0000] {subprocess.py:93} INFO - 	sasl.jaas.config = null
[2025-07-18T15:46:08.794+0000] {subprocess.py:93} INFO - 	sasl.kerberos.kinit.cmd = /usr/bin/kinit
[2025-07-18T15:46:08.794+0000] {subprocess.py:93} INFO - 	sasl.kerberos.min.time.before.relogin = 60000
[2025-07-18T15:46:08.794+0000] {subprocess.py:93} INFO - 	sasl.kerberos.service.name = null
[2025-07-18T15:46:08.794+0000] {subprocess.py:93} INFO - 	sasl.kerberos.ticket.renew.jitter = 0.05
[2025-07-18T15:46:08.795+0000] {subprocess.py:93} INFO - 	sasl.kerberos.ticket.renew.window.factor = 0.8
[2025-07-18T15:46:08.795+0000] {subprocess.py:93} INFO - 	sasl.login.callback.handler.class = null
[2025-07-18T15:46:08.795+0000] {subprocess.py:93} INFO - 	sasl.login.class = null
[2025-07-18T15:46:08.795+0000] {subprocess.py:93} INFO - 	sasl.login.connect.timeout.ms = null
[2025-07-18T15:46:08.795+0000] {subprocess.py:93} INFO - 	sasl.login.read.timeout.ms = null
[2025-07-18T15:46:08.795+0000] {subprocess.py:93} INFO - 	sasl.login.refresh.buffer.seconds = 300
[2025-07-18T15:46:08.795+0000] {subprocess.py:93} INFO - 	sasl.login.refresh.min.period.seconds = 60
[2025-07-18T15:46:08.795+0000] {subprocess.py:93} INFO - 	sasl.login.refresh.window.factor = 0.8
[2025-07-18T15:46:08.795+0000] {subprocess.py:93} INFO - 	sasl.login.refresh.window.jitter = 0.05
[2025-07-18T15:46:08.795+0000] {subprocess.py:93} INFO - 	sasl.login.retry.backoff.max.ms = 10000
[2025-07-18T15:46:08.796+0000] {subprocess.py:93} INFO - 	sasl.login.retry.backoff.ms = 100
[2025-07-18T15:46:08.796+0000] {subprocess.py:93} INFO - 	sasl.mechanism = GSSAPI
[2025-07-18T15:46:08.796+0000] {subprocess.py:93} INFO - 	sasl.oauthbearer.clock.skew.seconds = 30
[2025-07-18T15:46:08.796+0000] {subprocess.py:93} INFO - 	sasl.oauthbearer.expected.audience = null
[2025-07-18T15:46:08.796+0000] {subprocess.py:93} INFO - 	sasl.oauthbearer.expected.issuer = null
[2025-07-18T15:46:08.796+0000] {subprocess.py:93} INFO - 	sasl.oauthbearer.jwks.endpoint.refresh.ms = 3600000
[2025-07-18T15:46:08.796+0000] {subprocess.py:93} INFO - 	sasl.oauthbearer.jwks.endpoint.retry.backoff.max.ms = 10000
[2025-07-18T15:46:08.796+0000] {subprocess.py:93} INFO - 	sasl.oauthbearer.jwks.endpoint.retry.backoff.ms = 100
[2025-07-18T15:46:08.796+0000] {subprocess.py:93} INFO - 	sasl.oauthbearer.jwks.endpoint.url = null
[2025-07-18T15:46:08.796+0000] {subprocess.py:93} INFO - 	sasl.oauthbearer.scope.claim.name = scope
[2025-07-18T15:46:08.796+0000] {subprocess.py:93} INFO - 	sasl.oauthbearer.sub.claim.name = sub
[2025-07-18T15:46:08.796+0000] {subprocess.py:93} INFO - 	sasl.oauthbearer.token.endpoint.url = null
[2025-07-18T15:46:08.796+0000] {subprocess.py:93} INFO - 	security.protocol = PLAINTEXT
[2025-07-18T15:46:08.796+0000] {subprocess.py:93} INFO - 	security.providers = null
[2025-07-18T15:46:08.796+0000] {subprocess.py:93} INFO - 	send.buffer.bytes = 131072
[2025-07-18T15:46:08.797+0000] {subprocess.py:93} INFO - 	socket.connection.setup.timeout.max.ms = 30000
[2025-07-18T15:46:08.797+0000] {subprocess.py:93} INFO - 	socket.connection.setup.timeout.ms = 10000
[2025-07-18T15:46:08.797+0000] {subprocess.py:93} INFO - 	ssl.cipher.suites = null
[2025-07-18T15:46:08.797+0000] {subprocess.py:93} INFO - 	ssl.enabled.protocols = [TLSv1.2, TLSv1.3]
[2025-07-18T15:46:08.797+0000] {subprocess.py:93} INFO - 	ssl.endpoint.identification.algorithm = https
[2025-07-18T15:46:08.797+0000] {subprocess.py:93} INFO - 	ssl.engine.factory.class = null
[2025-07-18T15:46:08.797+0000] {subprocess.py:93} INFO - 	ssl.key.password = null
[2025-07-18T15:46:08.797+0000] {subprocess.py:93} INFO - 	ssl.keymanager.algorithm = SunX509
[2025-07-18T15:46:08.797+0000] {subprocess.py:93} INFO - 	ssl.keystore.certificate.chain = null
[2025-07-18T15:46:08.797+0000] {subprocess.py:93} INFO - 	ssl.keystore.key = null
[2025-07-18T15:46:08.797+0000] {subprocess.py:93} INFO - 	ssl.keystore.location = null
[2025-07-18T15:46:08.797+0000] {subprocess.py:93} INFO - 	ssl.keystore.password = null
[2025-07-18T15:46:08.798+0000] {subprocess.py:93} INFO - 	ssl.keystore.type = JKS
[2025-07-18T15:46:08.798+0000] {subprocess.py:93} INFO - 	ssl.protocol = TLSv1.3
[2025-07-18T15:46:08.798+0000] {subprocess.py:93} INFO - 	ssl.provider = null
[2025-07-18T15:46:08.798+0000] {subprocess.py:93} INFO - 	ssl.secure.random.implementation = null
[2025-07-18T15:46:08.798+0000] {subprocess.py:93} INFO - 	ssl.trustmanager.algorithm = PKIX
[2025-07-18T15:46:08.798+0000] {subprocess.py:93} INFO - 	ssl.truststore.certificates = null
[2025-07-18T15:46:08.798+0000] {subprocess.py:93} INFO - 	ssl.truststore.location = null
[2025-07-18T15:46:08.798+0000] {subprocess.py:93} INFO - 	ssl.truststore.password = null
[2025-07-18T15:46:08.798+0000] {subprocess.py:93} INFO - 	ssl.truststore.type = JKS
[2025-07-18T15:46:08.798+0000] {subprocess.py:93} INFO - 
[2025-07-18T15:46:08.798+0000] {subprocess.py:93} INFO - 25/07/18 15:46:08 INFO AdminClientConfig: These configurations '[key.deserializer, value.deserializer, enable.auto.commit, max.poll.records, auto.offset.reset]' were supplied but are not used yet.
[2025-07-18T15:46:08.799+0000] {subprocess.py:93} INFO - 25/07/18 15:46:08 INFO AppInfoParser: Kafka version: 3.5.1
[2025-07-18T15:46:08.799+0000] {subprocess.py:93} INFO - 25/07/18 15:46:08 INFO AppInfoParser: Kafka commitId: 2c6fb6c54472e90a
[2025-07-18T15:46:08.799+0000] {subprocess.py:93} INFO - 25/07/18 15:46:08 INFO AppInfoParser: Kafka startTimeMs: 1752853568791
[2025-07-18T15:46:18.944+0000] {subprocess.py:93} INFO - 25/07/18 15:46:18 INFO MicroBatchExecution: Streaming query has been idle and waiting for new data more than 10000 ms.
[2025-07-18T15:46:18.946+0000] {subprocess.py:93} INFO - 25/07/18 15:46:18 INFO MicroBatchExecution: Streaming query has been idle and waiting for new data more than 10000 ms.
[2025-07-18T15:46:18.946+0000] {subprocess.py:93} INFO - 25/07/18 15:46:18 INFO MicroBatchExecution: Streaming query has been idle and waiting for new data more than 10000 ms.
[2025-07-18T15:46:28.954+0000] {subprocess.py:93} INFO - 25/07/18 15:46:28 INFO MicroBatchExecution: Streaming query has been idle and waiting for new data more than 10000 ms.
[2025-07-18T15:46:28.955+0000] {subprocess.py:93} INFO - 25/07/18 15:46:28 INFO MicroBatchExecution: Streaming query has been idle and waiting for new data more than 10000 ms.
[2025-07-18T15:46:28.956+0000] {subprocess.py:93} INFO - 25/07/18 15:46:28 INFO MicroBatchExecution: Streaming query has been idle and waiting for new data more than 10000 ms.
[2025-07-18T15:46:38.964+0000] {subprocess.py:93} INFO - 25/07/18 15:46:38 INFO MicroBatchExecution: Streaming query has been idle and waiting for new data more than 10000 ms.
[2025-07-18T15:46:38.965+0000] {subprocess.py:93} INFO - 25/07/18 15:46:38 INFO MicroBatchExecution: Streaming query has been idle and waiting for new data more than 10000 ms.
[2025-07-18T15:46:38.966+0000] {subprocess.py:93} INFO - 25/07/18 15:46:38 INFO MicroBatchExecution: Streaming query has been idle and waiting for new data more than 10000 ms.
[2025-07-18T15:46:48.965+0000] {subprocess.py:93} INFO - 25/07/18 15:46:48 INFO MicroBatchExecution: Streaming query has been idle and waiting for new data more than 10000 ms.
[2025-07-18T15:46:48.966+0000] {subprocess.py:93} INFO - 25/07/18 15:46:48 INFO MicroBatchExecution: Streaming query has been idle and waiting for new data more than 10000 ms.
[2025-07-18T15:46:48.975+0000] {subprocess.py:93} INFO - 25/07/18 15:46:48 INFO MicroBatchExecution: Streaming query has been idle and waiting for new data more than 10000 ms.
[2025-07-18T15:46:58.969+0000] {subprocess.py:93} INFO - 25/07/18 15:46:58 INFO MicroBatchExecution: Streaming query has been idle and waiting for new data more than 10000 ms.
[2025-07-18T15:46:58.970+0000] {subprocess.py:93} INFO - 25/07/18 15:46:58 INFO MicroBatchExecution: Streaming query has been idle and waiting for new data more than 10000 ms.
[2025-07-18T15:46:58.980+0000] {subprocess.py:93} INFO - 25/07/18 15:46:58 INFO MicroBatchExecution: Streaming query has been idle and waiting for new data more than 10000 ms.
[2025-07-18T15:47:08.982+0000] {subprocess.py:93} INFO - 25/07/18 15:47:08 INFO MicroBatchExecution: Streaming query has been idle and waiting for new data more than 10000 ms.
[2025-07-18T15:47:08.984+0000] {subprocess.py:93} INFO - 25/07/18 15:47:08 INFO MicroBatchExecution: Streaming query has been idle and waiting for new data more than 10000 ms.
[2025-07-18T15:47:08.993+0000] {subprocess.py:93} INFO - 25/07/18 15:47:08 INFO MicroBatchExecution: Streaming query has been idle and waiting for new data more than 10000 ms.
[2025-07-18T15:47:18.984+0000] {subprocess.py:93} INFO - 25/07/18 15:47:18 INFO MicroBatchExecution: Streaming query has been idle and waiting for new data more than 10000 ms.
[2025-07-18T15:47:18.985+0000] {subprocess.py:93} INFO - 25/07/18 15:47:18 INFO MicroBatchExecution: Streaming query has been idle and waiting for new data more than 10000 ms.
[2025-07-18T15:47:18.995+0000] {subprocess.py:93} INFO - 25/07/18 15:47:18 INFO MicroBatchExecution: Streaming query has been idle and waiting for new data more than 10000 ms.
[2025-07-18T15:47:28.992+0000] {subprocess.py:93} INFO - 25/07/18 15:47:28 INFO MicroBatchExecution: Streaming query has been idle and waiting for new data more than 10000 ms.
[2025-07-18T15:47:28.992+0000] {subprocess.py:93} INFO - 25/07/18 15:47:28 INFO MicroBatchExecution: Streaming query has been idle and waiting for new data more than 10000 ms.
[2025-07-18T15:47:29.004+0000] {subprocess.py:93} INFO - 25/07/18 15:47:29 INFO MicroBatchExecution: Streaming query has been idle and waiting for new data more than 10000 ms.
[2025-07-18T15:47:38.991+0000] {subprocess.py:93} INFO - 25/07/18 15:47:38 INFO MicroBatchExecution: Streaming query has been idle and waiting for new data more than 10000 ms.
[2025-07-18T15:47:38.992+0000] {subprocess.py:93} INFO - 25/07/18 15:47:38 INFO MicroBatchExecution: Streaming query has been idle and waiting for new data more than 10000 ms.
[2025-07-18T15:47:39.004+0000] {subprocess.py:93} INFO - 25/07/18 15:47:39 INFO MicroBatchExecution: Streaming query has been idle and waiting for new data more than 10000 ms.
[2025-07-18T15:47:49.001+0000] {subprocess.py:93} INFO - 25/07/18 15:47:48 INFO MicroBatchExecution: Streaming query has been idle and waiting for new data more than 10000 ms.
[2025-07-18T15:47:49.001+0000] {subprocess.py:93} INFO - 25/07/18 15:47:48 INFO MicroBatchExecution: Streaming query has been idle and waiting for new data more than 10000 ms.
[2025-07-18T15:47:49.012+0000] {subprocess.py:93} INFO - 25/07/18 15:47:49 INFO MicroBatchExecution: Streaming query has been idle and waiting for new data more than 10000 ms.
[2025-07-18T15:47:59.013+0000] {subprocess.py:93} INFO - 25/07/18 15:47:59 INFO MicroBatchExecution: Streaming query has been idle and waiting for new data more than 10000 ms.
[2025-07-18T15:47:59.014+0000] {subprocess.py:93} INFO - 25/07/18 15:47:59 INFO MicroBatchExecution: Streaming query has been idle and waiting for new data more than 10000 ms.
[2025-07-18T15:47:59.026+0000] {subprocess.py:93} INFO - 25/07/18 15:47:59 INFO MicroBatchExecution: Streaming query has been idle and waiting for new data more than 10000 ms.
[2025-07-18T15:48:01.427+0000] {subprocess.py:93} INFO - 25/07/18 15:48:01 INFO CheckpointFileManager: Writing atomically to file:/tmp/checkpoints/reservations/offsets/27 using temp file file:/tmp/checkpoints/reservations/offsets/.27.99d45c26-37f3-4951-bb2f-f39e1a95b761.tmp
[2025-07-18T15:48:01.439+0000] {subprocess.py:93} INFO - 25/07/18 15:48:01 WARN CheckpointFileManager: Failed to rename temp file file:/tmp/checkpoints/reservations/offsets/.27.99d45c26-37f3-4951-bb2f-f39e1a95b761.tmp to file:/tmp/checkpoints/reservations/offsets/27 because file exists
[2025-07-18T15:48:01.439+0000] {subprocess.py:93} INFO - org.apache.hadoop.fs.FileAlreadyExistsException: Rename destination file:/tmp/checkpoints/reservations/offsets/27 already exists.
[2025-07-18T15:48:01.439+0000] {subprocess.py:93} INFO - 	at org.apache.hadoop.fs.AbstractFileSystem.renameInternal(AbstractFileSystem.java:770)
[2025-07-18T15:48:01.439+0000] {subprocess.py:93} INFO - 	at org.apache.hadoop.fs.AbstractFileSystem.rename(AbstractFileSystem.java:720)
[2025-07-18T15:48:01.440+0000] {subprocess.py:93} INFO - 	at org.apache.hadoop.fs.ChecksumFs.renameInternal(ChecksumFs.java:489)
[2025-07-18T15:48:01.440+0000] {subprocess.py:93} INFO - 	at org.apache.hadoop.fs.AbstractFileSystem.rename(AbstractFileSystem.java:720)
[2025-07-18T15:48:01.440+0000] {subprocess.py:93} INFO - 	at org.apache.hadoop.fs.FileContext.rename(FileContext.java:1036)
[2025-07-18T15:48:01.440+0000] {subprocess.py:93} INFO - 	at org.apache.spark.sql.execution.streaming.FileContextBasedCheckpointFileManager.renameTempFile(CheckpointFileManager.scala:372)
[2025-07-18T15:48:01.441+0000] {subprocess.py:93} INFO - 	at org.apache.spark.sql.execution.streaming.CheckpointFileManager$RenameBasedFSDataOutputStream.close(CheckpointFileManager.scala:154)
[2025-07-18T15:48:01.441+0000] {subprocess.py:93} INFO - 	at org.apache.spark.sql.execution.streaming.HDFSMetadataLog.write(HDFSMetadataLog.scala:204)
[2025-07-18T15:48:01.441+0000] {subprocess.py:93} INFO - 	at org.apache.spark.sql.execution.streaming.HDFSMetadataLog.addNewBatchByStream(HDFSMetadataLog.scala:237)
[2025-07-18T15:48:01.441+0000] {subprocess.py:93} INFO - 	at org.apache.spark.sql.execution.streaming.HDFSMetadataLog.add(HDFSMetadataLog.scala:130)
[2025-07-18T15:48:01.441+0000] {subprocess.py:93} INFO - 	at org.apache.spark.sql.execution.streaming.MicroBatchExecution.markMicroBatchStart(MicroBatchExecution.scala:764)
[2025-07-18T15:48:01.442+0000] {subprocess.py:93} INFO - 	at org.apache.spark.sql.execution.streaming.MicroBatchExecution.$anonfun$constructNextBatch$13(MicroBatchExecution.scala:536)
[2025-07-18T15:48:01.442+0000] {subprocess.py:93} INFO - 	at scala.runtime.java8.JFunction0$mcV$sp.apply(JFunction0$mcV$sp.java:23)
[2025-07-18T15:48:01.442+0000] {subprocess.py:93} INFO - 	at org.apache.spark.sql.execution.streaming.ProgressReporter.reportTimeTaken(ProgressReporter.scala:427)
[2025-07-18T15:48:01.443+0000] {subprocess.py:93} INFO - 	at org.apache.spark.sql.execution.streaming.ProgressReporter.reportTimeTaken$(ProgressReporter.scala:425)
[2025-07-18T15:48:01.443+0000] {subprocess.py:93} INFO - 	at org.apache.spark.sql.execution.streaming.StreamExecution.reportTimeTaken(StreamExecution.scala:67)
[2025-07-18T15:48:01.443+0000] {subprocess.py:93} INFO - 	at org.apache.spark.sql.execution.streaming.MicroBatchExecution.$anonfun$constructNextBatch$1(MicroBatchExecution.scala:535)
[2025-07-18T15:48:01.443+0000] {subprocess.py:93} INFO - 	at scala.runtime.java8.JFunction0$mcZ$sp.apply(JFunction0$mcZ$sp.java:23)
[2025-07-18T15:48:01.444+0000] {subprocess.py:93} INFO - 	at org.apache.spark.sql.execution.streaming.MicroBatchExecution.withProgressLocked(MicroBatchExecution.scala:810)
[2025-07-18T15:48:01.444+0000] {subprocess.py:93} INFO - 	at org.apache.spark.sql.execution.streaming.MicroBatchExecution.constructNextBatch(MicroBatchExecution.scala:475)
[2025-07-18T15:48:01.445+0000] {subprocess.py:93} INFO - 	at org.apache.spark.sql.execution.streaming.MicroBatchExecution.$anonfun$runActivatedStream$2(MicroBatchExecution.scala:268)
[2025-07-18T15:48:01.445+0000] {subprocess.py:93} INFO - 	at scala.runtime.java8.JFunction0$mcV$sp.apply(JFunction0$mcV$sp.java:23)
[2025-07-18T15:48:01.446+0000] {subprocess.py:93} INFO - 	at org.apache.spark.sql.execution.streaming.ProgressReporter.reportTimeTaken(ProgressReporter.scala:427)
[2025-07-18T15:48:01.446+0000] {subprocess.py:93} INFO - 	at org.apache.spark.sql.execution.streaming.ProgressReporter.reportTimeTaken$(ProgressReporter.scala:425)
[2025-07-18T15:48:01.447+0000] {subprocess.py:93} INFO - 	at org.apache.spark.sql.execution.streaming.StreamExecution.reportTimeTaken(StreamExecution.scala:67)
[2025-07-18T15:48:01.447+0000] {subprocess.py:93} INFO - 	at org.apache.spark.sql.execution.streaming.MicroBatchExecution.$anonfun$runActivatedStream$1(MicroBatchExecution.scala:249)
[2025-07-18T15:48:01.448+0000] {subprocess.py:93} INFO - 	at org.apache.spark.sql.execution.streaming.ProcessingTimeExecutor.execute(TriggerExecutor.scala:67)
[2025-07-18T15:48:01.449+0000] {subprocess.py:93} INFO - 	at org.apache.spark.sql.execution.streaming.MicroBatchExecution.runActivatedStream(MicroBatchExecution.scala:239)
[2025-07-18T15:48:01.449+0000] {subprocess.py:93} INFO - 	at org.apache.spark.sql.execution.streaming.StreamExecution.$anonfun$runStream$1(StreamExecution.scala:311)
[2025-07-18T15:48:01.449+0000] {subprocess.py:93} INFO - 	at scala.runtime.java8.JFunction0$mcV$sp.apply(JFunction0$mcV$sp.java:23)
[2025-07-18T15:48:01.450+0000] {subprocess.py:93} INFO - 	at org.apache.spark.sql.SparkSession.withActive(SparkSession.scala:900)
[2025-07-18T15:48:01.450+0000] {subprocess.py:93} INFO - 	at org.apache.spark.sql.execution.streaming.StreamExecution.org$apache$spark$sql$execution$streaming$StreamExecution$$runStream(StreamExecution.scala:289)
[2025-07-18T15:48:01.451+0000] {subprocess.py:93} INFO - 	at org.apache.spark.sql.execution.streaming.StreamExecution$$anon$1.$anonfun$run$1(StreamExecution.scala:211)
[2025-07-18T15:48:01.452+0000] {subprocess.py:93} INFO - 	at scala.runtime.java8.JFunction0$mcV$sp.apply(JFunction0$mcV$sp.java:23)
[2025-07-18T15:48:01.452+0000] {subprocess.py:93} INFO - 	at org.apache.spark.JobArtifactSet$.withActiveJobArtifactState(JobArtifactSet.scala:94)
[2025-07-18T15:48:01.452+0000] {subprocess.py:93} INFO - 	at org.apache.spark.sql.execution.streaming.StreamExecution$$anon$1.run(StreamExecution.scala:211)
[2025-07-18T15:48:01.648+0000] {subprocess.py:93} INFO - 25/07/18 15:48:01 ERROR MicroBatchExecution: Query [id = 0314df7c-5598-4928-8d91-374ee67989d1, runId = 0beb4372-ef04-4ba3-a4d5-10812aaca9f9] terminated with error
[2025-07-18T15:48:01.649+0000] {subprocess.py:93} INFO - org.apache.spark.SparkConcurrentModificationException: Multiple streaming queries are concurrently using file:/tmp/checkpoints/reservations/offsets.
[2025-07-18T15:48:01.649+0000] {subprocess.py:93} INFO - 	at org.apache.spark.sql.errors.QueryExecutionErrors$.multiStreamingQueriesUsingPathConcurrentlyError(QueryExecutionErrors.scala:1858)
[2025-07-18T15:48:01.649+0000] {subprocess.py:93} INFO - 	at org.apache.spark.sql.execution.streaming.HDFSMetadataLog.write(HDFSMetadataLog.scala:210)
[2025-07-18T15:48:01.649+0000] {subprocess.py:93} INFO - 	at org.apache.spark.sql.execution.streaming.HDFSMetadataLog.addNewBatchByStream(HDFSMetadataLog.scala:237)
[2025-07-18T15:48:01.649+0000] {subprocess.py:93} INFO - 	at org.apache.spark.sql.execution.streaming.HDFSMetadataLog.add(HDFSMetadataLog.scala:130)
[2025-07-18T15:48:01.650+0000] {subprocess.py:93} INFO - 	at org.apache.spark.sql.execution.streaming.MicroBatchExecution.markMicroBatchStart(MicroBatchExecution.scala:764)
[2025-07-18T15:48:01.650+0000] {subprocess.py:93} INFO - 	at org.apache.spark.sql.execution.streaming.MicroBatchExecution.$anonfun$constructNextBatch$13(MicroBatchExecution.scala:536)
[2025-07-18T15:48:01.650+0000] {subprocess.py:93} INFO - 	at scala.runtime.java8.JFunction0$mcV$sp.apply(JFunction0$mcV$sp.java:23)
[2025-07-18T15:48:01.651+0000] {subprocess.py:93} INFO - 	at org.apache.spark.sql.execution.streaming.ProgressReporter.reportTimeTaken(ProgressReporter.scala:427)
[2025-07-18T15:48:01.651+0000] {subprocess.py:93} INFO - 	at org.apache.spark.sql.execution.streaming.ProgressReporter.reportTimeTaken$(ProgressReporter.scala:425)
[2025-07-18T15:48:01.652+0000] {subprocess.py:93} INFO - 	at org.apache.spark.sql.execution.streaming.StreamExecution.reportTimeTaken(StreamExecution.scala:67)
[2025-07-18T15:48:01.652+0000] {subprocess.py:93} INFO - 	at org.apache.spark.sql.execution.streaming.MicroBatchExecution.$anonfun$constructNextBatch$1(MicroBatchExecution.scala:535)
[2025-07-18T15:48:01.652+0000] {subprocess.py:93} INFO - 	at scala.runtime.java8.JFunction0$mcZ$sp.apply(JFunction0$mcZ$sp.java:23)
[2025-07-18T15:48:01.652+0000] {subprocess.py:93} INFO - 	at org.apache.spark.sql.execution.streaming.MicroBatchExecution.withProgressLocked(MicroBatchExecution.scala:810)
[2025-07-18T15:48:01.653+0000] {subprocess.py:93} INFO - 	at org.apache.spark.sql.execution.streaming.MicroBatchExecution.constructNextBatch(MicroBatchExecution.scala:475)
[2025-07-18T15:48:01.653+0000] {subprocess.py:93} INFO - 	at org.apache.spark.sql.execution.streaming.MicroBatchExecution.$anonfun$runActivatedStream$2(MicroBatchExecution.scala:268)
[2025-07-18T15:48:01.653+0000] {subprocess.py:93} INFO - 	at scala.runtime.java8.JFunction0$mcV$sp.apply(JFunction0$mcV$sp.java:23)
[2025-07-18T15:48:01.653+0000] {subprocess.py:93} INFO - 	at org.apache.spark.sql.execution.streaming.ProgressReporter.reportTimeTaken(ProgressReporter.scala:427)
[2025-07-18T15:48:01.654+0000] {subprocess.py:93} INFO - 	at org.apache.spark.sql.execution.streaming.ProgressReporter.reportTimeTaken$(ProgressReporter.scala:425)
[2025-07-18T15:48:01.654+0000] {subprocess.py:93} INFO - 	at org.apache.spark.sql.execution.streaming.StreamExecution.reportTimeTaken(StreamExecution.scala:67)
[2025-07-18T15:48:01.654+0000] {subprocess.py:93} INFO - 	at org.apache.spark.sql.execution.streaming.MicroBatchExecution.$anonfun$runActivatedStream$1(MicroBatchExecution.scala:249)
[2025-07-18T15:48:01.655+0000] {subprocess.py:93} INFO - 	at org.apache.spark.sql.execution.streaming.ProcessingTimeExecutor.execute(TriggerExecutor.scala:67)
[2025-07-18T15:48:01.655+0000] {subprocess.py:93} INFO - 	at org.apache.spark.sql.execution.streaming.MicroBatchExecution.runActivatedStream(MicroBatchExecution.scala:239)
[2025-07-18T15:48:01.655+0000] {subprocess.py:93} INFO - 	at org.apache.spark.sql.execution.streaming.StreamExecution.$anonfun$runStream$1(StreamExecution.scala:311)
[2025-07-18T15:48:01.656+0000] {subprocess.py:93} INFO - 	at scala.runtime.java8.JFunction0$mcV$sp.apply(JFunction0$mcV$sp.java:23)
[2025-07-18T15:48:01.656+0000] {subprocess.py:93} INFO - 	at org.apache.spark.sql.SparkSession.withActive(SparkSession.scala:900)
[2025-07-18T15:48:01.656+0000] {subprocess.py:93} INFO - 	at org.apache.spark.sql.execution.streaming.StreamExecution.org$apache$spark$sql$execution$streaming$StreamExecution$$runStream(StreamExecution.scala:289)
[2025-07-18T15:48:01.658+0000] {subprocess.py:93} INFO - 	at org.apache.spark.sql.execution.streaming.StreamExecution$$anon$1.$anonfun$run$1(StreamExecution.scala:211)
[2025-07-18T15:48:01.658+0000] {subprocess.py:93} INFO - 	at scala.runtime.java8.JFunction0$mcV$sp.apply(JFunction0$mcV$sp.java:23)
[2025-07-18T15:48:01.658+0000] {subprocess.py:93} INFO - 	at org.apache.spark.JobArtifactSet$.withActiveJobArtifactState(JobArtifactSet.scala:94)
[2025-07-18T15:48:01.659+0000] {subprocess.py:93} INFO - 	at org.apache.spark.sql.execution.streaming.StreamExecution$$anon$1.run(StreamExecution.scala:211)
[2025-07-18T15:48:01.659+0000] {subprocess.py:93} INFO - Caused by: org.apache.hadoop.fs.FileAlreadyExistsException: Rename destination file:/tmp/checkpoints/reservations/offsets/27 already exists.
[2025-07-18T15:48:01.659+0000] {subprocess.py:93} INFO - 	at org.apache.hadoop.fs.AbstractFileSystem.renameInternal(AbstractFileSystem.java:770)
[2025-07-18T15:48:01.659+0000] {subprocess.py:93} INFO - 	at org.apache.hadoop.fs.AbstractFileSystem.rename(AbstractFileSystem.java:720)
[2025-07-18T15:48:01.659+0000] {subprocess.py:93} INFO - 	at org.apache.hadoop.fs.ChecksumFs.renameInternal(ChecksumFs.java:489)
[2025-07-18T15:48:01.660+0000] {subprocess.py:93} INFO - 	at org.apache.hadoop.fs.AbstractFileSystem.rename(AbstractFileSystem.java:720)
[2025-07-18T15:48:01.661+0000] {subprocess.py:93} INFO - 	at org.apache.hadoop.fs.FileContext.rename(FileContext.java:1036)
[2025-07-18T15:48:01.662+0000] {subprocess.py:93} INFO - 	at org.apache.spark.sql.execution.streaming.FileContextBasedCheckpointFileManager.renameTempFile(CheckpointFileManager.scala:372)
[2025-07-18T15:48:01.662+0000] {subprocess.py:93} INFO - 	at org.apache.spark.sql.execution.streaming.CheckpointFileManager$RenameBasedFSDataOutputStream.close(CheckpointFileManager.scala:154)
[2025-07-18T15:48:01.662+0000] {subprocess.py:93} INFO - 	at org.apache.spark.sql.execution.streaming.HDFSMetadataLog.write(HDFSMetadataLog.scala:204)
[2025-07-18T15:48:01.662+0000] {subprocess.py:93} INFO - 	... 28 more
[2025-07-18T15:48:01.663+0000] {subprocess.py:93} INFO - 25/07/18 15:48:01 INFO AppInfoParser: App info kafka.admin.client for adminclient-1 unregistered
[2025-07-18T15:48:01.663+0000] {subprocess.py:93} INFO - 25/07/18 15:48:01 INFO Metrics: Metrics scheduler closed
[2025-07-18T15:48:01.664+0000] {subprocess.py:93} INFO - 25/07/18 15:48:01 INFO Metrics: Closing reporter org.apache.kafka.common.metrics.JmxReporter
[2025-07-18T15:48:01.664+0000] {subprocess.py:93} INFO - 25/07/18 15:48:01 INFO Metrics: Metrics reporters closed
[2025-07-18T15:48:01.664+0000] {subprocess.py:93} INFO - 25/07/18 15:48:01 INFO MicroBatchExecution: Async log purge executor pool for query [id = 0314df7c-5598-4928-8d91-374ee67989d1, runId = 0beb4372-ef04-4ba3-a4d5-10812aaca9f9] has been shutdown
[2025-07-18T15:48:01.709+0000] {subprocess.py:93} INFO - Traceback (most recent call last):
[2025-07-18T15:48:01.710+0000] {subprocess.py:93} INFO -   File "/home/iceberg/spark/stream_to_bronze.py", line 94, in <module>
[2025-07-18T15:48:01.710+0000] {subprocess.py:93} INFO -     spark.streams.awaitAnyTermination()
[2025-07-18T15:48:01.710+0000] {subprocess.py:93} INFO -   File "/opt/bitnami/spark/python/lib/pyspark.zip/pyspark/sql/streaming/query.py", line 596, in awaitAnyTermination
[2025-07-18T15:48:01.711+0000] {subprocess.py:93} INFO -   File "/opt/bitnami/spark/python/lib/py4j-0.10.9.7-src.zip/py4j/java_gateway.py", line 1322, in __call__
[2025-07-18T15:48:01.711+0000] {subprocess.py:93} INFO -   File "/opt/bitnami/spark/python/lib/pyspark.zip/pyspark/errors/exceptions/captured.py", line 185, in deco
[2025-07-18T15:48:01.715+0000] {subprocess.py:93} INFO - pyspark.errors.exceptions.captured.StreamingQueryException: [STREAM_FAILED] Query [id = 0314df7c-5598-4928-8d91-374ee67989d1, runId = 0beb4372-ef04-4ba3-a4d5-10812aaca9f9] terminated with exception: Multiple streaming queries are concurrently using file:/tmp/checkpoints/reservations/offsets.
[2025-07-18T15:48:01.749+0000] {subprocess.py:93} INFO - 25/07/18 15:48:01 INFO SparkContext: Invoking stop() from shutdown hook
[2025-07-18T15:48:01.750+0000] {subprocess.py:93} INFO - 25/07/18 15:48:01 INFO SparkContext: SparkContext is stopping with exitCode 0.
[2025-07-18T15:48:01.756+0000] {subprocess.py:93} INFO - 25/07/18 15:48:01 INFO SparkUI: Stopped Spark web UI at http://77cb57a6bd53:4041
[2025-07-18T15:48:01.773+0000] {subprocess.py:93} INFO - 25/07/18 15:48:01 INFO MapOutputTrackerMasterEndpoint: MapOutputTrackerMasterEndpoint stopped!
[2025-07-18T15:48:01.792+0000] {subprocess.py:93} INFO - 25/07/18 15:48:01 INFO MemoryStore: MemoryStore cleared
[2025-07-18T15:48:01.794+0000] {subprocess.py:93} INFO - 25/07/18 15:48:01 INFO BlockManager: BlockManager stopped
[2025-07-18T15:48:01.799+0000] {subprocess.py:93} INFO - 25/07/18 15:48:01 INFO BlockManagerMaster: BlockManagerMaster stopped
[2025-07-18T15:48:01.813+0000] {subprocess.py:93} INFO - 25/07/18 15:48:01 INFO OutputCommitCoordinator$OutputCommitCoordinatorEndpoint: OutputCommitCoordinator stopped!
[2025-07-18T15:48:01.831+0000] {subprocess.py:93} INFO - 25/07/18 15:48:01 INFO SparkContext: Successfully stopped SparkContext
[2025-07-18T15:48:01.831+0000] {subprocess.py:93} INFO - 25/07/18 15:48:01 INFO ShutdownHookManager: Shutdown hook called
[2025-07-18T15:48:01.832+0000] {subprocess.py:93} INFO - 25/07/18 15:48:01 INFO ShutdownHookManager: Deleting directory /tmp/spark-6ebde55c-118c-41bc-ba3d-110b52bd6ce3
[2025-07-18T15:48:01.835+0000] {subprocess.py:93} INFO - 25/07/18 15:48:01 INFO ShutdownHookManager: Deleting directory /tmp/spark-adb967d2-06a0-4885-8986-9558999eaa4e/pyspark-9bfcec3f-ea21-4b86-a06b-7f4d3ad56834
[2025-07-18T15:48:01.837+0000] {subprocess.py:93} INFO - 25/07/18 15:48:01 INFO ShutdownHookManager: Deleting directory /tmp/spark-adb967d2-06a0-4885-8986-9558999eaa4e
[2025-07-18T15:48:01.842+0000] {subprocess.py:93} INFO - 25/07/18 15:48:01 INFO MetricsSystemImpl: Stopping s3a-file-system metrics system...
[2025-07-18T15:48:01.842+0000] {subprocess.py:93} INFO - 25/07/18 15:48:01 INFO MetricsSystemImpl: s3a-file-system metrics system stopped.
[2025-07-18T15:48:01.843+0000] {subprocess.py:93} INFO - 25/07/18 15:48:01 INFO MetricsSystemImpl: s3a-file-system metrics system shutdown complete.
[2025-07-18T15:48:02.241+0000] {subprocess.py:97} INFO - Command exited with return code 1
[2025-07-18T15:48:02.262+0000] {taskinstance.py:1937} ERROR - Task failed with exception
Traceback (most recent call last):
  File "/home/airflow/.local/lib/python3.8/site-packages/airflow/operators/bash.py", line 210, in execute
    raise AirflowException(
airflow.exceptions.AirflowException: Bash command failed. The command returned a non-zero exit code 1.
[2025-07-18T15:48:02.266+0000] {taskinstance.py:1400} INFO - Marking task as FAILED. dag_id=restaurant_pipeline, task_id=stream_to_bronze, execution_date=20250718T154400, start_date=20250718T154604, end_date=20250718T154802
[2025-07-18T15:48:02.280+0000] {standard_task_runner.py:104} ERROR - Failed to execute job 132 for task stream_to_bronze (Bash command failed. The command returned a non-zero exit code 1.; 692)
[2025-07-18T15:48:02.293+0000] {local_task_job_runner.py:228} INFO - Task exited with return code 1
[2025-07-18T15:48:02.322+0000] {taskinstance.py:2778} INFO - 0 downstream tasks scheduled from follow-on schedule check
