[2025-07-18T19:16:19.948+0000] {taskinstance.py:1159} INFO - Dependencies all met for dep_context=non-requeueable deps ti=<TaskInstance: restaurant_pipeline.send_to_kafka scheduled__2025-07-18T19:14:00+00:00 [queued]>
[2025-07-18T19:16:19.952+0000] {taskinstance.py:1159} INFO - Dependencies all met for dep_context=requeueable deps ti=<TaskInstance: restaurant_pipeline.send_to_kafka scheduled__2025-07-18T19:14:00+00:00 [queued]>
[2025-07-18T19:16:19.952+0000] {taskinstance.py:1361} INFO - Starting attempt 1 of 1
[2025-07-18T19:16:19.957+0000] {taskinstance.py:1382} INFO - Executing <Task(BashOperator): send_to_kafka> on 2025-07-18 19:14:00+00:00
[2025-07-18T19:16:19.959+0000] {standard_task_runner.py:57} INFO - Started process 4618 to run task
[2025-07-18T19:16:19.962+0000] {standard_task_runner.py:84} INFO - Running: ['***', 'tasks', 'run', 'restaurant_pipeline', 'send_to_kafka', 'scheduled__2025-07-18T19:14:00+00:00', '--job-id', '490', '--raw', '--subdir', 'DAGS_FOLDER/restaurant_pipeline.py', '--cfg-path', '/tmp/tmpmsw2gu57']
[2025-07-18T19:16:19.963+0000] {standard_task_runner.py:85} INFO - Job 490: Subtask send_to_kafka
[2025-07-18T19:16:19.986+0000] {task_command.py:416} INFO - Running <TaskInstance: restaurant_pipeline.send_to_kafka scheduled__2025-07-18T19:14:00+00:00 [running]> on host 9bcfb43e0ab7
[2025-07-18T19:16:20.023+0000] {taskinstance.py:1662} INFO - Exporting env vars: AIRFLOW_CTX_DAG_OWNER='moran' AIRFLOW_CTX_DAG_ID='restaurant_pipeline' AIRFLOW_CTX_TASK_ID='send_to_kafka' AIRFLOW_CTX_EXECUTION_DATE='2025-07-18T19:14:00+00:00' AIRFLOW_CTX_TRY_NUMBER='1' AIRFLOW_CTX_DAG_RUN_ID='scheduled__2025-07-18T19:14:00+00:00'
[2025-07-18T19:16:20.024+0000] {subprocess.py:63} INFO - Tmp dir root location: /tmp
[2025-07-18T19:16:20.024+0000] {subprocess.py:75} INFO - Running command: ['/bin/bash', '-c', 'python /opt/streaming/producer.py']
[2025-07-18T19:16:20.028+0000] {subprocess.py:86} INFO - Output:
[2025-07-18T19:16:22.306+0000] {subprocess.py:93} INFO - [✓] Sent to reservations: {'reservation_id': 5648, 'branch_id': 102, 'customer_name': 'Andrew Reyes', 'phone_number': '(223)458-7090', 'reservation_date': '2025-07-18', 'reservation_time': '19:47', 'guests_count': 7, 'is_confirmed': True}
[2025-07-18T19:16:22.309+0000] {subprocess.py:93} INFO - [✓] Sent to reservations: {'reservation_id': 4269, 'branch_id': 102, 'customer_name': 'Lisa Fuentes', 'phone_number': '+1-617-530-4095', 'reservation_date': '2025-07-18', 'reservation_time': '19:51', 'guests_count': 5, 'is_confirmed': False}
[2025-07-18T19:16:22.310+0000] {subprocess.py:93} INFO - [✓] Sent to reservations: {'reservation_id': 7223, 'branch_id': 101, 'customer_name': 'Kaitlin Johnson', 'phone_number': '(475)656-0884x15485', 'reservation_date': '2025-07-18', 'reservation_time': '20:12', 'guests_count': 8, 'is_confirmed': True}
[2025-07-18T19:16:22.310+0000] {subprocess.py:93} INFO - [✓] Sent to checkins: {'checkin_id': 4143, 'customer_name': 'Katelyn Medina', 'phone_number': '001-650-628-4015', 'branch_id': 101, 'table_id': 206, 'is_prebooked': False, 'checkin_date': '2025-07-18', 'checkin_time': '18:00', 'guests_count': 2, 'shift_manager': 'Lindsey Wright'}
[2025-07-18T19:16:22.310+0000] {subprocess.py:93} INFO - [✓] Sent to checkins: {'checkin_id': 8116, 'customer_name': 'Mrs. Cheryl Phelps', 'phone_number': '001-537-544-4758', 'branch_id': 101, 'table_id': 208, 'is_prebooked': True, 'checkin_date': '2025-07-18', 'checkin_time': '18:52', 'guests_count': 4, 'shift_manager': 'Henry Reese'}
[2025-07-18T19:16:22.310+0000] {subprocess.py:93} INFO - [✓] Sent to checkins: {'checkin_id': 9923, 'customer_name': 'Jim Navarro', 'phone_number': '(394)978-0999x684', 'branch_id': 101, 'table_id': 205, 'is_prebooked': False, 'checkin_date': '2025-07-18', 'checkin_time': '19:06', 'guests_count': 2, 'shift_manager': 'Thomas Hernandez'}
[2025-07-18T19:16:22.310+0000] {subprocess.py:93} INFO - [✓] Sent to feedback: {'feedback_id': 4500, 'branch_id': 101, 'customer_name': 'Ashley Carter', 'phone_number': '215.997.9704x95079', 'feedback_text': 'None read rich fact.', 'rating': 5, 'dining_date': '2025-07-18', 'dining_time': '18:30', 'submission_time': '2025-07-18T19:16:19'}
[2025-07-18T19:16:22.310+0000] {subprocess.py:93} INFO - [✓] Sent to feedback: {'feedback_id': 6848, 'branch_id': 101, 'customer_name': 'Michelle Blankenship', 'phone_number': '493-370-6853x90135', 'feedback_text': 'In large least his factor day political.', 'rating': 1, 'dining_date': '2025-07-18', 'dining_time': '17:42', 'submission_time': '2025-07-18T19:16:19'}
[2025-07-18T19:16:22.310+0000] {subprocess.py:93} INFO - [✓] Sent to feedback: {'feedback_id': 7770, 'branch_id': 102, 'customer_name': 'Miguel Smith', 'phone_number': '+1-321-374-8252x64248', 'feedback_text': 'Item movie development budget.', 'rating': 3, 'dining_date': '2025-07-18', 'dining_time': '18:10', 'submission_time': '2025-07-18T19:16:19'}
[2025-07-18T19:16:22.311+0000] {subprocess.py:93} INFO - ✅ All messages sent.
[2025-07-18T19:16:22.352+0000] {subprocess.py:97} INFO - Command exited with return code 0
[2025-07-18T19:16:22.372+0000] {taskinstance.py:1400} INFO - Marking task as SUCCESS. dag_id=restaurant_pipeline, task_id=send_to_kafka, execution_date=20250718T191400, start_date=20250718T191619, end_date=20250718T191622
[2025-07-18T19:16:22.420+0000] {local_task_job_runner.py:228} INFO - Task exited with return code 0
[2025-07-18T19:16:22.464+0000] {taskinstance.py:2778} INFO - 1 downstream tasks scheduled from follow-on schedule check
