[2025-07-18T15:19:53.897+0000] {taskinstance.py:1159} INFO - Dependencies all met for dep_context=non-requeueable deps ti=<TaskInstance: restaurant_pipeline.send_to_kafka manual__2025-07-18T15:19:52.121510+00:00 [queued]>
[2025-07-18T15:19:53.902+0000] {taskinstance.py:1159} INFO - Dependencies all met for dep_context=requeueable deps ti=<TaskInstance: restaurant_pipeline.send_to_kafka manual__2025-07-18T15:19:52.121510+00:00 [queued]>
[2025-07-18T15:19:53.902+0000] {taskinstance.py:1361} INFO - Starting attempt 1 of 1
[2025-07-18T15:19:53.910+0000] {taskinstance.py:1382} INFO - Executing <Task(BashOperator): send_to_kafka> on 2025-07-18 15:19:52.121510+00:00
[2025-07-18T15:19:53.912+0000] {standard_task_runner.py:57} INFO - Started process 181 to run task
[2025-07-18T15:19:53.914+0000] {standard_task_runner.py:84} INFO - Running: ['***', 'tasks', 'run', 'restaurant_pipeline', 'send_to_kafka', 'manual__2025-07-18T15:19:52.121510+00:00', '--job-id', '86', '--raw', '--subdir', 'DAGS_FOLDER/restaurant_pipeline.py', '--cfg-path', '/tmp/tmpblzwmfj4']
[2025-07-18T15:19:53.917+0000] {standard_task_runner.py:85} INFO - Job 86: Subtask send_to_kafka
[2025-07-18T15:19:53.953+0000] {task_command.py:416} INFO - Running <TaskInstance: restaurant_pipeline.send_to_kafka manual__2025-07-18T15:19:52.121510+00:00 [running]> on host 9bcfb43e0ab7
[2025-07-18T15:19:53.994+0000] {taskinstance.py:1662} INFO - Exporting env vars: AIRFLOW_CTX_DAG_OWNER='moran' AIRFLOW_CTX_DAG_ID='restaurant_pipeline' AIRFLOW_CTX_TASK_ID='send_to_kafka' AIRFLOW_CTX_EXECUTION_DATE='2025-07-18T15:19:52.121510+00:00' AIRFLOW_CTX_TRY_NUMBER='1' AIRFLOW_CTX_DAG_RUN_ID='manual__2025-07-18T15:19:52.121510+00:00'
[2025-07-18T15:19:53.994+0000] {subprocess.py:63} INFO - Tmp dir root location: /tmp
[2025-07-18T15:19:53.995+0000] {subprocess.py:75} INFO - Running command: ['/bin/bash', '-c', 'python /opt/streaming/producer.py']
[2025-07-18T15:19:53.999+0000] {subprocess.py:86} INFO - Output:
[2025-07-18T15:19:56.350+0000] {subprocess.py:93} INFO - [✓] Sent to reservations: {'reservation_id': 1856, 'branch_id': 102, 'customer_name': 'Ashley Golden', 'phone_number': '(231)887-1236x587', 'reservation_date': '2025-07-18', 'reservation_time': '16:34', 'guests_count': 7, 'is_confirmed': True}
[2025-07-18T15:19:56.358+0000] {subprocess.py:93} INFO - [✓] Sent to reservations: {'reservation_id': 9204, 'branch_id': 102, 'customer_name': 'Lance Crawford', 'phone_number': '451-317-8239x250', 'reservation_date': '2025-07-18', 'reservation_time': '17:17', 'guests_count': 2, 'is_confirmed': True}
[2025-07-18T15:19:56.359+0000] {subprocess.py:93} INFO - [✓] Sent to reservations: {'reservation_id': 8455, 'branch_id': 101, 'customer_name': 'Ryan Martinez', 'phone_number': '(652)389-7528x75207', 'reservation_date': '2025-07-18', 'reservation_time': '16:02', 'guests_count': 7, 'is_confirmed': False}
[2025-07-18T15:19:56.359+0000] {subprocess.py:93} INFO - [✓] Sent to checkins: {'checkin_id': 6550, 'customer_name': 'Tina Espinoza', 'phone_number': '4059260554', 'branch_id': 102, 'table_id': 206, 'is_prebooked': False, 'checkin_date': '2025-07-18', 'checkin_time': '13:47', 'guests_count': 1, 'shift_manager': 'Timothy Wilkins'}
[2025-07-18T15:19:56.359+0000] {subprocess.py:93} INFO - [✓] Sent to checkins: {'checkin_id': 4547, 'customer_name': 'Jeremy Barry', 'phone_number': '574-812-9729', 'branch_id': 102, 'table_id': 205, 'is_prebooked': True, 'checkin_date': '2025-07-18', 'checkin_time': '15:14', 'guests_count': 5, 'shift_manager': 'Susan Francis'}
[2025-07-18T15:19:56.360+0000] {subprocess.py:93} INFO - [✓] Sent to checkins: {'checkin_id': 8499, 'customer_name': 'Samuel Brown', 'phone_number': '3029196177', 'branch_id': 102, 'table_id': 201, 'is_prebooked': True, 'checkin_date': '2025-07-18', 'checkin_time': '14:27', 'guests_count': 6, 'shift_manager': 'Erik Barrett'}
[2025-07-18T15:19:56.360+0000] {subprocess.py:93} INFO - [✓] Sent to feedback: {'feedback_id': 4278, 'branch_id': 102, 'customer_name': 'Thomas Harper', 'phone_number': '001-447-282-5863x4386', 'feedback_text': 'Someone some money meet control property newspaper significant.', 'rating': 2, 'dining_date': '2025-07-18', 'dining_time': '14:23', 'submission_time': '2025-07-18T15:19:52'}
[2025-07-18T15:19:56.360+0000] {subprocess.py:93} INFO - [✓] Sent to feedback: {'feedback_id': 1572, 'branch_id': 101, 'customer_name': 'Mr. Seth Patton', 'phone_number': '569.314.8318x9469', 'feedback_text': 'Left sea force join.', 'rating': 4, 'dining_date': '2025-07-18', 'dining_time': '13:35', 'submission_time': '2025-07-18T15:19:52'}
[2025-07-18T15:19:56.361+0000] {subprocess.py:93} INFO - [✓] Sent to feedback: {'feedback_id': 2904, 'branch_id': 102, 'customer_name': 'Katie West', 'phone_number': '001-400-609-3558x9105', 'feedback_text': 'Morning radio culture attorney hotel network simple.', 'rating': 4, 'dining_date': '2025-07-18', 'dining_time': '13:39', 'submission_time': '2025-07-18T15:19:52'}
[2025-07-18T15:19:56.361+0000] {subprocess.py:93} INFO - ✅ All messages sent.
[2025-07-18T15:19:56.404+0000] {subprocess.py:97} INFO - Command exited with return code 0
[2025-07-18T15:19:56.422+0000] {taskinstance.py:1400} INFO - Marking task as SUCCESS. dag_id=restaurant_pipeline, task_id=send_to_kafka, execution_date=20250718T151952, start_date=20250718T151953, end_date=20250718T151956
[2025-07-18T15:19:56.472+0000] {local_task_job_runner.py:228} INFO - Task exited with return code 0
[2025-07-18T15:19:56.499+0000] {taskinstance.py:2778} INFO - 1 downstream tasks scheduled from follow-on schedule check
