[2025-07-19T18:12:14.258+0000] {taskinstance.py:1159} INFO - Dependencies all met for dep_context=non-requeueable deps ti=<TaskInstance: restaurant_pipeline.stream_to_bronze scheduled__2025-07-19T18:10:00+00:00 [queued]>
[2025-07-19T18:12:14.263+0000] {taskinstance.py:1159} INFO - Dependencies all met for dep_context=requeueable deps ti=<TaskInstance: restaurant_pipeline.stream_to_bronze scheduled__2025-07-19T18:10:00+00:00 [queued]>
[2025-07-19T18:12:14.263+0000] {taskinstance.py:1361} INFO - Starting attempt 1 of 1
[2025-07-19T18:12:14.269+0000] {taskinstance.py:1382} INFO - Executing <Task(BashOperator): stream_to_bronze> on 2025-07-19 18:10:00+00:00
[2025-07-19T18:12:14.272+0000] {standard_task_runner.py:57} INFO - Started process 505 to run task
[2025-07-19T18:12:14.274+0000] {standard_task_runner.py:84} INFO - Running: ['***', 'tasks', 'run', 'restaurant_pipeline', 'stream_to_bronze', 'scheduled__2025-07-19T18:10:00+00:00', '--job-id', '951', '--raw', '--subdir', 'DAGS_FOLDER/restaurant_pipeline.py', '--cfg-path', '/tmp/tmp4l5k602n']
[2025-07-19T18:12:14.275+0000] {standard_task_runner.py:85} INFO - Job 951: Subtask stream_to_bronze
[2025-07-19T18:12:14.298+0000] {task_command.py:416} INFO - Running <TaskInstance: restaurant_pipeline.stream_to_bronze scheduled__2025-07-19T18:10:00+00:00 [running]> on host e3f5d8fc4eef
[2025-07-19T18:12:14.351+0000] {taskinstance.py:1662} INFO - Exporting env vars: AIRFLOW_CTX_DAG_OWNER='moran' AIRFLOW_CTX_DAG_ID='restaurant_pipeline' AIRFLOW_CTX_TASK_ID='stream_to_bronze' AIRFLOW_CTX_EXECUTION_DATE='2025-07-19T18:10:00+00:00' AIRFLOW_CTX_TRY_NUMBER='1' AIRFLOW_CTX_DAG_RUN_ID='scheduled__2025-07-19T18:10:00+00:00'
[2025-07-19T18:12:14.352+0000] {subprocess.py:63} INFO - Tmp dir root location: /tmp
[2025-07-19T18:12:14.353+0000] {subprocess.py:75} INFO - Running command: ['/bin/bash', '-c', "docker exec -e AIRFLOW_CTX_DAG_RUN_ID='scheduled__2025-07-19T18:10:00+00:00' spark-iceberg spark-submit /home/iceberg/spark/stream_to_bronze.py"]
[2025-07-19T18:12:14.359+0000] {subprocess.py:86} INFO - Output:
[2025-07-19T18:12:15.856+0000] {subprocess.py:93} INFO - 25/07/19 18:12:15 INFO SparkContext: Running Spark version 3.5.6
[2025-07-19T18:12:15.857+0000] {subprocess.py:93} INFO - 25/07/19 18:12:15 INFO SparkContext: OS info Linux, 6.10.14-linuxkit, aarch64
[2025-07-19T18:12:15.857+0000] {subprocess.py:93} INFO - 25/07/19 18:12:15 INFO SparkContext: Java version 17.0.15
[2025-07-19T18:12:15.869+0000] {subprocess.py:93} INFO - 25/07/19 18:12:15 INFO ResourceUtils: ==============================================================
[2025-07-19T18:12:15.870+0000] {subprocess.py:93} INFO - 25/07/19 18:12:15 INFO ResourceUtils: No custom resources configured for spark.driver.
[2025-07-19T18:12:15.870+0000] {subprocess.py:93} INFO - 25/07/19 18:12:15 INFO ResourceUtils: ==============================================================
[2025-07-19T18:12:15.870+0000] {subprocess.py:93} INFO - 25/07/19 18:12:15 INFO SparkContext: Submitted application: StreamToBronze
[2025-07-19T18:12:15.878+0000] {subprocess.py:93} INFO - 25/07/19 18:12:15 INFO ResourceProfile: Default ResourceProfile created, executor resources: Map(cores -> name: cores, amount: 1, script: , vendor: , memory -> name: memory, amount: 1024, script: , vendor: , offHeap -> name: offHeap, amount: 0, script: , vendor: ), task resources: Map(cpus -> name: cpus, amount: 1.0)
[2025-07-19T18:12:15.882+0000] {subprocess.py:93} INFO - 25/07/19 18:12:15 INFO ResourceProfile: Limiting resource is cpu
[2025-07-19T18:12:15.883+0000] {subprocess.py:93} INFO - 25/07/19 18:12:15 INFO ResourceProfileManager: Added ResourceProfile id: 0
[2025-07-19T18:12:15.904+0000] {subprocess.py:93} INFO - 25/07/19 18:12:15 INFO SecurityManager: Changing view acls to: root,spark
[2025-07-19T18:12:15.905+0000] {subprocess.py:93} INFO - 25/07/19 18:12:15 INFO SecurityManager: Changing modify acls to: root,spark
[2025-07-19T18:12:15.905+0000] {subprocess.py:93} INFO - 25/07/19 18:12:15 INFO SecurityManager: Changing view acls groups to:
[2025-07-19T18:12:15.905+0000] {subprocess.py:93} INFO - 25/07/19 18:12:15 INFO SecurityManager: Changing modify acls groups to:
[2025-07-19T18:12:15.905+0000] {subprocess.py:93} INFO - 25/07/19 18:12:15 INFO SecurityManager: SecurityManager: authentication disabled; ui acls disabled; users with view permissions: root, spark; groups with view permissions: EMPTY; users with modify permissions: root, spark; groups with modify permissions: EMPTY
[2025-07-19T18:12:15.931+0000] {subprocess.py:93} INFO - 25/07/19 18:12:15 WARN NativeCodeLoader: Unable to load native-hadoop library for your platform... using builtin-java classes where applicable
[2025-07-19T18:12:16.049+0000] {subprocess.py:93} INFO - 25/07/19 18:12:16 INFO Utils: Successfully started service 'sparkDriver' on port 41847.
[2025-07-19T18:12:16.062+0000] {subprocess.py:93} INFO - 25/07/19 18:12:16 INFO SparkEnv: Registering MapOutputTracker
[2025-07-19T18:12:16.082+0000] {subprocess.py:93} INFO - 25/07/19 18:12:16 INFO SparkEnv: Registering BlockManagerMaster
[2025-07-19T18:12:16.090+0000] {subprocess.py:93} INFO - 25/07/19 18:12:16 INFO BlockManagerMasterEndpoint: Using org.apache.spark.storage.DefaultTopologyMapper for getting topology information
[2025-07-19T18:12:16.090+0000] {subprocess.py:93} INFO - 25/07/19 18:12:16 INFO BlockManagerMasterEndpoint: BlockManagerMasterEndpoint up
[2025-07-19T18:12:16.091+0000] {subprocess.py:93} INFO - 25/07/19 18:12:16 INFO SparkEnv: Registering BlockManagerMasterHeartbeat
[2025-07-19T18:12:16.102+0000] {subprocess.py:93} INFO - 25/07/19 18:12:16 INFO DiskBlockManager: Created local directory at /tmp/blockmgr-05d72f6a-e82b-4181-b3f3-f89237ce591f
[2025-07-19T18:12:16.108+0000] {subprocess.py:93} INFO - 25/07/19 18:12:16 INFO MemoryStore: MemoryStore started with capacity 434.4 MiB
[2025-07-19T18:12:16.115+0000] {subprocess.py:93} INFO - 25/07/19 18:12:16 INFO SparkEnv: Registering OutputCommitCoordinator
[2025-07-19T18:12:16.166+0000] {subprocess.py:93} INFO - 25/07/19 18:12:16 INFO JettyUtils: Start Jetty 0.0.0.0:4040 for SparkUI
[2025-07-19T18:12:16.189+0000] {subprocess.py:93} INFO - 25/07/19 18:12:16 WARN Utils: Service 'SparkUI' could not bind on port 4040. Attempting port 4041.
[2025-07-19T18:12:16.192+0000] {subprocess.py:93} INFO - 25/07/19 18:12:16 INFO Utils: Successfully started service 'SparkUI' on port 4041.
[2025-07-19T18:12:16.235+0000] {subprocess.py:93} INFO - 25/07/19 18:12:16 INFO Executor: Starting executor ID driver on host 8b44f3d35cfa
[2025-07-19T18:12:16.236+0000] {subprocess.py:93} INFO - 25/07/19 18:12:16 INFO Executor: OS info Linux, 6.10.14-linuxkit, aarch64
[2025-07-19T18:12:16.236+0000] {subprocess.py:93} INFO - 25/07/19 18:12:16 INFO Executor: Java version 17.0.15
[2025-07-19T18:12:16.238+0000] {subprocess.py:93} INFO - 25/07/19 18:12:16 INFO Executor: Starting executor with user classpath (userClassPathFirst = false): ''
[2025-07-19T18:12:16.239+0000] {subprocess.py:93} INFO - 25/07/19 18:12:16 INFO Executor: Created or updated repl class loader org.apache.spark.util.MutableURLClassLoader@783bcb00 for default.
[2025-07-19T18:12:16.247+0000] {subprocess.py:93} INFO - 25/07/19 18:12:16 INFO Utils: Successfully started service 'org.apache.spark.network.netty.NettyBlockTransferService' on port 36085.
[2025-07-19T18:12:16.247+0000] {subprocess.py:93} INFO - 25/07/19 18:12:16 INFO NettyBlockTransferService: Server created on 8b44f3d35cfa:36085
[2025-07-19T18:12:16.248+0000] {subprocess.py:93} INFO - 25/07/19 18:12:16 INFO BlockManager: Using org.apache.spark.storage.RandomBlockReplicationPolicy for block replication policy
[2025-07-19T18:12:16.254+0000] {subprocess.py:93} INFO - 25/07/19 18:12:16 INFO BlockManagerMaster: Registering BlockManager BlockManagerId(driver, 8b44f3d35cfa, 36085, None)
[2025-07-19T18:12:16.255+0000] {subprocess.py:93} INFO - 25/07/19 18:12:16 INFO BlockManagerMasterEndpoint: Registering block manager 8b44f3d35cfa:36085 with 434.4 MiB RAM, BlockManagerId(driver, 8b44f3d35cfa, 36085, None)
[2025-07-19T18:12:16.259+0000] {subprocess.py:93} INFO - 25/07/19 18:12:16 INFO BlockManagerMaster: Registered BlockManager BlockManagerId(driver, 8b44f3d35cfa, 36085, None)
[2025-07-19T18:12:16.260+0000] {subprocess.py:93} INFO - 25/07/19 18:12:16 INFO BlockManager: Initialized BlockManager: BlockManagerId(driver, 8b44f3d35cfa, 36085, None)
[2025-07-19T18:12:16.463+0000] {subprocess.py:93} INFO - 25/07/19 18:12:16 INFO SharedState: Setting hive.metastore.warehouse.dir ('null') to the value of spark.sql.warehouse.dir.
[2025-07-19T18:12:16.463+0000] {subprocess.py:93} INFO - 25/07/19 18:12:16 INFO SharedState: Warehouse path is 'file:/app/spark-warehouse'.
[2025-07-19T18:12:17.318+0000] {subprocess.py:93} INFO - 25/07/19 18:12:17 WARN MetricsConfig: Cannot locate configuration: tried hadoop-metrics2-s3a-file-system.properties,hadoop-metrics2.properties
[2025-07-19T18:12:17.324+0000] {subprocess.py:93} INFO - 25/07/19 18:12:17 INFO MetricsSystemImpl: Scheduled Metric snapshot period at 10 second(s).
[2025-07-19T18:12:17.324+0000] {subprocess.py:93} INFO - 25/07/19 18:12:17 INFO MetricsSystemImpl: s3a-file-system metrics system started
[2025-07-19T18:12:17.859+0000] {subprocess.py:93} INFO - 25/07/19 18:12:17 INFO BaseMetastoreCatalog: Table loaded by catalog: my_catalog.bronze.Reservations_raw
[2025-07-19T18:12:17.871+0000] {subprocess.py:93} INFO - 25/07/19 18:12:17 INFO StateStoreCoordinatorRef: Registered StateStoreCoordinator endpoint
[2025-07-19T18:12:17.896+0000] {subprocess.py:93} INFO - 25/07/19 18:12:17 INFO ResolveWriteToStream: Checkpoint root /tmp/checkpoints/reservations/scheduled__2025-07-19T18:10:00+00:00 resolved to file:/tmp/checkpoints/reservations/scheduled__2025-07-19T18:10:00+00:00.
[2025-07-19T18:12:17.897+0000] {subprocess.py:93} INFO - 25/07/19 18:12:17 WARN ResolveWriteToStream: spark.sql.adaptive.enabled is not supported in streaming DataFrames/Datasets and will be disabled.
[2025-07-19T18:12:17.930+0000] {subprocess.py:93} INFO - 25/07/19 18:12:17 INFO CheckpointFileManager: Writing atomically to file:/tmp/checkpoints/reservations/scheduled__2025-07-19T18:10:00+00:00/metadata using temp file file:/tmp/checkpoints/reservations/scheduled__2025-07-19T18:10:00+00:00/.metadata.94220bec-b8a9-4119-82e9-906ad126f3ad.tmp
[2025-07-19T18:12:17.963+0000] {subprocess.py:93} INFO - 25/07/19 18:12:17 INFO CheckpointFileManager: Renamed temp file file:/tmp/checkpoints/reservations/scheduled__2025-07-19T18:10:00+00:00/.metadata.94220bec-b8a9-4119-82e9-906ad126f3ad.tmp to file:/tmp/checkpoints/reservations/scheduled__2025-07-19T18:10:00+00:00/metadata
[2025-07-19T18:12:17.977+0000] {subprocess.py:93} INFO - 25/07/19 18:12:17 INFO MicroBatchExecution: Starting [id = 70b0027a-7960-40f2-91d7-711f0756418b, runId = 060b34de-6162-455e-90f5-6e6df87782a8]. Use file:/tmp/checkpoints/reservations/scheduled__2025-07-19T18:10:00+00:00 to store the query checkpoint.
[2025-07-19T18:12:17.983+0000] {subprocess.py:93} INFO - 25/07/19 18:12:17 INFO MicroBatchExecution: Reading table [org.apache.spark.sql.kafka010.KafkaSourceProvider$KafkaTable@6fb8a6f9] from DataSourceV2 named 'kafka' [org.apache.spark.sql.kafka010.KafkaSourceProvider@1fa7a4b5]
[2025-07-19T18:12:18.001+0000] {subprocess.py:93} INFO - 25/07/19 18:12:18 INFO OffsetSeqLog: BatchIds found from listing:
[2025-07-19T18:12:18.002+0000] {subprocess.py:93} INFO - 25/07/19 18:12:18 INFO OffsetSeqLog: BatchIds found from listing:
[2025-07-19T18:12:18.003+0000] {subprocess.py:93} INFO - 25/07/19 18:12:18 INFO MicroBatchExecution: Starting new streaming query.
[2025-07-19T18:12:18.004+0000] {subprocess.py:93} INFO - 25/07/19 18:12:18 INFO MicroBatchExecution: Stream started from {}
[2025-07-19T18:12:18.085+0000] {subprocess.py:93} INFO - 25/07/19 18:12:18 INFO BaseMetastoreCatalog: Table loaded by catalog: my_catalog.bronze.Checkins_raw
[2025-07-19T18:12:18.090+0000] {subprocess.py:93} INFO - 25/07/19 18:12:18 INFO ResolveWriteToStream: Checkpoint root /tmp/checkpoints/checkins/scheduled__2025-07-19T18:10:00+00:00 resolved to file:/tmp/checkpoints/checkins/scheduled__2025-07-19T18:10:00+00:00.
[2025-07-19T18:12:18.090+0000] {subprocess.py:93} INFO - 25/07/19 18:12:18 WARN ResolveWriteToStream: spark.sql.adaptive.enabled is not supported in streaming DataFrames/Datasets and will be disabled.
[2025-07-19T18:12:18.096+0000] {subprocess.py:93} INFO - 25/07/19 18:12:18 INFO CheckpointFileManager: Writing atomically to file:/tmp/checkpoints/checkins/scheduled__2025-07-19T18:10:00+00:00/metadata using temp file file:/tmp/checkpoints/checkins/scheduled__2025-07-19T18:10:00+00:00/.metadata.c5ac108e-537d-4870-8481-1883765d14ee.tmp
[2025-07-19T18:12:18.105+0000] {subprocess.py:93} INFO - 25/07/19 18:12:18 INFO CheckpointFileManager: Renamed temp file file:/tmp/checkpoints/checkins/scheduled__2025-07-19T18:10:00+00:00/.metadata.c5ac108e-537d-4870-8481-1883765d14ee.tmp to file:/tmp/checkpoints/checkins/scheduled__2025-07-19T18:10:00+00:00/metadata
[2025-07-19T18:12:18.117+0000] {subprocess.py:93} INFO - 25/07/19 18:12:18 INFO MicroBatchExecution: Starting [id = f53ee518-6715-434e-ae60-a8bd10e578c8, runId = 47cc30f6-5018-40ec-bcee-f9dd4f0e6043]. Use file:/tmp/checkpoints/checkins/scheduled__2025-07-19T18:10:00+00:00 to store the query checkpoint.
[2025-07-19T18:12:18.118+0000] {subprocess.py:93} INFO - 25/07/19 18:12:18 INFO MicroBatchExecution: Reading table [org.apache.spark.sql.kafka010.KafkaSourceProvider$KafkaTable@51bbe42b] from DataSourceV2 named 'kafka' [org.apache.spark.sql.kafka010.KafkaSourceProvider@5f7c11b4]
[2025-07-19T18:12:18.119+0000] {subprocess.py:93} INFO - 25/07/19 18:12:18 INFO OffsetSeqLog: BatchIds found from listing:
[2025-07-19T18:12:18.120+0000] {subprocess.py:93} INFO - 25/07/19 18:12:18 INFO OffsetSeqLog: BatchIds found from listing:
[2025-07-19T18:12:18.121+0000] {subprocess.py:93} INFO - 25/07/19 18:12:18 INFO MicroBatchExecution: Starting new streaming query.
[2025-07-19T18:12:18.121+0000] {subprocess.py:93} INFO - 25/07/19 18:12:18 INFO MicroBatchExecution: Stream started from {}
[2025-07-19T18:12:18.178+0000] {subprocess.py:93} INFO - 25/07/19 18:12:18 INFO AdminClientConfig: AdminClientConfig values:
[2025-07-19T18:12:18.179+0000] {subprocess.py:93} INFO - 	auto.include.jmx.reporter = true
[2025-07-19T18:12:18.179+0000] {subprocess.py:93} INFO - 	bootstrap.servers = [kafka:9092]
[2025-07-19T18:12:18.179+0000] {subprocess.py:93} INFO - 	client.dns.lookup = use_all_dns_ips
[2025-07-19T18:12:18.179+0000] {subprocess.py:93} INFO - 	client.id =
[2025-07-19T18:12:18.179+0000] {subprocess.py:93} INFO - 	connections.max.idle.ms = 300000
[2025-07-19T18:12:18.179+0000] {subprocess.py:93} INFO - 	default.api.timeout.ms = 60000
[2025-07-19T18:12:18.179+0000] {subprocess.py:93} INFO - 	metadata.max.age.ms = 300000
[2025-07-19T18:12:18.180+0000] {subprocess.py:93} INFO - 	metric.reporters = []
[2025-07-19T18:12:18.180+0000] {subprocess.py:93} INFO - 	metrics.num.samples = 2
[2025-07-19T18:12:18.180+0000] {subprocess.py:93} INFO - 	metrics.recording.level = INFO
[2025-07-19T18:12:18.180+0000] {subprocess.py:93} INFO - 	metrics.sample.window.ms = 30000
[2025-07-19T18:12:18.180+0000] {subprocess.py:93} INFO - 	receive.buffer.bytes = 65536
[2025-07-19T18:12:18.180+0000] {subprocess.py:93} INFO - 	reconnect.backoff.max.ms = 1000
[2025-07-19T18:12:18.181+0000] {subprocess.py:93} INFO - 	reconnect.backoff.ms = 50
[2025-07-19T18:12:18.181+0000] {subprocess.py:93} INFO - 	request.timeout.ms = 30000
[2025-07-19T18:12:18.181+0000] {subprocess.py:93} INFO - 	retries = 2147483647
[2025-07-19T18:12:18.181+0000] {subprocess.py:93} INFO - 	retry.backoff.ms = 100
[2025-07-19T18:12:18.181+0000] {subprocess.py:93} INFO - 	sasl.client.callback.handler.class = null
[2025-07-19T18:12:18.181+0000] {subprocess.py:93} INFO - 	sasl.jaas.config = null
[2025-07-19T18:12:18.182+0000] {subprocess.py:93} INFO - 	sasl.kerberos.kinit.cmd = /usr/bin/kinit
[2025-07-19T18:12:18.182+0000] {subprocess.py:93} INFO - 	sasl.kerberos.min.time.before.relogin = 60000
[2025-07-19T18:12:18.182+0000] {subprocess.py:93} INFO - 	sasl.kerberos.service.name = null
[2025-07-19T18:12:18.182+0000] {subprocess.py:93} INFO - 	sasl.kerberos.ticket.renew.jitter = 0.05
[2025-07-19T18:12:18.182+0000] {subprocess.py:93} INFO - 	sasl.kerberos.ticket.renew.window.factor = 0.8
[2025-07-19T18:12:18.182+0000] {subprocess.py:93} INFO - 	sasl.login.callback.handler.class = null
[2025-07-19T18:12:18.182+0000] {subprocess.py:93} INFO - 	sasl.login.class = null
[2025-07-19T18:12:18.182+0000] {subprocess.py:93} INFO - 	sasl.login.connect.timeout.ms = null
[2025-07-19T18:12:18.183+0000] {subprocess.py:93} INFO - 	sasl.login.read.timeout.ms = null
[2025-07-19T18:12:18.183+0000] {subprocess.py:93} INFO - 	sasl.login.refresh.buffer.seconds = 300
[2025-07-19T18:12:18.183+0000] {subprocess.py:93} INFO - 	sasl.login.refresh.min.period.seconds = 60
[2025-07-19T18:12:18.183+0000] {subprocess.py:93} INFO - 	sasl.login.refresh.window.factor = 0.8
[2025-07-19T18:12:18.183+0000] {subprocess.py:93} INFO - 	sasl.login.refresh.window.jitter = 0.05
[2025-07-19T18:12:18.183+0000] {subprocess.py:93} INFO - 	sasl.login.retry.backoff.max.ms = 10000
[2025-07-19T18:12:18.183+0000] {subprocess.py:93} INFO - 	sasl.login.retry.backoff.ms = 100
[2025-07-19T18:12:18.183+0000] {subprocess.py:93} INFO - 	sasl.mechanism = GSSAPI
[2025-07-19T18:12:18.183+0000] {subprocess.py:93} INFO - 	sasl.oauthbearer.clock.skew.seconds = 30
[2025-07-19T18:12:18.183+0000] {subprocess.py:93} INFO - 	sasl.oauthbearer.expected.audience = null
[2025-07-19T18:12:18.184+0000] {subprocess.py:93} INFO - 	sasl.oauthbearer.expected.issuer = null
[2025-07-19T18:12:18.184+0000] {subprocess.py:93} INFO - 	sasl.oauthbearer.jwks.endpoint.refresh.ms = 3600000
[2025-07-19T18:12:18.184+0000] {subprocess.py:93} INFO - 	sasl.oauthbearer.jwks.endpoint.retry.backoff.max.ms = 10000
[2025-07-19T18:12:18.184+0000] {subprocess.py:93} INFO - 	sasl.oauthbearer.jwks.endpoint.retry.backoff.ms = 100
[2025-07-19T18:12:18.184+0000] {subprocess.py:93} INFO - 	sasl.oauthbearer.jwks.endpoint.url = null
[2025-07-19T18:12:18.184+0000] {subprocess.py:93} INFO - 	sasl.oauthbearer.scope.claim.name = scope
[2025-07-19T18:12:18.184+0000] {subprocess.py:93} INFO - 	sasl.oauthbearer.sub.claim.name = sub
[2025-07-19T18:12:18.184+0000] {subprocess.py:93} INFO - 	sasl.oauthbearer.token.endpoint.url = null
[2025-07-19T18:12:18.184+0000] {subprocess.py:93} INFO - 	security.protocol = PLAINTEXT
[2025-07-19T18:12:18.184+0000] {subprocess.py:93} INFO - 	security.providers = null
[2025-07-19T18:12:18.184+0000] {subprocess.py:93} INFO - 	send.buffer.bytes = 131072
[2025-07-19T18:12:18.184+0000] {subprocess.py:93} INFO - 	socket.connection.setup.timeout.max.ms = 30000
[2025-07-19T18:12:18.184+0000] {subprocess.py:93} INFO - 	socket.connection.setup.timeout.ms = 10000
[2025-07-19T18:12:18.185+0000] {subprocess.py:93} INFO - 	ssl.cipher.suites = null
[2025-07-19T18:12:18.185+0000] {subprocess.py:93} INFO - 	ssl.enabled.protocols = [TLSv1.2, TLSv1.3]
[2025-07-19T18:12:18.185+0000] {subprocess.py:93} INFO - 	ssl.endpoint.identification.algorithm = https
[2025-07-19T18:12:18.185+0000] {subprocess.py:93} INFO - 	ssl.engine.factory.class = null
[2025-07-19T18:12:18.185+0000] {subprocess.py:93} INFO - 	ssl.key.password = null
[2025-07-19T18:12:18.185+0000] {subprocess.py:93} INFO - 	ssl.keymanager.algorithm = SunX509
[2025-07-19T18:12:18.185+0000] {subprocess.py:93} INFO - 	ssl.keystore.certificate.chain = null
[2025-07-19T18:12:18.185+0000] {subprocess.py:93} INFO - 	ssl.keystore.key = null
[2025-07-19T18:12:18.186+0000] {subprocess.py:93} INFO - 	ssl.keystore.location = null
[2025-07-19T18:12:18.186+0000] {subprocess.py:93} INFO - 	ssl.keystore.password = null
[2025-07-19T18:12:18.186+0000] {subprocess.py:93} INFO - 	ssl.keystore.type = JKS
[2025-07-19T18:12:18.186+0000] {subprocess.py:93} INFO - 	ssl.protocol = TLSv1.3
[2025-07-19T18:12:18.186+0000] {subprocess.py:93} INFO - 	ssl.provider = null
[2025-07-19T18:12:18.186+0000] {subprocess.py:93} INFO - 	ssl.secure.random.implementation = null
[2025-07-19T18:12:18.186+0000] {subprocess.py:93} INFO - 	ssl.trustmanager.algorithm = PKIX
[2025-07-19T18:12:18.186+0000] {subprocess.py:93} INFO - 	ssl.truststore.certificates = null
[2025-07-19T18:12:18.186+0000] {subprocess.py:93} INFO - 	ssl.truststore.location = null
[2025-07-19T18:12:18.187+0000] {subprocess.py:93} INFO - 	ssl.truststore.password = null
[2025-07-19T18:12:18.187+0000] {subprocess.py:93} INFO - 	ssl.truststore.type = JKS
[2025-07-19T18:12:18.187+0000] {subprocess.py:93} INFO - 
[2025-07-19T18:12:18.187+0000] {subprocess.py:93} INFO - 25/07/19 18:12:18 INFO AdminClientConfig: AdminClientConfig values:
[2025-07-19T18:12:18.187+0000] {subprocess.py:93} INFO - 	auto.include.jmx.reporter = true
[2025-07-19T18:12:18.187+0000] {subprocess.py:93} INFO - 	bootstrap.servers = [kafka:9092]
[2025-07-19T18:12:18.187+0000] {subprocess.py:93} INFO - 	client.dns.lookup = use_all_dns_ips
[2025-07-19T18:12:18.188+0000] {subprocess.py:93} INFO - 	client.id =
[2025-07-19T18:12:18.188+0000] {subprocess.py:93} INFO - 	connections.max.idle.ms = 300000
[2025-07-19T18:12:18.188+0000] {subprocess.py:93} INFO - 	default.api.timeout.ms = 60000
[2025-07-19T18:12:18.188+0000] {subprocess.py:93} INFO - 	metadata.max.age.ms = 300000
[2025-07-19T18:12:18.188+0000] {subprocess.py:93} INFO - 	metric.reporters = []
[2025-07-19T18:12:18.188+0000] {subprocess.py:93} INFO - 	metrics.num.samples = 2
[2025-07-19T18:12:18.188+0000] {subprocess.py:93} INFO - 	metrics.recording.level = INFO
[2025-07-19T18:12:18.189+0000] {subprocess.py:93} INFO - 	metrics.sample.window.ms = 30000
[2025-07-19T18:12:18.189+0000] {subprocess.py:93} INFO - 	receive.buffer.bytes = 65536
[2025-07-19T18:12:18.189+0000] {subprocess.py:93} INFO - 	reconnect.backoff.max.ms = 1000
[2025-07-19T18:12:18.189+0000] {subprocess.py:93} INFO - 	reconnect.backoff.ms = 50
[2025-07-19T18:12:18.189+0000] {subprocess.py:93} INFO - 	request.timeout.ms = 30000
[2025-07-19T18:12:18.189+0000] {subprocess.py:93} INFO - 	retries = 2147483647
[2025-07-19T18:12:18.189+0000] {subprocess.py:93} INFO - 	retry.backoff.ms = 100
[2025-07-19T18:12:18.189+0000] {subprocess.py:93} INFO - 	sasl.client.callback.handler.class = null
[2025-07-19T18:12:18.190+0000] {subprocess.py:93} INFO - 	sasl.jaas.config = null
[2025-07-19T18:12:18.190+0000] {subprocess.py:93} INFO - 	sasl.kerberos.kinit.cmd = /usr/bin/kinit
[2025-07-19T18:12:18.190+0000] {subprocess.py:93} INFO - 	sasl.kerberos.min.time.before.relogin = 60000
[2025-07-19T18:12:18.190+0000] {subprocess.py:93} INFO - 	sasl.kerberos.service.name = null
[2025-07-19T18:12:18.190+0000] {subprocess.py:93} INFO - 	sasl.kerberos.ticket.renew.jitter = 0.05
[2025-07-19T18:12:18.190+0000] {subprocess.py:93} INFO - 	sasl.kerberos.ticket.renew.window.factor = 0.8
[2025-07-19T18:12:18.190+0000] {subprocess.py:93} INFO - 	sasl.login.callback.handler.class = null
[2025-07-19T18:12:18.191+0000] {subprocess.py:93} INFO - 	sasl.login.class = null
[2025-07-19T18:12:18.191+0000] {subprocess.py:93} INFO - 	sasl.login.connect.timeout.ms = null
[2025-07-19T18:12:18.191+0000] {subprocess.py:93} INFO - 	sasl.login.read.timeout.ms = null
[2025-07-19T18:12:18.192+0000] {subprocess.py:93} INFO - 	sasl.login.refresh.buffer.seconds = 300
[2025-07-19T18:12:18.192+0000] {subprocess.py:93} INFO - 	sasl.login.refresh.min.period.seconds = 60
[2025-07-19T18:12:18.192+0000] {subprocess.py:93} INFO - 	sasl.login.refresh.window.factor = 0.8
[2025-07-19T18:12:18.193+0000] {subprocess.py:93} INFO - 	sasl.login.refresh.window.jitter = 0.05
[2025-07-19T18:12:18.193+0000] {subprocess.py:93} INFO - 	sasl.login.retry.backoff.max.ms = 10000
[2025-07-19T18:12:18.193+0000] {subprocess.py:93} INFO - 	sasl.login.retry.backoff.ms = 100
[2025-07-19T18:12:18.193+0000] {subprocess.py:93} INFO - 	sasl.mechanism = GSSAPI
[2025-07-19T18:12:18.193+0000] {subprocess.py:93} INFO - 	sasl.oauthbearer.clock.skew.seconds = 30
[2025-07-19T18:12:18.194+0000] {subprocess.py:93} INFO - 	sasl.oauthbearer.expected.audience = null
[2025-07-19T18:12:18.194+0000] {subprocess.py:93} INFO - 	sasl.oauthbearer.expected.issuer = null
[2025-07-19T18:12:18.194+0000] {subprocess.py:93} INFO - 	sasl.oauthbearer.jwks.endpoint.refresh.ms = 3600000
[2025-07-19T18:12:18.194+0000] {subprocess.py:93} INFO - 	sasl.oauthbearer.jwks.endpoint.retry.backoff.max.ms = 10000
[2025-07-19T18:12:18.194+0000] {subprocess.py:93} INFO - 	sasl.oauthbearer.jwks.endpoint.retry.backoff.ms = 100
[2025-07-19T18:12:18.194+0000] {subprocess.py:93} INFO - 	sasl.oauthbearer.jwks.endpoint.url = null
[2025-07-19T18:12:18.195+0000] {subprocess.py:93} INFO - 	sasl.oauthbearer.scope.claim.name = scope
[2025-07-19T18:12:18.195+0000] {subprocess.py:93} INFO - 	sasl.oauthbearer.sub.claim.name = sub
[2025-07-19T18:12:18.195+0000] {subprocess.py:93} INFO - 	sasl.oauthbearer.token.endpoint.url = null
[2025-07-19T18:12:18.195+0000] {subprocess.py:93} INFO - 	security.protocol = PLAINTEXT
[2025-07-19T18:12:18.196+0000] {subprocess.py:93} INFO - 	security.providers = null
[2025-07-19T18:12:18.196+0000] {subprocess.py:93} INFO - 	send.buffer.bytes = 131072
[2025-07-19T18:12:18.196+0000] {subprocess.py:93} INFO - 	socket.connection.setup.timeout.max.ms = 30000
[2025-07-19T18:12:18.196+0000] {subprocess.py:93} INFO - 	socket.connection.setup.timeout.ms = 10000
[2025-07-19T18:12:18.196+0000] {subprocess.py:93} INFO - 	ssl.cipher.suites = null
[2025-07-19T18:12:18.197+0000] {subprocess.py:93} INFO - 	ssl.enabled.protocols = [TLSv1.2, TLSv1.3]
[2025-07-19T18:12:18.197+0000] {subprocess.py:93} INFO - 	ssl.endpoint.identification.algorithm = https
[2025-07-19T18:12:18.197+0000] {subprocess.py:93} INFO - 	ssl.engine.factory.class = null
[2025-07-19T18:12:18.197+0000] {subprocess.py:93} INFO - 	ssl.key.password = null
[2025-07-19T18:12:18.197+0000] {subprocess.py:93} INFO - 	ssl.keymanager.algorithm = SunX509
[2025-07-19T18:12:18.197+0000] {subprocess.py:93} INFO - 	ssl.keystore.certificate.chain = null
[2025-07-19T18:12:18.197+0000] {subprocess.py:93} INFO - 	ssl.keystore.key = null
[2025-07-19T18:12:18.198+0000] {subprocess.py:93} INFO - 	ssl.keystore.location = null
[2025-07-19T18:12:18.198+0000] {subprocess.py:93} INFO - 	ssl.keystore.password = null
[2025-07-19T18:12:18.198+0000] {subprocess.py:93} INFO - 	ssl.keystore.type = JKS
[2025-07-19T18:12:18.198+0000] {subprocess.py:93} INFO - 	ssl.protocol = TLSv1.3
[2025-07-19T18:12:18.198+0000] {subprocess.py:93} INFO - 	ssl.provider = null
[2025-07-19T18:12:18.198+0000] {subprocess.py:93} INFO - 	ssl.secure.random.implementation = null
[2025-07-19T18:12:18.199+0000] {subprocess.py:93} INFO - 	ssl.trustmanager.algorithm = PKIX
[2025-07-19T18:12:18.199+0000] {subprocess.py:93} INFO - 	ssl.truststore.certificates = null
[2025-07-19T18:12:18.199+0000] {subprocess.py:93} INFO - 	ssl.truststore.location = null
[2025-07-19T18:12:18.199+0000] {subprocess.py:93} INFO - 	ssl.truststore.password = null
[2025-07-19T18:12:18.199+0000] {subprocess.py:93} INFO - 	ssl.truststore.type = JKS
[2025-07-19T18:12:18.199+0000] {subprocess.py:93} INFO - 
[2025-07-19T18:12:18.199+0000] {subprocess.py:93} INFO - 25/07/19 18:12:18 INFO BaseMetastoreCatalog: Table loaded by catalog: my_catalog.bronze.Feedback_raw
[2025-07-19T18:12:18.200+0000] {subprocess.py:93} INFO - 25/07/19 18:12:18 INFO ResolveWriteToStream: Checkpoint root /tmp/checkpoints/feedback/scheduled__2025-07-19T18:10:00+00:00 resolved to file:/tmp/checkpoints/feedback/scheduled__2025-07-19T18:10:00+00:00.
[2025-07-19T18:12:18.201+0000] {subprocess.py:93} INFO - 25/07/19 18:12:18 WARN ResolveWriteToStream: spark.sql.adaptive.enabled is not supported in streaming DataFrames/Datasets and will be disabled.
[2025-07-19T18:12:18.206+0000] {subprocess.py:93} INFO - 25/07/19 18:12:18 INFO CheckpointFileManager: Writing atomically to file:/tmp/checkpoints/feedback/scheduled__2025-07-19T18:10:00+00:00/metadata using temp file file:/tmp/checkpoints/feedback/scheduled__2025-07-19T18:10:00+00:00/.metadata.4ef26059-b693-46de-8933-7cf3ae93d00f.tmp
[2025-07-19T18:12:18.216+0000] {subprocess.py:93} INFO - 25/07/19 18:12:18 INFO CheckpointFileManager: Renamed temp file file:/tmp/checkpoints/feedback/scheduled__2025-07-19T18:10:00+00:00/.metadata.4ef26059-b693-46de-8933-7cf3ae93d00f.tmp to file:/tmp/checkpoints/feedback/scheduled__2025-07-19T18:10:00+00:00/metadata
[2025-07-19T18:12:18.217+0000] {subprocess.py:93} INFO - 25/07/19 18:12:18 INFO AdminClientConfig: These configurations '[key.deserializer, value.deserializer, enable.auto.commit, max.poll.records, auto.offset.reset]' were supplied but are not used yet.
[2025-07-19T18:12:18.217+0000] {subprocess.py:93} INFO - 25/07/19 18:12:18 INFO AdminClientConfig: These configurations '[key.deserializer, value.deserializer, enable.auto.commit, max.poll.records, auto.offset.reset]' were supplied but are not used yet.
[2025-07-19T18:12:18.218+0000] {subprocess.py:93} INFO - 25/07/19 18:12:18 INFO AppInfoParser: Kafka version: 3.5.1
[2025-07-19T18:12:18.219+0000] {subprocess.py:93} INFO - 25/07/19 18:12:18 INFO AppInfoParser: Kafka commitId: 2c6fb6c54472e90a
[2025-07-19T18:12:18.219+0000] {subprocess.py:93} INFO - 25/07/19 18:12:18 INFO AppInfoParser: Kafka startTimeMs: 1752948738215
[2025-07-19T18:12:18.219+0000] {subprocess.py:93} INFO - 25/07/19 18:12:18 INFO AppInfoParser: Kafka version: 3.5.1
[2025-07-19T18:12:18.219+0000] {subprocess.py:93} INFO - 25/07/19 18:12:18 INFO AppInfoParser: Kafka commitId: 2c6fb6c54472e90a
[2025-07-19T18:12:18.219+0000] {subprocess.py:93} INFO - 25/07/19 18:12:18 INFO AppInfoParser: Kafka startTimeMs: 1752948738215
[2025-07-19T18:12:18.224+0000] {subprocess.py:93} INFO - 25/07/19 18:12:18 INFO MicroBatchExecution: Starting [id = 94f0b990-a161-42c0-9e44-807887f4c310, runId = d0d0a2a9-edce-430c-8c36-a1baa9f6eb30]. Use file:/tmp/checkpoints/feedback/scheduled__2025-07-19T18:10:00+00:00 to store the query checkpoint.
[2025-07-19T18:12:18.225+0000] {subprocess.py:93} INFO - 25/07/19 18:12:18 INFO MicroBatchExecution: Reading table [org.apache.spark.sql.kafka010.KafkaSourceProvider$KafkaTable@426b2f90] from DataSourceV2 named 'kafka' [org.apache.spark.sql.kafka010.KafkaSourceProvider@4cacc875]
[2025-07-19T18:12:18.228+0000] {subprocess.py:93} INFO - 25/07/19 18:12:18 INFO OffsetSeqLog: BatchIds found from listing:
[2025-07-19T18:12:18.228+0000] {subprocess.py:93} INFO - 25/07/19 18:12:18 INFO OffsetSeqLog: BatchIds found from listing:
[2025-07-19T18:12:18.228+0000] {subprocess.py:93} INFO - 25/07/19 18:12:18 INFO MicroBatchExecution: Starting new streaming query.
[2025-07-19T18:12:18.228+0000] {subprocess.py:93} INFO - 25/07/19 18:12:18 INFO MicroBatchExecution: Stream started from {}
[2025-07-19T18:12:18.230+0000] {subprocess.py:93} INFO - 25/07/19 18:12:18 INFO AdminClientConfig: AdminClientConfig values:
[2025-07-19T18:12:18.230+0000] {subprocess.py:93} INFO - 	auto.include.jmx.reporter = true
[2025-07-19T18:12:18.231+0000] {subprocess.py:93} INFO - 	bootstrap.servers = [kafka:9092]
[2025-07-19T18:12:18.231+0000] {subprocess.py:93} INFO - 	client.dns.lookup = use_all_dns_ips
[2025-07-19T18:12:18.231+0000] {subprocess.py:93} INFO - 	client.id =
[2025-07-19T18:12:18.231+0000] {subprocess.py:93} INFO - 	connections.max.idle.ms = 300000
[2025-07-19T18:12:18.231+0000] {subprocess.py:93} INFO - 	default.api.timeout.ms = 60000
[2025-07-19T18:12:18.231+0000] {subprocess.py:93} INFO - 	metadata.max.age.ms = 300000
[2025-07-19T18:12:18.231+0000] {subprocess.py:93} INFO - 	metric.reporters = []
[2025-07-19T18:12:18.232+0000] {subprocess.py:93} INFO - 	metrics.num.samples = 2
[2025-07-19T18:12:18.232+0000] {subprocess.py:93} INFO - 	metrics.recording.level = INFO
[2025-07-19T18:12:18.232+0000] {subprocess.py:93} INFO - 	metrics.sample.window.ms = 30000
[2025-07-19T18:12:18.232+0000] {subprocess.py:93} INFO - 	receive.buffer.bytes = 65536
[2025-07-19T18:12:18.232+0000] {subprocess.py:93} INFO - 	reconnect.backoff.max.ms = 1000
[2025-07-19T18:12:18.232+0000] {subprocess.py:93} INFO - 	reconnect.backoff.ms = 50
[2025-07-19T18:12:18.232+0000] {subprocess.py:93} INFO - 	request.timeout.ms = 30000
[2025-07-19T18:12:18.232+0000] {subprocess.py:93} INFO - 	retries = 2147483647
[2025-07-19T18:12:18.232+0000] {subprocess.py:93} INFO - 	retry.backoff.ms = 100
[2025-07-19T18:12:18.232+0000] {subprocess.py:93} INFO - 	sasl.client.callback.handler.class = null
[2025-07-19T18:12:18.233+0000] {subprocess.py:93} INFO - 	sasl.jaas.config = null
[2025-07-19T18:12:18.233+0000] {subprocess.py:93} INFO - 	sasl.kerberos.kinit.cmd = /usr/bin/kinit
[2025-07-19T18:12:18.233+0000] {subprocess.py:93} INFO - 	sasl.kerberos.min.time.before.relogin = 60000
[2025-07-19T18:12:18.233+0000] {subprocess.py:93} INFO - 	sasl.kerberos.service.name = null
[2025-07-19T18:12:18.233+0000] {subprocess.py:93} INFO - 	sasl.kerberos.ticket.renew.jitter = 0.05
[2025-07-19T18:12:18.233+0000] {subprocess.py:93} INFO - 	sasl.kerberos.ticket.renew.window.factor = 0.8
[2025-07-19T18:12:18.233+0000] {subprocess.py:93} INFO - 	sasl.login.callback.handler.class = null
[2025-07-19T18:12:18.233+0000] {subprocess.py:93} INFO - 	sasl.login.class = null
[2025-07-19T18:12:18.233+0000] {subprocess.py:93} INFO - 	sasl.login.connect.timeout.ms = null
[2025-07-19T18:12:18.233+0000] {subprocess.py:93} INFO - 	sasl.login.read.timeout.ms = null
[2025-07-19T18:12:18.233+0000] {subprocess.py:93} INFO - 	sasl.login.refresh.buffer.seconds = 300
[2025-07-19T18:12:18.233+0000] {subprocess.py:93} INFO - 	sasl.login.refresh.min.period.seconds = 60
[2025-07-19T18:12:18.233+0000] {subprocess.py:93} INFO - 	sasl.login.refresh.window.factor = 0.8
[2025-07-19T18:12:18.234+0000] {subprocess.py:93} INFO - 	sasl.login.refresh.window.jitter = 0.05
[2025-07-19T18:12:18.234+0000] {subprocess.py:93} INFO - 	sasl.login.retry.backoff.max.ms = 10000
[2025-07-19T18:12:18.234+0000] {subprocess.py:93} INFO - 	sasl.login.retry.backoff.ms = 100
[2025-07-19T18:12:18.234+0000] {subprocess.py:93} INFO - 	sasl.mechanism = GSSAPI
[2025-07-19T18:12:18.234+0000] {subprocess.py:93} INFO - 	sasl.oauthbearer.clock.skew.seconds = 30
[2025-07-19T18:12:18.234+0000] {subprocess.py:93} INFO - 	sasl.oauthbearer.expected.audience = null
[2025-07-19T18:12:18.234+0000] {subprocess.py:93} INFO - 	sasl.oauthbearer.expected.issuer = null
[2025-07-19T18:12:18.234+0000] {subprocess.py:93} INFO - 	sasl.oauthbearer.jwks.endpoint.refresh.ms = 3600000
[2025-07-19T18:12:18.234+0000] {subprocess.py:93} INFO - 	sasl.oauthbearer.jwks.endpoint.retry.backoff.max.ms = 10000
[2025-07-19T18:12:18.234+0000] {subprocess.py:93} INFO - 	sasl.oauthbearer.jwks.endpoint.retry.backoff.ms = 100
[2025-07-19T18:12:18.234+0000] {subprocess.py:93} INFO - 	sasl.oauthbearer.jwks.endpoint.url = null
[2025-07-19T18:12:18.234+0000] {subprocess.py:93} INFO - 	sasl.oauthbearer.scope.claim.name = scope
[2025-07-19T18:12:18.234+0000] {subprocess.py:93} INFO - 	sasl.oauthbearer.sub.claim.name = sub
[2025-07-19T18:12:18.234+0000] {subprocess.py:93} INFO - 	sasl.oauthbearer.token.endpoint.url = null
[2025-07-19T18:12:18.234+0000] {subprocess.py:93} INFO - 	security.protocol = PLAINTEXT
[2025-07-19T18:12:18.234+0000] {subprocess.py:93} INFO - 	security.providers = null
[2025-07-19T18:12:18.235+0000] {subprocess.py:93} INFO - 	send.buffer.bytes = 131072
[2025-07-19T18:12:18.235+0000] {subprocess.py:93} INFO - 	socket.connection.setup.timeout.max.ms = 30000
[2025-07-19T18:12:18.235+0000] {subprocess.py:93} INFO - 	socket.connection.setup.timeout.ms = 10000
[2025-07-19T18:12:18.235+0000] {subprocess.py:93} INFO - 	ssl.cipher.suites = null
[2025-07-19T18:12:18.235+0000] {subprocess.py:93} INFO - 	ssl.enabled.protocols = [TLSv1.2, TLSv1.3]
[2025-07-19T18:12:18.235+0000] {subprocess.py:93} INFO - 	ssl.endpoint.identification.algorithm = https
[2025-07-19T18:12:18.235+0000] {subprocess.py:93} INFO - 	ssl.engine.factory.class = null
[2025-07-19T18:12:18.235+0000] {subprocess.py:93} INFO - 	ssl.key.password = null
[2025-07-19T18:12:18.235+0000] {subprocess.py:93} INFO - 	ssl.keymanager.algorithm = SunX509
[2025-07-19T18:12:18.235+0000] {subprocess.py:93} INFO - 	ssl.keystore.certificate.chain = null
[2025-07-19T18:12:18.235+0000] {subprocess.py:93} INFO - 	ssl.keystore.key = null
[2025-07-19T18:12:18.235+0000] {subprocess.py:93} INFO - 	ssl.keystore.location = null
[2025-07-19T18:12:18.235+0000] {subprocess.py:93} INFO - 	ssl.keystore.password = null
[2025-07-19T18:12:18.236+0000] {subprocess.py:93} INFO - 	ssl.keystore.type = JKS
[2025-07-19T18:12:18.236+0000] {subprocess.py:93} INFO - 	ssl.protocol = TLSv1.3
[2025-07-19T18:12:18.236+0000] {subprocess.py:93} INFO - 	ssl.provider = null
[2025-07-19T18:12:18.236+0000] {subprocess.py:93} INFO - 	ssl.secure.random.implementation = null
[2025-07-19T18:12:18.236+0000] {subprocess.py:93} INFO - 	ssl.trustmanager.algorithm = PKIX
[2025-07-19T18:12:18.236+0000] {subprocess.py:93} INFO - 	ssl.truststore.certificates = null
[2025-07-19T18:12:18.236+0000] {subprocess.py:93} INFO - 	ssl.truststore.location = null
[2025-07-19T18:12:18.236+0000] {subprocess.py:93} INFO - 	ssl.truststore.password = null
[2025-07-19T18:12:18.236+0000] {subprocess.py:93} INFO - 	ssl.truststore.type = JKS
[2025-07-19T18:12:18.236+0000] {subprocess.py:93} INFO - 
[2025-07-19T18:12:18.236+0000] {subprocess.py:93} INFO - 25/07/19 18:12:18 INFO AdminClientConfig: These configurations '[key.deserializer, value.deserializer, enable.auto.commit, max.poll.records, auto.offset.reset]' were supplied but are not used yet.
[2025-07-19T18:12:18.236+0000] {subprocess.py:93} INFO - 25/07/19 18:12:18 INFO AppInfoParser: Kafka version: 3.5.1
[2025-07-19T18:12:18.237+0000] {subprocess.py:93} INFO - 25/07/19 18:12:18 INFO AppInfoParser: Kafka commitId: 2c6fb6c54472e90a
[2025-07-19T18:12:18.237+0000] {subprocess.py:93} INFO - 25/07/19 18:12:18 INFO AppInfoParser: Kafka startTimeMs: 1752948738231
[2025-07-19T18:12:18.379+0000] {subprocess.py:93} INFO - 25/07/19 18:12:18 INFO CheckpointFileManager: Writing atomically to file:/tmp/checkpoints/reservations/scheduled__2025-07-19T18:10:00+00:00/sources/0/0 using temp file file:/tmp/checkpoints/reservations/scheduled__2025-07-19T18:10:00+00:00/sources/0/.0.45bdcae0-6f25-4112-8b26-f04ad43eed7a.tmp
[2025-07-19T18:12:18.380+0000] {subprocess.py:93} INFO - 25/07/19 18:12:18 INFO CheckpointFileManager: Writing atomically to file:/tmp/checkpoints/checkins/scheduled__2025-07-19T18:10:00+00:00/sources/0/0 using temp file file:/tmp/checkpoints/checkins/scheduled__2025-07-19T18:10:00+00:00/sources/0/.0.afbfbd35-dc82-48ab-9891-ccd20ed8a076.tmp
[2025-07-19T18:12:18.380+0000] {subprocess.py:93} INFO - 25/07/19 18:12:18 INFO CheckpointFileManager: Writing atomically to file:/tmp/checkpoints/feedback/scheduled__2025-07-19T18:10:00+00:00/sources/0/0 using temp file file:/tmp/checkpoints/feedback/scheduled__2025-07-19T18:10:00+00:00/sources/0/.0.cae80bed-3a52-4fab-a6d7-e6a2bb887027.tmp
[2025-07-19T18:12:18.390+0000] {subprocess.py:93} INFO - 25/07/19 18:12:18 INFO CheckpointFileManager: Renamed temp file file:/tmp/checkpoints/reservations/scheduled__2025-07-19T18:10:00+00:00/sources/0/.0.45bdcae0-6f25-4112-8b26-f04ad43eed7a.tmp to file:/tmp/checkpoints/reservations/scheduled__2025-07-19T18:10:00+00:00/sources/0/0
[2025-07-19T18:12:18.391+0000] {subprocess.py:93} INFO - 25/07/19 18:12:18 INFO CheckpointFileManager: Renamed temp file file:/tmp/checkpoints/checkins/scheduled__2025-07-19T18:10:00+00:00/sources/0/.0.afbfbd35-dc82-48ab-9891-ccd20ed8a076.tmp to file:/tmp/checkpoints/checkins/scheduled__2025-07-19T18:10:00+00:00/sources/0/0
[2025-07-19T18:12:18.391+0000] {subprocess.py:93} INFO - 25/07/19 18:12:18 INFO KafkaMicroBatchStream: Initial offsets: {"reservations":{"0":0}}
[2025-07-19T18:12:18.391+0000] {subprocess.py:93} INFO - 25/07/19 18:12:18 INFO KafkaMicroBatchStream: Initial offsets: {"checkins":{"0":0}}
[2025-07-19T18:12:18.392+0000] {subprocess.py:93} INFO - 25/07/19 18:12:18 INFO CheckpointFileManager: Renamed temp file file:/tmp/checkpoints/feedback/scheduled__2025-07-19T18:10:00+00:00/sources/0/.0.cae80bed-3a52-4fab-a6d7-e6a2bb887027.tmp to file:/tmp/checkpoints/feedback/scheduled__2025-07-19T18:10:00+00:00/sources/0/0
[2025-07-19T18:12:18.392+0000] {subprocess.py:93} INFO - 25/07/19 18:12:18 INFO KafkaMicroBatchStream: Initial offsets: {"feedback":{"0":0}}
[2025-07-19T18:12:18.404+0000] {subprocess.py:93} INFO - 25/07/19 18:12:18 INFO CheckpointFileManager: Writing atomically to file:/tmp/checkpoints/reservations/scheduled__2025-07-19T18:10:00+00:00/offsets/0 using temp file file:/tmp/checkpoints/reservations/scheduled__2025-07-19T18:10:00+00:00/offsets/.0.4f49d409-1561-42b4-a775-694446c15e72.tmp
[2025-07-19T18:12:18.404+0000] {subprocess.py:93} INFO - 25/07/19 18:12:18 INFO CheckpointFileManager: Writing atomically to file:/tmp/checkpoints/feedback/scheduled__2025-07-19T18:10:00+00:00/offsets/0 using temp file file:/tmp/checkpoints/feedback/scheduled__2025-07-19T18:10:00+00:00/offsets/.0.ce3476fb-f492-4be4-b702-08fd78ac6e9c.tmp
[2025-07-19T18:12:18.405+0000] {subprocess.py:93} INFO - 25/07/19 18:12:18 INFO CheckpointFileManager: Writing atomically to file:/tmp/checkpoints/checkins/scheduled__2025-07-19T18:10:00+00:00/offsets/0 using temp file file:/tmp/checkpoints/checkins/scheduled__2025-07-19T18:10:00+00:00/offsets/.0.05010a62-c705-4b6f-8ca7-88f4eded68d5.tmp
[2025-07-19T18:12:18.429+0000] {subprocess.py:93} INFO - 25/07/19 18:12:18 INFO CheckpointFileManager: Renamed temp file file:/tmp/checkpoints/checkins/scheduled__2025-07-19T18:10:00+00:00/offsets/.0.05010a62-c705-4b6f-8ca7-88f4eded68d5.tmp to file:/tmp/checkpoints/checkins/scheduled__2025-07-19T18:10:00+00:00/offsets/0
[2025-07-19T18:12:18.429+0000] {subprocess.py:93} INFO - 25/07/19 18:12:18 INFO CheckpointFileManager: Renamed temp file file:/tmp/checkpoints/feedback/scheduled__2025-07-19T18:10:00+00:00/offsets/.0.ce3476fb-f492-4be4-b702-08fd78ac6e9c.tmp to file:/tmp/checkpoints/feedback/scheduled__2025-07-19T18:10:00+00:00/offsets/0
[2025-07-19T18:12:18.430+0000] {subprocess.py:93} INFO - 25/07/19 18:12:18 INFO CheckpointFileManager: Renamed temp file file:/tmp/checkpoints/reservations/scheduled__2025-07-19T18:10:00+00:00/offsets/.0.4f49d409-1561-42b4-a775-694446c15e72.tmp to file:/tmp/checkpoints/reservations/scheduled__2025-07-19T18:10:00+00:00/offsets/0
[2025-07-19T18:12:18.430+0000] {subprocess.py:93} INFO - 25/07/19 18:12:18 INFO MicroBatchExecution: Committed offsets for batch 0. Metadata OffsetSeqMetadata(0,1752948738397,Map(spark.sql.streaming.stateStore.providerClass -> org.apache.spark.sql.execution.streaming.state.HDFSBackedStateStoreProvider, spark.sql.streaming.join.stateFormatVersion -> 2, spark.sql.streaming.stateStore.compression.codec -> lz4, spark.sql.optimizer.pruneFiltersCanPruneStreamingSubplan -> false, spark.sql.streaming.stateStore.rocksdb.formatVersion -> 5, spark.sql.streaming.statefulOperator.useStrictDistribution -> true, spark.sql.streaming.flatMapGroupsWithState.stateFormatVersion -> 2, spark.sql.streaming.multipleWatermarkPolicy -> min, spark.sql.streaming.aggregation.stateFormatVersion -> 2, spark.sql.shuffle.partitions -> 200))
[2025-07-19T18:12:18.430+0000] {subprocess.py:93} INFO - 25/07/19 18:12:18 INFO MicroBatchExecution: Committed offsets for batch 0. Metadata OffsetSeqMetadata(0,1752948738397,Map(spark.sql.streaming.stateStore.providerClass -> org.apache.spark.sql.execution.streaming.state.HDFSBackedStateStoreProvider, spark.sql.streaming.join.stateFormatVersion -> 2, spark.sql.streaming.stateStore.compression.codec -> lz4, spark.sql.optimizer.pruneFiltersCanPruneStreamingSubplan -> false, spark.sql.streaming.stateStore.rocksdb.formatVersion -> 5, spark.sql.streaming.statefulOperator.useStrictDistribution -> true, spark.sql.streaming.flatMapGroupsWithState.stateFormatVersion -> 2, spark.sql.streaming.multipleWatermarkPolicy -> min, spark.sql.streaming.aggregation.stateFormatVersion -> 2, spark.sql.shuffle.partitions -> 200))
[2025-07-19T18:12:18.431+0000] {subprocess.py:93} INFO - 25/07/19 18:12:18 INFO MicroBatchExecution: Committed offsets for batch 0. Metadata OffsetSeqMetadata(0,1752948738397,Map(spark.sql.streaming.stateStore.providerClass -> org.apache.spark.sql.execution.streaming.state.HDFSBackedStateStoreProvider, spark.sql.streaming.join.stateFormatVersion -> 2, spark.sql.streaming.stateStore.compression.codec -> lz4, spark.sql.optimizer.pruneFiltersCanPruneStreamingSubplan -> false, spark.sql.streaming.stateStore.rocksdb.formatVersion -> 5, spark.sql.streaming.statefulOperator.useStrictDistribution -> true, spark.sql.streaming.flatMapGroupsWithState.stateFormatVersion -> 2, spark.sql.streaming.multipleWatermarkPolicy -> min, spark.sql.streaming.aggregation.stateFormatVersion -> 2, spark.sql.shuffle.partitions -> 200))
[2025-07-19T18:12:18.572+0000] {subprocess.py:93} INFO - 25/07/19 18:12:18 ERROR MicroBatchExecution: Query [id = f53ee518-6715-434e-ae60-a8bd10e578c8, runId = 47cc30f6-5018-40ec-bcee-f9dd4f0e6043] terminated with error
[2025-07-19T18:12:18.573+0000] {subprocess.py:93} INFO - java.lang.IllegalArgumentException: Field checkin_timestamp not found in source schema
[2025-07-19T18:12:18.573+0000] {subprocess.py:93} INFO - 	at org.apache.iceberg.types.ReassignIds.field(ReassignIds.java:114)
[2025-07-19T18:12:18.574+0000] {subprocess.py:93} INFO - 	at org.apache.iceberg.types.ReassignIds.field(ReassignIds.java:27)
[2025-07-19T18:12:18.574+0000] {subprocess.py:93} INFO - 	at org.apache.iceberg.types.TypeUtil$VisitFieldFuture.get(TypeUtil.java:629)
[2025-07-19T18:12:18.575+0000] {subprocess.py:93} INFO - 	at org.apache.iceberg.relocated.com.google.common.collect.Iterators$6.transform(Iterators.java:829)
[2025-07-19T18:12:18.576+0000] {subprocess.py:93} INFO - 	at org.apache.iceberg.relocated.com.google.common.collect.TransformedIterator.next(TransformedIterator.java:52)
[2025-07-19T18:12:18.577+0000] {subprocess.py:93} INFO - 	at org.apache.iceberg.relocated.com.google.common.collect.Iterators.addAll(Iterators.java:367)
[2025-07-19T18:12:18.577+0000] {subprocess.py:93} INFO - 	at org.apache.iceberg.relocated.com.google.common.collect.Lists.newArrayList(Lists.java:146)
[2025-07-19T18:12:18.577+0000] {subprocess.py:93} INFO - 	at org.apache.iceberg.relocated.com.google.common.collect.Lists.newArrayList(Lists.java:132)
[2025-07-19T18:12:18.577+0000] {subprocess.py:93} INFO - 	at org.apache.iceberg.types.ReassignIds.struct(ReassignIds.java:77)
[2025-07-19T18:12:18.577+0000] {subprocess.py:93} INFO - 	at org.apache.iceberg.types.ReassignIds.struct(ReassignIds.java:27)
[2025-07-19T18:12:18.577+0000] {subprocess.py:93} INFO - 	at org.apache.iceberg.types.TypeUtil.visit(TypeUtil.java:661)
[2025-07-19T18:12:18.577+0000] {subprocess.py:93} INFO - 	at org.apache.iceberg.types.TypeUtil$VisitFuture.get(TypeUtil.java:614)
[2025-07-19T18:12:18.577+0000] {subprocess.py:93} INFO - 	at org.apache.iceberg.types.ReassignIds.schema(ReassignIds.java:47)
[2025-07-19T18:12:18.577+0000] {subprocess.py:93} INFO - 	at org.apache.iceberg.types.ReassignIds.schema(ReassignIds.java:27)
[2025-07-19T18:12:18.577+0000] {subprocess.py:93} INFO - 	at org.apache.iceberg.types.TypeUtil.visit(TypeUtil.java:634)
[2025-07-19T18:12:18.578+0000] {subprocess.py:93} INFO - 	at org.apache.iceberg.types.TypeUtil.reassignIds(TypeUtil.java:339)
[2025-07-19T18:12:18.578+0000] {subprocess.py:93} INFO - 	at org.apache.iceberg.spark.SparkSchemaUtil.convert(SparkSchemaUtil.java:187)
[2025-07-19T18:12:18.578+0000] {subprocess.py:93} INFO - 	at org.apache.iceberg.spark.source.SparkWriteBuilder.validateOrMergeWriteSchema(SparkWriteBuilder.java:195)
[2025-07-19T18:12:18.578+0000] {subprocess.py:93} INFO - 	at org.apache.iceberg.spark.source.SparkWriteBuilder.build(SparkWriteBuilder.java:120)
[2025-07-19T18:12:18.578+0000] {subprocess.py:93} INFO - 	at org.apache.spark.sql.execution.datasources.v2.V2Writes$.org$apache$spark$sql$execution$datasources$v2$V2Writes$$buildWriteForMicroBatch(V2Writes.scala:121)
[2025-07-19T18:12:18.578+0000] {subprocess.py:93} INFO - 	at org.apache.spark.sql.execution.datasources.v2.V2Writes$$anonfun$apply$1.applyOrElse(V2Writes.scala:92)
[2025-07-19T18:12:18.578+0000] {subprocess.py:93} INFO - 	at org.apache.spark.sql.execution.datasources.v2.V2Writes$$anonfun$apply$1.applyOrElse(V2Writes.scala:44)
[2025-07-19T18:12:18.578+0000] {subprocess.py:93} INFO - 	at org.apache.spark.sql.catalyst.trees.TreeNode.$anonfun$transformDownWithPruning$1(TreeNode.scala:461)
[2025-07-19T18:12:18.578+0000] {subprocess.py:93} INFO - 	at org.apache.spark.sql.catalyst.trees.CurrentOrigin$.withOrigin(origin.scala:76)
[2025-07-19T18:12:18.578+0000] {subprocess.py:93} INFO - 	at org.apache.spark.sql.catalyst.trees.TreeNode.transformDownWithPruning(TreeNode.scala:461)
[2025-07-19T18:12:18.578+0000] {subprocess.py:93} INFO - 	at org.apache.spark.sql.catalyst.plans.logical.LogicalPlan.org$apache$spark$sql$catalyst$plans$logical$AnalysisHelper$$super$transformDownWithPruning(LogicalPlan.scala:32)
[2025-07-19T18:12:18.579+0000] {subprocess.py:93} INFO - 	at org.apache.spark.sql.catalyst.plans.logical.AnalysisHelper.transformDownWithPruning(AnalysisHelper.scala:267)
[2025-07-19T18:12:18.579+0000] {subprocess.py:93} INFO - 	at org.apache.spark.sql.catalyst.plans.logical.AnalysisHelper.transformDownWithPruning$(AnalysisHelper.scala:263)
[2025-07-19T18:12:18.579+0000] {subprocess.py:93} INFO - 	at org.apache.spark.sql.catalyst.plans.logical.LogicalPlan.transformDownWithPruning(LogicalPlan.scala:32)
[2025-07-19T18:12:18.579+0000] {subprocess.py:93} INFO - 	at org.apache.spark.sql.catalyst.plans.logical.LogicalPlan.transformDownWithPruning(LogicalPlan.scala:32)
[2025-07-19T18:12:18.579+0000] {subprocess.py:93} INFO - 	at org.apache.spark.sql.catalyst.trees.TreeNode.transformDown(TreeNode.scala:437)
[2025-07-19T18:12:18.579+0000] {subprocess.py:93} INFO - 	at org.apache.spark.sql.execution.datasources.v2.V2Writes$.apply(V2Writes.scala:44)
[2025-07-19T18:12:18.579+0000] {subprocess.py:93} INFO - 	at org.apache.spark.sql.execution.datasources.v2.V2Writes$.apply(V2Writes.scala:40)
[2025-07-19T18:12:18.580+0000] {subprocess.py:93} INFO - 	at org.apache.spark.sql.catalyst.rules.RuleExecutor.$anonfun$execute$2(RuleExecutor.scala:222)
[2025-07-19T18:12:18.580+0000] {subprocess.py:93} INFO - 	at scala.collection.LinearSeqOptimized.foldLeft(LinearSeqOptimized.scala:126)
[2025-07-19T18:12:18.580+0000] {subprocess.py:93} INFO - 	at scala.collection.LinearSeqOptimized.foldLeft$(LinearSeqOptimized.scala:122)
[2025-07-19T18:12:18.580+0000] {subprocess.py:93} INFO - 	at scala.collection.immutable.List.foldLeft(List.scala:91)
[2025-07-19T18:12:18.580+0000] {subprocess.py:93} INFO - 	at org.apache.spark.sql.catalyst.rules.RuleExecutor.$anonfun$execute$1(RuleExecutor.scala:219)
[2025-07-19T18:12:18.580+0000] {subprocess.py:93} INFO - 	at org.apache.spark.sql.catalyst.rules.RuleExecutor.$anonfun$execute$1$adapted(RuleExecutor.scala:211)
[2025-07-19T18:12:18.580+0000] {subprocess.py:93} INFO - 	at scala.collection.immutable.List.foreach(List.scala:431)
[2025-07-19T18:12:18.581+0000] {subprocess.py:93} INFO - 	at org.apache.spark.sql.catalyst.rules.RuleExecutor.execute(RuleExecutor.scala:211)
[2025-07-19T18:12:18.582+0000] {subprocess.py:93} INFO - 	at org.apache.spark.sql.catalyst.rules.RuleExecutor.$anonfun$executeAndTrack$1(RuleExecutor.scala:182)
[2025-07-19T18:12:18.582+0000] {subprocess.py:93} INFO - 	at org.apache.spark.sql.catalyst.QueryPlanningTracker$.withTracker(QueryPlanningTracker.scala:89)
[2025-07-19T18:12:18.582+0000] {subprocess.py:93} INFO - 	at org.apache.spark.sql.catalyst.rules.RuleExecutor.executeAndTrack(RuleExecutor.scala:182)
[2025-07-19T18:12:18.583+0000] {subprocess.py:93} INFO - 	at org.apache.spark.sql.execution.streaming.IncrementalExecution.$anonfun$optimizedPlan$1(IncrementalExecution.scala:92)
[2025-07-19T18:12:18.584+0000] {subprocess.py:93} INFO - 	at org.apache.spark.sql.catalyst.QueryPlanningTracker.measurePhase(QueryPlanningTracker.scala:138)
[2025-07-19T18:12:18.584+0000] {subprocess.py:93} INFO - 	at org.apache.spark.sql.execution.QueryExecution.$anonfun$executePhase$2(QueryExecution.scala:219)
[2025-07-19T18:12:18.584+0000] {subprocess.py:93} INFO - 	at org.apache.spark.sql.execution.QueryExecution$.withInternalError(QueryExecution.scala:546)
[2025-07-19T18:12:18.584+0000] {subprocess.py:93} INFO - 	at org.apache.spark.sql.execution.QueryExecution.$anonfun$executePhase$1(QueryExecution.scala:219)
[2025-07-19T18:12:18.585+0000] {subprocess.py:93} INFO - 	at org.apache.spark.sql.SparkSession.withActive(SparkSession.scala:900)
[2025-07-19T18:12:18.585+0000] {subprocess.py:93} INFO - 	at org.apache.spark.sql.execution.QueryExecution.executePhase(QueryExecution.scala:218)
[2025-07-19T18:12:18.586+0000] {subprocess.py:93} INFO - 	at org.apache.spark.sql.execution.streaming.IncrementalExecution.optimizedPlan$lzycompute(IncrementalExecution.scala:84)
[2025-07-19T18:12:18.586+0000] {subprocess.py:93} INFO - 	at org.apache.spark.sql.execution.streaming.IncrementalExecution.optimizedPlan(IncrementalExecution.scala:84)
[2025-07-19T18:12:18.586+0000] {subprocess.py:93} INFO - 	at org.apache.spark.sql.execution.QueryExecution.assertOptimized(QueryExecution.scala:162)
[2025-07-19T18:12:18.586+0000] {subprocess.py:93} INFO - 	at org.apache.spark.sql.execution.QueryExecution.executedPlan$lzycompute(QueryExecution.scala:182)
[2025-07-19T18:12:18.586+0000] {subprocess.py:93} INFO - 	at org.apache.spark.sql.execution.QueryExecution.executedPlan(QueryExecution.scala:179)
[2025-07-19T18:12:18.586+0000] {subprocess.py:93} INFO - 	at org.apache.spark.sql.execution.streaming.MicroBatchExecution.$anonfun$runBatch$15(MicroBatchExecution.scala:720)
[2025-07-19T18:12:18.587+0000] {subprocess.py:93} INFO - 	at org.apache.spark.sql.execution.streaming.ProgressReporter.reportTimeTaken(ProgressReporter.scala:427)
[2025-07-19T18:12:18.587+0000] {subprocess.py:93} INFO - 	at org.apache.spark.sql.execution.streaming.ProgressReporter.reportTimeTaken$(ProgressReporter.scala:425)
[2025-07-19T18:12:18.587+0000] {subprocess.py:93} INFO - 	at org.apache.spark.sql.execution.streaming.StreamExecution.reportTimeTaken(StreamExecution.scala:67)
[2025-07-19T18:12:18.587+0000] {subprocess.py:93} INFO - 	at org.apache.spark.sql.execution.streaming.MicroBatchExecution.runBatch(MicroBatchExecution.scala:708)
[2025-07-19T18:12:18.587+0000] {subprocess.py:93} INFO - 	at org.apache.spark.sql.execution.streaming.MicroBatchExecution.$anonfun$runActivatedStream$2(MicroBatchExecution.scala:286)
[2025-07-19T18:12:18.587+0000] {subprocess.py:93} INFO - 	at scala.runtime.java8.JFunction0$mcV$sp.apply(JFunction0$mcV$sp.java:23)
[2025-07-19T18:12:18.587+0000] {subprocess.py:93} INFO - 	at org.apache.spark.sql.execution.streaming.ProgressReporter.reportTimeTaken(ProgressReporter.scala:427)
[2025-07-19T18:12:18.587+0000] {subprocess.py:93} INFO - 	at org.apache.spark.sql.execution.streaming.ProgressReporter.reportTimeTaken$(ProgressReporter.scala:425)
[2025-07-19T18:12:18.587+0000] {subprocess.py:93} INFO - 	at org.apache.spark.sql.execution.streaming.StreamExecution.reportTimeTaken(StreamExecution.scala:67)
[2025-07-19T18:12:18.587+0000] {subprocess.py:93} INFO - 	at org.apache.spark.sql.execution.streaming.MicroBatchExecution.$anonfun$runActivatedStream$1(MicroBatchExecution.scala:249)
[2025-07-19T18:12:18.587+0000] {subprocess.py:93} INFO - 	at org.apache.spark.sql.execution.streaming.ProcessingTimeExecutor.execute(TriggerExecutor.scala:67)
[2025-07-19T18:12:18.587+0000] {subprocess.py:93} INFO - 	at org.apache.spark.sql.execution.streaming.MicroBatchExecution.runActivatedStream(MicroBatchExecution.scala:239)
[2025-07-19T18:12:18.587+0000] {subprocess.py:93} INFO - 	at org.apache.spark.sql.execution.streaming.StreamExecution.$anonfun$runStream$1(StreamExecution.scala:311)
[2025-07-19T18:12:18.588+0000] {subprocess.py:93} INFO - 	at scala.runtime.java8.JFunction0$mcV$sp.apply(JFunction0$mcV$sp.java:23)
[2025-07-19T18:12:18.588+0000] {subprocess.py:93} INFO - 	at org.apache.spark.sql.SparkSession.withActive(SparkSession.scala:900)
[2025-07-19T18:12:18.588+0000] {subprocess.py:93} INFO - 	at org.apache.spark.sql.execution.streaming.StreamExecution.org$apache$spark$sql$execution$streaming$StreamExecution$$runStream(StreamExecution.scala:289)
[2025-07-19T18:12:18.588+0000] {subprocess.py:93} INFO - 	at org.apache.spark.sql.execution.streaming.StreamExecution$$anon$1.$anonfun$run$1(StreamExecution.scala:211)
[2025-07-19T18:12:18.588+0000] {subprocess.py:93} INFO - 	at scala.runtime.java8.JFunction0$mcV$sp.apply(JFunction0$mcV$sp.java:23)
[2025-07-19T18:12:18.588+0000] {subprocess.py:93} INFO - 	at org.apache.spark.JobArtifactSet$.withActiveJobArtifactState(JobArtifactSet.scala:94)
[2025-07-19T18:12:18.588+0000] {subprocess.py:93} INFO - 	at org.apache.spark.sql.execution.streaming.StreamExecution$$anon$1.run(StreamExecution.scala:211)
[2025-07-19T18:12:18.589+0000] {subprocess.py:93} INFO - 25/07/19 18:12:18 INFO AppInfoParser: App info kafka.admin.client for adminclient-1 unregistered
[2025-07-19T18:12:18.590+0000] {subprocess.py:93} INFO - 25/07/19 18:12:18 INFO Metrics: Metrics scheduler closed
[2025-07-19T18:12:18.590+0000] {subprocess.py:93} INFO - 25/07/19 18:12:18 INFO Metrics: Closing reporter org.apache.kafka.common.metrics.JmxReporter
[2025-07-19T18:12:18.591+0000] {subprocess.py:93} INFO - 25/07/19 18:12:18 INFO Metrics: Metrics reporters closed
[2025-07-19T18:12:18.591+0000] {subprocess.py:93} INFO - 25/07/19 18:12:18 INFO MicroBatchExecution: Async log purge executor pool for query [id = f53ee518-6715-434e-ae60-a8bd10e578c8, runId = 47cc30f6-5018-40ec-bcee-f9dd4f0e6043] has been shutdown
[2025-07-19T18:12:18.591+0000] {subprocess.py:93} INFO - 25/07/19 18:12:18 INFO SparkWrite: Requesting 0 bytes advisory partition size for table my_catalog.bronze.Reservations_raw
[2025-07-19T18:12:18.591+0000] {subprocess.py:93} INFO - 25/07/19 18:12:18 INFO SparkWrite: Requesting UnspecifiedDistribution as write distribution for table my_catalog.bronze.Reservations_raw
[2025-07-19T18:12:18.591+0000] {subprocess.py:93} INFO - 25/07/19 18:12:18 INFO SparkWrite: Requesting 0 bytes advisory partition size for table my_catalog.bronze.Feedback_raw
[2025-07-19T18:12:18.592+0000] {subprocess.py:93} INFO - 25/07/19 18:12:18 INFO SparkWrite: Requesting UnspecifiedDistribution as write distribution for table my_catalog.bronze.Feedback_raw
[2025-07-19T18:12:18.592+0000] {subprocess.py:93} INFO - 25/07/19 18:12:18 INFO SparkWrite: Requesting [] as write ordering for table my_catalog.bronze.Feedback_raw
[2025-07-19T18:12:18.593+0000] {subprocess.py:93} INFO - 25/07/19 18:12:18 INFO SparkWrite: Requesting [] as write ordering for table my_catalog.bronze.Reservations_raw
[2025-07-19T18:12:18.678+0000] {subprocess.py:93} INFO - Traceback (most recent call last):
[2025-07-19T18:12:18.681+0000] {subprocess.py:93} INFO -   File "/home/iceberg/spark/stream_to_bronze.py", line 116, in <module>
[2025-07-19T18:12:18.681+0000] {subprocess.py:93} INFO -     spark.streams.awaitAnyTermination(timeout=60)
[2025-07-19T18:12:18.681+0000] {subprocess.py:93} INFO -   File "/opt/bitnami/spark/python/lib/pyspark.zip/pyspark/sql/streaming/query.py", line 594, in awaitAnyTermination
[2025-07-19T18:12:18.681+0000] {subprocess.py:93} INFO -   File "/opt/bitnami/spark/python/lib/py4j-0.10.9.7-src.zip/py4j/java_gateway.py", line 1322, in __call__
[2025-07-19T18:12:18.681+0000] {subprocess.py:93} INFO -   File "/opt/bitnami/spark/python/lib/pyspark.zip/pyspark/errors/exceptions/captured.py", line 185, in deco
[2025-07-19T18:12:18.694+0000] {subprocess.py:93} INFO - pyspark.errors.exceptions.captured.StreamingQueryException: [STREAM_FAILED] Query [id = f53ee518-6715-434e-ae60-a8bd10e578c8, runId = 47cc30f6-5018-40ec-bcee-f9dd4f0e6043] terminated with exception: Field checkin_timestamp not found in source schema
[2025-07-19T18:12:18.724+0000] {subprocess.py:93} INFO - 25/07/19 18:12:18 INFO SparkContext: Invoking stop() from shutdown hook
[2025-07-19T18:12:18.725+0000] {subprocess.py:93} INFO - 25/07/19 18:12:18 INFO SparkContext: SparkContext is stopping with exitCode 0.
[2025-07-19T18:12:18.730+0000] {subprocess.py:93} INFO - 25/07/19 18:12:18 INFO SparkUI: Stopped Spark web UI at http://8b44f3d35cfa:4041
[2025-07-19T18:12:18.738+0000] {subprocess.py:93} INFO - 25/07/19 18:12:18 INFO MapOutputTrackerMasterEndpoint: MapOutputTrackerMasterEndpoint stopped!
[2025-07-19T18:12:18.744+0000] {subprocess.py:93} INFO - 25/07/19 18:12:18 INFO MemoryStore: MemoryStore cleared
[2025-07-19T18:12:18.744+0000] {subprocess.py:93} INFO - 25/07/19 18:12:18 INFO BlockManager: BlockManager stopped
[2025-07-19T18:12:18.748+0000] {subprocess.py:93} INFO - 25/07/19 18:12:18 INFO BlockManagerMaster: BlockManagerMaster stopped
[2025-07-19T18:12:18.750+0000] {subprocess.py:93} INFO - 25/07/19 18:12:18 INFO OutputCommitCoordinator$OutputCommitCoordinatorEndpoint: OutputCommitCoordinator stopped!
[2025-07-19T18:12:18.754+0000] {subprocess.py:93} INFO - 25/07/19 18:12:18 INFO SparkContext: Successfully stopped SparkContext
[2025-07-19T18:12:18.754+0000] {subprocess.py:93} INFO - 25/07/19 18:12:18 INFO ShutdownHookManager: Shutdown hook called
[2025-07-19T18:12:18.755+0000] {subprocess.py:93} INFO - 25/07/19 18:12:18 INFO ShutdownHookManager: Deleting directory /tmp/spark-11310722-dff4-4c9a-9b70-3c080dc4e2cf/pyspark-7ebe765e-9cb0-44d0-8930-8751834697f0
[2025-07-19T18:12:18.755+0000] {subprocess.py:93} INFO - 25/07/19 18:12:18 INFO ShutdownHookManager: Deleting directory /tmp/spark-11310722-dff4-4c9a-9b70-3c080dc4e2cf
[2025-07-19T18:12:18.756+0000] {subprocess.py:93} INFO - 25/07/19 18:12:18 INFO ShutdownHookManager: Deleting directory /tmp/spark-725f0aea-6e9a-4e8c-9a34-948f08bae57e
[2025-07-19T18:12:18.759+0000] {subprocess.py:93} INFO - 25/07/19 18:12:18 INFO MetricsSystemImpl: Stopping s3a-file-system metrics system...
[2025-07-19T18:12:18.759+0000] {subprocess.py:93} INFO - 25/07/19 18:12:18 INFO MetricsSystemImpl: s3a-file-system metrics system stopped.
[2025-07-19T18:12:18.759+0000] {subprocess.py:93} INFO - 25/07/19 18:12:18 INFO MetricsSystemImpl: s3a-file-system metrics system shutdown complete.
[2025-07-19T18:12:19.166+0000] {subprocess.py:97} INFO - Command exited with return code 1
[2025-07-19T18:12:19.177+0000] {taskinstance.py:1937} ERROR - Task failed with exception
Traceback (most recent call last):
  File "/home/airflow/.local/lib/python3.8/site-packages/airflow/operators/bash.py", line 210, in execute
    raise AirflowException(
airflow.exceptions.AirflowException: Bash command failed. The command returned a non-zero exit code 1.
[2025-07-19T18:12:19.180+0000] {taskinstance.py:1400} INFO - Marking task as FAILED. dag_id=restaurant_pipeline, task_id=stream_to_bronze, execution_date=20250719T181000, start_date=20250719T181214, end_date=20250719T181219
[2025-07-19T18:12:19.189+0000] {standard_task_runner.py:104} ERROR - Failed to execute job 951 for task stream_to_bronze (Bash command failed. The command returned a non-zero exit code 1.; 505)
[2025-07-19T18:12:19.234+0000] {local_task_job_runner.py:228} INFO - Task exited with return code 1
[2025-07-19T18:12:19.266+0000] {taskinstance.py:2778} INFO - 0 downstream tasks scheduled from follow-on schedule check
