[2025-07-18T15:22:01.840+0000] {taskinstance.py:1159} INFO - Dependencies all met for dep_context=non-requeueable deps ti=<TaskInstance: restaurant_pipeline.send_to_kafka scheduled__2025-07-18T15:20:00+00:00 [queued]>
[2025-07-18T15:22:01.855+0000] {taskinstance.py:1159} INFO - Dependencies all met for dep_context=requeueable deps ti=<TaskInstance: restaurant_pipeline.send_to_kafka scheduled__2025-07-18T15:20:00+00:00 [queued]>
[2025-07-18T15:22:01.857+0000] {taskinstance.py:1361} INFO - Starting attempt 1 of 1
[2025-07-18T15:22:01.878+0000] {taskinstance.py:1382} INFO - Executing <Task(BashOperator): send_to_kafka> on 2025-07-18 15:20:00+00:00
[2025-07-18T15:22:01.883+0000] {standard_task_runner.py:57} INFO - Started process 256 to run task
[2025-07-18T15:22:01.890+0000] {standard_task_runner.py:84} INFO - Running: ['***', 'tasks', 'run', 'restaurant_pipeline', 'send_to_kafka', 'scheduled__2025-07-18T15:20:00+00:00', '--job-id', '95', '--raw', '--subdir', 'DAGS_FOLDER/restaurant_pipeline.py', '--cfg-path', '/tmp/tmpexg6shqq']
[2025-07-18T15:22:01.894+0000] {standard_task_runner.py:85} INFO - Job 95: Subtask send_to_kafka
[2025-07-18T15:22:01.948+0000] {task_command.py:416} INFO - Running <TaskInstance: restaurant_pipeline.send_to_kafka scheduled__2025-07-18T15:20:00+00:00 [running]> on host 9bcfb43e0ab7
[2025-07-18T15:22:02.009+0000] {taskinstance.py:1662} INFO - Exporting env vars: AIRFLOW_CTX_DAG_OWNER='moran' AIRFLOW_CTX_DAG_ID='restaurant_pipeline' AIRFLOW_CTX_TASK_ID='send_to_kafka' AIRFLOW_CTX_EXECUTION_DATE='2025-07-18T15:20:00+00:00' AIRFLOW_CTX_TRY_NUMBER='1' AIRFLOW_CTX_DAG_RUN_ID='scheduled__2025-07-18T15:20:00+00:00'
[2025-07-18T15:22:02.011+0000] {subprocess.py:63} INFO - Tmp dir root location: /tmp
[2025-07-18T15:22:02.012+0000] {subprocess.py:75} INFO - Running command: ['/bin/bash', '-c', 'python /opt/streaming/producer.py']
[2025-07-18T15:22:02.018+0000] {subprocess.py:86} INFO - Output:
[2025-07-18T15:22:04.359+0000] {subprocess.py:93} INFO - [✓] Sent to reservations: {'reservation_id': 2446, 'branch_id': 101, 'customer_name': 'Mariah Daniel', 'phone_number': '001-904-538-8764x8672', 'reservation_date': '2025-07-18', 'reservation_time': '16:33', 'guests_count': 8, 'is_confirmed': True}
[2025-07-18T15:22:04.360+0000] {subprocess.py:93} INFO - [✓] Sent to reservations: {'reservation_id': 4110, 'branch_id': 102, 'customer_name': 'Sherri Shaw', 'phone_number': '449.794.2464', 'reservation_date': '2025-07-18', 'reservation_time': '16:49', 'guests_count': 6, 'is_confirmed': False}
[2025-07-18T15:22:04.360+0000] {subprocess.py:93} INFO - [✓] Sent to reservations: {'reservation_id': 5112, 'branch_id': 102, 'customer_name': 'Stephanie Pace', 'phone_number': '570-826-2831', 'reservation_date': '2025-07-18', 'reservation_time': '17:15', 'guests_count': 2, 'is_confirmed': False}
[2025-07-18T15:22:04.360+0000] {subprocess.py:93} INFO - [✓] Sent to checkins: {'checkin_id': 4930, 'customer_name': 'Robert Joseph', 'phone_number': '702-228-4279x39681', 'branch_id': 101, 'table_id': 205, 'is_prebooked': True, 'checkin_date': '2025-07-18', 'checkin_time': '14:43', 'guests_count': 4, 'shift_manager': 'Michelle Curtis'}
[2025-07-18T15:22:04.360+0000] {subprocess.py:93} INFO - [✓] Sent to checkins: {'checkin_id': 1543, 'customer_name': 'Philip Davis', 'phone_number': '386-528-6698x76749', 'branch_id': 102, 'table_id': 210, 'is_prebooked': True, 'checkin_date': '2025-07-18', 'checkin_time': '13:44', 'guests_count': 5, 'shift_manager': 'Christina Villa'}
[2025-07-18T15:22:04.360+0000] {subprocess.py:93} INFO - [✓] Sent to checkins: {'checkin_id': 4384, 'customer_name': 'Amanda Massey', 'phone_number': '245-338-4602x0553', 'branch_id': 101, 'table_id': 205, 'is_prebooked': False, 'checkin_date': '2025-07-18', 'checkin_time': '13:26', 'guests_count': 2, 'shift_manager': 'Jennifer Reeves'}
[2025-07-18T15:22:04.361+0000] {subprocess.py:93} INFO - [✓] Sent to feedback: {'feedback_id': 6816, 'branch_id': 101, 'customer_name': 'Jill Johnson', 'phone_number': '657-608-7195x0518', 'feedback_text': 'Line east blue long special attorney instead.', 'rating': 4, 'dining_date': '2025-07-18', 'dining_time': '14:53', 'submission_time': '2025-07-18T15:22:00'}
[2025-07-18T15:22:04.361+0000] {subprocess.py:93} INFO - [✓] Sent to feedback: {'feedback_id': 3730, 'branch_id': 102, 'customer_name': 'Rita Shelton', 'phone_number': '001-579-817-4667x6592', 'feedback_text': 'Instead or in person often gun.', 'rating': 3, 'dining_date': '2025-07-18', 'dining_time': '15:17', 'submission_time': '2025-07-18T15:22:00'}
[2025-07-18T15:22:04.361+0000] {subprocess.py:93} INFO - [✓] Sent to feedback: {'feedback_id': 1901, 'branch_id': 101, 'customer_name': 'Wendy Neal', 'phone_number': '(732)446-0015x29983', 'feedback_text': 'Bed child wish term.', 'rating': 1, 'dining_date': '2025-07-18', 'dining_time': '15:07', 'submission_time': '2025-07-18T15:22:00'}
[2025-07-18T15:22:04.361+0000] {subprocess.py:93} INFO - ✅ All messages sent.
[2025-07-18T15:22:04.402+0000] {subprocess.py:97} INFO - Command exited with return code 0
[2025-07-18T15:22:04.427+0000] {taskinstance.py:1400} INFO - Marking task as SUCCESS. dag_id=restaurant_pipeline, task_id=send_to_kafka, execution_date=20250718T152000, start_date=20250718T152201, end_date=20250718T152204
[2025-07-18T15:22:04.453+0000] {local_task_job_runner.py:228} INFO - Task exited with return code 0
[2025-07-18T15:22:04.488+0000] {taskinstance.py:2778} INFO - 1 downstream tasks scheduled from follow-on schedule check
