[2025-07-18T16:27:43.554+0000] {taskinstance.py:1159} INFO - Dependencies all met for dep_context=non-requeueable deps ti=<TaskInstance: restaurant_pipeline.send_to_kafka scheduled__2025-07-18T16:20:00+00:00 [queued]>
[2025-07-18T16:27:43.559+0000] {taskinstance.py:1159} INFO - Dependencies all met for dep_context=requeueable deps ti=<TaskInstance: restaurant_pipeline.send_to_kafka scheduled__2025-07-18T16:20:00+00:00 [queued]>
[2025-07-18T16:27:43.559+0000] {taskinstance.py:1361} INFO - Starting attempt 3 of 3
[2025-07-18T16:27:43.568+0000] {taskinstance.py:1382} INFO - Executing <Task(BashOperator): send_to_kafka> on 2025-07-18 16:20:00+00:00
[2025-07-18T16:27:43.570+0000] {standard_task_runner.py:57} INFO - Started process 1449 to run task
[2025-07-18T16:27:43.573+0000] {standard_task_runner.py:84} INFO - Running: ['***', 'tasks', 'run', 'restaurant_pipeline', 'send_to_kafka', 'scheduled__2025-07-18T16:20:00+00:00', '--job-id', '196', '--raw', '--subdir', 'DAGS_FOLDER/restaurant_pipeline.py', '--cfg-path', '/tmp/tmp6k9zj18t']
[2025-07-18T16:27:43.576+0000] {standard_task_runner.py:85} INFO - Job 196: Subtask send_to_kafka
[2025-07-18T16:27:43.603+0000] {task_command.py:416} INFO - Running <TaskInstance: restaurant_pipeline.send_to_kafka scheduled__2025-07-18T16:20:00+00:00 [running]> on host 9bcfb43e0ab7
[2025-07-18T16:27:43.643+0000] {taskinstance.py:1662} INFO - Exporting env vars: AIRFLOW_CTX_DAG_OWNER='moran' AIRFLOW_CTX_DAG_ID='restaurant_pipeline' AIRFLOW_CTX_TASK_ID='send_to_kafka' AIRFLOW_CTX_EXECUTION_DATE='2025-07-18T16:20:00+00:00' AIRFLOW_CTX_TRY_NUMBER='3' AIRFLOW_CTX_DAG_RUN_ID='scheduled__2025-07-18T16:20:00+00:00'
[2025-07-18T16:27:43.645+0000] {subprocess.py:63} INFO - Tmp dir root location: /tmp
[2025-07-18T16:27:43.646+0000] {subprocess.py:75} INFO - Running command: ['/bin/bash', '-c', 'python /opt/streaming/producer.py']
[2025-07-18T16:27:43.652+0000] {subprocess.py:86} INFO - Output:
[2025-07-18T16:27:46.115+0000] {subprocess.py:93} INFO - [✓] Sent to reservations: {'reservation_id': 3548, 'branch_id': 102, 'customer_name': 'Marisa Jordan', 'phone_number': '7436776693', 'reservation_date': '2025-07-18', 'reservation_time': '17:44', 'guests_count': 5, 'is_confirmed': False}
[2025-07-18T16:27:46.121+0000] {subprocess.py:93} INFO - [✓] Sent to reservations: {'reservation_id': 9362, 'branch_id': 101, 'customer_name': 'Makayla Figueroa', 'phone_number': '+1-960-333-8138', 'reservation_date': '2025-07-18', 'reservation_time': '18:20', 'guests_count': 7, 'is_confirmed': True}
[2025-07-18T16:27:46.132+0000] {subprocess.py:93} INFO - [✓] Sent to reservations: {'reservation_id': 8945, 'branch_id': 101, 'customer_name': 'James Cruz', 'phone_number': '001-856-585-1750', 'reservation_date': '2025-07-18', 'reservation_time': '16:43', 'guests_count': 3, 'is_confirmed': False}
[2025-07-18T16:27:46.133+0000] {subprocess.py:93} INFO - [✓] Sent to checkins: {'checkin_id': 2518, 'customer_name': 'Michael Harrison', 'phone_number': '310.665.2872x46471', 'branch_id': 101, 'table_id': 204, 'is_prebooked': False, 'checkin_date': '2025-07-18', 'checkin_time': '15:33', 'guests_count': 2, 'shift_manager': 'Melissa Beck'}
[2025-07-18T16:27:46.133+0000] {subprocess.py:93} INFO - [✓] Sent to checkins: {'checkin_id': 8225, 'customer_name': 'Jennifer Long', 'phone_number': '875.585.0068', 'branch_id': 102, 'table_id': 203, 'is_prebooked': True, 'checkin_date': '2025-07-18', 'checkin_time': '16:26', 'guests_count': 5, 'shift_manager': 'Kristin Johnson'}
[2025-07-18T16:27:46.134+0000] {subprocess.py:93} INFO - [✓] Sent to checkins: {'checkin_id': 3834, 'customer_name': 'Nicole Hoffman', 'phone_number': '+1-286-808-5793', 'branch_id': 101, 'table_id': 210, 'is_prebooked': True, 'checkin_date': '2025-07-18', 'checkin_time': '16:10', 'guests_count': 6, 'shift_manager': 'Justin Becker'}
[2025-07-18T16:27:46.134+0000] {subprocess.py:93} INFO - [✓] Sent to feedback: {'feedback_id': 9504, 'branch_id': 101, 'customer_name': 'Dennis Lozano', 'phone_number': '001-817-351-5324x6818', 'feedback_text': 'Case letter outside feeling.', 'rating': 2, 'dining_date': '2025-07-18', 'dining_time': '15:34', 'submission_time': '2025-07-18T16:27:42'}
[2025-07-18T16:27:46.135+0000] {subprocess.py:93} INFO - [✓] Sent to feedback: {'feedback_id': 9510, 'branch_id': 102, 'customer_name': 'Sherri Klein', 'phone_number': '3016788894', 'feedback_text': 'Short water easy his east trip.', 'rating': 4, 'dining_date': '2025-07-18', 'dining_time': '15:15', 'submission_time': '2025-07-18T16:27:42'}
[2025-07-18T16:27:46.135+0000] {subprocess.py:93} INFO - [✓] Sent to feedback: {'feedback_id': 3748, 'branch_id': 102, 'customer_name': 'Jim Phillips', 'phone_number': '001-998-974-4536', 'feedback_text': 'Financial reflect however establish offer.', 'rating': 5, 'dining_date': '2025-07-18', 'dining_time': '14:35', 'submission_time': '2025-07-18T16:27:42'}
[2025-07-18T16:27:46.135+0000] {subprocess.py:93} INFO - ✅ All messages sent.
[2025-07-18T16:27:46.265+0000] {subprocess.py:97} INFO - Command exited with return code 0
[2025-07-18T16:27:46.453+0000] {taskinstance.py:1400} INFO - Marking task as SUCCESS. dag_id=restaurant_pipeline, task_id=send_to_kafka, execution_date=20250718T162000, start_date=20250718T162743, end_date=20250718T162746
[2025-07-18T16:27:46.531+0000] {local_task_job_runner.py:228} INFO - Task exited with return code 0
[2025-07-18T16:27:46.644+0000] {taskinstance.py:2778} INFO - 0 downstream tasks scheduled from follow-on schedule check
