[2025-07-18T16:25:43.523+0000] {taskinstance.py:1159} INFO - Dependencies all met for dep_context=non-requeueable deps ti=<TaskInstance: restaurant_pipeline.send_to_kafka scheduled__2025-07-18T16:20:00+00:00 [queued]>
[2025-07-18T16:25:43.533+0000] {taskinstance.py:1159} INFO - Dependencies all met for dep_context=requeueable deps ti=<TaskInstance: restaurant_pipeline.send_to_kafka scheduled__2025-07-18T16:20:00+00:00 [queued]>
[2025-07-18T16:25:43.533+0000] {taskinstance.py:1361} INFO - Starting attempt 2 of 2
[2025-07-18T16:25:43.552+0000] {taskinstance.py:1382} INFO - Executing <Task(BashOperator): send_to_kafka> on 2025-07-18 16:20:00+00:00
[2025-07-18T16:25:43.558+0000] {standard_task_runner.py:57} INFO - Started process 1422 to run task
[2025-07-18T16:25:43.562+0000] {standard_task_runner.py:84} INFO - Running: ['***', 'tasks', 'run', 'restaurant_pipeline', 'send_to_kafka', 'scheduled__2025-07-18T16:20:00+00:00', '--job-id', '194', '--raw', '--subdir', 'DAGS_FOLDER/restaurant_pipeline.py', '--cfg-path', '/tmp/tmp_vg6grav']
[2025-07-18T16:25:43.564+0000] {standard_task_runner.py:85} INFO - Job 194: Subtask send_to_kafka
[2025-07-18T16:25:43.628+0000] {task_command.py:416} INFO - Running <TaskInstance: restaurant_pipeline.send_to_kafka scheduled__2025-07-18T16:20:00+00:00 [running]> on host 9bcfb43e0ab7
[2025-07-18T16:25:43.724+0000] {taskinstance.py:1662} INFO - Exporting env vars: AIRFLOW_CTX_DAG_OWNER='moran' AIRFLOW_CTX_DAG_ID='restaurant_pipeline' AIRFLOW_CTX_TASK_ID='send_to_kafka' AIRFLOW_CTX_EXECUTION_DATE='2025-07-18T16:20:00+00:00' AIRFLOW_CTX_TRY_NUMBER='2' AIRFLOW_CTX_DAG_RUN_ID='scheduled__2025-07-18T16:20:00+00:00'
[2025-07-18T16:25:43.734+0000] {subprocess.py:63} INFO - Tmp dir root location: /tmp
[2025-07-18T16:25:43.736+0000] {subprocess.py:75} INFO - Running command: ['/bin/bash', '-c', 'python /opt/streaming/producer.py']
[2025-07-18T16:25:43.750+0000] {subprocess.py:86} INFO - Output:
[2025-07-18T16:25:46.958+0000] {subprocess.py:93} INFO - [✓] Sent to reservations: {'reservation_id': 4165, 'branch_id': 102, 'customer_name': 'Lisa Meyer', 'phone_number': '(983)603-9328x377', 'reservation_date': '2025-07-18', 'reservation_time': '16:58', 'guests_count': 4, 'is_confirmed': True}
[2025-07-18T16:25:46.969+0000] {subprocess.py:93} INFO - [✓] Sent to reservations: {'reservation_id': 4570, 'branch_id': 102, 'customer_name': 'Justin Cruz', 'phone_number': '001-703-863-4135x19876', 'reservation_date': '2025-07-18', 'reservation_time': '18:16', 'guests_count': 5, 'is_confirmed': False}
[2025-07-18T16:25:46.972+0000] {subprocess.py:93} INFO - [✓] Sent to reservations: {'reservation_id': 6943, 'branch_id': 101, 'customer_name': 'Jade Watson', 'phone_number': '001-298-442-4805x892', 'reservation_date': '2025-07-18', 'reservation_time': '18:20', 'guests_count': 1, 'is_confirmed': False}
[2025-07-18T16:25:46.975+0000] {subprocess.py:93} INFO - [✓] Sent to checkins: {'checkin_id': 6553, 'customer_name': 'Lauren Harris', 'phone_number': '+1-981-653-3789x181', 'branch_id': 101, 'table_id': 203, 'is_prebooked': False, 'checkin_date': '2025-07-18', 'checkin_time': '14:47', 'guests_count': 6, 'shift_manager': 'Angel Hill'}
[2025-07-18T16:25:46.985+0000] {subprocess.py:93} INFO - [✓] Sent to checkins: {'checkin_id': 2037, 'customer_name': 'Rachel Ford', 'phone_number': '727-891-6406', 'branch_id': 102, 'table_id': 203, 'is_prebooked': False, 'checkin_date': '2025-07-18', 'checkin_time': '15:40', 'guests_count': 3, 'shift_manager': 'Stephen Gonzalez'}
[2025-07-18T16:25:47.008+0000] {subprocess.py:93} INFO - [✓] Sent to checkins: {'checkin_id': 4206, 'customer_name': 'Shane Singh', 'phone_number': '+1-828-456-6017x999', 'branch_id': 102, 'table_id': 204, 'is_prebooked': True, 'checkin_date': '2025-07-18', 'checkin_time': '15:27', 'guests_count': 1, 'shift_manager': 'Ashley Sanchez'}
[2025-07-18T16:25:47.024+0000] {subprocess.py:93} INFO - [✓] Sent to feedback: {'feedback_id': 7309, 'branch_id': 102, 'customer_name': 'Jacqueline Morrison', 'phone_number': '458-718-4995x2790', 'feedback_text': 'Community sister green low mind maintain money.', 'rating': 5, 'dining_date': '2025-07-18', 'dining_time': '14:42', 'submission_time': '2025-07-18T16:25:40'}
[2025-07-18T16:25:47.032+0000] {subprocess.py:93} INFO - [✓] Sent to feedback: {'feedback_id': 6714, 'branch_id': 101, 'customer_name': 'Stacy Bauer', 'phone_number': '001-799-545-8074x822', 'feedback_text': 'Attorney gas early serve save statement.', 'rating': 2, 'dining_date': '2025-07-18', 'dining_time': '16:21', 'submission_time': '2025-07-18T16:25:40'}
[2025-07-18T16:25:47.041+0000] {subprocess.py:93} INFO - [✓] Sent to feedback: {'feedback_id': 9723, 'branch_id': 102, 'customer_name': 'Jon Vaughn', 'phone_number': '(722)779-4057x57360', 'feedback_text': 'Car year hard attention get admit reveal reason.', 'rating': 5, 'dining_date': '2025-07-18', 'dining_time': '15:57', 'submission_time': '2025-07-18T16:25:40'}
[2025-07-18T16:25:47.060+0000] {subprocess.py:93} INFO - ✅ All messages sent.
[2025-07-18T16:25:47.329+0000] {subprocess.py:97} INFO - Command exited with return code 0
[2025-07-18T16:25:47.826+0000] {taskinstance.py:1400} INFO - Marking task as SUCCESS. dag_id=restaurant_pipeline, task_id=send_to_kafka, execution_date=20250718T162000, start_date=20250718T162543, end_date=20250718T162547
[2025-07-18T16:25:47.928+0000] {local_task_job_runner.py:228} INFO - Task exited with return code 0
[2025-07-18T16:25:48.106+0000] {taskinstance.py:2778} INFO - 0 downstream tasks scheduled from follow-on schedule check
