[2025-07-18T16:22:02.160+0000] {taskinstance.py:1159} INFO - Dependencies all met for dep_context=non-requeueable deps ti=<TaskInstance: restaurant_pipeline.send_to_kafka scheduled__2025-07-18T16:20:00+00:00 [queued]>
[2025-07-18T16:22:02.165+0000] {taskinstance.py:1159} INFO - Dependencies all met for dep_context=requeueable deps ti=<TaskInstance: restaurant_pipeline.send_to_kafka scheduled__2025-07-18T16:20:00+00:00 [queued]>
[2025-07-18T16:22:02.165+0000] {taskinstance.py:1361} INFO - Starting attempt 1 of 1
[2025-07-18T16:22:02.172+0000] {taskinstance.py:1382} INFO - Executing <Task(BashOperator): send_to_kafka> on 2025-07-18 16:20:00+00:00
[2025-07-18T16:22:02.175+0000] {standard_task_runner.py:57} INFO - Started process 1384 to run task
[2025-07-18T16:22:02.177+0000] {standard_task_runner.py:84} INFO - Running: ['***', 'tasks', 'run', 'restaurant_pipeline', 'send_to_kafka', 'scheduled__2025-07-18T16:20:00+00:00', '--job-id', '191', '--raw', '--subdir', 'DAGS_FOLDER/restaurant_pipeline.py', '--cfg-path', '/tmp/tmpb3581342']
[2025-07-18T16:22:02.179+0000] {standard_task_runner.py:85} INFO - Job 191: Subtask send_to_kafka
[2025-07-18T16:22:02.207+0000] {task_command.py:416} INFO - Running <TaskInstance: restaurant_pipeline.send_to_kafka scheduled__2025-07-18T16:20:00+00:00 [running]> on host 9bcfb43e0ab7
[2025-07-18T16:22:02.248+0000] {taskinstance.py:1662} INFO - Exporting env vars: AIRFLOW_CTX_DAG_OWNER='moran' AIRFLOW_CTX_DAG_ID='restaurant_pipeline' AIRFLOW_CTX_TASK_ID='send_to_kafka' AIRFLOW_CTX_EXECUTION_DATE='2025-07-18T16:20:00+00:00' AIRFLOW_CTX_TRY_NUMBER='1' AIRFLOW_CTX_DAG_RUN_ID='scheduled__2025-07-18T16:20:00+00:00'
[2025-07-18T16:22:02.249+0000] {subprocess.py:63} INFO - Tmp dir root location: /tmp
[2025-07-18T16:22:02.250+0000] {subprocess.py:75} INFO - Running command: ['/bin/bash', '-c', 'python /opt/streaming/producer.py']
[2025-07-18T16:22:02.256+0000] {subprocess.py:86} INFO - Output:
[2025-07-18T16:22:04.693+0000] {subprocess.py:93} INFO - [✓] Sent to reservations: {'reservation_id': 3545, 'branch_id': 101, 'customer_name': 'Jessica Cole', 'phone_number': '870.332.0916', 'reservation_date': '2025-07-18', 'reservation_time': '17:38', 'guests_count': 7, 'is_confirmed': False}
[2025-07-18T16:22:04.695+0000] {subprocess.py:93} INFO - [✓] Sent to reservations: {'reservation_id': 5072, 'branch_id': 102, 'customer_name': 'Brandon Hernandez', 'phone_number': '666.346.6551x53216', 'reservation_date': '2025-07-18', 'reservation_time': '17:11', 'guests_count': 4, 'is_confirmed': False}
[2025-07-18T16:22:04.698+0000] {subprocess.py:93} INFO - [✓] Sent to reservations: {'reservation_id': 1087, 'branch_id': 102, 'customer_name': 'Donald Keith', 'phone_number': '+1-447-900-7381x32321', 'reservation_date': '2025-07-18', 'reservation_time': '16:55', 'guests_count': 8, 'is_confirmed': False}
[2025-07-18T16:22:04.698+0000] {subprocess.py:93} INFO - [✓] Sent to checkins: {'checkin_id': 6395, 'customer_name': 'Charles Martinez', 'phone_number': '282-560-8855', 'branch_id': 101, 'table_id': 202, 'is_prebooked': True, 'checkin_date': '2025-07-18', 'checkin_time': '15:50', 'guests_count': 1, 'shift_manager': 'Michelle Kerr'}
[2025-07-18T16:22:04.699+0000] {subprocess.py:93} INFO - [✓] Sent to checkins: {'checkin_id': 5135, 'customer_name': 'Roy Beltran', 'phone_number': '230-395-1736', 'branch_id': 102, 'table_id': 208, 'is_prebooked': True, 'checkin_date': '2025-07-18', 'checkin_time': '16:06', 'guests_count': 6, 'shift_manager': 'Roger Figueroa'}
[2025-07-18T16:22:04.700+0000] {subprocess.py:93} INFO - [✓] Sent to checkins: {'checkin_id': 4099, 'customer_name': 'Michael Bridges', 'phone_number': '(525)906-2304x86853', 'branch_id': 102, 'table_id': 200, 'is_prebooked': True, 'checkin_date': '2025-07-18', 'checkin_time': '16:04', 'guests_count': 1, 'shift_manager': 'Ronald Shannon'}
[2025-07-18T16:22:04.700+0000] {subprocess.py:93} INFO - [✓] Sent to feedback: {'feedback_id': 6728, 'branch_id': 102, 'customer_name': 'Mark Meyer', 'phone_number': '675.633.4884', 'feedback_text': 'Discover help its on.', 'rating': 1, 'dining_date': '2025-07-18', 'dining_time': '15:34', 'submission_time': '2025-07-18T16:22:01'}
[2025-07-18T16:22:04.701+0000] {subprocess.py:93} INFO - [✓] Sent to feedback: {'feedback_id': 8408, 'branch_id': 102, 'customer_name': 'Rebecca Ryan', 'phone_number': '217.464.0517x964', 'feedback_text': 'Serve save gas market wind challenge husband.', 'rating': 2, 'dining_date': '2025-07-18', 'dining_time': '14:56', 'submission_time': '2025-07-18T16:22:01'}
[2025-07-18T16:22:04.701+0000] {subprocess.py:93} INFO - [✓] Sent to feedback: {'feedback_id': 3129, 'branch_id': 101, 'customer_name': 'Kathryn Miller', 'phone_number': '226-224-4386', 'feedback_text': 'Car for car just.', 'rating': 2, 'dining_date': '2025-07-18', 'dining_time': '16:02', 'submission_time': '2025-07-18T16:22:01'}
[2025-07-18T16:22:04.702+0000] {subprocess.py:93} INFO - ✅ All messages sent.
[2025-07-18T16:22:04.753+0000] {subprocess.py:97} INFO - Command exited with return code 0
[2025-07-18T16:22:04.817+0000] {taskinstance.py:1400} INFO - Marking task as SUCCESS. dag_id=restaurant_pipeline, task_id=send_to_kafka, execution_date=20250718T162000, start_date=20250718T162202, end_date=20250718T162204
[2025-07-18T16:22:04.864+0000] {local_task_job_runner.py:228} INFO - Task exited with return code 0
[2025-07-18T16:22:04.975+0000] {taskinstance.py:2778} INFO - 1 downstream tasks scheduled from follow-on schedule check
