[2025-07-18T15:40:05.664+0000] {taskinstance.py:1159} INFO - Dependencies all met for dep_context=non-requeueable deps ti=<TaskInstance: restaurant_pipeline.stream_to_bronze scheduled__2025-07-18T15:38:00+00:00 [queued]>
[2025-07-18T15:40:05.676+0000] {taskinstance.py:1159} INFO - Dependencies all met for dep_context=requeueable deps ti=<TaskInstance: restaurant_pipeline.stream_to_bronze scheduled__2025-07-18T15:38:00+00:00 [queued]>
[2025-07-18T15:40:05.676+0000] {taskinstance.py:1361} INFO - Starting attempt 1 of 1
[2025-07-18T15:40:05.691+0000] {taskinstance.py:1382} INFO - Executing <Task(BashOperator): stream_to_bronze> on 2025-07-18 15:38:00+00:00
[2025-07-18T15:40:05.695+0000] {standard_task_runner.py:57} INFO - Started process 581 to run task
[2025-07-18T15:40:05.699+0000] {standard_task_runner.py:84} INFO - Running: ['***', 'tasks', 'run', 'restaurant_pipeline', 'stream_to_bronze', 'scheduled__2025-07-18T15:38:00+00:00', '--job-id', '123', '--raw', '--subdir', 'DAGS_FOLDER/restaurant_pipeline.py', '--cfg-path', '/tmp/tmpymrmiqd9']
[2025-07-18T15:40:05.702+0000] {standard_task_runner.py:85} INFO - Job 123: Subtask stream_to_bronze
[2025-07-18T15:40:05.733+0000] {task_command.py:416} INFO - Running <TaskInstance: restaurant_pipeline.stream_to_bronze scheduled__2025-07-18T15:38:00+00:00 [running]> on host 9bcfb43e0ab7
[2025-07-18T15:40:05.779+0000] {taskinstance.py:1662} INFO - Exporting env vars: AIRFLOW_CTX_DAG_OWNER='moran' AIRFLOW_CTX_DAG_ID='restaurant_pipeline' AIRFLOW_CTX_TASK_ID='stream_to_bronze' AIRFLOW_CTX_EXECUTION_DATE='2025-07-18T15:38:00+00:00' AIRFLOW_CTX_TRY_NUMBER='1' AIRFLOW_CTX_DAG_RUN_ID='scheduled__2025-07-18T15:38:00+00:00'
[2025-07-18T15:40:05.780+0000] {subprocess.py:63} INFO - Tmp dir root location: /tmp
[2025-07-18T15:40:05.781+0000] {subprocess.py:75} INFO - Running command: ['/bin/bash', '-c', 'docker exec spark-iceberg spark-submit /home/iceberg/spark/stream_to_bronze.py']
[2025-07-18T15:40:05.787+0000] {subprocess.py:86} INFO - Output:
[2025-07-18T15:40:07.847+0000] {subprocess.py:93} INFO - 25/07/18 15:40:07 INFO SparkContext: Running Spark version 3.5.6
[2025-07-18T15:40:07.850+0000] {subprocess.py:93} INFO - 25/07/18 15:40:07 INFO SparkContext: OS info Linux, 6.10.14-linuxkit, aarch64
[2025-07-18T15:40:07.853+0000] {subprocess.py:93} INFO - 25/07/18 15:40:07 INFO SparkContext: Java version 17.0.15
[2025-07-18T15:40:07.883+0000] {subprocess.py:93} INFO - 25/07/18 15:40:07 INFO ResourceUtils: ==============================================================
[2025-07-18T15:40:07.885+0000] {subprocess.py:93} INFO - 25/07/18 15:40:07 INFO ResourceUtils: No custom resources configured for spark.driver.
[2025-07-18T15:40:07.889+0000] {subprocess.py:93} INFO - 25/07/18 15:40:07 INFO ResourceUtils: ==============================================================
[2025-07-18T15:40:07.891+0000] {subprocess.py:93} INFO - 25/07/18 15:40:07 INFO SparkContext: Submitted application: StreamToBronze
[2025-07-18T15:40:07.902+0000] {subprocess.py:93} INFO - 25/07/18 15:40:07 INFO ResourceProfile: Default ResourceProfile created, executor resources: Map(cores -> name: cores, amount: 1, script: , vendor: , memory -> name: memory, amount: 1024, script: , vendor: , offHeap -> name: offHeap, amount: 0, script: , vendor: ), task resources: Map(cpus -> name: cpus, amount: 1.0)
[2025-07-18T15:40:07.913+0000] {subprocess.py:93} INFO - 25/07/18 15:40:07 INFO ResourceProfile: Limiting resource is cpu
[2025-07-18T15:40:07.914+0000] {subprocess.py:93} INFO - 25/07/18 15:40:07 INFO ResourceProfileManager: Added ResourceProfile id: 0
[2025-07-18T15:40:07.964+0000] {subprocess.py:93} INFO - 25/07/18 15:40:07 INFO SecurityManager: Changing view acls to: root,spark
[2025-07-18T15:40:07.966+0000] {subprocess.py:93} INFO - 25/07/18 15:40:07 INFO SecurityManager: Changing modify acls to: root,spark
[2025-07-18T15:40:07.967+0000] {subprocess.py:93} INFO - 25/07/18 15:40:07 INFO SecurityManager: Changing view acls groups to:
[2025-07-18T15:40:07.968+0000] {subprocess.py:93} INFO - 25/07/18 15:40:07 INFO SecurityManager: Changing modify acls groups to:
[2025-07-18T15:40:07.969+0000] {subprocess.py:93} INFO - 25/07/18 15:40:07 INFO SecurityManager: SecurityManager: authentication disabled; ui acls disabled; users with view permissions: root, spark; groups with view permissions: EMPTY; users with modify permissions: root, spark; groups with modify permissions: EMPTY
[2025-07-18T15:40:08.018+0000] {subprocess.py:93} INFO - 25/07/18 15:40:08 WARN NativeCodeLoader: Unable to load native-hadoop library for your platform... using builtin-java classes where applicable
[2025-07-18T15:40:08.178+0000] {subprocess.py:93} INFO - 25/07/18 15:40:08 INFO Utils: Successfully started service 'sparkDriver' on port 37387.
[2025-07-18T15:40:08.192+0000] {subprocess.py:93} INFO - 25/07/18 15:40:08 INFO SparkEnv: Registering MapOutputTracker
[2025-07-18T15:40:08.209+0000] {subprocess.py:93} INFO - 25/07/18 15:40:08 INFO SparkEnv: Registering BlockManagerMaster
[2025-07-18T15:40:08.220+0000] {subprocess.py:93} INFO - 25/07/18 15:40:08 INFO BlockManagerMasterEndpoint: Using org.apache.spark.storage.DefaultTopologyMapper for getting topology information
[2025-07-18T15:40:08.221+0000] {subprocess.py:93} INFO - 25/07/18 15:40:08 INFO BlockManagerMasterEndpoint: BlockManagerMasterEndpoint up
[2025-07-18T15:40:08.222+0000] {subprocess.py:93} INFO - 25/07/18 15:40:08 INFO SparkEnv: Registering BlockManagerMasterHeartbeat
[2025-07-18T15:40:08.233+0000] {subprocess.py:93} INFO - 25/07/18 15:40:08 INFO DiskBlockManager: Created local directory at /tmp/blockmgr-cdacc9c6-1cfc-43be-a71b-a0477064ac6d
[2025-07-18T15:40:08.240+0000] {subprocess.py:93} INFO - 25/07/18 15:40:08 INFO MemoryStore: MemoryStore started with capacity 434.4 MiB
[2025-07-18T15:40:08.248+0000] {subprocess.py:93} INFO - 25/07/18 15:40:08 INFO SparkEnv: Registering OutputCommitCoordinator
[2025-07-18T15:40:08.314+0000] {subprocess.py:93} INFO - 25/07/18 15:40:08 INFO JettyUtils: Start Jetty 0.0.0.0:4040 for SparkUI
[2025-07-18T15:40:08.348+0000] {subprocess.py:93} INFO - 25/07/18 15:40:08 WARN Utils: Service 'SparkUI' could not bind on port 4040. Attempting port 4041.
[2025-07-18T15:40:08.354+0000] {subprocess.py:93} INFO - 25/07/18 15:40:08 INFO Utils: Successfully started service 'SparkUI' on port 4041.
[2025-07-18T15:40:08.414+0000] {subprocess.py:93} INFO - 25/07/18 15:40:08 INFO Executor: Starting executor ID driver on host 77cb57a6bd53
[2025-07-18T15:40:08.414+0000] {subprocess.py:93} INFO - 25/07/18 15:40:08 INFO Executor: OS info Linux, 6.10.14-linuxkit, aarch64
[2025-07-18T15:40:08.414+0000] {subprocess.py:93} INFO - 25/07/18 15:40:08 INFO Executor: Java version 17.0.15
[2025-07-18T15:40:08.417+0000] {subprocess.py:93} INFO - 25/07/18 15:40:08 INFO Executor: Starting executor with user classpath (userClassPathFirst = false): ''
[2025-07-18T15:40:08.417+0000] {subprocess.py:93} INFO - 25/07/18 15:40:08 INFO Executor: Created or updated repl class loader org.apache.spark.util.MutableURLClassLoader@3989f1d for default.
[2025-07-18T15:40:08.435+0000] {subprocess.py:93} INFO - 25/07/18 15:40:08 INFO Utils: Successfully started service 'org.apache.spark.network.netty.NettyBlockTransferService' on port 40121.
[2025-07-18T15:40:08.435+0000] {subprocess.py:93} INFO - 25/07/18 15:40:08 INFO NettyBlockTransferService: Server created on 77cb57a6bd53:40121
[2025-07-18T15:40:08.436+0000] {subprocess.py:93} INFO - 25/07/18 15:40:08 INFO BlockManager: Using org.apache.spark.storage.RandomBlockReplicationPolicy for block replication policy
[2025-07-18T15:40:08.439+0000] {subprocess.py:93} INFO - 25/07/18 15:40:08 INFO BlockManagerMaster: Registering BlockManager BlockManagerId(driver, 77cb57a6bd53, 40121, None)
[2025-07-18T15:40:08.440+0000] {subprocess.py:93} INFO - 25/07/18 15:40:08 INFO BlockManagerMasterEndpoint: Registering block manager 77cb57a6bd53:40121 with 434.4 MiB RAM, BlockManagerId(driver, 77cb57a6bd53, 40121, None)
[2025-07-18T15:40:08.442+0000] {subprocess.py:93} INFO - 25/07/18 15:40:08 INFO BlockManagerMaster: Registered BlockManager BlockManagerId(driver, 77cb57a6bd53, 40121, None)
[2025-07-18T15:40:08.442+0000] {subprocess.py:93} INFO - 25/07/18 15:40:08 INFO BlockManager: Initialized BlockManager: BlockManagerId(driver, 77cb57a6bd53, 40121, None)
[2025-07-18T15:40:08.689+0000] {subprocess.py:93} INFO - 25/07/18 15:40:08 INFO SharedState: Setting hive.metastore.warehouse.dir ('null') to the value of spark.sql.warehouse.dir.
[2025-07-18T15:40:08.692+0000] {subprocess.py:93} INFO - 25/07/18 15:40:08 INFO SharedState: Warehouse path is 'file:/app/spark-warehouse'.
[2025-07-18T15:40:09.811+0000] {subprocess.py:93} INFO - 25/07/18 15:40:09 WARN MetricsConfig: Cannot locate configuration: tried hadoop-metrics2-s3a-file-system.properties,hadoop-metrics2.properties
[2025-07-18T15:40:09.819+0000] {subprocess.py:93} INFO - 25/07/18 15:40:09 INFO MetricsSystemImpl: Scheduled Metric snapshot period at 10 second(s).
[2025-07-18T15:40:09.819+0000] {subprocess.py:93} INFO - 25/07/18 15:40:09 INFO MetricsSystemImpl: s3a-file-system metrics system started
[2025-07-18T15:40:10.525+0000] {subprocess.py:93} INFO - 25/07/18 15:40:10 INFO BaseMetastoreCatalog: Table loaded by catalog: my_catalog.bronze.Reservations_raw
[2025-07-18T15:40:10.539+0000] {subprocess.py:93} INFO - 25/07/18 15:40:10 INFO StateStoreCoordinatorRef: Registered StateStoreCoordinator endpoint
[2025-07-18T15:40:10.566+0000] {subprocess.py:93} INFO - 25/07/18 15:40:10 INFO ResolveWriteToStream: Checkpoint root /tmp/checkpoints/reservations resolved to file:/tmp/checkpoints/reservations.
[2025-07-18T15:40:10.566+0000] {subprocess.py:93} INFO - 25/07/18 15:40:10 WARN ResolveWriteToStream: spark.sql.adaptive.enabled is not supported in streaming DataFrames/Datasets and will be disabled.
[2025-07-18T15:40:10.638+0000] {subprocess.py:93} INFO - 25/07/18 15:40:10 INFO MicroBatchExecution: Starting [id = 0314df7c-5598-4928-8d91-374ee67989d1, runId = dee1986b-9e15-460a-81e7-4e14dfef8a89]. Use file:/tmp/checkpoints/reservations to store the query checkpoint.
[2025-07-18T15:40:10.641+0000] {subprocess.py:93} INFO - 25/07/18 15:40:10 INFO MicroBatchExecution: Reading table [org.apache.spark.sql.kafka010.KafkaSourceProvider$KafkaTable@3e562266] from DataSourceV2 named 'kafka' [org.apache.spark.sql.kafka010.KafkaSourceProvider@796893ba]
[2025-07-18T15:40:10.673+0000] {subprocess.py:93} INFO - 25/07/18 15:40:10 INFO OffsetSeqLog: BatchIds found from listing: 0, 1, 2, 3, 4, 5, 6, 7, 8, 9, 10, 11, 12, 13, 14, 15, 16, 17, 18, 19, 20
[2025-07-18T15:40:10.683+0000] {subprocess.py:93} INFO - 25/07/18 15:40:10 INFO OffsetSeqLog: Getting latest batch 20
[2025-07-18T15:40:10.708+0000] {subprocess.py:93} INFO - 25/07/18 15:40:10 INFO OffsetSeqLog: BatchIds found from listing: 0, 1, 2, 3, 4, 5, 6, 7, 8, 9, 10, 11, 12, 13, 14, 15, 16, 17, 18, 19, 20
[2025-07-18T15:40:10.709+0000] {subprocess.py:93} INFO - 25/07/18 15:40:10 INFO OffsetSeqLog: Getting latest batch 20
[2025-07-18T15:40:10.723+0000] {subprocess.py:93} INFO - 25/07/18 15:40:10 INFO CommitLog: BatchIds found from listing: 0, 1, 2, 3, 4, 5, 6, 7, 8, 9, 10, 11, 12, 13, 14, 15, 16, 17, 18, 19, 20
[2025-07-18T15:40:10.724+0000] {subprocess.py:93} INFO - 25/07/18 15:40:10 INFO CommitLog: Getting latest batch 20
[2025-07-18T15:40:10.733+0000] {subprocess.py:93} INFO - 25/07/18 15:40:10 INFO MicroBatchExecution: Resuming at batch 21 with committed offsets {KafkaV2[Subscribe[reservations]]: {"reservations":{"0":66}}} and available offsets {KafkaV2[Subscribe[reservations]]: {"reservations":{"0":66}}}
[2025-07-18T15:40:10.736+0000] {subprocess.py:93} INFO - 25/07/18 15:40:10 INFO MicroBatchExecution: Stream started from {KafkaV2[Subscribe[reservations]]: {"reservations":{"0":66}}}
[2025-07-18T15:40:10.744+0000] {subprocess.py:93} INFO - 25/07/18 15:40:10 INFO BaseMetastoreCatalog: Table loaded by catalog: my_catalog.bronze.Checkins_raw
[2025-07-18T15:40:10.746+0000] {subprocess.py:93} INFO - 25/07/18 15:40:10 INFO ResolveWriteToStream: Checkpoint root /tmp/checkpoints/checkins resolved to file:/tmp/checkpoints/checkins.
[2025-07-18T15:40:10.747+0000] {subprocess.py:93} INFO - 25/07/18 15:40:10 WARN ResolveWriteToStream: spark.sql.adaptive.enabled is not supported in streaming DataFrames/Datasets and will be disabled.
[2025-07-18T15:40:10.757+0000] {subprocess.py:93} INFO - 25/07/18 15:40:10 INFO MicroBatchExecution: Starting [id = a9a9b3af-d3c2-4704-81e0-4163831ae683, runId = 578bd6d7-a746-4bc1-b9f7-0247874550dd]. Use file:/tmp/checkpoints/checkins to store the query checkpoint.
[2025-07-18T15:40:10.758+0000] {subprocess.py:93} INFO - 25/07/18 15:40:10 INFO MicroBatchExecution: Reading table [org.apache.spark.sql.kafka010.KafkaSourceProvider$KafkaTable@16840ac1] from DataSourceV2 named 'kafka' [org.apache.spark.sql.kafka010.KafkaSourceProvider@1843f7b9]
[2025-07-18T15:40:10.765+0000] {subprocess.py:93} INFO - 25/07/18 15:40:10 INFO OffsetSeqLog: BatchIds found from listing: 0, 1, 2, 3, 4, 5, 6, 7, 8, 9, 10, 11, 12, 13, 14, 15, 16, 17, 18, 19, 20, 21, 22
[2025-07-18T15:40:10.766+0000] {subprocess.py:93} INFO - 25/07/18 15:40:10 INFO OffsetSeqLog: Getting latest batch 22
[2025-07-18T15:40:10.770+0000] {subprocess.py:93} INFO - 25/07/18 15:40:10 INFO OffsetSeqLog: BatchIds found from listing: 0, 1, 2, 3, 4, 5, 6, 7, 8, 9, 10, 11, 12, 13, 14, 15, 16, 17, 18, 19, 20, 21, 22
[2025-07-18T15:40:10.771+0000] {subprocess.py:93} INFO - 25/07/18 15:40:10 INFO OffsetSeqLog: Getting latest batch 22
[2025-07-18T15:40:10.774+0000] {subprocess.py:93} INFO - 25/07/18 15:40:10 INFO CommitLog: BatchIds found from listing: 0, 1, 2, 3, 4, 5, 6, 7, 8, 9, 10, 11, 12, 13, 14, 15, 16, 17, 18, 19, 20, 21, 22
[2025-07-18T15:40:10.775+0000] {subprocess.py:93} INFO - 25/07/18 15:40:10 INFO CommitLog: Getting latest batch 22
[2025-07-18T15:40:10.775+0000] {subprocess.py:93} INFO - 25/07/18 15:40:10 INFO MicroBatchExecution: Resuming at batch 23 with committed offsets {KafkaV2[Subscribe[checkins]]: {"checkins":{"0":66}}} and available offsets {KafkaV2[Subscribe[checkins]]: {"checkins":{"0":66}}}
[2025-07-18T15:40:10.775+0000] {subprocess.py:93} INFO - 25/07/18 15:40:10 INFO MicroBatchExecution: Stream started from {KafkaV2[Subscribe[checkins]]: {"checkins":{"0":66}}}
[2025-07-18T15:40:10.782+0000] {subprocess.py:93} INFO - 25/07/18 15:40:10 INFO AdminClientConfig: AdminClientConfig values:
[2025-07-18T15:40:10.784+0000] {subprocess.py:93} INFO - 	auto.include.jmx.reporter = true
[2025-07-18T15:40:10.785+0000] {subprocess.py:93} INFO - 	bootstrap.servers = [kafka:9092]
[2025-07-18T15:40:10.785+0000] {subprocess.py:93} INFO - 	client.dns.lookup = use_all_dns_ips
[2025-07-18T15:40:10.785+0000] {subprocess.py:93} INFO - 	client.id =
[2025-07-18T15:40:10.785+0000] {subprocess.py:93} INFO - 	connections.max.idle.ms = 300000
[2025-07-18T15:40:10.785+0000] {subprocess.py:93} INFO - 	default.api.timeout.ms = 60000
[2025-07-18T15:40:10.785+0000] {subprocess.py:93} INFO - 	metadata.max.age.ms = 300000
[2025-07-18T15:40:10.785+0000] {subprocess.py:93} INFO - 	metric.reporters = []
[2025-07-18T15:40:10.785+0000] {subprocess.py:93} INFO - 	metrics.num.samples = 2
[2025-07-18T15:40:10.785+0000] {subprocess.py:93} INFO - 	metrics.recording.level = INFO
[2025-07-18T15:40:10.785+0000] {subprocess.py:93} INFO - 	metrics.sample.window.ms = 30000
[2025-07-18T15:40:10.786+0000] {subprocess.py:93} INFO - 	receive.buffer.bytes = 65536
[2025-07-18T15:40:10.786+0000] {subprocess.py:93} INFO - 	reconnect.backoff.max.ms = 1000
[2025-07-18T15:40:10.786+0000] {subprocess.py:93} INFO - 	reconnect.backoff.ms = 50
[2025-07-18T15:40:10.786+0000] {subprocess.py:93} INFO - 	request.timeout.ms = 30000
[2025-07-18T15:40:10.786+0000] {subprocess.py:93} INFO - 	retries = 2147483647
[2025-07-18T15:40:10.786+0000] {subprocess.py:93} INFO - 	retry.backoff.ms = 100
[2025-07-18T15:40:10.786+0000] {subprocess.py:93} INFO - 	sasl.client.callback.handler.class = null
[2025-07-18T15:40:10.786+0000] {subprocess.py:93} INFO - 	sasl.jaas.config = null
[2025-07-18T15:40:10.786+0000] {subprocess.py:93} INFO - 	sasl.kerberos.kinit.cmd = /usr/bin/kinit
[2025-07-18T15:40:10.787+0000] {subprocess.py:93} INFO - 	sasl.kerberos.min.time.before.relogin = 60000
[2025-07-18T15:40:10.787+0000] {subprocess.py:93} INFO - 	sasl.kerberos.service.name = null
[2025-07-18T15:40:10.787+0000] {subprocess.py:93} INFO - 	sasl.kerberos.ticket.renew.jitter = 0.05
[2025-07-18T15:40:10.787+0000] {subprocess.py:93} INFO - 	sasl.kerberos.ticket.renew.window.factor = 0.8
[2025-07-18T15:40:10.788+0000] {subprocess.py:93} INFO - 	sasl.login.callback.handler.class = null
[2025-07-18T15:40:10.788+0000] {subprocess.py:93} INFO - 	sasl.login.class = null
[2025-07-18T15:40:10.788+0000] {subprocess.py:93} INFO - 	sasl.login.connect.timeout.ms = null
[2025-07-18T15:40:10.788+0000] {subprocess.py:93} INFO - 	sasl.login.read.timeout.ms = null
[2025-07-18T15:40:10.788+0000] {subprocess.py:93} INFO - 	sasl.login.refresh.buffer.seconds = 300
[2025-07-18T15:40:10.788+0000] {subprocess.py:93} INFO - 	sasl.login.refresh.min.period.seconds = 60
[2025-07-18T15:40:10.788+0000] {subprocess.py:93} INFO - 	sasl.login.refresh.window.factor = 0.8
[2025-07-18T15:40:10.788+0000] {subprocess.py:93} INFO - 	sasl.login.refresh.window.jitter = 0.05
[2025-07-18T15:40:10.788+0000] {subprocess.py:93} INFO - 	sasl.login.retry.backoff.max.ms = 10000
[2025-07-18T15:40:10.788+0000] {subprocess.py:93} INFO - 	sasl.login.retry.backoff.ms = 100
[2025-07-18T15:40:10.788+0000] {subprocess.py:93} INFO - 	sasl.mechanism = GSSAPI
[2025-07-18T15:40:10.788+0000] {subprocess.py:93} INFO - 	sasl.oauthbearer.clock.skew.seconds = 30
[2025-07-18T15:40:10.788+0000] {subprocess.py:93} INFO - 	sasl.oauthbearer.expected.audience = null
[2025-07-18T15:40:10.789+0000] {subprocess.py:93} INFO - 	sasl.oauthbearer.expected.issuer = null
[2025-07-18T15:40:10.789+0000] {subprocess.py:93} INFO - 	sasl.oauthbearer.jwks.endpoint.refresh.ms = 3600000
[2025-07-18T15:40:10.789+0000] {subprocess.py:93} INFO - 	sasl.oauthbearer.jwks.endpoint.retry.backoff.max.ms = 10000
[2025-07-18T15:40:10.789+0000] {subprocess.py:93} INFO - 	sasl.oauthbearer.jwks.endpoint.retry.backoff.ms = 100
[2025-07-18T15:40:10.789+0000] {subprocess.py:93} INFO - 	sasl.oauthbearer.jwks.endpoint.url = null
[2025-07-18T15:40:10.789+0000] {subprocess.py:93} INFO - 	sasl.oauthbearer.scope.claim.name = scope
[2025-07-18T15:40:10.790+0000] {subprocess.py:93} INFO - 	sasl.oauthbearer.sub.claim.name = sub
[2025-07-18T15:40:10.791+0000] {subprocess.py:93} INFO - 	sasl.oauthbearer.token.endpoint.url = null
[2025-07-18T15:40:10.791+0000] {subprocess.py:93} INFO - 	security.protocol = PLAINTEXT
[2025-07-18T15:40:10.791+0000] {subprocess.py:93} INFO - 	security.providers = null
[2025-07-18T15:40:10.792+0000] {subprocess.py:93} INFO - 	send.buffer.bytes = 131072
[2025-07-18T15:40:10.792+0000] {subprocess.py:93} INFO - 	socket.connection.setup.timeout.max.ms = 30000
[2025-07-18T15:40:10.792+0000] {subprocess.py:93} INFO - 	socket.connection.setup.timeout.ms = 10000
[2025-07-18T15:40:10.792+0000] {subprocess.py:93} INFO - 	ssl.cipher.suites = null
[2025-07-18T15:40:10.792+0000] {subprocess.py:93} INFO - 	ssl.enabled.protocols = [TLSv1.2, TLSv1.3]
[2025-07-18T15:40:10.792+0000] {subprocess.py:93} INFO - 	ssl.endpoint.identification.algorithm = https
[2025-07-18T15:40:10.792+0000] {subprocess.py:93} INFO - 	ssl.engine.factory.class = null
[2025-07-18T15:40:10.792+0000] {subprocess.py:93} INFO - 	ssl.key.password = null
[2025-07-18T15:40:10.792+0000] {subprocess.py:93} INFO - 	ssl.keymanager.algorithm = SunX509
[2025-07-18T15:40:10.793+0000] {subprocess.py:93} INFO - 	ssl.keystore.certificate.chain = null
[2025-07-18T15:40:10.793+0000] {subprocess.py:93} INFO - 	ssl.keystore.key = null
[2025-07-18T15:40:10.794+0000] {subprocess.py:93} INFO - 	ssl.keystore.location = null
[2025-07-18T15:40:10.794+0000] {subprocess.py:93} INFO - 	ssl.keystore.password = null
[2025-07-18T15:40:10.794+0000] {subprocess.py:93} INFO - 	ssl.keystore.type = JKS
[2025-07-18T15:40:10.794+0000] {subprocess.py:93} INFO - 	ssl.protocol = TLSv1.3
[2025-07-18T15:40:10.794+0000] {subprocess.py:93} INFO - 	ssl.provider = null
[2025-07-18T15:40:10.794+0000] {subprocess.py:93} INFO - 	ssl.secure.random.implementation = null
[2025-07-18T15:40:10.794+0000] {subprocess.py:93} INFO - 	ssl.trustmanager.algorithm = PKIX
[2025-07-18T15:40:10.794+0000] {subprocess.py:93} INFO - 	ssl.truststore.certificates = null
[2025-07-18T15:40:10.794+0000] {subprocess.py:93} INFO - 	ssl.truststore.location = null
[2025-07-18T15:40:10.795+0000] {subprocess.py:93} INFO - 	ssl.truststore.password = null
[2025-07-18T15:40:10.795+0000] {subprocess.py:93} INFO - 	ssl.truststore.type = JKS
[2025-07-18T15:40:10.795+0000] {subprocess.py:93} INFO - 
[2025-07-18T15:40:10.795+0000] {subprocess.py:93} INFO - 25/07/18 15:40:10 INFO AdminClientConfig: AdminClientConfig values:
[2025-07-18T15:40:10.795+0000] {subprocess.py:93} INFO - 	auto.include.jmx.reporter = true
[2025-07-18T15:40:10.795+0000] {subprocess.py:93} INFO - 	bootstrap.servers = [kafka:9092]
[2025-07-18T15:40:10.795+0000] {subprocess.py:93} INFO - 	client.dns.lookup = use_all_dns_ips
[2025-07-18T15:40:10.795+0000] {subprocess.py:93} INFO - 	client.id =
[2025-07-18T15:40:10.795+0000] {subprocess.py:93} INFO - 	connections.max.idle.ms = 300000
[2025-07-18T15:40:10.795+0000] {subprocess.py:93} INFO - 	default.api.timeout.ms = 60000
[2025-07-18T15:40:10.795+0000] {subprocess.py:93} INFO - 	metadata.max.age.ms = 300000
[2025-07-18T15:40:10.796+0000] {subprocess.py:93} INFO - 	metric.reporters = []
[2025-07-18T15:40:10.796+0000] {subprocess.py:93} INFO - 	metrics.num.samples = 2
[2025-07-18T15:40:10.796+0000] {subprocess.py:93} INFO - 	metrics.recording.level = INFO
[2025-07-18T15:40:10.797+0000] {subprocess.py:93} INFO - 	metrics.sample.window.ms = 30000
[2025-07-18T15:40:10.797+0000] {subprocess.py:93} INFO - 	receive.buffer.bytes = 65536
[2025-07-18T15:40:10.798+0000] {subprocess.py:93} INFO - 	reconnect.backoff.max.ms = 1000
[2025-07-18T15:40:10.798+0000] {subprocess.py:93} INFO - 	reconnect.backoff.ms = 50
[2025-07-18T15:40:10.798+0000] {subprocess.py:93} INFO - 	request.timeout.ms = 30000
[2025-07-18T15:40:10.798+0000] {subprocess.py:93} INFO - 	retries = 2147483647
[2025-07-18T15:40:10.798+0000] {subprocess.py:93} INFO - 	retry.backoff.ms = 100
[2025-07-18T15:40:10.798+0000] {subprocess.py:93} INFO - 	sasl.client.callback.handler.class = null
[2025-07-18T15:40:10.798+0000] {subprocess.py:93} INFO - 	sasl.jaas.config = null
[2025-07-18T15:40:10.799+0000] {subprocess.py:93} INFO - 	sasl.kerberos.kinit.cmd = /usr/bin/kinit
[2025-07-18T15:40:10.799+0000] {subprocess.py:93} INFO - 	sasl.kerberos.min.time.before.relogin = 60000
[2025-07-18T15:40:10.799+0000] {subprocess.py:93} INFO - 	sasl.kerberos.service.name = null
[2025-07-18T15:40:10.799+0000] {subprocess.py:93} INFO - 	sasl.kerberos.ticket.renew.jitter = 0.05
[2025-07-18T15:40:10.799+0000] {subprocess.py:93} INFO - 	sasl.kerberos.ticket.renew.window.factor = 0.8
[2025-07-18T15:40:10.799+0000] {subprocess.py:93} INFO - 	sasl.login.callback.handler.class = null
[2025-07-18T15:40:10.799+0000] {subprocess.py:93} INFO - 	sasl.login.class = null
[2025-07-18T15:40:10.799+0000] {subprocess.py:93} INFO - 	sasl.login.connect.timeout.ms = null
[2025-07-18T15:40:10.799+0000] {subprocess.py:93} INFO - 	sasl.login.read.timeout.ms = null
[2025-07-18T15:40:10.799+0000] {subprocess.py:93} INFO - 	sasl.login.refresh.buffer.seconds = 300
[2025-07-18T15:40:10.799+0000] {subprocess.py:93} INFO - 	sasl.login.refresh.min.period.seconds = 60
[2025-07-18T15:40:10.800+0000] {subprocess.py:93} INFO - 	sasl.login.refresh.window.factor = 0.8
[2025-07-18T15:40:10.800+0000] {subprocess.py:93} INFO - 	sasl.login.refresh.window.jitter = 0.05
[2025-07-18T15:40:10.800+0000] {subprocess.py:93} INFO - 	sasl.login.retry.backoff.max.ms = 10000
[2025-07-18T15:40:10.800+0000] {subprocess.py:93} INFO - 	sasl.login.retry.backoff.ms = 100
[2025-07-18T15:40:10.800+0000] {subprocess.py:93} INFO - 	sasl.mechanism = GSSAPI
[2025-07-18T15:40:10.800+0000] {subprocess.py:93} INFO - 	sasl.oauthbearer.clock.skew.seconds = 30
[2025-07-18T15:40:10.800+0000] {subprocess.py:93} INFO - 	sasl.oauthbearer.expected.audience = null
[2025-07-18T15:40:10.800+0000] {subprocess.py:93} INFO - 	sasl.oauthbearer.expected.issuer = null
[2025-07-18T15:40:10.800+0000] {subprocess.py:93} INFO - 	sasl.oauthbearer.jwks.endpoint.refresh.ms = 3600000
[2025-07-18T15:40:10.800+0000] {subprocess.py:93} INFO - 	sasl.oauthbearer.jwks.endpoint.retry.backoff.max.ms = 10000
[2025-07-18T15:40:10.800+0000] {subprocess.py:93} INFO - 	sasl.oauthbearer.jwks.endpoint.retry.backoff.ms = 100
[2025-07-18T15:40:10.801+0000] {subprocess.py:93} INFO - 	sasl.oauthbearer.jwks.endpoint.url = null
[2025-07-18T15:40:10.801+0000] {subprocess.py:93} INFO - 	sasl.oauthbearer.scope.claim.name = scope
[2025-07-18T15:40:10.801+0000] {subprocess.py:93} INFO - 	sasl.oauthbearer.sub.claim.name = sub
[2025-07-18T15:40:10.801+0000] {subprocess.py:93} INFO - 	sasl.oauthbearer.token.endpoint.url = null
[2025-07-18T15:40:10.801+0000] {subprocess.py:93} INFO - 	security.protocol = PLAINTEXT
[2025-07-18T15:40:10.801+0000] {subprocess.py:93} INFO - 	security.providers = null
[2025-07-18T15:40:10.801+0000] {subprocess.py:93} INFO - 	send.buffer.bytes = 131072
[2025-07-18T15:40:10.801+0000] {subprocess.py:93} INFO - 	socket.connection.setup.timeout.max.ms = 30000
[2025-07-18T15:40:10.801+0000] {subprocess.py:93} INFO - 	socket.connection.setup.timeout.ms = 10000
[2025-07-18T15:40:10.801+0000] {subprocess.py:93} INFO - 	ssl.cipher.suites = null
[2025-07-18T15:40:10.801+0000] {subprocess.py:93} INFO - 	ssl.enabled.protocols = [TLSv1.2, TLSv1.3]
[2025-07-18T15:40:10.801+0000] {subprocess.py:93} INFO - 	ssl.endpoint.identification.algorithm = https
[2025-07-18T15:40:10.801+0000] {subprocess.py:93} INFO - 	ssl.engine.factory.class = null
[2025-07-18T15:40:10.801+0000] {subprocess.py:93} INFO - 	ssl.key.password = null
[2025-07-18T15:40:10.801+0000] {subprocess.py:93} INFO - 	ssl.keymanager.algorithm = SunX509
[2025-07-18T15:40:10.801+0000] {subprocess.py:93} INFO - 	ssl.keystore.certificate.chain = null
[2025-07-18T15:40:10.802+0000] {subprocess.py:93} INFO - 	ssl.keystore.key = null
[2025-07-18T15:40:10.802+0000] {subprocess.py:93} INFO - 	ssl.keystore.location = null
[2025-07-18T15:40:10.802+0000] {subprocess.py:93} INFO - 	ssl.keystore.password = null
[2025-07-18T15:40:10.803+0000] {subprocess.py:93} INFO - 	ssl.keystore.type = JKS
[2025-07-18T15:40:10.803+0000] {subprocess.py:93} INFO - 	ssl.protocol = TLSv1.3
[2025-07-18T15:40:10.804+0000] {subprocess.py:93} INFO - 	ssl.provider = null
[2025-07-18T15:40:10.804+0000] {subprocess.py:93} INFO - 	ssl.secure.random.implementation = null
[2025-07-18T15:40:10.804+0000] {subprocess.py:93} INFO - 	ssl.trustmanager.algorithm = PKIX
[2025-07-18T15:40:10.805+0000] {subprocess.py:93} INFO - 	ssl.truststore.certificates = null
[2025-07-18T15:40:10.805+0000] {subprocess.py:93} INFO - 	ssl.truststore.location = null
[2025-07-18T15:40:10.805+0000] {subprocess.py:93} INFO - 	ssl.truststore.password = null
[2025-07-18T15:40:10.805+0000] {subprocess.py:93} INFO - 	ssl.truststore.type = JKS
[2025-07-18T15:40:10.805+0000] {subprocess.py:93} INFO - 
[2025-07-18T15:40:10.856+0000] {subprocess.py:93} INFO - 25/07/18 15:40:10 INFO BaseMetastoreCatalog: Table loaded by catalog: my_catalog.bronze.Feedback_raw
[2025-07-18T15:40:10.861+0000] {subprocess.py:93} INFO - 25/07/18 15:40:10 INFO ResolveWriteToStream: Checkpoint root /tmp/checkpoints/feedback resolved to file:/tmp/checkpoints/feedback.
[2025-07-18T15:40:10.862+0000] {subprocess.py:93} INFO - 25/07/18 15:40:10 WARN ResolveWriteToStream: spark.sql.adaptive.enabled is not supported in streaming DataFrames/Datasets and will be disabled.
[2025-07-18T15:40:10.868+0000] {subprocess.py:93} INFO - 25/07/18 15:40:10 INFO AdminClientConfig: These configurations '[key.deserializer, value.deserializer, enable.auto.commit, max.poll.records, auto.offset.reset]' were supplied but are not used yet.
[2025-07-18T15:40:10.870+0000] {subprocess.py:93} INFO - 25/07/18 15:40:10 INFO AdminClientConfig: These configurations '[key.deserializer, value.deserializer, enable.auto.commit, max.poll.records, auto.offset.reset]' were supplied but are not used yet.
[2025-07-18T15:40:10.871+0000] {subprocess.py:93} INFO - 25/07/18 15:40:10 INFO MicroBatchExecution: Starting [id = d3aff090-24bc-4a1c-938f-fc839231598c, runId = 9a4e3857-7633-4fc3-8608-b4c265349f6e]. Use file:/tmp/checkpoints/feedback to store the query checkpoint.
[2025-07-18T15:40:10.876+0000] {subprocess.py:93} INFO - 25/07/18 15:40:10 INFO AppInfoParser: Kafka version: 3.5.1
[2025-07-18T15:40:10.879+0000] {subprocess.py:93} INFO - 25/07/18 15:40:10 INFO AppInfoParser: Kafka commitId: 2c6fb6c54472e90a
[2025-07-18T15:40:10.883+0000] {subprocess.py:93} INFO - 25/07/18 15:40:10 INFO AppInfoParser: Kafka startTimeMs: 1752853210864
[2025-07-18T15:40:10.884+0000] {subprocess.py:93} INFO - 25/07/18 15:40:10 INFO MicroBatchExecution: Reading table [org.apache.spark.sql.kafka010.KafkaSourceProvider$KafkaTable@4057353] from DataSourceV2 named 'kafka' [org.apache.spark.sql.kafka010.KafkaSourceProvider@ac29c7b]
[2025-07-18T15:40:10.890+0000] {subprocess.py:93} INFO - 25/07/18 15:40:10 INFO OffsetSeqLog: BatchIds found from listing: 0, 1, 2, 3, 4, 5, 6, 7, 8, 9, 10, 11, 12, 13, 14, 15, 16, 17, 18, 19, 20
[2025-07-18T15:40:10.911+0000] {subprocess.py:93} INFO - 25/07/18 15:40:10 INFO OffsetSeqLog: Getting latest batch 20
[2025-07-18T15:40:10.913+0000] {subprocess.py:93} INFO - 25/07/18 15:40:10 INFO AppInfoParser: Kafka version: 3.5.1
[2025-07-18T15:40:10.914+0000] {subprocess.py:93} INFO - 25/07/18 15:40:10 INFO AppInfoParser: Kafka commitId: 2c6fb6c54472e90a
[2025-07-18T15:40:10.914+0000] {subprocess.py:93} INFO - 25/07/18 15:40:10 INFO AppInfoParser: Kafka startTimeMs: 1752853210865
[2025-07-18T15:40:10.915+0000] {subprocess.py:93} INFO - 25/07/18 15:40:10 INFO OffsetSeqLog: BatchIds found from listing: 0, 1, 2, 3, 4, 5, 6, 7, 8, 9, 10, 11, 12, 13, 14, 15, 16, 17, 18, 19, 20
[2025-07-18T15:40:10.916+0000] {subprocess.py:93} INFO - 25/07/18 15:40:10 INFO OffsetSeqLog: Getting latest batch 20
[2025-07-18T15:40:10.916+0000] {subprocess.py:93} INFO - 25/07/18 15:40:10 INFO CommitLog: BatchIds found from listing: 0, 1, 2, 3, 4, 5, 6, 7, 8, 9, 10, 11, 12, 13, 14, 15, 16, 17, 18, 19, 20
[2025-07-18T15:40:10.916+0000] {subprocess.py:93} INFO - 25/07/18 15:40:10 INFO CommitLog: Getting latest batch 20
[2025-07-18T15:40:10.921+0000] {subprocess.py:93} INFO - 25/07/18 15:40:10 INFO MicroBatchExecution: Resuming at batch 21 with committed offsets {KafkaV2[Subscribe[feedback]]: {"feedback":{"0":66}}} and available offsets {KafkaV2[Subscribe[feedback]]: {"feedback":{"0":66}}}
[2025-07-18T15:40:10.927+0000] {subprocess.py:93} INFO - 25/07/18 15:40:10 INFO MicroBatchExecution: Stream started from {KafkaV2[Subscribe[feedback]]: {"feedback":{"0":66}}}
[2025-07-18T15:40:10.929+0000] {subprocess.py:93} INFO - 25/07/18 15:40:10 INFO AdminClientConfig: AdminClientConfig values:
[2025-07-18T15:40:10.930+0000] {subprocess.py:93} INFO - 	auto.include.jmx.reporter = true
[2025-07-18T15:40:10.932+0000] {subprocess.py:93} INFO - 	bootstrap.servers = [kafka:9092]
[2025-07-18T15:40:10.933+0000] {subprocess.py:93} INFO - 	client.dns.lookup = use_all_dns_ips
[2025-07-18T15:40:10.934+0000] {subprocess.py:93} INFO - 	client.id =
[2025-07-18T15:40:10.934+0000] {subprocess.py:93} INFO - 	connections.max.idle.ms = 300000
[2025-07-18T15:40:10.935+0000] {subprocess.py:93} INFO - 	default.api.timeout.ms = 60000
[2025-07-18T15:40:10.935+0000] {subprocess.py:93} INFO - 	metadata.max.age.ms = 300000
[2025-07-18T15:40:10.936+0000] {subprocess.py:93} INFO - 	metric.reporters = []
[2025-07-18T15:40:10.937+0000] {subprocess.py:93} INFO - 	metrics.num.samples = 2
[2025-07-18T15:40:10.938+0000] {subprocess.py:93} INFO - 	metrics.recording.level = INFO
[2025-07-18T15:40:10.939+0000] {subprocess.py:93} INFO - 	metrics.sample.window.ms = 30000
[2025-07-18T15:40:10.948+0000] {subprocess.py:93} INFO - 	receive.buffer.bytes = 65536
[2025-07-18T15:40:10.953+0000] {subprocess.py:93} INFO - 	reconnect.backoff.max.ms = 1000
[2025-07-18T15:40:10.967+0000] {subprocess.py:93} INFO - 	reconnect.backoff.ms = 50
[2025-07-18T15:40:10.969+0000] {subprocess.py:93} INFO - 	request.timeout.ms = 30000
[2025-07-18T15:40:10.972+0000] {subprocess.py:93} INFO - 	retries = 2147483647
[2025-07-18T15:40:10.973+0000] {subprocess.py:93} INFO - 	retry.backoff.ms = 100
[2025-07-18T15:40:10.973+0000] {subprocess.py:93} INFO - 	sasl.client.callback.handler.class = null
[2025-07-18T15:40:10.974+0000] {subprocess.py:93} INFO - 	sasl.jaas.config = null
[2025-07-18T15:40:10.977+0000] {subprocess.py:93} INFO - 	sasl.kerberos.kinit.cmd = /usr/bin/kinit
[2025-07-18T15:40:10.979+0000] {subprocess.py:93} INFO - 	sasl.kerberos.min.time.before.relogin = 60000
[2025-07-18T15:40:10.979+0000] {subprocess.py:93} INFO - 	sasl.kerberos.service.name = null
[2025-07-18T15:40:10.979+0000] {subprocess.py:93} INFO - 	sasl.kerberos.ticket.renew.jitter = 0.05
[2025-07-18T15:40:10.980+0000] {subprocess.py:93} INFO - 	sasl.kerberos.ticket.renew.window.factor = 0.8
[2025-07-18T15:40:10.980+0000] {subprocess.py:93} INFO - 	sasl.login.callback.handler.class = null
[2025-07-18T15:40:10.982+0000] {subprocess.py:93} INFO - 	sasl.login.class = null
[2025-07-18T15:40:10.984+0000] {subprocess.py:93} INFO - 	sasl.login.connect.timeout.ms = null
[2025-07-18T15:40:10.985+0000] {subprocess.py:93} INFO - 	sasl.login.read.timeout.ms = null
[2025-07-18T15:40:10.985+0000] {subprocess.py:93} INFO - 	sasl.login.refresh.buffer.seconds = 300
[2025-07-18T15:40:10.985+0000] {subprocess.py:93} INFO - 	sasl.login.refresh.min.period.seconds = 60
[2025-07-18T15:40:10.985+0000] {subprocess.py:93} INFO - 	sasl.login.refresh.window.factor = 0.8
[2025-07-18T15:40:10.985+0000] {subprocess.py:93} INFO - 	sasl.login.refresh.window.jitter = 0.05
[2025-07-18T15:40:10.986+0000] {subprocess.py:93} INFO - 	sasl.login.retry.backoff.max.ms = 10000
[2025-07-18T15:40:10.986+0000] {subprocess.py:93} INFO - 	sasl.login.retry.backoff.ms = 100
[2025-07-18T15:40:10.986+0000] {subprocess.py:93} INFO - 	sasl.mechanism = GSSAPI
[2025-07-18T15:40:10.986+0000] {subprocess.py:93} INFO - 	sasl.oauthbearer.clock.skew.seconds = 30
[2025-07-18T15:40:10.987+0000] {subprocess.py:93} INFO - 	sasl.oauthbearer.expected.audience = null
[2025-07-18T15:40:10.987+0000] {subprocess.py:93} INFO - 	sasl.oauthbearer.expected.issuer = null
[2025-07-18T15:40:10.987+0000] {subprocess.py:93} INFO - 	sasl.oauthbearer.jwks.endpoint.refresh.ms = 3600000
[2025-07-18T15:40:10.987+0000] {subprocess.py:93} INFO - 	sasl.oauthbearer.jwks.endpoint.retry.backoff.max.ms = 10000
[2025-07-18T15:40:10.987+0000] {subprocess.py:93} INFO - 	sasl.oauthbearer.jwks.endpoint.retry.backoff.ms = 100
[2025-07-18T15:40:10.987+0000] {subprocess.py:93} INFO - 	sasl.oauthbearer.jwks.endpoint.url = null
[2025-07-18T15:40:10.988+0000] {subprocess.py:93} INFO - 	sasl.oauthbearer.scope.claim.name = scope
[2025-07-18T15:40:10.988+0000] {subprocess.py:93} INFO - 	sasl.oauthbearer.sub.claim.name = sub
[2025-07-18T15:40:10.988+0000] {subprocess.py:93} INFO - 	sasl.oauthbearer.token.endpoint.url = null
[2025-07-18T15:40:10.988+0000] {subprocess.py:93} INFO - 	security.protocol = PLAINTEXT
[2025-07-18T15:40:10.988+0000] {subprocess.py:93} INFO - 	security.providers = null
[2025-07-18T15:40:10.988+0000] {subprocess.py:93} INFO - 	send.buffer.bytes = 131072
[2025-07-18T15:40:10.988+0000] {subprocess.py:93} INFO - 	socket.connection.setup.timeout.max.ms = 30000
[2025-07-18T15:40:10.988+0000] {subprocess.py:93} INFO - 	socket.connection.setup.timeout.ms = 10000
[2025-07-18T15:40:10.988+0000] {subprocess.py:93} INFO - 	ssl.cipher.suites = null
[2025-07-18T15:40:10.988+0000] {subprocess.py:93} INFO - 	ssl.enabled.protocols = [TLSv1.2, TLSv1.3]
[2025-07-18T15:40:10.988+0000] {subprocess.py:93} INFO - 	ssl.endpoint.identification.algorithm = https
[2025-07-18T15:40:10.988+0000] {subprocess.py:93} INFO - 	ssl.engine.factory.class = null
[2025-07-18T15:40:10.988+0000] {subprocess.py:93} INFO - 	ssl.key.password = null
[2025-07-18T15:40:10.988+0000] {subprocess.py:93} INFO - 	ssl.keymanager.algorithm = SunX509
[2025-07-18T15:40:10.988+0000] {subprocess.py:93} INFO - 	ssl.keystore.certificate.chain = null
[2025-07-18T15:40:10.989+0000] {subprocess.py:93} INFO - 	ssl.keystore.key = null
[2025-07-18T15:40:10.989+0000] {subprocess.py:93} INFO - 	ssl.keystore.location = null
[2025-07-18T15:40:10.989+0000] {subprocess.py:93} INFO - 	ssl.keystore.password = null
[2025-07-18T15:40:10.989+0000] {subprocess.py:93} INFO - 	ssl.keystore.type = JKS
[2025-07-18T15:40:10.989+0000] {subprocess.py:93} INFO - 	ssl.protocol = TLSv1.3
[2025-07-18T15:40:10.989+0000] {subprocess.py:93} INFO - 	ssl.provider = null
[2025-07-18T15:40:10.989+0000] {subprocess.py:93} INFO - 	ssl.secure.random.implementation = null
[2025-07-18T15:40:10.989+0000] {subprocess.py:93} INFO - 	ssl.trustmanager.algorithm = PKIX
[2025-07-18T15:40:10.989+0000] {subprocess.py:93} INFO - 	ssl.truststore.certificates = null
[2025-07-18T15:40:10.989+0000] {subprocess.py:93} INFO - 	ssl.truststore.location = null
[2025-07-18T15:40:10.989+0000] {subprocess.py:93} INFO - 	ssl.truststore.password = null
[2025-07-18T15:40:10.989+0000] {subprocess.py:93} INFO - 	ssl.truststore.type = JKS
[2025-07-18T15:40:10.989+0000] {subprocess.py:93} INFO - 
[2025-07-18T15:40:10.990+0000] {subprocess.py:93} INFO - 25/07/18 15:40:10 INFO AdminClientConfig: These configurations '[key.deserializer, value.deserializer, enable.auto.commit, max.poll.records, auto.offset.reset]' were supplied but are not used yet.
[2025-07-18T15:40:10.990+0000] {subprocess.py:93} INFO - 25/07/18 15:40:10 INFO AppInfoParser: Kafka version: 3.5.1
[2025-07-18T15:40:10.990+0000] {subprocess.py:93} INFO - 25/07/18 15:40:10 INFO AppInfoParser: Kafka commitId: 2c6fb6c54472e90a
[2025-07-18T15:40:10.990+0000] {subprocess.py:93} INFO - 25/07/18 15:40:10 INFO AppInfoParser: Kafka startTimeMs: 1752853210902
[2025-07-18T15:40:21.215+0000] {subprocess.py:93} INFO - 25/07/18 15:40:21 INFO MicroBatchExecution: Streaming query has been idle and waiting for new data more than 10000 ms.
[2025-07-18T15:40:21.217+0000] {subprocess.py:93} INFO - 25/07/18 15:40:21 INFO MicroBatchExecution: Streaming query has been idle and waiting for new data more than 10000 ms.
[2025-07-18T15:40:21.217+0000] {subprocess.py:93} INFO - 25/07/18 15:40:21 INFO MicroBatchExecution: Streaming query has been idle and waiting for new data more than 10000 ms.
[2025-07-18T15:40:31.218+0000] {subprocess.py:93} INFO - 25/07/18 15:40:31 INFO MicroBatchExecution: Streaming query has been idle and waiting for new data more than 10000 ms.
[2025-07-18T15:40:31.220+0000] {subprocess.py:93} INFO - 25/07/18 15:40:31 INFO MicroBatchExecution: Streaming query has been idle and waiting for new data more than 10000 ms.
[2025-07-18T15:40:31.220+0000] {subprocess.py:93} INFO - 25/07/18 15:40:31 INFO MicroBatchExecution: Streaming query has been idle and waiting for new data more than 10000 ms.
[2025-07-18T15:40:41.222+0000] {subprocess.py:93} INFO - 25/07/18 15:40:41 INFO MicroBatchExecution: Streaming query has been idle and waiting for new data more than 10000 ms.
[2025-07-18T15:40:41.223+0000] {subprocess.py:93} INFO - 25/07/18 15:40:41 INFO MicroBatchExecution: Streaming query has been idle and waiting for new data more than 10000 ms.
[2025-07-18T15:40:41.223+0000] {subprocess.py:93} INFO - 25/07/18 15:40:41 INFO MicroBatchExecution: Streaming query has been idle and waiting for new data more than 10000 ms.
[2025-07-18T15:40:51.229+0000] {subprocess.py:93} INFO - 25/07/18 15:40:51 INFO MicroBatchExecution: Streaming query has been idle and waiting for new data more than 10000 ms.
[2025-07-18T15:40:51.231+0000] {subprocess.py:93} INFO - 25/07/18 15:40:51 INFO MicroBatchExecution: Streaming query has been idle and waiting for new data more than 10000 ms.
[2025-07-18T15:40:51.231+0000] {subprocess.py:93} INFO - 25/07/18 15:40:51 INFO MicroBatchExecution: Streaming query has been idle and waiting for new data more than 10000 ms.
[2025-07-18T15:41:01.242+0000] {subprocess.py:93} INFO - 25/07/18 15:41:01 INFO MicroBatchExecution: Streaming query has been idle and waiting for new data more than 10000 ms.
[2025-07-18T15:41:01.245+0000] {subprocess.py:93} INFO - 25/07/18 15:41:01 INFO MicroBatchExecution: Streaming query has been idle and waiting for new data more than 10000 ms.
[2025-07-18T15:41:01.245+0000] {subprocess.py:93} INFO - 25/07/18 15:41:01 INFO MicroBatchExecution: Streaming query has been idle and waiting for new data more than 10000 ms.
[2025-07-18T15:41:11.240+0000] {subprocess.py:93} INFO - 25/07/18 15:41:11 INFO MicroBatchExecution: Streaming query has been idle and waiting for new data more than 10000 ms.
[2025-07-18T15:41:11.243+0000] {subprocess.py:93} INFO - 25/07/18 15:41:11 INFO MicroBatchExecution: Streaming query has been idle and waiting for new data more than 10000 ms.
[2025-07-18T15:41:11.251+0000] {subprocess.py:93} INFO - 25/07/18 15:41:11 INFO MicroBatchExecution: Streaming query has been idle and waiting for new data more than 10000 ms.
[2025-07-18T15:41:21.244+0000] {subprocess.py:93} INFO - 25/07/18 15:41:21 INFO MicroBatchExecution: Streaming query has been idle and waiting for new data more than 10000 ms.
[2025-07-18T15:41:21.244+0000] {subprocess.py:93} INFO - 25/07/18 15:41:21 INFO MicroBatchExecution: Streaming query has been idle and waiting for new data more than 10000 ms.
[2025-07-18T15:41:21.256+0000] {subprocess.py:93} INFO - 25/07/18 15:41:21 INFO MicroBatchExecution: Streaming query has been idle and waiting for new data more than 10000 ms.
[2025-07-18T15:41:31.247+0000] {subprocess.py:93} INFO - 25/07/18 15:41:31 INFO MicroBatchExecution: Streaming query has been idle and waiting for new data more than 10000 ms.
[2025-07-18T15:41:31.248+0000] {subprocess.py:93} INFO - 25/07/18 15:41:31 INFO MicroBatchExecution: Streaming query has been idle and waiting for new data more than 10000 ms.
[2025-07-18T15:41:31.259+0000] {subprocess.py:93} INFO - 25/07/18 15:41:31 INFO MicroBatchExecution: Streaming query has been idle and waiting for new data more than 10000 ms.
[2025-07-18T15:41:41.253+0000] {subprocess.py:93} INFO - 25/07/18 15:41:41 INFO MicroBatchExecution: Streaming query has been idle and waiting for new data more than 10000 ms.
[2025-07-18T15:41:41.258+0000] {subprocess.py:93} INFO - 25/07/18 15:41:41 INFO MicroBatchExecution: Streaming query has been idle and waiting for new data more than 10000 ms.
[2025-07-18T15:41:41.267+0000] {subprocess.py:93} INFO - 25/07/18 15:41:41 INFO MicroBatchExecution: Streaming query has been idle and waiting for new data more than 10000 ms.
[2025-07-18T15:41:51.259+0000] {subprocess.py:93} INFO - 25/07/18 15:41:51 INFO MicroBatchExecution: Streaming query has been idle and waiting for new data more than 10000 ms.
[2025-07-18T15:41:51.259+0000] {subprocess.py:93} INFO - 25/07/18 15:41:51 INFO MicroBatchExecution: Streaming query has been idle and waiting for new data more than 10000 ms.
[2025-07-18T15:41:51.271+0000] {subprocess.py:93} INFO - 25/07/18 15:41:51 INFO MicroBatchExecution: Streaming query has been idle and waiting for new data more than 10000 ms.
[2025-07-18T15:42:01.274+0000] {subprocess.py:93} INFO - 25/07/18 15:42:01 INFO MicroBatchExecution: Streaming query has been idle and waiting for new data more than 10000 ms.
[2025-07-18T15:42:01.276+0000] {subprocess.py:93} INFO - 25/07/18 15:42:01 INFO MicroBatchExecution: Streaming query has been idle and waiting for new data more than 10000 ms.
[2025-07-18T15:42:01.276+0000] {subprocess.py:93} INFO - 25/07/18 15:42:01 INFO MicroBatchExecution: Streaming query has been idle and waiting for new data more than 10000 ms.
[2025-07-18T15:42:02.765+0000] {subprocess.py:93} INFO - 25/07/18 15:42:02 INFO CheckpointFileManager: Writing atomically to file:/tmp/checkpoints/reservations/offsets/21 using temp file file:/tmp/checkpoints/reservations/offsets/.21.ac0566f9-8002-4884-b296-211062d97438.tmp
[2025-07-18T15:42:02.801+0000] {subprocess.py:93} INFO - 25/07/18 15:42:02 WARN CheckpointFileManager: Failed to rename temp file file:/tmp/checkpoints/reservations/offsets/.21.ac0566f9-8002-4884-b296-211062d97438.tmp to file:/tmp/checkpoints/reservations/offsets/21 because file exists
[2025-07-18T15:42:02.802+0000] {subprocess.py:93} INFO - org.apache.hadoop.fs.FileAlreadyExistsException: Rename destination file:/tmp/checkpoints/reservations/offsets/21 already exists.
[2025-07-18T15:42:02.802+0000] {subprocess.py:93} INFO - 	at org.apache.hadoop.fs.AbstractFileSystem.renameInternal(AbstractFileSystem.java:770)
[2025-07-18T15:42:02.802+0000] {subprocess.py:93} INFO - 	at org.apache.hadoop.fs.AbstractFileSystem.rename(AbstractFileSystem.java:720)
[2025-07-18T15:42:02.803+0000] {subprocess.py:93} INFO - 	at org.apache.hadoop.fs.ChecksumFs.renameInternal(ChecksumFs.java:489)
[2025-07-18T15:42:02.803+0000] {subprocess.py:93} INFO - 	at org.apache.hadoop.fs.AbstractFileSystem.rename(AbstractFileSystem.java:720)
[2025-07-18T15:42:02.803+0000] {subprocess.py:93} INFO - 	at org.apache.hadoop.fs.FileContext.rename(FileContext.java:1036)
[2025-07-18T15:42:02.803+0000] {subprocess.py:93} INFO - 	at org.apache.spark.sql.execution.streaming.FileContextBasedCheckpointFileManager.renameTempFile(CheckpointFileManager.scala:372)
[2025-07-18T15:42:02.804+0000] {subprocess.py:93} INFO - 	at org.apache.spark.sql.execution.streaming.CheckpointFileManager$RenameBasedFSDataOutputStream.close(CheckpointFileManager.scala:154)
[2025-07-18T15:42:02.805+0000] {subprocess.py:93} INFO - 	at org.apache.spark.sql.execution.streaming.HDFSMetadataLog.write(HDFSMetadataLog.scala:204)
[2025-07-18T15:42:02.806+0000] {subprocess.py:93} INFO - 	at org.apache.spark.sql.execution.streaming.HDFSMetadataLog.addNewBatchByStream(HDFSMetadataLog.scala:237)
[2025-07-18T15:42:02.807+0000] {subprocess.py:93} INFO - 	at org.apache.spark.sql.execution.streaming.HDFSMetadataLog.add(HDFSMetadataLog.scala:130)
[2025-07-18T15:42:02.807+0000] {subprocess.py:93} INFO - 	at org.apache.spark.sql.execution.streaming.MicroBatchExecution.markMicroBatchStart(MicroBatchExecution.scala:764)
[2025-07-18T15:42:02.807+0000] {subprocess.py:93} INFO - 	at org.apache.spark.sql.execution.streaming.MicroBatchExecution.$anonfun$constructNextBatch$13(MicroBatchExecution.scala:536)
[2025-07-18T15:42:02.808+0000] {subprocess.py:93} INFO - 	at scala.runtime.java8.JFunction0$mcV$sp.apply(JFunction0$mcV$sp.java:23)
[2025-07-18T15:42:02.808+0000] {subprocess.py:93} INFO - 	at org.apache.spark.sql.execution.streaming.ProgressReporter.reportTimeTaken(ProgressReporter.scala:427)
[2025-07-18T15:42:02.811+0000] {subprocess.py:93} INFO - 	at org.apache.spark.sql.execution.streaming.ProgressReporter.reportTimeTaken$(ProgressReporter.scala:425)
[2025-07-18T15:42:02.812+0000] {subprocess.py:93} INFO - 	at org.apache.spark.sql.execution.streaming.StreamExecution.reportTimeTaken(StreamExecution.scala:67)
[2025-07-18T15:42:02.814+0000] {subprocess.py:93} INFO - 	at org.apache.spark.sql.execution.streaming.MicroBatchExecution.$anonfun$constructNextBatch$1(MicroBatchExecution.scala:535)
[2025-07-18T15:42:02.815+0000] {subprocess.py:93} INFO - 	at scala.runtime.java8.JFunction0$mcZ$sp.apply(JFunction0$mcZ$sp.java:23)
[2025-07-18T15:42:02.815+0000] {subprocess.py:93} INFO - 	at org.apache.spark.sql.execution.streaming.MicroBatchExecution.withProgressLocked(MicroBatchExecution.scala:810)
[2025-07-18T15:42:02.815+0000] {subprocess.py:93} INFO - 	at org.apache.spark.sql.execution.streaming.MicroBatchExecution.constructNextBatch(MicroBatchExecution.scala:475)
[2025-07-18T15:42:02.817+0000] {subprocess.py:93} INFO - 	at org.apache.spark.sql.execution.streaming.MicroBatchExecution.$anonfun$runActivatedStream$2(MicroBatchExecution.scala:268)
[2025-07-18T15:42:02.818+0000] {subprocess.py:93} INFO - 	at scala.runtime.java8.JFunction0$mcV$sp.apply(JFunction0$mcV$sp.java:23)
[2025-07-18T15:42:02.819+0000] {subprocess.py:93} INFO - 	at org.apache.spark.sql.execution.streaming.ProgressReporter.reportTimeTaken(ProgressReporter.scala:427)
[2025-07-18T15:42:02.820+0000] {subprocess.py:93} INFO - 	at org.apache.spark.sql.execution.streaming.ProgressReporter.reportTimeTaken$(ProgressReporter.scala:425)
[2025-07-18T15:42:02.821+0000] {subprocess.py:93} INFO - 	at org.apache.spark.sql.execution.streaming.StreamExecution.reportTimeTaken(StreamExecution.scala:67)
[2025-07-18T15:42:02.822+0000] {subprocess.py:93} INFO - 	at org.apache.spark.sql.execution.streaming.MicroBatchExecution.$anonfun$runActivatedStream$1(MicroBatchExecution.scala:249)
[2025-07-18T15:42:02.823+0000] {subprocess.py:93} INFO - 	at org.apache.spark.sql.execution.streaming.ProcessingTimeExecutor.execute(TriggerExecutor.scala:67)
[2025-07-18T15:42:02.824+0000] {subprocess.py:93} INFO - 	at org.apache.spark.sql.execution.streaming.MicroBatchExecution.runActivatedStream(MicroBatchExecution.scala:239)
[2025-07-18T15:42:02.826+0000] {subprocess.py:93} INFO - 	at org.apache.spark.sql.execution.streaming.StreamExecution.$anonfun$runStream$1(StreamExecution.scala:311)
[2025-07-18T15:42:02.826+0000] {subprocess.py:93} INFO - 	at scala.runtime.java8.JFunction0$mcV$sp.apply(JFunction0$mcV$sp.java:23)
[2025-07-18T15:42:02.827+0000] {subprocess.py:93} INFO - 	at org.apache.spark.sql.SparkSession.withActive(SparkSession.scala:900)
[2025-07-18T15:42:02.829+0000] {subprocess.py:93} INFO - 	at org.apache.spark.sql.execution.streaming.StreamExecution.org$apache$spark$sql$execution$streaming$StreamExecution$$runStream(StreamExecution.scala:289)
[2025-07-18T15:42:02.830+0000] {subprocess.py:93} INFO - 	at org.apache.spark.sql.execution.streaming.StreamExecution$$anon$1.$anonfun$run$1(StreamExecution.scala:211)
[2025-07-18T15:42:02.832+0000] {subprocess.py:93} INFO - 	at scala.runtime.java8.JFunction0$mcV$sp.apply(JFunction0$mcV$sp.java:23)
[2025-07-18T15:42:02.833+0000] {subprocess.py:93} INFO - 	at org.apache.spark.JobArtifactSet$.withActiveJobArtifactState(JobArtifactSet.scala:94)
[2025-07-18T15:42:02.833+0000] {subprocess.py:93} INFO - 	at org.apache.spark.sql.execution.streaming.StreamExecution$$anon$1.run(StreamExecution.scala:211)
[2025-07-18T15:42:03.307+0000] {subprocess.py:93} INFO - 25/07/18 15:42:03 INFO CheckpointFileManager: Writing atomically to file:/tmp/checkpoints/checkins/offsets/23 using temp file file:/tmp/checkpoints/checkins/offsets/.23.f2b24388-1aa7-461f-afda-dbf723fb9a18.tmp
[2025-07-18T15:42:03.360+0000] {subprocess.py:93} INFO - 25/07/18 15:42:03 WARN CheckpointFileManager: Failed to rename temp file file:/tmp/checkpoints/checkins/offsets/.23.f2b24388-1aa7-461f-afda-dbf723fb9a18.tmp to file:/tmp/checkpoints/checkins/offsets/23 because file exists
[2025-07-18T15:42:03.361+0000] {subprocess.py:93} INFO - org.apache.hadoop.fs.FileAlreadyExistsException: rename destination file:/tmp/checkpoints/checkins/offsets/23 already exists.
[2025-07-18T15:42:03.361+0000] {subprocess.py:93} INFO - 	at org.apache.hadoop.fs.FileSystem.rename(FileSystem.java:1600)
[2025-07-18T15:42:03.362+0000] {subprocess.py:93} INFO - 	at org.apache.hadoop.fs.DelegateToFileSystem.renameInternal(DelegateToFileSystem.java:206)
[2025-07-18T15:42:03.363+0000] {subprocess.py:93} INFO - 	at org.apache.hadoop.fs.AbstractFileSystem.renameInternal(AbstractFileSystem.java:790)
[2025-07-18T15:42:03.365+0000] {subprocess.py:93} INFO - 	at org.apache.hadoop.fs.AbstractFileSystem.rename(AbstractFileSystem.java:720)
[2025-07-18T15:42:03.367+0000] {subprocess.py:93} INFO - 	at org.apache.hadoop.fs.ChecksumFs.renameInternal(ChecksumFs.java:489)
[2025-07-18T15:42:03.367+0000] {subprocess.py:93} INFO - 	at org.apache.hadoop.fs.AbstractFileSystem.rename(AbstractFileSystem.java:720)
[2025-07-18T15:42:03.367+0000] {subprocess.py:93} INFO - 	at org.apache.hadoop.fs.FileContext.rename(FileContext.java:1036)
[2025-07-18T15:42:03.382+0000] {subprocess.py:93} INFO - 	at org.apache.spark.sql.execution.streaming.FileContextBasedCheckpointFileManager.renameTempFile(CheckpointFileManager.scala:372)
[2025-07-18T15:42:03.384+0000] {subprocess.py:93} INFO - 	at org.apache.spark.sql.execution.streaming.CheckpointFileManager$RenameBasedFSDataOutputStream.close(CheckpointFileManager.scala:154)
[2025-07-18T15:42:03.384+0000] {subprocess.py:93} INFO - 	at org.apache.spark.sql.execution.streaming.HDFSMetadataLog.write(HDFSMetadataLog.scala:204)
[2025-07-18T15:42:03.385+0000] {subprocess.py:93} INFO - 	at org.apache.spark.sql.execution.streaming.HDFSMetadataLog.addNewBatchByStream(HDFSMetadataLog.scala:237)
[2025-07-18T15:42:03.386+0000] {subprocess.py:93} INFO - 	at org.apache.spark.sql.execution.streaming.HDFSMetadataLog.add(HDFSMetadataLog.scala:130)
[2025-07-18T15:42:03.390+0000] {subprocess.py:93} INFO - 	at org.apache.spark.sql.execution.streaming.MicroBatchExecution.markMicroBatchStart(MicroBatchExecution.scala:764)
[2025-07-18T15:42:03.392+0000] {subprocess.py:93} INFO - 	at org.apache.spark.sql.execution.streaming.MicroBatchExecution.$anonfun$constructNextBatch$13(MicroBatchExecution.scala:536)
[2025-07-18T15:42:03.395+0000] {subprocess.py:93} INFO - 	at scala.runtime.java8.JFunction0$mcV$sp.apply(JFunction0$mcV$sp.java:23)
[2025-07-18T15:42:03.396+0000] {subprocess.py:93} INFO - 	at org.apache.spark.sql.execution.streaming.ProgressReporter.reportTimeTaken(ProgressReporter.scala:427)
[2025-07-18T15:42:03.399+0000] {subprocess.py:93} INFO - 	at org.apache.spark.sql.execution.streaming.ProgressReporter.reportTimeTaken$(ProgressReporter.scala:425)
[2025-07-18T15:42:03.401+0000] {subprocess.py:93} INFO - 	at org.apache.spark.sql.execution.streaming.StreamExecution.reportTimeTaken(StreamExecution.scala:67)
[2025-07-18T15:42:03.403+0000] {subprocess.py:93} INFO - 	at org.apache.spark.sql.execution.streaming.MicroBatchExecution.$anonfun$constructNextBatch$1(MicroBatchExecution.scala:535)
[2025-07-18T15:42:03.406+0000] {subprocess.py:93} INFO - 	at scala.runtime.java8.JFunction0$mcZ$sp.apply(JFunction0$mcZ$sp.java:23)
[2025-07-18T15:42:03.410+0000] {subprocess.py:93} INFO - 	at org.apache.spark.sql.execution.streaming.MicroBatchExecution.withProgressLocked(MicroBatchExecution.scala:810)
[2025-07-18T15:42:03.411+0000] {subprocess.py:93} INFO - 	at org.apache.spark.sql.execution.streaming.MicroBatchExecution.constructNextBatch(MicroBatchExecution.scala:475)
[2025-07-18T15:42:03.412+0000] {subprocess.py:93} INFO - 	at org.apache.spark.sql.execution.streaming.MicroBatchExecution.$anonfun$runActivatedStream$2(MicroBatchExecution.scala:268)
[2025-07-18T15:42:03.413+0000] {subprocess.py:93} INFO - 	at scala.runtime.java8.JFunction0$mcV$sp.apply(JFunction0$mcV$sp.java:23)
[2025-07-18T15:42:03.415+0000] {subprocess.py:93} INFO - 	at org.apache.spark.sql.execution.streaming.ProgressReporter.reportTimeTaken(ProgressReporter.scala:427)
[2025-07-18T15:42:03.416+0000] {subprocess.py:93} INFO - 	at org.apache.spark.sql.execution.streaming.ProgressReporter.reportTimeTaken$(ProgressReporter.scala:425)
[2025-07-18T15:42:03.417+0000] {subprocess.py:93} INFO - 	at org.apache.spark.sql.execution.streaming.StreamExecution.reportTimeTaken(StreamExecution.scala:67)
[2025-07-18T15:42:03.418+0000] {subprocess.py:93} INFO - 	at org.apache.spark.sql.execution.streaming.MicroBatchExecution.$anonfun$runActivatedStream$1(MicroBatchExecution.scala:249)
[2025-07-18T15:42:03.418+0000] {subprocess.py:93} INFO - 	at org.apache.spark.sql.execution.streaming.ProcessingTimeExecutor.execute(TriggerExecutor.scala:67)
[2025-07-18T15:42:03.419+0000] {subprocess.py:93} INFO - 	at org.apache.spark.sql.execution.streaming.MicroBatchExecution.runActivatedStream(MicroBatchExecution.scala:239)
[2025-07-18T15:42:03.420+0000] {subprocess.py:93} INFO - 	at org.apache.spark.sql.execution.streaming.StreamExecution.$anonfun$runStream$1(StreamExecution.scala:311)
[2025-07-18T15:42:03.420+0000] {subprocess.py:93} INFO - 	at scala.runtime.java8.JFunction0$mcV$sp.apply(JFunction0$mcV$sp.java:23)
[2025-07-18T15:42:03.421+0000] {subprocess.py:93} INFO - 	at org.apache.spark.sql.SparkSession.withActive(SparkSession.scala:900)
[2025-07-18T15:42:03.421+0000] {subprocess.py:93} INFO - 	at org.apache.spark.sql.execution.streaming.StreamExecution.org$apache$spark$sql$execution$streaming$StreamExecution$$runStream(StreamExecution.scala:289)
[2025-07-18T15:42:03.423+0000] {subprocess.py:93} INFO - 	at org.apache.spark.sql.execution.streaming.StreamExecution$$anon$1.$anonfun$run$1(StreamExecution.scala:211)
[2025-07-18T15:42:03.423+0000] {subprocess.py:93} INFO - 	at scala.runtime.java8.JFunction0$mcV$sp.apply(JFunction0$mcV$sp.java:23)
[2025-07-18T15:42:03.424+0000] {subprocess.py:93} INFO - 	at org.apache.spark.JobArtifactSet$.withActiveJobArtifactState(JobArtifactSet.scala:94)
[2025-07-18T15:42:03.425+0000] {subprocess.py:93} INFO - 	at org.apache.spark.sql.execution.streaming.StreamExecution$$anon$1.run(StreamExecution.scala:211)
[2025-07-18T15:42:03.425+0000] {subprocess.py:93} INFO - 25/07/18 15:42:03 ERROR MicroBatchExecution: Query [id = a9a9b3af-d3c2-4704-81e0-4163831ae683, runId = 578bd6d7-a746-4bc1-b9f7-0247874550dd] terminated with error
[2025-07-18T15:42:03.426+0000] {subprocess.py:93} INFO - org.apache.spark.SparkConcurrentModificationException: Multiple streaming queries are concurrently using file:/tmp/checkpoints/checkins/offsets.
[2025-07-18T15:42:03.427+0000] {subprocess.py:93} INFO - 	at org.apache.spark.sql.errors.QueryExecutionErrors$.multiStreamingQueriesUsingPathConcurrentlyError(QueryExecutionErrors.scala:1858)
[2025-07-18T15:42:03.432+0000] {subprocess.py:93} INFO - 	at org.apache.spark.sql.execution.streaming.HDFSMetadataLog.write(HDFSMetadataLog.scala:210)
[2025-07-18T15:42:03.432+0000] {subprocess.py:93} INFO - 	at org.apache.spark.sql.execution.streaming.HDFSMetadataLog.addNewBatchByStream(HDFSMetadataLog.scala:237)
[2025-07-18T15:42:03.433+0000] {subprocess.py:93} INFO - 	at org.apache.spark.sql.execution.streaming.HDFSMetadataLog.add(HDFSMetadataLog.scala:130)
[2025-07-18T15:42:03.434+0000] {subprocess.py:93} INFO - 	at org.apache.spark.sql.execution.streaming.MicroBatchExecution.markMicroBatchStart(MicroBatchExecution.scala:764)
[2025-07-18T15:42:03.434+0000] {subprocess.py:93} INFO - 	at org.apache.spark.sql.execution.streaming.MicroBatchExecution.$anonfun$constructNextBatch$13(MicroBatchExecution.scala:536)
[2025-07-18T15:42:03.435+0000] {subprocess.py:93} INFO - 	at scala.runtime.java8.JFunction0$mcV$sp.apply(JFunction0$mcV$sp.java:23)
[2025-07-18T15:42:03.435+0000] {subprocess.py:93} INFO - 	at org.apache.spark.sql.execution.streaming.ProgressReporter.reportTimeTaken(ProgressReporter.scala:427)
[2025-07-18T15:42:03.436+0000] {subprocess.py:93} INFO - 	at org.apache.spark.sql.execution.streaming.ProgressReporter.reportTimeTaken$(ProgressReporter.scala:425)
[2025-07-18T15:42:03.437+0000] {subprocess.py:93} INFO - 	at org.apache.spark.sql.execution.streaming.StreamExecution.reportTimeTaken(StreamExecution.scala:67)
[2025-07-18T15:42:03.438+0000] {subprocess.py:93} INFO - 	at org.apache.spark.sql.execution.streaming.MicroBatchExecution.$anonfun$constructNextBatch$1(MicroBatchExecution.scala:535)
[2025-07-18T15:42:03.439+0000] {subprocess.py:93} INFO - 	at scala.runtime.java8.JFunction0$mcZ$sp.apply(JFunction0$mcZ$sp.java:23)
[2025-07-18T15:42:03.440+0000] {subprocess.py:93} INFO - 	at org.apache.spark.sql.execution.streaming.MicroBatchExecution.withProgressLocked(MicroBatchExecution.scala:810)
[2025-07-18T15:42:03.440+0000] {subprocess.py:93} INFO - 	at org.apache.spark.sql.execution.streaming.MicroBatchExecution.constructNextBatch(MicroBatchExecution.scala:475)
[2025-07-18T15:42:03.442+0000] {subprocess.py:93} INFO - 	at org.apache.spark.sql.execution.streaming.MicroBatchExecution.$anonfun$runActivatedStream$2(MicroBatchExecution.scala:268)
[2025-07-18T15:42:03.442+0000] {subprocess.py:93} INFO - 	at scala.runtime.java8.JFunction0$mcV$sp.apply(JFunction0$mcV$sp.java:23)
[2025-07-18T15:42:03.443+0000] {subprocess.py:93} INFO - 	at org.apache.spark.sql.execution.streaming.ProgressReporter.reportTimeTaken(ProgressReporter.scala:427)
[2025-07-18T15:42:03.443+0000] {subprocess.py:93} INFO - 	at org.apache.spark.sql.execution.streaming.ProgressReporter.reportTimeTaken$(ProgressReporter.scala:425)
[2025-07-18T15:42:03.447+0000] {subprocess.py:93} INFO - 	at org.apache.spark.sql.execution.streaming.StreamExecution.reportTimeTaken(StreamExecution.scala:67)
[2025-07-18T15:42:03.447+0000] {subprocess.py:93} INFO - 	at org.apache.spark.sql.execution.streaming.MicroBatchExecution.$anonfun$runActivatedStream$1(MicroBatchExecution.scala:249)
[2025-07-18T15:42:03.448+0000] {subprocess.py:93} INFO - 	at org.apache.spark.sql.execution.streaming.ProcessingTimeExecutor.execute(TriggerExecutor.scala:67)
[2025-07-18T15:42:03.449+0000] {subprocess.py:93} INFO - 	at org.apache.spark.sql.execution.streaming.MicroBatchExecution.runActivatedStream(MicroBatchExecution.scala:239)
[2025-07-18T15:42:03.455+0000] {subprocess.py:93} INFO - 	at org.apache.spark.sql.execution.streaming.StreamExecution.$anonfun$runStream$1(StreamExecution.scala:311)
[2025-07-18T15:42:03.457+0000] {subprocess.py:93} INFO - 	at scala.runtime.java8.JFunction0$mcV$sp.apply(JFunction0$mcV$sp.java:23)
[2025-07-18T15:42:03.458+0000] {subprocess.py:93} INFO - 	at org.apache.spark.sql.SparkSession.withActive(SparkSession.scala:900)
[2025-07-18T15:42:03.458+0000] {subprocess.py:93} INFO - 	at org.apache.spark.sql.execution.streaming.StreamExecution.org$apache$spark$sql$execution$streaming$StreamExecution$$runStream(StreamExecution.scala:289)
[2025-07-18T15:42:03.458+0000] {subprocess.py:93} INFO - 	at org.apache.spark.sql.execution.streaming.StreamExecution$$anon$1.$anonfun$run$1(StreamExecution.scala:211)
[2025-07-18T15:42:03.459+0000] {subprocess.py:93} INFO - 	at scala.runtime.java8.JFunction0$mcV$sp.apply(JFunction0$mcV$sp.java:23)
[2025-07-18T15:42:03.460+0000] {subprocess.py:93} INFO - 	at org.apache.spark.JobArtifactSet$.withActiveJobArtifactState(JobArtifactSet.scala:94)
[2025-07-18T15:42:03.461+0000] {subprocess.py:93} INFO - 	at org.apache.spark.sql.execution.streaming.StreamExecution$$anon$1.run(StreamExecution.scala:211)
[2025-07-18T15:42:03.462+0000] {subprocess.py:93} INFO - Caused by: org.apache.hadoop.fs.FileAlreadyExistsException: rename destination file:/tmp/checkpoints/checkins/offsets/23 already exists.
[2025-07-18T15:42:03.463+0000] {subprocess.py:93} INFO - 	at org.apache.hadoop.fs.FileSystem.rename(FileSystem.java:1600)
[2025-07-18T15:42:03.465+0000] {subprocess.py:93} INFO - 	at org.apache.hadoop.fs.DelegateToFileSystem.renameInternal(DelegateToFileSystem.java:206)
[2025-07-18T15:42:03.466+0000] {subprocess.py:93} INFO - 	at org.apache.hadoop.fs.AbstractFileSystem.renameInternal(AbstractFileSystem.java:790)
[2025-07-18T15:42:03.467+0000] {subprocess.py:93} INFO - 	at org.apache.hadoop.fs.AbstractFileSystem.rename(AbstractFileSystem.java:720)
[2025-07-18T15:42:03.467+0000] {subprocess.py:93} INFO - 	at org.apache.hadoop.fs.ChecksumFs.renameInternal(ChecksumFs.java:489)
[2025-07-18T15:42:03.468+0000] {subprocess.py:93} INFO - 	at org.apache.hadoop.fs.AbstractFileSystem.rename(AbstractFileSystem.java:720)
[2025-07-18T15:42:03.471+0000] {subprocess.py:93} INFO - 	at org.apache.hadoop.fs.FileContext.rename(FileContext.java:1036)
[2025-07-18T15:42:03.473+0000] {subprocess.py:93} INFO - 	at org.apache.spark.sql.execution.streaming.FileContextBasedCheckpointFileManager.renameTempFile(CheckpointFileManager.scala:372)
[2025-07-18T15:42:03.475+0000] {subprocess.py:93} INFO - 	at org.apache.spark.sql.execution.streaming.CheckpointFileManager$RenameBasedFSDataOutputStream.close(CheckpointFileManager.scala:154)
[2025-07-18T15:42:03.475+0000] {subprocess.py:93} INFO - 	at org.apache.spark.sql.execution.streaming.HDFSMetadataLog.write(HDFSMetadataLog.scala:204)
[2025-07-18T15:42:03.477+0000] {subprocess.py:93} INFO - 	... 28 more
[2025-07-18T15:42:03.477+0000] {subprocess.py:93} INFO - 25/07/18 15:42:03 INFO AppInfoParser: App info kafka.admin.client for adminclient-1 unregistered
[2025-07-18T15:42:03.478+0000] {subprocess.py:93} INFO - 25/07/18 15:42:03 ERROR MicroBatchExecution: Query [id = 0314df7c-5598-4928-8d91-374ee67989d1, runId = dee1986b-9e15-460a-81e7-4e14dfef8a89] terminated with error
[2025-07-18T15:42:03.479+0000] {subprocess.py:93} INFO - org.apache.spark.SparkConcurrentModificationException: Multiple streaming queries are concurrently using file:/tmp/checkpoints/reservations/offsets.
[2025-07-18T15:42:03.481+0000] {subprocess.py:93} INFO - 	at org.apache.spark.sql.errors.QueryExecutionErrors$.multiStreamingQueriesUsingPathConcurrentlyError(QueryExecutionErrors.scala:1858)
[2025-07-18T15:42:03.484+0000] {subprocess.py:93} INFO - 	at org.apache.spark.sql.execution.streaming.HDFSMetadataLog.write(HDFSMetadataLog.scala:210)
[2025-07-18T15:42:03.484+0000] {subprocess.py:93} INFO - 	at org.apache.spark.sql.execution.streaming.HDFSMetadataLog.addNewBatchByStream(HDFSMetadataLog.scala:237)
[2025-07-18T15:42:03.485+0000] {subprocess.py:93} INFO - 	at org.apache.spark.sql.execution.streaming.HDFSMetadataLog.add(HDFSMetadataLog.scala:130)
[2025-07-18T15:42:03.485+0000] {subprocess.py:93} INFO - 	at org.apache.spark.sql.execution.streaming.MicroBatchExecution.markMicroBatchStart(MicroBatchExecution.scala:764)
[2025-07-18T15:42:03.486+0000] {subprocess.py:93} INFO - 	at org.apache.spark.sql.execution.streaming.MicroBatchExecution.$anonfun$constructNextBatch$13(MicroBatchExecution.scala:536)
[2025-07-18T15:42:03.487+0000] {subprocess.py:93} INFO - 	at scala.runtime.java8.JFunction0$mcV$sp.apply(JFunction0$mcV$sp.java:23)
[2025-07-18T15:42:03.487+0000] {subprocess.py:93} INFO - 	at org.apache.spark.sql.execution.streaming.ProgressReporter.reportTimeTaken(ProgressReporter.scala:427)
[2025-07-18T15:42:03.492+0000] {subprocess.py:93} INFO - 	at org.apache.spark.sql.execution.streaming.ProgressReporter.reportTimeTaken$(ProgressReporter.scala:425)
[2025-07-18T15:42:03.493+0000] {subprocess.py:93} INFO - 	at org.apache.spark.sql.execution.streaming.StreamExecution.reportTimeTaken(StreamExecution.scala:67)
[2025-07-18T15:42:03.493+0000] {subprocess.py:93} INFO - 	at org.apache.spark.sql.execution.streaming.MicroBatchExecution.$anonfun$constructNextBatch$1(MicroBatchExecution.scala:535)
[2025-07-18T15:42:03.494+0000] {subprocess.py:93} INFO - 	at scala.runtime.java8.JFunction0$mcZ$sp.apply(JFunction0$mcZ$sp.java:23)
[2025-07-18T15:42:03.494+0000] {subprocess.py:93} INFO - 	at org.apache.spark.sql.execution.streaming.MicroBatchExecution.withProgressLocked(MicroBatchExecution.scala:810)
[2025-07-18T15:42:03.495+0000] {subprocess.py:93} INFO - 	at org.apache.spark.sql.execution.streaming.MicroBatchExecution.constructNextBatch(MicroBatchExecution.scala:475)
[2025-07-18T15:42:03.495+0000] {subprocess.py:93} INFO - 	at org.apache.spark.sql.execution.streaming.MicroBatchExecution.$anonfun$runActivatedStream$2(MicroBatchExecution.scala:268)
[2025-07-18T15:42:03.497+0000] {subprocess.py:93} INFO - 	at scala.runtime.java8.JFunction0$mcV$sp.apply(JFunction0$mcV$sp.java:23)
[2025-07-18T15:42:03.498+0000] {subprocess.py:93} INFO - 	at org.apache.spark.sql.execution.streaming.ProgressReporter.reportTimeTaken(ProgressReporter.scala:427)
[2025-07-18T15:42:03.499+0000] {subprocess.py:93} INFO - 	at org.apache.spark.sql.execution.streaming.ProgressReporter.reportTimeTaken$(ProgressReporter.scala:425)
[2025-07-18T15:42:03.500+0000] {subprocess.py:93} INFO - 	at org.apache.spark.sql.execution.streaming.StreamExecution.reportTimeTaken(StreamExecution.scala:67)
[2025-07-18T15:42:03.500+0000] {subprocess.py:93} INFO - 	at org.apache.spark.sql.execution.streaming.MicroBatchExecution.$anonfun$runActivatedStream$1(MicroBatchExecution.scala:249)
[2025-07-18T15:42:03.502+0000] {subprocess.py:93} INFO - 	at org.apache.spark.sql.execution.streaming.ProcessingTimeExecutor.execute(TriggerExecutor.scala:67)
[2025-07-18T15:42:03.502+0000] {subprocess.py:93} INFO - 	at org.apache.spark.sql.execution.streaming.MicroBatchExecution.runActivatedStream(MicroBatchExecution.scala:239)
[2025-07-18T15:42:03.503+0000] {subprocess.py:93} INFO - 	at org.apache.spark.sql.execution.streaming.StreamExecution.$anonfun$runStream$1(StreamExecution.scala:311)
[2025-07-18T15:42:03.503+0000] {subprocess.py:93} INFO - 	at scala.runtime.java8.JFunction0$mcV$sp.apply(JFunction0$mcV$sp.java:23)
[2025-07-18T15:42:03.503+0000] {subprocess.py:93} INFO - 	at org.apache.spark.sql.SparkSession.withActive(SparkSession.scala:900)
[2025-07-18T15:42:03.504+0000] {subprocess.py:93} INFO - 	at org.apache.spark.sql.execution.streaming.StreamExecution.org$apache$spark$sql$execution$streaming$StreamExecution$$runStream(StreamExecution.scala:289)
[2025-07-18T15:42:03.504+0000] {subprocess.py:93} INFO - 	at org.apache.spark.sql.execution.streaming.StreamExecution$$anon$1.$anonfun$run$1(StreamExecution.scala:211)
[2025-07-18T15:42:03.504+0000] {subprocess.py:93} INFO - 	at scala.runtime.java8.JFunction0$mcV$sp.apply(JFunction0$mcV$sp.java:23)
[2025-07-18T15:42:03.504+0000] {subprocess.py:93} INFO - 	at org.apache.spark.JobArtifactSet$.withActiveJobArtifactState(JobArtifactSet.scala:94)
[2025-07-18T15:42:03.506+0000] {subprocess.py:93} INFO - 	at org.apache.spark.sql.execution.streaming.StreamExecution$$anon$1.run(StreamExecution.scala:211)
[2025-07-18T15:42:03.507+0000] {subprocess.py:93} INFO - Caused by: org.apache.hadoop.fs.FileAlreadyExistsException: Rename destination file:/tmp/checkpoints/reservations/offsets/21 already exists.
[2025-07-18T15:42:03.507+0000] {subprocess.py:93} INFO - 	at org.apache.hadoop.fs.AbstractFileSystem.renameInternal(AbstractFileSystem.java:770)
[2025-07-18T15:42:03.507+0000] {subprocess.py:93} INFO - 	at org.apache.hadoop.fs.AbstractFileSystem.rename(AbstractFileSystem.java:720)
[2025-07-18T15:42:03.508+0000] {subprocess.py:93} INFO - 	at org.apache.hadoop.fs.ChecksumFs.renameInternal(ChecksumFs.java:489)
[2025-07-18T15:42:03.508+0000] {subprocess.py:93} INFO - 	at org.apache.hadoop.fs.AbstractFileSystem.rename(AbstractFileSystem.java:720)
[2025-07-18T15:42:03.511+0000] {subprocess.py:93} INFO - 	at org.apache.hadoop.fs.FileContext.rename(FileContext.java:1036)
[2025-07-18T15:42:03.512+0000] {subprocess.py:93} INFO - 	at org.apache.spark.sql.execution.streaming.FileContextBasedCheckpointFileManager.renameTempFile(CheckpointFileManager.scala:372)
[2025-07-18T15:42:03.515+0000] {subprocess.py:93} INFO - 	at org.apache.spark.sql.execution.streaming.CheckpointFileManager$RenameBasedFSDataOutputStream.close(CheckpointFileManager.scala:154)
[2025-07-18T15:42:03.518+0000] {subprocess.py:93} INFO - 	at org.apache.spark.sql.execution.streaming.HDFSMetadataLog.write(HDFSMetadataLog.scala:204)
[2025-07-18T15:42:03.518+0000] {subprocess.py:93} INFO - 	... 28 more
[2025-07-18T15:42:03.520+0000] {subprocess.py:93} INFO - 25/07/18 15:42:03 INFO AppInfoParser: App info kafka.admin.client for adminclient-2 unregistered
[2025-07-18T15:42:03.524+0000] {subprocess.py:93} INFO - 25/07/18 15:42:03 INFO Metrics: Metrics scheduler closed
[2025-07-18T15:42:03.525+0000] {subprocess.py:93} INFO - 25/07/18 15:42:03 INFO Metrics: Closing reporter org.apache.kafka.common.metrics.JmxReporter
[2025-07-18T15:42:03.526+0000] {subprocess.py:93} INFO - 25/07/18 15:42:03 INFO Metrics: Metrics reporters closed
[2025-07-18T15:42:03.528+0000] {subprocess.py:93} INFO - 25/07/18 15:42:03 INFO MicroBatchExecution: Async log purge executor pool for query [id = 0314df7c-5598-4928-8d91-374ee67989d1, runId = dee1986b-9e15-460a-81e7-4e14dfef8a89] has been shutdown
[2025-07-18T15:42:03.532+0000] {subprocess.py:93} INFO - 25/07/18 15:42:03 INFO Metrics: Metrics scheduler closed
[2025-07-18T15:42:03.535+0000] {subprocess.py:93} INFO - 25/07/18 15:42:03 INFO Metrics: Closing reporter org.apache.kafka.common.metrics.JmxReporter
[2025-07-18T15:42:03.536+0000] {subprocess.py:93} INFO - 25/07/18 15:42:03 INFO Metrics: Metrics reporters closed
[2025-07-18T15:42:03.536+0000] {subprocess.py:93} INFO - 25/07/18 15:42:03 INFO MicroBatchExecution: Async log purge executor pool for query [id = a9a9b3af-d3c2-4704-81e0-4163831ae683, runId = 578bd6d7-a746-4bc1-b9f7-0247874550dd] has been shutdown
[2025-07-18T15:42:03.579+0000] {subprocess.py:93} INFO - Traceback (most recent call last):
[2025-07-18T15:42:03.582+0000] {subprocess.py:93} INFO -   File "/home/iceberg/spark/stream_to_bronze.py", line 94, in <module>
[2025-07-18T15:42:03.585+0000] {subprocess.py:93} INFO -     spark.streams.awaitAnyTermination()
[2025-07-18T15:42:03.586+0000] {subprocess.py:93} INFO -   File "/opt/bitnami/spark/python/lib/pyspark.zip/pyspark/sql/streaming/query.py", line 596, in awaitAnyTermination
[2025-07-18T15:42:03.587+0000] {subprocess.py:93} INFO -   File "/opt/bitnami/spark/python/lib/py4j-0.10.9.7-src.zip/py4j/java_gateway.py", line 1322, in __call__
[2025-07-18T15:42:03.593+0000] {subprocess.py:93} INFO -   File "/opt/bitnami/spark/python/lib/pyspark.zip/pyspark/errors/exceptions/captured.py", line 185, in deco
[2025-07-18T15:42:03.599+0000] {subprocess.py:93} INFO - pyspark.errors.exceptions.captured.StreamingQueryException: [STREAM_FAILED] Query [id = 0314df7c-5598-4928-8d91-374ee67989d1, runId = dee1986b-9e15-460a-81e7-4e14dfef8a89] terminated with exception: Multiple streaming queries are concurrently using file:/tmp/checkpoints/reservations/offsets.
[2025-07-18T15:42:03.722+0000] {subprocess.py:93} INFO - 25/07/18 15:42:03 INFO SparkContext: Invoking stop() from shutdown hook
[2025-07-18T15:42:03.723+0000] {subprocess.py:93} INFO - 25/07/18 15:42:03 INFO SparkContext: SparkContext is stopping with exitCode 0.
[2025-07-18T15:42:03.778+0000] {subprocess.py:93} INFO - 25/07/18 15:42:03 INFO SparkUI: Stopped Spark web UI at http://77cb57a6bd53:4041
[2025-07-18T15:42:03.833+0000] {subprocess.py:93} INFO - 25/07/18 15:42:03 INFO MapOutputTrackerMasterEndpoint: MapOutputTrackerMasterEndpoint stopped!
[2025-07-18T15:42:03.879+0000] {subprocess.py:93} INFO - 25/07/18 15:42:03 INFO MemoryStore: MemoryStore cleared
[2025-07-18T15:42:03.880+0000] {subprocess.py:93} INFO - 25/07/18 15:42:03 INFO BlockManager: BlockManager stopped
[2025-07-18T15:42:03.890+0000] {subprocess.py:93} INFO - 25/07/18 15:42:03 INFO BlockManagerMaster: BlockManagerMaster stopped
[2025-07-18T15:42:03.894+0000] {subprocess.py:93} INFO - 25/07/18 15:42:03 INFO OutputCommitCoordinator$OutputCommitCoordinatorEndpoint: OutputCommitCoordinator stopped!
[2025-07-18T15:42:03.924+0000] {subprocess.py:93} INFO - 25/07/18 15:42:03 INFO CheckpointFileManager: Writing atomically to file:/tmp/checkpoints/feedback/offsets/21 using temp file file:/tmp/checkpoints/feedback/offsets/.21.e74ae128-c0b4-4119-b6cb-f7de06f7b616.tmp
[2025-07-18T15:42:03.941+0000] {subprocess.py:93} INFO - 25/07/18 15:42:03 INFO SparkContext: Successfully stopped SparkContext
[2025-07-18T15:42:03.942+0000] {subprocess.py:93} INFO - 25/07/18 15:42:03 INFO ShutdownHookManager: Shutdown hook called
[2025-07-18T15:42:03.942+0000] {subprocess.py:93} INFO - 25/07/18 15:42:03 INFO ShutdownHookManager: Deleting directory /tmp/spark-7a56719d-efbc-4bb6-8a7f-4fdbaae370af
[2025-07-18T15:42:03.954+0000] {subprocess.py:93} INFO - 25/07/18 15:42:03 INFO ShutdownHookManager: Deleting directory /tmp/spark-60ead29a-8323-478d-874c-a7c6c191495d
[2025-07-18T15:42:03.960+0000] {subprocess.py:93} INFO - 25/07/18 15:42:03 INFO ShutdownHookManager: Deleting directory /tmp/spark-60ead29a-8323-478d-874c-a7c6c191495d/pyspark-2ae400f8-c742-4833-9310-9e09d04ccaef
[2025-07-18T15:42:03.971+0000] {subprocess.py:93} INFO - 25/07/18 15:42:03 INFO MetricsSystemImpl: Stopping s3a-file-system metrics system...
[2025-07-18T15:42:03.971+0000] {subprocess.py:93} INFO - 25/07/18 15:42:03 INFO MetricsSystemImpl: s3a-file-system metrics system stopped.
[2025-07-18T15:42:03.971+0000] {subprocess.py:93} INFO - 25/07/18 15:42:03 INFO MetricsSystemImpl: s3a-file-system metrics system shutdown complete.
[2025-07-18T15:42:04.407+0000] {subprocess.py:97} INFO - Command exited with return code 1
[2025-07-18T15:42:04.432+0000] {taskinstance.py:1937} ERROR - Task failed with exception
Traceback (most recent call last):
  File "/home/airflow/.local/lib/python3.8/site-packages/airflow/operators/bash.py", line 210, in execute
    raise AirflowException(
airflow.exceptions.AirflowException: Bash command failed. The command returned a non-zero exit code 1.
[2025-07-18T15:42:04.437+0000] {taskinstance.py:1400} INFO - Marking task as FAILED. dag_id=restaurant_pipeline, task_id=stream_to_bronze, execution_date=20250718T153800, start_date=20250718T154005, end_date=20250718T154204
[2025-07-18T15:42:04.453+0000] {standard_task_runner.py:104} ERROR - Failed to execute job 123 for task stream_to_bronze (Bash command failed. The command returned a non-zero exit code 1.; 581)
[2025-07-18T15:42:04.484+0000] {local_task_job_runner.py:228} INFO - Task exited with return code 1
[2025-07-18T15:42:04.534+0000] {taskinstance.py:2778} INFO - 0 downstream tasks scheduled from follow-on schedule check
