[2025-07-19T21:18:47.494+0000] {taskinstance.py:1159} INFO - Dependencies all met for dep_context=non-requeueable deps ti=<TaskInstance: restaurant_pipeline.send_to_kafka scheduled__2025-07-19T21:16:00+00:00 [queued]>
[2025-07-19T21:18:47.498+0000] {taskinstance.py:1159} INFO - Dependencies all met for dep_context=requeueable deps ti=<TaskInstance: restaurant_pipeline.send_to_kafka scheduled__2025-07-19T21:16:00+00:00 [queued]>
[2025-07-19T21:18:47.498+0000] {taskinstance.py:1361} INFO - Starting attempt 1 of 1
[2025-07-19T21:18:47.504+0000] {taskinstance.py:1382} INFO - Executing <Task(BashOperator): send_to_kafka> on 2025-07-19 21:16:00+00:00
[2025-07-19T21:18:47.506+0000] {standard_task_runner.py:57} INFO - Started process 4298 to run task
[2025-07-19T21:18:47.509+0000] {standard_task_runner.py:84} INFO - Running: ['***', 'tasks', 'run', 'restaurant_pipeline', 'send_to_kafka', 'scheduled__2025-07-19T21:16:00+00:00', '--job-id', '1242', '--raw', '--subdir', 'DAGS_FOLDER/restaurant_pipeline.py', '--cfg-path', '/tmp/tmpi027p_n8']
[2025-07-19T21:18:47.510+0000] {standard_task_runner.py:85} INFO - Job 1242: Subtask send_to_kafka
[2025-07-19T21:18:47.535+0000] {task_command.py:416} INFO - Running <TaskInstance: restaurant_pipeline.send_to_kafka scheduled__2025-07-19T21:16:00+00:00 [running]> on host e3f5d8fc4eef
[2025-07-19T21:18:47.574+0000] {taskinstance.py:1662} INFO - Exporting env vars: AIRFLOW_CTX_DAG_OWNER='moran' AIRFLOW_CTX_DAG_ID='restaurant_pipeline' AIRFLOW_CTX_TASK_ID='send_to_kafka' AIRFLOW_CTX_EXECUTION_DATE='2025-07-19T21:16:00+00:00' AIRFLOW_CTX_TRY_NUMBER='1' AIRFLOW_CTX_DAG_RUN_ID='scheduled__2025-07-19T21:16:00+00:00'
[2025-07-19T21:18:47.575+0000] {subprocess.py:63} INFO - Tmp dir root location: /tmp
[2025-07-19T21:18:47.576+0000] {subprocess.py:75} INFO - Running command: ['/bin/bash', '-c', 'python /opt/streaming/producer.py']
[2025-07-19T21:18:47.581+0000] {subprocess.py:86} INFO - Output:
[2025-07-19T21:18:49.992+0000] {subprocess.py:93} INFO - [✓] Sent to reservations: {'reservation_id': 2765, 'branch_id': 102, 'customer_name': 'Kim Burke', 'phone_number': '+1-625-796-2213x04144', 'reservation_date': '2025-07-19', 'reservation_time': '23:17', 'guests_count': 3, 'is_confirmed': True}
[2025-07-19T21:18:49.994+0000] {subprocess.py:93} INFO - [✓] Sent to reservations: {'reservation_id': 3645, 'branch_id': 101, 'customer_name': 'Phillip Williams', 'phone_number': '(975)327-7375x3024', 'reservation_date': '2025-07-19', 'reservation_time': '22:28', 'guests_count': 1, 'is_confirmed': False}
[2025-07-19T21:18:49.995+0000] {subprocess.py:93} INFO - [✓] Sent to reservations: {'reservation_id': 6799, 'branch_id': 101, 'customer_name': 'Joseph Fry', 'phone_number': '+1-532-708-4499x9405', 'reservation_date': '2025-07-19', 'reservation_time': '22:52', 'guests_count': 7, 'is_confirmed': False}
[2025-07-19T21:18:49.995+0000] {subprocess.py:93} INFO - [✓] Sent to checkins: {'checkin_id': 6571, 'customer_name': 'Erika Campbell', 'phone_number': '443-649-6802', 'branch_id': 101, 'table_id': 210, 'is_prebooked': False, 'checkin_date': '2025-07-19', 'checkin_time': '20:02', 'guests_count': 2, 'shift_manager': 'Stephanie Levine'}
[2025-07-19T21:18:49.996+0000] {subprocess.py:93} INFO - [✓] Sent to checkins: {'checkin_id': 4925, 'customer_name': 'Andrew Burton', 'phone_number': '001-601-925-6127x362', 'branch_id': 101, 'table_id': 201, 'is_prebooked': True, 'checkin_date': '2025-07-19', 'checkin_time': '20:42', 'guests_count': 6, 'shift_manager': 'Brad Mendoza'}
[2025-07-19T21:18:49.996+0000] {subprocess.py:93} INFO - [✓] Sent to checkins: {'checkin_id': 3402, 'customer_name': 'Joel Turner', 'phone_number': '902-682-1718x5357', 'branch_id': 102, 'table_id': 201, 'is_prebooked': False, 'checkin_date': '2025-07-19', 'checkin_time': '20:27', 'guests_count': 3, 'shift_manager': 'Daniel Carter'}
[2025-07-19T21:18:49.996+0000] {subprocess.py:93} INFO - [✓] Sent to feedback: {'feedback_id': 6019, 'branch_id': 102, 'customer_name': 'Christian Garrett MD', 'phone_number': '983-603-4965x96688', 'feedback_text': 'Parent term government work all.', 'rating': 4, 'dining_date': '2025-07-19', 'dining_time': '20:25', 'submission_time': '2025-07-19T21:18:46'}
[2025-07-19T21:18:49.999+0000] {subprocess.py:93} INFO - [✓] Sent to feedback: {'feedback_id': 4043, 'branch_id': 102, 'customer_name': 'Tyler Wilkins', 'phone_number': '(726)331-4355x42126', 'feedback_text': 'Contain cover rise sister score stop ground.', 'rating': 1, 'dining_date': '2025-07-19', 'dining_time': '19:44', 'submission_time': '2025-07-19T21:18:46'}
[2025-07-19T21:18:50.000+0000] {subprocess.py:93} INFO - [✓] Sent to feedback: {'feedback_id': 2401, 'branch_id': 102, 'customer_name': 'Jeffrey Cardenas', 'phone_number': '954.661.5368x5886', 'feedback_text': 'Suddenly them hospital indeed pattern ball hair.', 'rating': 5, 'dining_date': '2025-07-19', 'dining_time': '20:02', 'submission_time': '2025-07-19T21:18:46'}
[2025-07-19T21:18:50.001+0000] {subprocess.py:93} INFO - ✅ All messages sent.
[2025-07-19T21:18:50.050+0000] {subprocess.py:97} INFO - Command exited with return code 0
[2025-07-19T21:18:50.070+0000] {taskinstance.py:1400} INFO - Marking task as SUCCESS. dag_id=restaurant_pipeline, task_id=send_to_kafka, execution_date=20250719T211600, start_date=20250719T211847, end_date=20250719T211850
[2025-07-19T21:18:50.094+0000] {local_task_job_runner.py:228} INFO - Task exited with return code 0
[2025-07-19T21:18:50.122+0000] {taskinstance.py:2778} INFO - 1 downstream tasks scheduled from follow-on schedule check
