[2025-07-19T20:30:40.772+0000] {taskinstance.py:1159} INFO - Dependencies all met for dep_context=non-requeueable deps ti=<TaskInstance: restaurant_pipeline.send_to_kafka scheduled__2025-07-19T20:28:00+00:00 [queued]>
[2025-07-19T20:30:40.776+0000] {taskinstance.py:1159} INFO - Dependencies all met for dep_context=requeueable deps ti=<TaskInstance: restaurant_pipeline.send_to_kafka scheduled__2025-07-19T20:28:00+00:00 [queued]>
[2025-07-19T20:30:40.776+0000] {taskinstance.py:1361} INFO - Starting attempt 1 of 1
[2025-07-19T20:30:40.782+0000] {taskinstance.py:1382} INFO - Executing <Task(BashOperator): send_to_kafka> on 2025-07-19 20:28:00+00:00
[2025-07-19T20:30:40.784+0000] {standard_task_runner.py:57} INFO - Started process 3486 to run task
[2025-07-19T20:30:40.786+0000] {standard_task_runner.py:84} INFO - Running: ['***', 'tasks', 'run', 'restaurant_pipeline', 'send_to_kafka', 'scheduled__2025-07-19T20:28:00+00:00', '--job-id', '1190', '--raw', '--subdir', 'DAGS_FOLDER/restaurant_pipeline.py', '--cfg-path', '/tmp/tmpfe1a9paw']
[2025-07-19T20:30:40.788+0000] {standard_task_runner.py:85} INFO - Job 1190: Subtask send_to_kafka
[2025-07-19T20:30:40.810+0000] {task_command.py:416} INFO - Running <TaskInstance: restaurant_pipeline.send_to_kafka scheduled__2025-07-19T20:28:00+00:00 [running]> on host e3f5d8fc4eef
[2025-07-19T20:30:40.855+0000] {taskinstance.py:1662} INFO - Exporting env vars: AIRFLOW_CTX_DAG_OWNER='moran' AIRFLOW_CTX_DAG_ID='restaurant_pipeline' AIRFLOW_CTX_TASK_ID='send_to_kafka' AIRFLOW_CTX_EXECUTION_DATE='2025-07-19T20:28:00+00:00' AIRFLOW_CTX_TRY_NUMBER='1' AIRFLOW_CTX_DAG_RUN_ID='scheduled__2025-07-19T20:28:00+00:00'
[2025-07-19T20:30:40.856+0000] {subprocess.py:63} INFO - Tmp dir root location: /tmp
[2025-07-19T20:30:40.857+0000] {subprocess.py:75} INFO - Running command: ['/bin/bash', '-c', 'python /opt/streaming/producer.py']
[2025-07-19T20:30:40.863+0000] {subprocess.py:86} INFO - Output:
[2025-07-19T20:30:43.180+0000] {subprocess.py:93} INFO - [✓] Sent to reservations: {'reservation_id': 4652, 'branch_id': 102, 'customer_name': 'Anne Conner', 'phone_number': '644.907.8025', 'reservation_date': '2025-07-19', 'reservation_time': '21:53', 'guests_count': 3, 'is_confirmed': True}
[2025-07-19T20:30:43.181+0000] {subprocess.py:93} INFO - [✓] Sent to reservations: {'reservation_id': 5466, 'branch_id': 101, 'customer_name': 'Brenda Armstrong', 'phone_number': '001-240-776-2294x90207', 'reservation_date': '2025-07-19', 'reservation_time': '20:42', 'guests_count': 6, 'is_confirmed': False}
[2025-07-19T20:30:43.181+0000] {subprocess.py:93} INFO - [✓] Sent to reservations: {'reservation_id': 8077, 'branch_id': 102, 'customer_name': 'Walter Lewis', 'phone_number': '8863065317', 'reservation_date': '2025-07-19', 'reservation_time': '21:53', 'guests_count': 5, 'is_confirmed': False}
[2025-07-19T20:30:43.181+0000] {subprocess.py:93} INFO - [✓] Sent to checkins: {'checkin_id': 8628, 'customer_name': 'Cassidy Duffy', 'phone_number': '+1-337-913-4313x827', 'branch_id': 101, 'table_id': 210, 'is_prebooked': True, 'checkin_date': '2025-07-19', 'checkin_time': '19:26', 'guests_count': 2, 'shift_manager': 'Janice Smith'}
[2025-07-19T20:30:43.182+0000] {subprocess.py:93} INFO - [✓] Sent to checkins: {'checkin_id': 8086, 'customer_name': 'Craig Fowler', 'phone_number': '+1-475-918-2193x2164', 'branch_id': 101, 'table_id': 204, 'is_prebooked': True, 'checkin_date': '2025-07-19', 'checkin_time': '19:00', 'guests_count': 4, 'shift_manager': 'Joshua Hunt'}
[2025-07-19T20:30:43.182+0000] {subprocess.py:93} INFO - [✓] Sent to checkins: {'checkin_id': 2520, 'customer_name': 'Frank Murphy MD', 'phone_number': '+1-412-853-6558', 'branch_id': 102, 'table_id': 202, 'is_prebooked': True, 'checkin_date': '2025-07-19', 'checkin_time': '19:21', 'guests_count': 1, 'shift_manager': 'John Fox'}
[2025-07-19T20:30:43.182+0000] {subprocess.py:93} INFO - [✓] Sent to feedback: {'feedback_id': 6269, 'branch_id': 101, 'customer_name': 'Joyce Lopez', 'phone_number': '346.374.3225x02297', 'feedback_text': 'Move someone wish half force.', 'rating': 1, 'dining_date': '2025-07-19', 'dining_time': '19:07', 'submission_time': '2025-07-19T20:30:40'}
[2025-07-19T20:30:43.183+0000] {subprocess.py:93} INFO - [✓] Sent to feedback: {'feedback_id': 8046, 'branch_id': 101, 'customer_name': 'Lori Maldonado', 'phone_number': '+1-514-409-8147x039', 'feedback_text': 'Business safe positive economy beautiful.', 'rating': 2, 'dining_date': '2025-07-19', 'dining_time': '20:28', 'submission_time': '2025-07-19T20:30:40'}
[2025-07-19T20:30:43.183+0000] {subprocess.py:93} INFO - [✓] Sent to feedback: {'feedback_id': 8995, 'branch_id': 101, 'customer_name': 'Jessica Miller', 'phone_number': '(215)663-8875x00359', 'feedback_text': 'General realize figure table traditional.', 'rating': 5, 'dining_date': '2025-07-19', 'dining_time': '20:05', 'submission_time': '2025-07-19T20:30:40'}
[2025-07-19T20:30:43.183+0000] {subprocess.py:93} INFO - ✅ All messages sent.
[2025-07-19T20:30:43.223+0000] {subprocess.py:97} INFO - Command exited with return code 0
[2025-07-19T20:30:43.240+0000] {taskinstance.py:1400} INFO - Marking task as SUCCESS. dag_id=restaurant_pipeline, task_id=send_to_kafka, execution_date=20250719T202800, start_date=20250719T203040, end_date=20250719T203043
[2025-07-19T20:30:43.251+0000] {local_task_job_runner.py:228} INFO - Task exited with return code 0
[2025-07-19T20:30:43.278+0000] {taskinstance.py:2778} INFO - 1 downstream tasks scheduled from follow-on schedule check
