[2025-07-19T18:14:01.587+0000] {taskinstance.py:1159} INFO - Dependencies all met for dep_context=non-requeueable deps ti=<TaskInstance: restaurant_pipeline.send_to_kafka scheduled__2025-07-19T18:12:00+00:00 [queued]>
[2025-07-19T18:14:01.591+0000] {taskinstance.py:1159} INFO - Dependencies all met for dep_context=requeueable deps ti=<TaskInstance: restaurant_pipeline.send_to_kafka scheduled__2025-07-19T18:12:00+00:00 [queued]>
[2025-07-19T18:14:01.591+0000] {taskinstance.py:1361} INFO - Starting attempt 1 of 1
[2025-07-19T18:14:01.596+0000] {taskinstance.py:1382} INFO - Executing <Task(BashOperator): send_to_kafka> on 2025-07-19 18:12:00+00:00
[2025-07-19T18:14:01.598+0000] {standard_task_runner.py:57} INFO - Started process 536 to run task
[2025-07-19T18:14:01.600+0000] {standard_task_runner.py:84} INFO - Running: ['***', 'tasks', 'run', 'restaurant_pipeline', 'send_to_kafka', 'scheduled__2025-07-19T18:12:00+00:00', '--job-id', '953', '--raw', '--subdir', 'DAGS_FOLDER/restaurant_pipeline.py', '--cfg-path', '/tmp/tmptiz_auwo']
[2025-07-19T18:14:01.601+0000] {standard_task_runner.py:85} INFO - Job 953: Subtask send_to_kafka
[2025-07-19T18:14:01.621+0000] {task_command.py:416} INFO - Running <TaskInstance: restaurant_pipeline.send_to_kafka scheduled__2025-07-19T18:12:00+00:00 [running]> on host e3f5d8fc4eef
[2025-07-19T18:14:01.656+0000] {taskinstance.py:1662} INFO - Exporting env vars: AIRFLOW_CTX_DAG_OWNER='moran' AIRFLOW_CTX_DAG_ID='restaurant_pipeline' AIRFLOW_CTX_TASK_ID='send_to_kafka' AIRFLOW_CTX_EXECUTION_DATE='2025-07-19T18:12:00+00:00' AIRFLOW_CTX_TRY_NUMBER='1' AIRFLOW_CTX_DAG_RUN_ID='scheduled__2025-07-19T18:12:00+00:00'
[2025-07-19T18:14:01.657+0000] {subprocess.py:63} INFO - Tmp dir root location: /tmp
[2025-07-19T18:14:01.657+0000] {subprocess.py:75} INFO - Running command: ['/bin/bash', '-c', 'python /opt/streaming/producer.py']
[2025-07-19T18:14:01.660+0000] {subprocess.py:86} INFO - Output:
[2025-07-19T18:14:03.886+0000] {subprocess.py:93} INFO - [✓] Sent to reservations: {'reservation_id': 5402, 'branch_id': 102, 'customer_name': 'Laura Murillo', 'phone_number': '7532801435', 'reservation_date': '2025-07-19', 'reservation_time': '19:33', 'guests_count': 6, 'is_confirmed': True}
[2025-07-19T18:14:03.893+0000] {subprocess.py:93} INFO - [✓] Sent to reservations: {'reservation_id': 6494, 'branch_id': 101, 'customer_name': 'Matthew Morris', 'phone_number': '267-624-2823x41797', 'reservation_date': '2025-07-19', 'reservation_time': '20:00', 'guests_count': 5, 'is_confirmed': True}
[2025-07-19T18:14:03.894+0000] {subprocess.py:93} INFO - [✓] Sent to reservations: {'reservation_id': 7799, 'branch_id': 101, 'customer_name': 'Christopher Gonzales', 'phone_number': '+1-766-417-2207x4558', 'reservation_date': '2025-07-19', 'reservation_time': '19:45', 'guests_count': 4, 'is_confirmed': True}
[2025-07-19T18:14:03.895+0000] {subprocess.py:93} INFO - [✓] Sent to checkins: {'checkin_id': 4986, 'customer_name': 'Kathryn Cohen', 'phone_number': '629.443.6638x21313', 'branch_id': 102, 'table_id': 210, 'is_prebooked': True, 'checkin_date': '2025-07-19', 'checkin_time': '17:45', 'guests_count': 4, 'shift_manager': 'Kelly Gonzalez'}
[2025-07-19T18:14:03.896+0000] {subprocess.py:93} INFO - [✓] Sent to checkins: {'checkin_id': 7183, 'customer_name': 'Valerie Rodriguez', 'phone_number': '3089860293', 'branch_id': 102, 'table_id': 207, 'is_prebooked': False, 'checkin_date': '2025-07-19', 'checkin_time': '16:15', 'guests_count': 4, 'shift_manager': 'Roberto Nelson'}
[2025-07-19T18:14:03.896+0000] {subprocess.py:93} INFO - [✓] Sent to checkins: {'checkin_id': 8925, 'customer_name': 'Michelle Greene', 'phone_number': '+1-572-247-2485x1439', 'branch_id': 101, 'table_id': 208, 'is_prebooked': True, 'checkin_date': '2025-07-19', 'checkin_time': '17:55', 'guests_count': 3, 'shift_manager': 'Audrey Small'}
[2025-07-19T18:14:03.897+0000] {subprocess.py:93} INFO - [✓] Sent to feedback: {'feedback_id': 7220, 'branch_id': 102, 'customer_name': 'Alexandra Torres', 'phone_number': '001-789-353-7718x5859', 'feedback_text': 'Might oil our action we believe.', 'rating': 3, 'dining_date': '2025-07-19', 'dining_time': '16:51', 'submission_time': '2025-07-19T18:14:01'}
[2025-07-19T18:14:03.898+0000] {subprocess.py:93} INFO - [✓] Sent to feedback: {'feedback_id': 8407, 'branch_id': 101, 'customer_name': 'Dawn Taylor', 'phone_number': '514.714.6834', 'feedback_text': 'Around perform tend record value author any.', 'rating': 1, 'dining_date': '2025-07-19', 'dining_time': '17:54', 'submission_time': '2025-07-19T18:14:01'}
[2025-07-19T18:14:03.899+0000] {subprocess.py:93} INFO - [✓] Sent to feedback: {'feedback_id': 7777, 'branch_id': 101, 'customer_name': 'Eric Rodriguez', 'phone_number': '210-418-6319x248', 'feedback_text': 'Serve PM series successful.', 'rating': 4, 'dining_date': '2025-07-19', 'dining_time': '17:17', 'submission_time': '2025-07-19T18:14:01'}
[2025-07-19T18:14:03.899+0000] {subprocess.py:93} INFO - ✅ All messages sent.
[2025-07-19T18:14:03.937+0000] {subprocess.py:97} INFO - Command exited with return code 0
[2025-07-19T18:14:03.952+0000] {taskinstance.py:1400} INFO - Marking task as SUCCESS. dag_id=restaurant_pipeline, task_id=send_to_kafka, execution_date=20250719T181200, start_date=20250719T181401, end_date=20250719T181403
[2025-07-19T18:14:03.994+0000] {local_task_job_runner.py:228} INFO - Task exited with return code 0
[2025-07-19T18:14:04.023+0000] {taskinstance.py:2778} INFO - 1 downstream tasks scheduled from follow-on schedule check
