[2025-07-18T15:56:01.368+0000] {taskinstance.py:1159} INFO - Dependencies all met for dep_context=non-requeueable deps ti=<TaskInstance: restaurant_pipeline.send_to_kafka scheduled__2025-07-18T15:54:00+00:00 [queued]>
[2025-07-18T15:56:01.372+0000] {taskinstance.py:1159} INFO - Dependencies all met for dep_context=requeueable deps ti=<TaskInstance: restaurant_pipeline.send_to_kafka scheduled__2025-07-18T15:54:00+00:00 [queued]>
[2025-07-18T15:56:01.373+0000] {taskinstance.py:1361} INFO - Starting attempt 1 of 1
[2025-07-18T15:56:01.378+0000] {taskinstance.py:1382} INFO - Executing <Task(BashOperator): send_to_kafka> on 2025-07-18 15:54:00+00:00
[2025-07-18T15:56:01.381+0000] {standard_task_runner.py:57} INFO - Started process 869 to run task
[2025-07-18T15:56:01.383+0000] {standard_task_runner.py:84} INFO - Running: ['***', 'tasks', 'run', 'restaurant_pipeline', 'send_to_kafka', 'scheduled__2025-07-18T15:54:00+00:00', '--job-id', '146', '--raw', '--subdir', 'DAGS_FOLDER/restaurant_pipeline.py', '--cfg-path', '/tmp/tmp76w7n1ti']
[2025-07-18T15:56:01.384+0000] {standard_task_runner.py:85} INFO - Job 146: Subtask send_to_kafka
[2025-07-18T15:56:01.409+0000] {task_command.py:416} INFO - Running <TaskInstance: restaurant_pipeline.send_to_kafka scheduled__2025-07-18T15:54:00+00:00 [running]> on host 9bcfb43e0ab7
[2025-07-18T15:56:01.445+0000] {taskinstance.py:1662} INFO - Exporting env vars: AIRFLOW_CTX_DAG_OWNER='moran' AIRFLOW_CTX_DAG_ID='restaurant_pipeline' AIRFLOW_CTX_TASK_ID='send_to_kafka' AIRFLOW_CTX_EXECUTION_DATE='2025-07-18T15:54:00+00:00' AIRFLOW_CTX_TRY_NUMBER='1' AIRFLOW_CTX_DAG_RUN_ID='scheduled__2025-07-18T15:54:00+00:00'
[2025-07-18T15:56:01.446+0000] {subprocess.py:63} INFO - Tmp dir root location: /tmp
[2025-07-18T15:56:01.446+0000] {subprocess.py:75} INFO - Running command: ['/bin/bash', '-c', 'python /opt/streaming/producer.py']
[2025-07-18T15:56:01.451+0000] {subprocess.py:86} INFO - Output:
[2025-07-18T15:56:03.685+0000] {subprocess.py:93} INFO - [✓] Sent to reservations: {'reservation_id': 1970, 'branch_id': 102, 'customer_name': 'Jessica Bridges', 'phone_number': '+1-977-260-8635x88525', 'reservation_date': '2025-07-18', 'reservation_time': '16:29', 'guests_count': 2, 'is_confirmed': False}
[2025-07-18T15:56:03.685+0000] {subprocess.py:93} INFO - [✓] Sent to reservations: {'reservation_id': 3690, 'branch_id': 101, 'customer_name': 'Diana Lawrence', 'phone_number': '489.930.0359', 'reservation_date': '2025-07-18', 'reservation_time': '16:40', 'guests_count': 6, 'is_confirmed': False}
[2025-07-18T15:56:03.687+0000] {subprocess.py:93} INFO - [✓] Sent to reservations: {'reservation_id': 7168, 'branch_id': 102, 'customer_name': 'Karl Harris', 'phone_number': '759.448.2344', 'reservation_date': '2025-07-18', 'reservation_time': '17:31', 'guests_count': 1, 'is_confirmed': True}
[2025-07-18T15:56:03.688+0000] {subprocess.py:93} INFO - [✓] Sent to checkins: {'checkin_id': 2785, 'customer_name': 'Brian Hill', 'phone_number': '6398111704', 'branch_id': 101, 'table_id': 205, 'is_prebooked': True, 'checkin_date': '2025-07-18', 'checkin_time': '14:31', 'guests_count': 6, 'shift_manager': 'Stephanie Lin'}
[2025-07-18T15:56:03.691+0000] {subprocess.py:93} INFO - [✓] Sent to checkins: {'checkin_id': 5490, 'customer_name': 'Cynthia Stevenson', 'phone_number': '+1-310-754-1691x71129', 'branch_id': 101, 'table_id': 210, 'is_prebooked': True, 'checkin_date': '2025-07-18', 'checkin_time': '15:38', 'guests_count': 3, 'shift_manager': 'Scott Alvarado'}
[2025-07-18T15:56:03.691+0000] {subprocess.py:93} INFO - [✓] Sent to checkins: {'checkin_id': 8806, 'customer_name': 'Michael Mccarthy', 'phone_number': '(549)964-6931', 'branch_id': 101, 'table_id': 204, 'is_prebooked': False, 'checkin_date': '2025-07-18', 'checkin_time': '15:00', 'guests_count': 4, 'shift_manager': 'Rhonda Gibbs'}
[2025-07-18T15:56:03.692+0000] {subprocess.py:93} INFO - [✓] Sent to feedback: {'feedback_id': 6196, 'branch_id': 101, 'customer_name': 'Samantha Ellis', 'phone_number': '+1-809-841-3762x69330', 'feedback_text': 'High people record here never note.', 'rating': 2, 'dining_date': '2025-07-18', 'dining_time': '15:06', 'submission_time': '2025-07-18T15:56:00'}
[2025-07-18T15:56:03.692+0000] {subprocess.py:93} INFO - [✓] Sent to feedback: {'feedback_id': 7513, 'branch_id': 102, 'customer_name': 'Kathryn Miller', 'phone_number': '3609458829', 'feedback_text': 'Amount impact couple rule with.', 'rating': 3, 'dining_date': '2025-07-18', 'dining_time': '15:39', 'submission_time': '2025-07-18T15:56:00'}
[2025-07-18T15:56:03.692+0000] {subprocess.py:93} INFO - [✓] Sent to feedback: {'feedback_id': 4116, 'branch_id': 102, 'customer_name': 'Daniel Bush', 'phone_number': '+1-496-532-5904x25315', 'feedback_text': 'With education something everybody agree maintain customer.', 'rating': 1, 'dining_date': '2025-07-18', 'dining_time': '14:59', 'submission_time': '2025-07-18T15:56:00'}
[2025-07-18T15:56:03.692+0000] {subprocess.py:93} INFO - ✅ All messages sent.
[2025-07-18T15:56:03.733+0000] {subprocess.py:97} INFO - Command exited with return code 0
[2025-07-18T15:56:03.753+0000] {taskinstance.py:1400} INFO - Marking task as SUCCESS. dag_id=restaurant_pipeline, task_id=send_to_kafka, execution_date=20250718T155400, start_date=20250718T155601, end_date=20250718T155603
[2025-07-18T15:56:03.779+0000] {local_task_job_runner.py:228} INFO - Task exited with return code 0
[2025-07-18T15:56:03.807+0000] {taskinstance.py:2778} INFO - 1 downstream tasks scheduled from follow-on schedule check
