[2025-07-18T18:26:15.914+0000] {taskinstance.py:1159} INFO - Dependencies all met for dep_context=non-requeueable deps ti=<TaskInstance: restaurant_pipeline.bronze_to_silver scheduled__2025-07-18T18:22:00+00:00 [queued]>
[2025-07-18T18:26:15.918+0000] {taskinstance.py:1159} INFO - Dependencies all met for dep_context=requeueable deps ti=<TaskInstance: restaurant_pipeline.bronze_to_silver scheduled__2025-07-18T18:22:00+00:00 [queued]>
[2025-07-18T18:26:15.918+0000] {taskinstance.py:1361} INFO - Starting attempt 1 of 1
[2025-07-18T18:26:15.924+0000] {taskinstance.py:1382} INFO - Executing <Task(BashOperator): bronze_to_silver> on 2025-07-18 18:22:00+00:00
[2025-07-18T18:26:15.926+0000] {standard_task_runner.py:57} INFO - Started process 3288 to run task
[2025-07-18T18:26:15.929+0000] {standard_task_runner.py:84} INFO - Running: ['***', 'tasks', 'run', 'restaurant_pipeline', 'bronze_to_silver', 'scheduled__2025-07-18T18:22:00+00:00', '--job-id', '367', '--raw', '--subdir', 'DAGS_FOLDER/restaurant_pipeline.py', '--cfg-path', '/tmp/tmpyyqn__ar']
[2025-07-18T18:26:15.931+0000] {standard_task_runner.py:85} INFO - Job 367: Subtask bronze_to_silver
[2025-07-18T18:26:15.959+0000] {task_command.py:416} INFO - Running <TaskInstance: restaurant_pipeline.bronze_to_silver scheduled__2025-07-18T18:22:00+00:00 [running]> on host 9bcfb43e0ab7
[2025-07-18T18:26:15.998+0000] {taskinstance.py:1662} INFO - Exporting env vars: AIRFLOW_CTX_DAG_OWNER='moran' AIRFLOW_CTX_DAG_ID='restaurant_pipeline' AIRFLOW_CTX_TASK_ID='bronze_to_silver' AIRFLOW_CTX_EXECUTION_DATE='2025-07-18T18:22:00+00:00' AIRFLOW_CTX_TRY_NUMBER='1' AIRFLOW_CTX_DAG_RUN_ID='scheduled__2025-07-18T18:22:00+00:00'
[2025-07-18T18:26:15.998+0000] {subprocess.py:63} INFO - Tmp dir root location: /tmp
[2025-07-18T18:26:15.999+0000] {subprocess.py:75} INFO - Running command: ['/bin/bash', '-c', 'docker exec spark-iceberg spark-submit /home/iceberg/spark/bronze_to_silver.py']
[2025-07-18T18:26:16.003+0000] {subprocess.py:86} INFO - Output:
[2025-07-18T18:26:17.529+0000] {subprocess.py:93} INFO - 25/07/18 18:26:17 INFO SparkContext: Running Spark version 3.5.6
[2025-07-18T18:26:17.530+0000] {subprocess.py:93} INFO - 25/07/18 18:26:17 INFO SparkContext: OS info Linux, 6.10.14-linuxkit, aarch64
[2025-07-18T18:26:17.535+0000] {subprocess.py:93} INFO - 25/07/18 18:26:17 INFO SparkContext: Java version 17.0.15
[2025-07-18T18:26:17.571+0000] {subprocess.py:93} INFO - 25/07/18 18:26:17 INFO ResourceUtils: ==============================================================
[2025-07-18T18:26:17.571+0000] {subprocess.py:93} INFO - 25/07/18 18:26:17 INFO ResourceUtils: No custom resources configured for spark.driver.
[2025-07-18T18:26:17.574+0000] {subprocess.py:93} INFO - 25/07/18 18:26:17 INFO ResourceUtils: ==============================================================
[2025-07-18T18:26:17.576+0000] {subprocess.py:93} INFO - 25/07/18 18:26:17 INFO SparkContext: Submitted application: BronzeToSilver
[2025-07-18T18:26:17.598+0000] {subprocess.py:93} INFO - 25/07/18 18:26:17 INFO ResourceProfile: Default ResourceProfile created, executor resources: Map(cores -> name: cores, amount: 1, script: , vendor: , memory -> name: memory, amount: 1024, script: , vendor: , offHeap -> name: offHeap, amount: 0, script: , vendor: ), task resources: Map(cpus -> name: cpus, amount: 1.0)
[2025-07-18T18:26:17.605+0000] {subprocess.py:93} INFO - 25/07/18 18:26:17 INFO ResourceProfile: Limiting resource is cpu
[2025-07-18T18:26:17.606+0000] {subprocess.py:93} INFO - 25/07/18 18:26:17 INFO ResourceProfileManager: Added ResourceProfile id: 0
[2025-07-18T18:26:17.659+0000] {subprocess.py:93} INFO - 25/07/18 18:26:17 INFO SecurityManager: Changing view acls to: root,spark
[2025-07-18T18:26:17.664+0000] {subprocess.py:93} INFO - 25/07/18 18:26:17 INFO SecurityManager: Changing modify acls to: root,spark
[2025-07-18T18:26:17.665+0000] {subprocess.py:93} INFO - 25/07/18 18:26:17 INFO SecurityManager: Changing view acls groups to:
[2025-07-18T18:26:17.666+0000] {subprocess.py:93} INFO - 25/07/18 18:26:17 INFO SecurityManager: Changing modify acls groups to:
[2025-07-18T18:26:17.667+0000] {subprocess.py:93} INFO - 25/07/18 18:26:17 INFO SecurityManager: SecurityManager: authentication disabled; ui acls disabled; users with view permissions: root, spark; groups with view permissions: EMPTY; users with modify permissions: root, spark; groups with modify permissions: EMPTY
[2025-07-18T18:26:17.732+0000] {subprocess.py:93} INFO - 25/07/18 18:26:17 WARN NativeCodeLoader: Unable to load native-hadoop library for your platform... using builtin-java classes where applicable
[2025-07-18T18:26:17.997+0000] {subprocess.py:93} INFO - 25/07/18 18:26:17 INFO Utils: Successfully started service 'sparkDriver' on port 40997.
[2025-07-18T18:26:18.040+0000] {subprocess.py:93} INFO - 25/07/18 18:26:18 INFO SparkEnv: Registering MapOutputTracker
[2025-07-18T18:26:18.087+0000] {subprocess.py:93} INFO - 25/07/18 18:26:18 INFO SparkEnv: Registering BlockManagerMaster
[2025-07-18T18:26:18.108+0000] {subprocess.py:93} INFO - 25/07/18 18:26:18 INFO BlockManagerMasterEndpoint: Using org.apache.spark.storage.DefaultTopologyMapper for getting topology information
[2025-07-18T18:26:18.112+0000] {subprocess.py:93} INFO - 25/07/18 18:26:18 INFO BlockManagerMasterEndpoint: BlockManagerMasterEndpoint up
[2025-07-18T18:26:18.114+0000] {subprocess.py:93} INFO - 25/07/18 18:26:18 INFO SparkEnv: Registering BlockManagerMasterHeartbeat
[2025-07-18T18:26:18.141+0000] {subprocess.py:93} INFO - 25/07/18 18:26:18 INFO DiskBlockManager: Created local directory at /tmp/blockmgr-f63fce0d-6492-4b6c-92b7-c0963b11bce6
[2025-07-18T18:26:18.155+0000] {subprocess.py:93} INFO - 25/07/18 18:26:18 INFO MemoryStore: MemoryStore started with capacity 434.4 MiB
[2025-07-18T18:26:18.179+0000] {subprocess.py:93} INFO - 25/07/18 18:26:18 INFO SparkEnv: Registering OutputCommitCoordinator
[2025-07-18T18:26:18.264+0000] {subprocess.py:93} INFO - 25/07/18 18:26:18 INFO JettyUtils: Start Jetty 0.0.0.0:4040 for SparkUI
[2025-07-18T18:26:18.299+0000] {subprocess.py:93} INFO - 25/07/18 18:26:18 INFO Utils: Successfully started service 'SparkUI' on port 4040.
[2025-07-18T18:26:18.359+0000] {subprocess.py:93} INFO - 25/07/18 18:26:18 INFO Executor: Starting executor ID driver on host 77cb57a6bd53
[2025-07-18T18:26:18.359+0000] {subprocess.py:93} INFO - 25/07/18 18:26:18 INFO Executor: OS info Linux, 6.10.14-linuxkit, aarch64
[2025-07-18T18:26:18.360+0000] {subprocess.py:93} INFO - 25/07/18 18:26:18 INFO Executor: Java version 17.0.15
[2025-07-18T18:26:18.362+0000] {subprocess.py:93} INFO - 25/07/18 18:26:18 INFO Executor: Starting executor with user classpath (userClassPathFirst = false): ''
[2025-07-18T18:26:18.363+0000] {subprocess.py:93} INFO - 25/07/18 18:26:18 INFO Executor: Created or updated repl class loader org.apache.spark.util.MutableURLClassLoader@61835c7d for default.
[2025-07-18T18:26:18.378+0000] {subprocess.py:93} INFO - 25/07/18 18:26:18 INFO Utils: Successfully started service 'org.apache.spark.network.netty.NettyBlockTransferService' on port 41565.
[2025-07-18T18:26:18.378+0000] {subprocess.py:93} INFO - 25/07/18 18:26:18 INFO NettyBlockTransferService: Server created on 77cb57a6bd53:41565
[2025-07-18T18:26:18.378+0000] {subprocess.py:93} INFO - 25/07/18 18:26:18 INFO BlockManager: Using org.apache.spark.storage.RandomBlockReplicationPolicy for block replication policy
[2025-07-18T18:26:18.382+0000] {subprocess.py:93} INFO - 25/07/18 18:26:18 INFO BlockManagerMaster: Registering BlockManager BlockManagerId(driver, 77cb57a6bd53, 41565, None)
[2025-07-18T18:26:18.384+0000] {subprocess.py:93} INFO - 25/07/18 18:26:18 INFO BlockManagerMasterEndpoint: Registering block manager 77cb57a6bd53:41565 with 434.4 MiB RAM, BlockManagerId(driver, 77cb57a6bd53, 41565, None)
[2025-07-18T18:26:18.385+0000] {subprocess.py:93} INFO - 25/07/18 18:26:18 INFO BlockManagerMaster: Registered BlockManager BlockManagerId(driver, 77cb57a6bd53, 41565, None)
[2025-07-18T18:26:18.386+0000] {subprocess.py:93} INFO - 25/07/18 18:26:18 INFO BlockManager: Initialized BlockManager: BlockManagerId(driver, 77cb57a6bd53, 41565, None)
[2025-07-18T18:26:18.604+0000] {subprocess.py:93} INFO - 25/07/18 18:26:18 INFO SharedState: Setting hive.metastore.warehouse.dir ('null') to the value of spark.sql.warehouse.dir.
[2025-07-18T18:26:18.608+0000] {subprocess.py:93} INFO - 25/07/18 18:26:18 INFO SharedState: Warehouse path is 'file:/app/spark-warehouse'.
[2025-07-18T18:26:19.146+0000] {subprocess.py:93} INFO - 25/07/18 18:26:19 WARN MetricsConfig: Cannot locate configuration: tried hadoop-metrics2-s3a-file-system.properties,hadoop-metrics2.properties
[2025-07-18T18:26:19.152+0000] {subprocess.py:93} INFO - 25/07/18 18:26:19 INFO MetricsSystemImpl: Scheduled Metric snapshot period at 10 second(s).
[2025-07-18T18:26:19.152+0000] {subprocess.py:93} INFO - 25/07/18 18:26:19 INFO MetricsSystemImpl: s3a-file-system metrics system started
[2025-07-18T18:26:19.805+0000] {subprocess.py:93} INFO - 25/07/18 18:26:19 INFO BaseMetastoreCatalog: Table loaded by catalog: my_catalog.bronze.Reservations_raw
[2025-07-18T18:26:20.044+0000] {subprocess.py:93} INFO - 25/07/18 18:26:20 INFO BaseMetastoreCatalog: Table loaded by catalog: my_catalog.bronze.Checkins_raw
[2025-07-18T18:26:20.096+0000] {subprocess.py:93} INFO - 25/07/18 18:26:20 INFO BaseMetastoreCatalog: Table loaded by catalog: my_catalog.bronze.Feedback_raw
[2025-07-18T18:26:20.719+0000] {subprocess.py:93} INFO - Traceback (most recent call last):
[2025-07-18T18:26:20.720+0000] {subprocess.py:93} INFO -   File "/home/iceberg/spark/bronze_to_silver.py", line 48, in <module>
[2025-07-18T18:26:20.720+0000] {subprocess.py:93} INFO -     customers_df.write.format("iceberg").mode("overwrite").save(customers_table)
[2025-07-18T18:26:20.720+0000] {subprocess.py:93} INFO -   File "/opt/bitnami/spark/python/lib/pyspark.zip/pyspark/sql/readwriter.py", line 1463, in save
[2025-07-18T18:26:20.721+0000] {subprocess.py:93} INFO -   File "/opt/bitnami/spark/python/lib/py4j-0.10.9.7-src.zip/py4j/java_gateway.py", line 1322, in __call__
[2025-07-18T18:26:20.721+0000] {subprocess.py:93} INFO -   File "/opt/bitnami/spark/python/lib/pyspark.zip/pyspark/errors/exceptions/captured.py", line 185, in deco
[2025-07-18T18:26:20.724+0000] {subprocess.py:93} INFO - pyspark.errors.exceptions.captured.AnalysisException: [TABLE_OR_VIEW_NOT_FOUND] The table or view silver.customers cannot be found. Verify the spelling and correctness of the schema and catalog.
[2025-07-18T18:26:20.724+0000] {subprocess.py:93} INFO - If you did not qualify the name with a schema, verify the current_schema() output, or qualify the name with the correct schema and catalog.
[2025-07-18T18:26:20.724+0000] {subprocess.py:93} INFO - To tolerate the error on drop use DROP VIEW IF EXISTS or DROP TABLE IF EXISTS.
[2025-07-18T18:26:20.741+0000] {subprocess.py:93} INFO - 25/07/18 18:26:20 INFO SparkContext: Invoking stop() from shutdown hook
[2025-07-18T18:26:20.741+0000] {subprocess.py:93} INFO - 25/07/18 18:26:20 INFO SparkContext: SparkContext is stopping with exitCode 0.
[2025-07-18T18:26:20.746+0000] {subprocess.py:93} INFO - 25/07/18 18:26:20 INFO SparkUI: Stopped Spark web UI at http://77cb57a6bd53:4040
[2025-07-18T18:26:20.751+0000] {subprocess.py:93} INFO - 25/07/18 18:26:20 INFO MapOutputTrackerMasterEndpoint: MapOutputTrackerMasterEndpoint stopped!
[2025-07-18T18:26:20.758+0000] {subprocess.py:93} INFO - 25/07/18 18:26:20 INFO MemoryStore: MemoryStore cleared
[2025-07-18T18:26:20.758+0000] {subprocess.py:93} INFO - 25/07/18 18:26:20 INFO BlockManager: BlockManager stopped
[2025-07-18T18:26:20.760+0000] {subprocess.py:93} INFO - 25/07/18 18:26:20 INFO BlockManagerMaster: BlockManagerMaster stopped
[2025-07-18T18:26:20.762+0000] {subprocess.py:93} INFO - 25/07/18 18:26:20 INFO OutputCommitCoordinator$OutputCommitCoordinatorEndpoint: OutputCommitCoordinator stopped!
[2025-07-18T18:26:20.766+0000] {subprocess.py:93} INFO - 25/07/18 18:26:20 INFO SparkContext: Successfully stopped SparkContext
[2025-07-18T18:26:20.766+0000] {subprocess.py:93} INFO - 25/07/18 18:26:20 INFO ShutdownHookManager: Shutdown hook called
[2025-07-18T18:26:20.766+0000] {subprocess.py:93} INFO - 25/07/18 18:26:20 INFO ShutdownHookManager: Deleting directory /tmp/spark-50486d7f-0cfa-4901-b1a3-fa880dcf8e69
[2025-07-18T18:26:20.768+0000] {subprocess.py:93} INFO - 25/07/18 18:26:20 INFO ShutdownHookManager: Deleting directory /tmp/spark-d2be4f4f-08f8-4509-9921-3fc1277e00c3
[2025-07-18T18:26:20.769+0000] {subprocess.py:93} INFO - 25/07/18 18:26:20 INFO ShutdownHookManager: Deleting directory /tmp/spark-50486d7f-0cfa-4901-b1a3-fa880dcf8e69/pyspark-c1323324-4551-4f8d-9d43-293c47d92415
[2025-07-18T18:26:20.771+0000] {subprocess.py:93} INFO - 25/07/18 18:26:20 INFO MetricsSystemImpl: Stopping s3a-file-system metrics system...
[2025-07-18T18:26:20.771+0000] {subprocess.py:93} INFO - 25/07/18 18:26:20 INFO MetricsSystemImpl: s3a-file-system metrics system stopped.
[2025-07-18T18:26:20.771+0000] {subprocess.py:93} INFO - 25/07/18 18:26:20 INFO MetricsSystemImpl: s3a-file-system metrics system shutdown complete.
[2025-07-18T18:26:20.799+0000] {subprocess.py:97} INFO - Command exited with return code 1
[2025-07-18T18:26:20.805+0000] {taskinstance.py:1937} ERROR - Task failed with exception
Traceback (most recent call last):
  File "/home/airflow/.local/lib/python3.8/site-packages/airflow/operators/bash.py", line 210, in execute
    raise AirflowException(
airflow.exceptions.AirflowException: Bash command failed. The command returned a non-zero exit code 1.
[2025-07-18T18:26:20.807+0000] {taskinstance.py:1400} INFO - Marking task as FAILED. dag_id=restaurant_pipeline, task_id=bronze_to_silver, execution_date=20250718T182200, start_date=20250718T182615, end_date=20250718T182620
[2025-07-18T18:26:20.813+0000] {standard_task_runner.py:104} ERROR - Failed to execute job 367 for task bronze_to_silver (Bash command failed. The command returned a non-zero exit code 1.; 3288)
[2025-07-18T18:26:20.828+0000] {local_task_job_runner.py:228} INFO - Task exited with return code 1
[2025-07-18T18:26:20.851+0000] {taskinstance.py:2778} INFO - 0 downstream tasks scheduled from follow-on schedule check
