[2025-07-19T18:14:21.427+0000] {taskinstance.py:1159} INFO - Dependencies all met for dep_context=non-requeueable deps ti=<TaskInstance: restaurant_pipeline.send_to_kafka manual__2025-07-19T18:14:19.941913+00:00 [queued]>
[2025-07-19T18:14:21.431+0000] {taskinstance.py:1159} INFO - Dependencies all met for dep_context=requeueable deps ti=<TaskInstance: restaurant_pipeline.send_to_kafka manual__2025-07-19T18:14:19.941913+00:00 [queued]>
[2025-07-19T18:14:21.431+0000] {taskinstance.py:1361} INFO - Starting attempt 1 of 1
[2025-07-19T18:14:21.436+0000] {taskinstance.py:1382} INFO - Executing <Task(BashOperator): send_to_kafka> on 2025-07-19 18:14:19.941913+00:00
[2025-07-19T18:14:21.438+0000] {standard_task_runner.py:57} INFO - Started process 552 to run task
[2025-07-19T18:14:21.440+0000] {standard_task_runner.py:84} INFO - Running: ['***', 'tasks', 'run', 'restaurant_pipeline', 'send_to_kafka', 'manual__2025-07-19T18:14:19.941913+00:00', '--job-id', '956', '--raw', '--subdir', 'DAGS_FOLDER/restaurant_pipeline.py', '--cfg-path', '/tmp/tmps238yhjr']
[2025-07-19T18:14:21.441+0000] {standard_task_runner.py:85} INFO - Job 956: Subtask send_to_kafka
[2025-07-19T18:14:21.460+0000] {task_command.py:416} INFO - Running <TaskInstance: restaurant_pipeline.send_to_kafka manual__2025-07-19T18:14:19.941913+00:00 [running]> on host e3f5d8fc4eef
[2025-07-19T18:14:21.495+0000] {taskinstance.py:1662} INFO - Exporting env vars: AIRFLOW_CTX_DAG_OWNER='moran' AIRFLOW_CTX_DAG_ID='restaurant_pipeline' AIRFLOW_CTX_TASK_ID='send_to_kafka' AIRFLOW_CTX_EXECUTION_DATE='2025-07-19T18:14:19.941913+00:00' AIRFLOW_CTX_TRY_NUMBER='1' AIRFLOW_CTX_DAG_RUN_ID='manual__2025-07-19T18:14:19.941913+00:00'
[2025-07-19T18:14:21.496+0000] {subprocess.py:63} INFO - Tmp dir root location: /tmp
[2025-07-19T18:14:21.496+0000] {subprocess.py:75} INFO - Running command: ['/bin/bash', '-c', 'python /opt/streaming/producer.py']
[2025-07-19T18:14:21.499+0000] {subprocess.py:86} INFO - Output:
[2025-07-19T18:14:23.717+0000] {subprocess.py:93} INFO - [✓] Sent to reservations: {'reservation_id': 6207, 'branch_id': 102, 'customer_name': 'Mason Jordan', 'phone_number': '+1-625-856-9869x28176', 'reservation_date': '2025-07-19', 'reservation_time': '18:48', 'guests_count': 2, 'is_confirmed': False}
[2025-07-19T18:14:23.719+0000] {subprocess.py:93} INFO - [✓] Sent to reservations: {'reservation_id': 2300, 'branch_id': 101, 'customer_name': 'Nicholas Carr', 'phone_number': '+1-820-593-9270x1060', 'reservation_date': '2025-07-19', 'reservation_time': '19:41', 'guests_count': 4, 'is_confirmed': False}
[2025-07-19T18:14:23.720+0000] {subprocess.py:93} INFO - [✓] Sent to reservations: {'reservation_id': 6097, 'branch_id': 101, 'customer_name': 'Tony Watts', 'phone_number': '464.589.9703x0601', 'reservation_date': '2025-07-19', 'reservation_time': '18:55', 'guests_count': 5, 'is_confirmed': True}
[2025-07-19T18:14:23.720+0000] {subprocess.py:93} INFO - [✓] Sent to checkins: {'checkin_id': 7509, 'customer_name': 'John Weber', 'phone_number': '+1-479-535-9284', 'branch_id': 101, 'table_id': 204, 'is_prebooked': True, 'checkin_date': '2025-07-19', 'checkin_time': '16:52', 'guests_count': 4, 'shift_manager': 'Christopher Brown'}
[2025-07-19T18:14:23.721+0000] {subprocess.py:93} INFO - [✓] Sent to checkins: {'checkin_id': 1352, 'customer_name': 'Matthew Hawkins', 'phone_number': '321.307.9240x03324', 'branch_id': 101, 'table_id': 201, 'is_prebooked': False, 'checkin_date': '2025-07-19', 'checkin_time': '17:39', 'guests_count': 3, 'shift_manager': 'Sally Bernard'}
[2025-07-19T18:14:23.722+0000] {subprocess.py:93} INFO - [✓] Sent to checkins: {'checkin_id': 5667, 'customer_name': 'Steven Stephens', 'phone_number': '540-802-7583x04582', 'branch_id': 101, 'table_id': 205, 'is_prebooked': False, 'checkin_date': '2025-07-19', 'checkin_time': '16:27', 'guests_count': 4, 'shift_manager': 'Alexandra Diaz'}
[2025-07-19T18:14:23.722+0000] {subprocess.py:93} INFO - [✓] Sent to feedback: {'feedback_id': 6588, 'branch_id': 101, 'customer_name': 'Anita Brown', 'phone_number': '(917)900-2203', 'feedback_text': 'Leg direction common tough part teacher show.', 'rating': 2, 'dining_date': '2025-07-19', 'dining_time': '17:14', 'submission_time': '2025-07-19T18:14:20'}
[2025-07-19T18:14:23.723+0000] {subprocess.py:93} INFO - [✓] Sent to feedback: {'feedback_id': 4999, 'branch_id': 102, 'customer_name': 'Hannah Morton', 'phone_number': '(677)336-3667x66886', 'feedback_text': 'Tax task size.', 'rating': 1, 'dining_date': '2025-07-19', 'dining_time': '17:49', 'submission_time': '2025-07-19T18:14:20'}
[2025-07-19T18:14:23.723+0000] {subprocess.py:93} INFO - [✓] Sent to feedback: {'feedback_id': 5955, 'branch_id': 101, 'customer_name': 'Michael Mccoy', 'phone_number': '001-618-510-9956x962', 'feedback_text': 'Discuss discussion nearly old how practice.', 'rating': 5, 'dining_date': '2025-07-19', 'dining_time': '17:23', 'submission_time': '2025-07-19T18:14:20'}
[2025-07-19T18:14:23.724+0000] {subprocess.py:93} INFO - ✅ All messages sent.
[2025-07-19T18:14:23.765+0000] {subprocess.py:97} INFO - Command exited with return code 0
[2025-07-19T18:14:23.780+0000] {taskinstance.py:1400} INFO - Marking task as SUCCESS. dag_id=restaurant_pipeline, task_id=send_to_kafka, execution_date=20250719T181419, start_date=20250719T181421, end_date=20250719T181423
[2025-07-19T18:14:23.806+0000] {local_task_job_runner.py:228} INFO - Task exited with return code 0
[2025-07-19T18:14:23.832+0000] {taskinstance.py:2778} INFO - 1 downstream tasks scheduled from follow-on schedule check
