[2025-07-18T18:25:05.551+0000] {taskinstance.py:1159} INFO - Dependencies all met for dep_context=non-requeueable deps ti=<TaskInstance: restaurant_pipeline.send_to_kafka scheduled__2025-07-18T18:22:00+00:00 [queued]>
[2025-07-18T18:25:05.555+0000] {taskinstance.py:1159} INFO - Dependencies all met for dep_context=requeueable deps ti=<TaskInstance: restaurant_pipeline.send_to_kafka scheduled__2025-07-18T18:22:00+00:00 [queued]>
[2025-07-18T18:25:05.556+0000] {taskinstance.py:1361} INFO - Starting attempt 1 of 1
[2025-07-18T18:25:05.562+0000] {taskinstance.py:1382} INFO - Executing <Task(BashOperator): send_to_kafka> on 2025-07-18 18:22:00+00:00
[2025-07-18T18:25:05.564+0000] {standard_task_runner.py:57} INFO - Started process 3263 to run task
[2025-07-18T18:25:05.565+0000] {standard_task_runner.py:84} INFO - Running: ['***', 'tasks', 'run', 'restaurant_pipeline', 'send_to_kafka', 'scheduled__2025-07-18T18:22:00+00:00', '--job-id', '365', '--raw', '--subdir', 'DAGS_FOLDER/restaurant_pipeline.py', '--cfg-path', '/tmp/tmp4tlu3qq2']
[2025-07-18T18:25:05.567+0000] {standard_task_runner.py:85} INFO - Job 365: Subtask send_to_kafka
[2025-07-18T18:25:05.592+0000] {task_command.py:416} INFO - Running <TaskInstance: restaurant_pipeline.send_to_kafka scheduled__2025-07-18T18:22:00+00:00 [running]> on host 9bcfb43e0ab7
[2025-07-18T18:25:05.629+0000] {taskinstance.py:1662} INFO - Exporting env vars: AIRFLOW_CTX_DAG_OWNER='moran' AIRFLOW_CTX_DAG_ID='restaurant_pipeline' AIRFLOW_CTX_TASK_ID='send_to_kafka' AIRFLOW_CTX_EXECUTION_DATE='2025-07-18T18:22:00+00:00' AIRFLOW_CTX_TRY_NUMBER='1' AIRFLOW_CTX_DAG_RUN_ID='scheduled__2025-07-18T18:22:00+00:00'
[2025-07-18T18:25:05.630+0000] {subprocess.py:63} INFO - Tmp dir root location: /tmp
[2025-07-18T18:25:05.630+0000] {subprocess.py:75} INFO - Running command: ['/bin/bash', '-c', 'python /opt/streaming/producer.py']
[2025-07-18T18:25:05.634+0000] {subprocess.py:86} INFO - Output:
[2025-07-18T18:25:07.914+0000] {subprocess.py:93} INFO - [✓] Sent to reservations: {'reservation_id': 5040, 'branch_id': 101, 'customer_name': 'Judy Hopkins', 'phone_number': '+1-985-305-0056x132', 'reservation_date': '2025-07-18', 'reservation_time': '18:41', 'guests_count': 7, 'is_confirmed': False}
[2025-07-18T18:25:07.931+0000] {subprocess.py:93} INFO - [✓] Sent to reservations: {'reservation_id': 4479, 'branch_id': 101, 'customer_name': 'Michael Castillo', 'phone_number': '(524)755-0091x29114', 'reservation_date': '2025-07-18', 'reservation_time': '20:24', 'guests_count': 7, 'is_confirmed': False}
[2025-07-18T18:25:07.934+0000] {subprocess.py:93} INFO - [✓] Sent to reservations: {'reservation_id': 5980, 'branch_id': 102, 'customer_name': 'John Diaz', 'phone_number': '+1-802-861-1420', 'reservation_date': '2025-07-18', 'reservation_time': '19:50', 'guests_count': 1, 'is_confirmed': False}
[2025-07-18T18:25:07.935+0000] {subprocess.py:93} INFO - [✓] Sent to checkins: {'checkin_id': 9488, 'customer_name': 'Joseph Tapia', 'phone_number': '(238)790-3534', 'branch_id': 102, 'table_id': 203, 'is_prebooked': False, 'checkin_date': '2025-07-18', 'checkin_time': '17:23', 'guests_count': 5, 'shift_manager': 'Melissa Oliver'}
[2025-07-18T18:25:07.935+0000] {subprocess.py:93} INFO - [✓] Sent to checkins: {'checkin_id': 5258, 'customer_name': 'Andre Bauer', 'phone_number': '001-694-669-2828', 'branch_id': 102, 'table_id': 202, 'is_prebooked': True, 'checkin_date': '2025-07-18', 'checkin_time': '16:25', 'guests_count': 3, 'shift_manager': 'Mr. Angel Simpson'}
[2025-07-18T18:25:07.935+0000] {subprocess.py:93} INFO - [✓] Sent to checkins: {'checkin_id': 3157, 'customer_name': 'Cynthia Harris', 'phone_number': '455.797.0346', 'branch_id': 102, 'table_id': 207, 'is_prebooked': False, 'checkin_date': '2025-07-18', 'checkin_time': '16:32', 'guests_count': 5, 'shift_manager': 'Daniel Sosa'}
[2025-07-18T18:25:07.935+0000] {subprocess.py:93} INFO - [✓] Sent to feedback: {'feedback_id': 8084, 'branch_id': 101, 'customer_name': 'Danielle Sanchez', 'phone_number': '+1-996-969-9926x391', 'feedback_text': 'Leader father cover difficult argue analysis.', 'rating': 3, 'dining_date': '2025-07-18', 'dining_time': '17:54', 'submission_time': '2025-07-18T18:25:05'}
[2025-07-18T18:25:07.935+0000] {subprocess.py:93} INFO - [✓] Sent to feedback: {'feedback_id': 2449, 'branch_id': 101, 'customer_name': 'Kevin Fletcher', 'phone_number': '+1-224-920-1515x260', 'feedback_text': 'We exist good pressure sing wish.', 'rating': 4, 'dining_date': '2025-07-18', 'dining_time': '16:32', 'submission_time': '2025-07-18T18:25:05'}
[2025-07-18T18:25:07.936+0000] {subprocess.py:93} INFO - [✓] Sent to feedback: {'feedback_id': 8627, 'branch_id': 101, 'customer_name': 'John Rivera', 'phone_number': '+1-713-568-3850x968', 'feedback_text': 'Professor edge example decision deep only.', 'rating': 4, 'dining_date': '2025-07-18', 'dining_time': '16:34', 'submission_time': '2025-07-18T18:25:05'}
[2025-07-18T18:25:07.936+0000] {subprocess.py:93} INFO - ✅ All messages sent.
[2025-07-18T18:25:08.064+0000] {subprocess.py:97} INFO - Command exited with return code 0
[2025-07-18T18:25:08.118+0000] {taskinstance.py:1400} INFO - Marking task as SUCCESS. dag_id=restaurant_pipeline, task_id=send_to_kafka, execution_date=20250718T182200, start_date=20250718T182505, end_date=20250718T182508
[2025-07-18T18:25:08.167+0000] {local_task_job_runner.py:228} INFO - Task exited with return code 0
[2025-07-18T18:25:08.255+0000] {taskinstance.py:2778} INFO - 1 downstream tasks scheduled from follow-on schedule check
